timestamp,id,uuid,load,memoryUtil,memoryTotal,memoryUsed,memoryFree,driver,name,serial,display_mode,display_active
1702423083.672807,0,GPU-93ae0c7f-c327-aee3-adae-bc0d1dae71ea,0.15,0.3311349943006025,12282.0,7958.0,546.29,NVIDIA GeForce RTX 4070,[N/A],Enabled,Enabled
1702423084.669367,0,GPU-93ae0c7f-c327-aee3-adae-bc0d1dae71ea,0.15,0.3309721543722521,12282.0,7960.0,546.29,NVIDIA GeForce RTX 4070,[N/A],Enabled,Enabled
1702423085.66946,0,GPU-93ae0c7f-c327-aee3-adae-bc0d1dae71ea,0.15,0.3309721543722521,12282.0,7960.0,546.29,NVIDIA GeForce RTX 4070,[N/A],Enabled,Enabled
1702423086.669951,0,GPU-93ae0c7f-c327-aee3-adae-bc0d1dae71ea,0.15,0.33089073440807687,12282.0,7961.0,546.29,NVIDIA GeForce RTX 4070,[N/A],Enabled,Enabled
1702423087.669817,0,GPU-93ae0c7f-c327-aee3-adae-bc0d1dae71ea,0.15,0.33089073440807687,12282.0,7961.0,546.29,NVIDIA GeForce RTX 4070,[N/A],Enabled,Enabled
1702423088.669633,0,GPU-93ae0c7f-c327-aee3-adae-bc0d1dae71ea,0.15,0.3326819736199316,12282.0,7939.0,546.29,NVIDIA GeForce RTX 4070,[N/A],Enabled,Enabled
1702423089.669605,0,GPU-93ae0c7f-c327-aee3-adae-bc0d1dae71ea,0.15,0.3326819736199316,12282.0,7939.0,546.29,NVIDIA GeForce RTX 4070,[N/A],Enabled,Enabled
1702423090.669429,0,GPU-93ae0c7f-c327-aee3-adae-bc0d1dae71ea,0.15,0.3326819736199316,12282.0,7939.0,546.29,NVIDIA GeForce RTX 4070,[N/A],Enabled,Enabled
1702423091.669467,0,GPU-93ae0c7f-c327-aee3-adae-bc0d1dae71ea,0.15,0.3326819736199316,12282.0,7939.0,546.29,NVIDIA GeForce RTX 4070,[N/A],Enabled,Enabled
1702423092.669911,0,GPU-93ae0c7f-c327-aee3-adae-bc0d1dae71ea,0.14,0.33186777397817946,12282.0,7949.0,546.29,NVIDIA GeForce RTX 4070,[N/A],Enabled,Enabled
1702423093.669839,0,GPU-93ae0c7f-c327-aee3-adae-bc0d1dae71ea,0.13,0.33186777397817946,12282.0,7949.0,546.29,NVIDIA GeForce RTX 4070,[N/A],Enabled,Enabled
1702423094.670151,0,GPU-93ae0c7f-c327-aee3-adae-bc0d1dae71ea,0.15,0.33186777397817946,12282.0,7949.0,546.29,NVIDIA GeForce RTX 4070,[N/A],Enabled,Enabled
1702423095.669757,0,GPU-93ae0c7f-c327-aee3-adae-bc0d1dae71ea,0.14,0.33186777397817946,12282.0,7949.0,546.29,NVIDIA GeForce RTX 4070,[N/A],Enabled,Enabled
1702423096.66963,0,GPU-93ae0c7f-c327-aee3-adae-bc0d1dae71ea,0.15,0.33170493404982904,12282.0,7951.0,546.29,NVIDIA GeForce RTX 4070,[N/A],Enabled,Enabled
1702423097.669721,0,GPU-93ae0c7f-c327-aee3-adae-bc0d1dae71ea,0.15,0.3312978342289529,12282.0,7956.0,546.29,NVIDIA GeForce RTX 4070,[N/A],Enabled,Enabled
1702423098.669533,0,GPU-93ae0c7f-c327-aee3-adae-bc0d1dae71ea,0.15,0.3322748737990555,12282.0,7944.0,546.29,NVIDIA GeForce RTX 4070,[N/A],Enabled,Enabled
1702423099.669531,0,GPU-93ae0c7f-c327-aee3-adae-bc0d1dae71ea,0.14,0.341882429571731,12282.0,7826.0,546.29,NVIDIA GeForce RTX 4070,[N/A],Enabled,Enabled
1702423100.669935,0,GPU-93ae0c7f-c327-aee3-adae-bc0d1dae71ea,0.13,0.4340498290180752,12282.0,6694.0,546.29,NVIDIA GeForce RTX 4070,[N/A],Enabled,Enabled
1702423101.669136,0,GPU-93ae0c7f-c327-aee3-adae-bc0d1dae71ea,0.09,0.4022146230255659,12282.0,7085.0,546.29,NVIDIA GeForce RTX 4070,[N/A],Enabled,Enabled
1702423102.669625,0,GPU-93ae0c7f-c327-aee3-adae-bc0d1dae71ea,0.1,0.40302882266731804,12282.0,7075.0,546.29,NVIDIA GeForce RTX 4070,[N/A],Enabled,Enabled
1702423103.669798,0,GPU-93ae0c7f-c327-aee3-adae-bc0d1dae71ea,0.09,0.40302882266731804,12282.0,7075.0,546.29,NVIDIA GeForce RTX 4070,[N/A],Enabled,Enabled
1702423104.669651,0,GPU-93ae0c7f-c327-aee3-adae-bc0d1dae71ea,0.11,0.4943006025077349,12282.0,5954.0,546.29,NVIDIA GeForce RTX 4070,[N/A],Enabled,Enabled
1702423105.669885,0,GPU-93ae0c7f-c327-aee3-adae-bc0d1dae71ea,0.32,0.5176681322260218,12282.0,5667.0,546.29,NVIDIA GeForce RTX 4070,[N/A],Enabled,Enabled
1702423106.669542,0,GPU-93ae0c7f-c327-aee3-adae-bc0d1dae71ea,0.28,0.5176681322260218,12282.0,5667.0,546.29,NVIDIA GeForce RTX 4070,[N/A],Enabled,Enabled
1702423107.669837,0,GPU-93ae0c7f-c327-aee3-adae-bc0d1dae71ea,0.25,0.5133528741247354,12282.0,5720.0,546.29,NVIDIA GeForce RTX 4070,[N/A],Enabled,Enabled
1702423108.669629,0,GPU-93ae0c7f-c327-aee3-adae-bc0d1dae71ea,0.27,0.5174238723334962,12282.0,5670.0,546.29,NVIDIA GeForce RTX 4070,[N/A],Enabled,Enabled
1702423109.669624,0,GPU-93ae0c7f-c327-aee3-adae-bc0d1dae71ea,0.16,0.618873147695815,12282.0,4424.0,546.29,NVIDIA GeForce RTX 4070,[N/A],Enabled,Enabled
1702423110.66964,0,GPU-93ae0c7f-c327-aee3-adae-bc0d1dae71ea,0.27,0.5190522716170005,12282.0,5650.0,546.29,NVIDIA GeForce RTX 4070,[N/A],Enabled,Enabled
1702423111.669989,0,GPU-93ae0c7f-c327-aee3-adae-bc0d1dae71ea,0.29,0.5190522716170005,12282.0,5650.0,546.29,NVIDIA GeForce RTX 4070,[N/A],Enabled,Enabled
1702423112.670021,0,GPU-93ae0c7f-c327-aee3-adae-bc0d1dae71ea,0.26,0.5147370135157141,12282.0,5703.0,546.29,NVIDIA GeForce RTX 4070,[N/A],Enabled,Enabled
1702423113.669167,0,GPU-93ae0c7f-c327-aee3-adae-bc0d1dae71ea,0.29,0.5190522716170005,12282.0,5650.0,546.29,NVIDIA GeForce RTX 4070,[N/A],Enabled,Enabled
1702423114.669436,0,GPU-93ae0c7f-c327-aee3-adae-bc0d1dae71ea,0.29,0.5184823318677739,12282.0,5657.0,546.29,NVIDIA GeForce RTX 4070,[N/A],Enabled,Enabled
1702423115.669226,0,GPU-93ae0c7f-c327-aee3-adae-bc0d1dae71ea,0.29,0.5180752320468979,12282.0,5662.0,546.29,NVIDIA GeForce RTX 4070,[N/A],Enabled,Enabled
1702423116.669512,0,GPU-93ae0c7f-c327-aee3-adae-bc0d1dae71ea,0.27,0.5136785539814362,12282.0,5716.0,546.29,NVIDIA GeForce RTX 4070,[N/A],Enabled,Enabled
1702423117.669281,0,GPU-93ae0c7f-c327-aee3-adae-bc0d1dae71ea,0.29,0.5179123921185474,12282.0,5664.0,546.29,NVIDIA GeForce RTX 4070,[N/A],Enabled,Enabled
1702423118.670181,0,GPU-93ae0c7f-c327-aee3-adae-bc0d1dae71ea,0.28,0.5132714541605602,12282.0,5721.0,546.29,NVIDIA GeForce RTX 4070,[N/A],Enabled,Enabled
1702423119.669307,0,GPU-93ae0c7f-c327-aee3-adae-bc0d1dae71ea,0.3,0.5175052922976714,12282.0,5669.0,546.29,NVIDIA GeForce RTX 4070,[N/A],Enabled,Enabled
1702423120.669614,0,GPU-93ae0c7f-c327-aee3-adae-bc0d1dae71ea,0.27,0.5170981924767953,12282.0,5674.0,546.29,NVIDIA GeForce RTX 4070,[N/A],Enabled,Enabled
1702423121.66997,0,GPU-93ae0c7f-c327-aee3-adae-bc0d1dae71ea,0.2,0.5148184334798893,12282.0,5702.0,546.29,NVIDIA GeForce RTX 4070,[N/A],Enabled,Enabled
1702423122.669713,0,GPU-93ae0c7f-c327-aee3-adae-bc0d1dae71ea,0.35,0.5209249307930305,12282.0,5627.0,546.29,NVIDIA GeForce RTX 4070,[N/A],Enabled,Enabled
1702423123.670266,0,GPU-93ae0c7f-c327-aee3-adae-bc0d1dae71ea,0.4,0.5209249307930305,12282.0,5627.0,546.29,NVIDIA GeForce RTX 4070,[N/A],Enabled,Enabled
1702423124.669222,0,GPU-93ae0c7f-c327-aee3-adae-bc0d1dae71ea,0.38,0.5209249307930305,12282.0,5627.0,546.29,NVIDIA GeForce RTX 4070,[N/A],Enabled,Enabled
1702423125.669155,0,GPU-93ae0c7f-c327-aee3-adae-bc0d1dae71ea,0.4,0.5209249307930305,12282.0,5627.0,546.29,NVIDIA GeForce RTX 4070,[N/A],Enabled,Enabled
1702423126.669822,0,GPU-93ae0c7f-c327-aee3-adae-bc0d1dae71ea,0.38,0.5209249307930305,12282.0,5627.0,546.29,NVIDIA GeForce RTX 4070,[N/A],Enabled,Enabled
1702423127.669146,0,GPU-93ae0c7f-c327-aee3-adae-bc0d1dae71ea,0.38,0.5209249307930305,12282.0,5627.0,546.29,NVIDIA GeForce RTX 4070,[N/A],Enabled,Enabled
1702423128.669924,0,GPU-93ae0c7f-c327-aee3-adae-bc0d1dae71ea,0.36,0.5209249307930305,12282.0,5627.0,546.29,NVIDIA GeForce RTX 4070,[N/A],Enabled,Enabled
1702423129.66949,0,GPU-93ae0c7f-c327-aee3-adae-bc0d1dae71ea,0.39,0.5209249307930305,12282.0,5627.0,546.29,NVIDIA GeForce RTX 4070,[N/A],Enabled,Enabled
1702423130.669685,0,GPU-93ae0c7f-c327-aee3-adae-bc0d1dae71ea,0.39,0.5209249307930305,12282.0,5627.0,546.29,NVIDIA GeForce RTX 4070,[N/A],Enabled,Enabled
1702423131.669289,0,GPU-93ae0c7f-c327-aee3-adae-bc0d1dae71ea,0.41,0.5209249307930305,12282.0,5627.0,546.29,NVIDIA GeForce RTX 4070,[N/A],Enabled,Enabled
1702423132.669319,0,GPU-93ae0c7f-c327-aee3-adae-bc0d1dae71ea,0.39,0.5209249307930305,12282.0,5627.0,546.29,NVIDIA GeForce RTX 4070,[N/A],Enabled,Enabled
1702423133.669452,0,GPU-93ae0c7f-c327-aee3-adae-bc0d1dae71ea,0.39,0.5209249307930305,12282.0,5627.0,546.29,NVIDIA GeForce RTX 4070,[N/A],Enabled,Enabled
1702423134.669201,0,GPU-93ae0c7f-c327-aee3-adae-bc0d1dae71ea,0.37,0.5209249307930305,12282.0,5627.0,546.29,NVIDIA GeForce RTX 4070,[N/A],Enabled,Enabled
1702423135.669441,0,GPU-93ae0c7f-c327-aee3-adae-bc0d1dae71ea,0.41,0.5209249307930305,12282.0,5627.0,546.29,NVIDIA GeForce RTX 4070,[N/A],Enabled,Enabled
1702423136.669606,0,GPU-93ae0c7f-c327-aee3-adae-bc0d1dae71ea,0.36,0.5209249307930305,12282.0,5627.0,546.29,NVIDIA GeForce RTX 4070,[N/A],Enabled,Enabled
1702423137.669506,0,GPU-93ae0c7f-c327-aee3-adae-bc0d1dae71ea,0.41,0.5209249307930305,12282.0,5627.0,546.29,NVIDIA GeForce RTX 4070,[N/A],Enabled,Enabled
1702423138.669556,0,GPU-93ae0c7f-c327-aee3-adae-bc0d1dae71ea,0.42,0.5209249307930305,12282.0,5627.0,546.29,NVIDIA GeForce RTX 4070,[N/A],Enabled,Enabled
1702423139.669152,0,GPU-93ae0c7f-c327-aee3-adae-bc0d1dae71ea,0.41,0.5209249307930305,12282.0,5627.0,546.29,NVIDIA GeForce RTX 4070,[N/A],Enabled,Enabled
1702423140.669229,0,GPU-93ae0c7f-c327-aee3-adae-bc0d1dae71ea,0.37,0.5209249307930305,12282.0,5627.0,546.29,NVIDIA GeForce RTX 4070,[N/A],Enabled,Enabled
1702423141.669225,0,GPU-93ae0c7f-c327-aee3-adae-bc0d1dae71ea,0.39,0.5209249307930305,12282.0,5627.0,546.29,NVIDIA GeForce RTX 4070,[N/A],Enabled,Enabled
1702423142.669692,0,GPU-93ae0c7f-c327-aee3-adae-bc0d1dae71ea,0.41,0.5209249307930305,12282.0,5627.0,546.29,NVIDIA GeForce RTX 4070,[N/A],Enabled,Enabled
1702423143.669216,0,GPU-93ae0c7f-c327-aee3-adae-bc0d1dae71ea,0.41,0.5209249307930305,12282.0,5627.0,546.29,NVIDIA GeForce RTX 4070,[N/A],Enabled,Enabled
1702423144.669232,0,GPU-93ae0c7f-c327-aee3-adae-bc0d1dae71ea,0.38,0.5209249307930305,12282.0,5627.0,546.29,NVIDIA GeForce RTX 4070,[N/A],Enabled,Enabled
1702423145.669492,0,GPU-93ae0c7f-c327-aee3-adae-bc0d1dae71ea,0.41,0.5209249307930305,12282.0,5627.0,546.29,NVIDIA GeForce RTX 4070,[N/A],Enabled,Enabled
1702423146.669802,0,GPU-93ae0c7f-c327-aee3-adae-bc0d1dae71ea,0.44,0.5207620908646801,12282.0,5629.0,546.29,NVIDIA GeForce RTX 4070,[N/A],Enabled,Enabled
1702423147.669778,0,GPU-93ae0c7f-c327-aee3-adae-bc0d1dae71ea,0.39,0.5207620908646801,12282.0,5629.0,546.29,NVIDIA GeForce RTX 4070,[N/A],Enabled,Enabled
1702423148.669099,0,GPU-93ae0c7f-c327-aee3-adae-bc0d1dae71ea,0.39,0.5206806709005048,12282.0,5630.0,546.29,NVIDIA GeForce RTX 4070,[N/A],Enabled,Enabled
1702423149.669346,0,GPU-93ae0c7f-c327-aee3-adae-bc0d1dae71ea,0.46,0.5206806709005048,12282.0,5630.0,546.29,NVIDIA GeForce RTX 4070,[N/A],Enabled,Enabled
1702423150.669746,0,GPU-93ae0c7f-c327-aee3-adae-bc0d1dae71ea,0.45,0.5206806709005048,12282.0,5630.0,546.29,NVIDIA GeForce RTX 4070,[N/A],Enabled,Enabled
1702423151.670007,0,GPU-93ae0c7f-c327-aee3-adae-bc0d1dae71ea,0.39,0.5206806709005048,12282.0,5630.0,546.29,NVIDIA GeForce RTX 4070,[N/A],Enabled,Enabled
1702423152.669188,0,GPU-93ae0c7f-c327-aee3-adae-bc0d1dae71ea,0.38,0.5206806709005048,12282.0,5630.0,546.29,NVIDIA GeForce RTX 4070,[N/A],Enabled,Enabled
1702423153.669637,0,GPU-93ae0c7f-c327-aee3-adae-bc0d1dae71ea,0.38,0.5206806709005048,12282.0,5630.0,546.29,NVIDIA GeForce RTX 4070,[N/A],Enabled,Enabled
1702423154.669941,0,GPU-93ae0c7f-c327-aee3-adae-bc0d1dae71ea,0.38,0.5210877707213809,12282.0,5625.0,546.29,NVIDIA GeForce RTX 4070,[N/A],Enabled,Enabled
1702423155.669685,0,GPU-93ae0c7f-c327-aee3-adae-bc0d1dae71ea,0.41,0.5210877707213809,12282.0,5625.0,546.29,NVIDIA GeForce RTX 4070,[N/A],Enabled,Enabled
1702423156.669928,0,GPU-93ae0c7f-c327-aee3-adae-bc0d1dae71ea,0.41,0.5210877707213809,12282.0,5625.0,546.29,NVIDIA GeForce RTX 4070,[N/A],Enabled,Enabled
1702423157.66992,0,GPU-93ae0c7f-c327-aee3-adae-bc0d1dae71ea,0.36,0.5210877707213809,12282.0,5625.0,546.29,NVIDIA GeForce RTX 4070,[N/A],Enabled,Enabled
1702423158.669116,0,GPU-93ae0c7f-c327-aee3-adae-bc0d1dae71ea,0.37,0.5210877707213809,12282.0,5625.0,546.29,NVIDIA GeForce RTX 4070,[N/A],Enabled,Enabled
1702423159.669793,0,GPU-93ae0c7f-c327-aee3-adae-bc0d1dae71ea,0.39,0.5210877707213809,12282.0,5625.0,546.29,NVIDIA GeForce RTX 4070,[N/A],Enabled,Enabled
1702423160.669712,0,GPU-93ae0c7f-c327-aee3-adae-bc0d1dae71ea,0.37,0.5210877707213809,12282.0,5625.0,546.29,NVIDIA GeForce RTX 4070,[N/A],Enabled,Enabled
1702423161.669419,0,GPU-93ae0c7f-c327-aee3-adae-bc0d1dae71ea,0.4,0.5210877707213809,12282.0,5625.0,546.29,NVIDIA GeForce RTX 4070,[N/A],Enabled,Enabled
1702423162.669829,0,GPU-93ae0c7f-c327-aee3-adae-bc0d1dae71ea,0.38,0.5210063507572057,12282.0,5626.0,546.29,NVIDIA GeForce RTX 4070,[N/A],Enabled,Enabled
1702423163.669095,0,GPU-93ae0c7f-c327-aee3-adae-bc0d1dae71ea,0.41,0.5210063507572057,12282.0,5626.0,546.29,NVIDIA GeForce RTX 4070,[N/A],Enabled,Enabled
1702423164.670572,0,GPU-93ae0c7f-c327-aee3-adae-bc0d1dae71ea,0.41,0.5210063507572057,12282.0,5626.0,546.29,NVIDIA GeForce RTX 4070,[N/A],Enabled,Enabled
1702423165.669817,0,GPU-93ae0c7f-c327-aee3-adae-bc0d1dae71ea,0.38,0.5210063507572057,12282.0,5626.0,546.29,NVIDIA GeForce RTX 4070,[N/A],Enabled,Enabled
1702423166.669556,0,GPU-93ae0c7f-c327-aee3-adae-bc0d1dae71ea,0.39,0.5210063507572057,12282.0,5626.0,546.29,NVIDIA GeForce RTX 4070,[N/A],Enabled,Enabled
1702423167.66955,0,GPU-93ae0c7f-c327-aee3-adae-bc0d1dae71ea,0.38,0.5209249307930305,12282.0,5627.0,546.29,NVIDIA GeForce RTX 4070,[N/A],Enabled,Enabled
1702423168.669463,0,GPU-93ae0c7f-c327-aee3-adae-bc0d1dae71ea,0.4,0.5209249307930305,12282.0,5627.0,546.29,NVIDIA GeForce RTX 4070,[N/A],Enabled,Enabled
1702423169.669672,0,GPU-93ae0c7f-c327-aee3-adae-bc0d1dae71ea,0.4,0.5205178309721544,12282.0,5632.0,546.29,NVIDIA GeForce RTX 4070,[N/A],Enabled,Enabled
1702423170.669383,0,GPU-93ae0c7f-c327-aee3-adae-bc0d1dae71ea,0.38,0.5205178309721544,12282.0,5632.0,546.29,NVIDIA GeForce RTX 4070,[N/A],Enabled,Enabled
1702423171.669591,0,GPU-93ae0c7f-c327-aee3-adae-bc0d1dae71ea,0.37,0.5205178309721544,12282.0,5632.0,546.29,NVIDIA GeForce RTX 4070,[N/A],Enabled,Enabled
1702423172.669368,0,GPU-93ae0c7f-c327-aee3-adae-bc0d1dae71ea,0.39,0.5205178309721544,12282.0,5632.0,546.29,NVIDIA GeForce RTX 4070,[N/A],Enabled,Enabled
1702423173.669032,0,GPU-93ae0c7f-c327-aee3-adae-bc0d1dae71ea,0.37,0.5205178309721544,12282.0,5632.0,546.29,NVIDIA GeForce RTX 4070,[N/A],Enabled,Enabled
1702423174.669844,0,GPU-93ae0c7f-c327-aee3-adae-bc0d1dae71ea,0.4,0.5205178309721544,12282.0,5632.0,546.29,NVIDIA GeForce RTX 4070,[N/A],Enabled,Enabled
1702423175.669594,0,GPU-93ae0c7f-c327-aee3-adae-bc0d1dae71ea,0.42,0.5205178309721544,12282.0,5632.0,546.29,NVIDIA GeForce RTX 4070,[N/A],Enabled,Enabled
1702423176.669095,0,GPU-93ae0c7f-c327-aee3-adae-bc0d1dae71ea,0.49,0.5205178309721544,12282.0,5632.0,546.29,NVIDIA GeForce RTX 4070,[N/A],Enabled,Enabled
1702423177.668997,0,GPU-93ae0c7f-c327-aee3-adae-bc0d1dae71ea,0.39,0.5204364110079791,12282.0,5633.0,546.29,NVIDIA GeForce RTX 4070,[N/A],Enabled,Enabled
1702423178.66947,0,GPU-93ae0c7f-c327-aee3-adae-bc0d1dae71ea,0.38,0.5204364110079791,12282.0,5633.0,546.29,NVIDIA GeForce RTX 4070,[N/A],Enabled,Enabled
1702423179.669478,0,GPU-93ae0c7f-c327-aee3-adae-bc0d1dae71ea,0.38,0.5204364110079791,12282.0,5633.0,546.29,NVIDIA GeForce RTX 4070,[N/A],Enabled,Enabled
1702423180.669835,0,GPU-93ae0c7f-c327-aee3-adae-bc0d1dae71ea,0.41,0.5204364110079791,12282.0,5633.0,546.29,NVIDIA GeForce RTX 4070,[N/A],Enabled,Enabled
1702423181.66989,0,GPU-93ae0c7f-c327-aee3-adae-bc0d1dae71ea,0.41,0.5204364110079791,12282.0,5633.0,546.29,NVIDIA GeForce RTX 4070,[N/A],Enabled,Enabled
1702423182.669755,0,GPU-93ae0c7f-c327-aee3-adae-bc0d1dae71ea,0.39,0.5204364110079791,12282.0,5633.0,546.29,NVIDIA GeForce RTX 4070,[N/A],Enabled,Enabled
1702423183.669756,0,GPU-93ae0c7f-c327-aee3-adae-bc0d1dae71ea,0.38,0.5204364110079791,12282.0,5633.0,546.29,NVIDIA GeForce RTX 4070,[N/A],Enabled,Enabled
1702423184.669625,0,GPU-93ae0c7f-c327-aee3-adae-bc0d1dae71ea,0.39,0.5204364110079791,12282.0,5633.0,546.29,NVIDIA GeForce RTX 4070,[N/A],Enabled,Enabled
1702423185.668973,0,GPU-93ae0c7f-c327-aee3-adae-bc0d1dae71ea,0.4,0.5204364110079791,12282.0,5633.0,546.29,NVIDIA GeForce RTX 4070,[N/A],Enabled,Enabled
1702423186.669938,0,GPU-93ae0c7f-c327-aee3-adae-bc0d1dae71ea,0.42,0.5204364110079791,12282.0,5633.0,546.29,NVIDIA GeForce RTX 4070,[N/A],Enabled,Enabled
1702423187.669549,0,GPU-93ae0c7f-c327-aee3-adae-bc0d1dae71ea,0.38,0.5204364110079791,12282.0,5633.0,546.29,NVIDIA GeForce RTX 4070,[N/A],Enabled,Enabled
1702423188.669504,0,GPU-93ae0c7f-c327-aee3-adae-bc0d1dae71ea,0.36,0.5204364110079791,12282.0,5633.0,546.29,NVIDIA GeForce RTX 4070,[N/A],Enabled,Enabled
1702423189.669708,0,GPU-93ae0c7f-c327-aee3-adae-bc0d1dae71ea,0.4,0.5204364110079791,12282.0,5633.0,546.29,NVIDIA GeForce RTX 4070,[N/A],Enabled,Enabled
1702423190.669753,0,GPU-93ae0c7f-c327-aee3-adae-bc0d1dae71ea,0.43,0.5204364110079791,12282.0,5633.0,546.29,NVIDIA GeForce RTX 4070,[N/A],Enabled,Enabled
1702423191.669554,0,GPU-93ae0c7f-c327-aee3-adae-bc0d1dae71ea,0.39,0.5204364110079791,12282.0,5633.0,546.29,NVIDIA GeForce RTX 4070,[N/A],Enabled,Enabled
1702423192.669203,0,GPU-93ae0c7f-c327-aee3-adae-bc0d1dae71ea,0.43,0.5204364110079791,12282.0,5633.0,546.29,NVIDIA GeForce RTX 4070,[N/A],Enabled,Enabled
1702423193.66924,0,GPU-93ae0c7f-c327-aee3-adae-bc0d1dae71ea,0.4,0.5204364110079791,12282.0,5633.0,546.29,NVIDIA GeForce RTX 4070,[N/A],Enabled,Enabled
1702423194.669214,0,GPU-93ae0c7f-c327-aee3-adae-bc0d1dae71ea,0.41,0.5204364110079791,12282.0,5633.0,546.29,NVIDIA GeForce RTX 4070,[N/A],Enabled,Enabled
1702423195.669937,0,GPU-93ae0c7f-c327-aee3-adae-bc0d1dae71ea,0.46,0.5204364110079791,12282.0,5633.0,546.29,NVIDIA GeForce RTX 4070,[N/A],Enabled,Enabled
1702423196.67027,0,GPU-93ae0c7f-c327-aee3-adae-bc0d1dae71ea,0.38,0.5204364110079791,12282.0,5633.0,546.29,NVIDIA GeForce RTX 4070,[N/A],Enabled,Enabled
1702423197.669758,0,GPU-93ae0c7f-c327-aee3-adae-bc0d1dae71ea,0.41,0.5204364110079791,12282.0,5633.0,546.29,NVIDIA GeForce RTX 4070,[N/A],Enabled,Enabled
1702423198.670253,0,GPU-93ae0c7f-c327-aee3-adae-bc0d1dae71ea,0.38,0.5204364110079791,12282.0,5633.0,546.29,NVIDIA GeForce RTX 4070,[N/A],Enabled,Enabled
1702423199.669869,0,GPU-93ae0c7f-c327-aee3-adae-bc0d1dae71ea,0.42,0.5204364110079791,12282.0,5633.0,546.29,NVIDIA GeForce RTX 4070,[N/A],Enabled,Enabled
1702423200.669397,0,GPU-93ae0c7f-c327-aee3-adae-bc0d1dae71ea,0.38,0.5204364110079791,12282.0,5633.0,546.29,NVIDIA GeForce RTX 4070,[N/A],Enabled,Enabled
1702423201.669447,0,GPU-93ae0c7f-c327-aee3-adae-bc0d1dae71ea,0.42,0.5204364110079791,12282.0,5633.0,546.29,NVIDIA GeForce RTX 4070,[N/A],Enabled,Enabled
1702423202.669861,0,GPU-93ae0c7f-c327-aee3-adae-bc0d1dae71ea,0.4,0.5204364110079791,12282.0,5633.0,546.29,NVIDIA GeForce RTX 4070,[N/A],Enabled,Enabled
1702423203.669586,0,GPU-93ae0c7f-c327-aee3-adae-bc0d1dae71ea,0.33,0.5204364110079791,12282.0,5633.0,546.29,NVIDIA GeForce RTX 4070,[N/A],Enabled,Enabled
1702423204.669787,0,GPU-93ae0c7f-c327-aee3-adae-bc0d1dae71ea,0.41,0.5204364110079791,12282.0,5633.0,546.29,NVIDIA GeForce RTX 4070,[N/A],Enabled,Enabled
1702423205.669869,0,GPU-93ae0c7f-c327-aee3-adae-bc0d1dae71ea,0.4,0.5204364110079791,12282.0,5633.0,546.29,NVIDIA GeForce RTX 4070,[N/A],Enabled,Enabled
1702423206.669261,0,GPU-93ae0c7f-c327-aee3-adae-bc0d1dae71ea,0.39,0.5204364110079791,12282.0,5633.0,546.29,NVIDIA GeForce RTX 4070,[N/A],Enabled,Enabled
1702423207.66944,0,GPU-93ae0c7f-c327-aee3-adae-bc0d1dae71ea,0.4,0.5204364110079791,12282.0,5633.0,546.29,NVIDIA GeForce RTX 4070,[N/A],Enabled,Enabled
1702423208.669792,0,GPU-93ae0c7f-c327-aee3-adae-bc0d1dae71ea,0.39,0.5204364110079791,12282.0,5633.0,546.29,NVIDIA GeForce RTX 4070,[N/A],Enabled,Enabled
1702423209.669125,0,GPU-93ae0c7f-c327-aee3-adae-bc0d1dae71ea,0.4,0.5204364110079791,12282.0,5633.0,546.29,NVIDIA GeForce RTX 4070,[N/A],Enabled,Enabled
1702423210.669494,0,GPU-93ae0c7f-c327-aee3-adae-bc0d1dae71ea,0.34,0.5204364110079791,12282.0,5633.0,546.29,NVIDIA GeForce RTX 4070,[N/A],Enabled,Enabled
1702423211.669931,0,GPU-93ae0c7f-c327-aee3-adae-bc0d1dae71ea,0.42,0.5204364110079791,12282.0,5633.0,546.29,NVIDIA GeForce RTX 4070,[N/A],Enabled,Enabled
1702423212.669716,0,GPU-93ae0c7f-c327-aee3-adae-bc0d1dae71ea,0.37,0.5204364110079791,12282.0,5633.0,546.29,NVIDIA GeForce RTX 4070,[N/A],Enabled,Enabled
1702423213.668877,0,GPU-93ae0c7f-c327-aee3-adae-bc0d1dae71ea,0.4,0.5204364110079791,12282.0,5633.0,546.29,NVIDIA GeForce RTX 4070,[N/A],Enabled,Enabled
1702423214.669824,0,GPU-93ae0c7f-c327-aee3-adae-bc0d1dae71ea,0.39,0.5204364110079791,12282.0,5633.0,546.29,NVIDIA GeForce RTX 4070,[N/A],Enabled,Enabled
1702423215.670442,0,GPU-93ae0c7f-c327-aee3-adae-bc0d1dae71ea,0.42,0.5204364110079791,12282.0,5633.0,546.29,NVIDIA GeForce RTX 4070,[N/A],Enabled,Enabled
1702423216.669687,0,GPU-93ae0c7f-c327-aee3-adae-bc0d1dae71ea,0.39,0.5204364110079791,12282.0,5633.0,546.29,NVIDIA GeForce RTX 4070,[N/A],Enabled,Enabled
1702423217.669238,0,GPU-93ae0c7f-c327-aee3-adae-bc0d1dae71ea,0.42,0.5204364110079791,12282.0,5633.0,546.29,NVIDIA GeForce RTX 4070,[N/A],Enabled,Enabled
1702423218.668968,0,GPU-93ae0c7f-c327-aee3-adae-bc0d1dae71ea,0.37,0.5204364110079791,12282.0,5633.0,546.29,NVIDIA GeForce RTX 4070,[N/A],Enabled,Enabled
1702423219.670171,0,GPU-93ae0c7f-c327-aee3-adae-bc0d1dae71ea,0.42,0.5204364110079791,12282.0,5633.0,546.29,NVIDIA GeForce RTX 4070,[N/A],Enabled,Enabled
1702423220.66915,0,GPU-93ae0c7f-c327-aee3-adae-bc0d1dae71ea,0.39,0.5204364110079791,12282.0,5633.0,546.29,NVIDIA GeForce RTX 4070,[N/A],Enabled,Enabled
1702423221.67016,0,GPU-93ae0c7f-c327-aee3-adae-bc0d1dae71ea,0.39,0.5204364110079791,12282.0,5633.0,546.29,NVIDIA GeForce RTX 4070,[N/A],Enabled,Enabled
1702423222.669187,0,GPU-93ae0c7f-c327-aee3-adae-bc0d1dae71ea,0.39,0.5204364110079791,12282.0,5633.0,546.29,NVIDIA GeForce RTX 4070,[N/A],Enabled,Enabled
1702423223.669588,0,GPU-93ae0c7f-c327-aee3-adae-bc0d1dae71ea,0.4,0.5204364110079791,12282.0,5633.0,546.29,NVIDIA GeForce RTX 4070,[N/A],Enabled,Enabled
1702423224.669908,0,GPU-93ae0c7f-c327-aee3-adae-bc0d1dae71ea,0.4,0.5204364110079791,12282.0,5633.0,546.29,NVIDIA GeForce RTX 4070,[N/A],Enabled,Enabled
1702423225.669909,0,GPU-93ae0c7f-c327-aee3-adae-bc0d1dae71ea,0.38,0.5204364110079791,12282.0,5633.0,546.29,NVIDIA GeForce RTX 4070,[N/A],Enabled,Enabled
1702423226.670472,0,GPU-93ae0c7f-c327-aee3-adae-bc0d1dae71ea,0.4,0.5204364110079791,12282.0,5633.0,546.29,NVIDIA GeForce RTX 4070,[N/A],Enabled,Enabled
1702423227.669662,0,GPU-93ae0c7f-c327-aee3-adae-bc0d1dae71ea,0.44,0.5204364110079791,12282.0,5633.0,546.29,NVIDIA GeForce RTX 4070,[N/A],Enabled,Enabled
1702423228.669811,0,GPU-93ae0c7f-c327-aee3-adae-bc0d1dae71ea,0.44,0.5204364110079791,12282.0,5633.0,546.29,NVIDIA GeForce RTX 4070,[N/A],Enabled,Enabled
1702423229.669572,0,GPU-93ae0c7f-c327-aee3-adae-bc0d1dae71ea,0.38,0.5204364110079791,12282.0,5633.0,546.29,NVIDIA GeForce RTX 4070,[N/A],Enabled,Enabled
1702423230.669966,0,GPU-93ae0c7f-c327-aee3-adae-bc0d1dae71ea,0.37,0.5204364110079791,12282.0,5633.0,546.29,NVIDIA GeForce RTX 4070,[N/A],Enabled,Enabled
1702423231.669046,0,GPU-93ae0c7f-c327-aee3-adae-bc0d1dae71ea,0.38,0.5204364110079791,12282.0,5633.0,546.29,NVIDIA GeForce RTX 4070,[N/A],Enabled,Enabled
1702423232.669928,0,GPU-93ae0c7f-c327-aee3-adae-bc0d1dae71ea,0.38,0.5204364110079791,12282.0,5633.0,546.29,NVIDIA GeForce RTX 4070,[N/A],Enabled,Enabled
1702423233.669755,0,GPU-93ae0c7f-c327-aee3-adae-bc0d1dae71ea,0.39,0.5204364110079791,12282.0,5633.0,546.29,NVIDIA GeForce RTX 4070,[N/A],Enabled,Enabled
1702423234.66996,0,GPU-93ae0c7f-c327-aee3-adae-bc0d1dae71ea,0.41,0.5204364110079791,12282.0,5633.0,546.29,NVIDIA GeForce RTX 4070,[N/A],Enabled,Enabled
1702423235.669121,0,GPU-93ae0c7f-c327-aee3-adae-bc0d1dae71ea,0.4,0.5204364110079791,12282.0,5633.0,546.29,NVIDIA GeForce RTX 4070,[N/A],Enabled,Enabled
1702423236.669325,0,GPU-93ae0c7f-c327-aee3-adae-bc0d1dae71ea,0.4,0.5204364110079791,12282.0,5633.0,546.29,NVIDIA GeForce RTX 4070,[N/A],Enabled,Enabled
1702423237.669836,0,GPU-93ae0c7f-c327-aee3-adae-bc0d1dae71ea,0.4,0.5204364110079791,12282.0,5633.0,546.29,NVIDIA GeForce RTX 4070,[N/A],Enabled,Enabled
1702423238.669413,0,GPU-93ae0c7f-c327-aee3-adae-bc0d1dae71ea,0.39,0.5204364110079791,12282.0,5633.0,546.29,NVIDIA GeForce RTX 4070,[N/A],Enabled,Enabled
1702423239.669508,0,GPU-93ae0c7f-c327-aee3-adae-bc0d1dae71ea,0.44,0.5204364110079791,12282.0,5633.0,546.29,NVIDIA GeForce RTX 4070,[N/A],Enabled,Enabled
1702423240.669116,0,GPU-93ae0c7f-c327-aee3-adae-bc0d1dae71ea,0.43,0.5204364110079791,12282.0,5633.0,546.29,NVIDIA GeForce RTX 4070,[N/A],Enabled,Enabled
1702423241.669468,0,GPU-93ae0c7f-c327-aee3-adae-bc0d1dae71ea,0.37,0.5204364110079791,12282.0,5633.0,546.29,NVIDIA GeForce RTX 4070,[N/A],Enabled,Enabled
1702423242.670063,0,GPU-93ae0c7f-c327-aee3-adae-bc0d1dae71ea,0.35,0.5204364110079791,12282.0,5633.0,546.29,NVIDIA GeForce RTX 4070,[N/A],Enabled,Enabled
1702423243.670188,0,GPU-93ae0c7f-c327-aee3-adae-bc0d1dae71ea,0.41,0.5204364110079791,12282.0,5633.0,546.29,NVIDIA GeForce RTX 4070,[N/A],Enabled,Enabled
1702423244.670255,0,GPU-93ae0c7f-c327-aee3-adae-bc0d1dae71ea,0.38,0.5204364110079791,12282.0,5633.0,546.29,NVIDIA GeForce RTX 4070,[N/A],Enabled,Enabled
1702423245.669211,0,GPU-93ae0c7f-c327-aee3-adae-bc0d1dae71ea,0.46,0.5204364110079791,12282.0,5633.0,546.29,NVIDIA GeForce RTX 4070,[N/A],Enabled,Enabled
1702423246.670189,0,GPU-93ae0c7f-c327-aee3-adae-bc0d1dae71ea,0.41,0.5204364110079791,12282.0,5633.0,546.29,NVIDIA GeForce RTX 4070,[N/A],Enabled,Enabled
1702423247.669935,0,GPU-93ae0c7f-c327-aee3-adae-bc0d1dae71ea,0.4,0.5204364110079791,12282.0,5633.0,546.29,NVIDIA GeForce RTX 4070,[N/A],Enabled,Enabled
1702423248.669456,0,GPU-93ae0c7f-c327-aee3-adae-bc0d1dae71ea,0.38,0.5204364110079791,12282.0,5633.0,546.29,NVIDIA GeForce RTX 4070,[N/A],Enabled,Enabled
1702423249.670104,0,GPU-93ae0c7f-c327-aee3-adae-bc0d1dae71ea,0.44,0.5204364110079791,12282.0,5633.0,546.29,NVIDIA GeForce RTX 4070,[N/A],Enabled,Enabled
1702423250.669543,0,GPU-93ae0c7f-c327-aee3-adae-bc0d1dae71ea,0.38,0.5204364110079791,12282.0,5633.0,546.29,NVIDIA GeForce RTX 4070,[N/A],Enabled,Enabled
1702423251.669631,0,GPU-93ae0c7f-c327-aee3-adae-bc0d1dae71ea,0.41,0.5204364110079791,12282.0,5633.0,546.29,NVIDIA GeForce RTX 4070,[N/A],Enabled,Enabled
1702423252.669336,0,GPU-93ae0c7f-c327-aee3-adae-bc0d1dae71ea,0.39,0.5204364110079791,12282.0,5633.0,546.29,NVIDIA GeForce RTX 4070,[N/A],Enabled,Enabled
1702423253.670297,0,GPU-93ae0c7f-c327-aee3-adae-bc0d1dae71ea,0.42,0.5204364110079791,12282.0,5633.0,546.29,NVIDIA GeForce RTX 4070,[N/A],Enabled,Enabled
1702423254.6699,0,GPU-93ae0c7f-c327-aee3-adae-bc0d1dae71ea,0.42,0.5204364110079791,12282.0,5633.0,546.29,NVIDIA GeForce RTX 4070,[N/A],Enabled,Enabled
1702423255.670066,0,GPU-93ae0c7f-c327-aee3-adae-bc0d1dae71ea,0.42,0.5208435108288553,12282.0,5628.0,546.29,NVIDIA GeForce RTX 4070,[N/A],Enabled,Enabled
1702423256.670024,0,GPU-93ae0c7f-c327-aee3-adae-bc0d1dae71ea,0.36,0.5208435108288553,12282.0,5628.0,546.29,NVIDIA GeForce RTX 4070,[N/A],Enabled,Enabled
1702423257.669804,0,GPU-93ae0c7f-c327-aee3-adae-bc0d1dae71ea,0.42,0.5208435108288553,12282.0,5628.0,546.29,NVIDIA GeForce RTX 4070,[N/A],Enabled,Enabled
1702423258.669441,0,GPU-93ae0c7f-c327-aee3-adae-bc0d1dae71ea,0.37,0.5208435108288553,12282.0,5628.0,546.29,NVIDIA GeForce RTX 4070,[N/A],Enabled,Enabled
1702423259.66957,0,GPU-93ae0c7f-c327-aee3-adae-bc0d1dae71ea,0.4,0.5208435108288553,12282.0,5628.0,546.29,NVIDIA GeForce RTX 4070,[N/A],Enabled,Enabled
1702423260.669253,0,GPU-93ae0c7f-c327-aee3-adae-bc0d1dae71ea,0.4,0.5208435108288553,12282.0,5628.0,546.29,NVIDIA GeForce RTX 4070,[N/A],Enabled,Enabled
1702423261.669416,0,GPU-93ae0c7f-c327-aee3-adae-bc0d1dae71ea,0.43,0.5207620908646801,12282.0,5629.0,546.29,NVIDIA GeForce RTX 4070,[N/A],Enabled,Enabled
1702423262.670022,0,GPU-93ae0c7f-c327-aee3-adae-bc0d1dae71ea,0.36,0.5207620908646801,12282.0,5629.0,546.29,NVIDIA GeForce RTX 4070,[N/A],Enabled,Enabled
1702423263.670247,0,GPU-93ae0c7f-c327-aee3-adae-bc0d1dae71ea,0.35,0.5207620908646801,12282.0,5629.0,546.29,NVIDIA GeForce RTX 4070,[N/A],Enabled,Enabled
1702423264.669441,0,GPU-93ae0c7f-c327-aee3-adae-bc0d1dae71ea,0.39,0.5207620908646801,12282.0,5629.0,546.29,NVIDIA GeForce RTX 4070,[N/A],Enabled,Enabled
1702423265.669564,0,GPU-93ae0c7f-c327-aee3-adae-bc0d1dae71ea,0.35,0.5207620908646801,12282.0,5629.0,546.29,NVIDIA GeForce RTX 4070,[N/A],Enabled,Enabled
1702423266.670038,0,GPU-93ae0c7f-c327-aee3-adae-bc0d1dae71ea,0.38,0.5204364110079791,12282.0,5633.0,546.29,NVIDIA GeForce RTX 4070,[N/A],Enabled,Enabled
1702423267.669512,0,GPU-93ae0c7f-c327-aee3-adae-bc0d1dae71ea,0.41,0.5204364110079791,12282.0,5633.0,546.29,NVIDIA GeForce RTX 4070,[N/A],Enabled,Enabled
1702423268.669142,0,GPU-93ae0c7f-c327-aee3-adae-bc0d1dae71ea,0.35,0.5204364110079791,12282.0,5633.0,546.29,NVIDIA GeForce RTX 4070,[N/A],Enabled,Enabled
1702423269.669727,0,GPU-93ae0c7f-c327-aee3-adae-bc0d1dae71ea,0.34,0.5204364110079791,12282.0,5633.0,546.29,NVIDIA GeForce RTX 4070,[N/A],Enabled,Enabled
1702423270.670154,0,GPU-93ae0c7f-c327-aee3-adae-bc0d1dae71ea,0.38,0.5204364110079791,12282.0,5633.0,546.29,NVIDIA GeForce RTX 4070,[N/A],Enabled,Enabled
1702423271.669109,0,GPU-93ae0c7f-c327-aee3-adae-bc0d1dae71ea,0.39,0.5204364110079791,12282.0,5633.0,546.29,NVIDIA GeForce RTX 4070,[N/A],Enabled,Enabled
1702423272.669382,0,GPU-93ae0c7f-c327-aee3-adae-bc0d1dae71ea,0.37,0.5204364110079791,12282.0,5633.0,546.29,NVIDIA GeForce RTX 4070,[N/A],Enabled,Enabled
1702423273.669879,0,GPU-93ae0c7f-c327-aee3-adae-bc0d1dae71ea,0.4,0.5204364110079791,12282.0,5633.0,546.29,NVIDIA GeForce RTX 4070,[N/A],Enabled,Enabled
1702423274.669141,0,GPU-93ae0c7f-c327-aee3-adae-bc0d1dae71ea,0.37,0.5204364110079791,12282.0,5633.0,546.29,NVIDIA GeForce RTX 4070,[N/A],Enabled,Enabled
1702423275.669687,0,GPU-93ae0c7f-c327-aee3-adae-bc0d1dae71ea,0.4,0.5204364110079791,12282.0,5633.0,546.29,NVIDIA GeForce RTX 4070,[N/A],Enabled,Enabled
1702423276.669412,0,GPU-93ae0c7f-c327-aee3-adae-bc0d1dae71ea,0.38,0.5204364110079791,12282.0,5633.0,546.29,NVIDIA GeForce RTX 4070,[N/A],Enabled,Enabled
1702423277.669897,0,GPU-93ae0c7f-c327-aee3-adae-bc0d1dae71ea,0.36,0.5204364110079791,12282.0,5633.0,546.29,NVIDIA GeForce RTX 4070,[N/A],Enabled,Enabled
1702423278.669835,0,GPU-93ae0c7f-c327-aee3-adae-bc0d1dae71ea,0.42,0.5204364110079791,12282.0,5633.0,546.29,NVIDIA GeForce RTX 4070,[N/A],Enabled,Enabled
1702423279.669044,0,GPU-93ae0c7f-c327-aee3-adae-bc0d1dae71ea,0.36,0.5204364110079791,12282.0,5633.0,546.29,NVIDIA GeForce RTX 4070,[N/A],Enabled,Enabled
1702423280.669633,0,GPU-93ae0c7f-c327-aee3-adae-bc0d1dae71ea,0.36,0.5204364110079791,12282.0,5633.0,546.29,NVIDIA GeForce RTX 4070,[N/A],Enabled,Enabled
1702423281.669571,0,GPU-93ae0c7f-c327-aee3-adae-bc0d1dae71ea,0.48,0.5204364110079791,12282.0,5633.0,546.29,NVIDIA GeForce RTX 4070,[N/A],Enabled,Enabled
1702423282.67004,0,GPU-93ae0c7f-c327-aee3-adae-bc0d1dae71ea,0.42,0.5204364110079791,12282.0,5633.0,546.29,NVIDIA GeForce RTX 4070,[N/A],Enabled,Enabled
1702423283.67021,0,GPU-93ae0c7f-c327-aee3-adae-bc0d1dae71ea,0.47,0.5204364110079791,12282.0,5633.0,546.29,NVIDIA GeForce RTX 4070,[N/A],Enabled,Enabled
1702423284.670067,0,GPU-93ae0c7f-c327-aee3-adae-bc0d1dae71ea,0.45,0.5204364110079791,12282.0,5633.0,546.29,NVIDIA GeForce RTX 4070,[N/A],Enabled,Enabled
1702423285.669389,0,GPU-93ae0c7f-c327-aee3-adae-bc0d1dae71ea,0.46,0.5204364110079791,12282.0,5633.0,546.29,NVIDIA GeForce RTX 4070,[N/A],Enabled,Enabled
1702423286.669033,0,GPU-93ae0c7f-c327-aee3-adae-bc0d1dae71ea,0.36,0.5208435108288553,12282.0,5628.0,546.29,NVIDIA GeForce RTX 4070,[N/A],Enabled,Enabled
1702423287.669536,0,GPU-93ae0c7f-c327-aee3-adae-bc0d1dae71ea,0.44,0.5208435108288553,12282.0,5628.0,546.29,NVIDIA GeForce RTX 4070,[N/A],Enabled,Enabled
1702423288.669036,0,GPU-93ae0c7f-c327-aee3-adae-bc0d1dae71ea,0.41,0.5208435108288553,12282.0,5628.0,546.29,NVIDIA GeForce RTX 4070,[N/A],Enabled,Enabled
1702423289.669608,0,GPU-93ae0c7f-c327-aee3-adae-bc0d1dae71ea,0.41,0.5208435108288553,12282.0,5628.0,546.29,NVIDIA GeForce RTX 4070,[N/A],Enabled,Enabled
1702423290.669464,0,GPU-93ae0c7f-c327-aee3-adae-bc0d1dae71ea,0.38,0.5208435108288553,12282.0,5628.0,546.29,NVIDIA GeForce RTX 4070,[N/A],Enabled,Enabled
1702423291.66956,0,GPU-93ae0c7f-c327-aee3-adae-bc0d1dae71ea,0.4,0.5208435108288553,12282.0,5628.0,546.29,NVIDIA GeForce RTX 4070,[N/A],Enabled,Enabled
1702423292.669807,0,GPU-93ae0c7f-c327-aee3-adae-bc0d1dae71ea,0.38,0.5208435108288553,12282.0,5628.0,546.29,NVIDIA GeForce RTX 4070,[N/A],Enabled,Enabled
1702423293.669944,0,GPU-93ae0c7f-c327-aee3-adae-bc0d1dae71ea,0.46,0.5208435108288553,12282.0,5628.0,546.29,NVIDIA GeForce RTX 4070,[N/A],Enabled,Enabled
1702423294.669917,0,GPU-93ae0c7f-c327-aee3-adae-bc0d1dae71ea,0.45,0.5208435108288553,12282.0,5628.0,546.29,NVIDIA GeForce RTX 4070,[N/A],Enabled,Enabled
1702423295.669912,0,GPU-93ae0c7f-c327-aee3-adae-bc0d1dae71ea,0.39,0.5208435108288553,12282.0,5628.0,546.29,NVIDIA GeForce RTX 4070,[N/A],Enabled,Enabled
1702423296.669487,0,GPU-93ae0c7f-c327-aee3-adae-bc0d1dae71ea,0.37,0.5208435108288553,12282.0,5628.0,546.29,NVIDIA GeForce RTX 4070,[N/A],Enabled,Enabled
1702423297.66944,0,GPU-93ae0c7f-c327-aee3-adae-bc0d1dae71ea,0.4,0.5207620908646801,12282.0,5629.0,546.29,NVIDIA GeForce RTX 4070,[N/A],Enabled,Enabled
1702423298.669652,0,GPU-93ae0c7f-c327-aee3-adae-bc0d1dae71ea,0.38,0.5208435108288553,12282.0,5628.0,546.29,NVIDIA GeForce RTX 4070,[N/A],Enabled,Enabled
1702423299.669168,0,GPU-93ae0c7f-c327-aee3-adae-bc0d1dae71ea,0.42,0.5208435108288553,12282.0,5628.0,546.29,NVIDIA GeForce RTX 4070,[N/A],Enabled,Enabled
1702423300.67002,0,GPU-93ae0c7f-c327-aee3-adae-bc0d1dae71ea,0.4,0.5208435108288553,12282.0,5628.0,546.29,NVIDIA GeForce RTX 4070,[N/A],Enabled,Enabled
1702423301.669282,0,GPU-93ae0c7f-c327-aee3-adae-bc0d1dae71ea,0.41,0.5208435108288553,12282.0,5628.0,546.29,NVIDIA GeForce RTX 4070,[N/A],Enabled,Enabled
1702423302.669782,0,GPU-93ae0c7f-c327-aee3-adae-bc0d1dae71ea,0.41,0.5208435108288553,12282.0,5628.0,546.29,NVIDIA GeForce RTX 4070,[N/A],Enabled,Enabled
1702423303.669967,0,GPU-93ae0c7f-c327-aee3-adae-bc0d1dae71ea,0.4,0.5208435108288553,12282.0,5628.0,546.29,NVIDIA GeForce RTX 4070,[N/A],Enabled,Enabled
1702423304.669525,0,GPU-93ae0c7f-c327-aee3-adae-bc0d1dae71ea,0.37,0.5208435108288553,12282.0,5628.0,546.29,NVIDIA GeForce RTX 4070,[N/A],Enabled,Enabled
1702423305.669257,0,GPU-93ae0c7f-c327-aee3-adae-bc0d1dae71ea,0.42,0.5208435108288553,12282.0,5628.0,546.29,NVIDIA GeForce RTX 4070,[N/A],Enabled,Enabled
1702423306.66925,0,GPU-93ae0c7f-c327-aee3-adae-bc0d1dae71ea,0.39,0.5207620908646801,12282.0,5629.0,546.29,NVIDIA GeForce RTX 4070,[N/A],Enabled,Enabled
1702423307.669997,0,GPU-93ae0c7f-c327-aee3-adae-bc0d1dae71ea,0.41,0.5207620908646801,12282.0,5629.0,546.29,NVIDIA GeForce RTX 4070,[N/A],Enabled,Enabled
1702423308.669051,0,GPU-93ae0c7f-c327-aee3-adae-bc0d1dae71ea,0.35,0.5207620908646801,12282.0,5629.0,546.29,NVIDIA GeForce RTX 4070,[N/A],Enabled,Enabled
1702423309.669655,0,GPU-93ae0c7f-c327-aee3-adae-bc0d1dae71ea,0.38,0.5207620908646801,12282.0,5629.0,546.29,NVIDIA GeForce RTX 4070,[N/A],Enabled,Enabled
1702423310.669982,0,GPU-93ae0c7f-c327-aee3-adae-bc0d1dae71ea,0.36,0.5207620908646801,12282.0,5629.0,546.29,NVIDIA GeForce RTX 4070,[N/A],Enabled,Enabled
1702423311.669242,0,GPU-93ae0c7f-c327-aee3-adae-bc0d1dae71ea,0.37,0.5208435108288553,12282.0,5628.0,546.29,NVIDIA GeForce RTX 4070,[N/A],Enabled,Enabled
1702423312.670476,0,GPU-93ae0c7f-c327-aee3-adae-bc0d1dae71ea,0.24,0.5190522716170005,12282.0,5650.0,546.29,NVIDIA GeForce RTX 4070,[N/A],Enabled,Enabled
1702423313.669982,0,GPU-93ae0c7f-c327-aee3-adae-bc0d1dae71ea,0.29,0.5190522716170005,12282.0,5650.0,546.29,NVIDIA GeForce RTX 4070,[N/A],Enabled,Enabled
1702423314.669297,0,GPU-93ae0c7f-c327-aee3-adae-bc0d1dae71ea,0.26,0.5147370135157141,12282.0,5703.0,546.29,NVIDIA GeForce RTX 4070,[N/A],Enabled,Enabled
1702423315.670001,0,GPU-93ae0c7f-c327-aee3-adae-bc0d1dae71ea,0.27,0.5147370135157141,12282.0,5703.0,546.29,NVIDIA GeForce RTX 4070,[N/A],Enabled,Enabled
1702423316.669907,0,GPU-93ae0c7f-c327-aee3-adae-bc0d1dae71ea,0.26,0.5147370135157141,12282.0,5703.0,546.29,NVIDIA GeForce RTX 4070,[N/A],Enabled,Enabled
1702423317.66955,0,GPU-93ae0c7f-c327-aee3-adae-bc0d1dae71ea,0.26,0.5147370135157141,12282.0,5703.0,546.29,NVIDIA GeForce RTX 4070,[N/A],Enabled,Enabled
1702423318.670533,0,GPU-93ae0c7f-c327-aee3-adae-bc0d1dae71ea,0.26,0.5147370135157141,12282.0,5703.0,546.29,NVIDIA GeForce RTX 4070,[N/A],Enabled,Enabled
1702423319.669572,0,GPU-93ae0c7f-c327-aee3-adae-bc0d1dae71ea,0.27,0.5147370135157141,12282.0,5703.0,546.29,NVIDIA GeForce RTX 4070,[N/A],Enabled,Enabled
1702423320.670099,0,GPU-93ae0c7f-c327-aee3-adae-bc0d1dae71ea,0.29,0.5190522716170005,12282.0,5650.0,546.29,NVIDIA GeForce RTX 4070,[N/A],Enabled,Enabled
1702423321.669743,0,GPU-93ae0c7f-c327-aee3-adae-bc0d1dae71ea,0.25,0.5147370135157141,12282.0,5703.0,546.29,NVIDIA GeForce RTX 4070,[N/A],Enabled,Enabled
1702423322.66943,0,GPU-93ae0c7f-c327-aee3-adae-bc0d1dae71ea,0.25,0.5147370135157141,12282.0,5703.0,546.29,NVIDIA GeForce RTX 4070,[N/A],Enabled,Enabled
1702423323.669946,0,GPU-93ae0c7f-c327-aee3-adae-bc0d1dae71ea,0.26,0.5147370135157141,12282.0,5703.0,546.29,NVIDIA GeForce RTX 4070,[N/A],Enabled,Enabled
1702423324.669164,0,GPU-93ae0c7f-c327-aee3-adae-bc0d1dae71ea,0.26,0.5147370135157141,12282.0,5703.0,546.29,NVIDIA GeForce RTX 4070,[N/A],Enabled,Enabled
1702423325.669533,0,GPU-93ae0c7f-c327-aee3-adae-bc0d1dae71ea,0.26,0.5147370135157141,12282.0,5703.0,546.29,NVIDIA GeForce RTX 4070,[N/A],Enabled,Enabled
1702423326.66989,0,GPU-93ae0c7f-c327-aee3-adae-bc0d1dae71ea,0.25,0.5147370135157141,12282.0,5703.0,546.29,NVIDIA GeForce RTX 4070,[N/A],Enabled,Enabled
1702423327.669862,0,GPU-93ae0c7f-c327-aee3-adae-bc0d1dae71ea,0.26,0.5147370135157141,12282.0,5703.0,546.29,NVIDIA GeForce RTX 4070,[N/A],Enabled,Enabled
1702423328.669199,0,GPU-93ae0c7f-c327-aee3-adae-bc0d1dae71ea,0.26,0.5147370135157141,12282.0,5703.0,546.29,NVIDIA GeForce RTX 4070,[N/A],Enabled,Enabled
1702423329.670416,0,GPU-93ae0c7f-c327-aee3-adae-bc0d1dae71ea,0.14,0.3299136948379743,12282.0,7973.0,546.29,NVIDIA GeForce RTX 4070,[N/A],Enabled,Enabled
1702423330.67033,0,GPU-93ae0c7f-c327-aee3-adae-bc0d1dae71ea,0.18,0.3299136948379743,12282.0,7973.0,546.29,NVIDIA GeForce RTX 4070,[N/A],Enabled,Enabled
1702423331.669392,0,GPU-93ae0c7f-c327-aee3-adae-bc0d1dae71ea,0.16,0.33072789447972645,12282.0,7963.0,546.29,NVIDIA GeForce RTX 4070,[N/A],Enabled,Enabled
1702423332.668915,0,GPU-93ae0c7f-c327-aee3-adae-bc0d1dae71ea,0.15,0.33072789447972645,12282.0,7963.0,546.29,NVIDIA GeForce RTX 4070,[N/A],Enabled,Enabled
1702423333.669303,0,GPU-93ae0c7f-c327-aee3-adae-bc0d1dae71ea,0.16,0.3333333333333333,12282.0,7931.0,546.29,NVIDIA GeForce RTX 4070,[N/A],Enabled,Enabled
1702423334.669391,0,GPU-93ae0c7f-c327-aee3-adae-bc0d1dae71ea,0.16,0.3341475329750855,12282.0,7921.0,546.29,NVIDIA GeForce RTX 4070,[N/A],Enabled,Enabled
1702423335.669693,0,GPU-93ae0c7f-c327-aee3-adae-bc0d1dae71ea,0.16,0.3341475329750855,12282.0,7921.0,546.29,NVIDIA GeForce RTX 4070,[N/A],Enabled,Enabled
