timestamp,id,uuid,load,memoryUtil,memoryTotal,memoryUsed,memoryFree,driver,name,serial,display_mode,display_active
1701907660.046059,0,GPU-93ae0c7f-c327-aee3-adae-bc0d1dae71ea,0.09,0.34114964989415403,12282.0,7835.0,546.29,NVIDIA GeForce RTX 4070,[N/A],Enabled,Enabled
1701907661.042587,0,GPU-93ae0c7f-c327-aee3-adae-bc0d1dae71ea,0.1,0.34017261032405144,12282.0,7847.0,546.29,NVIDIA GeForce RTX 4070,[N/A],Enabled,Enabled
1701907662.041861,0,GPU-93ae0c7f-c327-aee3-adae-bc0d1dae71ea,0.1,0.34017261032405144,12282.0,7847.0,546.29,NVIDIA GeForce RTX 4070,[N/A],Enabled,Enabled
1701907663.042241,0,GPU-93ae0c7f-c327-aee3-adae-bc0d1dae71ea,0.31,0.4819247679531021,12282.0,6106.0,546.29,NVIDIA GeForce RTX 4070,[N/A],Enabled,Enabled
1701907664.041212,0,GPU-93ae0c7f-c327-aee3-adae-bc0d1dae71ea,0.31,0.45481191988275527,12282.0,6439.0,546.29,NVIDIA GeForce RTX 4070,[N/A],Enabled,Enabled
1701907665.041584,0,GPU-93ae0c7f-c327-aee3-adae-bc0d1dae71ea,0.29,0.45481191988275527,12282.0,6439.0,546.29,NVIDIA GeForce RTX 4070,[N/A],Enabled,Enabled
1701907666.041489,0,GPU-93ae0c7f-c327-aee3-adae-bc0d1dae71ea,0.26,0.4504152418172936,12282.0,6493.0,546.29,NVIDIA GeForce RTX 4070,[N/A],Enabled,Enabled
1701907667.042078,0,GPU-93ae0c7f-c327-aee3-adae-bc0d1dae71ea,0.26,0.4504966617814688,12282.0,6492.0,546.29,NVIDIA GeForce RTX 4070,[N/A],Enabled,Enabled
1701907668.042421,0,GPU-93ae0c7f-c327-aee3-adae-bc0d1dae71ea,0.26,0.555121315746621,12282.0,5207.0,546.29,NVIDIA GeForce RTX 4070,[N/A],Enabled,Enabled
1701907669.041425,0,GPU-93ae0c7f-c327-aee3-adae-bc0d1dae71ea,0.28,0.4561960592737339,12282.0,6422.0,546.29,NVIDIA GeForce RTX 4070,[N/A],Enabled,Enabled
1701907670.041491,0,GPU-93ae0c7f-c327-aee3-adae-bc0d1dae71ea,0.32,0.4561960592737339,12282.0,6422.0,546.29,NVIDIA GeForce RTX 4070,[N/A],Enabled,Enabled
1701907671.042007,0,GPU-93ae0c7f-c327-aee3-adae-bc0d1dae71ea,0.28,0.4561960592737339,12282.0,6422.0,546.29,NVIDIA GeForce RTX 4070,[N/A],Enabled,Enabled
1701907672.041932,0,GPU-93ae0c7f-c327-aee3-adae-bc0d1dae71ea,0.3,0.4561960592737339,12282.0,6422.0,546.29,NVIDIA GeForce RTX 4070,[N/A],Enabled,Enabled
1701907673.042532,0,GPU-93ae0c7f-c327-aee3-adae-bc0d1dae71ea,0.28,0.4561960592737339,12282.0,6422.0,546.29,NVIDIA GeForce RTX 4070,[N/A],Enabled,Enabled
1701907674.042019,0,GPU-93ae0c7f-c327-aee3-adae-bc0d1dae71ea,0.32,0.4562774792379091,12282.0,6421.0,546.29,NVIDIA GeForce RTX 4070,[N/A],Enabled,Enabled
1701907675.041879,0,GPU-93ae0c7f-c327-aee3-adae-bc0d1dae71ea,0.27,0.4519622211366227,12282.0,6474.0,546.29,NVIDIA GeForce RTX 4070,[N/A],Enabled,Enabled
1701907676.042181,0,GPU-93ae0c7f-c327-aee3-adae-bc0d1dae71ea,0.28,0.4561960592737339,12282.0,6422.0,546.29,NVIDIA GeForce RTX 4070,[N/A],Enabled,Enabled
1701907677.041728,0,GPU-93ae0c7f-c327-aee3-adae-bc0d1dae71ea,0.27,0.4519622211366227,12282.0,6474.0,546.29,NVIDIA GeForce RTX 4070,[N/A],Enabled,Enabled
1701907678.042653,0,GPU-93ae0c7f-c327-aee3-adae-bc0d1dae71ea,0.31,0.4562774792379091,12282.0,6421.0,546.29,NVIDIA GeForce RTX 4070,[N/A],Enabled,Enabled
1701907679.041262,0,GPU-93ae0c7f-c327-aee3-adae-bc0d1dae71ea,0.28,0.4519622211366227,12282.0,6474.0,546.29,NVIDIA GeForce RTX 4070,[N/A],Enabled,Enabled
1701907680.041088,0,GPU-93ae0c7f-c327-aee3-adae-bc0d1dae71ea,0.23,0.45367204038430226,12282.0,6453.0,546.29,NVIDIA GeForce RTX 4070,[N/A],Enabled,Enabled
1701907681.042688,0,GPU-93ae0c7f-c327-aee3-adae-bc0d1dae71ea,0.36,0.46002279758996906,12282.0,6375.0,546.29,NVIDIA GeForce RTX 4070,[N/A],Enabled,Enabled
1701907682.041714,0,GPU-93ae0c7f-c327-aee3-adae-bc0d1dae71ea,0.42,0.46002279758996906,12282.0,6375.0,546.29,NVIDIA GeForce RTX 4070,[N/A],Enabled,Enabled
1701907683.041981,0,GPU-93ae0c7f-c327-aee3-adae-bc0d1dae71ea,0.4,0.46002279758996906,12282.0,6375.0,546.29,NVIDIA GeForce RTX 4070,[N/A],Enabled,Enabled
1701907684.042125,0,GPU-93ae0c7f-c327-aee3-adae-bc0d1dae71ea,0.43,0.46002279758996906,12282.0,6375.0,546.29,NVIDIA GeForce RTX 4070,[N/A],Enabled,Enabled
1701907685.041524,0,GPU-93ae0c7f-c327-aee3-adae-bc0d1dae71ea,0.39,0.46002279758996906,12282.0,6375.0,546.29,NVIDIA GeForce RTX 4070,[N/A],Enabled,Enabled
1701907686.042075,0,GPU-93ae0c7f-c327-aee3-adae-bc0d1dae71ea,0.38,0.46002279758996906,12282.0,6375.0,546.29,NVIDIA GeForce RTX 4070,[N/A],Enabled,Enabled
1701907687.041585,0,GPU-93ae0c7f-c327-aee3-adae-bc0d1dae71ea,0.36,0.46002279758996906,12282.0,6375.0,546.29,NVIDIA GeForce RTX 4070,[N/A],Enabled,Enabled
1701907688.042311,0,GPU-93ae0c7f-c327-aee3-adae-bc0d1dae71ea,0.39,0.46002279758996906,12282.0,6375.0,546.29,NVIDIA GeForce RTX 4070,[N/A],Enabled,Enabled
1701907689.041425,0,GPU-93ae0c7f-c327-aee3-adae-bc0d1dae71ea,0.4,0.46002279758996906,12282.0,6375.0,546.29,NVIDIA GeForce RTX 4070,[N/A],Enabled,Enabled
1701907690.041509,0,GPU-93ae0c7f-c327-aee3-adae-bc0d1dae71ea,0.41,0.46002279758996906,12282.0,6375.0,546.29,NVIDIA GeForce RTX 4070,[N/A],Enabled,Enabled
1701907691.041794,0,GPU-93ae0c7f-c327-aee3-adae-bc0d1dae71ea,0.39,0.46002279758996906,12282.0,6375.0,546.29,NVIDIA GeForce RTX 4070,[N/A],Enabled,Enabled
1701907692.042363,0,GPU-93ae0c7f-c327-aee3-adae-bc0d1dae71ea,0.42,0.46002279758996906,12282.0,6375.0,546.29,NVIDIA GeForce RTX 4070,[N/A],Enabled,Enabled
1701907693.041203,0,GPU-93ae0c7f-c327-aee3-adae-bc0d1dae71ea,0.4,0.46002279758996906,12282.0,6375.0,546.29,NVIDIA GeForce RTX 4070,[N/A],Enabled,Enabled
1701907694.041434,0,GPU-93ae0c7f-c327-aee3-adae-bc0d1dae71ea,0.44,0.46002279758996906,12282.0,6375.0,546.29,NVIDIA GeForce RTX 4070,[N/A],Enabled,Enabled
1701907695.041913,0,GPU-93ae0c7f-c327-aee3-adae-bc0d1dae71ea,0.37,0.46002279758996906,12282.0,6375.0,546.29,NVIDIA GeForce RTX 4070,[N/A],Enabled,Enabled
1701907696.041821,0,GPU-93ae0c7f-c327-aee3-adae-bc0d1dae71ea,0.43,0.46002279758996906,12282.0,6375.0,546.29,NVIDIA GeForce RTX 4070,[N/A],Enabled,Enabled
1701907697.042973,0,GPU-93ae0c7f-c327-aee3-adae-bc0d1dae71ea,0.4,0.46002279758996906,12282.0,6375.0,546.29,NVIDIA GeForce RTX 4070,[N/A],Enabled,Enabled
1701907698.041604,0,GPU-93ae0c7f-c327-aee3-adae-bc0d1dae71ea,0.41,0.46002279758996906,12282.0,6375.0,546.29,NVIDIA GeForce RTX 4070,[N/A],Enabled,Enabled
1701907699.041574,0,GPU-93ae0c7f-c327-aee3-adae-bc0d1dae71ea,0.38,0.46002279758996906,12282.0,6375.0,546.29,NVIDIA GeForce RTX 4070,[N/A],Enabled,Enabled
1701907700.041621,0,GPU-93ae0c7f-c327-aee3-adae-bc0d1dae71ea,0.39,0.46002279758996906,12282.0,6375.0,546.29,NVIDIA GeForce RTX 4070,[N/A],Enabled,Enabled
1701907701.041427,0,GPU-93ae0c7f-c327-aee3-adae-bc0d1dae71ea,0.39,0.46002279758996906,12282.0,6375.0,546.29,NVIDIA GeForce RTX 4070,[N/A],Enabled,Enabled
1701907702.041842,0,GPU-93ae0c7f-c327-aee3-adae-bc0d1dae71ea,0.41,0.46002279758996906,12282.0,6375.0,546.29,NVIDIA GeForce RTX 4070,[N/A],Enabled,Enabled
1701907703.042101,0,GPU-93ae0c7f-c327-aee3-adae-bc0d1dae71ea,0.39,0.46002279758996906,12282.0,6375.0,546.29,NVIDIA GeForce RTX 4070,[N/A],Enabled,Enabled
1701907704.042079,0,GPU-93ae0c7f-c327-aee3-adae-bc0d1dae71ea,0.4,0.46002279758996906,12282.0,6375.0,546.29,NVIDIA GeForce RTX 4070,[N/A],Enabled,Enabled
1701907705.041226,0,GPU-93ae0c7f-c327-aee3-adae-bc0d1dae71ea,0.44,0.46002279758996906,12282.0,6375.0,546.29,NVIDIA GeForce RTX 4070,[N/A],Enabled,Enabled
1701907706.041987,0,GPU-93ae0c7f-c327-aee3-adae-bc0d1dae71ea,0.4,0.46002279758996906,12282.0,6375.0,546.29,NVIDIA GeForce RTX 4070,[N/A],Enabled,Enabled
1701907707.042398,0,GPU-93ae0c7f-c327-aee3-adae-bc0d1dae71ea,0.39,0.46002279758996906,12282.0,6375.0,546.29,NVIDIA GeForce RTX 4070,[N/A],Enabled,Enabled
1701907708.041594,0,GPU-93ae0c7f-c327-aee3-adae-bc0d1dae71ea,0.45,0.46002279758996906,12282.0,6375.0,546.29,NVIDIA GeForce RTX 4070,[N/A],Enabled,Enabled
1701907709.041349,0,GPU-93ae0c7f-c327-aee3-adae-bc0d1dae71ea,0.44,0.46002279758996906,12282.0,6375.0,546.29,NVIDIA GeForce RTX 4070,[N/A],Enabled,Enabled
1701907710.041847,0,GPU-93ae0c7f-c327-aee3-adae-bc0d1dae71ea,0.39,0.46002279758996906,12282.0,6375.0,546.29,NVIDIA GeForce RTX 4070,[N/A],Enabled,Enabled
1701907711.041681,0,GPU-93ae0c7f-c327-aee3-adae-bc0d1dae71ea,0.39,0.46002279758996906,12282.0,6375.0,546.29,NVIDIA GeForce RTX 4070,[N/A],Enabled,Enabled
1701907712.042106,0,GPU-93ae0c7f-c327-aee3-adae-bc0d1dae71ea,0.37,0.46002279758996906,12282.0,6375.0,546.29,NVIDIA GeForce RTX 4070,[N/A],Enabled,Enabled
1701907713.04274,0,GPU-93ae0c7f-c327-aee3-adae-bc0d1dae71ea,0.39,0.46002279758996906,12282.0,6375.0,546.29,NVIDIA GeForce RTX 4070,[N/A],Enabled,Enabled
1701907714.041827,0,GPU-93ae0c7f-c327-aee3-adae-bc0d1dae71ea,0.42,0.46002279758996906,12282.0,6375.0,546.29,NVIDIA GeForce RTX 4070,[N/A],Enabled,Enabled
1701907715.041351,0,GPU-93ae0c7f-c327-aee3-adae-bc0d1dae71ea,0.41,0.46002279758996906,12282.0,6375.0,546.29,NVIDIA GeForce RTX 4070,[N/A],Enabled,Enabled
1701907716.041806,0,GPU-93ae0c7f-c327-aee3-adae-bc0d1dae71ea,0.41,0.46002279758996906,12282.0,6375.0,546.29,NVIDIA GeForce RTX 4070,[N/A],Enabled,Enabled
1701907717.042037,0,GPU-93ae0c7f-c327-aee3-adae-bc0d1dae71ea,0.36,0.46002279758996906,12282.0,6375.0,546.29,NVIDIA GeForce RTX 4070,[N/A],Enabled,Enabled
1701907718.042277,0,GPU-93ae0c7f-c327-aee3-adae-bc0d1dae71ea,0.41,0.46002279758996906,12282.0,6375.0,546.29,NVIDIA GeForce RTX 4070,[N/A],Enabled,Enabled
1701907719.041674,0,GPU-93ae0c7f-c327-aee3-adae-bc0d1dae71ea,0.38,0.46002279758996906,12282.0,6375.0,546.29,NVIDIA GeForce RTX 4070,[N/A],Enabled,Enabled
1701907720.041772,0,GPU-93ae0c7f-c327-aee3-adae-bc0d1dae71ea,0.42,0.46002279758996906,12282.0,6375.0,546.29,NVIDIA GeForce RTX 4070,[N/A],Enabled,Enabled
1701907721.042196,0,GPU-93ae0c7f-c327-aee3-adae-bc0d1dae71ea,0.38,0.46002279758996906,12282.0,6375.0,546.29,NVIDIA GeForce RTX 4070,[N/A],Enabled,Enabled
1701907722.041863,0,GPU-93ae0c7f-c327-aee3-adae-bc0d1dae71ea,0.4,0.46002279758996906,12282.0,6375.0,546.29,NVIDIA GeForce RTX 4070,[N/A],Enabled,Enabled
1701907723.042212,0,GPU-93ae0c7f-c327-aee3-adae-bc0d1dae71ea,0.4,0.46002279758996906,12282.0,6375.0,546.29,NVIDIA GeForce RTX 4070,[N/A],Enabled,Enabled
1701907724.042009,0,GPU-93ae0c7f-c327-aee3-adae-bc0d1dae71ea,0.37,0.46002279758996906,12282.0,6375.0,546.29,NVIDIA GeForce RTX 4070,[N/A],Enabled,Enabled
1701907725.042022,0,GPU-93ae0c7f-c327-aee3-adae-bc0d1dae71ea,0.41,0.46002279758996906,12282.0,6375.0,546.29,NVIDIA GeForce RTX 4070,[N/A],Enabled,Enabled
1701907726.041559,0,GPU-93ae0c7f-c327-aee3-adae-bc0d1dae71ea,0.38,0.46002279758996906,12282.0,6375.0,546.29,NVIDIA GeForce RTX 4070,[N/A],Enabled,Enabled
1701907727.04214,0,GPU-93ae0c7f-c327-aee3-adae-bc0d1dae71ea,0.39,0.46002279758996906,12282.0,6375.0,546.29,NVIDIA GeForce RTX 4070,[N/A],Enabled,Enabled
1701907728.043048,0,GPU-93ae0c7f-c327-aee3-adae-bc0d1dae71ea,0.41,0.46002279758996906,12282.0,6375.0,546.29,NVIDIA GeForce RTX 4070,[N/A],Enabled,Enabled
1701907729.042455,0,GPU-93ae0c7f-c327-aee3-adae-bc0d1dae71ea,0.37,0.46002279758996906,12282.0,6375.0,546.29,NVIDIA GeForce RTX 4070,[N/A],Enabled,Enabled
1701907730.041724,0,GPU-93ae0c7f-c327-aee3-adae-bc0d1dae71ea,0.41,0.46002279758996906,12282.0,6375.0,546.29,NVIDIA GeForce RTX 4070,[N/A],Enabled,Enabled
1701907731.04209,0,GPU-93ae0c7f-c327-aee3-adae-bc0d1dae71ea,0.4,0.46002279758996906,12282.0,6375.0,546.29,NVIDIA GeForce RTX 4070,[N/A],Enabled,Enabled
1701907732.041941,0,GPU-93ae0c7f-c327-aee3-adae-bc0d1dae71ea,0.38,0.46002279758996906,12282.0,6375.0,546.29,NVIDIA GeForce RTX 4070,[N/A],Enabled,Enabled
1701907733.04223,0,GPU-93ae0c7f-c327-aee3-adae-bc0d1dae71ea,0.39,0.46002279758996906,12282.0,6375.0,546.29,NVIDIA GeForce RTX 4070,[N/A],Enabled,Enabled
1701907734.042265,0,GPU-93ae0c7f-c327-aee3-adae-bc0d1dae71ea,0.43,0.46002279758996906,12282.0,6375.0,546.29,NVIDIA GeForce RTX 4070,[N/A],Enabled,Enabled
1701907735.041905,0,GPU-93ae0c7f-c327-aee3-adae-bc0d1dae71ea,0.45,0.46002279758996906,12282.0,6375.0,546.29,NVIDIA GeForce RTX 4070,[N/A],Enabled,Enabled
1701907736.041805,0,GPU-93ae0c7f-c327-aee3-adae-bc0d1dae71ea,0.42,0.46002279758996906,12282.0,6375.0,546.29,NVIDIA GeForce RTX 4070,[N/A],Enabled,Enabled
1701907737.041546,0,GPU-93ae0c7f-c327-aee3-adae-bc0d1dae71ea,0.38,0.46002279758996906,12282.0,6375.0,546.29,NVIDIA GeForce RTX 4070,[N/A],Enabled,Enabled
1701907738.042692,0,GPU-93ae0c7f-c327-aee3-adae-bc0d1dae71ea,0.39,0.46002279758996906,12282.0,6375.0,546.29,NVIDIA GeForce RTX 4070,[N/A],Enabled,Enabled
1701907739.042469,0,GPU-93ae0c7f-c327-aee3-adae-bc0d1dae71ea,0.39,0.46002279758996906,12282.0,6375.0,546.29,NVIDIA GeForce RTX 4070,[N/A],Enabled,Enabled
1701907740.042524,0,GPU-93ae0c7f-c327-aee3-adae-bc0d1dae71ea,0.4,0.46002279758996906,12282.0,6375.0,546.29,NVIDIA GeForce RTX 4070,[N/A],Enabled,Enabled
1701907741.041874,0,GPU-93ae0c7f-c327-aee3-adae-bc0d1dae71ea,0.38,0.46002279758996906,12282.0,6375.0,546.29,NVIDIA GeForce RTX 4070,[N/A],Enabled,Enabled
1701907742.041891,0,GPU-93ae0c7f-c327-aee3-adae-bc0d1dae71ea,0.41,0.46002279758996906,12282.0,6375.0,546.29,NVIDIA GeForce RTX 4070,[N/A],Enabled,Enabled
1701907743.041463,0,GPU-93ae0c7f-c327-aee3-adae-bc0d1dae71ea,0.4,0.46002279758996906,12282.0,6375.0,546.29,NVIDIA GeForce RTX 4070,[N/A],Enabled,Enabled
1701907744.042583,0,GPU-93ae0c7f-c327-aee3-adae-bc0d1dae71ea,0.38,0.46002279758996906,12282.0,6375.0,546.29,NVIDIA GeForce RTX 4070,[N/A],Enabled,Enabled
1701907745.042651,0,GPU-93ae0c7f-c327-aee3-adae-bc0d1dae71ea,0.44,0.46002279758996906,12282.0,6375.0,546.29,NVIDIA GeForce RTX 4070,[N/A],Enabled,Enabled
1701907746.041873,0,GPU-93ae0c7f-c327-aee3-adae-bc0d1dae71ea,0.39,0.46002279758996906,12282.0,6375.0,546.29,NVIDIA GeForce RTX 4070,[N/A],Enabled,Enabled
1701907747.041992,0,GPU-93ae0c7f-c327-aee3-adae-bc0d1dae71ea,0.38,0.46002279758996906,12282.0,6375.0,546.29,NVIDIA GeForce RTX 4070,[N/A],Enabled,Enabled
1701907748.042178,0,GPU-93ae0c7f-c327-aee3-adae-bc0d1dae71ea,0.42,0.46002279758996906,12282.0,6375.0,546.29,NVIDIA GeForce RTX 4070,[N/A],Enabled,Enabled
1701907749.042154,0,GPU-93ae0c7f-c327-aee3-adae-bc0d1dae71ea,0.44,0.46002279758996906,12282.0,6375.0,546.29,NVIDIA GeForce RTX 4070,[N/A],Enabled,Enabled
1701907750.042201,0,GPU-93ae0c7f-c327-aee3-adae-bc0d1dae71ea,0.42,0.46002279758996906,12282.0,6375.0,546.29,NVIDIA GeForce RTX 4070,[N/A],Enabled,Enabled
1701907751.041492,0,GPU-93ae0c7f-c327-aee3-adae-bc0d1dae71ea,0.45,0.46002279758996906,12282.0,6375.0,546.29,NVIDIA GeForce RTX 4070,[N/A],Enabled,Enabled
1701907752.042076,0,GPU-93ae0c7f-c327-aee3-adae-bc0d1dae71ea,0.42,0.46002279758996906,12282.0,6375.0,546.29,NVIDIA GeForce RTX 4070,[N/A],Enabled,Enabled
1701907753.041672,0,GPU-93ae0c7f-c327-aee3-adae-bc0d1dae71ea,0.4,0.46002279758996906,12282.0,6375.0,546.29,NVIDIA GeForce RTX 4070,[N/A],Enabled,Enabled
1701907754.041822,0,GPU-93ae0c7f-c327-aee3-adae-bc0d1dae71ea,0.46,0.46002279758996906,12282.0,6375.0,546.29,NVIDIA GeForce RTX 4070,[N/A],Enabled,Enabled
1701907755.041588,0,GPU-93ae0c7f-c327-aee3-adae-bc0d1dae71ea,0.38,0.46002279758996906,12282.0,6375.0,546.29,NVIDIA GeForce RTX 4070,[N/A],Enabled,Enabled
1701907756.041519,0,GPU-93ae0c7f-c327-aee3-adae-bc0d1dae71ea,0.41,0.46002279758996906,12282.0,6375.0,546.29,NVIDIA GeForce RTX 4070,[N/A],Enabled,Enabled
1701907757.041388,0,GPU-93ae0c7f-c327-aee3-adae-bc0d1dae71ea,0.4,0.46002279758996906,12282.0,6375.0,546.29,NVIDIA GeForce RTX 4070,[N/A],Enabled,Enabled
1701907758.042225,0,GPU-93ae0c7f-c327-aee3-adae-bc0d1dae71ea,0.4,0.46002279758996906,12282.0,6375.0,546.29,NVIDIA GeForce RTX 4070,[N/A],Enabled,Enabled
1701907759.042166,0,GPU-93ae0c7f-c327-aee3-adae-bc0d1dae71ea,0.4,0.46002279758996906,12282.0,6375.0,546.29,NVIDIA GeForce RTX 4070,[N/A],Enabled,Enabled
1701907760.042083,0,GPU-93ae0c7f-c327-aee3-adae-bc0d1dae71ea,0.42,0.46002279758996906,12282.0,6375.0,546.29,NVIDIA GeForce RTX 4070,[N/A],Enabled,Enabled
1701907761.041859,0,GPU-93ae0c7f-c327-aee3-adae-bc0d1dae71ea,0.42,0.46002279758996906,12282.0,6375.0,546.29,NVIDIA GeForce RTX 4070,[N/A],Enabled,Enabled
1701907762.041297,0,GPU-93ae0c7f-c327-aee3-adae-bc0d1dae71ea,0.4,0.46002279758996906,12282.0,6375.0,546.29,NVIDIA GeForce RTX 4070,[N/A],Enabled,Enabled
1701907763.041965,0,GPU-93ae0c7f-c327-aee3-adae-bc0d1dae71ea,0.39,0.46002279758996906,12282.0,6375.0,546.29,NVIDIA GeForce RTX 4070,[N/A],Enabled,Enabled
1701907764.04147,0,GPU-93ae0c7f-c327-aee3-adae-bc0d1dae71ea,0.41,0.46002279758996906,12282.0,6375.0,546.29,NVIDIA GeForce RTX 4070,[N/A],Enabled,Enabled
1701907765.0416,0,GPU-93ae0c7f-c327-aee3-adae-bc0d1dae71ea,0.39,0.46002279758996906,12282.0,6375.0,546.29,NVIDIA GeForce RTX 4070,[N/A],Enabled,Enabled
1701907766.042504,0,GPU-93ae0c7f-c327-aee3-adae-bc0d1dae71ea,0.42,0.46002279758996906,12282.0,6375.0,546.29,NVIDIA GeForce RTX 4070,[N/A],Enabled,Enabled
1701907767.042251,0,GPU-93ae0c7f-c327-aee3-adae-bc0d1dae71ea,0.41,0.46002279758996906,12282.0,6375.0,546.29,NVIDIA GeForce RTX 4070,[N/A],Enabled,Enabled
1701907768.042578,0,GPU-93ae0c7f-c327-aee3-adae-bc0d1dae71ea,0.4,0.46002279758996906,12282.0,6375.0,546.29,NVIDIA GeForce RTX 4070,[N/A],Enabled,Enabled
1701907769.042324,0,GPU-93ae0c7f-c327-aee3-adae-bc0d1dae71ea,0.35,0.46002279758996906,12282.0,6375.0,546.29,NVIDIA GeForce RTX 4070,[N/A],Enabled,Enabled
1701907770.041415,0,GPU-93ae0c7f-c327-aee3-adae-bc0d1dae71ea,0.39,0.46002279758996906,12282.0,6375.0,546.29,NVIDIA GeForce RTX 4070,[N/A],Enabled,Enabled
1701907771.04165,0,GPU-93ae0c7f-c327-aee3-adae-bc0d1dae71ea,0.38,0.46002279758996906,12282.0,6375.0,546.29,NVIDIA GeForce RTX 4070,[N/A],Enabled,Enabled
1701907772.042492,0,GPU-93ae0c7f-c327-aee3-adae-bc0d1dae71ea,0.43,0.46002279758996906,12282.0,6375.0,546.29,NVIDIA GeForce RTX 4070,[N/A],Enabled,Enabled
1701907773.042444,0,GPU-93ae0c7f-c327-aee3-adae-bc0d1dae71ea,0.4,0.46002279758996906,12282.0,6375.0,546.29,NVIDIA GeForce RTX 4070,[N/A],Enabled,Enabled
1701907774.041567,0,GPU-93ae0c7f-c327-aee3-adae-bc0d1dae71ea,0.41,0.46002279758996906,12282.0,6375.0,546.29,NVIDIA GeForce RTX 4070,[N/A],Enabled,Enabled
1701907775.041408,0,GPU-93ae0c7f-c327-aee3-adae-bc0d1dae71ea,0.39,0.46002279758996906,12282.0,6375.0,546.29,NVIDIA GeForce RTX 4070,[N/A],Enabled,Enabled
1701907776.042046,0,GPU-93ae0c7f-c327-aee3-adae-bc0d1dae71ea,0.44,0.46002279758996906,12282.0,6375.0,546.29,NVIDIA GeForce RTX 4070,[N/A],Enabled,Enabled
1701907777.042211,0,GPU-93ae0c7f-c327-aee3-adae-bc0d1dae71ea,0.41,0.46002279758996906,12282.0,6375.0,546.29,NVIDIA GeForce RTX 4070,[N/A],Enabled,Enabled
1701907778.041988,0,GPU-93ae0c7f-c327-aee3-adae-bc0d1dae71ea,0.44,0.46002279758996906,12282.0,6375.0,546.29,NVIDIA GeForce RTX 4070,[N/A],Enabled,Enabled
1701907779.041262,0,GPU-93ae0c7f-c327-aee3-adae-bc0d1dae71ea,0.39,0.46002279758996906,12282.0,6375.0,546.29,NVIDIA GeForce RTX 4070,[N/A],Enabled,Enabled
1701907780.042515,0,GPU-93ae0c7f-c327-aee3-adae-bc0d1dae71ea,0.37,0.46002279758996906,12282.0,6375.0,546.29,NVIDIA GeForce RTX 4070,[N/A],Enabled,Enabled
1701907781.042263,0,GPU-93ae0c7f-c327-aee3-adae-bc0d1dae71ea,0.41,0.46002279758996906,12282.0,6375.0,546.29,NVIDIA GeForce RTX 4070,[N/A],Enabled,Enabled
1701907782.042596,0,GPU-93ae0c7f-c327-aee3-adae-bc0d1dae71ea,0.4,0.46002279758996906,12282.0,6375.0,546.29,NVIDIA GeForce RTX 4070,[N/A],Enabled,Enabled
1701907783.04162,0,GPU-93ae0c7f-c327-aee3-adae-bc0d1dae71ea,0.41,0.46002279758996906,12282.0,6375.0,546.29,NVIDIA GeForce RTX 4070,[N/A],Enabled,Enabled
1701907784.041403,0,GPU-93ae0c7f-c327-aee3-adae-bc0d1dae71ea,0.36,0.46002279758996906,12282.0,6375.0,546.29,NVIDIA GeForce RTX 4070,[N/A],Enabled,Enabled
1701907785.041808,0,GPU-93ae0c7f-c327-aee3-adae-bc0d1dae71ea,0.38,0.46002279758996906,12282.0,6375.0,546.29,NVIDIA GeForce RTX 4070,[N/A],Enabled,Enabled
1701907786.04158,0,GPU-93ae0c7f-c327-aee3-adae-bc0d1dae71ea,0.45,0.46002279758996906,12282.0,6375.0,546.29,NVIDIA GeForce RTX 4070,[N/A],Enabled,Enabled
1701907787.042159,0,GPU-93ae0c7f-c327-aee3-adae-bc0d1dae71ea,0.46,0.46002279758996906,12282.0,6375.0,546.29,NVIDIA GeForce RTX 4070,[N/A],Enabled,Enabled
1701907788.041395,0,GPU-93ae0c7f-c327-aee3-adae-bc0d1dae71ea,0.4,0.46002279758996906,12282.0,6375.0,546.29,NVIDIA GeForce RTX 4070,[N/A],Enabled,Enabled
1701907789.041367,0,GPU-93ae0c7f-c327-aee3-adae-bc0d1dae71ea,0.37,0.46002279758996906,12282.0,6375.0,546.29,NVIDIA GeForce RTX 4070,[N/A],Enabled,Enabled
1701907790.041769,0,GPU-93ae0c7f-c327-aee3-adae-bc0d1dae71ea,0.39,0.46002279758996906,12282.0,6375.0,546.29,NVIDIA GeForce RTX 4070,[N/A],Enabled,Enabled
1701907791.042127,0,GPU-93ae0c7f-c327-aee3-adae-bc0d1dae71ea,0.37,0.46002279758996906,12282.0,6375.0,546.29,NVIDIA GeForce RTX 4070,[N/A],Enabled,Enabled
1701907792.041799,0,GPU-93ae0c7f-c327-aee3-adae-bc0d1dae71ea,0.4,0.46002279758996906,12282.0,6375.0,546.29,NVIDIA GeForce RTX 4070,[N/A],Enabled,Enabled
1701907793.041852,0,GPU-93ae0c7f-c327-aee3-adae-bc0d1dae71ea,0.39,0.46002279758996906,12282.0,6375.0,546.29,NVIDIA GeForce RTX 4070,[N/A],Enabled,Enabled
1701907794.042253,0,GPU-93ae0c7f-c327-aee3-adae-bc0d1dae71ea,0.41,0.46002279758996906,12282.0,6375.0,546.29,NVIDIA GeForce RTX 4070,[N/A],Enabled,Enabled
1701907795.041445,0,GPU-93ae0c7f-c327-aee3-adae-bc0d1dae71ea,0.4,0.46002279758996906,12282.0,6375.0,546.29,NVIDIA GeForce RTX 4070,[N/A],Enabled,Enabled
1701907796.042186,0,GPU-93ae0c7f-c327-aee3-adae-bc0d1dae71ea,0.41,0.46002279758996906,12282.0,6375.0,546.29,NVIDIA GeForce RTX 4070,[N/A],Enabled,Enabled
1701907797.042287,0,GPU-93ae0c7f-c327-aee3-adae-bc0d1dae71ea,0.41,0.46002279758996906,12282.0,6375.0,546.29,NVIDIA GeForce RTX 4070,[N/A],Enabled,Enabled
1701907798.041905,0,GPU-93ae0c7f-c327-aee3-adae-bc0d1dae71ea,0.45,0.46002279758996906,12282.0,6375.0,546.29,NVIDIA GeForce RTX 4070,[N/A],Enabled,Enabled
1701907799.041827,0,GPU-93ae0c7f-c327-aee3-adae-bc0d1dae71ea,0.42,0.46002279758996906,12282.0,6375.0,546.29,NVIDIA GeForce RTX 4070,[N/A],Enabled,Enabled
1701907800.041696,0,GPU-93ae0c7f-c327-aee3-adae-bc0d1dae71ea,0.39,0.46002279758996906,12282.0,6375.0,546.29,NVIDIA GeForce RTX 4070,[N/A],Enabled,Enabled
1701907801.041767,0,GPU-93ae0c7f-c327-aee3-adae-bc0d1dae71ea,0.38,0.46002279758996906,12282.0,6375.0,546.29,NVIDIA GeForce RTX 4070,[N/A],Enabled,Enabled
1701907802.041747,0,GPU-93ae0c7f-c327-aee3-adae-bc0d1dae71ea,0.44,0.46002279758996906,12282.0,6375.0,546.29,NVIDIA GeForce RTX 4070,[N/A],Enabled,Enabled
1701907803.041561,0,GPU-93ae0c7f-c327-aee3-adae-bc0d1dae71ea,0.39,0.46002279758996906,12282.0,6375.0,546.29,NVIDIA GeForce RTX 4070,[N/A],Enabled,Enabled
1701907804.041278,0,GPU-93ae0c7f-c327-aee3-adae-bc0d1dae71ea,0.45,0.46002279758996906,12282.0,6375.0,546.29,NVIDIA GeForce RTX 4070,[N/A],Enabled,Enabled
1701907805.041585,0,GPU-93ae0c7f-c327-aee3-adae-bc0d1dae71ea,0.42,0.46002279758996906,12282.0,6375.0,546.29,NVIDIA GeForce RTX 4070,[N/A],Enabled,Enabled
1701907806.042253,0,GPU-93ae0c7f-c327-aee3-adae-bc0d1dae71ea,0.37,0.46002279758996906,12282.0,6375.0,546.29,NVIDIA GeForce RTX 4070,[N/A],Enabled,Enabled
1701907807.041275,0,GPU-93ae0c7f-c327-aee3-adae-bc0d1dae71ea,0.4,0.46002279758996906,12282.0,6375.0,546.29,NVIDIA GeForce RTX 4070,[N/A],Enabled,Enabled
1701907808.042303,0,GPU-93ae0c7f-c327-aee3-adae-bc0d1dae71ea,0.46,0.46002279758996906,12282.0,6375.0,546.29,NVIDIA GeForce RTX 4070,[N/A],Enabled,Enabled
1701907809.041646,0,GPU-93ae0c7f-c327-aee3-adae-bc0d1dae71ea,0.4,0.46002279758996906,12282.0,6375.0,546.29,NVIDIA GeForce RTX 4070,[N/A],Enabled,Enabled
1701907810.041972,0,GPU-93ae0c7f-c327-aee3-adae-bc0d1dae71ea,0.4,0.46002279758996906,12282.0,6375.0,546.29,NVIDIA GeForce RTX 4070,[N/A],Enabled,Enabled
1701907811.041645,0,GPU-93ae0c7f-c327-aee3-adae-bc0d1dae71ea,0.4,0.46002279758996906,12282.0,6375.0,546.29,NVIDIA GeForce RTX 4070,[N/A],Enabled,Enabled
1701907812.042219,0,GPU-93ae0c7f-c327-aee3-adae-bc0d1dae71ea,0.45,0.46002279758996906,12282.0,6375.0,546.29,NVIDIA GeForce RTX 4070,[N/A],Enabled,Enabled
1701907813.041781,0,GPU-93ae0c7f-c327-aee3-adae-bc0d1dae71ea,0.42,0.46002279758996906,12282.0,6375.0,546.29,NVIDIA GeForce RTX 4070,[N/A],Enabled,Enabled
1701907814.041507,0,GPU-93ae0c7f-c327-aee3-adae-bc0d1dae71ea,0.43,0.46002279758996906,12282.0,6375.0,546.29,NVIDIA GeForce RTX 4070,[N/A],Enabled,Enabled
1701907815.042524,0,GPU-93ae0c7f-c327-aee3-adae-bc0d1dae71ea,0.38,0.46002279758996906,12282.0,6375.0,546.29,NVIDIA GeForce RTX 4070,[N/A],Enabled,Enabled
1701907816.042048,0,GPU-93ae0c7f-c327-aee3-adae-bc0d1dae71ea,0.4,0.46002279758996906,12282.0,6375.0,546.29,NVIDIA GeForce RTX 4070,[N/A],Enabled,Enabled
1701907817.041418,0,GPU-93ae0c7f-c327-aee3-adae-bc0d1dae71ea,0.38,0.46002279758996906,12282.0,6375.0,546.29,NVIDIA GeForce RTX 4070,[N/A],Enabled,Enabled
1701907818.042445,0,GPU-93ae0c7f-c327-aee3-adae-bc0d1dae71ea,0.44,0.46002279758996906,12282.0,6375.0,546.29,NVIDIA GeForce RTX 4070,[N/A],Enabled,Enabled
1701907819.041487,0,GPU-93ae0c7f-c327-aee3-adae-bc0d1dae71ea,0.4,0.46002279758996906,12282.0,6375.0,546.29,NVIDIA GeForce RTX 4070,[N/A],Enabled,Enabled
1701907820.041987,0,GPU-93ae0c7f-c327-aee3-adae-bc0d1dae71ea,0.43,0.46002279758996906,12282.0,6375.0,546.29,NVIDIA GeForce RTX 4070,[N/A],Enabled,Enabled
1701907821.04263,0,GPU-93ae0c7f-c327-aee3-adae-bc0d1dae71ea,0.38,0.46002279758996906,12282.0,6375.0,546.29,NVIDIA GeForce RTX 4070,[N/A],Enabled,Enabled
1701907822.042581,0,GPU-93ae0c7f-c327-aee3-adae-bc0d1dae71ea,0.39,0.46002279758996906,12282.0,6375.0,546.29,NVIDIA GeForce RTX 4070,[N/A],Enabled,Enabled
1701907823.041986,0,GPU-93ae0c7f-c327-aee3-adae-bc0d1dae71ea,0.37,0.46002279758996906,12282.0,6375.0,546.29,NVIDIA GeForce RTX 4070,[N/A],Enabled,Enabled
1701907824.041991,0,GPU-93ae0c7f-c327-aee3-adae-bc0d1dae71ea,0.37,0.46002279758996906,12282.0,6375.0,546.29,NVIDIA GeForce RTX 4070,[N/A],Enabled,Enabled
1701907825.04236,0,GPU-93ae0c7f-c327-aee3-adae-bc0d1dae71ea,0.37,0.46002279758996906,12282.0,6375.0,546.29,NVIDIA GeForce RTX 4070,[N/A],Enabled,Enabled
1701907826.042664,0,GPU-93ae0c7f-c327-aee3-adae-bc0d1dae71ea,0.42,0.46002279758996906,12282.0,6375.0,546.29,NVIDIA GeForce RTX 4070,[N/A],Enabled,Enabled
1701907827.041847,0,GPU-93ae0c7f-c327-aee3-adae-bc0d1dae71ea,0.35,0.46002279758996906,12282.0,6375.0,546.29,NVIDIA GeForce RTX 4070,[N/A],Enabled,Enabled
1701907828.041612,0,GPU-93ae0c7f-c327-aee3-adae-bc0d1dae71ea,0.38,0.46002279758996906,12282.0,6375.0,546.29,NVIDIA GeForce RTX 4070,[N/A],Enabled,Enabled
1701907829.041999,0,GPU-93ae0c7f-c327-aee3-adae-bc0d1dae71ea,0.41,0.46002279758996906,12282.0,6375.0,546.29,NVIDIA GeForce RTX 4070,[N/A],Enabled,Enabled
1701907830.041624,0,GPU-93ae0c7f-c327-aee3-adae-bc0d1dae71ea,0.36,0.46002279758996906,12282.0,6375.0,546.29,NVIDIA GeForce RTX 4070,[N/A],Enabled,Enabled
1701907831.042172,0,GPU-93ae0c7f-c327-aee3-adae-bc0d1dae71ea,0.36,0.46002279758996906,12282.0,6375.0,546.29,NVIDIA GeForce RTX 4070,[N/A],Enabled,Enabled
1701907832.042039,0,GPU-93ae0c7f-c327-aee3-adae-bc0d1dae71ea,0.41,0.46002279758996906,12282.0,6375.0,546.29,NVIDIA GeForce RTX 4070,[N/A],Enabled,Enabled
1701907833.041464,0,GPU-93ae0c7f-c327-aee3-adae-bc0d1dae71ea,0.41,0.46002279758996906,12282.0,6375.0,546.29,NVIDIA GeForce RTX 4070,[N/A],Enabled,Enabled
1701907834.041761,0,GPU-93ae0c7f-c327-aee3-adae-bc0d1dae71ea,0.39,0.46002279758996906,12282.0,6375.0,546.29,NVIDIA GeForce RTX 4070,[N/A],Enabled,Enabled
1701907835.041461,0,GPU-93ae0c7f-c327-aee3-adae-bc0d1dae71ea,0.37,0.46002279758996906,12282.0,6375.0,546.29,NVIDIA GeForce RTX 4070,[N/A],Enabled,Enabled
1701907836.04208,0,GPU-93ae0c7f-c327-aee3-adae-bc0d1dae71ea,0.37,0.46002279758996906,12282.0,6375.0,546.29,NVIDIA GeForce RTX 4070,[N/A],Enabled,Enabled
1701907837.041673,0,GPU-93ae0c7f-c327-aee3-adae-bc0d1dae71ea,0.42,0.46002279758996906,12282.0,6375.0,546.29,NVIDIA GeForce RTX 4070,[N/A],Enabled,Enabled
1701907838.041265,0,GPU-93ae0c7f-c327-aee3-adae-bc0d1dae71ea,0.42,0.46002279758996906,12282.0,6375.0,546.29,NVIDIA GeForce RTX 4070,[N/A],Enabled,Enabled
1701907839.041723,0,GPU-93ae0c7f-c327-aee3-adae-bc0d1dae71ea,0.39,0.46002279758996906,12282.0,6375.0,546.29,NVIDIA GeForce RTX 4070,[N/A],Enabled,Enabled
1701907840.04184,0,GPU-93ae0c7f-c327-aee3-adae-bc0d1dae71ea,0.5,0.46002279758996906,12282.0,6375.0,546.29,NVIDIA GeForce RTX 4070,[N/A],Enabled,Enabled
1701907841.04238,0,GPU-93ae0c7f-c327-aee3-adae-bc0d1dae71ea,0.41,0.46002279758996906,12282.0,6375.0,546.29,NVIDIA GeForce RTX 4070,[N/A],Enabled,Enabled
1701907842.041952,0,GPU-93ae0c7f-c327-aee3-adae-bc0d1dae71ea,0.47,0.46002279758996906,12282.0,6375.0,546.29,NVIDIA GeForce RTX 4070,[N/A],Enabled,Enabled
1701907843.042408,0,GPU-93ae0c7f-c327-aee3-adae-bc0d1dae71ea,0.44,0.46002279758996906,12282.0,6375.0,546.29,NVIDIA GeForce RTX 4070,[N/A],Enabled,Enabled
1701907844.041854,0,GPU-93ae0c7f-c327-aee3-adae-bc0d1dae71ea,0.5,0.46002279758996906,12282.0,6375.0,546.29,NVIDIA GeForce RTX 4070,[N/A],Enabled,Enabled
1701907845.04167,0,GPU-93ae0c7f-c327-aee3-adae-bc0d1dae71ea,0.37,0.46002279758996906,12282.0,6375.0,546.29,NVIDIA GeForce RTX 4070,[N/A],Enabled,Enabled
1701907846.041793,0,GPU-93ae0c7f-c327-aee3-adae-bc0d1dae71ea,0.43,0.46002279758996906,12282.0,6375.0,546.29,NVIDIA GeForce RTX 4070,[N/A],Enabled,Enabled
1701907847.042049,0,GPU-93ae0c7f-c327-aee3-adae-bc0d1dae71ea,0.4,0.46002279758996906,12282.0,6375.0,546.29,NVIDIA GeForce RTX 4070,[N/A],Enabled,Enabled
1701907848.041666,0,GPU-93ae0c7f-c327-aee3-adae-bc0d1dae71ea,0.44,0.46002279758996906,12282.0,6375.0,546.29,NVIDIA GeForce RTX 4070,[N/A],Enabled,Enabled
1701907849.042169,0,GPU-93ae0c7f-c327-aee3-adae-bc0d1dae71ea,0.4,0.46002279758996906,12282.0,6375.0,546.29,NVIDIA GeForce RTX 4070,[N/A],Enabled,Enabled
1701907850.041807,0,GPU-93ae0c7f-c327-aee3-adae-bc0d1dae71ea,0.43,0.46002279758996906,12282.0,6375.0,546.29,NVIDIA GeForce RTX 4070,[N/A],Enabled,Enabled
1701907851.04242,0,GPU-93ae0c7f-c327-aee3-adae-bc0d1dae71ea,0.38,0.46002279758996906,12282.0,6375.0,546.29,NVIDIA GeForce RTX 4070,[N/A],Enabled,Enabled
1701907852.042465,0,GPU-93ae0c7f-c327-aee3-adae-bc0d1dae71ea,0.45,0.46002279758996906,12282.0,6375.0,546.29,NVIDIA GeForce RTX 4070,[N/A],Enabled,Enabled
1701907853.042801,0,GPU-93ae0c7f-c327-aee3-adae-bc0d1dae71ea,0.45,0.46002279758996906,12282.0,6375.0,546.29,NVIDIA GeForce RTX 4070,[N/A],Enabled,Enabled
1701907854.042353,0,GPU-93ae0c7f-c327-aee3-adae-bc0d1dae71ea,0.38,0.46002279758996906,12282.0,6375.0,546.29,NVIDIA GeForce RTX 4070,[N/A],Enabled,Enabled
1701907855.042161,0,GPU-93ae0c7f-c327-aee3-adae-bc0d1dae71ea,0.38,0.46002279758996906,12282.0,6375.0,546.29,NVIDIA GeForce RTX 4070,[N/A],Enabled,Enabled
1701907856.042316,0,GPU-93ae0c7f-c327-aee3-adae-bc0d1dae71ea,0.42,0.46002279758996906,12282.0,6375.0,546.29,NVIDIA GeForce RTX 4070,[N/A],Enabled,Enabled
1701907857.042444,0,GPU-93ae0c7f-c327-aee3-adae-bc0d1dae71ea,0.39,0.46002279758996906,12282.0,6375.0,546.29,NVIDIA GeForce RTX 4070,[N/A],Enabled,Enabled
1701907858.041562,0,GPU-93ae0c7f-c327-aee3-adae-bc0d1dae71ea,0.43,0.46002279758996906,12282.0,6375.0,546.29,NVIDIA GeForce RTX 4070,[N/A],Enabled,Enabled
1701907859.041564,0,GPU-93ae0c7f-c327-aee3-adae-bc0d1dae71ea,0.45,0.46002279758996906,12282.0,6375.0,546.29,NVIDIA GeForce RTX 4070,[N/A],Enabled,Enabled
1701907860.041702,0,GPU-93ae0c7f-c327-aee3-adae-bc0d1dae71ea,0.43,0.46002279758996906,12282.0,6375.0,546.29,NVIDIA GeForce RTX 4070,[N/A],Enabled,Enabled
1701907861.042349,0,GPU-93ae0c7f-c327-aee3-adae-bc0d1dae71ea,0.39,0.46002279758996906,12282.0,6375.0,546.29,NVIDIA GeForce RTX 4070,[N/A],Enabled,Enabled
1701907862.041593,0,GPU-93ae0c7f-c327-aee3-adae-bc0d1dae71ea,0.43,0.46002279758996906,12282.0,6375.0,546.29,NVIDIA GeForce RTX 4070,[N/A],Enabled,Enabled
1701907863.04244,0,GPU-93ae0c7f-c327-aee3-adae-bc0d1dae71ea,0.37,0.46002279758996906,12282.0,6375.0,546.29,NVIDIA GeForce RTX 4070,[N/A],Enabled,Enabled
1701907864.042029,0,GPU-93ae0c7f-c327-aee3-adae-bc0d1dae71ea,0.42,0.46002279758996906,12282.0,6375.0,546.29,NVIDIA GeForce RTX 4070,[N/A],Enabled,Enabled
1701907865.042883,0,GPU-93ae0c7f-c327-aee3-adae-bc0d1dae71ea,0.41,0.46002279758996906,12282.0,6375.0,546.29,NVIDIA GeForce RTX 4070,[N/A],Enabled,Enabled
1701907866.042083,0,GPU-93ae0c7f-c327-aee3-adae-bc0d1dae71ea,0.42,0.46002279758996906,12282.0,6375.0,546.29,NVIDIA GeForce RTX 4070,[N/A],Enabled,Enabled
1701907867.041602,0,GPU-93ae0c7f-c327-aee3-adae-bc0d1dae71ea,0.37,0.46002279758996906,12282.0,6375.0,546.29,NVIDIA GeForce RTX 4070,[N/A],Enabled,Enabled
1701907868.042166,0,GPU-93ae0c7f-c327-aee3-adae-bc0d1dae71ea,0.38,0.46002279758996906,12282.0,6375.0,546.29,NVIDIA GeForce RTX 4070,[N/A],Enabled,Enabled
1701907869.041957,0,GPU-93ae0c7f-c327-aee3-adae-bc0d1dae71ea,0.39,0.46002279758996906,12282.0,6375.0,546.29,NVIDIA GeForce RTX 4070,[N/A],Enabled,Enabled
1701907870.042443,0,GPU-93ae0c7f-c327-aee3-adae-bc0d1dae71ea,0.4,0.46002279758996906,12282.0,6375.0,546.29,NVIDIA GeForce RTX 4070,[N/A],Enabled,Enabled
1701907871.04178,0,GPU-93ae0c7f-c327-aee3-adae-bc0d1dae71ea,0.29,0.45994137762579385,12282.0,6376.0,546.29,NVIDIA GeForce RTX 4070,[N/A],Enabled,Enabled
1701907872.042545,0,GPU-93ae0c7f-c327-aee3-adae-bc0d1dae71ea,0.29,0.4582315583781143,12282.0,6397.0,546.29,NVIDIA GeForce RTX 4070,[N/A],Enabled,Enabled
1701907873.042052,0,GPU-93ae0c7f-c327-aee3-adae-bc0d1dae71ea,0.29,0.4582315583781143,12282.0,6397.0,546.29,NVIDIA GeForce RTX 4070,[N/A],Enabled,Enabled
1701907874.042759,0,GPU-93ae0c7f-c327-aee3-adae-bc0d1dae71ea,0.28,0.4539163002768279,12282.0,6450.0,546.29,NVIDIA GeForce RTX 4070,[N/A],Enabled,Enabled
1701907875.042096,0,GPU-93ae0c7f-c327-aee3-adae-bc0d1dae71ea,0.28,0.4539163002768279,12282.0,6450.0,546.29,NVIDIA GeForce RTX 4070,[N/A],Enabled,Enabled
1701907876.04217,0,GPU-93ae0c7f-c327-aee3-adae-bc0d1dae71ea,0.27,0.4539163002768279,12282.0,6450.0,546.29,NVIDIA GeForce RTX 4070,[N/A],Enabled,Enabled
1701907877.041554,0,GPU-93ae0c7f-c327-aee3-adae-bc0d1dae71ea,0.27,0.4539163002768279,12282.0,6450.0,546.29,NVIDIA GeForce RTX 4070,[N/A],Enabled,Enabled
1701907878.042188,0,GPU-93ae0c7f-c327-aee3-adae-bc0d1dae71ea,0.28,0.4539163002768279,12282.0,6450.0,546.29,NVIDIA GeForce RTX 4070,[N/A],Enabled,Enabled
1701907879.042702,0,GPU-93ae0c7f-c327-aee3-adae-bc0d1dae71ea,0.31,0.4582315583781143,12282.0,6397.0,546.29,NVIDIA GeForce RTX 4070,[N/A],Enabled,Enabled
1701907880.041805,0,GPU-93ae0c7f-c327-aee3-adae-bc0d1dae71ea,0.27,0.4539163002768279,12282.0,6450.0,546.29,NVIDIA GeForce RTX 4070,[N/A],Enabled,Enabled
1701907881.042203,0,GPU-93ae0c7f-c327-aee3-adae-bc0d1dae71ea,0.26,0.4539163002768279,12282.0,6450.0,546.29,NVIDIA GeForce RTX 4070,[N/A],Enabled,Enabled
1701907882.0412,0,GPU-93ae0c7f-c327-aee3-adae-bc0d1dae71ea,0.26,0.4539163002768279,12282.0,6450.0,546.29,NVIDIA GeForce RTX 4070,[N/A],Enabled,Enabled
1701907883.04196,0,GPU-93ae0c7f-c327-aee3-adae-bc0d1dae71ea,0.16,0.4211854746783911,12282.0,6852.0,546.29,NVIDIA GeForce RTX 4070,[N/A],Enabled,Enabled
1701907884.041723,0,GPU-93ae0c7f-c327-aee3-adae-bc0d1dae71ea,0.18,0.2753623188405797,12282.0,8643.0,546.29,NVIDIA GeForce RTX 4070,[N/A],Enabled,Enabled
1701907885.04152,0,GPU-93ae0c7f-c327-aee3-adae-bc0d1dae71ea,0.16,0.27471095912717797,12282.0,8651.0,546.29,NVIDIA GeForce RTX 4070,[N/A],Enabled,Enabled
1701907886.042885,0,GPU-93ae0c7f-c327-aee3-adae-bc0d1dae71ea,0.16,0.27397817944960107,12282.0,8660.0,546.29,NVIDIA GeForce RTX 4070,[N/A],Enabled,Enabled
1701907887.04197,0,GPU-93ae0c7f-c327-aee3-adae-bc0d1dae71ea,0.17,0.2733268197361993,12282.0,8668.0,546.29,NVIDIA GeForce RTX 4070,[N/A],Enabled,Enabled
1701907888.041839,0,GPU-93ae0c7f-c327-aee3-adae-bc0d1dae71ea,0.17,0.2733268197361993,12282.0,8668.0,546.29,NVIDIA GeForce RTX 4070,[N/A],Enabled,Enabled
1701907889.04225,0,GPU-93ae0c7f-c327-aee3-adae-bc0d1dae71ea,0.16,0.2732453997720241,12282.0,8669.0,546.29,NVIDIA GeForce RTX 4070,[N/A],Enabled,Enabled
1701907890.041514,0,GPU-93ae0c7f-c327-aee3-adae-bc0d1dae71ea,0.16,0.2732453997720241,12282.0,8669.0,546.29,NVIDIA GeForce RTX 4070,[N/A],Enabled,Enabled
1701907891.042,0,GPU-93ae0c7f-c327-aee3-adae-bc0d1dae71ea,0.16,0.2732453997720241,12282.0,8669.0,546.29,NVIDIA GeForce RTX 4070,[N/A],Enabled,Enabled
1701907892.041496,0,GPU-93ae0c7f-c327-aee3-adae-bc0d1dae71ea,0.16,0.2737339195570754,12282.0,8663.0,546.29,NVIDIA GeForce RTX 4070,[N/A],Enabled,Enabled
1701907893.041235,0,GPU-93ae0c7f-c327-aee3-adae-bc0d1dae71ea,0.17,0.2737339195570754,12282.0,8663.0,546.29,NVIDIA GeForce RTX 4070,[N/A],Enabled,Enabled
1701907894.041947,0,GPU-93ae0c7f-c327-aee3-adae-bc0d1dae71ea,0.16,0.2737339195570754,12282.0,8663.0,546.29,NVIDIA GeForce RTX 4070,[N/A],Enabled,Enabled
