timestamp,net.bytes_sent.Bluetooth Network Connection,net.bytes_recv.Bluetooth Network Connection,net.packets_sent.Bluetooth Network Connection,net.packets_recv.Bluetooth Network Connection,net.errin.Bluetooth Network Connection,net.errout.Bluetooth Network Connection,net.dropin.Bluetooth Network Connection,net.dropout.Bluetooth Network Connection,net.bytes_sent.Ethernet,net.bytes_recv.Ethernet,net.packets_sent.Ethernet,net.packets_recv.Ethernet,net.errin.Ethernet,net.errout.Ethernet,net.dropin.Ethernet,net.dropout.Ethernet,net.bytes_sent.Local Area Connection* 10,net.bytes_recv.Local Area Connection* 10,net.packets_sent.Local Area Connection* 10,net.packets_recv.Local Area Connection* 10,net.errin.Local Area Connection* 10,net.errout.Local Area Connection* 10,net.dropin.Local Area Connection* 10,net.dropout.Local Area Connection* 10,net.bytes_sent.Local Area Connection* 9,net.bytes_recv.Local Area Connection* 9,net.packets_sent.Local Area Connection* 9,net.packets_recv.Local Area Connection* 9,net.errin.Local Area Connection* 9,net.errout.Local Area Connection* 9,net.dropin.Local Area Connection* 9,net.dropout.Local Area Connection* 9,net.bytes_sent.Loopback Pseudo-Interface 1,net.bytes_recv.Loopback Pseudo-Interface 1,net.packets_sent.Loopback Pseudo-Interface 1,net.packets_recv.Loopback Pseudo-Interface 1,net.errin.Loopback Pseudo-Interface 1,net.errout.Loopback Pseudo-Interface 1,net.dropin.Loopback Pseudo-Interface 1,net.dropout.Loopback Pseudo-Interface 1,net.bytes_sent.Wi-Fi,net.bytes_recv.Wi-Fi,net.packets_sent.Wi-Fi,net.packets_recv.Wi-Fi,net.errin.Wi-Fi,net.errout.Wi-Fi,net.dropin.Wi-Fi,net.dropout.Wi-Fi,disk.read_count.PhysicalDrive0,disk.read_bytes.PhysicalDrive0,disk.write_count.PhysicalDrive0,disk.write_bytes.PhysicalDrive0,cpu.dpc,cpu.idle,cpu.interrupt,cpu.system,cpu.user,cpu.percent,cpu.freq.current,cpu.freq.min,cpu.freq.max,cpu.ctx_switches,cpu.interrupts,cpu.soft_interrupts,cpu.syscalls
1702755635182.217,0,0,0,0,0,0,0,0,0,0,0,0,0,0,0,0,0,0,0,0,0,0,0,0,0,0,0,0,0,0,0,0,0,0,0,0,0,0,0,0,6311059916,694101844,1788002,1845218,0,0,0,0,207125,8501211648,50227,1362868736,40.984375,12944.53125,21.609375,174.171875,125.453125,0.0,4701.0,0.0,4701.0,73220451,41448248,0,248103011
1702755636182.4177,0,0,0,0,0,0,0,0,0,0,0,0,0,0,0,0,0,0,0,0,0,0,0,0,0,0,0,0,0,0,0,0,0,0,0,0,0,0,0,0,6313525138,694803467,1790520,1846953,0,0,0,0,207127,8501412352,50259,1363716608,41.03125,12956.40625,21.609375,174.28125,125.46875,1.4,4701.0,0.0,4701.0,73270711,41478167,0,248241480
1702755637172.6953,0,0,0,0,0,0,0,0,0,0,0,0,0,0,0,0,0,0,0,0,0,0,0,0,0,0,0,0,0,0,0,0,0,0,0,0,0,0,0,0,6315913667,695501828,1793030,1848814,0,0,0,0,207127,8501412352,50260,1363720704,41.0625,12968.15625,21.609375,174.4375,125.5625,2.3,4701.0,0.0,4701.0,73322897,41509025,0,248449872
1702755638193.0208,0,0,0,0,0,0,0,0,0,0,0,0,0,0,0,0,0,0,0,0,0,0,0,0,0,0,0,0,0,0,0,0,0,0,0,0,0,0,0,0,6318205788,696222648,1795571,1850640,0,0,0,0,207127,8501412352,50287,1364007424,41.0625,12980.25,21.609375,174.46875,125.625,0.8,4701.0,0.0,4701.0,73373586,41539276,0,248589420
1702755639180.757,0,0,0,0,0,0,0,0,0,0,0,0,0,0,0,0,0,0,0,0,0,0,0,0,0,0,0,0,0,0,0,0,0,0,0,0,0,0,0,0,6320549839,696900225,1797999,1852266,0,0,0,0,207127,8501412352,50306,1364199936,41.125,12991.875,21.640625,174.625,125.65625,2.4,4701.0,0.0,4701.0,73420414,41567476,0,248765789
1702755640182.7996,0,0,0,0,0,0,0,0,0,0,0,0,0,0,0,0,0,0,0,0,0,0,0,0,0,0,0,0,0,0,0,0,0,0,0,0,0,0,0,0,6322501225,697601774,1800132,1853995,0,0,0,0,207127,8501412352,50306,1364199936,41.125,13003.796875,21.65625,174.671875,125.6875,0.8,4701.0,0.0,4701.0,73469882,41597031,0,248902057
1702755641184.9924,0,0,0,0,0,0,0,0,0,0,0,0,0,0,0,0,0,0,0,0,0,0,0,0,0,0,0,0,0,0,0,0,0,0,0,0,0,0,0,0,6324832362,698306670,1802547,1855733,0,0,0,0,207131,8501494272,50326,1364564480,41.171875,13015.78125,21.671875,174.8125,125.71875,1.9,4701.0,0.0,4701.0,73520166,41626367,0,249097611
1702755642184.9375,0,0,0,0,0,0,0,0,0,0,0,0,0,0,0,0,0,0,0,0,0,0,0,0,0,0,0,0,0,0,0,0,0,0,0,0,0,0,0,0,6327308311,699015377,1805193,1857559,0,0,0,0,207133,8501527040,50361,1364908544,41.1875,13027.640625,21.71875,174.890625,125.765625,1.6,4701.0,0.0,4701.0,73572481,41656888,0,249245231
1702755643175.5054,0,0,0,0,0,0,0,0,0,0,0,0,0,0,0,0,0,0,0,0,0,0,0,0,0,0,0,0,0,0,0,0,0,0,0,0,0,0,0,0,6329768075,699705953,1807710,1859307,0,0,0,0,207134,8501543424,50379,1365080576,41.203125,13039.265625,21.765625,175.03125,125.859375,2.5,4701.0,0.0,4701.0,73620687,41685170,0,249422696
1702755644187.8313,0,0,0,0,0,0,0,0,0,0,0,0,0,0,0,0,0,0,0,0,0,0,0,0,0,0,0,0,0,0,0,0,0,0,0,0,0,0,0,0,6332356275,700424356,1810470,1861214,0,0,0,0,207134,8501543424,50379,1365080576,41.25,13051.265625,21.796875,175.203125,125.875,2.2,4701.0,0.0,4701.0,73669027,41713819,0,249543689
1702755645176.8452,0,0,0,0,0,0,0,0,0,0,0,0,0,0,0,0,0,0,0,0,0,0,0,0,0,0,0,0,0,0,0,0,0,0,0,0,0,0,0,0,6334831367,701114090,1813004,1862980,0,0,0,0,207135,8501559808,50488,1365842432,41.265625,13062.921875,21.8125,175.265625,125.96875,1.6,4701.0,0.0,4701.0,73716853,41742104,0,249720623
1702755646179.713,0,0,0,0,0,0,0,0,0,0,0,0,0,0,0,0,0,0,0,0,0,0,0,0,0,0,0,0,0,0,0,0,0,0,0,0,0,0,0,0,6337390799,701816851,1815640,1864839,0,0,0,0,207137,8501625344,50504,1366198784,41.296875,13074.78125,21.8125,175.359375,126.015625,1.4,4701.0,0.0,4701.0,73763033,41769639,0,249826072
1702755647182.762,0,0,0,0,0,0,0,0,0,0,0,0,0,0,0,0,0,0,0,0,0,0,0,0,0,0,0,0,0,0,0,0,0,0,0,0,0,0,0,0,6340042204,702506173,1818238,1866548,0,0,0,0,207137,8501625344,50513,1366268416,41.328125,13086.65625,21.828125,175.453125,126.046875,1.4,4701.0,0.0,4701.0,73809197,41797212,0,249993444
1702755648180.9077,0,0,0,0,0,0,0,0,0,0,0,0,0,0,0,0,0,0,0,0,0,0,0,0,0,0,0,0,0,0,0,0,0,0,0,0,0,0,0,0,6342679627,703179066,1820750,1868122,0,0,0,0,207137,8501625344,50513,1366268416,41.34375,13098.46875,21.875,175.59375,126.09375,2.1,4701.0,0.0,4701.0,73855037,41824274,0,250112416
1702755649172.3127,0,0,0,0,0,0,0,0,0,0,0,0,0,0,0,0,0,0,0,0,0,0,0,0,0,0,0,0,0,0,0,0,0,0,0,0,0,0,0,0,6344826457,703874453,1823008,1869739,0,0,0,0,207137,8501625344,50528,1366411776,41.359375,13110.296875,21.921875,175.703125,126.140625,1.8,4701.0,0.0,4701.0,73901520,41851576,0,250286402
1702755650193.0144,0,0,0,0,0,0,0,0,0,0,0,0,0,0,0,0,0,0,0,0,0,0,0,0,0,0,0,0,0,0,0,0,0,0,0,0,0,0,0,0,6347283883,704633863,1825627,1871554,0,0,0,0,207140,8501646336,50576,1367051264,41.390625,13121.953125,21.984375,175.9375,126.4375,5.1,4701.0,0.0,4701.0,73989537,41899397,0,250663612
1702755651184.0925,0,0,0,0,0,0,0,0,0,0,0,0,0,0,0,0,0,0,0,0,0,0,0,0,0,0,0,0,0,0,0,0,0,0,0,0,0,0,0,0,6349552835,705337244,1828116,1873349,0,0,0,0,207142,8501687296,50622,1367780352,41.5,13133.1875,22.0,176.1875,126.78125,6.0,4701.0,0.0,4701.0,74074543,41945895,0,251057627
1702755652185.8672,0,0,0,0,0,0,0,0,0,0,0,0,0,0,0,0,0,0,0,0,0,0,0,0,0,0,0,0,0,0,0,0,0,0,0,0,0,0,0,0,6350678342,706045352,1830122,1875200,0,0,0,0,207144,8501726208,50622,1367780352,41.5625,13144.921875,22.0,176.3125,127.0625,3.8,4701.0,0.0,4701.0,74138825,41982120,0,251230233
1702755653177.755,0,0,0,0,0,0,0,0,0,0,0,0,0,0,0,0,0,0,0,0,0,0,0,0,0,0,0,0,0,0,0,0,0,0,0,0,0,0,0,0,6352100929,706758250,1832356,1877034,0,0,0,0,207146,8501758976,50684,1369775104,41.609375,13156.625,22.0,176.421875,127.109375,1.7,4701.0,0.0,4701.0,74201417,42017042,0,251463397
1702755654191.1353,0,0,0,0,0,0,0,0,0,0,0,0,0,0,0,0,0,0,0,0,0,0,0,0,0,0,0,0,0,0,0,0,0,0,0,0,0,0,0,0,6353102178,707483496,1834388,1878841,0,0,0,0,207146,8501758976,50723,1370139648,41.609375,13168.6875,22.015625,176.484375,127.171875,1.2,4701.0,0.0,4701.0,74259212,42050092,0,251623664
1702755655187.9243,0,0,0,0,0,0,0,0,0,0,0,0,0,0,0,0,0,0,0,0,0,0,0,0,0,0,0,0,0,0,0,0,0,0,0,0,0,0,0,0,6354000870,708202710,1836433,1880864,0,0,0,0,207146,8501758976,50724,1370143744,41.640625,13180.40625,22.0625,176.671875,127.265625,3.0,4701.0,0.0,4701.0,74317256,42082707,0,251834861
1702755656192.6575,0,0,0,0,0,0,0,0,0,0,0,0,0,0,0,0,0,0,0,0,0,0,0,0,0,0,0,0,0,0,0,0,0,0,0,0,0,0,0,0,6355013178,708931859,1838567,1882916,0,0,0,0,207147,8501775360,50747,1370586112,41.71875,13191.71875,22.078125,176.859375,127.765625,6.5,4701.0,0.0,4701.0,74389004,42122121,0,252114732
1702755657185.947,0,0,0,0,0,0,0,0,0,0,0,0,0,0,0,0,0,0,0,0,0,0,0,0,0,0,0,0,0,0,0,0,0,0,0,0,0,0,0,0,6356848139,709659679,1841036,1884701,0,0,0,0,207149,8501808128,50790,1371061248,41.78125,13203.421875,22.125,177.109375,127.8125,3.4,4701.0,0.0,4701.0,74463245,42162714,0,252351978
1702755658192.7925,0,0,0,0,0,0,0,0,0,0,0,0,0,0,0,0,0,0,0,0,0,0,0,0,0,0,0,0,0,0,0,0,0,0,0,0,0,0,0,0,6359155996,710393944,1843551,1886496,0,0,0,0,207149,8501808128,50809,1371249664,41.828125,13215.25,22.125,177.21875,127.875,1.8,4701.0,0.0,4701.0,74529784,42199392,0,252529561
1702755659181.4343,0,0,0,0,0,0,0,0,0,0,0,0,0,0,0,0,0,0,0,0,0,0,0,0,0,0,0,0,0,0,0,0,0,0,0,0,0,0,0,0,6361077344,711112998,1845888,1888248,0,0,0,0,207150,8501840896,50809,1371249664,41.921875,13226.84375,22.125,177.390625,127.921875,2.6,4701.0,0.0,4701.0,74592729,42234247,0,252766243
1702755660184.3687,0,0,0,0,0,0,0,0,0,0,0,0,0,0,0,0,0,0,0,0,0,0,0,0,0,0,0,0,0,0,0,0,0,0,0,0,0,0,0,0,6362678259,711842942,1848353,1890172,0,0,0,0,207150,8501840896,50836,1371577344,41.953125,13238.8125,22.15625,177.5,127.984375,1.9,4701.0,0.0,4701.0,74660503,42271880,0,252922585
1702755661185.892,0,0,0,0,0,0,0,0,0,0,0,0,0,0,0,0,0,0,0,0,0,0,0,0,0,0,0,0,0,0,0,0,0,0,0,0,0,0,0,0,6364512052,712565877,1850840,1891978,0,0,0,0,207151,8501890048,50858,1371909120,42.015625,13250.4375,22.15625,177.6875,128.171875,3.6,4701.0,0.0,4701.0,74727978,42308905,0,253146104
1702755662187.7976,0,0,0,0,0,0,0,0,0,0,0,0,0,0,0,0,0,0,0,0,0,0,0,0,0,0,0,0,0,0,0,0,0,0,0,0,0,0,0,0,6366739823,713299041,1853231,1893826,0,0,0,0,207152,8501906432,50880,1372199936,42.046875,13262.28125,22.171875,177.8125,128.25,2.1,4701.0,0.0,4701.0,74796024,42346401,0,253339608
1702755663181.8984,0,0,0,0,0,0,0,0,0,0,0,0,0,0,0,0,0,0,0,0,0,0,0,0,0,0,0,0,0,0,0,0,0,0,0,0,0,0,0,0,6368666387,714022622,1855661,1895668,0,0,0,0,207152,8501906432,50880,1372199936,42.09375,13273.859375,22.1875,177.9375,128.359375,2.5,4701.0,0.0,4701.0,74868080,42385712,0,253586235
1702755664179.3875,0,0,0,0,0,0,0,0,0,0,0,0,0,0,0,0,0,0,0,0,0,0,0,0,0,0,0,0,0,0,0,0,0,0,0,0,0,0,0,0,6370218360,714743803,1858044,1897529,0,0,0,0,207152,8501906432,50900,1372429312,42.171875,13285.734375,22.1875,178.046875,128.375,1.7,4701.0,0.0,4701.0,74934623,42422347,0,253743700
1702755665186.8162,0,0,0,0,0,0,0,0,0,0,0,0,0,0,0,0,0,0,0,0,0,0,0,0,0,0,0,0,0,0,0,0,0,0,0,0,0,0,0,0,6371776994,715499840,1860715,1899544,0,0,0,0,207154,8501955584,50920,1372646400,42.265625,13297.65625,22.1875,178.234375,128.421875,2.7,4701.0,0.0,4701.0,75012712,42464435,0,254022702
1702755666190.7202,0,0,0,0,0,0,0,0,0,0,0,0,0,0,0,0,0,0,0,0,0,0,0,0,0,0,0,0,0,0,0,0,0,0,0,0,0,0,0,0,6373462680,716233081,1863296,1901535,0,0,0,0,207155,8501971968,50943,1373060096,42.3125,13309.609375,22.203125,178.3125,128.421875,1.2,4701.0,0.0,4701.0,75079937,42501588,0,254197047
1702755667181.271,0,0,0,0,0,0,0,0,0,0,0,0,0,0,0,0,0,0,0,0,0,0,0,0,0,0,0,0,0,0,0,0,0,0,0,0,0,0,0,0,6375163242,716933831,1865311,1903079,0,0,0,0,207155,8501971968,50944,1373064192,42.34375,13321.21875,22.25,178.4375,128.5,2.4,4701.0,0.0,4701.0,75143130,42536342,0,254414910
1702755668184.7812,0,0,0,0,0,0,0,0,0,0,0,0,0,0,0,0,0,0,0,0,0,0,0,0,0,0,0,0,0,0,0,0,0,0,0,0,0,0,0,0,6377615360,717664526,1868028,1904906,0,0,0,0,207156,8501988352,50973,1373338624,42.375,13333.234375,22.296875,178.515625,128.53125,1.5,4701.0,0.0,4701.0,75214821,42575101,0,254601295
1702755669174.034,0,0,0,0,0,0,0,0,0,0,0,0,0,0,0,0,0,0,0,0,0,0,0,0,0,0,0,0,0,0,0,0,0,0,0,0,0,0,0,0,6379497312,718385242,1870481,1906808,0,0,0,0,207156,8501988352,50987,1373420544,42.421875,13344.921875,22.34375,178.640625,128.59375,2.3,4701.0,0.0,4701.0,75280537,42611385,0,254804858
1702755670193.1116,0,0,0,0,0,0,0,0,0,0,0,0,0,0,0,0,0,0,0,0,0,0,0,0,0,0,0,0,0,0,0,0,0,0,0,0,0,0,0,0,6381842062,719131052,1873314,1908779,0,0,0,0,207156,8501988352,50987,1373420544,42.453125,13356.921875,22.375,178.765625,128.65625,2.0,4701.0,0.0,4701.0,75348484,42648904,0,254966342
1702755671181.1118,0,0,0,0,0,0,0,0,0,0,0,0,0,0,0,0,0,0,0,0,0,0,0,0,0,0,0,0,0,0,0,0,0,0,0,0,0,0,0,0,6384156857,719867771,1875995,1910749,0,0,0,0,207156,8501988352,51003,1373641728,42.484375,13368.578125,22.375,178.875,128.703125,1.6,4701.0,0.0,4701.0,75423951,42689790,0,255242618
1702755672182.6223,0,0,0,0,0,0,0,0,0,0,0,0,0,0,0,0,0,0,0,0,0,0,0,0,0,0,0,0,0,0,0,0,0,0,0,0,0,0,0,0,6386332376,720600292,1878580,1912600,0,0,0,0,207157,8502004736,51025,1373944832,42.53125,13380.4375,22.375,178.9375,128.78125,1.6,4701.0,0.0,4701.0,75493076,42727661,0,255406013
1702755673188.9285,0,0,0,0,0,0,0,0,0,0,0,0,0,0,0,0,0,0,0,0,0,0,0,0,0,0,0,0,0,0,0,0,0,0,0,0,0,0,0,0,6388371998,721339152,1881113,1914512,0,0,0,0,207157,8502004736,51047,1374247936,42.53125,13392.375,22.40625,179.109375,128.859375,2.3,4701.0,0.0,4701.0,75566099,42767517,0,255650355
1702755674190.9934,0,0,0,0,0,0,0,0,0,0,0,0,0,0,0,0,0,0,0,0,0,0,0,0,0,0,0,0,0,0,0,0,0,0,0,0,0,0,0,0,6389763094,722076336,1883450,1916438,0,0,0,0,207158,8502021120,51055,1374514176,42.5625,13404.140625,22.4375,179.203125,129.0,2.5,4701.0,0.0,4701.0,75647081,42810761,0,255872220
1702755675178.7527,0,0,0,0,0,0,0,0,0,0,0,0,0,0,0,0,0,0,0,0,0,0,0,0,0,0,0,0,0,0,0,0,0,0,0,0,0,0,0,0,6391387230,722765176,1885244,1918053,0,0,0,0,207158,8502021120,51089,1374854144,42.625,13415.734375,22.453125,179.34375,129.078125,2.5,4701.0,0.0,4701.0,75725483,42852755,0,256109734
1702755676183.1504,0,0,0,0,0,0,0,0,0,0,0,0,0,0,0,0,0,0,0,0,0,0,0,0,0,0,0,0,0,0,0,0,0,0,0,0,0,0,0,0,6393496071,723523522,1887690,1919914,0,0,0,0,207158,8502021120,51110,1375190016,42.671875,13427.484375,22.546875,179.53125,129.140625,3.2,4701.0,0.0,4701.0,75823484,42903432,0,256320041
1702755677186.9514,0,0,0,0,0,0,0,0,0,0,0,0,0,0,0,0,0,0,0,0,0,0,0,0,0,0,0,0,0,0,0,0,0,0,0,0,0,0,0,0,6396188882,724230663,1890143,1921711,0,0,0,0,207159,8502037504,51126,1375370240,42.703125,13439.484375,22.5625,179.640625,129.203125,1.8,4701.0,0.0,4701.0,75909405,42948922,0,256566199
1702755678190.8706,0,0,0,0,0,0,0,0,0,0,0,0,0,0,0,0,0,0,0,0,0,0,0,0,0,0,0,0,0,0,0,0,0,0,0,0,0,0,0,0,6398638773,724985825,1893063,1923696,0,0,0,0,207159,8502037504,51126,1375370240,42.75,13451.359375,22.609375,179.765625,129.21875,1.9,4701.0,0.0,4701.0,75996372,42995177,0,256737220
1702755679189.1675,0,0,0,0,0,0,0,0,0,0,0,0,0,0,0,0,0,0,0,0,0,0,0,0,0,0,0,0,0,0,0,0,0,0,0,0,0,0,0,0,6400872279,725714607,1895725,1925598,0,0,0,0,207159,8502037504,51143,1375566848,42.8125,13463.15625,22.640625,179.921875,129.265625,2.5,4701.0,0.0,4701.0,76089273,43044007,0,256977884
1702755680189.7725,0,0,0,0,0,0,0,0,0,0,0,0,0,0,0,0,0,0,0,0,0,0,0,0,0,0,0,0,0,0,0,0,0,0,0,0,0,0,0,0,6402533962,726465016,1898437,1927741,0,0,0,0,207159,8502037504,51160,1375910912,42.84375,13474.921875,22.65625,180.046875,129.375,2.3,4701.0,0.0,4701.0,76176391,43090312,0,257188242
1702755681182.0283,0,0,0,0,0,0,0,0,0,0,0,0,0,0,0,0,0,0,0,0,0,0,0,0,0,0,0,0,0,0,0,0,0,0,0,0,0,0,0,0,6404348102,727205947,1901054,1929793,0,0,0,0,207159,8502037504,51189,1376324608,42.875,13486.5625,22.703125,180.171875,129.421875,2.1,4701.0,0.0,4701.0,76261265,43135246,0,257438056
1702755682188.4714,0,0,0,0,0,0,0,0,0,0,0,0,0,0,0,0,0,0,0,0,0,0,0,0,0,0,0,0,0,0,0,0,0,0,0,0,0,0,0,0,6406351370,727945047,1903640,1931805,0,0,0,0,207159,8502037504,51189,1376324608,42.921875,13498.5,22.71875,180.296875,129.546875,2.6,4701.0,0.0,4701.0,76346514,43180895,0,257625040
1702755683192.1262,0,0,0,0,0,0,0,0,0,0,0,0,0,0,0,0,0,0,0,0,0,0,0,0,0,0,0,0,0,0,0,0,0,0,0,0,0,0,0,0,6408051950,728684502,1906139,1933794,0,0,0,0,207159,8502037504,51206,1376529408,42.9375,13510.234375,22.75,180.453125,129.640625,2.5,4701.0,0.0,4701.0,76431511,43226280,0,257886018
1702755684189.0251,0,0,0,0,0,0,0,0,0,0,0,0,0,0,0,0,0,0,0,0,0,0,0,0,0,0,0,0,0,0,0,0,0,0,0,0,0,0,0,0,6411001525,729417277,1909102,1935736,0,0,0,0,207159,8502037504,51232,1376848896,43.015625,13522.0,22.75,180.625,129.71875,2.7,4701.0,0.0,4701.0,76518985,43272881,0,258058226
1702755685192.132,0,0,0,0,0,0,0,0,0,0,0,0,0,0,0,0,0,0,0,0,0,0,0,0,0,0,0,0,0,0,0,0,0,0,0,0,0,0,0,0,6413543854,730152118,1911919,1937628,0,0,0,0,207159,8502037504,51232,1376848896,43.0625,13533.84375,22.765625,180.71875,129.765625,1.7,4701.0,0.0,4701.0,76601507,43317215,0,258284193
1702755686180.7334,0,0,0,0,0,0,0,0,0,0,0,0,0,0,0,0,0,0,0,0,0,0,0,0,0,0,0,0,0,0,0,0,0,0,0,0,0,0,0,0,6416064828,730856474,1914609,1939359,0,0,0,0,207159,8502037504,51242,1377008640,43.15625,13545.40625,22.796875,180.921875,129.828125,3.3,4701.0,0.0,4701.0,76685314,43362256,0,258451790
1702755687192.7283,0,0,0,0,0,0,0,0,0,0,0,0,0,0,0,0,0,0,0,0,0,0,0,0,0,0,0,0,0,0,0,0,0,0,0,0,0,0,0,0,6418301893,731594282,1917297,1941260,0,0,0,0,207159,8502037504,51259,1377303552,43.1875,13557.359375,22.796875,181.03125,129.9375,2.0,4701.0,0.0,4701.0,76769531,43407198,0,258662603
1702755688187.7878,0,0,0,0,0,0,0,0,0,0,0,0,0,0,0,0,0,0,0,0,0,0,0,0,0,0,0,0,0,0,0,0,0,0,0,0,0,0,0,0,6420549139,732311553,1919878,1943084,0,0,0,0,207159,8502037504,51271,1377381376,43.28125,13569.125,22.828125,181.25,129.96875,3.1,4701.0,0.0,4701.0,76848915,43450180,0,258822273
1702755689187.1116,0,0,0,0,0,0,0,0,0,0,0,0,0,0,0,0,0,0,0,0,0,0,0,0,0,0,0,0,0,0,0,0,0,0,0,0,0,0,0,0,6422999847,733040907,1922600,1944988,0,0,0,0,207159,8502037504,51271,1377381376,43.328125,13580.890625,22.859375,181.40625,130.03125,2.5,4701.0,0.0,4701.0,76930283,43493837,0,259018717
1702755690177.6787,0,0,0,0,0,0,0,0,0,0,0,0,0,0,0,0,0,0,0,0,0,0,0,0,0,0,0,0,0,0,0,0,0,0,0,0,0,0,0,0,6425471622,733773917,1925498,1947002,0,0,0,0,207159,8502037504,51291,1377561600,43.390625,13592.453125,22.859375,181.515625,130.1875,2.8,4701.0,0.0,4701.0,77011855,43537551,0,259238174
1702755691198.738,0,0,0,0,0,0,0,0,0,0,0,0,0,0,0,0,0,0,0,0,0,0,0,0,0,0,0,0,0,0,0,0,0,0,0,0,0,0,0,0,6427400974,734516765,1928282,1949038,0,0,0,0,207160,8502070272,51450,1378798592,43.4375,13604.359375,22.890625,181.703125,130.28125,2.9,4701.0,0.0,4701.0,77085481,43577927,0,259409769
1702755692189.1948,0,0,0,0,0,0,0,0,0,0,0,0,0,0,0,0,0,0,0,0,0,0,0,0,0,0,0,0,0,0,0,0,0,0,0,0,0,0,0,0,6429843591,735243973,1930957,1950955,0,0,0,0,207160,8502070272,51470,1379044352,43.46875,13616.203125,22.890625,181.8125,130.3125,1.4,4701.0,0.0,4701.0,77151388,43614486,0,259606337
1702755693182.043,0,0,0,0,0,0,0,0,0,0,0,0,0,0,0,0,0,0,0,0,0,0,0,0,0,0,0,0,0,0,0,0,0,0,0,0,0,0,0,0,6432404995,735971366,1933875,1952944,0,0,0,0,207160,8502070272,51471,1379064832,43.515625,13627.828125,22.90625,181.984375,130.34375,2.2,4701.0,0.0,4701.0,77216336,43650634,0,259775441
1702755694191.9192,0,0,0,0,0,0,0,0,0,0,0,0,0,0,0,0,0,0,0,0,0,0,0,0,0,0,0,0,0,0,0,0,0,0,0,0,0,0,0,0,6434731420,736708342,1936493,1954883,0,0,0,0,207161,8502103040,51485,1379224576,43.546875,13639.796875,22.90625,182.125,130.421875,2.0,4701.0,0.0,4701.0,77285758,43688882,0,259993320
1702755695189.1748,0,0,0,0,0,0,0,0,0,0,0,0,0,0,0,0,0,0,0,0,0,0,0,0,0,0,0,0,0,0,0,0,0,0,0,0,0,0,0,0,6437053260,737432632,1939131,1956776,0,0,0,0,207164,8502250496,51510,1379666944,43.578125,13651.546875,22.921875,182.265625,130.53125,2.5,4701.0,0.0,4701.0,77348818,43724166,0,260167942
1702755696185.971,0,0,0,0,0,0,0,0,0,0,0,0,0,0,0,0,0,0,0,0,0,0,0,0,0,0,0,0,0,0,0,0,0,0,0,0,0,0,0,0,6439462394,738152409,1941858,1958645,0,0,0,0,207165,8502283264,51523,1379847168,43.578125,13663.4375,22.921875,182.3125,130.578125,0.8,4701.0,0.0,4701.0,77414683,43760274,0,260361452
1702755697190.6897,0,0,0,0,0,0,0,0,0,0,0,0,0,0,0,0,0,0,0,0,0,0,0,0,0,0,0,0,0,0,0,0,0,0,0,0,0,0,0,0,6441757135,738885869,1944411,1960479,0,0,0,0,207165,8502283264,51525,1379884032,43.59375,13675.109375,23.015625,182.59375,130.640625,3.7,4701.0,0.0,4701.0,77486029,43799427,0,260588592
1702755698186.184,0,0,0,0,0,0,0,0,0,0,0,0,0,0,0,0,0,0,0,0,0,0,0,0,0,0,0,0,0,0,0,0,0,0,0,0,0,0,0,0,6443059143,739627820,1947034,1962580,0,0,0,0,207165,8502283264,51550,1380211712,43.640625,13686.9375,23.03125,182.71875,130.6875,1.9,4701.0,0.0,4701.0,77552342,43836519,0,260792424
1702755699184.9956,0,0,0,0,0,0,0,0,0,0,0,0,0,0,0,0,0,0,0,0,0,0,0,0,0,0,0,0,0,0,0,0,0,0,0,0,0,0,0,0,6444628168,740355240,1949615,1964522,0,0,0,0,207165,8502283264,51558,1380281344,43.71875,13698.765625,23.03125,182.828125,130.71875,1.8,4701.0,0.0,4701.0,77615032,43871775,0,260941972
1702755700190.81,0,0,0,0,0,0,0,0,0,0,0,0,0,0,0,0,0,0,0,0,0,0,0,0,0,0,0,0,0,0,0,0,0,0,0,0,0,0,0,0,6446937239,741096215,1952258,1966329,0,0,0,0,207166,8502299648,51565,1380363264,43.78125,13710.5,23.03125,182.953125,130.890625,3.0,4701.0,0.0,4701.0,77685120,43910464,0,261172601
1702755701196.0332,0,0,0,0,0,0,0,0,0,0,0,0,0,0,0,0,0,0,0,0,0,0,0,0,0,0,0,0,0,0,0,0,0,0,0,0,0,0,0,0,6449355697,741825659,1954988,1968213,0,0,0,0,207166,8502299648,51582,1380531200,43.828125,13722.21875,23.09375,183.125,130.984375,3.1,4701.0,0.0,4701.0,77750739,43946824,0,261345025
1702755702186.9282,0,0,0,0,0,0,0,0,0,0,0,0,0,0,0,0,0,0,0,0,0,0,0,0,0,0,0,0,0,0,0,0,0,0,0,0,0,0,0,0,6451898092,742555417,1957763,1970102,0,0,0,0,207166,8502299648,51598,1380826112,43.890625,13733.9375,23.109375,183.328125,131.03125,2.7,4701.0,0.0,4701.0,77819426,43984758,0,261565904
1702755703185.8035,0,0,0,0,0,0,0,0,0,0,0,0,0,0,0,0,0,0,0,0,0,0,0,0,0,0,0,0,0,0,0,0,0,0,0,0,0,0,0,0,6454354317,743279916,1960664,1972038,0,0,0,0,207166,8502299648,51617,1381051392,43.9375,13745.71875,23.171875,183.5,131.078125,2.7,4701.0,0.0,4701.0,77885345,44021491,0,261735315
1702755704183.0378,0,0,0,0,0,0,0,0,0,0,0,0,0,0,0,0,0,0,0,0,0,0,0,0,0,0,0,0,0,0,0,0,0,0,0,0,0,0,0,0,6456616987,744004207,1963202,1973801,0,0,0,0,207166,8502299648,51617,1381051392,43.9375,13757.328125,23.21875,183.625,131.203125,2.5,4701.0,0.0,4701.0,77953719,44059297,0,261961971
1702755705186.6694,0,0,0,0,0,0,0,0,0,0,0,0,0,0,0,0,0,0,0,0,0,0,0,0,0,0,0,0,0,0,0,0,0,0,0,0,0,0,0,0,6459059722,744737224,1965971,1975730,0,0,0,0,207166,8502299648,51639,1381329920,43.96875,13769.265625,23.21875,183.703125,131.34375,2.0,4701.0,0.0,4701.0,78019077,44095843,0,262132683
1702755706181.8906,0,0,0,0,0,0,0,0,0,0,0,0,0,0,0,0,0,0,0,0,0,0,0,0,0,0,0,0,0,0,0,0,0,0,0,0,0,0,0,0,6460962766,745443892,1968108,1977389,0,0,0,0,207166,8502299648,51653,1381440512,43.96875,13780.96875,23.28125,183.8125,131.375,1.7,4701.0,0.0,4701.0,78084154,44131891,0,262343582
1702755707192.206,0,0,0,0,0,0,0,0,0,0,0,0,0,0,0,0,0,0,0,0,0,0,0,0,0,0,0,0,0,0,0,0,0,0,0,0,0,0,0,0,6463416104,746205397,1971209,1979493,0,0,0,0,207167,8502316032,51722,1382063104,43.984375,13792.9375,23.296875,183.921875,131.46875,1.9,4701.0,0.0,4701.0,78157772,44172242,0,262530775
1702755708186.5369,0,0,0,0,0,0,0,0,0,0,0,0,0,0,0,0,0,0,0,0,0,0,0,0,0,0,0,0,0,0,0,0,0,0,0,0,0,0,0,0,6465175423,746942983,1973888,1981539,0,0,0,0,207167,8502316032,51722,1382063104,44.03125,13804.703125,23.296875,184.109375,131.53125,2.5,4701.0,0.0,4701.0,78224862,44209638,0,262746880
1702755709185.9314,0,0,0,0,0,0,0,0,0,0,0,0,0,0,0,0,0,0,0,0,0,0,0,0,0,0,0,0,0,0,0,0,0,0,0,0,0,0,0,0,6467168349,747684073,1976555,1983548,0,0,0,0,207168,8502332416,51747,1382390784,44.09375,13816.421875,23.3125,184.28125,131.5625,2.3,4701.0,0.0,4701.0,78295018,44248492,0,262926971
1702755710181.2827,0,0,0,0,0,0,0,0,0,0,0,0,0,0,0,0,0,0,0,0,0,0,0,0,0,0,0,0,0,0,0,0,0,0,0,0,0,0,0,0,6469357875,748400954,1979149,1985286,0,0,0,0,207168,8502332416,51762,1382587392,44.140625,13828.125,23.3125,184.4375,131.59375,2.0,4701.0,0.0,4701.0,78359363,44284306,0,263132178
1702755711190.9194,0,0,0,0,0,0,0,0,0,0,0,0,0,0,0,0,0,0,0,0,0,0,0,0,0,0,0,0,0,0,0,0,0,0,0,0,0,0,0,0,6471775097,749143033,1982080,1987310,0,0,0,0,207168,8502332416,51772,1382714368,44.203125,13840.203125,23.3125,184.515625,131.625,1.4,4701.0,0.0,4701.0,78424053,44320644,0,263280505
1702755712185.0503,0,0,0,0,0,0,0,0,0,0,0,0,0,0,0,0,0,0,0,0,0,0,0,0,0,0,0,0,0,0,0,0,0,0,0,0,0,0,0,0,6473880869,749872245,1984671,1989189,0,0,0,0,207168,8502332416,51774,1382734848,44.234375,13851.875,23.34375,184.671875,131.65625,2.1,4701.0,0.0,4701.0,78489672,44357280,0,263490931
1702755713194.947,0,0,0,0,0,0,0,0,0,0,0,0,0,0,0,0,0,0,0,0,0,0,0,0,0,0,0,0,0,0,0,0,0,0,0,0,0,0,0,0,6475554853,750604136,1987189,1991047,0,0,0,0,207169,8502365184,51789,1382939648,44.265625,13863.78125,23.375,184.828125,131.734375,2.4,4701.0,0.0,4701.0,78553370,44393132,0,263639596
1702755714192.3315,0,0,0,0,0,0,0,0,0,0,0,0,0,0,0,0,0,0,0,0,0,0,0,0,0,0,0,0,0,0,0,0,0,0,0,0,0,0,0,0,6476534720,751354044,1989708,1993299,0,0,0,0,207171,8502463488,51809,1383431168,44.296875,13875.53125,23.40625,185.015625,131.796875,2.6,4701.0,0.0,4701.0,78621120,44430904,0,263850779
1702755715188.0361,0,0,0,0,0,0,0,0,0,0,0,0,0,0,0,0,0,0,0,0,0,0,0,0,0,0,0,0,0,0,0,0,0,0,0,0,0,0,0,0,6477646256,752104835,1992313,1995457,0,0,0,0,207171,8502463488,51809,1383431168,44.296875,13887.328125,23.40625,185.125,131.890625,1.7,4701.0,0.0,4701.0,78687718,44468178,0,264023039
1702755716180.658,0,0,0,0,0,0,0,0,0,0,0,0,0,0,0,0,0,0,0,0,0,0,0,0,0,0,0,0,0,0,0,0,0,0,0,0,0,0,0,0,6478756882,752846155,1994881,1997647,0,0,0,0,207172,8502479872,51832,1383676928,44.3125,13898.96875,23.421875,185.21875,131.96875,1.7,4701.0,0.0,4701.0,78756270,44505775,0,264250345
1702755717191.7166,0,0,0,0,0,0,0,0,0,0,0,0,0,0,0,0,0,0,0,0,0,0,0,0,0,0,0,0,0,0,0,0,0,0,0,0,0,0,0,0,6479908747,753607200,1997513,1999870,0,0,0,0,207174,8502578176,51859,1384254464,44.34375,13910.96875,23.4375,185.296875,132.078125,1.9,4701.0,0.0,4701.0,78824431,44543935,0,264422161
1702755718185.8118,0,0,0,0,0,0,0,0,0,0,0,0,0,0,0,0,0,0,0,0,0,0,0,0,0,0,0,0,0,0,0,0,0,0,0,0,0,0,0,0,6481485705,754317288,1999931,2001557,0,0,0,0,207174,8502578176,51877,1384479744,44.34375,13922.65625,23.453125,185.4375,132.203125,2.3,4701.0,0.0,4701.0,78890451,44580569,0,264654282
1702755719181.0151,0,0,0,0,0,0,0,0,0,0,0,0,0,0,0,0,0,0,0,0,0,0,0,0,0,0,0,0,0,0,0,0,0,0,0,0,0,0,0,0,6483874622,755042456,2002692,2003414,0,0,0,0,207174,8502578176,51877,1384479744,44.359375,13934.375,23.46875,185.546875,132.234375,1.4,4701.0,0.0,4701.0,78954023,44616185,0,264800343
1702755720190.9275,0,0,0,0,0,0,0,0,0,0,0,0,0,0,0,0,0,0,0,0,0,0,0,0,0,0,0,0,0,0,0,0,0,0,0,0,0,0,0,0,6486076820,755785758,2005459,2005396,0,0,0,0,207175,8502610944,51897,1384725504,44.375,13946.375,23.484375,185.671875,132.296875,1.8,4701.0,0.0,4701.0,79021575,44653898,0,265030502
1702755721182.1748,0,0,0,0,0,0,0,0,0,0,0,0,0,0,0,0,0,0,0,0,0,0,0,0,0,0,0,0,0,0,0,0,0,0,0,0,0,0,0,0,6487881706,756506055,2007689,2007114,0,0,0,0,207176,8502627328,51912,1384885248,44.390625,13957.984375,23.515625,185.765625,132.40625,2.1,4701.0,0.0,4701.0,79089321,44690760,0,265202449
1702755722194.052,0,0,0,0,0,0,0,0,0,0,0,0,0,0,0,0,0,0,0,0,0,0,0,0,0,0,0,0,0,0,0,0,0,0,0,0,0,0,0,0,6489012244,757255294,2010271,2009169,0,0,0,0,207176,8502627328,51935,1385098240,44.40625,13969.921875,23.53125,185.9375,132.484375,2.3,4701.0,0.0,4701.0,79158639,44729138,0,265435795
1702755723190.0005,0,0,0,0,0,0,0,0,0,0,0,0,0,0,0,0,0,0,0,0,0,0,0,0,0,0,0,0,0,0,0,0,0,0,0,0,0,0,0,0,6490395725,758002577,2012779,2011174,0,0,0,0,207176,8502627328,51935,1385098240,44.40625,13981.703125,23.546875,186.03125,132.609375,2.0,4701.0,0.0,4701.0,79224045,44765687,0,265603246
1702755724182.0464,0,0,0,0,0,0,0,0,0,0,0,0,0,0,0,0,0,0,0,0,0,0,0,0,0,0,0,0,0,0,0,0,0,0,0,0,0,0,0,0,6491683256,758720416,2014993,2013041,0,0,0,0,207176,8502627328,51992,1385528320,44.46875,13993.25,23.5625,186.21874999999818,132.6875,2.9,4701.0,0.0,4701.0,79293059,44803603,0,265823073
1702755725178.8672,0,0,0,0,0,0,0,0,0,0,0,0,0,0,0,0,0,0,0,0,0,0,0,0,0,0,0,0,0,0,0,0,0,0,0,0,0,0,0,0,6492624887,759457455,2017439,2015111,0,0,0,0,207177,8502643712,52011,1385864192,44.5625,14004.9375,23.578125,186.40624999999818,132.8125,3.5,4701.0,0.0,4701.0,79358573,44840252,0,265988069
1702755726188.726,0,0,0,0,0,0,0,0,0,0,0,0,0,0,0,0,0,0,0,0,0,0,0,0,0,0,0,0,0,0,0,0,0,0,0,0,0,0,0,0,6493707348,760216637,2019977,2017279,0,0,0,0,207178,8502660096,52027,1386015744,44.625,14016.890625,23.609375,186.57812499999818,132.875,2.7,4701.0,0.0,4701.0,79424283,44877131,0,266197660
1702755727185.4094,0,0,0,0,0,0,0,0,0,0,0,0,0,0,0,0,0,0,0,0,0,0,0,0,0,0,0,0,0,0,0,0,0,0,0,0,0,0,0,0,6494779118,760945252,2022415,2019202,0,0,0,0,207179,8502676480,52030,1386052608,44.65625,14028.640625,23.609375,186.65624999999818,132.953125,1.6,4701.0,0.0,4701.0,79491000,44914202,0,266374971
1702755728179.9795,0,0,0,0,0,0,0,0,0,0,0,0,0,0,0,0,0,0,0,0,0,0,0,0,0,0,0,0,0,0,0,0,0,0,0,0,0,0,0,0,6495932809,761691355,2024989,2021338,0,0,0,0,207180,8502692864,52060,1386478592,44.6875,14040.3125,23.640625,186.78124999999818,133.0625,2.5,4701.0,0.0,4701.0,79557776,44951472,0,266586250
1702755729191.417,0,0,0,0,0,0,0,0,0,0,0,0,0,0,0,0,0,0,0,0,0,0,0,0,0,0,0,0,0,0,0,0,0,0,0,0,0,0,0,0,6496860790,762418835,2027224,2023174,0,0,0,0,207180,8502692864,52070,1386552320,44.734375,14052.3125,23.640625,186.89062499999818,133.140625,1.9,4701.0,0.0,4701.0,79624214,44988400,0,266759761
1702755730185.5183,0,0,0,0,0,0,0,0,0,0,0,0,0,0,0,0,0,0,0,0,0,0,0,0,0,0,0,0,0,0,0,0,0,0,0,0,0,0,0,0,6497722840,763151962,2029555,2025146,0,0,0,0,207180,8502692864,52070,1386552320,44.75,14063.984375,23.640625,186.98437499999818,133.28125,2.1,4701.0,0.0,4701.0,79688628,45024136,0,266962081
1702755731181.0413,0,0,0,0,0,0,0,0,0,0,0,0,0,0,0,0,0,0,0,0,0,0,0,0,0,0,0,0,0,0,0,0,0,0,0,0,0,0,0,0,6498725316,763755314,2031751,2026839,0,0,0,0,207180,8502692864,52085,1386724352,44.78125,14075.703125,23.65625,187.12499999999818,133.328125,2.0,4701.0,0.0,4701.0,79773116,45070060,0,267306575
1702755732197.035,0,0,0,0,0,0,0,0,0,0,0,0,0,0,0,0,0,0,0,0,0,0,0,0,0,0,0,0,0,0,0,0,0,0,0,0,0,0,0,0,6499167514,763833734,2032341,2027309,0,0,0,0,207180,8502692864,52103,1386880000,44.828125,14087.421875,23.65625,187.28124999999818,133.640625,4.2,4701.0,0.0,4701.0,79998352,45187244,0,268754244
1702755733187.0317,0,0,0,0,0,0,0,0,0,0,0,0,0,0,0,0,0,0,0,0,0,0,0,0,0,0,0,0,0,0,0,0,0,0,0,0,0,0,0,0,6499597104,763920345,2032959,2027818,0,0,0,0,207181,8502709248,52139,1387928576,44.890625,14098.9375,23.703125,187.51562499999818,133.890625,4.9,4701.0,0.0,4701.0,80222098,45303950,0,270134773
1702755734183.2651,0,0,0,0,0,0,0,0,0,0,0,0,0,0,0,0,0,0,0,0,0,0,0,0,0,0,0,0,0,0,0,0,0,0,0,0,0,0,0,0,6500026003,763997608,2033512,2028280,0,0,0,0,207181,8502709248,52139,1387928576,44.984375,14110.28125,23.8125,187.76562499999818,134.109375,5.6,4701.0,0.0,4701.0,80443795,45418213,0,271659573
1702755735194.762,0,0,0,0,0,0,0,0,0,0,0,0,0,0,0,0,0,0,0,0,0,0,0,0,0,0,0,0,0,0,0,0,0,0,0,0,0,0,0,0,6500463289,764081224,2034089,2028774,0,0,0,0,207181,8502709248,52159,1388084224,45.125,14121.984375,23.84375,187.96874999999818,134.390625,5.3,4701.0,0.0,4701.0,80666908,45533867,0,273170735
1702755736194.4133,0,0,0,0,0,0,0,0,0,0,0,0,0,0,0,0,0,0,0,0,0,0,0,0,0,0,0,0,0,0,0,0,0,0,0,0,0,0,0,0,6500897175,764164617,2034676,2029272,0,0,0,0,207181,8502709248,52180,1388362752,45.234375,14133.53125,23.890625,188.23437499999818,134.578125,5.0,4701.0,0.0,4701.0,80888997,45648051,0,274705936
1702755737189.1245,0,0,0,0,0,0,0,0,0,0,0,0,0,0,0,0,0,0,0,0,0,0,0,0,0,0,0,0,0,0,0,0,0,0,0,0,0,0,0,0,6501322959,764247375,2035259,2029773,0,0,0,0,207183,8502742016,52200,1388661760,45.28125,14145.21875,23.890625,188.34374999999818,134.78125,3.0,4701.0,0.0,4701.0,81108534,45761804,0,276196908
1702755738181.028,0,0,0,0,0,0,0,0,0,0,0,0,0,0,0,0,0,0,0,0,0,0,0,0,0,0,0,0,0,0,0,0,0,0,0,0,0,0,0,0,6501742772,764315968,2035784,2030195,0,0,0,0,207184,8502758400,52203,1388768256,45.34375,14156.59375,23.96875,188.57812499999818,134.984375,4.8,4701.0,0.0,4701.0,81326396,45874598,0,277720786
1702755739194.571,0,0,0,0,0,0,0,0,0,0,0,0,0,0,0,0,0,0,0,0,0,0,0,0,0,0,0,0,0,0,0,0,0,0,0,0,0,0,0,0,6502181732,764397126,2036369,2030680,0,0,0,0,207186,8502823936,52217,1389005824,45.46875,14168.359375,24.03125,188.81249999999818,135.171875,4.9,4701.0,0.0,4701.0,81550520,45990376,0,279274365
1702755740184.853,0,0,0,0,0,0,0,0,0,0,0,0,0,0,0,0,0,0,0,0,0,0,0,0,0,0,0,0,0,0,0,0,0,0,0,0,0,0,0,0,6502605334,764470029,2036919,2031123,0,0,0,0,207189,8503004160,52297,1389808640,45.5625,14179.906249999998,24.09375,189.046875,135.328125,4.5,4701.0,0.0,4701.0,81768396,46103355,0,280823188
1702755741181.303,0,0,0,0,0,0,0,0,0,0,0,0,0,0,0,0,0,0,0,0,0,0,0,0,0,0,0,0,0,0,0,0,0,0,0,0,0,0,0,0,6503026387,764542003,2037449,2031561,0,0,0,0,207191,8503036928,52312,1389968384,45.671875,14191.359374999998,24.15625,189.265625,135.53125,4.9,4701.0,0.0,4701.0,81988799,46216951,0,282316388
1702755742192.914,0,0,0,0,0,0,0,0,0,0,0,0,0,0,0,0,0,0,0,0,0,0,0,0,0,0,0,0,0,0,0,0,0,0,0,0,0,0,0,0,6503795344,765090398,2038757,2032927,0,0,0,0,207195,8503114752,52312,1389968384,45.6875,14203.062499999998,24.203125,189.4375,135.84375,4.5,4701.0,0.0,4701.0,82099658,46274933,0,282971207
1702755743195.6812,0,0,0,0,0,0,0,0,0,0,0,0,0,0,0,0,0,0,0,0,0,0,0,0,0,0,0,0,0,0,0,0,0,0,0,0,0,0,0,0,6506266938,765828294,2041429,2034819,0,0,0,0,207197,8503180288,52339,1390390272,45.71875,14214.937499999998,24.21875,189.53125,135.875,1.4,4701.0,0.0,4701.0,82170335,46313457,0,283129542
1702755744182.923,0,0,0,0,0,0,0,0,0,0,0,0,0,0,0,0,0,0,0,0,0,0,0,0,0,0,0,0,0,0,0,0,0,0,0,0,0,0,0,0,6507829402,766520389,2043285,2036365,0,0,0,0,207197,8503180288,52357,1391143936,45.71875,14226.546874999998,24.25,189.625,135.984375,2.0,4701.0,0.0,4701.0,82232557,46348133,0,283331103
1702755745191.3835,0,0,0,0,0,0,0,0,0,0,0,0,0,0,0,0,0,0,0,0,0,0,0,0,0,0,0,0,0,0,0,0,0,0,0,0,0,0,0,0,6509675347,767222529,2045208,2037976,0,0,0,0,207199,8503213056,52380,1391438848,45.75,14238.624999999998,24.25,189.703125,136.015625,1.2,4701.0,0.0,4701.0,82296620,46383679,0,283500780
1702755746187.269,0,0,0,0,0,0,0,0,0,0,0,0,0,0,0,0,0,0,0,0,0,0,0,0,0,0,0,0,0,0,0,0,0,0,0,0,0,0,0,0,6512388059,767959025,2047698,2039803,0,0,0,0,207199,8503213056,52380,1391438848,45.75,14250.421874999998,24.25,189.796875,136.125,1.7,4701.0,0.0,4701.0,82370094,46423457,0,283729035
1702755747181.753,0,0,0,0,0,0,0,0,0,0,0,0,0,0,0,0,0,0,0,0,0,0,0,0,0,0,0,0,0,0,0,0,0,0,0,0,0,0,0,0,6514782771,768713419,2050343,2041791,0,0,0,0,207200,8503229440,52403,1391746048,45.78125,14262.140624999998,24.25,189.859375,136.15625,1.1,4701.0,0.0,4701.0,82442749,46463174,0,283900814
1702755748193.0078,0,0,0,0,0,0,0,0,0,0,0,0,0,0,0,0,0,0,0,0,0,0,0,0,0,0,0,0,0,0,0,0,0,0,0,0,0,0,0,0,6517138977,769458701,2052960,2043706,0,0,0,0,207202,8503262208,52435,1392225280,45.78125,14274.078124999998,24.296875,189.984375,136.28125,2.4,4701.0,0.0,4701.0,82513743,46502337,0,284146543
1702755749191.934,0,0,0,0,0,0,0,0,0,0,0,0,0,0,0,0,0,0,0,0,0,0,0,0,0,0,0,0,0,0,0,0,0,0,0,0,0,0,0,0,6519395054,770148981,2055048,2045193,0,0,0,0,207202,8503262208,52435,1392225280,45.8125,14285.890624999998,24.328125,190.15625,136.296875,2.1,4701.0,0.0,4701.0,82576151,46536989,0,284299656
1702755750182.012,0,0,0,0,0,0,0,0,0,0,0,0,0,0,0,0,0,0,0,0,0,0,0,0,0,0,0,0,0,0,0,0,0,0,0,0,0,0,0,0,6521497863,770869568,2057534,2047089,0,0,0,0,207203,8503278592,52453,1392495616,45.8125,14297.453124999998,24.359375,190.28125,136.421875,2.4,4701.0,0.0,4701.0,82650647,46576744,0,284524591
1702755751191.2668,0,0,0,0,0,0,0,0,0,0,0,0,0,0,0,0,0,0,0,0,0,0,0,0,0,0,0,0,0,0,0,0,0,0,0,0,0,0,0,0,6524340708,771615026,2060511,2048909,0,0,0,0,207203,8503278592,52467,1392688128,45.859375,14309.531249999998,24.375,190.359375,136.453125,1.4,4701.0,0.0,4701.0,82723129,46616155,0,284694505
1702755752185.503,0,0,0,0,0,0,0,0,0,0,0,0,0,0,0,0,0,0,0,0,0,0,0,0,0,0,0,0,0,0,0,0,0,0,0,0,0,0,0,0,6526718431,772340868,2063262,2050737,0,0,0,0,207203,8503278592,52483,1392880640,45.9375,14321.140624999998,24.453125,190.5625,136.578125,4.0,4701.0,0.0,4701.0,82787995,46652205,0,284906442
1702755753179.0088,0,0,0,0,0,0,0,0,0,0,0,0,0,0,0,0,0,0,0,0,0,0,0,0,0,0,0,0,0,0,0,0,0,0,0,0,0,0,0,0,6529260159,773061301,2066013,2052507,0,0,0,0,207203,8503278592,52486,1393032192,45.9375,14332.859374999998,24.453125,190.609375,136.6875,1.3,4701.0,0.0,4701.0,82850749,46687187,0,285046470
1702755754190.106,0,0,0,0,0,0,0,0,0,0,0,0,0,0,0,0,0,0,0,0,0,0,0,0,0,0,0,0,0,0,0,0,0,0,0,0,0,0,0,0,6531701857,773794652,2068567,2054390,0,0,0,0,207203,8503278592,52500,1393183744,46.0,14344.781249999998,24.515625,190.8125,136.75,3.2,4701.0,0.0,4701.0,82919030,46724850,0,285270332
1702755755189.6096,0,0,0,0,0,0,0,0,0,0,0,0,0,0,0,0,0,0,0,0,0,0,0,0,0,0,0,0,0,0,0,0,0,0,0,0,0,0,0,0,6534169058,774535367,2071413,2056302,0,0,0,0,207203,8503278592,52516,1393392640,46.03125,14356.578124999998,24.546875,190.953125,136.8125,2.2,4701.0,0.0,4701.0,82985764,46761911,0,285445299
1702755756188.8127,0,0,0,0,0,0,0,0,0,0,0,0,0,0,0,0,0,0,0,0,0,0,0,0,0,0,0,0,0,0,0,0,0,0,0,0,0,0,0,0,6536634381,775262511,2074302,2058223,0,0,0,0,207203,8503278592,52575,1393748992,46.0625,14368.390624999998,24.578125,191.0625,136.890625,2.1,4701.0,0.0,4701.0,83052707,46798490,0,285665199
1702755757178.6235,0,0,0,0,0,0,0,0,0,0,0,0,0,0,0,0,0,0,0,0,0,0,0,0,0,0,0,0,0,0,0,0,0,0,0,0,0,0,0,0,6538761310,775972362,2076738,2060072,0,0,0,0,207203,8503278592,52575,1393748992,46.078125,14380.015624999998,24.59375,191.203125,136.9375,1.8,4701.0,0.0,4701.0,83114661,46833045,0,285814005
1702755758187.578,0,0,0,0,0,0,0,0,0,0,0,0,0,0,0,0,0,0,0,0,0,0,0,0,0,0,0,0,0,0,0,0,0,0,0,0,0,0,0,0,6541102770,776703664,2079463,2061912,0,0,0,0,207204,8503344128,52596,1394183168,46.09375,14391.906249999998,24.640625,191.359375,137.0625,2.8,4701.0,0.0,4701.0,83181372,46870100,0,286026077
1702755759187.409,0,0,0,0,0,0,0,0,0,0,0,0,0,0,0,0,0,0,0,0,0,0,0,0,0,0,0,0,0,0,0,0,0,0,0,0,0,0,0,0,6543404313,777435454,2082078,2063770,0,0,0,0,207208,8503426560,52722,1395731968,46.109375,14403.718749999998,24.65625,191.484375,137.140625,1.9,4701.0,0.0,4701.0,83248444,46907375,0,286186193
1702755760187.7634,0,0,0,0,0,0,0,0,0,0,0,0,0,0,0,0,0,0,0,0,0,0,0,0,0,0,0,0,0,0,0,0,0,0,0,0,0,0,0,0,6545704249,778159855,2084573,2065576,0,0,0,0,207215,8503610880,52743,1395969536,46.171875,14415.390624999998,24.671875,191.71875,137.234375,3.4,4701.0,0.0,4701.0,83316332,46944785,0,286412921
1702755761189.0696,0,0,0,0,0,0,0,0,0,0,0,0,0,0,0,0,0,0,0,0,0,0,0,0,0,0,0,0,0,0,0,0,0,0,0,0,0,0,0,0,6548224018,778897200,2087405,2067532,0,0,0,0,207216,8503643648,52743,1395969536,46.21875,14427.156249999998,24.703125,191.875,137.3125,2.6,4701.0,0.0,4701.0,83382872,46981975,0,286579990
1702755762186.6113,0,0,0,0,0,0,0,0,0,0,0,0,0,0,0,0,0,0,0,0,0,0,0,0,0,0,0,0,0,0,0,0,0,0,0,0,0,0,0,0,6550143229,779609260,2089577,2069228,0,0,0,0,207217,8503823872,52772,1396583936,46.25,14438.984374999998,24.75,191.984375,137.359375,1.9,4701.0,0.0,4701.0,83448248,47017848,0,286784752
1702755763186.9307,0,0,0,0,0,0,0,0,0,0,0,0,0,0,0,0,0,0,0,0,0,0,0,0,0,0,0,0,0,0,0,0,0,0,0,0,0,0,0,0,6552495357,780339937,2092326,2071172,0,0,0,0,207218,8503856640,52791,1396866560,46.296875,14450.812499999998,24.765625,192.09375,137.4375,2.1,4701.0,0.0,4701.0,83518680,47056588,0,286969877
1702755764178.439,0,0,0,0,0,0,0,0,0,0,0,0,0,0,0,0,0,0,0,0,0,0,0,0,0,0,0,0,0,0,0,0,0,0,0,0,0,0,0,0,6554816727,781068258,2094888,2073082,0,0,0,0,207218,8503856640,52791,1396866560,46.34375,14462.390624999998,24.78125,192.25,137.515625,2.5,4701.0,0.0,4701.0,83583601,47092854,0,287175410
1702755765190.0652,0,0,0,0,0,0,0,0,0,0,0,0,0,0,0,0,0,0,0,0,0,0,0,0,0,0,0,0,0,0,0,0,0,0,0,0,0,0,0,0,6557237714,781804740,2097627,2074944,0,0,0,0,207218,8503856640,52817,1397095936,46.40625,14474.390624999998,24.8125,192.359375,137.59375,2.3,4701.0,0.0,4701.0,83647427,47128701,0,287331902
1702755766186.8032,0,0,0,0,0,0,0,0,0,0,0,0,0,0,0,0,0,0,0,0,0,0,0,0,0,0,0,0,0,0,0,0,0,0,0,0,0,0,0,0,6559563855,782537220,2100329,2076942,0,0,0,0,207218,8503856640,52827,1397190144,46.4375,14486.140624999998,24.8125,192.484375,137.6875,2.1,4701.0,0.0,4701.0,83713749,47165705,0,287541916
1702755767186.3965,0,0,0,0,0,0,0,0,0,0,0,0,0,0,0,0,0,0,0,0,0,0,0,0,0,0,0,0,0,0,0,0,0,0,0,0,0,0,0,0,6562081774,783266151,2103170,2078875,0,0,0,0,207218,8503856640,52841,1397296640,46.453125,14498.031249999998,24.8125,192.578125,137.703125,1.0,4701.0,0.0,4701.0,83776689,47201184,0,287686598
1702755768178.0127,0,0,0,0,0,0,0,0,0,0,0,0,0,0,0,0,0,0,0,0,0,0,0,0,0,0,0,0,0,0,0,0,0,0,0,0,0,0,0,0,6564410108,783988408,2105657,2080654,0,0,0,0,207218,8503856640,52844,1397444096,46.5,14509.640624999998,24.828125,192.71875,137.796875,2.5,4701.0,0.0,4701.0,83843161,47238014,0,287907761
1702755769189.826,0,0,0,0,0,0,0,0,0,0,0,0,0,0,0,0,0,0,0,0,0,0,0,0,0,0,0,0,0,0,0,0,0,0,0,0,0,0,0,0,6566892558,784724527,2108499,2082539,0,0,0,0,207218,8503856640,52863,1397616128,46.515625,14521.687499999998,24.828125,192.78125,137.875,1.3,4701.0,0.0,4701.0,83906360,47273651,0,288055131
1702755770184.549,0,0,0,0,0,0,0,0,0,0,0,0,0,0,0,0,0,0,0,0,0,0,0,0,0,0,0,0,0,0,0,0,0,0,0,0,0,0,0,0,6569154755,785438016,2111095,2084287,0,0,0,0,207218,8503856640,52879,1397730816,46.546875,14533.374999999998,24.828125,192.96875,137.953125,2.5,4701.0,0.0,4701.0,83972917,47310659,0,288281220
1702755771184.9124,0,0,0,0,0,0,0,0,0,0,0,0,0,0,0,0,0,0,0,0,0,0,0,0,0,0,0,0,0,0,0,0,0,0,0,0,0,0,0,0,6571636444,786160493,2113914,2086275,0,0,0,0,207218,8503856640,52892,1397861888,46.578125,14545.218749999998,24.84375,193.0625,138.015625,1.7,4701.0,0.0,4701.0,84037184,47346807,0,288424365
1702755772177.9055,0,0,0,0,0,0,0,0,0,0,0,0,0,0,0,0,0,0,0,0,0,0,0,0,0,0,0,0,0,0,0,0,0,0,0,0,0,0,0,0,6573861682,786889029,2116522,2088222,0,0,0,0,207218,8503856640,52892,1397861888,46.625,14556.906249999998,24.84375,193.1875,138.0625,1.8,4701.0,0.0,4701.0,84102971,47383360,0,288637333
1702755773189.1511,0,0,0,0,0,0,0,0,0,0,0,0,0,0,0,0,0,0,0,0,0,0,0,0,0,0,0,0,0,0,0,0,0,0,0,0,0,0,0,0,6576314290,787622372,2119354,2090170,0,0,0,0,207218,8503856640,52957,1398279680,46.65625,14568.937499999998,24.875,193.296875,138.109375,1.8,4701.0,0.0,4701.0,84167470,47419653,0,288791344
1702755774184.997,0,0,0,0,0,0,0,0,0,0,0,0,0,0,0,0,0,0,0,0,0,0,0,0,0,0,0,0,0,0,0,0,0,0,0,0,0,0,0,0,6578671207,788348037,2122013,2091998,0,0,0,0,207218,8503856640,52968,1398410752,46.6875,14580.609374999998,24.921875,193.421875,138.21875,2.6,4701.0,0.0,4701.0,84234872,47456919,0,289014318
1702755775183.2327,0,0,0,0,0,0,0,0,0,0,0,0,0,0,0,0,0,0,0,0,0,0,0,0,0,0,0,0,0,0,0,0,0,0,0,0,0,0,0,0,6581086519,789088584,2124900,2093966,0,0,0,0,207220,8503889408,52993,1398685184,46.734375,14592.296874999998,24.96875,193.578125,138.28125,2.6,4701.0,0.0,4701.0,84300142,47493503,0,289171366
1702755776177.1875,0,0,0,0,0,0,0,0,0,0,0,0,0,0,0,0,0,0,0,0,0,0,0,0,0,0,0,0,0,0,0,0,0,0,0,0,0,0,0,0,6583347453,789797449,2127468,2095695,0,0,0,0,207220,8503889408,52993,1398685184,46.796875,14604.031249999998,24.96875,193.75,138.375,2.7,4701.0,0.0,4701.0,84363944,47528451,0,289374357
1702755777192.8245,0,0,0,0,0,0,0,0,0,0,0,0,0,0,0,0,0,0,0,0,0,0,0,0,0,0,0,0,0,0,0,0,0,0,0,0,0,0,0,0,6585889336,790540150,2130450,2097721,0,0,0,0,207220,8503889408,53001,1398763008,46.875,14616.109374999998,24.96875,193.828125,138.40625,1.5,4701.0,0.0,4701.0,84428005,47564457,0,289516252
1702755778188.5417,0,0,0,0,0,0,0,0,0,0,0,0,0,0,0,0,0,0,0,0,0,0,0,0,0,0,0,0,0,0,0,0,0,0,0,0,0,0,0,0,6588314617,791255163,2133061,2099542,0,0,0,0,207220,8503889408,53015,1398955520,46.90625,14627.890624999998,24.984375,193.953125,138.5,2.2,4701.0,0.0,4701.0,84491611,47599863,0,289715912
1702755779184.1829,0,0,0,0,0,0,0,0,0,0,0,0,0,0,0,0,0,0,0,0,0,0,0,0,0,0,0,0,0,0,0,0,0,0,0,0,0,0,0,0,6590377736,791969247,2135355,2101307,0,0,0,0,207220,8503889408,53015,1398955520,46.9375,14639.562499999998,24.984375,194.046875,138.546875,1.5,4701.0,0.0,4701.0,84553690,47634567,0,289857744
1702755780184.2107,0,0,0,0,0,0,0,0,0,0,0,0,0,0,0,0,0,0,0,0,0,0,0,0,0,0,0,0,0,0,0,0,0,0,0,0,0,0,0,0,6592540246,792684343,2137728,2102928,0,0,0,0,207220,8503889408,53025,1399062016,47.0,14651.453124999998,24.984375,194.21875,138.59375,2.3,4701.0,0.0,4701.0,84618293,47670487,0,290082326
1702755781191.5835,0,0,0,0,0,0,0,0,0,0,0,0,0,0,0,0,0,0,0,0,0,0,0,0,0,0,0,0,0,0,0,0,0,0,0,0,0,0,0,0,6595107566,793419423,2140621,2104773,0,0,0,0,207220,8503889408,53032,1399123456,47.03125,14663.359374999998,25.015625,194.34375,138.640625,1.9,4701.0,0.0,4701.0,84683385,47706669,0,290243390
1702755782181.2175,0,0,0,0,0,0,0,0,0,0,0,0,0,0,0,0,0,0,0,0,0,0,0,0,0,0,0,0,0,0,0,0,0,0,0,0,0,0,0,0,6597481516,794142015,2143265,2106639,0,0,0,0,207220,8503889408,53054,1399336448,47.03125,14674.906249999998,25.0625,194.453125,138.796875,2.6,4701.0,0.0,4701.0,84751168,47744208,0,290478196
1702755783194.1238,0,0,0,0,0,0,0,0,0,0,0,0,0,0,0,0,0,0,0,0,0,0,0,0,0,0,0,0,0,0,0,0,0,0,0,0,0,0,0,0,6599957897,794870562,2145963,2108442,0,0,0,0,207220,8503889408,53056,1399348736,47.09375,14686.953124999998,25.0625,194.5625,138.828125,1.7,4701.0,0.0,4701.0,84816178,47780512,0,290639983
1702755784185.7542,0,0,0,0,0,0,0,0,0,0,0,0,0,0,0,0,0,0,0,0,0,0,0,0,0,0,0,0,0,0,0,0,0,0,0,0,0,0,0,0,6602307814,795594622,2148723,2110357,0,0,0,0,207221,8503922176,53079,1399651840,47.125,14698.703124999998,25.109375,194.734375,138.890625,2.6,4701.0,0.0,4701.0,84880669,47816570,0,290845612
1702755785180.3967,0,0,0,0,0,0,0,0,0,0,0,0,0,0,0,0,0,0,0,0,0,0,0,0,0,0,0,0,0,0,0,0,0,0,0,0,0,0,0,0,6604177330,796294893,2150770,2111756,0,0,0,0,207221,8503922176,53092,1399848448,47.125,14710.390624999998,25.109375,194.796875,138.96875,1.2,4701.0,0.0,4701.0,84941659,47850446,0,290993265
1702755786194.8674,0,0,0,0,0,0,0,0,0,0,0,0,0,0,0,0,0,0,0,0,0,0,0,0,0,0,0,0,0,0,0,0,0,0,0,0,0,0,0,0,6606513395,797034261,2153318,2113519,0,0,0,0,207221,8503922176,53104,1399987712,47.171875,14722.374999999998,25.109375,194.96875,139.0,2.0,4701.0,0.0,4701.0,85011347,47888868,0,291220613
1702755787190.237,0,0,0,0,0,0,0,0,0,0,0,0,0,0,0,0,0,0,0,0,0,0,0,0,0,0,0,0,0,0,0,0,0,0,0,0,0,0,0,0,6609047535,797746097,2155915,2115289,0,0,0,0,207222,8503938560,53107,1400024576,47.21875,14734.187499999998,25.109375,195.0625,139.09375,1.9,4701.0,0.0,4701.0,85073800,47923820,0,291364002
1702755788178.9229,0,0,0,0,0,0,0,0,0,0,0,0,0,0,0,0,0,0,0,0,0,0,0,0,0,0,0,0,0,0,0,0,0,0,0,0,0,0,0,0,6611378853,798460789,2158529,2117145,0,0,0,0,207222,8503938560,53122,1400262144,47.25,14745.843749999998,25.109375,195.15625,139.15625,1.6,4701.0,0.0,4701.0,85138096,47959687,0,291565709
1702755789187.0977,0,0,0,0,0,0,0,0,0,0,0,0,0,0,0,0,0,0,0,0,0,0,0,0,0,0,0,0,0,0,0,0,0,0,0,0,0,0,0,0,6613615941,799197913,2161098,2119033,0,0,0,0,207222,8503938560,53168,1400524288,47.25,14757.937499999998,25.109375,195.1875,139.1875,0.5,4701.0,0.0,4701.0,85204364,47996511,0,291727211
1702755790179.0073,0,0,0,0,0,0,0,0,0,0,0,0,0,0,0,0,0,0,0,0,0,0,0,0,0,0,0,0,0,0,0,0,0,0,0,0,0,0,0,0,6615321813,799899662,2163136,2120635,0,0,0,0,207222,8503938560,53186,1400704512,47.265625,14769.671874999998,25.109375,195.265625,139.21875,1.1,4701.0,0.0,4701.0,85267725,48031613,0,291942494
1702755791188.6877,0,0,0,0,0,0,0,0,0,0,0,0,0,0,0,0,0,0,0,0,0,0,0,0,0,0,0,0,0,0,0,0,0,0,0,0,0,0,0,0,6617838807,800634142,2165777,2122412,0,0,0,0,207222,8503938560,53186,1400704512,47.265625,14781.671874999998,25.15625,195.375,139.296875,1.9,4701.0,0.0,4701.0,85338071,48069868,0,292106401
1702755792184.125,0,0,0,0,0,0,0,0,0,0,0,0,0,0,0,0,0,0,0,0,0,0,0,0,0,0,0,0,0,0,0,0,0,0,0,0,0,0,0,0,6620231347,801365266,2168412,2124325,0,0,0,0,207222,8503938560,53202,1400831488,47.328125,14793.265624999998,25.1875,195.53125,139.390625,2.9,4701.0,0.0,4701.0,85404608,48106682,0,292311349
1702755793180.062,0,0,0,0,0,0,0,0,0,0,0,0,0,0,0,0,0,0,0,0,0,0,0,0,0,0,0,0,0,0,0,0,0,0,0,0,0,0,0,0,6621976329,802069743,2170365,2126061,0,0,0,0,207223,8503971328,53219,1401376256,47.375,14805.109374999998,25.1875,195.625,139.421875,1.4,4701.0,0.0,4701.0,85467515,48141570,0,292463728
1702755794193.0068,0,0,0,0,0,0,0,0,0,0,0,0,0,0,0,0,0,0,0,0,0,0,0,0,0,0,0,0,0,0,0,0,0,0,0,0,0,0,0,0,6624539910,802837831,2173201,2128036,0,0,0,0,207223,8503971328,53219,1401376256,47.421875,14817.124999999998,25.1875,195.765625,139.453125,1.8,4701.0,0.0,4701.0,85543334,48182652,0,292716170
1702755795182.0042,0,0,0,0,0,0,0,0,0,0,0,0,0,0,0,0,0,0,0,0,0,0,0,0,0,0,0,0,0,0,0,0,0,0,0,0,0,0,0,0,6626971052,803561220,2176016,2130017,0,0,0,0,207224,8504086016,53247,1401912832,47.5,14828.749999999998,25.203125,195.90625,139.5,2.4,4701.0,0.0,4701.0,85606500,48218002,0,292864803
1702755796179.0574,0,0,0,0,0,0,0,0,0,0,0,0,0,0,0,0,0,0,0,0,0,0,0,0,0,0,0,0,0,0,0,0,0,0,0,0,0,0,0,0,6629384014,804306909,2178699,2131879,0,0,0,0,207224,8504086016,53264,1402125824,47.53125,14840.562499999998,25.21875,196.04687500000182,139.546875,1.9,4701.0,0.0,4701.0,85677824,48256810,0,293111153
1702755797190.7002,0,0,0,0,0,0,0,0,0,0,0,0,0,0,0,0,0,0,0,0,0,0,0,0,0,0,0,0,0,0,0,0,0,0,0,0,0,0,0,0,6631770959,805041449,2181344,2133741,0,0,0,0,207224,8504086016,53286,1402334720,47.578125,14852.499999999998,25.28125,196.26562500000182,139.578125,2.9,4701.0,0.0,4701.0,85742127,48292780,0,293271706
1702755798187.6987,0,0,0,0,0,0,0,0,0,0,0,0,0,0,0,0,0,0,0,0,0,0,0,0,0,0,0,0,0,0,0,0,0,0,0,0,0,0,0,0,6634095844,805781316,2183908,2135636,0,0,0,0,207224,8504086016,53290,1402412544,47.609375,14864.187499999998,25.28125,196.48437500000182,139.671875,2.9,4701.0,0.0,4701.0,85813996,48332314,0,293536657
1702755799183.4443,0,0,0,0,0,0,0,0,0,0,0,0,0,0,0,0,0,0,0,0,0,0,0,0,0,0,0,0,0,0,0,0,0,0,0,0,0,0,0,0,6636599671,806516065,2186516,2137553,0,0,0,0,207224,8504086016,53316,1402674688,47.65625,14875.843749999998,25.296875,196.60937500000182,139.703125,1.8,4701.0,0.0,4701.0,85882274,48369796,0,293708896
1702755800177.0583,0,0,0,0,0,0,0,0,0,0,0,0,0,0,0,0,0,0,0,0,0,0,0,0,0,0,0,0,0,0,0,0,0,0,0,0,0,0,0,0,6638960313,807237839,2189093,2139385,0,0,0,0,207224,8504086016,53334,1402850816,47.703125,14887.624999999998,25.328125,196.79687500000182,139.734375,2.5,4701.0,0.0,4701.0,85947329,48405959,0,293918788
1702755801186.8389,0,0,0,0,0,0,0,0,0,0,0,0,0,0,0,0,0,0,0,0,0,0,0,0,0,0,0,0,0,0,0,0,0,0,0,0,0,0,0,0,6641363805,807970414,2191893,2141265,0,0,0,0,207224,8504086016,53345,1402985984,47.75,14899.703124999998,25.328125,196.85937500000182,139.75,1.0,4701.0,0.0,4701.0,86010780,48441161,0,294067568
1702755802181.173,0,0,0,0,0,0,0,0,0,0,0,0,0,0,0,0,0,0,0,0,0,0,0,0,0,0,0,0,0,0,0,0,0,0,0,0,0,0,0,0,6643540303,808704977,2194547,2143156,0,0,0,0,207224,8504086016,53345,1402985984,47.78125,14911.359374999998,25.328125,197.00000000000182,139.796875,1.8,4701.0,0.0,4701.0,86079072,48479028,0,294299211
1702755803195.0454,0,0,0,0,0,0,0,0,0,0,0,0,0,0,0,0,0,0,0,0,0,0,0,0,0,0,0,0,0,0,0,0,0,0,0,0,0,0,0,0,6645872610,809444664,2197267,2145009,0,0,0,0,207225,8504102400,53369,1403313664,47.828125,14923.359374999998,25.34375,197.15625000000182,139.828125,2.0,4701.0,0.0,4701.0,86145707,48516238,0,294471727
1702755804185.7007,0,0,0,0,0,0,0,0,0,0,0,0,0,0,0,0,0,0,0,0,0,0,0,0,0,0,0,0,0,0,0,0,0,0,0,0,0,0,0,0,6648185676,810155159,2199962,2146773,0,0,0,0,207225,8504102400,53387,1403588096,47.859375,14935.187499999998,25.375,197.28125000000182,139.84375,1.7,4701.0,0.0,4701.0,86210135,48552058,0,294675451
1702755805181.9045,0,0,0,0,0,0,0,0,0,0,0,0,0,0,0,0,0,0,0,0,0,0,0,0,0,0,0,0,0,0,0,0,0,0,0,0,0,0,0,0,6650331329,810891100,2202394,2148668,0,0,0,0,207225,8504102400,53436,1403936256,47.90625,14946.906249999998,25.390625,197.37500000000182,139.875,1.6,4701.0,0.0,4701.0,86277387,48589272,0,294845421
1702755806194.3813,0,0,0,0,0,0,0,0,0,0,0,0,0,0,0,0,0,0,0,0,0,0,0,0,0,0,0,0,0,0,0,0,0,0,0,0,0,0,0,0,6652764760,811640577,2205199,2150601,0,0,0,0,207225,8504102400,53436,1403936256,47.9375,14958.937499999998,25.40625,197.51562500000182,139.890625,1.7,4701.0,0.0,4701.0,86348940,48628945,0,295097985
1702755807185.8782,0,0,0,0,0,0,0,0,0,0,0,0,0,0,0,0,0,0,0,0,0,0,0,0,0,0,0,0,0,0,0,0,0,0,0,0,0,0,0,0,6655184573,812367253,2207912,2152503,0,0,0,0,207225,8504102400,53465,1404296704,47.96875,14970.812499999998,25.40625,197.59375000000182,139.9375,1.3,4701.0,0.0,4701.0,86415064,48665770,0,295267714
1702755808194.2512,0,0,0,0,0,0,0,0,0,0,0,0,0,0,0,0,0,0,0,0,0,0,0,0,0,0,0,0,0,0,0,0,0,0,0,0,0,0,0,0,6657621422,813110606,2210682,2154490,0,0,0,0,207225,8504102400,53483,1404513792,47.96875,14982.703124999998,25.40625,197.70312500000182,139.9375,0.9,4701.0,0.0,4701.0,86482488,48703217,0,295482904
1702755809193.0422,0,0,0,0,0,0,0,0,0,0,0,0,0,0,0,0,0,0,0,0,0,0,0,0,0,0,0,0,0,0,0,0,0,0,0,0,0,0,0,0,6660129884,813859423,2213500,2156487,0,0,0,0,207225,8504102400,53483,1404513792,47.984375,14994.578124999998,25.4375,197.78125000000182,139.984375,1.4,4701.0,0.0,4701.0,86549442,48740414,0,295659469
1702755810192.6885,0,0,0,0,0,0,0,0,0,0,0,0,0,0,0,0,0,0,0,0,0,0,0,0,0,0,0,0,0,0,0,0,0,0,0,0,0,0,0,0,6662485660,814603328,2216177,2158445,0,0,0,0,207226,8504106496,53503,1404706304,48.015625,15006.359374999998,25.453125,197.93750000000182,140.046875,2.2,4701.0,0.0,4701.0,86618838,48778602,0,295909836
1702755811186.9385,0,0,0,0,0,0,0,0,0,0,0,0,0,0,0,0,0,0,0,0,0,0,0,0,0,0,0,0,0,0,0,0,0,0,0,0,0,0,0,0,6665076313,815344120,2219193,2160516,0,0,0,0,207226,8504106496,53524,1404923392,48.09375,15018.234374999998,25.453125,198.06250000000182,140.046875,1.7,4701.0,0.0,4701.0,86686305,48815957,0,296081170
1702755812184.3486,0,0,0,0,0,0,0,0,0,0,0,0,0,0,0,0,0,0,0,0,0,0,0,0,0,0,0,0,0,0,0,0,0,0,0,0,0,0,0,0,6667608796,816066918,2221966,2162376,0,0,0,0,207227,8504139264,53543,1405148672,48.15625,15029.828124999998,25.46875,198.21875000000182,140.109375,2.5,4701.0,0.0,4701.0,86752812,48852811,0,296299043
1702755813184.3047,0,0,0,0,0,0,0,0,0,0,0,0,0,0,0,0,0,0,0,0,0,0,0,0,0,0,0,0,0,0,0,0,0,0,0,0,0,0,0,0,6669822459,816803538,2224517,2164241,0,0,0,0,207227,8504139264,53547,1405255168,48.15625,15041.8125,25.484375,198.296875,140.234375,1.8,4701.0,0.0,4701.0,86821728,48890961,0,296490055
1702755814179.89,0,0,0,0,0,0,0,0,0,0,0,0,0,0,0,0,0,0,0,0,0,0,0,0,0,0,0,0,0,0,0,0,0,0,0,0,0,0,0,0,6672273626,817548640,2227318,2166200,0,0,0,0,207231,8504221184,53576,1405693440,48.1875,15053.34375,25.5,198.46875,140.34375,2.8,4701.0,0.0,4701.0,86895320,48931141,0,296750831
1702755815180.1055,0,0,0,0,0,0,0,0,0,0,0,0,0,0,0,0,0,0,0,0,0,0,0,0,0,0,0,0,0,0,0,0,0,0,0,0,0,0,0,0,6674708359,818286915,2229962,2168168,0,0,0,0,207231,8504221184,53599,1405935104,48.234375,15065.140625,25.515625,198.609375,140.40625,2.2,4701.0,0.0,4701.0,86962641,48968557,0,296924440
1702755816190.662,0,0,0,0,0,0,0,0,0,0,0,0,0,0,0,0,0,0,0,0,0,0,0,0,0,0,0,0,0,0,0,0,0,0,0,0,0,0,0,0,6677127733,819015095,2232590,2169926,0,0,0,0,207231,8504221184,53612,1406041600,48.25,15077.125,25.546875,198.734375,140.484375,2.0,4701.0,0.0,4701.0,87027612,49004356,0,297137213
1702755817184.3357,0,0,0,0,0,0,0,0,0,0,0,0,0,0,0,0,0,0,0,0,0,0,0,0,0,0,0,0,0,0,0,0,0,0,0,0,0,0,0,0,6679632945,819727886,2235298,2171614,0,0,0,0,207231,8504221184,53612,1406041600,48.296875,15088.84375,25.5625,198.84375,140.5625,2.1,4701.0,0.0,4701.0,87090149,49039308,0,297292854
1702755818185.9456,0,0,0,0,0,0,0,0,0,0,0,0,0,0,0,0,0,0,0,0,0,0,0,0,0,0,0,0,0,0,0,0,0,0,0,0,0,0,0,0,6682181911,820451379,2238155,2173448,0,0,0,0,207232,8504237568,53636,1406320128,48.328125,15100.75,25.578125,198.9375,140.65625,1.9,4701.0,0.0,4701.0,87155237,49075500,0,297495991
1702755819183.2605,0,0,0,0,0,0,0,0,0,0,0,0,0,0,0,0,0,0,0,0,0,0,0,0,0,0,0,0,0,0,0,0,0,0,0,0,0,0,0,0,6684678485,821180707,2240999,2175408,0,0,0,0,207235,8504319488,53664,1406934528,48.34375,15112.4375,25.59375,199.0,140.71875,1.3,4701.0,0.0,4701.0,87218460,49110727,0,297631110
1702755820194.603,0,0,0,0,0,0,0,0,0,0,0,0,0,0,0,0,0,0,0,0,0,0,0,0,0,0,0,0,0,0,0,0,0,0,0,0,0,0,0,0,6687162795,821921267,2243899,2177325,0,0,0,0,207237,8504417792,53676,1407278592,48.375,15124.453125,25.640625,199.15625,140.734375,2.1,4701.0,0.0,4701.0,87283392,49147148,0,297836774
1702755821193.0354,0,0,0,0,0,0,0,0,0,0,0,0,0,0,0,0,0,0,0,0,0,0,0,0,0,0,0,0,0,0,0,0,0,0,0,0,0,0,0,0,6689751526,822656402,2246799,2179331,0,0,0,0,207237,8504417792,53676,1407278592,48.40625,15136.234375,25.6875,199.296875,140.8125,2.5,4701.0,0.0,4701.0,87349563,49183644,0,298001938
1702755822181.969,0,0,0,0,0,0,0,0,0,0,0,0,0,0,0,0,0,0,0,0,0,0,0,0,0,0,0,0,0,0,0,0,0,0,0,0,0,0,0,0,6692144157,823373821,2249457,2181160,0,0,0,0,207238,8504434176,53757,1407839744,48.484375,15147.828125,25.6875,199.453125,140.875,2.5,4701.0,0.0,4701.0,87414599,49219712,0,298219489
1702755823194.4421,0,0,0,0,0,0,0,0,0,0,0,0,0,0,0,0,0,0,0,0,0,0,0,0,0,0,0,0,0,0,0,0,0,0,0,0,0,0,0,0,6694567118,824117173,2252353,2183184,0,0,0,0,207238,8504434176,53770,1408089600,48.515625,15159.890625,25.6875,199.5,140.953125,1.3,4701.0,0.0,4701.0,87482115,49257271,0,298382534
1702755824188.587,0,0,0,0,0,0,0,0,0,0,0,0,0,0,0,0,0,0,0,0,0,0,0,0,0,0,0,0,0,0,0,0,0,0,0,0,0,0,0,0,6696958999,824846438,2255166,2185061,0,0,0,0,207238,8504434176,53770,1408089600,48.546875,15171.6875,25.6875,199.59375,141.0625,1.9,4701.0,0.0,4701.0,87548928,49294329,0,298606340
1702755825180.7441,0,0,0,0,0,0,0,0,0,0,0,0,0,0,0,0,0,0,0,0,0,0,0,0,0,0,0,0,0,0,0,0,0,0,0,0,0,0,0,0,6699470447,825574890,2257836,2186843,0,0,0,0,207239,8504450560,53793,1408339456,48.578125,15183.40625,25.6875,199.640625,141.109375,1.1,4701.0,0.0,4701.0,87614712,49330985,0,298771691
1702755826190.469,0,0,0,0,0,0,0,0,0,0,0,0,0,0,0,0,0,0,0,0,0,0,0,0,0,0,0,0,0,0,0,0,0,0,0,0,0,0,0,0,6702044871,826322311,2260694,2188828,0,0,0,0,207239,8504450560,53809,1408470528,48.625,15195.453125,25.6875,199.71875,141.171875,1.5,4701.0,0.0,4701.0,87680628,49367892,0,298978129
1702755827187.9324,0,0,0,0,0,0,0,0,0,0,0,0,0,0,0,0,0,0,0,0,0,0,0,0,0,0,0,0,0,0,0,0,0,0,0,0,0,0,0,0,6704417403,827054070,2263448,2190817,0,0,0,0,207255,8504638976,53829,1408806400,48.671875,15207.21875,25.71875,199.828125,141.296875,2.6,4701.0,0.0,4701.0,87786849,49420724,0,299204210
1702755828179.3086,0,0,0,0,0,0,0,0,0,0,0,0,0,0,0,0,0,0,0,0,0,0,0,0,0,0,0,0,0,0,0,0,0,0,0,0,0,0,0,0,6706134899,827773991,2265526,2192577,0,0,0,0,207255,8504638976,53831,1408822784,48.71875,15218.828125,25.765625,199.96875,141.359375,2.5,4701.0,0.0,4701.0,87859923,49460377,0,299470213
1702755829177.9426,0,0,0,0,0,0,0,0,0,0,0,0,0,0,0,0,0,0,0,0,0,0,0,0,0,0,0,0,0,0,0,0,0,0,0,0,0,0,0,0,6707719393,828471949,2267270,2194152,0,0,0,0,207257,8504659456,53856,1409150464,48.765625,15230.625,25.78125,200.09375,141.4375,2.2,4701.0,0.0,4701.0,87924225,49496105,0,299655357
1702755830190.0735,0,0,0,0,0,0,0,0,0,0,0,0,0,0,0,0,0,0,0,0,0,0,0,0,0,0,0,0,0,0,0,0,0,0,0,0,0,0,0,0,6708713196,829260302,2270288,2196442,0,0,0,0,207258,8504675840,53878,1409424896,48.84375,15242.5625,25.78125,200.28125,141.5,2.7,4701.0,0.0,4701.0,88004287,49539318,0,299900973
1702755831178.9783,0,0,0,0,0,0,0,0,0,0,0,0,0,0,0,0,0,0,0,0,0,0,0,0,0,0,0,0,0,0,0,0,0,0,0,0,0,0,0,0,6709564385,830001609,2272698,2198503,0,0,0,0,207258,8504675840,53898,1409654272,48.890625,15254.21875,25.796875,200.390625,141.546875,1.8,4701.0,0.0,4701.0,88069382,49575771,0,300063133
1702755832188.5527,0,0,0,0,0,0,0,0,0,0,0,0,0,0,0,0,0,0,0,0,0,0,0,0,0,0,0,0,0,0,0,0,0,0,0,0,0,0,0,0,6710697924,830739723,2275178,2200382,0,0,0,0,207258,8504675840,53900,1409662464,48.953125,15266.15625,25.8125,200.53125,141.65625,2.7,4701.0,0.0,4701.0,88137028,49613220,0,300290789
1702755833187.283,0,0,0,0,0,0,0,0,0,0,0,0,0,0,0,0,0,0,0,0,0,0,0,0,0,0,0,0,0,0,0,0,0,0,0,0,0,0,0,0,6711803010,831481455,2277648,2202392,0,0,0,0,207259,8504708608,53923,1410129408,49.046875,15277.890625,25.828125,200.71875,141.734375,3.1,4701.0,0.0,4701.0,88203186,49650158,0,300453788
1702755834191.9885,0,0,0,0,0,0,0,0,0,0,0,0,0,0,0,0,0,0,0,0,0,0,0,0,0,0,0,0,0,0,0,0,0,0,0,0,0,0,0,0,6713124426,832244218,2280268,2204464,0,0,0,0,207259,8504708608,53944,1410366976,49.109375,15289.6875,25.84375,200.859375,141.796875,2.3,4701.0,0.0,4701.0,88276175,49690198,0,300701087
1702755835186.8987,0,0,0,0,0,0,0,0,0,0,0,0,0,0,0,0,0,0,0,0,0,0,0,0,0,0,0,0,0,0,0,0,0,0,0,0,0,0,0,0,6715117901,832976355,2282963,2206382,0,0,0,0,207259,8504708608,53973,1410768384,49.15625,15301.515625,25.859375,200.96875,141.859375,1.9,4701.0,0.0,4701.0,88345124,49728257,0,300889486
1702755836179.6033,0,0,0,0,0,0,0,0,0,0,0,0,0,0,0,0,0,0,0,0,0,0,0,0,0,0,0,0,0,0,0,0,0,0,0,0,0,0,0,0,6716212019,833717852,2285428,2208345,0,0,0,0,207259,8504708608,53973,1410768384,49.171875,15313.140625,25.859375,201.078125,141.9375,1.7,4701.0,0.0,4701.0,88414382,49766283,0,301128910
1702755837192.0886,0,0,0,0,0,0,0,0,0,0,0,0,0,0,0,0,0,0,0,0,0,0,0,0,0,0,0,0,0,0,0,0,0,0,0,0,0,0,0,0,6717473814,834463218,2288066,2210367,0,0,0,0,207259,8504708608,53993,1411063296,49.203125,15325.125,25.875,201.21875,142.0,2.0,4701.0,0.0,4701.0,88480074,49802997,0,301289260
1702755838190.9028,0,0,0,0,0,0,0,0,0,0,0,0,0,0,0,0,0,0,0,0,0,0,0,0,0,0,0,0,0,0,0,0,0,0,0,0,0,0,0,0,6718695350,835199329,2290580,2212452,0,0,0,0,207259,8504708608,54064,1411481088,49.21875,15336.921875,25.921875,201.375,142.046875,2.2,4701.0,0.0,4701.0,88544992,49839426,0,301494443
1702755839190.2456,0,0,0,0,0,0,0,0,0,0,0,0,0,0,0,0,0,0,0,0,0,0,0,0,0,0,0,0,0,0,0,0,0,0,0,0,0,0,0,0,6720016257,835949696,2293165,2214605,0,0,0,0,207259,8504708608,54064,1411481088,49.25,15348.6875,25.9375,201.515625,142.140625,2.3,4701.0,0.0,4701.0,88608945,49875259,0,301644922
1702755840185.0085,0,0,0,0,0,0,0,0,0,0,0,0,0,0,0,0,0,0,0,0,0,0,0,0,0,0,0,0,0,0,0,0,0,0,0,0,0,0,0,0,6721192328,836682857,2295534,2216590,0,0,0,0,207262,8504823296,54085,1411886592,49.28125,15360.34375,25.9375,201.71875,142.234375,2.7,4701.0,0.0,4701.0,88676158,49912621,0,301879766
1702755841184.2036,0,0,0,0,0,0,0,0,0,0,0,0,0,0,0,0,0,0,0,0,0,0,0,0,0,0,0,0,0,0,0,0,0,0,0,0,0,0,0,0,6722622779,837428958,2298253,2218691,0,0,0,0,207264,8504856064,54108,1412140544,49.328125,15371.984375,25.96875,201.875,142.328125,2.7,4701.0,0.0,4701.0,88748313,49952304,0,302083740
1702755842191.2798,0,0,0,0,0,0,0,0,0,0,0,0,0,0,0,0,0,0,0,0,0,0,0,0,0,0,0,0,0,0,0,0,0,0,0,0,0,0,0,0,6724006785,838178830,2300741,2220694,0,0,0,0,207264,8504856064,54128,1412427264,49.359375,15383.828125,26.0,202.09375,142.421875,3.1,4701.0,0.0,4701.0,88815637,49989965,0,302314080
1702755843190.7332,0,0,0,0,0,0,0,0,0,0,0,0,0,0,0,0,0,0,0,0,0,0,0,0,0,0,0,0,0,0,0,0,0,0,0,0,0,0,0,0,6725340127,838916135,2303288,2222693,0,0,0,0,207264,8504856064,54131,1412529664,49.359375,15395.703125,26.0,202.125,142.515625,1.0,4701.0,0.0,4701.0,88881196,50026620,0,302480463
1702755844183.3037,0,0,0,0,0,0,0,0,0,0,0,0,0,0,0,0,0,0,0,0,0,0,0,0,0,0,0,0,0,0,0,0,0,0,0,0,0,0,0,0,6726978402,839639897,2305862,2224502,0,0,0,0,207264,8504856064,54149,1412697600,49.40625,15407.328125,26.0,202.265625,142.5625,2.0,4701.0,0.0,4701.0,88946000,50062823,0,302703915
1702755845183.201,0,0,0,0,0,0,0,0,0,0,0,0,0,0,0,0,0,0,0,0,0,0,0,0,0,0,0,0,0,0,0,0,0,0,0,0,0,0,0,0,6728872490,840377914,2308480,2226458,0,0,0,0,207264,8504856064,54169,1412894208,49.484375,15419.078125,26.03125,202.421875,142.65625,3.0,4701.0,0.0,4701.0,89011154,50099247,0,302867915
1702755846186.7751,0,0,0,0,0,0,0,0,0,0,0,0,0,0,0,0,0,0,0,0,0,0,0,0,0,0,0,0,0,0,0,0,0,0,0,0,0,0,0,0,6730766724,841120634,2311122,2228538,0,0,0,0,207265,8504872448,54185,1413033472,49.53125,15431.0,26.0625,202.609375,142.71875,2.7,4701.0,0.0,4701.0,89076937,50136137,0,303071654
1702755847184.7744,0,0,0,0,0,0,0,0,0,0,0,0,0,0,0,0,0,0,0,0,0,0,0,0,0,0,0,0,0,0,0,0,0,0,0,0,0,0,0,0,6732088187,841848657,2313588,2230467,0,0,0,0,207265,8504872448,54185,1413033472,49.546875,15442.828125,26.078125,202.6875,142.765625,1.3,4701.0,0.0,4701.0,89139049,50171243,0,303220581
1702755848182.4,0,0,0,0,0,0,0,0,0,0,0,0,0,0,0,0,0,0,0,0,0,0,0,0,0,0,0,0,0,0,0,0,0,0,0,0,0,0,0,0,6733258166,842602188,2316265,2232699,0,0,0,0,207265,8504872448,54196,1413139968,49.546875,15454.59375,26.09375,202.75,142.8125,1.1,4701.0,0.0,4701.0,89211557,50211228,0,303463496
1702755849181.973,0,0,0,0,0,0,0,0,0,0,0,0,0,0,0,0,0,0,0,0,0,0,0,0,0,0,0,0,0,0,0,0,0,0,0,0,0,0,0,0,6734613641,843348359,2318847,2234744,0,0,0,0,207266,8504888832,54218,1413361152,49.5625,15466.46875,26.09375,202.84375,142.84375,1.2,4701.0,0.0,4701.0,89276409,50247608,0,303616494
1702755850185.931,0,0,0,0,0,0,0,0,0,0,0,0,0,0,0,0,0,0,0,0,0,0,0,0,0,0,0,0,0,0,0,0,0,0,0,0,0,0,0,0,6735770748,844094444,2321357,2236785,0,0,0,0,207267,8504905216,54241,1413664256,49.625,15478.40625,26.125,203.015625,142.90625,2.7,4701.0,0.0,4701.0,89347113,50286773,0,303857927
1702755851181.9336,0,0,0,0,0,0,0,0,0,0,0,0,0,0,0,0,0,0,0,0,0,0,0,0,0,0,0,0,0,0,0,0,0,0,0,0,0,0,0,0,6736917890,844834249,2323859,2238837,0,0,0,0,207267,8504905216,54241,1413664256,49.6875,15490.0625,26.125,203.109375,142.984375,2.0,4701.0,0.0,4701.0,89413727,50324143,0,304031588
1702755852191.072,0,0,0,0,0,0,0,0,0,0,0,0,0,0,0,0,0,0,0,0,0,0,0,0,0,0,0,0,0,0,0,0,0,0,0,0,0,0,0,0,6738025625,845585249,2326360,2240759,0,0,0,0,207267,8504905216,54258,1413828096,49.71875,15502.125,26.125,203.1875,143.03125,1.3,4701.0,0.0,4701.0,89480862,50361429,0,304252472
1702755853185.5686,0,0,0,0,0,0,0,0,0,0,0,0,0,0,0,0,0,0,0,0,0,0,0,0,0,0,0,0,0,0,0,0,0,0,0,0,0,0,0,0,6739243645,846324298,2328984,2242964,0,0,0,0,207267,8504905216,54275,1414151680,49.75,15514.015625,26.140625,203.25,143.03125,0.9,4701.0,0.0,4701.0,89546627,50398339,0,304415946
1702755854174.9363,0,0,0,0,0,0,0,0,0,0,0,0,0,0,0,0,0,0,0,0,0,0,0,0,0,0,0,0,0,0,0,0,0,0,0,0,0,0,0,0,6740296141,847065889,2331472,2244951,0,0,0,0,207267,8504905216,54275,1414151680,49.78125,15525.71875,26.140625,203.375,143.0625,1.6,4701.0,0.0,4701.0,89618355,50438024,0,304670400
1702755855187.6558,0,0,0,0,0,0,0,0,0,0,0,0,0,0,0,0,0,0,0,0,0,0,0,0,0,0,0,0,0,0,0,0,0,0,0,0,0,0,0,0,6741395973,847819186,2333979,2246914,0,0,0,0,207267,8504905216,54330,1414606336,49.796875,15537.75,26.1875,203.484375,143.109375,1.8,4701.0,0.0,4701.0,89686084,50475887,0,304855572
1702755856181.7512,0,0,0,0,0,0,0,0,0,0,0,0,0,0,0,0,0,0,0,0,0,0,0,0,0,0,0,0,0,0,0,0,0,0,0,0,0,0,0,0,6742620047,848561171,2336519,2248948,0,0,0,0,207268,8504921600,54353,1414917632,49.8125,15549.390625,26.203125,203.609375,143.15625,1.7,4701.0,0.0,4701.0,89754616,50513807,0,305090123
1702755857179.3203,0,0,0,0,0,0,0,0,0,0,0,0,0,0,0,0,0,0,0,0,0,0,0,0,0,0,0,0,0,0,0,0,0,0,0,0,0,0,0,0,6743758701,849294289,2338989,2250851,0,0,0,0,207268,8504921600,54369,1415056896,49.875,15561.203125,26.234375,203.75,143.203125,2.3,4701.0,0.0,4701.0,89818550,50549751,0,305251048
1702755858180.5405,0,0,0,0,0,0,0,0,0,0,0,0,0,0,0,0,0,0,0,0,0,0,0,0,0,0,0,0,0,0,0,0,0,0,0,0,0,0,0,0,6744978223,850033003,2341529,2252826,0,0,0,0,207268,8504921600,54372,1415167488,49.96875,15572.96875,26.25,203.96875,143.21875,2.8,4701.0,0.0,4701.0,89886449,50587650,0,305476680
1702755859182.6934,0,0,0,0,0,0,0,0,0,0,0,0,0,0,0,0,0,0,0,0,0,0,0,0,0,0,0,0,0,0,0,0,0,0,0,0,0,0,0,0,6745996040,850745369,2343510,2254509,0,0,0,0,207268,8504921600,54387,1415327232,50.015625,15584.78125,26.296875,204.125,143.25,2.3,4701.0,0.0,4701.0,89948411,50622452,0,305626932
1702755860172.2246,0,0,0,0,0,0,0,0,0,0,0,0,0,0,0,0,0,0,0,0,0,0,0,0,0,0,0,0,0,0,0,0,0,0,0,0,0,0,0,0,6746088172,851414656,2344235,2255787,0,0,0,0,207268,8504921600,54410,1415622144,50.046875,15596.5625,26.3125,204.234375,143.34375,2.1,4701.0,0.0,4701.0,90009162,50656406,0,305848828
1702755861193.289,0,0,0,0,0,0,0,0,0,0,0,0,0,0,0,0,0,0,0,0,0,0,0,0,0,0,0,0,0,0,0,0,0,0,0,0,0,0,0,0,6749003302,852120831,2346809,2257479,0,0,0,0,207269,8504954368,54430,1415892480,50.078125,15608.625,26.3125,204.328125,143.390625,1.4,4701.0,0.0,4701.0,90062635,50686990,0,305999175
1702755862186.7205,0,0,0,0,0,0,0,0,0,0,0,0,0,0,0,0,0,0,0,0,0,0,0,0,0,0,0,0,0,0,0,0,0,0,0,0,0,0,0,0,6752220170,852874662,2350183,2259473,0,0,0,0,207269,8504954368,54433,1415978496,50.109375,15620.421875,26.328125,204.5,143.421875,2.1,4701.0,0.0,4701.0,90136046,50726109,0,306265346
1702755863181.7913,0,0,0,0,0,0,0,0,0,0,0,0,0,0,0,0,0,0,0,0,0,0,0,0,0,0,0,0,0,0,0,0,0,0,0,0,0,0,0,0,6753063806,853644695,2352989,2261663,0,0,0,0,207271,8505003520,54467,1416519168,50.15625,15632.125,26.359375,204.609375,143.421875,1.6,4701.0,0.0,4701.0,90208667,50765862,0,306438316
1702755864175.8809,0,0,0,0,0,0,0,0,0,0,0,0,0,0,0,0,0,0,0,0,0,0,0,0,0,0,0,0,0,0,0,0,0,0,0,0,0,0,0,0,6754020406,854383618,2355389,2263681,0,0,0,0,207272,8505019904,54481,1416793600,50.1875,15643.984375,26.359375,204.71875,143.453125,1.4,4701.0,0.0,4701.0,90275561,50803057,0,306642808
1702755865190.8806,0,0,0,0,0,0,0,0,0,0,0,0,0,0,0,0,0,0,0,0,0,0,0,0,0,0,0,0,0,0,0,0,0,0,0,0,0,0,0,0,6755245081,855146796,2358057,2265933,0,0,0,0,207273,8505069056,54496,1417084416,50.1875,15656.015625,26.375,204.8125,143.515625,1.4,4701.0,0.0,4701.0,90343940,50841217,0,306806390
1702755866177.834,0,0,0,0,0,0,0,0,0,0,0,0,0,0,0,0,0,0,0,0,0,0,0,0,0,0,0,0,0,0,0,0,0,0,0,0,0,0,0,0,6756419613,855880774,2360556,2267909,0,0,0,0,207273,8505069056,54497,1417088512,50.203125,15667.6875,26.40625,204.90625,143.5625,1.6,4701.0,0.0,4701.0,90410576,50878237,0,307026851
1702755867195.738,0,0,0,0,0,0,0,0,0,0,0,0,0,0,0,0,0,0,0,0,0,0,0,0,0,0,0,0,0,0,0,0,0,0,0,0,0,0,0,0,6758009707,856607038,2363108,2269763,0,0,0,0,207273,8505069056,54516,1417305600,50.25,15679.703125,26.421875,205.0625,143.578125,1.9,4701.0,0.0,4701.0,90481988,50917471,0,307248861
1702755868180.959,0,0,0,0,0,0,0,0,0,0,0,0,0,0,0,0,0,0,0,0,0,0,0,0,0,0,0,0,0,0,0,0,0,0,0,0,0,0,0,0,6758449321,856690719,2363707,2270214,0,0,0,0,207273,8505069056,54595,1418698240,50.296875,15691.25,26.453125,205.15624999999818,143.75,2.9,4701.0,0.0,4701.0,90684146,51021822,0,308616969
1702755869184.8398,0,0,0,0,0,0,0,0,0,0,0,0,0,0,0,0,0,0,0,0,0,0,0,0,0,0,0,0,0,0,0,0,0,0,0,0,0,0,0,0,6758881367,856768346,2364289,2270691,0,0,0,0,207273,8505069056,54595,1418698240,50.375,15702.890625,26.578125,205.40624999999818,144.046875,6.1,4701.0,0.0,4701.0,90912498,51139749,0,310055086
1702755870177.6804,0,0,0,0,0,0,0,0,0,0,0,0,0,0,0,0,0,0,0,0,0,0,0,0,0,0,0,0,0,0,0,0,0,0,0,0,0,0,0,0,6759302239,856835288,2364803,2271103,0,0,0,0,207273,8505069056,54616,1418960384,50.484375,15714.203125,26.640625,205.68749999999818,144.265625,5.6,4701.0,0.0,4701.0,91132015,51253281,0,311523883
1702755871195.9424,0,0,0,0,0,0,0,0,0,0,0,0,0,0,0,0,0,0,0,0,0,0,0,0,0,0,0,0,0,0,0,0,0,0,0,0,0,0,0,0,6759745911,856916491,2365396,2271583,0,0,0,0,207274,8505101824,54682,1419431424,50.59375,15725.953125,26.734375,205.95312499999818,144.4375,5.2,4701.0,0.0,4701.0,91359678,51371788,0,312995041
1702755872181.2517,0,0,0,0,0,0,0,0,0,0,0,0,0,0,0,0,0,0,0,0,0,0,0,0,0,0,0,0,0,0,0,0,0,0,0,0,0,0,0,0,6760164241,856984351,2365907,2271992,0,0,0,0,207275,8505216512,54699,1419795968,50.65625,15737.28125,26.828125,206.17187499999818,144.703125,5.4,4701.0,0.0,4701.0,91578134,51485067,0,314447888
1702755873184.8398,0,0,0,0,0,0,0,0,0,0,0,0,0,0,0,0,0,0,0,0,0,0,0,0,0,0,0,0,0,0,0,0,0,0,0,0,0,0,0,0,6761393369,857450251,2367461,2273241,0,0,0,0,207276,8505249280,54702,1419898368,50.71875,15748.984375,26.90625,206.37499999999818,144.96875,4.9,4701.0,0.0,4701.0,91707750,51553794,0,315183112
1702755874174.8726,0,0,0,0,0,0,0,0,0,0,0,0,0,0,0,0,0,0,0,0,0,0,0,0,0,0,0,0,0,0,0,0,0,0,0,0,0,0,0,0,6763875816,858162536,2370094,2275165,0,0,0,0,207277,8505265664,54725,1420160512,50.734375,15760.609375,26.921875,206.51562499999818,145.03125,2.0,4701.0,0.0,4701.0,91773880,51590337,0,315396503
1702755875194.379,0,0,0,0,0,0,0,0,0,0,0,0,0,0,0,0,0,0,0,0,0,0,0,0,0,0,0,0,0,0,0,0,0,0,0,0,0,0,0,0,6766370106,858906911,2372769,2277007,0,0,0,0,207277,8505265664,54740,1420824064,50.78125,15772.578125,26.9375,206.65624999999818,145.109375,2.3,4701.0,0.0,4701.0,91839777,51626972,0,315556313
1702755876181.1348,0,0,0,0,0,0,0,0,0,0,0,0,0,0,0,0,0,0,0,0,0,0,0,0,0,0,0,0,0,0,0,0,0,0,0,0,0,0,0,0,6768638049,859625624,2375346,2278813,0,0,0,0,207277,8505265664,54755,1420951040,50.828125,15784.1875,26.953125,206.81249999999818,145.15625,2.2,4701.0,0.0,4701.0,91904863,51663065,0,315774212
1702755877179.701,0,0,0,0,0,0,0,0,0,0,0,0,0,0,0,0,0,0,0,0,0,0,0,0,0,0,0,0,0,0,0,0,0,0,0,0,0,0,0,0,6770900928,860356473,2377901,2280613,0,0,0,0,207277,8505265664,54755,1420951040,50.859375,15796.0,26.96875,206.90624999999818,145.25,1.9,4701.0,0.0,4701.0,91973135,51700714,0,315965794
1702755878181.9597,0,0,0,0,0,0,0,0,0,0,0,0,0,0,0,0,0,0,0,0,0,0,0,0,0,0,0,0,0,0,0,0,0,0,0,0,0,0,0,0,6773300191,861085503,2380523,2282330,0,0,0,0,207280,8505314816,54788,1421606400,50.9375,15807.6875,27.0,207.10937499999818,145.359375,3.5,4701.0,0.0,4701.0,92044014,51739667,0,316226128
1702755879183.2632,0,0,0,0,0,0,0,0,0,0,0,0,0,0,0,0,0,0,0,0,0,0,0,0,0,0,0,0,0,0,0,0,0,0,0,0,0,0,0,0,6774912430,861791310,2382363,2283881,0,0,0,0,207295,8505681408,54825,1421966848,50.953125,15818.484375,27.015625,208.20312499999818,145.46875,10.3,4701.0,0.0,4701.0,92120487,51802113,0,316551872
1702755880187.6318,0,0,0,0,0,0,0,0,0,0,0,0,0,0,0,0,0,0,0,0,0,0,0,0,0,0,0,0,0,0,0,0,0,0,0,0,0,0,0,0,6777209980,862483231,2384766,2285567,0,0,0,0,207295,8505681408,54852,1422794240,50.984375,15829.09375,27.0625,209.65624999999818,145.578125,13.4,4701.0,0.0,4701.0,92169641,51852944,0,316850527
