timestamp,id,uuid,load,memoryUtil,memoryTotal,memoryUsed,memoryFree,driver,name,serial,display_mode,display_active
1702755635.150386,0,GPU-b342434c-f6b6-7627-333e-da750a9991e6,0.15,0.3162109375,10240.0,6828.0,546.17,NVIDIA GeForce RTX 3080,[N/A],Enabled,Enabled
1702755636.144807,0,GPU-b342434c-f6b6-7627-333e-da750a9991e6,0.15,0.3162109375,10240.0,6828.0,546.17,NVIDIA GeForce RTX 3080,[N/A],Enabled,Enabled
1702755637.145259,0,GPU-b342434c-f6b6-7627-333e-da750a9991e6,0.16,0.3162109375,10240.0,6828.0,546.17,NVIDIA GeForce RTX 3080,[N/A],Enabled,Enabled
1702755638.145222,0,GPU-b342434c-f6b6-7627-333e-da750a9991e6,0.15,0.3162109375,10240.0,6828.0,546.17,NVIDIA GeForce RTX 3080,[N/A],Enabled,Enabled
1702755639.145447,0,GPU-b342434c-f6b6-7627-333e-da750a9991e6,0.15,0.3162109375,10240.0,6828.0,546.17,NVIDIA GeForce RTX 3080,[N/A],Enabled,Enabled
1702755640.144579,0,GPU-b342434c-f6b6-7627-333e-da750a9991e6,0.14,0.3162109375,10240.0,6828.0,546.17,NVIDIA GeForce RTX 3080,[N/A],Enabled,Enabled
1702755641.145529,0,GPU-b342434c-f6b6-7627-333e-da750a9991e6,0.15,0.3162109375,10240.0,6828.0,546.17,NVIDIA GeForce RTX 3080,[N/A],Enabled,Enabled
1702755642.145518,0,GPU-b342434c-f6b6-7627-333e-da750a9991e6,0.15,0.3162109375,10240.0,6828.0,546.17,NVIDIA GeForce RTX 3080,[N/A],Enabled,Enabled
1702755643.145393,0,GPU-b342434c-f6b6-7627-333e-da750a9991e6,0.15,0.3162109375,10240.0,6828.0,546.17,NVIDIA GeForce RTX 3080,[N/A],Enabled,Enabled
1702755644.145843,0,GPU-b342434c-f6b6-7627-333e-da750a9991e6,0.15,0.3162109375,10240.0,6828.0,546.17,NVIDIA GeForce RTX 3080,[N/A],Enabled,Enabled
1702755645.145022,0,GPU-b342434c-f6b6-7627-333e-da750a9991e6,0.16,0.3162109375,10240.0,6828.0,546.17,NVIDIA GeForce RTX 3080,[N/A],Enabled,Enabled
1702755646.145277,0,GPU-b342434c-f6b6-7627-333e-da750a9991e6,0.16,0.3162109375,10240.0,6828.0,546.17,NVIDIA GeForce RTX 3080,[N/A],Enabled,Enabled
1702755647.14526,0,GPU-b342434c-f6b6-7627-333e-da750a9991e6,0.16,0.3162109375,10240.0,6828.0,546.17,NVIDIA GeForce RTX 3080,[N/A],Enabled,Enabled
1702755648.144932,0,GPU-b342434c-f6b6-7627-333e-da750a9991e6,0.16,0.3162109375,10240.0,6828.0,546.17,NVIDIA GeForce RTX 3080,[N/A],Enabled,Enabled
1702755649.145435,0,GPU-b342434c-f6b6-7627-333e-da750a9991e6,0.16,0.3162109375,10240.0,6828.0,546.17,NVIDIA GeForce RTX 3080,[N/A],Enabled,Enabled
1702755650.145021,0,GPU-b342434c-f6b6-7627-333e-da750a9991e6,0.18,0.31611328125,10240.0,6829.0,546.17,NVIDIA GeForce RTX 3080,[N/A],Enabled,Enabled
1702755651.144738,0,GPU-b342434c-f6b6-7627-333e-da750a9991e6,0.17,0.3275390625,10240.0,6712.0,546.17,NVIDIA GeForce RTX 3080,[N/A],Enabled,Enabled
1702755652.145421,0,GPU-b342434c-f6b6-7627-333e-da750a9991e6,0.17,0.43896484375,10240.0,5571.0,546.17,NVIDIA GeForce RTX 3080,[N/A],Enabled,Enabled
1702755653.145164,0,GPU-b342434c-f6b6-7627-333e-da750a9991e6,0.11,0.438671875,10240.0,5574.0,546.17,NVIDIA GeForce RTX 3080,[N/A],Enabled,Enabled
1702755654.145369,0,GPU-b342434c-f6b6-7627-333e-da750a9991e6,0.11,0.438671875,10240.0,5574.0,546.17,NVIDIA GeForce RTX 3080,[N/A],Enabled,Enabled
1702755655.14503,0,GPU-b342434c-f6b6-7627-333e-da750a9991e6,0.11,0.31669921875,10240.0,6823.0,546.17,NVIDIA GeForce RTX 3080,[N/A],Enabled,Enabled
1702755656.145334,0,GPU-b342434c-f6b6-7627-333e-da750a9991e6,0.09,0.3677734375,10240.0,6300.0,546.17,NVIDIA GeForce RTX 3080,[N/A],Enabled,Enabled
1702755657.145337,0,GPU-b342434c-f6b6-7627-333e-da750a9991e6,0.17,0.38115234375,10240.0,6163.0,546.17,NVIDIA GeForce RTX 3080,[N/A],Enabled,Enabled
1702755658.145478,0,GPU-b342434c-f6b6-7627-333e-da750a9991e6,0.14,0.38115234375,10240.0,6163.0,546.17,NVIDIA GeForce RTX 3080,[N/A],Enabled,Enabled
1702755659.145141,0,GPU-b342434c-f6b6-7627-333e-da750a9991e6,0.13,0.37744140625,10240.0,6201.0,546.17,NVIDIA GeForce RTX 3080,[N/A],Enabled,Enabled
1702755660.144657,0,GPU-b342434c-f6b6-7627-333e-da750a9991e6,0.17,0.42548828125,10240.0,5709.0,546.17,NVIDIA GeForce RTX 3080,[N/A],Enabled,Enabled
1702755661.145319,0,GPU-b342434c-f6b6-7627-333e-da750a9991e6,0.15,0.38291015625,10240.0,6145.0,546.17,NVIDIA GeForce RTX 3080,[N/A],Enabled,Enabled
1702755662.145295,0,GPU-b342434c-f6b6-7627-333e-da750a9991e6,0.15,0.38291015625,10240.0,6145.0,546.17,NVIDIA GeForce RTX 3080,[N/A],Enabled,Enabled
1702755663.144694,0,GPU-b342434c-f6b6-7627-333e-da750a9991e6,0.13,0.3791015625,10240.0,6184.0,546.17,NVIDIA GeForce RTX 3080,[N/A],Enabled,Enabled
1702755664.145098,0,GPU-b342434c-f6b6-7627-333e-da750a9991e6,0.14,0.38291015625,10240.0,6145.0,546.17,NVIDIA GeForce RTX 3080,[N/A],Enabled,Enabled
1702755665.145138,0,GPU-b342434c-f6b6-7627-333e-da750a9991e6,0.15,0.38291015625,10240.0,6145.0,546.17,NVIDIA GeForce RTX 3080,[N/A],Enabled,Enabled
1702755666.145581,0,GPU-b342434c-f6b6-7627-333e-da750a9991e6,0.14,0.38291015625,10240.0,6145.0,546.17,NVIDIA GeForce RTX 3080,[N/A],Enabled,Enabled
1702755667.145029,0,GPU-b342434c-f6b6-7627-333e-da750a9991e6,0.13,0.37919921875,10240.0,6183.0,546.17,NVIDIA GeForce RTX 3080,[N/A],Enabled,Enabled
1702755668.144852,0,GPU-b342434c-f6b6-7627-333e-da750a9991e6,0.14,0.38291015625,10240.0,6145.0,546.17,NVIDIA GeForce RTX 3080,[N/A],Enabled,Enabled
1702755669.144874,0,GPU-b342434c-f6b6-7627-333e-da750a9991e6,0.14,0.38291015625,10240.0,6145.0,546.17,NVIDIA GeForce RTX 3080,[N/A],Enabled,Enabled
1702755670.144636,0,GPU-b342434c-f6b6-7627-333e-da750a9991e6,0.14,0.38291015625,10240.0,6145.0,546.17,NVIDIA GeForce RTX 3080,[N/A],Enabled,Enabled
1702755671.14558,0,GPU-b342434c-f6b6-7627-333e-da750a9991e6,0.14,0.38291015625,10240.0,6145.0,546.17,NVIDIA GeForce RTX 3080,[N/A],Enabled,Enabled
1702755672.145168,0,GPU-b342434c-f6b6-7627-333e-da750a9991e6,0.14,0.38291015625,10240.0,6145.0,546.17,NVIDIA GeForce RTX 3080,[N/A],Enabled,Enabled
1702755673.145725,0,GPU-b342434c-f6b6-7627-333e-da750a9991e6,0.14,0.38291015625,10240.0,6145.0,546.17,NVIDIA GeForce RTX 3080,[N/A],Enabled,Enabled
1702755674.145554,0,GPU-b342434c-f6b6-7627-333e-da750a9991e6,0.17,0.39228515625,10240.0,6049.0,546.17,NVIDIA GeForce RTX 3080,[N/A],Enabled,Enabled
1702755675.145185,0,GPU-b342434c-f6b6-7627-333e-da750a9991e6,0.15,0.39228515625,10240.0,6049.0,546.17,NVIDIA GeForce RTX 3080,[N/A],Enabled,Enabled
1702755676.145558,0,GPU-b342434c-f6b6-7627-333e-da750a9991e6,0.17,0.39228515625,10240.0,6049.0,546.17,NVIDIA GeForce RTX 3080,[N/A],Enabled,Enabled
1702755677.145382,0,GPU-b342434c-f6b6-7627-333e-da750a9991e6,0.16,0.39228515625,10240.0,6049.0,546.17,NVIDIA GeForce RTX 3080,[N/A],Enabled,Enabled
1702755678.145704,0,GPU-b342434c-f6b6-7627-333e-da750a9991e6,0.16,0.39228515625,10240.0,6049.0,546.17,NVIDIA GeForce RTX 3080,[N/A],Enabled,Enabled
1702755679.145143,0,GPU-b342434c-f6b6-7627-333e-da750a9991e6,0.16,0.39228515625,10240.0,6049.0,546.17,NVIDIA GeForce RTX 3080,[N/A],Enabled,Enabled
1702755680.144632,0,GPU-b342434c-f6b6-7627-333e-da750a9991e6,0.15,0.39228515625,10240.0,6049.0,546.17,NVIDIA GeForce RTX 3080,[N/A],Enabled,Enabled
1702755681.145667,0,GPU-b342434c-f6b6-7627-333e-da750a9991e6,0.16,0.39228515625,10240.0,6049.0,546.17,NVIDIA GeForce RTX 3080,[N/A],Enabled,Enabled
1702755682.145815,0,GPU-b342434c-f6b6-7627-333e-da750a9991e6,0.16,0.39228515625,10240.0,6049.0,546.17,NVIDIA GeForce RTX 3080,[N/A],Enabled,Enabled
1702755683.145499,0,GPU-b342434c-f6b6-7627-333e-da750a9991e6,0.16,0.39228515625,10240.0,6049.0,546.17,NVIDIA GeForce RTX 3080,[N/A],Enabled,Enabled
1702755684.145673,0,GPU-b342434c-f6b6-7627-333e-da750a9991e6,0.17,0.39228515625,10240.0,6049.0,546.17,NVIDIA GeForce RTX 3080,[N/A],Enabled,Enabled
1702755685.145702,0,GPU-b342434c-f6b6-7627-333e-da750a9991e6,0.16,0.39228515625,10240.0,6049.0,546.17,NVIDIA GeForce RTX 3080,[N/A],Enabled,Enabled
1702755686.145272,0,GPU-b342434c-f6b6-7627-333e-da750a9991e6,0.17,0.39228515625,10240.0,6049.0,546.17,NVIDIA GeForce RTX 3080,[N/A],Enabled,Enabled
1702755687.145054,0,GPU-b342434c-f6b6-7627-333e-da750a9991e6,0.17,0.39228515625,10240.0,6049.0,546.17,NVIDIA GeForce RTX 3080,[N/A],Enabled,Enabled
1702755688.145439,0,GPU-b342434c-f6b6-7627-333e-da750a9991e6,0.17,0.39228515625,10240.0,6049.0,546.17,NVIDIA GeForce RTX 3080,[N/A],Enabled,Enabled
1702755689.145289,0,GPU-b342434c-f6b6-7627-333e-da750a9991e6,0.16,0.39228515625,10240.0,6049.0,546.17,NVIDIA GeForce RTX 3080,[N/A],Enabled,Enabled
1702755690.145421,0,GPU-b342434c-f6b6-7627-333e-da750a9991e6,0.16,0.39228515625,10240.0,6049.0,546.17,NVIDIA GeForce RTX 3080,[N/A],Enabled,Enabled
1702755691.145185,0,GPU-b342434c-f6b6-7627-333e-da750a9991e6,0.14,0.3853515625,10240.0,6120.0,546.17,NVIDIA GeForce RTX 3080,[N/A],Enabled,Enabled
1702755692.144987,0,GPU-b342434c-f6b6-7627-333e-da750a9991e6,0.14,0.3853515625,10240.0,6120.0,546.17,NVIDIA GeForce RTX 3080,[N/A],Enabled,Enabled
1702755693.144637,0,GPU-b342434c-f6b6-7627-333e-da750a9991e6,0.13,0.38154296875,10240.0,6159.0,546.17,NVIDIA GeForce RTX 3080,[N/A],Enabled,Enabled
1702755694.14525,0,GPU-b342434c-f6b6-7627-333e-da750a9991e6,0.13,0.38154296875,10240.0,6159.0,546.17,NVIDIA GeForce RTX 3080,[N/A],Enabled,Enabled
1702755695.145434,0,GPU-b342434c-f6b6-7627-333e-da750a9991e6,0.13,0.38154296875,10240.0,6159.0,546.17,NVIDIA GeForce RTX 3080,[N/A],Enabled,Enabled
1702755696.145058,0,GPU-b342434c-f6b6-7627-333e-da750a9991e6,0.13,0.38154296875,10240.0,6159.0,546.17,NVIDIA GeForce RTX 3080,[N/A],Enabled,Enabled
1702755697.145193,0,GPU-b342434c-f6b6-7627-333e-da750a9991e6,0.13,0.38154296875,10240.0,6159.0,546.17,NVIDIA GeForce RTX 3080,[N/A],Enabled,Enabled
1702755698.14486,0,GPU-b342434c-f6b6-7627-333e-da750a9991e6,0.13,0.38154296875,10240.0,6159.0,546.17,NVIDIA GeForce RTX 3080,[N/A],Enabled,Enabled
1702755699.144755,0,GPU-b342434c-f6b6-7627-333e-da750a9991e6,0.13,0.38154296875,10240.0,6159.0,546.17,NVIDIA GeForce RTX 3080,[N/A],Enabled,Enabled
1702755700.145515,0,GPU-b342434c-f6b6-7627-333e-da750a9991e6,0.13,0.38154296875,10240.0,6159.0,546.17,NVIDIA GeForce RTX 3080,[N/A],Enabled,Enabled
1702755701.145243,0,GPU-b342434c-f6b6-7627-333e-da750a9991e6,0.13,0.38154296875,10240.0,6159.0,546.17,NVIDIA GeForce RTX 3080,[N/A],Enabled,Enabled
1702755702.145498,0,GPU-b342434c-f6b6-7627-333e-da750a9991e6,0.13,0.38154296875,10240.0,6159.0,546.17,NVIDIA GeForce RTX 3080,[N/A],Enabled,Enabled
1702755703.145016,0,GPU-b342434c-f6b6-7627-333e-da750a9991e6,0.13,0.38154296875,10240.0,6159.0,546.17,NVIDIA GeForce RTX 3080,[N/A],Enabled,Enabled
1702755704.144805,0,GPU-b342434c-f6b6-7627-333e-da750a9991e6,0.13,0.38154296875,10240.0,6159.0,546.17,NVIDIA GeForce RTX 3080,[N/A],Enabled,Enabled
1702755705.145188,0,GPU-b342434c-f6b6-7627-333e-da750a9991e6,0.13,0.38154296875,10240.0,6159.0,546.17,NVIDIA GeForce RTX 3080,[N/A],Enabled,Enabled
1702755706.14522,0,GPU-b342434c-f6b6-7627-333e-da750a9991e6,0.13,0.38154296875,10240.0,6159.0,546.17,NVIDIA GeForce RTX 3080,[N/A],Enabled,Enabled
1702755707.145289,0,GPU-b342434c-f6b6-7627-333e-da750a9991e6,0.13,0.38154296875,10240.0,6159.0,546.17,NVIDIA GeForce RTX 3080,[N/A],Enabled,Enabled
1702755708.144998,0,GPU-b342434c-f6b6-7627-333e-da750a9991e6,0.13,0.38154296875,10240.0,6159.0,546.17,NVIDIA GeForce RTX 3080,[N/A],Enabled,Enabled
1702755709.144759,0,GPU-b342434c-f6b6-7627-333e-da750a9991e6,0.13,0.38154296875,10240.0,6159.0,546.17,NVIDIA GeForce RTX 3080,[N/A],Enabled,Enabled
1702755710.145352,0,GPU-b342434c-f6b6-7627-333e-da750a9991e6,0.13,0.38154296875,10240.0,6159.0,546.17,NVIDIA GeForce RTX 3080,[N/A],Enabled,Enabled
1702755711.145818,0,GPU-b342434c-f6b6-7627-333e-da750a9991e6,0.13,0.38154296875,10240.0,6159.0,546.17,NVIDIA GeForce RTX 3080,[N/A],Enabled,Enabled
1702755712.145341,0,GPU-b342434c-f6b6-7627-333e-da750a9991e6,0.13,0.38154296875,10240.0,6159.0,546.17,NVIDIA GeForce RTX 3080,[N/A],Enabled,Enabled
1702755713.144685,0,GPU-b342434c-f6b6-7627-333e-da750a9991e6,0.13,0.38154296875,10240.0,6159.0,546.17,NVIDIA GeForce RTX 3080,[N/A],Enabled,Enabled
1702755714.145134,0,GPU-b342434c-f6b6-7627-333e-da750a9991e6,0.13,0.38154296875,10240.0,6159.0,546.17,NVIDIA GeForce RTX 3080,[N/A],Enabled,Enabled
1702755715.14514,0,GPU-b342434c-f6b6-7627-333e-da750a9991e6,0.13,0.38154296875,10240.0,6159.0,546.17,NVIDIA GeForce RTX 3080,[N/A],Enabled,Enabled
1702755716.144889,0,GPU-b342434c-f6b6-7627-333e-da750a9991e6,0.12,0.38154296875,10240.0,6159.0,546.17,NVIDIA GeForce RTX 3080,[N/A],Enabled,Enabled
1702755717.145259,0,GPU-b342434c-f6b6-7627-333e-da750a9991e6,0.13,0.38154296875,10240.0,6159.0,546.17,NVIDIA GeForce RTX 3080,[N/A],Enabled,Enabled
1702755718.144898,0,GPU-b342434c-f6b6-7627-333e-da750a9991e6,0.12,0.38154296875,10240.0,6159.0,546.17,NVIDIA GeForce RTX 3080,[N/A],Enabled,Enabled
1702755719.145417,0,GPU-b342434c-f6b6-7627-333e-da750a9991e6,0.13,0.38154296875,10240.0,6159.0,546.17,NVIDIA GeForce RTX 3080,[N/A],Enabled,Enabled
1702755720.145128,0,GPU-b342434c-f6b6-7627-333e-da750a9991e6,0.12,0.38154296875,10240.0,6159.0,546.17,NVIDIA GeForce RTX 3080,[N/A],Enabled,Enabled
1702755721.145188,0,GPU-b342434c-f6b6-7627-333e-da750a9991e6,0.12,0.38154296875,10240.0,6159.0,546.17,NVIDIA GeForce RTX 3080,[N/A],Enabled,Enabled
1702755722.145051,0,GPU-b342434c-f6b6-7627-333e-da750a9991e6,0.13,0.38154296875,10240.0,6159.0,546.17,NVIDIA GeForce RTX 3080,[N/A],Enabled,Enabled
1702755723.144997,0,GPU-b342434c-f6b6-7627-333e-da750a9991e6,0.13,0.38154296875,10240.0,6159.0,546.17,NVIDIA GeForce RTX 3080,[N/A],Enabled,Enabled
1702755724.145394,0,GPU-b342434c-f6b6-7627-333e-da750a9991e6,0.13,0.38154296875,10240.0,6159.0,546.17,NVIDIA GeForce RTX 3080,[N/A],Enabled,Enabled
1702755725.145098,0,GPU-b342434c-f6b6-7627-333e-da750a9991e6,0.13,0.38154296875,10240.0,6159.0,546.17,NVIDIA GeForce RTX 3080,[N/A],Enabled,Enabled
1702755726.145405,0,GPU-b342434c-f6b6-7627-333e-da750a9991e6,0.13,0.38154296875,10240.0,6159.0,546.17,NVIDIA GeForce RTX 3080,[N/A],Enabled,Enabled
1702755727.14486,0,GPU-b342434c-f6b6-7627-333e-da750a9991e6,0.13,0.38154296875,10240.0,6159.0,546.17,NVIDIA GeForce RTX 3080,[N/A],Enabled,Enabled
1702755728.145429,0,GPU-b342434c-f6b6-7627-333e-da750a9991e6,0.13,0.38154296875,10240.0,6159.0,546.17,NVIDIA GeForce RTX 3080,[N/A],Enabled,Enabled
1702755729.144984,0,GPU-b342434c-f6b6-7627-333e-da750a9991e6,0.13,0.38154296875,10240.0,6159.0,546.17,NVIDIA GeForce RTX 3080,[N/A],Enabled,Enabled
1702755730.145428,0,GPU-b342434c-f6b6-7627-333e-da750a9991e6,0.13,0.38154296875,10240.0,6159.0,546.17,NVIDIA GeForce RTX 3080,[N/A],Enabled,Enabled
1702755731.145762,0,GPU-b342434c-f6b6-7627-333e-da750a9991e6,0.18,0.381640625,10240.0,6158.0,546.17,NVIDIA GeForce RTX 3080,[N/A],Enabled,Enabled
1702755732.144779,0,GPU-b342434c-f6b6-7627-333e-da750a9991e6,0.91,0.381640625,10240.0,6158.0,546.17,NVIDIA GeForce RTX 3080,[N/A],Enabled,Enabled
1702755733.145798,0,GPU-b342434c-f6b6-7627-333e-da750a9991e6,0.9,0.381640625,10240.0,6158.0,546.17,NVIDIA GeForce RTX 3080,[N/A],Enabled,Enabled
1702755734.145196,0,GPU-b342434c-f6b6-7627-333e-da750a9991e6,0.91,0.381640625,10240.0,6158.0,546.17,NVIDIA GeForce RTX 3080,[N/A],Enabled,Enabled
1702755735.144946,0,GPU-b342434c-f6b6-7627-333e-da750a9991e6,0.91,0.381640625,10240.0,6158.0,546.17,NVIDIA GeForce RTX 3080,[N/A],Enabled,Enabled
1702755736.144681,0,GPU-b342434c-f6b6-7627-333e-da750a9991e6,0.91,0.381640625,10240.0,6158.0,546.17,NVIDIA GeForce RTX 3080,[N/A],Enabled,Enabled
1702755737.145756,0,GPU-b342434c-f6b6-7627-333e-da750a9991e6,0.9,0.381640625,10240.0,6158.0,546.17,NVIDIA GeForce RTX 3080,[N/A],Enabled,Enabled
1702755738.145115,0,GPU-b342434c-f6b6-7627-333e-da750a9991e6,0.91,0.381640625,10240.0,6158.0,546.17,NVIDIA GeForce RTX 3080,[N/A],Enabled,Enabled
1702755739.145589,0,GPU-b342434c-f6b6-7627-333e-da750a9991e6,0.91,0.381640625,10240.0,6158.0,546.17,NVIDIA GeForce RTX 3080,[N/A],Enabled,Enabled
1702755740.145806,0,GPU-b342434c-f6b6-7627-333e-da750a9991e6,0.91,0.381640625,10240.0,6158.0,546.17,NVIDIA GeForce RTX 3080,[N/A],Enabled,Enabled
1702755741.145086,0,GPU-b342434c-f6b6-7627-333e-da750a9991e6,0.91,0.381640625,10240.0,6158.0,546.17,NVIDIA GeForce RTX 3080,[N/A],Enabled,Enabled
1702755742.145058,0,GPU-b342434c-f6b6-7627-333e-da750a9991e6,0.13,0.381640625,10240.0,6158.0,546.17,NVIDIA GeForce RTX 3080,[N/A],Enabled,Enabled
1702755743.145506,0,GPU-b342434c-f6b6-7627-333e-da750a9991e6,0.13,0.381640625,10240.0,6158.0,546.17,NVIDIA GeForce RTX 3080,[N/A],Enabled,Enabled
1702755744.145097,0,GPU-b342434c-f6b6-7627-333e-da750a9991e6,0.13,0.381640625,10240.0,6158.0,546.17,NVIDIA GeForce RTX 3080,[N/A],Enabled,Enabled
1702755745.144982,0,GPU-b342434c-f6b6-7627-333e-da750a9991e6,0.13,0.381640625,10240.0,6158.0,546.17,NVIDIA GeForce RTX 3080,[N/A],Enabled,Enabled
1702755746.144962,0,GPU-b342434c-f6b6-7627-333e-da750a9991e6,0.13,0.381640625,10240.0,6158.0,546.17,NVIDIA GeForce RTX 3080,[N/A],Enabled,Enabled
1702755747.145754,0,GPU-b342434c-f6b6-7627-333e-da750a9991e6,0.13,0.381640625,10240.0,6158.0,546.17,NVIDIA GeForce RTX 3080,[N/A],Enabled,Enabled
1702755748.145037,0,GPU-b342434c-f6b6-7627-333e-da750a9991e6,0.13,0.381640625,10240.0,6158.0,546.17,NVIDIA GeForce RTX 3080,[N/A],Enabled,Enabled
1702755749.145571,0,GPU-b342434c-f6b6-7627-333e-da750a9991e6,0.13,0.381640625,10240.0,6158.0,546.17,NVIDIA GeForce RTX 3080,[N/A],Enabled,Enabled
1702755750.144668,0,GPU-b342434c-f6b6-7627-333e-da750a9991e6,0.13,0.381640625,10240.0,6158.0,546.17,NVIDIA GeForce RTX 3080,[N/A],Enabled,Enabled
1702755751.145376,0,GPU-b342434c-f6b6-7627-333e-da750a9991e6,0.13,0.381640625,10240.0,6158.0,546.17,NVIDIA GeForce RTX 3080,[N/A],Enabled,Enabled
1702755752.145605,0,GPU-b342434c-f6b6-7627-333e-da750a9991e6,0.13,0.381640625,10240.0,6158.0,546.17,NVIDIA GeForce RTX 3080,[N/A],Enabled,Enabled
1702755753.145087,0,GPU-b342434c-f6b6-7627-333e-da750a9991e6,0.13,0.381640625,10240.0,6158.0,546.17,NVIDIA GeForce RTX 3080,[N/A],Enabled,Enabled
1702755754.145802,0,GPU-b342434c-f6b6-7627-333e-da750a9991e6,0.13,0.381640625,10240.0,6158.0,546.17,NVIDIA GeForce RTX 3080,[N/A],Enabled,Enabled
1702755755.145356,0,GPU-b342434c-f6b6-7627-333e-da750a9991e6,0.13,0.381640625,10240.0,6158.0,546.17,NVIDIA GeForce RTX 3080,[N/A],Enabled,Enabled
1702755756.145436,0,GPU-b342434c-f6b6-7627-333e-da750a9991e6,0.13,0.381640625,10240.0,6158.0,546.17,NVIDIA GeForce RTX 3080,[N/A],Enabled,Enabled
1702755757.145414,0,GPU-b342434c-f6b6-7627-333e-da750a9991e6,0.13,0.381640625,10240.0,6158.0,546.17,NVIDIA GeForce RTX 3080,[N/A],Enabled,Enabled
1702755758.144615,0,GPU-b342434c-f6b6-7627-333e-da750a9991e6,0.13,0.381640625,10240.0,6158.0,546.17,NVIDIA GeForce RTX 3080,[N/A],Enabled,Enabled
1702755759.145143,0,GPU-b342434c-f6b6-7627-333e-da750a9991e6,0.13,0.381640625,10240.0,6158.0,546.17,NVIDIA GeForce RTX 3080,[N/A],Enabled,Enabled
1702755760.145535,0,GPU-b342434c-f6b6-7627-333e-da750a9991e6,0.13,0.381640625,10240.0,6158.0,546.17,NVIDIA GeForce RTX 3080,[N/A],Enabled,Enabled
1702755761.144828,0,GPU-b342434c-f6b6-7627-333e-da750a9991e6,0.13,0.381640625,10240.0,6158.0,546.17,NVIDIA GeForce RTX 3080,[N/A],Enabled,Enabled
1702755762.145312,0,GPU-b342434c-f6b6-7627-333e-da750a9991e6,0.12,0.381640625,10240.0,6158.0,546.17,NVIDIA GeForce RTX 3080,[N/A],Enabled,Enabled
1702755763.144872,0,GPU-b342434c-f6b6-7627-333e-da750a9991e6,0.13,0.381640625,10240.0,6158.0,546.17,NVIDIA GeForce RTX 3080,[N/A],Enabled,Enabled
1702755764.145201,0,GPU-b342434c-f6b6-7627-333e-da750a9991e6,0.13,0.381640625,10240.0,6158.0,546.17,NVIDIA GeForce RTX 3080,[N/A],Enabled,Enabled
1702755765.145048,0,GPU-b342434c-f6b6-7627-333e-da750a9991e6,0.13,0.381640625,10240.0,6158.0,546.17,NVIDIA GeForce RTX 3080,[N/A],Enabled,Enabled
1702755766.145171,0,GPU-b342434c-f6b6-7627-333e-da750a9991e6,0.13,0.381640625,10240.0,6158.0,546.17,NVIDIA GeForce RTX 3080,[N/A],Enabled,Enabled
1702755767.145482,0,GPU-b342434c-f6b6-7627-333e-da750a9991e6,0.13,0.381640625,10240.0,6158.0,546.17,NVIDIA GeForce RTX 3080,[N/A],Enabled,Enabled
1702755768.145619,0,GPU-b342434c-f6b6-7627-333e-da750a9991e6,0.13,0.381640625,10240.0,6158.0,546.17,NVIDIA GeForce RTX 3080,[N/A],Enabled,Enabled
1702755769.144552,0,GPU-b342434c-f6b6-7627-333e-da750a9991e6,0.13,0.381640625,10240.0,6158.0,546.17,NVIDIA GeForce RTX 3080,[N/A],Enabled,Enabled
1702755770.144772,0,GPU-b342434c-f6b6-7627-333e-da750a9991e6,0.12,0.381640625,10240.0,6158.0,546.17,NVIDIA GeForce RTX 3080,[N/A],Enabled,Enabled
1702755771.145359,0,GPU-b342434c-f6b6-7627-333e-da750a9991e6,0.13,0.381640625,10240.0,6158.0,546.17,NVIDIA GeForce RTX 3080,[N/A],Enabled,Enabled
1702755772.144925,0,GPU-b342434c-f6b6-7627-333e-da750a9991e6,0.13,0.381640625,10240.0,6158.0,546.17,NVIDIA GeForce RTX 3080,[N/A],Enabled,Enabled
1702755773.144981,0,GPU-b342434c-f6b6-7627-333e-da750a9991e6,0.13,0.381640625,10240.0,6158.0,546.17,NVIDIA GeForce RTX 3080,[N/A],Enabled,Enabled
1702755774.145553,0,GPU-b342434c-f6b6-7627-333e-da750a9991e6,0.13,0.381640625,10240.0,6158.0,546.17,NVIDIA GeForce RTX 3080,[N/A],Enabled,Enabled
1702755775.14504,0,GPU-b342434c-f6b6-7627-333e-da750a9991e6,0.13,0.381640625,10240.0,6158.0,546.17,NVIDIA GeForce RTX 3080,[N/A],Enabled,Enabled
1702755776.144922,0,GPU-b342434c-f6b6-7627-333e-da750a9991e6,0.13,0.381640625,10240.0,6158.0,546.17,NVIDIA GeForce RTX 3080,[N/A],Enabled,Enabled
1702755777.145327,0,GPU-b342434c-f6b6-7627-333e-da750a9991e6,0.13,0.381640625,10240.0,6158.0,546.17,NVIDIA GeForce RTX 3080,[N/A],Enabled,Enabled
1702755778.145554,0,GPU-b342434c-f6b6-7627-333e-da750a9991e6,0.13,0.381640625,10240.0,6158.0,546.17,NVIDIA GeForce RTX 3080,[N/A],Enabled,Enabled
1702755779.145283,0,GPU-b342434c-f6b6-7627-333e-da750a9991e6,0.13,0.381640625,10240.0,6158.0,546.17,NVIDIA GeForce RTX 3080,[N/A],Enabled,Enabled
1702755780.14451,0,GPU-b342434c-f6b6-7627-333e-da750a9991e6,0.13,0.381640625,10240.0,6158.0,546.17,NVIDIA GeForce RTX 3080,[N/A],Enabled,Enabled
1702755781.14501,0,GPU-b342434c-f6b6-7627-333e-da750a9991e6,0.13,0.381640625,10240.0,6158.0,546.17,NVIDIA GeForce RTX 3080,[N/A],Enabled,Enabled
1702755782.14551,0,GPU-b342434c-f6b6-7627-333e-da750a9991e6,0.13,0.381640625,10240.0,6158.0,546.17,NVIDIA GeForce RTX 3080,[N/A],Enabled,Enabled
1702755783.144877,0,GPU-b342434c-f6b6-7627-333e-da750a9991e6,0.13,0.381640625,10240.0,6158.0,546.17,NVIDIA GeForce RTX 3080,[N/A],Enabled,Enabled
1702755784.145252,0,GPU-b342434c-f6b6-7627-333e-da750a9991e6,0.13,0.381640625,10240.0,6158.0,546.17,NVIDIA GeForce RTX 3080,[N/A],Enabled,Enabled
1702755785.145307,0,GPU-b342434c-f6b6-7627-333e-da750a9991e6,0.12,0.381640625,10240.0,6158.0,546.17,NVIDIA GeForce RTX 3080,[N/A],Enabled,Enabled
1702755786.144836,0,GPU-b342434c-f6b6-7627-333e-da750a9991e6,0.13,0.381640625,10240.0,6158.0,546.17,NVIDIA GeForce RTX 3080,[N/A],Enabled,Enabled
1702755787.145235,0,GPU-b342434c-f6b6-7627-333e-da750a9991e6,0.13,0.381640625,10240.0,6158.0,546.17,NVIDIA GeForce RTX 3080,[N/A],Enabled,Enabled
1702755788.145044,0,GPU-b342434c-f6b6-7627-333e-da750a9991e6,0.13,0.381640625,10240.0,6158.0,546.17,NVIDIA GeForce RTX 3080,[N/A],Enabled,Enabled
1702755789.145355,0,GPU-b342434c-f6b6-7627-333e-da750a9991e6,0.13,0.381640625,10240.0,6158.0,546.17,NVIDIA GeForce RTX 3080,[N/A],Enabled,Enabled
1702755790.145791,0,GPU-b342434c-f6b6-7627-333e-da750a9991e6,0.13,0.381640625,10240.0,6158.0,546.17,NVIDIA GeForce RTX 3080,[N/A],Enabled,Enabled
1702755791.144649,0,GPU-b342434c-f6b6-7627-333e-da750a9991e6,0.13,0.381640625,10240.0,6158.0,546.17,NVIDIA GeForce RTX 3080,[N/A],Enabled,Enabled
1702755792.14479,0,GPU-b342434c-f6b6-7627-333e-da750a9991e6,0.13,0.381640625,10240.0,6158.0,546.17,NVIDIA GeForce RTX 3080,[N/A],Enabled,Enabled
1702755793.144628,0,GPU-b342434c-f6b6-7627-333e-da750a9991e6,0.13,0.381640625,10240.0,6158.0,546.17,NVIDIA GeForce RTX 3080,[N/A],Enabled,Enabled
1702755794.144975,0,GPU-b342434c-f6b6-7627-333e-da750a9991e6,0.13,0.381640625,10240.0,6158.0,546.17,NVIDIA GeForce RTX 3080,[N/A],Enabled,Enabled
1702755795.14461,0,GPU-b342434c-f6b6-7627-333e-da750a9991e6,0.13,0.381640625,10240.0,6158.0,546.17,NVIDIA GeForce RTX 3080,[N/A],Enabled,Enabled
1702755796.145386,0,GPU-b342434c-f6b6-7627-333e-da750a9991e6,0.13,0.381640625,10240.0,6158.0,546.17,NVIDIA GeForce RTX 3080,[N/A],Enabled,Enabled
1702755797.144918,0,GPU-b342434c-f6b6-7627-333e-da750a9991e6,0.13,0.381640625,10240.0,6158.0,546.17,NVIDIA GeForce RTX 3080,[N/A],Enabled,Enabled
1702755798.14451,0,GPU-b342434c-f6b6-7627-333e-da750a9991e6,0.13,0.381640625,10240.0,6158.0,546.17,NVIDIA GeForce RTX 3080,[N/A],Enabled,Enabled
1702755799.144856,0,GPU-b342434c-f6b6-7627-333e-da750a9991e6,0.13,0.381640625,10240.0,6158.0,546.17,NVIDIA GeForce RTX 3080,[N/A],Enabled,Enabled
1702755800.144854,0,GPU-b342434c-f6b6-7627-333e-da750a9991e6,0.13,0.381640625,10240.0,6158.0,546.17,NVIDIA GeForce RTX 3080,[N/A],Enabled,Enabled
1702755801.145515,0,GPU-b342434c-f6b6-7627-333e-da750a9991e6,0.13,0.381640625,10240.0,6158.0,546.17,NVIDIA GeForce RTX 3080,[N/A],Enabled,Enabled
1702755802.145539,0,GPU-b342434c-f6b6-7627-333e-da750a9991e6,0.13,0.381640625,10240.0,6158.0,546.17,NVIDIA GeForce RTX 3080,[N/A],Enabled,Enabled
1702755803.14515,0,GPU-b342434c-f6b6-7627-333e-da750a9991e6,0.13,0.381640625,10240.0,6158.0,546.17,NVIDIA GeForce RTX 3080,[N/A],Enabled,Enabled
1702755804.145503,0,GPU-b342434c-f6b6-7627-333e-da750a9991e6,0.13,0.381640625,10240.0,6158.0,546.17,NVIDIA GeForce RTX 3080,[N/A],Enabled,Enabled
1702755805.14553,0,GPU-b342434c-f6b6-7627-333e-da750a9991e6,0.13,0.381640625,10240.0,6158.0,546.17,NVIDIA GeForce RTX 3080,[N/A],Enabled,Enabled
1702755806.145125,0,GPU-b342434c-f6b6-7627-333e-da750a9991e6,0.13,0.381640625,10240.0,6158.0,546.17,NVIDIA GeForce RTX 3080,[N/A],Enabled,Enabled
1702755807.14571,0,GPU-b342434c-f6b6-7627-333e-da750a9991e6,0.13,0.381640625,10240.0,6158.0,546.17,NVIDIA GeForce RTX 3080,[N/A],Enabled,Enabled
1702755808.145663,0,GPU-b342434c-f6b6-7627-333e-da750a9991e6,0.13,0.381640625,10240.0,6158.0,546.17,NVIDIA GeForce RTX 3080,[N/A],Enabled,Enabled
1702755809.144712,0,GPU-b342434c-f6b6-7627-333e-da750a9991e6,0.13,0.381640625,10240.0,6158.0,546.17,NVIDIA GeForce RTX 3080,[N/A],Enabled,Enabled
1702755810.145259,0,GPU-b342434c-f6b6-7627-333e-da750a9991e6,0.14,0.381640625,10240.0,6158.0,546.17,NVIDIA GeForce RTX 3080,[N/A],Enabled,Enabled
1702755811.144682,0,GPU-b342434c-f6b6-7627-333e-da750a9991e6,0.13,0.381640625,10240.0,6158.0,546.17,NVIDIA GeForce RTX 3080,[N/A],Enabled,Enabled
1702755812.144806,0,GPU-b342434c-f6b6-7627-333e-da750a9991e6,0.13,0.381640625,10240.0,6158.0,546.17,NVIDIA GeForce RTX 3080,[N/A],Enabled,Enabled
1702755813.144708,0,GPU-b342434c-f6b6-7627-333e-da750a9991e6,0.14,0.381640625,10240.0,6158.0,546.17,NVIDIA GeForce RTX 3080,[N/A],Enabled,Enabled
1702755814.145208,0,GPU-b342434c-f6b6-7627-333e-da750a9991e6,0.14,0.381640625,10240.0,6158.0,546.17,NVIDIA GeForce RTX 3080,[N/A],Enabled,Enabled
1702755815.145016,0,GPU-b342434c-f6b6-7627-333e-da750a9991e6,0.13,0.381640625,10240.0,6158.0,546.17,NVIDIA GeForce RTX 3080,[N/A],Enabled,Enabled
1702755816.14569,0,GPU-b342434c-f6b6-7627-333e-da750a9991e6,0.13,0.381640625,10240.0,6158.0,546.17,NVIDIA GeForce RTX 3080,[N/A],Enabled,Enabled
1702755817.145072,0,GPU-b342434c-f6b6-7627-333e-da750a9991e6,0.13,0.381640625,10240.0,6158.0,546.17,NVIDIA GeForce RTX 3080,[N/A],Enabled,Enabled
1702755818.145258,0,GPU-b342434c-f6b6-7627-333e-da750a9991e6,0.13,0.381640625,10240.0,6158.0,546.17,NVIDIA GeForce RTX 3080,[N/A],Enabled,Enabled
1702755819.145078,0,GPU-b342434c-f6b6-7627-333e-da750a9991e6,0.13,0.381640625,10240.0,6158.0,546.17,NVIDIA GeForce RTX 3080,[N/A],Enabled,Enabled
1702755820.144712,0,GPU-b342434c-f6b6-7627-333e-da750a9991e6,0.13,0.381640625,10240.0,6158.0,546.17,NVIDIA GeForce RTX 3080,[N/A],Enabled,Enabled
1702755821.145597,0,GPU-b342434c-f6b6-7627-333e-da750a9991e6,0.13,0.381640625,10240.0,6158.0,546.17,NVIDIA GeForce RTX 3080,[N/A],Enabled,Enabled
1702755822.145501,0,GPU-b342434c-f6b6-7627-333e-da750a9991e6,0.13,0.381640625,10240.0,6158.0,546.17,NVIDIA GeForce RTX 3080,[N/A],Enabled,Enabled
1702755823.14529,0,GPU-b342434c-f6b6-7627-333e-da750a9991e6,0.13,0.381640625,10240.0,6158.0,546.17,NVIDIA GeForce RTX 3080,[N/A],Enabled,Enabled
1702755824.145645,0,GPU-b342434c-f6b6-7627-333e-da750a9991e6,0.13,0.381640625,10240.0,6158.0,546.17,NVIDIA GeForce RTX 3080,[N/A],Enabled,Enabled
1702755825.145157,0,GPU-b342434c-f6b6-7627-333e-da750a9991e6,0.13,0.381640625,10240.0,6158.0,546.17,NVIDIA GeForce RTX 3080,[N/A],Enabled,Enabled
1702755826.145212,0,GPU-b342434c-f6b6-7627-333e-da750a9991e6,0.13,0.381640625,10240.0,6158.0,546.17,NVIDIA GeForce RTX 3080,[N/A],Enabled,Enabled
1702755827.145048,0,GPU-b342434c-f6b6-7627-333e-da750a9991e6,0.13,0.381640625,10240.0,6158.0,546.17,NVIDIA GeForce RTX 3080,[N/A],Enabled,Enabled
1702755828.144855,0,GPU-b342434c-f6b6-7627-333e-da750a9991e6,0.13,0.381640625,10240.0,6158.0,546.17,NVIDIA GeForce RTX 3080,[N/A],Enabled,Enabled
1702755829.1454,0,GPU-b342434c-f6b6-7627-333e-da750a9991e6,0.12,0.381640625,10240.0,6158.0,546.17,NVIDIA GeForce RTX 3080,[N/A],Enabled,Enabled
1702755830.144782,0,GPU-b342434c-f6b6-7627-333e-da750a9991e6,0.13,0.381640625,10240.0,6158.0,546.17,NVIDIA GeForce RTX 3080,[N/A],Enabled,Enabled
1702755831.145172,0,GPU-b342434c-f6b6-7627-333e-da750a9991e6,0.13,0.381640625,10240.0,6158.0,546.17,NVIDIA GeForce RTX 3080,[N/A],Enabled,Enabled
1702755832.14488,0,GPU-b342434c-f6b6-7627-333e-da750a9991e6,0.13,0.381640625,10240.0,6158.0,546.17,NVIDIA GeForce RTX 3080,[N/A],Enabled,Enabled
1702755833.145173,0,GPU-b342434c-f6b6-7627-333e-da750a9991e6,0.13,0.381640625,10240.0,6158.0,546.17,NVIDIA GeForce RTX 3080,[N/A],Enabled,Enabled
1702755834.145403,0,GPU-b342434c-f6b6-7627-333e-da750a9991e6,0.13,0.381640625,10240.0,6158.0,546.17,NVIDIA GeForce RTX 3080,[N/A],Enabled,Enabled
1702755835.144807,0,GPU-b342434c-f6b6-7627-333e-da750a9991e6,0.12,0.381640625,10240.0,6158.0,546.17,NVIDIA GeForce RTX 3080,[N/A],Enabled,Enabled
1702755836.145103,0,GPU-b342434c-f6b6-7627-333e-da750a9991e6,0.12,0.381640625,10240.0,6158.0,546.17,NVIDIA GeForce RTX 3080,[N/A],Enabled,Enabled
1702755837.14538,0,GPU-b342434c-f6b6-7627-333e-da750a9991e6,0.12,0.381640625,10240.0,6158.0,546.17,NVIDIA GeForce RTX 3080,[N/A],Enabled,Enabled
1702755838.144874,0,GPU-b342434c-f6b6-7627-333e-da750a9991e6,0.12,0.381640625,10240.0,6158.0,546.17,NVIDIA GeForce RTX 3080,[N/A],Enabled,Enabled
1702755839.144847,0,GPU-b342434c-f6b6-7627-333e-da750a9991e6,0.12,0.381640625,10240.0,6158.0,546.17,NVIDIA GeForce RTX 3080,[N/A],Enabled,Enabled
1702755840.145295,0,GPU-b342434c-f6b6-7627-333e-da750a9991e6,0.12,0.381640625,10240.0,6158.0,546.17,NVIDIA GeForce RTX 3080,[N/A],Enabled,Enabled
1702755841.145324,0,GPU-b342434c-f6b6-7627-333e-da750a9991e6,0.12,0.381640625,10240.0,6158.0,546.17,NVIDIA GeForce RTX 3080,[N/A],Enabled,Enabled
1702755842.144635,0,GPU-b342434c-f6b6-7627-333e-da750a9991e6,0.12,0.381640625,10240.0,6158.0,546.17,NVIDIA GeForce RTX 3080,[N/A],Enabled,Enabled
1702755843.144984,0,GPU-b342434c-f6b6-7627-333e-da750a9991e6,0.12,0.381640625,10240.0,6158.0,546.17,NVIDIA GeForce RTX 3080,[N/A],Enabled,Enabled
1702755844.145099,0,GPU-b342434c-f6b6-7627-333e-da750a9991e6,0.12,0.381640625,10240.0,6158.0,546.17,NVIDIA GeForce RTX 3080,[N/A],Enabled,Enabled
1702755845.145357,0,GPU-b342434c-f6b6-7627-333e-da750a9991e6,0.12,0.381640625,10240.0,6158.0,546.17,NVIDIA GeForce RTX 3080,[N/A],Enabled,Enabled
1702755846.14495,0,GPU-b342434c-f6b6-7627-333e-da750a9991e6,0.12,0.381640625,10240.0,6158.0,546.17,NVIDIA GeForce RTX 3080,[N/A],Enabled,Enabled
1702755847.144816,0,GPU-b342434c-f6b6-7627-333e-da750a9991e6,0.12,0.381640625,10240.0,6158.0,546.17,NVIDIA GeForce RTX 3080,[N/A],Enabled,Enabled
1702755848.144945,0,GPU-b342434c-f6b6-7627-333e-da750a9991e6,0.12,0.381640625,10240.0,6158.0,546.17,NVIDIA GeForce RTX 3080,[N/A],Enabled,Enabled
1702755849.145121,0,GPU-b342434c-f6b6-7627-333e-da750a9991e6,0.12,0.381640625,10240.0,6158.0,546.17,NVIDIA GeForce RTX 3080,[N/A],Enabled,Enabled
1702755850.145221,0,GPU-b342434c-f6b6-7627-333e-da750a9991e6,0.12,0.381640625,10240.0,6158.0,546.17,NVIDIA GeForce RTX 3080,[N/A],Enabled,Enabled
1702755851.145398,0,GPU-b342434c-f6b6-7627-333e-da750a9991e6,0.12,0.381640625,10240.0,6158.0,546.17,NVIDIA GeForce RTX 3080,[N/A],Enabled,Enabled
1702755852.145402,0,GPU-b342434c-f6b6-7627-333e-da750a9991e6,0.12,0.381640625,10240.0,6158.0,546.17,NVIDIA GeForce RTX 3080,[N/A],Enabled,Enabled
1702755853.144955,0,GPU-b342434c-f6b6-7627-333e-da750a9991e6,0.13,0.381640625,10240.0,6158.0,546.17,NVIDIA GeForce RTX 3080,[N/A],Enabled,Enabled
1702755854.145309,0,GPU-b342434c-f6b6-7627-333e-da750a9991e6,0.12,0.381640625,10240.0,6158.0,546.17,NVIDIA GeForce RTX 3080,[N/A],Enabled,Enabled
1702755855.14491,0,GPU-b342434c-f6b6-7627-333e-da750a9991e6,0.12,0.381640625,10240.0,6158.0,546.17,NVIDIA GeForce RTX 3080,[N/A],Enabled,Enabled
1702755856.14511,0,GPU-b342434c-f6b6-7627-333e-da750a9991e6,0.12,0.381640625,10240.0,6158.0,546.17,NVIDIA GeForce RTX 3080,[N/A],Enabled,Enabled
1702755857.145481,0,GPU-b342434c-f6b6-7627-333e-da750a9991e6,0.13,0.381640625,10240.0,6158.0,546.17,NVIDIA GeForce RTX 3080,[N/A],Enabled,Enabled
1702755858.144879,0,GPU-b342434c-f6b6-7627-333e-da750a9991e6,0.12,0.381640625,10240.0,6158.0,546.17,NVIDIA GeForce RTX 3080,[N/A],Enabled,Enabled
1702755859.145127,0,GPU-b342434c-f6b6-7627-333e-da750a9991e6,0.13,0.381640625,10240.0,6158.0,546.17,NVIDIA GeForce RTX 3080,[N/A],Enabled,Enabled
1702755860.145741,0,GPU-b342434c-f6b6-7627-333e-da750a9991e6,0.13,0.381640625,10240.0,6158.0,546.17,NVIDIA GeForce RTX 3080,[N/A],Enabled,Enabled
1702755861.145089,0,GPU-b342434c-f6b6-7627-333e-da750a9991e6,0.07,0.381640625,10240.0,6158.0,546.17,NVIDIA GeForce RTX 3080,[N/A],Enabled,Enabled
1702755862.145137,0,GPU-b342434c-f6b6-7627-333e-da750a9991e6,0.08,0.381640625,10240.0,6158.0,546.17,NVIDIA GeForce RTX 3080,[N/A],Enabled,Enabled
1702755863.145231,0,GPU-b342434c-f6b6-7627-333e-da750a9991e6,0.13,0.381640625,10240.0,6158.0,546.17,NVIDIA GeForce RTX 3080,[N/A],Enabled,Enabled
1702755864.14526,0,GPU-b342434c-f6b6-7627-333e-da750a9991e6,0.13,0.381640625,10240.0,6158.0,546.17,NVIDIA GeForce RTX 3080,[N/A],Enabled,Enabled
1702755865.144545,0,GPU-b342434c-f6b6-7627-333e-da750a9991e6,0.12,0.381640625,10240.0,6158.0,546.17,NVIDIA GeForce RTX 3080,[N/A],Enabled,Enabled
1702755866.144927,0,GPU-b342434c-f6b6-7627-333e-da750a9991e6,0.12,0.381640625,10240.0,6158.0,546.17,NVIDIA GeForce RTX 3080,[N/A],Enabled,Enabled
1702755867.144613,0,GPU-b342434c-f6b6-7627-333e-da750a9991e6,0.12,0.381640625,10240.0,6158.0,546.17,NVIDIA GeForce RTX 3080,[N/A],Enabled,Enabled
1702755868.145347,0,GPU-b342434c-f6b6-7627-333e-da750a9991e6,0.91,0.381640625,10240.0,6158.0,546.17,NVIDIA GeForce RTX 3080,[N/A],Enabled,Enabled
1702755869.145523,0,GPU-b342434c-f6b6-7627-333e-da750a9991e6,0.9,0.381640625,10240.0,6158.0,546.17,NVIDIA GeForce RTX 3080,[N/A],Enabled,Enabled
1702755870.144958,0,GPU-b342434c-f6b6-7627-333e-da750a9991e6,0.91,0.381640625,10240.0,6158.0,546.17,NVIDIA GeForce RTX 3080,[N/A],Enabled,Enabled
1702755871.145024,0,GPU-b342434c-f6b6-7627-333e-da750a9991e6,0.91,0.381640625,10240.0,6158.0,546.17,NVIDIA GeForce RTX 3080,[N/A],Enabled,Enabled
1702755872.145279,0,GPU-b342434c-f6b6-7627-333e-da750a9991e6,0.91,0.381640625,10240.0,6158.0,546.17,NVIDIA GeForce RTX 3080,[N/A],Enabled,Enabled
1702755873.14508,0,GPU-b342434c-f6b6-7627-333e-da750a9991e6,0.13,0.381640625,10240.0,6158.0,546.17,NVIDIA GeForce RTX 3080,[N/A],Enabled,Enabled
1702755874.145117,0,GPU-b342434c-f6b6-7627-333e-da750a9991e6,0.13,0.381640625,10240.0,6158.0,546.17,NVIDIA GeForce RTX 3080,[N/A],Enabled,Enabled
1702755875.145156,0,GPU-b342434c-f6b6-7627-333e-da750a9991e6,0.13,0.381640625,10240.0,6158.0,546.17,NVIDIA GeForce RTX 3080,[N/A],Enabled,Enabled
1702755876.144942,0,GPU-b342434c-f6b6-7627-333e-da750a9991e6,0.13,0.381640625,10240.0,6158.0,546.17,NVIDIA GeForce RTX 3080,[N/A],Enabled,Enabled
1702755877.145357,0,GPU-b342434c-f6b6-7627-333e-da750a9991e6,0.13,0.381640625,10240.0,6158.0,546.17,NVIDIA GeForce RTX 3080,[N/A],Enabled,Enabled
1702755878.145109,0,GPU-b342434c-f6b6-7627-333e-da750a9991e6,0.13,0.381640625,10240.0,6158.0,546.17,NVIDIA GeForce RTX 3080,[N/A],Enabled,Enabled
1702755879.145685,0,GPU-b342434c-f6b6-7627-333e-da750a9991e6,0.14,0.31767578125,10240.0,6813.0,546.17,NVIDIA GeForce RTX 3080,[N/A],Enabled,Enabled
1702755880.145493,0,GPU-b342434c-f6b6-7627-333e-da750a9991e6,0.17,0.317578125,10240.0,6814.0,546.17,NVIDIA GeForce RTX 3080,[N/A],Enabled,Enabled
