timestamp,id,uuid,load,memoryUtil,memoryTotal,memoryUsed,memoryFree,driver,name,serial,display_mode,display_active
1702756241.469236,0,GPU-b342434c-f6b6-7627-333e-da750a9991e6,0.17,0.31884765625,10240.0,6801.0,546.17,NVIDIA GeForce RTX 3080,[N/A],Enabled,Enabled
1702756242.465386,0,GPU-b342434c-f6b6-7627-333e-da750a9991e6,0.16,0.31884765625,10240.0,6801.0,546.17,NVIDIA GeForce RTX 3080,[N/A],Enabled,Enabled
1702756243.465452,0,GPU-b342434c-f6b6-7627-333e-da750a9991e6,0.16,0.31884765625,10240.0,6801.0,546.17,NVIDIA GeForce RTX 3080,[N/A],Enabled,Enabled
1702756244.464821,0,GPU-b342434c-f6b6-7627-333e-da750a9991e6,0.16,0.31884765625,10240.0,6801.0,546.17,NVIDIA GeForce RTX 3080,[N/A],Enabled,Enabled
1702756245.465209,0,GPU-b342434c-f6b6-7627-333e-da750a9991e6,0.16,0.31884765625,10240.0,6801.0,546.17,NVIDIA GeForce RTX 3080,[N/A],Enabled,Enabled
1702756246.465458,0,GPU-b342434c-f6b6-7627-333e-da750a9991e6,0.16,0.31884765625,10240.0,6801.0,546.17,NVIDIA GeForce RTX 3080,[N/A],Enabled,Enabled
1702756247.465098,0,GPU-b342434c-f6b6-7627-333e-da750a9991e6,0.16,0.31875,10240.0,6802.0,546.17,NVIDIA GeForce RTX 3080,[N/A],Enabled,Enabled
1702756248.46554,0,GPU-b342434c-f6b6-7627-333e-da750a9991e6,0.16,0.31875,10240.0,6802.0,546.17,NVIDIA GeForce RTX 3080,[N/A],Enabled,Enabled
1702756249.464955,0,GPU-b342434c-f6b6-7627-333e-da750a9991e6,0.16,0.31875,10240.0,6802.0,546.17,NVIDIA GeForce RTX 3080,[N/A],Enabled,Enabled
1702756250.46493,0,GPU-b342434c-f6b6-7627-333e-da750a9991e6,0.16,0.3177734375,10240.0,6812.0,546.17,NVIDIA GeForce RTX 3080,[N/A],Enabled,Enabled
1702756251.465284,0,GPU-b342434c-f6b6-7627-333e-da750a9991e6,0.16,0.3177734375,10240.0,6812.0,546.17,NVIDIA GeForce RTX 3080,[N/A],Enabled,Enabled
1702756252.465318,0,GPU-b342434c-f6b6-7627-333e-da750a9991e6,0.16,0.3177734375,10240.0,6812.0,546.17,NVIDIA GeForce RTX 3080,[N/A],Enabled,Enabled
1702756253.465092,0,GPU-b342434c-f6b6-7627-333e-da750a9991e6,0.16,0.3177734375,10240.0,6812.0,546.17,NVIDIA GeForce RTX 3080,[N/A],Enabled,Enabled
1702756254.465639,0,GPU-b342434c-f6b6-7627-333e-da750a9991e6,0.16,0.3177734375,10240.0,6812.0,546.17,NVIDIA GeForce RTX 3080,[N/A],Enabled,Enabled
1702756255.465215,0,GPU-b342434c-f6b6-7627-333e-da750a9991e6,0.16,0.3177734375,10240.0,6812.0,546.17,NVIDIA GeForce RTX 3080,[N/A],Enabled,Enabled
1702756256.465831,0,GPU-b342434c-f6b6-7627-333e-da750a9991e6,0.17,0.31728515625,10240.0,6817.0,546.17,NVIDIA GeForce RTX 3080,[N/A],Enabled,Enabled
1702756257.465832,0,GPU-b342434c-f6b6-7627-333e-da750a9991e6,0.21,0.330859375,10240.0,6678.0,546.17,NVIDIA GeForce RTX 3080,[N/A],Enabled,Enabled
1702756258.465867,0,GPU-b342434c-f6b6-7627-333e-da750a9991e6,0.16,0.49775390625,10240.0,4969.0,546.17,NVIDIA GeForce RTX 3080,[N/A],Enabled,Enabled
1702756259.465143,0,GPU-b342434c-f6b6-7627-333e-da750a9991e6,0.11,0.44375,10240.0,5522.0,546.17,NVIDIA GeForce RTX 3080,[N/A],Enabled,Enabled
1702756260.46531,0,GPU-b342434c-f6b6-7627-333e-da750a9991e6,0.11,0.4435546875,10240.0,5524.0,546.17,NVIDIA GeForce RTX 3080,[N/A],Enabled,Enabled
1702756261.465168,0,GPU-b342434c-f6b6-7627-333e-da750a9991e6,0.11,0.4435546875,10240.0,5524.0,546.17,NVIDIA GeForce RTX 3080,[N/A],Enabled,Enabled
1702756262.465365,0,GPU-b342434c-f6b6-7627-333e-da750a9991e6,0.11,0.37255859375,10240.0,6251.0,546.17,NVIDIA GeForce RTX 3080,[N/A],Enabled,Enabled
1702756263.465444,0,GPU-b342434c-f6b6-7627-333e-da750a9991e6,0.17,0.38603515625,10240.0,6113.0,546.17,NVIDIA GeForce RTX 3080,[N/A],Enabled,Enabled
1702756264.465919,0,GPU-b342434c-f6b6-7627-333e-da750a9991e6,0.14,0.38603515625,10240.0,6113.0,546.17,NVIDIA GeForce RTX 3080,[N/A],Enabled,Enabled
1702756265.465092,0,GPU-b342434c-f6b6-7627-333e-da750a9991e6,0.13,0.38232421875,10240.0,6151.0,546.17,NVIDIA GeForce RTX 3080,[N/A],Enabled,Enabled
1702756266.465619,0,GPU-b342434c-f6b6-7627-333e-da750a9991e6,0.14,0.3822265625,10240.0,6152.0,546.17,NVIDIA GeForce RTX 3080,[N/A],Enabled,Enabled
1702756267.465362,0,GPU-b342434c-f6b6-7627-333e-da750a9991e6,0.14,0.38779296875,10240.0,6095.0,546.17,NVIDIA GeForce RTX 3080,[N/A],Enabled,Enabled
1702756268.465551,0,GPU-b342434c-f6b6-7627-333e-da750a9991e6,0.14,0.38779296875,10240.0,6095.0,546.17,NVIDIA GeForce RTX 3080,[N/A],Enabled,Enabled
1702756269.465307,0,GPU-b342434c-f6b6-7627-333e-da750a9991e6,0.13,0.383984375,10240.0,6134.0,546.17,NVIDIA GeForce RTX 3080,[N/A],Enabled,Enabled
1702756270.465379,0,GPU-b342434c-f6b6-7627-333e-da750a9991e6,0.14,0.38779296875,10240.0,6095.0,546.17,NVIDIA GeForce RTX 3080,[N/A],Enabled,Enabled
1702756271.465636,0,GPU-b342434c-f6b6-7627-333e-da750a9991e6,0.14,0.3876953125,10240.0,6096.0,546.17,NVIDIA GeForce RTX 3080,[N/A],Enabled,Enabled
1702756272.465258,0,GPU-b342434c-f6b6-7627-333e-da750a9991e6,0.13,0.38408203125,10240.0,6133.0,546.17,NVIDIA GeForce RTX 3080,[N/A],Enabled,Enabled
1702756273.465401,0,GPU-b342434c-f6b6-7627-333e-da750a9991e6,0.13,0.38408203125,10240.0,6133.0,546.17,NVIDIA GeForce RTX 3080,[N/A],Enabled,Enabled
1702756274.465283,0,GPU-b342434c-f6b6-7627-333e-da750a9991e6,0.14,0.38408203125,10240.0,6133.0,546.17,NVIDIA GeForce RTX 3080,[N/A],Enabled,Enabled
1702756275.465602,0,GPU-b342434c-f6b6-7627-333e-da750a9991e6,0.13,0.38779296875,10240.0,6095.0,546.17,NVIDIA GeForce RTX 3080,[N/A],Enabled,Enabled
1702756276.465864,0,GPU-b342434c-f6b6-7627-333e-da750a9991e6,0.13,0.38779296875,10240.0,6095.0,546.17,NVIDIA GeForce RTX 3080,[N/A],Enabled,Enabled
1702756277.465767,0,GPU-b342434c-f6b6-7627-333e-da750a9991e6,0.12,0.38779296875,10240.0,6095.0,546.17,NVIDIA GeForce RTX 3080,[N/A],Enabled,Enabled
1702756278.465875,0,GPU-b342434c-f6b6-7627-333e-da750a9991e6,0.13,0.38408203125,10240.0,6133.0,546.17,NVIDIA GeForce RTX 3080,[N/A],Enabled,Enabled
1702756279.465439,0,GPU-b342434c-f6b6-7627-333e-da750a9991e6,0.13,0.38408203125,10240.0,6133.0,546.17,NVIDIA GeForce RTX 3080,[N/A],Enabled,Enabled
1702756280.465042,0,GPU-b342434c-f6b6-7627-333e-da750a9991e6,0.14,0.38642578125,10240.0,6109.0,546.17,NVIDIA GeForce RTX 3080,[N/A],Enabled,Enabled
1702756281.464976,0,GPU-b342434c-f6b6-7627-333e-da750a9991e6,0.17,0.39716796875,10240.0,5999.0,546.17,NVIDIA GeForce RTX 3080,[N/A],Enabled,Enabled
1702756282.464931,0,GPU-b342434c-f6b6-7627-333e-da750a9991e6,0.17,0.39716796875,10240.0,5999.0,546.17,NVIDIA GeForce RTX 3080,[N/A],Enabled,Enabled
1702756283.465239,0,GPU-b342434c-f6b6-7627-333e-da750a9991e6,0.17,0.39716796875,10240.0,5999.0,546.17,NVIDIA GeForce RTX 3080,[N/A],Enabled,Enabled
1702756284.464985,0,GPU-b342434c-f6b6-7627-333e-da750a9991e6,0.16,0.39716796875,10240.0,5999.0,546.17,NVIDIA GeForce RTX 3080,[N/A],Enabled,Enabled
1702756285.465108,0,GPU-b342434c-f6b6-7627-333e-da750a9991e6,0.16,0.39716796875,10240.0,5999.0,546.17,NVIDIA GeForce RTX 3080,[N/A],Enabled,Enabled
1702756286.465849,0,GPU-b342434c-f6b6-7627-333e-da750a9991e6,0.16,0.39716796875,10240.0,5999.0,546.17,NVIDIA GeForce RTX 3080,[N/A],Enabled,Enabled
1702756287.465685,0,GPU-b342434c-f6b6-7627-333e-da750a9991e6,0.16,0.39716796875,10240.0,5999.0,546.17,NVIDIA GeForce RTX 3080,[N/A],Enabled,Enabled
1702756288.464968,0,GPU-b342434c-f6b6-7627-333e-da750a9991e6,0.16,0.39716796875,10240.0,5999.0,546.17,NVIDIA GeForce RTX 3080,[N/A],Enabled,Enabled
1702756289.464915,0,GPU-b342434c-f6b6-7627-333e-da750a9991e6,0.17,0.39716796875,10240.0,5999.0,546.17,NVIDIA GeForce RTX 3080,[N/A],Enabled,Enabled
1702756290.465841,0,GPU-b342434c-f6b6-7627-333e-da750a9991e6,0.16,0.39716796875,10240.0,5999.0,546.17,NVIDIA GeForce RTX 3080,[N/A],Enabled,Enabled
1702756291.465048,0,GPU-b342434c-f6b6-7627-333e-da750a9991e6,0.17,0.39716796875,10240.0,5999.0,546.17,NVIDIA GeForce RTX 3080,[N/A],Enabled,Enabled
1702756292.465266,0,GPU-b342434c-f6b6-7627-333e-da750a9991e6,0.16,0.39716796875,10240.0,5999.0,546.17,NVIDIA GeForce RTX 3080,[N/A],Enabled,Enabled
1702756293.465398,0,GPU-b342434c-f6b6-7627-333e-da750a9991e6,0.17,0.39716796875,10240.0,5999.0,546.17,NVIDIA GeForce RTX 3080,[N/A],Enabled,Enabled
1702756294.465077,0,GPU-b342434c-f6b6-7627-333e-da750a9991e6,0.16,0.39716796875,10240.0,5999.0,546.17,NVIDIA GeForce RTX 3080,[N/A],Enabled,Enabled
1702756295.465812,0,GPU-b342434c-f6b6-7627-333e-da750a9991e6,0.16,0.39716796875,10240.0,5999.0,546.17,NVIDIA GeForce RTX 3080,[N/A],Enabled,Enabled
1702756296.465654,0,GPU-b342434c-f6b6-7627-333e-da750a9991e6,0.16,0.39716796875,10240.0,5999.0,546.17,NVIDIA GeForce RTX 3080,[N/A],Enabled,Enabled
1702756297.4657,0,GPU-b342434c-f6b6-7627-333e-da750a9991e6,0.17,0.39716796875,10240.0,5999.0,546.17,NVIDIA GeForce RTX 3080,[N/A],Enabled,Enabled
1702756298.465509,0,GPU-b342434c-f6b6-7627-333e-da750a9991e6,0.17,0.39716796875,10240.0,5999.0,546.17,NVIDIA GeForce RTX 3080,[N/A],Enabled,Enabled
1702756299.465612,0,GPU-b342434c-f6b6-7627-333e-da750a9991e6,0.17,0.39716796875,10240.0,5999.0,546.17,NVIDIA GeForce RTX 3080,[N/A],Enabled,Enabled
1702756300.465749,0,GPU-b342434c-f6b6-7627-333e-da750a9991e6,0.16,0.39716796875,10240.0,5999.0,546.17,NVIDIA GeForce RTX 3080,[N/A],Enabled,Enabled
1702756301.465008,0,GPU-b342434c-f6b6-7627-333e-da750a9991e6,0.17,0.39716796875,10240.0,5999.0,546.17,NVIDIA GeForce RTX 3080,[N/A],Enabled,Enabled
1702756302.465349,0,GPU-b342434c-f6b6-7627-333e-da750a9991e6,0.16,0.39716796875,10240.0,5999.0,546.17,NVIDIA GeForce RTX 3080,[N/A],Enabled,Enabled
1702756303.465001,0,GPU-b342434c-f6b6-7627-333e-da750a9991e6,0.17,0.39716796875,10240.0,5999.0,546.17,NVIDIA GeForce RTX 3080,[N/A],Enabled,Enabled
1702756304.465505,0,GPU-b342434c-f6b6-7627-333e-da750a9991e6,0.16,0.39716796875,10240.0,5999.0,546.17,NVIDIA GeForce RTX 3080,[N/A],Enabled,Enabled
1702756305.465358,0,GPU-b342434c-f6b6-7627-333e-da750a9991e6,0.16,0.39716796875,10240.0,5999.0,546.17,NVIDIA GeForce RTX 3080,[N/A],Enabled,Enabled
1702756306.465329,0,GPU-b342434c-f6b6-7627-333e-da750a9991e6,0.17,0.39716796875,10240.0,5999.0,546.17,NVIDIA GeForce RTX 3080,[N/A],Enabled,Enabled
1702756307.465023,0,GPU-b342434c-f6b6-7627-333e-da750a9991e6,0.16,0.39716796875,10240.0,5999.0,546.17,NVIDIA GeForce RTX 3080,[N/A],Enabled,Enabled
1702756308.465362,0,GPU-b342434c-f6b6-7627-333e-da750a9991e6,0.17,0.39716796875,10240.0,5999.0,546.17,NVIDIA GeForce RTX 3080,[N/A],Enabled,Enabled
1702756309.465585,0,GPU-b342434c-f6b6-7627-333e-da750a9991e6,0.17,0.39716796875,10240.0,5999.0,546.17,NVIDIA GeForce RTX 3080,[N/A],Enabled,Enabled
1702756310.46568,0,GPU-b342434c-f6b6-7627-333e-da750a9991e6,0.16,0.39716796875,10240.0,5999.0,546.17,NVIDIA GeForce RTX 3080,[N/A],Enabled,Enabled
1702756311.465025,0,GPU-b342434c-f6b6-7627-333e-da750a9991e6,0.16,0.39716796875,10240.0,5999.0,546.17,NVIDIA GeForce RTX 3080,[N/A],Enabled,Enabled
1702756312.465082,0,GPU-b342434c-f6b6-7627-333e-da750a9991e6,0.16,0.39716796875,10240.0,5999.0,546.17,NVIDIA GeForce RTX 3080,[N/A],Enabled,Enabled
1702756313.465768,0,GPU-b342434c-f6b6-7627-333e-da750a9991e6,0.17,0.39716796875,10240.0,5999.0,546.17,NVIDIA GeForce RTX 3080,[N/A],Enabled,Enabled
1702756314.46526,0,GPU-b342434c-f6b6-7627-333e-da750a9991e6,0.16,0.39716796875,10240.0,5999.0,546.17,NVIDIA GeForce RTX 3080,[N/A],Enabled,Enabled
1702756315.46518,0,GPU-b342434c-f6b6-7627-333e-da750a9991e6,0.17,0.39716796875,10240.0,5999.0,546.17,NVIDIA GeForce RTX 3080,[N/A],Enabled,Enabled
1702756316.464784,0,GPU-b342434c-f6b6-7627-333e-da750a9991e6,0.16,0.39716796875,10240.0,5999.0,546.17,NVIDIA GeForce RTX 3080,[N/A],Enabled,Enabled
1702756317.465117,0,GPU-b342434c-f6b6-7627-333e-da750a9991e6,0.17,0.39716796875,10240.0,5999.0,546.17,NVIDIA GeForce RTX 3080,[N/A],Enabled,Enabled
1702756318.465244,0,GPU-b342434c-f6b6-7627-333e-da750a9991e6,0.16,0.39716796875,10240.0,5999.0,546.17,NVIDIA GeForce RTX 3080,[N/A],Enabled,Enabled
1702756319.46532,0,GPU-b342434c-f6b6-7627-333e-da750a9991e6,0.17,0.39716796875,10240.0,5999.0,546.17,NVIDIA GeForce RTX 3080,[N/A],Enabled,Enabled
1702756320.465607,0,GPU-b342434c-f6b6-7627-333e-da750a9991e6,0.16,0.39716796875,10240.0,5999.0,546.17,NVIDIA GeForce RTX 3080,[N/A],Enabled,Enabled
1702756321.465061,0,GPU-b342434c-f6b6-7627-333e-da750a9991e6,0.17,0.39716796875,10240.0,5999.0,546.17,NVIDIA GeForce RTX 3080,[N/A],Enabled,Enabled
1702756322.464891,0,GPU-b342434c-f6b6-7627-333e-da750a9991e6,0.16,0.39716796875,10240.0,5999.0,546.17,NVIDIA GeForce RTX 3080,[N/A],Enabled,Enabled
1702756323.465445,0,GPU-b342434c-f6b6-7627-333e-da750a9991e6,0.17,0.39716796875,10240.0,5999.0,546.17,NVIDIA GeForce RTX 3080,[N/A],Enabled,Enabled
1702756324.465524,0,GPU-b342434c-f6b6-7627-333e-da750a9991e6,0.16,0.39716796875,10240.0,5999.0,546.17,NVIDIA GeForce RTX 3080,[N/A],Enabled,Enabled
1702756325.465705,0,GPU-b342434c-f6b6-7627-333e-da750a9991e6,0.16,0.39716796875,10240.0,5999.0,546.17,NVIDIA GeForce RTX 3080,[N/A],Enabled,Enabled
1702756326.465322,0,GPU-b342434c-f6b6-7627-333e-da750a9991e6,0.16,0.39716796875,10240.0,5999.0,546.17,NVIDIA GeForce RTX 3080,[N/A],Enabled,Enabled
1702756327.465138,0,GPU-b342434c-f6b6-7627-333e-da750a9991e6,0.17,0.39716796875,10240.0,5999.0,546.17,NVIDIA GeForce RTX 3080,[N/A],Enabled,Enabled
1702756328.465431,0,GPU-b342434c-f6b6-7627-333e-da750a9991e6,0.16,0.39716796875,10240.0,5999.0,546.17,NVIDIA GeForce RTX 3080,[N/A],Enabled,Enabled
1702756329.465968,0,GPU-b342434c-f6b6-7627-333e-da750a9991e6,0.16,0.39716796875,10240.0,5999.0,546.17,NVIDIA GeForce RTX 3080,[N/A],Enabled,Enabled
1702756330.465867,0,GPU-b342434c-f6b6-7627-333e-da750a9991e6,0.16,0.39716796875,10240.0,5999.0,546.17,NVIDIA GeForce RTX 3080,[N/A],Enabled,Enabled
1702756331.465198,0,GPU-b342434c-f6b6-7627-333e-da750a9991e6,0.16,0.39716796875,10240.0,5999.0,546.17,NVIDIA GeForce RTX 3080,[N/A],Enabled,Enabled
1702756332.465284,0,GPU-b342434c-f6b6-7627-333e-da750a9991e6,0.17,0.39716796875,10240.0,5999.0,546.17,NVIDIA GeForce RTX 3080,[N/A],Enabled,Enabled
1702756333.465215,0,GPU-b342434c-f6b6-7627-333e-da750a9991e6,0.17,0.39716796875,10240.0,5999.0,546.17,NVIDIA GeForce RTX 3080,[N/A],Enabled,Enabled
1702756334.465194,0,GPU-b342434c-f6b6-7627-333e-da750a9991e6,0.17,0.39716796875,10240.0,5999.0,546.17,NVIDIA GeForce RTX 3080,[N/A],Enabled,Enabled
1702756335.465124,0,GPU-b342434c-f6b6-7627-333e-da750a9991e6,0.17,0.39716796875,10240.0,5999.0,546.17,NVIDIA GeForce RTX 3080,[N/A],Enabled,Enabled
1702756336.464941,0,GPU-b342434c-f6b6-7627-333e-da750a9991e6,0.17,0.39716796875,10240.0,5999.0,546.17,NVIDIA GeForce RTX 3080,[N/A],Enabled,Enabled
1702756337.465778,0,GPU-b342434c-f6b6-7627-333e-da750a9991e6,0.16,0.39716796875,10240.0,5999.0,546.17,NVIDIA GeForce RTX 3080,[N/A],Enabled,Enabled
1702756338.465457,0,GPU-b342434c-f6b6-7627-333e-da750a9991e6,0.16,0.39716796875,10240.0,5999.0,546.17,NVIDIA GeForce RTX 3080,[N/A],Enabled,Enabled
1702756339.465568,0,GPU-b342434c-f6b6-7627-333e-da750a9991e6,0.17,0.39716796875,10240.0,5999.0,546.17,NVIDIA GeForce RTX 3080,[N/A],Enabled,Enabled
1702756340.46575,0,GPU-b342434c-f6b6-7627-333e-da750a9991e6,0.17,0.39716796875,10240.0,5999.0,546.17,NVIDIA GeForce RTX 3080,[N/A],Enabled,Enabled
1702756341.465721,0,GPU-b342434c-f6b6-7627-333e-da750a9991e6,0.18,0.39716796875,10240.0,5999.0,546.17,NVIDIA GeForce RTX 3080,[N/A],Enabled,Enabled
1702756342.466042,0,GPU-b342434c-f6b6-7627-333e-da750a9991e6,0.17,0.39716796875,10240.0,5999.0,546.17,NVIDIA GeForce RTX 3080,[N/A],Enabled,Enabled
1702756343.466188,0,GPU-b342434c-f6b6-7627-333e-da750a9991e6,0.17,0.39716796875,10240.0,5999.0,546.17,NVIDIA GeForce RTX 3080,[N/A],Enabled,Enabled
1702756344.465317,0,GPU-b342434c-f6b6-7627-333e-da750a9991e6,0.17,0.39716796875,10240.0,5999.0,546.17,NVIDIA GeForce RTX 3080,[N/A],Enabled,Enabled
1702756345.46536,0,GPU-b342434c-f6b6-7627-333e-da750a9991e6,0.17,0.39716796875,10240.0,5999.0,546.17,NVIDIA GeForce RTX 3080,[N/A],Enabled,Enabled
1702756346.465035,0,GPU-b342434c-f6b6-7627-333e-da750a9991e6,0.17,0.39716796875,10240.0,5999.0,546.17,NVIDIA GeForce RTX 3080,[N/A],Enabled,Enabled
1702756347.465808,0,GPU-b342434c-f6b6-7627-333e-da750a9991e6,0.17,0.39716796875,10240.0,5999.0,546.17,NVIDIA GeForce RTX 3080,[N/A],Enabled,Enabled
1702756348.465481,0,GPU-b342434c-f6b6-7627-333e-da750a9991e6,0.17,0.39716796875,10240.0,5999.0,546.17,NVIDIA GeForce RTX 3080,[N/A],Enabled,Enabled
1702756349.465471,0,GPU-b342434c-f6b6-7627-333e-da750a9991e6,0.17,0.39716796875,10240.0,5999.0,546.17,NVIDIA GeForce RTX 3080,[N/A],Enabled,Enabled
1702756350.465164,0,GPU-b342434c-f6b6-7627-333e-da750a9991e6,0.16,0.39716796875,10240.0,5999.0,546.17,NVIDIA GeForce RTX 3080,[N/A],Enabled,Enabled
1702756351.465198,0,GPU-b342434c-f6b6-7627-333e-da750a9991e6,0.18,0.39716796875,10240.0,5999.0,546.17,NVIDIA GeForce RTX 3080,[N/A],Enabled,Enabled
1702756352.464941,0,GPU-b342434c-f6b6-7627-333e-da750a9991e6,0.17,0.39716796875,10240.0,5999.0,546.17,NVIDIA GeForce RTX 3080,[N/A],Enabled,Enabled
1702756353.465293,0,GPU-b342434c-f6b6-7627-333e-da750a9991e6,0.17,0.39716796875,10240.0,5999.0,546.17,NVIDIA GeForce RTX 3080,[N/A],Enabled,Enabled
1702756354.465463,0,GPU-b342434c-f6b6-7627-333e-da750a9991e6,0.17,0.39716796875,10240.0,5999.0,546.17,NVIDIA GeForce RTX 3080,[N/A],Enabled,Enabled
1702756355.465692,0,GPU-b342434c-f6b6-7627-333e-da750a9991e6,0.16,0.39716796875,10240.0,5999.0,546.17,NVIDIA GeForce RTX 3080,[N/A],Enabled,Enabled
1702756356.465354,0,GPU-b342434c-f6b6-7627-333e-da750a9991e6,0.16,0.39716796875,10240.0,5999.0,546.17,NVIDIA GeForce RTX 3080,[N/A],Enabled,Enabled
1702756357.465379,0,GPU-b342434c-f6b6-7627-333e-da750a9991e6,0.17,0.39716796875,10240.0,5999.0,546.17,NVIDIA GeForce RTX 3080,[N/A],Enabled,Enabled
1702756358.465363,0,GPU-b342434c-f6b6-7627-333e-da750a9991e6,0.16,0.39716796875,10240.0,5999.0,546.17,NVIDIA GeForce RTX 3080,[N/A],Enabled,Enabled
1702756359.465909,0,GPU-b342434c-f6b6-7627-333e-da750a9991e6,0.17,0.39716796875,10240.0,5999.0,546.17,NVIDIA GeForce RTX 3080,[N/A],Enabled,Enabled
1702756360.46497,0,GPU-b342434c-f6b6-7627-333e-da750a9991e6,0.17,0.39716796875,10240.0,5999.0,546.17,NVIDIA GeForce RTX 3080,[N/A],Enabled,Enabled
1702756361.464708,0,GPU-b342434c-f6b6-7627-333e-da750a9991e6,0.18,0.39716796875,10240.0,5999.0,546.17,NVIDIA GeForce RTX 3080,[N/A],Enabled,Enabled
1702756362.465966,0,GPU-b342434c-f6b6-7627-333e-da750a9991e6,0.17,0.39716796875,10240.0,5999.0,546.17,NVIDIA GeForce RTX 3080,[N/A],Enabled,Enabled
1702756363.465606,0,GPU-b342434c-f6b6-7627-333e-da750a9991e6,0.17,0.39716796875,10240.0,5999.0,546.17,NVIDIA GeForce RTX 3080,[N/A],Enabled,Enabled
1702756364.46548,0,GPU-b342434c-f6b6-7627-333e-da750a9991e6,0.16,0.39716796875,10240.0,5999.0,546.17,NVIDIA GeForce RTX 3080,[N/A],Enabled,Enabled
1702756365.464905,0,GPU-b342434c-f6b6-7627-333e-da750a9991e6,0.16,0.39716796875,10240.0,5999.0,546.17,NVIDIA GeForce RTX 3080,[N/A],Enabled,Enabled
1702756366.465569,0,GPU-b342434c-f6b6-7627-333e-da750a9991e6,0.17,0.39716796875,10240.0,5999.0,546.17,NVIDIA GeForce RTX 3080,[N/A],Enabled,Enabled
1702756367.464939,0,GPU-b342434c-f6b6-7627-333e-da750a9991e6,0.17,0.39716796875,10240.0,5999.0,546.17,NVIDIA GeForce RTX 3080,[N/A],Enabled,Enabled
1702756368.465502,0,GPU-b342434c-f6b6-7627-333e-da750a9991e6,0.16,0.39716796875,10240.0,5999.0,546.17,NVIDIA GeForce RTX 3080,[N/A],Enabled,Enabled
1702756369.465472,0,GPU-b342434c-f6b6-7627-333e-da750a9991e6,0.17,0.39716796875,10240.0,5999.0,546.17,NVIDIA GeForce RTX 3080,[N/A],Enabled,Enabled
1702756370.46515,0,GPU-b342434c-f6b6-7627-333e-da750a9991e6,0.17,0.39716796875,10240.0,5999.0,546.17,NVIDIA GeForce RTX 3080,[N/A],Enabled,Enabled
1702756371.465365,0,GPU-b342434c-f6b6-7627-333e-da750a9991e6,0.16,0.39716796875,10240.0,5999.0,546.17,NVIDIA GeForce RTX 3080,[N/A],Enabled,Enabled
1702756372.464957,0,GPU-b342434c-f6b6-7627-333e-da750a9991e6,0.16,0.39716796875,10240.0,5999.0,546.17,NVIDIA GeForce RTX 3080,[N/A],Enabled,Enabled
1702756373.465085,0,GPU-b342434c-f6b6-7627-333e-da750a9991e6,0.17,0.39716796875,10240.0,5999.0,546.17,NVIDIA GeForce RTX 3080,[N/A],Enabled,Enabled
1702756374.465256,0,GPU-b342434c-f6b6-7627-333e-da750a9991e6,0.17,0.39716796875,10240.0,5999.0,546.17,NVIDIA GeForce RTX 3080,[N/A],Enabled,Enabled
1702756375.465878,0,GPU-b342434c-f6b6-7627-333e-da750a9991e6,0.16,0.39716796875,10240.0,5999.0,546.17,NVIDIA GeForce RTX 3080,[N/A],Enabled,Enabled
1702756376.465473,0,GPU-b342434c-f6b6-7627-333e-da750a9991e6,0.84,0.39716796875,10240.0,5999.0,546.17,NVIDIA GeForce RTX 3080,[N/A],Enabled,Enabled
1702756377.465572,0,GPU-b342434c-f6b6-7627-333e-da750a9991e6,0.98,0.39716796875,10240.0,5999.0,546.17,NVIDIA GeForce RTX 3080,[N/A],Enabled,Enabled
1702756378.465472,0,GPU-b342434c-f6b6-7627-333e-da750a9991e6,0.91,0.39716796875,10240.0,5999.0,546.17,NVIDIA GeForce RTX 3080,[N/A],Enabled,Enabled
1702756379.465457,0,GPU-b342434c-f6b6-7627-333e-da750a9991e6,0.98,0.39716796875,10240.0,5999.0,546.17,NVIDIA GeForce RTX 3080,[N/A],Enabled,Enabled
1702756380.464924,0,GPU-b342434c-f6b6-7627-333e-da750a9991e6,0.99,0.39716796875,10240.0,5999.0,546.17,NVIDIA GeForce RTX 3080,[N/A],Enabled,Enabled
1702756381.465833,0,GPU-b342434c-f6b6-7627-333e-da750a9991e6,0.98,0.39716796875,10240.0,5999.0,546.17,NVIDIA GeForce RTX 3080,[N/A],Enabled,Enabled
1702756382.466028,0,GPU-b342434c-f6b6-7627-333e-da750a9991e6,0.98,0.39716796875,10240.0,5999.0,546.17,NVIDIA GeForce RTX 3080,[N/A],Enabled,Enabled
1702756383.465154,0,GPU-b342434c-f6b6-7627-333e-da750a9991e6,0.91,0.390234375,10240.0,6070.0,546.17,NVIDIA GeForce RTX 3080,[N/A],Enabled,Enabled
1702756384.465165,0,GPU-b342434c-f6b6-7627-333e-da750a9991e6,0.92,0.390234375,10240.0,6070.0,546.17,NVIDIA GeForce RTX 3080,[N/A],Enabled,Enabled
1702756385.464743,0,GPU-b342434c-f6b6-7627-333e-da750a9991e6,0.9,0.3865234375,10240.0,6108.0,546.17,NVIDIA GeForce RTX 3080,[N/A],Enabled,Enabled
1702756386.465515,0,GPU-b342434c-f6b6-7627-333e-da750a9991e6,0.9,0.3865234375,10240.0,6108.0,546.17,NVIDIA GeForce RTX 3080,[N/A],Enabled,Enabled
1702756387.465387,0,GPU-b342434c-f6b6-7627-333e-da750a9991e6,0.9,0.3865234375,10240.0,6108.0,546.17,NVIDIA GeForce RTX 3080,[N/A],Enabled,Enabled
1702756388.465695,0,GPU-b342434c-f6b6-7627-333e-da750a9991e6,0.91,0.3865234375,10240.0,6108.0,546.17,NVIDIA GeForce RTX 3080,[N/A],Enabled,Enabled
1702756389.465041,0,GPU-b342434c-f6b6-7627-333e-da750a9991e6,0.89,0.3865234375,10240.0,6108.0,546.17,NVIDIA GeForce RTX 3080,[N/A],Enabled,Enabled
1702756390.465403,0,GPU-b342434c-f6b6-7627-333e-da750a9991e6,0.11,0.3865234375,10240.0,6108.0,546.17,NVIDIA GeForce RTX 3080,[N/A],Enabled,Enabled
1702756391.464776,0,GPU-b342434c-f6b6-7627-333e-da750a9991e6,0.13,0.3865234375,10240.0,6108.0,546.17,NVIDIA GeForce RTX 3080,[N/A],Enabled,Enabled
1702756392.465804,0,GPU-b342434c-f6b6-7627-333e-da750a9991e6,0.13,0.3865234375,10240.0,6108.0,546.17,NVIDIA GeForce RTX 3080,[N/A],Enabled,Enabled
1702756393.46555,0,GPU-b342434c-f6b6-7627-333e-da750a9991e6,0.13,0.3865234375,10240.0,6108.0,546.17,NVIDIA GeForce RTX 3080,[N/A],Enabled,Enabled
1702756394.465454,0,GPU-b342434c-f6b6-7627-333e-da750a9991e6,0.13,0.3865234375,10240.0,6108.0,546.17,NVIDIA GeForce RTX 3080,[N/A],Enabled,Enabled
1702756395.465607,0,GPU-b342434c-f6b6-7627-333e-da750a9991e6,0.13,0.3865234375,10240.0,6108.0,546.17,NVIDIA GeForce RTX 3080,[N/A],Enabled,Enabled
1702756396.465543,0,GPU-b342434c-f6b6-7627-333e-da750a9991e6,0.13,0.3865234375,10240.0,6108.0,546.17,NVIDIA GeForce RTX 3080,[N/A],Enabled,Enabled
1702756397.46557,0,GPU-b342434c-f6b6-7627-333e-da750a9991e6,0.12,0.3865234375,10240.0,6108.0,546.17,NVIDIA GeForce RTX 3080,[N/A],Enabled,Enabled
1702756398.465336,0,GPU-b342434c-f6b6-7627-333e-da750a9991e6,0.12,0.3865234375,10240.0,6108.0,546.17,NVIDIA GeForce RTX 3080,[N/A],Enabled,Enabled
1702756399.465877,0,GPU-b342434c-f6b6-7627-333e-da750a9991e6,0.13,0.3865234375,10240.0,6108.0,546.17,NVIDIA GeForce RTX 3080,[N/A],Enabled,Enabled
1702756400.465932,0,GPU-b342434c-f6b6-7627-333e-da750a9991e6,0.12,0.3865234375,10240.0,6108.0,546.17,NVIDIA GeForce RTX 3080,[N/A],Enabled,Enabled
1702756401.465669,0,GPU-b342434c-f6b6-7627-333e-da750a9991e6,0.12,0.3865234375,10240.0,6108.0,546.17,NVIDIA GeForce RTX 3080,[N/A],Enabled,Enabled
1702756402.465287,0,GPU-b342434c-f6b6-7627-333e-da750a9991e6,0.12,0.3865234375,10240.0,6108.0,546.17,NVIDIA GeForce RTX 3080,[N/A],Enabled,Enabled
1702756403.465786,0,GPU-b342434c-f6b6-7627-333e-da750a9991e6,0.12,0.3865234375,10240.0,6108.0,546.17,NVIDIA GeForce RTX 3080,[N/A],Enabled,Enabled
1702756404.465721,0,GPU-b342434c-f6b6-7627-333e-da750a9991e6,0.13,0.3865234375,10240.0,6108.0,546.17,NVIDIA GeForce RTX 3080,[N/A],Enabled,Enabled
1702756405.465366,0,GPU-b342434c-f6b6-7627-333e-da750a9991e6,0.12,0.3865234375,10240.0,6108.0,546.17,NVIDIA GeForce RTX 3080,[N/A],Enabled,Enabled
1702756406.465447,0,GPU-b342434c-f6b6-7627-333e-da750a9991e6,0.12,0.3865234375,10240.0,6108.0,546.17,NVIDIA GeForce RTX 3080,[N/A],Enabled,Enabled
1702756407.465767,0,GPU-b342434c-f6b6-7627-333e-da750a9991e6,0.12,0.3865234375,10240.0,6108.0,546.17,NVIDIA GeForce RTX 3080,[N/A],Enabled,Enabled
1702756408.465753,0,GPU-b342434c-f6b6-7627-333e-da750a9991e6,0.13,0.3865234375,10240.0,6108.0,546.17,NVIDIA GeForce RTX 3080,[N/A],Enabled,Enabled
1702756409.46511,0,GPU-b342434c-f6b6-7627-333e-da750a9991e6,0.12,0.3865234375,10240.0,6108.0,546.17,NVIDIA GeForce RTX 3080,[N/A],Enabled,Enabled
1702756410.465869,0,GPU-b342434c-f6b6-7627-333e-da750a9991e6,0.13,0.3865234375,10240.0,6108.0,546.17,NVIDIA GeForce RTX 3080,[N/A],Enabled,Enabled
1702756411.465695,0,GPU-b342434c-f6b6-7627-333e-da750a9991e6,0.13,0.3865234375,10240.0,6108.0,546.17,NVIDIA GeForce RTX 3080,[N/A],Enabled,Enabled
1702756412.465201,0,GPU-b342434c-f6b6-7627-333e-da750a9991e6,0.12,0.3865234375,10240.0,6108.0,546.17,NVIDIA GeForce RTX 3080,[N/A],Enabled,Enabled
1702756413.465132,0,GPU-b342434c-f6b6-7627-333e-da750a9991e6,0.13,0.3865234375,10240.0,6108.0,546.17,NVIDIA GeForce RTX 3080,[N/A],Enabled,Enabled
1702756414.465131,0,GPU-b342434c-f6b6-7627-333e-da750a9991e6,0.13,0.3865234375,10240.0,6108.0,546.17,NVIDIA GeForce RTX 3080,[N/A],Enabled,Enabled
1702756415.464922,0,GPU-b342434c-f6b6-7627-333e-da750a9991e6,0.12,0.3865234375,10240.0,6108.0,546.17,NVIDIA GeForce RTX 3080,[N/A],Enabled,Enabled
1702756416.465558,0,GPU-b342434c-f6b6-7627-333e-da750a9991e6,0.13,0.3865234375,10240.0,6108.0,546.17,NVIDIA GeForce RTX 3080,[N/A],Enabled,Enabled
1702756417.465483,0,GPU-b342434c-f6b6-7627-333e-da750a9991e6,0.13,0.3865234375,10240.0,6108.0,546.17,NVIDIA GeForce RTX 3080,[N/A],Enabled,Enabled
1702756418.465932,0,GPU-b342434c-f6b6-7627-333e-da750a9991e6,0.13,0.3865234375,10240.0,6108.0,546.17,NVIDIA GeForce RTX 3080,[N/A],Enabled,Enabled
1702756419.464822,0,GPU-b342434c-f6b6-7627-333e-da750a9991e6,0.13,0.3865234375,10240.0,6108.0,546.17,NVIDIA GeForce RTX 3080,[N/A],Enabled,Enabled
1702756420.465154,0,GPU-b342434c-f6b6-7627-333e-da750a9991e6,0.13,0.3865234375,10240.0,6108.0,546.17,NVIDIA GeForce RTX 3080,[N/A],Enabled,Enabled
1702756421.465483,0,GPU-b342434c-f6b6-7627-333e-da750a9991e6,0.13,0.3865234375,10240.0,6108.0,546.17,NVIDIA GeForce RTX 3080,[N/A],Enabled,Enabled
1702756422.464934,0,GPU-b342434c-f6b6-7627-333e-da750a9991e6,0.13,0.3865234375,10240.0,6108.0,546.17,NVIDIA GeForce RTX 3080,[N/A],Enabled,Enabled
1702756423.465911,0,GPU-b342434c-f6b6-7627-333e-da750a9991e6,0.13,0.3865234375,10240.0,6108.0,546.17,NVIDIA GeForce RTX 3080,[N/A],Enabled,Enabled
1702756424.465101,0,GPU-b342434c-f6b6-7627-333e-da750a9991e6,0.13,0.3865234375,10240.0,6108.0,546.17,NVIDIA GeForce RTX 3080,[N/A],Enabled,Enabled
1702756425.465135,0,GPU-b342434c-f6b6-7627-333e-da750a9991e6,0.13,0.3865234375,10240.0,6108.0,546.17,NVIDIA GeForce RTX 3080,[N/A],Enabled,Enabled
1702756426.465105,0,GPU-b342434c-f6b6-7627-333e-da750a9991e6,0.13,0.3865234375,10240.0,6108.0,546.17,NVIDIA GeForce RTX 3080,[N/A],Enabled,Enabled
1702756427.465599,0,GPU-b342434c-f6b6-7627-333e-da750a9991e6,0.13,0.3865234375,10240.0,6108.0,546.17,NVIDIA GeForce RTX 3080,[N/A],Enabled,Enabled
1702756428.465173,0,GPU-b342434c-f6b6-7627-333e-da750a9991e6,0.13,0.3865234375,10240.0,6108.0,546.17,NVIDIA GeForce RTX 3080,[N/A],Enabled,Enabled
1702756429.46553,0,GPU-b342434c-f6b6-7627-333e-da750a9991e6,0.13,0.3865234375,10240.0,6108.0,546.17,NVIDIA GeForce RTX 3080,[N/A],Enabled,Enabled
1702756430.465193,0,GPU-b342434c-f6b6-7627-333e-da750a9991e6,0.13,0.3865234375,10240.0,6108.0,546.17,NVIDIA GeForce RTX 3080,[N/A],Enabled,Enabled
1702756431.465334,0,GPU-b342434c-f6b6-7627-333e-da750a9991e6,0.13,0.3865234375,10240.0,6108.0,546.17,NVIDIA GeForce RTX 3080,[N/A],Enabled,Enabled
1702756432.465508,0,GPU-b342434c-f6b6-7627-333e-da750a9991e6,0.13,0.3865234375,10240.0,6108.0,546.17,NVIDIA GeForce RTX 3080,[N/A],Enabled,Enabled
1702756433.464891,0,GPU-b342434c-f6b6-7627-333e-da750a9991e6,0.13,0.3865234375,10240.0,6108.0,546.17,NVIDIA GeForce RTX 3080,[N/A],Enabled,Enabled
1702756434.465331,0,GPU-b342434c-f6b6-7627-333e-da750a9991e6,0.13,0.3865234375,10240.0,6108.0,546.17,NVIDIA GeForce RTX 3080,[N/A],Enabled,Enabled
1702756435.465044,0,GPU-b342434c-f6b6-7627-333e-da750a9991e6,0.13,0.3865234375,10240.0,6108.0,546.17,NVIDIA GeForce RTX 3080,[N/A],Enabled,Enabled
1702756436.46562,0,GPU-b342434c-f6b6-7627-333e-da750a9991e6,0.13,0.3865234375,10240.0,6108.0,546.17,NVIDIA GeForce RTX 3080,[N/A],Enabled,Enabled
1702756437.464963,0,GPU-b342434c-f6b6-7627-333e-da750a9991e6,0.13,0.3865234375,10240.0,6108.0,546.17,NVIDIA GeForce RTX 3080,[N/A],Enabled,Enabled
1702756438.465439,0,GPU-b342434c-f6b6-7627-333e-da750a9991e6,0.13,0.3865234375,10240.0,6108.0,546.17,NVIDIA GeForce RTX 3080,[N/A],Enabled,Enabled
1702756439.465255,0,GPU-b342434c-f6b6-7627-333e-da750a9991e6,0.13,0.3865234375,10240.0,6108.0,546.17,NVIDIA GeForce RTX 3080,[N/A],Enabled,Enabled
1702756440.465525,0,GPU-b342434c-f6b6-7627-333e-da750a9991e6,0.13,0.3865234375,10240.0,6108.0,546.17,NVIDIA GeForce RTX 3080,[N/A],Enabled,Enabled
1702756441.465141,0,GPU-b342434c-f6b6-7627-333e-da750a9991e6,0.13,0.3865234375,10240.0,6108.0,546.17,NVIDIA GeForce RTX 3080,[N/A],Enabled,Enabled
1702756442.46509,0,GPU-b342434c-f6b6-7627-333e-da750a9991e6,0.13,0.3865234375,10240.0,6108.0,546.17,NVIDIA GeForce RTX 3080,[N/A],Enabled,Enabled
1702756443.465329,0,GPU-b342434c-f6b6-7627-333e-da750a9991e6,0.13,0.3865234375,10240.0,6108.0,546.17,NVIDIA GeForce RTX 3080,[N/A],Enabled,Enabled
1702756444.465018,0,GPU-b342434c-f6b6-7627-333e-da750a9991e6,0.13,0.3865234375,10240.0,6108.0,546.17,NVIDIA GeForce RTX 3080,[N/A],Enabled,Enabled
1702756445.465968,0,GPU-b342434c-f6b6-7627-333e-da750a9991e6,0.13,0.3865234375,10240.0,6108.0,546.17,NVIDIA GeForce RTX 3080,[N/A],Enabled,Enabled
1702756446.465016,0,GPU-b342434c-f6b6-7627-333e-da750a9991e6,0.13,0.3865234375,10240.0,6108.0,546.17,NVIDIA GeForce RTX 3080,[N/A],Enabled,Enabled
1702756447.46522,0,GPU-b342434c-f6b6-7627-333e-da750a9991e6,0.13,0.3865234375,10240.0,6108.0,546.17,NVIDIA GeForce RTX 3080,[N/A],Enabled,Enabled
1702756448.464835,0,GPU-b342434c-f6b6-7627-333e-da750a9991e6,0.13,0.3865234375,10240.0,6108.0,546.17,NVIDIA GeForce RTX 3080,[N/A],Enabled,Enabled
1702756449.465274,0,GPU-b342434c-f6b6-7627-333e-da750a9991e6,0.13,0.3865234375,10240.0,6108.0,546.17,NVIDIA GeForce RTX 3080,[N/A],Enabled,Enabled
1702756450.465312,0,GPU-b342434c-f6b6-7627-333e-da750a9991e6,0.13,0.3865234375,10240.0,6108.0,546.17,NVIDIA GeForce RTX 3080,[N/A],Enabled,Enabled
1702756451.465462,0,GPU-b342434c-f6b6-7627-333e-da750a9991e6,0.13,0.3865234375,10240.0,6108.0,546.17,NVIDIA GeForce RTX 3080,[N/A],Enabled,Enabled
1702756452.465153,0,GPU-b342434c-f6b6-7627-333e-da750a9991e6,0.13,0.3865234375,10240.0,6108.0,546.17,NVIDIA GeForce RTX 3080,[N/A],Enabled,Enabled
1702756453.464879,0,GPU-b342434c-f6b6-7627-333e-da750a9991e6,0.13,0.3865234375,10240.0,6108.0,546.17,NVIDIA GeForce RTX 3080,[N/A],Enabled,Enabled
1702756454.465235,0,GPU-b342434c-f6b6-7627-333e-da750a9991e6,0.13,0.3865234375,10240.0,6108.0,546.17,NVIDIA GeForce RTX 3080,[N/A],Enabled,Enabled
1702756455.465206,0,GPU-b342434c-f6b6-7627-333e-da750a9991e6,0.12,0.3865234375,10240.0,6108.0,546.17,NVIDIA GeForce RTX 3080,[N/A],Enabled,Enabled
1702756456.465234,0,GPU-b342434c-f6b6-7627-333e-da750a9991e6,0.12,0.3865234375,10240.0,6108.0,546.17,NVIDIA GeForce RTX 3080,[N/A],Enabled,Enabled
1702756457.465042,0,GPU-b342434c-f6b6-7627-333e-da750a9991e6,0.12,0.3865234375,10240.0,6108.0,546.17,NVIDIA GeForce RTX 3080,[N/A],Enabled,Enabled
1702756458.465169,0,GPU-b342434c-f6b6-7627-333e-da750a9991e6,0.13,0.3865234375,10240.0,6108.0,546.17,NVIDIA GeForce RTX 3080,[N/A],Enabled,Enabled
1702756459.464904,0,GPU-b342434c-f6b6-7627-333e-da750a9991e6,0.12,0.3865234375,10240.0,6108.0,546.17,NVIDIA GeForce RTX 3080,[N/A],Enabled,Enabled
1702756460.465193,0,GPU-b342434c-f6b6-7627-333e-da750a9991e6,0.13,0.3865234375,10240.0,6108.0,546.17,NVIDIA GeForce RTX 3080,[N/A],Enabled,Enabled
1702756461.465457,0,GPU-b342434c-f6b6-7627-333e-da750a9991e6,0.12,0.3865234375,10240.0,6108.0,546.17,NVIDIA GeForce RTX 3080,[N/A],Enabled,Enabled
1702756462.464992,0,GPU-b342434c-f6b6-7627-333e-da750a9991e6,0.12,0.3865234375,10240.0,6108.0,546.17,NVIDIA GeForce RTX 3080,[N/A],Enabled,Enabled
1702756463.465414,0,GPU-b342434c-f6b6-7627-333e-da750a9991e6,0.12,0.3865234375,10240.0,6108.0,546.17,NVIDIA GeForce RTX 3080,[N/A],Enabled,Enabled
1702756464.465362,0,GPU-b342434c-f6b6-7627-333e-da750a9991e6,0.13,0.3865234375,10240.0,6108.0,546.17,NVIDIA GeForce RTX 3080,[N/A],Enabled,Enabled
1702756465.465162,0,GPU-b342434c-f6b6-7627-333e-da750a9991e6,0.12,0.3865234375,10240.0,6108.0,546.17,NVIDIA GeForce RTX 3080,[N/A],Enabled,Enabled
1702756466.465533,0,GPU-b342434c-f6b6-7627-333e-da750a9991e6,0.12,0.3865234375,10240.0,6108.0,546.17,NVIDIA GeForce RTX 3080,[N/A],Enabled,Enabled
1702756467.465612,0,GPU-b342434c-f6b6-7627-333e-da750a9991e6,0.12,0.3865234375,10240.0,6108.0,546.17,NVIDIA GeForce RTX 3080,[N/A],Enabled,Enabled
1702756468.465251,0,GPU-b342434c-f6b6-7627-333e-da750a9991e6,0.12,0.3865234375,10240.0,6108.0,546.17,NVIDIA GeForce RTX 3080,[N/A],Enabled,Enabled
1702756469.46598,0,GPU-b342434c-f6b6-7627-333e-da750a9991e6,0.58,0.3865234375,10240.0,6108.0,546.17,NVIDIA GeForce RTX 3080,[N/A],Enabled,Enabled
1702756470.464939,0,GPU-b342434c-f6b6-7627-333e-da750a9991e6,0.9,0.3865234375,10240.0,6108.0,546.17,NVIDIA GeForce RTX 3080,[N/A],Enabled,Enabled
1702756471.465593,0,GPU-b342434c-f6b6-7627-333e-da750a9991e6,0.9,0.3865234375,10240.0,6108.0,546.17,NVIDIA GeForce RTX 3080,[N/A],Enabled,Enabled
1702756472.465863,0,GPU-b342434c-f6b6-7627-333e-da750a9991e6,0.9,0.3865234375,10240.0,6108.0,546.17,NVIDIA GeForce RTX 3080,[N/A],Enabled,Enabled
1702756473.465105,0,GPU-b342434c-f6b6-7627-333e-da750a9991e6,0.9,0.3865234375,10240.0,6108.0,546.17,NVIDIA GeForce RTX 3080,[N/A],Enabled,Enabled
1702756474.465788,0,GPU-b342434c-f6b6-7627-333e-da750a9991e6,0.9,0.3865234375,10240.0,6108.0,546.17,NVIDIA GeForce RTX 3080,[N/A],Enabled,Enabled
1702756475.465008,0,GPU-b342434c-f6b6-7627-333e-da750a9991e6,0.9,0.3865234375,10240.0,6108.0,546.17,NVIDIA GeForce RTX 3080,[N/A],Enabled,Enabled
1702756476.465593,0,GPU-b342434c-f6b6-7627-333e-da750a9991e6,0.9,0.3865234375,10240.0,6108.0,546.17,NVIDIA GeForce RTX 3080,[N/A],Enabled,Enabled
1702756477.465395,0,GPU-b342434c-f6b6-7627-333e-da750a9991e6,0.9,0.3865234375,10240.0,6108.0,546.17,NVIDIA GeForce RTX 3080,[N/A],Enabled,Enabled
1702756478.465286,0,GPU-b342434c-f6b6-7627-333e-da750a9991e6,0.09,0.3865234375,10240.0,6108.0,546.17,NVIDIA GeForce RTX 3080,[N/A],Enabled,Enabled
1702756479.465384,0,GPU-b342434c-f6b6-7627-333e-da750a9991e6,0.13,0.3865234375,10240.0,6108.0,546.17,NVIDIA GeForce RTX 3080,[N/A],Enabled,Enabled
1702756480.465142,0,GPU-b342434c-f6b6-7627-333e-da750a9991e6,0.13,0.3865234375,10240.0,6108.0,546.17,NVIDIA GeForce RTX 3080,[N/A],Enabled,Enabled
1702756481.465951,0,GPU-b342434c-f6b6-7627-333e-da750a9991e6,0.13,0.3865234375,10240.0,6108.0,546.17,NVIDIA GeForce RTX 3080,[N/A],Enabled,Enabled
1702756482.465067,0,GPU-b342434c-f6b6-7627-333e-da750a9991e6,0.13,0.3865234375,10240.0,6108.0,546.17,NVIDIA GeForce RTX 3080,[N/A],Enabled,Enabled
1702756483.46507,0,GPU-b342434c-f6b6-7627-333e-da750a9991e6,0.13,0.3865234375,10240.0,6108.0,546.17,NVIDIA GeForce RTX 3080,[N/A],Enabled,Enabled
1702756484.465717,0,GPU-b342434c-f6b6-7627-333e-da750a9991e6,0.13,0.3865234375,10240.0,6108.0,546.17,NVIDIA GeForce RTX 3080,[N/A],Enabled,Enabled
1702756485.465986,0,GPU-b342434c-f6b6-7627-333e-da750a9991e6,0.11,0.32255859375,10240.0,6763.0,546.17,NVIDIA GeForce RTX 3080,[N/A],Enabled,Enabled
1702756486.465517,0,GPU-b342434c-f6b6-7627-333e-da750a9991e6,0.16,0.3224609375,10240.0,6764.0,546.17,NVIDIA GeForce RTX 3080,[N/A],Enabled,Enabled
1702756487.464759,0,GPU-b342434c-f6b6-7627-333e-da750a9991e6,0.09,0.3224609375,10240.0,6764.0,546.17,NVIDIA GeForce RTX 3080,[N/A],Enabled,Enabled
