timestamp,id,uuid,load,memoryUtil,memoryTotal,memoryUsed,memoryFree,driver,name,serial,display_mode,display_active
1709264249.24588,0,GPU-93ae0c7f-c327-aee3-adae-bc0d1dae71ea,0.14,0.24157303370786518,12282.0,9044.0,551.52,NVIDIA GeForce RTX 4070,[N/A],Enabled,Enabled
1709264250.242033,0,GPU-93ae0c7f-c327-aee3-adae-bc0d1dae71ea,0.15,0.24100309395863867,12282.0,9051.0,551.52,NVIDIA GeForce RTX 4070,[N/A],Enabled,Enabled
1709264251.241803,0,GPU-93ae0c7f-c327-aee3-adae-bc0d1dae71ea,0.14,0.24100309395863867,12282.0,9051.0,551.52,NVIDIA GeForce RTX 4070,[N/A],Enabled,Enabled
1709264252.241782,0,GPU-93ae0c7f-c327-aee3-adae-bc0d1dae71ea,0.13,0.24100309395863867,12282.0,9051.0,551.52,NVIDIA GeForce RTX 4070,[N/A],Enabled,Enabled
1709264253.242151,0,GPU-93ae0c7f-c327-aee3-adae-bc0d1dae71ea,0.14,0.24100309395863867,12282.0,9051.0,551.52,NVIDIA GeForce RTX 4070,[N/A],Enabled,Enabled
1709264254.242794,0,GPU-93ae0c7f-c327-aee3-adae-bc0d1dae71ea,0.13,0.24100309395863867,12282.0,9051.0,551.52,NVIDIA GeForce RTX 4070,[N/A],Enabled,Enabled
1709264255.241631,0,GPU-93ae0c7f-c327-aee3-adae-bc0d1dae71ea,0.13,0.24100309395863867,12282.0,9051.0,551.52,NVIDIA GeForce RTX 4070,[N/A],Enabled,Enabled
1709264256.241812,0,GPU-93ae0c7f-c327-aee3-adae-bc0d1dae71ea,0.13,0.24100309395863867,12282.0,9051.0,551.52,NVIDIA GeForce RTX 4070,[N/A],Enabled,Enabled
1709264257.241766,0,GPU-93ae0c7f-c327-aee3-adae-bc0d1dae71ea,0.13,0.24100309395863867,12282.0,9051.0,551.52,NVIDIA GeForce RTX 4070,[N/A],Enabled,Enabled
1709264258.242363,0,GPU-93ae0c7f-c327-aee3-adae-bc0d1dae71ea,0.13,0.24100309395863867,12282.0,9051.0,551.52,NVIDIA GeForce RTX 4070,[N/A],Enabled,Enabled
1709264259.242595,0,GPU-93ae0c7f-c327-aee3-adae-bc0d1dae71ea,0.13,0.24100309395863867,12282.0,9051.0,551.52,NVIDIA GeForce RTX 4070,[N/A],Enabled,Enabled
1709264260.243072,0,GPU-93ae0c7f-c327-aee3-adae-bc0d1dae71ea,0.13,0.24100309395863867,12282.0,9051.0,551.52,NVIDIA GeForce RTX 4070,[N/A],Enabled,Enabled
1709264261.242048,0,GPU-93ae0c7f-c327-aee3-adae-bc0d1dae71ea,0.13,0.24100309395863867,12282.0,9051.0,551.52,NVIDIA GeForce RTX 4070,[N/A],Enabled,Enabled
1709264262.242661,0,GPU-93ae0c7f-c327-aee3-adae-bc0d1dae71ea,0.13,0.24100309395863867,12282.0,9051.0,551.52,NVIDIA GeForce RTX 4070,[N/A],Enabled,Enabled
1709264263.242001,0,GPU-93ae0c7f-c327-aee3-adae-bc0d1dae71ea,0.13,0.24100309395863867,12282.0,9051.0,551.52,NVIDIA GeForce RTX 4070,[N/A],Enabled,Enabled
1709264264.24263,0,GPU-93ae0c7f-c327-aee3-adae-bc0d1dae71ea,0.14,0.24108451392281388,12282.0,9050.0,551.52,NVIDIA GeForce RTX 4070,[N/A],Enabled,Enabled
1709264265.243037,0,GPU-93ae0c7f-c327-aee3-adae-bc0d1dae71ea,0.15,0.24613255170167725,12282.0,8988.0,551.52,NVIDIA GeForce RTX 4070,[N/A],Enabled,Enabled
1709264266.241647,0,GPU-93ae0c7f-c327-aee3-adae-bc0d1dae71ea,0.21,0.34815176681322263,12282.0,7735.0,551.52,NVIDIA GeForce RTX 4070,[N/A],Enabled,Enabled
1709264267.242027,0,GPU-93ae0c7f-c327-aee3-adae-bc0d1dae71ea,0.08,0.31305976225370463,12282.0,8166.0,551.52,NVIDIA GeForce RTX 4070,[N/A],Enabled,Enabled
1709264268.241675,0,GPU-93ae0c7f-c327-aee3-adae-bc0d1dae71ea,0.08,0.31297834228952937,12282.0,8167.0,551.52,NVIDIA GeForce RTX 4070,[N/A],Enabled,Enabled
1709264269.242394,0,GPU-93ae0c7f-c327-aee3-adae-bc0d1dae71ea,0.08,0.31289692232535415,12282.0,8168.0,551.52,NVIDIA GeForce RTX 4070,[N/A],Enabled,Enabled
1709264270.241827,0,GPU-93ae0c7f-c327-aee3-adae-bc0d1dae71ea,0.07,0.24246865331379255,12282.0,9033.0,551.52,NVIDIA GeForce RTX 4070,[N/A],Enabled,Enabled
1709264271.241903,0,GPU-93ae0c7f-c327-aee3-adae-bc0d1dae71ea,0.25,0.4158931770070021,12282.0,6903.0,551.52,NVIDIA GeForce RTX 4070,[N/A],Enabled,Enabled
1709264272.242065,0,GPU-93ae0c7f-c327-aee3-adae-bc0d1dae71ea,0.3,0.441133365901319,12282.0,6593.0,551.52,NVIDIA GeForce RTX 4070,[N/A],Enabled,Enabled
1709264273.241688,0,GPU-93ae0c7f-c327-aee3-adae-bc0d1dae71ea,0.3,0.441133365901319,12282.0,6593.0,551.52,NVIDIA GeForce RTX 4070,[N/A],Enabled,Enabled
1709264274.242619,0,GPU-93ae0c7f-c327-aee3-adae-bc0d1dae71ea,0.28,0.4364110079791565,12282.0,6651.0,551.52,NVIDIA GeForce RTX 4070,[N/A],Enabled,Enabled
1709264275.242509,0,GPU-93ae0c7f-c327-aee3-adae-bc0d1dae71ea,0.29,0.4364110079791565,12282.0,6651.0,551.52,NVIDIA GeForce RTX 4070,[N/A],Enabled,Enabled
1709264276.243145,0,GPU-93ae0c7f-c327-aee3-adae-bc0d1dae71ea,0.3,0.4364110079791565,12282.0,6651.0,551.52,NVIDIA GeForce RTX 4070,[N/A],Enabled,Enabled
1709264277.241664,0,GPU-93ae0c7f-c327-aee3-adae-bc0d1dae71ea,0.32,0.441133365901319,12282.0,6593.0,551.52,NVIDIA GeForce RTX 4070,[N/A],Enabled,Enabled
1709264278.242386,0,GPU-93ae0c7f-c327-aee3-adae-bc0d1dae71ea,0.17,0.5539000162839929,12282.0,5208.0,551.52,NVIDIA GeForce RTX 4070,[N/A],Enabled,Enabled
1709264279.242496,0,GPU-93ae0c7f-c327-aee3-adae-bc0d1dae71ea,0.3,0.4419475655430712,12282.0,6583.0,551.52,NVIDIA GeForce RTX 4070,[N/A],Enabled,Enabled
1709264280.242117,0,GPU-93ae0c7f-c327-aee3-adae-bc0d1dae71ea,0.28,0.43722520762090866,12282.0,6641.0,551.52,NVIDIA GeForce RTX 4070,[N/A],Enabled,Enabled
1709264281.242425,0,GPU-93ae0c7f-c327-aee3-adae-bc0d1dae71ea,0.27,0.43722520762090866,12282.0,6641.0,551.52,NVIDIA GeForce RTX 4070,[N/A],Enabled,Enabled
1709264282.241898,0,GPU-93ae0c7f-c327-aee3-adae-bc0d1dae71ea,0.25,0.4419475655430712,12282.0,6583.0,551.52,NVIDIA GeForce RTX 4070,[N/A],Enabled,Enabled
1709264283.24336,0,GPU-93ae0c7f-c327-aee3-adae-bc0d1dae71ea,0.29,0.4373066275850839,12282.0,6640.0,551.52,NVIDIA GeForce RTX 4070,[N/A],Enabled,Enabled
1709264284.242933,0,GPU-93ae0c7f-c327-aee3-adae-bc0d1dae71ea,0.31,0.4419475655430712,12282.0,6583.0,551.52,NVIDIA GeForce RTX 4070,[N/A],Enabled,Enabled
1709264285.242833,0,GPU-93ae0c7f-c327-aee3-adae-bc0d1dae71ea,0.32,0.4419475655430712,12282.0,6583.0,551.52,NVIDIA GeForce RTX 4070,[N/A],Enabled,Enabled
1709264286.241822,0,GPU-93ae0c7f-c327-aee3-adae-bc0d1dae71ea,0.28,0.4419475655430712,12282.0,6583.0,551.52,NVIDIA GeForce RTX 4070,[N/A],Enabled,Enabled
1709264287.242098,0,GPU-93ae0c7f-c327-aee3-adae-bc0d1dae71ea,0.32,0.4419475655430712,12282.0,6583.0,551.52,NVIDIA GeForce RTX 4070,[N/A],Enabled,Enabled
1709264288.242367,0,GPU-93ae0c7f-c327-aee3-adae-bc0d1dae71ea,0.31,0.4419475655430712,12282.0,6583.0,551.52,NVIDIA GeForce RTX 4070,[N/A],Enabled,Enabled
1709264289.241776,0,GPU-93ae0c7f-c327-aee3-adae-bc0d1dae71ea,0.28,0.4419475655430712,12282.0,6583.0,551.52,NVIDIA GeForce RTX 4070,[N/A],Enabled,Enabled
1709264290.242132,0,GPU-93ae0c7f-c327-aee3-adae-bc0d1dae71ea,0.27,0.4373066275850839,12282.0,6640.0,551.52,NVIDIA GeForce RTX 4070,[N/A],Enabled,Enabled
1709264291.242303,0,GPU-93ae0c7f-c327-aee3-adae-bc0d1dae71ea,0.29,0.4373066275850839,12282.0,6640.0,551.52,NVIDIA GeForce RTX 4070,[N/A],Enabled,Enabled
1709264292.24273,0,GPU-93ae0c7f-c327-aee3-adae-bc0d1dae71ea,0.31,0.4420289855072464,12282.0,6582.0,551.52,NVIDIA GeForce RTX 4070,[N/A],Enabled,Enabled
1709264293.241969,0,GPU-93ae0c7f-c327-aee3-adae-bc0d1dae71ea,0.3,0.4420289855072464,12282.0,6582.0,551.52,NVIDIA GeForce RTX 4070,[N/A],Enabled,Enabled
1709264294.243044,0,GPU-93ae0c7f-c327-aee3-adae-bc0d1dae71ea,0.26,0.43934212668946426,12282.0,6615.0,551.52,NVIDIA GeForce RTX 4070,[N/A],Enabled,Enabled
1709264295.242256,0,GPU-93ae0c7f-c327-aee3-adae-bc0d1dae71ea,0.39,0.4457743038593063,12282.0,6536.0,551.52,NVIDIA GeForce RTX 4070,[N/A],Enabled,Enabled
1709264296.242221,0,GPU-93ae0c7f-c327-aee3-adae-bc0d1dae71ea,0.43,0.4457743038593063,12282.0,6536.0,551.52,NVIDIA GeForce RTX 4070,[N/A],Enabled,Enabled
1709264297.242318,0,GPU-93ae0c7f-c327-aee3-adae-bc0d1dae71ea,0.4,0.4457743038593063,12282.0,6536.0,551.52,NVIDIA GeForce RTX 4070,[N/A],Enabled,Enabled
1709264298.242505,0,GPU-93ae0c7f-c327-aee3-adae-bc0d1dae71ea,0.39,0.4457743038593063,12282.0,6536.0,551.52,NVIDIA GeForce RTX 4070,[N/A],Enabled,Enabled
1709264299.242565,0,GPU-93ae0c7f-c327-aee3-adae-bc0d1dae71ea,0.41,0.4457743038593063,12282.0,6536.0,551.52,NVIDIA GeForce RTX 4070,[N/A],Enabled,Enabled
1709264300.242074,0,GPU-93ae0c7f-c327-aee3-adae-bc0d1dae71ea,0.38,0.4457743038593063,12282.0,6536.0,551.52,NVIDIA GeForce RTX 4070,[N/A],Enabled,Enabled
1709264301.242012,0,GPU-93ae0c7f-c327-aee3-adae-bc0d1dae71ea,0.36,0.4457743038593063,12282.0,6536.0,551.52,NVIDIA GeForce RTX 4070,[N/A],Enabled,Enabled
1709264302.24269,0,GPU-93ae0c7f-c327-aee3-adae-bc0d1dae71ea,0.4,0.4457743038593063,12282.0,6536.0,551.52,NVIDIA GeForce RTX 4070,[N/A],Enabled,Enabled
1709264303.242017,0,GPU-93ae0c7f-c327-aee3-adae-bc0d1dae71ea,0.38,0.4457743038593063,12282.0,6536.0,551.52,NVIDIA GeForce RTX 4070,[N/A],Enabled,Enabled
1709264304.241686,0,GPU-93ae0c7f-c327-aee3-adae-bc0d1dae71ea,0.4,0.4457743038593063,12282.0,6536.0,551.52,NVIDIA GeForce RTX 4070,[N/A],Enabled,Enabled
1709264305.242334,0,GPU-93ae0c7f-c327-aee3-adae-bc0d1dae71ea,0.39,0.4457743038593063,12282.0,6536.0,551.52,NVIDIA GeForce RTX 4070,[N/A],Enabled,Enabled
1709264306.242227,0,GPU-93ae0c7f-c327-aee3-adae-bc0d1dae71ea,0.42,0.4457743038593063,12282.0,6536.0,551.52,NVIDIA GeForce RTX 4070,[N/A],Enabled,Enabled
1709264307.24238,0,GPU-93ae0c7f-c327-aee3-adae-bc0d1dae71ea,0.38,0.4457743038593063,12282.0,6536.0,551.52,NVIDIA GeForce RTX 4070,[N/A],Enabled,Enabled
1709264308.241553,0,GPU-93ae0c7f-c327-aee3-adae-bc0d1dae71ea,0.39,0.4457743038593063,12282.0,6536.0,551.52,NVIDIA GeForce RTX 4070,[N/A],Enabled,Enabled
1709264309.242391,0,GPU-93ae0c7f-c327-aee3-adae-bc0d1dae71ea,0.38,0.4457743038593063,12282.0,6536.0,551.52,NVIDIA GeForce RTX 4070,[N/A],Enabled,Enabled
1709264310.241677,0,GPU-93ae0c7f-c327-aee3-adae-bc0d1dae71ea,0.43,0.4457743038593063,12282.0,6536.0,551.52,NVIDIA GeForce RTX 4070,[N/A],Enabled,Enabled
1709264311.242401,0,GPU-93ae0c7f-c327-aee3-adae-bc0d1dae71ea,0.41,0.4457743038593063,12282.0,6536.0,551.52,NVIDIA GeForce RTX 4070,[N/A],Enabled,Enabled
1709264312.242346,0,GPU-93ae0c7f-c327-aee3-adae-bc0d1dae71ea,0.42,0.4457743038593063,12282.0,6536.0,551.52,NVIDIA GeForce RTX 4070,[N/A],Enabled,Enabled
1709264313.242431,0,GPU-93ae0c7f-c327-aee3-adae-bc0d1dae71ea,0.4,0.4457743038593063,12282.0,6536.0,551.52,NVIDIA GeForce RTX 4070,[N/A],Enabled,Enabled
1709264314.241873,0,GPU-93ae0c7f-c327-aee3-adae-bc0d1dae71ea,0.39,0.4457743038593063,12282.0,6536.0,551.52,NVIDIA GeForce RTX 4070,[N/A],Enabled,Enabled
1709264315.24209,0,GPU-93ae0c7f-c327-aee3-adae-bc0d1dae71ea,0.4,0.4457743038593063,12282.0,6536.0,551.52,NVIDIA GeForce RTX 4070,[N/A],Enabled,Enabled
1709264316.242448,0,GPU-93ae0c7f-c327-aee3-adae-bc0d1dae71ea,0.39,0.4457743038593063,12282.0,6536.0,551.52,NVIDIA GeForce RTX 4070,[N/A],Enabled,Enabled
1709264317.243041,0,GPU-93ae0c7f-c327-aee3-adae-bc0d1dae71ea,0.4,0.4457743038593063,12282.0,6536.0,551.52,NVIDIA GeForce RTX 4070,[N/A],Enabled,Enabled
1709264318.24254,0,GPU-93ae0c7f-c327-aee3-adae-bc0d1dae71ea,0.42,0.4457743038593063,12282.0,6536.0,551.52,NVIDIA GeForce RTX 4070,[N/A],Enabled,Enabled
1709264319.242321,0,GPU-93ae0c7f-c327-aee3-adae-bc0d1dae71ea,0.43,0.4457743038593063,12282.0,6536.0,551.52,NVIDIA GeForce RTX 4070,[N/A],Enabled,Enabled
1709264320.243092,0,GPU-93ae0c7f-c327-aee3-adae-bc0d1dae71ea,0.42,0.4457743038593063,12282.0,6536.0,551.52,NVIDIA GeForce RTX 4070,[N/A],Enabled,Enabled
1709264321.242527,0,GPU-93ae0c7f-c327-aee3-adae-bc0d1dae71ea,0.4,0.4457743038593063,12282.0,6536.0,551.52,NVIDIA GeForce RTX 4070,[N/A],Enabled,Enabled
1709264322.242512,0,GPU-93ae0c7f-c327-aee3-adae-bc0d1dae71ea,0.46,0.4457743038593063,12282.0,6536.0,551.52,NVIDIA GeForce RTX 4070,[N/A],Enabled,Enabled
1709264323.242352,0,GPU-93ae0c7f-c327-aee3-adae-bc0d1dae71ea,0.45,0.4457743038593063,12282.0,6536.0,551.52,NVIDIA GeForce RTX 4070,[N/A],Enabled,Enabled
1709264324.241848,0,GPU-93ae0c7f-c327-aee3-adae-bc0d1dae71ea,0.41,0.4457743038593063,12282.0,6536.0,551.52,NVIDIA GeForce RTX 4070,[N/A],Enabled,Enabled
1709264325.242297,0,GPU-93ae0c7f-c327-aee3-adae-bc0d1dae71ea,0.4,0.4457743038593063,12282.0,6536.0,551.52,NVIDIA GeForce RTX 4070,[N/A],Enabled,Enabled
1709264326.242117,0,GPU-93ae0c7f-c327-aee3-adae-bc0d1dae71ea,0.39,0.4457743038593063,12282.0,6536.0,551.52,NVIDIA GeForce RTX 4070,[N/A],Enabled,Enabled
1709264327.242586,0,GPU-93ae0c7f-c327-aee3-adae-bc0d1dae71ea,0.41,0.4457743038593063,12282.0,6536.0,551.52,NVIDIA GeForce RTX 4070,[N/A],Enabled,Enabled
1709264328.241997,0,GPU-93ae0c7f-c327-aee3-adae-bc0d1dae71ea,0.42,0.4457743038593063,12282.0,6536.0,551.52,NVIDIA GeForce RTX 4070,[N/A],Enabled,Enabled
1709264329.242699,0,GPU-93ae0c7f-c327-aee3-adae-bc0d1dae71ea,0.4,0.4457743038593063,12282.0,6536.0,551.52,NVIDIA GeForce RTX 4070,[N/A],Enabled,Enabled
1709264330.241778,0,GPU-93ae0c7f-c327-aee3-adae-bc0d1dae71ea,0.39,0.4457743038593063,12282.0,6536.0,551.52,NVIDIA GeForce RTX 4070,[N/A],Enabled,Enabled
1709264331.241777,0,GPU-93ae0c7f-c327-aee3-adae-bc0d1dae71ea,0.39,0.4457743038593063,12282.0,6536.0,551.52,NVIDIA GeForce RTX 4070,[N/A],Enabled,Enabled
1709264332.242336,0,GPU-93ae0c7f-c327-aee3-adae-bc0d1dae71ea,0.38,0.4457743038593063,12282.0,6536.0,551.52,NVIDIA GeForce RTX 4070,[N/A],Enabled,Enabled
1709264333.241865,0,GPU-93ae0c7f-c327-aee3-adae-bc0d1dae71ea,0.39,0.4457743038593063,12282.0,6536.0,551.52,NVIDIA GeForce RTX 4070,[N/A],Enabled,Enabled
1709264334.241562,0,GPU-93ae0c7f-c327-aee3-adae-bc0d1dae71ea,0.43,0.4457743038593063,12282.0,6536.0,551.52,NVIDIA GeForce RTX 4070,[N/A],Enabled,Enabled
1709264335.242764,0,GPU-93ae0c7f-c327-aee3-adae-bc0d1dae71ea,0.4,0.4457743038593063,12282.0,6536.0,551.52,NVIDIA GeForce RTX 4070,[N/A],Enabled,Enabled
1709264336.242163,0,GPU-93ae0c7f-c327-aee3-adae-bc0d1dae71ea,0.4,0.4457743038593063,12282.0,6536.0,551.52,NVIDIA GeForce RTX 4070,[N/A],Enabled,Enabled
1709264337.241714,0,GPU-93ae0c7f-c327-aee3-adae-bc0d1dae71ea,0.4,0.4457743038593063,12282.0,6536.0,551.52,NVIDIA GeForce RTX 4070,[N/A],Enabled,Enabled
1709264338.242618,0,GPU-93ae0c7f-c327-aee3-adae-bc0d1dae71ea,0.4,0.4457743038593063,12282.0,6536.0,551.52,NVIDIA GeForce RTX 4070,[N/A],Enabled,Enabled
1709264339.242057,0,GPU-93ae0c7f-c327-aee3-adae-bc0d1dae71ea,0.39,0.4457743038593063,12282.0,6536.0,551.52,NVIDIA GeForce RTX 4070,[N/A],Enabled,Enabled
1709264340.242571,0,GPU-93ae0c7f-c327-aee3-adae-bc0d1dae71ea,0.42,0.4457743038593063,12282.0,6536.0,551.52,NVIDIA GeForce RTX 4070,[N/A],Enabled,Enabled
1709264341.243475,0,GPU-93ae0c7f-c327-aee3-adae-bc0d1dae71ea,0.41,0.4457743038593063,12282.0,6536.0,551.52,NVIDIA GeForce RTX 4070,[N/A],Enabled,Enabled
1709264342.242186,0,GPU-93ae0c7f-c327-aee3-adae-bc0d1dae71ea,0.41,0.4457743038593063,12282.0,6536.0,551.52,NVIDIA GeForce RTX 4070,[N/A],Enabled,Enabled
1709264343.242044,0,GPU-93ae0c7f-c327-aee3-adae-bc0d1dae71ea,0.4,0.4457743038593063,12282.0,6536.0,551.52,NVIDIA GeForce RTX 4070,[N/A],Enabled,Enabled
1709264344.241724,0,GPU-93ae0c7f-c327-aee3-adae-bc0d1dae71ea,0.4,0.4457743038593063,12282.0,6536.0,551.52,NVIDIA GeForce RTX 4070,[N/A],Enabled,Enabled
1709264345.242078,0,GPU-93ae0c7f-c327-aee3-adae-bc0d1dae71ea,0.4,0.4457743038593063,12282.0,6536.0,551.52,NVIDIA GeForce RTX 4070,[N/A],Enabled,Enabled
1709264346.242252,0,GPU-93ae0c7f-c327-aee3-adae-bc0d1dae71ea,0.41,0.4457743038593063,12282.0,6536.0,551.52,NVIDIA GeForce RTX 4070,[N/A],Enabled,Enabled
1709264347.24226,0,GPU-93ae0c7f-c327-aee3-adae-bc0d1dae71ea,0.41,0.4457743038593063,12282.0,6536.0,551.52,NVIDIA GeForce RTX 4070,[N/A],Enabled,Enabled
1709264348.242018,0,GPU-93ae0c7f-c327-aee3-adae-bc0d1dae71ea,0.4,0.4457743038593063,12282.0,6536.0,551.52,NVIDIA GeForce RTX 4070,[N/A],Enabled,Enabled
1709264349.241975,0,GPU-93ae0c7f-c327-aee3-adae-bc0d1dae71ea,0.46,0.4457743038593063,12282.0,6536.0,551.52,NVIDIA GeForce RTX 4070,[N/A],Enabled,Enabled
1709264350.241819,0,GPU-93ae0c7f-c327-aee3-adae-bc0d1dae71ea,0.44,0.4457743038593063,12282.0,6536.0,551.52,NVIDIA GeForce RTX 4070,[N/A],Enabled,Enabled
1709264351.242541,0,GPU-93ae0c7f-c327-aee3-adae-bc0d1dae71ea,0.39,0.4457743038593063,12282.0,6536.0,551.52,NVIDIA GeForce RTX 4070,[N/A],Enabled,Enabled
1709264352.242241,0,GPU-93ae0c7f-c327-aee3-adae-bc0d1dae71ea,0.39,0.4457743038593063,12282.0,6536.0,551.52,NVIDIA GeForce RTX 4070,[N/A],Enabled,Enabled
1709264353.242129,0,GPU-93ae0c7f-c327-aee3-adae-bc0d1dae71ea,0.42,0.4457743038593063,12282.0,6536.0,551.52,NVIDIA GeForce RTX 4070,[N/A],Enabled,Enabled
1709264354.243328,0,GPU-93ae0c7f-c327-aee3-adae-bc0d1dae71ea,0.44,0.4457743038593063,12282.0,6536.0,551.52,NVIDIA GeForce RTX 4070,[N/A],Enabled,Enabled
1709264355.242078,0,GPU-93ae0c7f-c327-aee3-adae-bc0d1dae71ea,0.41,0.4457743038593063,12282.0,6536.0,551.52,NVIDIA GeForce RTX 4070,[N/A],Enabled,Enabled
1709264356.242953,0,GPU-93ae0c7f-c327-aee3-adae-bc0d1dae71ea,0.44,0.4457743038593063,12282.0,6536.0,551.52,NVIDIA GeForce RTX 4070,[N/A],Enabled,Enabled
1709264357.242694,0,GPU-93ae0c7f-c327-aee3-adae-bc0d1dae71ea,0.39,0.4457743038593063,12282.0,6536.0,551.52,NVIDIA GeForce RTX 4070,[N/A],Enabled,Enabled
1709264358.242663,0,GPU-93ae0c7f-c327-aee3-adae-bc0d1dae71ea,0.44,0.4457743038593063,12282.0,6536.0,551.52,NVIDIA GeForce RTX 4070,[N/A],Enabled,Enabled
1709264359.24232,0,GPU-93ae0c7f-c327-aee3-adae-bc0d1dae71ea,0.42,0.4457743038593063,12282.0,6536.0,551.52,NVIDIA GeForce RTX 4070,[N/A],Enabled,Enabled
1709264360.241467,0,GPU-93ae0c7f-c327-aee3-adae-bc0d1dae71ea,0.43,0.4457743038593063,12282.0,6536.0,551.52,NVIDIA GeForce RTX 4070,[N/A],Enabled,Enabled
1709264361.242538,0,GPU-93ae0c7f-c327-aee3-adae-bc0d1dae71ea,0.41,0.4457743038593063,12282.0,6536.0,551.52,NVIDIA GeForce RTX 4070,[N/A],Enabled,Enabled
1709264362.241898,0,GPU-93ae0c7f-c327-aee3-adae-bc0d1dae71ea,0.41,0.4457743038593063,12282.0,6536.0,551.52,NVIDIA GeForce RTX 4070,[N/A],Enabled,Enabled
1709264363.242957,0,GPU-93ae0c7f-c327-aee3-adae-bc0d1dae71ea,0.47,0.4457743038593063,12282.0,6536.0,551.52,NVIDIA GeForce RTX 4070,[N/A],Enabled,Enabled
1709264364.242158,0,GPU-93ae0c7f-c327-aee3-adae-bc0d1dae71ea,0.41,0.4457743038593063,12282.0,6536.0,551.52,NVIDIA GeForce RTX 4070,[N/A],Enabled,Enabled
1709264365.242008,0,GPU-93ae0c7f-c327-aee3-adae-bc0d1dae71ea,0.45,0.4457743038593063,12282.0,6536.0,551.52,NVIDIA GeForce RTX 4070,[N/A],Enabled,Enabled
1709264366.241985,0,GPU-93ae0c7f-c327-aee3-adae-bc0d1dae71ea,0.42,0.4457743038593063,12282.0,6536.0,551.52,NVIDIA GeForce RTX 4070,[N/A],Enabled,Enabled
1709264367.24285,0,GPU-93ae0c7f-c327-aee3-adae-bc0d1dae71ea,0.41,0.4457743038593063,12282.0,6536.0,551.52,NVIDIA GeForce RTX 4070,[N/A],Enabled,Enabled
1709264368.242382,0,GPU-93ae0c7f-c327-aee3-adae-bc0d1dae71ea,0.48,0.4457743038593063,12282.0,6536.0,551.52,NVIDIA GeForce RTX 4070,[N/A],Enabled,Enabled
1709264369.242208,0,GPU-93ae0c7f-c327-aee3-adae-bc0d1dae71ea,0.4,0.4457743038593063,12282.0,6536.0,551.52,NVIDIA GeForce RTX 4070,[N/A],Enabled,Enabled
1709264370.242371,0,GPU-93ae0c7f-c327-aee3-adae-bc0d1dae71ea,0.45,0.4457743038593063,12282.0,6536.0,551.52,NVIDIA GeForce RTX 4070,[N/A],Enabled,Enabled
1709264371.242614,0,GPU-93ae0c7f-c327-aee3-adae-bc0d1dae71ea,0.42,0.4457743038593063,12282.0,6536.0,551.52,NVIDIA GeForce RTX 4070,[N/A],Enabled,Enabled
1709264372.242302,0,GPU-93ae0c7f-c327-aee3-adae-bc0d1dae71ea,0.45,0.4457743038593063,12282.0,6536.0,551.52,NVIDIA GeForce RTX 4070,[N/A],Enabled,Enabled
1709264373.242712,0,GPU-93ae0c7f-c327-aee3-adae-bc0d1dae71ea,0.41,0.4457743038593063,12282.0,6536.0,551.52,NVIDIA GeForce RTX 4070,[N/A],Enabled,Enabled
1709264374.242288,0,GPU-93ae0c7f-c327-aee3-adae-bc0d1dae71ea,0.45,0.4457743038593063,12282.0,6536.0,551.52,NVIDIA GeForce RTX 4070,[N/A],Enabled,Enabled
1709264375.241802,0,GPU-93ae0c7f-c327-aee3-adae-bc0d1dae71ea,0.44,0.4457743038593063,12282.0,6536.0,551.52,NVIDIA GeForce RTX 4070,[N/A],Enabled,Enabled
1709264376.242378,0,GPU-93ae0c7f-c327-aee3-adae-bc0d1dae71ea,0.4,0.4457743038593063,12282.0,6536.0,551.52,NVIDIA GeForce RTX 4070,[N/A],Enabled,Enabled
1709264377.241936,0,GPU-93ae0c7f-c327-aee3-adae-bc0d1dae71ea,0.43,0.4457743038593063,12282.0,6536.0,551.52,NVIDIA GeForce RTX 4070,[N/A],Enabled,Enabled
1709264378.241947,0,GPU-93ae0c7f-c327-aee3-adae-bc0d1dae71ea,0.45,0.4457743038593063,12282.0,6536.0,551.52,NVIDIA GeForce RTX 4070,[N/A],Enabled,Enabled
1709264379.241841,0,GPU-93ae0c7f-c327-aee3-adae-bc0d1dae71ea,0.4,0.4457743038593063,12282.0,6536.0,551.52,NVIDIA GeForce RTX 4070,[N/A],Enabled,Enabled
1709264380.241906,0,GPU-93ae0c7f-c327-aee3-adae-bc0d1dae71ea,0.41,0.4457743038593063,12282.0,6536.0,551.52,NVIDIA GeForce RTX 4070,[N/A],Enabled,Enabled
1709264381.242556,0,GPU-93ae0c7f-c327-aee3-adae-bc0d1dae71ea,0.4,0.4457743038593063,12282.0,6536.0,551.52,NVIDIA GeForce RTX 4070,[N/A],Enabled,Enabled
1709264382.242085,0,GPU-93ae0c7f-c327-aee3-adae-bc0d1dae71ea,0.45,0.4457743038593063,12282.0,6536.0,551.52,NVIDIA GeForce RTX 4070,[N/A],Enabled,Enabled
1709264383.242677,0,GPU-93ae0c7f-c327-aee3-adae-bc0d1dae71ea,0.42,0.4457743038593063,12282.0,6536.0,551.52,NVIDIA GeForce RTX 4070,[N/A],Enabled,Enabled
1709264384.242714,0,GPU-93ae0c7f-c327-aee3-adae-bc0d1dae71ea,0.44,0.4457743038593063,12282.0,6536.0,551.52,NVIDIA GeForce RTX 4070,[N/A],Enabled,Enabled
1709264385.242757,0,GPU-93ae0c7f-c327-aee3-adae-bc0d1dae71ea,0.4,0.4457743038593063,12282.0,6536.0,551.52,NVIDIA GeForce RTX 4070,[N/A],Enabled,Enabled
1709264386.24287,0,GPU-93ae0c7f-c327-aee3-adae-bc0d1dae71ea,0.4,0.4457743038593063,12282.0,6536.0,551.52,NVIDIA GeForce RTX 4070,[N/A],Enabled,Enabled
1709264387.241745,0,GPU-93ae0c7f-c327-aee3-adae-bc0d1dae71ea,0.41,0.4457743038593063,12282.0,6536.0,551.52,NVIDIA GeForce RTX 4070,[N/A],Enabled,Enabled
1709264388.241685,0,GPU-93ae0c7f-c327-aee3-adae-bc0d1dae71ea,0.42,0.4457743038593063,12282.0,6536.0,551.52,NVIDIA GeForce RTX 4070,[N/A],Enabled,Enabled
1709264389.241863,0,GPU-93ae0c7f-c327-aee3-adae-bc0d1dae71ea,0.42,0.4457743038593063,12282.0,6536.0,551.52,NVIDIA GeForce RTX 4070,[N/A],Enabled,Enabled
1709264390.242336,0,GPU-93ae0c7f-c327-aee3-adae-bc0d1dae71ea,0.44,0.4457743038593063,12282.0,6536.0,551.52,NVIDIA GeForce RTX 4070,[N/A],Enabled,Enabled
1709264391.242204,0,GPU-93ae0c7f-c327-aee3-adae-bc0d1dae71ea,0.41,0.4457743038593063,12282.0,6536.0,551.52,NVIDIA GeForce RTX 4070,[N/A],Enabled,Enabled
1709264392.242061,0,GPU-93ae0c7f-c327-aee3-adae-bc0d1dae71ea,0.45,0.4457743038593063,12282.0,6536.0,551.52,NVIDIA GeForce RTX 4070,[N/A],Enabled,Enabled
1709264393.242577,0,GPU-93ae0c7f-c327-aee3-adae-bc0d1dae71ea,0.42,0.4457743038593063,12282.0,6536.0,551.52,NVIDIA GeForce RTX 4070,[N/A],Enabled,Enabled
1709264394.242231,0,GPU-93ae0c7f-c327-aee3-adae-bc0d1dae71ea,0.43,0.4457743038593063,12282.0,6536.0,551.52,NVIDIA GeForce RTX 4070,[N/A],Enabled,Enabled
1709264395.242007,0,GPU-93ae0c7f-c327-aee3-adae-bc0d1dae71ea,0.41,0.4457743038593063,12282.0,6536.0,551.52,NVIDIA GeForce RTX 4070,[N/A],Enabled,Enabled
1709264396.242101,0,GPU-93ae0c7f-c327-aee3-adae-bc0d1dae71ea,0.43,0.4457743038593063,12282.0,6536.0,551.52,NVIDIA GeForce RTX 4070,[N/A],Enabled,Enabled
1709264397.242056,0,GPU-93ae0c7f-c327-aee3-adae-bc0d1dae71ea,0.41,0.4457743038593063,12282.0,6536.0,551.52,NVIDIA GeForce RTX 4070,[N/A],Enabled,Enabled
1709264398.241848,0,GPU-93ae0c7f-c327-aee3-adae-bc0d1dae71ea,0.41,0.4457743038593063,12282.0,6536.0,551.52,NVIDIA GeForce RTX 4070,[N/A],Enabled,Enabled
1709264399.242124,0,GPU-93ae0c7f-c327-aee3-adae-bc0d1dae71ea,0.42,0.4457743038593063,12282.0,6536.0,551.52,NVIDIA GeForce RTX 4070,[N/A],Enabled,Enabled
1709264400.242295,0,GPU-93ae0c7f-c327-aee3-adae-bc0d1dae71ea,0.44,0.4457743038593063,12282.0,6536.0,551.52,NVIDIA GeForce RTX 4070,[N/A],Enabled,Enabled
1709264401.242028,0,GPU-93ae0c7f-c327-aee3-adae-bc0d1dae71ea,0.43,0.4457743038593063,12282.0,6536.0,551.52,NVIDIA GeForce RTX 4070,[N/A],Enabled,Enabled
1709264402.242273,0,GPU-93ae0c7f-c327-aee3-adae-bc0d1dae71ea,0.43,0.4457743038593063,12282.0,6536.0,551.52,NVIDIA GeForce RTX 4070,[N/A],Enabled,Enabled
1709264403.241918,0,GPU-93ae0c7f-c327-aee3-adae-bc0d1dae71ea,0.4,0.4457743038593063,12282.0,6536.0,551.52,NVIDIA GeForce RTX 4070,[N/A],Enabled,Enabled
1709264404.241978,0,GPU-93ae0c7f-c327-aee3-adae-bc0d1dae71ea,0.41,0.4457743038593063,12282.0,6536.0,551.52,NVIDIA GeForce RTX 4070,[N/A],Enabled,Enabled
1709264405.242066,0,GPU-93ae0c7f-c327-aee3-adae-bc0d1dae71ea,0.4,0.4457743038593063,12282.0,6536.0,551.52,NVIDIA GeForce RTX 4070,[N/A],Enabled,Enabled
1709264406.242746,0,GPU-93ae0c7f-c327-aee3-adae-bc0d1dae71ea,0.42,0.4457743038593063,12282.0,6536.0,551.52,NVIDIA GeForce RTX 4070,[N/A],Enabled,Enabled
1709264407.242109,0,GPU-93ae0c7f-c327-aee3-adae-bc0d1dae71ea,0.41,0.4457743038593063,12282.0,6536.0,551.52,NVIDIA GeForce RTX 4070,[N/A],Enabled,Enabled
1709264408.241827,0,GPU-93ae0c7f-c327-aee3-adae-bc0d1dae71ea,0.41,0.4457743038593063,12282.0,6536.0,551.52,NVIDIA GeForce RTX 4070,[N/A],Enabled,Enabled
1709264409.242646,0,GPU-93ae0c7f-c327-aee3-adae-bc0d1dae71ea,0.38,0.4457743038593063,12282.0,6536.0,551.52,NVIDIA GeForce RTX 4070,[N/A],Enabled,Enabled
1709264410.242391,0,GPU-93ae0c7f-c327-aee3-adae-bc0d1dae71ea,0.4,0.4457743038593063,12282.0,6536.0,551.52,NVIDIA GeForce RTX 4070,[N/A],Enabled,Enabled
1709264411.242212,0,GPU-93ae0c7f-c327-aee3-adae-bc0d1dae71ea,0.39,0.4457743038593063,12282.0,6536.0,551.52,NVIDIA GeForce RTX 4070,[N/A],Enabled,Enabled
1709264412.242221,0,GPU-93ae0c7f-c327-aee3-adae-bc0d1dae71ea,0.44,0.4457743038593063,12282.0,6536.0,551.52,NVIDIA GeForce RTX 4070,[N/A],Enabled,Enabled
1709264413.242191,0,GPU-93ae0c7f-c327-aee3-adae-bc0d1dae71ea,0.43,0.4457743038593063,12282.0,6536.0,551.52,NVIDIA GeForce RTX 4070,[N/A],Enabled,Enabled
1709264414.242421,0,GPU-93ae0c7f-c327-aee3-adae-bc0d1dae71ea,0.42,0.4457743038593063,12282.0,6536.0,551.52,NVIDIA GeForce RTX 4070,[N/A],Enabled,Enabled
1709264415.242407,0,GPU-93ae0c7f-c327-aee3-adae-bc0d1dae71ea,0.4,0.4457743038593063,12282.0,6536.0,551.52,NVIDIA GeForce RTX 4070,[N/A],Enabled,Enabled
1709264416.242274,0,GPU-93ae0c7f-c327-aee3-adae-bc0d1dae71ea,0.43,0.4457743038593063,12282.0,6536.0,551.52,NVIDIA GeForce RTX 4070,[N/A],Enabled,Enabled
1709264417.24275,0,GPU-93ae0c7f-c327-aee3-adae-bc0d1dae71ea,0.41,0.4457743038593063,12282.0,6536.0,551.52,NVIDIA GeForce RTX 4070,[N/A],Enabled,Enabled
1709264418.24241,0,GPU-93ae0c7f-c327-aee3-adae-bc0d1dae71ea,0.43,0.4457743038593063,12282.0,6536.0,551.52,NVIDIA GeForce RTX 4070,[N/A],Enabled,Enabled
1709264419.24294,0,GPU-93ae0c7f-c327-aee3-adae-bc0d1dae71ea,0.42,0.4457743038593063,12282.0,6536.0,551.52,NVIDIA GeForce RTX 4070,[N/A],Enabled,Enabled
1709264420.24217,0,GPU-93ae0c7f-c327-aee3-adae-bc0d1dae71ea,0.41,0.4457743038593063,12282.0,6536.0,551.52,NVIDIA GeForce RTX 4070,[N/A],Enabled,Enabled
1709264421.242142,0,GPU-93ae0c7f-c327-aee3-adae-bc0d1dae71ea,0.4,0.4457743038593063,12282.0,6536.0,551.52,NVIDIA GeForce RTX 4070,[N/A],Enabled,Enabled
1709264422.242088,0,GPU-93ae0c7f-c327-aee3-adae-bc0d1dae71ea,0.43,0.4457743038593063,12282.0,6536.0,551.52,NVIDIA GeForce RTX 4070,[N/A],Enabled,Enabled
1709264423.242157,0,GPU-93ae0c7f-c327-aee3-adae-bc0d1dae71ea,0.41,0.4457743038593063,12282.0,6536.0,551.52,NVIDIA GeForce RTX 4070,[N/A],Enabled,Enabled
1709264424.242275,0,GPU-93ae0c7f-c327-aee3-adae-bc0d1dae71ea,0.4,0.4457743038593063,12282.0,6536.0,551.52,NVIDIA GeForce RTX 4070,[N/A],Enabled,Enabled
1709264425.242093,0,GPU-93ae0c7f-c327-aee3-adae-bc0d1dae71ea,0.42,0.4457743038593063,12282.0,6536.0,551.52,NVIDIA GeForce RTX 4070,[N/A],Enabled,Enabled
1709264426.242208,0,GPU-93ae0c7f-c327-aee3-adae-bc0d1dae71ea,0.43,0.4457743038593063,12282.0,6536.0,551.52,NVIDIA GeForce RTX 4070,[N/A],Enabled,Enabled
1709264427.242879,0,GPU-93ae0c7f-c327-aee3-adae-bc0d1dae71ea,0.4,0.4457743038593063,12282.0,6536.0,551.52,NVIDIA GeForce RTX 4070,[N/A],Enabled,Enabled
1709264428.242541,0,GPU-93ae0c7f-c327-aee3-adae-bc0d1dae71ea,0.43,0.4457743038593063,12282.0,6536.0,551.52,NVIDIA GeForce RTX 4070,[N/A],Enabled,Enabled
1709264429.24212,0,GPU-93ae0c7f-c327-aee3-adae-bc0d1dae71ea,0.39,0.4457743038593063,12282.0,6536.0,551.52,NVIDIA GeForce RTX 4070,[N/A],Enabled,Enabled
1709264430.242136,0,GPU-93ae0c7f-c327-aee3-adae-bc0d1dae71ea,0.44,0.4457743038593063,12282.0,6536.0,551.52,NVIDIA GeForce RTX 4070,[N/A],Enabled,Enabled
1709264431.242403,0,GPU-93ae0c7f-c327-aee3-adae-bc0d1dae71ea,0.39,0.4457743038593063,12282.0,6536.0,551.52,NVIDIA GeForce RTX 4070,[N/A],Enabled,Enabled
1709264432.242026,0,GPU-93ae0c7f-c327-aee3-adae-bc0d1dae71ea,0.41,0.4457743038593063,12282.0,6536.0,551.52,NVIDIA GeForce RTX 4070,[N/A],Enabled,Enabled
1709264433.242386,0,GPU-93ae0c7f-c327-aee3-adae-bc0d1dae71ea,0.42,0.4457743038593063,12282.0,6536.0,551.52,NVIDIA GeForce RTX 4070,[N/A],Enabled,Enabled
1709264434.24275,0,GPU-93ae0c7f-c327-aee3-adae-bc0d1dae71ea,0.43,0.4457743038593063,12282.0,6536.0,551.52,NVIDIA GeForce RTX 4070,[N/A],Enabled,Enabled
1709264435.241592,0,GPU-93ae0c7f-c327-aee3-adae-bc0d1dae71ea,0.4,0.4457743038593063,12282.0,6536.0,551.52,NVIDIA GeForce RTX 4070,[N/A],Enabled,Enabled
1709264436.241955,0,GPU-93ae0c7f-c327-aee3-adae-bc0d1dae71ea,0.4,0.4457743038593063,12282.0,6536.0,551.52,NVIDIA GeForce RTX 4070,[N/A],Enabled,Enabled
1709264437.242329,0,GPU-93ae0c7f-c327-aee3-adae-bc0d1dae71ea,0.4,0.4457743038593063,12282.0,6536.0,551.52,NVIDIA GeForce RTX 4070,[N/A],Enabled,Enabled
1709264438.241653,0,GPU-93ae0c7f-c327-aee3-adae-bc0d1dae71ea,0.38,0.4457743038593063,12282.0,6536.0,551.52,NVIDIA GeForce RTX 4070,[N/A],Enabled,Enabled
1709264439.24192,0,GPU-93ae0c7f-c327-aee3-adae-bc0d1dae71ea,0.39,0.4457743038593063,12282.0,6536.0,551.52,NVIDIA GeForce RTX 4070,[N/A],Enabled,Enabled
1709264440.242076,0,GPU-93ae0c7f-c327-aee3-adae-bc0d1dae71ea,0.41,0.4457743038593063,12282.0,6536.0,551.52,NVIDIA GeForce RTX 4070,[N/A],Enabled,Enabled
1709264441.242219,0,GPU-93ae0c7f-c327-aee3-adae-bc0d1dae71ea,0.37,0.4457743038593063,12282.0,6536.0,551.52,NVIDIA GeForce RTX 4070,[N/A],Enabled,Enabled
1709264442.241787,0,GPU-93ae0c7f-c327-aee3-adae-bc0d1dae71ea,0.39,0.4457743038593063,12282.0,6536.0,551.52,NVIDIA GeForce RTX 4070,[N/A],Enabled,Enabled
1709264443.241838,0,GPU-93ae0c7f-c327-aee3-adae-bc0d1dae71ea,0.42,0.4457743038593063,12282.0,6536.0,551.52,NVIDIA GeForce RTX 4070,[N/A],Enabled,Enabled
1709264444.242341,0,GPU-93ae0c7f-c327-aee3-adae-bc0d1dae71ea,0.39,0.4457743038593063,12282.0,6536.0,551.52,NVIDIA GeForce RTX 4070,[N/A],Enabled,Enabled
1709264445.241908,0,GPU-93ae0c7f-c327-aee3-adae-bc0d1dae71ea,0.37,0.4457743038593063,12282.0,6536.0,551.52,NVIDIA GeForce RTX 4070,[N/A],Enabled,Enabled
1709264446.242579,0,GPU-93ae0c7f-c327-aee3-adae-bc0d1dae71ea,0.41,0.4457743038593063,12282.0,6536.0,551.52,NVIDIA GeForce RTX 4070,[N/A],Enabled,Enabled
1709264447.242022,0,GPU-93ae0c7f-c327-aee3-adae-bc0d1dae71ea,0.42,0.4457743038593063,12282.0,6536.0,551.52,NVIDIA GeForce RTX 4070,[N/A],Enabled,Enabled
1709264448.24284,0,GPU-93ae0c7f-c327-aee3-adae-bc0d1dae71ea,0.4,0.4457743038593063,12282.0,6536.0,551.52,NVIDIA GeForce RTX 4070,[N/A],Enabled,Enabled
1709264449.242449,0,GPU-93ae0c7f-c327-aee3-adae-bc0d1dae71ea,0.42,0.4457743038593063,12282.0,6536.0,551.52,NVIDIA GeForce RTX 4070,[N/A],Enabled,Enabled
1709264450.242924,0,GPU-93ae0c7f-c327-aee3-adae-bc0d1dae71ea,0.41,0.4457743038593063,12282.0,6536.0,551.52,NVIDIA GeForce RTX 4070,[N/A],Enabled,Enabled
1709264451.241785,0,GPU-93ae0c7f-c327-aee3-adae-bc0d1dae71ea,0.42,0.4457743038593063,12282.0,6536.0,551.52,NVIDIA GeForce RTX 4070,[N/A],Enabled,Enabled
1709264452.242279,0,GPU-93ae0c7f-c327-aee3-adae-bc0d1dae71ea,0.4,0.4457743038593063,12282.0,6536.0,551.52,NVIDIA GeForce RTX 4070,[N/A],Enabled,Enabled
1709264453.242145,0,GPU-93ae0c7f-c327-aee3-adae-bc0d1dae71ea,0.4,0.4457743038593063,12282.0,6536.0,551.52,NVIDIA GeForce RTX 4070,[N/A],Enabled,Enabled
1709264454.242237,0,GPU-93ae0c7f-c327-aee3-adae-bc0d1dae71ea,0.49,0.4457743038593063,12282.0,6536.0,551.52,NVIDIA GeForce RTX 4070,[N/A],Enabled,Enabled
1709264455.242289,0,GPU-93ae0c7f-c327-aee3-adae-bc0d1dae71ea,0.41,0.4457743038593063,12282.0,6536.0,551.52,NVIDIA GeForce RTX 4070,[N/A],Enabled,Enabled
1709264456.241904,0,GPU-93ae0c7f-c327-aee3-adae-bc0d1dae71ea,0.47,0.4457743038593063,12282.0,6536.0,551.52,NVIDIA GeForce RTX 4070,[N/A],Enabled,Enabled
1709264457.242335,0,GPU-93ae0c7f-c327-aee3-adae-bc0d1dae71ea,0.4,0.4457743038593063,12282.0,6536.0,551.52,NVIDIA GeForce RTX 4070,[N/A],Enabled,Enabled
1709264458.24194,0,GPU-93ae0c7f-c327-aee3-adae-bc0d1dae71ea,0.43,0.4457743038593063,12282.0,6536.0,551.52,NVIDIA GeForce RTX 4070,[N/A],Enabled,Enabled
1709264459.241526,0,GPU-93ae0c7f-c327-aee3-adae-bc0d1dae71ea,0.38,0.4457743038593063,12282.0,6536.0,551.52,NVIDIA GeForce RTX 4070,[N/A],Enabled,Enabled
1709264460.24157,0,GPU-93ae0c7f-c327-aee3-adae-bc0d1dae71ea,0.45,0.4457743038593063,12282.0,6536.0,551.52,NVIDIA GeForce RTX 4070,[N/A],Enabled,Enabled
1709264461.242049,0,GPU-93ae0c7f-c327-aee3-adae-bc0d1dae71ea,0.45,0.4457743038593063,12282.0,6536.0,551.52,NVIDIA GeForce RTX 4070,[N/A],Enabled,Enabled
1709264462.242,0,GPU-93ae0c7f-c327-aee3-adae-bc0d1dae71ea,0.44,0.4457743038593063,12282.0,6536.0,551.52,NVIDIA GeForce RTX 4070,[N/A],Enabled,Enabled
1709264463.243061,0,GPU-93ae0c7f-c327-aee3-adae-bc0d1dae71ea,0.42,0.4457743038593063,12282.0,6536.0,551.52,NVIDIA GeForce RTX 4070,[N/A],Enabled,Enabled
1709264464.241798,0,GPU-93ae0c7f-c327-aee3-adae-bc0d1dae71ea,0.45,0.4457743038593063,12282.0,6536.0,551.52,NVIDIA GeForce RTX 4070,[N/A],Enabled,Enabled
1709264465.242303,0,GPU-93ae0c7f-c327-aee3-adae-bc0d1dae71ea,0.41,0.4457743038593063,12282.0,6536.0,551.52,NVIDIA GeForce RTX 4070,[N/A],Enabled,Enabled
1709264466.241688,0,GPU-93ae0c7f-c327-aee3-adae-bc0d1dae71ea,0.48,0.4457743038593063,12282.0,6536.0,551.52,NVIDIA GeForce RTX 4070,[N/A],Enabled,Enabled
1709264467.242442,0,GPU-93ae0c7f-c327-aee3-adae-bc0d1dae71ea,0.47,0.4457743038593063,12282.0,6536.0,551.52,NVIDIA GeForce RTX 4070,[N/A],Enabled,Enabled
1709264468.242643,0,GPU-93ae0c7f-c327-aee3-adae-bc0d1dae71ea,0.45,0.4457743038593063,12282.0,6536.0,551.52,NVIDIA GeForce RTX 4070,[N/A],Enabled,Enabled
1709264469.24234,0,GPU-93ae0c7f-c327-aee3-adae-bc0d1dae71ea,0.43,0.4457743038593063,12282.0,6536.0,551.52,NVIDIA GeForce RTX 4070,[N/A],Enabled,Enabled
1709264470.242326,0,GPU-93ae0c7f-c327-aee3-adae-bc0d1dae71ea,0.44,0.4457743038593063,12282.0,6536.0,551.52,NVIDIA GeForce RTX 4070,[N/A],Enabled,Enabled
1709264471.241838,0,GPU-93ae0c7f-c327-aee3-adae-bc0d1dae71ea,0.4,0.4457743038593063,12282.0,6536.0,551.52,NVIDIA GeForce RTX 4070,[N/A],Enabled,Enabled
1709264472.242192,0,GPU-93ae0c7f-c327-aee3-adae-bc0d1dae71ea,0.42,0.4457743038593063,12282.0,6536.0,551.52,NVIDIA GeForce RTX 4070,[N/A],Enabled,Enabled
1709264473.242302,0,GPU-93ae0c7f-c327-aee3-adae-bc0d1dae71ea,0.44,0.4457743038593063,12282.0,6536.0,551.52,NVIDIA GeForce RTX 4070,[N/A],Enabled,Enabled
1709264474.242131,0,GPU-93ae0c7f-c327-aee3-adae-bc0d1dae71ea,0.41,0.4457743038593063,12282.0,6536.0,551.52,NVIDIA GeForce RTX 4070,[N/A],Enabled,Enabled
1709264475.241907,0,GPU-93ae0c7f-c327-aee3-adae-bc0d1dae71ea,0.41,0.4457743038593063,12282.0,6536.0,551.52,NVIDIA GeForce RTX 4070,[N/A],Enabled,Enabled
1709264476.241837,0,GPU-93ae0c7f-c327-aee3-adae-bc0d1dae71ea,0.42,0.4457743038593063,12282.0,6536.0,551.52,NVIDIA GeForce RTX 4070,[N/A],Enabled,Enabled
1709264477.241727,0,GPU-93ae0c7f-c327-aee3-adae-bc0d1dae71ea,0.39,0.4457743038593063,12282.0,6536.0,551.52,NVIDIA GeForce RTX 4070,[N/A],Enabled,Enabled
1709264478.242339,0,GPU-93ae0c7f-c327-aee3-adae-bc0d1dae71ea,0.45,0.4457743038593063,12282.0,6536.0,551.52,NVIDIA GeForce RTX 4070,[N/A],Enabled,Enabled
1709264479.242323,0,GPU-93ae0c7f-c327-aee3-adae-bc0d1dae71ea,0.41,0.4457743038593063,12282.0,6536.0,551.52,NVIDIA GeForce RTX 4070,[N/A],Enabled,Enabled
1709264480.241955,0,GPU-93ae0c7f-c327-aee3-adae-bc0d1dae71ea,0.42,0.4457743038593063,12282.0,6536.0,551.52,NVIDIA GeForce RTX 4070,[N/A],Enabled,Enabled
1709264481.242609,0,GPU-93ae0c7f-c327-aee3-adae-bc0d1dae71ea,0.41,0.4457743038593063,12282.0,6536.0,551.52,NVIDIA GeForce RTX 4070,[N/A],Enabled,Enabled
1709264482.241865,0,GPU-93ae0c7f-c327-aee3-adae-bc0d1dae71ea,0.4,0.4457743038593063,12282.0,6536.0,551.52,NVIDIA GeForce RTX 4070,[N/A],Enabled,Enabled
1709264483.242505,0,GPU-93ae0c7f-c327-aee3-adae-bc0d1dae71ea,0.4,0.4457743038593063,12282.0,6536.0,551.52,NVIDIA GeForce RTX 4070,[N/A],Enabled,Enabled
1709264484.242126,0,GPU-93ae0c7f-c327-aee3-adae-bc0d1dae71ea,0.38,0.4457743038593063,12282.0,6536.0,551.52,NVIDIA GeForce RTX 4070,[N/A],Enabled,Enabled
1709264485.242326,0,GPU-93ae0c7f-c327-aee3-adae-bc0d1dae71ea,0.26,0.4426803452206481,12282.0,6574.0,551.52,NVIDIA GeForce RTX 4070,[N/A],Enabled,Enabled
1709264486.241608,0,GPU-93ae0c7f-c327-aee3-adae-bc0d1dae71ea,0.3,0.4426803452206481,12282.0,6574.0,551.52,NVIDIA GeForce RTX 4070,[N/A],Enabled,Enabled
1709264487.24254,0,GPU-93ae0c7f-c327-aee3-adae-bc0d1dae71ea,0.28,0.43795798729848556,12282.0,6632.0,551.52,NVIDIA GeForce RTX 4070,[N/A],Enabled,Enabled
1709264488.242364,0,GPU-93ae0c7f-c327-aee3-adae-bc0d1dae71ea,0.29,0.43795798729848556,12282.0,6632.0,551.52,NVIDIA GeForce RTX 4070,[N/A],Enabled,Enabled
1709264489.241778,0,GPU-93ae0c7f-c327-aee3-adae-bc0d1dae71ea,0.27,0.43795798729848556,12282.0,6632.0,551.52,NVIDIA GeForce RTX 4070,[N/A],Enabled,Enabled
1709264490.242303,0,GPU-93ae0c7f-c327-aee3-adae-bc0d1dae71ea,0.3,0.4426803452206481,12282.0,6574.0,551.52,NVIDIA GeForce RTX 4070,[N/A],Enabled,Enabled
1709264491.242473,0,GPU-93ae0c7f-c327-aee3-adae-bc0d1dae71ea,0.26,0.43795798729848556,12282.0,6632.0,551.52,NVIDIA GeForce RTX 4070,[N/A],Enabled,Enabled
1709264492.241861,0,GPU-93ae0c7f-c327-aee3-adae-bc0d1dae71ea,0.26,0.43795798729848556,12282.0,6632.0,551.52,NVIDIA GeForce RTX 4070,[N/A],Enabled,Enabled
1709264493.241882,0,GPU-93ae0c7f-c327-aee3-adae-bc0d1dae71ea,0.28,0.43795798729848556,12282.0,6632.0,551.52,NVIDIA GeForce RTX 4070,[N/A],Enabled,Enabled
1709264494.242061,0,GPU-93ae0c7f-c327-aee3-adae-bc0d1dae71ea,0.27,0.43795798729848556,12282.0,6632.0,551.52,NVIDIA GeForce RTX 4070,[N/A],Enabled,Enabled
1709264495.24263,0,GPU-93ae0c7f-c327-aee3-adae-bc0d1dae71ea,0.27,0.43795798729848556,12282.0,6632.0,551.52,NVIDIA GeForce RTX 4070,[N/A],Enabled,Enabled
1709264496.242229,0,GPU-93ae0c7f-c327-aee3-adae-bc0d1dae71ea,0.27,0.43795798729848556,12282.0,6632.0,551.52,NVIDIA GeForce RTX 4070,[N/A],Enabled,Enabled
1709264497.24302,0,GPU-93ae0c7f-c327-aee3-adae-bc0d1dae71ea,0.27,0.43795798729848556,12282.0,6632.0,551.52,NVIDIA GeForce RTX 4070,[N/A],Enabled,Enabled
1709264498.242214,0,GPU-93ae0c7f-c327-aee3-adae-bc0d1dae71ea,0.27,0.43795798729848556,12282.0,6632.0,551.52,NVIDIA GeForce RTX 4070,[N/A],Enabled,Enabled
1709264499.241934,0,GPU-93ae0c7f-c327-aee3-adae-bc0d1dae71ea,0.27,0.43795798729848556,12282.0,6632.0,551.52,NVIDIA GeForce RTX 4070,[N/A],Enabled,Enabled
1709264500.242205,0,GPU-93ae0c7f-c327-aee3-adae-bc0d1dae71ea,0.27,0.43795798729848556,12282.0,6632.0,551.52,NVIDIA GeForce RTX 4070,[N/A],Enabled,Enabled
1709264501.242269,0,GPU-93ae0c7f-c327-aee3-adae-bc0d1dae71ea,0.27,0.43795798729848556,12282.0,6632.0,551.52,NVIDIA GeForce RTX 4070,[N/A],Enabled,Enabled
1709264502.242578,0,GPU-93ae0c7f-c327-aee3-adae-bc0d1dae71ea,0.27,0.43795798729848556,12282.0,6632.0,551.52,NVIDIA GeForce RTX 4070,[N/A],Enabled,Enabled
1709264503.242172,0,GPU-93ae0c7f-c327-aee3-adae-bc0d1dae71ea,0.28,0.43795798729848556,12282.0,6632.0,551.52,NVIDIA GeForce RTX 4070,[N/A],Enabled,Enabled
1709264504.242209,0,GPU-93ae0c7f-c327-aee3-adae-bc0d1dae71ea,0.27,0.43795798729848556,12282.0,6632.0,551.52,NVIDIA GeForce RTX 4070,[N/A],Enabled,Enabled
1709264505.242438,0,GPU-93ae0c7f-c327-aee3-adae-bc0d1dae71ea,0.27,0.43795798729848556,12282.0,6632.0,551.52,NVIDIA GeForce RTX 4070,[N/A],Enabled,Enabled
1709264506.242269,0,GPU-93ae0c7f-c327-aee3-adae-bc0d1dae71ea,0.27,0.43795798729848556,12282.0,6632.0,551.52,NVIDIA GeForce RTX 4070,[N/A],Enabled,Enabled
1709264507.242067,0,GPU-93ae0c7f-c327-aee3-adae-bc0d1dae71ea,0.27,0.43795798729848556,12282.0,6632.0,551.52,NVIDIA GeForce RTX 4070,[N/A],Enabled,Enabled
1709264508.242358,0,GPU-93ae0c7f-c327-aee3-adae-bc0d1dae71ea,0.28,0.43795798729848556,12282.0,6632.0,551.52,NVIDIA GeForce RTX 4070,[N/A],Enabled,Enabled
1709264509.241928,0,GPU-93ae0c7f-c327-aee3-adae-bc0d1dae71ea,0.28,0.43795798729848556,12282.0,6632.0,551.52,NVIDIA GeForce RTX 4070,[N/A],Enabled,Enabled
1709264510.242472,0,GPU-93ae0c7f-c327-aee3-adae-bc0d1dae71ea,0.28,0.43795798729848556,12282.0,6632.0,551.52,NVIDIA GeForce RTX 4070,[N/A],Enabled,Enabled
1709264511.242218,0,GPU-93ae0c7f-c327-aee3-adae-bc0d1dae71ea,0.28,0.43795798729848556,12282.0,6632.0,551.52,NVIDIA GeForce RTX 4070,[N/A],Enabled,Enabled
1709264512.242153,0,GPU-93ae0c7f-c327-aee3-adae-bc0d1dae71ea,0.15,0.24051457417358738,12282.0,9057.0,551.52,NVIDIA GeForce RTX 4070,[N/A],Enabled,Enabled
1709264513.242158,0,GPU-93ae0c7f-c327-aee3-adae-bc0d1dae71ea,0.15,0.24051457417358738,12282.0,9057.0,551.52,NVIDIA GeForce RTX 4070,[N/A],Enabled,Enabled
1709264514.241932,0,GPU-93ae0c7f-c327-aee3-adae-bc0d1dae71ea,0.14,0.24051457417358738,12282.0,9057.0,551.52,NVIDIA GeForce RTX 4070,[N/A],Enabled,Enabled
