timestamp,id,uuid,load,memoryUtil,memoryTotal,memoryUsed,memoryFree,driver,name,serial,display_mode,display_active
1702845080.874335,0,GPU-93ae0c7f-c327-aee3-adae-bc0d1dae71ea,0.14,0.24572545188080117,12282.0,9007.0,546.33,NVIDIA GeForce RTX 4070,[N/A],Enabled,Enabled
1702845081.870497,0,GPU-93ae0c7f-c327-aee3-adae-bc0d1dae71ea,0.14,0.2443413124898225,12282.0,9024.0,546.33,NVIDIA GeForce RTX 4070,[N/A],Enabled,Enabled
1702845082.870807,0,GPU-93ae0c7f-c327-aee3-adae-bc0d1dae71ea,0.15,0.2443413124898225,12282.0,9024.0,546.33,NVIDIA GeForce RTX 4070,[N/A],Enabled,Enabled
1702845083.870659,0,GPU-93ae0c7f-c327-aee3-adae-bc0d1dae71ea,0.13,0.2443413124898225,12282.0,9024.0,546.33,NVIDIA GeForce RTX 4070,[N/A],Enabled,Enabled
1702845084.870298,0,GPU-93ae0c7f-c327-aee3-adae-bc0d1dae71ea,0.14,0.2443413124898225,12282.0,9024.0,546.33,NVIDIA GeForce RTX 4070,[N/A],Enabled,Enabled
1702845085.871221,0,GPU-93ae0c7f-c327-aee3-adae-bc0d1dae71ea,0.14,0.2443413124898225,12282.0,9024.0,546.33,NVIDIA GeForce RTX 4070,[N/A],Enabled,Enabled
1702845086.870734,0,GPU-93ae0c7f-c327-aee3-adae-bc0d1dae71ea,0.14,0.2443413124898225,12282.0,9024.0,546.33,NVIDIA GeForce RTX 4070,[N/A],Enabled,Enabled
1702845087.870582,0,GPU-93ae0c7f-c327-aee3-adae-bc0d1dae71ea,0.14,0.2443413124898225,12282.0,9024.0,546.33,NVIDIA GeForce RTX 4070,[N/A],Enabled,Enabled
1702845088.870788,0,GPU-93ae0c7f-c327-aee3-adae-bc0d1dae71ea,0.14,0.2443413124898225,12282.0,9024.0,546.33,NVIDIA GeForce RTX 4070,[N/A],Enabled,Enabled
1702845089.870271,0,GPU-93ae0c7f-c327-aee3-adae-bc0d1dae71ea,0.14,0.2443413124898225,12282.0,9024.0,546.33,NVIDIA GeForce RTX 4070,[N/A],Enabled,Enabled
1702845090.870458,0,GPU-93ae0c7f-c327-aee3-adae-bc0d1dae71ea,0.13,0.2443413124898225,12282.0,9024.0,546.33,NVIDIA GeForce RTX 4070,[N/A],Enabled,Enabled
1702845091.871215,0,GPU-93ae0c7f-c327-aee3-adae-bc0d1dae71ea,0.13,0.2443413124898225,12282.0,9024.0,546.33,NVIDIA GeForce RTX 4070,[N/A],Enabled,Enabled
1702845092.870786,0,GPU-93ae0c7f-c327-aee3-adae-bc0d1dae71ea,0.13,0.2443413124898225,12282.0,9024.0,546.33,NVIDIA GeForce RTX 4070,[N/A],Enabled,Enabled
1702845093.870943,0,GPU-93ae0c7f-c327-aee3-adae-bc0d1dae71ea,0.13,0.2443413124898225,12282.0,9024.0,546.33,NVIDIA GeForce RTX 4070,[N/A],Enabled,Enabled
1702845094.870919,0,GPU-93ae0c7f-c327-aee3-adae-bc0d1dae71ea,0.13,0.2443413124898225,12282.0,9024.0,546.33,NVIDIA GeForce RTX 4070,[N/A],Enabled,Enabled
1702845095.870392,0,GPU-93ae0c7f-c327-aee3-adae-bc0d1dae71ea,0.14,0.24450415241817294,12282.0,9022.0,546.33,NVIDIA GeForce RTX 4070,[N/A],Enabled,Enabled
1702845096.870615,0,GPU-93ae0c7f-c327-aee3-adae-bc0d1dae71ea,0.14,0.25606578733105356,12282.0,8880.0,546.33,NVIDIA GeForce RTX 4070,[N/A],Enabled,Enabled
1702845097.870914,0,GPU-93ae0c7f-c327-aee3-adae-bc0d1dae71ea,0.22,0.35686370297997067,12282.0,7642.0,546.33,NVIDIA GeForce RTX 4070,[N/A],Enabled,Enabled
1702845098.871277,0,GPU-93ae0c7f-c327-aee3-adae-bc0d1dae71ea,0.08,0.32209737827715357,12282.0,8069.0,546.33,NVIDIA GeForce RTX 4070,[N/A],Enabled,Enabled
1702845099.870709,0,GPU-93ae0c7f-c327-aee3-adae-bc0d1dae71ea,0.08,0.32169027845627746,12282.0,8074.0,546.33,NVIDIA GeForce RTX 4070,[N/A],Enabled,Enabled
1702845100.871295,0,GPU-93ae0c7f-c327-aee3-adae-bc0d1dae71ea,0.08,0.32169027845627746,12282.0,8074.0,546.33,NVIDIA GeForce RTX 4070,[N/A],Enabled,Enabled
1702845101.871075,0,GPU-93ae0c7f-c327-aee3-adae-bc0d1dae71ea,0.29,0.47427129132063184,12282.0,6200.0,546.33,NVIDIA GeForce RTX 4070,[N/A],Enabled,Enabled
1702845102.870848,0,GPU-93ae0c7f-c327-aee3-adae-bc0d1dae71ea,0.3,0.4436573847907507,12282.0,6576.0,546.33,NVIDIA GeForce RTX 4070,[N/A],Enabled,Enabled
1702845103.87129,0,GPU-93ae0c7f-c327-aee3-adae-bc0d1dae71ea,0.31,0.4436573847907507,12282.0,6576.0,546.33,NVIDIA GeForce RTX 4070,[N/A],Enabled,Enabled
1702845104.87054,0,GPU-93ae0c7f-c327-aee3-adae-bc0d1dae71ea,0.27,0.43893502686858815,12282.0,6634.0,546.33,NVIDIA GeForce RTX 4070,[N/A],Enabled,Enabled
1702845105.870752,0,GPU-93ae0c7f-c327-aee3-adae-bc0d1dae71ea,0.27,0.43893502686858815,12282.0,6634.0,546.33,NVIDIA GeForce RTX 4070,[N/A],Enabled,Enabled
1702845106.870565,0,GPU-93ae0c7f-c327-aee3-adae-bc0d1dae71ea,0.27,0.43893502686858815,12282.0,6634.0,546.33,NVIDIA GeForce RTX 4070,[N/A],Enabled,Enabled
1702845107.870354,0,GPU-93ae0c7f-c327-aee3-adae-bc0d1dae71ea,0.29,0.44357596482657546,12282.0,6577.0,546.33,NVIDIA GeForce RTX 4070,[N/A],Enabled,Enabled
1702845108.871623,0,GPU-93ae0c7f-c327-aee3-adae-bc0d1dae71ea,0.09,0.5534929164631167,12282.0,5227.0,546.33,NVIDIA GeForce RTX 4070,[N/A],Enabled,Enabled
1702845109.870831,0,GPU-93ae0c7f-c327-aee3-adae-bc0d1dae71ea,0.29,0.4450415241817294,12282.0,6559.0,546.33,NVIDIA GeForce RTX 4070,[N/A],Enabled,Enabled
1702845110.870871,0,GPU-93ae0c7f-c327-aee3-adae-bc0d1dae71ea,0.29,0.4450415241817294,12282.0,6559.0,546.33,NVIDIA GeForce RTX 4070,[N/A],Enabled,Enabled
1702845111.870298,0,GPU-93ae0c7f-c327-aee3-adae-bc0d1dae71ea,0.27,0.44031916625956685,12282.0,6617.0,546.33,NVIDIA GeForce RTX 4070,[N/A],Enabled,Enabled
1702845112.871216,0,GPU-93ae0c7f-c327-aee3-adae-bc0d1dae71ea,0.32,0.4450415241817294,12282.0,6559.0,546.33,NVIDIA GeForce RTX 4070,[N/A],Enabled,Enabled
1702845113.870422,0,GPU-93ae0c7f-c327-aee3-adae-bc0d1dae71ea,0.28,0.44040058622374206,12282.0,6616.0,546.33,NVIDIA GeForce RTX 4070,[N/A],Enabled,Enabled
1702845114.87113,0,GPU-93ae0c7f-c327-aee3-adae-bc0d1dae71ea,0.29,0.44040058622374206,12282.0,6616.0,546.33,NVIDIA GeForce RTX 4070,[N/A],Enabled,Enabled
1702845115.871042,0,GPU-93ae0c7f-c327-aee3-adae-bc0d1dae71ea,0.28,0.44040058622374206,12282.0,6616.0,546.33,NVIDIA GeForce RTX 4070,[N/A],Enabled,Enabled
1702845116.870935,0,GPU-93ae0c7f-c327-aee3-adae-bc0d1dae71ea,0.28,0.44040058622374206,12282.0,6616.0,546.33,NVIDIA GeForce RTX 4070,[N/A],Enabled,Enabled
1702845117.871167,0,GPU-93ae0c7f-c327-aee3-adae-bc0d1dae71ea,0.28,0.44040058622374206,12282.0,6616.0,546.33,NVIDIA GeForce RTX 4070,[N/A],Enabled,Enabled
1702845118.871306,0,GPU-93ae0c7f-c327-aee3-adae-bc0d1dae71ea,0.28,0.44040058622374206,12282.0,6616.0,546.33,NVIDIA GeForce RTX 4070,[N/A],Enabled,Enabled
1702845119.87075,0,GPU-93ae0c7f-c327-aee3-adae-bc0d1dae71ea,0.31,0.4451229441459046,12282.0,6558.0,546.33,NVIDIA GeForce RTX 4070,[N/A],Enabled,Enabled
1702845120.87027,0,GPU-93ae0c7f-c327-aee3-adae-bc0d1dae71ea,0.31,0.4451229441459046,12282.0,6558.0,546.33,NVIDIA GeForce RTX 4070,[N/A],Enabled,Enabled
1702845121.870945,0,GPU-93ae0c7f-c327-aee3-adae-bc0d1dae71ea,0.3,0.4450415241817294,12282.0,6559.0,546.33,NVIDIA GeForce RTX 4070,[N/A],Enabled,Enabled
1702845122.870462,0,GPU-93ae0c7f-c327-aee3-adae-bc0d1dae71ea,0.27,0.44040058622374206,12282.0,6616.0,546.33,NVIDIA GeForce RTX 4070,[N/A],Enabled,Enabled
1702845123.870167,0,GPU-93ae0c7f-c327-aee3-adae-bc0d1dae71ea,0.27,0.44040058622374206,12282.0,6616.0,546.33,NVIDIA GeForce RTX 4070,[N/A],Enabled,Enabled
1702845124.870807,0,GPU-93ae0c7f-c327-aee3-adae-bc0d1dae71ea,0.31,0.4450415241817294,12282.0,6559.0,546.33,NVIDIA GeForce RTX 4070,[N/A],Enabled,Enabled
1702845125.870629,0,GPU-93ae0c7f-c327-aee3-adae-bc0d1dae71ea,0.28,0.4404820061879173,12282.0,6615.0,546.33,NVIDIA GeForce RTX 4070,[N/A],Enabled,Enabled
1702845126.871306,0,GPU-93ae0c7f-c327-aee3-adae-bc0d1dae71ea,0.27,0.4404820061879173,12282.0,6615.0,546.33,NVIDIA GeForce RTX 4070,[N/A],Enabled,Enabled
1702845127.870906,0,GPU-93ae0c7f-c327-aee3-adae-bc0d1dae71ea,0.27,0.4404820061879173,12282.0,6615.0,546.33,NVIDIA GeForce RTX 4070,[N/A],Enabled,Enabled
1702845128.87055,0,GPU-93ae0c7f-c327-aee3-adae-bc0d1dae71ea,0.27,0.4404820061879173,12282.0,6615.0,546.33,NVIDIA GeForce RTX 4070,[N/A],Enabled,Enabled
1702845129.870752,0,GPU-93ae0c7f-c327-aee3-adae-bc0d1dae71ea,0.23,0.44243608532812245,12282.0,6591.0,546.33,NVIDIA GeForce RTX 4070,[N/A],Enabled,Enabled
1702845130.871695,0,GPU-93ae0c7f-c327-aee3-adae-bc0d1dae71ea,0.43,0.4488682624979645,12282.0,6512.0,546.33,NVIDIA GeForce RTX 4070,[N/A],Enabled,Enabled
1702845131.871153,0,GPU-93ae0c7f-c327-aee3-adae-bc0d1dae71ea,0.46,0.4488682624979645,12282.0,6512.0,546.33,NVIDIA GeForce RTX 4070,[N/A],Enabled,Enabled
1702845132.870325,0,GPU-93ae0c7f-c327-aee3-adae-bc0d1dae71ea,0.4,0.4488682624979645,12282.0,6512.0,546.33,NVIDIA GeForce RTX 4070,[N/A],Enabled,Enabled
1702845133.870277,0,GPU-93ae0c7f-c327-aee3-adae-bc0d1dae71ea,0.42,0.4488682624979645,12282.0,6512.0,546.33,NVIDIA GeForce RTX 4070,[N/A],Enabled,Enabled
1702845134.870414,0,GPU-93ae0c7f-c327-aee3-adae-bc0d1dae71ea,0.42,0.4488682624979645,12282.0,6512.0,546.33,NVIDIA GeForce RTX 4070,[N/A],Enabled,Enabled
1702845135.870505,0,GPU-93ae0c7f-c327-aee3-adae-bc0d1dae71ea,0.37,0.4488682624979645,12282.0,6512.0,546.33,NVIDIA GeForce RTX 4070,[N/A],Enabled,Enabled
1702845136.870197,0,GPU-93ae0c7f-c327-aee3-adae-bc0d1dae71ea,0.36,0.4488682624979645,12282.0,6512.0,546.33,NVIDIA GeForce RTX 4070,[N/A],Enabled,Enabled
1702845137.870621,0,GPU-93ae0c7f-c327-aee3-adae-bc0d1dae71ea,0.41,0.4488682624979645,12282.0,6512.0,546.33,NVIDIA GeForce RTX 4070,[N/A],Enabled,Enabled
1702845138.871272,0,GPU-93ae0c7f-c327-aee3-adae-bc0d1dae71ea,0.38,0.4488682624979645,12282.0,6512.0,546.33,NVIDIA GeForce RTX 4070,[N/A],Enabled,Enabled
1702845139.870583,0,GPU-93ae0c7f-c327-aee3-adae-bc0d1dae71ea,0.44,0.4488682624979645,12282.0,6512.0,546.33,NVIDIA GeForce RTX 4070,[N/A],Enabled,Enabled
1702845140.870575,0,GPU-93ae0c7f-c327-aee3-adae-bc0d1dae71ea,0.42,0.4488682624979645,12282.0,6512.0,546.33,NVIDIA GeForce RTX 4070,[N/A],Enabled,Enabled
1702845141.870888,0,GPU-93ae0c7f-c327-aee3-adae-bc0d1dae71ea,0.41,0.4488682624979645,12282.0,6512.0,546.33,NVIDIA GeForce RTX 4070,[N/A],Enabled,Enabled
1702845142.870829,0,GPU-93ae0c7f-c327-aee3-adae-bc0d1dae71ea,0.41,0.4488682624979645,12282.0,6512.0,546.33,NVIDIA GeForce RTX 4070,[N/A],Enabled,Enabled
1702845143.870523,0,GPU-93ae0c7f-c327-aee3-adae-bc0d1dae71ea,0.42,0.4488682624979645,12282.0,6512.0,546.33,NVIDIA GeForce RTX 4070,[N/A],Enabled,Enabled
1702845144.870274,0,GPU-93ae0c7f-c327-aee3-adae-bc0d1dae71ea,0.38,0.4488682624979645,12282.0,6512.0,546.33,NVIDIA GeForce RTX 4070,[N/A],Enabled,Enabled
1702845145.869958,0,GPU-93ae0c7f-c327-aee3-adae-bc0d1dae71ea,0.44,0.4488682624979645,12282.0,6512.0,546.33,NVIDIA GeForce RTX 4070,[N/A],Enabled,Enabled
1702845146.870285,0,GPU-93ae0c7f-c327-aee3-adae-bc0d1dae71ea,0.43,0.4488682624979645,12282.0,6512.0,546.33,NVIDIA GeForce RTX 4070,[N/A],Enabled,Enabled
1702845147.870529,0,GPU-93ae0c7f-c327-aee3-adae-bc0d1dae71ea,0.43,0.4488682624979645,12282.0,6512.0,546.33,NVIDIA GeForce RTX 4070,[N/A],Enabled,Enabled
1702845148.87016,0,GPU-93ae0c7f-c327-aee3-adae-bc0d1dae71ea,0.38,0.4488682624979645,12282.0,6512.0,546.33,NVIDIA GeForce RTX 4070,[N/A],Enabled,Enabled
1702845149.870603,0,GPU-93ae0c7f-c327-aee3-adae-bc0d1dae71ea,0.39,0.4488682624979645,12282.0,6512.0,546.33,NVIDIA GeForce RTX 4070,[N/A],Enabled,Enabled
1702845150.870456,0,GPU-93ae0c7f-c327-aee3-adae-bc0d1dae71ea,0.39,0.4488682624979645,12282.0,6512.0,546.33,NVIDIA GeForce RTX 4070,[N/A],Enabled,Enabled
1702845151.871645,0,GPU-93ae0c7f-c327-aee3-adae-bc0d1dae71ea,0.42,0.4488682624979645,12282.0,6512.0,546.33,NVIDIA GeForce RTX 4070,[N/A],Enabled,Enabled
1702845152.870417,0,GPU-93ae0c7f-c327-aee3-adae-bc0d1dae71ea,0.43,0.4488682624979645,12282.0,6512.0,546.33,NVIDIA GeForce RTX 4070,[N/A],Enabled,Enabled
1702845153.870308,0,GPU-93ae0c7f-c327-aee3-adae-bc0d1dae71ea,0.43,0.4488682624979645,12282.0,6512.0,546.33,NVIDIA GeForce RTX 4070,[N/A],Enabled,Enabled
1702845154.871589,0,GPU-93ae0c7f-c327-aee3-adae-bc0d1dae71ea,0.44,0.4488682624979645,12282.0,6512.0,546.33,NVIDIA GeForce RTX 4070,[N/A],Enabled,Enabled
1702845155.870966,0,GPU-93ae0c7f-c327-aee3-adae-bc0d1dae71ea,0.42,0.4488682624979645,12282.0,6512.0,546.33,NVIDIA GeForce RTX 4070,[N/A],Enabled,Enabled
1702845156.870733,0,GPU-93ae0c7f-c327-aee3-adae-bc0d1dae71ea,0.42,0.4488682624979645,12282.0,6512.0,546.33,NVIDIA GeForce RTX 4070,[N/A],Enabled,Enabled
1702845157.870423,0,GPU-93ae0c7f-c327-aee3-adae-bc0d1dae71ea,0.47,0.4488682624979645,12282.0,6512.0,546.33,NVIDIA GeForce RTX 4070,[N/A],Enabled,Enabled
1702845158.870825,0,GPU-93ae0c7f-c327-aee3-adae-bc0d1dae71ea,0.45,0.4488682624979645,12282.0,6512.0,546.33,NVIDIA GeForce RTX 4070,[N/A],Enabled,Enabled
1702845159.870472,0,GPU-93ae0c7f-c327-aee3-adae-bc0d1dae71ea,0.41,0.4488682624979645,12282.0,6512.0,546.33,NVIDIA GeForce RTX 4070,[N/A],Enabled,Enabled
1702845160.870067,0,GPU-93ae0c7f-c327-aee3-adae-bc0d1dae71ea,0.4,0.4488682624979645,12282.0,6512.0,546.33,NVIDIA GeForce RTX 4070,[N/A],Enabled,Enabled
1702845161.870594,0,GPU-93ae0c7f-c327-aee3-adae-bc0d1dae71ea,0.4,0.4488682624979645,12282.0,6512.0,546.33,NVIDIA GeForce RTX 4070,[N/A],Enabled,Enabled
1702845162.870407,0,GPU-93ae0c7f-c327-aee3-adae-bc0d1dae71ea,0.41,0.4488682624979645,12282.0,6512.0,546.33,NVIDIA GeForce RTX 4070,[N/A],Enabled,Enabled
1702845163.870482,0,GPU-93ae0c7f-c327-aee3-adae-bc0d1dae71ea,0.43,0.4488682624979645,12282.0,6512.0,546.33,NVIDIA GeForce RTX 4070,[N/A],Enabled,Enabled
1702845164.870486,0,GPU-93ae0c7f-c327-aee3-adae-bc0d1dae71ea,0.44,0.4488682624979645,12282.0,6512.0,546.33,NVIDIA GeForce RTX 4070,[N/A],Enabled,Enabled
1702845165.870376,0,GPU-93ae0c7f-c327-aee3-adae-bc0d1dae71ea,0.41,0.4488682624979645,12282.0,6512.0,546.33,NVIDIA GeForce RTX 4070,[N/A],Enabled,Enabled
1702845166.870548,0,GPU-93ae0c7f-c327-aee3-adae-bc0d1dae71ea,0.37,0.4488682624979645,12282.0,6512.0,546.33,NVIDIA GeForce RTX 4070,[N/A],Enabled,Enabled
1702845167.870278,0,GPU-93ae0c7f-c327-aee3-adae-bc0d1dae71ea,0.38,0.4488682624979645,12282.0,6512.0,546.33,NVIDIA GeForce RTX 4070,[N/A],Enabled,Enabled
1702845168.869967,0,GPU-93ae0c7f-c327-aee3-adae-bc0d1dae71ea,0.4,0.4488682624979645,12282.0,6512.0,546.33,NVIDIA GeForce RTX 4070,[N/A],Enabled,Enabled
1702845169.87071,0,GPU-93ae0c7f-c327-aee3-adae-bc0d1dae71ea,0.44,0.4488682624979645,12282.0,6512.0,546.33,NVIDIA GeForce RTX 4070,[N/A],Enabled,Enabled
1702845170.870666,0,GPU-93ae0c7f-c327-aee3-adae-bc0d1dae71ea,0.4,0.4488682624979645,12282.0,6512.0,546.33,NVIDIA GeForce RTX 4070,[N/A],Enabled,Enabled
1702845171.870435,0,GPU-93ae0c7f-c327-aee3-adae-bc0d1dae71ea,0.42,0.4488682624979645,12282.0,6512.0,546.33,NVIDIA GeForce RTX 4070,[N/A],Enabled,Enabled
1702845172.870288,0,GPU-93ae0c7f-c327-aee3-adae-bc0d1dae71ea,0.41,0.4488682624979645,12282.0,6512.0,546.33,NVIDIA GeForce RTX 4070,[N/A],Enabled,Enabled
1702845173.870412,0,GPU-93ae0c7f-c327-aee3-adae-bc0d1dae71ea,0.41,0.4488682624979645,12282.0,6512.0,546.33,NVIDIA GeForce RTX 4070,[N/A],Enabled,Enabled
1702845174.870761,0,GPU-93ae0c7f-c327-aee3-adae-bc0d1dae71ea,0.41,0.4488682624979645,12282.0,6512.0,546.33,NVIDIA GeForce RTX 4070,[N/A],Enabled,Enabled
1702845175.870552,0,GPU-93ae0c7f-c327-aee3-adae-bc0d1dae71ea,0.39,0.4488682624979645,12282.0,6512.0,546.33,NVIDIA GeForce RTX 4070,[N/A],Enabled,Enabled
1702845176.870472,0,GPU-93ae0c7f-c327-aee3-adae-bc0d1dae71ea,0.41,0.4488682624979645,12282.0,6512.0,546.33,NVIDIA GeForce RTX 4070,[N/A],Enabled,Enabled
1702845177.87035,0,GPU-93ae0c7f-c327-aee3-adae-bc0d1dae71ea,0.43,0.4488682624979645,12282.0,6512.0,546.33,NVIDIA GeForce RTX 4070,[N/A],Enabled,Enabled
1702845178.870849,0,GPU-93ae0c7f-c327-aee3-adae-bc0d1dae71ea,0.4,0.4488682624979645,12282.0,6512.0,546.33,NVIDIA GeForce RTX 4070,[N/A],Enabled,Enabled
1702845179.870291,0,GPU-93ae0c7f-c327-aee3-adae-bc0d1dae71ea,0.4,0.4488682624979645,12282.0,6512.0,546.33,NVIDIA GeForce RTX 4070,[N/A],Enabled,Enabled
1702845180.870649,0,GPU-93ae0c7f-c327-aee3-adae-bc0d1dae71ea,0.41,0.4488682624979645,12282.0,6512.0,546.33,NVIDIA GeForce RTX 4070,[N/A],Enabled,Enabled
1702845181.87047,0,GPU-93ae0c7f-c327-aee3-adae-bc0d1dae71ea,0.39,0.4488682624979645,12282.0,6512.0,546.33,NVIDIA GeForce RTX 4070,[N/A],Enabled,Enabled
1702845182.870587,0,GPU-93ae0c7f-c327-aee3-adae-bc0d1dae71ea,0.4,0.4488682624979645,12282.0,6512.0,546.33,NVIDIA GeForce RTX 4070,[N/A],Enabled,Enabled
1702845183.870861,0,GPU-93ae0c7f-c327-aee3-adae-bc0d1dae71ea,0.44,0.4488682624979645,12282.0,6512.0,546.33,NVIDIA GeForce RTX 4070,[N/A],Enabled,Enabled
1702845184.871141,0,GPU-93ae0c7f-c327-aee3-adae-bc0d1dae71ea,0.51,0.4488682624979645,12282.0,6512.0,546.33,NVIDIA GeForce RTX 4070,[N/A],Enabled,Enabled
1702845185.871607,0,GPU-93ae0c7f-c327-aee3-adae-bc0d1dae71ea,0.42,0.4488682624979645,12282.0,6512.0,546.33,NVIDIA GeForce RTX 4070,[N/A],Enabled,Enabled
1702845186.870453,0,GPU-93ae0c7f-c327-aee3-adae-bc0d1dae71ea,0.41,0.4488682624979645,12282.0,6512.0,546.33,NVIDIA GeForce RTX 4070,[N/A],Enabled,Enabled
1702845187.870514,0,GPU-93ae0c7f-c327-aee3-adae-bc0d1dae71ea,0.4,0.4488682624979645,12282.0,6512.0,546.33,NVIDIA GeForce RTX 4070,[N/A],Enabled,Enabled
1702845188.870512,0,GPU-93ae0c7f-c327-aee3-adae-bc0d1dae71ea,0.44,0.4488682624979645,12282.0,6512.0,546.33,NVIDIA GeForce RTX 4070,[N/A],Enabled,Enabled
1702845189.870473,0,GPU-93ae0c7f-c327-aee3-adae-bc0d1dae71ea,0.44,0.4488682624979645,12282.0,6512.0,546.33,NVIDIA GeForce RTX 4070,[N/A],Enabled,Enabled
1702845190.870479,0,GPU-93ae0c7f-c327-aee3-adae-bc0d1dae71ea,0.39,0.4488682624979645,12282.0,6512.0,546.33,NVIDIA GeForce RTX 4070,[N/A],Enabled,Enabled
1702845191.87058,0,GPU-93ae0c7f-c327-aee3-adae-bc0d1dae71ea,0.43,0.4488682624979645,12282.0,6512.0,546.33,NVIDIA GeForce RTX 4070,[N/A],Enabled,Enabled
1702845192.870966,0,GPU-93ae0c7f-c327-aee3-adae-bc0d1dae71ea,0.39,0.4488682624979645,12282.0,6512.0,546.33,NVIDIA GeForce RTX 4070,[N/A],Enabled,Enabled
1702845193.870321,0,GPU-93ae0c7f-c327-aee3-adae-bc0d1dae71ea,0.4,0.4488682624979645,12282.0,6512.0,546.33,NVIDIA GeForce RTX 4070,[N/A],Enabled,Enabled
1702845194.871268,0,GPU-93ae0c7f-c327-aee3-adae-bc0d1dae71ea,0.44,0.4488682624979645,12282.0,6512.0,546.33,NVIDIA GeForce RTX 4070,[N/A],Enabled,Enabled
1702845195.871025,0,GPU-93ae0c7f-c327-aee3-adae-bc0d1dae71ea,0.45,0.4488682624979645,12282.0,6512.0,546.33,NVIDIA GeForce RTX 4070,[N/A],Enabled,Enabled
1702845196.870081,0,GPU-93ae0c7f-c327-aee3-adae-bc0d1dae71ea,0.4,0.4488682624979645,12282.0,6512.0,546.33,NVIDIA GeForce RTX 4070,[N/A],Enabled,Enabled
1702845197.870983,0,GPU-93ae0c7f-c327-aee3-adae-bc0d1dae71ea,0.45,0.4488682624979645,12282.0,6512.0,546.33,NVIDIA GeForce RTX 4070,[N/A],Enabled,Enabled
1702845198.870633,0,GPU-93ae0c7f-c327-aee3-adae-bc0d1dae71ea,0.49,0.4488682624979645,12282.0,6512.0,546.33,NVIDIA GeForce RTX 4070,[N/A],Enabled,Enabled
1702845199.870409,0,GPU-93ae0c7f-c327-aee3-adae-bc0d1dae71ea,0.41,0.4488682624979645,12282.0,6512.0,546.33,NVIDIA GeForce RTX 4070,[N/A],Enabled,Enabled
1702845200.871057,0,GPU-93ae0c7f-c327-aee3-adae-bc0d1dae71ea,0.46,0.4488682624979645,12282.0,6512.0,546.33,NVIDIA GeForce RTX 4070,[N/A],Enabled,Enabled
1702845201.870369,0,GPU-93ae0c7f-c327-aee3-adae-bc0d1dae71ea,0.44,0.4488682624979645,12282.0,6512.0,546.33,NVIDIA GeForce RTX 4070,[N/A],Enabled,Enabled
1702845202.870515,0,GPU-93ae0c7f-c327-aee3-adae-bc0d1dae71ea,0.43,0.4488682624979645,12282.0,6512.0,546.33,NVIDIA GeForce RTX 4070,[N/A],Enabled,Enabled
1702845203.870561,0,GPU-93ae0c7f-c327-aee3-adae-bc0d1dae71ea,0.49,0.4488682624979645,12282.0,6512.0,546.33,NVIDIA GeForce RTX 4070,[N/A],Enabled,Enabled
1702845204.871297,0,GPU-93ae0c7f-c327-aee3-adae-bc0d1dae71ea,0.41,0.4488682624979645,12282.0,6512.0,546.33,NVIDIA GeForce RTX 4070,[N/A],Enabled,Enabled
1702845205.871583,0,GPU-93ae0c7f-c327-aee3-adae-bc0d1dae71ea,0.39,0.4488682624979645,12282.0,6512.0,546.33,NVIDIA GeForce RTX 4070,[N/A],Enabled,Enabled
1702845206.870827,0,GPU-93ae0c7f-c327-aee3-adae-bc0d1dae71ea,0.42,0.4488682624979645,12282.0,6512.0,546.33,NVIDIA GeForce RTX 4070,[N/A],Enabled,Enabled
1702845207.871111,0,GPU-93ae0c7f-c327-aee3-adae-bc0d1dae71ea,0.44,0.4488682624979645,12282.0,6512.0,546.33,NVIDIA GeForce RTX 4070,[N/A],Enabled,Enabled
1702845208.870447,0,GPU-93ae0c7f-c327-aee3-adae-bc0d1dae71ea,0.42,0.4488682624979645,12282.0,6512.0,546.33,NVIDIA GeForce RTX 4070,[N/A],Enabled,Enabled
1702845209.870333,0,GPU-93ae0c7f-c327-aee3-adae-bc0d1dae71ea,0.46,0.4488682624979645,12282.0,6512.0,546.33,NVIDIA GeForce RTX 4070,[N/A],Enabled,Enabled
1702845210.871077,0,GPU-93ae0c7f-c327-aee3-adae-bc0d1dae71ea,0.4,0.4488682624979645,12282.0,6512.0,546.33,NVIDIA GeForce RTX 4070,[N/A],Enabled,Enabled
1702845211.870455,0,GPU-93ae0c7f-c327-aee3-adae-bc0d1dae71ea,0.41,0.4488682624979645,12282.0,6512.0,546.33,NVIDIA GeForce RTX 4070,[N/A],Enabled,Enabled
1702845212.870325,0,GPU-93ae0c7f-c327-aee3-adae-bc0d1dae71ea,0.41,0.4488682624979645,12282.0,6512.0,546.33,NVIDIA GeForce RTX 4070,[N/A],Enabled,Enabled
1702845213.870924,0,GPU-93ae0c7f-c327-aee3-adae-bc0d1dae71ea,0.4,0.4488682624979645,12282.0,6512.0,546.33,NVIDIA GeForce RTX 4070,[N/A],Enabled,Enabled
1702845214.870261,0,GPU-93ae0c7f-c327-aee3-adae-bc0d1dae71ea,0.38,0.4488682624979645,12282.0,6512.0,546.33,NVIDIA GeForce RTX 4070,[N/A],Enabled,Enabled
1702845215.871145,0,GPU-93ae0c7f-c327-aee3-adae-bc0d1dae71ea,0.41,0.4488682624979645,12282.0,6512.0,546.33,NVIDIA GeForce RTX 4070,[N/A],Enabled,Enabled
1702845216.87106,0,GPU-93ae0c7f-c327-aee3-adae-bc0d1dae71ea,0.4,0.4488682624979645,12282.0,6512.0,546.33,NVIDIA GeForce RTX 4070,[N/A],Enabled,Enabled
1702845217.871209,0,GPU-93ae0c7f-c327-aee3-adae-bc0d1dae71ea,0.44,0.4488682624979645,12282.0,6512.0,546.33,NVIDIA GeForce RTX 4070,[N/A],Enabled,Enabled
1702845218.870361,0,GPU-93ae0c7f-c327-aee3-adae-bc0d1dae71ea,0.38,0.4488682624979645,12282.0,6512.0,546.33,NVIDIA GeForce RTX 4070,[N/A],Enabled,Enabled
1702845219.870942,0,GPU-93ae0c7f-c327-aee3-adae-bc0d1dae71ea,0.45,0.4488682624979645,12282.0,6512.0,546.33,NVIDIA GeForce RTX 4070,[N/A],Enabled,Enabled
1702845220.870612,0,GPU-93ae0c7f-c327-aee3-adae-bc0d1dae71ea,0.36,0.4488682624979645,12282.0,6512.0,546.33,NVIDIA GeForce RTX 4070,[N/A],Enabled,Enabled
1702845221.870851,0,GPU-93ae0c7f-c327-aee3-adae-bc0d1dae71ea,0.42,0.4488682624979645,12282.0,6512.0,546.33,NVIDIA GeForce RTX 4070,[N/A],Enabled,Enabled
1702845222.870516,0,GPU-93ae0c7f-c327-aee3-adae-bc0d1dae71ea,0.42,0.4488682624979645,12282.0,6512.0,546.33,NVIDIA GeForce RTX 4070,[N/A],Enabled,Enabled
1702845223.870415,0,GPU-93ae0c7f-c327-aee3-adae-bc0d1dae71ea,0.41,0.4488682624979645,12282.0,6512.0,546.33,NVIDIA GeForce RTX 4070,[N/A],Enabled,Enabled
1702845224.871087,0,GPU-93ae0c7f-c327-aee3-adae-bc0d1dae71ea,0.41,0.4488682624979645,12282.0,6512.0,546.33,NVIDIA GeForce RTX 4070,[N/A],Enabled,Enabled
1702845225.870713,0,GPU-93ae0c7f-c327-aee3-adae-bc0d1dae71ea,0.49,0.4488682624979645,12282.0,6512.0,546.33,NVIDIA GeForce RTX 4070,[N/A],Enabled,Enabled
1702845226.871087,0,GPU-93ae0c7f-c327-aee3-adae-bc0d1dae71ea,0.39,0.4488682624979645,12282.0,6512.0,546.33,NVIDIA GeForce RTX 4070,[N/A],Enabled,Enabled
1702845227.870731,0,GPU-93ae0c7f-c327-aee3-adae-bc0d1dae71ea,0.44,0.4488682624979645,12282.0,6512.0,546.33,NVIDIA GeForce RTX 4070,[N/A],Enabled,Enabled
1702845228.870507,0,GPU-93ae0c7f-c327-aee3-adae-bc0d1dae71ea,0.44,0.4488682624979645,12282.0,6512.0,546.33,NVIDIA GeForce RTX 4070,[N/A],Enabled,Enabled
1702845229.870661,0,GPU-93ae0c7f-c327-aee3-adae-bc0d1dae71ea,0.4,0.4488682624979645,12282.0,6512.0,546.33,NVIDIA GeForce RTX 4070,[N/A],Enabled,Enabled
1702845230.87058,0,GPU-93ae0c7f-c327-aee3-adae-bc0d1dae71ea,0.41,0.4488682624979645,12282.0,6512.0,546.33,NVIDIA GeForce RTX 4070,[N/A],Enabled,Enabled
1702845231.870387,0,GPU-93ae0c7f-c327-aee3-adae-bc0d1dae71ea,0.42,0.4488682624979645,12282.0,6512.0,546.33,NVIDIA GeForce RTX 4070,[N/A],Enabled,Enabled
1702845232.870506,0,GPU-93ae0c7f-c327-aee3-adae-bc0d1dae71ea,0.42,0.4488682624979645,12282.0,6512.0,546.33,NVIDIA GeForce RTX 4070,[N/A],Enabled,Enabled
1702845233.87092,0,GPU-93ae0c7f-c327-aee3-adae-bc0d1dae71ea,0.38,0.4488682624979645,12282.0,6512.0,546.33,NVIDIA GeForce RTX 4070,[N/A],Enabled,Enabled
1702845234.870471,0,GPU-93ae0c7f-c327-aee3-adae-bc0d1dae71ea,0.44,0.4488682624979645,12282.0,6512.0,546.33,NVIDIA GeForce RTX 4070,[N/A],Enabled,Enabled
1702845235.87048,0,GPU-93ae0c7f-c327-aee3-adae-bc0d1dae71ea,0.45,0.4488682624979645,12282.0,6512.0,546.33,NVIDIA GeForce RTX 4070,[N/A],Enabled,Enabled
1702845236.870769,0,GPU-93ae0c7f-c327-aee3-adae-bc0d1dae71ea,0.47,0.4488682624979645,12282.0,6512.0,546.33,NVIDIA GeForce RTX 4070,[N/A],Enabled,Enabled
1702845237.870372,0,GPU-93ae0c7f-c327-aee3-adae-bc0d1dae71ea,0.4,0.4488682624979645,12282.0,6512.0,546.33,NVIDIA GeForce RTX 4070,[N/A],Enabled,Enabled
1702845238.870119,0,GPU-93ae0c7f-c327-aee3-adae-bc0d1dae71ea,0.38,0.4488682624979645,12282.0,6512.0,546.33,NVIDIA GeForce RTX 4070,[N/A],Enabled,Enabled
1702845239.87037,0,GPU-93ae0c7f-c327-aee3-adae-bc0d1dae71ea,0.37,0.4488682624979645,12282.0,6512.0,546.33,NVIDIA GeForce RTX 4070,[N/A],Enabled,Enabled
1702845240.870276,0,GPU-93ae0c7f-c327-aee3-adae-bc0d1dae71ea,0.35,0.4488682624979645,12282.0,6512.0,546.33,NVIDIA GeForce RTX 4070,[N/A],Enabled,Enabled
1702845241.871268,0,GPU-93ae0c7f-c327-aee3-adae-bc0d1dae71ea,0.39,0.4488682624979645,12282.0,6512.0,546.33,NVIDIA GeForce RTX 4070,[N/A],Enabled,Enabled
1702845242.871232,0,GPU-93ae0c7f-c327-aee3-adae-bc0d1dae71ea,0.4,0.4488682624979645,12282.0,6512.0,546.33,NVIDIA GeForce RTX 4070,[N/A],Enabled,Enabled
1702845243.870468,0,GPU-93ae0c7f-c327-aee3-adae-bc0d1dae71ea,0.41,0.4488682624979645,12282.0,6512.0,546.33,NVIDIA GeForce RTX 4070,[N/A],Enabled,Enabled
1702845244.870506,0,GPU-93ae0c7f-c327-aee3-adae-bc0d1dae71ea,0.41,0.4488682624979645,12282.0,6512.0,546.33,NVIDIA GeForce RTX 4070,[N/A],Enabled,Enabled
1702845245.870943,0,GPU-93ae0c7f-c327-aee3-adae-bc0d1dae71ea,0.43,0.4488682624979645,12282.0,6512.0,546.33,NVIDIA GeForce RTX 4070,[N/A],Enabled,Enabled
1702845246.87022,0,GPU-93ae0c7f-c327-aee3-adae-bc0d1dae71ea,0.41,0.4488682624979645,12282.0,6512.0,546.33,NVIDIA GeForce RTX 4070,[N/A],Enabled,Enabled
1702845247.870609,0,GPU-93ae0c7f-c327-aee3-adae-bc0d1dae71ea,0.46,0.4488682624979645,12282.0,6512.0,546.33,NVIDIA GeForce RTX 4070,[N/A],Enabled,Enabled
1702845248.87039,0,GPU-93ae0c7f-c327-aee3-adae-bc0d1dae71ea,0.46,0.4488682624979645,12282.0,6512.0,546.33,NVIDIA GeForce RTX 4070,[N/A],Enabled,Enabled
1702845249.870516,0,GPU-93ae0c7f-c327-aee3-adae-bc0d1dae71ea,0.38,0.4488682624979645,12282.0,6512.0,546.33,NVIDIA GeForce RTX 4070,[N/A],Enabled,Enabled
1702845250.87084,0,GPU-93ae0c7f-c327-aee3-adae-bc0d1dae71ea,0.37,0.4488682624979645,12282.0,6512.0,546.33,NVIDIA GeForce RTX 4070,[N/A],Enabled,Enabled
1702845251.870193,0,GPU-93ae0c7f-c327-aee3-adae-bc0d1dae71ea,0.43,0.4488682624979645,12282.0,6512.0,546.33,NVIDIA GeForce RTX 4070,[N/A],Enabled,Enabled
1702845252.870636,0,GPU-93ae0c7f-c327-aee3-adae-bc0d1dae71ea,0.39,0.4488682624979645,12282.0,6512.0,546.33,NVIDIA GeForce RTX 4070,[N/A],Enabled,Enabled
1702845253.87057,0,GPU-93ae0c7f-c327-aee3-adae-bc0d1dae71ea,0.48,0.4488682624979645,12282.0,6512.0,546.33,NVIDIA GeForce RTX 4070,[N/A],Enabled,Enabled
1702845254.870149,0,GPU-93ae0c7f-c327-aee3-adae-bc0d1dae71ea,0.45,0.4488682624979645,12282.0,6512.0,546.33,NVIDIA GeForce RTX 4070,[N/A],Enabled,Enabled
1702845255.871558,0,GPU-93ae0c7f-c327-aee3-adae-bc0d1dae71ea,0.41,0.4488682624979645,12282.0,6512.0,546.33,NVIDIA GeForce RTX 4070,[N/A],Enabled,Enabled
1702845256.870432,0,GPU-93ae0c7f-c327-aee3-adae-bc0d1dae71ea,0.37,0.4488682624979645,12282.0,6512.0,546.33,NVIDIA GeForce RTX 4070,[N/A],Enabled,Enabled
1702845257.870185,0,GPU-93ae0c7f-c327-aee3-adae-bc0d1dae71ea,0.45,0.4488682624979645,12282.0,6512.0,546.33,NVIDIA GeForce RTX 4070,[N/A],Enabled,Enabled
1702845258.870998,0,GPU-93ae0c7f-c327-aee3-adae-bc0d1dae71ea,0.41,0.4488682624979645,12282.0,6512.0,546.33,NVIDIA GeForce RTX 4070,[N/A],Enabled,Enabled
1702845259.870744,0,GPU-93ae0c7f-c327-aee3-adae-bc0d1dae71ea,0.41,0.4488682624979645,12282.0,6512.0,546.33,NVIDIA GeForce RTX 4070,[N/A],Enabled,Enabled
1702845260.870373,0,GPU-93ae0c7f-c327-aee3-adae-bc0d1dae71ea,0.42,0.4488682624979645,12282.0,6512.0,546.33,NVIDIA GeForce RTX 4070,[N/A],Enabled,Enabled
1702845261.870708,0,GPU-93ae0c7f-c327-aee3-adae-bc0d1dae71ea,0.46,0.4488682624979645,12282.0,6512.0,546.33,NVIDIA GeForce RTX 4070,[N/A],Enabled,Enabled
1702845262.870654,0,GPU-93ae0c7f-c327-aee3-adae-bc0d1dae71ea,0.4,0.4488682624979645,12282.0,6512.0,546.33,NVIDIA GeForce RTX 4070,[N/A],Enabled,Enabled
1702845263.871054,0,GPU-93ae0c7f-c327-aee3-adae-bc0d1dae71ea,0.44,0.4488682624979645,12282.0,6512.0,546.33,NVIDIA GeForce RTX 4070,[N/A],Enabled,Enabled
1702845264.870258,0,GPU-93ae0c7f-c327-aee3-adae-bc0d1dae71ea,0.38,0.4488682624979645,12282.0,6512.0,546.33,NVIDIA GeForce RTX 4070,[N/A],Enabled,Enabled
1702845265.871474,0,GPU-93ae0c7f-c327-aee3-adae-bc0d1dae71ea,0.41,0.4488682624979645,12282.0,6512.0,546.33,NVIDIA GeForce RTX 4070,[N/A],Enabled,Enabled
1702845266.870559,0,GPU-93ae0c7f-c327-aee3-adae-bc0d1dae71ea,0.4,0.4488682624979645,12282.0,6512.0,546.33,NVIDIA GeForce RTX 4070,[N/A],Enabled,Enabled
1702845267.870668,0,GPU-93ae0c7f-c327-aee3-adae-bc0d1dae71ea,0.43,0.4488682624979645,12282.0,6512.0,546.33,NVIDIA GeForce RTX 4070,[N/A],Enabled,Enabled
1702845268.871086,0,GPU-93ae0c7f-c327-aee3-adae-bc0d1dae71ea,0.39,0.4488682624979645,12282.0,6512.0,546.33,NVIDIA GeForce RTX 4070,[N/A],Enabled,Enabled
1702845269.870266,0,GPU-93ae0c7f-c327-aee3-adae-bc0d1dae71ea,0.43,0.4488682624979645,12282.0,6512.0,546.33,NVIDIA GeForce RTX 4070,[N/A],Enabled,Enabled
1702845270.870979,0,GPU-93ae0c7f-c327-aee3-adae-bc0d1dae71ea,0.4,0.4488682624979645,12282.0,6512.0,546.33,NVIDIA GeForce RTX 4070,[N/A],Enabled,Enabled
1702845271.870488,0,GPU-93ae0c7f-c327-aee3-adae-bc0d1dae71ea,0.38,0.4488682624979645,12282.0,6512.0,546.33,NVIDIA GeForce RTX 4070,[N/A],Enabled,Enabled
1702845272.870873,0,GPU-93ae0c7f-c327-aee3-adae-bc0d1dae71ea,0.39,0.4488682624979645,12282.0,6512.0,546.33,NVIDIA GeForce RTX 4070,[N/A],Enabled,Enabled
1702845273.870574,0,GPU-93ae0c7f-c327-aee3-adae-bc0d1dae71ea,0.36,0.4488682624979645,12282.0,6512.0,546.33,NVIDIA GeForce RTX 4070,[N/A],Enabled,Enabled
1702845274.871179,0,GPU-93ae0c7f-c327-aee3-adae-bc0d1dae71ea,0.4,0.4488682624979645,12282.0,6512.0,546.33,NVIDIA GeForce RTX 4070,[N/A],Enabled,Enabled
1702845275.870835,0,GPU-93ae0c7f-c327-aee3-adae-bc0d1dae71ea,0.43,0.4488682624979645,12282.0,6512.0,546.33,NVIDIA GeForce RTX 4070,[N/A],Enabled,Enabled
1702845276.870571,0,GPU-93ae0c7f-c327-aee3-adae-bc0d1dae71ea,0.37,0.4488682624979645,12282.0,6512.0,546.33,NVIDIA GeForce RTX 4070,[N/A],Enabled,Enabled
1702845277.87106,0,GPU-93ae0c7f-c327-aee3-adae-bc0d1dae71ea,0.37,0.4488682624979645,12282.0,6512.0,546.33,NVIDIA GeForce RTX 4070,[N/A],Enabled,Enabled
1702845278.871675,0,GPU-93ae0c7f-c327-aee3-adae-bc0d1dae71ea,0.41,0.4488682624979645,12282.0,6512.0,546.33,NVIDIA GeForce RTX 4070,[N/A],Enabled,Enabled
1702845279.870558,0,GPU-93ae0c7f-c327-aee3-adae-bc0d1dae71ea,0.4,0.4488682624979645,12282.0,6512.0,546.33,NVIDIA GeForce RTX 4070,[N/A],Enabled,Enabled
1702845280.870398,0,GPU-93ae0c7f-c327-aee3-adae-bc0d1dae71ea,0.38,0.4488682624979645,12282.0,6512.0,546.33,NVIDIA GeForce RTX 4070,[N/A],Enabled,Enabled
1702845281.870162,0,GPU-93ae0c7f-c327-aee3-adae-bc0d1dae71ea,0.43,0.4488682624979645,12282.0,6512.0,546.33,NVIDIA GeForce RTX 4070,[N/A],Enabled,Enabled
1702845282.870307,0,GPU-93ae0c7f-c327-aee3-adae-bc0d1dae71ea,0.41,0.4488682624979645,12282.0,6512.0,546.33,NVIDIA GeForce RTX 4070,[N/A],Enabled,Enabled
1702845283.869921,0,GPU-93ae0c7f-c327-aee3-adae-bc0d1dae71ea,0.46,0.4488682624979645,12282.0,6512.0,546.33,NVIDIA GeForce RTX 4070,[N/A],Enabled,Enabled
1702845284.870811,0,GPU-93ae0c7f-c327-aee3-adae-bc0d1dae71ea,0.42,0.4488682624979645,12282.0,6512.0,546.33,NVIDIA GeForce RTX 4070,[N/A],Enabled,Enabled
1702845285.869895,0,GPU-93ae0c7f-c327-aee3-adae-bc0d1dae71ea,0.39,0.4488682624979645,12282.0,6512.0,546.33,NVIDIA GeForce RTX 4070,[N/A],Enabled,Enabled
1702845286.870635,0,GPU-93ae0c7f-c327-aee3-adae-bc0d1dae71ea,0.45,0.4488682624979645,12282.0,6512.0,546.33,NVIDIA GeForce RTX 4070,[N/A],Enabled,Enabled
1702845287.870997,0,GPU-93ae0c7f-c327-aee3-adae-bc0d1dae71ea,0.4,0.4488682624979645,12282.0,6512.0,546.33,NVIDIA GeForce RTX 4070,[N/A],Enabled,Enabled
1702845288.87124,0,GPU-93ae0c7f-c327-aee3-adae-bc0d1dae71ea,0.39,0.4488682624979645,12282.0,6512.0,546.33,NVIDIA GeForce RTX 4070,[N/A],Enabled,Enabled
1702845289.870161,0,GPU-93ae0c7f-c327-aee3-adae-bc0d1dae71ea,0.54,0.4488682624979645,12282.0,6512.0,546.33,NVIDIA GeForce RTX 4070,[N/A],Enabled,Enabled
1702845290.870962,0,GPU-93ae0c7f-c327-aee3-adae-bc0d1dae71ea,0.48,0.4488682624979645,12282.0,6512.0,546.33,NVIDIA GeForce RTX 4070,[N/A],Enabled,Enabled
1702845291.870469,0,GPU-93ae0c7f-c327-aee3-adae-bc0d1dae71ea,0.51,0.4488682624979645,12282.0,6512.0,546.33,NVIDIA GeForce RTX 4070,[N/A],Enabled,Enabled
1702845292.870605,0,GPU-93ae0c7f-c327-aee3-adae-bc0d1dae71ea,0.43,0.4488682624979645,12282.0,6512.0,546.33,NVIDIA GeForce RTX 4070,[N/A],Enabled,Enabled
1702845293.871228,0,GPU-93ae0c7f-c327-aee3-adae-bc0d1dae71ea,0.46,0.4488682624979645,12282.0,6512.0,546.33,NVIDIA GeForce RTX 4070,[N/A],Enabled,Enabled
1702845294.870804,0,GPU-93ae0c7f-c327-aee3-adae-bc0d1dae71ea,0.36,0.4488682624979645,12282.0,6512.0,546.33,NVIDIA GeForce RTX 4070,[N/A],Enabled,Enabled
1702845295.870857,0,GPU-93ae0c7f-c327-aee3-adae-bc0d1dae71ea,0.47,0.4488682624979645,12282.0,6512.0,546.33,NVIDIA GeForce RTX 4070,[N/A],Enabled,Enabled
1702845296.870206,0,GPU-93ae0c7f-c327-aee3-adae-bc0d1dae71ea,0.46,0.4488682624979645,12282.0,6512.0,546.33,NVIDIA GeForce RTX 4070,[N/A],Enabled,Enabled
1702845297.870296,0,GPU-93ae0c7f-c327-aee3-adae-bc0d1dae71ea,0.45,0.4488682624979645,12282.0,6512.0,546.33,NVIDIA GeForce RTX 4070,[N/A],Enabled,Enabled
1702845298.871129,0,GPU-93ae0c7f-c327-aee3-adae-bc0d1dae71ea,0.41,0.4488682624979645,12282.0,6512.0,546.33,NVIDIA GeForce RTX 4070,[N/A],Enabled,Enabled
1702845299.871485,0,GPU-93ae0c7f-c327-aee3-adae-bc0d1dae71ea,0.45,0.4488682624979645,12282.0,6512.0,546.33,NVIDIA GeForce RTX 4070,[N/A],Enabled,Enabled
1702845300.870592,0,GPU-93ae0c7f-c327-aee3-adae-bc0d1dae71ea,0.42,0.4488682624979645,12282.0,6512.0,546.33,NVIDIA GeForce RTX 4070,[N/A],Enabled,Enabled
1702845301.871141,0,GPU-93ae0c7f-c327-aee3-adae-bc0d1dae71ea,0.52,0.4488682624979645,12282.0,6512.0,546.33,NVIDIA GeForce RTX 4070,[N/A],Enabled,Enabled
1702845302.87095,0,GPU-93ae0c7f-c327-aee3-adae-bc0d1dae71ea,0.49,0.4488682624979645,12282.0,6512.0,546.33,NVIDIA GeForce RTX 4070,[N/A],Enabled,Enabled
1702845303.87076,0,GPU-93ae0c7f-c327-aee3-adae-bc0d1dae71ea,0.41,0.4488682624979645,12282.0,6512.0,546.33,NVIDIA GeForce RTX 4070,[N/A],Enabled,Enabled
1702845304.870735,0,GPU-93ae0c7f-c327-aee3-adae-bc0d1dae71ea,0.42,0.4488682624979645,12282.0,6512.0,546.33,NVIDIA GeForce RTX 4070,[N/A],Enabled,Enabled
1702845305.871274,0,GPU-93ae0c7f-c327-aee3-adae-bc0d1dae71ea,0.46,0.4488682624979645,12282.0,6512.0,546.33,NVIDIA GeForce RTX 4070,[N/A],Enabled,Enabled
1702845306.87085,0,GPU-93ae0c7f-c327-aee3-adae-bc0d1dae71ea,0.41,0.4488682624979645,12282.0,6512.0,546.33,NVIDIA GeForce RTX 4070,[N/A],Enabled,Enabled
1702845307.87144,0,GPU-93ae0c7f-c327-aee3-adae-bc0d1dae71ea,0.45,0.4488682624979645,12282.0,6512.0,546.33,NVIDIA GeForce RTX 4070,[N/A],Enabled,Enabled
1702845308.871034,0,GPU-93ae0c7f-c327-aee3-adae-bc0d1dae71ea,0.44,0.4488682624979645,12282.0,6512.0,546.33,NVIDIA GeForce RTX 4070,[N/A],Enabled,Enabled
1702845309.870354,0,GPU-93ae0c7f-c327-aee3-adae-bc0d1dae71ea,0.46,0.4488682624979645,12282.0,6512.0,546.33,NVIDIA GeForce RTX 4070,[N/A],Enabled,Enabled
1702845310.870942,0,GPU-93ae0c7f-c327-aee3-adae-bc0d1dae71ea,0.44,0.4488682624979645,12282.0,6512.0,546.33,NVIDIA GeForce RTX 4070,[N/A],Enabled,Enabled
1702845311.871314,0,GPU-93ae0c7f-c327-aee3-adae-bc0d1dae71ea,0.45,0.4488682624979645,12282.0,6512.0,546.33,NVIDIA GeForce RTX 4070,[N/A],Enabled,Enabled
1702845312.870494,0,GPU-93ae0c7f-c327-aee3-adae-bc0d1dae71ea,0.39,0.4488682624979645,12282.0,6512.0,546.33,NVIDIA GeForce RTX 4070,[N/A],Enabled,Enabled
1702845313.871216,0,GPU-93ae0c7f-c327-aee3-adae-bc0d1dae71ea,0.45,0.4488682624979645,12282.0,6512.0,546.33,NVIDIA GeForce RTX 4070,[N/A],Enabled,Enabled
1702845314.870849,0,GPU-93ae0c7f-c327-aee3-adae-bc0d1dae71ea,0.45,0.4488682624979645,12282.0,6512.0,546.33,NVIDIA GeForce RTX 4070,[N/A],Enabled,Enabled
1702845315.870621,0,GPU-93ae0c7f-c327-aee3-adae-bc0d1dae71ea,0.43,0.4488682624979645,12282.0,6512.0,546.33,NVIDIA GeForce RTX 4070,[N/A],Enabled,Enabled
1702845316.870793,0,GPU-93ae0c7f-c327-aee3-adae-bc0d1dae71ea,0.36,0.4488682624979645,12282.0,6512.0,546.33,NVIDIA GeForce RTX 4070,[N/A],Enabled,Enabled
1702845317.870101,0,GPU-93ae0c7f-c327-aee3-adae-bc0d1dae71ea,0.38,0.4488682624979645,12282.0,6512.0,546.33,NVIDIA GeForce RTX 4070,[N/A],Enabled,Enabled
1702845318.870291,0,GPU-93ae0c7f-c327-aee3-adae-bc0d1dae71ea,0.38,0.4488682624979645,12282.0,6512.0,546.33,NVIDIA GeForce RTX 4070,[N/A],Enabled,Enabled
1702845319.871137,0,GPU-93ae0c7f-c327-aee3-adae-bc0d1dae71ea,0.38,0.4488682624979645,12282.0,6512.0,546.33,NVIDIA GeForce RTX 4070,[N/A],Enabled,Enabled
1702845320.871582,0,GPU-93ae0c7f-c327-aee3-adae-bc0d1dae71ea,0.24,0.44707702328610976,12282.0,6534.0,546.33,NVIDIA GeForce RTX 4070,[N/A],Enabled,Enabled
1702845321.870405,0,GPU-93ae0c7f-c327-aee3-adae-bc0d1dae71ea,0.29,0.44707702328610976,12282.0,6534.0,546.33,NVIDIA GeForce RTX 4070,[N/A],Enabled,Enabled
1702845322.870798,0,GPU-93ae0c7f-c327-aee3-adae-bc0d1dae71ea,0.29,0.44707702328610976,12282.0,6534.0,546.33,NVIDIA GeForce RTX 4070,[N/A],Enabled,Enabled
1702845323.870468,0,GPU-93ae0c7f-c327-aee3-adae-bc0d1dae71ea,0.27,0.44243608532812245,12282.0,6591.0,546.33,NVIDIA GeForce RTX 4070,[N/A],Enabled,Enabled
1702845324.869967,0,GPU-93ae0c7f-c327-aee3-adae-bc0d1dae71ea,0.28,0.44707702328610976,12282.0,6534.0,546.33,NVIDIA GeForce RTX 4070,[N/A],Enabled,Enabled
1702845325.870205,0,GPU-93ae0c7f-c327-aee3-adae-bc0d1dae71ea,0.26,0.44243608532812245,12282.0,6591.0,546.33,NVIDIA GeForce RTX 4070,[N/A],Enabled,Enabled
1702845326.870898,0,GPU-93ae0c7f-c327-aee3-adae-bc0d1dae71ea,0.25,0.44243608532812245,12282.0,6591.0,546.33,NVIDIA GeForce RTX 4070,[N/A],Enabled,Enabled
1702845327.871056,0,GPU-93ae0c7f-c327-aee3-adae-bc0d1dae71ea,0.25,0.44243608532812245,12282.0,6591.0,546.33,NVIDIA GeForce RTX 4070,[N/A],Enabled,Enabled
1702845328.870084,0,GPU-93ae0c7f-c327-aee3-adae-bc0d1dae71ea,0.26,0.44243608532812245,12282.0,6591.0,546.33,NVIDIA GeForce RTX 4070,[N/A],Enabled,Enabled
1702845329.870816,0,GPU-93ae0c7f-c327-aee3-adae-bc0d1dae71ea,0.26,0.44243608532812245,12282.0,6591.0,546.33,NVIDIA GeForce RTX 4070,[N/A],Enabled,Enabled
1702845330.871084,0,GPU-93ae0c7f-c327-aee3-adae-bc0d1dae71ea,0.26,0.20574824947077022,12282.0,9498.0,546.33,NVIDIA GeForce RTX 4070,[N/A],Enabled,Enabled
1702845331.871171,0,GPU-93ae0c7f-c327-aee3-adae-bc0d1dae71ea,0.14,0.24409705259729686,12282.0,9027.0,546.33,NVIDIA GeForce RTX 4070,[N/A],Enabled,Enabled
