timestamp,id,uuid,load,memoryUtil,memoryTotal,memoryUsed,memoryFree,driver,name,serial,display_mode,display_active
1709471782.930625,0,GPU-93ae0c7f-c327-aee3-adae-bc0d1dae71ea,0.16,0.22781305976225372,12282.0,9213.0,551.52,NVIDIA GeForce RTX 4070,[N/A],Enabled,Enabled
1709471783.926471,0,GPU-93ae0c7f-c327-aee3-adae-bc0d1dae71ea,0.16,0.22781305976225372,12282.0,9213.0,551.52,NVIDIA GeForce RTX 4070,[N/A],Enabled,Enabled
1709471784.926854,0,GPU-93ae0c7f-c327-aee3-adae-bc0d1dae71ea,0.16,0.22781305976225372,12282.0,9213.0,551.52,NVIDIA GeForce RTX 4070,[N/A],Enabled,Enabled
1709471785.926591,0,GPU-93ae0c7f-c327-aee3-adae-bc0d1dae71ea,0.15,0.22781305976225372,12282.0,9213.0,551.52,NVIDIA GeForce RTX 4070,[N/A],Enabled,Enabled
1709471786.927601,0,GPU-93ae0c7f-c327-aee3-adae-bc0d1dae71ea,0.15,0.22781305976225372,12282.0,9213.0,551.52,NVIDIA GeForce RTX 4070,[N/A],Enabled,Enabled
1709471787.92697,0,GPU-93ae0c7f-c327-aee3-adae-bc0d1dae71ea,0.15,0.22781305976225372,12282.0,9213.0,551.52,NVIDIA GeForce RTX 4070,[N/A],Enabled,Enabled
1709471788.927315,0,GPU-93ae0c7f-c327-aee3-adae-bc0d1dae71ea,0.15,0.22781305976225372,12282.0,9213.0,551.52,NVIDIA GeForce RTX 4070,[N/A],Enabled,Enabled
1709471789.927137,0,GPU-93ae0c7f-c327-aee3-adae-bc0d1dae71ea,0.15,0.22781305976225372,12282.0,9213.0,551.52,NVIDIA GeForce RTX 4070,[N/A],Enabled,Enabled
1709471790.927074,0,GPU-93ae0c7f-c327-aee3-adae-bc0d1dae71ea,0.15,0.22781305976225372,12282.0,9213.0,551.52,NVIDIA GeForce RTX 4070,[N/A],Enabled,Enabled
1709471791.926636,0,GPU-93ae0c7f-c327-aee3-adae-bc0d1dae71ea,0.16,0.22781305976225372,12282.0,9213.0,551.52,NVIDIA GeForce RTX 4070,[N/A],Enabled,Enabled
1709471792.926723,0,GPU-93ae0c7f-c327-aee3-adae-bc0d1dae71ea,0.16,0.22781305976225372,12282.0,9213.0,551.52,NVIDIA GeForce RTX 4070,[N/A],Enabled,Enabled
1709471793.927148,0,GPU-93ae0c7f-c327-aee3-adae-bc0d1dae71ea,0.15,0.22781305976225372,12282.0,9213.0,551.52,NVIDIA GeForce RTX 4070,[N/A],Enabled,Enabled
1709471794.927164,0,GPU-93ae0c7f-c327-aee3-adae-bc0d1dae71ea,0.15,0.22781305976225372,12282.0,9213.0,551.52,NVIDIA GeForce RTX 4070,[N/A],Enabled,Enabled
1709471795.926648,0,GPU-93ae0c7f-c327-aee3-adae-bc0d1dae71ea,0.15,0.22781305976225372,12282.0,9213.0,551.52,NVIDIA GeForce RTX 4070,[N/A],Enabled,Enabled
1709471796.926144,0,GPU-93ae0c7f-c327-aee3-adae-bc0d1dae71ea,0.14,0.22781305976225372,12282.0,9213.0,551.52,NVIDIA GeForce RTX 4070,[N/A],Enabled,Enabled
1709471797.927091,0,GPU-93ae0c7f-c327-aee3-adae-bc0d1dae71ea,0.15,0.22756879986972806,12282.0,9216.0,551.52,NVIDIA GeForce RTX 4070,[N/A],Enabled,Enabled
1709471798.926676,0,GPU-93ae0c7f-c327-aee3-adae-bc0d1dae71ea,0.15,0.2297671389024589,12282.0,9189.0,551.52,NVIDIA GeForce RTX 4070,[N/A],Enabled,Enabled
1709471799.927143,0,GPU-93ae0c7f-c327-aee3-adae-bc0d1dae71ea,0.13,0.22732453997720242,12282.0,9219.0,551.52,NVIDIA GeForce RTX 4070,[N/A],Enabled,Enabled
1709471800.927073,0,GPU-93ae0c7f-c327-aee3-adae-bc0d1dae71ea,0.13,0.22659176029962547,12282.0,9228.0,551.52,NVIDIA GeForce RTX 4070,[N/A],Enabled,Enabled
1709471801.927195,0,GPU-93ae0c7f-c327-aee3-adae-bc0d1dae71ea,0.12,0.22659176029962547,12282.0,9228.0,551.52,NVIDIA GeForce RTX 4070,[N/A],Enabled,Enabled
1709471802.927243,0,GPU-93ae0c7f-c327-aee3-adae-bc0d1dae71ea,0.12,0.22659176029962547,12282.0,9228.0,551.52,NVIDIA GeForce RTX 4070,[N/A],Enabled,Enabled
1709471803.927037,0,GPU-93ae0c7f-c327-aee3-adae-bc0d1dae71ea,0.12,0.22659176029962547,12282.0,9228.0,551.52,NVIDIA GeForce RTX 4070,[N/A],Enabled,Enabled
1709471804.927062,0,GPU-93ae0c7f-c327-aee3-adae-bc0d1dae71ea,0.12,0.22659176029962547,12282.0,9228.0,551.52,NVIDIA GeForce RTX 4070,[N/A],Enabled,Enabled
1709471805.926417,0,GPU-93ae0c7f-c327-aee3-adae-bc0d1dae71ea,0.12,0.22659176029962547,12282.0,9228.0,551.52,NVIDIA GeForce RTX 4070,[N/A],Enabled,Enabled
1709471806.92664,0,GPU-93ae0c7f-c327-aee3-adae-bc0d1dae71ea,0.12,0.22659176029962547,12282.0,9228.0,551.52,NVIDIA GeForce RTX 4070,[N/A],Enabled,Enabled
1709471807.927144,0,GPU-93ae0c7f-c327-aee3-adae-bc0d1dae71ea,0.12,0.22659176029962547,12282.0,9228.0,551.52,NVIDIA GeForce RTX 4070,[N/A],Enabled,Enabled
1709471808.92672,0,GPU-93ae0c7f-c327-aee3-adae-bc0d1dae71ea,0.13,0.22659176029962547,12282.0,9228.0,551.52,NVIDIA GeForce RTX 4070,[N/A],Enabled,Enabled
1709471809.927187,0,GPU-93ae0c7f-c327-aee3-adae-bc0d1dae71ea,0.12,0.22659176029962547,12282.0,9228.0,551.52,NVIDIA GeForce RTX 4070,[N/A],Enabled,Enabled
1709471810.927197,0,GPU-93ae0c7f-c327-aee3-adae-bc0d1dae71ea,0.13,0.22659176029962547,12282.0,9228.0,551.52,NVIDIA GeForce RTX 4070,[N/A],Enabled,Enabled
1709471811.926619,0,GPU-93ae0c7f-c327-aee3-adae-bc0d1dae71ea,0.13,0.22659176029962547,12282.0,9228.0,551.52,NVIDIA GeForce RTX 4070,[N/A],Enabled,Enabled
1709471812.927013,0,GPU-93ae0c7f-c327-aee3-adae-bc0d1dae71ea,0.13,0.22659176029962547,12282.0,9228.0,551.52,NVIDIA GeForce RTX 4070,[N/A],Enabled,Enabled
1709471813.927269,0,GPU-93ae0c7f-c327-aee3-adae-bc0d1dae71ea,0.12,0.22659176029962547,12282.0,9228.0,551.52,NVIDIA GeForce RTX 4070,[N/A],Enabled,Enabled
1709471814.926693,0,GPU-93ae0c7f-c327-aee3-adae-bc0d1dae71ea,0.12,0.22659176029962547,12282.0,9228.0,551.52,NVIDIA GeForce RTX 4070,[N/A],Enabled,Enabled
1709471815.927369,0,GPU-93ae0c7f-c327-aee3-adae-bc0d1dae71ea,0.13,0.22659176029962547,12282.0,9228.0,551.52,NVIDIA GeForce RTX 4070,[N/A],Enabled,Enabled
1709471816.926556,0,GPU-93ae0c7f-c327-aee3-adae-bc0d1dae71ea,0.13,0.22659176029962547,12282.0,9228.0,551.52,NVIDIA GeForce RTX 4070,[N/A],Enabled,Enabled
1709471817.92727,0,GPU-93ae0c7f-c327-aee3-adae-bc0d1dae71ea,0.12,0.22659176029962547,12282.0,9228.0,551.52,NVIDIA GeForce RTX 4070,[N/A],Enabled,Enabled
1709471818.927346,0,GPU-93ae0c7f-c327-aee3-adae-bc0d1dae71ea,0.13,0.22659176029962547,12282.0,9228.0,551.52,NVIDIA GeForce RTX 4070,[N/A],Enabled,Enabled
1709471819.927023,0,GPU-93ae0c7f-c327-aee3-adae-bc0d1dae71ea,0.22,0.32470281713076043,12282.0,8023.0,551.52,NVIDIA GeForce RTX 4070,[N/A],Enabled,Enabled
1709471820.926816,0,GPU-93ae0c7f-c327-aee3-adae-bc0d1dae71ea,0.08,0.2927047712099007,12282.0,8416.0,551.52,NVIDIA GeForce RTX 4070,[N/A],Enabled,Enabled
1709471821.927668,0,GPU-93ae0c7f-c327-aee3-adae-bc0d1dae71ea,0.08,0.2927047712099007,12282.0,8416.0,551.52,NVIDIA GeForce RTX 4070,[N/A],Enabled,Enabled
1709471822.926625,0,GPU-93ae0c7f-c327-aee3-adae-bc0d1dae71ea,0.08,0.2927047712099007,12282.0,8416.0,551.52,NVIDIA GeForce RTX 4070,[N/A],Enabled,Enabled
1709471823.926692,0,GPU-93ae0c7f-c327-aee3-adae-bc0d1dae71ea,0.05,0.228301579547305,12282.0,9207.0,551.52,NVIDIA GeForce RTX 4070,[N/A],Enabled,Enabled
1709471824.927341,0,GPU-93ae0c7f-c327-aee3-adae-bc0d1dae71ea,0.27,0.43909786679693863,12282.0,6618.0,551.52,NVIDIA GeForce RTX 4070,[N/A],Enabled,Enabled
1709471825.927509,0,GPU-93ae0c7f-c327-aee3-adae-bc0d1dae71ea,0.31,0.4079954404820062,12282.0,7000.0,551.52,NVIDIA GeForce RTX 4070,[N/A],Enabled,Enabled
1709471826.9273,0,GPU-93ae0c7f-c327-aee3-adae-bc0d1dae71ea,0.29,0.4079954404820062,12282.0,7000.0,551.52,NVIDIA GeForce RTX 4070,[N/A],Enabled,Enabled
1709471827.926853,0,GPU-93ae0c7f-c327-aee3-adae-bc0d1dae71ea,0.25,0.4035987624165445,12282.0,7054.0,551.52,NVIDIA GeForce RTX 4070,[N/A],Enabled,Enabled
1709471828.927443,0,GPU-93ae0c7f-c327-aee3-adae-bc0d1dae71ea,0.25,0.4035987624165445,12282.0,7054.0,551.52,NVIDIA GeForce RTX 4070,[N/A],Enabled,Enabled
1709471829.927538,0,GPU-93ae0c7f-c327-aee3-adae-bc0d1dae71ea,0.25,0.40368018238071973,12282.0,7053.0,551.52,NVIDIA GeForce RTX 4070,[N/A],Enabled,Enabled
1709471830.926798,0,GPU-93ae0c7f-c327-aee3-adae-bc0d1dae71ea,0.28,0.407914020517831,12282.0,7001.0,551.52,NVIDIA GeForce RTX 4070,[N/A],Enabled,Enabled
1709471831.927079,0,GPU-93ae0c7f-c327-aee3-adae-bc0d1dae71ea,0.08,0.5088747760950986,12282.0,5761.0,551.52,NVIDIA GeForce RTX 4070,[N/A],Enabled,Enabled
1709471832.926728,0,GPU-93ae0c7f-c327-aee3-adae-bc0d1dae71ea,0.28,0.40872822015958316,12282.0,6991.0,551.52,NVIDIA GeForce RTX 4070,[N/A],Enabled,Enabled
1709471833.926874,0,GPU-93ae0c7f-c327-aee3-adae-bc0d1dae71ea,0.3,0.40880964012375837,12282.0,6990.0,551.52,NVIDIA GeForce RTX 4070,[N/A],Enabled,Enabled
1709471834.927163,0,GPU-93ae0c7f-c327-aee3-adae-bc0d1dae71ea,0.29,0.40880964012375837,12282.0,6990.0,551.52,NVIDIA GeForce RTX 4070,[N/A],Enabled,Enabled
1709471835.927355,0,GPU-93ae0c7f-c327-aee3-adae-bc0d1dae71ea,0.28,0.40880964012375837,12282.0,6990.0,551.52,NVIDIA GeForce RTX 4070,[N/A],Enabled,Enabled
1709471836.926796,0,GPU-93ae0c7f-c327-aee3-adae-bc0d1dae71ea,0.26,0.40880964012375837,12282.0,6990.0,551.52,NVIDIA GeForce RTX 4070,[N/A],Enabled,Enabled
1709471837.926359,0,GPU-93ae0c7f-c327-aee3-adae-bc0d1dae71ea,0.28,0.40880964012375837,12282.0,6990.0,551.52,NVIDIA GeForce RTX 4070,[N/A],Enabled,Enabled
1709471838.926529,0,GPU-93ae0c7f-c327-aee3-adae-bc0d1dae71ea,0.25,0.4044943820224719,12282.0,7043.0,551.52,NVIDIA GeForce RTX 4070,[N/A],Enabled,Enabled
1709471839.927318,0,GPU-93ae0c7f-c327-aee3-adae-bc0d1dae71ea,0.28,0.40880964012375837,12282.0,6990.0,551.52,NVIDIA GeForce RTX 4070,[N/A],Enabled,Enabled
1709471840.927577,0,GPU-93ae0c7f-c327-aee3-adae-bc0d1dae71ea,0.27,0.40880964012375837,12282.0,6990.0,551.52,NVIDIA GeForce RTX 4070,[N/A],Enabled,Enabled
1709471841.926669,0,GPU-93ae0c7f-c327-aee3-adae-bc0d1dae71ea,0.25,0.40880964012375837,12282.0,6990.0,551.52,NVIDIA GeForce RTX 4070,[N/A],Enabled,Enabled
1709471842.927323,0,GPU-93ae0c7f-c327-aee3-adae-bc0d1dae71ea,0.25,0.4045758019866471,12282.0,7042.0,551.52,NVIDIA GeForce RTX 4070,[N/A],Enabled,Enabled
1709471843.927481,0,GPU-93ae0c7f-c327-aee3-adae-bc0d1dae71ea,0.24,0.40612278130597623,12282.0,7023.0,551.52,NVIDIA GeForce RTX 4070,[N/A],Enabled,Enabled
1709471844.92664,0,GPU-93ae0c7f-c327-aee3-adae-bc0d1dae71ea,0.34,0.4126363784399935,12282.0,6943.0,551.52,NVIDIA GeForce RTX 4070,[N/A],Enabled,Enabled
1709471845.926595,0,GPU-93ae0c7f-c327-aee3-adae-bc0d1dae71ea,0.33,0.4126363784399935,12282.0,6943.0,551.52,NVIDIA GeForce RTX 4070,[N/A],Enabled,Enabled
1709471846.927442,0,GPU-93ae0c7f-c327-aee3-adae-bc0d1dae71ea,0.34,0.4126363784399935,12282.0,6943.0,551.52,NVIDIA GeForce RTX 4070,[N/A],Enabled,Enabled
1709471847.927066,0,GPU-93ae0c7f-c327-aee3-adae-bc0d1dae71ea,0.36,0.4126363784399935,12282.0,6943.0,551.52,NVIDIA GeForce RTX 4070,[N/A],Enabled,Enabled
1709471848.926816,0,GPU-93ae0c7f-c327-aee3-adae-bc0d1dae71ea,0.36,0.4126363784399935,12282.0,6943.0,551.52,NVIDIA GeForce RTX 4070,[N/A],Enabled,Enabled
1709471849.926593,0,GPU-93ae0c7f-c327-aee3-adae-bc0d1dae71ea,0.34,0.4126363784399935,12282.0,6943.0,551.52,NVIDIA GeForce RTX 4070,[N/A],Enabled,Enabled
1709471850.926365,0,GPU-93ae0c7f-c327-aee3-adae-bc0d1dae71ea,0.32,0.4126363784399935,12282.0,6943.0,551.52,NVIDIA GeForce RTX 4070,[N/A],Enabled,Enabled
1709471851.927199,0,GPU-93ae0c7f-c327-aee3-adae-bc0d1dae71ea,0.35,0.4126363784399935,12282.0,6943.0,551.52,NVIDIA GeForce RTX 4070,[N/A],Enabled,Enabled
1709471852.926913,0,GPU-93ae0c7f-c327-aee3-adae-bc0d1dae71ea,0.35,0.4126363784399935,12282.0,6943.0,551.52,NVIDIA GeForce RTX 4070,[N/A],Enabled,Enabled
1709471853.926973,0,GPU-93ae0c7f-c327-aee3-adae-bc0d1dae71ea,0.34,0.4126363784399935,12282.0,6943.0,551.52,NVIDIA GeForce RTX 4070,[N/A],Enabled,Enabled
1709471854.926437,0,GPU-93ae0c7f-c327-aee3-adae-bc0d1dae71ea,0.33,0.4126363784399935,12282.0,6943.0,551.52,NVIDIA GeForce RTX 4070,[N/A],Enabled,Enabled
1709471855.927279,0,GPU-93ae0c7f-c327-aee3-adae-bc0d1dae71ea,0.35,0.4126363784399935,12282.0,6943.0,551.52,NVIDIA GeForce RTX 4070,[N/A],Enabled,Enabled
1709471856.927299,0,GPU-93ae0c7f-c327-aee3-adae-bc0d1dae71ea,0.35,0.4126363784399935,12282.0,6943.0,551.52,NVIDIA GeForce RTX 4070,[N/A],Enabled,Enabled
1709471857.927175,0,GPU-93ae0c7f-c327-aee3-adae-bc0d1dae71ea,0.34,0.4126363784399935,12282.0,6943.0,551.52,NVIDIA GeForce RTX 4070,[N/A],Enabled,Enabled
1709471858.926879,0,GPU-93ae0c7f-c327-aee3-adae-bc0d1dae71ea,0.34,0.4126363784399935,12282.0,6943.0,551.52,NVIDIA GeForce RTX 4070,[N/A],Enabled,Enabled
1709471859.926688,0,GPU-93ae0c7f-c327-aee3-adae-bc0d1dae71ea,0.35,0.4126363784399935,12282.0,6943.0,551.52,NVIDIA GeForce RTX 4070,[N/A],Enabled,Enabled
1709471860.926832,0,GPU-93ae0c7f-c327-aee3-adae-bc0d1dae71ea,0.34,0.4126363784399935,12282.0,6943.0,551.52,NVIDIA GeForce RTX 4070,[N/A],Enabled,Enabled
1709471861.927082,0,GPU-93ae0c7f-c327-aee3-adae-bc0d1dae71ea,0.34,0.4126363784399935,12282.0,6943.0,551.52,NVIDIA GeForce RTX 4070,[N/A],Enabled,Enabled
1709471862.926618,0,GPU-93ae0c7f-c327-aee3-adae-bc0d1dae71ea,0.35,0.4126363784399935,12282.0,6943.0,551.52,NVIDIA GeForce RTX 4070,[N/A],Enabled,Enabled
1709471863.927375,0,GPU-93ae0c7f-c327-aee3-adae-bc0d1dae71ea,0.35,0.4126363784399935,12282.0,6943.0,551.52,NVIDIA GeForce RTX 4070,[N/A],Enabled,Enabled
1709471864.927368,0,GPU-93ae0c7f-c327-aee3-adae-bc0d1dae71ea,0.34,0.4126363784399935,12282.0,6943.0,551.52,NVIDIA GeForce RTX 4070,[N/A],Enabled,Enabled
1709471865.926994,0,GPU-93ae0c7f-c327-aee3-adae-bc0d1dae71ea,0.36,0.4126363784399935,12282.0,6943.0,551.52,NVIDIA GeForce RTX 4070,[N/A],Enabled,Enabled
1709471866.927016,0,GPU-93ae0c7f-c327-aee3-adae-bc0d1dae71ea,0.35,0.4126363784399935,12282.0,6943.0,551.52,NVIDIA GeForce RTX 4070,[N/A],Enabled,Enabled
1709471867.927011,0,GPU-93ae0c7f-c327-aee3-adae-bc0d1dae71ea,0.37,0.4126363784399935,12282.0,6943.0,551.52,NVIDIA GeForce RTX 4070,[N/A],Enabled,Enabled
1709471868.926915,0,GPU-93ae0c7f-c327-aee3-adae-bc0d1dae71ea,0.37,0.4126363784399935,12282.0,6943.0,551.52,NVIDIA GeForce RTX 4070,[N/A],Enabled,Enabled
1709471869.926509,0,GPU-93ae0c7f-c327-aee3-adae-bc0d1dae71ea,0.38,0.4126363784399935,12282.0,6943.0,551.52,NVIDIA GeForce RTX 4070,[N/A],Enabled,Enabled
1709471870.927297,0,GPU-93ae0c7f-c327-aee3-adae-bc0d1dae71ea,0.37,0.4126363784399935,12282.0,6943.0,551.52,NVIDIA GeForce RTX 4070,[N/A],Enabled,Enabled
1709471871.92704,0,GPU-93ae0c7f-c327-aee3-adae-bc0d1dae71ea,0.38,0.4126363784399935,12282.0,6943.0,551.52,NVIDIA GeForce RTX 4070,[N/A],Enabled,Enabled
1709471872.927424,0,GPU-93ae0c7f-c327-aee3-adae-bc0d1dae71ea,0.42,0.4126363784399935,12282.0,6943.0,551.52,NVIDIA GeForce RTX 4070,[N/A],Enabled,Enabled
1709471873.927775,0,GPU-93ae0c7f-c327-aee3-adae-bc0d1dae71ea,0.35,0.4126363784399935,12282.0,6943.0,551.52,NVIDIA GeForce RTX 4070,[N/A],Enabled,Enabled
1709471874.927356,0,GPU-93ae0c7f-c327-aee3-adae-bc0d1dae71ea,0.34,0.4126363784399935,12282.0,6943.0,551.52,NVIDIA GeForce RTX 4070,[N/A],Enabled,Enabled
1709471875.926891,0,GPU-93ae0c7f-c327-aee3-adae-bc0d1dae71ea,0.35,0.4126363784399935,12282.0,6943.0,551.52,NVIDIA GeForce RTX 4070,[N/A],Enabled,Enabled
1709471876.926646,0,GPU-93ae0c7f-c327-aee3-adae-bc0d1dae71ea,0.35,0.4126363784399935,12282.0,6943.0,551.52,NVIDIA GeForce RTX 4070,[N/A],Enabled,Enabled
1709471877.927354,0,GPU-93ae0c7f-c327-aee3-adae-bc0d1dae71ea,0.35,0.4126363784399935,12282.0,6943.0,551.52,NVIDIA GeForce RTX 4070,[N/A],Enabled,Enabled
1709471878.927019,0,GPU-93ae0c7f-c327-aee3-adae-bc0d1dae71ea,0.34,0.4126363784399935,12282.0,6943.0,551.52,NVIDIA GeForce RTX 4070,[N/A],Enabled,Enabled
1709471879.927375,0,GPU-93ae0c7f-c327-aee3-adae-bc0d1dae71ea,0.35,0.4126363784399935,12282.0,6943.0,551.52,NVIDIA GeForce RTX 4070,[N/A],Enabled,Enabled
1709471880.927249,0,GPU-93ae0c7f-c327-aee3-adae-bc0d1dae71ea,0.32,0.4126363784399935,12282.0,6943.0,551.52,NVIDIA GeForce RTX 4070,[N/A],Enabled,Enabled
1709471881.92636,0,GPU-93ae0c7f-c327-aee3-adae-bc0d1dae71ea,0.34,0.4126363784399935,12282.0,6943.0,551.52,NVIDIA GeForce RTX 4070,[N/A],Enabled,Enabled
1709471882.926596,0,GPU-93ae0c7f-c327-aee3-adae-bc0d1dae71ea,0.35,0.4126363784399935,12282.0,6943.0,551.52,NVIDIA GeForce RTX 4070,[N/A],Enabled,Enabled
1709471883.927183,0,GPU-93ae0c7f-c327-aee3-adae-bc0d1dae71ea,0.33,0.4126363784399935,12282.0,6943.0,551.52,NVIDIA GeForce RTX 4070,[N/A],Enabled,Enabled
1709471884.926404,0,GPU-93ae0c7f-c327-aee3-adae-bc0d1dae71ea,0.34,0.4126363784399935,12282.0,6943.0,551.52,NVIDIA GeForce RTX 4070,[N/A],Enabled,Enabled
1709471885.926539,0,GPU-93ae0c7f-c327-aee3-adae-bc0d1dae71ea,0.34,0.4126363784399935,12282.0,6943.0,551.52,NVIDIA GeForce RTX 4070,[N/A],Enabled,Enabled
1709471886.926654,0,GPU-93ae0c7f-c327-aee3-adae-bc0d1dae71ea,0.33,0.4126363784399935,12282.0,6943.0,551.52,NVIDIA GeForce RTX 4070,[N/A],Enabled,Enabled
1709471887.926353,0,GPU-93ae0c7f-c327-aee3-adae-bc0d1dae71ea,0.43,0.4126363784399935,12282.0,6943.0,551.52,NVIDIA GeForce RTX 4070,[N/A],Enabled,Enabled
1709471888.927043,0,GPU-93ae0c7f-c327-aee3-adae-bc0d1dae71ea,0.34,0.4126363784399935,12282.0,6943.0,551.52,NVIDIA GeForce RTX 4070,[N/A],Enabled,Enabled
1709471889.927039,0,GPU-93ae0c7f-c327-aee3-adae-bc0d1dae71ea,0.35,0.4126363784399935,12282.0,6943.0,551.52,NVIDIA GeForce RTX 4070,[N/A],Enabled,Enabled
1709471890.927247,0,GPU-93ae0c7f-c327-aee3-adae-bc0d1dae71ea,0.34,0.4126363784399935,12282.0,6943.0,551.52,NVIDIA GeForce RTX 4070,[N/A],Enabled,Enabled
1709471891.927262,0,GPU-93ae0c7f-c327-aee3-adae-bc0d1dae71ea,0.36,0.4126363784399935,12282.0,6943.0,551.52,NVIDIA GeForce RTX 4070,[N/A],Enabled,Enabled
1709471892.927704,0,GPU-93ae0c7f-c327-aee3-adae-bc0d1dae71ea,0.37,0.4126363784399935,12282.0,6943.0,551.52,NVIDIA GeForce RTX 4070,[N/A],Enabled,Enabled
1709471893.926902,0,GPU-93ae0c7f-c327-aee3-adae-bc0d1dae71ea,0.35,0.4126363784399935,12282.0,6943.0,551.52,NVIDIA GeForce RTX 4070,[N/A],Enabled,Enabled
1709471894.927437,0,GPU-93ae0c7f-c327-aee3-adae-bc0d1dae71ea,0.35,0.4126363784399935,12282.0,6943.0,551.52,NVIDIA GeForce RTX 4070,[N/A],Enabled,Enabled
1709471895.927257,0,GPU-93ae0c7f-c327-aee3-adae-bc0d1dae71ea,0.35,0.4126363784399935,12282.0,6943.0,551.52,NVIDIA GeForce RTX 4070,[N/A],Enabled,Enabled
1709471896.927156,0,GPU-93ae0c7f-c327-aee3-adae-bc0d1dae71ea,0.35,0.4126363784399935,12282.0,6943.0,551.52,NVIDIA GeForce RTX 4070,[N/A],Enabled,Enabled
1709471897.926348,0,GPU-93ae0c7f-c327-aee3-adae-bc0d1dae71ea,0.36,0.4126363784399935,12282.0,6943.0,551.52,NVIDIA GeForce RTX 4070,[N/A],Enabled,Enabled
1709471898.927365,0,GPU-93ae0c7f-c327-aee3-adae-bc0d1dae71ea,0.35,0.4126363784399935,12282.0,6943.0,551.52,NVIDIA GeForce RTX 4070,[N/A],Enabled,Enabled
1709471899.926289,0,GPU-93ae0c7f-c327-aee3-adae-bc0d1dae71ea,0.36,0.4126363784399935,12282.0,6943.0,551.52,NVIDIA GeForce RTX 4070,[N/A],Enabled,Enabled
1709471900.927211,0,GPU-93ae0c7f-c327-aee3-adae-bc0d1dae71ea,0.37,0.4126363784399935,12282.0,6943.0,551.52,NVIDIA GeForce RTX 4070,[N/A],Enabled,Enabled
1709471901.926979,0,GPU-93ae0c7f-c327-aee3-adae-bc0d1dae71ea,0.33,0.4126363784399935,12282.0,6943.0,551.52,NVIDIA GeForce RTX 4070,[N/A],Enabled,Enabled
1709471902.92797,0,GPU-93ae0c7f-c327-aee3-adae-bc0d1dae71ea,0.34,0.4126363784399935,12282.0,6943.0,551.52,NVIDIA GeForce RTX 4070,[N/A],Enabled,Enabled
1709471903.926834,0,GPU-93ae0c7f-c327-aee3-adae-bc0d1dae71ea,0.36,0.4126363784399935,12282.0,6943.0,551.52,NVIDIA GeForce RTX 4070,[N/A],Enabled,Enabled
1709471904.927073,0,GPU-93ae0c7f-c327-aee3-adae-bc0d1dae71ea,0.33,0.4126363784399935,12282.0,6943.0,551.52,NVIDIA GeForce RTX 4070,[N/A],Enabled,Enabled
1709471905.92693,0,GPU-93ae0c7f-c327-aee3-adae-bc0d1dae71ea,0.34,0.4126363784399935,12282.0,6943.0,551.52,NVIDIA GeForce RTX 4070,[N/A],Enabled,Enabled
1709471906.927277,0,GPU-93ae0c7f-c327-aee3-adae-bc0d1dae71ea,0.35,0.4126363784399935,12282.0,6943.0,551.52,NVIDIA GeForce RTX 4070,[N/A],Enabled,Enabled
1709471907.926863,0,GPU-93ae0c7f-c327-aee3-adae-bc0d1dae71ea,0.35,0.4126363784399935,12282.0,6943.0,551.52,NVIDIA GeForce RTX 4070,[N/A],Enabled,Enabled
1709471908.927037,0,GPU-93ae0c7f-c327-aee3-adae-bc0d1dae71ea,0.36,0.4126363784399935,12282.0,6943.0,551.52,NVIDIA GeForce RTX 4070,[N/A],Enabled,Enabled
1709471909.927062,0,GPU-93ae0c7f-c327-aee3-adae-bc0d1dae71ea,0.36,0.4126363784399935,12282.0,6943.0,551.52,NVIDIA GeForce RTX 4070,[N/A],Enabled,Enabled
1709471910.9271,0,GPU-93ae0c7f-c327-aee3-adae-bc0d1dae71ea,0.34,0.4126363784399935,12282.0,6943.0,551.52,NVIDIA GeForce RTX 4070,[N/A],Enabled,Enabled
1709471911.927626,0,GPU-93ae0c7f-c327-aee3-adae-bc0d1dae71ea,0.35,0.4126363784399935,12282.0,6943.0,551.52,NVIDIA GeForce RTX 4070,[N/A],Enabled,Enabled
1709471912.926791,0,GPU-93ae0c7f-c327-aee3-adae-bc0d1dae71ea,0.36,0.4126363784399935,12282.0,6943.0,551.52,NVIDIA GeForce RTX 4070,[N/A],Enabled,Enabled
1709471913.92691,0,GPU-93ae0c7f-c327-aee3-adae-bc0d1dae71ea,0.35,0.4126363784399935,12282.0,6943.0,551.52,NVIDIA GeForce RTX 4070,[N/A],Enabled,Enabled
1709471914.927064,0,GPU-93ae0c7f-c327-aee3-adae-bc0d1dae71ea,0.35,0.4126363784399935,12282.0,6943.0,551.52,NVIDIA GeForce RTX 4070,[N/A],Enabled,Enabled
1709471915.927352,0,GPU-93ae0c7f-c327-aee3-adae-bc0d1dae71ea,0.42,0.4126363784399935,12282.0,6943.0,551.52,NVIDIA GeForce RTX 4070,[N/A],Enabled,Enabled
1709471916.926515,0,GPU-93ae0c7f-c327-aee3-adae-bc0d1dae71ea,0.34,0.4126363784399935,12282.0,6943.0,551.52,NVIDIA GeForce RTX 4070,[N/A],Enabled,Enabled
1709471917.927042,0,GPU-93ae0c7f-c327-aee3-adae-bc0d1dae71ea,0.36,0.4126363784399935,12282.0,6943.0,551.52,NVIDIA GeForce RTX 4070,[N/A],Enabled,Enabled
1709471918.926399,0,GPU-93ae0c7f-c327-aee3-adae-bc0d1dae71ea,0.38,0.4126363784399935,12282.0,6943.0,551.52,NVIDIA GeForce RTX 4070,[N/A],Enabled,Enabled
1709471919.926976,0,GPU-93ae0c7f-c327-aee3-adae-bc0d1dae71ea,0.35,0.4126363784399935,12282.0,6943.0,551.52,NVIDIA GeForce RTX 4070,[N/A],Enabled,Enabled
1709471920.927209,0,GPU-93ae0c7f-c327-aee3-adae-bc0d1dae71ea,0.37,0.4126363784399935,12282.0,6943.0,551.52,NVIDIA GeForce RTX 4070,[N/A],Enabled,Enabled
1709471921.926864,0,GPU-93ae0c7f-c327-aee3-adae-bc0d1dae71ea,0.37,0.4126363784399935,12282.0,6943.0,551.52,NVIDIA GeForce RTX 4070,[N/A],Enabled,Enabled
1709471922.927021,0,GPU-93ae0c7f-c327-aee3-adae-bc0d1dae71ea,0.35,0.4126363784399935,12282.0,6943.0,551.52,NVIDIA GeForce RTX 4070,[N/A],Enabled,Enabled
1709471923.926799,0,GPU-93ae0c7f-c327-aee3-adae-bc0d1dae71ea,0.36,0.4126363784399935,12282.0,6943.0,551.52,NVIDIA GeForce RTX 4070,[N/A],Enabled,Enabled
1709471924.926715,0,GPU-93ae0c7f-c327-aee3-adae-bc0d1dae71ea,0.37,0.4126363784399935,12282.0,6943.0,551.52,NVIDIA GeForce RTX 4070,[N/A],Enabled,Enabled
1709471925.92713,0,GPU-93ae0c7f-c327-aee3-adae-bc0d1dae71ea,0.37,0.4126363784399935,12282.0,6943.0,551.52,NVIDIA GeForce RTX 4070,[N/A],Enabled,Enabled
1709471926.926983,0,GPU-93ae0c7f-c327-aee3-adae-bc0d1dae71ea,0.34,0.4126363784399935,12282.0,6943.0,551.52,NVIDIA GeForce RTX 4070,[N/A],Enabled,Enabled
1709471927.92704,0,GPU-93ae0c7f-c327-aee3-adae-bc0d1dae71ea,0.36,0.4126363784399935,12282.0,6943.0,551.52,NVIDIA GeForce RTX 4070,[N/A],Enabled,Enabled
1709471928.927532,0,GPU-93ae0c7f-c327-aee3-adae-bc0d1dae71ea,0.33,0.4126363784399935,12282.0,6943.0,551.52,NVIDIA GeForce RTX 4070,[N/A],Enabled,Enabled
1709471929.926415,0,GPU-93ae0c7f-c327-aee3-adae-bc0d1dae71ea,0.36,0.4126363784399935,12282.0,6943.0,551.52,NVIDIA GeForce RTX 4070,[N/A],Enabled,Enabled
1709471930.926546,0,GPU-93ae0c7f-c327-aee3-adae-bc0d1dae71ea,0.35,0.4126363784399935,12282.0,6943.0,551.52,NVIDIA GeForce RTX 4070,[N/A],Enabled,Enabled
1709471931.926344,0,GPU-93ae0c7f-c327-aee3-adae-bc0d1dae71ea,0.36,0.4126363784399935,12282.0,6943.0,551.52,NVIDIA GeForce RTX 4070,[N/A],Enabled,Enabled
1709471932.927442,0,GPU-93ae0c7f-c327-aee3-adae-bc0d1dae71ea,0.35,0.4126363784399935,12282.0,6943.0,551.52,NVIDIA GeForce RTX 4070,[N/A],Enabled,Enabled
1709471933.926631,0,GPU-93ae0c7f-c327-aee3-adae-bc0d1dae71ea,0.34,0.4126363784399935,12282.0,6943.0,551.52,NVIDIA GeForce RTX 4070,[N/A],Enabled,Enabled
1709471934.926429,0,GPU-93ae0c7f-c327-aee3-adae-bc0d1dae71ea,0.37,0.4126363784399935,12282.0,6943.0,551.52,NVIDIA GeForce RTX 4070,[N/A],Enabled,Enabled
1709471935.926986,0,GPU-93ae0c7f-c327-aee3-adae-bc0d1dae71ea,0.39,0.4126363784399935,12282.0,6943.0,551.52,NVIDIA GeForce RTX 4070,[N/A],Enabled,Enabled
1709471936.926507,0,GPU-93ae0c7f-c327-aee3-adae-bc0d1dae71ea,0.34,0.4126363784399935,12282.0,6943.0,551.52,NVIDIA GeForce RTX 4070,[N/A],Enabled,Enabled
1709471937.926672,0,GPU-93ae0c7f-c327-aee3-adae-bc0d1dae71ea,0.41,0.4126363784399935,12282.0,6943.0,551.52,NVIDIA GeForce RTX 4070,[N/A],Enabled,Enabled
1709471938.926947,0,GPU-93ae0c7f-c327-aee3-adae-bc0d1dae71ea,0.35,0.4126363784399935,12282.0,6943.0,551.52,NVIDIA GeForce RTX 4070,[N/A],Enabled,Enabled
1709471939.926673,0,GPU-93ae0c7f-c327-aee3-adae-bc0d1dae71ea,0.37,0.4126363784399935,12282.0,6943.0,551.52,NVIDIA GeForce RTX 4070,[N/A],Enabled,Enabled
1709471940.92725,0,GPU-93ae0c7f-c327-aee3-adae-bc0d1dae71ea,0.36,0.4126363784399935,12282.0,6943.0,551.52,NVIDIA GeForce RTX 4070,[N/A],Enabled,Enabled
1709471941.927087,0,GPU-93ae0c7f-c327-aee3-adae-bc0d1dae71ea,0.37,0.4126363784399935,12282.0,6943.0,551.52,NVIDIA GeForce RTX 4070,[N/A],Enabled,Enabled
1709471942.926803,0,GPU-93ae0c7f-c327-aee3-adae-bc0d1dae71ea,0.38,0.4126363784399935,12282.0,6943.0,551.52,NVIDIA GeForce RTX 4070,[N/A],Enabled,Enabled
1709471943.926404,0,GPU-93ae0c7f-c327-aee3-adae-bc0d1dae71ea,0.37,0.4126363784399935,12282.0,6943.0,551.52,NVIDIA GeForce RTX 4070,[N/A],Enabled,Enabled
1709471944.926689,0,GPU-93ae0c7f-c327-aee3-adae-bc0d1dae71ea,0.38,0.4126363784399935,12282.0,6943.0,551.52,NVIDIA GeForce RTX 4070,[N/A],Enabled,Enabled
1709471945.926729,0,GPU-93ae0c7f-c327-aee3-adae-bc0d1dae71ea,0.37,0.4126363784399935,12282.0,6943.0,551.52,NVIDIA GeForce RTX 4070,[N/A],Enabled,Enabled
1709471946.926402,0,GPU-93ae0c7f-c327-aee3-adae-bc0d1dae71ea,0.34,0.4126363784399935,12282.0,6943.0,551.52,NVIDIA GeForce RTX 4070,[N/A],Enabled,Enabled
1709471947.927095,0,GPU-93ae0c7f-c327-aee3-adae-bc0d1dae71ea,0.36,0.4126363784399935,12282.0,6943.0,551.52,NVIDIA GeForce RTX 4070,[N/A],Enabled,Enabled
1709471948.926671,0,GPU-93ae0c7f-c327-aee3-adae-bc0d1dae71ea,0.33,0.4126363784399935,12282.0,6943.0,551.52,NVIDIA GeForce RTX 4070,[N/A],Enabled,Enabled
1709471949.926812,0,GPU-93ae0c7f-c327-aee3-adae-bc0d1dae71ea,0.4,0.4126363784399935,12282.0,6943.0,551.52,NVIDIA GeForce RTX 4070,[N/A],Enabled,Enabled
1709471950.92657,0,GPU-93ae0c7f-c327-aee3-adae-bc0d1dae71ea,0.41,0.4126363784399935,12282.0,6943.0,551.52,NVIDIA GeForce RTX 4070,[N/A],Enabled,Enabled
1709471951.926794,0,GPU-93ae0c7f-c327-aee3-adae-bc0d1dae71ea,0.41,0.4126363784399935,12282.0,6943.0,551.52,NVIDIA GeForce RTX 4070,[N/A],Enabled,Enabled
1709471952.926518,0,GPU-93ae0c7f-c327-aee3-adae-bc0d1dae71ea,0.34,0.4126363784399935,12282.0,6943.0,551.52,NVIDIA GeForce RTX 4070,[N/A],Enabled,Enabled
1709471953.927394,0,GPU-93ae0c7f-c327-aee3-adae-bc0d1dae71ea,0.34,0.4126363784399935,12282.0,6943.0,551.52,NVIDIA GeForce RTX 4070,[N/A],Enabled,Enabled
1709471954.92703,0,GPU-93ae0c7f-c327-aee3-adae-bc0d1dae71ea,0.34,0.4126363784399935,12282.0,6943.0,551.52,NVIDIA GeForce RTX 4070,[N/A],Enabled,Enabled
1709471955.92732,0,GPU-93ae0c7f-c327-aee3-adae-bc0d1dae71ea,0.35,0.4126363784399935,12282.0,6943.0,551.52,NVIDIA GeForce RTX 4070,[N/A],Enabled,Enabled
1709471956.926844,0,GPU-93ae0c7f-c327-aee3-adae-bc0d1dae71ea,0.32,0.4126363784399935,12282.0,6943.0,551.52,NVIDIA GeForce RTX 4070,[N/A],Enabled,Enabled
1709471957.927486,0,GPU-93ae0c7f-c327-aee3-adae-bc0d1dae71ea,0.39,0.4126363784399935,12282.0,6943.0,551.52,NVIDIA GeForce RTX 4070,[N/A],Enabled,Enabled
1709471958.926571,0,GPU-93ae0c7f-c327-aee3-adae-bc0d1dae71ea,0.46,0.4126363784399935,12282.0,6943.0,551.52,NVIDIA GeForce RTX 4070,[N/A],Enabled,Enabled
1709471959.92663,0,GPU-93ae0c7f-c327-aee3-adae-bc0d1dae71ea,0.37,0.4126363784399935,12282.0,6943.0,551.52,NVIDIA GeForce RTX 4070,[N/A],Enabled,Enabled
1709471960.927233,0,GPU-93ae0c7f-c327-aee3-adae-bc0d1dae71ea,0.34,0.4126363784399935,12282.0,6943.0,551.52,NVIDIA GeForce RTX 4070,[N/A],Enabled,Enabled
1709471961.926388,0,GPU-93ae0c7f-c327-aee3-adae-bc0d1dae71ea,0.41,0.4126363784399935,12282.0,6943.0,551.52,NVIDIA GeForce RTX 4070,[N/A],Enabled,Enabled
1709471962.927064,0,GPU-93ae0c7f-c327-aee3-adae-bc0d1dae71ea,0.42,0.4126363784399935,12282.0,6943.0,551.52,NVIDIA GeForce RTX 4070,[N/A],Enabled,Enabled
1709471963.926638,0,GPU-93ae0c7f-c327-aee3-adae-bc0d1dae71ea,0.44,0.4126363784399935,12282.0,6943.0,551.52,NVIDIA GeForce RTX 4070,[N/A],Enabled,Enabled
1709471964.926831,0,GPU-93ae0c7f-c327-aee3-adae-bc0d1dae71ea,0.34,0.4126363784399935,12282.0,6943.0,551.52,NVIDIA GeForce RTX 4070,[N/A],Enabled,Enabled
1709471965.92727,0,GPU-93ae0c7f-c327-aee3-adae-bc0d1dae71ea,0.38,0.4126363784399935,12282.0,6943.0,551.52,NVIDIA GeForce RTX 4070,[N/A],Enabled,Enabled
1709471966.927282,0,GPU-93ae0c7f-c327-aee3-adae-bc0d1dae71ea,0.35,0.4126363784399935,12282.0,6943.0,551.52,NVIDIA GeForce RTX 4070,[N/A],Enabled,Enabled
1709471967.927175,0,GPU-93ae0c7f-c327-aee3-adae-bc0d1dae71ea,0.4,0.4126363784399935,12282.0,6943.0,551.52,NVIDIA GeForce RTX 4070,[N/A],Enabled,Enabled
1709471968.92733,0,GPU-93ae0c7f-c327-aee3-adae-bc0d1dae71ea,0.39,0.4126363784399935,12282.0,6943.0,551.52,NVIDIA GeForce RTX 4070,[N/A],Enabled,Enabled
1709471969.927685,0,GPU-93ae0c7f-c327-aee3-adae-bc0d1dae71ea,0.35,0.4126363784399935,12282.0,6943.0,551.52,NVIDIA GeForce RTX 4070,[N/A],Enabled,Enabled
1709471970.927312,0,GPU-93ae0c7f-c327-aee3-adae-bc0d1dae71ea,0.34,0.4126363784399935,12282.0,6943.0,551.52,NVIDIA GeForce RTX 4070,[N/A],Enabled,Enabled
1709471971.926997,0,GPU-93ae0c7f-c327-aee3-adae-bc0d1dae71ea,0.35,0.4126363784399935,12282.0,6943.0,551.52,NVIDIA GeForce RTX 4070,[N/A],Enabled,Enabled
1709471972.927221,0,GPU-93ae0c7f-c327-aee3-adae-bc0d1dae71ea,0.47,0.4126363784399935,12282.0,6943.0,551.52,NVIDIA GeForce RTX 4070,[N/A],Enabled,Enabled
1709471973.926577,0,GPU-93ae0c7f-c327-aee3-adae-bc0d1dae71ea,0.35,0.4126363784399935,12282.0,6943.0,551.52,NVIDIA GeForce RTX 4070,[N/A],Enabled,Enabled
1709471974.927347,0,GPU-93ae0c7f-c327-aee3-adae-bc0d1dae71ea,0.39,0.4126363784399935,12282.0,6943.0,551.52,NVIDIA GeForce RTX 4070,[N/A],Enabled,Enabled
1709471975.926759,0,GPU-93ae0c7f-c327-aee3-adae-bc0d1dae71ea,0.39,0.4126363784399935,12282.0,6943.0,551.52,NVIDIA GeForce RTX 4070,[N/A],Enabled,Enabled
1709471976.927193,0,GPU-93ae0c7f-c327-aee3-adae-bc0d1dae71ea,0.33,0.4126363784399935,12282.0,6943.0,551.52,NVIDIA GeForce RTX 4070,[N/A],Enabled,Enabled
1709471977.92738,0,GPU-93ae0c7f-c327-aee3-adae-bc0d1dae71ea,0.37,0.4126363784399935,12282.0,6943.0,551.52,NVIDIA GeForce RTX 4070,[N/A],Enabled,Enabled
1709471978.926332,0,GPU-93ae0c7f-c327-aee3-adae-bc0d1dae71ea,0.35,0.4126363784399935,12282.0,6943.0,551.52,NVIDIA GeForce RTX 4070,[N/A],Enabled,Enabled
1709471979.927731,0,GPU-93ae0c7f-c327-aee3-adae-bc0d1dae71ea,0.38,0.4126363784399935,12282.0,6943.0,551.52,NVIDIA GeForce RTX 4070,[N/A],Enabled,Enabled
1709471980.926377,0,GPU-93ae0c7f-c327-aee3-adae-bc0d1dae71ea,0.38,0.4126363784399935,12282.0,6943.0,551.52,NVIDIA GeForce RTX 4070,[N/A],Enabled,Enabled
1709471981.927703,0,GPU-93ae0c7f-c327-aee3-adae-bc0d1dae71ea,0.34,0.4126363784399935,12282.0,6943.0,551.52,NVIDIA GeForce RTX 4070,[N/A],Enabled,Enabled
1709471982.926716,0,GPU-93ae0c7f-c327-aee3-adae-bc0d1dae71ea,0.35,0.4126363784399935,12282.0,6943.0,551.52,NVIDIA GeForce RTX 4070,[N/A],Enabled,Enabled
1709471983.927016,0,GPU-93ae0c7f-c327-aee3-adae-bc0d1dae71ea,0.37,0.4126363784399935,12282.0,6943.0,551.52,NVIDIA GeForce RTX 4070,[N/A],Enabled,Enabled
1709471984.926341,0,GPU-93ae0c7f-c327-aee3-adae-bc0d1dae71ea,0.36,0.4126363784399935,12282.0,6943.0,551.52,NVIDIA GeForce RTX 4070,[N/A],Enabled,Enabled
1709471985.927158,0,GPU-93ae0c7f-c327-aee3-adae-bc0d1dae71ea,0.35,0.4126363784399935,12282.0,6943.0,551.52,NVIDIA GeForce RTX 4070,[N/A],Enabled,Enabled
1709471986.927466,0,GPU-93ae0c7f-c327-aee3-adae-bc0d1dae71ea,0.34,0.4126363784399935,12282.0,6943.0,551.52,NVIDIA GeForce RTX 4070,[N/A],Enabled,Enabled
1709471987.927316,0,GPU-93ae0c7f-c327-aee3-adae-bc0d1dae71ea,0.37,0.4126363784399935,12282.0,6943.0,551.52,NVIDIA GeForce RTX 4070,[N/A],Enabled,Enabled
1709471988.926505,0,GPU-93ae0c7f-c327-aee3-adae-bc0d1dae71ea,0.34,0.4126363784399935,12282.0,6943.0,551.52,NVIDIA GeForce RTX 4070,[N/A],Enabled,Enabled
1709471989.927188,0,GPU-93ae0c7f-c327-aee3-adae-bc0d1dae71ea,0.34,0.4126363784399935,12282.0,6943.0,551.52,NVIDIA GeForce RTX 4070,[N/A],Enabled,Enabled
1709471990.927253,0,GPU-93ae0c7f-c327-aee3-adae-bc0d1dae71ea,0.36,0.4126363784399935,12282.0,6943.0,551.52,NVIDIA GeForce RTX 4070,[N/A],Enabled,Enabled
1709471991.927145,0,GPU-93ae0c7f-c327-aee3-adae-bc0d1dae71ea,0.37,0.4126363784399935,12282.0,6943.0,551.52,NVIDIA GeForce RTX 4070,[N/A],Enabled,Enabled
1709471992.927176,0,GPU-93ae0c7f-c327-aee3-adae-bc0d1dae71ea,0.35,0.4126363784399935,12282.0,6943.0,551.52,NVIDIA GeForce RTX 4070,[N/A],Enabled,Enabled
1709471993.927009,0,GPU-93ae0c7f-c327-aee3-adae-bc0d1dae71ea,0.34,0.4126363784399935,12282.0,6943.0,551.52,NVIDIA GeForce RTX 4070,[N/A],Enabled,Enabled
1709471994.927069,0,GPU-93ae0c7f-c327-aee3-adae-bc0d1dae71ea,0.35,0.4126363784399935,12282.0,6943.0,551.52,NVIDIA GeForce RTX 4070,[N/A],Enabled,Enabled
1709471995.926516,0,GPU-93ae0c7f-c327-aee3-adae-bc0d1dae71ea,0.39,0.4126363784399935,12282.0,6943.0,551.52,NVIDIA GeForce RTX 4070,[N/A],Enabled,Enabled
1709471996.926911,0,GPU-93ae0c7f-c327-aee3-adae-bc0d1dae71ea,0.37,0.4126363784399935,12282.0,6943.0,551.52,NVIDIA GeForce RTX 4070,[N/A],Enabled,Enabled
1709471997.927897,0,GPU-93ae0c7f-c327-aee3-adae-bc0d1dae71ea,0.36,0.4126363784399935,12282.0,6943.0,551.52,NVIDIA GeForce RTX 4070,[N/A],Enabled,Enabled
1709471998.92642,0,GPU-93ae0c7f-c327-aee3-adae-bc0d1dae71ea,0.36,0.4126363784399935,12282.0,6943.0,551.52,NVIDIA GeForce RTX 4070,[N/A],Enabled,Enabled
1709471999.927098,0,GPU-93ae0c7f-c327-aee3-adae-bc0d1dae71ea,0.37,0.4126363784399935,12282.0,6943.0,551.52,NVIDIA GeForce RTX 4070,[N/A],Enabled,Enabled
1709472000.92718,0,GPU-93ae0c7f-c327-aee3-adae-bc0d1dae71ea,0.37,0.4126363784399935,12282.0,6943.0,551.52,NVIDIA GeForce RTX 4070,[N/A],Enabled,Enabled
1709472001.927116,0,GPU-93ae0c7f-c327-aee3-adae-bc0d1dae71ea,0.36,0.4126363784399935,12282.0,6943.0,551.52,NVIDIA GeForce RTX 4070,[N/A],Enabled,Enabled
1709472002.926835,0,GPU-93ae0c7f-c327-aee3-adae-bc0d1dae71ea,0.37,0.4126363784399935,12282.0,6943.0,551.52,NVIDIA GeForce RTX 4070,[N/A],Enabled,Enabled
1709472003.926597,0,GPU-93ae0c7f-c327-aee3-adae-bc0d1dae71ea,0.36,0.4126363784399935,12282.0,6943.0,551.52,NVIDIA GeForce RTX 4070,[N/A],Enabled,Enabled
1709472004.927174,0,GPU-93ae0c7f-c327-aee3-adae-bc0d1dae71ea,0.43,0.4126363784399935,12282.0,6943.0,551.52,NVIDIA GeForce RTX 4070,[N/A],Enabled,Enabled
1709472005.926629,0,GPU-93ae0c7f-c327-aee3-adae-bc0d1dae71ea,0.43,0.4126363784399935,12282.0,6943.0,551.52,NVIDIA GeForce RTX 4070,[N/A],Enabled,Enabled
1709472006.927822,0,GPU-93ae0c7f-c327-aee3-adae-bc0d1dae71ea,0.38,0.4126363784399935,12282.0,6943.0,551.52,NVIDIA GeForce RTX 4070,[N/A],Enabled,Enabled
1709472007.927221,0,GPU-93ae0c7f-c327-aee3-adae-bc0d1dae71ea,0.41,0.4126363784399935,12282.0,6943.0,551.52,NVIDIA GeForce RTX 4070,[N/A],Enabled,Enabled
1709472008.92698,0,GPU-93ae0c7f-c327-aee3-adae-bc0d1dae71ea,0.34,0.4126363784399935,12282.0,6943.0,551.52,NVIDIA GeForce RTX 4070,[N/A],Enabled,Enabled
1709472009.926991,0,GPU-93ae0c7f-c327-aee3-adae-bc0d1dae71ea,0.35,0.4126363784399935,12282.0,6943.0,551.52,NVIDIA GeForce RTX 4070,[N/A],Enabled,Enabled
1709472010.927007,0,GPU-93ae0c7f-c327-aee3-adae-bc0d1dae71ea,0.39,0.4126363784399935,12282.0,6943.0,551.52,NVIDIA GeForce RTX 4070,[N/A],Enabled,Enabled
1709472011.9268,0,GPU-93ae0c7f-c327-aee3-adae-bc0d1dae71ea,0.37,0.4126363784399935,12282.0,6943.0,551.52,NVIDIA GeForce RTX 4070,[N/A],Enabled,Enabled
1709472012.927135,0,GPU-93ae0c7f-c327-aee3-adae-bc0d1dae71ea,0.35,0.4126363784399935,12282.0,6943.0,551.52,NVIDIA GeForce RTX 4070,[N/A],Enabled,Enabled
1709472013.926946,0,GPU-93ae0c7f-c327-aee3-adae-bc0d1dae71ea,0.36,0.4126363784399935,12282.0,6943.0,551.52,NVIDIA GeForce RTX 4070,[N/A],Enabled,Enabled
1709472014.927494,0,GPU-93ae0c7f-c327-aee3-adae-bc0d1dae71ea,0.35,0.4126363784399935,12282.0,6943.0,551.52,NVIDIA GeForce RTX 4070,[N/A],Enabled,Enabled
1709472015.926614,0,GPU-93ae0c7f-c327-aee3-adae-bc0d1dae71ea,0.42,0.4126363784399935,12282.0,6943.0,551.52,NVIDIA GeForce RTX 4070,[N/A],Enabled,Enabled
1709472016.926394,0,GPU-93ae0c7f-c327-aee3-adae-bc0d1dae71ea,0.44,0.4126363784399935,12282.0,6943.0,551.52,NVIDIA GeForce RTX 4070,[N/A],Enabled,Enabled
1709472017.92695,0,GPU-93ae0c7f-c327-aee3-adae-bc0d1dae71ea,0.4,0.4126363784399935,12282.0,6943.0,551.52,NVIDIA GeForce RTX 4070,[N/A],Enabled,Enabled
1709472018.926968,0,GPU-93ae0c7f-c327-aee3-adae-bc0d1dae71ea,0.37,0.4126363784399935,12282.0,6943.0,551.52,NVIDIA GeForce RTX 4070,[N/A],Enabled,Enabled
1709472019.927187,0,GPU-93ae0c7f-c327-aee3-adae-bc0d1dae71ea,0.37,0.4126363784399935,12282.0,6943.0,551.52,NVIDIA GeForce RTX 4070,[N/A],Enabled,Enabled
1709472020.927408,0,GPU-93ae0c7f-c327-aee3-adae-bc0d1dae71ea,0.37,0.4126363784399935,12282.0,6943.0,551.52,NVIDIA GeForce RTX 4070,[N/A],Enabled,Enabled
1709472021.927065,0,GPU-93ae0c7f-c327-aee3-adae-bc0d1dae71ea,0.36,0.4126363784399935,12282.0,6943.0,551.52,NVIDIA GeForce RTX 4070,[N/A],Enabled,Enabled
1709472022.926887,0,GPU-93ae0c7f-c327-aee3-adae-bc0d1dae71ea,0.4,0.4126363784399935,12282.0,6943.0,551.52,NVIDIA GeForce RTX 4070,[N/A],Enabled,Enabled
1709472023.926233,0,GPU-93ae0c7f-c327-aee3-adae-bc0d1dae71ea,0.37,0.4126363784399935,12282.0,6943.0,551.52,NVIDIA GeForce RTX 4070,[N/A],Enabled,Enabled
1709472024.926926,0,GPU-93ae0c7f-c327-aee3-adae-bc0d1dae71ea,0.38,0.4126363784399935,12282.0,6943.0,551.52,NVIDIA GeForce RTX 4070,[N/A],Enabled,Enabled
1709472025.927431,0,GPU-93ae0c7f-c327-aee3-adae-bc0d1dae71ea,0.44,0.4126363784399935,12282.0,6943.0,551.52,NVIDIA GeForce RTX 4070,[N/A],Enabled,Enabled
1709472026.927374,0,GPU-93ae0c7f-c327-aee3-adae-bc0d1dae71ea,0.38,0.4126363784399935,12282.0,6943.0,551.52,NVIDIA GeForce RTX 4070,[N/A],Enabled,Enabled
1709472027.927312,0,GPU-93ae0c7f-c327-aee3-adae-bc0d1dae71ea,0.35,0.4126363784399935,12282.0,6943.0,551.52,NVIDIA GeForce RTX 4070,[N/A],Enabled,Enabled
1709472028.926817,0,GPU-93ae0c7f-c327-aee3-adae-bc0d1dae71ea,0.41,0.4126363784399935,12282.0,6943.0,551.52,NVIDIA GeForce RTX 4070,[N/A],Enabled,Enabled
1709472029.928108,0,GPU-93ae0c7f-c327-aee3-adae-bc0d1dae71ea,0.4,0.4126363784399935,12282.0,6943.0,551.52,NVIDIA GeForce RTX 4070,[N/A],Enabled,Enabled
1709472030.927159,0,GPU-93ae0c7f-c327-aee3-adae-bc0d1dae71ea,0.38,0.4126363784399935,12282.0,6943.0,551.52,NVIDIA GeForce RTX 4070,[N/A],Enabled,Enabled
1709472031.927329,0,GPU-93ae0c7f-c327-aee3-adae-bc0d1dae71ea,0.35,0.4126363784399935,12282.0,6943.0,551.52,NVIDIA GeForce RTX 4070,[N/A],Enabled,Enabled
1709472032.926599,0,GPU-93ae0c7f-c327-aee3-adae-bc0d1dae71ea,0.36,0.4126363784399935,12282.0,6943.0,551.52,NVIDIA GeForce RTX 4070,[N/A],Enabled,Enabled
1709472033.92702,0,GPU-93ae0c7f-c327-aee3-adae-bc0d1dae71ea,0.35,0.4126363784399935,12282.0,6943.0,551.52,NVIDIA GeForce RTX 4070,[N/A],Enabled,Enabled
1709472034.927341,0,GPU-93ae0c7f-c327-aee3-adae-bc0d1dae71ea,0.32,0.4126363784399935,12282.0,6943.0,551.52,NVIDIA GeForce RTX 4070,[N/A],Enabled,Enabled
1709472035.926732,0,GPU-93ae0c7f-c327-aee3-adae-bc0d1dae71ea,0.28,0.40946099983716006,12282.0,6982.0,551.52,NVIDIA GeForce RTX 4070,[N/A],Enabled,Enabled
1709472036.92729,0,GPU-93ae0c7f-c327-aee3-adae-bc0d1dae71ea,0.29,0.40954241980133527,12282.0,6982.0,551.52,NVIDIA GeForce RTX 4070,[N/A],Enabled,Enabled
1709472037.927403,0,GPU-93ae0c7f-c327-aee3-adae-bc0d1dae71ea,0.26,0.40522716170004885,12282.0,7034.0,551.52,NVIDIA GeForce RTX 4070,[N/A],Enabled,Enabled
1709472038.926807,0,GPU-93ae0c7f-c327-aee3-adae-bc0d1dae71ea,0.27,0.40522716170004885,12282.0,7034.0,551.52,NVIDIA GeForce RTX 4070,[N/A],Enabled,Enabled
1709472039.927342,0,GPU-93ae0c7f-c327-aee3-adae-bc0d1dae71ea,0.26,0.40522716170004885,12282.0,7034.0,551.52,NVIDIA GeForce RTX 4070,[N/A],Enabled,Enabled
1709472040.926389,0,GPU-93ae0c7f-c327-aee3-adae-bc0d1dae71ea,0.3,0.40946099983716006,12282.0,6982.0,551.52,NVIDIA GeForce RTX 4070,[N/A],Enabled,Enabled
1709472041.926829,0,GPU-93ae0c7f-c327-aee3-adae-bc0d1dae71ea,0.27,0.40522716170004885,12282.0,7034.0,551.52,NVIDIA GeForce RTX 4070,[N/A],Enabled,Enabled
1709472042.92678,0,GPU-93ae0c7f-c327-aee3-adae-bc0d1dae71ea,0.3,0.40946099983716006,12282.0,6982.0,551.52,NVIDIA GeForce RTX 4070,[N/A],Enabled,Enabled
1709472043.926574,0,GPU-93ae0c7f-c327-aee3-adae-bc0d1dae71ea,0.26,0.40522716170004885,12282.0,7034.0,551.52,NVIDIA GeForce RTX 4070,[N/A],Enabled,Enabled
1709472044.926768,0,GPU-93ae0c7f-c327-aee3-adae-bc0d1dae71ea,0.27,0.40522716170004885,12282.0,7034.0,551.52,NVIDIA GeForce RTX 4070,[N/A],Enabled,Enabled
1709472045.92697,0,GPU-93ae0c7f-c327-aee3-adae-bc0d1dae71ea,0.26,0.40522716170004885,12282.0,7034.0,551.52,NVIDIA GeForce RTX 4070,[N/A],Enabled,Enabled
1709472046.92624,0,GPU-93ae0c7f-c327-aee3-adae-bc0d1dae71ea,0.27,0.40522716170004885,12282.0,7034.0,551.52,NVIDIA GeForce RTX 4070,[N/A],Enabled,Enabled
1709472047.926748,0,GPU-93ae0c7f-c327-aee3-adae-bc0d1dae71ea,0.26,0.40522716170004885,12282.0,7034.0,551.52,NVIDIA GeForce RTX 4070,[N/A],Enabled,Enabled
1709472048.926479,0,GPU-93ae0c7f-c327-aee3-adae-bc0d1dae71ea,0.26,0.40522716170004885,12282.0,7034.0,551.52,NVIDIA GeForce RTX 4070,[N/A],Enabled,Enabled
1709472049.926583,0,GPU-93ae0c7f-c327-aee3-adae-bc0d1dae71ea,0.27,0.40522716170004885,12282.0,7034.0,551.52,NVIDIA GeForce RTX 4070,[N/A],Enabled,Enabled
1709472050.927301,0,GPU-93ae0c7f-c327-aee3-adae-bc0d1dae71ea,0.12,0.22781305976225372,12282.0,9213.0,551.52,NVIDIA GeForce RTX 4070,[N/A],Enabled,Enabled
1709472051.927095,0,GPU-93ae0c7f-c327-aee3-adae-bc0d1dae71ea,0.17,0.22781305976225372,12282.0,9213.0,551.52,NVIDIA GeForce RTX 4070,[N/A],Enabled,Enabled
1709472052.926821,0,GPU-93ae0c7f-c327-aee3-adae-bc0d1dae71ea,0.15,0.22781305976225372,12282.0,9213.0,551.52,NVIDIA GeForce RTX 4070,[N/A],Enabled,Enabled
