timestamp,id,uuid,load,memoryUtil,memoryTotal,memoryUsed,memoryFree,driver,name,serial,display_mode,display_active
1709468740.568844,0,GPU-93ae0c7f-c327-aee3-adae-bc0d1dae71ea,0.15,0.21861260381045433,12282.0,9326.0,551.52,NVIDIA GeForce RTX 4070,[N/A],Enabled,Enabled
1709468741.565226,0,GPU-93ae0c7f-c327-aee3-adae-bc0d1dae71ea,0.15,0.21918254355968084,12282.0,9319.0,551.52,NVIDIA GeForce RTX 4070,[N/A],Enabled,Enabled
1709468742.563829,0,GPU-93ae0c7f-c327-aee3-adae-bc0d1dae71ea,0.15,0.21918254355968084,12282.0,9319.0,551.52,NVIDIA GeForce RTX 4070,[N/A],Enabled,Enabled
1709468743.565079,0,GPU-93ae0c7f-c327-aee3-adae-bc0d1dae71ea,0.15,0.21844976388210388,12282.0,9328.0,551.52,NVIDIA GeForce RTX 4070,[N/A],Enabled,Enabled
1709468744.564387,0,GPU-93ae0c7f-c327-aee3-adae-bc0d1dae71ea,0.15,0.21844976388210388,12282.0,9328.0,551.52,NVIDIA GeForce RTX 4070,[N/A],Enabled,Enabled
1709468745.564297,0,GPU-93ae0c7f-c327-aee3-adae-bc0d1dae71ea,0.15,0.21844976388210388,12282.0,9328.0,551.52,NVIDIA GeForce RTX 4070,[N/A],Enabled,Enabled
1709468746.564439,0,GPU-93ae0c7f-c327-aee3-adae-bc0d1dae71ea,0.15,0.21755414427617653,12282.0,9339.0,551.52,NVIDIA GeForce RTX 4070,[N/A],Enabled,Enabled
1709468747.564122,0,GPU-93ae0c7f-c327-aee3-adae-bc0d1dae71ea,0.15,0.21755414427617653,12282.0,9339.0,551.52,NVIDIA GeForce RTX 4070,[N/A],Enabled,Enabled
1709468748.564614,0,GPU-93ae0c7f-c327-aee3-adae-bc0d1dae71ea,0.15,0.21755414427617653,12282.0,9339.0,551.52,NVIDIA GeForce RTX 4070,[N/A],Enabled,Enabled
1709468749.564726,0,GPU-93ae0c7f-c327-aee3-adae-bc0d1dae71ea,0.15,0.21755414427617653,12282.0,9339.0,551.52,NVIDIA GeForce RTX 4070,[N/A],Enabled,Enabled
1709468750.564391,0,GPU-93ae0c7f-c327-aee3-adae-bc0d1dae71ea,0.15,0.21755414427617653,12282.0,9339.0,551.52,NVIDIA GeForce RTX 4070,[N/A],Enabled,Enabled
1709468751.563997,0,GPU-93ae0c7f-c327-aee3-adae-bc0d1dae71ea,0.15,0.21755414427617653,12282.0,9339.0,551.52,NVIDIA GeForce RTX 4070,[N/A],Enabled,Enabled
1709468752.565402,0,GPU-93ae0c7f-c327-aee3-adae-bc0d1dae71ea,0.15,0.21755414427617653,12282.0,9339.0,551.52,NVIDIA GeForce RTX 4070,[N/A],Enabled,Enabled
1709468753.56389,0,GPU-93ae0c7f-c327-aee3-adae-bc0d1dae71ea,0.15,0.21755414427617653,12282.0,9339.0,551.52,NVIDIA GeForce RTX 4070,[N/A],Enabled,Enabled
1709468754.564824,0,GPU-93ae0c7f-c327-aee3-adae-bc0d1dae71ea,0.15,0.21755414427617653,12282.0,9339.0,551.52,NVIDIA GeForce RTX 4070,[N/A],Enabled,Enabled
1709468755.564376,0,GPU-93ae0c7f-c327-aee3-adae-bc0d1dae71ea,0.15,0.21771698420452695,12282.0,9337.0,551.52,NVIDIA GeForce RTX 4070,[N/A],Enabled,Enabled
1709468756.564681,0,GPU-93ae0c7f-c327-aee3-adae-bc0d1dae71ea,0.16,0.219996743201433,12282.0,9309.0,551.52,NVIDIA GeForce RTX 4070,[N/A],Enabled,Enabled
1709468757.5648,0,GPU-93ae0c7f-c327-aee3-adae-bc0d1dae71ea,0.13,0.21893828366715518,12282.0,9322.0,551.52,NVIDIA GeForce RTX 4070,[N/A],Enabled,Enabled
1709468758.564653,0,GPU-93ae0c7f-c327-aee3-adae-bc0d1dae71ea,0.13,0.21877544373880475,12282.0,9324.0,551.52,NVIDIA GeForce RTX 4070,[N/A],Enabled,Enabled
1709468759.564606,0,GPU-93ae0c7f-c327-aee3-adae-bc0d1dae71ea,0.13,0.21877544373880475,12282.0,9324.0,551.52,NVIDIA GeForce RTX 4070,[N/A],Enabled,Enabled
1709468760.563704,0,GPU-93ae0c7f-c327-aee3-adae-bc0d1dae71ea,0.13,0.21877544373880475,12282.0,9324.0,551.52,NVIDIA GeForce RTX 4070,[N/A],Enabled,Enabled
1709468761.564916,0,GPU-93ae0c7f-c327-aee3-adae-bc0d1dae71ea,0.13,0.21877544373880475,12282.0,9324.0,551.52,NVIDIA GeForce RTX 4070,[N/A],Enabled,Enabled
1709468762.564514,0,GPU-93ae0c7f-c327-aee3-adae-bc0d1dae71ea,0.13,0.21877544373880475,12282.0,9324.0,551.52,NVIDIA GeForce RTX 4070,[N/A],Enabled,Enabled
1709468763.564765,0,GPU-93ae0c7f-c327-aee3-adae-bc0d1dae71ea,0.13,0.21877544373880475,12282.0,9324.0,551.52,NVIDIA GeForce RTX 4070,[N/A],Enabled,Enabled
1709468764.564558,0,GPU-93ae0c7f-c327-aee3-adae-bc0d1dae71ea,0.13,0.21877544373880475,12282.0,9324.0,551.52,NVIDIA GeForce RTX 4070,[N/A],Enabled,Enabled
1709468765.564173,0,GPU-93ae0c7f-c327-aee3-adae-bc0d1dae71ea,0.13,0.21877544373880475,12282.0,9324.0,551.52,NVIDIA GeForce RTX 4070,[N/A],Enabled,Enabled
1709468766.564323,0,GPU-93ae0c7f-c327-aee3-adae-bc0d1dae71ea,0.13,0.21877544373880475,12282.0,9324.0,551.52,NVIDIA GeForce RTX 4070,[N/A],Enabled,Enabled
1709468767.564587,0,GPU-93ae0c7f-c327-aee3-adae-bc0d1dae71ea,0.13,0.21877544373880475,12282.0,9324.0,551.52,NVIDIA GeForce RTX 4070,[N/A],Enabled,Enabled
1709468768.564305,0,GPU-93ae0c7f-c327-aee3-adae-bc0d1dae71ea,0.13,0.21877544373880475,12282.0,9324.0,551.52,NVIDIA GeForce RTX 4070,[N/A],Enabled,Enabled
1709468769.564834,0,GPU-93ae0c7f-c327-aee3-adae-bc0d1dae71ea,0.13,0.21877544373880475,12282.0,9324.0,551.52,NVIDIA GeForce RTX 4070,[N/A],Enabled,Enabled
1709468770.563912,0,GPU-93ae0c7f-c327-aee3-adae-bc0d1dae71ea,0.13,0.21877544373880475,12282.0,9324.0,551.52,NVIDIA GeForce RTX 4070,[N/A],Enabled,Enabled
1709468771.564831,0,GPU-93ae0c7f-c327-aee3-adae-bc0d1dae71ea,0.13,0.21877544373880475,12282.0,9324.0,551.52,NVIDIA GeForce RTX 4070,[N/A],Enabled,Enabled
1709468772.563993,0,GPU-93ae0c7f-c327-aee3-adae-bc0d1dae71ea,0.13,0.21877544373880475,12282.0,9324.0,551.52,NVIDIA GeForce RTX 4070,[N/A],Enabled,Enabled
1709468773.564937,0,GPU-93ae0c7f-c327-aee3-adae-bc0d1dae71ea,0.13,0.21877544373880475,12282.0,9324.0,551.52,NVIDIA GeForce RTX 4070,[N/A],Enabled,Enabled
1709468774.564981,0,GPU-93ae0c7f-c327-aee3-adae-bc0d1dae71ea,0.13,0.21877544373880475,12282.0,9324.0,551.52,NVIDIA GeForce RTX 4070,[N/A],Enabled,Enabled
1709468775.564498,0,GPU-93ae0c7f-c327-aee3-adae-bc0d1dae71ea,0.13,0.21877544373880475,12282.0,9324.0,551.52,NVIDIA GeForce RTX 4070,[N/A],Enabled,Enabled
1709468776.56446,0,GPU-93ae0c7f-c327-aee3-adae-bc0d1dae71ea,0.13,0.22219508223416382,12282.0,9282.0,551.52,NVIDIA GeForce RTX 4070,[N/A],Enabled,Enabled
1709468777.564894,0,GPU-93ae0c7f-c327-aee3-adae-bc0d1dae71ea,0.15,0.3165608207132389,12282.0,8123.0,551.52,NVIDIA GeForce RTX 4070,[N/A],Enabled,Enabled
1709468778.564494,0,GPU-93ae0c7f-c327-aee3-adae-bc0d1dae71ea,0.08,0.28456277479237907,12282.0,8516.0,551.52,NVIDIA GeForce RTX 4070,[N/A],Enabled,Enabled
1709468779.564502,0,GPU-93ae0c7f-c327-aee3-adae-bc0d1dae71ea,0.08,0.28448135482820386,12282.0,8517.0,551.52,NVIDIA GeForce RTX 4070,[N/A],Enabled,Enabled
1709468780.564129,0,GPU-93ae0c7f-c327-aee3-adae-bc0d1dae71ea,0.08,0.28431851489985344,12282.0,8519.0,551.52,NVIDIA GeForce RTX 4070,[N/A],Enabled,Enabled
1709468781.564217,0,GPU-93ae0c7f-c327-aee3-adae-bc0d1dae71ea,0.1,0.21991532323725776,12282.0,9310.0,551.52,NVIDIA GeForce RTX 4070,[N/A],Enabled,Enabled
1709468782.564795,0,GPU-93ae0c7f-c327-aee3-adae-bc0d1dae71ea,0.09,0.3761602344894968,12282.0,7391.0,551.52,NVIDIA GeForce RTX 4070,[N/A],Enabled,Enabled
1709468783.564216,0,GPU-93ae0c7f-c327-aee3-adae-bc0d1dae71ea,0.29,0.3993649242794333,12282.0,7106.0,551.52,NVIDIA GeForce RTX 4070,[N/A],Enabled,Enabled
1709468784.564558,0,GPU-93ae0c7f-c327-aee3-adae-bc0d1dae71ea,0.29,0.3992835043152581,12282.0,7107.0,551.52,NVIDIA GeForce RTX 4070,[N/A],Enabled,Enabled
1709468785.564849,0,GPU-93ae0c7f-c327-aee3-adae-bc0d1dae71ea,0.26,0.39496824621397164,12282.0,7160.0,551.52,NVIDIA GeForce RTX 4070,[N/A],Enabled,Enabled
1709468786.564138,0,GPU-93ae0c7f-c327-aee3-adae-bc0d1dae71ea,0.26,0.39496824621397164,12282.0,7160.0,551.52,NVIDIA GeForce RTX 4070,[N/A],Enabled,Enabled
1709468787.564575,0,GPU-93ae0c7f-c327-aee3-adae-bc0d1dae71ea,0.26,0.39496824621397164,12282.0,7160.0,551.52,NVIDIA GeForce RTX 4070,[N/A],Enabled,Enabled
1709468788.564296,0,GPU-93ae0c7f-c327-aee3-adae-bc0d1dae71ea,0.27,0.3992835043152581,12282.0,7107.0,551.52,NVIDIA GeForce RTX 4070,[N/A],Enabled,Enabled
1709468789.564193,0,GPU-93ae0c7f-c327-aee3-adae-bc0d1dae71ea,0.15,0.5000814199641752,12282.0,5869.0,551.52,NVIDIA GeForce RTX 4070,[N/A],Enabled,Enabled
1709468790.564473,0,GPU-93ae0c7f-c327-aee3-adae-bc0d1dae71ea,0.29,0.4000977039570103,12282.0,7097.0,551.52,NVIDIA GeForce RTX 4070,[N/A],Enabled,Enabled
1709468791.564842,0,GPU-93ae0c7f-c327-aee3-adae-bc0d1dae71ea,0.3,0.4000977039570103,12282.0,7097.0,551.52,NVIDIA GeForce RTX 4070,[N/A],Enabled,Enabled
1709468792.565051,0,GPU-93ae0c7f-c327-aee3-adae-bc0d1dae71ea,0.3,0.4001791239211855,12282.0,7096.0,551.52,NVIDIA GeForce RTX 4070,[N/A],Enabled,Enabled
1709468793.564995,0,GPU-93ae0c7f-c327-aee3-adae-bc0d1dae71ea,0.29,0.4001791239211855,12282.0,7096.0,551.52,NVIDIA GeForce RTX 4070,[N/A],Enabled,Enabled
1709468794.564754,0,GPU-93ae0c7f-c327-aee3-adae-bc0d1dae71ea,0.3,0.4001791239211855,12282.0,7096.0,551.52,NVIDIA GeForce RTX 4070,[N/A],Enabled,Enabled
1709468795.564536,0,GPU-93ae0c7f-c327-aee3-adae-bc0d1dae71ea,0.27,0.4001791239211855,12282.0,7096.0,551.52,NVIDIA GeForce RTX 4070,[N/A],Enabled,Enabled
1709468796.564789,0,GPU-93ae0c7f-c327-aee3-adae-bc0d1dae71ea,0.26,0.395863865819899,12282.0,7149.0,551.52,NVIDIA GeForce RTX 4070,[N/A],Enabled,Enabled
1709468797.564756,0,GPU-93ae0c7f-c327-aee3-adae-bc0d1dae71ea,0.28,0.4001791239211855,12282.0,7096.0,551.52,NVIDIA GeForce RTX 4070,[N/A],Enabled,Enabled
1709468798.564782,0,GPU-93ae0c7f-c327-aee3-adae-bc0d1dae71ea,0.29,0.4001791239211855,12282.0,7096.0,551.52,NVIDIA GeForce RTX 4070,[N/A],Enabled,Enabled
1709468799.564222,0,GPU-93ae0c7f-c327-aee3-adae-bc0d1dae71ea,0.29,0.4001791239211855,12282.0,7096.0,551.52,NVIDIA GeForce RTX 4070,[N/A],Enabled,Enabled
1709468800.563949,0,GPU-93ae0c7f-c327-aee3-adae-bc0d1dae71ea,0.27,0.395863865819899,12282.0,7149.0,551.52,NVIDIA GeForce RTX 4070,[N/A],Enabled,Enabled
1709468801.564087,0,GPU-93ae0c7f-c327-aee3-adae-bc0d1dae71ea,0.24,0.3978993649242794,12282.0,7124.0,551.52,NVIDIA GeForce RTX 4070,[N/A],Enabled,Enabled
1709468802.563983,0,GPU-93ae0c7f-c327-aee3-adae-bc0d1dae71ea,0.36,0.4039244422732454,12282.0,7050.0,551.52,NVIDIA GeForce RTX 4070,[N/A],Enabled,Enabled
1709468803.564785,0,GPU-93ae0c7f-c327-aee3-adae-bc0d1dae71ea,0.41,0.4039244422732454,12282.0,7050.0,551.52,NVIDIA GeForce RTX 4070,[N/A],Enabled,Enabled
1709468804.564361,0,GPU-93ae0c7f-c327-aee3-adae-bc0d1dae71ea,0.37,0.4039244422732454,12282.0,7050.0,551.52,NVIDIA GeForce RTX 4070,[N/A],Enabled,Enabled
1709468805.564173,0,GPU-93ae0c7f-c327-aee3-adae-bc0d1dae71ea,0.39,0.4039244422732454,12282.0,7050.0,551.52,NVIDIA GeForce RTX 4070,[N/A],Enabled,Enabled
1709468806.564979,0,GPU-93ae0c7f-c327-aee3-adae-bc0d1dae71ea,0.39,0.4039244422732454,12282.0,7050.0,551.52,NVIDIA GeForce RTX 4070,[N/A],Enabled,Enabled
1709468807.564385,0,GPU-93ae0c7f-c327-aee3-adae-bc0d1dae71ea,0.38,0.4039244422732454,12282.0,7050.0,551.52,NVIDIA GeForce RTX 4070,[N/A],Enabled,Enabled
1709468808.56446,0,GPU-93ae0c7f-c327-aee3-adae-bc0d1dae71ea,0.33,0.4039244422732454,12282.0,7050.0,551.52,NVIDIA GeForce RTX 4070,[N/A],Enabled,Enabled
1709468809.564126,0,GPU-93ae0c7f-c327-aee3-adae-bc0d1dae71ea,0.37,0.4039244422732454,12282.0,7050.0,551.52,NVIDIA GeForce RTX 4070,[N/A],Enabled,Enabled
1709468810.565103,0,GPU-93ae0c7f-c327-aee3-adae-bc0d1dae71ea,0.38,0.4039244422732454,12282.0,7050.0,551.52,NVIDIA GeForce RTX 4070,[N/A],Enabled,Enabled
1709468811.564144,0,GPU-93ae0c7f-c327-aee3-adae-bc0d1dae71ea,0.37,0.4039244422732454,12282.0,7050.0,551.52,NVIDIA GeForce RTX 4070,[N/A],Enabled,Enabled
1709468812.564731,0,GPU-93ae0c7f-c327-aee3-adae-bc0d1dae71ea,0.37,0.4039244422732454,12282.0,7050.0,551.52,NVIDIA GeForce RTX 4070,[N/A],Enabled,Enabled
1709468813.564327,0,GPU-93ae0c7f-c327-aee3-adae-bc0d1dae71ea,0.4,0.4039244422732454,12282.0,7050.0,551.52,NVIDIA GeForce RTX 4070,[N/A],Enabled,Enabled
1709468814.564252,0,GPU-93ae0c7f-c327-aee3-adae-bc0d1dae71ea,0.37,0.4039244422732454,12282.0,7050.0,551.52,NVIDIA GeForce RTX 4070,[N/A],Enabled,Enabled
1709468815.564302,0,GPU-93ae0c7f-c327-aee3-adae-bc0d1dae71ea,0.38,0.4039244422732454,12282.0,7050.0,551.52,NVIDIA GeForce RTX 4070,[N/A],Enabled,Enabled
1709468816.564221,0,GPU-93ae0c7f-c327-aee3-adae-bc0d1dae71ea,0.37,0.4039244422732454,12282.0,7050.0,551.52,NVIDIA GeForce RTX 4070,[N/A],Enabled,Enabled
1709468817.564716,0,GPU-93ae0c7f-c327-aee3-adae-bc0d1dae71ea,0.39,0.4039244422732454,12282.0,7050.0,551.52,NVIDIA GeForce RTX 4070,[N/A],Enabled,Enabled
1709468818.564138,0,GPU-93ae0c7f-c327-aee3-adae-bc0d1dae71ea,0.38,0.4039244422732454,12282.0,7050.0,551.52,NVIDIA GeForce RTX 4070,[N/A],Enabled,Enabled
1709468819.564726,0,GPU-93ae0c7f-c327-aee3-adae-bc0d1dae71ea,0.38,0.4039244422732454,12282.0,7050.0,551.52,NVIDIA GeForce RTX 4070,[N/A],Enabled,Enabled
1709468820.565019,0,GPU-93ae0c7f-c327-aee3-adae-bc0d1dae71ea,0.37,0.4039244422732454,12282.0,7050.0,551.52,NVIDIA GeForce RTX 4070,[N/A],Enabled,Enabled
1709468821.564942,0,GPU-93ae0c7f-c327-aee3-adae-bc0d1dae71ea,0.36,0.4039244422732454,12282.0,7050.0,551.52,NVIDIA GeForce RTX 4070,[N/A],Enabled,Enabled
1709468822.564821,0,GPU-93ae0c7f-c327-aee3-adae-bc0d1dae71ea,0.37,0.4039244422732454,12282.0,7050.0,551.52,NVIDIA GeForce RTX 4070,[N/A],Enabled,Enabled
1709468823.565099,0,GPU-93ae0c7f-c327-aee3-adae-bc0d1dae71ea,0.4,0.4039244422732454,12282.0,7050.0,551.52,NVIDIA GeForce RTX 4070,[N/A],Enabled,Enabled
1709468824.56441,0,GPU-93ae0c7f-c327-aee3-adae-bc0d1dae71ea,0.37,0.4039244422732454,12282.0,7050.0,551.52,NVIDIA GeForce RTX 4070,[N/A],Enabled,Enabled
1709468825.564892,0,GPU-93ae0c7f-c327-aee3-adae-bc0d1dae71ea,0.39,0.4039244422732454,12282.0,7050.0,551.52,NVIDIA GeForce RTX 4070,[N/A],Enabled,Enabled
1709468826.564683,0,GPU-93ae0c7f-c327-aee3-adae-bc0d1dae71ea,0.39,0.4039244422732454,12282.0,7050.0,551.52,NVIDIA GeForce RTX 4070,[N/A],Enabled,Enabled
1709468827.565358,0,GPU-93ae0c7f-c327-aee3-adae-bc0d1dae71ea,0.4,0.4039244422732454,12282.0,7050.0,551.52,NVIDIA GeForce RTX 4070,[N/A],Enabled,Enabled
1709468828.56465,0,GPU-93ae0c7f-c327-aee3-adae-bc0d1dae71ea,0.38,0.4039244422732454,12282.0,7050.0,551.52,NVIDIA GeForce RTX 4070,[N/A],Enabled,Enabled
1709468829.564649,0,GPU-93ae0c7f-c327-aee3-adae-bc0d1dae71ea,0.4,0.4039244422732454,12282.0,7050.0,551.52,NVIDIA GeForce RTX 4070,[N/A],Enabled,Enabled
1709468830.565018,0,GPU-93ae0c7f-c327-aee3-adae-bc0d1dae71ea,0.4,0.4039244422732454,12282.0,7050.0,551.52,NVIDIA GeForce RTX 4070,[N/A],Enabled,Enabled
1709468831.56438,0,GPU-93ae0c7f-c327-aee3-adae-bc0d1dae71ea,0.38,0.4039244422732454,12282.0,7050.0,551.52,NVIDIA GeForce RTX 4070,[N/A],Enabled,Enabled
1709468832.564822,0,GPU-93ae0c7f-c327-aee3-adae-bc0d1dae71ea,0.37,0.4039244422732454,12282.0,7050.0,551.52,NVIDIA GeForce RTX 4070,[N/A],Enabled,Enabled
1709468833.564527,0,GPU-93ae0c7f-c327-aee3-adae-bc0d1dae71ea,0.4,0.4039244422732454,12282.0,7050.0,551.52,NVIDIA GeForce RTX 4070,[N/A],Enabled,Enabled
1709468834.564553,0,GPU-93ae0c7f-c327-aee3-adae-bc0d1dae71ea,0.37,0.4039244422732454,12282.0,7050.0,551.52,NVIDIA GeForce RTX 4070,[N/A],Enabled,Enabled
1709468835.563755,0,GPU-93ae0c7f-c327-aee3-adae-bc0d1dae71ea,0.39,0.4039244422732454,12282.0,7050.0,551.52,NVIDIA GeForce RTX 4070,[N/A],Enabled,Enabled
1709468836.565101,0,GPU-93ae0c7f-c327-aee3-adae-bc0d1dae71ea,0.37,0.4039244422732454,12282.0,7050.0,551.52,NVIDIA GeForce RTX 4070,[N/A],Enabled,Enabled
1709468837.565406,0,GPU-93ae0c7f-c327-aee3-adae-bc0d1dae71ea,0.38,0.4039244422732454,12282.0,7050.0,551.52,NVIDIA GeForce RTX 4070,[N/A],Enabled,Enabled
1709468838.564183,0,GPU-93ae0c7f-c327-aee3-adae-bc0d1dae71ea,0.34,0.4039244422732454,12282.0,7050.0,551.52,NVIDIA GeForce RTX 4070,[N/A],Enabled,Enabled
1709468839.564485,0,GPU-93ae0c7f-c327-aee3-adae-bc0d1dae71ea,0.36,0.4039244422732454,12282.0,7050.0,551.52,NVIDIA GeForce RTX 4070,[N/A],Enabled,Enabled
1709468840.564108,0,GPU-93ae0c7f-c327-aee3-adae-bc0d1dae71ea,0.35,0.4039244422732454,12282.0,7050.0,551.52,NVIDIA GeForce RTX 4070,[N/A],Enabled,Enabled
1709468841.564857,0,GPU-93ae0c7f-c327-aee3-adae-bc0d1dae71ea,0.37,0.4039244422732454,12282.0,7050.0,551.52,NVIDIA GeForce RTX 4070,[N/A],Enabled,Enabled
1709468842.56533,0,GPU-93ae0c7f-c327-aee3-adae-bc0d1dae71ea,0.37,0.4039244422732454,12282.0,7050.0,551.52,NVIDIA GeForce RTX 4070,[N/A],Enabled,Enabled
1709468843.564652,0,GPU-93ae0c7f-c327-aee3-adae-bc0d1dae71ea,0.35,0.4039244422732454,12282.0,7050.0,551.52,NVIDIA GeForce RTX 4070,[N/A],Enabled,Enabled
1709468844.56432,0,GPU-93ae0c7f-c327-aee3-adae-bc0d1dae71ea,0.38,0.4039244422732454,12282.0,7050.0,551.52,NVIDIA GeForce RTX 4070,[N/A],Enabled,Enabled
1709468845.564403,0,GPU-93ae0c7f-c327-aee3-adae-bc0d1dae71ea,0.43,0.4039244422732454,12282.0,7050.0,551.52,NVIDIA GeForce RTX 4070,[N/A],Enabled,Enabled
1709468846.564562,0,GPU-93ae0c7f-c327-aee3-adae-bc0d1dae71ea,0.37,0.4039244422732454,12282.0,7050.0,551.52,NVIDIA GeForce RTX 4070,[N/A],Enabled,Enabled
1709468847.564568,0,GPU-93ae0c7f-c327-aee3-adae-bc0d1dae71ea,0.37,0.4039244422732454,12282.0,7050.0,551.52,NVIDIA GeForce RTX 4070,[N/A],Enabled,Enabled
1709468848.564913,0,GPU-93ae0c7f-c327-aee3-adae-bc0d1dae71ea,0.35,0.4039244422732454,12282.0,7050.0,551.52,NVIDIA GeForce RTX 4070,[N/A],Enabled,Enabled
1709468849.564149,0,GPU-93ae0c7f-c327-aee3-adae-bc0d1dae71ea,0.41,0.4039244422732454,12282.0,7050.0,551.52,NVIDIA GeForce RTX 4070,[N/A],Enabled,Enabled
1709468850.563925,0,GPU-93ae0c7f-c327-aee3-adae-bc0d1dae71ea,0.37,0.4039244422732454,12282.0,7050.0,551.52,NVIDIA GeForce RTX 4070,[N/A],Enabled,Enabled
1709468851.564697,0,GPU-93ae0c7f-c327-aee3-adae-bc0d1dae71ea,0.4,0.4039244422732454,12282.0,7050.0,551.52,NVIDIA GeForce RTX 4070,[N/A],Enabled,Enabled
1709468852.564197,0,GPU-93ae0c7f-c327-aee3-adae-bc0d1dae71ea,0.39,0.4039244422732454,12282.0,7050.0,551.52,NVIDIA GeForce RTX 4070,[N/A],Enabled,Enabled
1709468853.564449,0,GPU-93ae0c7f-c327-aee3-adae-bc0d1dae71ea,0.39,0.4039244422732454,12282.0,7050.0,551.52,NVIDIA GeForce RTX 4070,[N/A],Enabled,Enabled
1709468854.564264,0,GPU-93ae0c7f-c327-aee3-adae-bc0d1dae71ea,0.37,0.4039244422732454,12282.0,7050.0,551.52,NVIDIA GeForce RTX 4070,[N/A],Enabled,Enabled
1709468855.565226,0,GPU-93ae0c7f-c327-aee3-adae-bc0d1dae71ea,0.41,0.4039244422732454,12282.0,7050.0,551.52,NVIDIA GeForce RTX 4070,[N/A],Enabled,Enabled
1709468856.564221,0,GPU-93ae0c7f-c327-aee3-adae-bc0d1dae71ea,0.39,0.4039244422732454,12282.0,7050.0,551.52,NVIDIA GeForce RTX 4070,[N/A],Enabled,Enabled
1709468857.564767,0,GPU-93ae0c7f-c327-aee3-adae-bc0d1dae71ea,0.38,0.4039244422732454,12282.0,7050.0,551.52,NVIDIA GeForce RTX 4070,[N/A],Enabled,Enabled
1709468858.564687,0,GPU-93ae0c7f-c327-aee3-adae-bc0d1dae71ea,0.36,0.4039244422732454,12282.0,7050.0,551.52,NVIDIA GeForce RTX 4070,[N/A],Enabled,Enabled
1709468859.564795,0,GPU-93ae0c7f-c327-aee3-adae-bc0d1dae71ea,0.37,0.4039244422732454,12282.0,7050.0,551.52,NVIDIA GeForce RTX 4070,[N/A],Enabled,Enabled
1709468860.564593,0,GPU-93ae0c7f-c327-aee3-adae-bc0d1dae71ea,0.38,0.4039244422732454,12282.0,7050.0,551.52,NVIDIA GeForce RTX 4070,[N/A],Enabled,Enabled
1709468861.564589,0,GPU-93ae0c7f-c327-aee3-adae-bc0d1dae71ea,0.39,0.4039244422732454,12282.0,7050.0,551.52,NVIDIA GeForce RTX 4070,[N/A],Enabled,Enabled
1709468862.564811,0,GPU-93ae0c7f-c327-aee3-adae-bc0d1dae71ea,0.37,0.4039244422732454,12282.0,7050.0,551.52,NVIDIA GeForce RTX 4070,[N/A],Enabled,Enabled
1709468863.563893,0,GPU-93ae0c7f-c327-aee3-adae-bc0d1dae71ea,0.39,0.4039244422732454,12282.0,7050.0,551.52,NVIDIA GeForce RTX 4070,[N/A],Enabled,Enabled
1709468864.564637,0,GPU-93ae0c7f-c327-aee3-adae-bc0d1dae71ea,0.38,0.4039244422732454,12282.0,7050.0,551.52,NVIDIA GeForce RTX 4070,[N/A],Enabled,Enabled
1709468865.564687,0,GPU-93ae0c7f-c327-aee3-adae-bc0d1dae71ea,0.39,0.4039244422732454,12282.0,7050.0,551.52,NVIDIA GeForce RTX 4070,[N/A],Enabled,Enabled
1709468866.564577,0,GPU-93ae0c7f-c327-aee3-adae-bc0d1dae71ea,0.38,0.4039244422732454,12282.0,7050.0,551.52,NVIDIA GeForce RTX 4070,[N/A],Enabled,Enabled
1709468867.564703,0,GPU-93ae0c7f-c327-aee3-adae-bc0d1dae71ea,0.4,0.4039244422732454,12282.0,7050.0,551.52,NVIDIA GeForce RTX 4070,[N/A],Enabled,Enabled
1709468868.564984,0,GPU-93ae0c7f-c327-aee3-adae-bc0d1dae71ea,0.37,0.4039244422732454,12282.0,7050.0,551.52,NVIDIA GeForce RTX 4070,[N/A],Enabled,Enabled
1709468869.565085,0,GPU-93ae0c7f-c327-aee3-adae-bc0d1dae71ea,0.4,0.4039244422732454,12282.0,7050.0,551.52,NVIDIA GeForce RTX 4070,[N/A],Enabled,Enabled
1709468870.56421,0,GPU-93ae0c7f-c327-aee3-adae-bc0d1dae71ea,0.39,0.4039244422732454,12282.0,7050.0,551.52,NVIDIA GeForce RTX 4070,[N/A],Enabled,Enabled
1709468871.564861,0,GPU-93ae0c7f-c327-aee3-adae-bc0d1dae71ea,0.37,0.4039244422732454,12282.0,7050.0,551.52,NVIDIA GeForce RTX 4070,[N/A],Enabled,Enabled
1709468872.56478,0,GPU-93ae0c7f-c327-aee3-adae-bc0d1dae71ea,0.38,0.4039244422732454,12282.0,7050.0,551.52,NVIDIA GeForce RTX 4070,[N/A],Enabled,Enabled
1709468873.564666,0,GPU-93ae0c7f-c327-aee3-adae-bc0d1dae71ea,0.42,0.4039244422732454,12282.0,7050.0,551.52,NVIDIA GeForce RTX 4070,[N/A],Enabled,Enabled
1709468874.564711,0,GPU-93ae0c7f-c327-aee3-adae-bc0d1dae71ea,0.37,0.4039244422732454,12282.0,7050.0,551.52,NVIDIA GeForce RTX 4070,[N/A],Enabled,Enabled
1709468875.564557,0,GPU-93ae0c7f-c327-aee3-adae-bc0d1dae71ea,0.41,0.4039244422732454,12282.0,7050.0,551.52,NVIDIA GeForce RTX 4070,[N/A],Enabled,Enabled
1709468876.564495,0,GPU-93ae0c7f-c327-aee3-adae-bc0d1dae71ea,0.38,0.4039244422732454,12282.0,7050.0,551.52,NVIDIA GeForce RTX 4070,[N/A],Enabled,Enabled
1709468877.563838,0,GPU-93ae0c7f-c327-aee3-adae-bc0d1dae71ea,0.37,0.4039244422732454,12282.0,7050.0,551.52,NVIDIA GeForce RTX 4070,[N/A],Enabled,Enabled
1709468878.564199,0,GPU-93ae0c7f-c327-aee3-adae-bc0d1dae71ea,0.4,0.4039244422732454,12282.0,7050.0,551.52,NVIDIA GeForce RTX 4070,[N/A],Enabled,Enabled
1709468879.564703,0,GPU-93ae0c7f-c327-aee3-adae-bc0d1dae71ea,0.35,0.4039244422732454,12282.0,7050.0,551.52,NVIDIA GeForce RTX 4070,[N/A],Enabled,Enabled
1709468880.564553,0,GPU-93ae0c7f-c327-aee3-adae-bc0d1dae71ea,0.38,0.4039244422732454,12282.0,7050.0,551.52,NVIDIA GeForce RTX 4070,[N/A],Enabled,Enabled
1709468881.564918,0,GPU-93ae0c7f-c327-aee3-adae-bc0d1dae71ea,0.4,0.4039244422732454,12282.0,7050.0,551.52,NVIDIA GeForce RTX 4070,[N/A],Enabled,Enabled
1709468882.564602,0,GPU-93ae0c7f-c327-aee3-adae-bc0d1dae71ea,0.39,0.4039244422732454,12282.0,7050.0,551.52,NVIDIA GeForce RTX 4070,[N/A],Enabled,Enabled
1709468883.564882,0,GPU-93ae0c7f-c327-aee3-adae-bc0d1dae71ea,0.38,0.4039244422732454,12282.0,7050.0,551.52,NVIDIA GeForce RTX 4070,[N/A],Enabled,Enabled
1709468884.564045,0,GPU-93ae0c7f-c327-aee3-adae-bc0d1dae71ea,0.36,0.4039244422732454,12282.0,7050.0,551.52,NVIDIA GeForce RTX 4070,[N/A],Enabled,Enabled
1709468885.564508,0,GPU-93ae0c7f-c327-aee3-adae-bc0d1dae71ea,0.42,0.4039244422732454,12282.0,7050.0,551.52,NVIDIA GeForce RTX 4070,[N/A],Enabled,Enabled
1709468886.564795,0,GPU-93ae0c7f-c327-aee3-adae-bc0d1dae71ea,0.39,0.4039244422732454,12282.0,7050.0,551.52,NVIDIA GeForce RTX 4070,[N/A],Enabled,Enabled
1709468887.564526,0,GPU-93ae0c7f-c327-aee3-adae-bc0d1dae71ea,0.39,0.4039244422732454,12282.0,7050.0,551.52,NVIDIA GeForce RTX 4070,[N/A],Enabled,Enabled
1709468888.564536,0,GPU-93ae0c7f-c327-aee3-adae-bc0d1dae71ea,0.37,0.4039244422732454,12282.0,7050.0,551.52,NVIDIA GeForce RTX 4070,[N/A],Enabled,Enabled
1709468889.564293,0,GPU-93ae0c7f-c327-aee3-adae-bc0d1dae71ea,0.37,0.4039244422732454,12282.0,7050.0,551.52,NVIDIA GeForce RTX 4070,[N/A],Enabled,Enabled
1709468890.564736,0,GPU-93ae0c7f-c327-aee3-adae-bc0d1dae71ea,0.34,0.4039244422732454,12282.0,7050.0,551.52,NVIDIA GeForce RTX 4070,[N/A],Enabled,Enabled
1709468891.564441,0,GPU-93ae0c7f-c327-aee3-adae-bc0d1dae71ea,0.36,0.4039244422732454,12282.0,7050.0,551.52,NVIDIA GeForce RTX 4070,[N/A],Enabled,Enabled
1709468892.564557,0,GPU-93ae0c7f-c327-aee3-adae-bc0d1dae71ea,0.38,0.4039244422732454,12282.0,7050.0,551.52,NVIDIA GeForce RTX 4070,[N/A],Enabled,Enabled
1709468893.564643,0,GPU-93ae0c7f-c327-aee3-adae-bc0d1dae71ea,0.38,0.4039244422732454,12282.0,7050.0,551.52,NVIDIA GeForce RTX 4070,[N/A],Enabled,Enabled
1709468894.564317,0,GPU-93ae0c7f-c327-aee3-adae-bc0d1dae71ea,0.38,0.4039244422732454,12282.0,7050.0,551.52,NVIDIA GeForce RTX 4070,[N/A],Enabled,Enabled
1709468895.56453,0,GPU-93ae0c7f-c327-aee3-adae-bc0d1dae71ea,0.43,0.4039244422732454,12282.0,7050.0,551.52,NVIDIA GeForce RTX 4070,[N/A],Enabled,Enabled
1709468896.564892,0,GPU-93ae0c7f-c327-aee3-adae-bc0d1dae71ea,0.35,0.4039244422732454,12282.0,7050.0,551.52,NVIDIA GeForce RTX 4070,[N/A],Enabled,Enabled
1709468897.564351,0,GPU-93ae0c7f-c327-aee3-adae-bc0d1dae71ea,0.41,0.4039244422732454,12282.0,7050.0,551.52,NVIDIA GeForce RTX 4070,[N/A],Enabled,Enabled
1709468898.565445,0,GPU-93ae0c7f-c327-aee3-adae-bc0d1dae71ea,0.36,0.4039244422732454,12282.0,7050.0,551.52,NVIDIA GeForce RTX 4070,[N/A],Enabled,Enabled
1709468899.565091,0,GPU-93ae0c7f-c327-aee3-adae-bc0d1dae71ea,0.39,0.4039244422732454,12282.0,7050.0,551.52,NVIDIA GeForce RTX 4070,[N/A],Enabled,Enabled
1709468900.564706,0,GPU-93ae0c7f-c327-aee3-adae-bc0d1dae71ea,0.39,0.4039244422732454,12282.0,7050.0,551.52,NVIDIA GeForce RTX 4070,[N/A],Enabled,Enabled
1709468901.564957,0,GPU-93ae0c7f-c327-aee3-adae-bc0d1dae71ea,0.36,0.4039244422732454,12282.0,7050.0,551.52,NVIDIA GeForce RTX 4070,[N/A],Enabled,Enabled
1709468902.565025,0,GPU-93ae0c7f-c327-aee3-adae-bc0d1dae71ea,0.39,0.4039244422732454,12282.0,7050.0,551.52,NVIDIA GeForce RTX 4070,[N/A],Enabled,Enabled
1709468903.564901,0,GPU-93ae0c7f-c327-aee3-adae-bc0d1dae71ea,0.4,0.4039244422732454,12282.0,7050.0,551.52,NVIDIA GeForce RTX 4070,[N/A],Enabled,Enabled
1709468904.56483,0,GPU-93ae0c7f-c327-aee3-adae-bc0d1dae71ea,0.38,0.4039244422732454,12282.0,7050.0,551.52,NVIDIA GeForce RTX 4070,[N/A],Enabled,Enabled
1709468905.564503,0,GPU-93ae0c7f-c327-aee3-adae-bc0d1dae71ea,0.38,0.4039244422732454,12282.0,7050.0,551.52,NVIDIA GeForce RTX 4070,[N/A],Enabled,Enabled
1709468906.564647,0,GPU-93ae0c7f-c327-aee3-adae-bc0d1dae71ea,0.37,0.4039244422732454,12282.0,7050.0,551.52,NVIDIA GeForce RTX 4070,[N/A],Enabled,Enabled
1709468907.564309,0,GPU-93ae0c7f-c327-aee3-adae-bc0d1dae71ea,0.44,0.4039244422732454,12282.0,7050.0,551.52,NVIDIA GeForce RTX 4070,[N/A],Enabled,Enabled
1709468908.564997,0,GPU-93ae0c7f-c327-aee3-adae-bc0d1dae71ea,0.44,0.4039244422732454,12282.0,7050.0,551.52,NVIDIA GeForce RTX 4070,[N/A],Enabled,Enabled
1709468909.564737,0,GPU-93ae0c7f-c327-aee3-adae-bc0d1dae71ea,0.4,0.4039244422732454,12282.0,7050.0,551.52,NVIDIA GeForce RTX 4070,[N/A],Enabled,Enabled
1709468910.564658,0,GPU-93ae0c7f-c327-aee3-adae-bc0d1dae71ea,0.36,0.4039244422732454,12282.0,7050.0,551.52,NVIDIA GeForce RTX 4070,[N/A],Enabled,Enabled
1709468911.564755,0,GPU-93ae0c7f-c327-aee3-adae-bc0d1dae71ea,0.4,0.4039244422732454,12282.0,7050.0,551.52,NVIDIA GeForce RTX 4070,[N/A],Enabled,Enabled
1709468912.564044,0,GPU-93ae0c7f-c327-aee3-adae-bc0d1dae71ea,0.38,0.4039244422732454,12282.0,7050.0,551.52,NVIDIA GeForce RTX 4070,[N/A],Enabled,Enabled
1709468913.564571,0,GPU-93ae0c7f-c327-aee3-adae-bc0d1dae71ea,0.37,0.4039244422732454,12282.0,7050.0,551.52,NVIDIA GeForce RTX 4070,[N/A],Enabled,Enabled
1709468914.565003,0,GPU-93ae0c7f-c327-aee3-adae-bc0d1dae71ea,0.37,0.4039244422732454,12282.0,7050.0,551.52,NVIDIA GeForce RTX 4070,[N/A],Enabled,Enabled
1709468915.564605,0,GPU-93ae0c7f-c327-aee3-adae-bc0d1dae71ea,0.42,0.4039244422732454,12282.0,7050.0,551.52,NVIDIA GeForce RTX 4070,[N/A],Enabled,Enabled
1709468916.564298,0,GPU-93ae0c7f-c327-aee3-adae-bc0d1dae71ea,0.4,0.4039244422732454,12282.0,7050.0,551.52,NVIDIA GeForce RTX 4070,[N/A],Enabled,Enabled
1709468917.564025,0,GPU-93ae0c7f-c327-aee3-adae-bc0d1dae71ea,0.4,0.4039244422732454,12282.0,7050.0,551.52,NVIDIA GeForce RTX 4070,[N/A],Enabled,Enabled
1709468918.564524,0,GPU-93ae0c7f-c327-aee3-adae-bc0d1dae71ea,0.37,0.4039244422732454,12282.0,7050.0,551.52,NVIDIA GeForce RTX 4070,[N/A],Enabled,Enabled
1709468919.564113,0,GPU-93ae0c7f-c327-aee3-adae-bc0d1dae71ea,0.43,0.4039244422732454,12282.0,7050.0,551.52,NVIDIA GeForce RTX 4070,[N/A],Enabled,Enabled
1709468920.564543,0,GPU-93ae0c7f-c327-aee3-adae-bc0d1dae71ea,0.43,0.4039244422732454,12282.0,7050.0,551.52,NVIDIA GeForce RTX 4070,[N/A],Enabled,Enabled
1709468921.564825,0,GPU-93ae0c7f-c327-aee3-adae-bc0d1dae71ea,0.4,0.4039244422732454,12282.0,7050.0,551.52,NVIDIA GeForce RTX 4070,[N/A],Enabled,Enabled
1709468922.564253,0,GPU-93ae0c7f-c327-aee3-adae-bc0d1dae71ea,0.37,0.4039244422732454,12282.0,7050.0,551.52,NVIDIA GeForce RTX 4070,[N/A],Enabled,Enabled
1709468923.565328,0,GPU-93ae0c7f-c327-aee3-adae-bc0d1dae71ea,0.39,0.4039244422732454,12282.0,7050.0,551.52,NVIDIA GeForce RTX 4070,[N/A],Enabled,Enabled
1709468924.564826,0,GPU-93ae0c7f-c327-aee3-adae-bc0d1dae71ea,0.38,0.4039244422732454,12282.0,7050.0,551.52,NVIDIA GeForce RTX 4070,[N/A],Enabled,Enabled
1709468925.565133,0,GPU-93ae0c7f-c327-aee3-adae-bc0d1dae71ea,0.4,0.4039244422732454,12282.0,7050.0,551.52,NVIDIA GeForce RTX 4070,[N/A],Enabled,Enabled
1709468926.564741,0,GPU-93ae0c7f-c327-aee3-adae-bc0d1dae71ea,0.39,0.4039244422732454,12282.0,7050.0,551.52,NVIDIA GeForce RTX 4070,[N/A],Enabled,Enabled
1709468927.56453,0,GPU-93ae0c7f-c327-aee3-adae-bc0d1dae71ea,0.38,0.4039244422732454,12282.0,7050.0,551.52,NVIDIA GeForce RTX 4070,[N/A],Enabled,Enabled
1709468928.564617,0,GPU-93ae0c7f-c327-aee3-adae-bc0d1dae71ea,0.39,0.4039244422732454,12282.0,7050.0,551.52,NVIDIA GeForce RTX 4070,[N/A],Enabled,Enabled
1709468929.564767,0,GPU-93ae0c7f-c327-aee3-adae-bc0d1dae71ea,0.4,0.4039244422732454,12282.0,7050.0,551.52,NVIDIA GeForce RTX 4070,[N/A],Enabled,Enabled
1709468930.564686,0,GPU-93ae0c7f-c327-aee3-adae-bc0d1dae71ea,0.4,0.4039244422732454,12282.0,7050.0,551.52,NVIDIA GeForce RTX 4070,[N/A],Enabled,Enabled
1709468931.564192,0,GPU-93ae0c7f-c327-aee3-adae-bc0d1dae71ea,0.39,0.4039244422732454,12282.0,7050.0,551.52,NVIDIA GeForce RTX 4070,[N/A],Enabled,Enabled
1709468932.564331,0,GPU-93ae0c7f-c327-aee3-adae-bc0d1dae71ea,0.4,0.4039244422732454,12282.0,7050.0,551.52,NVIDIA GeForce RTX 4070,[N/A],Enabled,Enabled
1709468933.564516,0,GPU-93ae0c7f-c327-aee3-adae-bc0d1dae71ea,0.44,0.4039244422732454,12282.0,7050.0,551.52,NVIDIA GeForce RTX 4070,[N/A],Enabled,Enabled
1709468934.564351,0,GPU-93ae0c7f-c327-aee3-adae-bc0d1dae71ea,0.36,0.4039244422732454,12282.0,7050.0,551.52,NVIDIA GeForce RTX 4070,[N/A],Enabled,Enabled
1709468935.564244,0,GPU-93ae0c7f-c327-aee3-adae-bc0d1dae71ea,0.41,0.4039244422732454,12282.0,7050.0,551.52,NVIDIA GeForce RTX 4070,[N/A],Enabled,Enabled
1709468936.564781,0,GPU-93ae0c7f-c327-aee3-adae-bc0d1dae71ea,0.38,0.4039244422732454,12282.0,7050.0,551.52,NVIDIA GeForce RTX 4070,[N/A],Enabled,Enabled
1709468937.564841,0,GPU-93ae0c7f-c327-aee3-adae-bc0d1dae71ea,0.37,0.4039244422732454,12282.0,7050.0,551.52,NVIDIA GeForce RTX 4070,[N/A],Enabled,Enabled
1709468938.56481,0,GPU-93ae0c7f-c327-aee3-adae-bc0d1dae71ea,0.39,0.4039244422732454,12282.0,7050.0,551.52,NVIDIA GeForce RTX 4070,[N/A],Enabled,Enabled
1709468939.56442,0,GPU-93ae0c7f-c327-aee3-adae-bc0d1dae71ea,0.41,0.4039244422732454,12282.0,7050.0,551.52,NVIDIA GeForce RTX 4070,[N/A],Enabled,Enabled
1709468940.564841,0,GPU-93ae0c7f-c327-aee3-adae-bc0d1dae71ea,0.39,0.4039244422732454,12282.0,7050.0,551.52,NVIDIA GeForce RTX 4070,[N/A],Enabled,Enabled
1709468941.564579,0,GPU-93ae0c7f-c327-aee3-adae-bc0d1dae71ea,0.41,0.4039244422732454,12282.0,7050.0,551.52,NVIDIA GeForce RTX 4070,[N/A],Enabled,Enabled
1709468942.564769,0,GPU-93ae0c7f-c327-aee3-adae-bc0d1dae71ea,0.37,0.4039244422732454,12282.0,7050.0,551.52,NVIDIA GeForce RTX 4070,[N/A],Enabled,Enabled
1709468943.565025,0,GPU-93ae0c7f-c327-aee3-adae-bc0d1dae71ea,0.39,0.4039244422732454,12282.0,7050.0,551.52,NVIDIA GeForce RTX 4070,[N/A],Enabled,Enabled
1709468944.564196,0,GPU-93ae0c7f-c327-aee3-adae-bc0d1dae71ea,0.36,0.4039244422732454,12282.0,7050.0,551.52,NVIDIA GeForce RTX 4070,[N/A],Enabled,Enabled
1709468945.564742,0,GPU-93ae0c7f-c327-aee3-adae-bc0d1dae71ea,0.36,0.4039244422732454,12282.0,7050.0,551.52,NVIDIA GeForce RTX 4070,[N/A],Enabled,Enabled
1709468946.564054,0,GPU-93ae0c7f-c327-aee3-adae-bc0d1dae71ea,0.38,0.4039244422732454,12282.0,7050.0,551.52,NVIDIA GeForce RTX 4070,[N/A],Enabled,Enabled
1709468947.564198,0,GPU-93ae0c7f-c327-aee3-adae-bc0d1dae71ea,0.39,0.4039244422732454,12282.0,7050.0,551.52,NVIDIA GeForce RTX 4070,[N/A],Enabled,Enabled
1709468948.56478,0,GPU-93ae0c7f-c327-aee3-adae-bc0d1dae71ea,0.36,0.4039244422732454,12282.0,7050.0,551.52,NVIDIA GeForce RTX 4070,[N/A],Enabled,Enabled
1709468949.56432,0,GPU-93ae0c7f-c327-aee3-adae-bc0d1dae71ea,0.37,0.4039244422732454,12282.0,7050.0,551.52,NVIDIA GeForce RTX 4070,[N/A],Enabled,Enabled
1709468950.564914,0,GPU-93ae0c7f-c327-aee3-adae-bc0d1dae71ea,0.38,0.4039244422732454,12282.0,7050.0,551.52,NVIDIA GeForce RTX 4070,[N/A],Enabled,Enabled
1709468951.563831,0,GPU-93ae0c7f-c327-aee3-adae-bc0d1dae71ea,0.38,0.4039244422732454,12282.0,7050.0,551.52,NVIDIA GeForce RTX 4070,[N/A],Enabled,Enabled
1709468952.564965,0,GPU-93ae0c7f-c327-aee3-adae-bc0d1dae71ea,0.36,0.4039244422732454,12282.0,7050.0,551.52,NVIDIA GeForce RTX 4070,[N/A],Enabled,Enabled
1709468953.564543,0,GPU-93ae0c7f-c327-aee3-adae-bc0d1dae71ea,0.41,0.4039244422732454,12282.0,7050.0,551.52,NVIDIA GeForce RTX 4070,[N/A],Enabled,Enabled
1709468954.56437,0,GPU-93ae0c7f-c327-aee3-adae-bc0d1dae71ea,0.39,0.4039244422732454,12282.0,7050.0,551.52,NVIDIA GeForce RTX 4070,[N/A],Enabled,Enabled
1709468955.56457,0,GPU-93ae0c7f-c327-aee3-adae-bc0d1dae71ea,0.37,0.4039244422732454,12282.0,7050.0,551.52,NVIDIA GeForce RTX 4070,[N/A],Enabled,Enabled
1709468956.564527,0,GPU-93ae0c7f-c327-aee3-adae-bc0d1dae71ea,0.37,0.4039244422732454,12282.0,7050.0,551.52,NVIDIA GeForce RTX 4070,[N/A],Enabled,Enabled
1709468957.56498,0,GPU-93ae0c7f-c327-aee3-adae-bc0d1dae71ea,0.41,0.4039244422732454,12282.0,7050.0,551.52,NVIDIA GeForce RTX 4070,[N/A],Enabled,Enabled
1709468958.564655,0,GPU-93ae0c7f-c327-aee3-adae-bc0d1dae71ea,0.38,0.4039244422732454,12282.0,7050.0,551.52,NVIDIA GeForce RTX 4070,[N/A],Enabled,Enabled
1709468959.564899,0,GPU-93ae0c7f-c327-aee3-adae-bc0d1dae71ea,0.38,0.4039244422732454,12282.0,7050.0,551.52,NVIDIA GeForce RTX 4070,[N/A],Enabled,Enabled
1709468960.564744,0,GPU-93ae0c7f-c327-aee3-adae-bc0d1dae71ea,0.36,0.4039244422732454,12282.0,7050.0,551.52,NVIDIA GeForce RTX 4070,[N/A],Enabled,Enabled
1709468961.564837,0,GPU-93ae0c7f-c327-aee3-adae-bc0d1dae71ea,0.43,0.4039244422732454,12282.0,7050.0,551.52,NVIDIA GeForce RTX 4070,[N/A],Enabled,Enabled
1709468962.564663,0,GPU-93ae0c7f-c327-aee3-adae-bc0d1dae71ea,0.43,0.4039244422732454,12282.0,7050.0,551.52,NVIDIA GeForce RTX 4070,[N/A],Enabled,Enabled
1709468963.564543,0,GPU-93ae0c7f-c327-aee3-adae-bc0d1dae71ea,0.43,0.4039244422732454,12282.0,7050.0,551.52,NVIDIA GeForce RTX 4070,[N/A],Enabled,Enabled
1709468964.564216,0,GPU-93ae0c7f-c327-aee3-adae-bc0d1dae71ea,0.36,0.4039244422732454,12282.0,7050.0,551.52,NVIDIA GeForce RTX 4070,[N/A],Enabled,Enabled
1709468965.564471,0,GPU-93ae0c7f-c327-aee3-adae-bc0d1dae71ea,0.42,0.4039244422732454,12282.0,7050.0,551.52,NVIDIA GeForce RTX 4070,[N/A],Enabled,Enabled
1709468966.564362,0,GPU-93ae0c7f-c327-aee3-adae-bc0d1dae71ea,0.36,0.4039244422732454,12282.0,7050.0,551.52,NVIDIA GeForce RTX 4070,[N/A],Enabled,Enabled
1709468967.564481,0,GPU-93ae0c7f-c327-aee3-adae-bc0d1dae71ea,0.37,0.4039244422732454,12282.0,7050.0,551.52,NVIDIA GeForce RTX 4070,[N/A],Enabled,Enabled
1709468968.564363,0,GPU-93ae0c7f-c327-aee3-adae-bc0d1dae71ea,0.42,0.4039244422732454,12282.0,7050.0,551.52,NVIDIA GeForce RTX 4070,[N/A],Enabled,Enabled
1709468969.563859,0,GPU-93ae0c7f-c327-aee3-adae-bc0d1dae71ea,0.41,0.4039244422732454,12282.0,7050.0,551.52,NVIDIA GeForce RTX 4070,[N/A],Enabled,Enabled
1709468970.564509,0,GPU-93ae0c7f-c327-aee3-adae-bc0d1dae71ea,0.38,0.4039244422732454,12282.0,7050.0,551.52,NVIDIA GeForce RTX 4070,[N/A],Enabled,Enabled
1709468971.564665,0,GPU-93ae0c7f-c327-aee3-adae-bc0d1dae71ea,0.41,0.4039244422732454,12282.0,7050.0,551.52,NVIDIA GeForce RTX 4070,[N/A],Enabled,Enabled
1709468972.565527,0,GPU-93ae0c7f-c327-aee3-adae-bc0d1dae71ea,0.4,0.4039244422732454,12282.0,7050.0,551.52,NVIDIA GeForce RTX 4070,[N/A],Enabled,Enabled
1709468973.564633,0,GPU-93ae0c7f-c327-aee3-adae-bc0d1dae71ea,0.44,0.4039244422732454,12282.0,7050.0,551.52,NVIDIA GeForce RTX 4070,[N/A],Enabled,Enabled
1709468974.564574,0,GPU-93ae0c7f-c327-aee3-adae-bc0d1dae71ea,0.43,0.4039244422732454,12282.0,7050.0,551.52,NVIDIA GeForce RTX 4070,[N/A],Enabled,Enabled
1709468975.564491,0,GPU-93ae0c7f-c327-aee3-adae-bc0d1dae71ea,0.43,0.4039244422732454,12282.0,7050.0,551.52,NVIDIA GeForce RTX 4070,[N/A],Enabled,Enabled
1709468976.564032,0,GPU-93ae0c7f-c327-aee3-adae-bc0d1dae71ea,0.39,0.4039244422732454,12282.0,7050.0,551.52,NVIDIA GeForce RTX 4070,[N/A],Enabled,Enabled
1709468977.565184,0,GPU-93ae0c7f-c327-aee3-adae-bc0d1dae71ea,0.38,0.4039244422732454,12282.0,7050.0,551.52,NVIDIA GeForce RTX 4070,[N/A],Enabled,Enabled
1709468978.564055,0,GPU-93ae0c7f-c327-aee3-adae-bc0d1dae71ea,0.41,0.4039244422732454,12282.0,7050.0,551.52,NVIDIA GeForce RTX 4070,[N/A],Enabled,Enabled
1709468979.565024,0,GPU-93ae0c7f-c327-aee3-adae-bc0d1dae71ea,0.42,0.4039244422732454,12282.0,7050.0,551.52,NVIDIA GeForce RTX 4070,[N/A],Enabled,Enabled
1709468980.565032,0,GPU-93ae0c7f-c327-aee3-adae-bc0d1dae71ea,0.42,0.4039244422732454,12282.0,7050.0,551.52,NVIDIA GeForce RTX 4070,[N/A],Enabled,Enabled
1709468981.564554,0,GPU-93ae0c7f-c327-aee3-adae-bc0d1dae71ea,0.41,0.4039244422732454,12282.0,7050.0,551.52,NVIDIA GeForce RTX 4070,[N/A],Enabled,Enabled
1709468982.564697,0,GPU-93ae0c7f-c327-aee3-adae-bc0d1dae71ea,0.39,0.4039244422732454,12282.0,7050.0,551.52,NVIDIA GeForce RTX 4070,[N/A],Enabled,Enabled
1709468983.564483,0,GPU-93ae0c7f-c327-aee3-adae-bc0d1dae71ea,0.43,0.4039244422732454,12282.0,7050.0,551.52,NVIDIA GeForce RTX 4070,[N/A],Enabled,Enabled
1709468984.565083,0,GPU-93ae0c7f-c327-aee3-adae-bc0d1dae71ea,0.36,0.4039244422732454,12282.0,7050.0,551.52,NVIDIA GeForce RTX 4070,[N/A],Enabled,Enabled
1709468985.564252,0,GPU-93ae0c7f-c327-aee3-adae-bc0d1dae71ea,0.37,0.4039244422732454,12282.0,7050.0,551.52,NVIDIA GeForce RTX 4070,[N/A],Enabled,Enabled
1709468986.564515,0,GPU-93ae0c7f-c327-aee3-adae-bc0d1dae71ea,0.4,0.4039244422732454,12282.0,7050.0,551.52,NVIDIA GeForce RTX 4070,[N/A],Enabled,Enabled
1709468987.564581,0,GPU-93ae0c7f-c327-aee3-adae-bc0d1dae71ea,0.41,0.4039244422732454,12282.0,7050.0,551.52,NVIDIA GeForce RTX 4070,[N/A],Enabled,Enabled
1709468988.564254,0,GPU-93ae0c7f-c327-aee3-adae-bc0d1dae71ea,0.39,0.4039244422732454,12282.0,7050.0,551.52,NVIDIA GeForce RTX 4070,[N/A],Enabled,Enabled
1709468989.564868,0,GPU-93ae0c7f-c327-aee3-adae-bc0d1dae71ea,0.36,0.4039244422732454,12282.0,7050.0,551.52,NVIDIA GeForce RTX 4070,[N/A],Enabled,Enabled
1709468990.565369,0,GPU-93ae0c7f-c327-aee3-adae-bc0d1dae71ea,0.41,0.4039244422732454,12282.0,7050.0,551.52,NVIDIA GeForce RTX 4070,[N/A],Enabled,Enabled
1709468991.564206,0,GPU-93ae0c7f-c327-aee3-adae-bc0d1dae71ea,0.36,0.4039244422732454,12282.0,7050.0,551.52,NVIDIA GeForce RTX 4070,[N/A],Enabled,Enabled
1709468992.56474,0,GPU-93ae0c7f-c327-aee3-adae-bc0d1dae71ea,0.33,0.4039244422732454,12282.0,7050.0,551.52,NVIDIA GeForce RTX 4070,[N/A],Enabled,Enabled
1709468993.56394,0,GPU-93ae0c7f-c327-aee3-adae-bc0d1dae71ea,0.3,0.4008304836345872,12282.0,7088.0,551.52,NVIDIA GeForce RTX 4070,[N/A],Enabled,Enabled
1709468994.564842,0,GPU-93ae0c7f-c327-aee3-adae-bc0d1dae71ea,0.3,0.4008304836345872,12282.0,7088.0,551.52,NVIDIA GeForce RTX 4070,[N/A],Enabled,Enabled
1709468995.564747,0,GPU-93ae0c7f-c327-aee3-adae-bc0d1dae71ea,0.27,0.396596645497476,12282.0,7140.0,551.52,NVIDIA GeForce RTX 4070,[N/A],Enabled,Enabled
1709468996.564851,0,GPU-93ae0c7f-c327-aee3-adae-bc0d1dae71ea,0.27,0.396596645497476,12282.0,7140.0,551.52,NVIDIA GeForce RTX 4070,[N/A],Enabled,Enabled
1709468997.564959,0,GPU-93ae0c7f-c327-aee3-adae-bc0d1dae71ea,0.27,0.396596645497476,12282.0,7140.0,551.52,NVIDIA GeForce RTX 4070,[N/A],Enabled,Enabled
1709468998.564646,0,GPU-93ae0c7f-c327-aee3-adae-bc0d1dae71ea,0.29,0.4008304836345872,12282.0,7088.0,551.52,NVIDIA GeForce RTX 4070,[N/A],Enabled,Enabled
1709468999.564734,0,GPU-93ae0c7f-c327-aee3-adae-bc0d1dae71ea,0.27,0.396596645497476,12282.0,7140.0,551.52,NVIDIA GeForce RTX 4070,[N/A],Enabled,Enabled
1709469000.564542,0,GPU-93ae0c7f-c327-aee3-adae-bc0d1dae71ea,0.31,0.4008304836345872,12282.0,7088.0,551.52,NVIDIA GeForce RTX 4070,[N/A],Enabled,Enabled
1709469001.564715,0,GPU-93ae0c7f-c327-aee3-adae-bc0d1dae71ea,0.27,0.396596645497476,12282.0,7140.0,551.52,NVIDIA GeForce RTX 4070,[N/A],Enabled,Enabled
1709469002.564357,0,GPU-93ae0c7f-c327-aee3-adae-bc0d1dae71ea,0.28,0.396596645497476,12282.0,7140.0,551.52,NVIDIA GeForce RTX 4070,[N/A],Enabled,Enabled
1709469003.564175,0,GPU-93ae0c7f-c327-aee3-adae-bc0d1dae71ea,0.27,0.396596645497476,12282.0,7140.0,551.52,NVIDIA GeForce RTX 4070,[N/A],Enabled,Enabled
1709469004.564564,0,GPU-93ae0c7f-c327-aee3-adae-bc0d1dae71ea,0.27,0.396596645497476,12282.0,7140.0,551.52,NVIDIA GeForce RTX 4070,[N/A],Enabled,Enabled
1709469005.564232,0,GPU-93ae0c7f-c327-aee3-adae-bc0d1dae71ea,0.27,0.396596645497476,12282.0,7140.0,551.52,NVIDIA GeForce RTX 4070,[N/A],Enabled,Enabled
1709469006.565077,0,GPU-93ae0c7f-c327-aee3-adae-bc0d1dae71ea,0.27,0.396596645497476,12282.0,7140.0,551.52,NVIDIA GeForce RTX 4070,[N/A],Enabled,Enabled
1709469007.564976,0,GPU-93ae0c7f-c327-aee3-adae-bc0d1dae71ea,0.27,0.396596645497476,12282.0,7140.0,551.52,NVIDIA GeForce RTX 4070,[N/A],Enabled,Enabled
1709469008.563992,0,GPU-93ae0c7f-c327-aee3-adae-bc0d1dae71ea,0.14,0.21706562449112524,12282.0,9345.0,551.52,NVIDIA GeForce RTX 4070,[N/A],Enabled,Enabled
1709469009.564345,0,GPU-93ae0c7f-c327-aee3-adae-bc0d1dae71ea,0.16,0.21706562449112524,12282.0,9345.0,551.52,NVIDIA GeForce RTX 4070,[N/A],Enabled,Enabled
1709469010.564444,0,GPU-93ae0c7f-c327-aee3-adae-bc0d1dae71ea,0.14,0.21706562449112524,12282.0,9345.0,551.52,NVIDIA GeForce RTX 4070,[N/A],Enabled,Enabled
