timestamp,id,uuid,load,memoryUtil,memoryTotal,memoryUsed,memoryFree,driver,name,serial,display_mode,display_active
1702755064.075908,0,GPU-b342434c-f6b6-7627-333e-da750a9991e6,0.16,0.30126953125,10240.0,6981.0,546.17,NVIDIA GeForce RTX 3080,[N/A],Enabled,Enabled
1702755065.070815,0,GPU-b342434c-f6b6-7627-333e-da750a9991e6,0.17,0.30126953125,10240.0,6981.0,546.17,NVIDIA GeForce RTX 3080,[N/A],Enabled,Enabled
1702755066.070998,0,GPU-b342434c-f6b6-7627-333e-da750a9991e6,0.15,0.30126953125,10240.0,6981.0,546.17,NVIDIA GeForce RTX 3080,[N/A],Enabled,Enabled
1702755067.07097,0,GPU-b342434c-f6b6-7627-333e-da750a9991e6,0.16,0.30126953125,10240.0,6981.0,546.17,NVIDIA GeForce RTX 3080,[N/A],Enabled,Enabled
1702755068.071051,0,GPU-b342434c-f6b6-7627-333e-da750a9991e6,0.17,0.30126953125,10240.0,6981.0,546.17,NVIDIA GeForce RTX 3080,[N/A],Enabled,Enabled
1702755069.070916,0,GPU-b342434c-f6b6-7627-333e-da750a9991e6,0.16,0.3009765625,10240.0,6984.0,546.17,NVIDIA GeForce RTX 3080,[N/A],Enabled,Enabled
1702755070.070652,0,GPU-b342434c-f6b6-7627-333e-da750a9991e6,0.16,0.3009765625,10240.0,6984.0,546.17,NVIDIA GeForce RTX 3080,[N/A],Enabled,Enabled
1702755071.07053,0,GPU-b342434c-f6b6-7627-333e-da750a9991e6,0.16,0.3009765625,10240.0,6984.0,546.17,NVIDIA GeForce RTX 3080,[N/A],Enabled,Enabled
1702755072.070376,0,GPU-b342434c-f6b6-7627-333e-da750a9991e6,0.16,0.30009765625,10240.0,6993.0,546.17,NVIDIA GeForce RTX 3080,[N/A],Enabled,Enabled
1702755073.070746,0,GPU-b342434c-f6b6-7627-333e-da750a9991e6,0.16,0.30009765625,10240.0,6993.0,546.17,NVIDIA GeForce RTX 3080,[N/A],Enabled,Enabled
1702755074.071388,0,GPU-b342434c-f6b6-7627-333e-da750a9991e6,0.15,0.30009765625,10240.0,6993.0,546.17,NVIDIA GeForce RTX 3080,[N/A],Enabled,Enabled
1702755075.071065,0,GPU-b342434c-f6b6-7627-333e-da750a9991e6,0.15,0.30009765625,10240.0,6993.0,546.17,NVIDIA GeForce RTX 3080,[N/A],Enabled,Enabled
1702755076.070293,0,GPU-b342434c-f6b6-7627-333e-da750a9991e6,0.15,0.30009765625,10240.0,6993.0,546.17,NVIDIA GeForce RTX 3080,[N/A],Enabled,Enabled
1702755077.071318,0,GPU-b342434c-f6b6-7627-333e-da750a9991e6,0.16,0.30009765625,10240.0,6993.0,546.17,NVIDIA GeForce RTX 3080,[N/A],Enabled,Enabled
1702755078.071198,0,GPU-b342434c-f6b6-7627-333e-da750a9991e6,0.15,0.30009765625,10240.0,6993.0,546.17,NVIDIA GeForce RTX 3080,[N/A],Enabled,Enabled
1702755079.070904,0,GPU-b342434c-f6b6-7627-333e-da750a9991e6,0.16,0.29541015625,10240.0,7041.0,546.17,NVIDIA GeForce RTX 3080,[N/A],Enabled,Enabled
1702755080.070602,0,GPU-b342434c-f6b6-7627-333e-da750a9991e6,0.16,0.2951171875,10240.0,7044.0,546.17,NVIDIA GeForce RTX 3080,[N/A],Enabled,Enabled
1702755081.071096,0,GPU-b342434c-f6b6-7627-333e-da750a9991e6,0.15,0.295703125,10240.0,7038.0,546.17,NVIDIA GeForce RTX 3080,[N/A],Enabled,Enabled
1702755082.070663,0,GPU-b342434c-f6b6-7627-333e-da750a9991e6,0.15,0.2955078125,10240.0,7040.0,546.17,NVIDIA GeForce RTX 3080,[N/A],Enabled,Enabled
1702755083.070546,0,GPU-b342434c-f6b6-7627-333e-da750a9991e6,0.15,0.2951171875,10240.0,7044.0,546.17,NVIDIA GeForce RTX 3080,[N/A],Enabled,Enabled
1702755084.070158,0,GPU-b342434c-f6b6-7627-333e-da750a9991e6,0.18,0.29736328125,10240.0,7021.0,546.17,NVIDIA GeForce RTX 3080,[N/A],Enabled,Enabled
1702755085.070732,0,GPU-b342434c-f6b6-7627-333e-da750a9991e6,0.31,0.48740234375,10240.0,5075.0,546.17,NVIDIA GeForce RTX 3080,[N/A],Enabled,Enabled
1702755086.070975,0,GPU-b342434c-f6b6-7627-333e-da750a9991e6,0.11,0.43369140625,10240.0,5625.0,546.17,NVIDIA GeForce RTX 3080,[N/A],Enabled,Enabled
1702755087.071012,0,GPU-b342434c-f6b6-7627-333e-da750a9991e6,0.15,0.4390625,10240.0,5570.0,546.17,NVIDIA GeForce RTX 3080,[N/A],Enabled,Enabled
1702755088.071407,0,GPU-b342434c-f6b6-7627-333e-da750a9991e6,0.11,0.4390625,10240.0,5570.0,546.17,NVIDIA GeForce RTX 3080,[N/A],Enabled,Enabled
1702755089.071492,0,GPU-b342434c-f6b6-7627-333e-da750a9991e6,0.06,0.45078125,10240.0,5450.0,546.17,NVIDIA GeForce RTX 3080,[N/A],Enabled,Enabled
1702755090.071145,0,GPU-b342434c-f6b6-7627-333e-da750a9991e6,0.13,0.3814453125,10240.0,6160.0,546.17,NVIDIA GeForce RTX 3080,[N/A],Enabled,Enabled
1702755091.071153,0,GPU-b342434c-f6b6-7627-333e-da750a9991e6,0.14,0.38154296875,10240.0,6159.0,546.17,NVIDIA GeForce RTX 3080,[N/A],Enabled,Enabled
1702755092.070957,0,GPU-b342434c-f6b6-7627-333e-da750a9991e6,0.13,0.377734375,10240.0,6198.0,546.17,NVIDIA GeForce RTX 3080,[N/A],Enabled,Enabled
1702755093.071098,0,GPU-b342434c-f6b6-7627-333e-da750a9991e6,0.17,0.3814453125,10240.0,6160.0,546.17,NVIDIA GeForce RTX 3080,[N/A],Enabled,Enabled
1702755094.070592,0,GPU-b342434c-f6b6-7627-333e-da750a9991e6,0.1,0.42646484375,10240.0,5699.0,546.17,NVIDIA GeForce RTX 3080,[N/A],Enabled,Enabled
1702755095.071255,0,GPU-b342434c-f6b6-7627-333e-da750a9991e6,0.14,0.383203125,10240.0,6142.0,546.17,NVIDIA GeForce RTX 3080,[N/A],Enabled,Enabled
1702755096.070417,0,GPU-b342434c-f6b6-7627-333e-da750a9991e6,0.14,0.37939453125,10240.0,6181.0,546.17,NVIDIA GeForce RTX 3080,[N/A],Enabled,Enabled
1702755097.071481,0,GPU-b342434c-f6b6-7627-333e-da750a9991e6,0.13,0.383203125,10240.0,6142.0,546.17,NVIDIA GeForce RTX 3080,[N/A],Enabled,Enabled
1702755098.071006,0,GPU-b342434c-f6b6-7627-333e-da750a9991e6,0.13,0.3794921875,10240.0,6180.0,546.17,NVIDIA GeForce RTX 3080,[N/A],Enabled,Enabled
1702755099.070788,0,GPU-b342434c-f6b6-7627-333e-da750a9991e6,0.14,0.3794921875,10240.0,6180.0,546.17,NVIDIA GeForce RTX 3080,[N/A],Enabled,Enabled
1702755100.070828,0,GPU-b342434c-f6b6-7627-333e-da750a9991e6,0.15,0.383203125,10240.0,6142.0,546.17,NVIDIA GeForce RTX 3080,[N/A],Enabled,Enabled
1702755101.070615,0,GPU-b342434c-f6b6-7627-333e-da750a9991e6,0.14,0.383203125,10240.0,6142.0,546.17,NVIDIA GeForce RTX 3080,[N/A],Enabled,Enabled
1702755102.07069,0,GPU-b342434c-f6b6-7627-333e-da750a9991e6,0.14,0.383203125,10240.0,6142.0,546.17,NVIDIA GeForce RTX 3080,[N/A],Enabled,Enabled
1702755103.070607,0,GPU-b342434c-f6b6-7627-333e-da750a9991e6,0.14,0.3794921875,10240.0,6180.0,546.17,NVIDIA GeForce RTX 3080,[N/A],Enabled,Enabled
1702755104.071138,0,GPU-b342434c-f6b6-7627-333e-da750a9991e6,0.14,0.3794921875,10240.0,6180.0,546.17,NVIDIA GeForce RTX 3080,[N/A],Enabled,Enabled
1702755105.07054,0,GPU-b342434c-f6b6-7627-333e-da750a9991e6,0.13,0.3794921875,10240.0,6180.0,546.17,NVIDIA GeForce RTX 3080,[N/A],Enabled,Enabled
1702755106.070624,0,GPU-b342434c-f6b6-7627-333e-da750a9991e6,0.14,0.383203125,10240.0,6142.0,546.17,NVIDIA GeForce RTX 3080,[N/A],Enabled,Enabled
1702755107.070742,0,GPU-b342434c-f6b6-7627-333e-da750a9991e6,0.14,0.37978515625,10240.0,6177.0,546.17,NVIDIA GeForce RTX 3080,[N/A],Enabled,Enabled
1702755108.071145,0,GPU-b342434c-f6b6-7627-333e-da750a9991e6,0.17,0.392578125,10240.0,6046.0,546.17,NVIDIA GeForce RTX 3080,[N/A],Enabled,Enabled
1702755109.071083,0,GPU-b342434c-f6b6-7627-333e-da750a9991e6,0.17,0.392578125,10240.0,6046.0,546.17,NVIDIA GeForce RTX 3080,[N/A],Enabled,Enabled
1702755110.070299,0,GPU-b342434c-f6b6-7627-333e-da750a9991e6,0.17,0.392578125,10240.0,6046.0,546.17,NVIDIA GeForce RTX 3080,[N/A],Enabled,Enabled
1702755111.07071,0,GPU-b342434c-f6b6-7627-333e-da750a9991e6,0.17,0.392578125,10240.0,6046.0,546.17,NVIDIA GeForce RTX 3080,[N/A],Enabled,Enabled
1702755112.071158,0,GPU-b342434c-f6b6-7627-333e-da750a9991e6,0.17,0.392578125,10240.0,6046.0,546.17,NVIDIA GeForce RTX 3080,[N/A],Enabled,Enabled
1702755113.070559,0,GPU-b342434c-f6b6-7627-333e-da750a9991e6,0.16,0.392578125,10240.0,6046.0,546.17,NVIDIA GeForce RTX 3080,[N/A],Enabled,Enabled
1702755114.071055,0,GPU-b342434c-f6b6-7627-333e-da750a9991e6,0.16,0.392578125,10240.0,6046.0,546.17,NVIDIA GeForce RTX 3080,[N/A],Enabled,Enabled
1702755115.071415,0,GPU-b342434c-f6b6-7627-333e-da750a9991e6,0.17,0.392578125,10240.0,6046.0,546.17,NVIDIA GeForce RTX 3080,[N/A],Enabled,Enabled
1702755116.071145,0,GPU-b342434c-f6b6-7627-333e-da750a9991e6,0.17,0.392578125,10240.0,6046.0,546.17,NVIDIA GeForce RTX 3080,[N/A],Enabled,Enabled
1702755117.07126,0,GPU-b342434c-f6b6-7627-333e-da750a9991e6,0.17,0.392578125,10240.0,6046.0,546.17,NVIDIA GeForce RTX 3080,[N/A],Enabled,Enabled
1702755118.07026,0,GPU-b342434c-f6b6-7627-333e-da750a9991e6,0.17,0.392578125,10240.0,6046.0,546.17,NVIDIA GeForce RTX 3080,[N/A],Enabled,Enabled
1702755119.071267,0,GPU-b342434c-f6b6-7627-333e-da750a9991e6,0.17,0.392578125,10240.0,6046.0,546.17,NVIDIA GeForce RTX 3080,[N/A],Enabled,Enabled
1702755120.071032,0,GPU-b342434c-f6b6-7627-333e-da750a9991e6,0.17,0.392578125,10240.0,6046.0,546.17,NVIDIA GeForce RTX 3080,[N/A],Enabled,Enabled
1702755121.070701,0,GPU-b342434c-f6b6-7627-333e-da750a9991e6,0.16,0.392578125,10240.0,6046.0,546.17,NVIDIA GeForce RTX 3080,[N/A],Enabled,Enabled
1702755122.070528,0,GPU-b342434c-f6b6-7627-333e-da750a9991e6,0.17,0.392578125,10240.0,6046.0,546.17,NVIDIA GeForce RTX 3080,[N/A],Enabled,Enabled
1702755123.071233,0,GPU-b342434c-f6b6-7627-333e-da750a9991e6,0.17,0.392578125,10240.0,6046.0,546.17,NVIDIA GeForce RTX 3080,[N/A],Enabled,Enabled
1702755124.070837,0,GPU-b342434c-f6b6-7627-333e-da750a9991e6,0.17,0.392578125,10240.0,6046.0,546.17,NVIDIA GeForce RTX 3080,[N/A],Enabled,Enabled
1702755125.071415,0,GPU-b342434c-f6b6-7627-333e-da750a9991e6,0.17,0.392578125,10240.0,6046.0,546.17,NVIDIA GeForce RTX 3080,[N/A],Enabled,Enabled
1702755126.070322,0,GPU-b342434c-f6b6-7627-333e-da750a9991e6,0.17,0.392578125,10240.0,6046.0,546.17,NVIDIA GeForce RTX 3080,[N/A],Enabled,Enabled
1702755127.071085,0,GPU-b342434c-f6b6-7627-333e-da750a9991e6,0.16,0.392578125,10240.0,6046.0,546.17,NVIDIA GeForce RTX 3080,[N/A],Enabled,Enabled
1702755128.070454,0,GPU-b342434c-f6b6-7627-333e-da750a9991e6,0.17,0.392578125,10240.0,6046.0,546.17,NVIDIA GeForce RTX 3080,[N/A],Enabled,Enabled
1702755129.07096,0,GPU-b342434c-f6b6-7627-333e-da750a9991e6,0.17,0.392578125,10240.0,6046.0,546.17,NVIDIA GeForce RTX 3080,[N/A],Enabled,Enabled
1702755130.071233,0,GPU-b342434c-f6b6-7627-333e-da750a9991e6,0.16,0.392578125,10240.0,6046.0,546.17,NVIDIA GeForce RTX 3080,[N/A],Enabled,Enabled
1702755131.071323,0,GPU-b342434c-f6b6-7627-333e-da750a9991e6,0.16,0.392578125,10240.0,6046.0,546.17,NVIDIA GeForce RTX 3080,[N/A],Enabled,Enabled
1702755132.070679,0,GPU-b342434c-f6b6-7627-333e-da750a9991e6,0.17,0.392578125,10240.0,6046.0,546.17,NVIDIA GeForce RTX 3080,[N/A],Enabled,Enabled
1702755133.07073,0,GPU-b342434c-f6b6-7627-333e-da750a9991e6,0.16,0.392578125,10240.0,6046.0,546.17,NVIDIA GeForce RTX 3080,[N/A],Enabled,Enabled
1702755134.071288,0,GPU-b342434c-f6b6-7627-333e-da750a9991e6,0.16,0.392578125,10240.0,6046.0,546.17,NVIDIA GeForce RTX 3080,[N/A],Enabled,Enabled
1702755135.070496,0,GPU-b342434c-f6b6-7627-333e-da750a9991e6,0.16,0.392578125,10240.0,6046.0,546.17,NVIDIA GeForce RTX 3080,[N/A],Enabled,Enabled
1702755136.070506,0,GPU-b342434c-f6b6-7627-333e-da750a9991e6,0.16,0.392578125,10240.0,6046.0,546.17,NVIDIA GeForce RTX 3080,[N/A],Enabled,Enabled
1702755137.071414,0,GPU-b342434c-f6b6-7627-333e-da750a9991e6,0.15,0.392578125,10240.0,6046.0,546.17,NVIDIA GeForce RTX 3080,[N/A],Enabled,Enabled
1702755138.070949,0,GPU-b342434c-f6b6-7627-333e-da750a9991e6,0.15,0.392578125,10240.0,6046.0,546.17,NVIDIA GeForce RTX 3080,[N/A],Enabled,Enabled
1702755139.070245,0,GPU-b342434c-f6b6-7627-333e-da750a9991e6,0.16,0.392578125,10240.0,6046.0,546.17,NVIDIA GeForce RTX 3080,[N/A],Enabled,Enabled
1702755140.071157,0,GPU-b342434c-f6b6-7627-333e-da750a9991e6,0.16,0.392578125,10240.0,6046.0,546.17,NVIDIA GeForce RTX 3080,[N/A],Enabled,Enabled
1702755141.07085,0,GPU-b342434c-f6b6-7627-333e-da750a9991e6,0.16,0.392578125,10240.0,6046.0,546.17,NVIDIA GeForce RTX 3080,[N/A],Enabled,Enabled
1702755142.071049,0,GPU-b342434c-f6b6-7627-333e-da750a9991e6,0.16,0.392578125,10240.0,6046.0,546.17,NVIDIA GeForce RTX 3080,[N/A],Enabled,Enabled
1702755143.070323,0,GPU-b342434c-f6b6-7627-333e-da750a9991e6,0.16,0.392578125,10240.0,6046.0,546.17,NVIDIA GeForce RTX 3080,[N/A],Enabled,Enabled
1702755144.070646,0,GPU-b342434c-f6b6-7627-333e-da750a9991e6,0.16,0.392578125,10240.0,6046.0,546.17,NVIDIA GeForce RTX 3080,[N/A],Enabled,Enabled
1702755145.071455,0,GPU-b342434c-f6b6-7627-333e-da750a9991e6,0.16,0.392578125,10240.0,6046.0,546.17,NVIDIA GeForce RTX 3080,[N/A],Enabled,Enabled
1702755146.070556,0,GPU-b342434c-f6b6-7627-333e-da750a9991e6,0.17,0.392578125,10240.0,6046.0,546.17,NVIDIA GeForce RTX 3080,[N/A],Enabled,Enabled
1702755147.070284,0,GPU-b342434c-f6b6-7627-333e-da750a9991e6,0.16,0.392578125,10240.0,6046.0,546.17,NVIDIA GeForce RTX 3080,[N/A],Enabled,Enabled
1702755148.070379,0,GPU-b342434c-f6b6-7627-333e-da750a9991e6,0.15,0.392578125,10240.0,6046.0,546.17,NVIDIA GeForce RTX 3080,[N/A],Enabled,Enabled
1702755149.071,0,GPU-b342434c-f6b6-7627-333e-da750a9991e6,0.16,0.392578125,10240.0,6046.0,546.17,NVIDIA GeForce RTX 3080,[N/A],Enabled,Enabled
1702755150.070777,0,GPU-b342434c-f6b6-7627-333e-da750a9991e6,0.16,0.392578125,10240.0,6046.0,546.17,NVIDIA GeForce RTX 3080,[N/A],Enabled,Enabled
1702755151.070892,0,GPU-b342434c-f6b6-7627-333e-da750a9991e6,0.16,0.392578125,10240.0,6046.0,546.17,NVIDIA GeForce RTX 3080,[N/A],Enabled,Enabled
1702755152.071171,0,GPU-b342434c-f6b6-7627-333e-da750a9991e6,0.16,0.392578125,10240.0,6046.0,546.17,NVIDIA GeForce RTX 3080,[N/A],Enabled,Enabled
1702755153.070824,0,GPU-b342434c-f6b6-7627-333e-da750a9991e6,0.15,0.392578125,10240.0,6046.0,546.17,NVIDIA GeForce RTX 3080,[N/A],Enabled,Enabled
1702755154.070905,0,GPU-b342434c-f6b6-7627-333e-da750a9991e6,0.16,0.392578125,10240.0,6046.0,546.17,NVIDIA GeForce RTX 3080,[N/A],Enabled,Enabled
1702755155.070511,0,GPU-b342434c-f6b6-7627-333e-da750a9991e6,0.16,0.392578125,10240.0,6046.0,546.17,NVIDIA GeForce RTX 3080,[N/A],Enabled,Enabled
1702755156.070643,0,GPU-b342434c-f6b6-7627-333e-da750a9991e6,0.16,0.392578125,10240.0,6046.0,546.17,NVIDIA GeForce RTX 3080,[N/A],Enabled,Enabled
1702755157.071078,0,GPU-b342434c-f6b6-7627-333e-da750a9991e6,0.16,0.392578125,10240.0,6046.0,546.17,NVIDIA GeForce RTX 3080,[N/A],Enabled,Enabled
1702755158.070522,0,GPU-b342434c-f6b6-7627-333e-da750a9991e6,0.16,0.392578125,10240.0,6046.0,546.17,NVIDIA GeForce RTX 3080,[N/A],Enabled,Enabled
1702755159.071007,0,GPU-b342434c-f6b6-7627-333e-da750a9991e6,0.16,0.392578125,10240.0,6046.0,546.17,NVIDIA GeForce RTX 3080,[N/A],Enabled,Enabled
1702755160.070489,0,GPU-b342434c-f6b6-7627-333e-da750a9991e6,0.15,0.392578125,10240.0,6046.0,546.17,NVIDIA GeForce RTX 3080,[N/A],Enabled,Enabled
1702755161.071161,0,GPU-b342434c-f6b6-7627-333e-da750a9991e6,0.16,0.392578125,10240.0,6046.0,546.17,NVIDIA GeForce RTX 3080,[N/A],Enabled,Enabled
1702755162.070236,0,GPU-b342434c-f6b6-7627-333e-da750a9991e6,0.17,0.392578125,10240.0,6046.0,546.17,NVIDIA GeForce RTX 3080,[N/A],Enabled,Enabled
1702755163.070459,0,GPU-b342434c-f6b6-7627-333e-da750a9991e6,0.16,0.392578125,10240.0,6046.0,546.17,NVIDIA GeForce RTX 3080,[N/A],Enabled,Enabled
1702755164.070822,0,GPU-b342434c-f6b6-7627-333e-da750a9991e6,0.16,0.392578125,10240.0,6046.0,546.17,NVIDIA GeForce RTX 3080,[N/A],Enabled,Enabled
1702755165.070923,0,GPU-b342434c-f6b6-7627-333e-da750a9991e6,0.16,0.392578125,10240.0,6046.0,546.17,NVIDIA GeForce RTX 3080,[N/A],Enabled,Enabled
1702755166.070647,0,GPU-b342434c-f6b6-7627-333e-da750a9991e6,0.17,0.392578125,10240.0,6046.0,546.17,NVIDIA GeForce RTX 3080,[N/A],Enabled,Enabled
1702755167.07081,0,GPU-b342434c-f6b6-7627-333e-da750a9991e6,0.17,0.392578125,10240.0,6046.0,546.17,NVIDIA GeForce RTX 3080,[N/A],Enabled,Enabled
1702755168.070591,0,GPU-b342434c-f6b6-7627-333e-da750a9991e6,0.17,0.392578125,10240.0,6046.0,546.17,NVIDIA GeForce RTX 3080,[N/A],Enabled,Enabled
1702755169.070628,0,GPU-b342434c-f6b6-7627-333e-da750a9991e6,0.16,0.392578125,10240.0,6046.0,546.17,NVIDIA GeForce RTX 3080,[N/A],Enabled,Enabled
1702755170.070207,0,GPU-b342434c-f6b6-7627-333e-da750a9991e6,0.16,0.392578125,10240.0,6046.0,546.17,NVIDIA GeForce RTX 3080,[N/A],Enabled,Enabled
1702755171.070536,0,GPU-b342434c-f6b6-7627-333e-da750a9991e6,0.16,0.392578125,10240.0,6046.0,546.17,NVIDIA GeForce RTX 3080,[N/A],Enabled,Enabled
1702755172.071007,0,GPU-b342434c-f6b6-7627-333e-da750a9991e6,0.16,0.392578125,10240.0,6046.0,546.17,NVIDIA GeForce RTX 3080,[N/A],Enabled,Enabled
1702755173.070762,0,GPU-b342434c-f6b6-7627-333e-da750a9991e6,0.16,0.392578125,10240.0,6046.0,546.17,NVIDIA GeForce RTX 3080,[N/A],Enabled,Enabled
1702755174.071149,0,GPU-b342434c-f6b6-7627-333e-da750a9991e6,0.16,0.392578125,10240.0,6046.0,546.17,NVIDIA GeForce RTX 3080,[N/A],Enabled,Enabled
1702755175.071063,0,GPU-b342434c-f6b6-7627-333e-da750a9991e6,0.17,0.392578125,10240.0,6046.0,546.17,NVIDIA GeForce RTX 3080,[N/A],Enabled,Enabled
1702755176.070684,0,GPU-b342434c-f6b6-7627-333e-da750a9991e6,0.17,0.392578125,10240.0,6046.0,546.17,NVIDIA GeForce RTX 3080,[N/A],Enabled,Enabled
1702755177.070937,0,GPU-b342434c-f6b6-7627-333e-da750a9991e6,0.16,0.392578125,10240.0,6046.0,546.17,NVIDIA GeForce RTX 3080,[N/A],Enabled,Enabled
1702755178.070476,0,GPU-b342434c-f6b6-7627-333e-da750a9991e6,0.16,0.392578125,10240.0,6046.0,546.17,NVIDIA GeForce RTX 3080,[N/A],Enabled,Enabled
1702755179.070915,0,GPU-b342434c-f6b6-7627-333e-da750a9991e6,0.16,0.392578125,10240.0,6046.0,546.17,NVIDIA GeForce RTX 3080,[N/A],Enabled,Enabled
1702755180.071077,0,GPU-b342434c-f6b6-7627-333e-da750a9991e6,0.16,0.392578125,10240.0,6046.0,546.17,NVIDIA GeForce RTX 3080,[N/A],Enabled,Enabled
1702755181.070738,0,GPU-b342434c-f6b6-7627-333e-da750a9991e6,0.17,0.392578125,10240.0,6046.0,546.17,NVIDIA GeForce RTX 3080,[N/A],Enabled,Enabled
1702755182.070617,0,GPU-b342434c-f6b6-7627-333e-da750a9991e6,0.16,0.392578125,10240.0,6046.0,546.17,NVIDIA GeForce RTX 3080,[N/A],Enabled,Enabled
1702755183.07064,0,GPU-b342434c-f6b6-7627-333e-da750a9991e6,0.15,0.392578125,10240.0,6046.0,546.17,NVIDIA GeForce RTX 3080,[N/A],Enabled,Enabled
1702755184.070551,0,GPU-b342434c-f6b6-7627-333e-da750a9991e6,0.16,0.392578125,10240.0,6046.0,546.17,NVIDIA GeForce RTX 3080,[N/A],Enabled,Enabled
1702755185.07041,0,GPU-b342434c-f6b6-7627-333e-da750a9991e6,0.16,0.392578125,10240.0,6046.0,546.17,NVIDIA GeForce RTX 3080,[N/A],Enabled,Enabled
1702755186.070338,0,GPU-b342434c-f6b6-7627-333e-da750a9991e6,0.16,0.392578125,10240.0,6046.0,546.17,NVIDIA GeForce RTX 3080,[N/A],Enabled,Enabled
1702755187.070092,0,GPU-b342434c-f6b6-7627-333e-da750a9991e6,0.16,0.392578125,10240.0,6046.0,546.17,NVIDIA GeForce RTX 3080,[N/A],Enabled,Enabled
1702755188.070777,0,GPU-b342434c-f6b6-7627-333e-da750a9991e6,0.17,0.392578125,10240.0,6046.0,546.17,NVIDIA GeForce RTX 3080,[N/A],Enabled,Enabled
1702755189.070888,0,GPU-b342434c-f6b6-7627-333e-da750a9991e6,0.16,0.392578125,10240.0,6046.0,546.17,NVIDIA GeForce RTX 3080,[N/A],Enabled,Enabled
1702755190.07091,0,GPU-b342434c-f6b6-7627-333e-da750a9991e6,0.16,0.392578125,10240.0,6046.0,546.17,NVIDIA GeForce RTX 3080,[N/A],Enabled,Enabled
1702755191.070246,0,GPU-b342434c-f6b6-7627-333e-da750a9991e6,0.16,0.392578125,10240.0,6046.0,546.17,NVIDIA GeForce RTX 3080,[N/A],Enabled,Enabled
1702755192.070711,0,GPU-b342434c-f6b6-7627-333e-da750a9991e6,0.16,0.392578125,10240.0,6046.0,546.17,NVIDIA GeForce RTX 3080,[N/A],Enabled,Enabled
1702755193.070767,0,GPU-b342434c-f6b6-7627-333e-da750a9991e6,0.16,0.392578125,10240.0,6046.0,546.17,NVIDIA GeForce RTX 3080,[N/A],Enabled,Enabled
1702755194.070643,0,GPU-b342434c-f6b6-7627-333e-da750a9991e6,0.17,0.392578125,10240.0,6046.0,546.17,NVIDIA GeForce RTX 3080,[N/A],Enabled,Enabled
1702755195.070768,0,GPU-b342434c-f6b6-7627-333e-da750a9991e6,0.17,0.392578125,10240.0,6046.0,546.17,NVIDIA GeForce RTX 3080,[N/A],Enabled,Enabled
1702755196.071152,0,GPU-b342434c-f6b6-7627-333e-da750a9991e6,0.17,0.392578125,10240.0,6046.0,546.17,NVIDIA GeForce RTX 3080,[N/A],Enabled,Enabled
1702755197.070877,0,GPU-b342434c-f6b6-7627-333e-da750a9991e6,0.15,0.392578125,10240.0,6046.0,546.17,NVIDIA GeForce RTX 3080,[N/A],Enabled,Enabled
1702755198.07059,0,GPU-b342434c-f6b6-7627-333e-da750a9991e6,0.16,0.392578125,10240.0,6046.0,546.17,NVIDIA GeForce RTX 3080,[N/A],Enabled,Enabled
1702755199.070483,0,GPU-b342434c-f6b6-7627-333e-da750a9991e6,0.16,0.392578125,10240.0,6046.0,546.17,NVIDIA GeForce RTX 3080,[N/A],Enabled,Enabled
1702755200.070897,0,GPU-b342434c-f6b6-7627-333e-da750a9991e6,0.16,0.392578125,10240.0,6046.0,546.17,NVIDIA GeForce RTX 3080,[N/A],Enabled,Enabled
1702755201.071078,0,GPU-b342434c-f6b6-7627-333e-da750a9991e6,0.16,0.392578125,10240.0,6046.0,546.17,NVIDIA GeForce RTX 3080,[N/A],Enabled,Enabled
1702755202.07044,0,GPU-b342434c-f6b6-7627-333e-da750a9991e6,0.16,0.392578125,10240.0,6046.0,546.17,NVIDIA GeForce RTX 3080,[N/A],Enabled,Enabled
1702755203.071053,0,GPU-b342434c-f6b6-7627-333e-da750a9991e6,0.16,0.392578125,10240.0,6046.0,546.17,NVIDIA GeForce RTX 3080,[N/A],Enabled,Enabled
1702755204.07114,0,GPU-b342434c-f6b6-7627-333e-da750a9991e6,0.16,0.392578125,10240.0,6046.0,546.17,NVIDIA GeForce RTX 3080,[N/A],Enabled,Enabled
1702755205.070588,0,GPU-b342434c-f6b6-7627-333e-da750a9991e6,0.16,0.392578125,10240.0,6046.0,546.17,NVIDIA GeForce RTX 3080,[N/A],Enabled,Enabled
1702755206.071045,0,GPU-b342434c-f6b6-7627-333e-da750a9991e6,0.17,0.392578125,10240.0,6046.0,546.17,NVIDIA GeForce RTX 3080,[N/A],Enabled,Enabled
1702755207.070257,0,GPU-b342434c-f6b6-7627-333e-da750a9991e6,0.16,0.392578125,10240.0,6046.0,546.17,NVIDIA GeForce RTX 3080,[N/A],Enabled,Enabled
1702755208.070392,0,GPU-b342434c-f6b6-7627-333e-da750a9991e6,0.16,0.392578125,10240.0,6046.0,546.17,NVIDIA GeForce RTX 3080,[N/A],Enabled,Enabled
1702755209.070829,0,GPU-b342434c-f6b6-7627-333e-da750a9991e6,0.16,0.392578125,10240.0,6046.0,546.17,NVIDIA GeForce RTX 3080,[N/A],Enabled,Enabled
1702755210.070289,0,GPU-b342434c-f6b6-7627-333e-da750a9991e6,0.16,0.392578125,10240.0,6046.0,546.17,NVIDIA GeForce RTX 3080,[N/A],Enabled,Enabled
1702755211.070829,0,GPU-b342434c-f6b6-7627-333e-da750a9991e6,0.16,0.392578125,10240.0,6046.0,546.17,NVIDIA GeForce RTX 3080,[N/A],Enabled,Enabled
1702755212.070838,0,GPU-b342434c-f6b6-7627-333e-da750a9991e6,0.16,0.392578125,10240.0,6046.0,546.17,NVIDIA GeForce RTX 3080,[N/A],Enabled,Enabled
1702755213.071354,0,GPU-b342434c-f6b6-7627-333e-da750a9991e6,0.16,0.392578125,10240.0,6046.0,546.17,NVIDIA GeForce RTX 3080,[N/A],Enabled,Enabled
1702755214.070316,0,GPU-b342434c-f6b6-7627-333e-da750a9991e6,0.17,0.392578125,10240.0,6046.0,546.17,NVIDIA GeForce RTX 3080,[N/A],Enabled,Enabled
1702755215.070698,0,GPU-b342434c-f6b6-7627-333e-da750a9991e6,0.16,0.392578125,10240.0,6046.0,546.17,NVIDIA GeForce RTX 3080,[N/A],Enabled,Enabled
1702755216.070822,0,GPU-b342434c-f6b6-7627-333e-da750a9991e6,0.15,0.392578125,10240.0,6046.0,546.17,NVIDIA GeForce RTX 3080,[N/A],Enabled,Enabled
1702755217.070536,0,GPU-b342434c-f6b6-7627-333e-da750a9991e6,0.16,0.392578125,10240.0,6046.0,546.17,NVIDIA GeForce RTX 3080,[N/A],Enabled,Enabled
1702755218.071024,0,GPU-b342434c-f6b6-7627-333e-da750a9991e6,0.15,0.392578125,10240.0,6046.0,546.17,NVIDIA GeForce RTX 3080,[N/A],Enabled,Enabled
1702755219.070664,0,GPU-b342434c-f6b6-7627-333e-da750a9991e6,0.15,0.392578125,10240.0,6046.0,546.17,NVIDIA GeForce RTX 3080,[N/A],Enabled,Enabled
1702755220.070553,0,GPU-b342434c-f6b6-7627-333e-da750a9991e6,0.16,0.392578125,10240.0,6046.0,546.17,NVIDIA GeForce RTX 3080,[N/A],Enabled,Enabled
1702755221.070591,0,GPU-b342434c-f6b6-7627-333e-da750a9991e6,0.15,0.392578125,10240.0,6046.0,546.17,NVIDIA GeForce RTX 3080,[N/A],Enabled,Enabled
1702755222.071115,0,GPU-b342434c-f6b6-7627-333e-da750a9991e6,0.16,0.392578125,10240.0,6046.0,546.17,NVIDIA GeForce RTX 3080,[N/A],Enabled,Enabled
1702755223.070921,0,GPU-b342434c-f6b6-7627-333e-da750a9991e6,0.16,0.392578125,10240.0,6046.0,546.17,NVIDIA GeForce RTX 3080,[N/A],Enabled,Enabled
1702755224.071108,0,GPU-b342434c-f6b6-7627-333e-da750a9991e6,0.16,0.392578125,10240.0,6046.0,546.17,NVIDIA GeForce RTX 3080,[N/A],Enabled,Enabled
1702755225.070761,0,GPU-b342434c-f6b6-7627-333e-da750a9991e6,0.17,0.392578125,10240.0,6046.0,546.17,NVIDIA GeForce RTX 3080,[N/A],Enabled,Enabled
1702755226.070419,0,GPU-b342434c-f6b6-7627-333e-da750a9991e6,0.17,0.392578125,10240.0,6046.0,546.17,NVIDIA GeForce RTX 3080,[N/A],Enabled,Enabled
1702755227.070817,0,GPU-b342434c-f6b6-7627-333e-da750a9991e6,0.17,0.392578125,10240.0,6046.0,546.17,NVIDIA GeForce RTX 3080,[N/A],Enabled,Enabled
1702755228.070363,0,GPU-b342434c-f6b6-7627-333e-da750a9991e6,0.16,0.392578125,10240.0,6046.0,546.17,NVIDIA GeForce RTX 3080,[N/A],Enabled,Enabled
1702755229.071063,0,GPU-b342434c-f6b6-7627-333e-da750a9991e6,0.16,0.392578125,10240.0,6046.0,546.17,NVIDIA GeForce RTX 3080,[N/A],Enabled,Enabled
1702755230.070784,0,GPU-b342434c-f6b6-7627-333e-da750a9991e6,0.16,0.392578125,10240.0,6046.0,546.17,NVIDIA GeForce RTX 3080,[N/A],Enabled,Enabled
1702755231.07149,0,GPU-b342434c-f6b6-7627-333e-da750a9991e6,0.16,0.392578125,10240.0,6046.0,546.17,NVIDIA GeForce RTX 3080,[N/A],Enabled,Enabled
1702755232.070434,0,GPU-b342434c-f6b6-7627-333e-da750a9991e6,0.16,0.392578125,10240.0,6046.0,546.17,NVIDIA GeForce RTX 3080,[N/A],Enabled,Enabled
1702755233.070752,0,GPU-b342434c-f6b6-7627-333e-da750a9991e6,0.16,0.392578125,10240.0,6046.0,546.17,NVIDIA GeForce RTX 3080,[N/A],Enabled,Enabled
1702755234.071036,0,GPU-b342434c-f6b6-7627-333e-da750a9991e6,0.15,0.392578125,10240.0,6046.0,546.17,NVIDIA GeForce RTX 3080,[N/A],Enabled,Enabled
1702755235.070455,0,GPU-b342434c-f6b6-7627-333e-da750a9991e6,0.15,0.392578125,10240.0,6046.0,546.17,NVIDIA GeForce RTX 3080,[N/A],Enabled,Enabled
1702755236.071497,0,GPU-b342434c-f6b6-7627-333e-da750a9991e6,0.16,0.392578125,10240.0,6046.0,546.17,NVIDIA GeForce RTX 3080,[N/A],Enabled,Enabled
1702755237.07141,0,GPU-b342434c-f6b6-7627-333e-da750a9991e6,0.15,0.392578125,10240.0,6046.0,546.17,NVIDIA GeForce RTX 3080,[N/A],Enabled,Enabled
1702755238.070466,0,GPU-b342434c-f6b6-7627-333e-da750a9991e6,0.16,0.392578125,10240.0,6046.0,546.17,NVIDIA GeForce RTX 3080,[N/A],Enabled,Enabled
1702755239.070949,0,GPU-b342434c-f6b6-7627-333e-da750a9991e6,0.16,0.392578125,10240.0,6046.0,546.17,NVIDIA GeForce RTX 3080,[N/A],Enabled,Enabled
1702755240.070811,0,GPU-b342434c-f6b6-7627-333e-da750a9991e6,0.16,0.392578125,10240.0,6046.0,546.17,NVIDIA GeForce RTX 3080,[N/A],Enabled,Enabled
1702755241.070775,0,GPU-b342434c-f6b6-7627-333e-da750a9991e6,0.16,0.392578125,10240.0,6046.0,546.17,NVIDIA GeForce RTX 3080,[N/A],Enabled,Enabled
1702755242.071019,0,GPU-b342434c-f6b6-7627-333e-da750a9991e6,0.17,0.392578125,10240.0,6046.0,546.17,NVIDIA GeForce RTX 3080,[N/A],Enabled,Enabled
1702755243.070827,0,GPU-b342434c-f6b6-7627-333e-da750a9991e6,0.17,0.392578125,10240.0,6046.0,546.17,NVIDIA GeForce RTX 3080,[N/A],Enabled,Enabled
1702755244.070906,0,GPU-b342434c-f6b6-7627-333e-da750a9991e6,0.17,0.392578125,10240.0,6046.0,546.17,NVIDIA GeForce RTX 3080,[N/A],Enabled,Enabled
1702755245.070693,0,GPU-b342434c-f6b6-7627-333e-da750a9991e6,0.16,0.392578125,10240.0,6046.0,546.17,NVIDIA GeForce RTX 3080,[N/A],Enabled,Enabled
1702755246.07042,0,GPU-b342434c-f6b6-7627-333e-da750a9991e6,0.17,0.392578125,10240.0,6046.0,546.17,NVIDIA GeForce RTX 3080,[N/A],Enabled,Enabled
1702755247.070842,0,GPU-b342434c-f6b6-7627-333e-da750a9991e6,0.17,0.392578125,10240.0,6046.0,546.17,NVIDIA GeForce RTX 3080,[N/A],Enabled,Enabled
1702755248.071199,0,GPU-b342434c-f6b6-7627-333e-da750a9991e6,0.17,0.392578125,10240.0,6046.0,546.17,NVIDIA GeForce RTX 3080,[N/A],Enabled,Enabled
1702755249.070981,0,GPU-b342434c-f6b6-7627-333e-da750a9991e6,0.16,0.392578125,10240.0,6046.0,546.17,NVIDIA GeForce RTX 3080,[N/A],Enabled,Enabled
1702755250.071131,0,GPU-b342434c-f6b6-7627-333e-da750a9991e6,0.16,0.392578125,10240.0,6046.0,546.17,NVIDIA GeForce RTX 3080,[N/A],Enabled,Enabled
1702755251.071024,0,GPU-b342434c-f6b6-7627-333e-da750a9991e6,0.16,0.392578125,10240.0,6046.0,546.17,NVIDIA GeForce RTX 3080,[N/A],Enabled,Enabled
1702755252.07086,0,GPU-b342434c-f6b6-7627-333e-da750a9991e6,0.16,0.392578125,10240.0,6046.0,546.17,NVIDIA GeForce RTX 3080,[N/A],Enabled,Enabled
1702755253.071441,0,GPU-b342434c-f6b6-7627-333e-da750a9991e6,0.17,0.392578125,10240.0,6046.0,546.17,NVIDIA GeForce RTX 3080,[N/A],Enabled,Enabled
1702755254.070422,0,GPU-b342434c-f6b6-7627-333e-da750a9991e6,0.17,0.392578125,10240.0,6046.0,546.17,NVIDIA GeForce RTX 3080,[N/A],Enabled,Enabled
1702755255.070618,0,GPU-b342434c-f6b6-7627-333e-da750a9991e6,0.17,0.392578125,10240.0,6046.0,546.17,NVIDIA GeForce RTX 3080,[N/A],Enabled,Enabled
1702755256.070607,0,GPU-b342434c-f6b6-7627-333e-da750a9991e6,0.16,0.392578125,10240.0,6046.0,546.17,NVIDIA GeForce RTX 3080,[N/A],Enabled,Enabled
1702755257.071071,0,GPU-b342434c-f6b6-7627-333e-da750a9991e6,0.15,0.392578125,10240.0,6046.0,546.17,NVIDIA GeForce RTX 3080,[N/A],Enabled,Enabled
1702755258.071427,0,GPU-b342434c-f6b6-7627-333e-da750a9991e6,0.16,0.392578125,10240.0,6046.0,546.17,NVIDIA GeForce RTX 3080,[N/A],Enabled,Enabled
1702755259.071101,0,GPU-b342434c-f6b6-7627-333e-da750a9991e6,0.16,0.392578125,10240.0,6046.0,546.17,NVIDIA GeForce RTX 3080,[N/A],Enabled,Enabled
1702755260.071377,0,GPU-b342434c-f6b6-7627-333e-da750a9991e6,0.17,0.392578125,10240.0,6046.0,546.17,NVIDIA GeForce RTX 3080,[N/A],Enabled,Enabled
1702755261.070589,0,GPU-b342434c-f6b6-7627-333e-da750a9991e6,0.16,0.392578125,10240.0,6046.0,546.17,NVIDIA GeForce RTX 3080,[N/A],Enabled,Enabled
1702755262.070744,0,GPU-b342434c-f6b6-7627-333e-da750a9991e6,0.17,0.392578125,10240.0,6046.0,546.17,NVIDIA GeForce RTX 3080,[N/A],Enabled,Enabled
1702755263.070426,0,GPU-b342434c-f6b6-7627-333e-da750a9991e6,0.16,0.392578125,10240.0,6046.0,546.17,NVIDIA GeForce RTX 3080,[N/A],Enabled,Enabled
1702755264.070551,0,GPU-b342434c-f6b6-7627-333e-da750a9991e6,0.16,0.392578125,10240.0,6046.0,546.17,NVIDIA GeForce RTX 3080,[N/A],Enabled,Enabled
1702755265.070948,0,GPU-b342434c-f6b6-7627-333e-da750a9991e6,0.16,0.392578125,10240.0,6046.0,546.17,NVIDIA GeForce RTX 3080,[N/A],Enabled,Enabled
1702755266.07047,0,GPU-b342434c-f6b6-7627-333e-da750a9991e6,0.17,0.392578125,10240.0,6046.0,546.17,NVIDIA GeForce RTX 3080,[N/A],Enabled,Enabled
1702755267.07109,0,GPU-b342434c-f6b6-7627-333e-da750a9991e6,0.17,0.392578125,10240.0,6046.0,546.17,NVIDIA GeForce RTX 3080,[N/A],Enabled,Enabled
1702755268.070375,0,GPU-b342434c-f6b6-7627-333e-da750a9991e6,0.17,0.392578125,10240.0,6046.0,546.17,NVIDIA GeForce RTX 3080,[N/A],Enabled,Enabled
1702755269.07062,0,GPU-b342434c-f6b6-7627-333e-da750a9991e6,0.17,0.392578125,10240.0,6046.0,546.17,NVIDIA GeForce RTX 3080,[N/A],Enabled,Enabled
1702755270.070783,0,GPU-b342434c-f6b6-7627-333e-da750a9991e6,0.16,0.392578125,10240.0,6046.0,546.17,NVIDIA GeForce RTX 3080,[N/A],Enabled,Enabled
1702755271.070654,0,GPU-b342434c-f6b6-7627-333e-da750a9991e6,0.17,0.392578125,10240.0,6046.0,546.17,NVIDIA GeForce RTX 3080,[N/A],Enabled,Enabled
1702755272.070678,0,GPU-b342434c-f6b6-7627-333e-da750a9991e6,0.16,0.392578125,10240.0,6046.0,546.17,NVIDIA GeForce RTX 3080,[N/A],Enabled,Enabled
1702755273.070281,0,GPU-b342434c-f6b6-7627-333e-da750a9991e6,0.16,0.392578125,10240.0,6046.0,546.17,NVIDIA GeForce RTX 3080,[N/A],Enabled,Enabled
1702755274.070543,0,GPU-b342434c-f6b6-7627-333e-da750a9991e6,0.17,0.392578125,10240.0,6046.0,546.17,NVIDIA GeForce RTX 3080,[N/A],Enabled,Enabled
1702755275.070622,0,GPU-b342434c-f6b6-7627-333e-da750a9991e6,0.16,0.392578125,10240.0,6046.0,546.17,NVIDIA GeForce RTX 3080,[N/A],Enabled,Enabled
1702755276.070391,0,GPU-b342434c-f6b6-7627-333e-da750a9991e6,0.16,0.392578125,10240.0,6046.0,546.17,NVIDIA GeForce RTX 3080,[N/A],Enabled,Enabled
1702755277.070464,0,GPU-b342434c-f6b6-7627-333e-da750a9991e6,0.16,0.392578125,10240.0,6046.0,546.17,NVIDIA GeForce RTX 3080,[N/A],Enabled,Enabled
1702755278.07091,0,GPU-b342434c-f6b6-7627-333e-da750a9991e6,0.16,0.392578125,10240.0,6046.0,546.17,NVIDIA GeForce RTX 3080,[N/A],Enabled,Enabled
1702755279.070935,0,GPU-b342434c-f6b6-7627-333e-da750a9991e6,0.17,0.392578125,10240.0,6046.0,546.17,NVIDIA GeForce RTX 3080,[N/A],Enabled,Enabled
1702755280.07076,0,GPU-b342434c-f6b6-7627-333e-da750a9991e6,0.17,0.392578125,10240.0,6046.0,546.17,NVIDIA GeForce RTX 3080,[N/A],Enabled,Enabled
1702755281.070586,0,GPU-b342434c-f6b6-7627-333e-da750a9991e6,0.16,0.392578125,10240.0,6046.0,546.17,NVIDIA GeForce RTX 3080,[N/A],Enabled,Enabled
1702755282.070992,0,GPU-b342434c-f6b6-7627-333e-da750a9991e6,0.16,0.392578125,10240.0,6046.0,546.17,NVIDIA GeForce RTX 3080,[N/A],Enabled,Enabled
1702755283.070772,0,GPU-b342434c-f6b6-7627-333e-da750a9991e6,0.16,0.392578125,10240.0,6046.0,546.17,NVIDIA GeForce RTX 3080,[N/A],Enabled,Enabled
1702755284.070629,0,GPU-b342434c-f6b6-7627-333e-da750a9991e6,0.17,0.392578125,10240.0,6046.0,546.17,NVIDIA GeForce RTX 3080,[N/A],Enabled,Enabled
1702755285.071335,0,GPU-b342434c-f6b6-7627-333e-da750a9991e6,0.17,0.392578125,10240.0,6046.0,546.17,NVIDIA GeForce RTX 3080,[N/A],Enabled,Enabled
1702755286.070611,0,GPU-b342434c-f6b6-7627-333e-da750a9991e6,0.17,0.392578125,10240.0,6046.0,546.17,NVIDIA GeForce RTX 3080,[N/A],Enabled,Enabled
1702755287.07128,0,GPU-b342434c-f6b6-7627-333e-da750a9991e6,0.16,0.392578125,10240.0,6046.0,546.17,NVIDIA GeForce RTX 3080,[N/A],Enabled,Enabled
1702755288.070824,0,GPU-b342434c-f6b6-7627-333e-da750a9991e6,0.16,0.392578125,10240.0,6046.0,546.17,NVIDIA GeForce RTX 3080,[N/A],Enabled,Enabled
1702755289.070738,0,GPU-b342434c-f6b6-7627-333e-da750a9991e6,0.16,0.392578125,10240.0,6046.0,546.17,NVIDIA GeForce RTX 3080,[N/A],Enabled,Enabled
1702755290.071084,0,GPU-b342434c-f6b6-7627-333e-da750a9991e6,0.16,0.392578125,10240.0,6046.0,546.17,NVIDIA GeForce RTX 3080,[N/A],Enabled,Enabled
1702755291.071071,0,GPU-b342434c-f6b6-7627-333e-da750a9991e6,0.17,0.392578125,10240.0,6046.0,546.17,NVIDIA GeForce RTX 3080,[N/A],Enabled,Enabled
1702755292.070502,0,GPU-b342434c-f6b6-7627-333e-da750a9991e6,0.16,0.392578125,10240.0,6046.0,546.17,NVIDIA GeForce RTX 3080,[N/A],Enabled,Enabled
1702755293.070754,0,GPU-b342434c-f6b6-7627-333e-da750a9991e6,0.16,0.392578125,10240.0,6046.0,546.17,NVIDIA GeForce RTX 3080,[N/A],Enabled,Enabled
1702755294.070201,0,GPU-b342434c-f6b6-7627-333e-da750a9991e6,0.15,0.392578125,10240.0,6046.0,546.17,NVIDIA GeForce RTX 3080,[N/A],Enabled,Enabled
1702755295.070705,0,GPU-b342434c-f6b6-7627-333e-da750a9991e6,0.16,0.392578125,10240.0,6046.0,546.17,NVIDIA GeForce RTX 3080,[N/A],Enabled,Enabled
1702755296.071221,0,GPU-b342434c-f6b6-7627-333e-da750a9991e6,0.16,0.392578125,10240.0,6046.0,546.17,NVIDIA GeForce RTX 3080,[N/A],Enabled,Enabled
1702755297.071,0,GPU-b342434c-f6b6-7627-333e-da750a9991e6,0.16,0.392578125,10240.0,6046.0,546.17,NVIDIA GeForce RTX 3080,[N/A],Enabled,Enabled
1702755298.070577,0,GPU-b342434c-f6b6-7627-333e-da750a9991e6,0.15,0.392578125,10240.0,6046.0,546.17,NVIDIA GeForce RTX 3080,[N/A],Enabled,Enabled
1702755299.07083,0,GPU-b342434c-f6b6-7627-333e-da750a9991e6,0.14,0.38564453125,10240.0,6117.0,546.17,NVIDIA GeForce RTX 3080,[N/A],Enabled,Enabled
1702755300.070544,0,GPU-b342434c-f6b6-7627-333e-da750a9991e6,0.14,0.38564453125,10240.0,6117.0,546.17,NVIDIA GeForce RTX 3080,[N/A],Enabled,Enabled
1702755301.071273,0,GPU-b342434c-f6b6-7627-333e-da750a9991e6,0.14,0.385546875,10240.0,6118.0,546.17,NVIDIA GeForce RTX 3080,[N/A],Enabled,Enabled
1702755302.070976,0,GPU-b342434c-f6b6-7627-333e-da750a9991e6,0.14,0.385546875,10240.0,6118.0,546.17,NVIDIA GeForce RTX 3080,[N/A],Enabled,Enabled
1702755303.070557,0,GPU-b342434c-f6b6-7627-333e-da750a9991e6,0.13,0.3818359375,10240.0,6156.0,546.17,NVIDIA GeForce RTX 3080,[N/A],Enabled,Enabled
1702755304.070796,0,GPU-b342434c-f6b6-7627-333e-da750a9991e6,0.14,0.3818359375,10240.0,6156.0,546.17,NVIDIA GeForce RTX 3080,[N/A],Enabled,Enabled
1702755305.070614,0,GPU-b342434c-f6b6-7627-333e-da750a9991e6,0.13,0.3818359375,10240.0,6156.0,546.17,NVIDIA GeForce RTX 3080,[N/A],Enabled,Enabled
1702755306.070655,0,GPU-b342434c-f6b6-7627-333e-da750a9991e6,0.14,0.3818359375,10240.0,6156.0,546.17,NVIDIA GeForce RTX 3080,[N/A],Enabled,Enabled
1702755307.070355,0,GPU-b342434c-f6b6-7627-333e-da750a9991e6,0.14,0.3818359375,10240.0,6156.0,546.17,NVIDIA GeForce RTX 3080,[N/A],Enabled,Enabled
1702755308.071324,0,GPU-b342434c-f6b6-7627-333e-da750a9991e6,0.16,0.31796875,10240.0,6810.0,546.17,NVIDIA GeForce RTX 3080,[N/A],Enabled,Enabled
1702755309.071031,0,GPU-b342434c-f6b6-7627-333e-da750a9991e6,0.17,0.31787109375,10240.0,6811.0,546.17,NVIDIA GeForce RTX 3080,[N/A],Enabled,Enabled
1702755310.070943,0,GPU-b342434c-f6b6-7627-333e-da750a9991e6,0.17,0.3173828125,10240.0,6816.0,546.17,NVIDIA GeForce RTX 3080,[N/A],Enabled,Enabled
