timestamp,id,uuid,load,memoryUtil,memoryTotal,memoryUsed,memoryFree,driver,name,serial,display_mode,display_active
1709487725.225601,0,GPU-93ae0c7f-c327-aee3-adae-bc0d1dae71ea,0.14,0.21991532323725776,12282.0,9310.0,551.52,NVIDIA GeForce RTX 4070,[N/A],Enabled,Enabled
1709487726.222673,0,GPU-93ae0c7f-c327-aee3-adae-bc0d1dae71ea,0.16,0.2195082234163817,12282.0,9315.0,551.52,NVIDIA GeForce RTX 4070,[N/A],Enabled,Enabled
1709487727.222674,0,GPU-93ae0c7f-c327-aee3-adae-bc0d1dae71ea,0.14,0.2195082234163817,12282.0,9315.0,551.52,NVIDIA GeForce RTX 4070,[N/A],Enabled,Enabled
1709487728.222929,0,GPU-93ae0c7f-c327-aee3-adae-bc0d1dae71ea,0.14,0.21934538348803126,12282.0,9317.0,551.52,NVIDIA GeForce RTX 4070,[N/A],Enabled,Enabled
1709487729.222263,0,GPU-93ae0c7f-c327-aee3-adae-bc0d1dae71ea,0.14,0.21934538348803126,12282.0,9317.0,551.52,NVIDIA GeForce RTX 4070,[N/A],Enabled,Enabled
1709487730.222495,0,GPU-93ae0c7f-c327-aee3-adae-bc0d1dae71ea,0.14,0.21934538348803126,12282.0,9317.0,551.52,NVIDIA GeForce RTX 4070,[N/A],Enabled,Enabled
1709487731.222994,0,GPU-93ae0c7f-c327-aee3-adae-bc0d1dae71ea,0.14,0.21934538348803126,12282.0,9317.0,551.52,NVIDIA GeForce RTX 4070,[N/A],Enabled,Enabled
1709487732.222196,0,GPU-93ae0c7f-c327-aee3-adae-bc0d1dae71ea,0.14,0.21934538348803126,12282.0,9317.0,551.52,NVIDIA GeForce RTX 4070,[N/A],Enabled,Enabled
1709487733.222888,0,GPU-93ae0c7f-c327-aee3-adae-bc0d1dae71ea,0.14,0.21934538348803126,12282.0,9317.0,551.52,NVIDIA GeForce RTX 4070,[N/A],Enabled,Enabled
1709487734.222376,0,GPU-93ae0c7f-c327-aee3-adae-bc0d1dae71ea,0.14,0.21934538348803126,12282.0,9317.0,551.52,NVIDIA GeForce RTX 4070,[N/A],Enabled,Enabled
1709487735.222824,0,GPU-93ae0c7f-c327-aee3-adae-bc0d1dae71ea,0.14,0.21934538348803126,12282.0,9317.0,551.52,NVIDIA GeForce RTX 4070,[N/A],Enabled,Enabled
1709487736.222667,0,GPU-93ae0c7f-c327-aee3-adae-bc0d1dae71ea,0.14,0.21934538348803126,12282.0,9317.0,551.52,NVIDIA GeForce RTX 4070,[N/A],Enabled,Enabled
1709487737.221886,0,GPU-93ae0c7f-c327-aee3-adae-bc0d1dae71ea,0.14,0.21934538348803126,12282.0,9317.0,551.52,NVIDIA GeForce RTX 4070,[N/A],Enabled,Enabled
1709487738.22308,0,GPU-93ae0c7f-c327-aee3-adae-bc0d1dae71ea,0.14,0.21934538348803126,12282.0,9317.0,551.52,NVIDIA GeForce RTX 4070,[N/A],Enabled,Enabled
1709487739.22305,0,GPU-93ae0c7f-c327-aee3-adae-bc0d1dae71ea,0.14,0.21934538348803126,12282.0,9317.0,551.52,NVIDIA GeForce RTX 4070,[N/A],Enabled,Enabled
1709487740.222376,0,GPU-93ae0c7f-c327-aee3-adae-bc0d1dae71ea,0.15,0.21958964338055692,12282.0,9314.0,551.52,NVIDIA GeForce RTX 4070,[N/A],Enabled,Enabled
1709487741.222091,0,GPU-93ae0c7f-c327-aee3-adae-bc0d1dae71ea,0.15,0.22195082234163818,12282.0,9285.0,551.52,NVIDIA GeForce RTX 4070,[N/A],Enabled,Enabled
1709487742.22258,0,GPU-93ae0c7f-c327-aee3-adae-bc0d1dae71ea,0.13,0.2195082234163817,12282.0,9315.0,551.52,NVIDIA GeForce RTX 4070,[N/A],Enabled,Enabled
1709487743.222886,0,GPU-93ae0c7f-c327-aee3-adae-bc0d1dae71ea,0.13,0.21877544373880475,12282.0,9324.0,551.52,NVIDIA GeForce RTX 4070,[N/A],Enabled,Enabled
1709487744.222561,0,GPU-93ae0c7f-c327-aee3-adae-bc0d1dae71ea,0.12,0.21877544373880475,12282.0,9324.0,551.52,NVIDIA GeForce RTX 4070,[N/A],Enabled,Enabled
1709487745.222905,0,GPU-93ae0c7f-c327-aee3-adae-bc0d1dae71ea,0.12,0.21877544373880475,12282.0,9324.0,551.52,NVIDIA GeForce RTX 4070,[N/A],Enabled,Enabled
1709487746.223083,0,GPU-93ae0c7f-c327-aee3-adae-bc0d1dae71ea,0.12,0.21877544373880475,12282.0,9324.0,551.52,NVIDIA GeForce RTX 4070,[N/A],Enabled,Enabled
1709487747.222495,0,GPU-93ae0c7f-c327-aee3-adae-bc0d1dae71ea,0.12,0.21877544373880475,12282.0,9324.0,551.52,NVIDIA GeForce RTX 4070,[N/A],Enabled,Enabled
1709487748.221771,0,GPU-93ae0c7f-c327-aee3-adae-bc0d1dae71ea,0.12,0.21877544373880475,12282.0,9324.0,551.52,NVIDIA GeForce RTX 4070,[N/A],Enabled,Enabled
1709487749.222504,0,GPU-93ae0c7f-c327-aee3-adae-bc0d1dae71ea,0.12,0.21877544373880475,12282.0,9324.0,551.52,NVIDIA GeForce RTX 4070,[N/A],Enabled,Enabled
1709487750.223095,0,GPU-93ae0c7f-c327-aee3-adae-bc0d1dae71ea,0.12,0.21877544373880475,12282.0,9324.0,551.52,NVIDIA GeForce RTX 4070,[N/A],Enabled,Enabled
1709487751.223233,0,GPU-93ae0c7f-c327-aee3-adae-bc0d1dae71ea,0.12,0.21877544373880475,12282.0,9324.0,551.52,NVIDIA GeForce RTX 4070,[N/A],Enabled,Enabled
1709487752.222333,0,GPU-93ae0c7f-c327-aee3-adae-bc0d1dae71ea,0.12,0.21877544373880475,12282.0,9324.0,551.52,NVIDIA GeForce RTX 4070,[N/A],Enabled,Enabled
1709487753.222226,0,GPU-93ae0c7f-c327-aee3-adae-bc0d1dae71ea,0.12,0.21877544373880475,12282.0,9324.0,551.52,NVIDIA GeForce RTX 4070,[N/A],Enabled,Enabled
1709487754.222208,0,GPU-93ae0c7f-c327-aee3-adae-bc0d1dae71ea,0.12,0.21877544373880475,12282.0,9324.0,551.52,NVIDIA GeForce RTX 4070,[N/A],Enabled,Enabled
1709487755.222448,0,GPU-93ae0c7f-c327-aee3-adae-bc0d1dae71ea,0.12,0.21877544373880475,12282.0,9324.0,551.52,NVIDIA GeForce RTX 4070,[N/A],Enabled,Enabled
1709487756.222849,0,GPU-93ae0c7f-c327-aee3-adae-bc0d1dae71ea,0.12,0.21877544373880475,12282.0,9324.0,551.52,NVIDIA GeForce RTX 4070,[N/A],Enabled,Enabled
1709487757.22236,0,GPU-93ae0c7f-c327-aee3-adae-bc0d1dae71ea,0.12,0.21877544373880475,12282.0,9324.0,551.52,NVIDIA GeForce RTX 4070,[N/A],Enabled,Enabled
1709487758.222583,0,GPU-93ae0c7f-c327-aee3-adae-bc0d1dae71ea,0.12,0.21877544373880475,12282.0,9324.0,551.52,NVIDIA GeForce RTX 4070,[N/A],Enabled,Enabled
1709487759.222294,0,GPU-93ae0c7f-c327-aee3-adae-bc0d1dae71ea,0.12,0.21877544373880475,12282.0,9324.0,551.52,NVIDIA GeForce RTX 4070,[N/A],Enabled,Enabled
1709487760.22233,0,GPU-93ae0c7f-c327-aee3-adae-bc0d1dae71ea,0.12,0.21877544373880475,12282.0,9324.0,551.52,NVIDIA GeForce RTX 4070,[N/A],Enabled,Enabled
1709487761.222432,0,GPU-93ae0c7f-c327-aee3-adae-bc0d1dae71ea,0.12,0.2215437225207621,12282.0,9290.0,551.52,NVIDIA GeForce RTX 4070,[N/A],Enabled,Enabled
1709487762.222117,0,GPU-93ae0c7f-c327-aee3-adae-bc0d1dae71ea,0.22,0.31639798078488846,12282.0,8125.0,551.52,NVIDIA GeForce RTX 4070,[N/A],Enabled,Enabled
1709487763.222876,0,GPU-93ae0c7f-c327-aee3-adae-bc0d1dae71ea,0.08,0.28439993486402865,12282.0,8518.0,551.52,NVIDIA GeForce RTX 4070,[N/A],Enabled,Enabled
1709487764.22186,0,GPU-93ae0c7f-c327-aee3-adae-bc0d1dae71ea,0.08,0.28439993486402865,12282.0,8518.0,551.52,NVIDIA GeForce RTX 4070,[N/A],Enabled,Enabled
1709487765.221928,0,GPU-93ae0c7f-c327-aee3-adae-bc0d1dae71ea,0.08,0.28439993486402865,12282.0,8518.0,551.52,NVIDIA GeForce RTX 4070,[N/A],Enabled,Enabled
1709487766.222533,0,GPU-93ae0c7f-c327-aee3-adae-bc0d1dae71ea,0.04,0.219996743201433,12282.0,9309.0,551.52,NVIDIA GeForce RTX 4070,[N/A],Enabled,Enabled
1709487767.222644,0,GPU-93ae0c7f-c327-aee3-adae-bc0d1dae71ea,0.26,0.37632307441784724,12282.0,7389.0,551.52,NVIDIA GeForce RTX 4070,[N/A],Enabled,Enabled
1709487768.221742,0,GPU-93ae0c7f-c327-aee3-adae-bc0d1dae71ea,0.29,0.39960918417195895,12282.0,7103.0,551.52,NVIDIA GeForce RTX 4070,[N/A],Enabled,Enabled
1709487769.223019,0,GPU-93ae0c7f-c327-aee3-adae-bc0d1dae71ea,0.28,0.39960918417195895,12282.0,7103.0,551.52,NVIDIA GeForce RTX 4070,[N/A],Enabled,Enabled
1709487770.222501,0,GPU-93ae0c7f-c327-aee3-adae-bc0d1dae71ea,0.25,0.39529392607067254,12282.0,7156.0,551.52,NVIDIA GeForce RTX 4070,[N/A],Enabled,Enabled
1709487771.222488,0,GPU-93ae0c7f-c327-aee3-adae-bc0d1dae71ea,0.26,0.39529392607067254,12282.0,7156.0,551.52,NVIDIA GeForce RTX 4070,[N/A],Enabled,Enabled
1709487772.222404,0,GPU-93ae0c7f-c327-aee3-adae-bc0d1dae71ea,0.25,0.39529392607067254,12282.0,7156.0,551.52,NVIDIA GeForce RTX 4070,[N/A],Enabled,Enabled
1709487773.222965,0,GPU-93ae0c7f-c327-aee3-adae-bc0d1dae71ea,0.27,0.39960918417195895,12282.0,7103.0,551.52,NVIDIA GeForce RTX 4070,[N/A],Enabled,Enabled
1709487774.222451,0,GPU-93ae0c7f-c327-aee3-adae-bc0d1dae71ea,0.09,0.5004070998208761,12282.0,5865.0,551.52,NVIDIA GeForce RTX 4070,[N/A],Enabled,Enabled
1709487775.222935,0,GPU-93ae0c7f-c327-aee3-adae-bc0d1dae71ea,0.28,0.4004233838137111,12282.0,7093.0,551.52,NVIDIA GeForce RTX 4070,[N/A],Enabled,Enabled
1709487776.221759,0,GPU-93ae0c7f-c327-aee3-adae-bc0d1dae71ea,0.3,0.40050480377788633,12282.0,7092.0,551.52,NVIDIA GeForce RTX 4070,[N/A],Enabled,Enabled
1709487777.223123,0,GPU-93ae0c7f-c327-aee3-adae-bc0d1dae71ea,0.29,0.40050480377788633,12282.0,7092.0,551.52,NVIDIA GeForce RTX 4070,[N/A],Enabled,Enabled
1709487778.222187,0,GPU-93ae0c7f-c327-aee3-adae-bc0d1dae71ea,0.29,0.40050480377788633,12282.0,7092.0,551.52,NVIDIA GeForce RTX 4070,[N/A],Enabled,Enabled
1709487779.222991,0,GPU-93ae0c7f-c327-aee3-adae-bc0d1dae71ea,0.25,0.40050480377788633,12282.0,7092.0,551.52,NVIDIA GeForce RTX 4070,[N/A],Enabled,Enabled
1709487780.222097,0,GPU-93ae0c7f-c327-aee3-adae-bc0d1dae71ea,0.28,0.40050480377788633,12282.0,7092.0,551.52,NVIDIA GeForce RTX 4070,[N/A],Enabled,Enabled
1709487781.223276,0,GPU-93ae0c7f-c327-aee3-adae-bc0d1dae71ea,0.25,0.3961895456765999,12282.0,7145.0,551.52,NVIDIA GeForce RTX 4070,[N/A],Enabled,Enabled
1709487782.222953,0,GPU-93ae0c7f-c327-aee3-adae-bc0d1dae71ea,0.28,0.40050480377788633,12282.0,7092.0,551.52,NVIDIA GeForce RTX 4070,[N/A],Enabled,Enabled
1709487783.222575,0,GPU-93ae0c7f-c327-aee3-adae-bc0d1dae71ea,0.28,0.40050480377788633,12282.0,7092.0,551.52,NVIDIA GeForce RTX 4070,[N/A],Enabled,Enabled
1709487784.223303,0,GPU-93ae0c7f-c327-aee3-adae-bc0d1dae71ea,0.25,0.40050480377788633,12282.0,7092.0,551.52,NVIDIA GeForce RTX 4070,[N/A],Enabled,Enabled
1709487785.222405,0,GPU-93ae0c7f-c327-aee3-adae-bc0d1dae71ea,0.25,0.3961895456765999,12282.0,7145.0,551.52,NVIDIA GeForce RTX 4070,[N/A],Enabled,Enabled
1709487786.222223,0,GPU-93ae0c7f-c327-aee3-adae-bc0d1dae71ea,0.24,0.3978179449601042,12282.0,7125.0,551.52,NVIDIA GeForce RTX 4070,[N/A],Enabled,Enabled
1709487787.222488,0,GPU-93ae0c7f-c327-aee3-adae-bc0d1dae71ea,0.34,0.4043315420941215,12282.0,7045.0,551.52,NVIDIA GeForce RTX 4070,[N/A],Enabled,Enabled
1709487788.222226,0,GPU-93ae0c7f-c327-aee3-adae-bc0d1dae71ea,0.33,0.4043315420941215,12282.0,7045.0,551.52,NVIDIA GeForce RTX 4070,[N/A],Enabled,Enabled
1709487789.222822,0,GPU-93ae0c7f-c327-aee3-adae-bc0d1dae71ea,0.34,0.4043315420941215,12282.0,7045.0,551.52,NVIDIA GeForce RTX 4070,[N/A],Enabled,Enabled
1709487790.221863,0,GPU-93ae0c7f-c327-aee3-adae-bc0d1dae71ea,0.38,0.4043315420941215,12282.0,7045.0,551.52,NVIDIA GeForce RTX 4070,[N/A],Enabled,Enabled
1709487791.222245,0,GPU-93ae0c7f-c327-aee3-adae-bc0d1dae71ea,0.36,0.4043315420941215,12282.0,7045.0,551.52,NVIDIA GeForce RTX 4070,[N/A],Enabled,Enabled
1709487792.222273,0,GPU-93ae0c7f-c327-aee3-adae-bc0d1dae71ea,0.37,0.4043315420941215,12282.0,7045.0,551.52,NVIDIA GeForce RTX 4070,[N/A],Enabled,Enabled
1709487793.222356,0,GPU-93ae0c7f-c327-aee3-adae-bc0d1dae71ea,0.31,0.4043315420941215,12282.0,7045.0,551.52,NVIDIA GeForce RTX 4070,[N/A],Enabled,Enabled
1709487794.222302,0,GPU-93ae0c7f-c327-aee3-adae-bc0d1dae71ea,0.34,0.4043315420941215,12282.0,7045.0,551.52,NVIDIA GeForce RTX 4070,[N/A],Enabled,Enabled
1709487795.222472,0,GPU-93ae0c7f-c327-aee3-adae-bc0d1dae71ea,0.35,0.4043315420941215,12282.0,7045.0,551.52,NVIDIA GeForce RTX 4070,[N/A],Enabled,Enabled
1709487796.222107,0,GPU-93ae0c7f-c327-aee3-adae-bc0d1dae71ea,0.34,0.4043315420941215,12282.0,7045.0,551.52,NVIDIA GeForce RTX 4070,[N/A],Enabled,Enabled
1709487797.221913,0,GPU-93ae0c7f-c327-aee3-adae-bc0d1dae71ea,0.34,0.4043315420941215,12282.0,7045.0,551.52,NVIDIA GeForce RTX 4070,[N/A],Enabled,Enabled
1709487798.222052,0,GPU-93ae0c7f-c327-aee3-adae-bc0d1dae71ea,0.36,0.4043315420941215,12282.0,7045.0,551.52,NVIDIA GeForce RTX 4070,[N/A],Enabled,Enabled
1709487799.222851,0,GPU-93ae0c7f-c327-aee3-adae-bc0d1dae71ea,0.35,0.4043315420941215,12282.0,7045.0,551.52,NVIDIA GeForce RTX 4070,[N/A],Enabled,Enabled
1709487800.222627,0,GPU-93ae0c7f-c327-aee3-adae-bc0d1dae71ea,0.33,0.4043315420941215,12282.0,7045.0,551.52,NVIDIA GeForce RTX 4070,[N/A],Enabled,Enabled
1709487801.22246,0,GPU-93ae0c7f-c327-aee3-adae-bc0d1dae71ea,0.34,0.4043315420941215,12282.0,7045.0,551.52,NVIDIA GeForce RTX 4070,[N/A],Enabled,Enabled
1709487802.222547,0,GPU-93ae0c7f-c327-aee3-adae-bc0d1dae71ea,0.34,0.4043315420941215,12282.0,7045.0,551.52,NVIDIA GeForce RTX 4070,[N/A],Enabled,Enabled
1709487803.222465,0,GPU-93ae0c7f-c327-aee3-adae-bc0d1dae71ea,0.34,0.4043315420941215,12282.0,7045.0,551.52,NVIDIA GeForce RTX 4070,[N/A],Enabled,Enabled
1709487804.223109,0,GPU-93ae0c7f-c327-aee3-adae-bc0d1dae71ea,0.36,0.4043315420941215,12282.0,7045.0,551.52,NVIDIA GeForce RTX 4070,[N/A],Enabled,Enabled
1709487805.222592,0,GPU-93ae0c7f-c327-aee3-adae-bc0d1dae71ea,0.34,0.4043315420941215,12282.0,7045.0,551.52,NVIDIA GeForce RTX 4070,[N/A],Enabled,Enabled
1709487806.222196,0,GPU-93ae0c7f-c327-aee3-adae-bc0d1dae71ea,0.35,0.4043315420941215,12282.0,7045.0,551.52,NVIDIA GeForce RTX 4070,[N/A],Enabled,Enabled
1709487807.222959,0,GPU-93ae0c7f-c327-aee3-adae-bc0d1dae71ea,0.34,0.4043315420941215,12282.0,7045.0,551.52,NVIDIA GeForce RTX 4070,[N/A],Enabled,Enabled
1709487808.222762,0,GPU-93ae0c7f-c327-aee3-adae-bc0d1dae71ea,0.41,0.4043315420941215,12282.0,7045.0,551.52,NVIDIA GeForce RTX 4070,[N/A],Enabled,Enabled
1709487809.221845,0,GPU-93ae0c7f-c327-aee3-adae-bc0d1dae71ea,0.36,0.4043315420941215,12282.0,7045.0,551.52,NVIDIA GeForce RTX 4070,[N/A],Enabled,Enabled
1709487810.222196,0,GPU-93ae0c7f-c327-aee3-adae-bc0d1dae71ea,0.38,0.4043315420941215,12282.0,7045.0,551.52,NVIDIA GeForce RTX 4070,[N/A],Enabled,Enabled
1709487811.222485,0,GPU-93ae0c7f-c327-aee3-adae-bc0d1dae71ea,0.37,0.4043315420941215,12282.0,7045.0,551.52,NVIDIA GeForce RTX 4070,[N/A],Enabled,Enabled
1709487812.222801,0,GPU-93ae0c7f-c327-aee3-adae-bc0d1dae71ea,0.38,0.4043315420941215,12282.0,7045.0,551.52,NVIDIA GeForce RTX 4070,[N/A],Enabled,Enabled
1709487813.223223,0,GPU-93ae0c7f-c327-aee3-adae-bc0d1dae71ea,0.36,0.4043315420941215,12282.0,7045.0,551.52,NVIDIA GeForce RTX 4070,[N/A],Enabled,Enabled
1709487814.221922,0,GPU-93ae0c7f-c327-aee3-adae-bc0d1dae71ea,0.37,0.4043315420941215,12282.0,7045.0,551.52,NVIDIA GeForce RTX 4070,[N/A],Enabled,Enabled
1709487815.22234,0,GPU-93ae0c7f-c327-aee3-adae-bc0d1dae71ea,0.4,0.4043315420941215,12282.0,7045.0,551.52,NVIDIA GeForce RTX 4070,[N/A],Enabled,Enabled
1709487816.223032,0,GPU-93ae0c7f-c327-aee3-adae-bc0d1dae71ea,0.38,0.4043315420941215,12282.0,7045.0,551.52,NVIDIA GeForce RTX 4070,[N/A],Enabled,Enabled
1709487817.222881,0,GPU-93ae0c7f-c327-aee3-adae-bc0d1dae71ea,0.33,0.4043315420941215,12282.0,7045.0,551.52,NVIDIA GeForce RTX 4070,[N/A],Enabled,Enabled
1709487818.221954,0,GPU-93ae0c7f-c327-aee3-adae-bc0d1dae71ea,0.36,0.4043315420941215,12282.0,7045.0,551.52,NVIDIA GeForce RTX 4070,[N/A],Enabled,Enabled
1709487819.222324,0,GPU-93ae0c7f-c327-aee3-adae-bc0d1dae71ea,0.34,0.4043315420941215,12282.0,7045.0,551.52,NVIDIA GeForce RTX 4070,[N/A],Enabled,Enabled
1709487820.222555,0,GPU-93ae0c7f-c327-aee3-adae-bc0d1dae71ea,0.37,0.4043315420941215,12282.0,7045.0,551.52,NVIDIA GeForce RTX 4070,[N/A],Enabled,Enabled
1709487821.223037,0,GPU-93ae0c7f-c327-aee3-adae-bc0d1dae71ea,0.34,0.4043315420941215,12282.0,7045.0,551.52,NVIDIA GeForce RTX 4070,[N/A],Enabled,Enabled
1709487822.222792,0,GPU-93ae0c7f-c327-aee3-adae-bc0d1dae71ea,0.38,0.4043315420941215,12282.0,7045.0,551.52,NVIDIA GeForce RTX 4070,[N/A],Enabled,Enabled
1709487823.222298,0,GPU-93ae0c7f-c327-aee3-adae-bc0d1dae71ea,0.32,0.4043315420941215,12282.0,7045.0,551.52,NVIDIA GeForce RTX 4070,[N/A],Enabled,Enabled
1709487824.222652,0,GPU-93ae0c7f-c327-aee3-adae-bc0d1dae71ea,0.34,0.4043315420941215,12282.0,7045.0,551.52,NVIDIA GeForce RTX 4070,[N/A],Enabled,Enabled
1709487825.222739,0,GPU-93ae0c7f-c327-aee3-adae-bc0d1dae71ea,0.37,0.4043315420941215,12282.0,7045.0,551.52,NVIDIA GeForce RTX 4070,[N/A],Enabled,Enabled
1709487826.223028,0,GPU-93ae0c7f-c327-aee3-adae-bc0d1dae71ea,0.36,0.4043315420941215,12282.0,7045.0,551.52,NVIDIA GeForce RTX 4070,[N/A],Enabled,Enabled
1709487827.222244,0,GPU-93ae0c7f-c327-aee3-adae-bc0d1dae71ea,0.34,0.4043315420941215,12282.0,7045.0,551.52,NVIDIA GeForce RTX 4070,[N/A],Enabled,Enabled
1709487828.222913,0,GPU-93ae0c7f-c327-aee3-adae-bc0d1dae71ea,0.41,0.4043315420941215,12282.0,7045.0,551.52,NVIDIA GeForce RTX 4070,[N/A],Enabled,Enabled
1709487829.222658,0,GPU-93ae0c7f-c327-aee3-adae-bc0d1dae71ea,0.34,0.4043315420941215,12282.0,7045.0,551.52,NVIDIA GeForce RTX 4070,[N/A],Enabled,Enabled
1709487830.222997,0,GPU-93ae0c7f-c327-aee3-adae-bc0d1dae71ea,0.41,0.4043315420941215,12282.0,7045.0,551.52,NVIDIA GeForce RTX 4070,[N/A],Enabled,Enabled
1709487831.222686,0,GPU-93ae0c7f-c327-aee3-adae-bc0d1dae71ea,0.35,0.4043315420941215,12282.0,7045.0,551.52,NVIDIA GeForce RTX 4070,[N/A],Enabled,Enabled
1709487832.222266,0,GPU-93ae0c7f-c327-aee3-adae-bc0d1dae71ea,0.35,0.4043315420941215,12282.0,7045.0,551.52,NVIDIA GeForce RTX 4070,[N/A],Enabled,Enabled
1709487833.221983,0,GPU-93ae0c7f-c327-aee3-adae-bc0d1dae71ea,0.32,0.4043315420941215,12282.0,7045.0,551.52,NVIDIA GeForce RTX 4070,[N/A],Enabled,Enabled
1709487834.222101,0,GPU-93ae0c7f-c327-aee3-adae-bc0d1dae71ea,0.39,0.4043315420941215,12282.0,7045.0,551.52,NVIDIA GeForce RTX 4070,[N/A],Enabled,Enabled
1709487835.222426,0,GPU-93ae0c7f-c327-aee3-adae-bc0d1dae71ea,0.39,0.4043315420941215,12282.0,7045.0,551.52,NVIDIA GeForce RTX 4070,[N/A],Enabled,Enabled
1709487836.222057,0,GPU-93ae0c7f-c327-aee3-adae-bc0d1dae71ea,0.38,0.4043315420941215,12282.0,7045.0,551.52,NVIDIA GeForce RTX 4070,[N/A],Enabled,Enabled
1709487837.222294,0,GPU-93ae0c7f-c327-aee3-adae-bc0d1dae71ea,0.35,0.4043315420941215,12282.0,7045.0,551.52,NVIDIA GeForce RTX 4070,[N/A],Enabled,Enabled
1709487838.222255,0,GPU-93ae0c7f-c327-aee3-adae-bc0d1dae71ea,0.38,0.4043315420941215,12282.0,7045.0,551.52,NVIDIA GeForce RTX 4070,[N/A],Enabled,Enabled
1709487839.222302,0,GPU-93ae0c7f-c327-aee3-adae-bc0d1dae71ea,0.35,0.4043315420941215,12282.0,7045.0,551.52,NVIDIA GeForce RTX 4070,[N/A],Enabled,Enabled
1709487840.222661,0,GPU-93ae0c7f-c327-aee3-adae-bc0d1dae71ea,0.37,0.4043315420941215,12282.0,7045.0,551.52,NVIDIA GeForce RTX 4070,[N/A],Enabled,Enabled
1709487841.222492,0,GPU-93ae0c7f-c327-aee3-adae-bc0d1dae71ea,0.35,0.4043315420941215,12282.0,7045.0,551.52,NVIDIA GeForce RTX 4070,[N/A],Enabled,Enabled
1709487842.222196,0,GPU-93ae0c7f-c327-aee3-adae-bc0d1dae71ea,0.34,0.4043315420941215,12282.0,7045.0,551.52,NVIDIA GeForce RTX 4070,[N/A],Enabled,Enabled
1709487843.222115,0,GPU-93ae0c7f-c327-aee3-adae-bc0d1dae71ea,0.37,0.4043315420941215,12282.0,7045.0,551.52,NVIDIA GeForce RTX 4070,[N/A],Enabled,Enabled
1709487844.223062,0,GPU-93ae0c7f-c327-aee3-adae-bc0d1dae71ea,0.34,0.4043315420941215,12282.0,7045.0,551.52,NVIDIA GeForce RTX 4070,[N/A],Enabled,Enabled
1709487845.222714,0,GPU-93ae0c7f-c327-aee3-adae-bc0d1dae71ea,0.34,0.4043315420941215,12282.0,7045.0,551.52,NVIDIA GeForce RTX 4070,[N/A],Enabled,Enabled
1709487846.222615,0,GPU-93ae0c7f-c327-aee3-adae-bc0d1dae71ea,0.37,0.4043315420941215,12282.0,7045.0,551.52,NVIDIA GeForce RTX 4070,[N/A],Enabled,Enabled
1709487847.221895,0,GPU-93ae0c7f-c327-aee3-adae-bc0d1dae71ea,0.33,0.4043315420941215,12282.0,7045.0,551.52,NVIDIA GeForce RTX 4070,[N/A],Enabled,Enabled
1709487848.222485,0,GPU-93ae0c7f-c327-aee3-adae-bc0d1dae71ea,0.35,0.4043315420941215,12282.0,7045.0,551.52,NVIDIA GeForce RTX 4070,[N/A],Enabled,Enabled
1709487849.222194,0,GPU-93ae0c7f-c327-aee3-adae-bc0d1dae71ea,0.34,0.4043315420941215,12282.0,7045.0,551.52,NVIDIA GeForce RTX 4070,[N/A],Enabled,Enabled
1709487850.223249,0,GPU-93ae0c7f-c327-aee3-adae-bc0d1dae71ea,0.35,0.4043315420941215,12282.0,7045.0,551.52,NVIDIA GeForce RTX 4070,[N/A],Enabled,Enabled
1709487851.222693,0,GPU-93ae0c7f-c327-aee3-adae-bc0d1dae71ea,0.36,0.4043315420941215,12282.0,7045.0,551.52,NVIDIA GeForce RTX 4070,[N/A],Enabled,Enabled
1709487852.222691,0,GPU-93ae0c7f-c327-aee3-adae-bc0d1dae71ea,0.37,0.4043315420941215,12282.0,7045.0,551.52,NVIDIA GeForce RTX 4070,[N/A],Enabled,Enabled
1709487853.223138,0,GPU-93ae0c7f-c327-aee3-adae-bc0d1dae71ea,0.36,0.4043315420941215,12282.0,7045.0,551.52,NVIDIA GeForce RTX 4070,[N/A],Enabled,Enabled
1709487854.221934,0,GPU-93ae0c7f-c327-aee3-adae-bc0d1dae71ea,0.35,0.4043315420941215,12282.0,7045.0,551.52,NVIDIA GeForce RTX 4070,[N/A],Enabled,Enabled
1709487855.222097,0,GPU-93ae0c7f-c327-aee3-adae-bc0d1dae71ea,0.36,0.4043315420941215,12282.0,7045.0,551.52,NVIDIA GeForce RTX 4070,[N/A],Enabled,Enabled
1709487856.221837,0,GPU-93ae0c7f-c327-aee3-adae-bc0d1dae71ea,0.35,0.4043315420941215,12282.0,7045.0,551.52,NVIDIA GeForce RTX 4070,[N/A],Enabled,Enabled
1709487857.22253,0,GPU-93ae0c7f-c327-aee3-adae-bc0d1dae71ea,0.34,0.4043315420941215,12282.0,7045.0,551.52,NVIDIA GeForce RTX 4070,[N/A],Enabled,Enabled
1709487858.223315,0,GPU-93ae0c7f-c327-aee3-adae-bc0d1dae71ea,0.38,0.4043315420941215,12282.0,7045.0,551.52,NVIDIA GeForce RTX 4070,[N/A],Enabled,Enabled
1709487859.222065,0,GPU-93ae0c7f-c327-aee3-adae-bc0d1dae71ea,0.37,0.4043315420941215,12282.0,7045.0,551.52,NVIDIA GeForce RTX 4070,[N/A],Enabled,Enabled
1709487860.222666,0,GPU-93ae0c7f-c327-aee3-adae-bc0d1dae71ea,0.4,0.4043315420941215,12282.0,7045.0,551.52,NVIDIA GeForce RTX 4070,[N/A],Enabled,Enabled
1709487861.221777,0,GPU-93ae0c7f-c327-aee3-adae-bc0d1dae71ea,0.38,0.4043315420941215,12282.0,7045.0,551.52,NVIDIA GeForce RTX 4070,[N/A],Enabled,Enabled
1709487862.222259,0,GPU-93ae0c7f-c327-aee3-adae-bc0d1dae71ea,0.35,0.4043315420941215,12282.0,7045.0,551.52,NVIDIA GeForce RTX 4070,[N/A],Enabled,Enabled
1709487863.222631,0,GPU-93ae0c7f-c327-aee3-adae-bc0d1dae71ea,0.38,0.4043315420941215,12282.0,7045.0,551.52,NVIDIA GeForce RTX 4070,[N/A],Enabled,Enabled
1709487864.223031,0,GPU-93ae0c7f-c327-aee3-adae-bc0d1dae71ea,0.37,0.4043315420941215,12282.0,7045.0,551.52,NVIDIA GeForce RTX 4070,[N/A],Enabled,Enabled
1709487865.221822,0,GPU-93ae0c7f-c327-aee3-adae-bc0d1dae71ea,0.35,0.4043315420941215,12282.0,7045.0,551.52,NVIDIA GeForce RTX 4070,[N/A],Enabled,Enabled
1709487866.222179,0,GPU-93ae0c7f-c327-aee3-adae-bc0d1dae71ea,0.39,0.4043315420941215,12282.0,7045.0,551.52,NVIDIA GeForce RTX 4070,[N/A],Enabled,Enabled
1709487867.22205,0,GPU-93ae0c7f-c327-aee3-adae-bc0d1dae71ea,0.38,0.4043315420941215,12282.0,7045.0,551.52,NVIDIA GeForce RTX 4070,[N/A],Enabled,Enabled
1709487868.222431,0,GPU-93ae0c7f-c327-aee3-adae-bc0d1dae71ea,0.35,0.4043315420941215,12282.0,7045.0,551.52,NVIDIA GeForce RTX 4070,[N/A],Enabled,Enabled
1709487869.222188,0,GPU-93ae0c7f-c327-aee3-adae-bc0d1dae71ea,0.33,0.4043315420941215,12282.0,7045.0,551.52,NVIDIA GeForce RTX 4070,[N/A],Enabled,Enabled
1709487870.223071,0,GPU-93ae0c7f-c327-aee3-adae-bc0d1dae71ea,0.36,0.4043315420941215,12282.0,7045.0,551.52,NVIDIA GeForce RTX 4070,[N/A],Enabled,Enabled
1709487871.223007,0,GPU-93ae0c7f-c327-aee3-adae-bc0d1dae71ea,0.36,0.4043315420941215,12282.0,7045.0,551.52,NVIDIA GeForce RTX 4070,[N/A],Enabled,Enabled
1709487872.222535,0,GPU-93ae0c7f-c327-aee3-adae-bc0d1dae71ea,0.36,0.4043315420941215,12282.0,7045.0,551.52,NVIDIA GeForce RTX 4070,[N/A],Enabled,Enabled
1709487873.222821,0,GPU-93ae0c7f-c327-aee3-adae-bc0d1dae71ea,0.35,0.4043315420941215,12282.0,7045.0,551.52,NVIDIA GeForce RTX 4070,[N/A],Enabled,Enabled
1709487874.222099,0,GPU-93ae0c7f-c327-aee3-adae-bc0d1dae71ea,0.36,0.4043315420941215,12282.0,7045.0,551.52,NVIDIA GeForce RTX 4070,[N/A],Enabled,Enabled
1709487875.22275,0,GPU-93ae0c7f-c327-aee3-adae-bc0d1dae71ea,0.34,0.4043315420941215,12282.0,7045.0,551.52,NVIDIA GeForce RTX 4070,[N/A],Enabled,Enabled
1709487876.223098,0,GPU-93ae0c7f-c327-aee3-adae-bc0d1dae71ea,0.35,0.4043315420941215,12282.0,7045.0,551.52,NVIDIA GeForce RTX 4070,[N/A],Enabled,Enabled
1709487877.221902,0,GPU-93ae0c7f-c327-aee3-adae-bc0d1dae71ea,0.35,0.4043315420941215,12282.0,7045.0,551.52,NVIDIA GeForce RTX 4070,[N/A],Enabled,Enabled
1709487878.222587,0,GPU-93ae0c7f-c327-aee3-adae-bc0d1dae71ea,0.36,0.4043315420941215,12282.0,7045.0,551.52,NVIDIA GeForce RTX 4070,[N/A],Enabled,Enabled
1709487879.222596,0,GPU-93ae0c7f-c327-aee3-adae-bc0d1dae71ea,0.36,0.4043315420941215,12282.0,7045.0,551.52,NVIDIA GeForce RTX 4070,[N/A],Enabled,Enabled
1709487880.223297,0,GPU-93ae0c7f-c327-aee3-adae-bc0d1dae71ea,0.41,0.4043315420941215,12282.0,7045.0,551.52,NVIDIA GeForce RTX 4070,[N/A],Enabled,Enabled
1709487881.22189,0,GPU-93ae0c7f-c327-aee3-adae-bc0d1dae71ea,0.34,0.4043315420941215,12282.0,7045.0,551.52,NVIDIA GeForce RTX 4070,[N/A],Enabled,Enabled
1709487882.221981,0,GPU-93ae0c7f-c327-aee3-adae-bc0d1dae71ea,0.39,0.4043315420941215,12282.0,7045.0,551.52,NVIDIA GeForce RTX 4070,[N/A],Enabled,Enabled
1709487883.222317,0,GPU-93ae0c7f-c327-aee3-adae-bc0d1dae71ea,0.36,0.4043315420941215,12282.0,7045.0,551.52,NVIDIA GeForce RTX 4070,[N/A],Enabled,Enabled
1709487884.222513,0,GPU-93ae0c7f-c327-aee3-adae-bc0d1dae71ea,0.36,0.4043315420941215,12282.0,7045.0,551.52,NVIDIA GeForce RTX 4070,[N/A],Enabled,Enabled
1709487885.222799,0,GPU-93ae0c7f-c327-aee3-adae-bc0d1dae71ea,0.39,0.4043315420941215,12282.0,7045.0,551.52,NVIDIA GeForce RTX 4070,[N/A],Enabled,Enabled
1709487886.222011,0,GPU-93ae0c7f-c327-aee3-adae-bc0d1dae71ea,0.34,0.4043315420941215,12282.0,7045.0,551.52,NVIDIA GeForce RTX 4070,[N/A],Enabled,Enabled
1709487887.222262,0,GPU-93ae0c7f-c327-aee3-adae-bc0d1dae71ea,0.38,0.4043315420941215,12282.0,7045.0,551.52,NVIDIA GeForce RTX 4070,[N/A],Enabled,Enabled
1709487888.222341,0,GPU-93ae0c7f-c327-aee3-adae-bc0d1dae71ea,0.35,0.4043315420941215,12282.0,7045.0,551.52,NVIDIA GeForce RTX 4070,[N/A],Enabled,Enabled
1709487889.22244,0,GPU-93ae0c7f-c327-aee3-adae-bc0d1dae71ea,0.37,0.4043315420941215,12282.0,7045.0,551.52,NVIDIA GeForce RTX 4070,[N/A],Enabled,Enabled
1709487890.222625,0,GPU-93ae0c7f-c327-aee3-adae-bc0d1dae71ea,0.35,0.4043315420941215,12282.0,7045.0,551.52,NVIDIA GeForce RTX 4070,[N/A],Enabled,Enabled
1709487891.222025,0,GPU-93ae0c7f-c327-aee3-adae-bc0d1dae71ea,0.34,0.4043315420941215,12282.0,7045.0,551.52,NVIDIA GeForce RTX 4070,[N/A],Enabled,Enabled
1709487892.222363,0,GPU-93ae0c7f-c327-aee3-adae-bc0d1dae71ea,0.39,0.4043315420941215,12282.0,7045.0,551.52,NVIDIA GeForce RTX 4070,[N/A],Enabled,Enabled
1709487893.222505,0,GPU-93ae0c7f-c327-aee3-adae-bc0d1dae71ea,0.42,0.4043315420941215,12282.0,7045.0,551.52,NVIDIA GeForce RTX 4070,[N/A],Enabled,Enabled
1709487894.222587,0,GPU-93ae0c7f-c327-aee3-adae-bc0d1dae71ea,0.36,0.4043315420941215,12282.0,7045.0,551.52,NVIDIA GeForce RTX 4070,[N/A],Enabled,Enabled
1709487895.221953,0,GPU-93ae0c7f-c327-aee3-adae-bc0d1dae71ea,0.38,0.4043315420941215,12282.0,7045.0,551.52,NVIDIA GeForce RTX 4070,[N/A],Enabled,Enabled
1709487896.221973,0,GPU-93ae0c7f-c327-aee3-adae-bc0d1dae71ea,0.35,0.4043315420941215,12282.0,7045.0,551.52,NVIDIA GeForce RTX 4070,[N/A],Enabled,Enabled
1709487897.222792,0,GPU-93ae0c7f-c327-aee3-adae-bc0d1dae71ea,0.33,0.4043315420941215,12282.0,7045.0,551.52,NVIDIA GeForce RTX 4070,[N/A],Enabled,Enabled
1709487898.222512,0,GPU-93ae0c7f-c327-aee3-adae-bc0d1dae71ea,0.34,0.4043315420941215,12282.0,7045.0,551.52,NVIDIA GeForce RTX 4070,[N/A],Enabled,Enabled
1709487899.222187,0,GPU-93ae0c7f-c327-aee3-adae-bc0d1dae71ea,0.34,0.4043315420941215,12282.0,7045.0,551.52,NVIDIA GeForce RTX 4070,[N/A],Enabled,Enabled
1709487900.223205,0,GPU-93ae0c7f-c327-aee3-adae-bc0d1dae71ea,0.4,0.4043315420941215,12282.0,7045.0,551.52,NVIDIA GeForce RTX 4070,[N/A],Enabled,Enabled
1709487901.222476,0,GPU-93ae0c7f-c327-aee3-adae-bc0d1dae71ea,0.38,0.4043315420941215,12282.0,7045.0,551.52,NVIDIA GeForce RTX 4070,[N/A],Enabled,Enabled
1709487902.22352,0,GPU-93ae0c7f-c327-aee3-adae-bc0d1dae71ea,0.39,0.4043315420941215,12282.0,7045.0,551.52,NVIDIA GeForce RTX 4070,[N/A],Enabled,Enabled
1709487903.222876,0,GPU-93ae0c7f-c327-aee3-adae-bc0d1dae71ea,0.35,0.4043315420941215,12282.0,7045.0,551.52,NVIDIA GeForce RTX 4070,[N/A],Enabled,Enabled
1709487904.22176,0,GPU-93ae0c7f-c327-aee3-adae-bc0d1dae71ea,0.41,0.4043315420941215,12282.0,7045.0,551.52,NVIDIA GeForce RTX 4070,[N/A],Enabled,Enabled
1709487905.222418,0,GPU-93ae0c7f-c327-aee3-adae-bc0d1dae71ea,0.41,0.4043315420941215,12282.0,7045.0,551.52,NVIDIA GeForce RTX 4070,[N/A],Enabled,Enabled
1709487906.222569,0,GPU-93ae0c7f-c327-aee3-adae-bc0d1dae71ea,0.38,0.4043315420941215,12282.0,7045.0,551.52,NVIDIA GeForce RTX 4070,[N/A],Enabled,Enabled
1709487907.222462,0,GPU-93ae0c7f-c327-aee3-adae-bc0d1dae71ea,0.34,0.4043315420941215,12282.0,7045.0,551.52,NVIDIA GeForce RTX 4070,[N/A],Enabled,Enabled
1709487908.223148,0,GPU-93ae0c7f-c327-aee3-adae-bc0d1dae71ea,0.39,0.4043315420941215,12282.0,7045.0,551.52,NVIDIA GeForce RTX 4070,[N/A],Enabled,Enabled
1709487909.222599,0,GPU-93ae0c7f-c327-aee3-adae-bc0d1dae71ea,0.34,0.4043315420941215,12282.0,7045.0,551.52,NVIDIA GeForce RTX 4070,[N/A],Enabled,Enabled
1709487910.221897,0,GPU-93ae0c7f-c327-aee3-adae-bc0d1dae71ea,0.38,0.4043315420941215,12282.0,7045.0,551.52,NVIDIA GeForce RTX 4070,[N/A],Enabled,Enabled
1709487911.222167,0,GPU-93ae0c7f-c327-aee3-adae-bc0d1dae71ea,0.36,0.4043315420941215,12282.0,7045.0,551.52,NVIDIA GeForce RTX 4070,[N/A],Enabled,Enabled
1709487912.222988,0,GPU-93ae0c7f-c327-aee3-adae-bc0d1dae71ea,0.35,0.4043315420941215,12282.0,7045.0,551.52,NVIDIA GeForce RTX 4070,[N/A],Enabled,Enabled
1709487913.222975,0,GPU-93ae0c7f-c327-aee3-adae-bc0d1dae71ea,0.36,0.4043315420941215,12282.0,7045.0,551.52,NVIDIA GeForce RTX 4070,[N/A],Enabled,Enabled
1709487914.222866,0,GPU-93ae0c7f-c327-aee3-adae-bc0d1dae71ea,0.31,0.4043315420941215,12282.0,7045.0,551.52,NVIDIA GeForce RTX 4070,[N/A],Enabled,Enabled
1709487915.222347,0,GPU-93ae0c7f-c327-aee3-adae-bc0d1dae71ea,0.36,0.4043315420941215,12282.0,7045.0,551.52,NVIDIA GeForce RTX 4070,[N/A],Enabled,Enabled
1709487916.22206,0,GPU-93ae0c7f-c327-aee3-adae-bc0d1dae71ea,0.34,0.4043315420941215,12282.0,7045.0,551.52,NVIDIA GeForce RTX 4070,[N/A],Enabled,Enabled
1709487917.222284,0,GPU-93ae0c7f-c327-aee3-adae-bc0d1dae71ea,0.36,0.4043315420941215,12282.0,7045.0,551.52,NVIDIA GeForce RTX 4070,[N/A],Enabled,Enabled
1709487918.22319,0,GPU-93ae0c7f-c327-aee3-adae-bc0d1dae71ea,0.4,0.4043315420941215,12282.0,7045.0,551.52,NVIDIA GeForce RTX 4070,[N/A],Enabled,Enabled
1709487919.222428,0,GPU-93ae0c7f-c327-aee3-adae-bc0d1dae71ea,0.34,0.4043315420941215,12282.0,7045.0,551.52,NVIDIA GeForce RTX 4070,[N/A],Enabled,Enabled
1709487920.22262,0,GPU-93ae0c7f-c327-aee3-adae-bc0d1dae71ea,0.37,0.4043315420941215,12282.0,7045.0,551.52,NVIDIA GeForce RTX 4070,[N/A],Enabled,Enabled
1709487921.222041,0,GPU-93ae0c7f-c327-aee3-adae-bc0d1dae71ea,0.34,0.4043315420941215,12282.0,7045.0,551.52,NVIDIA GeForce RTX 4070,[N/A],Enabled,Enabled
1709487922.223013,0,GPU-93ae0c7f-c327-aee3-adae-bc0d1dae71ea,0.35,0.4043315420941215,12282.0,7045.0,551.52,NVIDIA GeForce RTX 4070,[N/A],Enabled,Enabled
1709487923.222839,0,GPU-93ae0c7f-c327-aee3-adae-bc0d1dae71ea,0.38,0.4043315420941215,12282.0,7045.0,551.52,NVIDIA GeForce RTX 4070,[N/A],Enabled,Enabled
1709487924.222792,0,GPU-93ae0c7f-c327-aee3-adae-bc0d1dae71ea,0.4,0.4043315420941215,12282.0,7045.0,551.52,NVIDIA GeForce RTX 4070,[N/A],Enabled,Enabled
1709487925.22186,0,GPU-93ae0c7f-c327-aee3-adae-bc0d1dae71ea,0.36,0.4043315420941215,12282.0,7045.0,551.52,NVIDIA GeForce RTX 4070,[N/A],Enabled,Enabled
1709487926.22262,0,GPU-93ae0c7f-c327-aee3-adae-bc0d1dae71ea,0.39,0.4043315420941215,12282.0,7045.0,551.52,NVIDIA GeForce RTX 4070,[N/A],Enabled,Enabled
1709487927.222515,0,GPU-93ae0c7f-c327-aee3-adae-bc0d1dae71ea,0.33,0.4043315420941215,12282.0,7045.0,551.52,NVIDIA GeForce RTX 4070,[N/A],Enabled,Enabled
1709487928.222633,0,GPU-93ae0c7f-c327-aee3-adae-bc0d1dae71ea,0.34,0.4043315420941215,12282.0,7045.0,551.52,NVIDIA GeForce RTX 4070,[N/A],Enabled,Enabled
1709487929.22224,0,GPU-93ae0c7f-c327-aee3-adae-bc0d1dae71ea,0.32,0.4043315420941215,12282.0,7045.0,551.52,NVIDIA GeForce RTX 4070,[N/A],Enabled,Enabled
1709487930.22171,0,GPU-93ae0c7f-c327-aee3-adae-bc0d1dae71ea,0.34,0.4043315420941215,12282.0,7045.0,551.52,NVIDIA GeForce RTX 4070,[N/A],Enabled,Enabled
1709487931.22246,0,GPU-93ae0c7f-c327-aee3-adae-bc0d1dae71ea,0.33,0.4043315420941215,12282.0,7045.0,551.52,NVIDIA GeForce RTX 4070,[N/A],Enabled,Enabled
1709487932.221871,0,GPU-93ae0c7f-c327-aee3-adae-bc0d1dae71ea,0.35,0.4043315420941215,12282.0,7045.0,551.52,NVIDIA GeForce RTX 4070,[N/A],Enabled,Enabled
1709487933.22306,0,GPU-93ae0c7f-c327-aee3-adae-bc0d1dae71ea,0.33,0.4043315420941215,12282.0,7045.0,551.52,NVIDIA GeForce RTX 4070,[N/A],Enabled,Enabled
1709487934.222254,0,GPU-93ae0c7f-c327-aee3-adae-bc0d1dae71ea,0.35,0.4043315420941215,12282.0,7045.0,551.52,NVIDIA GeForce RTX 4070,[N/A],Enabled,Enabled
1709487935.223258,0,GPU-93ae0c7f-c327-aee3-adae-bc0d1dae71ea,0.33,0.4043315420941215,12282.0,7045.0,551.52,NVIDIA GeForce RTX 4070,[N/A],Enabled,Enabled
1709487936.223086,0,GPU-93ae0c7f-c327-aee3-adae-bc0d1dae71ea,0.33,0.4043315420941215,12282.0,7045.0,551.52,NVIDIA GeForce RTX 4070,[N/A],Enabled,Enabled
1709487937.222084,0,GPU-93ae0c7f-c327-aee3-adae-bc0d1dae71ea,0.34,0.4043315420941215,12282.0,7045.0,551.52,NVIDIA GeForce RTX 4070,[N/A],Enabled,Enabled
1709487938.222381,0,GPU-93ae0c7f-c327-aee3-adae-bc0d1dae71ea,0.37,0.4043315420941215,12282.0,7045.0,551.52,NVIDIA GeForce RTX 4070,[N/A],Enabled,Enabled
1709487939.221861,0,GPU-93ae0c7f-c327-aee3-adae-bc0d1dae71ea,0.35,0.4043315420941215,12282.0,7045.0,551.52,NVIDIA GeForce RTX 4070,[N/A],Enabled,Enabled
1709487940.223233,0,GPU-93ae0c7f-c327-aee3-adae-bc0d1dae71ea,0.34,0.4043315420941215,12282.0,7045.0,551.52,NVIDIA GeForce RTX 4070,[N/A],Enabled,Enabled
1709487941.222144,0,GPU-93ae0c7f-c327-aee3-adae-bc0d1dae71ea,0.34,0.4043315420941215,12282.0,7045.0,551.52,NVIDIA GeForce RTX 4070,[N/A],Enabled,Enabled
1709487942.222515,0,GPU-93ae0c7f-c327-aee3-adae-bc0d1dae71ea,0.39,0.4043315420941215,12282.0,7045.0,551.52,NVIDIA GeForce RTX 4070,[N/A],Enabled,Enabled
1709487943.222116,0,GPU-93ae0c7f-c327-aee3-adae-bc0d1dae71ea,0.35,0.4043315420941215,12282.0,7045.0,551.52,NVIDIA GeForce RTX 4070,[N/A],Enabled,Enabled
1709487944.223254,0,GPU-93ae0c7f-c327-aee3-adae-bc0d1dae71ea,0.36,0.4043315420941215,12282.0,7045.0,551.52,NVIDIA GeForce RTX 4070,[N/A],Enabled,Enabled
1709487945.222231,0,GPU-93ae0c7f-c327-aee3-adae-bc0d1dae71ea,0.34,0.4043315420941215,12282.0,7045.0,551.52,NVIDIA GeForce RTX 4070,[N/A],Enabled,Enabled
1709487946.222425,0,GPU-93ae0c7f-c327-aee3-adae-bc0d1dae71ea,0.4,0.4043315420941215,12282.0,7045.0,551.52,NVIDIA GeForce RTX 4070,[N/A],Enabled,Enabled
1709487947.222606,0,GPU-93ae0c7f-c327-aee3-adae-bc0d1dae71ea,0.4,0.4043315420941215,12282.0,7045.0,551.52,NVIDIA GeForce RTX 4070,[N/A],Enabled,Enabled
1709487948.222435,0,GPU-93ae0c7f-c327-aee3-adae-bc0d1dae71ea,0.41,0.4043315420941215,12282.0,7045.0,551.52,NVIDIA GeForce RTX 4070,[N/A],Enabled,Enabled
1709487949.223194,0,GPU-93ae0c7f-c327-aee3-adae-bc0d1dae71ea,0.33,0.4043315420941215,12282.0,7045.0,551.52,NVIDIA GeForce RTX 4070,[N/A],Enabled,Enabled
1709487950.222456,0,GPU-93ae0c7f-c327-aee3-adae-bc0d1dae71ea,0.39,0.4043315420941215,12282.0,7045.0,551.52,NVIDIA GeForce RTX 4070,[N/A],Enabled,Enabled
1709487951.222296,0,GPU-93ae0c7f-c327-aee3-adae-bc0d1dae71ea,0.32,0.4043315420941215,12282.0,7045.0,551.52,NVIDIA GeForce RTX 4070,[N/A],Enabled,Enabled
1709487952.221985,0,GPU-93ae0c7f-c327-aee3-adae-bc0d1dae71ea,0.36,0.4043315420941215,12282.0,7045.0,551.52,NVIDIA GeForce RTX 4070,[N/A],Enabled,Enabled
1709487953.222169,0,GPU-93ae0c7f-c327-aee3-adae-bc0d1dae71ea,0.39,0.4043315420941215,12282.0,7045.0,551.52,NVIDIA GeForce RTX 4070,[N/A],Enabled,Enabled
1709487954.222741,0,GPU-93ae0c7f-c327-aee3-adae-bc0d1dae71ea,0.37,0.4043315420941215,12282.0,7045.0,551.52,NVIDIA GeForce RTX 4070,[N/A],Enabled,Enabled
1709487955.222887,0,GPU-93ae0c7f-c327-aee3-adae-bc0d1dae71ea,0.34,0.4043315420941215,12282.0,7045.0,551.52,NVIDIA GeForce RTX 4070,[N/A],Enabled,Enabled
1709487956.222669,0,GPU-93ae0c7f-c327-aee3-adae-bc0d1dae71ea,0.36,0.4043315420941215,12282.0,7045.0,551.52,NVIDIA GeForce RTX 4070,[N/A],Enabled,Enabled
1709487957.221903,0,GPU-93ae0c7f-c327-aee3-adae-bc0d1dae71ea,0.35,0.4043315420941215,12282.0,7045.0,551.52,NVIDIA GeForce RTX 4070,[N/A],Enabled,Enabled
1709487958.222472,0,GPU-93ae0c7f-c327-aee3-adae-bc0d1dae71ea,0.4,0.4043315420941215,12282.0,7045.0,551.52,NVIDIA GeForce RTX 4070,[N/A],Enabled,Enabled
1709487959.222177,0,GPU-93ae0c7f-c327-aee3-adae-bc0d1dae71ea,0.41,0.4043315420941215,12282.0,7045.0,551.52,NVIDIA GeForce RTX 4070,[N/A],Enabled,Enabled
1709487960.222563,0,GPU-93ae0c7f-c327-aee3-adae-bc0d1dae71ea,0.4,0.4043315420941215,12282.0,7045.0,551.52,NVIDIA GeForce RTX 4070,[N/A],Enabled,Enabled
1709487961.222757,0,GPU-93ae0c7f-c327-aee3-adae-bc0d1dae71ea,0.36,0.4043315420941215,12282.0,7045.0,551.52,NVIDIA GeForce RTX 4070,[N/A],Enabled,Enabled
1709487962.222362,0,GPU-93ae0c7f-c327-aee3-adae-bc0d1dae71ea,0.36,0.4043315420941215,12282.0,7045.0,551.52,NVIDIA GeForce RTX 4070,[N/A],Enabled,Enabled
1709487963.2226,0,GPU-93ae0c7f-c327-aee3-adae-bc0d1dae71ea,0.35,0.4043315420941215,12282.0,7045.0,551.52,NVIDIA GeForce RTX 4070,[N/A],Enabled,Enabled
1709487964.222187,0,GPU-93ae0c7f-c327-aee3-adae-bc0d1dae71ea,0.37,0.4043315420941215,12282.0,7045.0,551.52,NVIDIA GeForce RTX 4070,[N/A],Enabled,Enabled
1709487965.223087,0,GPU-93ae0c7f-c327-aee3-adae-bc0d1dae71ea,0.4,0.4043315420941215,12282.0,7045.0,551.52,NVIDIA GeForce RTX 4070,[N/A],Enabled,Enabled
1709487966.222332,0,GPU-93ae0c7f-c327-aee3-adae-bc0d1dae71ea,0.35,0.4043315420941215,12282.0,7045.0,551.52,NVIDIA GeForce RTX 4070,[N/A],Enabled,Enabled
1709487967.223219,0,GPU-93ae0c7f-c327-aee3-adae-bc0d1dae71ea,0.36,0.4043315420941215,12282.0,7045.0,551.52,NVIDIA GeForce RTX 4070,[N/A],Enabled,Enabled
1709487968.22218,0,GPU-93ae0c7f-c327-aee3-adae-bc0d1dae71ea,0.41,0.4043315420941215,12282.0,7045.0,551.52,NVIDIA GeForce RTX 4070,[N/A],Enabled,Enabled
1709487969.222576,0,GPU-93ae0c7f-c327-aee3-adae-bc0d1dae71ea,0.33,0.4043315420941215,12282.0,7045.0,551.52,NVIDIA GeForce RTX 4070,[N/A],Enabled,Enabled
1709487970.222468,0,GPU-93ae0c7f-c327-aee3-adae-bc0d1dae71ea,0.34,0.4043315420941215,12282.0,7045.0,551.52,NVIDIA GeForce RTX 4070,[N/A],Enabled,Enabled
1709487971.223133,0,GPU-93ae0c7f-c327-aee3-adae-bc0d1dae71ea,0.36,0.4043315420941215,12282.0,7045.0,551.52,NVIDIA GeForce RTX 4070,[N/A],Enabled,Enabled
1709487972.22288,0,GPU-93ae0c7f-c327-aee3-adae-bc0d1dae71ea,0.38,0.4043315420941215,12282.0,7045.0,551.52,NVIDIA GeForce RTX 4070,[N/A],Enabled,Enabled
1709487973.222438,0,GPU-93ae0c7f-c327-aee3-adae-bc0d1dae71ea,0.36,0.4043315420941215,12282.0,7045.0,551.52,NVIDIA GeForce RTX 4070,[N/A],Enabled,Enabled
1709487974.222178,0,GPU-93ae0c7f-c327-aee3-adae-bc0d1dae71ea,0.35,0.4043315420941215,12282.0,7045.0,551.52,NVIDIA GeForce RTX 4070,[N/A],Enabled,Enabled
1709487975.222783,0,GPU-93ae0c7f-c327-aee3-adae-bc0d1dae71ea,0.35,0.4043315420941215,12282.0,7045.0,551.52,NVIDIA GeForce RTX 4070,[N/A],Enabled,Enabled
1709487976.222273,0,GPU-93ae0c7f-c327-aee3-adae-bc0d1dae71ea,0.36,0.4043315420941215,12282.0,7045.0,551.52,NVIDIA GeForce RTX 4070,[N/A],Enabled,Enabled
1709487977.222453,0,GPU-93ae0c7f-c327-aee3-adae-bc0d1dae71ea,0.29,0.4043315420941215,12282.0,7045.0,551.52,NVIDIA GeForce RTX 4070,[N/A],Enabled,Enabled
1709487978.22293,0,GPU-93ae0c7f-c327-aee3-adae-bc0d1dae71ea,0.27,0.4011561634912881,12282.0,7084.0,551.52,NVIDIA GeForce RTX 4070,[N/A],Enabled,Enabled
1709487979.222434,0,GPU-93ae0c7f-c327-aee3-adae-bc0d1dae71ea,0.28,0.4011561634912881,12282.0,7084.0,551.52,NVIDIA GeForce RTX 4070,[N/A],Enabled,Enabled
1709487980.222389,0,GPU-93ae0c7f-c327-aee3-adae-bc0d1dae71ea,0.25,0.3969223253541768,12282.0,7136.0,551.52,NVIDIA GeForce RTX 4070,[N/A],Enabled,Enabled
1709487981.222621,0,GPU-93ae0c7f-c327-aee3-adae-bc0d1dae71ea,0.25,0.3969223253541768,12282.0,7136.0,551.52,NVIDIA GeForce RTX 4070,[N/A],Enabled,Enabled
1709487982.223021,0,GPU-93ae0c7f-c327-aee3-adae-bc0d1dae71ea,0.25,0.3969223253541768,12282.0,7136.0,551.52,NVIDIA GeForce RTX 4070,[N/A],Enabled,Enabled
1709487983.222664,0,GPU-93ae0c7f-c327-aee3-adae-bc0d1dae71ea,0.29,0.4011561634912881,12282.0,7084.0,551.52,NVIDIA GeForce RTX 4070,[N/A],Enabled,Enabled
1709487984.221915,0,GPU-93ae0c7f-c327-aee3-adae-bc0d1dae71ea,0.25,0.3969223253541768,12282.0,7136.0,551.52,NVIDIA GeForce RTX 4070,[N/A],Enabled,Enabled
1709487985.221792,0,GPU-93ae0c7f-c327-aee3-adae-bc0d1dae71ea,0.28,0.4011561634912881,12282.0,7084.0,551.52,NVIDIA GeForce RTX 4070,[N/A],Enabled,Enabled
1709487986.222636,0,GPU-93ae0c7f-c327-aee3-adae-bc0d1dae71ea,0.25,0.3969223253541768,12282.0,7136.0,551.52,NVIDIA GeForce RTX 4070,[N/A],Enabled,Enabled
1709487987.222697,0,GPU-93ae0c7f-c327-aee3-adae-bc0d1dae71ea,0.25,0.3969223253541768,12282.0,7136.0,551.52,NVIDIA GeForce RTX 4070,[N/A],Enabled,Enabled
1709487988.222385,0,GPU-93ae0c7f-c327-aee3-adae-bc0d1dae71ea,0.24,0.3969223253541768,12282.0,7136.0,551.52,NVIDIA GeForce RTX 4070,[N/A],Enabled,Enabled
1709487989.22243,0,GPU-93ae0c7f-c327-aee3-adae-bc0d1dae71ea,0.24,0.3969223253541768,12282.0,7136.0,551.52,NVIDIA GeForce RTX 4070,[N/A],Enabled,Enabled
1709487990.222571,0,GPU-93ae0c7f-c327-aee3-adae-bc0d1dae71ea,0.24,0.3969223253541768,12282.0,7136.0,551.52,NVIDIA GeForce RTX 4070,[N/A],Enabled,Enabled
1709487991.223162,0,GPU-93ae0c7f-c327-aee3-adae-bc0d1dae71ea,0.24,0.3969223253541768,12282.0,7136.0,551.52,NVIDIA GeForce RTX 4070,[N/A],Enabled,Enabled
1709487992.222285,0,GPU-93ae0c7f-c327-aee3-adae-bc0d1dae71ea,0.25,0.3969223253541768,12282.0,7136.0,551.52,NVIDIA GeForce RTX 4070,[N/A],Enabled,Enabled
1709487993.222402,0,GPU-93ae0c7f-c327-aee3-adae-bc0d1dae71ea,0.13,0.2195082234163817,12282.0,9315.0,551.52,NVIDIA GeForce RTX 4070,[N/A],Enabled,Enabled
1709487994.222483,0,GPU-93ae0c7f-c327-aee3-adae-bc0d1dae71ea,0.15,0.2195082234163817,12282.0,9315.0,551.52,NVIDIA GeForce RTX 4070,[N/A],Enabled,Enabled
1709487995.223083,0,GPU-93ae0c7f-c327-aee3-adae-bc0d1dae71ea,0.14,0.2195082234163817,12282.0,9315.0,551.52,NVIDIA GeForce RTX 4070,[N/A],Enabled,Enabled
