timestamp,id,uuid,load,memoryUtil,memoryTotal,memoryUsed,memoryFree,driver,name,serial,display_mode,display_active
1709250554.432642,0,GPU-93ae0c7f-c327-aee3-adae-bc0d1dae71ea,0.13,0.23579221625142485,12282.0,9115.0,551.52,NVIDIA GeForce RTX 4070,[N/A],Enabled,Enabled
1709250555.42876,0,GPU-93ae0c7f-c327-aee3-adae-bc0d1dae71ea,0.13,0.23579221625142485,12282.0,9115.0,551.52,NVIDIA GeForce RTX 4070,[N/A],Enabled,Enabled
1709250556.430029,0,GPU-93ae0c7f-c327-aee3-adae-bc0d1dae71ea,0.13,0.23579221625142485,12282.0,9115.0,551.52,NVIDIA GeForce RTX 4070,[N/A],Enabled,Enabled
1709250557.429392,0,GPU-93ae0c7f-c327-aee3-adae-bc0d1dae71ea,0.13,0.23579221625142485,12282.0,9115.0,551.52,NVIDIA GeForce RTX 4070,[N/A],Enabled,Enabled
1709250558.429662,0,GPU-93ae0c7f-c327-aee3-adae-bc0d1dae71ea,0.13,0.23579221625142485,12282.0,9115.0,551.52,NVIDIA GeForce RTX 4070,[N/A],Enabled,Enabled
1709250559.429209,0,GPU-93ae0c7f-c327-aee3-adae-bc0d1dae71ea,0.13,0.23579221625142485,12282.0,9115.0,551.52,NVIDIA GeForce RTX 4070,[N/A],Enabled,Enabled
1709250560.429575,0,GPU-93ae0c7f-c327-aee3-adae-bc0d1dae71ea,0.13,0.23579221625142485,12282.0,9115.0,551.52,NVIDIA GeForce RTX 4070,[N/A],Enabled,Enabled
1709250561.429754,0,GPU-93ae0c7f-c327-aee3-adae-bc0d1dae71ea,0.13,0.23579221625142485,12282.0,9115.0,551.52,NVIDIA GeForce RTX 4070,[N/A],Enabled,Enabled
1709250562.429273,0,GPU-93ae0c7f-c327-aee3-adae-bc0d1dae71ea,0.13,0.23579221625142485,12282.0,9115.0,551.52,NVIDIA GeForce RTX 4070,[N/A],Enabled,Enabled
1709250563.430214,0,GPU-93ae0c7f-c327-aee3-adae-bc0d1dae71ea,0.13,0.23579221625142485,12282.0,9115.0,551.52,NVIDIA GeForce RTX 4070,[N/A],Enabled,Enabled
1709250564.429502,0,GPU-93ae0c7f-c327-aee3-adae-bc0d1dae71ea,0.13,0.23579221625142485,12282.0,9115.0,551.52,NVIDIA GeForce RTX 4070,[N/A],Enabled,Enabled
1709250565.429658,0,GPU-93ae0c7f-c327-aee3-adae-bc0d1dae71ea,0.13,0.23579221625142485,12282.0,9115.0,551.52,NVIDIA GeForce RTX 4070,[N/A],Enabled,Enabled
1709250566.429336,0,GPU-93ae0c7f-c327-aee3-adae-bc0d1dae71ea,0.13,0.23579221625142485,12282.0,9115.0,551.52,NVIDIA GeForce RTX 4070,[N/A],Enabled,Enabled
1709250567.429232,0,GPU-93ae0c7f-c327-aee3-adae-bc0d1dae71ea,0.13,0.23579221625142485,12282.0,9115.0,551.52,NVIDIA GeForce RTX 4070,[N/A],Enabled,Enabled
1709250568.42923,0,GPU-93ae0c7f-c327-aee3-adae-bc0d1dae71ea,0.13,0.23579221625142485,12282.0,9115.0,551.52,NVIDIA GeForce RTX 4070,[N/A],Enabled,Enabled
1709250569.429674,0,GPU-93ae0c7f-c327-aee3-adae-bc0d1dae71ea,0.15,0.23562937632307443,12282.0,9117.0,551.52,NVIDIA GeForce RTX 4070,[N/A],Enabled,Enabled
1709250570.429098,0,GPU-93ae0c7f-c327-aee3-adae-bc0d1dae71ea,0.14,0.23782771535580524,12282.0,9090.0,551.52,NVIDIA GeForce RTX 4070,[N/A],Enabled,Enabled
1709250571.429659,0,GPU-93ae0c7f-c327-aee3-adae-bc0d1dae71ea,0.12,0.34375508874776095,12282.0,7789.0,551.52,NVIDIA GeForce RTX 4070,[N/A],Enabled,Enabled
1709250572.429725,0,GPU-93ae0c7f-c327-aee3-adae-bc0d1dae71ea,0.09,0.30858166422406774,12282.0,8221.0,551.52,NVIDIA GeForce RTX 4070,[N/A],Enabled,Enabled
1709250573.429234,0,GPU-93ae0c7f-c327-aee3-adae-bc0d1dae71ea,0.08,0.30858166422406774,12282.0,8221.0,551.52,NVIDIA GeForce RTX 4070,[N/A],Enabled,Enabled
1709250574.429368,0,GPU-93ae0c7f-c327-aee3-adae-bc0d1dae71ea,0.08,0.30850024425989253,12282.0,8222.0,551.52,NVIDIA GeForce RTX 4070,[N/A],Enabled,Enabled
1709250575.429413,0,GPU-93ae0c7f-c327-aee3-adae-bc0d1dae71ea,0.05,0.2381533952125061,12282.0,9086.0,551.52,NVIDIA GeForce RTX 4070,[N/A],Enabled,Enabled
1709250576.428755,0,GPU-93ae0c7f-c327-aee3-adae-bc0d1dae71ea,0.29,0.46995603321934537,12282.0,6239.0,551.52,NVIDIA GeForce RTX 4070,[N/A],Enabled,Enabled
1709250577.429377,0,GPU-93ae0c7f-c327-aee3-adae-bc0d1dae71ea,0.31,0.43681810780003255,12282.0,6646.0,551.52,NVIDIA GeForce RTX 4070,[N/A],Enabled,Enabled
1709250578.429492,0,GPU-93ae0c7f-c327-aee3-adae-bc0d1dae71ea,0.32,0.43681810780003255,12282.0,6646.0,551.52,NVIDIA GeForce RTX 4070,[N/A],Enabled,Enabled
1709250579.429353,0,GPU-93ae0c7f-c327-aee3-adae-bc0d1dae71ea,0.29,0.43209574987787003,12282.0,6704.0,551.52,NVIDIA GeForce RTX 4070,[N/A],Enabled,Enabled
1709250580.429404,0,GPU-93ae0c7f-c327-aee3-adae-bc0d1dae71ea,0.29,0.43209574987787003,12282.0,6704.0,551.52,NVIDIA GeForce RTX 4070,[N/A],Enabled,Enabled
1709250581.429296,0,GPU-93ae0c7f-c327-aee3-adae-bc0d1dae71ea,0.29,0.43209574987787003,12282.0,6704.0,551.52,NVIDIA GeForce RTX 4070,[N/A],Enabled,Enabled
1709250582.429272,0,GPU-93ae0c7f-c327-aee3-adae-bc0d1dae71ea,0.33,0.43681810780003255,12282.0,6646.0,551.52,NVIDIA GeForce RTX 4070,[N/A],Enabled,Enabled
1709250583.429925,0,GPU-93ae0c7f-c327-aee3-adae-bc0d1dae71ea,0.07,0.5495847581827064,12282.0,5261.0,551.52,NVIDIA GeForce RTX 4070,[N/A],Enabled,Enabled
1709250584.429305,0,GPU-93ae0c7f-c327-aee3-adae-bc0d1dae71ea,0.33,0.4376323074417847,12282.0,6636.0,551.52,NVIDIA GeForce RTX 4070,[N/A],Enabled,Enabled
1709250585.429983,0,GPU-93ae0c7f-c327-aee3-adae-bc0d1dae71ea,0.32,0.4329099495196222,12282.0,6694.0,551.52,NVIDIA GeForce RTX 4070,[N/A],Enabled,Enabled
1709250586.42926,0,GPU-93ae0c7f-c327-aee3-adae-bc0d1dae71ea,0.3,0.4329099495196222,12282.0,6694.0,551.52,NVIDIA GeForce RTX 4070,[N/A],Enabled,Enabled
1709250587.428772,0,GPU-93ae0c7f-c327-aee3-adae-bc0d1dae71ea,0.26,0.4376323074417847,12282.0,6636.0,551.52,NVIDIA GeForce RTX 4070,[N/A],Enabled,Enabled
1709250588.429347,0,GPU-93ae0c7f-c327-aee3-adae-bc0d1dae71ea,0.29,0.4329913694837974,12282.0,6693.0,551.52,NVIDIA GeForce RTX 4070,[N/A],Enabled,Enabled
1709250589.429593,0,GPU-93ae0c7f-c327-aee3-adae-bc0d1dae71ea,0.31,0.4376323074417847,12282.0,6636.0,551.52,NVIDIA GeForce RTX 4070,[N/A],Enabled,Enabled
1709250590.429319,0,GPU-93ae0c7f-c327-aee3-adae-bc0d1dae71ea,0.31,0.4376323074417847,12282.0,6636.0,551.52,NVIDIA GeForce RTX 4070,[N/A],Enabled,Enabled
1709250591.429074,0,GPU-93ae0c7f-c327-aee3-adae-bc0d1dae71ea,0.28,0.43771372740595993,12282.0,6635.0,551.52,NVIDIA GeForce RTX 4070,[N/A],Enabled,Enabled
1709250592.429229,0,GPU-93ae0c7f-c327-aee3-adae-bc0d1dae71ea,0.29,0.43771372740595993,12282.0,6635.0,551.52,NVIDIA GeForce RTX 4070,[N/A],Enabled,Enabled
1709250593.428818,0,GPU-93ae0c7f-c327-aee3-adae-bc0d1dae71ea,0.32,0.43771372740595993,12282.0,6635.0,551.52,NVIDIA GeForce RTX 4070,[N/A],Enabled,Enabled
1709250594.429063,0,GPU-93ae0c7f-c327-aee3-adae-bc0d1dae71ea,0.28,0.4329913694837974,12282.0,6693.0,551.52,NVIDIA GeForce RTX 4070,[N/A],Enabled,Enabled
1709250595.429402,0,GPU-93ae0c7f-c327-aee3-adae-bc0d1dae71ea,0.29,0.4329913694837974,12282.0,6693.0,551.52,NVIDIA GeForce RTX 4070,[N/A],Enabled,Enabled
1709250596.429717,0,GPU-93ae0c7f-c327-aee3-adae-bc0d1dae71ea,0.29,0.4329913694837974,12282.0,6693.0,551.52,NVIDIA GeForce RTX 4070,[N/A],Enabled,Enabled
1709250597.429306,0,GPU-93ae0c7f-c327-aee3-adae-bc0d1dae71ea,0.31,0.43771372740595993,12282.0,6635.0,551.52,NVIDIA GeForce RTX 4070,[N/A],Enabled,Enabled
1709250598.429795,0,GPU-93ae0c7f-c327-aee3-adae-bc0d1dae71ea,0.28,0.43771372740595993,12282.0,6635.0,551.52,NVIDIA GeForce RTX 4070,[N/A],Enabled,Enabled
1709250599.42987,0,GPU-93ae0c7f-c327-aee3-adae-bc0d1dae71ea,0.21,0.4350268685881778,12282.0,6668.0,551.52,NVIDIA GeForce RTX 4070,[N/A],Enabled,Enabled
1709250600.429202,0,GPU-93ae0c7f-c327-aee3-adae-bc0d1dae71ea,0.41,0.44145904575801986,12282.0,6589.0,551.52,NVIDIA GeForce RTX 4070,[N/A],Enabled,Enabled
1709250601.42953,0,GPU-93ae0c7f-c327-aee3-adae-bc0d1dae71ea,0.43,0.44145904575801986,12282.0,6589.0,551.52,NVIDIA GeForce RTX 4070,[N/A],Enabled,Enabled
1709250602.429477,0,GPU-93ae0c7f-c327-aee3-adae-bc0d1dae71ea,0.38,0.44145904575801986,12282.0,6589.0,551.52,NVIDIA GeForce RTX 4070,[N/A],Enabled,Enabled
1709250603.429401,0,GPU-93ae0c7f-c327-aee3-adae-bc0d1dae71ea,0.42,0.44145904575801986,12282.0,6589.0,551.52,NVIDIA GeForce RTX 4070,[N/A],Enabled,Enabled
1709250604.429928,0,GPU-93ae0c7f-c327-aee3-adae-bc0d1dae71ea,0.41,0.44145904575801986,12282.0,6589.0,551.52,NVIDIA GeForce RTX 4070,[N/A],Enabled,Enabled
1709250605.429188,0,GPU-93ae0c7f-c327-aee3-adae-bc0d1dae71ea,0.41,0.44145904575801986,12282.0,6589.0,551.52,NVIDIA GeForce RTX 4070,[N/A],Enabled,Enabled
1709250606.429274,0,GPU-93ae0c7f-c327-aee3-adae-bc0d1dae71ea,0.37,0.44145904575801986,12282.0,6589.0,551.52,NVIDIA GeForce RTX 4070,[N/A],Enabled,Enabled
1709250607.428978,0,GPU-93ae0c7f-c327-aee3-adae-bc0d1dae71ea,0.43,0.44145904575801986,12282.0,6589.0,551.52,NVIDIA GeForce RTX 4070,[N/A],Enabled,Enabled
1709250608.428961,0,GPU-93ae0c7f-c327-aee3-adae-bc0d1dae71ea,0.4,0.44145904575801986,12282.0,6589.0,551.52,NVIDIA GeForce RTX 4070,[N/A],Enabled,Enabled
1709250609.429907,0,GPU-93ae0c7f-c327-aee3-adae-bc0d1dae71ea,0.41,0.44145904575801986,12282.0,6589.0,551.52,NVIDIA GeForce RTX 4070,[N/A],Enabled,Enabled
1709250610.429266,0,GPU-93ae0c7f-c327-aee3-adae-bc0d1dae71ea,0.4,0.44145904575801986,12282.0,6589.0,551.52,NVIDIA GeForce RTX 4070,[N/A],Enabled,Enabled
1709250611.429222,0,GPU-93ae0c7f-c327-aee3-adae-bc0d1dae71ea,0.43,0.44145904575801986,12282.0,6589.0,551.52,NVIDIA GeForce RTX 4070,[N/A],Enabled,Enabled
1709250612.429382,0,GPU-93ae0c7f-c327-aee3-adae-bc0d1dae71ea,0.4,0.44145904575801986,12282.0,6589.0,551.52,NVIDIA GeForce RTX 4070,[N/A],Enabled,Enabled
1709250613.429272,0,GPU-93ae0c7f-c327-aee3-adae-bc0d1dae71ea,0.42,0.44145904575801986,12282.0,6589.0,551.52,NVIDIA GeForce RTX 4070,[N/A],Enabled,Enabled
1709250614.428905,0,GPU-93ae0c7f-c327-aee3-adae-bc0d1dae71ea,0.4,0.44145904575801986,12282.0,6589.0,551.52,NVIDIA GeForce RTX 4070,[N/A],Enabled,Enabled
1709250615.428853,0,GPU-93ae0c7f-c327-aee3-adae-bc0d1dae71ea,0.43,0.44145904575801986,12282.0,6589.0,551.52,NVIDIA GeForce RTX 4070,[N/A],Enabled,Enabled
1709250616.430057,0,GPU-93ae0c7f-c327-aee3-adae-bc0d1dae71ea,0.4,0.44145904575801986,12282.0,6589.0,551.52,NVIDIA GeForce RTX 4070,[N/A],Enabled,Enabled
1709250617.429025,0,GPU-93ae0c7f-c327-aee3-adae-bc0d1dae71ea,0.41,0.44145904575801986,12282.0,6589.0,551.52,NVIDIA GeForce RTX 4070,[N/A],Enabled,Enabled
1709250618.429097,0,GPU-93ae0c7f-c327-aee3-adae-bc0d1dae71ea,0.4,0.44145904575801986,12282.0,6589.0,551.52,NVIDIA GeForce RTX 4070,[N/A],Enabled,Enabled
1709250619.428969,0,GPU-93ae0c7f-c327-aee3-adae-bc0d1dae71ea,0.42,0.44145904575801986,12282.0,6589.0,551.52,NVIDIA GeForce RTX 4070,[N/A],Enabled,Enabled
1709250620.429584,0,GPU-93ae0c7f-c327-aee3-adae-bc0d1dae71ea,0.4,0.44145904575801986,12282.0,6589.0,551.52,NVIDIA GeForce RTX 4070,[N/A],Enabled,Enabled
1709250621.429174,0,GPU-93ae0c7f-c327-aee3-adae-bc0d1dae71ea,0.43,0.44145904575801986,12282.0,6589.0,551.52,NVIDIA GeForce RTX 4070,[N/A],Enabled,Enabled
1709250622.429926,0,GPU-93ae0c7f-c327-aee3-adae-bc0d1dae71ea,0.41,0.44145904575801986,12282.0,6589.0,551.52,NVIDIA GeForce RTX 4070,[N/A],Enabled,Enabled
1709250623.429374,0,GPU-93ae0c7f-c327-aee3-adae-bc0d1dae71ea,0.43,0.44145904575801986,12282.0,6589.0,551.52,NVIDIA GeForce RTX 4070,[N/A],Enabled,Enabled
1709250624.430129,0,GPU-93ae0c7f-c327-aee3-adae-bc0d1dae71ea,0.43,0.44145904575801986,12282.0,6589.0,551.52,NVIDIA GeForce RTX 4070,[N/A],Enabled,Enabled
1709250625.429835,0,GPU-93ae0c7f-c327-aee3-adae-bc0d1dae71ea,0.46,0.44145904575801986,12282.0,6589.0,551.52,NVIDIA GeForce RTX 4070,[N/A],Enabled,Enabled
1709250626.429716,0,GPU-93ae0c7f-c327-aee3-adae-bc0d1dae71ea,0.41,0.44145904575801986,12282.0,6589.0,551.52,NVIDIA GeForce RTX 4070,[N/A],Enabled,Enabled
1709250627.429566,0,GPU-93ae0c7f-c327-aee3-adae-bc0d1dae71ea,0.46,0.44145904575801986,12282.0,6589.0,551.52,NVIDIA GeForce RTX 4070,[N/A],Enabled,Enabled
1709250628.429845,0,GPU-93ae0c7f-c327-aee3-adae-bc0d1dae71ea,0.44,0.44145904575801986,12282.0,6589.0,551.52,NVIDIA GeForce RTX 4070,[N/A],Enabled,Enabled
1709250629.42973,0,GPU-93ae0c7f-c327-aee3-adae-bc0d1dae71ea,0.42,0.44145904575801986,12282.0,6589.0,551.52,NVIDIA GeForce RTX 4070,[N/A],Enabled,Enabled
1709250630.429173,0,GPU-93ae0c7f-c327-aee3-adae-bc0d1dae71ea,0.41,0.44145904575801986,12282.0,6589.0,551.52,NVIDIA GeForce RTX 4070,[N/A],Enabled,Enabled
1709250631.430151,0,GPU-93ae0c7f-c327-aee3-adae-bc0d1dae71ea,0.43,0.44145904575801986,12282.0,6589.0,551.52,NVIDIA GeForce RTX 4070,[N/A],Enabled,Enabled
1709250632.430698,0,GPU-93ae0c7f-c327-aee3-adae-bc0d1dae71ea,0.41,0.44145904575801986,12282.0,6589.0,551.52,NVIDIA GeForce RTX 4070,[N/A],Enabled,Enabled
1709250633.43001,0,GPU-93ae0c7f-c327-aee3-adae-bc0d1dae71ea,0.43,0.44145904575801986,12282.0,6589.0,551.52,NVIDIA GeForce RTX 4070,[N/A],Enabled,Enabled
1709250634.429433,0,GPU-93ae0c7f-c327-aee3-adae-bc0d1dae71ea,0.4,0.44145904575801986,12282.0,6589.0,551.52,NVIDIA GeForce RTX 4070,[N/A],Enabled,Enabled
1709250635.429768,0,GPU-93ae0c7f-c327-aee3-adae-bc0d1dae71ea,0.42,0.44145904575801986,12282.0,6589.0,551.52,NVIDIA GeForce RTX 4070,[N/A],Enabled,Enabled
1709250636.43015,0,GPU-93ae0c7f-c327-aee3-adae-bc0d1dae71ea,0.39,0.44145904575801986,12282.0,6589.0,551.52,NVIDIA GeForce RTX 4070,[N/A],Enabled,Enabled
1709250637.429216,0,GPU-93ae0c7f-c327-aee3-adae-bc0d1dae71ea,0.42,0.44145904575801986,12282.0,6589.0,551.52,NVIDIA GeForce RTX 4070,[N/A],Enabled,Enabled
1709250638.429555,0,GPU-93ae0c7f-c327-aee3-adae-bc0d1dae71ea,0.41,0.44145904575801986,12282.0,6589.0,551.52,NVIDIA GeForce RTX 4070,[N/A],Enabled,Enabled
1709250639.429156,0,GPU-93ae0c7f-c327-aee3-adae-bc0d1dae71ea,0.42,0.44145904575801986,12282.0,6589.0,551.52,NVIDIA GeForce RTX 4070,[N/A],Enabled,Enabled
1709250640.429566,0,GPU-93ae0c7f-c327-aee3-adae-bc0d1dae71ea,0.4,0.44145904575801986,12282.0,6589.0,551.52,NVIDIA GeForce RTX 4070,[N/A],Enabled,Enabled
1709250641.428948,0,GPU-93ae0c7f-c327-aee3-adae-bc0d1dae71ea,0.43,0.44145904575801986,12282.0,6589.0,551.52,NVIDIA GeForce RTX 4070,[N/A],Enabled,Enabled
1709250642.429238,0,GPU-93ae0c7f-c327-aee3-adae-bc0d1dae71ea,0.41,0.44145904575801986,12282.0,6589.0,551.52,NVIDIA GeForce RTX 4070,[N/A],Enabled,Enabled
1709250643.429426,0,GPU-93ae0c7f-c327-aee3-adae-bc0d1dae71ea,0.46,0.44145904575801986,12282.0,6589.0,551.52,NVIDIA GeForce RTX 4070,[N/A],Enabled,Enabled
1709250644.428945,0,GPU-93ae0c7f-c327-aee3-adae-bc0d1dae71ea,0.41,0.44145904575801986,12282.0,6589.0,551.52,NVIDIA GeForce RTX 4070,[N/A],Enabled,Enabled
1709250645.428924,0,GPU-93ae0c7f-c327-aee3-adae-bc0d1dae71ea,0.43,0.44145904575801986,12282.0,6589.0,551.52,NVIDIA GeForce RTX 4070,[N/A],Enabled,Enabled
1709250646.429607,0,GPU-93ae0c7f-c327-aee3-adae-bc0d1dae71ea,0.41,0.44145904575801986,12282.0,6589.0,551.52,NVIDIA GeForce RTX 4070,[N/A],Enabled,Enabled
1709250647.429348,0,GPU-93ae0c7f-c327-aee3-adae-bc0d1dae71ea,0.44,0.44145904575801986,12282.0,6589.0,551.52,NVIDIA GeForce RTX 4070,[N/A],Enabled,Enabled
1709250648.42945,0,GPU-93ae0c7f-c327-aee3-adae-bc0d1dae71ea,0.41,0.44145904575801986,12282.0,6589.0,551.52,NVIDIA GeForce RTX 4070,[N/A],Enabled,Enabled
1709250649.429385,0,GPU-93ae0c7f-c327-aee3-adae-bc0d1dae71ea,0.44,0.44145904575801986,12282.0,6589.0,551.52,NVIDIA GeForce RTX 4070,[N/A],Enabled,Enabled
1709250650.429882,0,GPU-93ae0c7f-c327-aee3-adae-bc0d1dae71ea,0.42,0.44145904575801986,12282.0,6589.0,551.52,NVIDIA GeForce RTX 4070,[N/A],Enabled,Enabled
1709250651.429401,0,GPU-93ae0c7f-c327-aee3-adae-bc0d1dae71ea,0.43,0.44145904575801986,12282.0,6589.0,551.52,NVIDIA GeForce RTX 4070,[N/A],Enabled,Enabled
1709250652.430322,0,GPU-93ae0c7f-c327-aee3-adae-bc0d1dae71ea,0.41,0.44145904575801986,12282.0,6589.0,551.52,NVIDIA GeForce RTX 4070,[N/A],Enabled,Enabled
1709250653.429145,0,GPU-93ae0c7f-c327-aee3-adae-bc0d1dae71ea,0.44,0.44145904575801986,12282.0,6589.0,551.52,NVIDIA GeForce RTX 4070,[N/A],Enabled,Enabled
1709250654.429076,0,GPU-93ae0c7f-c327-aee3-adae-bc0d1dae71ea,0.43,0.44145904575801986,12282.0,6589.0,551.52,NVIDIA GeForce RTX 4070,[N/A],Enabled,Enabled
1709250655.429511,0,GPU-93ae0c7f-c327-aee3-adae-bc0d1dae71ea,0.43,0.44145904575801986,12282.0,6589.0,551.52,NVIDIA GeForce RTX 4070,[N/A],Enabled,Enabled
1709250656.42945,0,GPU-93ae0c7f-c327-aee3-adae-bc0d1dae71ea,0.42,0.44145904575801986,12282.0,6589.0,551.52,NVIDIA GeForce RTX 4070,[N/A],Enabled,Enabled
1709250657.429113,0,GPU-93ae0c7f-c327-aee3-adae-bc0d1dae71ea,0.42,0.44145904575801986,12282.0,6589.0,551.52,NVIDIA GeForce RTX 4070,[N/A],Enabled,Enabled
1709250658.429942,0,GPU-93ae0c7f-c327-aee3-adae-bc0d1dae71ea,0.42,0.44145904575801986,12282.0,6589.0,551.52,NVIDIA GeForce RTX 4070,[N/A],Enabled,Enabled
1709250659.430195,0,GPU-93ae0c7f-c327-aee3-adae-bc0d1dae71ea,0.44,0.44145904575801986,12282.0,6589.0,551.52,NVIDIA GeForce RTX 4070,[N/A],Enabled,Enabled
1709250660.429637,0,GPU-93ae0c7f-c327-aee3-adae-bc0d1dae71ea,0.42,0.44145904575801986,12282.0,6589.0,551.52,NVIDIA GeForce RTX 4070,[N/A],Enabled,Enabled
1709250661.429436,0,GPU-93ae0c7f-c327-aee3-adae-bc0d1dae71ea,0.44,0.44145904575801986,12282.0,6589.0,551.52,NVIDIA GeForce RTX 4070,[N/A],Enabled,Enabled
1709250662.429035,0,GPU-93ae0c7f-c327-aee3-adae-bc0d1dae71ea,0.42,0.44145904575801986,12282.0,6589.0,551.52,NVIDIA GeForce RTX 4070,[N/A],Enabled,Enabled
1709250663.429102,0,GPU-93ae0c7f-c327-aee3-adae-bc0d1dae71ea,0.44,0.44145904575801986,12282.0,6589.0,551.52,NVIDIA GeForce RTX 4070,[N/A],Enabled,Enabled
1709250664.429844,0,GPU-93ae0c7f-c327-aee3-adae-bc0d1dae71ea,0.42,0.44145904575801986,12282.0,6589.0,551.52,NVIDIA GeForce RTX 4070,[N/A],Enabled,Enabled
1709250665.429504,0,GPU-93ae0c7f-c327-aee3-adae-bc0d1dae71ea,0.44,0.44145904575801986,12282.0,6589.0,551.52,NVIDIA GeForce RTX 4070,[N/A],Enabled,Enabled
1709250666.429454,0,GPU-93ae0c7f-c327-aee3-adae-bc0d1dae71ea,0.42,0.44145904575801986,12282.0,6589.0,551.52,NVIDIA GeForce RTX 4070,[N/A],Enabled,Enabled
1709250667.429221,0,GPU-93ae0c7f-c327-aee3-adae-bc0d1dae71ea,0.44,0.44145904575801986,12282.0,6589.0,551.52,NVIDIA GeForce RTX 4070,[N/A],Enabled,Enabled
1709250668.429467,0,GPU-93ae0c7f-c327-aee3-adae-bc0d1dae71ea,0.45,0.44145904575801986,12282.0,6589.0,551.52,NVIDIA GeForce RTX 4070,[N/A],Enabled,Enabled
1709250669.430407,0,GPU-93ae0c7f-c327-aee3-adae-bc0d1dae71ea,0.44,0.44145904575801986,12282.0,6589.0,551.52,NVIDIA GeForce RTX 4070,[N/A],Enabled,Enabled
1709250670.430147,0,GPU-93ae0c7f-c327-aee3-adae-bc0d1dae71ea,0.43,0.44145904575801986,12282.0,6589.0,551.52,NVIDIA GeForce RTX 4070,[N/A],Enabled,Enabled
1709250671.429203,0,GPU-93ae0c7f-c327-aee3-adae-bc0d1dae71ea,0.45,0.44145904575801986,12282.0,6589.0,551.52,NVIDIA GeForce RTX 4070,[N/A],Enabled,Enabled
1709250672.429074,0,GPU-93ae0c7f-c327-aee3-adae-bc0d1dae71ea,0.42,0.44145904575801986,12282.0,6589.0,551.52,NVIDIA GeForce RTX 4070,[N/A],Enabled,Enabled
1709250673.429718,0,GPU-93ae0c7f-c327-aee3-adae-bc0d1dae71ea,0.47,0.44145904575801986,12282.0,6589.0,551.52,NVIDIA GeForce RTX 4070,[N/A],Enabled,Enabled
1709250674.430276,0,GPU-93ae0c7f-c327-aee3-adae-bc0d1dae71ea,0.41,0.44145904575801986,12282.0,6589.0,551.52,NVIDIA GeForce RTX 4070,[N/A],Enabled,Enabled
1709250675.429319,0,GPU-93ae0c7f-c327-aee3-adae-bc0d1dae71ea,0.44,0.44145904575801986,12282.0,6589.0,551.52,NVIDIA GeForce RTX 4070,[N/A],Enabled,Enabled
1709250676.428713,0,GPU-93ae0c7f-c327-aee3-adae-bc0d1dae71ea,0.42,0.44145904575801986,12282.0,6589.0,551.52,NVIDIA GeForce RTX 4070,[N/A],Enabled,Enabled
1709250677.430121,0,GPU-93ae0c7f-c327-aee3-adae-bc0d1dae71ea,0.44,0.44145904575801986,12282.0,6589.0,551.52,NVIDIA GeForce RTX 4070,[N/A],Enabled,Enabled
1709250678.429799,0,GPU-93ae0c7f-c327-aee3-adae-bc0d1dae71ea,0.41,0.44145904575801986,12282.0,6589.0,551.52,NVIDIA GeForce RTX 4070,[N/A],Enabled,Enabled
1709250679.430014,0,GPU-93ae0c7f-c327-aee3-adae-bc0d1dae71ea,0.43,0.44145904575801986,12282.0,6589.0,551.52,NVIDIA GeForce RTX 4070,[N/A],Enabled,Enabled
1709250680.429273,0,GPU-93ae0c7f-c327-aee3-adae-bc0d1dae71ea,0.42,0.44145904575801986,12282.0,6589.0,551.52,NVIDIA GeForce RTX 4070,[N/A],Enabled,Enabled
1709250681.429779,0,GPU-93ae0c7f-c327-aee3-adae-bc0d1dae71ea,0.4,0.44145904575801986,12282.0,6589.0,551.52,NVIDIA GeForce RTX 4070,[N/A],Enabled,Enabled
1709250682.429118,0,GPU-93ae0c7f-c327-aee3-adae-bc0d1dae71ea,0.38,0.44145904575801986,12282.0,6589.0,551.52,NVIDIA GeForce RTX 4070,[N/A],Enabled,Enabled
1709250683.429644,0,GPU-93ae0c7f-c327-aee3-adae-bc0d1dae71ea,0.43,0.44145904575801986,12282.0,6589.0,551.52,NVIDIA GeForce RTX 4070,[N/A],Enabled,Enabled
1709250684.429717,0,GPU-93ae0c7f-c327-aee3-adae-bc0d1dae71ea,0.41,0.44145904575801986,12282.0,6589.0,551.52,NVIDIA GeForce RTX 4070,[N/A],Enabled,Enabled
1709250685.429906,0,GPU-93ae0c7f-c327-aee3-adae-bc0d1dae71ea,0.43,0.44145904575801986,12282.0,6589.0,551.52,NVIDIA GeForce RTX 4070,[N/A],Enabled,Enabled
1709250686.429001,0,GPU-93ae0c7f-c327-aee3-adae-bc0d1dae71ea,0.4,0.44145904575801986,12282.0,6589.0,551.52,NVIDIA GeForce RTX 4070,[N/A],Enabled,Enabled
1709250687.429768,0,GPU-93ae0c7f-c327-aee3-adae-bc0d1dae71ea,0.43,0.44145904575801986,12282.0,6589.0,551.52,NVIDIA GeForce RTX 4070,[N/A],Enabled,Enabled
1709250688.429237,0,GPU-93ae0c7f-c327-aee3-adae-bc0d1dae71ea,0.41,0.44145904575801986,12282.0,6589.0,551.52,NVIDIA GeForce RTX 4070,[N/A],Enabled,Enabled
1709250689.429439,0,GPU-93ae0c7f-c327-aee3-adae-bc0d1dae71ea,0.4,0.44145904575801986,12282.0,6589.0,551.52,NVIDIA GeForce RTX 4070,[N/A],Enabled,Enabled
1709250690.430167,0,GPU-93ae0c7f-c327-aee3-adae-bc0d1dae71ea,0.39,0.44145904575801986,12282.0,6589.0,551.52,NVIDIA GeForce RTX 4070,[N/A],Enabled,Enabled
1709250691.429808,0,GPU-93ae0c7f-c327-aee3-adae-bc0d1dae71ea,0.43,0.44145904575801986,12282.0,6589.0,551.52,NVIDIA GeForce RTX 4070,[N/A],Enabled,Enabled
1709250692.429238,0,GPU-93ae0c7f-c327-aee3-adae-bc0d1dae71ea,0.4,0.44145904575801986,12282.0,6589.0,551.52,NVIDIA GeForce RTX 4070,[N/A],Enabled,Enabled
1709250693.429293,0,GPU-93ae0c7f-c327-aee3-adae-bc0d1dae71ea,0.46,0.44145904575801986,12282.0,6589.0,551.52,NVIDIA GeForce RTX 4070,[N/A],Enabled,Enabled
1709250694.429747,0,GPU-93ae0c7f-c327-aee3-adae-bc0d1dae71ea,0.39,0.44145904575801986,12282.0,6589.0,551.52,NVIDIA GeForce RTX 4070,[N/A],Enabled,Enabled
1709250695.429189,0,GPU-93ae0c7f-c327-aee3-adae-bc0d1dae71ea,0.42,0.44145904575801986,12282.0,6589.0,551.52,NVIDIA GeForce RTX 4070,[N/A],Enabled,Enabled
1709250696.42877,0,GPU-93ae0c7f-c327-aee3-adae-bc0d1dae71ea,0.39,0.44145904575801986,12282.0,6589.0,551.52,NVIDIA GeForce RTX 4070,[N/A],Enabled,Enabled
1709250697.42896,0,GPU-93ae0c7f-c327-aee3-adae-bc0d1dae71ea,0.42,0.44145904575801986,12282.0,6589.0,551.52,NVIDIA GeForce RTX 4070,[N/A],Enabled,Enabled
1709250698.429553,0,GPU-93ae0c7f-c327-aee3-adae-bc0d1dae71ea,0.4,0.44145904575801986,12282.0,6589.0,551.52,NVIDIA GeForce RTX 4070,[N/A],Enabled,Enabled
1709250699.429181,0,GPU-93ae0c7f-c327-aee3-adae-bc0d1dae71ea,0.44,0.44145904575801986,12282.0,6589.0,551.52,NVIDIA GeForce RTX 4070,[N/A],Enabled,Enabled
1709250700.429549,0,GPU-93ae0c7f-c327-aee3-adae-bc0d1dae71ea,0.42,0.44145904575801986,12282.0,6589.0,551.52,NVIDIA GeForce RTX 4070,[N/A],Enabled,Enabled
1709250701.429299,0,GPU-93ae0c7f-c327-aee3-adae-bc0d1dae71ea,0.43,0.44145904575801986,12282.0,6589.0,551.52,NVIDIA GeForce RTX 4070,[N/A],Enabled,Enabled
1709250702.429031,0,GPU-93ae0c7f-c327-aee3-adae-bc0d1dae71ea,0.41,0.44145904575801986,12282.0,6589.0,551.52,NVIDIA GeForce RTX 4070,[N/A],Enabled,Enabled
1709250703.429208,0,GPU-93ae0c7f-c327-aee3-adae-bc0d1dae71ea,0.42,0.44145904575801986,12282.0,6589.0,551.52,NVIDIA GeForce RTX 4070,[N/A],Enabled,Enabled
1709250704.429757,0,GPU-93ae0c7f-c327-aee3-adae-bc0d1dae71ea,0.39,0.44145904575801986,12282.0,6589.0,551.52,NVIDIA GeForce RTX 4070,[N/A],Enabled,Enabled
1709250705.428988,0,GPU-93ae0c7f-c327-aee3-adae-bc0d1dae71ea,0.44,0.44145904575801986,12282.0,6589.0,551.52,NVIDIA GeForce RTX 4070,[N/A],Enabled,Enabled
1709250706.429272,0,GPU-93ae0c7f-c327-aee3-adae-bc0d1dae71ea,0.46,0.44145904575801986,12282.0,6589.0,551.52,NVIDIA GeForce RTX 4070,[N/A],Enabled,Enabled
1709250707.429543,0,GPU-93ae0c7f-c327-aee3-adae-bc0d1dae71ea,0.4,0.44145904575801986,12282.0,6589.0,551.52,NVIDIA GeForce RTX 4070,[N/A],Enabled,Enabled
1709250708.429899,0,GPU-93ae0c7f-c327-aee3-adae-bc0d1dae71ea,0.39,0.44145904575801986,12282.0,6589.0,551.52,NVIDIA GeForce RTX 4070,[N/A],Enabled,Enabled
1709250709.429873,0,GPU-93ae0c7f-c327-aee3-adae-bc0d1dae71ea,0.41,0.44145904575801986,12282.0,6589.0,551.52,NVIDIA GeForce RTX 4070,[N/A],Enabled,Enabled
1709250710.429737,0,GPU-93ae0c7f-c327-aee3-adae-bc0d1dae71ea,0.39,0.44145904575801986,12282.0,6589.0,551.52,NVIDIA GeForce RTX 4070,[N/A],Enabled,Enabled
1709250711.429726,0,GPU-93ae0c7f-c327-aee3-adae-bc0d1dae71ea,0.42,0.44145904575801986,12282.0,6589.0,551.52,NVIDIA GeForce RTX 4070,[N/A],Enabled,Enabled
1709250712.429512,0,GPU-93ae0c7f-c327-aee3-adae-bc0d1dae71ea,0.38,0.44145904575801986,12282.0,6589.0,551.52,NVIDIA GeForce RTX 4070,[N/A],Enabled,Enabled
1709250713.429206,0,GPU-93ae0c7f-c327-aee3-adae-bc0d1dae71ea,0.41,0.44145904575801986,12282.0,6589.0,551.52,NVIDIA GeForce RTX 4070,[N/A],Enabled,Enabled
1709250714.429671,0,GPU-93ae0c7f-c327-aee3-adae-bc0d1dae71ea,0.4,0.44145904575801986,12282.0,6589.0,551.52,NVIDIA GeForce RTX 4070,[N/A],Enabled,Enabled
1709250715.429243,0,GPU-93ae0c7f-c327-aee3-adae-bc0d1dae71ea,0.42,0.44145904575801986,12282.0,6589.0,551.52,NVIDIA GeForce RTX 4070,[N/A],Enabled,Enabled
1709250716.429888,0,GPU-93ae0c7f-c327-aee3-adae-bc0d1dae71ea,0.41,0.44145904575801986,12282.0,6589.0,551.52,NVIDIA GeForce RTX 4070,[N/A],Enabled,Enabled
1709250717.429022,0,GPU-93ae0c7f-c327-aee3-adae-bc0d1dae71ea,0.46,0.44145904575801986,12282.0,6589.0,551.52,NVIDIA GeForce RTX 4070,[N/A],Enabled,Enabled
1709250718.429429,0,GPU-93ae0c7f-c327-aee3-adae-bc0d1dae71ea,0.45,0.44145904575801986,12282.0,6589.0,551.52,NVIDIA GeForce RTX 4070,[N/A],Enabled,Enabled
1709250719.430264,0,GPU-93ae0c7f-c327-aee3-adae-bc0d1dae71ea,0.42,0.44145904575801986,12282.0,6589.0,551.52,NVIDIA GeForce RTX 4070,[N/A],Enabled,Enabled
1709250720.429046,0,GPU-93ae0c7f-c327-aee3-adae-bc0d1dae71ea,0.4,0.44145904575801986,12282.0,6589.0,551.52,NVIDIA GeForce RTX 4070,[N/A],Enabled,Enabled
1709250721.429136,0,GPU-93ae0c7f-c327-aee3-adae-bc0d1dae71ea,0.42,0.44145904575801986,12282.0,6589.0,551.52,NVIDIA GeForce RTX 4070,[N/A],Enabled,Enabled
1709250722.429779,0,GPU-93ae0c7f-c327-aee3-adae-bc0d1dae71ea,0.4,0.44145904575801986,12282.0,6589.0,551.52,NVIDIA GeForce RTX 4070,[N/A],Enabled,Enabled
1709250723.429308,0,GPU-93ae0c7f-c327-aee3-adae-bc0d1dae71ea,0.44,0.44145904575801986,12282.0,6589.0,551.52,NVIDIA GeForce RTX 4070,[N/A],Enabled,Enabled
1709250724.429579,0,GPU-93ae0c7f-c327-aee3-adae-bc0d1dae71ea,0.42,0.44145904575801986,12282.0,6589.0,551.52,NVIDIA GeForce RTX 4070,[N/A],Enabled,Enabled
1709250725.429761,0,GPU-93ae0c7f-c327-aee3-adae-bc0d1dae71ea,0.42,0.44145904575801986,12282.0,6589.0,551.52,NVIDIA GeForce RTX 4070,[N/A],Enabled,Enabled
1709250726.429499,0,GPU-93ae0c7f-c327-aee3-adae-bc0d1dae71ea,0.41,0.44145904575801986,12282.0,6589.0,551.52,NVIDIA GeForce RTX 4070,[N/A],Enabled,Enabled
1709250727.42956,0,GPU-93ae0c7f-c327-aee3-adae-bc0d1dae71ea,0.45,0.44145904575801986,12282.0,6589.0,551.52,NVIDIA GeForce RTX 4070,[N/A],Enabled,Enabled
1709250728.429105,0,GPU-93ae0c7f-c327-aee3-adae-bc0d1dae71ea,0.4,0.44145904575801986,12282.0,6589.0,551.52,NVIDIA GeForce RTX 4070,[N/A],Enabled,Enabled
1709250729.429448,0,GPU-93ae0c7f-c327-aee3-adae-bc0d1dae71ea,0.4,0.44145904575801986,12282.0,6589.0,551.52,NVIDIA GeForce RTX 4070,[N/A],Enabled,Enabled
1709250730.430166,0,GPU-93ae0c7f-c327-aee3-adae-bc0d1dae71ea,0.41,0.44145904575801986,12282.0,6589.0,551.52,NVIDIA GeForce RTX 4070,[N/A],Enabled,Enabled
1709250731.42919,0,GPU-93ae0c7f-c327-aee3-adae-bc0d1dae71ea,0.46,0.44145904575801986,12282.0,6589.0,551.52,NVIDIA GeForce RTX 4070,[N/A],Enabled,Enabled
1709250732.429173,0,GPU-93ae0c7f-c327-aee3-adae-bc0d1dae71ea,0.39,0.44145904575801986,12282.0,6589.0,551.52,NVIDIA GeForce RTX 4070,[N/A],Enabled,Enabled
1709250733.429378,0,GPU-93ae0c7f-c327-aee3-adae-bc0d1dae71ea,0.42,0.44145904575801986,12282.0,6589.0,551.52,NVIDIA GeForce RTX 4070,[N/A],Enabled,Enabled
1709250734.429735,0,GPU-93ae0c7f-c327-aee3-adae-bc0d1dae71ea,0.4,0.44145904575801986,12282.0,6589.0,551.52,NVIDIA GeForce RTX 4070,[N/A],Enabled,Enabled
1709250735.428878,0,GPU-93ae0c7f-c327-aee3-adae-bc0d1dae71ea,0.42,0.44145904575801986,12282.0,6589.0,551.52,NVIDIA GeForce RTX 4070,[N/A],Enabled,Enabled
1709250736.429813,0,GPU-93ae0c7f-c327-aee3-adae-bc0d1dae71ea,0.4,0.44145904575801986,12282.0,6589.0,551.52,NVIDIA GeForce RTX 4070,[N/A],Enabled,Enabled
1709250737.430184,0,GPU-93ae0c7f-c327-aee3-adae-bc0d1dae71ea,0.42,0.44145904575801986,12282.0,6589.0,551.52,NVIDIA GeForce RTX 4070,[N/A],Enabled,Enabled
1709250738.429756,0,GPU-93ae0c7f-c327-aee3-adae-bc0d1dae71ea,0.4,0.44145904575801986,12282.0,6589.0,551.52,NVIDIA GeForce RTX 4070,[N/A],Enabled,Enabled
1709250739.428791,0,GPU-93ae0c7f-c327-aee3-adae-bc0d1dae71ea,0.42,0.44145904575801986,12282.0,6589.0,551.52,NVIDIA GeForce RTX 4070,[N/A],Enabled,Enabled
1709250740.429908,0,GPU-93ae0c7f-c327-aee3-adae-bc0d1dae71ea,0.38,0.44145904575801986,12282.0,6589.0,551.52,NVIDIA GeForce RTX 4070,[N/A],Enabled,Enabled
1709250741.429947,0,GPU-93ae0c7f-c327-aee3-adae-bc0d1dae71ea,0.41,0.44145904575801986,12282.0,6589.0,551.52,NVIDIA GeForce RTX 4070,[N/A],Enabled,Enabled
1709250742.429005,0,GPU-93ae0c7f-c327-aee3-adae-bc0d1dae71ea,0.4,0.44145904575801986,12282.0,6589.0,551.52,NVIDIA GeForce RTX 4070,[N/A],Enabled,Enabled
1709250743.429066,0,GPU-93ae0c7f-c327-aee3-adae-bc0d1dae71ea,0.39,0.44145904575801986,12282.0,6589.0,551.52,NVIDIA GeForce RTX 4070,[N/A],Enabled,Enabled
1709250744.429286,0,GPU-93ae0c7f-c327-aee3-adae-bc0d1dae71ea,0.39,0.44145904575801986,12282.0,6589.0,551.52,NVIDIA GeForce RTX 4070,[N/A],Enabled,Enabled
1709250745.429074,0,GPU-93ae0c7f-c327-aee3-adae-bc0d1dae71ea,0.41,0.44145904575801986,12282.0,6589.0,551.52,NVIDIA GeForce RTX 4070,[N/A],Enabled,Enabled
1709250746.42904,0,GPU-93ae0c7f-c327-aee3-adae-bc0d1dae71ea,0.37,0.44145904575801986,12282.0,6589.0,551.52,NVIDIA GeForce RTX 4070,[N/A],Enabled,Enabled
1709250747.428801,0,GPU-93ae0c7f-c327-aee3-adae-bc0d1dae71ea,0.4,0.44145904575801986,12282.0,6589.0,551.52,NVIDIA GeForce RTX 4070,[N/A],Enabled,Enabled
1709250748.429684,0,GPU-93ae0c7f-c327-aee3-adae-bc0d1dae71ea,0.4,0.44145904575801986,12282.0,6589.0,551.52,NVIDIA GeForce RTX 4070,[N/A],Enabled,Enabled
1709250749.429665,0,GPU-93ae0c7f-c327-aee3-adae-bc0d1dae71ea,0.4,0.44145904575801986,12282.0,6589.0,551.52,NVIDIA GeForce RTX 4070,[N/A],Enabled,Enabled
1709250750.42954,0,GPU-93ae0c7f-c327-aee3-adae-bc0d1dae71ea,0.38,0.44145904575801986,12282.0,6589.0,551.52,NVIDIA GeForce RTX 4070,[N/A],Enabled,Enabled
1709250751.429376,0,GPU-93ae0c7f-c327-aee3-adae-bc0d1dae71ea,0.41,0.44145904575801986,12282.0,6589.0,551.52,NVIDIA GeForce RTX 4070,[N/A],Enabled,Enabled
1709250752.429719,0,GPU-93ae0c7f-c327-aee3-adae-bc0d1dae71ea,0.4,0.44145904575801986,12282.0,6589.0,551.52,NVIDIA GeForce RTX 4070,[N/A],Enabled,Enabled
1709250753.428978,0,GPU-93ae0c7f-c327-aee3-adae-bc0d1dae71ea,0.42,0.44145904575801986,12282.0,6589.0,551.52,NVIDIA GeForce RTX 4070,[N/A],Enabled,Enabled
1709250754.429465,0,GPU-93ae0c7f-c327-aee3-adae-bc0d1dae71ea,0.4,0.44145904575801986,12282.0,6589.0,551.52,NVIDIA GeForce RTX 4070,[N/A],Enabled,Enabled
1709250755.429581,0,GPU-93ae0c7f-c327-aee3-adae-bc0d1dae71ea,0.42,0.44145904575801986,12282.0,6589.0,551.52,NVIDIA GeForce RTX 4070,[N/A],Enabled,Enabled
1709250756.428777,0,GPU-93ae0c7f-c327-aee3-adae-bc0d1dae71ea,0.4,0.44145904575801986,12282.0,6589.0,551.52,NVIDIA GeForce RTX 4070,[N/A],Enabled,Enabled
1709250757.429347,0,GPU-93ae0c7f-c327-aee3-adae-bc0d1dae71ea,0.42,0.44145904575801986,12282.0,6589.0,551.52,NVIDIA GeForce RTX 4070,[N/A],Enabled,Enabled
1709250758.429285,0,GPU-93ae0c7f-c327-aee3-adae-bc0d1dae71ea,0.41,0.44145904575801986,12282.0,6589.0,551.52,NVIDIA GeForce RTX 4070,[N/A],Enabled,Enabled
1709250759.429483,0,GPU-93ae0c7f-c327-aee3-adae-bc0d1dae71ea,0.49,0.44145904575801986,12282.0,6589.0,551.52,NVIDIA GeForce RTX 4070,[N/A],Enabled,Enabled
1709250760.429601,0,GPU-93ae0c7f-c327-aee3-adae-bc0d1dae71ea,0.43,0.44145904575801986,12282.0,6589.0,551.52,NVIDIA GeForce RTX 4070,[N/A],Enabled,Enabled
1709250761.429998,0,GPU-93ae0c7f-c327-aee3-adae-bc0d1dae71ea,0.48,0.44145904575801986,12282.0,6589.0,551.52,NVIDIA GeForce RTX 4070,[N/A],Enabled,Enabled
1709250762.430051,0,GPU-93ae0c7f-c327-aee3-adae-bc0d1dae71ea,0.42,0.44145904575801986,12282.0,6589.0,551.52,NVIDIA GeForce RTX 4070,[N/A],Enabled,Enabled
1709250763.429543,0,GPU-93ae0c7f-c327-aee3-adae-bc0d1dae71ea,0.46,0.44145904575801986,12282.0,6589.0,551.52,NVIDIA GeForce RTX 4070,[N/A],Enabled,Enabled
1709250764.429209,0,GPU-93ae0c7f-c327-aee3-adae-bc0d1dae71ea,0.39,0.44145904575801986,12282.0,6589.0,551.52,NVIDIA GeForce RTX 4070,[N/A],Enabled,Enabled
1709250765.428961,0,GPU-93ae0c7f-c327-aee3-adae-bc0d1dae71ea,0.44,0.44145904575801986,12282.0,6589.0,551.52,NVIDIA GeForce RTX 4070,[N/A],Enabled,Enabled
1709250766.429797,0,GPU-93ae0c7f-c327-aee3-adae-bc0d1dae71ea,0.44,0.44145904575801986,12282.0,6589.0,551.52,NVIDIA GeForce RTX 4070,[N/A],Enabled,Enabled
1709250767.428922,0,GPU-93ae0c7f-c327-aee3-adae-bc0d1dae71ea,0.43,0.44145904575801986,12282.0,6589.0,551.52,NVIDIA GeForce RTX 4070,[N/A],Enabled,Enabled
1709250768.43021,0,GPU-93ae0c7f-c327-aee3-adae-bc0d1dae71ea,0.41,0.44145904575801986,12282.0,6589.0,551.52,NVIDIA GeForce RTX 4070,[N/A],Enabled,Enabled
1709250769.43007,0,GPU-93ae0c7f-c327-aee3-adae-bc0d1dae71ea,0.42,0.44145904575801986,12282.0,6589.0,551.52,NVIDIA GeForce RTX 4070,[N/A],Enabled,Enabled
1709250770.429076,0,GPU-93ae0c7f-c327-aee3-adae-bc0d1dae71ea,0.41,0.44145904575801986,12282.0,6589.0,551.52,NVIDIA GeForce RTX 4070,[N/A],Enabled,Enabled
1709250771.429229,0,GPU-93ae0c7f-c327-aee3-adae-bc0d1dae71ea,0.47,0.44145904575801986,12282.0,6589.0,551.52,NVIDIA GeForce RTX 4070,[N/A],Enabled,Enabled
1709250772.429323,0,GPU-93ae0c7f-c327-aee3-adae-bc0d1dae71ea,0.46,0.44145904575801986,12282.0,6589.0,551.52,NVIDIA GeForce RTX 4070,[N/A],Enabled,Enabled
1709250773.429155,0,GPU-93ae0c7f-c327-aee3-adae-bc0d1dae71ea,0.43,0.44145904575801986,12282.0,6589.0,551.52,NVIDIA GeForce RTX 4070,[N/A],Enabled,Enabled
1709250774.429063,0,GPU-93ae0c7f-c327-aee3-adae-bc0d1dae71ea,0.42,0.44145904575801986,12282.0,6589.0,551.52,NVIDIA GeForce RTX 4070,[N/A],Enabled,Enabled
1709250775.429939,0,GPU-93ae0c7f-c327-aee3-adae-bc0d1dae71ea,0.46,0.44145904575801986,12282.0,6589.0,551.52,NVIDIA GeForce RTX 4070,[N/A],Enabled,Enabled
1709250776.428936,0,GPU-93ae0c7f-c327-aee3-adae-bc0d1dae71ea,0.42,0.44145904575801986,12282.0,6589.0,551.52,NVIDIA GeForce RTX 4070,[N/A],Enabled,Enabled
1709250777.429601,0,GPU-93ae0c7f-c327-aee3-adae-bc0d1dae71ea,0.45,0.44145904575801986,12282.0,6589.0,551.52,NVIDIA GeForce RTX 4070,[N/A],Enabled,Enabled
1709250778.429564,0,GPU-93ae0c7f-c327-aee3-adae-bc0d1dae71ea,0.44,0.44145904575801986,12282.0,6589.0,551.52,NVIDIA GeForce RTX 4070,[N/A],Enabled,Enabled
1709250779.429723,0,GPU-93ae0c7f-c327-aee3-adae-bc0d1dae71ea,0.44,0.44145904575801986,12282.0,6589.0,551.52,NVIDIA GeForce RTX 4070,[N/A],Enabled,Enabled
1709250780.428959,0,GPU-93ae0c7f-c327-aee3-adae-bc0d1dae71ea,0.43,0.44145904575801986,12282.0,6589.0,551.52,NVIDIA GeForce RTX 4070,[N/A],Enabled,Enabled
1709250781.430271,0,GPU-93ae0c7f-c327-aee3-adae-bc0d1dae71ea,0.44,0.44145904575801986,12282.0,6589.0,551.52,NVIDIA GeForce RTX 4070,[N/A],Enabled,Enabled
1709250782.430463,0,GPU-93ae0c7f-c327-aee3-adae-bc0d1dae71ea,0.43,0.44145904575801986,12282.0,6589.0,551.52,NVIDIA GeForce RTX 4070,[N/A],Enabled,Enabled
1709250783.430104,0,GPU-93ae0c7f-c327-aee3-adae-bc0d1dae71ea,0.44,0.44145904575801986,12282.0,6589.0,551.52,NVIDIA GeForce RTX 4070,[N/A],Enabled,Enabled
1709250784.429477,0,GPU-93ae0c7f-c327-aee3-adae-bc0d1dae71ea,0.42,0.44145904575801986,12282.0,6589.0,551.52,NVIDIA GeForce RTX 4070,[N/A],Enabled,Enabled
1709250785.429506,0,GPU-93ae0c7f-c327-aee3-adae-bc0d1dae71ea,0.44,0.44145904575801986,12282.0,6589.0,551.52,NVIDIA GeForce RTX 4070,[N/A],Enabled,Enabled
1709250786.429745,0,GPU-93ae0c7f-c327-aee3-adae-bc0d1dae71ea,0.42,0.44145904575801986,12282.0,6589.0,551.52,NVIDIA GeForce RTX 4070,[N/A],Enabled,Enabled
1709250787.429536,0,GPU-93ae0c7f-c327-aee3-adae-bc0d1dae71ea,0.44,0.44145904575801986,12282.0,6589.0,551.52,NVIDIA GeForce RTX 4070,[N/A],Enabled,Enabled
1709250788.429528,0,GPU-93ae0c7f-c327-aee3-adae-bc0d1dae71ea,0.4,0.44145904575801986,12282.0,6589.0,551.52,NVIDIA GeForce RTX 4070,[N/A],Enabled,Enabled
1709250789.429797,0,GPU-93ae0c7f-c327-aee3-adae-bc0d1dae71ea,0.42,0.44145904575801986,12282.0,6589.0,551.52,NVIDIA GeForce RTX 4070,[N/A],Enabled,Enabled
1709250790.429689,0,GPU-93ae0c7f-c327-aee3-adae-bc0d1dae71ea,0.26,0.4383650871193617,12282.0,6627.0,551.52,NVIDIA GeForce RTX 4070,[N/A],Enabled,Enabled
1709250791.429961,0,GPU-93ae0c7f-c327-aee3-adae-bc0d1dae71ea,0.33,0.4383650871193617,12282.0,6627.0,551.52,NVIDIA GeForce RTX 4070,[N/A],Enabled,Enabled
1709250792.429805,0,GPU-93ae0c7f-c327-aee3-adae-bc0d1dae71ea,0.3,0.4383650871193617,12282.0,6627.0,551.52,NVIDIA GeForce RTX 4070,[N/A],Enabled,Enabled
1709250793.4291,0,GPU-93ae0c7f-c327-aee3-adae-bc0d1dae71ea,0.3,0.4383650871193617,12282.0,6627.0,551.52,NVIDIA GeForce RTX 4070,[N/A],Enabled,Enabled
1709250794.429975,0,GPU-93ae0c7f-c327-aee3-adae-bc0d1dae71ea,0.29,0.43372414916137436,12282.0,6684.0,551.52,NVIDIA GeForce RTX 4070,[N/A],Enabled,Enabled
1709250795.429951,0,GPU-93ae0c7f-c327-aee3-adae-bc0d1dae71ea,0.33,0.4383650871193617,12282.0,6627.0,551.52,NVIDIA GeForce RTX 4070,[N/A],Enabled,Enabled
1709250796.429821,0,GPU-93ae0c7f-c327-aee3-adae-bc0d1dae71ea,0.3,0.43372414916137436,12282.0,6684.0,551.52,NVIDIA GeForce RTX 4070,[N/A],Enabled,Enabled
1709250797.430083,0,GPU-93ae0c7f-c327-aee3-adae-bc0d1dae71ea,0.3,0.43372414916137436,12282.0,6684.0,551.52,NVIDIA GeForce RTX 4070,[N/A],Enabled,Enabled
1709250798.429466,0,GPU-93ae0c7f-c327-aee3-adae-bc0d1dae71ea,0.29,0.43372414916137436,12282.0,6684.0,551.52,NVIDIA GeForce RTX 4070,[N/A],Enabled,Enabled
1709250799.429707,0,GPU-93ae0c7f-c327-aee3-adae-bc0d1dae71ea,0.29,0.43372414916137436,12282.0,6684.0,551.52,NVIDIA GeForce RTX 4070,[N/A],Enabled,Enabled
1709250800.429271,0,GPU-93ae0c7f-c327-aee3-adae-bc0d1dae71ea,0.29,0.43372414916137436,12282.0,6684.0,551.52,NVIDIA GeForce RTX 4070,[N/A],Enabled,Enabled
1709250801.429256,0,GPU-93ae0c7f-c327-aee3-adae-bc0d1dae71ea,0.3,0.43372414916137436,12282.0,6684.0,551.52,NVIDIA GeForce RTX 4070,[N/A],Enabled,Enabled
1709250802.429808,0,GPU-93ae0c7f-c327-aee3-adae-bc0d1dae71ea,0.3,0.43372414916137436,12282.0,6684.0,551.52,NVIDIA GeForce RTX 4070,[N/A],Enabled,Enabled
1709250803.430077,0,GPU-93ae0c7f-c327-aee3-adae-bc0d1dae71ea,0.31,0.43372414916137436,12282.0,6684.0,551.52,NVIDIA GeForce RTX 4070,[N/A],Enabled,Enabled
1709250804.430249,0,GPU-93ae0c7f-c327-aee3-adae-bc0d1dae71ea,0.28,0.43372414916137436,12282.0,6684.0,551.52,NVIDIA GeForce RTX 4070,[N/A],Enabled,Enabled
1709250805.429182,0,GPU-93ae0c7f-c327-aee3-adae-bc0d1dae71ea,0.28,0.43372414916137436,12282.0,6684.0,551.52,NVIDIA GeForce RTX 4070,[N/A],Enabled,Enabled
1709250806.430076,0,GPU-93ae0c7f-c327-aee3-adae-bc0d1dae71ea,0.28,0.43372414916137436,12282.0,6684.0,551.52,NVIDIA GeForce RTX 4070,[N/A],Enabled,Enabled
1709250807.430031,0,GPU-93ae0c7f-c327-aee3-adae-bc0d1dae71ea,0.29,0.43372414916137436,12282.0,6684.0,551.52,NVIDIA GeForce RTX 4070,[N/A],Enabled,Enabled
1709250808.429568,0,GPU-93ae0c7f-c327-aee3-adae-bc0d1dae71ea,0.3,0.43372414916137436,12282.0,6684.0,551.52,NVIDIA GeForce RTX 4070,[N/A],Enabled,Enabled
1709250809.429424,0,GPU-93ae0c7f-c327-aee3-adae-bc0d1dae71ea,0.3,0.43372414916137436,12282.0,6684.0,551.52,NVIDIA GeForce RTX 4070,[N/A],Enabled,Enabled
1709250810.429149,0,GPU-93ae0c7f-c327-aee3-adae-bc0d1dae71ea,0.29,0.43372414916137436,12282.0,6684.0,551.52,NVIDIA GeForce RTX 4070,[N/A],Enabled,Enabled
1709250811.429451,0,GPU-93ae0c7f-c327-aee3-adae-bc0d1dae71ea,0.3,0.43372414916137436,12282.0,6684.0,551.52,NVIDIA GeForce RTX 4070,[N/A],Enabled,Enabled
1709250812.42988,0,GPU-93ae0c7f-c327-aee3-adae-bc0d1dae71ea,0.29,0.43372414916137436,12282.0,6684.0,551.52,NVIDIA GeForce RTX 4070,[N/A],Enabled,Enabled
1709250813.429125,0,GPU-93ae0c7f-c327-aee3-adae-bc0d1dae71ea,0.29,0.43372414916137436,12282.0,6684.0,551.52,NVIDIA GeForce RTX 4070,[N/A],Enabled,Enabled
1709250814.42952,0,GPU-93ae0c7f-c327-aee3-adae-bc0d1dae71ea,0.29,0.43372414916137436,12282.0,6684.0,551.52,NVIDIA GeForce RTX 4070,[N/A],Enabled,Enabled
1709250815.429602,0,GPU-93ae0c7f-c327-aee3-adae-bc0d1dae71ea,0.29,0.43372414916137436,12282.0,6684.0,551.52,NVIDIA GeForce RTX 4070,[N/A],Enabled,Enabled
1709250816.429503,0,GPU-93ae0c7f-c327-aee3-adae-bc0d1dae71ea,0.29,0.43372414916137436,12282.0,6684.0,551.52,NVIDIA GeForce RTX 4070,[N/A],Enabled,Enabled
1709250817.429809,0,GPU-93ae0c7f-c327-aee3-adae-bc0d1dae71ea,0.13,0.23636215600065136,12282.0,9108.0,551.52,NVIDIA GeForce RTX 4070,[N/A],Enabled,Enabled
1709250818.429427,0,GPU-93ae0c7f-c327-aee3-adae-bc0d1dae71ea,0.16,0.23701351571405307,12282.0,9100.0,551.52,NVIDIA GeForce RTX 4070,[N/A],Enabled,Enabled
