timestamp,id,uuid,load,memoryUtil,memoryTotal,memoryUsed,memoryFree,driver,name,serial,display_mode,display_active
1702741788.192042,0,GPU-b342434c-f6b6-7627-333e-da750a9991e6,0.17,0.33212890625,10240.0,6665.0,546.17,NVIDIA GeForce RTX 3080,[N/A],Enabled,Enabled
1702741789.187873,0,GPU-b342434c-f6b6-7627-333e-da750a9991e6,0.16,0.33212890625,10240.0,6665.0,546.17,NVIDIA GeForce RTX 3080,[N/A],Enabled,Enabled
1702741790.187829,0,GPU-b342434c-f6b6-7627-333e-da750a9991e6,0.16,0.33212890625,10240.0,6665.0,546.17,NVIDIA GeForce RTX 3080,[N/A],Enabled,Enabled
1702741791.187258,0,GPU-b342434c-f6b6-7627-333e-da750a9991e6,0.15,0.33212890625,10240.0,6665.0,546.17,NVIDIA GeForce RTX 3080,[N/A],Enabled,Enabled
1702741792.187433,0,GPU-b342434c-f6b6-7627-333e-da750a9991e6,0.17,0.33212890625,10240.0,6665.0,546.17,NVIDIA GeForce RTX 3080,[N/A],Enabled,Enabled
1702741793.187533,0,GPU-b342434c-f6b6-7627-333e-da750a9991e6,0.16,0.33212890625,10240.0,6665.0,546.17,NVIDIA GeForce RTX 3080,[N/A],Enabled,Enabled
1702741794.187454,0,GPU-b342434c-f6b6-7627-333e-da750a9991e6,0.16,0.33212890625,10240.0,6665.0,546.17,NVIDIA GeForce RTX 3080,[N/A],Enabled,Enabled
1702741795.187733,0,GPU-b342434c-f6b6-7627-333e-da750a9991e6,0.16,0.33212890625,10240.0,6665.0,546.17,NVIDIA GeForce RTX 3080,[N/A],Enabled,Enabled
1702741796.187195,0,GPU-b342434c-f6b6-7627-333e-da750a9991e6,0.16,0.33212890625,10240.0,6665.0,546.17,NVIDIA GeForce RTX 3080,[N/A],Enabled,Enabled
1702741797.187049,0,GPU-b342434c-f6b6-7627-333e-da750a9991e6,0.17,0.33212890625,10240.0,6665.0,546.17,NVIDIA GeForce RTX 3080,[N/A],Enabled,Enabled
1702741798.187005,0,GPU-b342434c-f6b6-7627-333e-da750a9991e6,0.17,0.33212890625,10240.0,6665.0,546.17,NVIDIA GeForce RTX 3080,[N/A],Enabled,Enabled
1702741799.18794,0,GPU-b342434c-f6b6-7627-333e-da750a9991e6,0.17,0.33212890625,10240.0,6665.0,546.17,NVIDIA GeForce RTX 3080,[N/A],Enabled,Enabled
1702741800.187017,0,GPU-b342434c-f6b6-7627-333e-da750a9991e6,0.16,0.33212890625,10240.0,6665.0,546.17,NVIDIA GeForce RTX 3080,[N/A],Enabled,Enabled
1702741801.187542,0,GPU-b342434c-f6b6-7627-333e-da750a9991e6,0.17,0.33212890625,10240.0,6665.0,546.17,NVIDIA GeForce RTX 3080,[N/A],Enabled,Enabled
1702741802.186975,0,GPU-b342434c-f6b6-7627-333e-da750a9991e6,0.16,0.33212890625,10240.0,6665.0,546.17,NVIDIA GeForce RTX 3080,[N/A],Enabled,Enabled
1702741803.187709,0,GPU-b342434c-f6b6-7627-333e-da750a9991e6,0.18,0.3294921875,10240.0,6692.0,546.17,NVIDIA GeForce RTX 3080,[N/A],Enabled,Enabled
1702741804.187308,0,GPU-b342434c-f6b6-7627-333e-da750a9991e6,0.21,0.34296875,10240.0,6554.0,546.17,NVIDIA GeForce RTX 3080,[N/A],Enabled,Enabled
1702741805.188011,0,GPU-b342434c-f6b6-7627-333e-da750a9991e6,0.17,0.5099609375,10240.0,4844.0,546.17,NVIDIA GeForce RTX 3080,[N/A],Enabled,Enabled
1702741806.188138,0,GPU-b342434c-f6b6-7627-333e-da750a9991e6,0.11,0.45615234375,10240.0,5395.0,546.17,NVIDIA GeForce RTX 3080,[N/A],Enabled,Enabled
1702741807.187348,0,GPU-b342434c-f6b6-7627-333e-da750a9991e6,0.11,0.45595703125,10240.0,5397.0,546.17,NVIDIA GeForce RTX 3080,[N/A],Enabled,Enabled
1702741808.187428,0,GPU-b342434c-f6b6-7627-333e-da750a9991e6,0.11,0.45595703125,10240.0,5397.0,546.17,NVIDIA GeForce RTX 3080,[N/A],Enabled,Enabled
1702741809.187261,0,GPU-b342434c-f6b6-7627-333e-da750a9991e6,0.24,0.3849609375,10240.0,6124.0,546.17,NVIDIA GeForce RTX 3080,[N/A],Enabled,Enabled
1702741810.186882,0,GPU-b342434c-f6b6-7627-333e-da750a9991e6,0.17,0.3984375,10240.0,5986.0,546.17,NVIDIA GeForce RTX 3080,[N/A],Enabled,Enabled
1702741811.187154,0,GPU-b342434c-f6b6-7627-333e-da750a9991e6,0.14,0.3982421875,10240.0,5988.0,546.17,NVIDIA GeForce RTX 3080,[N/A],Enabled,Enabled
1702741812.187526,0,GPU-b342434c-f6b6-7627-333e-da750a9991e6,0.13,0.39443359375,10240.0,6027.0,546.17,NVIDIA GeForce RTX 3080,[N/A],Enabled,Enabled
1702741813.187583,0,GPU-b342434c-f6b6-7627-333e-da750a9991e6,0.14,0.39814453125,10240.0,5989.0,546.17,NVIDIA GeForce RTX 3080,[N/A],Enabled,Enabled
1702741814.187292,0,GPU-b342434c-f6b6-7627-333e-da750a9991e6,0.14,0.39990234375,10240.0,5971.0,546.17,NVIDIA GeForce RTX 3080,[N/A],Enabled,Enabled
1702741815.187972,0,GPU-b342434c-f6b6-7627-333e-da750a9991e6,0.14,0.39990234375,10240.0,5971.0,546.17,NVIDIA GeForce RTX 3080,[N/A],Enabled,Enabled
1702741816.187761,0,GPU-b342434c-f6b6-7627-333e-da750a9991e6,0.15,0.39609375,10240.0,6010.0,546.17,NVIDIA GeForce RTX 3080,[N/A],Enabled,Enabled
1702741817.188068,0,GPU-b342434c-f6b6-7627-333e-da750a9991e6,0.12,0.39990234375,10240.0,5971.0,546.17,NVIDIA GeForce RTX 3080,[N/A],Enabled,Enabled
1702741818.188083,0,GPU-b342434c-f6b6-7627-333e-da750a9991e6,0.14,0.39619140625,10240.0,6009.0,546.17,NVIDIA GeForce RTX 3080,[N/A],Enabled,Enabled
1702741819.187786,0,GPU-b342434c-f6b6-7627-333e-da750a9991e6,0.13,0.39619140625,10240.0,6009.0,546.17,NVIDIA GeForce RTX 3080,[N/A],Enabled,Enabled
1702741820.186944,0,GPU-b342434c-f6b6-7627-333e-da750a9991e6,0.13,0.39619140625,10240.0,6009.0,546.17,NVIDIA GeForce RTX 3080,[N/A],Enabled,Enabled
1702741821.187292,0,GPU-b342434c-f6b6-7627-333e-da750a9991e6,0.14,0.39990234375,10240.0,5971.0,546.17,NVIDIA GeForce RTX 3080,[N/A],Enabled,Enabled
1702741822.187259,0,GPU-b342434c-f6b6-7627-333e-da750a9991e6,0.13,0.39990234375,10240.0,5971.0,546.17,NVIDIA GeForce RTX 3080,[N/A],Enabled,Enabled
1702741823.187245,0,GPU-b342434c-f6b6-7627-333e-da750a9991e6,0.13,0.39990234375,10240.0,5971.0,546.17,NVIDIA GeForce RTX 3080,[N/A],Enabled,Enabled
1702741824.187029,0,GPU-b342434c-f6b6-7627-333e-da750a9991e6,0.13,0.39990234375,10240.0,5971.0,546.17,NVIDIA GeForce RTX 3080,[N/A],Enabled,Enabled
1702741825.187951,0,GPU-b342434c-f6b6-7627-333e-da750a9991e6,0.12,0.39619140625,10240.0,6009.0,546.17,NVIDIA GeForce RTX 3080,[N/A],Enabled,Enabled
1702741826.187326,0,GPU-b342434c-f6b6-7627-333e-da750a9991e6,0.14,0.39619140625,10240.0,6009.0,546.17,NVIDIA GeForce RTX 3080,[N/A],Enabled,Enabled
1702741827.187499,0,GPU-b342434c-f6b6-7627-333e-da750a9991e6,0.14,0.39853515625,10240.0,5985.0,546.17,NVIDIA GeForce RTX 3080,[N/A],Enabled,Enabled
1702741828.187453,0,GPU-b342434c-f6b6-7627-333e-da750a9991e6,0.17,0.40927734375,10240.0,5875.0,546.17,NVIDIA GeForce RTX 3080,[N/A],Enabled,Enabled
1702741829.187159,0,GPU-b342434c-f6b6-7627-333e-da750a9991e6,0.18,0.40927734375,10240.0,5875.0,546.17,NVIDIA GeForce RTX 3080,[N/A],Enabled,Enabled
1702741830.188195,0,GPU-b342434c-f6b6-7627-333e-da750a9991e6,0.17,0.40927734375,10240.0,5875.0,546.17,NVIDIA GeForce RTX 3080,[N/A],Enabled,Enabled
1702741831.187762,0,GPU-b342434c-f6b6-7627-333e-da750a9991e6,0.16,0.40927734375,10240.0,5875.0,546.17,NVIDIA GeForce RTX 3080,[N/A],Enabled,Enabled
1702741832.18709,0,GPU-b342434c-f6b6-7627-333e-da750a9991e6,0.17,0.40927734375,10240.0,5875.0,546.17,NVIDIA GeForce RTX 3080,[N/A],Enabled,Enabled
1702741833.187622,0,GPU-b342434c-f6b6-7627-333e-da750a9991e6,0.17,0.40927734375,10240.0,5875.0,546.17,NVIDIA GeForce RTX 3080,[N/A],Enabled,Enabled
1702741834.187059,0,GPU-b342434c-f6b6-7627-333e-da750a9991e6,0.17,0.40927734375,10240.0,5875.0,546.17,NVIDIA GeForce RTX 3080,[N/A],Enabled,Enabled
1702741835.187189,0,GPU-b342434c-f6b6-7627-333e-da750a9991e6,0.17,0.40927734375,10240.0,5875.0,546.17,NVIDIA GeForce RTX 3080,[N/A],Enabled,Enabled
1702741836.188123,0,GPU-b342434c-f6b6-7627-333e-da750a9991e6,0.17,0.40927734375,10240.0,5875.0,546.17,NVIDIA GeForce RTX 3080,[N/A],Enabled,Enabled
1702741837.187329,0,GPU-b342434c-f6b6-7627-333e-da750a9991e6,0.16,0.40927734375,10240.0,5875.0,546.17,NVIDIA GeForce RTX 3080,[N/A],Enabled,Enabled
1702741838.187469,0,GPU-b342434c-f6b6-7627-333e-da750a9991e6,0.17,0.40927734375,10240.0,5875.0,546.17,NVIDIA GeForce RTX 3080,[N/A],Enabled,Enabled
1702741839.18711,0,GPU-b342434c-f6b6-7627-333e-da750a9991e6,0.17,0.40927734375,10240.0,5875.0,546.17,NVIDIA GeForce RTX 3080,[N/A],Enabled,Enabled
1702741840.187731,0,GPU-b342434c-f6b6-7627-333e-da750a9991e6,0.17,0.40927734375,10240.0,5875.0,546.17,NVIDIA GeForce RTX 3080,[N/A],Enabled,Enabled
1702741841.187496,0,GPU-b342434c-f6b6-7627-333e-da750a9991e6,0.17,0.40927734375,10240.0,5875.0,546.17,NVIDIA GeForce RTX 3080,[N/A],Enabled,Enabled
1702741842.187832,0,GPU-b342434c-f6b6-7627-333e-da750a9991e6,0.17,0.40927734375,10240.0,5875.0,546.17,NVIDIA GeForce RTX 3080,[N/A],Enabled,Enabled
1702741843.187455,0,GPU-b342434c-f6b6-7627-333e-da750a9991e6,0.17,0.40927734375,10240.0,5875.0,546.17,NVIDIA GeForce RTX 3080,[N/A],Enabled,Enabled
1702741844.187237,0,GPU-b342434c-f6b6-7627-333e-da750a9991e6,0.16,0.40927734375,10240.0,5875.0,546.17,NVIDIA GeForce RTX 3080,[N/A],Enabled,Enabled
1702741845.18737,0,GPU-b342434c-f6b6-7627-333e-da750a9991e6,0.17,0.40927734375,10240.0,5875.0,546.17,NVIDIA GeForce RTX 3080,[N/A],Enabled,Enabled
1702741846.18724,0,GPU-b342434c-f6b6-7627-333e-da750a9991e6,0.17,0.40927734375,10240.0,5875.0,546.17,NVIDIA GeForce RTX 3080,[N/A],Enabled,Enabled
1702741847.18764,0,GPU-b342434c-f6b6-7627-333e-da750a9991e6,0.17,0.40927734375,10240.0,5875.0,546.17,NVIDIA GeForce RTX 3080,[N/A],Enabled,Enabled
1702741848.187287,0,GPU-b342434c-f6b6-7627-333e-da750a9991e6,0.17,0.40927734375,10240.0,5875.0,546.17,NVIDIA GeForce RTX 3080,[N/A],Enabled,Enabled
1702741849.187775,0,GPU-b342434c-f6b6-7627-333e-da750a9991e6,0.17,0.40927734375,10240.0,5875.0,546.17,NVIDIA GeForce RTX 3080,[N/A],Enabled,Enabled
1702741850.187503,0,GPU-b342434c-f6b6-7627-333e-da750a9991e6,0.17,0.40927734375,10240.0,5875.0,546.17,NVIDIA GeForce RTX 3080,[N/A],Enabled,Enabled
1702741851.187359,0,GPU-b342434c-f6b6-7627-333e-da750a9991e6,0.16,0.40927734375,10240.0,5875.0,546.17,NVIDIA GeForce RTX 3080,[N/A],Enabled,Enabled
1702741852.187109,0,GPU-b342434c-f6b6-7627-333e-da750a9991e6,0.16,0.40927734375,10240.0,5875.0,546.17,NVIDIA GeForce RTX 3080,[N/A],Enabled,Enabled
1702741853.187247,0,GPU-b342434c-f6b6-7627-333e-da750a9991e6,0.16,0.40927734375,10240.0,5875.0,546.17,NVIDIA GeForce RTX 3080,[N/A],Enabled,Enabled
1702741854.18815,0,GPU-b342434c-f6b6-7627-333e-da750a9991e6,0.16,0.40927734375,10240.0,5875.0,546.17,NVIDIA GeForce RTX 3080,[N/A],Enabled,Enabled
1702741855.187913,0,GPU-b342434c-f6b6-7627-333e-da750a9991e6,0.17,0.40927734375,10240.0,5875.0,546.17,NVIDIA GeForce RTX 3080,[N/A],Enabled,Enabled
1702741856.187211,0,GPU-b342434c-f6b6-7627-333e-da750a9991e6,0.17,0.40927734375,10240.0,5875.0,546.17,NVIDIA GeForce RTX 3080,[N/A],Enabled,Enabled
1702741857.187383,0,GPU-b342434c-f6b6-7627-333e-da750a9991e6,0.16,0.40927734375,10240.0,5875.0,546.17,NVIDIA GeForce RTX 3080,[N/A],Enabled,Enabled
1702741858.18735,0,GPU-b342434c-f6b6-7627-333e-da750a9991e6,0.16,0.40927734375,10240.0,5875.0,546.17,NVIDIA GeForce RTX 3080,[N/A],Enabled,Enabled
1702741859.187976,0,GPU-b342434c-f6b6-7627-333e-da750a9991e6,0.16,0.40927734375,10240.0,5875.0,546.17,NVIDIA GeForce RTX 3080,[N/A],Enabled,Enabled
1702741860.18763,0,GPU-b342434c-f6b6-7627-333e-da750a9991e6,0.16,0.40927734375,10240.0,5875.0,546.17,NVIDIA GeForce RTX 3080,[N/A],Enabled,Enabled
1702741861.187736,0,GPU-b342434c-f6b6-7627-333e-da750a9991e6,0.16,0.40927734375,10240.0,5875.0,546.17,NVIDIA GeForce RTX 3080,[N/A],Enabled,Enabled
1702741862.187718,0,GPU-b342434c-f6b6-7627-333e-da750a9991e6,0.16,0.40927734375,10240.0,5875.0,546.17,NVIDIA GeForce RTX 3080,[N/A],Enabled,Enabled
1702741863.18745,0,GPU-b342434c-f6b6-7627-333e-da750a9991e6,0.16,0.40927734375,10240.0,5875.0,546.17,NVIDIA GeForce RTX 3080,[N/A],Enabled,Enabled
1702741864.187642,0,GPU-b342434c-f6b6-7627-333e-da750a9991e6,0.16,0.40927734375,10240.0,5875.0,546.17,NVIDIA GeForce RTX 3080,[N/A],Enabled,Enabled
1702741865.187695,0,GPU-b342434c-f6b6-7627-333e-da750a9991e6,0.16,0.40927734375,10240.0,5875.0,546.17,NVIDIA GeForce RTX 3080,[N/A],Enabled,Enabled
1702741866.187259,0,GPU-b342434c-f6b6-7627-333e-da750a9991e6,0.17,0.40927734375,10240.0,5875.0,546.17,NVIDIA GeForce RTX 3080,[N/A],Enabled,Enabled
1702741867.187943,0,GPU-b342434c-f6b6-7627-333e-da750a9991e6,0.16,0.40927734375,10240.0,5875.0,546.17,NVIDIA GeForce RTX 3080,[N/A],Enabled,Enabled
1702741868.187496,0,GPU-b342434c-f6b6-7627-333e-da750a9991e6,0.16,0.40927734375,10240.0,5875.0,546.17,NVIDIA GeForce RTX 3080,[N/A],Enabled,Enabled
1702741869.186933,0,GPU-b342434c-f6b6-7627-333e-da750a9991e6,0.16,0.40927734375,10240.0,5875.0,546.17,NVIDIA GeForce RTX 3080,[N/A],Enabled,Enabled
1702741870.187182,0,GPU-b342434c-f6b6-7627-333e-da750a9991e6,0.16,0.40927734375,10240.0,5875.0,546.17,NVIDIA GeForce RTX 3080,[N/A],Enabled,Enabled
1702741871.187414,0,GPU-b342434c-f6b6-7627-333e-da750a9991e6,0.17,0.40927734375,10240.0,5875.0,546.17,NVIDIA GeForce RTX 3080,[N/A],Enabled,Enabled
1702741872.18727,0,GPU-b342434c-f6b6-7627-333e-da750a9991e6,0.16,0.40927734375,10240.0,5875.0,546.17,NVIDIA GeForce RTX 3080,[N/A],Enabled,Enabled
1702741873.187623,0,GPU-b342434c-f6b6-7627-333e-da750a9991e6,0.15,0.40927734375,10240.0,5875.0,546.17,NVIDIA GeForce RTX 3080,[N/A],Enabled,Enabled
1702741874.187264,0,GPU-b342434c-f6b6-7627-333e-da750a9991e6,0.16,0.40927734375,10240.0,5875.0,546.17,NVIDIA GeForce RTX 3080,[N/A],Enabled,Enabled
1702741875.187774,0,GPU-b342434c-f6b6-7627-333e-da750a9991e6,0.16,0.40927734375,10240.0,5875.0,546.17,NVIDIA GeForce RTX 3080,[N/A],Enabled,Enabled
1702741876.187212,0,GPU-b342434c-f6b6-7627-333e-da750a9991e6,0.17,0.40927734375,10240.0,5875.0,546.17,NVIDIA GeForce RTX 3080,[N/A],Enabled,Enabled
1702741877.187272,0,GPU-b342434c-f6b6-7627-333e-da750a9991e6,0.17,0.40927734375,10240.0,5875.0,546.17,NVIDIA GeForce RTX 3080,[N/A],Enabled,Enabled
1702741878.187499,0,GPU-b342434c-f6b6-7627-333e-da750a9991e6,0.17,0.40927734375,10240.0,5875.0,546.17,NVIDIA GeForce RTX 3080,[N/A],Enabled,Enabled
1702741879.187579,0,GPU-b342434c-f6b6-7627-333e-da750a9991e6,0.17,0.40927734375,10240.0,5875.0,546.17,NVIDIA GeForce RTX 3080,[N/A],Enabled,Enabled
1702741880.188077,0,GPU-b342434c-f6b6-7627-333e-da750a9991e6,0.17,0.40927734375,10240.0,5875.0,546.17,NVIDIA GeForce RTX 3080,[N/A],Enabled,Enabled
1702741881.187336,0,GPU-b342434c-f6b6-7627-333e-da750a9991e6,0.18,0.40927734375,10240.0,5875.0,546.17,NVIDIA GeForce RTX 3080,[N/A],Enabled,Enabled
1702741882.187724,0,GPU-b342434c-f6b6-7627-333e-da750a9991e6,0.18,0.40927734375,10240.0,5875.0,546.17,NVIDIA GeForce RTX 3080,[N/A],Enabled,Enabled
1702741883.187281,0,GPU-b342434c-f6b6-7627-333e-da750a9991e6,0.17,0.40927734375,10240.0,5875.0,546.17,NVIDIA GeForce RTX 3080,[N/A],Enabled,Enabled
1702741884.188019,0,GPU-b342434c-f6b6-7627-333e-da750a9991e6,0.17,0.40927734375,10240.0,5875.0,546.17,NVIDIA GeForce RTX 3080,[N/A],Enabled,Enabled
1702741885.188087,0,GPU-b342434c-f6b6-7627-333e-da750a9991e6,0.16,0.40927734375,10240.0,5875.0,546.17,NVIDIA GeForce RTX 3080,[N/A],Enabled,Enabled
1702741886.187737,0,GPU-b342434c-f6b6-7627-333e-da750a9991e6,0.16,0.40927734375,10240.0,5875.0,546.17,NVIDIA GeForce RTX 3080,[N/A],Enabled,Enabled
1702741887.187646,0,GPU-b342434c-f6b6-7627-333e-da750a9991e6,0.17,0.40927734375,10240.0,5875.0,546.17,NVIDIA GeForce RTX 3080,[N/A],Enabled,Enabled
1702741888.187559,0,GPU-b342434c-f6b6-7627-333e-da750a9991e6,0.16,0.40927734375,10240.0,5875.0,546.17,NVIDIA GeForce RTX 3080,[N/A],Enabled,Enabled
1702741889.187279,0,GPU-b342434c-f6b6-7627-333e-da750a9991e6,0.17,0.40927734375,10240.0,5875.0,546.17,NVIDIA GeForce RTX 3080,[N/A],Enabled,Enabled
1702741890.187721,0,GPU-b342434c-f6b6-7627-333e-da750a9991e6,0.16,0.40927734375,10240.0,5875.0,546.17,NVIDIA GeForce RTX 3080,[N/A],Enabled,Enabled
1702741891.187824,0,GPU-b342434c-f6b6-7627-333e-da750a9991e6,0.16,0.40927734375,10240.0,5875.0,546.17,NVIDIA GeForce RTX 3080,[N/A],Enabled,Enabled
1702741892.187263,0,GPU-b342434c-f6b6-7627-333e-da750a9991e6,0.17,0.40927734375,10240.0,5875.0,546.17,NVIDIA GeForce RTX 3080,[N/A],Enabled,Enabled
1702741893.187813,0,GPU-b342434c-f6b6-7627-333e-da750a9991e6,0.17,0.40927734375,10240.0,5875.0,546.17,NVIDIA GeForce RTX 3080,[N/A],Enabled,Enabled
1702741894.187222,0,GPU-b342434c-f6b6-7627-333e-da750a9991e6,0.17,0.40927734375,10240.0,5875.0,546.17,NVIDIA GeForce RTX 3080,[N/A],Enabled,Enabled
1702741895.187373,0,GPU-b342434c-f6b6-7627-333e-da750a9991e6,0.17,0.40927734375,10240.0,5875.0,546.17,NVIDIA GeForce RTX 3080,[N/A],Enabled,Enabled
1702741896.187889,0,GPU-b342434c-f6b6-7627-333e-da750a9991e6,0.17,0.40927734375,10240.0,5875.0,546.17,NVIDIA GeForce RTX 3080,[N/A],Enabled,Enabled
1702741897.187793,0,GPU-b342434c-f6b6-7627-333e-da750a9991e6,0.17,0.40927734375,10240.0,5875.0,546.17,NVIDIA GeForce RTX 3080,[N/A],Enabled,Enabled
1702741898.187404,0,GPU-b342434c-f6b6-7627-333e-da750a9991e6,0.18,0.40927734375,10240.0,5875.0,546.17,NVIDIA GeForce RTX 3080,[N/A],Enabled,Enabled
1702741899.187492,0,GPU-b342434c-f6b6-7627-333e-da750a9991e6,0.17,0.40927734375,10240.0,5875.0,546.17,NVIDIA GeForce RTX 3080,[N/A],Enabled,Enabled
1702741900.187816,0,GPU-b342434c-f6b6-7627-333e-da750a9991e6,0.17,0.40927734375,10240.0,5875.0,546.17,NVIDIA GeForce RTX 3080,[N/A],Enabled,Enabled
1702741901.186864,0,GPU-b342434c-f6b6-7627-333e-da750a9991e6,0.17,0.40927734375,10240.0,5875.0,546.17,NVIDIA GeForce RTX 3080,[N/A],Enabled,Enabled
1702741902.188049,0,GPU-b342434c-f6b6-7627-333e-da750a9991e6,0.16,0.40927734375,10240.0,5875.0,546.17,NVIDIA GeForce RTX 3080,[N/A],Enabled,Enabled
1702741903.187483,0,GPU-b342434c-f6b6-7627-333e-da750a9991e6,0.16,0.40927734375,10240.0,5875.0,546.17,NVIDIA GeForce RTX 3080,[N/A],Enabled,Enabled
1702741904.187633,0,GPU-b342434c-f6b6-7627-333e-da750a9991e6,0.16,0.40927734375,10240.0,5875.0,546.17,NVIDIA GeForce RTX 3080,[N/A],Enabled,Enabled
1702741905.187078,0,GPU-b342434c-f6b6-7627-333e-da750a9991e6,0.16,0.40927734375,10240.0,5875.0,546.17,NVIDIA GeForce RTX 3080,[N/A],Enabled,Enabled
1702741906.188163,0,GPU-b342434c-f6b6-7627-333e-da750a9991e6,0.16,0.40927734375,10240.0,5875.0,546.17,NVIDIA GeForce RTX 3080,[N/A],Enabled,Enabled
1702741907.187507,0,GPU-b342434c-f6b6-7627-333e-da750a9991e6,0.16,0.40927734375,10240.0,5875.0,546.17,NVIDIA GeForce RTX 3080,[N/A],Enabled,Enabled
1702741908.187853,0,GPU-b342434c-f6b6-7627-333e-da750a9991e6,0.17,0.40927734375,10240.0,5875.0,546.17,NVIDIA GeForce RTX 3080,[N/A],Enabled,Enabled
1702741909.187054,0,GPU-b342434c-f6b6-7627-333e-da750a9991e6,0.16,0.40927734375,10240.0,5875.0,546.17,NVIDIA GeForce RTX 3080,[N/A],Enabled,Enabled
1702741910.187631,0,GPU-b342434c-f6b6-7627-333e-da750a9991e6,0.16,0.40927734375,10240.0,5875.0,546.17,NVIDIA GeForce RTX 3080,[N/A],Enabled,Enabled
1702741911.187407,0,GPU-b342434c-f6b6-7627-333e-da750a9991e6,0.17,0.40927734375,10240.0,5875.0,546.17,NVIDIA GeForce RTX 3080,[N/A],Enabled,Enabled
1702741912.187549,0,GPU-b342434c-f6b6-7627-333e-da750a9991e6,0.17,0.40927734375,10240.0,5875.0,546.17,NVIDIA GeForce RTX 3080,[N/A],Enabled,Enabled
1702741913.187047,0,GPU-b342434c-f6b6-7627-333e-da750a9991e6,0.17,0.40927734375,10240.0,5875.0,546.17,NVIDIA GeForce RTX 3080,[N/A],Enabled,Enabled
1702741914.187475,0,GPU-b342434c-f6b6-7627-333e-da750a9991e6,0.17,0.40927734375,10240.0,5875.0,546.17,NVIDIA GeForce RTX 3080,[N/A],Enabled,Enabled
1702741915.187447,0,GPU-b342434c-f6b6-7627-333e-da750a9991e6,0.17,0.40927734375,10240.0,5875.0,546.17,NVIDIA GeForce RTX 3080,[N/A],Enabled,Enabled
1702741916.188105,0,GPU-b342434c-f6b6-7627-333e-da750a9991e6,0.16,0.40927734375,10240.0,5875.0,546.17,NVIDIA GeForce RTX 3080,[N/A],Enabled,Enabled
1702741917.187291,0,GPU-b342434c-f6b6-7627-333e-da750a9991e6,0.17,0.40927734375,10240.0,5875.0,546.17,NVIDIA GeForce RTX 3080,[N/A],Enabled,Enabled
1702741918.187393,0,GPU-b342434c-f6b6-7627-333e-da750a9991e6,0.17,0.40927734375,10240.0,5875.0,546.17,NVIDIA GeForce RTX 3080,[N/A],Enabled,Enabled
1702741919.187579,0,GPU-b342434c-f6b6-7627-333e-da750a9991e6,0.17,0.40927734375,10240.0,5875.0,546.17,NVIDIA GeForce RTX 3080,[N/A],Enabled,Enabled
1702741920.187415,0,GPU-b342434c-f6b6-7627-333e-da750a9991e6,0.17,0.40927734375,10240.0,5875.0,546.17,NVIDIA GeForce RTX 3080,[N/A],Enabled,Enabled
1702741921.187873,0,GPU-b342434c-f6b6-7627-333e-da750a9991e6,0.17,0.40927734375,10240.0,5875.0,546.17,NVIDIA GeForce RTX 3080,[N/A],Enabled,Enabled
1702741922.187407,0,GPU-b342434c-f6b6-7627-333e-da750a9991e6,0.16,0.40927734375,10240.0,5875.0,546.17,NVIDIA GeForce RTX 3080,[N/A],Enabled,Enabled
1702741923.187498,0,GPU-b342434c-f6b6-7627-333e-da750a9991e6,0.17,0.40927734375,10240.0,5875.0,546.17,NVIDIA GeForce RTX 3080,[N/A],Enabled,Enabled
1702741924.187857,0,GPU-b342434c-f6b6-7627-333e-da750a9991e6,0.17,0.40927734375,10240.0,5875.0,546.17,NVIDIA GeForce RTX 3080,[N/A],Enabled,Enabled
1702741925.187828,0,GPU-b342434c-f6b6-7627-333e-da750a9991e6,0.17,0.40927734375,10240.0,5875.0,546.17,NVIDIA GeForce RTX 3080,[N/A],Enabled,Enabled
1702741926.187579,0,GPU-b342434c-f6b6-7627-333e-da750a9991e6,0.17,0.40927734375,10240.0,5875.0,546.17,NVIDIA GeForce RTX 3080,[N/A],Enabled,Enabled
1702741927.187607,0,GPU-b342434c-f6b6-7627-333e-da750a9991e6,0.17,0.40927734375,10240.0,5875.0,546.17,NVIDIA GeForce RTX 3080,[N/A],Enabled,Enabled
1702741928.187506,0,GPU-b342434c-f6b6-7627-333e-da750a9991e6,0.16,0.40927734375,10240.0,5875.0,546.17,NVIDIA GeForce RTX 3080,[N/A],Enabled,Enabled
1702741929.187448,0,GPU-b342434c-f6b6-7627-333e-da750a9991e6,0.17,0.40927734375,10240.0,5875.0,546.17,NVIDIA GeForce RTX 3080,[N/A],Enabled,Enabled
1702741930.187144,0,GPU-b342434c-f6b6-7627-333e-da750a9991e6,0.16,0.40927734375,10240.0,5875.0,546.17,NVIDIA GeForce RTX 3080,[N/A],Enabled,Enabled
1702741931.187948,0,GPU-b342434c-f6b6-7627-333e-da750a9991e6,0.16,0.40927734375,10240.0,5875.0,546.17,NVIDIA GeForce RTX 3080,[N/A],Enabled,Enabled
1702741932.187655,0,GPU-b342434c-f6b6-7627-333e-da750a9991e6,0.17,0.40927734375,10240.0,5875.0,546.17,NVIDIA GeForce RTX 3080,[N/A],Enabled,Enabled
1702741933.187503,0,GPU-b342434c-f6b6-7627-333e-da750a9991e6,0.16,0.40927734375,10240.0,5875.0,546.17,NVIDIA GeForce RTX 3080,[N/A],Enabled,Enabled
1702741934.187408,0,GPU-b342434c-f6b6-7627-333e-da750a9991e6,0.17,0.40927734375,10240.0,5875.0,546.17,NVIDIA GeForce RTX 3080,[N/A],Enabled,Enabled
1702741935.186884,0,GPU-b342434c-f6b6-7627-333e-da750a9991e6,0.17,0.40927734375,10240.0,5875.0,546.17,NVIDIA GeForce RTX 3080,[N/A],Enabled,Enabled
1702741936.187441,0,GPU-b342434c-f6b6-7627-333e-da750a9991e6,0.16,0.40927734375,10240.0,5875.0,546.17,NVIDIA GeForce RTX 3080,[N/A],Enabled,Enabled
1702741937.187164,0,GPU-b342434c-f6b6-7627-333e-da750a9991e6,0.16,0.40927734375,10240.0,5875.0,546.17,NVIDIA GeForce RTX 3080,[N/A],Enabled,Enabled
1702741938.188123,0,GPU-b342434c-f6b6-7627-333e-da750a9991e6,0.16,0.40927734375,10240.0,5875.0,546.17,NVIDIA GeForce RTX 3080,[N/A],Enabled,Enabled
1702741939.187293,0,GPU-b342434c-f6b6-7627-333e-da750a9991e6,0.16,0.40927734375,10240.0,5875.0,546.17,NVIDIA GeForce RTX 3080,[N/A],Enabled,Enabled
1702741940.18721,0,GPU-b342434c-f6b6-7627-333e-da750a9991e6,0.17,0.40927734375,10240.0,5875.0,546.17,NVIDIA GeForce RTX 3080,[N/A],Enabled,Enabled
1702741941.18804,0,GPU-b342434c-f6b6-7627-333e-da750a9991e6,0.16,0.40927734375,10240.0,5875.0,546.17,NVIDIA GeForce RTX 3080,[N/A],Enabled,Enabled
1702741942.187637,0,GPU-b342434c-f6b6-7627-333e-da750a9991e6,0.16,0.40927734375,10240.0,5875.0,546.17,NVIDIA GeForce RTX 3080,[N/A],Enabled,Enabled
1702741943.187546,0,GPU-b342434c-f6b6-7627-333e-da750a9991e6,0.16,0.40927734375,10240.0,5875.0,546.17,NVIDIA GeForce RTX 3080,[N/A],Enabled,Enabled
1702741944.187642,0,GPU-b342434c-f6b6-7627-333e-da750a9991e6,0.16,0.40927734375,10240.0,5875.0,546.17,NVIDIA GeForce RTX 3080,[N/A],Enabled,Enabled
1702741945.187134,0,GPU-b342434c-f6b6-7627-333e-da750a9991e6,0.16,0.40927734375,10240.0,5875.0,546.17,NVIDIA GeForce RTX 3080,[N/A],Enabled,Enabled
1702741946.187336,0,GPU-b342434c-f6b6-7627-333e-da750a9991e6,0.17,0.40927734375,10240.0,5875.0,546.17,NVIDIA GeForce RTX 3080,[N/A],Enabled,Enabled
1702741947.187929,0,GPU-b342434c-f6b6-7627-333e-da750a9991e6,0.17,0.40927734375,10240.0,5875.0,546.17,NVIDIA GeForce RTX 3080,[N/A],Enabled,Enabled
1702741948.18739,0,GPU-b342434c-f6b6-7627-333e-da750a9991e6,0.16,0.40927734375,10240.0,5875.0,546.17,NVIDIA GeForce RTX 3080,[N/A],Enabled,Enabled
1702741949.188119,0,GPU-b342434c-f6b6-7627-333e-da750a9991e6,0.17,0.40927734375,10240.0,5875.0,546.17,NVIDIA GeForce RTX 3080,[N/A],Enabled,Enabled
1702741950.187321,0,GPU-b342434c-f6b6-7627-333e-da750a9991e6,0.16,0.40927734375,10240.0,5875.0,546.17,NVIDIA GeForce RTX 3080,[N/A],Enabled,Enabled
1702741951.187174,0,GPU-b342434c-f6b6-7627-333e-da750a9991e6,0.17,0.40927734375,10240.0,5875.0,546.17,NVIDIA GeForce RTX 3080,[N/A],Enabled,Enabled
1702741952.187421,0,GPU-b342434c-f6b6-7627-333e-da750a9991e6,0.16,0.40927734375,10240.0,5875.0,546.17,NVIDIA GeForce RTX 3080,[N/A],Enabled,Enabled
1702741953.187243,0,GPU-b342434c-f6b6-7627-333e-da750a9991e6,0.16,0.40927734375,10240.0,5875.0,546.17,NVIDIA GeForce RTX 3080,[N/A],Enabled,Enabled
1702741954.18786,0,GPU-b342434c-f6b6-7627-333e-da750a9991e6,0.16,0.40927734375,10240.0,5875.0,546.17,NVIDIA GeForce RTX 3080,[N/A],Enabled,Enabled
1702741955.187955,0,GPU-b342434c-f6b6-7627-333e-da750a9991e6,0.16,0.40927734375,10240.0,5875.0,546.17,NVIDIA GeForce RTX 3080,[N/A],Enabled,Enabled
1702741956.187195,0,GPU-b342434c-f6b6-7627-333e-da750a9991e6,0.16,0.40927734375,10240.0,5875.0,546.17,NVIDIA GeForce RTX 3080,[N/A],Enabled,Enabled
1702741957.187238,0,GPU-b342434c-f6b6-7627-333e-da750a9991e6,0.16,0.40927734375,10240.0,5875.0,546.17,NVIDIA GeForce RTX 3080,[N/A],Enabled,Enabled
1702741958.187561,0,GPU-b342434c-f6b6-7627-333e-da750a9991e6,0.16,0.40927734375,10240.0,5875.0,546.17,NVIDIA GeForce RTX 3080,[N/A],Enabled,Enabled
1702741959.187213,0,GPU-b342434c-f6b6-7627-333e-da750a9991e6,0.17,0.40927734375,10240.0,5875.0,546.17,NVIDIA GeForce RTX 3080,[N/A],Enabled,Enabled
1702741960.187651,0,GPU-b342434c-f6b6-7627-333e-da750a9991e6,0.16,0.40927734375,10240.0,5875.0,546.17,NVIDIA GeForce RTX 3080,[N/A],Enabled,Enabled
1702741961.187654,0,GPU-b342434c-f6b6-7627-333e-da750a9991e6,0.16,0.40927734375,10240.0,5875.0,546.17,NVIDIA GeForce RTX 3080,[N/A],Enabled,Enabled
1702741962.187625,0,GPU-b342434c-f6b6-7627-333e-da750a9991e6,0.16,0.40927734375,10240.0,5875.0,546.17,NVIDIA GeForce RTX 3080,[N/A],Enabled,Enabled
1702741963.187466,0,GPU-b342434c-f6b6-7627-333e-da750a9991e6,0.18,0.40927734375,10240.0,5875.0,546.17,NVIDIA GeForce RTX 3080,[N/A],Enabled,Enabled
1702741964.187421,0,GPU-b342434c-f6b6-7627-333e-da750a9991e6,0.17,0.40927734375,10240.0,5875.0,546.17,NVIDIA GeForce RTX 3080,[N/A],Enabled,Enabled
1702741965.187712,0,GPU-b342434c-f6b6-7627-333e-da750a9991e6,0.18,0.40927734375,10240.0,5875.0,546.17,NVIDIA GeForce RTX 3080,[N/A],Enabled,Enabled
1702741966.187395,0,GPU-b342434c-f6b6-7627-333e-da750a9991e6,0.17,0.40927734375,10240.0,5875.0,546.17,NVIDIA GeForce RTX 3080,[N/A],Enabled,Enabled
1702741967.187436,0,GPU-b342434c-f6b6-7627-333e-da750a9991e6,0.18,0.40927734375,10240.0,5875.0,546.17,NVIDIA GeForce RTX 3080,[N/A],Enabled,Enabled
1702741968.187728,0,GPU-b342434c-f6b6-7627-333e-da750a9991e6,0.17,0.40927734375,10240.0,5875.0,546.17,NVIDIA GeForce RTX 3080,[N/A],Enabled,Enabled
1702741969.187524,0,GPU-b342434c-f6b6-7627-333e-da750a9991e6,0.16,0.40927734375,10240.0,5875.0,546.17,NVIDIA GeForce RTX 3080,[N/A],Enabled,Enabled
1702741970.188145,0,GPU-b342434c-f6b6-7627-333e-da750a9991e6,0.17,0.40927734375,10240.0,5875.0,546.17,NVIDIA GeForce RTX 3080,[N/A],Enabled,Enabled
1702741971.187523,0,GPU-b342434c-f6b6-7627-333e-da750a9991e6,0.16,0.40927734375,10240.0,5875.0,546.17,NVIDIA GeForce RTX 3080,[N/A],Enabled,Enabled
1702741972.187162,0,GPU-b342434c-f6b6-7627-333e-da750a9991e6,0.16,0.40927734375,10240.0,5875.0,546.17,NVIDIA GeForce RTX 3080,[N/A],Enabled,Enabled
1702741973.187202,0,GPU-b342434c-f6b6-7627-333e-da750a9991e6,0.17,0.40927734375,10240.0,5875.0,546.17,NVIDIA GeForce RTX 3080,[N/A],Enabled,Enabled
1702741974.187269,0,GPU-b342434c-f6b6-7627-333e-da750a9991e6,0.17,0.40927734375,10240.0,5875.0,546.17,NVIDIA GeForce RTX 3080,[N/A],Enabled,Enabled
1702741975.187886,0,GPU-b342434c-f6b6-7627-333e-da750a9991e6,0.16,0.40927734375,10240.0,5875.0,546.17,NVIDIA GeForce RTX 3080,[N/A],Enabled,Enabled
1702741976.18773,0,GPU-b342434c-f6b6-7627-333e-da750a9991e6,0.16,0.40927734375,10240.0,5875.0,546.17,NVIDIA GeForce RTX 3080,[N/A],Enabled,Enabled
1702741977.187256,0,GPU-b342434c-f6b6-7627-333e-da750a9991e6,0.16,0.40927734375,10240.0,5875.0,546.17,NVIDIA GeForce RTX 3080,[N/A],Enabled,Enabled
1702741978.187607,0,GPU-b342434c-f6b6-7627-333e-da750a9991e6,0.16,0.40927734375,10240.0,5875.0,546.17,NVIDIA GeForce RTX 3080,[N/A],Enabled,Enabled
1702741979.187047,0,GPU-b342434c-f6b6-7627-333e-da750a9991e6,0.17,0.40927734375,10240.0,5875.0,546.17,NVIDIA GeForce RTX 3080,[N/A],Enabled,Enabled
1702741980.187127,0,GPU-b342434c-f6b6-7627-333e-da750a9991e6,0.17,0.40927734375,10240.0,5875.0,546.17,NVIDIA GeForce RTX 3080,[N/A],Enabled,Enabled
1702741981.187293,0,GPU-b342434c-f6b6-7627-333e-da750a9991e6,0.17,0.40927734375,10240.0,5875.0,546.17,NVIDIA GeForce RTX 3080,[N/A],Enabled,Enabled
1702741982.187277,0,GPU-b342434c-f6b6-7627-333e-da750a9991e6,0.16,0.40927734375,10240.0,5875.0,546.17,NVIDIA GeForce RTX 3080,[N/A],Enabled,Enabled
1702741983.18718,0,GPU-b342434c-f6b6-7627-333e-da750a9991e6,0.16,0.40927734375,10240.0,5875.0,546.17,NVIDIA GeForce RTX 3080,[N/A],Enabled,Enabled
1702741984.18737,0,GPU-b342434c-f6b6-7627-333e-da750a9991e6,0.17,0.40927734375,10240.0,5875.0,546.17,NVIDIA GeForce RTX 3080,[N/A],Enabled,Enabled
1702741985.187489,0,GPU-b342434c-f6b6-7627-333e-da750a9991e6,0.17,0.40927734375,10240.0,5875.0,546.17,NVIDIA GeForce RTX 3080,[N/A],Enabled,Enabled
1702741986.187502,0,GPU-b342434c-f6b6-7627-333e-da750a9991e6,0.16,0.40927734375,10240.0,5875.0,546.17,NVIDIA GeForce RTX 3080,[N/A],Enabled,Enabled
1702741987.18724,0,GPU-b342434c-f6b6-7627-333e-da750a9991e6,0.17,0.40927734375,10240.0,5875.0,546.17,NVIDIA GeForce RTX 3080,[N/A],Enabled,Enabled
1702741988.186925,0,GPU-b342434c-f6b6-7627-333e-da750a9991e6,0.17,0.40927734375,10240.0,5875.0,546.17,NVIDIA GeForce RTX 3080,[N/A],Enabled,Enabled
1702741989.187284,0,GPU-b342434c-f6b6-7627-333e-da750a9991e6,0.18,0.40927734375,10240.0,5875.0,546.17,NVIDIA GeForce RTX 3080,[N/A],Enabled,Enabled
1702741990.187908,0,GPU-b342434c-f6b6-7627-333e-da750a9991e6,0.17,0.40927734375,10240.0,5875.0,546.17,NVIDIA GeForce RTX 3080,[N/A],Enabled,Enabled
1702741991.187783,0,GPU-b342434c-f6b6-7627-333e-da750a9991e6,0.17,0.40927734375,10240.0,5875.0,546.17,NVIDIA GeForce RTX 3080,[N/A],Enabled,Enabled
1702741992.187719,0,GPU-b342434c-f6b6-7627-333e-da750a9991e6,0.16,0.40927734375,10240.0,5875.0,546.17,NVIDIA GeForce RTX 3080,[N/A],Enabled,Enabled
1702741993.187179,0,GPU-b342434c-f6b6-7627-333e-da750a9991e6,0.18,0.41005859375,10240.0,5867.0,546.17,NVIDIA GeForce RTX 3080,[N/A],Enabled,Enabled
1702741994.187016,0,GPU-b342434c-f6b6-7627-333e-da750a9991e6,0.17,0.41005859375,10240.0,5867.0,546.17,NVIDIA GeForce RTX 3080,[N/A],Enabled,Enabled
1702741995.187808,0,GPU-b342434c-f6b6-7627-333e-da750a9991e6,0.17,0.41005859375,10240.0,5867.0,546.17,NVIDIA GeForce RTX 3080,[N/A],Enabled,Enabled
1702741996.187345,0,GPU-b342434c-f6b6-7627-333e-da750a9991e6,0.17,0.4005859375,10240.0,5964.0,546.17,NVIDIA GeForce RTX 3080,[N/A],Enabled,Enabled
1702741997.188258,0,GPU-b342434c-f6b6-7627-333e-da750a9991e6,0.17,0.40126953125,10240.0,5957.0,546.17,NVIDIA GeForce RTX 3080,[N/A],Enabled,Enabled
1702741998.18734,0,GPU-b342434c-f6b6-7627-333e-da750a9991e6,0.16,0.401171875,10240.0,5958.0,546.17,NVIDIA GeForce RTX 3080,[N/A],Enabled,Enabled
1702741999.187196,0,GPU-b342434c-f6b6-7627-333e-da750a9991e6,0.17,0.4015625,10240.0,5954.0,546.17,NVIDIA GeForce RTX 3080,[N/A],Enabled,Enabled
1702742000.188087,0,GPU-b342434c-f6b6-7627-333e-da750a9991e6,0.17,0.401171875,10240.0,5958.0,546.17,NVIDIA GeForce RTX 3080,[N/A],Enabled,Enabled
1702742001.187905,0,GPU-b342434c-f6b6-7627-333e-da750a9991e6,0.17,0.40078125,10240.0,5962.0,546.17,NVIDIA GeForce RTX 3080,[N/A],Enabled,Enabled
1702742002.18723,0,GPU-b342434c-f6b6-7627-333e-da750a9991e6,0.17,0.40078125,10240.0,5962.0,546.17,NVIDIA GeForce RTX 3080,[N/A],Enabled,Enabled
1702742003.187595,0,GPU-b342434c-f6b6-7627-333e-da750a9991e6,0.18,0.40078125,10240.0,5962.0,546.17,NVIDIA GeForce RTX 3080,[N/A],Enabled,Enabled
1702742004.187281,0,GPU-b342434c-f6b6-7627-333e-da750a9991e6,0.17,0.40078125,10240.0,5962.0,546.17,NVIDIA GeForce RTX 3080,[N/A],Enabled,Enabled
1702742005.187519,0,GPU-b342434c-f6b6-7627-333e-da750a9991e6,0.17,0.40078125,10240.0,5962.0,546.17,NVIDIA GeForce RTX 3080,[N/A],Enabled,Enabled
1702742006.187546,0,GPU-b342434c-f6b6-7627-333e-da750a9991e6,0.17,0.40078125,10240.0,5962.0,546.17,NVIDIA GeForce RTX 3080,[N/A],Enabled,Enabled
1702742007.187468,0,GPU-b342434c-f6b6-7627-333e-da750a9991e6,0.16,0.40078125,10240.0,5962.0,546.17,NVIDIA GeForce RTX 3080,[N/A],Enabled,Enabled
1702742008.187048,0,GPU-b342434c-f6b6-7627-333e-da750a9991e6,0.17,0.40078125,10240.0,5962.0,546.17,NVIDIA GeForce RTX 3080,[N/A],Enabled,Enabled
1702742009.187316,0,GPU-b342434c-f6b6-7627-333e-da750a9991e6,0.17,0.40078125,10240.0,5962.0,546.17,NVIDIA GeForce RTX 3080,[N/A],Enabled,Enabled
1702742010.18753,0,GPU-b342434c-f6b6-7627-333e-da750a9991e6,0.16,0.40078125,10240.0,5962.0,546.17,NVIDIA GeForce RTX 3080,[N/A],Enabled,Enabled
1702742011.187563,0,GPU-b342434c-f6b6-7627-333e-da750a9991e6,0.17,0.40078125,10240.0,5962.0,546.17,NVIDIA GeForce RTX 3080,[N/A],Enabled,Enabled
1702742012.186968,0,GPU-b342434c-f6b6-7627-333e-da750a9991e6,0.17,0.40078125,10240.0,5962.0,546.17,NVIDIA GeForce RTX 3080,[N/A],Enabled,Enabled
1702742013.187652,0,GPU-b342434c-f6b6-7627-333e-da750a9991e6,0.17,0.40078125,10240.0,5962.0,546.17,NVIDIA GeForce RTX 3080,[N/A],Enabled,Enabled
1702742014.188036,0,GPU-b342434c-f6b6-7627-333e-da750a9991e6,0.16,0.40078125,10240.0,5962.0,546.17,NVIDIA GeForce RTX 3080,[N/A],Enabled,Enabled
1702742015.186917,0,GPU-b342434c-f6b6-7627-333e-da750a9991e6,0.17,0.40078125,10240.0,5962.0,546.17,NVIDIA GeForce RTX 3080,[N/A],Enabled,Enabled
1702742016.186895,0,GPU-b342434c-f6b6-7627-333e-da750a9991e6,0.16,0.40078125,10240.0,5962.0,546.17,NVIDIA GeForce RTX 3080,[N/A],Enabled,Enabled
1702742017.187295,0,GPU-b342434c-f6b6-7627-333e-da750a9991e6,0.17,0.40078125,10240.0,5962.0,546.17,NVIDIA GeForce RTX 3080,[N/A],Enabled,Enabled
1702742018.187766,0,GPU-b342434c-f6b6-7627-333e-da750a9991e6,0.12,0.39384765625,10240.0,6033.0,546.17,NVIDIA GeForce RTX 3080,[N/A],Enabled,Enabled
1702742019.187555,0,GPU-b342434c-f6b6-7627-333e-da750a9991e6,0.14,0.39384765625,10240.0,6033.0,546.17,NVIDIA GeForce RTX 3080,[N/A],Enabled,Enabled
1702742020.187976,0,GPU-b342434c-f6b6-7627-333e-da750a9991e6,0.13,0.3900390625,10240.0,6072.0,546.17,NVIDIA GeForce RTX 3080,[N/A],Enabled,Enabled
1702742021.18738,0,GPU-b342434c-f6b6-7627-333e-da750a9991e6,0.14,0.3900390625,10240.0,6072.0,546.17,NVIDIA GeForce RTX 3080,[N/A],Enabled,Enabled
1702742022.187025,0,GPU-b342434c-f6b6-7627-333e-da750a9991e6,0.14,0.39375,10240.0,6034.0,546.17,NVIDIA GeForce RTX 3080,[N/A],Enabled,Enabled
1702742023.187517,0,GPU-b342434c-f6b6-7627-333e-da750a9991e6,0.13,0.3900390625,10240.0,6072.0,546.17,NVIDIA GeForce RTX 3080,[N/A],Enabled,Enabled
1702742024.187525,0,GPU-b342434c-f6b6-7627-333e-da750a9991e6,0.13,0.39013671875,10240.0,6071.0,546.17,NVIDIA GeForce RTX 3080,[N/A],Enabled,Enabled
1702742025.18714,0,GPU-b342434c-f6b6-7627-333e-da750a9991e6,0.14,0.39013671875,10240.0,6071.0,546.17,NVIDIA GeForce RTX 3080,[N/A],Enabled,Enabled
1702742026.187434,0,GPU-b342434c-f6b6-7627-333e-da750a9991e6,0.13,0.39013671875,10240.0,6071.0,546.17,NVIDIA GeForce RTX 3080,[N/A],Enabled,Enabled
1702742027.187164,0,GPU-b342434c-f6b6-7627-333e-da750a9991e6,0.14,0.39013671875,10240.0,6071.0,546.17,NVIDIA GeForce RTX 3080,[N/A],Enabled,Enabled
1702742028.187557,0,GPU-b342434c-f6b6-7627-333e-da750a9991e6,0.13,0.39013671875,10240.0,6071.0,546.17,NVIDIA GeForce RTX 3080,[N/A],Enabled,Enabled
1702742029.187887,0,GPU-b342434c-f6b6-7627-333e-da750a9991e6,0.14,0.39013671875,10240.0,6071.0,546.17,NVIDIA GeForce RTX 3080,[N/A],Enabled,Enabled
1702742030.187764,0,GPU-b342434c-f6b6-7627-333e-da750a9991e6,0.13,0.39013671875,10240.0,6071.0,546.17,NVIDIA GeForce RTX 3080,[N/A],Enabled,Enabled
1702742031.187372,0,GPU-b342434c-f6b6-7627-333e-da750a9991e6,0.13,0.39013671875,10240.0,6071.0,546.17,NVIDIA GeForce RTX 3080,[N/A],Enabled,Enabled
1702742032.187208,0,GPU-b342434c-f6b6-7627-333e-da750a9991e6,0.15,0.326171875,10240.0,6726.0,546.17,NVIDIA GeForce RTX 3080,[N/A],Enabled,Enabled
1702742033.187276,0,GPU-b342434c-f6b6-7627-333e-da750a9991e6,0.17,0.32607421875,10240.0,6727.0,546.17,NVIDIA GeForce RTX 3080,[N/A],Enabled,Enabled
1702742034.18794,0,GPU-b342434c-f6b6-7627-333e-da750a9991e6,0.17,0.32626953125,10240.0,6725.0,546.17,NVIDIA GeForce RTX 3080,[N/A],Enabled,Enabled
