timestamp,id,uuid,load,memoryUtil,memoryTotal,memoryUsed,memoryFree,driver,name,serial,display_mode,display_active
1702846839.686583,0,GPU-93ae0c7f-c327-aee3-adae-bc0d1dae71ea,0.13,0.24719101123595505,12282.0,8989.0,546.33,NVIDIA GeForce RTX 4070,[N/A],Enabled,Enabled
1702846840.683924,0,GPU-93ae0c7f-c327-aee3-adae-bc0d1dae71ea,0.13,0.24719101123595505,12282.0,8989.0,546.33,NVIDIA GeForce RTX 4070,[N/A],Enabled,Enabled
1702846841.683349,0,GPU-93ae0c7f-c327-aee3-adae-bc0d1dae71ea,0.13,0.24719101123595505,12282.0,8989.0,546.33,NVIDIA GeForce RTX 4070,[N/A],Enabled,Enabled
1702846842.683372,0,GPU-93ae0c7f-c327-aee3-adae-bc0d1dae71ea,0.13,0.24719101123595505,12282.0,8989.0,546.33,NVIDIA GeForce RTX 4070,[N/A],Enabled,Enabled
1702846843.683395,0,GPU-93ae0c7f-c327-aee3-adae-bc0d1dae71ea,0.13,0.24719101123595505,12282.0,8989.0,546.33,NVIDIA GeForce RTX 4070,[N/A],Enabled,Enabled
1702846844.682976,0,GPU-93ae0c7f-c327-aee3-adae-bc0d1dae71ea,0.13,0.24719101123595505,12282.0,8989.0,546.33,NVIDIA GeForce RTX 4070,[N/A],Enabled,Enabled
1702846845.683469,0,GPU-93ae0c7f-c327-aee3-adae-bc0d1dae71ea,0.13,0.24719101123595505,12282.0,8989.0,546.33,NVIDIA GeForce RTX 4070,[N/A],Enabled,Enabled
1702846846.683365,0,GPU-93ae0c7f-c327-aee3-adae-bc0d1dae71ea,0.13,0.24719101123595505,12282.0,8989.0,546.33,NVIDIA GeForce RTX 4070,[N/A],Enabled,Enabled
1702846847.683578,0,GPU-93ae0c7f-c327-aee3-adae-bc0d1dae71ea,0.13,0.24719101123595505,12282.0,8989.0,546.33,NVIDIA GeForce RTX 4070,[N/A],Enabled,Enabled
1702846848.683161,0,GPU-93ae0c7f-c327-aee3-adae-bc0d1dae71ea,0.13,0.24719101123595505,12282.0,8989.0,546.33,NVIDIA GeForce RTX 4070,[N/A],Enabled,Enabled
1702846849.683035,0,GPU-93ae0c7f-c327-aee3-adae-bc0d1dae71ea,0.13,0.24719101123595505,12282.0,8989.0,546.33,NVIDIA GeForce RTX 4070,[N/A],Enabled,Enabled
1702846850.683116,0,GPU-93ae0c7f-c327-aee3-adae-bc0d1dae71ea,0.13,0.24719101123595505,12282.0,8989.0,546.33,NVIDIA GeForce RTX 4070,[N/A],Enabled,Enabled
1702846851.68269,0,GPU-93ae0c7f-c327-aee3-adae-bc0d1dae71ea,0.13,0.24719101123595505,12282.0,8989.0,546.33,NVIDIA GeForce RTX 4070,[N/A],Enabled,Enabled
1702846852.682974,0,GPU-93ae0c7f-c327-aee3-adae-bc0d1dae71ea,0.13,0.24719101123595505,12282.0,8989.0,546.33,NVIDIA GeForce RTX 4070,[N/A],Enabled,Enabled
1702846853.684277,0,GPU-93ae0c7f-c327-aee3-adae-bc0d1dae71ea,0.13,0.24719101123595505,12282.0,8989.0,546.33,NVIDIA GeForce RTX 4070,[N/A],Enabled,Enabled
1702846854.683131,0,GPU-93ae0c7f-c327-aee3-adae-bc0d1dae71ea,0.14,0.2474352711284807,12282.0,8986.0,546.33,NVIDIA GeForce RTX 4070,[N/A],Enabled,Enabled
1702846855.682588,0,GPU-93ae0c7f-c327-aee3-adae-bc0d1dae71ea,0.16,0.2530532486565706,12282.0,8917.0,546.33,NVIDIA GeForce RTX 4070,[N/A],Enabled,Enabled
1702846856.683042,0,GPU-93ae0c7f-c327-aee3-adae-bc0d1dae71ea,0.1,0.3595505617977528,12282.0,7609.0,546.33,NVIDIA GeForce RTX 4070,[N/A],Enabled,Enabled
1702846857.682776,0,GPU-93ae0c7f-c327-aee3-adae-bc0d1dae71ea,0.08,0.3248656570591109,12282.0,8035.0,546.33,NVIDIA GeForce RTX 4070,[N/A],Enabled,Enabled
1702846858.684213,0,GPU-93ae0c7f-c327-aee3-adae-bc0d1dae71ea,0.08,0.3247842370949357,12282.0,8036.0,546.33,NVIDIA GeForce RTX 4070,[N/A],Enabled,Enabled
1702846859.683195,0,GPU-93ae0c7f-c327-aee3-adae-bc0d1dae71ea,0.08,0.3247842370949357,12282.0,8036.0,546.33,NVIDIA GeForce RTX 4070,[N/A],Enabled,Enabled
1702846860.682705,0,GPU-93ae0c7f-c327-aee3-adae-bc0d1dae71ea,0.03,0.4746783911415079,12282.0,6195.0,546.33,NVIDIA GeForce RTX 4070,[N/A],Enabled,Enabled
1702846861.684089,0,GPU-93ae0c7f-c327-aee3-adae-bc0d1dae71ea,0.28,0.44675134342940886,12282.0,6538.0,546.33,NVIDIA GeForce RTX 4070,[N/A],Enabled,Enabled
1702846862.682818,0,GPU-93ae0c7f-c327-aee3-adae-bc0d1dae71ea,0.3,0.44675134342940886,12282.0,6538.0,546.33,NVIDIA GeForce RTX 4070,[N/A],Enabled,Enabled
1702846863.683825,0,GPU-93ae0c7f-c327-aee3-adae-bc0d1dae71ea,0.26,0.4420289855072464,12282.0,6596.0,546.33,NVIDIA GeForce RTX 4070,[N/A],Enabled,Enabled
1702846864.683042,0,GPU-93ae0c7f-c327-aee3-adae-bc0d1dae71ea,0.25,0.4420289855072464,12282.0,6596.0,546.33,NVIDIA GeForce RTX 4070,[N/A],Enabled,Enabled
1702846865.683098,0,GPU-93ae0c7f-c327-aee3-adae-bc0d1dae71ea,0.25,0.4420289855072464,12282.0,6596.0,546.33,NVIDIA GeForce RTX 4070,[N/A],Enabled,Enabled
1702846866.68321,0,GPU-93ae0c7f-c327-aee3-adae-bc0d1dae71ea,0.25,0.44666992346523365,12282.0,6539.0,546.33,NVIDIA GeForce RTX 4070,[N/A],Enabled,Enabled
1702846867.683062,0,GPU-93ae0c7f-c327-aee3-adae-bc0d1dae71ea,0.17,0.5565054551375997,12282.0,5190.0,546.33,NVIDIA GeForce RTX 4070,[N/A],Enabled,Enabled
1702846868.683723,0,GPU-93ae0c7f-c327-aee3-adae-bc0d1dae71ea,0.28,0.44813548282038757,12282.0,6521.0,546.33,NVIDIA GeForce RTX 4070,[N/A],Enabled,Enabled
1702846869.683697,0,GPU-93ae0c7f-c327-aee3-adae-bc0d1dae71ea,0.28,0.44813548282038757,12282.0,6521.0,546.33,NVIDIA GeForce RTX 4070,[N/A],Enabled,Enabled
1702846870.683609,0,GPU-93ae0c7f-c327-aee3-adae-bc0d1dae71ea,0.25,0.44341312489822504,12282.0,6579.0,546.33,NVIDIA GeForce RTX 4070,[N/A],Enabled,Enabled
1702846871.683575,0,GPU-93ae0c7f-c327-aee3-adae-bc0d1dae71ea,0.29,0.44813548282038757,12282.0,6521.0,546.33,NVIDIA GeForce RTX 4070,[N/A],Enabled,Enabled
1702846872.683656,0,GPU-93ae0c7f-c327-aee3-adae-bc0d1dae71ea,0.27,0.44349454486240025,12282.0,6578.0,546.33,NVIDIA GeForce RTX 4070,[N/A],Enabled,Enabled
1702846873.683,0,GPU-93ae0c7f-c327-aee3-adae-bc0d1dae71ea,0.3,0.44813548282038757,12282.0,6521.0,546.33,NVIDIA GeForce RTX 4070,[N/A],Enabled,Enabled
1702846874.683987,0,GPU-93ae0c7f-c327-aee3-adae-bc0d1dae71ea,0.27,0.44349454486240025,12282.0,6578.0,546.33,NVIDIA GeForce RTX 4070,[N/A],Enabled,Enabled
1702846875.683433,0,GPU-93ae0c7f-c327-aee3-adae-bc0d1dae71ea,0.27,0.44349454486240025,12282.0,6578.0,546.33,NVIDIA GeForce RTX 4070,[N/A],Enabled,Enabled
1702846876.683526,0,GPU-93ae0c7f-c327-aee3-adae-bc0d1dae71ea,0.27,0.44349454486240025,12282.0,6578.0,546.33,NVIDIA GeForce RTX 4070,[N/A],Enabled,Enabled
1702846877.683229,0,GPU-93ae0c7f-c327-aee3-adae-bc0d1dae71ea,0.27,0.44349454486240025,12282.0,6578.0,546.33,NVIDIA GeForce RTX 4070,[N/A],Enabled,Enabled
1702846878.683815,0,GPU-93ae0c7f-c327-aee3-adae-bc0d1dae71ea,0.3,0.4482169027845628,12282.0,6520.0,546.33,NVIDIA GeForce RTX 4070,[N/A],Enabled,Enabled
1702846879.683362,0,GPU-93ae0c7f-c327-aee3-adae-bc0d1dae71ea,0.3,0.44813548282038757,12282.0,6521.0,546.33,NVIDIA GeForce RTX 4070,[N/A],Enabled,Enabled
1702846880.683711,0,GPU-93ae0c7f-c327-aee3-adae-bc0d1dae71ea,0.29,0.44813548282038757,12282.0,6521.0,546.33,NVIDIA GeForce RTX 4070,[N/A],Enabled,Enabled
1702846881.683459,0,GPU-93ae0c7f-c327-aee3-adae-bc0d1dae71ea,0.27,0.44349454486240025,12282.0,6578.0,546.33,NVIDIA GeForce RTX 4070,[N/A],Enabled,Enabled
1702846882.683249,0,GPU-93ae0c7f-c327-aee3-adae-bc0d1dae71ea,0.29,0.44813548282038757,12282.0,6521.0,546.33,NVIDIA GeForce RTX 4070,[N/A],Enabled,Enabled
1702846883.682952,0,GPU-93ae0c7f-c327-aee3-adae-bc0d1dae71ea,0.3,0.44813548282038757,12282.0,6521.0,546.33,NVIDIA GeForce RTX 4070,[N/A],Enabled,Enabled
1702846884.68418,0,GPU-93ae0c7f-c327-aee3-adae-bc0d1dae71ea,0.26,0.44349454486240025,12282.0,6578.0,546.33,NVIDIA GeForce RTX 4070,[N/A],Enabled,Enabled
1702846885.683268,0,GPU-93ae0c7f-c327-aee3-adae-bc0d1dae71ea,0.27,0.44349454486240025,12282.0,6578.0,546.33,NVIDIA GeForce RTX 4070,[N/A],Enabled,Enabled
1702846886.684159,0,GPU-93ae0c7f-c327-aee3-adae-bc0d1dae71ea,0.26,0.44349454486240025,12282.0,6578.0,546.33,NVIDIA GeForce RTX 4070,[N/A],Enabled,Enabled
1702846887.683448,0,GPU-93ae0c7f-c327-aee3-adae-bc0d1dae71ea,0.27,0.44349454486240025,12282.0,6578.0,546.33,NVIDIA GeForce RTX 4070,[N/A],Enabled,Enabled
1702846888.683152,0,GPU-93ae0c7f-c327-aee3-adae-bc0d1dae71ea,0.26,0.4453672040384302,12282.0,6555.0,546.33,NVIDIA GeForce RTX 4070,[N/A],Enabled,Enabled
1702846889.683069,0,GPU-93ae0c7f-c327-aee3-adae-bc0d1dae71ea,0.39,0.4519622211366227,12282.0,6474.0,546.33,NVIDIA GeForce RTX 4070,[N/A],Enabled,Enabled
1702846890.684275,0,GPU-93ae0c7f-c327-aee3-adae-bc0d1dae71ea,0.46,0.4519622211366227,12282.0,6474.0,546.33,NVIDIA GeForce RTX 4070,[N/A],Enabled,Enabled
1702846891.682987,0,GPU-93ae0c7f-c327-aee3-adae-bc0d1dae71ea,0.36,0.4519622211366227,12282.0,6474.0,546.33,NVIDIA GeForce RTX 4070,[N/A],Enabled,Enabled
1702846892.684008,0,GPU-93ae0c7f-c327-aee3-adae-bc0d1dae71ea,0.43,0.4519622211366227,12282.0,6474.0,546.33,NVIDIA GeForce RTX 4070,[N/A],Enabled,Enabled
1702846893.683547,0,GPU-93ae0c7f-c327-aee3-adae-bc0d1dae71ea,0.42,0.4519622211366227,12282.0,6474.0,546.33,NVIDIA GeForce RTX 4070,[N/A],Enabled,Enabled
1702846894.68406,0,GPU-93ae0c7f-c327-aee3-adae-bc0d1dae71ea,0.4,0.4519622211366227,12282.0,6474.0,546.33,NVIDIA GeForce RTX 4070,[N/A],Enabled,Enabled
1702846895.683685,0,GPU-93ae0c7f-c327-aee3-adae-bc0d1dae71ea,0.35,0.4519622211366227,12282.0,6474.0,546.33,NVIDIA GeForce RTX 4070,[N/A],Enabled,Enabled
1702846896.682907,0,GPU-93ae0c7f-c327-aee3-adae-bc0d1dae71ea,0.4,0.4519622211366227,12282.0,6474.0,546.33,NVIDIA GeForce RTX 4070,[N/A],Enabled,Enabled
1702846897.683883,0,GPU-93ae0c7f-c327-aee3-adae-bc0d1dae71ea,0.41,0.4519622211366227,12282.0,6474.0,546.33,NVIDIA GeForce RTX 4070,[N/A],Enabled,Enabled
1702846898.682877,0,GPU-93ae0c7f-c327-aee3-adae-bc0d1dae71ea,0.41,0.4519622211366227,12282.0,6474.0,546.33,NVIDIA GeForce RTX 4070,[N/A],Enabled,Enabled
1702846899.682611,0,GPU-93ae0c7f-c327-aee3-adae-bc0d1dae71ea,0.38,0.4519622211366227,12282.0,6474.0,546.33,NVIDIA GeForce RTX 4070,[N/A],Enabled,Enabled
1702846900.682642,0,GPU-93ae0c7f-c327-aee3-adae-bc0d1dae71ea,0.46,0.4519622211366227,12282.0,6474.0,546.33,NVIDIA GeForce RTX 4070,[N/A],Enabled,Enabled
1702846901.682993,0,GPU-93ae0c7f-c327-aee3-adae-bc0d1dae71ea,0.41,0.4519622211366227,12282.0,6474.0,546.33,NVIDIA GeForce RTX 4070,[N/A],Enabled,Enabled
1702846902.682742,0,GPU-93ae0c7f-c327-aee3-adae-bc0d1dae71ea,0.42,0.4519622211366227,12282.0,6474.0,546.33,NVIDIA GeForce RTX 4070,[N/A],Enabled,Enabled
1702846903.683568,0,GPU-93ae0c7f-c327-aee3-adae-bc0d1dae71ea,0.39,0.4519622211366227,12282.0,6474.0,546.33,NVIDIA GeForce RTX 4070,[N/A],Enabled,Enabled
1702846904.68327,0,GPU-93ae0c7f-c327-aee3-adae-bc0d1dae71ea,0.42,0.4519622211366227,12282.0,6474.0,546.33,NVIDIA GeForce RTX 4070,[N/A],Enabled,Enabled
1702846905.68328,0,GPU-93ae0c7f-c327-aee3-adae-bc0d1dae71ea,0.43,0.4519622211366227,12282.0,6474.0,546.33,NVIDIA GeForce RTX 4070,[N/A],Enabled,Enabled
1702846906.683434,0,GPU-93ae0c7f-c327-aee3-adae-bc0d1dae71ea,0.46,0.4519622211366227,12282.0,6474.0,546.33,NVIDIA GeForce RTX 4070,[N/A],Enabled,Enabled
1702846907.682724,0,GPU-93ae0c7f-c327-aee3-adae-bc0d1dae71ea,0.38,0.4519622211366227,12282.0,6474.0,546.33,NVIDIA GeForce RTX 4070,[N/A],Enabled,Enabled
1702846908.6839,0,GPU-93ae0c7f-c327-aee3-adae-bc0d1dae71ea,0.4,0.4519622211366227,12282.0,6474.0,546.33,NVIDIA GeForce RTX 4070,[N/A],Enabled,Enabled
1702846909.682904,0,GPU-93ae0c7f-c327-aee3-adae-bc0d1dae71ea,0.4,0.4519622211366227,12282.0,6474.0,546.33,NVIDIA GeForce RTX 4070,[N/A],Enabled,Enabled
1702846910.682682,0,GPU-93ae0c7f-c327-aee3-adae-bc0d1dae71ea,0.44,0.4519622211366227,12282.0,6474.0,546.33,NVIDIA GeForce RTX 4070,[N/A],Enabled,Enabled
1702846911.682755,0,GPU-93ae0c7f-c327-aee3-adae-bc0d1dae71ea,0.42,0.4519622211366227,12282.0,6474.0,546.33,NVIDIA GeForce RTX 4070,[N/A],Enabled,Enabled
1702846912.682763,0,GPU-93ae0c7f-c327-aee3-adae-bc0d1dae71ea,0.42,0.4519622211366227,12282.0,6474.0,546.33,NVIDIA GeForce RTX 4070,[N/A],Enabled,Enabled
1702846913.683573,0,GPU-93ae0c7f-c327-aee3-adae-bc0d1dae71ea,0.45,0.4519622211366227,12282.0,6474.0,546.33,NVIDIA GeForce RTX 4070,[N/A],Enabled,Enabled
1702846914.683276,0,GPU-93ae0c7f-c327-aee3-adae-bc0d1dae71ea,0.46,0.4519622211366227,12282.0,6474.0,546.33,NVIDIA GeForce RTX 4070,[N/A],Enabled,Enabled
1702846915.683829,0,GPU-93ae0c7f-c327-aee3-adae-bc0d1dae71ea,0.45,0.4519622211366227,12282.0,6474.0,546.33,NVIDIA GeForce RTX 4070,[N/A],Enabled,Enabled
1702846916.683377,0,GPU-93ae0c7f-c327-aee3-adae-bc0d1dae71ea,0.46,0.4519622211366227,12282.0,6474.0,546.33,NVIDIA GeForce RTX 4070,[N/A],Enabled,Enabled
1702846917.682527,0,GPU-93ae0c7f-c327-aee3-adae-bc0d1dae71ea,0.43,0.4519622211366227,12282.0,6474.0,546.33,NVIDIA GeForce RTX 4070,[N/A],Enabled,Enabled
1702846918.683414,0,GPU-93ae0c7f-c327-aee3-adae-bc0d1dae71ea,0.39,0.4519622211366227,12282.0,6474.0,546.33,NVIDIA GeForce RTX 4070,[N/A],Enabled,Enabled
1702846919.683044,0,GPU-93ae0c7f-c327-aee3-adae-bc0d1dae71ea,0.44,0.4519622211366227,12282.0,6474.0,546.33,NVIDIA GeForce RTX 4070,[N/A],Enabled,Enabled
1702846920.683094,0,GPU-93ae0c7f-c327-aee3-adae-bc0d1dae71ea,0.42,0.4519622211366227,12282.0,6474.0,546.33,NVIDIA GeForce RTX 4070,[N/A],Enabled,Enabled
1702846921.683574,0,GPU-93ae0c7f-c327-aee3-adae-bc0d1dae71ea,0.42,0.4519622211366227,12282.0,6474.0,546.33,NVIDIA GeForce RTX 4070,[N/A],Enabled,Enabled
1702846922.682836,0,GPU-93ae0c7f-c327-aee3-adae-bc0d1dae71ea,0.45,0.4519622211366227,12282.0,6474.0,546.33,NVIDIA GeForce RTX 4070,[N/A],Enabled,Enabled
1702846923.68334,0,GPU-93ae0c7f-c327-aee3-adae-bc0d1dae71ea,0.44,0.4519622211366227,12282.0,6474.0,546.33,NVIDIA GeForce RTX 4070,[N/A],Enabled,Enabled
1702846924.683759,0,GPU-93ae0c7f-c327-aee3-adae-bc0d1dae71ea,0.44,0.4519622211366227,12282.0,6474.0,546.33,NVIDIA GeForce RTX 4070,[N/A],Enabled,Enabled
1702846925.683417,0,GPU-93ae0c7f-c327-aee3-adae-bc0d1dae71ea,0.36,0.4519622211366227,12282.0,6474.0,546.33,NVIDIA GeForce RTX 4070,[N/A],Enabled,Enabled
1702846926.683183,0,GPU-93ae0c7f-c327-aee3-adae-bc0d1dae71ea,0.39,0.4519622211366227,12282.0,6474.0,546.33,NVIDIA GeForce RTX 4070,[N/A],Enabled,Enabled
1702846927.683745,0,GPU-93ae0c7f-c327-aee3-adae-bc0d1dae71ea,0.39,0.4519622211366227,12282.0,6474.0,546.33,NVIDIA GeForce RTX 4070,[N/A],Enabled,Enabled
1702846928.683247,0,GPU-93ae0c7f-c327-aee3-adae-bc0d1dae71ea,0.42,0.4519622211366227,12282.0,6474.0,546.33,NVIDIA GeForce RTX 4070,[N/A],Enabled,Enabled
1702846929.683289,0,GPU-93ae0c7f-c327-aee3-adae-bc0d1dae71ea,0.38,0.4519622211366227,12282.0,6474.0,546.33,NVIDIA GeForce RTX 4070,[N/A],Enabled,Enabled
1702846930.683427,0,GPU-93ae0c7f-c327-aee3-adae-bc0d1dae71ea,0.44,0.4519622211366227,12282.0,6474.0,546.33,NVIDIA GeForce RTX 4070,[N/A],Enabled,Enabled
1702846931.683202,0,GPU-93ae0c7f-c327-aee3-adae-bc0d1dae71ea,0.42,0.4519622211366227,12282.0,6474.0,546.33,NVIDIA GeForce RTX 4070,[N/A],Enabled,Enabled
1702846932.683691,0,GPU-93ae0c7f-c327-aee3-adae-bc0d1dae71ea,0.46,0.4519622211366227,12282.0,6474.0,546.33,NVIDIA GeForce RTX 4070,[N/A],Enabled,Enabled
1702846933.68418,0,GPU-93ae0c7f-c327-aee3-adae-bc0d1dae71ea,0.41,0.4519622211366227,12282.0,6474.0,546.33,NVIDIA GeForce RTX 4070,[N/A],Enabled,Enabled
1702846934.683196,0,GPU-93ae0c7f-c327-aee3-adae-bc0d1dae71ea,0.4,0.4519622211366227,12282.0,6474.0,546.33,NVIDIA GeForce RTX 4070,[N/A],Enabled,Enabled
1702846935.683985,0,GPU-93ae0c7f-c327-aee3-adae-bc0d1dae71ea,0.41,0.4519622211366227,12282.0,6474.0,546.33,NVIDIA GeForce RTX 4070,[N/A],Enabled,Enabled
1702846936.682954,0,GPU-93ae0c7f-c327-aee3-adae-bc0d1dae71ea,0.45,0.4519622211366227,12282.0,6474.0,546.33,NVIDIA GeForce RTX 4070,[N/A],Enabled,Enabled
1702846937.682882,0,GPU-93ae0c7f-c327-aee3-adae-bc0d1dae71ea,0.4,0.4519622211366227,12282.0,6474.0,546.33,NVIDIA GeForce RTX 4070,[N/A],Enabled,Enabled
1702846938.68327,0,GPU-93ae0c7f-c327-aee3-adae-bc0d1dae71ea,0.43,0.4519622211366227,12282.0,6474.0,546.33,NVIDIA GeForce RTX 4070,[N/A],Enabled,Enabled
1702846939.683124,0,GPU-93ae0c7f-c327-aee3-adae-bc0d1dae71ea,0.39,0.4519622211366227,12282.0,6474.0,546.33,NVIDIA GeForce RTX 4070,[N/A],Enabled,Enabled
1702846940.683295,0,GPU-93ae0c7f-c327-aee3-adae-bc0d1dae71ea,0.41,0.4519622211366227,12282.0,6474.0,546.33,NVIDIA GeForce RTX 4070,[N/A],Enabled,Enabled
1702846941.682591,0,GPU-93ae0c7f-c327-aee3-adae-bc0d1dae71ea,0.4,0.4519622211366227,12282.0,6474.0,546.33,NVIDIA GeForce RTX 4070,[N/A],Enabled,Enabled
1702846942.683257,0,GPU-93ae0c7f-c327-aee3-adae-bc0d1dae71ea,0.46,0.4519622211366227,12282.0,6474.0,546.33,NVIDIA GeForce RTX 4070,[N/A],Enabled,Enabled
1702846943.68359,0,GPU-93ae0c7f-c327-aee3-adae-bc0d1dae71ea,0.44,0.4519622211366227,12282.0,6474.0,546.33,NVIDIA GeForce RTX 4070,[N/A],Enabled,Enabled
1702846944.683225,0,GPU-93ae0c7f-c327-aee3-adae-bc0d1dae71ea,0.43,0.4519622211366227,12282.0,6474.0,546.33,NVIDIA GeForce RTX 4070,[N/A],Enabled,Enabled
1702846945.683846,0,GPU-93ae0c7f-c327-aee3-adae-bc0d1dae71ea,0.41,0.4519622211366227,12282.0,6474.0,546.33,NVIDIA GeForce RTX 4070,[N/A],Enabled,Enabled
1702846946.682844,0,GPU-93ae0c7f-c327-aee3-adae-bc0d1dae71ea,0.39,0.4519622211366227,12282.0,6474.0,546.33,NVIDIA GeForce RTX 4070,[N/A],Enabled,Enabled
1702846947.683713,0,GPU-93ae0c7f-c327-aee3-adae-bc0d1dae71ea,0.41,0.4519622211366227,12282.0,6474.0,546.33,NVIDIA GeForce RTX 4070,[N/A],Enabled,Enabled
1702846948.683579,0,GPU-93ae0c7f-c327-aee3-adae-bc0d1dae71ea,0.41,0.4519622211366227,12282.0,6474.0,546.33,NVIDIA GeForce RTX 4070,[N/A],Enabled,Enabled
1702846949.683332,0,GPU-93ae0c7f-c327-aee3-adae-bc0d1dae71ea,0.37,0.4519622211366227,12282.0,6474.0,546.33,NVIDIA GeForce RTX 4070,[N/A],Enabled,Enabled
1702846950.68347,0,GPU-93ae0c7f-c327-aee3-adae-bc0d1dae71ea,0.45,0.4519622211366227,12282.0,6474.0,546.33,NVIDIA GeForce RTX 4070,[N/A],Enabled,Enabled
1702846951.683441,0,GPU-93ae0c7f-c327-aee3-adae-bc0d1dae71ea,0.42,0.4519622211366227,12282.0,6474.0,546.33,NVIDIA GeForce RTX 4070,[N/A],Enabled,Enabled
1702846952.683387,0,GPU-93ae0c7f-c327-aee3-adae-bc0d1dae71ea,0.39,0.4519622211366227,12282.0,6474.0,546.33,NVIDIA GeForce RTX 4070,[N/A],Enabled,Enabled
1702846953.682728,0,GPU-93ae0c7f-c327-aee3-adae-bc0d1dae71ea,0.42,0.4519622211366227,12282.0,6474.0,546.33,NVIDIA GeForce RTX 4070,[N/A],Enabled,Enabled
1702846954.68314,0,GPU-93ae0c7f-c327-aee3-adae-bc0d1dae71ea,0.45,0.4519622211366227,12282.0,6474.0,546.33,NVIDIA GeForce RTX 4070,[N/A],Enabled,Enabled
1702846955.683712,0,GPU-93ae0c7f-c327-aee3-adae-bc0d1dae71ea,0.4,0.4519622211366227,12282.0,6474.0,546.33,NVIDIA GeForce RTX 4070,[N/A],Enabled,Enabled
1702846956.683858,0,GPU-93ae0c7f-c327-aee3-adae-bc0d1dae71ea,0.44,0.4519622211366227,12282.0,6474.0,546.33,NVIDIA GeForce RTX 4070,[N/A],Enabled,Enabled
1702846957.682591,0,GPU-93ae0c7f-c327-aee3-adae-bc0d1dae71ea,0.49,0.4519622211366227,12282.0,6474.0,546.33,NVIDIA GeForce RTX 4070,[N/A],Enabled,Enabled
1702846958.683827,0,GPU-93ae0c7f-c327-aee3-adae-bc0d1dae71ea,0.41,0.4519622211366227,12282.0,6474.0,546.33,NVIDIA GeForce RTX 4070,[N/A],Enabled,Enabled
1702846959.683691,0,GPU-93ae0c7f-c327-aee3-adae-bc0d1dae71ea,0.46,0.4519622211366227,12282.0,6474.0,546.33,NVIDIA GeForce RTX 4070,[N/A],Enabled,Enabled
1702846960.682869,0,GPU-93ae0c7f-c327-aee3-adae-bc0d1dae71ea,0.44,0.4519622211366227,12282.0,6474.0,546.33,NVIDIA GeForce RTX 4070,[N/A],Enabled,Enabled
1702846961.683225,0,GPU-93ae0c7f-c327-aee3-adae-bc0d1dae71ea,0.43,0.4519622211366227,12282.0,6474.0,546.33,NVIDIA GeForce RTX 4070,[N/A],Enabled,Enabled
1702846962.683041,0,GPU-93ae0c7f-c327-aee3-adae-bc0d1dae71ea,0.47,0.4519622211366227,12282.0,6474.0,546.33,NVIDIA GeForce RTX 4070,[N/A],Enabled,Enabled
1702846963.683786,0,GPU-93ae0c7f-c327-aee3-adae-bc0d1dae71ea,0.4,0.4519622211366227,12282.0,6474.0,546.33,NVIDIA GeForce RTX 4070,[N/A],Enabled,Enabled
1702846964.683195,0,GPU-93ae0c7f-c327-aee3-adae-bc0d1dae71ea,0.39,0.4519622211366227,12282.0,6474.0,546.33,NVIDIA GeForce RTX 4070,[N/A],Enabled,Enabled
1702846965.683386,0,GPU-93ae0c7f-c327-aee3-adae-bc0d1dae71ea,0.42,0.4519622211366227,12282.0,6474.0,546.33,NVIDIA GeForce RTX 4070,[N/A],Enabled,Enabled
1702846966.683819,0,GPU-93ae0c7f-c327-aee3-adae-bc0d1dae71ea,0.45,0.4519622211366227,12282.0,6474.0,546.33,NVIDIA GeForce RTX 4070,[N/A],Enabled,Enabled
1702846967.683215,0,GPU-93ae0c7f-c327-aee3-adae-bc0d1dae71ea,0.4,0.4519622211366227,12282.0,6474.0,546.33,NVIDIA GeForce RTX 4070,[N/A],Enabled,Enabled
1702846968.683674,0,GPU-93ae0c7f-c327-aee3-adae-bc0d1dae71ea,0.43,0.4519622211366227,12282.0,6474.0,546.33,NVIDIA GeForce RTX 4070,[N/A],Enabled,Enabled
1702846969.683871,0,GPU-93ae0c7f-c327-aee3-adae-bc0d1dae71ea,0.4,0.4519622211366227,12282.0,6474.0,546.33,NVIDIA GeForce RTX 4070,[N/A],Enabled,Enabled
1702846970.683851,0,GPU-93ae0c7f-c327-aee3-adae-bc0d1dae71ea,0.41,0.4519622211366227,12282.0,6474.0,546.33,NVIDIA GeForce RTX 4070,[N/A],Enabled,Enabled
1702846971.683433,0,GPU-93ae0c7f-c327-aee3-adae-bc0d1dae71ea,0.38,0.4519622211366227,12282.0,6474.0,546.33,NVIDIA GeForce RTX 4070,[N/A],Enabled,Enabled
1702846972.683476,0,GPU-93ae0c7f-c327-aee3-adae-bc0d1dae71ea,0.4,0.4519622211366227,12282.0,6474.0,546.33,NVIDIA GeForce RTX 4070,[N/A],Enabled,Enabled
1702846973.683894,0,GPU-93ae0c7f-c327-aee3-adae-bc0d1dae71ea,0.41,0.4519622211366227,12282.0,6474.0,546.33,NVIDIA GeForce RTX 4070,[N/A],Enabled,Enabled
1702846974.683366,0,GPU-93ae0c7f-c327-aee3-adae-bc0d1dae71ea,0.41,0.4519622211366227,12282.0,6474.0,546.33,NVIDIA GeForce RTX 4070,[N/A],Enabled,Enabled
1702846975.683493,0,GPU-93ae0c7f-c327-aee3-adae-bc0d1dae71ea,0.4,0.4519622211366227,12282.0,6474.0,546.33,NVIDIA GeForce RTX 4070,[N/A],Enabled,Enabled
1702846976.683612,0,GPU-93ae0c7f-c327-aee3-adae-bc0d1dae71ea,0.43,0.4519622211366227,12282.0,6474.0,546.33,NVIDIA GeForce RTX 4070,[N/A],Enabled,Enabled
1702846977.683467,0,GPU-93ae0c7f-c327-aee3-adae-bc0d1dae71ea,0.38,0.4519622211366227,12282.0,6474.0,546.33,NVIDIA GeForce RTX 4070,[N/A],Enabled,Enabled
1702846978.683326,0,GPU-93ae0c7f-c327-aee3-adae-bc0d1dae71ea,0.38,0.4519622211366227,12282.0,6474.0,546.33,NVIDIA GeForce RTX 4070,[N/A],Enabled,Enabled
1702846979.683774,0,GPU-93ae0c7f-c327-aee3-adae-bc0d1dae71ea,0.38,0.4519622211366227,12282.0,6474.0,546.33,NVIDIA GeForce RTX 4070,[N/A],Enabled,Enabled
1702846980.683731,0,GPU-93ae0c7f-c327-aee3-adae-bc0d1dae71ea,0.42,0.4519622211366227,12282.0,6474.0,546.33,NVIDIA GeForce RTX 4070,[N/A],Enabled,Enabled
1702846981.68342,0,GPU-93ae0c7f-c327-aee3-adae-bc0d1dae71ea,0.41,0.4519622211366227,12282.0,6474.0,546.33,NVIDIA GeForce RTX 4070,[N/A],Enabled,Enabled
1702846982.683511,0,GPU-93ae0c7f-c327-aee3-adae-bc0d1dae71ea,0.4,0.4519622211366227,12282.0,6474.0,546.33,NVIDIA GeForce RTX 4070,[N/A],Enabled,Enabled
1702846983.683483,0,GPU-93ae0c7f-c327-aee3-adae-bc0d1dae71ea,0.42,0.4519622211366227,12282.0,6474.0,546.33,NVIDIA GeForce RTX 4070,[N/A],Enabled,Enabled
1702846984.683182,0,GPU-93ae0c7f-c327-aee3-adae-bc0d1dae71ea,0.47,0.4519622211366227,12282.0,6474.0,546.33,NVIDIA GeForce RTX 4070,[N/A],Enabled,Enabled
1702846985.682586,0,GPU-93ae0c7f-c327-aee3-adae-bc0d1dae71ea,0.4,0.4519622211366227,12282.0,6474.0,546.33,NVIDIA GeForce RTX 4070,[N/A],Enabled,Enabled
1702846986.682793,0,GPU-93ae0c7f-c327-aee3-adae-bc0d1dae71ea,0.43,0.4519622211366227,12282.0,6474.0,546.33,NVIDIA GeForce RTX 4070,[N/A],Enabled,Enabled
1702846987.683691,0,GPU-93ae0c7f-c327-aee3-adae-bc0d1dae71ea,0.42,0.4519622211366227,12282.0,6474.0,546.33,NVIDIA GeForce RTX 4070,[N/A],Enabled,Enabled
1702846988.683144,0,GPU-93ae0c7f-c327-aee3-adae-bc0d1dae71ea,0.39,0.4519622211366227,12282.0,6474.0,546.33,NVIDIA GeForce RTX 4070,[N/A],Enabled,Enabled
1702846989.683578,0,GPU-93ae0c7f-c327-aee3-adae-bc0d1dae71ea,0.4,0.4519622211366227,12282.0,6474.0,546.33,NVIDIA GeForce RTX 4070,[N/A],Enabled,Enabled
1702846990.682752,0,GPU-93ae0c7f-c327-aee3-adae-bc0d1dae71ea,0.42,0.4519622211366227,12282.0,6474.0,546.33,NVIDIA GeForce RTX 4070,[N/A],Enabled,Enabled
1702846991.683284,0,GPU-93ae0c7f-c327-aee3-adae-bc0d1dae71ea,0.41,0.4519622211366227,12282.0,6474.0,546.33,NVIDIA GeForce RTX 4070,[N/A],Enabled,Enabled
1702846992.683545,0,GPU-93ae0c7f-c327-aee3-adae-bc0d1dae71ea,0.37,0.4519622211366227,12282.0,6474.0,546.33,NVIDIA GeForce RTX 4070,[N/A],Enabled,Enabled
1702846993.682937,0,GPU-93ae0c7f-c327-aee3-adae-bc0d1dae71ea,0.43,0.4519622211366227,12282.0,6474.0,546.33,NVIDIA GeForce RTX 4070,[N/A],Enabled,Enabled
1702846994.682916,0,GPU-93ae0c7f-c327-aee3-adae-bc0d1dae71ea,0.44,0.4519622211366227,12282.0,6474.0,546.33,NVIDIA GeForce RTX 4070,[N/A],Enabled,Enabled
1702846995.683023,0,GPU-93ae0c7f-c327-aee3-adae-bc0d1dae71ea,0.45,0.4519622211366227,12282.0,6474.0,546.33,NVIDIA GeForce RTX 4070,[N/A],Enabled,Enabled
1702846996.683814,0,GPU-93ae0c7f-c327-aee3-adae-bc0d1dae71ea,0.38,0.4519622211366227,12282.0,6474.0,546.33,NVIDIA GeForce RTX 4070,[N/A],Enabled,Enabled
1702846997.683945,0,GPU-93ae0c7f-c327-aee3-adae-bc0d1dae71ea,0.37,0.4519622211366227,12282.0,6474.0,546.33,NVIDIA GeForce RTX 4070,[N/A],Enabled,Enabled
1702846998.683348,0,GPU-93ae0c7f-c327-aee3-adae-bc0d1dae71ea,0.36,0.4519622211366227,12282.0,6474.0,546.33,NVIDIA GeForce RTX 4070,[N/A],Enabled,Enabled
1702846999.683793,0,GPU-93ae0c7f-c327-aee3-adae-bc0d1dae71ea,0.35,0.4519622211366227,12282.0,6474.0,546.33,NVIDIA GeForce RTX 4070,[N/A],Enabled,Enabled
1702847000.682606,0,GPU-93ae0c7f-c327-aee3-adae-bc0d1dae71ea,0.37,0.4519622211366227,12282.0,6474.0,546.33,NVIDIA GeForce RTX 4070,[N/A],Enabled,Enabled
1702847001.683446,0,GPU-93ae0c7f-c327-aee3-adae-bc0d1dae71ea,0.41,0.4519622211366227,12282.0,6474.0,546.33,NVIDIA GeForce RTX 4070,[N/A],Enabled,Enabled
1702847002.682907,0,GPU-93ae0c7f-c327-aee3-adae-bc0d1dae71ea,0.42,0.4519622211366227,12282.0,6474.0,546.33,NVIDIA GeForce RTX 4070,[N/A],Enabled,Enabled
1702847003.68366,0,GPU-93ae0c7f-c327-aee3-adae-bc0d1dae71ea,0.42,0.4519622211366227,12282.0,6474.0,546.33,NVIDIA GeForce RTX 4070,[N/A],Enabled,Enabled
1702847004.684021,0,GPU-93ae0c7f-c327-aee3-adae-bc0d1dae71ea,0.42,0.4519622211366227,12282.0,6474.0,546.33,NVIDIA GeForce RTX 4070,[N/A],Enabled,Enabled
1702847005.684245,0,GPU-93ae0c7f-c327-aee3-adae-bc0d1dae71ea,0.4,0.4519622211366227,12282.0,6474.0,546.33,NVIDIA GeForce RTX 4070,[N/A],Enabled,Enabled
1702847006.683836,0,GPU-93ae0c7f-c327-aee3-adae-bc0d1dae71ea,0.46,0.4519622211366227,12282.0,6474.0,546.33,NVIDIA GeForce RTX 4070,[N/A],Enabled,Enabled
1702847007.683051,0,GPU-93ae0c7f-c327-aee3-adae-bc0d1dae71ea,0.46,0.4519622211366227,12282.0,6474.0,546.33,NVIDIA GeForce RTX 4070,[N/A],Enabled,Enabled
1702847008.684661,0,GPU-93ae0c7f-c327-aee3-adae-bc0d1dae71ea,0.37,0.4519622211366227,12282.0,6474.0,546.33,NVIDIA GeForce RTX 4070,[N/A],Enabled,Enabled
1702847009.683525,0,GPU-93ae0c7f-c327-aee3-adae-bc0d1dae71ea,0.36,0.4519622211366227,12282.0,6474.0,546.33,NVIDIA GeForce RTX 4070,[N/A],Enabled,Enabled
1702847010.683537,0,GPU-93ae0c7f-c327-aee3-adae-bc0d1dae71ea,0.43,0.4519622211366227,12282.0,6474.0,546.33,NVIDIA GeForce RTX 4070,[N/A],Enabled,Enabled
1702847011.683727,0,GPU-93ae0c7f-c327-aee3-adae-bc0d1dae71ea,0.38,0.4519622211366227,12282.0,6474.0,546.33,NVIDIA GeForce RTX 4070,[N/A],Enabled,Enabled
1702847012.683014,0,GPU-93ae0c7f-c327-aee3-adae-bc0d1dae71ea,0.47,0.4519622211366227,12282.0,6474.0,546.33,NVIDIA GeForce RTX 4070,[N/A],Enabled,Enabled
1702847013.682894,0,GPU-93ae0c7f-c327-aee3-adae-bc0d1dae71ea,0.44,0.4519622211366227,12282.0,6474.0,546.33,NVIDIA GeForce RTX 4070,[N/A],Enabled,Enabled
1702847014.68319,0,GPU-93ae0c7f-c327-aee3-adae-bc0d1dae71ea,0.41,0.4519622211366227,12282.0,6474.0,546.33,NVIDIA GeForce RTX 4070,[N/A],Enabled,Enabled
1702847015.683741,0,GPU-93ae0c7f-c327-aee3-adae-bc0d1dae71ea,0.37,0.4519622211366227,12282.0,6474.0,546.33,NVIDIA GeForce RTX 4070,[N/A],Enabled,Enabled
1702847016.684254,0,GPU-93ae0c7f-c327-aee3-adae-bc0d1dae71ea,0.44,0.4519622211366227,12282.0,6474.0,546.33,NVIDIA GeForce RTX 4070,[N/A],Enabled,Enabled
1702847017.683184,0,GPU-93ae0c7f-c327-aee3-adae-bc0d1dae71ea,0.39,0.4519622211366227,12282.0,6474.0,546.33,NVIDIA GeForce RTX 4070,[N/A],Enabled,Enabled
1702847018.684112,0,GPU-93ae0c7f-c327-aee3-adae-bc0d1dae71ea,0.4,0.4519622211366227,12282.0,6474.0,546.33,NVIDIA GeForce RTX 4070,[N/A],Enabled,Enabled
1702847019.683552,0,GPU-93ae0c7f-c327-aee3-adae-bc0d1dae71ea,0.41,0.4519622211366227,12282.0,6474.0,546.33,NVIDIA GeForce RTX 4070,[N/A],Enabled,Enabled
1702847020.683165,0,GPU-93ae0c7f-c327-aee3-adae-bc0d1dae71ea,0.44,0.4519622211366227,12282.0,6474.0,546.33,NVIDIA GeForce RTX 4070,[N/A],Enabled,Enabled
1702847021.682857,0,GPU-93ae0c7f-c327-aee3-adae-bc0d1dae71ea,0.4,0.4519622211366227,12282.0,6474.0,546.33,NVIDIA GeForce RTX 4070,[N/A],Enabled,Enabled
1702847022.682712,0,GPU-93ae0c7f-c327-aee3-adae-bc0d1dae71ea,0.43,0.4519622211366227,12282.0,6474.0,546.33,NVIDIA GeForce RTX 4070,[N/A],Enabled,Enabled
1702847023.68373,0,GPU-93ae0c7f-c327-aee3-adae-bc0d1dae71ea,0.36,0.4519622211366227,12282.0,6474.0,546.33,NVIDIA GeForce RTX 4070,[N/A],Enabled,Enabled
1702847024.683486,0,GPU-93ae0c7f-c327-aee3-adae-bc0d1dae71ea,0.41,0.4519622211366227,12282.0,6474.0,546.33,NVIDIA GeForce RTX 4070,[N/A],Enabled,Enabled
1702847025.683794,0,GPU-93ae0c7f-c327-aee3-adae-bc0d1dae71ea,0.4,0.4519622211366227,12282.0,6474.0,546.33,NVIDIA GeForce RTX 4070,[N/A],Enabled,Enabled
1702847026.684298,0,GPU-93ae0c7f-c327-aee3-adae-bc0d1dae71ea,0.43,0.4519622211366227,12282.0,6474.0,546.33,NVIDIA GeForce RTX 4070,[N/A],Enabled,Enabled
1702847027.683635,0,GPU-93ae0c7f-c327-aee3-adae-bc0d1dae71ea,0.41,0.4519622211366227,12282.0,6474.0,546.33,NVIDIA GeForce RTX 4070,[N/A],Enabled,Enabled
1702847028.683614,0,GPU-93ae0c7f-c327-aee3-adae-bc0d1dae71ea,0.41,0.4519622211366227,12282.0,6474.0,546.33,NVIDIA GeForce RTX 4070,[N/A],Enabled,Enabled
1702847029.683709,0,GPU-93ae0c7f-c327-aee3-adae-bc0d1dae71ea,0.36,0.4519622211366227,12282.0,6474.0,546.33,NVIDIA GeForce RTX 4070,[N/A],Enabled,Enabled
1702847030.683641,0,GPU-93ae0c7f-c327-aee3-adae-bc0d1dae71ea,0.36,0.4519622211366227,12282.0,6474.0,546.33,NVIDIA GeForce RTX 4070,[N/A],Enabled,Enabled
1702847031.683377,0,GPU-93ae0c7f-c327-aee3-adae-bc0d1dae71ea,0.39,0.4519622211366227,12282.0,6474.0,546.33,NVIDIA GeForce RTX 4070,[N/A],Enabled,Enabled
1702847032.682525,0,GPU-93ae0c7f-c327-aee3-adae-bc0d1dae71ea,0.35,0.4519622211366227,12282.0,6474.0,546.33,NVIDIA GeForce RTX 4070,[N/A],Enabled,Enabled
1702847033.682855,0,GPU-93ae0c7f-c327-aee3-adae-bc0d1dae71ea,0.36,0.4519622211366227,12282.0,6474.0,546.33,NVIDIA GeForce RTX 4070,[N/A],Enabled,Enabled
1702847034.683031,0,GPU-93ae0c7f-c327-aee3-adae-bc0d1dae71ea,0.42,0.4519622211366227,12282.0,6474.0,546.33,NVIDIA GeForce RTX 4070,[N/A],Enabled,Enabled
1702847035.683221,0,GPU-93ae0c7f-c327-aee3-adae-bc0d1dae71ea,0.36,0.4519622211366227,12282.0,6474.0,546.33,NVIDIA GeForce RTX 4070,[N/A],Enabled,Enabled
1702847036.683292,0,GPU-93ae0c7f-c327-aee3-adae-bc0d1dae71ea,0.37,0.4519622211366227,12282.0,6474.0,546.33,NVIDIA GeForce RTX 4070,[N/A],Enabled,Enabled
1702847037.683462,0,GPU-93ae0c7f-c327-aee3-adae-bc0d1dae71ea,0.4,0.4519622211366227,12282.0,6474.0,546.33,NVIDIA GeForce RTX 4070,[N/A],Enabled,Enabled
1702847038.683108,0,GPU-93ae0c7f-c327-aee3-adae-bc0d1dae71ea,0.4,0.4519622211366227,12282.0,6474.0,546.33,NVIDIA GeForce RTX 4070,[N/A],Enabled,Enabled
1702847039.683218,0,GPU-93ae0c7f-c327-aee3-adae-bc0d1dae71ea,0.38,0.4519622211366227,12282.0,6474.0,546.33,NVIDIA GeForce RTX 4070,[N/A],Enabled,Enabled
1702847040.682949,0,GPU-93ae0c7f-c327-aee3-adae-bc0d1dae71ea,0.44,0.4519622211366227,12282.0,6474.0,546.33,NVIDIA GeForce RTX 4070,[N/A],Enabled,Enabled
1702847041.683268,0,GPU-93ae0c7f-c327-aee3-adae-bc0d1dae71ea,0.42,0.4519622211366227,12282.0,6474.0,546.33,NVIDIA GeForce RTX 4070,[N/A],Enabled,Enabled
1702847042.682831,0,GPU-93ae0c7f-c327-aee3-adae-bc0d1dae71ea,0.48,0.4519622211366227,12282.0,6474.0,546.33,NVIDIA GeForce RTX 4070,[N/A],Enabled,Enabled
1702847043.683833,0,GPU-93ae0c7f-c327-aee3-adae-bc0d1dae71ea,0.41,0.4519622211366227,12282.0,6474.0,546.33,NVIDIA GeForce RTX 4070,[N/A],Enabled,Enabled
1702847044.683016,0,GPU-93ae0c7f-c327-aee3-adae-bc0d1dae71ea,0.38,0.4519622211366227,12282.0,6474.0,546.33,NVIDIA GeForce RTX 4070,[N/A],Enabled,Enabled
1702847045.684282,0,GPU-93ae0c7f-c327-aee3-adae-bc0d1dae71ea,0.45,0.4519622211366227,12282.0,6474.0,546.33,NVIDIA GeForce RTX 4070,[N/A],Enabled,Enabled
1702847046.682962,0,GPU-93ae0c7f-c327-aee3-adae-bc0d1dae71ea,0.39,0.4519622211366227,12282.0,6474.0,546.33,NVIDIA GeForce RTX 4070,[N/A],Enabled,Enabled
1702847047.682837,0,GPU-93ae0c7f-c327-aee3-adae-bc0d1dae71ea,0.39,0.4519622211366227,12282.0,6474.0,546.33,NVIDIA GeForce RTX 4070,[N/A],Enabled,Enabled
1702847048.682962,0,GPU-93ae0c7f-c327-aee3-adae-bc0d1dae71ea,0.52,0.4519622211366227,12282.0,6474.0,546.33,NVIDIA GeForce RTX 4070,[N/A],Enabled,Enabled
1702847049.683594,0,GPU-93ae0c7f-c327-aee3-adae-bc0d1dae71ea,0.47,0.4519622211366227,12282.0,6474.0,546.33,NVIDIA GeForce RTX 4070,[N/A],Enabled,Enabled
1702847050.682927,0,GPU-93ae0c7f-c327-aee3-adae-bc0d1dae71ea,0.51,0.4519622211366227,12282.0,6474.0,546.33,NVIDIA GeForce RTX 4070,[N/A],Enabled,Enabled
1702847051.683486,0,GPU-93ae0c7f-c327-aee3-adae-bc0d1dae71ea,0.43,0.4519622211366227,12282.0,6474.0,546.33,NVIDIA GeForce RTX 4070,[N/A],Enabled,Enabled
1702847052.682864,0,GPU-93ae0c7f-c327-aee3-adae-bc0d1dae71ea,0.46,0.4519622211366227,12282.0,6474.0,546.33,NVIDIA GeForce RTX 4070,[N/A],Enabled,Enabled
1702847053.683756,0,GPU-93ae0c7f-c327-aee3-adae-bc0d1dae71ea,0.36,0.4519622211366227,12282.0,6474.0,546.33,NVIDIA GeForce RTX 4070,[N/A],Enabled,Enabled
1702847054.683348,0,GPU-93ae0c7f-c327-aee3-adae-bc0d1dae71ea,0.47,0.4519622211366227,12282.0,6474.0,546.33,NVIDIA GeForce RTX 4070,[N/A],Enabled,Enabled
1702847055.683495,0,GPU-93ae0c7f-c327-aee3-adae-bc0d1dae71ea,0.45,0.4519622211366227,12282.0,6474.0,546.33,NVIDIA GeForce RTX 4070,[N/A],Enabled,Enabled
1702847056.683664,0,GPU-93ae0c7f-c327-aee3-adae-bc0d1dae71ea,0.45,0.4519622211366227,12282.0,6474.0,546.33,NVIDIA GeForce RTX 4070,[N/A],Enabled,Enabled
1702847057.682684,0,GPU-93ae0c7f-c327-aee3-adae-bc0d1dae71ea,0.41,0.4519622211366227,12282.0,6474.0,546.33,NVIDIA GeForce RTX 4070,[N/A],Enabled,Enabled
1702847058.683652,0,GPU-93ae0c7f-c327-aee3-adae-bc0d1dae71ea,0.44,0.4519622211366227,12282.0,6474.0,546.33,NVIDIA GeForce RTX 4070,[N/A],Enabled,Enabled
1702847059.682996,0,GPU-93ae0c7f-c327-aee3-adae-bc0d1dae71ea,0.42,0.4519622211366227,12282.0,6474.0,546.33,NVIDIA GeForce RTX 4070,[N/A],Enabled,Enabled
1702847060.683766,0,GPU-93ae0c7f-c327-aee3-adae-bc0d1dae71ea,0.54,0.4519622211366227,12282.0,6474.0,546.33,NVIDIA GeForce RTX 4070,[N/A],Enabled,Enabled
1702847061.683938,0,GPU-93ae0c7f-c327-aee3-adae-bc0d1dae71ea,0.47,0.4519622211366227,12282.0,6474.0,546.33,NVIDIA GeForce RTX 4070,[N/A],Enabled,Enabled
1702847062.682993,0,GPU-93ae0c7f-c327-aee3-adae-bc0d1dae71ea,0.43,0.4519622211366227,12282.0,6474.0,546.33,NVIDIA GeForce RTX 4070,[N/A],Enabled,Enabled
1702847063.683073,0,GPU-93ae0c7f-c327-aee3-adae-bc0d1dae71ea,0.42,0.4519622211366227,12282.0,6474.0,546.33,NVIDIA GeForce RTX 4070,[N/A],Enabled,Enabled
1702847064.683937,0,GPU-93ae0c7f-c327-aee3-adae-bc0d1dae71ea,0.45,0.4519622211366227,12282.0,6474.0,546.33,NVIDIA GeForce RTX 4070,[N/A],Enabled,Enabled
1702847065.683692,0,GPU-93ae0c7f-c327-aee3-adae-bc0d1dae71ea,0.42,0.4519622211366227,12282.0,6474.0,546.33,NVIDIA GeForce RTX 4070,[N/A],Enabled,Enabled
1702847066.683067,0,GPU-93ae0c7f-c327-aee3-adae-bc0d1dae71ea,0.43,0.4519622211366227,12282.0,6474.0,546.33,NVIDIA GeForce RTX 4070,[N/A],Enabled,Enabled
1702847067.682785,0,GPU-93ae0c7f-c327-aee3-adae-bc0d1dae71ea,0.44,0.4519622211366227,12282.0,6474.0,546.33,NVIDIA GeForce RTX 4070,[N/A],Enabled,Enabled
1702847068.682656,0,GPU-93ae0c7f-c327-aee3-adae-bc0d1dae71ea,0.44,0.4519622211366227,12282.0,6474.0,546.33,NVIDIA GeForce RTX 4070,[N/A],Enabled,Enabled
1702847069.683492,0,GPU-93ae0c7f-c327-aee3-adae-bc0d1dae71ea,0.45,0.4519622211366227,12282.0,6474.0,546.33,NVIDIA GeForce RTX 4070,[N/A],Enabled,Enabled
1702847070.683417,0,GPU-93ae0c7f-c327-aee3-adae-bc0d1dae71ea,0.45,0.4519622211366227,12282.0,6474.0,546.33,NVIDIA GeForce RTX 4070,[N/A],Enabled,Enabled
1702847071.683302,0,GPU-93ae0c7f-c327-aee3-adae-bc0d1dae71ea,0.4,0.4519622211366227,12282.0,6474.0,546.33,NVIDIA GeForce RTX 4070,[N/A],Enabled,Enabled
1702847072.683383,0,GPU-93ae0c7f-c327-aee3-adae-bc0d1dae71ea,0.45,0.4519622211366227,12282.0,6474.0,546.33,NVIDIA GeForce RTX 4070,[N/A],Enabled,Enabled
1702847073.683167,0,GPU-93ae0c7f-c327-aee3-adae-bc0d1dae71ea,0.47,0.4519622211366227,12282.0,6474.0,546.33,NVIDIA GeForce RTX 4070,[N/A],Enabled,Enabled
1702847074.682563,0,GPU-93ae0c7f-c327-aee3-adae-bc0d1dae71ea,0.43,0.4519622211366227,12282.0,6474.0,546.33,NVIDIA GeForce RTX 4070,[N/A],Enabled,Enabled
1702847075.683776,0,GPU-93ae0c7f-c327-aee3-adae-bc0d1dae71ea,0.36,0.4519622211366227,12282.0,6474.0,546.33,NVIDIA GeForce RTX 4070,[N/A],Enabled,Enabled
1702847076.683686,0,GPU-93ae0c7f-c327-aee3-adae-bc0d1dae71ea,0.4,0.4519622211366227,12282.0,6474.0,546.33,NVIDIA GeForce RTX 4070,[N/A],Enabled,Enabled
1702847077.68359,0,GPU-93ae0c7f-c327-aee3-adae-bc0d1dae71ea,0.37,0.4519622211366227,12282.0,6474.0,546.33,NVIDIA GeForce RTX 4070,[N/A],Enabled,Enabled
1702847078.683321,0,GPU-93ae0c7f-c327-aee3-adae-bc0d1dae71ea,0.38,0.4519622211366227,12282.0,6474.0,546.33,NVIDIA GeForce RTX 4070,[N/A],Enabled,Enabled
1702847079.683827,0,GPU-93ae0c7f-c327-aee3-adae-bc0d1dae71ea,0.23,0.45017098192476795,12282.0,6496.0,546.33,NVIDIA GeForce RTX 4070,[N/A],Enabled,Enabled
1702847080.683876,0,GPU-93ae0c7f-c327-aee3-adae-bc0d1dae71ea,0.29,0.45017098192476795,12282.0,6496.0,546.33,NVIDIA GeForce RTX 4070,[N/A],Enabled,Enabled
1702847081.683271,0,GPU-93ae0c7f-c327-aee3-adae-bc0d1dae71ea,0.29,0.45017098192476795,12282.0,6496.0,546.33,NVIDIA GeForce RTX 4070,[N/A],Enabled,Enabled
1702847082.683111,0,GPU-93ae0c7f-c327-aee3-adae-bc0d1dae71ea,0.27,0.44553004396678064,12282.0,6553.0,546.33,NVIDIA GeForce RTX 4070,[N/A],Enabled,Enabled
1702847083.683324,0,GPU-93ae0c7f-c327-aee3-adae-bc0d1dae71ea,0.26,0.45017098192476795,12282.0,6496.0,546.33,NVIDIA GeForce RTX 4070,[N/A],Enabled,Enabled
1702847084.683435,0,GPU-93ae0c7f-c327-aee3-adae-bc0d1dae71ea,0.25,0.44553004396678064,12282.0,6553.0,546.33,NVIDIA GeForce RTX 4070,[N/A],Enabled,Enabled
1702847085.682789,0,GPU-93ae0c7f-c327-aee3-adae-bc0d1dae71ea,0.25,0.44553004396678064,12282.0,6553.0,546.33,NVIDIA GeForce RTX 4070,[N/A],Enabled,Enabled
1702847086.682959,0,GPU-93ae0c7f-c327-aee3-adae-bc0d1dae71ea,0.25,0.44553004396678064,12282.0,6553.0,546.33,NVIDIA GeForce RTX 4070,[N/A],Enabled,Enabled
1702847087.683271,0,GPU-93ae0c7f-c327-aee3-adae-bc0d1dae71ea,0.25,0.44553004396678064,12282.0,6553.0,546.33,NVIDIA GeForce RTX 4070,[N/A],Enabled,Enabled
1702847088.683404,0,GPU-93ae0c7f-c327-aee3-adae-bc0d1dae71ea,0.25,0.44553004396678064,12282.0,6553.0,546.33,NVIDIA GeForce RTX 4070,[N/A],Enabled,Enabled
1702847089.68326,0,GPU-93ae0c7f-c327-aee3-adae-bc0d1dae71ea,0.25,0.44553004396678064,12282.0,6553.0,546.33,NVIDIA GeForce RTX 4070,[N/A],Enabled,Enabled
1702847090.683825,0,GPU-93ae0c7f-c327-aee3-adae-bc0d1dae71ea,0.25,0.44553004396678064,12282.0,6553.0,546.33,NVIDIA GeForce RTX 4070,[N/A],Enabled,Enabled
1702847091.683267,0,GPU-93ae0c7f-c327-aee3-adae-bc0d1dae71ea,0.25,0.44553004396678064,12282.0,6553.0,546.33,NVIDIA GeForce RTX 4070,[N/A],Enabled,Enabled
1702847092.683559,0,GPU-93ae0c7f-c327-aee3-adae-bc0d1dae71ea,0.25,0.44553004396678064,12282.0,6553.0,546.33,NVIDIA GeForce RTX 4070,[N/A],Enabled,Enabled
1702847093.682529,0,GPU-93ae0c7f-c327-aee3-adae-bc0d1dae71ea,0.25,0.44553004396678064,12282.0,6553.0,546.33,NVIDIA GeForce RTX 4070,[N/A],Enabled,Enabled
1702847094.683399,0,GPU-93ae0c7f-c327-aee3-adae-bc0d1dae71ea,0.26,0.44553004396678064,12282.0,6553.0,546.33,NVIDIA GeForce RTX 4070,[N/A],Enabled,Enabled
1702847095.683993,0,GPU-93ae0c7f-c327-aee3-adae-bc0d1dae71ea,0.25,0.44553004396678064,12282.0,6553.0,546.33,NVIDIA GeForce RTX 4070,[N/A],Enabled,Enabled
1702847096.684422,0,GPU-93ae0c7f-c327-aee3-adae-bc0d1dae71ea,0.26,0.44553004396678064,12282.0,6553.0,546.33,NVIDIA GeForce RTX 4070,[N/A],Enabled,Enabled
1702847097.682896,0,GPU-93ae0c7f-c327-aee3-adae-bc0d1dae71ea,0.25,0.44553004396678064,12282.0,6553.0,546.33,NVIDIA GeForce RTX 4070,[N/A],Enabled,Enabled
1702847098.683661,0,GPU-93ae0c7f-c327-aee3-adae-bc0d1dae71ea,0.12,0.24719101123595505,12282.0,8989.0,546.33,NVIDIA GeForce RTX 4070,[N/A],Enabled,Enabled
1702847099.683696,0,GPU-93ae0c7f-c327-aee3-adae-bc0d1dae71ea,0.14,0.24719101123595505,12282.0,8989.0,546.33,NVIDIA GeForce RTX 4070,[N/A],Enabled,Enabled
