timestamp,net.bytes_sent.Bluetooth Network Connection,net.bytes_recv.Bluetooth Network Connection,net.packets_sent.Bluetooth Network Connection,net.packets_recv.Bluetooth Network Connection,net.errin.Bluetooth Network Connection,net.errout.Bluetooth Network Connection,net.dropin.Bluetooth Network Connection,net.dropout.Bluetooth Network Connection,net.bytes_sent.Ethernet,net.bytes_recv.Ethernet,net.packets_sent.Ethernet,net.packets_recv.Ethernet,net.errin.Ethernet,net.errout.Ethernet,net.dropin.Ethernet,net.dropout.Ethernet,net.bytes_sent.Local Area Connection* 10,net.bytes_recv.Local Area Connection* 10,net.packets_sent.Local Area Connection* 10,net.packets_recv.Local Area Connection* 10,net.errin.Local Area Connection* 10,net.errout.Local Area Connection* 10,net.dropin.Local Area Connection* 10,net.dropout.Local Area Connection* 10,net.bytes_sent.Local Area Connection* 9,net.bytes_recv.Local Area Connection* 9,net.packets_sent.Local Area Connection* 9,net.packets_recv.Local Area Connection* 9,net.errin.Local Area Connection* 9,net.errout.Local Area Connection* 9,net.dropin.Local Area Connection* 9,net.dropout.Local Area Connection* 9,net.bytes_sent.Loopback Pseudo-Interface 1,net.bytes_recv.Loopback Pseudo-Interface 1,net.packets_sent.Loopback Pseudo-Interface 1,net.packets_recv.Loopback Pseudo-Interface 1,net.errin.Loopback Pseudo-Interface 1,net.errout.Loopback Pseudo-Interface 1,net.dropin.Loopback Pseudo-Interface 1,net.dropout.Loopback Pseudo-Interface 1,net.bytes_sent.Wi-Fi,net.bytes_recv.Wi-Fi,net.packets_sent.Wi-Fi,net.packets_recv.Wi-Fi,net.errin.Wi-Fi,net.errout.Wi-Fi,net.dropin.Wi-Fi,net.dropout.Wi-Fi,disk.read_count.PhysicalDrive0,disk.read_bytes.PhysicalDrive0,disk.write_count.PhysicalDrive0,disk.write_bytes.PhysicalDrive0,cpu.dpc,cpu.idle,cpu.interrupt,cpu.system,cpu.user,cpu.percent,cpu.freq.current,cpu.freq.min,cpu.freq.max,cpu.ctx_switches,cpu.interrupts,cpu.soft_interrupts,cpu.syscalls
1702738933666.0935,0,0,0,0,0,0,0,0,0,0,0,0,0,0,0,0,0,0,0,0,0,0,0,0,0,0,0,0,0,0,0,0,0,0,0,0,0,0,0,0,1671329143,95678794,147182,251939,0,0,0,0,190725,7325153792,38117,775862784,8.515625,4298.265625,3.609375,65.046875,54.65625,5.6,4701.0,0.0,4701.0,15976989,9182229,0,88056770
1702738934661.0315,0,0,0,0,0,0,0,0,0,0,0,0,0,0,0,0,0,0,0,0,0,0,0,0,0,0,0,0,0,0,0,0,0,0,0,0,0,0,0,0,1673888525,96346900,149330,253174,0,0,0,0,190734,7325411840,38179,776825344,8.5625,4310.0,3.625,65.25,54.71875,2.7,4701.0,0.0,4701.0,16040257,9220265,0,88320324
1702738935659.1514,0,0,0,0,0,0,0,0,0,0,0,0,0,0,0,0,0,0,0,0,0,0,0,0,0,0,0,0,0,0,0,0,0,0,0,0,0,0,0,0,1675999435,97027514,151374,254602,0,0,0,0,190736,7325608448,38270,781195776,8.5625,4321.765625,3.65625,65.390625,54.8125,2.2,4701.0,0.0,4701.0,16164076,9287577,0,88572258
1702738936660.0732,0,0,0,0,0,0,0,0,0,0,0,0,0,0,0,0,0,0,0,0,0,0,0,0,0,0,0,0,0,0,0,0,0,0,0,0,0,0,0,0,1678214850,97695876,153361,255904,0,0,0,0,190740,7325657600,38274,781212160,8.578125,4333.703125,3.65625,65.453125,54.8125,0.7,4701.0,0.0,4701.0,16222393,9321753,0,88771026
1702738937657.2585,0,0,0,0,0,0,0,0,0,0,0,0,0,0,0,0,0,0,0,0,0,0,0,0,0,0,0,0,0,0,0,0,0,0,0,0,0,0,0,0,1679890493,98228830,154949,256962,0,0,0,0,190744,7325743616,38338,783514112,8.625,4345.59375,3.65625,65.53125,54.84375,1.3,4701.0,0.0,4701.0,16262710,9346269,0,88870760
1702738938654.592,0,0,0,0,0,0,0,0,0,0,0,0,0,0,0,0,0,0,0,0,0,0,0,0,0,0,0,0,0,0,0,0,0,0,0,0,0,0,0,0,1681366108,99008227,156442,258183,0,0,0,0,190748,7325850112,38371,783780352,8.640625,4357.40625,3.6875,65.640625,54.90625,1.8,4701.0,0.0,4701.0,16308886,9373473,0,89063774
1702738939664.9202,0,0,0,0,0,0,0,0,0,0,0,0,0,0,0,0,0,0,0,0,0,0,0,0,0,0,0,0,0,0,0,0,0,0,0,0,0,0,0,0,1683819717,99700799,158626,259643,0,0,0,0,190750,7325911552,38441,784529920,8.703125,4369.125,3.71875,65.78125,55.046875,3.1,4701.0,0.0,4701.0,16353884,9400120,0,89183537
1702738940665.428,0,0,0,0,0,0,0,0,0,0,0,0,0,0,0,0,0,0,0,0,0,0,0,0,0,0,0,0,0,0,0,0,0,0,0,0,0,0,0,0,1686078396,100377072,160574,260888,0,0,0,0,190750,7325911552,38441,784529920,8.734375,4380.765625,3.765625,66.0,55.203125,3.7,4701.0,0.0,4701.0,16399097,9426411,0,89370925
1702738941650.2627,0,0,0,0,0,0,0,0,0,0,0,0,0,0,0,0,0,0,0,0,0,0,0,0,0,0,0,0,0,0,0,0,0,0,0,0,0,0,0,0,1688338343,101058788,162608,262286,0,0,0,0,190756,7326075392,38473,784931328,8.75,4392.484375,3.78125,66.0625,55.234375,1.1,4701.0,0.0,4701.0,16445138,9453474,0,89493420
1702738942652.9143,0,0,0,0,0,0,0,0,0,0,0,0,0,0,0,0,0,0,0,0,0,0,0,0,0,0,0,0,0,0,0,0,0,0,0,0,0,0,0,0,1689498943,101722851,163883,263463,0,0,0,0,190757,7326079488,38499,785598976,8.78125,4404.453125,3.828125,66.203125,55.25,1.9,4701.0,0.0,4701.0,16486356,9478280,0,89656570
1702738943655.3252,0,0,0,0,0,0,0,0,0,0,0,0,0,0,0,0,0,0,0,0,0,0,0,0,0,0,0,0,0,0,0,0,0,0,0,0,0,0,0,0,1690813586,102381521,165256,264676,0,0,0,0,190757,7326079488,38511,785791488,8.796875,4416.359375,3.859375,66.34375,55.25,1.6,4701.0,0.0,4701.0,16526760,9502870,0,89766324
1702738944653.6304,0,0,0,0,0,0,0,0,0,0,0,0,0,0,0,0,0,0,0,0,0,0,0,0,0,0,0,0,0,0,0,0,0,0,0,0,0,0,0,0,1693401413,103083675,167481,266137,0,0,0,0,190757,7326079488,38511,785791488,8.796875,4428.140625,3.875,66.4375,55.265625,1.0,4701.0,0.0,4701.0,16573418,9530214,0,89947933
1702738945650.2603,0,0,0,0,0,0,0,0,0,0,0,0,0,0,0,0,0,0,0,0,0,0,0,0,0,0,0,0,0,0,0,0,0,0,0,0,0,0,0,0,1696094893,103735619,169731,267476,0,0,0,0,190760,7326145024,38532,786217472,8.796875,4440.0,3.890625,66.5,55.28125,0.8,4701.0,0.0,4701.0,16615964,9555812,0,90055947
1702738946662.2903,0,0,0,0,0,0,0,0,0,0,0,0,0,0,0,0,0,0,0,0,0,0,0,0,0,0,0,0,0,0,0,0,0,0,0,0,0,0,0,0,1697745670,104401345,171233,268592,0,0,0,0,190760,7326145024,38548,786352640,8.84375,4452.03125,3.90625,66.625,55.3125,1.8,4701.0,0.0,4701.0,16655915,9579938,0,90212822
1702738947662.2024,0,0,0,0,0,0,0,0,0,0,0,0,0,0,0,0,0,0,0,0,0,0,0,0,0,0,0,0,0,0,0,0,0,0,0,0,0,0,0,0,1700440824,105107305,173489,269965,0,0,0,0,191051,7369965568,38589,786811392,8.875,4463.765625,3.921875,66.734375,55.46875,2.6,4701.0,0.0,4701.0,16721935,9616866,0,90392439
1702738948656.2776,0,0,0,0,0,0,0,0,0,0,0,0,0,0,0,0,0,0,0,0,0,0,0,0,0,0,0,0,0,0,0,0,0,0,0,0,0,0,0,0,1702468299,105763828,175317,271151,0,0,0,0,191228,7374696960,38605,787212800,8.90625,4475.0,3.953125,66.859375,56.078125,6.6,4701.0,0.0,4701.0,16773920,9647299,0,90674286
1702738949652.128,0,0,0,0,0,0,0,0,0,0,0,0,0,0,0,0,0,0,0,0,0,0,0,0,0,0,0,0,0,0,0,0,0,0,0,0,0,0,0,0,1704139675,106433691,177001,272523,0,0,0,0,191760,7387747328,38677,788098048,8.9375,4486.515625,3.984375,66.984375,56.28125,3.3,4701.0,0.0,4701.0,16825089,9677357,0,90876874
1702738950661.0393,0,0,0,0,0,0,0,0,0,0,0,0,0,0,0,0,0,0,0,0,0,0,0,0,0,0,0,0,0,0,0,0,0,0,0,0,0,0,0,0,1706531696,107176839,179169,274066,0,0,0,0,191932,7395239936,38737,788646912,8.9375,4498.390625,4.0,67.125,56.40625,2.3,4701.0,0.0,4701.0,16881857,9709862,0,91106597
1702738951660.9136,0,0,0,0,0,0,0,0,0,0,0,0,0,0,0,0,0,0,0,0,0,0,0,0,0,0,0,0,0,0,0,0,0,0,0,0,0,0,0,0,1708604195,107737915,180973,275320,0,0,0,0,192055,7399120896,38737,788646912,9.0,4510.03125,4.0,67.234375,56.703125,3.9,4701.0,0.0,4701.0,16925080,9735128,0,91240475
1702738952650.1694,0,0,0,0,0,0,0,0,0,0,0,0,0,0,0,0,0,0,0,0,0,0,0,0,0,0,0,0,0,0,0,0,0,0,0,0,0,0,0,0,1710869551,108509520,182854,276404,0,0,0,0,192421,7420924928,38781,789232640,9.015625,4521.078125,4.0,67.34375,57.359375,6.6,4701.0,0.0,4701.0,16970968,9762790,0,91456163
1702738953666.4211,0,0,0,0,0,0,0,0,0,0,0,0,0,0,0,0,0,0,0,0,0,0,0,0,0,0,0,0,0,0,0,0,0,0,0,0,0,0,0,0,1713034042,109234345,184986,277926,0,0,0,0,192803,7577340928,38840,789905408,9.0625,4532.6875,4.0625,67.625,57.65625,5.6,4701.0,0.0,4701.0,17057421,9812787,0,91773079
1702738954663.026,0,0,0,0,0,0,0,0,0,0,0,0,0,0,0,0,0,0,0,0,0,0,0,0,0,0,0,0,0,0,0,0,0,0,0,0,0,0,0,0,1713403976,109889691,185663,278761,0,0,0,0,192865,7579388928,38905,791392256,9.109375,4544.3125,4.0625,67.8125,57.84375,3.5,4701.0,0.0,4701.0,17118432,9847025,0,92025671
1702738955665.2566,0,0,0,0,0,0,0,0,0,0,0,0,0,0,0,0,0,0,0,0,0,0,0,0,0,0,0,0,0,0,0,0,0,0,0,0,0,0,0,0,1714897781,110444300,187462,279909,0,0,0,0,193292,7589950976,38920,791539712,9.140625,4556.171875,4.078125,67.90625,57.890625,1.6,4701.0,0.0,4701.0,17171683,9877414,0,92163958
1702738956659.7097,0,0,0,0,0,0,0,0,0,0,0,0,0,0,0,0,0,0,0,0,0,0,0,0,0,0,0,0,0,0,0,0,0,0,0,0,0,0,0,0,1715635035,111327915,189089,281133,0,0,0,0,193539,7596049920,39038,796012544,9.203125,4567.859375,4.109375,68.125,57.984375,3.4,4701.0,0.0,4701.0,17236873,9914556,0,92373723
1702738957659.6353,0,0,0,0,0,0,0,0,0,0,0,0,0,0,0,0,0,0,0,0,0,0,0,0,0,0,0,0,0,0,0,0,0,0,0,0,0,0,0,0,1716443989,112032337,190806,282577,0,0,0,0,193721,7612802048,39098,797429760,9.234375,4579.625,4.109375,68.21875,58.125,2.2,4701.0,0.0,4701.0,17288389,9945858,0,92503818
1702738958658.4949,0,0,0,0,0,0,0,0,0,0,0,0,0,0,0,0,0,0,0,0,0,0,0,0,0,0,0,0,0,0,0,0,0,0,0,0,0,0,0,0,1717402742,112758875,192628,284174,0,0,0,0,193982,7675286528,39149,798105600,9.25,4591.03125,4.140625,68.359375,58.578125,5.3,4701.0,0.0,4701.0,17347306,9979989,0,92787958
1702738959658.6008,0,0,0,0,0,0,0,0,0,0,0,0,0,0,0,0,0,0,0,0,0,0,0,0,0,0,0,0,0,0,0,0,0,0,0,0,0,0,0,0,1718972715,113450551,194545,285544,0,0,0,0,194058,7677450240,39150,798138368,9.25,4602.859375,4.171875,68.46875,58.640625,1.7,4701.0,0.0,4701.0,17407350,10013099,0,92928469
1702738960651.2212,0,0,0,0,0,0,0,0,0,0,0,0,0,0,0,0,0,0,0,0,0,0,0,0,0,0,0,0,0,0,0,0,0,0,0,0,0,0,0,0,1721007819,114070051,196535,286718,0,0,0,0,194058,7677450240,39177,798404608,9.296875,4614.46875,4.171875,68.625,58.6875,2.1,4701.0,0.0,4701.0,17472658,10048659,0,93150194
1702738961652.3762,0,0,0,0,0,0,0,0,0,0,0,0,0,0,0,0,0,0,0,0,0,0,0,0,0,0,0,0,0,0,0,0,0,0,0,0,0,0,0,0,1722952682,114852952,198508,287986,0,0,0,0,194064,7677728768,39214,798842880,9.34375,4626.28125,4.1875,68.765625,58.734375,2.1,4701.0,0.0,4701.0,17537766,10083985,0,93351950
1702738962661.2742,0,0,0,0,0,0,0,0,0,0,0,0,0,0,0,0,0,0,0,0,0,0,0,0,0,0,0,0,0,0,0,0,0,0,0,0,0,0,0,0,1724011324,115577397,200558,289586,0,0,0,0,194389,7727074304,39252,799207424,9.390625,4638.125,4.203125,68.953125,58.890625,3.3,4701.0,0.0,4701.0,17612838,10126038,0,93656191
1702738963658.1401,0,0,0,0,0,0,0,0,0,0,0,0,0,0,0,0,0,0,0,0,0,0,0,0,0,0,0,0,0,0,0,0,0,0,0,0,0,0,0,0,1725561295,116243705,202085,290799,0,0,0,0,194393,7727299584,39252,799207424,9.390625,4650.015625,4.203125,69.0,58.953125,0.9,4701.0,0.0,4701.0,17669525,10158397,0,93785379
1702738964657.5496,0,0,0,0,0,0,0,0,0,0,0,0,0,0,0,0,0,0,0,0,0,0,0,0,0,0,0,0,0,0,0,0,0,0,0,0,0,0,0,0,1728276527,116934057,204325,292156,0,0,0,0,194395,7727447040,39295,799645696,9.390625,4661.84375,4.203125,69.078125,59.046875,1.4,4701.0,0.0,4701.0,17735727,10194449,0,94044124
1702738965656.5332,0,0,0,0,0,0,0,0,0,0,0,0,0,0,0,0,0,0,0,0,0,0,0,0,0,0,0,0,0,0,0,0,0,0,0,0,0,0,0,0,1729764772,117613231,205852,293486,0,0,0,0,194411,7727905792,39338,800264192,9.40625,4673.703125,4.21875,69.171875,59.09375,1.4,4701.0,0.0,4701.0,17785882,10223006,0,94193469
1702738966657.2688,0,0,0,0,0,0,0,0,0,0,0,0,0,0,0,0,0,0,0,0,0,0,0,0,0,0,0,0,0,0,0,0,0,0,0,0,0,0,0,0,1732112854,118280599,207844,294713,0,0,0,0,194412,7728036864,39342,800342016,9.40625,4685.546875,4.21875,69.25,59.171875,1.3,4701.0,0.0,4701.0,17838732,10252764,0,94391965
1702738967652.107,0,0,0,0,0,0,0,0,0,0,0,0,0,0,0,0,0,0,0,0,0,0,0,0,0,0,0,0,0,0,0,0,0,0,0,0,0,0,0,0,1734505144,119008960,210072,296107,0,0,0,0,194420,7728193536,39365,800559104,9.4375,4697.1875,4.234375,69.34375,59.25,1.8,4701.0,0.0,4701.0,17915022,10292916,0,94639832
1702738968649.7253,0,0,0,0,0,0,0,0,0,0,0,0,0,0,0,0,0,0,0,0,0,0,0,0,0,0,0,0,0,0,0,0,0,0,0,0,0,0,0,0,1736741724,119724905,212293,297606,0,0,0,0,194421,7728324608,39402,800845824,9.453125,4709.0625,4.25,69.421875,59.296875,1.3,4701.0,0.0,4701.0,17986764,10331506,0,94936270
1702738969663.3162,0,0,0,0,0,0,0,0,0,0,0,0,0,0,0,0,0,0,0,0,0,0,0,0,0,0,0,0,0,0,0,0,0,0,0,0,0,0,0,0,1738881776,120433542,214207,298858,0,0,0,0,194426,7728504832,39424,801210368,9.484375,4721.078125,4.265625,69.515625,59.375,1.8,4701.0,0.0,4701.0,18049910,10366116,0,95080859
1702738970660.822,0,0,0,0,0,0,0,0,0,0,0,0,0,0,0,0,0,0,0,0,0,0,0,0,0,0,0,0,0,0,0,0,0,0,0,0,0,0,0,0,1741218230,121126282,216205,299971,0,0,0,0,194428,7728640000,39424,801210368,9.5,4732.921875,4.265625,69.640625,59.40625,1.4,4701.0,0.0,4701.0,18116216,10401826,0,95346132
1702738971661.1743,0,0,0,0,0,0,0,0,0,0,0,0,0,0,0,0,0,0,0,0,0,0,0,0,0,0,0,0,0,0,0,0,0,0,0,0,0,0,0,0,1743473262,121848849,218297,301265,0,0,0,0,194429,7728771072,39436,801357824,9.5625,4744.75,4.28125,69.78125,59.4375,2.1,4701.0,0.0,4701.0,18177145,10435500,0,95555517
1702738972658.7874,0,0,0,0,0,0,0,0,0,0,0,0,0,0,0,0,0,0,0,0,0,0,0,0,0,0,0,0,0,0,0,0,0,0,0,0,0,0,0,0,1745720160,122543158,220428,302653,0,0,0,0,194430,7728902144,39453,801587200,9.578125,4756.59375,4.28125,69.828125,59.546875,1.4,4701.0,0.0,4701.0,18239080,10469738,0,95758055
1702738973659.4895,0,0,0,0,0,0,0,0,0,0,0,0,0,0,0,0,0,0,0,0,0,0,0,0,0,0,0,0,0,0,0,0,0,0,0,0,0,0,0,0,1747917461,123262010,222490,304190,0,0,0,0,194445,7740661760,39469,801779712,9.609375,4768.421875,4.296875,69.953125,59.59375,1.8,4701.0,0.0,4701.0,18311518,10508704,0,95945022
1702738974654.434,0,0,0,0,0,0,0,0,0,0,0,0,0,0,0,0,0,0,0,0,0,0,0,0,0,0,0,0,0,0,0,0,0,0,0,0,0,0,0,0,1749085293,123929623,223728,305293,0,0,0,0,194446,7740792832,39473,801861632,9.625,4780.1875,4.3125,70.09375,59.625,1.7,4701.0,0.0,4701.0,18371561,10542034,0,96155894
1702738975649.8643,0,0,0,0,0,0,0,0,0,0,0,0,0,0,0,0,0,0,0,0,0,0,0,0,0,0,0,0,0,0,0,0,0,0,0,0,0,0,0,0,1751479464,124622531,225759,306557,0,0,0,0,194448,7740940288,39503,802340864,9.65625,4791.859375,4.359375,70.234375,59.6875,2.4,4701.0,0.0,4701.0,18429632,10574552,0,96320737
1702738976662.208,0,0,0,0,0,0,0,0,0,0,0,0,0,0,0,0,0,0,0,0,0,0,0,0,0,0,0,0,0,0,0,0,0,0,0,0,0,0,0,0,1752896425,125223701,227895,307820,0,0,0,0,194551,7760708608,39538,802775040,9.703125,4803.765625,4.359375,70.359375,59.84375,2.7,4701.0,0.0,4701.0,18508804,10617244,0,96570246
1702738977659.613,0,0,0,0,0,0,0,0,0,0,0,0,0,0,0,0,0,0,0,0,0,0,0,0,0,0,0,0,0,0,0,0,0,0,0,0,0,0,0,0,1754345766,126031328,229405,309141,0,0,0,0,194555,7760937984,39569,803053568,9.765625,4815.546875,4.390625,70.484375,59.9375,2.6,4701.0,0.0,4701.0,18580747,10656499,0,96728782
1702738978656.3218,0,0,0,0,0,0,0,0,0,0,0,0,0,0,0,0,0,0,0,0,0,0,0,0,0,0,0,0,0,0,0,0,0,0,0,0,0,0,0,0,1755974191,126697601,230944,310301,0,0,0,0,194561,7761208320,39569,803053568,9.78125,4827.3125,4.453125,70.671875,59.984375,2.6,4701.0,0.0,4701.0,18638434,10688292,0,96920867
1702738979652.9978,0,0,0,0,0,0,0,0,0,0,0,0,0,0,0,0,0,0,0,0,0,0,0,0,0,0,0,0,0,0,0,0,0,0,0,0,0,0,0,0,1758727401,127374915,233298,311797,0,0,0,0,194567,7761458176,39605,803508224,9.796875,4839.125,4.46875,70.75,60.015625,1.2,4701.0,0.0,4701.0,18698729,10721556,0,97080741
1702738980661.311,0,0,0,0,0,0,0,0,0,0,0,0,0,0,0,0,0,0,0,0,0,0,0,0,0,0,0,0,0,0,0,0,0,0,0,0,0,0,0,0,1761214378,128117929,235487,313159,0,0,0,0,194569,7761617920,39617,803672064,9.84375,4850.96875,4.484375,70.921875,60.078125,2.4,4701.0,0.0,4701.0,18785075,10766383,0,97318866
1702738981657.3445,0,0,0,0,0,0,0,0,0,0,0,0,0,0,0,0,0,0,0,0,0,0,0,0,0,0,0,0,0,0,0,0,0,0,0,0,0,0,0,0,1763131604,128816108,237522,314532,0,0,0,0,194571,7761781760,39617,803672064,9.859375,4862.890625,4.484375,70.984375,60.09375,0.8,4701.0,0.0,4701.0,18870795,10811508,0,97469940
1702738982657.9463,0,0,0,0,0,0,0,0,0,0,0,0,0,0,0,0,0,0,0,0,0,0,0,0,0,0,0,0,0,0,0,0,0,0,0,0,0,0,0,0,1765283169,129507501,239507,315991,0,0,0,0,194572,7761912832,39634,803905536,9.890625,4874.71875,4.484375,71.09375,60.15625,1.7,4701.0,0.0,4701.0,18950796,10853994,0,97712792
1702738983655.3186,0,0,0,0,0,0,0,0,0,0,0,0,0,0,0,0,0,0,0,0,0,0,0,0,0,0,0,0,0,0,0,0,0,0,0,0,0,0,0,0,1766255935,130176751,240717,317211,0,0,0,0,194573,7761929216,39654,804167680,9.890625,4886.625,4.5,71.140625,60.203125,0.9,4701.0,0.0,4701.0,19004459,10884487,0,97830703
1702738984652.293,0,0,0,0,0,0,0,0,0,0,0,0,0,0,0,0,0,0,0,0,0,0,0,0,0,0,0,0,0,0,0,0,0,0,0,0,0,0,0,0,1769104829,130862795,243098,318664,0,0,0,0,194575,7762191360,39662,804286464,9.890625,4898.34375,4.5,71.203125,60.234375,0.8,4701.0,0.0,4701.0,19058637,10914707,0,98010178
1702738985652.1807,0,0,0,0,0,0,0,0,0,0,0,0,0,0,0,0,0,0,0,0,0,0,0,0,0,0,0,0,0,0,0,0,0,0,0,0,0,0,0,0,1770993275,131572917,244892,320061,0,0,0,0,194579,7762379776,39662,804286464,9.9375,4910.1875,4.515625,71.3125,60.28125,1.8,4701.0,0.0,4701.0,19137462,10956646,0,98188964
1702738986663.0725,0,0,0,0,0,0,0,0,0,0,0,0,0,0,0,0,0,0,0,0,0,0,0,0,0,0,0,0,0,0,0,0,0,0,0,0,0,0,0,0,1773608727,132272120,247141,321485,0,0,0,0,194586,7762703360,39683,804614144,9.9375,4922.3125,4.515625,71.34375,60.3125,0.5,4701.0,0.0,4701.0,19198649,10990292,0,98377649
1702738987661.6458,0,0,0,0,0,0,0,0,0,0,0,0,0,0,0,0,0,0,0,0,0,0,0,0,0,0,0,0,0,0,0,0,0,0,0,0,0,0,0,0,1776113467,132997470,249551,323058,0,0,0,0,194589,7762867200,39698,804904960,9.953125,4934.234375,4.53125,71.390625,60.34375,0.9,4701.0,0.0,4701.0,19279021,11032476,0,98535637
1702738988658.1846,0,0,0,0,0,0,0,0,0,0,0,0,0,0,0,0,0,0,0,0,0,0,0,0,0,0,0,0,0,0,0,0,0,0,0,0,0,0,0,0,1777551729,133702025,251263,324332,0,0,0,0,194594,7763129344,39733,805588992,10.015625,4946.0625,4.5625,71.515625,60.390625,2.2,4701.0,0.0,4701.0,19353177,11072053,0,98745524
1702738989657.6997,0,0,0,0,0,0,0,0,0,0,0,0,0,0,0,0,0,0,0,0,0,0,0,0,0,0,0,0,0,0,0,0,0,0,0,0,0,0,0,0,1779163626,134392085,252896,325674,0,0,0,0,194595,7763260416,39735,805625856,10.078125,4957.859375,4.59375,71.6875,60.40625,2.3,4701.0,0.0,4701.0,19412084,11105005,0,98891437
1702738990658.205,0,0,0,0,0,0,0,0,0,0,0,0,0,0,0,0,0,0,0,0,0,0,0,0,0,0,0,0,0,0,0,0,0,0,0,0,0,0,0,0,1781788330,135083957,255137,327027,0,0,0,0,194599,7763457024,39765,806252544,10.125,4969.6875,4.609375,71.8125,60.453125,1.9,4701.0,0.0,4701.0,19477775,11141474,0,99126913
1702738991651.839,0,0,0,0,0,0,0,0,0,0,0,0,0,0,0,0,0,0,0,0,0,0,0,0,0,0,0,0,0,0,0,0,0,0,0,0,0,0,0,0,1783675629,135760226,256926,328378,0,0,0,0,194603,7763702784,39799,806760448,10.140625,4981.46875,4.609375,71.828125,60.484375,0.5,4701.0,0.0,4701.0,19529054,11170599,0,99253682
1702738992669.0676,0,0,0,0,0,0,0,0,0,0,0,0,0,0,0,0,0,0,0,0,0,0,0,0,0,0,0,0,0,0,0,0,0,0,0,0,0,0,0,0,1786606412,136462687,259426,329738,0,0,0,0,194607,7763813376,39814,806985728,10.15625,4993.65625,4.640625,71.921875,60.546875,1.6,4701.0,0.0,4701.0,19594726,11206090,0,99458059
1702738993663.7896,0,0,0,0,0,0,0,0,0,0,0,0,0,0,0,0,0,0,0,0,0,0,0,0,0,0,0,0,0,0,0,0,0,0,0,0,0,0,0,0,1788384586,137167094,261270,330996,0,0,0,0,194608,7763944448,39814,806985728,10.15625,5005.390625,4.65625,71.96875,60.609375,1.1,4701.0,0.0,4701.0,19657851,11240456,0,99602530
1702738994656.149,0,0,0,0,0,0,0,0,0,0,0,0,0,0,0,0,0,0,0,0,0,0,0,0,0,0,0,0,0,0,0,0,0,0,0,0,0,0,0,0,1788858650,137803899,262128,332105,0,0,0,0,194613,7764190208,39834,807272448,10.171875,5017.296875,4.671875,72.03125,60.625,0.9,4701.0,0.0,4701.0,19707070,11268763,0,99775307
1702738995662.406,0,0,0,0,0,0,0,0,0,0,0,0,0,0,0,0,0,0,0,0,0,0,0,0,0,0,0,0,0,0,0,0,0,0,0,0,0,0,0,0,1791282574,138278573,264013,333123,0,0,0,0,194614,7764321280,39842,807362560,10.1875,5029.21875,4.6875,72.109375,60.640625,1.0,4701.0,0.0,4701.0,19746873,11292256,0,99871300
1702738996656.433,0,0,0,0,0,0,0,0,0,0,0,0,0,0,0,0,0,0,0,0,0,0,0,0,0,0,0,0,0,0,0,0,0,0,0,0,0,0,0,0,1793821089,139168089,266161,334502,0,0,0,0,194615,7764452352,39842,807362560,10.203125,5041.0625,4.6875,72.203125,60.703125,1.4,4701.0,0.0,4701.0,19804228,11324262,0,100066122
1702738997658.1438,0,0,0,0,0,0,0,0,0,0,0,0,0,0,0,0,0,0,0,0,0,0,0,0,0,0,0,0,0,0,0,0,0,0,0,0,0,0,0,0,1796125037,139912811,268472,336060,0,0,0,0,194618,7764648960,39860,807677952,10.25,5052.921875,4.6875,72.328125,60.71875,1.6,4701.0,0.0,4701.0,19876813,11362986,0,100224272
1702738998654.2932,0,0,0,0,0,0,0,0,0,0,0,0,0,0,0,0,0,0,0,0,0,0,0,0,0,0,0,0,0,0,0,0,0,0,0,0,0,0,0,0,1798498573,140602205,270668,337433,0,0,0,0,194622,7764943872,39879,807997440,10.265625,5064.6875,4.703125,72.453125,60.796875,2.0,4701.0,0.0,4701.0,19938426,11396967,0,100416856
1702738999655.268,0,0,0,0,0,0,0,0,0,0,0,0,0,0,0,0,0,0,0,0,0,0,0,0,0,0,0,0,0,0,0,0,0,0,0,0,0,0,0,0,1800170884,141283971,272359,338787,0,0,0,0,194625,7765124096,39896,808251392,10.328125,5076.515625,4.75,72.609375,60.8125,2.3,4701.0,0.0,4701.0,19998384,11430184,0,100560192
1702739000646.4302,0,0,0,0,0,0,0,0,0,0,0,0,0,0,0,0,0,0,0,0,0,0,0,0,0,0,0,0,0,0,0,0,0,0,0,0,0,0,0,0,1802434455,141958385,274445,340298,0,0,0,0,194626,7765255168,39897,808255488,10.375,5088.09375,4.765625,72.71875,60.96875,2.8,4701.0,0.0,4701.0,20064855,11466634,0,100790505
1702739001651.1309,0,0,0,0,0,0,0,0,0,0,0,0,0,0,0,0,0,0,0,0,0,0,0,0,0,0,0,0,0,0,0,0,0,0,0,0,0,0,0,0,1804932710,142658730,276605,341658,0,0,0,0,194630,7765369856,39939,808976384,10.4375,5099.90625,4.78125,72.859375,61.015625,2.2,4701.0,0.0,4701.0,20118725,11497007,0,100933407
1702739002660.2205,0,0,0,0,0,0,0,0,0,0,0,0,0,0,0,0,0,0,0,0,0,0,0,0,0,0,0,0,0,0,0,0,0,0,0,0,0,0,0,0,1807665202,143381209,279125,343315,0,0,0,0,194634,7765566464,39959,809291776,10.4375,5111.921875,4.828125,73.0,61.046875,1.8,4701.0,0.0,4701.0,20184584,11532992,0,101136800
1702739003650.198,0,0,0,0,0,0,0,0,0,0,0,0,0,0,0,0,0,0,0,0,0,0,0,0,0,0,0,0,0,0,0,0,0,0,0,0,0,0,0,0,1809312596,144099082,280850,344690,0,0,0,0,194637,7765763072,39992,809680896,10.46875,5123.578125,4.875,73.125,61.078125,2.0,4701.0,0.0,4701.0,20251801,11569174,0,101297070
1702739004657.8057,0,0,0,0,0,0,0,0,0,0,0,0,0,0,0,0,0,0,0,0,0,0,0,0,0,0,0,0,0,0,0,0,0,0,0,0,0,0,0,0,1811886772,144790403,283047,346148,0,0,0,0,194638,7765894144,39993,809713664,10.484375,5135.609375,4.875,73.21875,61.140625,1.4,4701.0,0.0,4701.0,20313432,11603401,0,101486866
1702739005658.3523,0,0,0,0,0,0,0,0,0,0,0,0,0,0,0,0,0,0,0,0,0,0,0,0,0,0,0,0,0,0,0,0,0,0,0,0,0,0,0,0,1814189400,145488414,285076,347496,0,0,0,0,194645,7766246400,40009,810070016,10.5,5147.46875,4.875,73.296875,61.203125,1.3,4701.0,0.0,4701.0,20374605,11637366,0,101651771
1702739006651.2366,0,0,0,0,0,0,0,0,0,0,0,0,0,0,0,0,0,0,0,0,0,0,0,0,0,0,0,0,0,0,0,0,0,0,0,0,0,0,0,0,1816099875,146158422,286877,348865,0,0,0,0,194647,7766426624,40021,810356736,10.5,5159.140625,4.875,73.421875,61.21875,1.2,4701.0,0.0,4701.0,20423136,11665230,0,101820689
1702739007650.566,0,0,0,0,0,0,0,0,0,0,0,0,0,0,0,0,0,0,0,0,0,0,0,0,0,0,0,0,0,0,0,0,0,0,0,0,0,0,0,0,1818235870,146853403,288741,350115,0,0,0,0,194651,7766623232,40040,810622976,10.515625,5171.046875,4.890625,73.46875,61.265625,1.0,4701.0,0.0,4701.0,20484772,11698695,0,101970566
1702739008643.97,0,0,0,0,0,0,0,0,0,0,0,0,0,0,0,0,0,0,0,0,0,0,0,0,0,0,0,0,0,0,0,0,0,0,0,0,0,0,0,0,1820230159,147532859,290437,351205,0,0,0,0,194652,7766754304,40041,810655744,10.53125,5182.890625,4.90625,73.5625,61.328125,1.6,4701.0,0.0,4701.0,20536547,11727854,0,102157995
1702739009664.2805,0,0,0,0,0,0,0,0,0,0,0,0,0,0,0,0,0,0,0,0,0,0,0,0,0,0,0,0,0,0,0,0,0,0,0,0,0,0,0,0,1822089657,148220765,292181,352545,0,0,0,0,194654,7766901760,40059,810991616,10.546875,5195.0,4.90625,73.625,61.34375,0.8,4701.0,0.0,4701.0,20583770,11755018,0,102274465
1702739010654.1555,0,0,0,0,0,0,0,0,0,0,0,0,0,0,0,0,0,0,0,0,0,0,0,0,0,0,0,0,0,0,0,0,0,0,0,0,0,0,0,0,1824624674,148924839,294295,353865,0,0,0,0,194656,7767065600,40071,811167744,10.609375,5206.734375,4.9375,73.796875,61.421875,2.8,4701.0,0.0,4701.0,20644630,11788133,0,102471900
1702739011656.2727,0,0,0,0,0,0,0,0,0,0,0,0,0,0,0,0,0,0,0,0,0,0,0,0,0,0,0,0,0,0,0,0,0,0,0,0,0,0,0,0,1827033290,149671931,296569,355321,0,0,0,0,194657,7767196672,40071,811167744,10.65625,5218.59375,4.953125,73.921875,61.453125,1.8,4701.0,0.0,4701.0,20715976,11826356,0,102623419
1702739012659.4993,0,0,0,0,0,0,0,0,0,0,0,0,0,0,0,0,0,0,0,0,0,0,0,0,0,0,0,0,0,0,0,0,0,0,0,0,0,0,0,0,1829103733,150368189,298399,356525,0,0,0,0,195150,7770383360,40093,811585536,10.65625,5230.453125,4.984375,74.015625,61.5,1.4,4701.0,0.0,4701.0,20791847,11866466,0,102877922
1702739013662.9612,0,0,0,0,0,0,0,0,0,0,0,0,0,0,0,0,0,0,0,0,0,0,0,0,0,0,0,0,0,0,0,0,0,0,0,0,0,0,0,0,1830280653,151046784,299764,357818,0,0,0,0,196941,7782073856,40266,813133824,10.6875,5242.359375,5.0,74.109375,61.5,1.2,4701.0,0.0,4701.0,20861222,11904800,0,103034853
1702739014652.3264,0,0,0,0,0,0,0,0,0,0,0,0,0,0,0,0,0,0,0,0,0,0,0,0,0,0,0,0,0,0,0,0,0,0,0,0,0,0,0,0,1832846933,151721183,301979,359262,0,0,0,0,196972,7782757888,40382,814342144,10.703125,5253.953125,5.0625,74.3125,61.515625,2.5,4701.0,0.0,4701.0,20924274,11939515,0,103253614
1702739015655.4185,0,0,0,0,0,0,0,0,0,0,0,0,0,0,0,0,0,0,0,0,0,0,0,0,0,0,0,0,0,0,0,0,0,0,0,0,0,0,0,0,1833752074,152435683,303567,360767,0,0,0,0,197014,7783532032,40528,815390720,10.765625,5265.953125,5.09375,74.421875,61.578125,2.2,4701.0,0.0,4701.0,20995259,11977495,0,103414932
1702739016644.1733,0,0,0,0,0,0,0,0,0,0,0,0,0,0,0,0,0,0,0,0,0,0,0,0,0,0,0,0,0,0,0,0,0,0,0,0,0,0,0,0,1835389729,153107823,305118,361881,0,0,0,0,197016,7783597568,40548,815796224,10.78125,5277.640625,5.109375,74.515625,61.625,1.4,4701.0,0.0,4701.0,21046887,12006619,0,103603884
1702739017662.1523,0,0,0,0,0,0,0,0,0,0,0,0,0,0,0,0,0,0,0,0,0,0,0,0,0,0,0,0,0,0,0,0,0,0,0,0,0,0,0,0,1836373788,153779087,306222,362942,0,0,0,0,197025,7783994880,40567,816152576,10.8125,5289.78125,5.109375,74.5625,61.625,0.6,4701.0,0.0,4701.0,21087066,12030514,0,103698697
1702739018657.188,0,0,0,0,0,0,0,0,0,0,0,0,0,0,0,0,0,0,0,0,0,0,0,0,0,0,0,0,0,0,0,0,0,0,0,0,0,0,0,0,1837352123,154392959,307337,364027,0,0,0,0,197029,7784068608,40584,816414720,10.84375,5301.59375,5.140625,74.75,61.625,2.1,4701.0,0.0,4701.0,21129115,12055450,0,103875776
1702739019657.0056,0,0,0,0,0,0,0,0,0,0,0,0,0,0,0,0,0,0,0,0,0,0,0,0,0,0,0,0,0,0,0,0,0,0,0,0,0,0,0,0,1839895772,155106775,309450,365370,0,0,0,0,197037,7784334848,40659,816902144,10.84375,5313.453125,5.140625,74.8125,61.703125,1.2,4701.0,0.0,4701.0,21175532,12081899,0,103990768
1702739020646.355,0,0,0,0,0,0,0,0,0,0,0,0,0,0,0,0,0,0,0,0,0,0,0,0,0,0,0,0,0,0,0,0,0,0,0,0,0,0,0,0,1842286856,155779505,311513,366766,0,0,0,0,197043,7784793600,40687,817635328,10.84375,5325.15625,5.15625,74.890625,61.734375,1.1,4701.0,0.0,4701.0,21225909,12110701,0,104180266
1702739021661.9182,0,0,0,0,0,0,0,0,0,0,0,0,0,0,0,0,0,0,0,0,0,0,0,0,0,0,0,0,0,0,0,0,0,0,0,0,0,0,0,0,1844728031,156490427,313711,368353,0,0,0,0,197047,7784977920,40708,817922048,10.859375,5337.21875,5.15625,74.953125,61.796875,1.2,4701.0,0.0,4701.0,21277828,12140134,0,104296610
1702739022654.5,0,0,0,0,0,0,0,0,0,0,0,0,0,0,0,0,0,0,0,0,0,0,0,0,0,0,0,0,0,0,0,0,0,0,0,0,0,0,0,0,1847272812,157115046,315804,369581,0,0,0,0,197088,7786356736,40774,820195328,10.859375,5348.984375,5.1875,75.125,61.84375,2.1,4701.0,0.0,4701.0,21336696,12172974,0,104566141
1702739023661.235,0,0,0,0,0,0,0,0,0,0,0,0,0,0,0,0,0,0,0,0,0,0,0,0,0,0,0,0,0,0,0,0,0,0,0,0,0,0,0,0,1849652068,157914208,318183,371224,0,0,0,0,197089,7786487808,40774,820195328,10.921875,5360.859375,5.203125,75.234375,61.875,1.8,4701.0,0.0,4701.0,21408779,12211484,0,104740575
1702739024647.494,0,0,0,0,0,0,0,0,0,0,0,0,0,0,0,0,0,0,0,0,0,0,0,0,0,0,0,0,0,0,0,0,0,0,0,0,0,0,0,0,1851288048,158577749,319758,372348,0,0,0,0,197091,7786635264,40800,820420608,10.921875,5372.53125,5.21875,75.3125,61.9375,1.3,4701.0,0.0,4701.0,21468672,12244747,0,104948531
1702739025663.3228,0,0,0,0,0,0,0,0,0,0,0,0,0,0,0,0,0,0,0,0,0,0,0,0,0,0,0,0,0,0,0,0,0,0,0,0,0,0,0,0,1852956866,159242875,321233,373307,0,0,0,0,197094,7786799104,40824,820781056,10.953125,5384.609375,5.234375,75.375,61.984375,1.3,4701.0,0.0,4701.0,21521849,12274622,0,105079714
1702739026656.082,0,0,0,0,0,0,0,0,0,0,0,0,0,0,0,0,0,0,0,0,0,0,0,0,0,0,0,0,0,0,0,0,0,0,0,0,0,0,0,0,1854101539,159897269,322464,374353,0,0,0,0,197095,7786930176,40824,820781056,10.96875,5396.484375,5.234375,75.484375,62.0,1.2,4701.0,0.0,4701.0,21565294,12299764,0,105246183
1702739027659.6392,0,0,0,0,0,0,0,0,0,0,0,0,0,0,0,0,0,0,0,0,0,0,0,0,0,0,0,0,0,0,0,0,0,0,0,0,0,0,0,0,1855991066,160585045,324251,375721,0,0,0,0,197097,7787077632,40838,821051392,10.96875,5408.40625,5.25,75.546875,62.015625,0.8,4701.0,0.0,4701.0,21610366,12325930,0,105358728
1702739028654.2283,0,0,0,0,0,0,0,0,0,0,0,0,0,0,0,0,0,0,0,0,0,0,0,0,0,0,0,0,0,0,0,0,0,0,0,0,0,0,0,0,1857787829,161244043,325890,376836,0,0,0,0,197353,7788204032,40856,821354496,11.0,5420.234375,5.25,75.65625,62.078125,1.7,4701.0,0.0,4701.0,21660120,12354538,0,105555262
1702739029658.509,0,0,0,0,0,0,0,0,0,0,0,0,0,0,0,0,0,0,0,0,0,0,0,0,0,0,0,0,0,0,0,0,0,0,0,0,0,0,0,0,1859538215,161909520,327483,377920,0,0,0,0,197354,7788220416,40875,821624832,11.0,5432.203125,5.25,75.671875,62.09375,0.3,4701.0,0.0,4701.0,21698970,12377776,0,105657462
1702739030649.9573,0,0,0,0,0,0,0,0,0,0,0,0,0,0,0,0,0,0,0,0,0,0,0,0,0,0,0,0,0,0,0,0,0,0,0,0,0,0,0,0,1861933222,162586871,329515,379256,0,0,0,0,197356,7788482560,40875,821624832,11.046875,5443.875,5.25,75.765625,62.140625,1.6,4701.0,0.0,4701.0,21747410,12405671,0,105836901
1702739031652.2244,0,0,0,0,0,0,0,0,0,0,0,0,0,0,0,0,0,0,0,0,0,0,0,0,0,0,0,0,0,0,0,0,0,0,0,0,0,0,0,0,1864561874,163253630,331727,380669,0,0,0,0,197379,7789215744,40994,822689792,11.09375,5455.796875,5.265625,75.859375,62.1875,1.7,4701.0,0.0,4701.0,21802216,12436125,0,105969185
1702739032659.2954,0,0,0,0,0,0,0,0,0,0,0,0,0,0,0,0,0,0,0,0,0,0,0,0,0,0,0,0,0,0,0,0,0,0,0,0,0,0,0,0,1866988374,164004641,333968,382144,0,0,0,0,197395,7789633536,41114,823574528,11.171875,5467.6875,5.28125,75.984375,62.296875,2.7,4701.0,0.0,4701.0,21881885,12478197,0,106206284
1702739033659.9805,0,0,0,0,0,0,0,0,0,0,0,0,0,0,0,0,0,0,0,0,0,0,0,0,0,0,0,0,0,0,0,0,0,0,0,0,0,0,0,0,1868727248,164690160,335637,383483,0,0,0,0,197397,7789780992,41132,824004608,11.203125,5479.46875,5.28125,76.078125,62.421875,2.1,4701.0,0.0,4701.0,21941086,12511353,0,106340055
1702739034649.3699,0,0,0,0,0,0,0,0,0,0,0,0,0,0,0,0,0,0,0,0,0,0,0,0,0,0,0,0,0,0,0,0,0,0,0,0,0,0,0,0,1870875895,165255497,337475,384644,0,0,0,0,197400,7789928448,41136,824066048,11.234375,5491.125,5.296875,76.1875,62.46875,1.7,4701.0,0.0,4701.0,22000450,12544103,0,106541728
1702739035663.24,0,0,0,0,0,0,0,0,0,0,0,0,0,0,0,0,0,0,0,0,0,0,0,0,0,0,0,0,0,0,0,0,0,0,0,0,0,0,0,0,1872418043,166033592,338955,385758,0,0,0,0,197405,7790141440,41161,824430592,11.234375,5503.25,5.3125,76.234375,62.484375,0.6,4701.0,0.0,4701.0,22047345,12571017,0,106660212
1702739036654.5845,0,0,0,0,0,0,0,0,0,0,0,0,0,0,0,0,0,0,0,0,0,0,0,0,0,0,0,0,0,0,0,0,0,0,0,0,0,0,0,0,1874921915,166715742,341112,387174,0,0,0,0,197406,7790272512,41179,824680448,11.234375,5515.09375,5.3125,76.31249999999909,62.515625,0.9,4701.0,0.0,4701.0,22098980,12600477,0,106863172
1702739037662.9866,0,0,0,0,0,0,0,0,0,0,0,0,0,0,0,0,0,0,0,0,0,0,0,0,0,0,0,0,0,0,0,0,0,0,0,0,0,0,0,0,1877479465,167404171,343184,388351,0,0,0,0,197407,7790403584,41195,824901632,11.25,5527.078125,5.3125,76.34374999999909,62.546875,0.6,4701.0,0.0,4701.0,22149676,12629216,0,106991405
1702739038659.317,0,0,0,0,0,0,0,0,0,0,0,0,0,0,0,0,0,0,0,0,0,0,0,0,0,0,0,0,0,0,0,0,0,0,0,0,0,0,0,0,1879645318,168071870,345049,389575,0,0,0,0,197408,7790534656,41195,824901632,11.265625,5538.953125,5.3125,76.46874999999909,62.546875,1.2,4701.0,0.0,4701.0,22199329,12657537,0,107177490
1702739039661.9084,0,0,0,0,0,0,0,0,0,0,0,0,0,0,0,0,0,0,0,0,0,0,0,0,0,0,0,0,0,0,0,0,0,0,0,0,0,0,0,0,1882058647,168760064,347197,391073,0,0,0,0,197420,7790882816,41296,825958400,11.3125,5550.796875,5.328125,76.59374999999909,62.578125,1.8,4701.0,0.0,4701.0,22260147,12691343,0,107330306
1702739040653.294,0,0,0,0,0,0,0,0,0,0,0,0,0,0,0,0,0,0,0,0,0,0,0,0,0,0,0,0,0,0,0,0,0,0,0,0,0,0,0,0,1883825680,169452821,348955,392527,0,0,0,0,197420,7790882816,41307,826089472,11.328125,5562.609375,5.34375,76.70312499999909,62.609375,1.4,4701.0,0.0,4701.0,22323302,12725556,0,107536682
1702739041654.373,0,0,0,0,0,0,0,0,0,0,0,0,0,0,0,0,0,0,0,0,0,0,0,0,0,0,0,0,0,0,0,0,0,0,0,0,0,0,0,0,1885528452,170129169,350604,393858,0,0,0,0,197422,7791046656,41307,826089472,11.359375,5574.53125,5.34375,76.74999999999909,62.671875,1.2,4701.0,0.0,4701.0,22369318,12752133,0,107655076
1702739042645.075,0,0,0,0,0,0,0,0,0,0,0,0,0,0,0,0,0,0,0,0,0,0,0,0,0,0,0,0,0,0,0,0,0,0,0,0,0,0,0,0,1886460325,170772362,351571,394718,0,0,0,0,197423,7791063040,41326,826404864,11.375,5586.265624999999,5.375,76.8125,62.703125,1.2,4701.0,0.0,4701.0,22409604,12775995,0,107812932
1702739043662.439,0,0,0,0,0,0,0,0,0,0,0,0,0,0,0,0,0,0,0,0,0,0,0,0,0,0,0,0,0,0,0,0,0,0,0,0,0,0,0,0,1888062360,171473781,353188,396031,0,0,0,0,197425,7791210496,41344,826662912,11.390625,5598.406249999999,5.375,76.828125,62.734375,0.5,4701.0,0.0,4701.0,22457422,12803743,0,107946412
1702739044654.2703,0,0,0,0,0,0,0,0,0,0,0,0,0,0,0,0,0,0,0,0,0,0,0,0,0,0,0,0,0,0,0,0,0,0,0,0,0,0,0,0,1890142029,172154644,355033,397276,0,0,0,0,197429,7791505408,41365,826986496,11.421875,5610.062499999999,5.390625,76.984375,62.8125,2.4,4701.0,0.0,4701.0,22507525,12832314,0,108136706
1702739045657.7065,0,0,0,0,0,0,0,0,0,0,0,0,0,0,0,0,0,0,0,0,0,0,0,0,0,0,0,0,0,0,0,0,0,0,0,0,0,0,0,0,1892522243,172828082,357086,398665,0,0,0,0,197430,7791636480,41366,826990592,11.421875,5622.078124999999,5.390625,77.046875,62.84375,0.8,4701.0,0.0,4701.0,22551385,12858057,0,108241417
1702739046650.9448,0,0,0,0,0,0,0,0,0,0,0,0,0,0,0,0,0,0,0,0,0,0,0,0,0,0,0,0,0,0,0,0,0,0,0,0,0,0,0,0,1894381038,173498856,358812,399929,0,0,0,0,197432,7791783936,41383,827228160,11.4375,5633.749999999999,5.390625,77.109375,62.921875,1.3,4701.0,0.0,4701.0,22601235,12886722,0,108422894
1702739047654.4783,0,0,0,0,0,0,0,0,0,0,0,0,0,0,0,0,0,0,0,0,0,0,0,0,0,0,0,0,0,0,0,0,0,0,0,0,0,0,0,0,1896152118,174174441,360488,401217,0,0,0,0,197434,7791931392,41426,827621376,11.453125,5645.874999999999,5.40625,77.15625,62.921875,0.6,4701.0,0.0,4701.0,22646621,12912843,0,108536480
1702739048648.2935,0,0,0,0,0,0,0,0,0,0,0,0,0,0,0,0,0,0,0,0,0,0,0,0,0,0,0,0,0,0,0,0,0,0,0,0,0,0,0,0,1898484378,174848971,362443,402449,0,0,0,0,197447,7792320512,41528,828583936,11.484375,5657.531249999999,5.46875,77.28125,62.96875,2.2,4701.0,0.0,4701.0,22693094,12939854,0,108703404
1702739049652.607,0,0,0,0,0,0,0,0,0,0,0,0,0,0,0,0,0,0,0,0,0,0,0,0,0,0,0,0,0,0,0,0,0,0,0,0,0,0,0,0,1900582089,175529094,364355,403871,0,0,0,0,197448,7792451584,41529,828616704,11.515625,5669.421874999999,5.46875,77.359375,63.0,1.2,4701.0,0.0,4701.0,22738342,12966252,0,108817682
1702739050655.1487,0,0,0,0,0,0,0,0,0,0,0,0,0,0,0,0,0,0,0,0,0,0,0,0,0,0,0,0,0,0,0,0,0,0,0,0,0,0,0,0,1901220150,176194712,365371,405085,0,0,0,0,197451,7792615424,41549,828932096,11.546875,5681.453124999999,5.484375,77.5,63.0,1.5,4701.0,0.0,4701.0,22781886,12991767,0,108974121
1702739051657.8345,0,0,0,0,0,0,0,0,0,0,0,0,0,0,0,0,0,0,0,0,0,0,0,0,0,0,0,0,0,0,0,0,0,0,0,0,0,0,0,0,1902653342,176876609,366882,406421,0,0,0,0,197452,7792648192,41566,829149184,11.59375,5693.359374999999,5.484375,77.59375,63.015625,1.3,4701.0,0.0,4701.0,22827241,13018240,0,109103932
1702739052646.4285,0,0,0,0,0,0,0,0,0,0,0,0,0,0,0,0,0,0,0,0,0,0,0,0,0,0,0,0,0,0,0,0,0,0,0,0,0,0,0,0,1905381071,177545883,369118,407740,0,0,0,0,197457,7792861184,41593,829571072,11.640625,5704.968749999999,5.5,77.734375,63.078125,2.2,4701.0,0.0,4701.0,22873583,13045295,0,109282473
1702739053663.671,0,0,0,0,0,0,0,0,0,0,0,0,0,0,0,0,0,0,0,0,0,0,0,0,0,0,0,0,0,0,0,0,0,0,0,0,0,0,0,0,1907503052,178205393,370990,409014,0,0,0,0,197458,7792992256,41593,829571072,11.65625,5717.078124999999,5.515625,77.8125,63.078125,0.9,4701.0,0.0,4701.0,22938313,13082085,0,109433211
1702739054652.8433,0,0,0,0,0,0,0,0,0,0,0,0,0,0,0,0,0,0,0,0,0,0,0,0,0,0,0,0,0,0,0,0,0,0,0,0,0,0,0,0,1910087849,178895722,373220,410521,0,0,0,0,197466,7793373184,41615,829947904,11.65625,5728.812499999999,5.546875,77.953125,63.140625,2.0,4701.0,0.0,4701.0,23013063,13124010,0,109691211
1702739055655.4287,0,0,0,0,0,0,0,0,0,0,0,0,0,0,0,0,0,0,0,0,0,0,0,0,0,0,0,0,0,0,0,0,0,0,0,0,0,0,0,0,1911883568,179574520,374953,411879,0,0,0,0,197473,7793635328,41734,835002368,11.734375,5740.562499999999,5.546875,78.203125,63.1875,3.1,4701.0,0.0,4701.0,23162884,13204012,0,110007342
1702739056646.0894,0,0,0,0,0,0,0,0,0,0,0,0,0,0,0,0,0,0,0,0,0,0,0,0,0,0,0,0,0,0,0,0,0,0,0,0,0,0,0,0,1914536547,179946947,377013,412990,0,0,0,0,197474,7793766400,41734,835002368,11.78125,5752.124999999999,5.578125,78.40625,63.25,2.9,4701.0,0.0,4701.0,23255946,13255327,0,110248304
1702739057650.1682,0,0,0,0,0,0,0,0,0,0,0,0,0,0,0,0,0,0,0,0,0,0,0,0,0,0,0,0,0,0,0,0,0,0,0,0,0,0,0,0,1915930239,180907946,378640,414244,0,0,0,0,197480,7794012160,41797,835911680,11.8125,5763.968749999999,5.609375,78.546875,63.265625,1.8,4701.0,0.0,4701.0,23323038,13292499,0,110461462
1702739058656.5103,0,0,0,0,0,0,0,0,0,0,0,0,0,0,0,0,0,0,0,0,0,0,0,0,0,0,0,0,0,0,0,0,0,0,0,0,0,0,0,0,1918292297,181592148,380720,415636,0,0,0,0,197483,7794176000,41838,836378624,11.84375,5775.890624999999,5.625,78.734375,63.328125,2.4,4701.0,0.0,4701.0,23379274,13324250,0,110660658
1702739059661.358,0,0,0,0,0,0,0,0,0,0,0,0,0,0,0,0,0,0,0,0,0,0,0,0,0,0,0,0,0,0,0,0,0,0,0,0,0,0,0,0,1919568782,182260184,382063,416733,0,0,0,0,197484,7794307072,41854,836734976,11.890625,5787.703124999999,5.640625,78.875,63.390625,2.2,4701.0,0.0,4701.0,23424425,13350388,0,110774389
1702739060655.2969,0,0,0,0,0,0,0,0,0,0,0,0,0,0,0,0,0,0,0,0,0,0,0,0,0,0,0,0,0,0,0,0,0,0,0,0,0,0,0,0,1921005749,182914247,383496,417888,0,0,0,0,197485,7794438144,41866,836808704,11.890625,5799.390624999999,5.640625,78.921875,63.65625,2.6,4701.0,0.0,4701.0,23475075,13379436,0,110971756
1702739061658.026,0,0,0,0,0,0,0,0,0,0,0,0,0,0,0,0,0,0,0,0,0,0,0,0,0,0,0,0,0,0,0,0,0,0,0,0,0,0,0,0,1923703495,183532648,385627,419004,0,0,0,0,197486,7794569216,41882,837013504,11.90625,5811.359374999999,5.65625,78.953125,63.65625,0.5,4701.0,0.0,4701.0,23518667,13405471,0,111079067
1702739062649.8628,0,0,0,0,0,0,0,0,0,0,0,0,0,0,0,0,0,0,0,0,0,0,0,0,0,0,0,0,0,0,0,0,0,0,0,0,0,0,0,0,1925538890,184261838,387340,420276,0,0,0,0,197488,7794716672,41908,837312512,11.921875,5822.953124999999,5.671875,79.0625,63.765625,2.1,4701.0,0.0,4701.0,23572152,13436359,0,111316973
1702739063654.9192,0,0,0,0,0,0,0,0,0,0,0,0,0,0,0,0,0,0,0,0,0,0,0,0,0,0,0,0,0,0,0,0,0,0,0,0,0,0,0,0,1926940694,184960668,388765,421412,0,0,0,0,197489,7794847744,41931,837718016,11.9375,5835.062499999999,5.6875,79.109375,63.796875,0.9,4701.0,0.0,4701.0,23617355,13463050,0,111445033
1702739064647.3682,0,0,0,0,0,0,0,0,0,0,0,0,0,0,0,0,0,0,0,0,0,0,0,0,0,0,0,0,0,0,0,0,0,0,0,0,0,0,0,0,1929428704,185616524,390804,422650,0,0,0,0,197489,7794847744,41931,837718016,11.953125,5846.796874999999,5.703125,79.1875,63.796875,0.9,4701.0,0.0,4701.0,23663096,13490230,0,111621395
1702739065648.5623,0,0,0,0,0,0,0,0,0,0,0,0,0,0,0,0,0,0,0,0,0,0,0,0,0,0,0,0,0,0,0,0,0,0,0,0,0,0,0,0,1931252199,186285493,392523,423945,0,0,0,0,197490,7794864128,41942,837988352,11.953125,5858.781249999999,5.703125,79.203125,63.796875,0.1,4701.0,0.0,4701.0,23705252,13515625,0,111724307
1702739066657.2915,0,0,0,0,0,0,0,0,0,0,0,0,0,0,0,0,0,0,0,0,0,0,0,0,0,0,0,0,0,0,0,0,0,0,0,0,0,0,0,0,1933525387,186976679,394553,425452,0,0,0,0,197492,7795126272,41953,838189056,11.953125,5870.843749999999,5.734375,79.28125,63.84375,1.3,4701.0,0.0,4701.0,23755229,13544810,0,111897478
1702739067660.2344,0,0,0,0,0,0,0,0,0,0,0,0,0,0,0,0,0,0,0,0,0,0,0,0,0,0,0,0,0,0,0,0,0,0,0,0,0,0,0,0,1933703371,187641932,395268,426585,0,0,0,0,197493,7795142656,41984,838590464,12.046875,5882.593749999999,5.75,79.46875,63.90625,3.0,4701.0,0.0,4701.0,23802480,13572805,0,112077606
1702739068656.156,0,0,0,0,0,0,0,0,0,0,0,0,0,0,0,0,0,0,0,0,0,0,0,0,0,0,0,0,0,0,0,0,0,0,0,0,0,0,0,0,1936357232,188340798,397542,428116,0,0,0,0,197494,7795273728,41986,838664192,12.046875,5894.421874999999,5.765625,79.59375,63.953125,1.6,4701.0,0.0,4701.0,23849601,13600556,0,112242234
1702739069653.8308,0,0,0,0,0,0,0,0,0,0,0,0,0,0,0,0,0,0,0,0,0,0,0,0,0,0,0,0,0,0,0,0,0,0,0,0,0,0,0,0,1938345163,189009777,399408,429524,0,0,0,0,197498,7795666944,42006,838877184,12.078125,5906.281249999999,5.796875,79.6875,63.984375,1.6,4701.0,0.0,4701.0,23900878,13630169,0,112392380
1702739070659.771,0,0,0,0,0,0,0,0,0,0,0,0,0,0,0,0,0,0,0,0,0,0,0,0,0,0,0,0,0,0,0,0,0,0,0,0,0,0,0,0,1940634598,189382195,401149,430394,0,0,0,0,197689,7798742016,42067,839823872,12.09375,5917.968749999999,5.828125,79.921875,64.078125,3.1,4701.0,0.0,4701.0,24010972,13684035,0,112903789
1702739071660.1924,0,0,0,0,0,0,0,0,0,0,0,0,0,0,0,0,0,0,0,0,0,0,0,0,0,0,0,0,0,0,0,0,0,0,0,0,0,0,0,0,1943260219,190429647,403433,431800,0,0,0,0,198352,7810827776,42125,840733184,12.09375,5929.703124999999,5.84375,80.0625,64.203125,2.3,4701.0,0.0,4701.0,24101531,13730582,0,113270830
1702739072654.3735,0,0,0,0,0,0,0,0,0,0,0,0,0,0,0,0,0,0,0,0,0,0,0,0,0,0,0,0,0,0,0,0,0,0,0,0,0,0,0,0,1945945132,191127168,405658,433148,0,0,0,0,198414,7811932672,42170,841183744,12.15625,5941.312499999999,5.84375,80.25000000000091,64.34375,3.3,4701.0,0.0,4701.0,24183212,13770818,0,113606181
1702739073658.258,0,0,0,0,0,0,0,0,0,0,0,0,0,0,0,0,0,0,0,0,0,0,0,0,0,0,0,0,0,0,0,0,0,0,0,0,0,0,0,0,1947658252,191864992,407561,434441,0,0,0,0,198457,7812924928,42217,842473984,12.203125,5953.078124999999,5.859375,80.39062500000091,64.46875,2.7,4701.0,0.0,4701.0,24261531,13809488,0,113962670
1702739074653.2302,0,0,0,0,0,0,0,0,0,0,0,0,0,0,0,0,0,0,0,0,0,0,0,0,0,0,0,0,0,0,0,0,0,0,0,0,0,0,0,0,1949329892,192529282,409139,435599,0,0,0,0,198466,7813177344,42254,842891776,12.21875,5964.578124999999,5.875,80.75000000000091,64.59375,4.3,4701.0,0.0,4701.0,24321872,13841958,0,115065450
1702739075653.023,0,0,0,0,0,0,0,0,0,0,0,0,0,0,0,0,0,0,0,0,0,0,0,0,0,0,0,0,0,0,0,0,0,0,0,0,0,0,0,0,1951762920,193219923,411164,436870,0,0,0,0,198488,7813577216,42264,843022848,12.21875,5975.953124999999,5.875,81.20312500000091,64.765625,5.2,4701.0,0.0,4701.0,24373328,13869660,0,115859636
1702739076659.8218,0,0,0,0,0,0,0,0,0,0,0,0,0,0,0,0,0,0,0,0,0,0,0,0,0,0,0,0,0,0,0,0,0,0,0,0,0,0,0,0,1954225137,193897729,413253,438081,0,0,0,0,198539,7814487552,42315,843493888,12.25,5987.671874999999,5.875,81.28125000000091,65.015625,3.0,4701.0,0.0,4701.0,24437269,13901732,0,116169913
1702739077665.3306,0,0,0,0,0,0,0,0,0,0,0,0,0,0,0,0,0,0,0,0,0,0,0,0,0,0,0,0,0,0,0,0,0,0,0,0,0,0,0,0,1954718112,194565611,414052,439059,0,0,0,0,198571,7815071744,42375,844145152,12.265625,5999.234374999999,5.90625,81.48437500000091,65.25,4.0,4701.0,0.0,4701.0,24493740,13929634,0,116449354
1702739078650.2188,0,0,0,0,0,0,0,0,0,0,0,0,0,0,0,0,0,0,0,0,0,0,0,0,0,0,0,0,0,0,0,0,0,0,0,0,0,0,0,0,1957166818,195237639,416183,440516,0,0,0,0,198576,7815268352,42439,844943872,12.28125,6010.484374999999,5.9375,81.71875000000091,65.578125,5.1,4701.0,0.0,4701.0,24559448,13960235,0,116766352
1702739079652.0154,0,0,0,0,0,0,0,0,0,0,0,0,0,0,0,0,0,0,0,0,0,0,0,0,0,0,0,0,0,0,0,0,0,0,0,0,0,0,0,0,1959645926,195936275,418363,442035,0,0,0,0,198579,7815546880,42445,845042176,12.3125,6021.96875,5.9375,82.140625,65.8125,5.6,4701.0,0.0,4701.0,24614897,13988747,0,117436030
1702739080662.0864,0,0,0,0,0,0,0,0,0,0,0,0,0,0,0,0,0,0,0,0,0,0,0,0,0,0,0,0,0,0,0,0,0,0,0,0,0,0,0,0,1962283054,196634622,420569,443340,0,0,0,0,198585,7815759872,42480,845500928,12.328125,6033.359375,5.9375,82.640625,65.96875,5.6,4701.0,0.0,4701.0,24671866,14019139,0,118565180
1702739081665.3345,0,0,0,0,0,0,0,0,0,0,0,0,0,0,0,0,0,0,0,0,0,0,0,0,0,0,0,0,0,0,0,0,0,0,0,0,0,0,0,0,1964813328,197365308,422917,444866,0,0,0,0,198593,7815989760,42527,846152704,12.390625,6045.0,5.953125,82.90625,66.0625,3.6,4701.0,0.0,4701.0,24748675,14056566,0,119012438
1702739082667.346,0,0,0,0,0,0,0,0,0,0,0,0,0,0,0,0,0,0,0,0,0,0,0,0,0,0,0,0,0,0,0,0,0,0,0,0,0,0,0,0,1967174268,198089964,425259,446288,0,0,0,0,198641,7817685504,42571,846545920,12.40625,6056.734375,5.96875,83.03125,66.203125,2.5,4701.0,0.0,4701.0,24829380,14098421,0,119334579
1702739083650.6042,0,0,0,0,0,0,0,0,0,0,0,0,0,0,0,0,0,0,0,0,0,0,0,0,0,0,0,0,0,0,0,0,0,0,0,0,0,0,0,0,1969361347,198799433,427273,447617,0,0,0,0,198644,7817832960,42575,846611456,12.40625,6068.4375,6.0,83.09375,66.25,1.2,4701.0,0.0,4701.0,24893245,14133548,0,119497598
1702739084660.2449,0,0,0,0,0,0,0,0,0,0,0,0,0,0,0,0,0,0,0,0,0,0,0,0,0,0,0,0,0,0,0,0,0,0,0,0,0,0,0,0,1970635327,199481575,428687,448825,0,0,0,0,198647,7817996800,42600,847004672,12.46875,6080.421875,6.015625,83.265625,66.28125,2.3,4701.0,0.0,4701.0,24950021,14165850,0,119644240
1702739085665.7053,0,0,0,0,0,0,0,0,0,0,0,0,0,0,0,0,0,0,0,0,0,0,0,0,0,0,0,0,0,0,0,0,0,0,0,0,0,0,0,0,1972778384,200170277,430605,450220,0,0,0,0,198649,7818144256,42611,847164416,12.46875,6092.34375,6.015625,83.265625,66.359375,0.7,4701.0,0.0,4701.0,25005667,14197783,0,119812804
1702739086664.6497,0,0,0,0,0,0,0,0,0,0,0,0,0,0,0,0,0,0,0,0,0,0,0,0,0,0,0,0,0,0,0,0,0,0,0,0,0,0,0,0,1975267780,200850585,432779,451632,0,0,0,0,198650,7818275328,42614,847266816,12.46875,6104.140625,6.046875,83.390625,66.4375,1.9,4701.0,0.0,4701.0,25054465,14226275,0,119946551
1702739087664.3154,0,0,0,0,0,0,0,0,0,0,0,0,0,0,0,0,0,0,0,0,0,0,0,0,0,0,0,0,0,0,0,0,0,0,0,0,0,0,0,0,1977656730,201427125,434737,452745,0,0,0,0,198655,7818361344,42663,848040960,12.5,6116.0,6.0625,83.5,66.453125,1.4,4701.0,0.0,4701.0,25105518,14255425,0,120159219
1702739088655.9033,0,0,0,0,0,0,0,0,0,0,0,0,0,0,0,0,0,0,0,0,0,0,0,0,0,0,0,0,0,0,0,0,0,0,0,0,0,0,0,0,1978897530,202221033,435997,453750,0,0,0,0,198704,7818935808,42711,848634880,12.546875,6127.78125,6.0625,83.6875,66.5,2.3,4701.0,0.0,4701.0,25155552,14283990,0,120334373
1702739089652.1355,0,0,0,0,0,0,0,0,0,0,0,0,0,0,0,0,0,0,0,0,0,0,0,0,0,0,0,0,0,0,0,0,0,0,0,0,0,0,0,0,1980997330,202892361,437846,454984,0,0,0,0,198705,7819066880,42721,848786432,12.5625,6139.5,6.078125,83.765625,66.515625,1.1,4701.0,0.0,4701.0,25201122,14310978,0,120487106
1702739090662.1216,0,0,0,0,0,0,0,0,0,0,0,0,0,0,0,0,0,0,0,0,0,0,0,0,0,0,0,0,0,0,0,0,0,0,0,0,0,0,0,0,1983517626,203568991,440011,456376,0,0,0,0,198706,7819197952,42721,848786432,12.578125,6151.546875,6.109375,83.890625,66.53125,1.5,4701.0,0.0,4701.0,25248087,14338685,0,120610180
1702739091661.047,0,0,0,0,0,0,0,0,0,0,0,0,0,0,0,0,0,0,0,0,0,0,0,0,0,0,0,0,0,0,0,0,0,0,0,0,0,0,0,0,1985061942,204253290,441626,457768,0,0,0,0,198707,7819329024,42735,848991232,12.609375,6163.390625,6.140625,84.0,66.578125,1.8,4701.0,0.0,4701.0,25299627,14368730,0,120791841
1702739092656.4736,0,0,0,0,0,0,0,0,0,0,0,0,0,0,0,0,0,0,0,0,0,0,0,0,0,0,0,0,0,0,0,0,0,0,0,0,0,0,0,0,1987008200,204885156,443381,458973,0,0,0,0,198709,7819476480,42755,849273856,12.625,6175.265625,6.140625,84.03125,66.640625,0.9,4701.0,0.0,4701.0,25343077,14394584,0,120899234
1702739093652.976,0,0,0,0,0,0,0,0,0,0,0,0,0,0,0,0,0,0,0,0,0,0,0,0,0,0,0,0,0,0,0,0,0,0,0,0,0,0,0,0,1989710015,205579348,445639,460369,0,0,0,0,198712,7819689472,42773,849642496,12.625,6187.0,6.171875,84.1875,66.6875,2.0,4701.0,0.0,4701.0,25395758,14425013,0,121102292
1702739094665.9495,0,0,0,0,0,0,0,0,0,0,0,0,0,0,0,0,0,0,0,0,0,0,0,0,0,0,0,0,0,0,0,0,0,0,0,0,0,0,0,0,1992476842,206270433,447963,461827,0,0,0,0,198713,7819820544,42773,849642496,12.625,6198.984375,6.171875,84.234375,66.734375,0.8,4701.0,0.0,4701.0,25443143,14452909,0,121223911
1702739095661.2417,0,0,0,0,0,0,0,0,0,0,0,0,0,0,0,0,0,0,0,0,0,0,0,0,0,0,0,0,0,0,0,0,0,0,0,0,0,0,0,0,1995117031,206937177,450234,463289,0,0,0,0,198715,7820017152,42787,849978368,12.65625,6210.828125,6.171875,84.375,66.765625,1.7,4701.0,0.0,4701.0,25495092,14483086,0,121390562
1702739096660.0833,0,0,0,0,0,0,0,0,0,0,0,0,0,0,0,0,0,0,0,0,0,0,0,0,0,0,0,0,0,0,0,0,0,0,0,0,0,0,0,0,1997725092,207630106,452457,464689,0,0,0,0,198716,7820148224,42796,850097152,12.6875,6222.671875,6.171875,84.453125,66.84375,1.6,4701.0,0.0,4701.0,25554577,14516312,0,121524495
1702739097659.5437,0,0,0,0,0,0,0,0,0,0,0,0,0,0,0,0,0,0,0,0,0,0,0,0,0,0,0,0,0,0,0,0,0,0,0,0,0,0,0,0,1999273842,208326740,454046,466012,0,0,0,0,198721,7820418560,42829,850621440,12.71875,6234.4375,6.171875,84.578125,66.953125,2.2,4701.0,0.0,4701.0,25621688,14553307,0,121746358
1702739098659.4456,0,0,0,0,0,0,0,0,0,0,0,0,0,0,0,0,0,0,0,0,0,0,0,0,0,0,0,0,0,0,0,0,0,0,0,0,0,0,0,0,2001897994,209006477,456229,467304,0,0,0,0,198722,7820549632,42829,850621440,12.71875,6246.21875,6.203125,84.703125,67.046875,2.1,4701.0,0.0,4701.0,25674983,14583963,0,121913895
1702739099659.5723,0,0,0,0,0,0,0,0,0,0,0,0,0,0,0,0,0,0,0,0,0,0,0,0,0,0,0,0,0,0,0,0,0,0,0,0,0,0,0,0,2004523702,209722648,458662,468794,0,0,0,0,198725,7820779008,42849,851014656,12.765625,6258.125,6.203125,84.796875,67.046875,1.2,4701.0,0.0,4701.0,25745969,14622423,0,122118093
1702739100654.5032,0,0,0,0,0,0,0,0,0,0,0,0,0,0,0,0,0,0,0,0,0,0,0,0,0,0,0,0,0,0,0,0,0,0,0,0,0,0,0,0,2006785496,210458569,460923,470329,0,0,0,0,198732,7821041152,42870,851342336,12.765625,6270.0,6.234375,84.859375,67.09375,1.2,4701.0,0.0,4701.0,25807869,14656999,0,122276483
1702739101664.0425,0,0,0,0,0,0,0,0,0,0,0,0,0,0,0,0,0,0,0,0,0,0,0,0,0,0,0,0,0,0,0,0,0,0,0,0,0,0,0,0,2009073322,211132941,462991,471748,0,0,0,0,198734,7821188608,42878,851735552,12.796875,6281.765625,6.25,85.0,67.203125,2.5,4701.0,0.0,4701.0,25872795,14693034,0,122486479
1702739102660.9705,0,0,0,0,0,0,0,0,0,0,0,0,0,0,0,0,0,0,0,0,0,0,0,0,0,0,0,0,0,0,0,0,0,0,0,0,0,0,0,0,2011377582,211866684,465069,473135,0,0,0,0,198738,7821385216,42907,852075520,12.828125,6293.515625,6.3125,85.203125,67.25,2.8,4701.0,0.0,4701.0,25935487,14727767,0,122633280
1702739103658.0642,0,0,0,0,0,0,0,0,0,0,0,0,0,0,0,0,0,0,0,0,0,0,0,0,0,0,0,0,0,0,0,0,0,0,0,0,0,0,0,0,2013749380,212563645,467138,474489,0,0,0,0,198743,7821729280,42943,852775936,12.859375,6305.203125,6.328125,85.359375,67.40625,3.0,4701.0,0.0,4701.0,26007075,14766589,0,122894553
1702739104657.3655,0,0,0,0,0,0,0,0,0,0,0,0,0,0,0,0,0,0,0,0,0,0,0,0,0,0,0,0,0,0,0,0,0,0,0,0,0,0,0,0,2016142759,213268086,469440,475965,0,0,0,0,198745,7821893120,42956,852976640,12.921875,6317.03125,6.34375,85.46875,67.46875,2.1,4701.0,0.0,4701.0,26068544,14800997,0,123037870
1702739105649.3706,0,0,0,0,0,0,0,0,0,0,0,0,0,0,0,0,0,0,0,0,0,0,0,0,0,0,0,0,0,0,0,0,0,0,0,0,0,0,0,0,2018448820,213958730,471608,477246,0,0,0,0,198746,7822024192,42956,852976640,12.984375,6328.609375,6.375,85.625,67.546875,2.8,4701.0,0.0,4701.0,26127290,14834158,0,123230395
1702739106664.9333,0,0,0,0,0,0,0,0,0,0,0,0,0,0,0,0,0,0,0,0,0,0,0,0,0,0,0,0,0,0,0,0,0,0,0,0,0,0,0,0,2020063434,214661617,473249,478642,0,0,0,0,198749,7822175744,42968,853144576,13.0,6340.578125,6.390625,85.734375,67.65625,2.0,4701.0,0.0,4701.0,26186164,14867609,0,123358939
1702739107653.8027,0,0,0,0,0,0,0,0,0,0,0,0,0,0,0,0,0,0,0,0,0,0,0,0,0,0,0,0,0,0,0,0,0,0,0,0,0,0,0,0,2021941994,215321582,474986,479904,0,0,0,0,198752,7822355968,42991,853427200,13.046875,6352.3125,6.390625,85.875,67.75,2.3,4701.0,0.0,4701.0,26246890,14901198,0,123569921
1702739108661.138,0,0,0,0,0,0,0,0,0,0,0,0,0,0,0,0,0,0,0,0,0,0,0,0,0,0,0,0,0,0,0,0,0,0,0,0,0,0,0,0,2024455043,216005381,477088,481219,0,0,0,0,198755,7822618112,43012,853894144,13.046875,6364.21875,6.390625,85.9375,67.8125,1.0,4701.0,0.0,4701.0,26301342,14932133,0,123734327
1702739109660.8972,0,0,0,0,0,0,0,0,0,0,0,0,0,0,0,0,0,0,0,0,0,0,0,0,0,0,0,0,0,0,0,0,0,0,0,0,0,0,0,0,2026145602,216672512,478730,482543,0,0,0,0,198757,7822781952,43013,853926912,13.0625,6376.03125,6.421875,86.078125,67.859375,1.9,4701.0,0.0,4701.0,26348776,14959969,0,123905215
1702739110659.4514,0,0,0,0,0,0,0,0,0,0,0,0,0,0,0,0,0,0,0,0,0,0,0,0,0,0,0,0,0,0,0,0,0,0,0,0,0,0,0,0,2028827089,217271079,480935,483842,0,0,0,0,198760,7822978560,43031,854295552,13.09375,6387.921875,6.4375,86.140625,67.90625,1.3,4701.0,0.0,4701.0,26396306,14987699,0,124018806
1702739111655.2249,0,0,0,0,0,0,0,0,0,0,0,0,0,0,0,0,0,0,0,0,0,0,0,0,0,0,0,0,0,0,0,0,0,0,0,0,0,0,0,0,2030901577,218018955,482673,484932,0,0,0,0,198763,7823175168,43049,854594560,13.09375,6399.796875,6.453125,86.25,67.921875,1.2,4701.0,0.0,4701.0,26446320,15016355,0,124198850
1702739112655.5552,0,0,0,0,0,0,0,0,0,0,0,0,0,0,0,0,0,0,0,0,0,0,0,0,0,0,0,0,0,0,0,0,0,0,0,0,0,0,0,0,2033055290,218721033,484523,486184,0,0,0,0,198768,7823384064,43072,854889472,13.140625,6411.640625,6.46875,86.34375,67.953125,1.6,4701.0,0.0,4701.0,26496272,15045268,0,124316591
1702739113664.0686,0,0,0,0,0,0,0,0,0,0,0,0,0,0,0,0,0,0,0,0,0,0,0,0,0,0,0,0,0,0,0,0,0,0,0,0,0,0,0,0,2035437197,219472706,487032,487714,0,0,0,0,198769,7823515136,43072,854889472,13.15625,6423.453125,6.484375,86.46875,68.046875,2.1,4701.0,0.0,4701.0,26577295,15088343,0,124593270
1702739114656.0266,0,0,0,0,0,0,0,0,0,0,0,0,0,0,0,0,0,0,0,0,0,0,0,0,0,0,0,0,0,0,0,0,0,0,0,0,0,0,0,0,2035811207,220125306,487761,488698,0,0,0,0,198773,7823842816,43102,855520256,13.1875,6435.21875,6.5,86.625,68.125,2.3,4701.0,0.0,4701.0,26631622,15119412,0,124743681
1702739115658.2263,0,0,0,0,0,0,0,0,0,0,0,0,0,0,0,0,0,0,0,0,0,0,0,0,0,0,0,0,0,0,0,0,0,0,0,0,0,0,0,0,2037359980,220793138,489262,489878,0,0,0,0,198776,7823891968,43121,855782400,13.203125,6447.109375,6.5,86.703125,68.15625,1.0,4701.0,0.0,4701.0,26684091,15149302,0,124951662
1702739116654.0342,0,0,0,0,0,0,0,0,0,0,0,0,0,0,0,0,0,0,0,0,0,0,0,0,0,0,0,0,0,0,0,0,0,0,0,0,0,0,0,0,2038426930,221208249,490324,490754,0,0,0,0,198777,7823920640,43121,855782400,13.25,6458.953125,6.53125,86.84375,68.15625,1.8,4701.0,0.0,4701.0,26720234,15171676,0,125049907
1702739117653.5017,0,0,0,0,0,0,0,0,0,0,0,0,0,0,0,0,0,0,0,0,0,0,0,0,0,0,0,0,0,0,0,0,0,0,0,0,0,0,0,0,2039643924,222056046,491474,491626,0,0,0,0,198782,7824264704,43160,856318976,13.3125,6470.8125,6.5625,86.984375,68.171875,2.1,4701.0,0.0,4701.0,26763820,15197444,0,125223146
1702739118664.0547,0,0,0,0,0,0,0,0,0,0,0,0,0,0,0,0,0,0,0,0,0,0,0,0,0,0,0,0,0,0,0,0,0,0,0,0,0,0,0,0,2041403074,222705166,493081,492810,0,0,0,0,198786,7824526848,43181,856708096,13.3125,6482.71875,6.5625,87.046875,68.203125,0.8,4701.0,0.0,4701.0,26810268,15224490,0,125364399
1702739119663.9685,0,0,0,0,0,0,0,0,0,0,0,0,0,0,0,0,0,0,0,0,0,0,0,0,0,0,0,0,0,0,0,0,0,0,0,0,0,0,0,0,2043898538,223325161,495146,494088,0,0,0,0,198789,7824772608,43208,857195520,13.328125,6494.5625,6.578125,87.171875,68.234375,1.6,4701.0,0.0,4701.0,26859849,15253627,0,125562022
1702739120660.0198,0,0,0,0,0,0,0,0,0,0,0,0,0,0,0,0,0,0,0,0,0,0,0,0,0,0,0,0,0,0,0,0,0,0,0,0,0,0,0,0,2044867962,224098951,496395,495409,0,0,0,0,198793,7825100288,43208,857195520,13.359375,6506.28125,6.609375,87.296875,68.390625,2.8,4701.0,0.0,4701.0,26908259,15281221,0,125691874
1702739121657.1711,0,0,0,0,0,0,0,0,0,0,0,0,0,0,0,0,0,0,0,0,0,0,0,0,0,0,0,0,0,0,0,0,0,0,0,0,0,0,0,0,2047622829,224786888,498653,496721,0,0,0,0,198795,7825280512,43233,857584640,13.40625,6518.125,6.609375,87.40625,68.4375,1.7,4701.0,0.0,4701.0,26959312,15310915,0,125878319
1702739122653.9111,0,0,0,0,0,0,0,0,0,0,0,0,0,0,0,0,0,0,0,0,0,0,0,0,0,0,0,0,0,0,0,0,0,0,0,0,0,0,0,0,2049342862,225454399,500343,498142,0,0,0,0,198799,7825464832,43267,858084352,13.421875,6529.90625,6.625,87.484375,68.484375,1.3,4701.0,0.0,4701.0,27004568,15337764,0,125984991
1702739123653.0476,0,0,0,0,0,0,0,0,0,0,0,0,0,0,0,0,0,0,0,0,0,0,0,0,0,0,0,0,0,0,0,0,0,0,0,0,0,0,0,0,2052046373,226153765,502653,499514,0,0,0,0,198801,7825612288,43282,858375168,13.4375,6541.84375,6.625,87.5625,68.546875,1.3,4701.0,0.0,4701.0,27074170,15375768,0,126230310
1702739124664.1318,0,0,0,0,0,0,0,0,0,0,0,0,0,0,0,0,0,0,0,0,0,0,0,0,0,0,0,0,0,0,0,0,0,0,0,0,0,0,0,0,2053887380,226890775,504797,501006,0,0,0,0,198802,7825743360,43282,858375168,13.484375,6553.6875,6.625,87.640625,68.640625,1.8,4701.0,0.0,4701.0,27143022,15413513,0,126389962
1702739125652.0125,0,0,0,0,0,0,0,0,0,0,0,0,0,0,0,0,0,0,0,0,0,0,0,0,0,0,0,0,0,0,0,0,0,0,0,0,0,0,0,0,2056416885,227475070,506849,502123,0,0,0,0,198805,7825907200,43310,858780672,13.5,6565.234375,6.640625,87.78125,68.765625,2.5,4701.0,0.0,4701.0,27203212,15447406,0,126603807
1702739126662.3281,0,0,0,0,0,0,0,0,0,0,0,0,0,0,0,0,0,0,0,0,0,0,0,0,0,0,0,0,0,0,0,0,0,0,0,0,0,0,0,0,2058767579,228239698,508873,503442,0,0,0,0,198810,7826148864,43331,859124736,13.515625,6577.21875,6.65625,87.90625,68.84375,1.9,4701.0,0.0,4701.0,27261102,15479875,0,126742966
1702739127658.2021,0,0,0,0,0,0,0,0,0,0,0,0,0,0,0,0,0,0,0,0,0,0,0,0,0,0,0,0,0,0,0,0,0,0,0,0,0,0,0,0,2060472470,228910761,510522,504779,0,0,0,0,198812,7826312704,43343,859325440,13.5625,6589.015625,6.671875,88.0625,68.890625,2.2,4701.0,0.0,4701.0,27318371,15511852,0,126930084
1702739128656.1614,0,0,0,0,0,0,0,0,0,0,0,0,0,0,0,0,0,0,0,0,0,0,0,0,0,0,0,0,0,0,0,0,0,0,0,0,0,0,0,0,2061388708,229571755,511696,505980,0,0,0,0,198813,7826443776,43343,859325440,13.5625,6600.875,6.671875,88.140625,68.953125,1.2,4701.0,0.0,4701.0,27366739,15540030,0,127083085
1702739129664.625,0,0,0,0,0,0,0,0,0,0,0,0,0,0,0,0,0,0,0,0,0,0,0,0,0,0,0,0,0,0,0,0,0,0,0,0,0,0,0,0,2063983156,230248458,513826,507239,0,0,0,0,198816,7826624000,43366,859870208,13.5625,6612.765625,6.671875,88.203125,69.0,0.9,4701.0,0.0,4701.0,27413357,15567866,0,127266340
1702739130659.9565,0,0,0,0,0,0,0,0,0,0,0,0,0,0,0,0,0,0,0,0,0,0,0,0,0,0,0,0,0,0,0,0,0,0,0,0,0,0,0,0,2065957764,230915053,515598,508477,0,0,0,0,198822,7827000832,43386,860214272,13.578125,6624.65625,6.6875,88.296875,69.015625,1.2,4701.0,0.0,4701.0,27457238,15593821,0,127362389
1702739131651.123,0,0,0,0,0,0,0,0,0,0,0,0,0,0,0,0,0,0,0,0,0,0,0,0,0,0,0,0,0,0,0,0,0,0,0,0,0,0,0,0,2068558378,231587215,517773,509796,0,0,0,0,198823,7827131904,43389,860234752,13.625,6636.296875,6.6875,88.40625,69.078125,1.8,4701.0,0.0,4701.0,27506093,15622407,0,127558800
1702739132651.9302,0,0,0,0,0,0,0,0,0,0,0,0,0,0,0,0,0,0,0,0,0,0,0,0,0,0,0,0,0,0,0,0,0,0,0,0,0,0,0,0,2071240173,232260021,520004,511132,0,0,0,0,198835,7827443200,43414,860673024,13.65625,6648.203125,6.6875,88.4375,69.140625,1.0,4701.0,0.0,4701.0,27553714,15650198,0,127672448
1702739133664.21,0,0,0,0,0,0,0,0,0,0,0,0,0,0,0,0,0,0,0,0,0,0,0,0,0,0,0,0,0,0,0,0,0,0,0,0,0,0,0,0,2073832073,232937310,522171,512421,0,0,0,0,198839,7827705344,43434,861107200,13.71875,6660.140625,6.6875,88.59375,69.234375,2.6,4701.0,0.0,4701.0,27613738,15683862,0,127904566
1702739134655.923,0,0,0,0,0,0,0,0,0,0,0,0,0,0,0,0,0,0,0,0,0,0,0,0,0,0,0,0,0,0,0,0,0,0,0,0,0,0,0,0,2076396142,233653565,524458,513831,0,0,0,0,198846,7828016640,43488,862061568,13.734375,6671.90625,6.71875,88.734375,69.328125,2.3,4701.0,0.0,4701.0,27676445,15718785,0,128047385
1702739135658.9507,0,0,0,0,0,0,0,0,0,0,0,0,0,0,0,0,0,0,0,0,0,0,0,0,0,0,0,0,0,0,0,0,0,0,0,0,0,0,0,0,2078774085,234373285,526940,515454,0,0,0,0,198847,7828147712,43488,862061568,13.75,6683.71875,6.734375,88.796875,69.453125,1.8,4701.0,0.0,4701.0,27748106,15757922,0,128277793
1702739136656.042,0,0,0,0,0,0,0,0,0,0,0,0,0,0,0,0,0,0,0,0,0,0,0,0,0,0,0,0,0,0,0,0,0,0,0,0,0,0,0,0,2080298747,235044709,528389,516464,0,0,0,0,198851,7828377088,43508,862401536,13.78125,6695.609375,6.734375,88.859375,69.5,1.2,4701.0,0.0,4701.0,27805363,15789945,0,128414568
1702739137652.4236,0,0,0,0,0,0,0,0,0,0,0,0,0,0,0,0,0,0,0,0,0,0,0,0,0,0,0,0,0,0,0,0,0,0,0,0,0,0,0,0,2082237822,235624072,529949,517335,0,0,0,0,198854,7828590080,43523,862659584,13.8125,6707.359375,6.734375,88.890625,69.609375,1.4,4701.0,0.0,4701.0,27858671,15820041,0,128590807
1702739138650.019,0,0,0,0,0,0,0,0,0,0,0,0,0,0,0,0,0,0,0,0,0,0,0,0,0,0,0,0,0,0,0,0,0,0,0,0,0,0,0,0,2083094262,236327024,530927,518293,0,0,0,0,198857,7828884992,43540,863110144,13.8125,6719.203125,6.75,88.953125,69.625,0.8,4701.0,0.0,4701.0,27902933,15845912,0,128728926
1702739139662.886,0,0,0,0,0,0,0,0,0,0,0,0,0,0,0,0,0,0,0,0,0,0,0,0,0,0,0,0,0,0,0,0,0,0,0,0,0,0,0,0,2085022919,236970111,532700,519583,0,0,0,0,198859,7829032448,43544,863179776,13.875,6731.21875,6.78125,89.125,69.625,2.2,4701.0,0.0,4701.0,27951272,15874239,0,128925457
1702739140659.6873,0,0,0,0,0,0,0,0,0,0,0,0,0,0,0,0,0,0,0,0,0,0,0,0,0,0,0,0,0,0,0,0,0,0,0,0,0,0,0,0,2087568230,237695174,534823,520922,0,0,0,0,198862,7829327360,43565,863654912,13.890625,6743.15625,6.78125,89.171875,69.640625,0.7,4701.0,0.0,4701.0,27997928,15901394,0,129043796
1702739141666.3384,0,0,0,0,0,0,0,0,0,0,0,0,0,0,0,0,0,0,0,0,0,0,0,0,0,0,0,0,0,0,0,0,0,0,0,0,0,0,0,0,2089551894,238259427,536533,522026,0,0,0,0,198866,7829573120,43589,864142336,13.953125,6755.0,6.78125,89.28125,69.6875,1.8,4701.0,0.0,4701.0,28050538,15931270,0,129225958
1702739142667.3862,0,0,0,0,0,0,0,0,0,0,0,0,0,0,0,0,0,0,0,0,0,0,0,0,0,0,0,0,0,0,0,0,0,0,0,0,0,0,0,0,2092258595,239059489,538863,523469,0,0,0,0,198870,7829917184,43607,864494592,13.96875,6766.875,6.78125,89.359375,69.734375,1.2,4701.0,0.0,4701.0,28108525,15963892,0,129362814
1702739143661.2864,0,0,0,0,0,0,0,0,0,0,0,0,0,0,0,0,0,0,0,0,0,0,0,0,0,0,0,0,0,0,0,0,0,0,0,0,0,0,0,0,2094547364,239662648,541059,524688,0,0,0,0,198871,7830048256,43608,864498688,14.03125,6778.609375,6.796875,89.546875,69.8125,2.8,4701.0,0.0,4701.0,28178417,16001605,0,129606826
1702739144662.2964,0,0,0,0,0,0,0,0,0,0,0,0,0,0,0,0,0,0,0,0,0,0,0,0,0,0,0,0,0,0,0,0,0,0,0,0,0,0,0,0,2095595262,240422869,542243,525775,0,0,0,0,198875,7830212096,43629,864969728,14.046875,6790.578125,6.796875,89.5625,69.828125,0.4,4701.0,0.0,4701.0,28233403,16032913,0,129737453
1702739145653.0005,0,0,0,0,0,0,0,0,0,0,0,0,0,0,0,0,0,0,0,0,0,0,0,0,0,0,0,0,0,0,0,0,0,0,0,0,0,0,0,0,2097359048,241089273,543862,526973,0,0,0,0,198878,7830425088,43647,865260544,14.09375,6802.390625,6.796875,89.6875,69.875,1.8,4701.0,0.0,4701.0,28280527,16060483,0,129912958
1702739146655.5288,0,0,0,0,0,0,0,0,0,0,0,0,0,0,0,0,0,0,0,0,0,0,0,0,0,0,0,0,0,0,0,0,0,0,0,0,0,0,0,0,2099802974,241769913,545989,528386,0,0,0,0,198879,7830556160,43647,865260544,14.109375,6814.265625,6.828125,89.8125,69.875,1.4,4701.0,0.0,4701.0,28327331,16088044,0,130025285
1702739147650.244,0,0,0,0,0,0,0,0,0,0,0,0,0,0,0,0,0,0,0,0,0,0,0,0,0,0,0,0,0,0,0,0,0,0,0,0,0,0,0,0,2101546003,242414318,547519,529414,0,0,0,0,198883,7830801920,43669,865645568,14.109375,6826.015625,6.828125,89.890625,69.875,0.7,4701.0,0.0,4701.0,28372539,16114462,0,130199928
1702739148653.2463,0,0,0,0,0,0,0,0,0,0,0,0,0,0,0,0,0,0,0,0,0,0,0,0,0,0,0,0,0,0,0,0,0,0,0,0,0,0,0,0,2104063172,243110289,549751,530940,0,0,0,0,198885,7830949376,43691,866112512,14.15625,6837.90625,6.84375,90.046875,69.890625,1.9,4701.0,0.0,4701.0,28422990,16143868,0,130347539
1702739149664.3862,0,0,0,0,0,0,0,0,0,0,0,0,0,0,0,0,0,0,0,0,0,0,0,0,0,0,0,0,0,0,0,0,0,0,0,0,0,0,0,0,2105916554,243784817,551420,532128,0,0,0,0,198888,7831211520,43706,866542592,14.203125,6849.90625,6.859375,90.15625,69.90625,1.5,4701.0,0.0,4701.0,28471519,16171908,0,130530046
1702739150658.2551,0,0,0,0,0,0,0,0,0,0,0,0,0,0,0,0,0,0,0,0,0,0,0,0,0,0,0,0,0,0,0,0,0,0,0,0,0,0,0,0,2107658176,244403221,552963,533175,0,0,0,0,198891,7831473664,43706,866542592,14.203125,6861.828125,6.875,90.234375,69.90625,0.8,4701.0,0.0,4701.0,28515055,16197765,0,130650313
1702739151658.2764,0,0,0,0,0,0,0,0,0,0,0,0,0,0,0,0,0,0,0,0,0,0,0,0,0,0,0,0,0,0,0,0,0,0,0,0,0,0,0,0,2110485773,245124268,555384,534684,0,0,0,0,198893,7831703040,43723,866956288,14.21875,6873.609375,6.875,90.4375,69.921875,2.0,4701.0,0.0,4701.0,28565838,16227274,0,130830360
1702739152654.0278,0,0,0,0,0,0,0,0,0,0,0,0,0,0,0,0,0,0,0,0,0,0,0,0,0,0,0,0,0,0,0,0,0,0,0,0,0,0,0,0,2113097211,245811930,557561,536068,0,0,0,0,198896,7831899648,43740,867243008,14.234375,6885.5,6.875,90.53125,69.9375,1.0,4701.0,0.0,4701.0,28615866,16256139,0,130944979
1702739153651.6572,0,0,0,0,0,0,0,0,0,0,0,0,0,0,0,0,0,0,0,0,0,0,0,0,0,0,0,0,0,0,0,0,0,0,0,0,0,0,0,0,2114573630,246474627,559063,537322,0,0,0,0,198899,7832096256,43757,867492864,14.25,6897.21875,6.875,90.5625,70.0,0.9,4701.0,0.0,4701.0,28669440,16286819,0,131156755
1702739154663.4624,0,0,0,0,0,0,0,0,0,0,0,0,0,0,0,0,0,0,0,0,0,0,0,0,0,0,0,0,0,0,0,0,0,0,0,0,0,0,0,0,2116872559,247153465,561081,538654,0,0,0,0,198900,7832227328,43758,867525632,14.265625,6909.28125,6.875,90.640625,70.046875,1.2,4701.0,0.0,4701.0,28719941,16315976,0,131290083
1702739155662.28,0,0,0,0,0,0,0,0,0,0,0,0,0,0,0,0,0,0,0,0,0,0,0,0,0,0,0,0,0,0,0,0,0,0,0,0,0,0,0,0,2118539891,247823820,562736,539994,0,0,0,0,198903,7832440320,43776,868066304,14.265625,6921.21875,6.875,90.703125,70.046875,0.5,4701.0,0.0,4701.0,28768387,16344185,0,131468351
1702739156657.0854,0,0,0,0,0,0,0,0,0,0,0,0,0,0,0,0,0,0,0,0,0,0,0,0,0,0,0,0,0,0,0,0,0,0,0,0,0,0,0,0,2121403553,248515350,565187,541534,0,0,0,0,198905,7832669696,43789,868365312,14.265625,6933.109375,6.90625,90.78125,70.078125,1.2,4701.0,0.0,4701.0,28817933,16373014,0,131588156
1702739157655.9849,0,0,0,0,0,0,0,0,0,0,0,0,0,0,0,0,0,0,0,0,0,0,0,0,0,0,0,0,0,0,0,0,0,0,0,0,0,0,0,0,2123078382,249195413,566763,542737,0,0,0,0,198908,7832882688,43808,868705280,14.296875,6944.984375,6.90625,90.890625,70.09375,1.3,4701.0,0.0,4701.0,28862986,16399470,0,131756971
1702739158650.1003,0,0,0,0,0,0,0,0,0,0,0,0,0,0,0,0,0,0,0,0,0,0,0,0,0,0,0,0,0,0,0,0,0,0,0,0,0,0,0,0,2125468593,249868755,568860,544160,0,0,0,0,198909,7833013760,43808,868705280,14.328125,6956.65625,6.90625,91.0,70.125,1.5,4701.0,0.0,4701.0,28913713,16428731,0,131891445
1702739159655.4006,0,0,0,0,0,0,0,0,0,0,0,0,0,0,0,0,0,0,0,0,0,0,0,0,0,0,0,0,0,0,0,0,0,0,0,0,0,0,0,0,2127251985,250547878,570557,545499,0,0,0,0,198910,7833079296,43827,869229568,14.34375,6968.6875,6.90625,91.109375,70.171875,1.4,4701.0,0.0,4701.0,28965331,16458356,0,132107166
1702739160651.7988,0,0,0,0,0,0,0,0,0,0,0,0,0,0,0,0,0,0,0,0,0,0,0,0,0,0,0,0,0,0,0,0,0,0,0,0,0,0,0,0,2129928942,251223952,572808,546933,0,0,0,0,198915,7833439744,43854,869590016,14.359375,6980.4375,6.90625,91.15625,70.1875,0.7,4701.0,0.0,4701.0,29017368,16487996,0,132232754
1702739161664.626,0,0,0,0,0,0,0,0,0,0,0,0,0,0,0,0,0,0,0,0,0,0,0,0,0,0,0,0,0,0,0,0,0,0,0,0,0,0,0,0,2131838679,251909223,574577,548247,0,0,0,0,198916,7833570816,43854,869590016,14.390625,6992.484375,6.90625,91.28125,70.203125,1.4,4701.0,0.0,4701.0,29067727,16516976,0,132418196
1702739162663.1155,0,0,0,0,0,0,0,0,0,0,0,0,0,0,0,0,0,0,0,0,0,0,0,0,0,0,0,0,0,0,0,0,0,0,0,0,0,0,0,0,2134412543,252607486,576718,549610,0,0,0,0,198918,7833751040,43866,869803008,14.390625,7004.375,6.90625,91.34375,70.25,0.9,4701.0,0.0,4701.0,29118983,16546298,0,132528031
1702739163662.4233,0,0,0,0,0,0,0,0,0,0,0,0,0,0,0,0,0,0,0,0,0,0,0,0,0,0,0,0,0,0,0,0,0,0,0,0,0,0,0,0,2136969711,253346693,579184,551059,0,0,0,0,198920,7833931264,43876,869979136,14.40625,7016.171875,6.9375,91.484375,70.3125,2.1,4701.0,0.0,4701.0,29194365,16586342,0,132743015
1702739164660.0315,0,0,0,0,0,0,0,0,0,0,0,0,0,0,0,0,0,0,0,0,0,0,0,0,0,0,0,0,0,0,0,0,0,0,0,0,0,0,0,0,2139234565,254053807,581451,552620,0,0,0,0,198923,7834127872,43901,870487040,14.4375,7028.0625,6.953125,91.5625,70.34375,1.3,4701.0,0.0,4701.0,29260063,16622732,0,132922411
1702739165660.38,0,0,0,0,0,0,0,0,0,0,0,0,0,0,0,0,0,0,0,0,0,0,0,0,0,0,0,0,0,0,0,0,0,0,0,0,0,0,0,0,2141178110,254749579,583499,554004,0,0,0,0,198925,7834258944,43901,870487040,14.453125,7039.84375,6.953125,91.6875,70.4375,2.0,4701.0,0.0,4701.0,29321455,16657140,0,133137826
1702739166659.971,0,0,0,0,0,0,0,0,0,0,0,0,0,0,0,0,0,0,0,0,0,0,0,0,0,0,0,0,0,0,0,0,0,0,0,0,0,0,0,0,2143421346,255444209,585504,555335,0,0,0,0,198929,7834471936,43923,870827008,14.46875,7051.734375,6.953125,91.78125,70.453125,1.0,4701.0,0.0,4701.0,29383519,16691482,0,133271668
1702739167663.083,0,0,0,0,0,0,0,0,0,0,0,0,0,0,0,0,0,0,0,0,0,0,0,0,0,0,0,0,0,0,0,0,0,0,0,0,0,0,0,0,2145505142,256143218,587418,556582,0,0,0,0,198931,7834652160,43935,871031808,14.46875,7063.625,6.984375,91.859375,70.484375,1.2,4701.0,0.0,4701.0,29446084,16726069,0,133480539
1702739168649.522,0,0,0,0,0,0,0,0,0,0,0,0,0,0,0,0,0,0,0,0,0,0,0,0,0,0,0,0,0,0,0,0,0,0,0,0,0,0,0,0,2147597140,256823439,589295,557925,0,0,0,0,198933,7834816000,43965,871420928,14.515625,7075.234375,6.984375,91.96875,70.578125,2.1,4701.0,0.0,4701.0,29503753,16758647,0,133609464
1702739169663.0342,0,0,0,0,0,0,0,0,0,0,0,0,0,0,0,0,0,0,0,0,0,0,0,0,0,0,0,0,0,0,0,0,0,0,0,0,0,0,0,0,2149249619,257498847,590883,559157,0,0,0,0,198934,7834942976,43966,871453696,14.515625,7087.203125,6.984375,92.125,70.640625,1.8,4701.0,0.0,4701.0,29565709,16793091,0,133862432
1702739170658.3635,0,0,0,0,0,0,0,0,0,0,0,0,0,0,0,0,0,0,0,0,0,0,0,0,0,0,0,0,0,0,0,0,0,0,0,0,0,0,0,0,2151884697,258186747,593088,560457,0,0,0,0,198937,7835024896,44003,872051712,14.515625,7099.046875,7.015625,92.21875,70.703125,1.6,4701.0,0.0,4701.0,29615636,16822031,0,133998586
1702739171658.8374,0,0,0,0,0,0,0,0,0,0,0,0,0,0,0,0,0,0,0,0,0,0,0,0,0,0,0,0,0,0,0,0,0,0,0,0,0,0,0,0,2153692517,258858818,594838,561861,0,0,0,0,198939,7835106816,44032,872412160,14.53125,7110.875,7.03125,92.3125,70.765625,1.6,4701.0,0.0,4701.0,29666310,16851338,0,134178875
1702739172657.2307,0,0,0,0,0,0,0,0,0,0,0,0,0,0,0,0,0,0,0,0,0,0,0,0,0,0,0,0,0,0,0,0,0,0,0,0,0,0,0,0,2154693522,259480975,595980,562935,0,0,0,0,198940,7835172352,44046,872682496,14.53125,7122.765625,7.046875,92.40625,70.796875,1.2,4701.0,0.0,4701.0,29708652,16876534,0,134291089
1702739173650.0112,0,0,0,0,0,0,0,0,0,0,0,0,0,0,0,0,0,0,0,0,0,0,0,0,0,0,0,0,0,0,0,0,0,0,0,0,0,0,0,0,2157034267,260185448,597954,564158,0,0,0,0,198941,7835184640,44046,872682496,14.546875,7134.484375,7.046875,92.4375,70.859375,0.9,4701.0,0.0,4701.0,29759642,16905477,0,134475463
1702739174657.4116,0,0,0,0,0,0,0,0,0,0,0,0,0,0,0,0,0,0,0,0,0,0,0,0,0,0,0,0,0,0,0,0,0,0,0,0,0,0,0,0,2159883063,260890666,600230,565437,0,0,0,0,198942,7835266560,44063,873001984,14.5625,7146.515625,7.0625,92.515625,70.9375,1.5,4701.0,0.0,4701.0,29815472,16936840,0,134645111
1702739175657.2246,0,0,0,0,0,0,0,0,0,0,0,0,0,0,0,0,0,0,0,0,0,0,0,0,0,0,0,0,0,0,0,0,0,0,0,0,0,0,0,0,2162168233,261579474,602290,566927,0,0,0,0,198964,7835414016,44084,873362432,14.5625,7158.421875,7.0625,92.578125,70.96875,0.8,4701.0,0.0,4701.0,29874496,16969807,0,134853425
1702739176657.9946,0,0,0,0,0,0,0,0,0,0,0,0,0,0,0,0,0,0,0,0,0,0,0,0,0,0,0,0,0,0,0,0,0,0,0,0,0,0,0,0,2164552334,262300706,604745,568329,0,0,0,0,198987,7836060672,44134,873997312,14.640625,7170.0625,7.0625,92.8125,71.09375,3.6,4701.0,0.0,4701.0,29952166,17014400,0,135058609
1702739177661.0447,0,0,0,0,0,0,0,0,0,0,0,0,0,0,0,0,0,0,0,0,0,0,0,0,0,0,0,0,0,0,0,0,0,0,0,0,0,0,0,0,2166447999,263014032,606880,569783,0,0,0,0,198989,7836118016,44134,873997312,14.703125,7180.75,7.078125,93.78125,71.4375,11.5,4701.0,0.0,4701.0,30006080,17060756,0,135358239
1702739178663.1997,0,0,0,0,0,0,0,0,0,0,0,0,0,0,0,0,0,0,0,0,0,0,0,0,0,0,0,0,0,0,0,0,0,0,0,0,0,0,0,0,2168145864,263766607,608589,571161,0,0,0,0,198997,7836250112,44192,874562560,14.703125,7191.453125,7.078125,94.875,71.609375,10.6,4701.0,0.0,4701.0,30051558,17104968,0,135573892
1702739179664.085,0,0,0,0,0,0,0,0,0,0,0,0,0,0,0,0,0,0,0,0,0,0,0,0,0,0,0,0,0,0,0,0,0,0,0,0,0,0,0,0,2170159505,264437288,610394,572417,0,0,0,0,199033,7839782912,44278,876465152,14.734375,7202.53125,7.09375,95.71875,71.703125,8.2,4701.0,0.0,4701.0,30116841,17152242,0,135955376
