timestamp,id,uuid,load,memoryUtil,memoryTotal,memoryUsed,memoryFree,driver,name,serial,display_mode,display_active
1702143835.799761,0,GPU-b342434c-f6b6-7627-333e-da750a9991e6,0.23,0.44609375,10240.0,5498.0,546.17,NVIDIA GeForce RTX 3080,[N/A],Enabled,Enabled
1702143836.795176,0,GPU-b342434c-f6b6-7627-333e-da750a9991e6,0.2,0.48798828125,10240.0,5069.0,546.17,NVIDIA GeForce RTX 3080,[N/A],Enabled,Enabled
1702143837.795146,0,GPU-b342434c-f6b6-7627-333e-da750a9991e6,0.18,0.56728515625,10240.0,4257.0,546.17,NVIDIA GeForce RTX 3080,[N/A],Enabled,Enabled
1702143838.794655,0,GPU-b342434c-f6b6-7627-333e-da750a9991e6,0.16,0.5107421875,10240.0,4836.0,546.17,NVIDIA GeForce RTX 3080,[N/A],Enabled,Enabled
1702143839.795748,0,GPU-b342434c-f6b6-7627-333e-da750a9991e6,0.16,0.51044921875,10240.0,4839.0,546.17,NVIDIA GeForce RTX 3080,[N/A],Enabled,Enabled
1702143840.79453,0,GPU-b342434c-f6b6-7627-333e-da750a9991e6,0.16,0.51044921875,10240.0,4839.0,546.17,NVIDIA GeForce RTX 3080,[N/A],Enabled,Enabled
1702143841.795348,0,GPU-b342434c-f6b6-7627-333e-da750a9991e6,0.17,0.510546875,10240.0,4838.0,546.17,NVIDIA GeForce RTX 3080,[N/A],Enabled,Enabled
1702143842.79539,0,GPU-b342434c-f6b6-7627-333e-da750a9991e6,0.2,0.510546875,10240.0,4838.0,546.17,NVIDIA GeForce RTX 3080,[N/A],Enabled,Enabled
1702143843.794548,0,GPU-b342434c-f6b6-7627-333e-da750a9991e6,0.16,0.51044921875,10240.0,4839.0,546.17,NVIDIA GeForce RTX 3080,[N/A],Enabled,Enabled
1702143844.79493,0,GPU-b342434c-f6b6-7627-333e-da750a9991e6,0.16,0.51044921875,10240.0,4839.0,546.17,NVIDIA GeForce RTX 3080,[N/A],Enabled,Enabled
1702143845.79578,0,GPU-b342434c-f6b6-7627-333e-da750a9991e6,0.15,0.51044921875,10240.0,4839.0,546.17,NVIDIA GeForce RTX 3080,[N/A],Enabled,Enabled
1702143846.795614,0,GPU-b342434c-f6b6-7627-333e-da750a9991e6,0.16,0.51044921875,10240.0,4839.0,546.17,NVIDIA GeForce RTX 3080,[N/A],Enabled,Enabled
1702143847.794847,0,GPU-b342434c-f6b6-7627-333e-da750a9991e6,0.16,0.51044921875,10240.0,4839.0,546.17,NVIDIA GeForce RTX 3080,[N/A],Enabled,Enabled
1702143848.794354,0,GPU-b342434c-f6b6-7627-333e-da750a9991e6,0.17,0.51044921875,10240.0,4839.0,546.17,NVIDIA GeForce RTX 3080,[N/A],Enabled,Enabled
1702143849.795333,0,GPU-b342434c-f6b6-7627-333e-da750a9991e6,0.16,0.510546875,10240.0,4838.0,546.17,NVIDIA GeForce RTX 3080,[N/A],Enabled,Enabled
1702143850.795439,0,GPU-b342434c-f6b6-7627-333e-da750a9991e6,0.16,0.510546875,10240.0,4838.0,546.17,NVIDIA GeForce RTX 3080,[N/A],Enabled,Enabled
1702143851.794845,0,GPU-b342434c-f6b6-7627-333e-da750a9991e6,0.16,0.510546875,10240.0,4838.0,546.17,NVIDIA GeForce RTX 3080,[N/A],Enabled,Enabled
1702143852.795435,0,GPU-b342434c-f6b6-7627-333e-da750a9991e6,0.16,0.512890625,10240.0,4814.0,546.17,NVIDIA GeForce RTX 3080,[N/A],Enabled,Enabled
1702143853.794943,0,GPU-b342434c-f6b6-7627-333e-da750a9991e6,0.16,0.5291015625,10240.0,4648.0,546.17,NVIDIA GeForce RTX 3080,[N/A],Enabled,Enabled
1702143854.794693,0,GPU-b342434c-f6b6-7627-333e-da750a9991e6,0.21,0.5482421875,10240.0,4452.0,546.17,NVIDIA GeForce RTX 3080,[N/A],Enabled,Enabled
1702143855.795497,0,GPU-b342434c-f6b6-7627-333e-da750a9991e6,0.08,0.5197265625,10240.0,4744.0,546.17,NVIDIA GeForce RTX 3080,[N/A],Enabled,Enabled
1702143856.79514,0,GPU-b342434c-f6b6-7627-333e-da750a9991e6,0.27,0.59560546875,10240.0,3967.0,546.17,NVIDIA GeForce RTX 3080,[N/A],Enabled,Enabled
1702143857.795225,0,GPU-b342434c-f6b6-7627-333e-da750a9991e6,0.32,0.83427734375,10240.0,1523.0,546.17,NVIDIA GeForce RTX 3080,[N/A],Enabled,Enabled
1702143858.795261,0,GPU-b342434c-f6b6-7627-333e-da750a9991e6,0.31,0.83134765625,10240.0,1553.0,546.17,NVIDIA GeForce RTX 3080,[N/A],Enabled,Enabled
1702143859.79505,0,GPU-b342434c-f6b6-7627-333e-da750a9991e6,0.32,0.82373046875,10240.0,1631.0,546.17,NVIDIA GeForce RTX 3080,[N/A],Enabled,Enabled
1702143860.794518,0,GPU-b342434c-f6b6-7627-333e-da750a9991e6,0.32,0.8236328125,10240.0,1632.0,546.17,NVIDIA GeForce RTX 3080,[N/A],Enabled,Enabled
1702143861.795466,0,GPU-b342434c-f6b6-7627-333e-da750a9991e6,0.32,0.8236328125,10240.0,1632.0,546.17,NVIDIA GeForce RTX 3080,[N/A],Enabled,Enabled
1702143862.794662,0,GPU-b342434c-f6b6-7627-333e-da750a9991e6,0.32,0.82353515625,10240.0,1633.0,546.17,NVIDIA GeForce RTX 3080,[N/A],Enabled,Enabled
1702143863.79459,0,GPU-b342434c-f6b6-7627-333e-da750a9991e6,0.34,0.82353515625,10240.0,1633.0,546.17,NVIDIA GeForce RTX 3080,[N/A],Enabled,Enabled
1702143864.794721,0,GPU-b342434c-f6b6-7627-333e-da750a9991e6,0.31,0.82353515625,10240.0,1633.0,546.17,NVIDIA GeForce RTX 3080,[N/A],Enabled,Enabled
1702143865.79493,0,GPU-b342434c-f6b6-7627-333e-da750a9991e6,0.31,0.82353515625,10240.0,1633.0,546.17,NVIDIA GeForce RTX 3080,[N/A],Enabled,Enabled
1702143866.7954,0,GPU-b342434c-f6b6-7627-333e-da750a9991e6,0.3,0.82353515625,10240.0,1633.0,546.17,NVIDIA GeForce RTX 3080,[N/A],Enabled,Enabled
1702143867.795254,0,GPU-b342434c-f6b6-7627-333e-da750a9991e6,0.36,0.8236328125,10240.0,1632.0,546.17,NVIDIA GeForce RTX 3080,[N/A],Enabled,Enabled
1702143868.7954,0,GPU-b342434c-f6b6-7627-333e-da750a9991e6,0.35,0.8236328125,10240.0,1632.0,546.17,NVIDIA GeForce RTX 3080,[N/A],Enabled,Enabled
1702143869.794561,0,GPU-b342434c-f6b6-7627-333e-da750a9991e6,0.3,0.8236328125,10240.0,1632.0,546.17,NVIDIA GeForce RTX 3080,[N/A],Enabled,Enabled
1702143870.79483,0,GPU-b342434c-f6b6-7627-333e-da750a9991e6,0.3,0.8236328125,10240.0,1632.0,546.17,NVIDIA GeForce RTX 3080,[N/A],Enabled,Enabled
1702143871.795438,0,GPU-b342434c-f6b6-7627-333e-da750a9991e6,0.3,0.8236328125,10240.0,1632.0,546.17,NVIDIA GeForce RTX 3080,[N/A],Enabled,Enabled
1702143872.795319,0,GPU-b342434c-f6b6-7627-333e-da750a9991e6,0.32,0.8236328125,10240.0,1632.0,546.17,NVIDIA GeForce RTX 3080,[N/A],Enabled,Enabled
1702143873.794365,0,GPU-b342434c-f6b6-7627-333e-da750a9991e6,0.32,0.82353515625,10240.0,1633.0,546.17,NVIDIA GeForce RTX 3080,[N/A],Enabled,Enabled
1702143874.795499,0,GPU-b342434c-f6b6-7627-333e-da750a9991e6,0.31,0.82353515625,10240.0,1633.0,546.17,NVIDIA GeForce RTX 3080,[N/A],Enabled,Enabled
1702143875.79505,0,GPU-b342434c-f6b6-7627-333e-da750a9991e6,0.31,0.82353515625,10240.0,1633.0,546.17,NVIDIA GeForce RTX 3080,[N/A],Enabled,Enabled
1702143876.795832,0,GPU-b342434c-f6b6-7627-333e-da750a9991e6,0.3,0.82353515625,10240.0,1633.0,546.17,NVIDIA GeForce RTX 3080,[N/A],Enabled,Enabled
1702143877.79562,0,GPU-b342434c-f6b6-7627-333e-da750a9991e6,0.31,0.82353515625,10240.0,1633.0,546.17,NVIDIA GeForce RTX 3080,[N/A],Enabled,Enabled
1702143878.795469,0,GPU-b342434c-f6b6-7627-333e-da750a9991e6,0.3,0.82353515625,10240.0,1633.0,546.17,NVIDIA GeForce RTX 3080,[N/A],Enabled,Enabled
1702143879.795041,0,GPU-b342434c-f6b6-7627-333e-da750a9991e6,0.28,0.82353515625,10240.0,1633.0,546.17,NVIDIA GeForce RTX 3080,[N/A],Enabled,Enabled
1702143880.795386,0,GPU-b342434c-f6b6-7627-333e-da750a9991e6,0.29,0.8236328125,10240.0,1632.0,546.17,NVIDIA GeForce RTX 3080,[N/A],Enabled,Enabled
1702143881.794966,0,GPU-b342434c-f6b6-7627-333e-da750a9991e6,0.29,0.8236328125,10240.0,1632.0,546.17,NVIDIA GeForce RTX 3080,[N/A],Enabled,Enabled
1702143882.794675,0,GPU-b342434c-f6b6-7627-333e-da750a9991e6,0.29,0.82353515625,10240.0,1633.0,546.17,NVIDIA GeForce RTX 3080,[N/A],Enabled,Enabled
1702143883.795035,0,GPU-b342434c-f6b6-7627-333e-da750a9991e6,0.34,0.82353515625,10240.0,1633.0,546.17,NVIDIA GeForce RTX 3080,[N/A],Enabled,Enabled
1702143884.794727,0,GPU-b342434c-f6b6-7627-333e-da750a9991e6,0.37,0.82353515625,10240.0,1633.0,546.17,NVIDIA GeForce RTX 3080,[N/A],Enabled,Enabled
1702143885.794518,0,GPU-b342434c-f6b6-7627-333e-da750a9991e6,0.36,0.82353515625,10240.0,1633.0,546.17,NVIDIA GeForce RTX 3080,[N/A],Enabled,Enabled
1702143886.794881,0,GPU-b342434c-f6b6-7627-333e-da750a9991e6,0.35,0.82353515625,10240.0,1633.0,546.17,NVIDIA GeForce RTX 3080,[N/A],Enabled,Enabled
1702143887.794862,0,GPU-b342434c-f6b6-7627-333e-da750a9991e6,0.37,0.82353515625,10240.0,1633.0,546.17,NVIDIA GeForce RTX 3080,[N/A],Enabled,Enabled
1702143888.795493,0,GPU-b342434c-f6b6-7627-333e-da750a9991e6,0.37,0.82353515625,10240.0,1633.0,546.17,NVIDIA GeForce RTX 3080,[N/A],Enabled,Enabled
1702143889.7951,0,GPU-b342434c-f6b6-7627-333e-da750a9991e6,0.37,0.82353515625,10240.0,1633.0,546.17,NVIDIA GeForce RTX 3080,[N/A],Enabled,Enabled
1702143890.795429,0,GPU-b342434c-f6b6-7627-333e-da750a9991e6,0.39,0.82353515625,10240.0,1633.0,546.17,NVIDIA GeForce RTX 3080,[N/A],Enabled,Enabled
1702143891.795715,0,GPU-b342434c-f6b6-7627-333e-da750a9991e6,0.39,0.82353515625,10240.0,1633.0,546.17,NVIDIA GeForce RTX 3080,[N/A],Enabled,Enabled
1702143892.794994,0,GPU-b342434c-f6b6-7627-333e-da750a9991e6,0.45,0.8236328125,10240.0,1632.0,546.17,NVIDIA GeForce RTX 3080,[N/A],Enabled,Enabled
1702143893.795096,0,GPU-b342434c-f6b6-7627-333e-da750a9991e6,0.39,0.8236328125,10240.0,1632.0,546.17,NVIDIA GeForce RTX 3080,[N/A],Enabled,Enabled
1702143894.795285,0,GPU-b342434c-f6b6-7627-333e-da750a9991e6,0.39,0.8240234375,10240.0,1628.0,546.17,NVIDIA GeForce RTX 3080,[N/A],Enabled,Enabled
1702143895.795229,0,GPU-b342434c-f6b6-7627-333e-da750a9991e6,0.36,0.8236328125,10240.0,1632.0,546.17,NVIDIA GeForce RTX 3080,[N/A],Enabled,Enabled
1702143896.794986,0,GPU-b342434c-f6b6-7627-333e-da750a9991e6,0.34,0.8236328125,10240.0,1632.0,546.17,NVIDIA GeForce RTX 3080,[N/A],Enabled,Enabled
1702143897.794987,0,GPU-b342434c-f6b6-7627-333e-da750a9991e6,0.34,0.8232421875,10240.0,1636.0,546.17,NVIDIA GeForce RTX 3080,[N/A],Enabled,Enabled
1702143898.794994,0,GPU-b342434c-f6b6-7627-333e-da750a9991e6,0.34,0.82333984375,10240.0,1635.0,546.17,NVIDIA GeForce RTX 3080,[N/A],Enabled,Enabled
1702143899.795324,0,GPU-b342434c-f6b6-7627-333e-da750a9991e6,0.32,0.82333984375,10240.0,1635.0,546.17,NVIDIA GeForce RTX 3080,[N/A],Enabled,Enabled
1702143900.795236,0,GPU-b342434c-f6b6-7627-333e-da750a9991e6,0.33,0.82373046875,10240.0,1631.0,546.17,NVIDIA GeForce RTX 3080,[N/A],Enabled,Enabled
1702143901.794748,0,GPU-b342434c-f6b6-7627-333e-da750a9991e6,0.37,0.82373046875,10240.0,1631.0,546.17,NVIDIA GeForce RTX 3080,[N/A],Enabled,Enabled
1702143902.794793,0,GPU-b342434c-f6b6-7627-333e-da750a9991e6,0.36,0.8236328125,10240.0,1632.0,546.17,NVIDIA GeForce RTX 3080,[N/A],Enabled,Enabled
1702143903.794817,0,GPU-b342434c-f6b6-7627-333e-da750a9991e6,0.37,0.8236328125,10240.0,1632.0,546.17,NVIDIA GeForce RTX 3080,[N/A],Enabled,Enabled
1702143904.795228,0,GPU-b342434c-f6b6-7627-333e-da750a9991e6,0.36,0.82373046875,10240.0,1631.0,546.17,NVIDIA GeForce RTX 3080,[N/A],Enabled,Enabled
1702143905.795176,0,GPU-b342434c-f6b6-7627-333e-da750a9991e6,0.33,0.82373046875,10240.0,1631.0,546.17,NVIDIA GeForce RTX 3080,[N/A],Enabled,Enabled
1702143906.795605,0,GPU-b342434c-f6b6-7627-333e-da750a9991e6,0.33,0.82373046875,10240.0,1631.0,546.17,NVIDIA GeForce RTX 3080,[N/A],Enabled,Enabled
1702143907.795184,0,GPU-b342434c-f6b6-7627-333e-da750a9991e6,0.32,0.82373046875,10240.0,1631.0,546.17,NVIDIA GeForce RTX 3080,[N/A],Enabled,Enabled
1702143908.794593,0,GPU-b342434c-f6b6-7627-333e-da750a9991e6,0.37,0.82373046875,10240.0,1631.0,546.17,NVIDIA GeForce RTX 3080,[N/A],Enabled,Enabled
1702143909.795229,0,GPU-b342434c-f6b6-7627-333e-da750a9991e6,0.35,0.82373046875,10240.0,1631.0,546.17,NVIDIA GeForce RTX 3080,[N/A],Enabled,Enabled
1702143910.794997,0,GPU-b342434c-f6b6-7627-333e-da750a9991e6,0.36,0.82373046875,10240.0,1631.0,546.17,NVIDIA GeForce RTX 3080,[N/A],Enabled,Enabled
1702143911.795182,0,GPU-b342434c-f6b6-7627-333e-da750a9991e6,0.35,0.82373046875,10240.0,1631.0,546.17,NVIDIA GeForce RTX 3080,[N/A],Enabled,Enabled
1702143912.795517,0,GPU-b342434c-f6b6-7627-333e-da750a9991e6,0.34,0.82373046875,10240.0,1631.0,546.17,NVIDIA GeForce RTX 3080,[N/A],Enabled,Enabled
1702143913.795141,0,GPU-b342434c-f6b6-7627-333e-da750a9991e6,0.33,0.82373046875,10240.0,1631.0,546.17,NVIDIA GeForce RTX 3080,[N/A],Enabled,Enabled
1702143914.795322,0,GPU-b342434c-f6b6-7627-333e-da750a9991e6,0.33,0.82373046875,10240.0,1631.0,546.17,NVIDIA GeForce RTX 3080,[N/A],Enabled,Enabled
1702143915.794572,0,GPU-b342434c-f6b6-7627-333e-da750a9991e6,0.31,0.82373046875,10240.0,1631.0,546.17,NVIDIA GeForce RTX 3080,[N/A],Enabled,Enabled
1702143916.794971,0,GPU-b342434c-f6b6-7627-333e-da750a9991e6,0.32,0.82373046875,10240.0,1631.0,546.17,NVIDIA GeForce RTX 3080,[N/A],Enabled,Enabled
1702143917.795132,0,GPU-b342434c-f6b6-7627-333e-da750a9991e6,0.31,0.82373046875,10240.0,1631.0,546.17,NVIDIA GeForce RTX 3080,[N/A],Enabled,Enabled
1702143918.794921,0,GPU-b342434c-f6b6-7627-333e-da750a9991e6,0.29,0.82373046875,10240.0,1631.0,546.17,NVIDIA GeForce RTX 3080,[N/A],Enabled,Enabled
1702143919.795563,0,GPU-b342434c-f6b6-7627-333e-da750a9991e6,0.25,0.8236328125,10240.0,1632.0,546.17,NVIDIA GeForce RTX 3080,[N/A],Enabled,Enabled
1702143920.79533,0,GPU-b342434c-f6b6-7627-333e-da750a9991e6,0.28,0.8236328125,10240.0,1632.0,546.17,NVIDIA GeForce RTX 3080,[N/A],Enabled,Enabled
1702143921.795603,0,GPU-b342434c-f6b6-7627-333e-da750a9991e6,0.29,0.8236328125,10240.0,1632.0,546.17,NVIDIA GeForce RTX 3080,[N/A],Enabled,Enabled
1702143922.794764,0,GPU-b342434c-f6b6-7627-333e-da750a9991e6,0.33,0.82373046875,10240.0,1631.0,546.17,NVIDIA GeForce RTX 3080,[N/A],Enabled,Enabled
1702143923.795332,0,GPU-b342434c-f6b6-7627-333e-da750a9991e6,0.33,0.82373046875,10240.0,1631.0,546.17,NVIDIA GeForce RTX 3080,[N/A],Enabled,Enabled
1702143924.795345,0,GPU-b342434c-f6b6-7627-333e-da750a9991e6,0.34,0.82373046875,10240.0,1631.0,546.17,NVIDIA GeForce RTX 3080,[N/A],Enabled,Enabled
1702143925.795941,0,GPU-b342434c-f6b6-7627-333e-da750a9991e6,0.33,0.82373046875,10240.0,1631.0,546.17,NVIDIA GeForce RTX 3080,[N/A],Enabled,Enabled
1702143926.794779,0,GPU-b342434c-f6b6-7627-333e-da750a9991e6,0.33,0.82373046875,10240.0,1631.0,546.17,NVIDIA GeForce RTX 3080,[N/A],Enabled,Enabled
1702143927.794676,0,GPU-b342434c-f6b6-7627-333e-da750a9991e6,0.36,0.82373046875,10240.0,1631.0,546.17,NVIDIA GeForce RTX 3080,[N/A],Enabled,Enabled
1702143928.794553,0,GPU-b342434c-f6b6-7627-333e-da750a9991e6,0.34,0.8236328125,10240.0,1632.0,546.17,NVIDIA GeForce RTX 3080,[N/A],Enabled,Enabled
1702143929.794922,0,GPU-b342434c-f6b6-7627-333e-da750a9991e6,0.34,0.8236328125,10240.0,1632.0,546.17,NVIDIA GeForce RTX 3080,[N/A],Enabled,Enabled
1702143930.795118,0,GPU-b342434c-f6b6-7627-333e-da750a9991e6,0.34,0.8236328125,10240.0,1632.0,546.17,NVIDIA GeForce RTX 3080,[N/A],Enabled,Enabled
1702143931.795146,0,GPU-b342434c-f6b6-7627-333e-da750a9991e6,0.35,0.8236328125,10240.0,1632.0,546.17,NVIDIA GeForce RTX 3080,[N/A],Enabled,Enabled
1702143932.794703,0,GPU-b342434c-f6b6-7627-333e-da750a9991e6,0.28,0.8236328125,10240.0,1632.0,546.17,NVIDIA GeForce RTX 3080,[N/A],Enabled,Enabled
1702143933.795767,0,GPU-b342434c-f6b6-7627-333e-da750a9991e6,0.35,0.8236328125,10240.0,1632.0,546.17,NVIDIA GeForce RTX 3080,[N/A],Enabled,Enabled
1702143934.794894,0,GPU-b342434c-f6b6-7627-333e-da750a9991e6,0.35,0.8236328125,10240.0,1632.0,546.17,NVIDIA GeForce RTX 3080,[N/A],Enabled,Enabled
1702143935.795476,0,GPU-b342434c-f6b6-7627-333e-da750a9991e6,0.34,0.8236328125,10240.0,1632.0,546.17,NVIDIA GeForce RTX 3080,[N/A],Enabled,Enabled
1702143936.794821,0,GPU-b342434c-f6b6-7627-333e-da750a9991e6,0.33,0.823828125,10240.0,1630.0,546.17,NVIDIA GeForce RTX 3080,[N/A],Enabled,Enabled
1702143937.795242,0,GPU-b342434c-f6b6-7627-333e-da750a9991e6,0.35,0.823828125,10240.0,1630.0,546.17,NVIDIA GeForce RTX 3080,[N/A],Enabled,Enabled
1702143938.794979,0,GPU-b342434c-f6b6-7627-333e-da750a9991e6,0.34,0.823828125,10240.0,1630.0,546.17,NVIDIA GeForce RTX 3080,[N/A],Enabled,Enabled
1702143939.795638,0,GPU-b342434c-f6b6-7627-333e-da750a9991e6,0.34,0.823828125,10240.0,1630.0,546.17,NVIDIA GeForce RTX 3080,[N/A],Enabled,Enabled
1702143940.795122,0,GPU-b342434c-f6b6-7627-333e-da750a9991e6,0.36,0.823828125,10240.0,1630.0,546.17,NVIDIA GeForce RTX 3080,[N/A],Enabled,Enabled
1702143941.79512,0,GPU-b342434c-f6b6-7627-333e-da750a9991e6,0.35,0.823828125,10240.0,1630.0,546.17,NVIDIA GeForce RTX 3080,[N/A],Enabled,Enabled
1702143942.79524,0,GPU-b342434c-f6b6-7627-333e-da750a9991e6,0.34,0.823828125,10240.0,1630.0,546.17,NVIDIA GeForce RTX 3080,[N/A],Enabled,Enabled
1702143943.794784,0,GPU-b342434c-f6b6-7627-333e-da750a9991e6,0.32,0.82373046875,10240.0,1631.0,546.17,NVIDIA GeForce RTX 3080,[N/A],Enabled,Enabled
1702143944.79521,0,GPU-b342434c-f6b6-7627-333e-da750a9991e6,0.36,0.8236328125,10240.0,1632.0,546.17,NVIDIA GeForce RTX 3080,[N/A],Enabled,Enabled
1702143945.794953,0,GPU-b342434c-f6b6-7627-333e-da750a9991e6,0.31,0.8236328125,10240.0,1632.0,546.17,NVIDIA GeForce RTX 3080,[N/A],Enabled,Enabled
1702143946.794662,0,GPU-b342434c-f6b6-7627-333e-da750a9991e6,0.31,0.8236328125,10240.0,1632.0,546.17,NVIDIA GeForce RTX 3080,[N/A],Enabled,Enabled
1702143947.795055,0,GPU-b342434c-f6b6-7627-333e-da750a9991e6,0.31,0.8236328125,10240.0,1632.0,546.17,NVIDIA GeForce RTX 3080,[N/A],Enabled,Enabled
1702143948.795514,0,GPU-b342434c-f6b6-7627-333e-da750a9991e6,0.32,0.8236328125,10240.0,1632.0,546.17,NVIDIA GeForce RTX 3080,[N/A],Enabled,Enabled
1702143949.795097,0,GPU-b342434c-f6b6-7627-333e-da750a9991e6,0.33,0.8236328125,10240.0,1632.0,546.17,NVIDIA GeForce RTX 3080,[N/A],Enabled,Enabled
1702143950.79463,0,GPU-b342434c-f6b6-7627-333e-da750a9991e6,0.32,0.8240234375,10240.0,1628.0,546.17,NVIDIA GeForce RTX 3080,[N/A],Enabled,Enabled
1702143951.794831,0,GPU-b342434c-f6b6-7627-333e-da750a9991e6,0.32,0.82470703125,10240.0,1621.0,546.17,NVIDIA GeForce RTX 3080,[N/A],Enabled,Enabled
1702143952.794498,0,GPU-b342434c-f6b6-7627-333e-da750a9991e6,0.3,0.8244140625,10240.0,1624.0,546.17,NVIDIA GeForce RTX 3080,[N/A],Enabled,Enabled
1702143953.794776,0,GPU-b342434c-f6b6-7627-333e-da750a9991e6,0.37,0.82421875,10240.0,1626.0,546.17,NVIDIA GeForce RTX 3080,[N/A],Enabled,Enabled
1702143954.794694,0,GPU-b342434c-f6b6-7627-333e-da750a9991e6,0.36,0.823828125,10240.0,1630.0,546.17,NVIDIA GeForce RTX 3080,[N/A],Enabled,Enabled
1702143955.794941,0,GPU-b342434c-f6b6-7627-333e-da750a9991e6,0.38,0.823828125,10240.0,1630.0,546.17,NVIDIA GeForce RTX 3080,[N/A],Enabled,Enabled
1702143956.795184,0,GPU-b342434c-f6b6-7627-333e-da750a9991e6,0.36,0.82392578125,10240.0,1629.0,546.17,NVIDIA GeForce RTX 3080,[N/A],Enabled,Enabled
1702143957.794699,0,GPU-b342434c-f6b6-7627-333e-da750a9991e6,0.33,0.82392578125,10240.0,1629.0,546.17,NVIDIA GeForce RTX 3080,[N/A],Enabled,Enabled
1702143958.794879,0,GPU-b342434c-f6b6-7627-333e-da750a9991e6,0.31,0.82392578125,10240.0,1629.0,546.17,NVIDIA GeForce RTX 3080,[N/A],Enabled,Enabled
1702143959.795476,0,GPU-b342434c-f6b6-7627-333e-da750a9991e6,0.33,0.82392578125,10240.0,1629.0,546.17,NVIDIA GeForce RTX 3080,[N/A],Enabled,Enabled
1702143960.794923,0,GPU-b342434c-f6b6-7627-333e-da750a9991e6,0.35,0.82392578125,10240.0,1629.0,546.17,NVIDIA GeForce RTX 3080,[N/A],Enabled,Enabled
1702143961.795749,0,GPU-b342434c-f6b6-7627-333e-da750a9991e6,0.34,0.82392578125,10240.0,1629.0,546.17,NVIDIA GeForce RTX 3080,[N/A],Enabled,Enabled
1702143962.795472,0,GPU-b342434c-f6b6-7627-333e-da750a9991e6,0.34,0.82392578125,10240.0,1629.0,546.17,NVIDIA GeForce RTX 3080,[N/A],Enabled,Enabled
1702143963.795439,0,GPU-b342434c-f6b6-7627-333e-da750a9991e6,0.35,0.82392578125,10240.0,1629.0,546.17,NVIDIA GeForce RTX 3080,[N/A],Enabled,Enabled
1702143964.794918,0,GPU-b342434c-f6b6-7627-333e-da750a9991e6,0.32,0.8240234375,10240.0,1628.0,546.17,NVIDIA GeForce RTX 3080,[N/A],Enabled,Enabled
1702143965.794673,0,GPU-b342434c-f6b6-7627-333e-da750a9991e6,0.33,0.8244140625,10240.0,1624.0,546.17,NVIDIA GeForce RTX 3080,[N/A],Enabled,Enabled
1702143966.795363,0,GPU-b342434c-f6b6-7627-333e-da750a9991e6,0.3,0.82392578125,10240.0,1629.0,546.17,NVIDIA GeForce RTX 3080,[N/A],Enabled,Enabled
1702143967.794683,0,GPU-b342434c-f6b6-7627-333e-da750a9991e6,0.36,0.82431640625,10240.0,1625.0,546.17,NVIDIA GeForce RTX 3080,[N/A],Enabled,Enabled
1702143968.795073,0,GPU-b342434c-f6b6-7627-333e-da750a9991e6,0.34,0.8240234375,10240.0,1628.0,546.17,NVIDIA GeForce RTX 3080,[N/A],Enabled,Enabled
1702143969.794608,0,GPU-b342434c-f6b6-7627-333e-da750a9991e6,0.33,0.82431640625,10240.0,1625.0,546.17,NVIDIA GeForce RTX 3080,[N/A],Enabled,Enabled
1702143970.795002,0,GPU-b342434c-f6b6-7627-333e-da750a9991e6,0.34,0.82431640625,10240.0,1625.0,546.17,NVIDIA GeForce RTX 3080,[N/A],Enabled,Enabled
1702143971.795009,0,GPU-b342434c-f6b6-7627-333e-da750a9991e6,0.34,0.82431640625,10240.0,1625.0,546.17,NVIDIA GeForce RTX 3080,[N/A],Enabled,Enabled
1702143972.794984,0,GPU-b342434c-f6b6-7627-333e-da750a9991e6,0.36,0.82431640625,10240.0,1625.0,546.17,NVIDIA GeForce RTX 3080,[N/A],Enabled,Enabled
1702143973.795594,0,GPU-b342434c-f6b6-7627-333e-da750a9991e6,0.36,0.82431640625,10240.0,1625.0,546.17,NVIDIA GeForce RTX 3080,[N/A],Enabled,Enabled
1702143974.795731,0,GPU-b342434c-f6b6-7627-333e-da750a9991e6,0.36,0.823828125,10240.0,1630.0,546.17,NVIDIA GeForce RTX 3080,[N/A],Enabled,Enabled
1702143975.794917,0,GPU-b342434c-f6b6-7627-333e-da750a9991e6,0.36,0.823828125,10240.0,1630.0,546.17,NVIDIA GeForce RTX 3080,[N/A],Enabled,Enabled
1702143976.79495,0,GPU-b342434c-f6b6-7627-333e-da750a9991e6,0.34,0.823828125,10240.0,1630.0,546.17,NVIDIA GeForce RTX 3080,[N/A],Enabled,Enabled
1702143977.795199,0,GPU-b342434c-f6b6-7627-333e-da750a9991e6,0.34,0.823828125,10240.0,1630.0,546.17,NVIDIA GeForce RTX 3080,[N/A],Enabled,Enabled
1702143978.795246,0,GPU-b342434c-f6b6-7627-333e-da750a9991e6,0.34,0.823828125,10240.0,1630.0,546.17,NVIDIA GeForce RTX 3080,[N/A],Enabled,Enabled
1702143979.794899,0,GPU-b342434c-f6b6-7627-333e-da750a9991e6,0.34,0.823828125,10240.0,1630.0,546.17,NVIDIA GeForce RTX 3080,[N/A],Enabled,Enabled
1702143980.795111,0,GPU-b342434c-f6b6-7627-333e-da750a9991e6,0.32,0.823828125,10240.0,1630.0,546.17,NVIDIA GeForce RTX 3080,[N/A],Enabled,Enabled
1702143981.794952,0,GPU-b342434c-f6b6-7627-333e-da750a9991e6,0.35,0.82392578125,10240.0,1629.0,546.17,NVIDIA GeForce RTX 3080,[N/A],Enabled,Enabled
1702143982.794684,0,GPU-b342434c-f6b6-7627-333e-da750a9991e6,0.34,0.82392578125,10240.0,1629.0,546.17,NVIDIA GeForce RTX 3080,[N/A],Enabled,Enabled
1702143983.795278,0,GPU-b342434c-f6b6-7627-333e-da750a9991e6,0.34,0.823828125,10240.0,1630.0,546.17,NVIDIA GeForce RTX 3080,[N/A],Enabled,Enabled
1702143984.795616,0,GPU-b342434c-f6b6-7627-333e-da750a9991e6,0.33,0.823828125,10240.0,1630.0,546.17,NVIDIA GeForce RTX 3080,[N/A],Enabled,Enabled
1702143985.794769,0,GPU-b342434c-f6b6-7627-333e-da750a9991e6,0.33,0.823828125,10240.0,1630.0,546.17,NVIDIA GeForce RTX 3080,[N/A],Enabled,Enabled
1702143986.796173,0,GPU-b342434c-f6b6-7627-333e-da750a9991e6,0.31,0.823828125,10240.0,1630.0,546.17,NVIDIA GeForce RTX 3080,[N/A],Enabled,Enabled
1702143987.795014,0,GPU-b342434c-f6b6-7627-333e-da750a9991e6,0.31,0.823828125,10240.0,1630.0,546.17,NVIDIA GeForce RTX 3080,[N/A],Enabled,Enabled
1702143988.795519,0,GPU-b342434c-f6b6-7627-333e-da750a9991e6,0.32,0.823828125,10240.0,1630.0,546.17,NVIDIA GeForce RTX 3080,[N/A],Enabled,Enabled
1702143989.794819,0,GPU-b342434c-f6b6-7627-333e-da750a9991e6,0.36,0.823828125,10240.0,1630.0,546.17,NVIDIA GeForce RTX 3080,[N/A],Enabled,Enabled
1702143990.794812,0,GPU-b342434c-f6b6-7627-333e-da750a9991e6,0.31,0.823828125,10240.0,1630.0,546.17,NVIDIA GeForce RTX 3080,[N/A],Enabled,Enabled
1702143991.795207,0,GPU-b342434c-f6b6-7627-333e-da750a9991e6,0.33,0.82392578125,10240.0,1629.0,546.17,NVIDIA GeForce RTX 3080,[N/A],Enabled,Enabled
1702143992.795124,0,GPU-b342434c-f6b6-7627-333e-da750a9991e6,0.31,0.82392578125,10240.0,1629.0,546.17,NVIDIA GeForce RTX 3080,[N/A],Enabled,Enabled
1702143993.794721,0,GPU-b342434c-f6b6-7627-333e-da750a9991e6,0.34,0.82392578125,10240.0,1629.0,546.17,NVIDIA GeForce RTX 3080,[N/A],Enabled,Enabled
1702143994.794736,0,GPU-b342434c-f6b6-7627-333e-da750a9991e6,0.31,0.82392578125,10240.0,1629.0,546.17,NVIDIA GeForce RTX 3080,[N/A],Enabled,Enabled
1702143995.795482,0,GPU-b342434c-f6b6-7627-333e-da750a9991e6,0.34,0.82392578125,10240.0,1629.0,546.17,NVIDIA GeForce RTX 3080,[N/A],Enabled,Enabled
1702143996.795249,0,GPU-b342434c-f6b6-7627-333e-da750a9991e6,0.32,0.823828125,10240.0,1630.0,546.17,NVIDIA GeForce RTX 3080,[N/A],Enabled,Enabled
1702143997.794805,0,GPU-b342434c-f6b6-7627-333e-da750a9991e6,0.32,0.82353515625,10240.0,1633.0,546.17,NVIDIA GeForce RTX 3080,[N/A],Enabled,Enabled
1702143998.79535,0,GPU-b342434c-f6b6-7627-333e-da750a9991e6,0.28,0.82353515625,10240.0,1633.0,546.17,NVIDIA GeForce RTX 3080,[N/A],Enabled,Enabled
1702143999.794836,0,GPU-b342434c-f6b6-7627-333e-da750a9991e6,0.26,0.82333984375,10240.0,1635.0,546.17,NVIDIA GeForce RTX 3080,[N/A],Enabled,Enabled
1702144000.795272,0,GPU-b342434c-f6b6-7627-333e-da750a9991e6,0.27,0.82373046875,10240.0,1631.0,546.17,NVIDIA GeForce RTX 3080,[N/A],Enabled,Enabled
1702144001.794674,0,GPU-b342434c-f6b6-7627-333e-da750a9991e6,0.31,0.82431640625,10240.0,1625.0,546.17,NVIDIA GeForce RTX 3080,[N/A],Enabled,Enabled
1702144002.794769,0,GPU-b342434c-f6b6-7627-333e-da750a9991e6,0.33,0.82392578125,10240.0,1629.0,546.17,NVIDIA GeForce RTX 3080,[N/A],Enabled,Enabled
1702144003.794552,0,GPU-b342434c-f6b6-7627-333e-da750a9991e6,0.43,0.82373046875,10240.0,1631.0,546.17,NVIDIA GeForce RTX 3080,[N/A],Enabled,Enabled
1702144004.794855,0,GPU-b342434c-f6b6-7627-333e-da750a9991e6,0.39,0.82373046875,10240.0,1631.0,546.17,NVIDIA GeForce RTX 3080,[N/A],Enabled,Enabled
1702144005.795678,0,GPU-b342434c-f6b6-7627-333e-da750a9991e6,0.36,0.82373046875,10240.0,1631.0,546.17,NVIDIA GeForce RTX 3080,[N/A],Enabled,Enabled
1702144006.794798,0,GPU-b342434c-f6b6-7627-333e-da750a9991e6,0.34,0.8296875,10240.0,1570.0,546.17,NVIDIA GeForce RTX 3080,[N/A],Enabled,Enabled
1702144007.795166,0,GPU-b342434c-f6b6-7627-333e-da750a9991e6,0.32,0.82470703125,10240.0,1621.0,546.17,NVIDIA GeForce RTX 3080,[N/A],Enabled,Enabled
1702144008.795152,0,GPU-b342434c-f6b6-7627-333e-da750a9991e6,0.36,0.82744140625,10240.0,1593.0,546.17,NVIDIA GeForce RTX 3080,[N/A],Enabled,Enabled
1702144009.795276,0,GPU-b342434c-f6b6-7627-333e-da750a9991e6,0.33,0.825,10240.0,1618.0,546.17,NVIDIA GeForce RTX 3080,[N/A],Enabled,Enabled
1702144010.794634,0,GPU-b342434c-f6b6-7627-333e-da750a9991e6,0.33,0.825,10240.0,1618.0,546.17,NVIDIA GeForce RTX 3080,[N/A],Enabled,Enabled
1702144011.794934,0,GPU-b342434c-f6b6-7627-333e-da750a9991e6,0.33,0.825,10240.0,1618.0,546.17,NVIDIA GeForce RTX 3080,[N/A],Enabled,Enabled
1702144012.795268,0,GPU-b342434c-f6b6-7627-333e-da750a9991e6,0.23,0.825,10240.0,1618.0,546.17,NVIDIA GeForce RTX 3080,[N/A],Enabled,Enabled
1702144013.795094,0,GPU-b342434c-f6b6-7627-333e-da750a9991e6,0.23,0.825,10240.0,1618.0,546.17,NVIDIA GeForce RTX 3080,[N/A],Enabled,Enabled
1702144014.795164,0,GPU-b342434c-f6b6-7627-333e-da750a9991e6,0.23,0.825,10240.0,1618.0,546.17,NVIDIA GeForce RTX 3080,[N/A],Enabled,Enabled
1702144015.794762,0,GPU-b342434c-f6b6-7627-333e-da750a9991e6,0.22,0.82412109375,10240.0,1627.0,546.17,NVIDIA GeForce RTX 3080,[N/A],Enabled,Enabled
1702144016.794478,0,GPU-b342434c-f6b6-7627-333e-da750a9991e6,0.2,0.825,10240.0,1618.0,546.17,NVIDIA GeForce RTX 3080,[N/A],Enabled,Enabled
1702144017.795178,0,GPU-b342434c-f6b6-7627-333e-da750a9991e6,0.2,0.825,10240.0,1618.0,546.17,NVIDIA GeForce RTX 3080,[N/A],Enabled,Enabled
1702144018.794814,0,GPU-b342434c-f6b6-7627-333e-da750a9991e6,0.2,0.82412109375,10240.0,1627.0,546.17,NVIDIA GeForce RTX 3080,[N/A],Enabled,Enabled
1702144019.795193,0,GPU-b342434c-f6b6-7627-333e-da750a9991e6,0.2,0.82412109375,10240.0,1627.0,546.17,NVIDIA GeForce RTX 3080,[N/A],Enabled,Enabled
1702144020.794664,0,GPU-b342434c-f6b6-7627-333e-da750a9991e6,0.07,0.82412109375,10240.0,1627.0,546.17,NVIDIA GeForce RTX 3080,[N/A],Enabled,Enabled
1702144021.795263,0,GPU-b342434c-f6b6-7627-333e-da750a9991e6,0.23,0.86376953125,10240.0,1221.0,546.17,NVIDIA GeForce RTX 3080,[N/A],Enabled,Enabled
1702144022.794841,0,GPU-b342434c-f6b6-7627-333e-da750a9991e6,0.23,0.45244140625,10240.0,5433.0,546.17,NVIDIA GeForce RTX 3080,[N/A],Enabled,Enabled
