timestamp,id,uuid,load,memoryUtil,memoryTotal,memoryUsed,memoryFree,driver,name,serial,display_mode,display_active
1702415504.881152,0,GPU-b342434c-f6b6-7627-333e-da750a9991e6,0.17,0.6171875,10240.0,3746.0,546.17,NVIDIA GeForce RTX 3080,[N/A],Enabled,Enabled
1702415505.876621,0,GPU-b342434c-f6b6-7627-333e-da750a9991e6,0.17,0.6171875,10240.0,3746.0,546.17,NVIDIA GeForce RTX 3080,[N/A],Enabled,Enabled
1702415506.876123,0,GPU-b342434c-f6b6-7627-333e-da750a9991e6,0.16,0.6171875,10240.0,3746.0,546.17,NVIDIA GeForce RTX 3080,[N/A],Enabled,Enabled
1702415507.87625,0,GPU-b342434c-f6b6-7627-333e-da750a9991e6,0.17,0.6171875,10240.0,3746.0,546.17,NVIDIA GeForce RTX 3080,[N/A],Enabled,Enabled
1702415508.877014,0,GPU-b342434c-f6b6-7627-333e-da750a9991e6,0.17,0.6171875,10240.0,3746.0,546.17,NVIDIA GeForce RTX 3080,[N/A],Enabled,Enabled
1702415509.875736,0,GPU-b342434c-f6b6-7627-333e-da750a9991e6,0.17,0.6171875,10240.0,3746.0,546.17,NVIDIA GeForce RTX 3080,[N/A],Enabled,Enabled
1702415510.876234,0,GPU-b342434c-f6b6-7627-333e-da750a9991e6,0.17,0.6171875,10240.0,3746.0,546.17,NVIDIA GeForce RTX 3080,[N/A],Enabled,Enabled
1702415511.87655,0,GPU-b342434c-f6b6-7627-333e-da750a9991e6,0.16,0.6171875,10240.0,3746.0,546.17,NVIDIA GeForce RTX 3080,[N/A],Enabled,Enabled
1702415512.876037,0,GPU-b342434c-f6b6-7627-333e-da750a9991e6,0.16,0.6171875,10240.0,3746.0,546.17,NVIDIA GeForce RTX 3080,[N/A],Enabled,Enabled
1702415513.876503,0,GPU-b342434c-f6b6-7627-333e-da750a9991e6,0.16,0.6171875,10240.0,3746.0,546.17,NVIDIA GeForce RTX 3080,[N/A],Enabled,Enabled
1702415514.876213,0,GPU-b342434c-f6b6-7627-333e-da750a9991e6,0.16,0.6171875,10240.0,3746.0,546.17,NVIDIA GeForce RTX 3080,[N/A],Enabled,Enabled
1702415515.876632,0,GPU-b342434c-f6b6-7627-333e-da750a9991e6,0.17,0.6171875,10240.0,3746.0,546.17,NVIDIA GeForce RTX 3080,[N/A],Enabled,Enabled
1702415516.875868,0,GPU-b342434c-f6b6-7627-333e-da750a9991e6,0.17,0.6171875,10240.0,3746.0,546.17,NVIDIA GeForce RTX 3080,[N/A],Enabled,Enabled
1702415517.876199,0,GPU-b342434c-f6b6-7627-333e-da750a9991e6,0.16,0.6173828125,10240.0,3744.0,546.17,NVIDIA GeForce RTX 3080,[N/A],Enabled,Enabled
1702415518.876527,0,GPU-b342434c-f6b6-7627-333e-da750a9991e6,0.17,0.6197265625,10240.0,3720.0,546.17,NVIDIA GeForce RTX 3080,[N/A],Enabled,Enabled
1702415519.875959,0,GPU-b342434c-f6b6-7627-333e-da750a9991e6,0.16,0.6302734375,10240.0,3612.0,546.17,NVIDIA GeForce RTX 3080,[N/A],Enabled,Enabled
1702415520.876655,0,GPU-b342434c-f6b6-7627-333e-da750a9991e6,0.16,0.73779296875,10240.0,2511.0,546.17,NVIDIA GeForce RTX 3080,[N/A],Enabled,Enabled
1702415521.875831,0,GPU-b342434c-f6b6-7627-333e-da750a9991e6,0.1,0.7373046875,10240.0,2516.0,546.17,NVIDIA GeForce RTX 3080,[N/A],Enabled,Enabled
1702415522.876795,0,GPU-b342434c-f6b6-7627-333e-da750a9991e6,0.1,0.73701171875,10240.0,2519.0,546.17,NVIDIA GeForce RTX 3080,[N/A],Enabled,Enabled
1702415523.876016,0,GPU-b342434c-f6b6-7627-333e-da750a9991e6,0.07,0.61884765625,10240.0,3729.0,546.17,NVIDIA GeForce RTX 3080,[N/A],Enabled,Enabled
1702415524.876615,0,GPU-b342434c-f6b6-7627-333e-da750a9991e6,0.07,0.72265625,10240.0,2666.0,546.17,NVIDIA GeForce RTX 3080,[N/A],Enabled,Enabled
1702415525.87674,0,GPU-b342434c-f6b6-7627-333e-da750a9991e6,0.17,0.67939453125,10240.0,3109.0,546.17,NVIDIA GeForce RTX 3080,[N/A],Enabled,Enabled
1702415526.876851,0,GPU-b342434c-f6b6-7627-333e-da750a9991e6,0.13,0.67548828125,10240.0,3149.0,546.17,NVIDIA GeForce RTX 3080,[N/A],Enabled,Enabled
1702415527.876973,0,GPU-b342434c-f6b6-7627-333e-da750a9991e6,0.12,0.67548828125,10240.0,3149.0,546.17,NVIDIA GeForce RTX 3080,[N/A],Enabled,Enabled
1702415528.875888,0,GPU-b342434c-f6b6-7627-333e-da750a9991e6,0.12,0.67548828125,10240.0,3149.0,546.17,NVIDIA GeForce RTX 3080,[N/A],Enabled,Enabled
1702415529.876303,0,GPU-b342434c-f6b6-7627-333e-da750a9991e6,0.12,0.67548828125,10240.0,3149.0,546.17,NVIDIA GeForce RTX 3080,[N/A],Enabled,Enabled
1702415530.876771,0,GPU-b342434c-f6b6-7627-333e-da750a9991e6,0.15,0.72333984375,10240.0,2659.0,546.17,NVIDIA GeForce RTX 3080,[N/A],Enabled,Enabled
1702415531.876859,0,GPU-b342434c-f6b6-7627-333e-da750a9991e6,0.14,0.68095703125,10240.0,3093.0,546.17,NVIDIA GeForce RTX 3080,[N/A],Enabled,Enabled
1702415532.875712,0,GPU-b342434c-f6b6-7627-333e-da750a9991e6,0.13,0.68095703125,10240.0,3093.0,546.17,NVIDIA GeForce RTX 3080,[N/A],Enabled,Enabled
1702415533.876139,0,GPU-b342434c-f6b6-7627-333e-da750a9991e6,0.13,0.67724609375,10240.0,3131.0,546.17,NVIDIA GeForce RTX 3080,[N/A],Enabled,Enabled
1702415534.875747,0,GPU-b342434c-f6b6-7627-333e-da750a9991e6,0.12,0.67724609375,10240.0,3131.0,546.17,NVIDIA GeForce RTX 3080,[N/A],Enabled,Enabled
1702415535.8763,0,GPU-b342434c-f6b6-7627-333e-da750a9991e6,0.13,0.67724609375,10240.0,3131.0,546.17,NVIDIA GeForce RTX 3080,[N/A],Enabled,Enabled
1702415536.875791,0,GPU-b342434c-f6b6-7627-333e-da750a9991e6,0.12,0.68095703125,10240.0,3093.0,546.17,NVIDIA GeForce RTX 3080,[N/A],Enabled,Enabled
1702415537.876962,0,GPU-b342434c-f6b6-7627-333e-da750a9991e6,0.13,0.6810546875,10240.0,3092.0,546.17,NVIDIA GeForce RTX 3080,[N/A],Enabled,Enabled
1702415538.876376,0,GPU-b342434c-f6b6-7627-333e-da750a9991e6,0.12,0.67734375,10240.0,3130.0,546.17,NVIDIA GeForce RTX 3080,[N/A],Enabled,Enabled
1702415539.876192,0,GPU-b342434c-f6b6-7627-333e-da750a9991e6,0.12,0.6810546875,10240.0,3092.0,546.17,NVIDIA GeForce RTX 3080,[N/A],Enabled,Enabled
1702415540.876126,0,GPU-b342434c-f6b6-7627-333e-da750a9991e6,0.12,0.67734375,10240.0,3130.0,546.17,NVIDIA GeForce RTX 3080,[N/A],Enabled,Enabled
1702415541.876133,0,GPU-b342434c-f6b6-7627-333e-da750a9991e6,0.12,0.6810546875,10240.0,3092.0,546.17,NVIDIA GeForce RTX 3080,[N/A],Enabled,Enabled
1702415542.876279,0,GPU-b342434c-f6b6-7627-333e-da750a9991e6,0.13,0.6810546875,10240.0,3092.0,546.17,NVIDIA GeForce RTX 3080,[N/A],Enabled,Enabled
1702415543.875963,0,GPU-b342434c-f6b6-7627-333e-da750a9991e6,0.12,0.67734375,10240.0,3130.0,546.17,NVIDIA GeForce RTX 3080,[N/A],Enabled,Enabled
1702415544.876309,0,GPU-b342434c-f6b6-7627-333e-da750a9991e6,0.13,0.67734375,10240.0,3130.0,546.17,NVIDIA GeForce RTX 3080,[N/A],Enabled,Enabled
1702415545.876692,0,GPU-b342434c-f6b6-7627-333e-da750a9991e6,0.13,0.6810546875,10240.0,3092.0,546.17,NVIDIA GeForce RTX 3080,[N/A],Enabled,Enabled
1702415546.876674,0,GPU-b342434c-f6b6-7627-333e-da750a9991e6,0.12,0.67734375,10240.0,3130.0,546.17,NVIDIA GeForce RTX 3080,[N/A],Enabled,Enabled
1702415547.87673,0,GPU-b342434c-f6b6-7627-333e-da750a9991e6,0.13,0.6810546875,10240.0,3092.0,546.17,NVIDIA GeForce RTX 3080,[N/A],Enabled,Enabled
1702415548.876975,0,GPU-b342434c-f6b6-7627-333e-da750a9991e6,0.12,0.6810546875,10240.0,3092.0,546.17,NVIDIA GeForce RTX 3080,[N/A],Enabled,Enabled
1702415549.876602,0,GPU-b342434c-f6b6-7627-333e-da750a9991e6,0.13,0.6904296875,10240.0,2996.0,546.17,NVIDIA GeForce RTX 3080,[N/A],Enabled,Enabled
1702415550.875847,0,GPU-b342434c-f6b6-7627-333e-da750a9991e6,0.16,0.6904296875,10240.0,2996.0,546.17,NVIDIA GeForce RTX 3080,[N/A],Enabled,Enabled
1702415551.876328,0,GPU-b342434c-f6b6-7627-333e-da750a9991e6,0.16,0.6904296875,10240.0,2996.0,546.17,NVIDIA GeForce RTX 3080,[N/A],Enabled,Enabled
1702415552.876678,0,GPU-b342434c-f6b6-7627-333e-da750a9991e6,0.15,0.6904296875,10240.0,2996.0,546.17,NVIDIA GeForce RTX 3080,[N/A],Enabled,Enabled
1702415553.876014,0,GPU-b342434c-f6b6-7627-333e-da750a9991e6,0.16,0.6904296875,10240.0,2996.0,546.17,NVIDIA GeForce RTX 3080,[N/A],Enabled,Enabled
1702415554.87602,0,GPU-b342434c-f6b6-7627-333e-da750a9991e6,0.16,0.6904296875,10240.0,2996.0,546.17,NVIDIA GeForce RTX 3080,[N/A],Enabled,Enabled
1702415555.876225,0,GPU-b342434c-f6b6-7627-333e-da750a9991e6,0.16,0.6904296875,10240.0,2996.0,546.17,NVIDIA GeForce RTX 3080,[N/A],Enabled,Enabled
1702415556.876298,0,GPU-b342434c-f6b6-7627-333e-da750a9991e6,0.16,0.6904296875,10240.0,2996.0,546.17,NVIDIA GeForce RTX 3080,[N/A],Enabled,Enabled
1702415557.876125,0,GPU-b342434c-f6b6-7627-333e-da750a9991e6,0.15,0.6904296875,10240.0,2996.0,546.17,NVIDIA GeForce RTX 3080,[N/A],Enabled,Enabled
1702415558.876169,0,GPU-b342434c-f6b6-7627-333e-da750a9991e6,0.15,0.6904296875,10240.0,2996.0,546.17,NVIDIA GeForce RTX 3080,[N/A],Enabled,Enabled
1702415559.87611,0,GPU-b342434c-f6b6-7627-333e-da750a9991e6,0.16,0.6904296875,10240.0,2996.0,546.17,NVIDIA GeForce RTX 3080,[N/A],Enabled,Enabled
1702415560.876239,0,GPU-b342434c-f6b6-7627-333e-da750a9991e6,0.16,0.6904296875,10240.0,2996.0,546.17,NVIDIA GeForce RTX 3080,[N/A],Enabled,Enabled
1702415561.876233,0,GPU-b342434c-f6b6-7627-333e-da750a9991e6,0.16,0.6904296875,10240.0,2996.0,546.17,NVIDIA GeForce RTX 3080,[N/A],Enabled,Enabled
1702415562.876532,0,GPU-b342434c-f6b6-7627-333e-da750a9991e6,0.16,0.6904296875,10240.0,2996.0,546.17,NVIDIA GeForce RTX 3080,[N/A],Enabled,Enabled
1702415563.876404,0,GPU-b342434c-f6b6-7627-333e-da750a9991e6,0.16,0.6904296875,10240.0,2996.0,546.17,NVIDIA GeForce RTX 3080,[N/A],Enabled,Enabled
1702415564.876438,0,GPU-b342434c-f6b6-7627-333e-da750a9991e6,0.15,0.6904296875,10240.0,2996.0,546.17,NVIDIA GeForce RTX 3080,[N/A],Enabled,Enabled
1702415565.876138,0,GPU-b342434c-f6b6-7627-333e-da750a9991e6,0.16,0.6904296875,10240.0,2996.0,546.17,NVIDIA GeForce RTX 3080,[N/A],Enabled,Enabled
1702415566.876394,0,GPU-b342434c-f6b6-7627-333e-da750a9991e6,0.17,0.6904296875,10240.0,2996.0,546.17,NVIDIA GeForce RTX 3080,[N/A],Enabled,Enabled
1702415567.876449,0,GPU-b342434c-f6b6-7627-333e-da750a9991e6,0.17,0.6904296875,10240.0,2996.0,546.17,NVIDIA GeForce RTX 3080,[N/A],Enabled,Enabled
1702415568.87622,0,GPU-b342434c-f6b6-7627-333e-da750a9991e6,0.15,0.6904296875,10240.0,2996.0,546.17,NVIDIA GeForce RTX 3080,[N/A],Enabled,Enabled
1702415569.876413,0,GPU-b342434c-f6b6-7627-333e-da750a9991e6,0.16,0.6904296875,10240.0,2996.0,546.17,NVIDIA GeForce RTX 3080,[N/A],Enabled,Enabled
1702415570.876068,0,GPU-b342434c-f6b6-7627-333e-da750a9991e6,0.16,0.6904296875,10240.0,2996.0,546.17,NVIDIA GeForce RTX 3080,[N/A],Enabled,Enabled
1702415571.876086,0,GPU-b342434c-f6b6-7627-333e-da750a9991e6,0.16,0.6904296875,10240.0,2996.0,546.17,NVIDIA GeForce RTX 3080,[N/A],Enabled,Enabled
1702415572.87593,0,GPU-b342434c-f6b6-7627-333e-da750a9991e6,0.16,0.6904296875,10240.0,2996.0,546.17,NVIDIA GeForce RTX 3080,[N/A],Enabled,Enabled
1702415573.876682,0,GPU-b342434c-f6b6-7627-333e-da750a9991e6,0.16,0.6904296875,10240.0,2996.0,546.17,NVIDIA GeForce RTX 3080,[N/A],Enabled,Enabled
1702415574.876555,0,GPU-b342434c-f6b6-7627-333e-da750a9991e6,0.16,0.6904296875,10240.0,2996.0,546.17,NVIDIA GeForce RTX 3080,[N/A],Enabled,Enabled
1702415575.876299,0,GPU-b342434c-f6b6-7627-333e-da750a9991e6,0.16,0.6904296875,10240.0,2996.0,546.17,NVIDIA GeForce RTX 3080,[N/A],Enabled,Enabled
1702415576.875839,0,GPU-b342434c-f6b6-7627-333e-da750a9991e6,0.16,0.6904296875,10240.0,2996.0,546.17,NVIDIA GeForce RTX 3080,[N/A],Enabled,Enabled
1702415577.876418,0,GPU-b342434c-f6b6-7627-333e-da750a9991e6,0.17,0.6904296875,10240.0,2996.0,546.17,NVIDIA GeForce RTX 3080,[N/A],Enabled,Enabled
1702415578.876054,0,GPU-b342434c-f6b6-7627-333e-da750a9991e6,0.17,0.6904296875,10240.0,2996.0,546.17,NVIDIA GeForce RTX 3080,[N/A],Enabled,Enabled
1702415579.876611,0,GPU-b342434c-f6b6-7627-333e-da750a9991e6,0.15,0.6904296875,10240.0,2996.0,546.17,NVIDIA GeForce RTX 3080,[N/A],Enabled,Enabled
1702415580.876366,0,GPU-b342434c-f6b6-7627-333e-da750a9991e6,0.16,0.6904296875,10240.0,2996.0,546.17,NVIDIA GeForce RTX 3080,[N/A],Enabled,Enabled
1702415581.876071,0,GPU-b342434c-f6b6-7627-333e-da750a9991e6,0.16,0.6904296875,10240.0,2996.0,546.17,NVIDIA GeForce RTX 3080,[N/A],Enabled,Enabled
1702415582.875834,0,GPU-b342434c-f6b6-7627-333e-da750a9991e6,0.16,0.6904296875,10240.0,2996.0,546.17,NVIDIA GeForce RTX 3080,[N/A],Enabled,Enabled
1702415583.876183,0,GPU-b342434c-f6b6-7627-333e-da750a9991e6,0.16,0.6904296875,10240.0,2996.0,546.17,NVIDIA GeForce RTX 3080,[N/A],Enabled,Enabled
1702415584.876559,0,GPU-b342434c-f6b6-7627-333e-da750a9991e6,0.15,0.6904296875,10240.0,2996.0,546.17,NVIDIA GeForce RTX 3080,[N/A],Enabled,Enabled
1702415585.87623,0,GPU-b342434c-f6b6-7627-333e-da750a9991e6,0.15,0.6904296875,10240.0,2996.0,546.17,NVIDIA GeForce RTX 3080,[N/A],Enabled,Enabled
1702415586.876422,0,GPU-b342434c-f6b6-7627-333e-da750a9991e6,0.16,0.6904296875,10240.0,2996.0,546.17,NVIDIA GeForce RTX 3080,[N/A],Enabled,Enabled
1702415587.876482,0,GPU-b342434c-f6b6-7627-333e-da750a9991e6,0.16,0.6904296875,10240.0,2996.0,546.17,NVIDIA GeForce RTX 3080,[N/A],Enabled,Enabled
1702415588.876336,0,GPU-b342434c-f6b6-7627-333e-da750a9991e6,0.16,0.6904296875,10240.0,2996.0,546.17,NVIDIA GeForce RTX 3080,[N/A],Enabled,Enabled
1702415589.876321,0,GPU-b342434c-f6b6-7627-333e-da750a9991e6,0.16,0.6904296875,10240.0,2996.0,546.17,NVIDIA GeForce RTX 3080,[N/A],Enabled,Enabled
1702415590.876721,0,GPU-b342434c-f6b6-7627-333e-da750a9991e6,0.16,0.6904296875,10240.0,2996.0,546.17,NVIDIA GeForce RTX 3080,[N/A],Enabled,Enabled
1702415591.875618,0,GPU-b342434c-f6b6-7627-333e-da750a9991e6,0.16,0.6904296875,10240.0,2996.0,546.17,NVIDIA GeForce RTX 3080,[N/A],Enabled,Enabled
1702415592.876095,0,GPU-b342434c-f6b6-7627-333e-da750a9991e6,0.16,0.6904296875,10240.0,2996.0,546.17,NVIDIA GeForce RTX 3080,[N/A],Enabled,Enabled
1702415593.876363,0,GPU-b342434c-f6b6-7627-333e-da750a9991e6,0.16,0.6904296875,10240.0,2996.0,546.17,NVIDIA GeForce RTX 3080,[N/A],Enabled,Enabled
1702415594.876491,0,GPU-b342434c-f6b6-7627-333e-da750a9991e6,0.16,0.6904296875,10240.0,2996.0,546.17,NVIDIA GeForce RTX 3080,[N/A],Enabled,Enabled
1702415595.876328,0,GPU-b342434c-f6b6-7627-333e-da750a9991e6,0.15,0.6904296875,10240.0,2996.0,546.17,NVIDIA GeForce RTX 3080,[N/A],Enabled,Enabled
1702415596.87598,0,GPU-b342434c-f6b6-7627-333e-da750a9991e6,0.15,0.6904296875,10240.0,2996.0,546.17,NVIDIA GeForce RTX 3080,[N/A],Enabled,Enabled
1702415597.876789,0,GPU-b342434c-f6b6-7627-333e-da750a9991e6,0.16,0.6904296875,10240.0,2996.0,546.17,NVIDIA GeForce RTX 3080,[N/A],Enabled,Enabled
1702415598.876148,0,GPU-b342434c-f6b6-7627-333e-da750a9991e6,0.16,0.6904296875,10240.0,2996.0,546.17,NVIDIA GeForce RTX 3080,[N/A],Enabled,Enabled
1702415599.876334,0,GPU-b342434c-f6b6-7627-333e-da750a9991e6,0.16,0.6904296875,10240.0,2996.0,546.17,NVIDIA GeForce RTX 3080,[N/A],Enabled,Enabled
1702415600.876237,0,GPU-b342434c-f6b6-7627-333e-da750a9991e6,0.16,0.6904296875,10240.0,2996.0,546.17,NVIDIA GeForce RTX 3080,[N/A],Enabled,Enabled
1702415601.875922,0,GPU-b342434c-f6b6-7627-333e-da750a9991e6,0.15,0.6904296875,10240.0,2996.0,546.17,NVIDIA GeForce RTX 3080,[N/A],Enabled,Enabled
1702415602.875761,0,GPU-b342434c-f6b6-7627-333e-da750a9991e6,0.16,0.6904296875,10240.0,2996.0,546.17,NVIDIA GeForce RTX 3080,[N/A],Enabled,Enabled
1702415603.876094,0,GPU-b342434c-f6b6-7627-333e-da750a9991e6,0.16,0.6904296875,10240.0,2996.0,546.17,NVIDIA GeForce RTX 3080,[N/A],Enabled,Enabled
1702415604.876445,0,GPU-b342434c-f6b6-7627-333e-da750a9991e6,0.17,0.6904296875,10240.0,2996.0,546.17,NVIDIA GeForce RTX 3080,[N/A],Enabled,Enabled
1702415605.875871,0,GPU-b342434c-f6b6-7627-333e-da750a9991e6,0.16,0.6904296875,10240.0,2996.0,546.17,NVIDIA GeForce RTX 3080,[N/A],Enabled,Enabled
1702415606.876594,0,GPU-b342434c-f6b6-7627-333e-da750a9991e6,0.15,0.6904296875,10240.0,2996.0,546.17,NVIDIA GeForce RTX 3080,[N/A],Enabled,Enabled
1702415607.876062,0,GPU-b342434c-f6b6-7627-333e-da750a9991e6,0.15,0.6904296875,10240.0,2996.0,546.17,NVIDIA GeForce RTX 3080,[N/A],Enabled,Enabled
1702415608.876487,0,GPU-b342434c-f6b6-7627-333e-da750a9991e6,0.16,0.6904296875,10240.0,2996.0,546.17,NVIDIA GeForce RTX 3080,[N/A],Enabled,Enabled
1702415609.876522,0,GPU-b342434c-f6b6-7627-333e-da750a9991e6,0.16,0.6904296875,10240.0,2996.0,546.17,NVIDIA GeForce RTX 3080,[N/A],Enabled,Enabled
1702415610.876846,0,GPU-b342434c-f6b6-7627-333e-da750a9991e6,0.16,0.6904296875,10240.0,2996.0,546.17,NVIDIA GeForce RTX 3080,[N/A],Enabled,Enabled
1702415611.875813,0,GPU-b342434c-f6b6-7627-333e-da750a9991e6,0.16,0.6904296875,10240.0,2996.0,546.17,NVIDIA GeForce RTX 3080,[N/A],Enabled,Enabled
1702415612.875781,0,GPU-b342434c-f6b6-7627-333e-da750a9991e6,0.16,0.6904296875,10240.0,2996.0,546.17,NVIDIA GeForce RTX 3080,[N/A],Enabled,Enabled
1702415613.876263,0,GPU-b342434c-f6b6-7627-333e-da750a9991e6,0.16,0.6904296875,10240.0,2996.0,546.17,NVIDIA GeForce RTX 3080,[N/A],Enabled,Enabled
1702415614.876355,0,GPU-b342434c-f6b6-7627-333e-da750a9991e6,0.17,0.6904296875,10240.0,2996.0,546.17,NVIDIA GeForce RTX 3080,[N/A],Enabled,Enabled
1702415615.877005,0,GPU-b342434c-f6b6-7627-333e-da750a9991e6,0.17,0.6904296875,10240.0,2996.0,546.17,NVIDIA GeForce RTX 3080,[N/A],Enabled,Enabled
1702415616.876656,0,GPU-b342434c-f6b6-7627-333e-da750a9991e6,0.17,0.6904296875,10240.0,2996.0,546.17,NVIDIA GeForce RTX 3080,[N/A],Enabled,Enabled
1702415617.876736,0,GPU-b342434c-f6b6-7627-333e-da750a9991e6,0.16,0.6904296875,10240.0,2996.0,546.17,NVIDIA GeForce RTX 3080,[N/A],Enabled,Enabled
1702415618.87634,0,GPU-b342434c-f6b6-7627-333e-da750a9991e6,0.16,0.6904296875,10240.0,2996.0,546.17,NVIDIA GeForce RTX 3080,[N/A],Enabled,Enabled
1702415619.876524,0,GPU-b342434c-f6b6-7627-333e-da750a9991e6,0.16,0.6904296875,10240.0,2996.0,546.17,NVIDIA GeForce RTX 3080,[N/A],Enabled,Enabled
1702415620.876387,0,GPU-b342434c-f6b6-7627-333e-da750a9991e6,0.17,0.6904296875,10240.0,2996.0,546.17,NVIDIA GeForce RTX 3080,[N/A],Enabled,Enabled
1702415621.876323,0,GPU-b342434c-f6b6-7627-333e-da750a9991e6,0.16,0.6904296875,10240.0,2996.0,546.17,NVIDIA GeForce RTX 3080,[N/A],Enabled,Enabled
1702415622.87572,0,GPU-b342434c-f6b6-7627-333e-da750a9991e6,0.16,0.6904296875,10240.0,2996.0,546.17,NVIDIA GeForce RTX 3080,[N/A],Enabled,Enabled
1702415623.876347,0,GPU-b342434c-f6b6-7627-333e-da750a9991e6,0.16,0.6904296875,10240.0,2996.0,546.17,NVIDIA GeForce RTX 3080,[N/A],Enabled,Enabled
1702415624.875902,0,GPU-b342434c-f6b6-7627-333e-da750a9991e6,0.16,0.6904296875,10240.0,2996.0,546.17,NVIDIA GeForce RTX 3080,[N/A],Enabled,Enabled
1702415625.87571,0,GPU-b342434c-f6b6-7627-333e-da750a9991e6,0.16,0.6904296875,10240.0,2996.0,546.17,NVIDIA GeForce RTX 3080,[N/A],Enabled,Enabled
1702415626.876781,0,GPU-b342434c-f6b6-7627-333e-da750a9991e6,0.16,0.6904296875,10240.0,2996.0,546.17,NVIDIA GeForce RTX 3080,[N/A],Enabled,Enabled
1702415627.876293,0,GPU-b342434c-f6b6-7627-333e-da750a9991e6,0.16,0.6904296875,10240.0,2996.0,546.17,NVIDIA GeForce RTX 3080,[N/A],Enabled,Enabled
1702415628.876629,0,GPU-b342434c-f6b6-7627-333e-da750a9991e6,0.16,0.6904296875,10240.0,2996.0,546.17,NVIDIA GeForce RTX 3080,[N/A],Enabled,Enabled
1702415629.875834,0,GPU-b342434c-f6b6-7627-333e-da750a9991e6,0.16,0.6904296875,10240.0,2996.0,546.17,NVIDIA GeForce RTX 3080,[N/A],Enabled,Enabled
1702415630.876719,0,GPU-b342434c-f6b6-7627-333e-da750a9991e6,0.17,0.6904296875,10240.0,2996.0,546.17,NVIDIA GeForce RTX 3080,[N/A],Enabled,Enabled
1702415631.876312,0,GPU-b342434c-f6b6-7627-333e-da750a9991e6,0.16,0.6904296875,10240.0,2996.0,546.17,NVIDIA GeForce RTX 3080,[N/A],Enabled,Enabled
1702415632.876088,0,GPU-b342434c-f6b6-7627-333e-da750a9991e6,0.16,0.6904296875,10240.0,2996.0,546.17,NVIDIA GeForce RTX 3080,[N/A],Enabled,Enabled
1702415633.877059,0,GPU-b342434c-f6b6-7627-333e-da750a9991e6,0.15,0.6904296875,10240.0,2996.0,546.17,NVIDIA GeForce RTX 3080,[N/A],Enabled,Enabled
1702415634.875819,0,GPU-b342434c-f6b6-7627-333e-da750a9991e6,0.16,0.6904296875,10240.0,2996.0,546.17,NVIDIA GeForce RTX 3080,[N/A],Enabled,Enabled
1702415635.876696,0,GPU-b342434c-f6b6-7627-333e-da750a9991e6,0.16,0.6904296875,10240.0,2996.0,546.17,NVIDIA GeForce RTX 3080,[N/A],Enabled,Enabled
1702415636.876064,0,GPU-b342434c-f6b6-7627-333e-da750a9991e6,0.16,0.6904296875,10240.0,2996.0,546.17,NVIDIA GeForce RTX 3080,[N/A],Enabled,Enabled
1702415637.876163,0,GPU-b342434c-f6b6-7627-333e-da750a9991e6,0.16,0.6904296875,10240.0,2996.0,546.17,NVIDIA GeForce RTX 3080,[N/A],Enabled,Enabled
1702415638.87619,0,GPU-b342434c-f6b6-7627-333e-da750a9991e6,0.16,0.6904296875,10240.0,2996.0,546.17,NVIDIA GeForce RTX 3080,[N/A],Enabled,Enabled
1702415639.875982,0,GPU-b342434c-f6b6-7627-333e-da750a9991e6,0.16,0.6904296875,10240.0,2996.0,546.17,NVIDIA GeForce RTX 3080,[N/A],Enabled,Enabled
1702415640.876354,0,GPU-b342434c-f6b6-7627-333e-da750a9991e6,0.16,0.6904296875,10240.0,2996.0,546.17,NVIDIA GeForce RTX 3080,[N/A],Enabled,Enabled
1702415641.876174,0,GPU-b342434c-f6b6-7627-333e-da750a9991e6,0.16,0.6904296875,10240.0,2996.0,546.17,NVIDIA GeForce RTX 3080,[N/A],Enabled,Enabled
1702415642.876448,0,GPU-b342434c-f6b6-7627-333e-da750a9991e6,0.17,0.6904296875,10240.0,2996.0,546.17,NVIDIA GeForce RTX 3080,[N/A],Enabled,Enabled
1702415643.876171,0,GPU-b342434c-f6b6-7627-333e-da750a9991e6,0.17,0.6904296875,10240.0,2996.0,546.17,NVIDIA GeForce RTX 3080,[N/A],Enabled,Enabled
1702415644.876924,0,GPU-b342434c-f6b6-7627-333e-da750a9991e6,0.16,0.6904296875,10240.0,2996.0,546.17,NVIDIA GeForce RTX 3080,[N/A],Enabled,Enabled
1702415645.876362,0,GPU-b342434c-f6b6-7627-333e-da750a9991e6,0.16,0.6904296875,10240.0,2996.0,546.17,NVIDIA GeForce RTX 3080,[N/A],Enabled,Enabled
1702415646.877046,0,GPU-b342434c-f6b6-7627-333e-da750a9991e6,0.16,0.6904296875,10240.0,2996.0,546.17,NVIDIA GeForce RTX 3080,[N/A],Enabled,Enabled
1702415647.875944,0,GPU-b342434c-f6b6-7627-333e-da750a9991e6,0.16,0.6904296875,10240.0,2996.0,546.17,NVIDIA GeForce RTX 3080,[N/A],Enabled,Enabled
1702415648.876496,0,GPU-b342434c-f6b6-7627-333e-da750a9991e6,0.16,0.6904296875,10240.0,2996.0,546.17,NVIDIA GeForce RTX 3080,[N/A],Enabled,Enabled
1702415649.875914,0,GPU-b342434c-f6b6-7627-333e-da750a9991e6,0.16,0.6904296875,10240.0,2996.0,546.17,NVIDIA GeForce RTX 3080,[N/A],Enabled,Enabled
1702415650.876106,0,GPU-b342434c-f6b6-7627-333e-da750a9991e6,0.16,0.6904296875,10240.0,2996.0,546.17,NVIDIA GeForce RTX 3080,[N/A],Enabled,Enabled
1702415651.876623,0,GPU-b342434c-f6b6-7627-333e-da750a9991e6,0.16,0.6904296875,10240.0,2996.0,546.17,NVIDIA GeForce RTX 3080,[N/A],Enabled,Enabled
1702415652.875811,0,GPU-b342434c-f6b6-7627-333e-da750a9991e6,0.16,0.6904296875,10240.0,2996.0,546.17,NVIDIA GeForce RTX 3080,[N/A],Enabled,Enabled
1702415653.876522,0,GPU-b342434c-f6b6-7627-333e-da750a9991e6,0.16,0.6904296875,10240.0,2996.0,546.17,NVIDIA GeForce RTX 3080,[N/A],Enabled,Enabled
1702415654.875926,0,GPU-b342434c-f6b6-7627-333e-da750a9991e6,0.16,0.6904296875,10240.0,2996.0,546.17,NVIDIA GeForce RTX 3080,[N/A],Enabled,Enabled
1702415655.876006,0,GPU-b342434c-f6b6-7627-333e-da750a9991e6,0.16,0.6904296875,10240.0,2996.0,546.17,NVIDIA GeForce RTX 3080,[N/A],Enabled,Enabled
1702415656.875979,0,GPU-b342434c-f6b6-7627-333e-da750a9991e6,0.16,0.6904296875,10240.0,2996.0,546.17,NVIDIA GeForce RTX 3080,[N/A],Enabled,Enabled
1702415657.876048,0,GPU-b342434c-f6b6-7627-333e-da750a9991e6,0.16,0.6904296875,10240.0,2996.0,546.17,NVIDIA GeForce RTX 3080,[N/A],Enabled,Enabled
1702415658.876537,0,GPU-b342434c-f6b6-7627-333e-da750a9991e6,0.17,0.6904296875,10240.0,2996.0,546.17,NVIDIA GeForce RTX 3080,[N/A],Enabled,Enabled
1702415659.876292,0,GPU-b342434c-f6b6-7627-333e-da750a9991e6,0.17,0.6904296875,10240.0,2996.0,546.17,NVIDIA GeForce RTX 3080,[N/A],Enabled,Enabled
1702415660.876043,0,GPU-b342434c-f6b6-7627-333e-da750a9991e6,0.16,0.6904296875,10240.0,2996.0,546.17,NVIDIA GeForce RTX 3080,[N/A],Enabled,Enabled
1702415661.876563,0,GPU-b342434c-f6b6-7627-333e-da750a9991e6,0.16,0.6904296875,10240.0,2996.0,546.17,NVIDIA GeForce RTX 3080,[N/A],Enabled,Enabled
1702415662.87626,0,GPU-b342434c-f6b6-7627-333e-da750a9991e6,0.16,0.6904296875,10240.0,2996.0,546.17,NVIDIA GeForce RTX 3080,[N/A],Enabled,Enabled
1702415663.87607,0,GPU-b342434c-f6b6-7627-333e-da750a9991e6,0.16,0.6904296875,10240.0,2996.0,546.17,NVIDIA GeForce RTX 3080,[N/A],Enabled,Enabled
1702415664.876745,0,GPU-b342434c-f6b6-7627-333e-da750a9991e6,0.17,0.6904296875,10240.0,2996.0,546.17,NVIDIA GeForce RTX 3080,[N/A],Enabled,Enabled
1702415665.876268,0,GPU-b342434c-f6b6-7627-333e-da750a9991e6,0.16,0.6904296875,10240.0,2996.0,546.17,NVIDIA GeForce RTX 3080,[N/A],Enabled,Enabled
1702415666.876177,0,GPU-b342434c-f6b6-7627-333e-da750a9991e6,0.16,0.6904296875,10240.0,2996.0,546.17,NVIDIA GeForce RTX 3080,[N/A],Enabled,Enabled
1702415667.876655,0,GPU-b342434c-f6b6-7627-333e-da750a9991e6,0.16,0.6904296875,10240.0,2996.0,546.17,NVIDIA GeForce RTX 3080,[N/A],Enabled,Enabled
1702415668.876148,0,GPU-b342434c-f6b6-7627-333e-da750a9991e6,0.17,0.6904296875,10240.0,2996.0,546.17,NVIDIA GeForce RTX 3080,[N/A],Enabled,Enabled
1702415669.876793,0,GPU-b342434c-f6b6-7627-333e-da750a9991e6,0.17,0.6904296875,10240.0,2996.0,546.17,NVIDIA GeForce RTX 3080,[N/A],Enabled,Enabled
1702415670.876391,0,GPU-b342434c-f6b6-7627-333e-da750a9991e6,0.17,0.6904296875,10240.0,2996.0,546.17,NVIDIA GeForce RTX 3080,[N/A],Enabled,Enabled
1702415671.875974,0,GPU-b342434c-f6b6-7627-333e-da750a9991e6,0.17,0.6904296875,10240.0,2996.0,546.17,NVIDIA GeForce RTX 3080,[N/A],Enabled,Enabled
1702415672.876238,0,GPU-b342434c-f6b6-7627-333e-da750a9991e6,0.16,0.6904296875,10240.0,2996.0,546.17,NVIDIA GeForce RTX 3080,[N/A],Enabled,Enabled
1702415673.875942,0,GPU-b342434c-f6b6-7627-333e-da750a9991e6,0.16,0.6904296875,10240.0,2996.0,546.17,NVIDIA GeForce RTX 3080,[N/A],Enabled,Enabled
1702415674.876775,0,GPU-b342434c-f6b6-7627-333e-da750a9991e6,0.16,0.6904296875,10240.0,2996.0,546.17,NVIDIA GeForce RTX 3080,[N/A],Enabled,Enabled
1702415675.876456,0,GPU-b342434c-f6b6-7627-333e-da750a9991e6,0.16,0.6904296875,10240.0,2996.0,546.17,NVIDIA GeForce RTX 3080,[N/A],Enabled,Enabled
1702415676.877049,0,GPU-b342434c-f6b6-7627-333e-da750a9991e6,0.16,0.6904296875,10240.0,2996.0,546.17,NVIDIA GeForce RTX 3080,[N/A],Enabled,Enabled
1702415677.876856,0,GPU-b342434c-f6b6-7627-333e-da750a9991e6,0.16,0.6904296875,10240.0,2996.0,546.17,NVIDIA GeForce RTX 3080,[N/A],Enabled,Enabled
1702415678.876858,0,GPU-b342434c-f6b6-7627-333e-da750a9991e6,0.16,0.6904296875,10240.0,2996.0,546.17,NVIDIA GeForce RTX 3080,[N/A],Enabled,Enabled
1702415679.876275,0,GPU-b342434c-f6b6-7627-333e-da750a9991e6,0.16,0.6904296875,10240.0,2996.0,546.17,NVIDIA GeForce RTX 3080,[N/A],Enabled,Enabled
1702415680.875799,0,GPU-b342434c-f6b6-7627-333e-da750a9991e6,0.16,0.6904296875,10240.0,2996.0,546.17,NVIDIA GeForce RTX 3080,[N/A],Enabled,Enabled
1702415681.87614,0,GPU-b342434c-f6b6-7627-333e-da750a9991e6,0.17,0.6904296875,10240.0,2996.0,546.17,NVIDIA GeForce RTX 3080,[N/A],Enabled,Enabled
1702415682.876351,0,GPU-b342434c-f6b6-7627-333e-da750a9991e6,0.16,0.6904296875,10240.0,2996.0,546.17,NVIDIA GeForce RTX 3080,[N/A],Enabled,Enabled
1702415683.876197,0,GPU-b342434c-f6b6-7627-333e-da750a9991e6,0.16,0.6904296875,10240.0,2996.0,546.17,NVIDIA GeForce RTX 3080,[N/A],Enabled,Enabled
1702415684.876253,0,GPU-b342434c-f6b6-7627-333e-da750a9991e6,0.16,0.6904296875,10240.0,2996.0,546.17,NVIDIA GeForce RTX 3080,[N/A],Enabled,Enabled
1702415685.876484,0,GPU-b342434c-f6b6-7627-333e-da750a9991e6,0.16,0.6904296875,10240.0,2996.0,546.17,NVIDIA GeForce RTX 3080,[N/A],Enabled,Enabled
1702415686.875842,0,GPU-b342434c-f6b6-7627-333e-da750a9991e6,0.16,0.6904296875,10240.0,2996.0,546.17,NVIDIA GeForce RTX 3080,[N/A],Enabled,Enabled
1702415687.876871,0,GPU-b342434c-f6b6-7627-333e-da750a9991e6,0.16,0.6904296875,10240.0,2996.0,546.17,NVIDIA GeForce RTX 3080,[N/A],Enabled,Enabled
1702415688.876623,0,GPU-b342434c-f6b6-7627-333e-da750a9991e6,0.16,0.6904296875,10240.0,2996.0,546.17,NVIDIA GeForce RTX 3080,[N/A],Enabled,Enabled
1702415689.876149,0,GPU-b342434c-f6b6-7627-333e-da750a9991e6,0.16,0.6904296875,10240.0,2996.0,546.17,NVIDIA GeForce RTX 3080,[N/A],Enabled,Enabled
1702415690.876409,0,GPU-b342434c-f6b6-7627-333e-da750a9991e6,0.16,0.6904296875,10240.0,2996.0,546.17,NVIDIA GeForce RTX 3080,[N/A],Enabled,Enabled
1702415691.876286,0,GPU-b342434c-f6b6-7627-333e-da750a9991e6,0.17,0.6904296875,10240.0,2996.0,546.17,NVIDIA GeForce RTX 3080,[N/A],Enabled,Enabled
1702415692.876231,0,GPU-b342434c-f6b6-7627-333e-da750a9991e6,0.16,0.6904296875,10240.0,2996.0,546.17,NVIDIA GeForce RTX 3080,[N/A],Enabled,Enabled
1702415693.876625,0,GPU-b342434c-f6b6-7627-333e-da750a9991e6,0.15,0.6904296875,10240.0,2996.0,546.17,NVIDIA GeForce RTX 3080,[N/A],Enabled,Enabled
1702415694.877019,0,GPU-b342434c-f6b6-7627-333e-da750a9991e6,0.16,0.6904296875,10240.0,2996.0,546.17,NVIDIA GeForce RTX 3080,[N/A],Enabled,Enabled
1702415695.876542,0,GPU-b342434c-f6b6-7627-333e-da750a9991e6,0.16,0.6904296875,10240.0,2996.0,546.17,NVIDIA GeForce RTX 3080,[N/A],Enabled,Enabled
1702415696.876204,0,GPU-b342434c-f6b6-7627-333e-da750a9991e6,0.16,0.6904296875,10240.0,2996.0,546.17,NVIDIA GeForce RTX 3080,[N/A],Enabled,Enabled
1702415697.876235,0,GPU-b342434c-f6b6-7627-333e-da750a9991e6,0.16,0.6904296875,10240.0,2996.0,546.17,NVIDIA GeForce RTX 3080,[N/A],Enabled,Enabled
1702415698.876196,0,GPU-b342434c-f6b6-7627-333e-da750a9991e6,0.16,0.6904296875,10240.0,2996.0,546.17,NVIDIA GeForce RTX 3080,[N/A],Enabled,Enabled
1702415699.876629,0,GPU-b342434c-f6b6-7627-333e-da750a9991e6,0.15,0.6904296875,10240.0,2996.0,546.17,NVIDIA GeForce RTX 3080,[N/A],Enabled,Enabled
1702415700.875887,0,GPU-b342434c-f6b6-7627-333e-da750a9991e6,0.15,0.6904296875,10240.0,2996.0,546.17,NVIDIA GeForce RTX 3080,[N/A],Enabled,Enabled
1702415701.875795,0,GPU-b342434c-f6b6-7627-333e-da750a9991e6,0.16,0.6904296875,10240.0,2996.0,546.17,NVIDIA GeForce RTX 3080,[N/A],Enabled,Enabled
1702415702.876342,0,GPU-b342434c-f6b6-7627-333e-da750a9991e6,0.16,0.6904296875,10240.0,2996.0,546.17,NVIDIA GeForce RTX 3080,[N/A],Enabled,Enabled
1702415703.876413,0,GPU-b342434c-f6b6-7627-333e-da750a9991e6,0.17,0.6904296875,10240.0,2996.0,546.17,NVIDIA GeForce RTX 3080,[N/A],Enabled,Enabled
1702415704.87616,0,GPU-b342434c-f6b6-7627-333e-da750a9991e6,0.15,0.6904296875,10240.0,2996.0,546.17,NVIDIA GeForce RTX 3080,[N/A],Enabled,Enabled
1702415705.87696,0,GPU-b342434c-f6b6-7627-333e-da750a9991e6,0.16,0.6904296875,10240.0,2996.0,546.17,NVIDIA GeForce RTX 3080,[N/A],Enabled,Enabled
1702415706.876549,0,GPU-b342434c-f6b6-7627-333e-da750a9991e6,0.16,0.6904296875,10240.0,2996.0,546.17,NVIDIA GeForce RTX 3080,[N/A],Enabled,Enabled
1702415707.8757,0,GPU-b342434c-f6b6-7627-333e-da750a9991e6,0.16,0.6904296875,10240.0,2996.0,546.17,NVIDIA GeForce RTX 3080,[N/A],Enabled,Enabled
1702415708.876035,0,GPU-b342434c-f6b6-7627-333e-da750a9991e6,0.16,0.6904296875,10240.0,2996.0,546.17,NVIDIA GeForce RTX 3080,[N/A],Enabled,Enabled
1702415709.876086,0,GPU-b342434c-f6b6-7627-333e-da750a9991e6,0.17,0.6904296875,10240.0,2996.0,546.17,NVIDIA GeForce RTX 3080,[N/A],Enabled,Enabled
1702415710.876563,0,GPU-b342434c-f6b6-7627-333e-da750a9991e6,0.16,0.6904296875,10240.0,2996.0,546.17,NVIDIA GeForce RTX 3080,[N/A],Enabled,Enabled
1702415711.875846,0,GPU-b342434c-f6b6-7627-333e-da750a9991e6,0.16,0.6904296875,10240.0,2996.0,546.17,NVIDIA GeForce RTX 3080,[N/A],Enabled,Enabled
1702415712.876831,0,GPU-b342434c-f6b6-7627-333e-da750a9991e6,0.17,0.6904296875,10240.0,2996.0,546.17,NVIDIA GeForce RTX 3080,[N/A],Enabled,Enabled
1702415713.875979,0,GPU-b342434c-f6b6-7627-333e-da750a9991e6,0.17,0.6904296875,10240.0,2996.0,546.17,NVIDIA GeForce RTX 3080,[N/A],Enabled,Enabled
1702415714.876543,0,GPU-b342434c-f6b6-7627-333e-da750a9991e6,0.16,0.6904296875,10240.0,2996.0,546.17,NVIDIA GeForce RTX 3080,[N/A],Enabled,Enabled
1702415715.875893,0,GPU-b342434c-f6b6-7627-333e-da750a9991e6,0.16,0.6904296875,10240.0,2996.0,546.17,NVIDIA GeForce RTX 3080,[N/A],Enabled,Enabled
1702415716.876562,0,GPU-b342434c-f6b6-7627-333e-da750a9991e6,0.16,0.6904296875,10240.0,2996.0,546.17,NVIDIA GeForce RTX 3080,[N/A],Enabled,Enabled
1702415717.876612,0,GPU-b342434c-f6b6-7627-333e-da750a9991e6,0.16,0.6904296875,10240.0,2996.0,546.17,NVIDIA GeForce RTX 3080,[N/A],Enabled,Enabled
1702415718.876618,0,GPU-b342434c-f6b6-7627-333e-da750a9991e6,0.16,0.6904296875,10240.0,2996.0,546.17,NVIDIA GeForce RTX 3080,[N/A],Enabled,Enabled
1702415719.876068,0,GPU-b342434c-f6b6-7627-333e-da750a9991e6,0.17,0.6904296875,10240.0,2996.0,546.17,NVIDIA GeForce RTX 3080,[N/A],Enabled,Enabled
1702415720.876484,0,GPU-b342434c-f6b6-7627-333e-da750a9991e6,0.16,0.6904296875,10240.0,2996.0,546.17,NVIDIA GeForce RTX 3080,[N/A],Enabled,Enabled
1702415721.876197,0,GPU-b342434c-f6b6-7627-333e-da750a9991e6,0.16,0.6904296875,10240.0,2996.0,546.17,NVIDIA GeForce RTX 3080,[N/A],Enabled,Enabled
1702415722.876652,0,GPU-b342434c-f6b6-7627-333e-da750a9991e6,0.17,0.6904296875,10240.0,2996.0,546.17,NVIDIA GeForce RTX 3080,[N/A],Enabled,Enabled
1702415723.875797,0,GPU-b342434c-f6b6-7627-333e-da750a9991e6,0.16,0.6904296875,10240.0,2996.0,546.17,NVIDIA GeForce RTX 3080,[N/A],Enabled,Enabled
1702415724.876341,0,GPU-b342434c-f6b6-7627-333e-da750a9991e6,0.16,0.6904296875,10240.0,2996.0,546.17,NVIDIA GeForce RTX 3080,[N/A],Enabled,Enabled
1702415725.876394,0,GPU-b342434c-f6b6-7627-333e-da750a9991e6,0.17,0.6904296875,10240.0,2996.0,546.17,NVIDIA GeForce RTX 3080,[N/A],Enabled,Enabled
1702415726.876222,0,GPU-b342434c-f6b6-7627-333e-da750a9991e6,0.16,0.6904296875,10240.0,2996.0,546.17,NVIDIA GeForce RTX 3080,[N/A],Enabled,Enabled
1702415727.876073,0,GPU-b342434c-f6b6-7627-333e-da750a9991e6,0.16,0.6904296875,10240.0,2996.0,546.17,NVIDIA GeForce RTX 3080,[N/A],Enabled,Enabled
1702415728.876512,0,GPU-b342434c-f6b6-7627-333e-da750a9991e6,0.16,0.6904296875,10240.0,2996.0,546.17,NVIDIA GeForce RTX 3080,[N/A],Enabled,Enabled
1702415729.875917,0,GPU-b342434c-f6b6-7627-333e-da750a9991e6,0.17,0.6904296875,10240.0,2996.0,546.17,NVIDIA GeForce RTX 3080,[N/A],Enabled,Enabled
1702415730.876147,0,GPU-b342434c-f6b6-7627-333e-da750a9991e6,0.17,0.6904296875,10240.0,2996.0,546.17,NVIDIA GeForce RTX 3080,[N/A],Enabled,Enabled
1702415731.876902,0,GPU-b342434c-f6b6-7627-333e-da750a9991e6,0.16,0.6904296875,10240.0,2996.0,546.17,NVIDIA GeForce RTX 3080,[N/A],Enabled,Enabled
1702415732.875958,0,GPU-b342434c-f6b6-7627-333e-da750a9991e6,0.16,0.6904296875,10240.0,2996.0,546.17,NVIDIA GeForce RTX 3080,[N/A],Enabled,Enabled
1702415733.876212,0,GPU-b342434c-f6b6-7627-333e-da750a9991e6,0.16,0.6904296875,10240.0,2996.0,546.17,NVIDIA GeForce RTX 3080,[N/A],Enabled,Enabled
1702415734.875908,0,GPU-b342434c-f6b6-7627-333e-da750a9991e6,0.16,0.6904296875,10240.0,2996.0,546.17,NVIDIA GeForce RTX 3080,[N/A],Enabled,Enabled
1702415735.876217,0,GPU-b342434c-f6b6-7627-333e-da750a9991e6,0.2,0.6904296875,10240.0,2996.0,546.17,NVIDIA GeForce RTX 3080,[N/A],Enabled,Enabled
1702415736.876302,0,GPU-b342434c-f6b6-7627-333e-da750a9991e6,0.17,0.6904296875,10240.0,2996.0,546.17,NVIDIA GeForce RTX 3080,[N/A],Enabled,Enabled
1702415737.87648,0,GPU-b342434c-f6b6-7627-333e-da750a9991e6,0.19,0.69248046875,10240.0,2975.0,546.17,NVIDIA GeForce RTX 3080,[N/A],Enabled,Enabled
1702415738.876357,0,GPU-b342434c-f6b6-7627-333e-da750a9991e6,0.16,0.69248046875,10240.0,2975.0,546.17,NVIDIA GeForce RTX 3080,[N/A],Enabled,Enabled
1702415739.876733,0,GPU-b342434c-f6b6-7627-333e-da750a9991e6,0.16,0.69248046875,10240.0,2975.0,546.17,NVIDIA GeForce RTX 3080,[N/A],Enabled,Enabled
1702415740.876461,0,GPU-b342434c-f6b6-7627-333e-da750a9991e6,0.12,0.68544921875,10240.0,3047.0,546.17,NVIDIA GeForce RTX 3080,[N/A],Enabled,Enabled
1702415741.876596,0,GPU-b342434c-f6b6-7627-333e-da750a9991e6,0.19,0.68525390625,10240.0,3049.0,546.17,NVIDIA GeForce RTX 3080,[N/A],Enabled,Enabled
1702415742.876617,0,GPU-b342434c-f6b6-7627-333e-da750a9991e6,0.16,0.68154296875,10240.0,3087.0,546.17,NVIDIA GeForce RTX 3080,[N/A],Enabled,Enabled
1702415743.876239,0,GPU-b342434c-f6b6-7627-333e-da750a9991e6,0.14,0.6857421875,10240.0,3044.0,546.17,NVIDIA GeForce RTX 3080,[N/A],Enabled,Enabled
1702415744.87599,0,GPU-b342434c-f6b6-7627-333e-da750a9991e6,0.14,0.681640625,10240.0,3086.0,546.17,NVIDIA GeForce RTX 3080,[N/A],Enabled,Enabled
1702415745.876745,0,GPU-b342434c-f6b6-7627-333e-da750a9991e6,0.19,0.691015625,10240.0,2990.0,546.17,NVIDIA GeForce RTX 3080,[N/A],Enabled,Enabled
1702415746.876157,0,GPU-b342434c-f6b6-7627-333e-da750a9991e6,0.13,0.6916015625,10240.0,2984.0,546.17,NVIDIA GeForce RTX 3080,[N/A],Enabled,Enabled
1702415747.876329,0,GPU-b342434c-f6b6-7627-333e-da750a9991e6,0.15,0.69140625,10240.0,2986.0,546.17,NVIDIA GeForce RTX 3080,[N/A],Enabled,Enabled
1702415748.876061,0,GPU-b342434c-f6b6-7627-333e-da750a9991e6,0.14,0.69140625,10240.0,2986.0,546.17,NVIDIA GeForce RTX 3080,[N/A],Enabled,Enabled
1702415749.876649,0,GPU-b342434c-f6b6-7627-333e-da750a9991e6,0.14,0.69140625,10240.0,2986.0,546.17,NVIDIA GeForce RTX 3080,[N/A],Enabled,Enabled
1702415750.876221,0,GPU-b342434c-f6b6-7627-333e-da750a9991e6,0.13,0.69140625,10240.0,2986.0,546.17,NVIDIA GeForce RTX 3080,[N/A],Enabled,Enabled
1702415751.875884,0,GPU-b342434c-f6b6-7627-333e-da750a9991e6,0.13,0.6900390625,10240.0,3000.0,546.17,NVIDIA GeForce RTX 3080,[N/A],Enabled,Enabled
1702415752.876144,0,GPU-b342434c-f6b6-7627-333e-da750a9991e6,0.12,0.68720703125,10240.0,3029.0,546.17,NVIDIA GeForce RTX 3080,[N/A],Enabled,Enabled
1702415753.876207,0,GPU-b342434c-f6b6-7627-333e-da750a9991e6,0.12,0.68720703125,10240.0,3029.0,546.17,NVIDIA GeForce RTX 3080,[N/A],Enabled,Enabled
1702415754.876843,0,GPU-b342434c-f6b6-7627-333e-da750a9991e6,0.12,0.68720703125,10240.0,3029.0,546.17,NVIDIA GeForce RTX 3080,[N/A],Enabled,Enabled
1702415755.876139,0,GPU-b342434c-f6b6-7627-333e-da750a9991e6,0.12,0.68720703125,10240.0,3029.0,546.17,NVIDIA GeForce RTX 3080,[N/A],Enabled,Enabled
1702415756.876094,0,GPU-b342434c-f6b6-7627-333e-da750a9991e6,0.12,0.68720703125,10240.0,3029.0,546.17,NVIDIA GeForce RTX 3080,[N/A],Enabled,Enabled
1702415757.875991,0,GPU-b342434c-f6b6-7627-333e-da750a9991e6,0.13,0.68720703125,10240.0,3029.0,546.17,NVIDIA GeForce RTX 3080,[N/A],Enabled,Enabled
1702415758.876377,0,GPU-b342434c-f6b6-7627-333e-da750a9991e6,0.12,0.68720703125,10240.0,3029.0,546.17,NVIDIA GeForce RTX 3080,[N/A],Enabled,Enabled
1702415759.87612,0,GPU-b342434c-f6b6-7627-333e-da750a9991e6,0.12,0.68720703125,10240.0,3029.0,546.17,NVIDIA GeForce RTX 3080,[N/A],Enabled,Enabled
1702415760.876382,0,GPU-b342434c-f6b6-7627-333e-da750a9991e6,0.12,0.57333984375,10240.0,4195.0,546.17,NVIDIA GeForce RTX 3080,[N/A],Enabled,Enabled
1702415761.876465,0,GPU-b342434c-f6b6-7627-333e-da750a9991e6,0.16,0.62626953125,10240.0,3653.0,546.17,NVIDIA GeForce RTX 3080,[N/A],Enabled,Enabled
1702415762.875922,0,GPU-b342434c-f6b6-7627-333e-da750a9991e6,0.17,0.62568359375,10240.0,3659.0,546.17,NVIDIA GeForce RTX 3080,[N/A],Enabled,Enabled
1702415763.875999,0,GPU-b342434c-f6b6-7627-333e-da750a9991e6,0.17,0.6255859375,10240.0,3660.0,546.17,NVIDIA GeForce RTX 3080,[N/A],Enabled,Enabled
1702415764.875948,0,GPU-b342434c-f6b6-7627-333e-da750a9991e6,0.16,0.62548828125,10240.0,3661.0,546.17,NVIDIA GeForce RTX 3080,[N/A],Enabled,Enabled
1702415765.875943,0,GPU-b342434c-f6b6-7627-333e-da750a9991e6,0.17,0.62529296875,10240.0,3663.0,546.17,NVIDIA GeForce RTX 3080,[N/A],Enabled,Enabled
1702415766.876307,0,GPU-b342434c-f6b6-7627-333e-da750a9991e6,0.17,0.62529296875,10240.0,3663.0,546.17,NVIDIA GeForce RTX 3080,[N/A],Enabled,Enabled
1702415767.875995,0,GPU-b342434c-f6b6-7627-333e-da750a9991e6,0.17,0.62529296875,10240.0,3663.0,546.17,NVIDIA GeForce RTX 3080,[N/A],Enabled,Enabled
1702415768.876072,0,GPU-b342434c-f6b6-7627-333e-da750a9991e6,0.16,0.62529296875,10240.0,3663.0,546.17,NVIDIA GeForce RTX 3080,[N/A],Enabled,Enabled
1702415769.876471,0,GPU-b342434c-f6b6-7627-333e-da750a9991e6,0.17,0.62529296875,10240.0,3663.0,546.17,NVIDIA GeForce RTX 3080,[N/A],Enabled,Enabled
1702415770.876215,0,GPU-b342434c-f6b6-7627-333e-da750a9991e6,0.17,0.62529296875,10240.0,3663.0,546.17,NVIDIA GeForce RTX 3080,[N/A],Enabled,Enabled
1702415771.876093,0,GPU-b342434c-f6b6-7627-333e-da750a9991e6,0.17,0.62529296875,10240.0,3663.0,546.17,NVIDIA GeForce RTX 3080,[N/A],Enabled,Enabled
1702415772.876216,0,GPU-b342434c-f6b6-7627-333e-da750a9991e6,0.17,0.62529296875,10240.0,3663.0,546.17,NVIDIA GeForce RTX 3080,[N/A],Enabled,Enabled
