timestamp,id,uuid,load,memoryUtil,memoryTotal,memoryUsed,memoryFree,driver,name,serial,display_mode,display_active
1702843841.208123,0,GPU-b342434c-f6b6-7627-333e-da750a9991e6,0.17,0.29111328125,10240.0,7085.0,546.17,NVIDIA GeForce RTX 3080,[N/A],Enabled,Enabled
1702843842.203585,0,GPU-b342434c-f6b6-7627-333e-da750a9991e6,0.17,0.29130859375,10240.0,7083.0,546.17,NVIDIA GeForce RTX 3080,[N/A],Enabled,Enabled
1702843843.202875,0,GPU-b342434c-f6b6-7627-333e-da750a9991e6,0.17,0.29130859375,10240.0,7083.0,546.17,NVIDIA GeForce RTX 3080,[N/A],Enabled,Enabled
1702843844.202586,0,GPU-b342434c-f6b6-7627-333e-da750a9991e6,0.17,0.29130859375,10240.0,7083.0,546.17,NVIDIA GeForce RTX 3080,[N/A],Enabled,Enabled
1702843845.202519,0,GPU-b342434c-f6b6-7627-333e-da750a9991e6,0.15,0.29130859375,10240.0,7083.0,546.17,NVIDIA GeForce RTX 3080,[N/A],Enabled,Enabled
1702843846.20307,0,GPU-b342434c-f6b6-7627-333e-da750a9991e6,0.16,0.29130859375,10240.0,7083.0,546.17,NVIDIA GeForce RTX 3080,[N/A],Enabled,Enabled
1702843847.203373,0,GPU-b342434c-f6b6-7627-333e-da750a9991e6,0.13,0.291015625,10240.0,7086.0,546.17,NVIDIA GeForce RTX 3080,[N/A],Enabled,Enabled
1702843848.203023,0,GPU-b342434c-f6b6-7627-333e-da750a9991e6,0.17,0.291015625,10240.0,7086.0,546.17,NVIDIA GeForce RTX 3080,[N/A],Enabled,Enabled
1702843849.203651,0,GPU-b342434c-f6b6-7627-333e-da750a9991e6,0.16,0.291015625,10240.0,7086.0,546.17,NVIDIA GeForce RTX 3080,[N/A],Enabled,Enabled
1702843850.202995,0,GPU-b342434c-f6b6-7627-333e-da750a9991e6,0.16,0.291015625,10240.0,7086.0,546.17,NVIDIA GeForce RTX 3080,[N/A],Enabled,Enabled
1702843851.20335,0,GPU-b342434c-f6b6-7627-333e-da750a9991e6,0.17,0.29013671875,10240.0,7095.0,546.17,NVIDIA GeForce RTX 3080,[N/A],Enabled,Enabled
1702843852.20299,0,GPU-b342434c-f6b6-7627-333e-da750a9991e6,0.17,0.29013671875,10240.0,7095.0,546.17,NVIDIA GeForce RTX 3080,[N/A],Enabled,Enabled
1702843853.20245,0,GPU-b342434c-f6b6-7627-333e-da750a9991e6,0.17,0.29013671875,10240.0,7095.0,546.17,NVIDIA GeForce RTX 3080,[N/A],Enabled,Enabled
1702843854.202748,0,GPU-b342434c-f6b6-7627-333e-da750a9991e6,0.16,0.29013671875,10240.0,7095.0,546.17,NVIDIA GeForce RTX 3080,[N/A],Enabled,Enabled
1702843855.203004,0,GPU-b342434c-f6b6-7627-333e-da750a9991e6,0.17,0.29013671875,10240.0,7095.0,546.17,NVIDIA GeForce RTX 3080,[N/A],Enabled,Enabled
1702843856.202869,0,GPU-b342434c-f6b6-7627-333e-da750a9991e6,0.18,0.28974609375,10240.0,7099.0,546.17,NVIDIA GeForce RTX 3080,[N/A],Enabled,Enabled
1702843857.202502,0,GPU-b342434c-f6b6-7627-333e-da750a9991e6,0.22,0.303125,10240.0,6962.0,546.17,NVIDIA GeForce RTX 3080,[N/A],Enabled,Enabled
1702843858.203077,0,GPU-b342434c-f6b6-7627-333e-da750a9991e6,0.24,0.44912109375,10240.0,5467.0,546.17,NVIDIA GeForce RTX 3080,[N/A],Enabled,Enabled
1702843859.202982,0,GPU-b342434c-f6b6-7627-333e-da750a9991e6,0.11,0.3984375,10240.0,5986.0,546.17,NVIDIA GeForce RTX 3080,[N/A],Enabled,Enabled
1702843860.20311,0,GPU-b342434c-f6b6-7627-333e-da750a9991e6,0.11,0.3966796875,10240.0,6004.0,546.17,NVIDIA GeForce RTX 3080,[N/A],Enabled,Enabled
1702843861.203509,0,GPU-b342434c-f6b6-7627-333e-da750a9991e6,0.1,0.3966796875,10240.0,6004.0,546.17,NVIDIA GeForce RTX 3080,[N/A],Enabled,Enabled
1702843862.203242,0,GPU-b342434c-f6b6-7627-333e-da750a9991e6,0.11,0.33349609375,10240.0,6651.0,546.17,NVIDIA GeForce RTX 3080,[N/A],Enabled,Enabled
1702843863.20281,0,GPU-b342434c-f6b6-7627-333e-da750a9991e6,0.17,0.34580078125,10240.0,6525.0,546.17,NVIDIA GeForce RTX 3080,[N/A],Enabled,Enabled
1702843864.203356,0,GPU-b342434c-f6b6-7627-333e-da750a9991e6,0.13,0.34580078125,10240.0,6525.0,546.17,NVIDIA GeForce RTX 3080,[N/A],Enabled,Enabled
1702843865.203409,0,GPU-b342434c-f6b6-7627-333e-da750a9991e6,0.12,0.3423828125,10240.0,6560.0,546.17,NVIDIA GeForce RTX 3080,[N/A],Enabled,Enabled
1702843866.202981,0,GPU-b342434c-f6b6-7627-333e-da750a9991e6,0.12,0.3423828125,10240.0,6560.0,546.17,NVIDIA GeForce RTX 3080,[N/A],Enabled,Enabled
1702843867.203223,0,GPU-b342434c-f6b6-7627-333e-da750a9991e6,0.12,0.3423828125,10240.0,6560.0,546.17,NVIDIA GeForce RTX 3080,[N/A],Enabled,Enabled
1702843868.202625,0,GPU-b342434c-f6b6-7627-333e-da750a9991e6,0.13,0.3423828125,10240.0,6560.0,546.17,NVIDIA GeForce RTX 3080,[N/A],Enabled,Enabled
1702843869.203304,0,GPU-b342434c-f6b6-7627-333e-da750a9991e6,0.13,0.34580078125,10240.0,6525.0,546.17,NVIDIA GeForce RTX 3080,[N/A],Enabled,Enabled
1702843870.202893,0,GPU-b342434c-f6b6-7627-333e-da750a9991e6,0.13,0.34755859375,10240.0,6507.0,546.17,NVIDIA GeForce RTX 3080,[N/A],Enabled,Enabled
1702843871.20325,0,GPU-b342434c-f6b6-7627-333e-da750a9991e6,0.14,0.34755859375,10240.0,6507.0,546.17,NVIDIA GeForce RTX 3080,[N/A],Enabled,Enabled
1702843872.203135,0,GPU-b342434c-f6b6-7627-333e-da750a9991e6,0.13,0.344140625,10240.0,6542.0,546.17,NVIDIA GeForce RTX 3080,[N/A],Enabled,Enabled
1702843873.202934,0,GPU-b342434c-f6b6-7627-333e-da750a9991e6,0.13,0.34755859375,10240.0,6507.0,546.17,NVIDIA GeForce RTX 3080,[N/A],Enabled,Enabled
1702843874.202933,0,GPU-b342434c-f6b6-7627-333e-da750a9991e6,0.14,0.34755859375,10240.0,6507.0,546.17,NVIDIA GeForce RTX 3080,[N/A],Enabled,Enabled
1702843875.202987,0,GPU-b342434c-f6b6-7627-333e-da750a9991e6,0.12,0.34755859375,10240.0,6507.0,546.17,NVIDIA GeForce RTX 3080,[N/A],Enabled,Enabled
1702843876.203103,0,GPU-b342434c-f6b6-7627-333e-da750a9991e6,0.14,0.34755859375,10240.0,6507.0,546.17,NVIDIA GeForce RTX 3080,[N/A],Enabled,Enabled
1702843877.20393,0,GPU-b342434c-f6b6-7627-333e-da750a9991e6,0.13,0.34755859375,10240.0,6507.0,546.17,NVIDIA GeForce RTX 3080,[N/A],Enabled,Enabled
1702843878.202654,0,GPU-b342434c-f6b6-7627-333e-da750a9991e6,0.13,0.34755859375,10240.0,6507.0,546.17,NVIDIA GeForce RTX 3080,[N/A],Enabled,Enabled
1702843879.202741,0,GPU-b342434c-f6b6-7627-333e-da750a9991e6,0.13,0.34755859375,10240.0,6507.0,546.17,NVIDIA GeForce RTX 3080,[N/A],Enabled,Enabled
1702843880.202728,0,GPU-b342434c-f6b6-7627-333e-da750a9991e6,0.12,0.34423828125,10240.0,6541.0,546.17,NVIDIA GeForce RTX 3080,[N/A],Enabled,Enabled
1702843881.202758,0,GPU-b342434c-f6b6-7627-333e-da750a9991e6,0.12,0.34423828125,10240.0,6541.0,546.17,NVIDIA GeForce RTX 3080,[N/A],Enabled,Enabled
1702843882.203237,0,GPU-b342434c-f6b6-7627-333e-da750a9991e6,0.13,0.34755859375,10240.0,6507.0,546.17,NVIDIA GeForce RTX 3080,[N/A],Enabled,Enabled
1702843883.202786,0,GPU-b342434c-f6b6-7627-333e-da750a9991e6,0.09,0.35693359375,10240.0,6411.0,546.17,NVIDIA GeForce RTX 3080,[N/A],Enabled,Enabled
1702843884.203382,0,GPU-b342434c-f6b6-7627-333e-da750a9991e6,0.14,0.35693359375,10240.0,6411.0,546.17,NVIDIA GeForce RTX 3080,[N/A],Enabled,Enabled
1702843885.202969,0,GPU-b342434c-f6b6-7627-333e-da750a9991e6,0.14,0.35693359375,10240.0,6411.0,546.17,NVIDIA GeForce RTX 3080,[N/A],Enabled,Enabled
1702843886.203137,0,GPU-b342434c-f6b6-7627-333e-da750a9991e6,0.15,0.35693359375,10240.0,6411.0,546.17,NVIDIA GeForce RTX 3080,[N/A],Enabled,Enabled
1702843887.202795,0,GPU-b342434c-f6b6-7627-333e-da750a9991e6,0.14,0.35693359375,10240.0,6411.0,546.17,NVIDIA GeForce RTX 3080,[N/A],Enabled,Enabled
1702843888.203022,0,GPU-b342434c-f6b6-7627-333e-da750a9991e6,0.15,0.35693359375,10240.0,6411.0,546.17,NVIDIA GeForce RTX 3080,[N/A],Enabled,Enabled
1702843889.203564,0,GPU-b342434c-f6b6-7627-333e-da750a9991e6,0.14,0.35693359375,10240.0,6411.0,546.17,NVIDIA GeForce RTX 3080,[N/A],Enabled,Enabled
1702843890.203513,0,GPU-b342434c-f6b6-7627-333e-da750a9991e6,0.14,0.35693359375,10240.0,6411.0,546.17,NVIDIA GeForce RTX 3080,[N/A],Enabled,Enabled
1702843891.202622,0,GPU-b342434c-f6b6-7627-333e-da750a9991e6,0.14,0.35693359375,10240.0,6411.0,546.17,NVIDIA GeForce RTX 3080,[N/A],Enabled,Enabled
1702843892.202789,0,GPU-b342434c-f6b6-7627-333e-da750a9991e6,0.14,0.35693359375,10240.0,6411.0,546.17,NVIDIA GeForce RTX 3080,[N/A],Enabled,Enabled
1702843893.202627,0,GPU-b342434c-f6b6-7627-333e-da750a9991e6,0.15,0.35693359375,10240.0,6411.0,546.17,NVIDIA GeForce RTX 3080,[N/A],Enabled,Enabled
1702843894.20279,0,GPU-b342434c-f6b6-7627-333e-da750a9991e6,0.15,0.35693359375,10240.0,6411.0,546.17,NVIDIA GeForce RTX 3080,[N/A],Enabled,Enabled
1702843895.203205,0,GPU-b342434c-f6b6-7627-333e-da750a9991e6,0.15,0.35693359375,10240.0,6411.0,546.17,NVIDIA GeForce RTX 3080,[N/A],Enabled,Enabled
1702843896.203261,0,GPU-b342434c-f6b6-7627-333e-da750a9991e6,0.15,0.35693359375,10240.0,6411.0,546.17,NVIDIA GeForce RTX 3080,[N/A],Enabled,Enabled
1702843897.203791,0,GPU-b342434c-f6b6-7627-333e-da750a9991e6,0.15,0.35693359375,10240.0,6411.0,546.17,NVIDIA GeForce RTX 3080,[N/A],Enabled,Enabled
1702843898.202591,0,GPU-b342434c-f6b6-7627-333e-da750a9991e6,0.15,0.35693359375,10240.0,6411.0,546.17,NVIDIA GeForce RTX 3080,[N/A],Enabled,Enabled
1702843899.203233,0,GPU-b342434c-f6b6-7627-333e-da750a9991e6,0.15,0.35693359375,10240.0,6411.0,546.17,NVIDIA GeForce RTX 3080,[N/A],Enabled,Enabled
1702843900.203647,0,GPU-b342434c-f6b6-7627-333e-da750a9991e6,0.15,0.35693359375,10240.0,6411.0,546.17,NVIDIA GeForce RTX 3080,[N/A],Enabled,Enabled
1702843901.20323,0,GPU-b342434c-f6b6-7627-333e-da750a9991e6,0.16,0.35693359375,10240.0,6411.0,546.17,NVIDIA GeForce RTX 3080,[N/A],Enabled,Enabled
1702843902.202883,0,GPU-b342434c-f6b6-7627-333e-da750a9991e6,0.15,0.35693359375,10240.0,6411.0,546.17,NVIDIA GeForce RTX 3080,[N/A],Enabled,Enabled
1702843903.202687,0,GPU-b342434c-f6b6-7627-333e-da750a9991e6,0.15,0.35693359375,10240.0,6411.0,546.17,NVIDIA GeForce RTX 3080,[N/A],Enabled,Enabled
1702843904.203109,0,GPU-b342434c-f6b6-7627-333e-da750a9991e6,0.15,0.35693359375,10240.0,6411.0,546.17,NVIDIA GeForce RTX 3080,[N/A],Enabled,Enabled
1702843905.202873,0,GPU-b342434c-f6b6-7627-333e-da750a9991e6,0.15,0.35693359375,10240.0,6411.0,546.17,NVIDIA GeForce RTX 3080,[N/A],Enabled,Enabled
1702843906.203083,0,GPU-b342434c-f6b6-7627-333e-da750a9991e6,0.15,0.35693359375,10240.0,6411.0,546.17,NVIDIA GeForce RTX 3080,[N/A],Enabled,Enabled
1702843907.20382,0,GPU-b342434c-f6b6-7627-333e-da750a9991e6,0.16,0.35693359375,10240.0,6411.0,546.17,NVIDIA GeForce RTX 3080,[N/A],Enabled,Enabled
1702843908.202768,0,GPU-b342434c-f6b6-7627-333e-da750a9991e6,0.15,0.35693359375,10240.0,6411.0,546.17,NVIDIA GeForce RTX 3080,[N/A],Enabled,Enabled
1702843909.203485,0,GPU-b342434c-f6b6-7627-333e-da750a9991e6,0.16,0.35693359375,10240.0,6411.0,546.17,NVIDIA GeForce RTX 3080,[N/A],Enabled,Enabled
1702843910.202661,0,GPU-b342434c-f6b6-7627-333e-da750a9991e6,0.16,0.35693359375,10240.0,6411.0,546.17,NVIDIA GeForce RTX 3080,[N/A],Enabled,Enabled
1702843911.203453,0,GPU-b342434c-f6b6-7627-333e-da750a9991e6,0.15,0.35693359375,10240.0,6411.0,546.17,NVIDIA GeForce RTX 3080,[N/A],Enabled,Enabled
1702843912.203171,0,GPU-b342434c-f6b6-7627-333e-da750a9991e6,0.15,0.35693359375,10240.0,6411.0,546.17,NVIDIA GeForce RTX 3080,[N/A],Enabled,Enabled
1702843913.203449,0,GPU-b342434c-f6b6-7627-333e-da750a9991e6,0.15,0.35693359375,10240.0,6411.0,546.17,NVIDIA GeForce RTX 3080,[N/A],Enabled,Enabled
1702843914.203249,0,GPU-b342434c-f6b6-7627-333e-da750a9991e6,0.15,0.35693359375,10240.0,6411.0,546.17,NVIDIA GeForce RTX 3080,[N/A],Enabled,Enabled
1702843915.203322,0,GPU-b342434c-f6b6-7627-333e-da750a9991e6,0.15,0.35693359375,10240.0,6411.0,546.17,NVIDIA GeForce RTX 3080,[N/A],Enabled,Enabled
1702843916.203063,0,GPU-b342434c-f6b6-7627-333e-da750a9991e6,0.14,0.35693359375,10240.0,6411.0,546.17,NVIDIA GeForce RTX 3080,[N/A],Enabled,Enabled
1702843917.203074,0,GPU-b342434c-f6b6-7627-333e-da750a9991e6,0.15,0.35693359375,10240.0,6411.0,546.17,NVIDIA GeForce RTX 3080,[N/A],Enabled,Enabled
1702843918.20283,0,GPU-b342434c-f6b6-7627-333e-da750a9991e6,0.15,0.35693359375,10240.0,6411.0,546.17,NVIDIA GeForce RTX 3080,[N/A],Enabled,Enabled
1702843919.202796,0,GPU-b342434c-f6b6-7627-333e-da750a9991e6,0.15,0.35693359375,10240.0,6411.0,546.17,NVIDIA GeForce RTX 3080,[N/A],Enabled,Enabled
1702843920.203254,0,GPU-b342434c-f6b6-7627-333e-da750a9991e6,0.15,0.35693359375,10240.0,6411.0,546.17,NVIDIA GeForce RTX 3080,[N/A],Enabled,Enabled
1702843921.203697,0,GPU-b342434c-f6b6-7627-333e-da750a9991e6,0.15,0.35693359375,10240.0,6411.0,546.17,NVIDIA GeForce RTX 3080,[N/A],Enabled,Enabled
1702843922.202912,0,GPU-b342434c-f6b6-7627-333e-da750a9991e6,0.14,0.35693359375,10240.0,6411.0,546.17,NVIDIA GeForce RTX 3080,[N/A],Enabled,Enabled
1702843923.203168,0,GPU-b342434c-f6b6-7627-333e-da750a9991e6,0.15,0.35693359375,10240.0,6411.0,546.17,NVIDIA GeForce RTX 3080,[N/A],Enabled,Enabled
1702843924.202971,0,GPU-b342434c-f6b6-7627-333e-da750a9991e6,0.15,0.35693359375,10240.0,6411.0,546.17,NVIDIA GeForce RTX 3080,[N/A],Enabled,Enabled
1702843925.202807,0,GPU-b342434c-f6b6-7627-333e-da750a9991e6,0.14,0.35693359375,10240.0,6411.0,546.17,NVIDIA GeForce RTX 3080,[N/A],Enabled,Enabled
1702843926.203343,0,GPU-b342434c-f6b6-7627-333e-da750a9991e6,0.15,0.35693359375,10240.0,6411.0,546.17,NVIDIA GeForce RTX 3080,[N/A],Enabled,Enabled
1702843927.20369,0,GPU-b342434c-f6b6-7627-333e-da750a9991e6,0.15,0.35693359375,10240.0,6411.0,546.17,NVIDIA GeForce RTX 3080,[N/A],Enabled,Enabled
1702843928.202822,0,GPU-b342434c-f6b6-7627-333e-da750a9991e6,0.15,0.35693359375,10240.0,6411.0,546.17,NVIDIA GeForce RTX 3080,[N/A],Enabled,Enabled
1702843929.202998,0,GPU-b342434c-f6b6-7627-333e-da750a9991e6,0.15,0.35693359375,10240.0,6411.0,546.17,NVIDIA GeForce RTX 3080,[N/A],Enabled,Enabled
1702843930.203642,0,GPU-b342434c-f6b6-7627-333e-da750a9991e6,0.15,0.35693359375,10240.0,6411.0,546.17,NVIDIA GeForce RTX 3080,[N/A],Enabled,Enabled
1702843931.202975,0,GPU-b342434c-f6b6-7627-333e-da750a9991e6,0.15,0.35693359375,10240.0,6411.0,546.17,NVIDIA GeForce RTX 3080,[N/A],Enabled,Enabled
1702843932.202634,0,GPU-b342434c-f6b6-7627-333e-da750a9991e6,0.15,0.35693359375,10240.0,6411.0,546.17,NVIDIA GeForce RTX 3080,[N/A],Enabled,Enabled
1702843933.202742,0,GPU-b342434c-f6b6-7627-333e-da750a9991e6,0.15,0.35693359375,10240.0,6411.0,546.17,NVIDIA GeForce RTX 3080,[N/A],Enabled,Enabled
1702843934.203225,0,GPU-b342434c-f6b6-7627-333e-da750a9991e6,0.15,0.35693359375,10240.0,6411.0,546.17,NVIDIA GeForce RTX 3080,[N/A],Enabled,Enabled
1702843935.2033,0,GPU-b342434c-f6b6-7627-333e-da750a9991e6,0.15,0.35693359375,10240.0,6411.0,546.17,NVIDIA GeForce RTX 3080,[N/A],Enabled,Enabled
1702843936.202849,0,GPU-b342434c-f6b6-7627-333e-da750a9991e6,0.15,0.35693359375,10240.0,6411.0,546.17,NVIDIA GeForce RTX 3080,[N/A],Enabled,Enabled
1702843937.202902,0,GPU-b342434c-f6b6-7627-333e-da750a9991e6,0.15,0.35693359375,10240.0,6411.0,546.17,NVIDIA GeForce RTX 3080,[N/A],Enabled,Enabled
1702843938.202813,0,GPU-b342434c-f6b6-7627-333e-da750a9991e6,0.15,0.35693359375,10240.0,6411.0,546.17,NVIDIA GeForce RTX 3080,[N/A],Enabled,Enabled
1702843939.202551,0,GPU-b342434c-f6b6-7627-333e-da750a9991e6,0.15,0.35693359375,10240.0,6411.0,546.17,NVIDIA GeForce RTX 3080,[N/A],Enabled,Enabled
1702843940.202647,0,GPU-b342434c-f6b6-7627-333e-da750a9991e6,0.14,0.35693359375,10240.0,6411.0,546.17,NVIDIA GeForce RTX 3080,[N/A],Enabled,Enabled
1702843941.202866,0,GPU-b342434c-f6b6-7627-333e-da750a9991e6,0.14,0.35693359375,10240.0,6411.0,546.17,NVIDIA GeForce RTX 3080,[N/A],Enabled,Enabled
1702843942.203025,0,GPU-b342434c-f6b6-7627-333e-da750a9991e6,0.15,0.35693359375,10240.0,6411.0,546.17,NVIDIA GeForce RTX 3080,[N/A],Enabled,Enabled
1702843943.202807,0,GPU-b342434c-f6b6-7627-333e-da750a9991e6,0.15,0.35693359375,10240.0,6411.0,546.17,NVIDIA GeForce RTX 3080,[N/A],Enabled,Enabled
1702843944.202818,0,GPU-b342434c-f6b6-7627-333e-da750a9991e6,0.15,0.35693359375,10240.0,6411.0,546.17,NVIDIA GeForce RTX 3080,[N/A],Enabled,Enabled
1702843945.202728,0,GPU-b342434c-f6b6-7627-333e-da750a9991e6,0.15,0.35693359375,10240.0,6411.0,546.17,NVIDIA GeForce RTX 3080,[N/A],Enabled,Enabled
1702843946.203331,0,GPU-b342434c-f6b6-7627-333e-da750a9991e6,0.15,0.35693359375,10240.0,6411.0,546.17,NVIDIA GeForce RTX 3080,[N/A],Enabled,Enabled
1702843947.20289,0,GPU-b342434c-f6b6-7627-333e-da750a9991e6,0.15,0.35693359375,10240.0,6411.0,546.17,NVIDIA GeForce RTX 3080,[N/A],Enabled,Enabled
1702843948.203595,0,GPU-b342434c-f6b6-7627-333e-da750a9991e6,0.15,0.35693359375,10240.0,6411.0,546.17,NVIDIA GeForce RTX 3080,[N/A],Enabled,Enabled
1702843949.202764,0,GPU-b342434c-f6b6-7627-333e-da750a9991e6,0.15,0.35693359375,10240.0,6411.0,546.17,NVIDIA GeForce RTX 3080,[N/A],Enabled,Enabled
1702843950.203351,0,GPU-b342434c-f6b6-7627-333e-da750a9991e6,0.14,0.35693359375,10240.0,6411.0,546.17,NVIDIA GeForce RTX 3080,[N/A],Enabled,Enabled
1702843951.203002,0,GPU-b342434c-f6b6-7627-333e-da750a9991e6,0.15,0.35693359375,10240.0,6411.0,546.17,NVIDIA GeForce RTX 3080,[N/A],Enabled,Enabled
1702843952.202746,0,GPU-b342434c-f6b6-7627-333e-da750a9991e6,0.15,0.35693359375,10240.0,6411.0,546.17,NVIDIA GeForce RTX 3080,[N/A],Enabled,Enabled
1702843953.203395,0,GPU-b342434c-f6b6-7627-333e-da750a9991e6,0.15,0.35693359375,10240.0,6411.0,546.17,NVIDIA GeForce RTX 3080,[N/A],Enabled,Enabled
1702843954.202748,0,GPU-b342434c-f6b6-7627-333e-da750a9991e6,0.15,0.35693359375,10240.0,6411.0,546.17,NVIDIA GeForce RTX 3080,[N/A],Enabled,Enabled
1702843955.203336,0,GPU-b342434c-f6b6-7627-333e-da750a9991e6,0.15,0.35693359375,10240.0,6411.0,546.17,NVIDIA GeForce RTX 3080,[N/A],Enabled,Enabled
1702843956.202761,0,GPU-b342434c-f6b6-7627-333e-da750a9991e6,0.15,0.35693359375,10240.0,6411.0,546.17,NVIDIA GeForce RTX 3080,[N/A],Enabled,Enabled
1702843957.203563,0,GPU-b342434c-f6b6-7627-333e-da750a9991e6,0.15,0.35693359375,10240.0,6411.0,546.17,NVIDIA GeForce RTX 3080,[N/A],Enabled,Enabled
1702843958.202943,0,GPU-b342434c-f6b6-7627-333e-da750a9991e6,0.15,0.35693359375,10240.0,6411.0,546.17,NVIDIA GeForce RTX 3080,[N/A],Enabled,Enabled
1702843959.203636,0,GPU-b342434c-f6b6-7627-333e-da750a9991e6,0.14,0.35693359375,10240.0,6411.0,546.17,NVIDIA GeForce RTX 3080,[N/A],Enabled,Enabled
1702843960.202929,0,GPU-b342434c-f6b6-7627-333e-da750a9991e6,0.15,0.35693359375,10240.0,6411.0,546.17,NVIDIA GeForce RTX 3080,[N/A],Enabled,Enabled
1702843961.203014,0,GPU-b342434c-f6b6-7627-333e-da750a9991e6,0.14,0.35693359375,10240.0,6411.0,546.17,NVIDIA GeForce RTX 3080,[N/A],Enabled,Enabled
1702843962.203303,0,GPU-b342434c-f6b6-7627-333e-da750a9991e6,0.14,0.35693359375,10240.0,6411.0,546.17,NVIDIA GeForce RTX 3080,[N/A],Enabled,Enabled
1702843963.20273,0,GPU-b342434c-f6b6-7627-333e-da750a9991e6,0.15,0.35693359375,10240.0,6411.0,546.17,NVIDIA GeForce RTX 3080,[N/A],Enabled,Enabled
1702843964.202553,0,GPU-b342434c-f6b6-7627-333e-da750a9991e6,0.14,0.35693359375,10240.0,6411.0,546.17,NVIDIA GeForce RTX 3080,[N/A],Enabled,Enabled
1702843965.202475,0,GPU-b342434c-f6b6-7627-333e-da750a9991e6,0.14,0.35693359375,10240.0,6411.0,546.17,NVIDIA GeForce RTX 3080,[N/A],Enabled,Enabled
1702843966.202513,0,GPU-b342434c-f6b6-7627-333e-da750a9991e6,0.14,0.35693359375,10240.0,6411.0,546.17,NVIDIA GeForce RTX 3080,[N/A],Enabled,Enabled
1702843967.202766,0,GPU-b342434c-f6b6-7627-333e-da750a9991e6,0.14,0.35693359375,10240.0,6411.0,546.17,NVIDIA GeForce RTX 3080,[N/A],Enabled,Enabled
1702843968.20341,0,GPU-b342434c-f6b6-7627-333e-da750a9991e6,0.15,0.35693359375,10240.0,6411.0,546.17,NVIDIA GeForce RTX 3080,[N/A],Enabled,Enabled
1702843969.203537,0,GPU-b342434c-f6b6-7627-333e-da750a9991e6,0.15,0.35693359375,10240.0,6411.0,546.17,NVIDIA GeForce RTX 3080,[N/A],Enabled,Enabled
1702843970.203662,0,GPU-b342434c-f6b6-7627-333e-da750a9991e6,0.15,0.35693359375,10240.0,6411.0,546.17,NVIDIA GeForce RTX 3080,[N/A],Enabled,Enabled
1702843971.203231,0,GPU-b342434c-f6b6-7627-333e-da750a9991e6,0.15,0.35693359375,10240.0,6411.0,546.17,NVIDIA GeForce RTX 3080,[N/A],Enabled,Enabled
1702843972.202925,0,GPU-b342434c-f6b6-7627-333e-da750a9991e6,0.15,0.35693359375,10240.0,6411.0,546.17,NVIDIA GeForce RTX 3080,[N/A],Enabled,Enabled
1702843973.203643,0,GPU-b342434c-f6b6-7627-333e-da750a9991e6,0.15,0.35693359375,10240.0,6411.0,546.17,NVIDIA GeForce RTX 3080,[N/A],Enabled,Enabled
1702843974.202817,0,GPU-b342434c-f6b6-7627-333e-da750a9991e6,0.15,0.35693359375,10240.0,6411.0,546.17,NVIDIA GeForce RTX 3080,[N/A],Enabled,Enabled
1702843975.203238,0,GPU-b342434c-f6b6-7627-333e-da750a9991e6,0.15,0.35693359375,10240.0,6411.0,546.17,NVIDIA GeForce RTX 3080,[N/A],Enabled,Enabled
1702843976.203528,0,GPU-b342434c-f6b6-7627-333e-da750a9991e6,0.15,0.35693359375,10240.0,6411.0,546.17,NVIDIA GeForce RTX 3080,[N/A],Enabled,Enabled
1702843977.203691,0,GPU-b342434c-f6b6-7627-333e-da750a9991e6,0.15,0.35693359375,10240.0,6411.0,546.17,NVIDIA GeForce RTX 3080,[N/A],Enabled,Enabled
1702843978.20306,0,GPU-b342434c-f6b6-7627-333e-da750a9991e6,0.15,0.35693359375,10240.0,6411.0,546.17,NVIDIA GeForce RTX 3080,[N/A],Enabled,Enabled
1702843979.203174,0,GPU-b342434c-f6b6-7627-333e-da750a9991e6,0.15,0.35693359375,10240.0,6411.0,546.17,NVIDIA GeForce RTX 3080,[N/A],Enabled,Enabled
1702843980.202758,0,GPU-b342434c-f6b6-7627-333e-da750a9991e6,0.15,0.35693359375,10240.0,6411.0,546.17,NVIDIA GeForce RTX 3080,[N/A],Enabled,Enabled
1702843981.203086,0,GPU-b342434c-f6b6-7627-333e-da750a9991e6,0.14,0.35693359375,10240.0,6411.0,546.17,NVIDIA GeForce RTX 3080,[N/A],Enabled,Enabled
1702843982.203483,0,GPU-b342434c-f6b6-7627-333e-da750a9991e6,0.15,0.35693359375,10240.0,6411.0,546.17,NVIDIA GeForce RTX 3080,[N/A],Enabled,Enabled
1702843983.20299,0,GPU-b342434c-f6b6-7627-333e-da750a9991e6,0.15,0.35693359375,10240.0,6411.0,546.17,NVIDIA GeForce RTX 3080,[N/A],Enabled,Enabled
1702843984.203109,0,GPU-b342434c-f6b6-7627-333e-da750a9991e6,0.14,0.35693359375,10240.0,6411.0,546.17,NVIDIA GeForce RTX 3080,[N/A],Enabled,Enabled
1702843985.203443,0,GPU-b342434c-f6b6-7627-333e-da750a9991e6,0.15,0.35693359375,10240.0,6411.0,546.17,NVIDIA GeForce RTX 3080,[N/A],Enabled,Enabled
1702843986.203072,0,GPU-b342434c-f6b6-7627-333e-da750a9991e6,0.15,0.35693359375,10240.0,6411.0,546.17,NVIDIA GeForce RTX 3080,[N/A],Enabled,Enabled
1702843987.202935,0,GPU-b342434c-f6b6-7627-333e-da750a9991e6,0.14,0.35693359375,10240.0,6411.0,546.17,NVIDIA GeForce RTX 3080,[N/A],Enabled,Enabled
1702843988.203362,0,GPU-b342434c-f6b6-7627-333e-da750a9991e6,0.15,0.35693359375,10240.0,6411.0,546.17,NVIDIA GeForce RTX 3080,[N/A],Enabled,Enabled
1702843989.202952,0,GPU-b342434c-f6b6-7627-333e-da750a9991e6,0.16,0.35693359375,10240.0,6411.0,546.17,NVIDIA GeForce RTX 3080,[N/A],Enabled,Enabled
1702843990.203546,0,GPU-b342434c-f6b6-7627-333e-da750a9991e6,0.16,0.35693359375,10240.0,6411.0,546.17,NVIDIA GeForce RTX 3080,[N/A],Enabled,Enabled
1702843991.203329,0,GPU-b342434c-f6b6-7627-333e-da750a9991e6,0.14,0.35693359375,10240.0,6411.0,546.17,NVIDIA GeForce RTX 3080,[N/A],Enabled,Enabled
1702843992.202694,0,GPU-b342434c-f6b6-7627-333e-da750a9991e6,0.15,0.35693359375,10240.0,6411.0,546.17,NVIDIA GeForce RTX 3080,[N/A],Enabled,Enabled
1702843993.202933,0,GPU-b342434c-f6b6-7627-333e-da750a9991e6,0.14,0.35693359375,10240.0,6411.0,546.17,NVIDIA GeForce RTX 3080,[N/A],Enabled,Enabled
1702843994.203826,0,GPU-b342434c-f6b6-7627-333e-da750a9991e6,0.14,0.35693359375,10240.0,6411.0,546.17,NVIDIA GeForce RTX 3080,[N/A],Enabled,Enabled
1702843995.203028,0,GPU-b342434c-f6b6-7627-333e-da750a9991e6,0.14,0.35693359375,10240.0,6411.0,546.17,NVIDIA GeForce RTX 3080,[N/A],Enabled,Enabled
1702843996.203526,0,GPU-b342434c-f6b6-7627-333e-da750a9991e6,0.15,0.35693359375,10240.0,6411.0,546.17,NVIDIA GeForce RTX 3080,[N/A],Enabled,Enabled
1702843997.20362,0,GPU-b342434c-f6b6-7627-333e-da750a9991e6,0.15,0.35693359375,10240.0,6411.0,546.17,NVIDIA GeForce RTX 3080,[N/A],Enabled,Enabled
1702843998.203024,0,GPU-b342434c-f6b6-7627-333e-da750a9991e6,0.15,0.35693359375,10240.0,6411.0,546.17,NVIDIA GeForce RTX 3080,[N/A],Enabled,Enabled
1702843999.203579,0,GPU-b342434c-f6b6-7627-333e-da750a9991e6,0.14,0.35693359375,10240.0,6411.0,546.17,NVIDIA GeForce RTX 3080,[N/A],Enabled,Enabled
1702844000.203162,0,GPU-b342434c-f6b6-7627-333e-da750a9991e6,0.15,0.35693359375,10240.0,6411.0,546.17,NVIDIA GeForce RTX 3080,[N/A],Enabled,Enabled
1702844001.203467,0,GPU-b342434c-f6b6-7627-333e-da750a9991e6,0.15,0.35693359375,10240.0,6411.0,546.17,NVIDIA GeForce RTX 3080,[N/A],Enabled,Enabled
1702844002.202812,0,GPU-b342434c-f6b6-7627-333e-da750a9991e6,0.15,0.35693359375,10240.0,6411.0,546.17,NVIDIA GeForce RTX 3080,[N/A],Enabled,Enabled
1702844003.203193,0,GPU-b342434c-f6b6-7627-333e-da750a9991e6,0.15,0.35693359375,10240.0,6411.0,546.17,NVIDIA GeForce RTX 3080,[N/A],Enabled,Enabled
1702844004.20323,0,GPU-b342434c-f6b6-7627-333e-da750a9991e6,0.14,0.35693359375,10240.0,6411.0,546.17,NVIDIA GeForce RTX 3080,[N/A],Enabled,Enabled
1702844005.203474,0,GPU-b342434c-f6b6-7627-333e-da750a9991e6,0.14,0.35693359375,10240.0,6411.0,546.17,NVIDIA GeForce RTX 3080,[N/A],Enabled,Enabled
1702844006.202589,0,GPU-b342434c-f6b6-7627-333e-da750a9991e6,0.15,0.35693359375,10240.0,6411.0,546.17,NVIDIA GeForce RTX 3080,[N/A],Enabled,Enabled
1702844007.202985,0,GPU-b342434c-f6b6-7627-333e-da750a9991e6,0.15,0.35693359375,10240.0,6411.0,546.17,NVIDIA GeForce RTX 3080,[N/A],Enabled,Enabled
1702844008.203173,0,GPU-b342434c-f6b6-7627-333e-da750a9991e6,0.15,0.35693359375,10240.0,6411.0,546.17,NVIDIA GeForce RTX 3080,[N/A],Enabled,Enabled
1702844009.203567,0,GPU-b342434c-f6b6-7627-333e-da750a9991e6,0.15,0.35693359375,10240.0,6411.0,546.17,NVIDIA GeForce RTX 3080,[N/A],Enabled,Enabled
1702844010.203294,0,GPU-b342434c-f6b6-7627-333e-da750a9991e6,0.15,0.35693359375,10240.0,6411.0,546.17,NVIDIA GeForce RTX 3080,[N/A],Enabled,Enabled
1702844011.203692,0,GPU-b342434c-f6b6-7627-333e-da750a9991e6,0.15,0.35693359375,10240.0,6411.0,546.17,NVIDIA GeForce RTX 3080,[N/A],Enabled,Enabled
1702844012.203332,0,GPU-b342434c-f6b6-7627-333e-da750a9991e6,0.14,0.35693359375,10240.0,6411.0,546.17,NVIDIA GeForce RTX 3080,[N/A],Enabled,Enabled
1702844013.202694,0,GPU-b342434c-f6b6-7627-333e-da750a9991e6,0.15,0.35693359375,10240.0,6411.0,546.17,NVIDIA GeForce RTX 3080,[N/A],Enabled,Enabled
1702844014.203396,0,GPU-b342434c-f6b6-7627-333e-da750a9991e6,0.15,0.35693359375,10240.0,6411.0,546.17,NVIDIA GeForce RTX 3080,[N/A],Enabled,Enabled
1702844015.202866,0,GPU-b342434c-f6b6-7627-333e-da750a9991e6,0.15,0.35693359375,10240.0,6411.0,546.17,NVIDIA GeForce RTX 3080,[N/A],Enabled,Enabled
1702844016.203065,0,GPU-b342434c-f6b6-7627-333e-da750a9991e6,0.15,0.35693359375,10240.0,6411.0,546.17,NVIDIA GeForce RTX 3080,[N/A],Enabled,Enabled
1702844017.203264,0,GPU-b342434c-f6b6-7627-333e-da750a9991e6,0.14,0.35693359375,10240.0,6411.0,546.17,NVIDIA GeForce RTX 3080,[N/A],Enabled,Enabled
1702844018.203134,0,GPU-b342434c-f6b6-7627-333e-da750a9991e6,0.15,0.35693359375,10240.0,6411.0,546.17,NVIDIA GeForce RTX 3080,[N/A],Enabled,Enabled
1702844019.202591,0,GPU-b342434c-f6b6-7627-333e-da750a9991e6,0.15,0.35693359375,10240.0,6411.0,546.17,NVIDIA GeForce RTX 3080,[N/A],Enabled,Enabled
1702844020.203116,0,GPU-b342434c-f6b6-7627-333e-da750a9991e6,0.14,0.35693359375,10240.0,6411.0,546.17,NVIDIA GeForce RTX 3080,[N/A],Enabled,Enabled
1702844021.202979,0,GPU-b342434c-f6b6-7627-333e-da750a9991e6,0.14,0.35693359375,10240.0,6411.0,546.17,NVIDIA GeForce RTX 3080,[N/A],Enabled,Enabled
1702844022.203522,0,GPU-b342434c-f6b6-7627-333e-da750a9991e6,0.15,0.35693359375,10240.0,6411.0,546.17,NVIDIA GeForce RTX 3080,[N/A],Enabled,Enabled
1702844023.203601,0,GPU-b342434c-f6b6-7627-333e-da750a9991e6,0.15,0.35693359375,10240.0,6411.0,546.17,NVIDIA GeForce RTX 3080,[N/A],Enabled,Enabled
1702844024.202799,0,GPU-b342434c-f6b6-7627-333e-da750a9991e6,0.14,0.35693359375,10240.0,6411.0,546.17,NVIDIA GeForce RTX 3080,[N/A],Enabled,Enabled
1702844025.203436,0,GPU-b342434c-f6b6-7627-333e-da750a9991e6,0.14,0.35693359375,10240.0,6411.0,546.17,NVIDIA GeForce RTX 3080,[N/A],Enabled,Enabled
1702844026.20336,0,GPU-b342434c-f6b6-7627-333e-da750a9991e6,0.14,0.35693359375,10240.0,6411.0,546.17,NVIDIA GeForce RTX 3080,[N/A],Enabled,Enabled
1702844027.202628,0,GPU-b342434c-f6b6-7627-333e-da750a9991e6,0.14,0.35693359375,10240.0,6411.0,546.17,NVIDIA GeForce RTX 3080,[N/A],Enabled,Enabled
1702844028.203013,0,GPU-b342434c-f6b6-7627-333e-da750a9991e6,0.14,0.35693359375,10240.0,6411.0,546.17,NVIDIA GeForce RTX 3080,[N/A],Enabled,Enabled
1702844029.203085,0,GPU-b342434c-f6b6-7627-333e-da750a9991e6,0.14,0.35693359375,10240.0,6411.0,546.17,NVIDIA GeForce RTX 3080,[N/A],Enabled,Enabled
1702844030.203302,0,GPU-b342434c-f6b6-7627-333e-da750a9991e6,0.14,0.35693359375,10240.0,6411.0,546.17,NVIDIA GeForce RTX 3080,[N/A],Enabled,Enabled
1702844031.203034,0,GPU-b342434c-f6b6-7627-333e-da750a9991e6,0.14,0.35693359375,10240.0,6411.0,546.17,NVIDIA GeForce RTX 3080,[N/A],Enabled,Enabled
1702844032.202862,0,GPU-b342434c-f6b6-7627-333e-da750a9991e6,0.15,0.35693359375,10240.0,6411.0,546.17,NVIDIA GeForce RTX 3080,[N/A],Enabled,Enabled
1702844033.202789,0,GPU-b342434c-f6b6-7627-333e-da750a9991e6,0.14,0.35693359375,10240.0,6411.0,546.17,NVIDIA GeForce RTX 3080,[N/A],Enabled,Enabled
1702844034.203358,0,GPU-b342434c-f6b6-7627-333e-da750a9991e6,0.14,0.35693359375,10240.0,6411.0,546.17,NVIDIA GeForce RTX 3080,[N/A],Enabled,Enabled
1702844035.203098,0,GPU-b342434c-f6b6-7627-333e-da750a9991e6,0.14,0.35693359375,10240.0,6411.0,546.17,NVIDIA GeForce RTX 3080,[N/A],Enabled,Enabled
1702844036.203405,0,GPU-b342434c-f6b6-7627-333e-da750a9991e6,0.14,0.35693359375,10240.0,6411.0,546.17,NVIDIA GeForce RTX 3080,[N/A],Enabled,Enabled
1702844037.203302,0,GPU-b342434c-f6b6-7627-333e-da750a9991e6,0.15,0.35693359375,10240.0,6411.0,546.17,NVIDIA GeForce RTX 3080,[N/A],Enabled,Enabled
1702844038.202907,0,GPU-b342434c-f6b6-7627-333e-da750a9991e6,0.14,0.35693359375,10240.0,6411.0,546.17,NVIDIA GeForce RTX 3080,[N/A],Enabled,Enabled
1702844039.20366,0,GPU-b342434c-f6b6-7627-333e-da750a9991e6,0.15,0.35693359375,10240.0,6411.0,546.17,NVIDIA GeForce RTX 3080,[N/A],Enabled,Enabled
1702844040.202994,0,GPU-b342434c-f6b6-7627-333e-da750a9991e6,0.15,0.35693359375,10240.0,6411.0,546.17,NVIDIA GeForce RTX 3080,[N/A],Enabled,Enabled
1702844041.203266,0,GPU-b342434c-f6b6-7627-333e-da750a9991e6,0.15,0.35693359375,10240.0,6411.0,546.17,NVIDIA GeForce RTX 3080,[N/A],Enabled,Enabled
1702844042.202593,0,GPU-b342434c-f6b6-7627-333e-da750a9991e6,0.15,0.35693359375,10240.0,6411.0,546.17,NVIDIA GeForce RTX 3080,[N/A],Enabled,Enabled
1702844043.203627,0,GPU-b342434c-f6b6-7627-333e-da750a9991e6,0.15,0.35693359375,10240.0,6411.0,546.17,NVIDIA GeForce RTX 3080,[N/A],Enabled,Enabled
1702844044.202637,0,GPU-b342434c-f6b6-7627-333e-da750a9991e6,0.16,0.35693359375,10240.0,6411.0,546.17,NVIDIA GeForce RTX 3080,[N/A],Enabled,Enabled
1702844045.203618,0,GPU-b342434c-f6b6-7627-333e-da750a9991e6,0.15,0.35693359375,10240.0,6411.0,546.17,NVIDIA GeForce RTX 3080,[N/A],Enabled,Enabled
1702844046.203342,0,GPU-b342434c-f6b6-7627-333e-da750a9991e6,0.15,0.35693359375,10240.0,6411.0,546.17,NVIDIA GeForce RTX 3080,[N/A],Enabled,Enabled
1702844047.203248,0,GPU-b342434c-f6b6-7627-333e-da750a9991e6,0.15,0.35693359375,10240.0,6411.0,546.17,NVIDIA GeForce RTX 3080,[N/A],Enabled,Enabled
1702844048.203971,0,GPU-b342434c-f6b6-7627-333e-da750a9991e6,0.15,0.35693359375,10240.0,6411.0,546.17,NVIDIA GeForce RTX 3080,[N/A],Enabled,Enabled
1702844049.203489,0,GPU-b342434c-f6b6-7627-333e-da750a9991e6,0.15,0.35693359375,10240.0,6411.0,546.17,NVIDIA GeForce RTX 3080,[N/A],Enabled,Enabled
1702844050.203266,0,GPU-b342434c-f6b6-7627-333e-da750a9991e6,0.15,0.35693359375,10240.0,6411.0,546.17,NVIDIA GeForce RTX 3080,[N/A],Enabled,Enabled
1702844051.203504,0,GPU-b342434c-f6b6-7627-333e-da750a9991e6,0.15,0.35693359375,10240.0,6411.0,546.17,NVIDIA GeForce RTX 3080,[N/A],Enabled,Enabled
1702844052.20342,0,GPU-b342434c-f6b6-7627-333e-da750a9991e6,0.15,0.35693359375,10240.0,6411.0,546.17,NVIDIA GeForce RTX 3080,[N/A],Enabled,Enabled
1702844053.203425,0,GPU-b342434c-f6b6-7627-333e-da750a9991e6,0.14,0.35693359375,10240.0,6411.0,546.17,NVIDIA GeForce RTX 3080,[N/A],Enabled,Enabled
1702844054.202391,0,GPU-b342434c-f6b6-7627-333e-da750a9991e6,0.15,0.35693359375,10240.0,6411.0,546.17,NVIDIA GeForce RTX 3080,[N/A],Enabled,Enabled
1702844055.203378,0,GPU-b342434c-f6b6-7627-333e-da750a9991e6,0.16,0.35693359375,10240.0,6411.0,546.17,NVIDIA GeForce RTX 3080,[N/A],Enabled,Enabled
1702844056.203164,0,GPU-b342434c-f6b6-7627-333e-da750a9991e6,0.15,0.35693359375,10240.0,6411.0,546.17,NVIDIA GeForce RTX 3080,[N/A],Enabled,Enabled
1702844057.202947,0,GPU-b342434c-f6b6-7627-333e-da750a9991e6,0.15,0.35693359375,10240.0,6411.0,546.17,NVIDIA GeForce RTX 3080,[N/A],Enabled,Enabled
1702844058.203148,0,GPU-b342434c-f6b6-7627-333e-da750a9991e6,0.15,0.35693359375,10240.0,6411.0,546.17,NVIDIA GeForce RTX 3080,[N/A],Enabled,Enabled
1702844059.203387,0,GPU-b342434c-f6b6-7627-333e-da750a9991e6,0.16,0.35693359375,10240.0,6411.0,546.17,NVIDIA GeForce RTX 3080,[N/A],Enabled,Enabled
1702844060.202613,0,GPU-b342434c-f6b6-7627-333e-da750a9991e6,0.15,0.35693359375,10240.0,6411.0,546.17,NVIDIA GeForce RTX 3080,[N/A],Enabled,Enabled
1702844061.202971,0,GPU-b342434c-f6b6-7627-333e-da750a9991e6,0.15,0.35693359375,10240.0,6411.0,546.17,NVIDIA GeForce RTX 3080,[N/A],Enabled,Enabled
1702844062.203456,0,GPU-b342434c-f6b6-7627-333e-da750a9991e6,0.14,0.35693359375,10240.0,6411.0,546.17,NVIDIA GeForce RTX 3080,[N/A],Enabled,Enabled
1702844063.203117,0,GPU-b342434c-f6b6-7627-333e-da750a9991e6,0.15,0.35693359375,10240.0,6411.0,546.17,NVIDIA GeForce RTX 3080,[N/A],Enabled,Enabled
1702844064.202534,0,GPU-b342434c-f6b6-7627-333e-da750a9991e6,0.15,0.35693359375,10240.0,6411.0,546.17,NVIDIA GeForce RTX 3080,[N/A],Enabled,Enabled
1702844065.202655,0,GPU-b342434c-f6b6-7627-333e-da750a9991e6,0.15,0.35693359375,10240.0,6411.0,546.17,NVIDIA GeForce RTX 3080,[N/A],Enabled,Enabled
1702844066.202793,0,GPU-b342434c-f6b6-7627-333e-da750a9991e6,0.15,0.35693359375,10240.0,6411.0,546.17,NVIDIA GeForce RTX 3080,[N/A],Enabled,Enabled
1702844067.202889,0,GPU-b342434c-f6b6-7627-333e-da750a9991e6,0.14,0.35693359375,10240.0,6411.0,546.17,NVIDIA GeForce RTX 3080,[N/A],Enabled,Enabled
1702844068.202714,0,GPU-b342434c-f6b6-7627-333e-da750a9991e6,0.15,0.35693359375,10240.0,6411.0,546.17,NVIDIA GeForce RTX 3080,[N/A],Enabled,Enabled
1702844069.203107,0,GPU-b342434c-f6b6-7627-333e-da750a9991e6,0.14,0.35693359375,10240.0,6411.0,546.17,NVIDIA GeForce RTX 3080,[N/A],Enabled,Enabled
1702844070.203056,0,GPU-b342434c-f6b6-7627-333e-da750a9991e6,0.15,0.35693359375,10240.0,6411.0,546.17,NVIDIA GeForce RTX 3080,[N/A],Enabled,Enabled
1702844071.203302,0,GPU-b342434c-f6b6-7627-333e-da750a9991e6,0.15,0.35693359375,10240.0,6411.0,546.17,NVIDIA GeForce RTX 3080,[N/A],Enabled,Enabled
1702844072.202651,0,GPU-b342434c-f6b6-7627-333e-da750a9991e6,0.14,0.35693359375,10240.0,6411.0,546.17,NVIDIA GeForce RTX 3080,[N/A],Enabled,Enabled
1702844073.203204,0,GPU-b342434c-f6b6-7627-333e-da750a9991e6,0.14,0.35693359375,10240.0,6411.0,546.17,NVIDIA GeForce RTX 3080,[N/A],Enabled,Enabled
1702844074.202857,0,GPU-b342434c-f6b6-7627-333e-da750a9991e6,0.13,0.35,10240.0,6482.0,546.17,NVIDIA GeForce RTX 3080,[N/A],Enabled,Enabled
1702844075.203091,0,GPU-b342434c-f6b6-7627-333e-da750a9991e6,0.13,0.35,10240.0,6482.0,546.17,NVIDIA GeForce RTX 3080,[N/A],Enabled,Enabled
1702844076.203122,0,GPU-b342434c-f6b6-7627-333e-da750a9991e6,0.12,0.34990234375,10240.0,6483.0,546.17,NVIDIA GeForce RTX 3080,[N/A],Enabled,Enabled
1702844077.202995,0,GPU-b342434c-f6b6-7627-333e-da750a9991e6,0.13,0.34658203125,10240.0,6517.0,546.17,NVIDIA GeForce RTX 3080,[N/A],Enabled,Enabled
1702844078.202777,0,GPU-b342434c-f6b6-7627-333e-da750a9991e6,0.14,0.34990234375,10240.0,6483.0,546.17,NVIDIA GeForce RTX 3080,[N/A],Enabled,Enabled
1702844079.203354,0,GPU-b342434c-f6b6-7627-333e-da750a9991e6,0.12,0.34658203125,10240.0,6517.0,546.17,NVIDIA GeForce RTX 3080,[N/A],Enabled,Enabled
1702844080.203121,0,GPU-b342434c-f6b6-7627-333e-da750a9991e6,0.12,0.34658203125,10240.0,6517.0,546.17,NVIDIA GeForce RTX 3080,[N/A],Enabled,Enabled
1702844081.203453,0,GPU-b342434c-f6b6-7627-333e-da750a9991e6,0.13,0.34658203125,10240.0,6517.0,546.17,NVIDIA GeForce RTX 3080,[N/A],Enabled,Enabled
1702844082.203073,0,GPU-b342434c-f6b6-7627-333e-da750a9991e6,0.12,0.34658203125,10240.0,6517.0,546.17,NVIDIA GeForce RTX 3080,[N/A],Enabled,Enabled
1702844083.20313,0,GPU-b342434c-f6b6-7627-333e-da750a9991e6,0.13,0.34658203125,10240.0,6517.0,546.17,NVIDIA GeForce RTX 3080,[N/A],Enabled,Enabled
1702844084.20311,0,GPU-b342434c-f6b6-7627-333e-da750a9991e6,0.13,0.34658203125,10240.0,6517.0,546.17,NVIDIA GeForce RTX 3080,[N/A],Enabled,Enabled
1702844085.202423,0,GPU-b342434c-f6b6-7627-333e-da750a9991e6,0.12,0.34658203125,10240.0,6517.0,546.17,NVIDIA GeForce RTX 3080,[N/A],Enabled,Enabled
1702844086.202959,0,GPU-b342434c-f6b6-7627-333e-da750a9991e6,0.13,0.34658203125,10240.0,6517.0,546.17,NVIDIA GeForce RTX 3080,[N/A],Enabled,Enabled
1702844087.202421,0,GPU-b342434c-f6b6-7627-333e-da750a9991e6,0.12,0.34658203125,10240.0,6517.0,546.17,NVIDIA GeForce RTX 3080,[N/A],Enabled,Enabled
1702844088.20314,0,GPU-b342434c-f6b6-7627-333e-da750a9991e6,0.18,0.28935546875,10240.0,7103.0,546.17,NVIDIA GeForce RTX 3080,[N/A],Enabled,Enabled
1702844089.203019,0,GPU-b342434c-f6b6-7627-333e-da750a9991e6,0.17,0.2892578125,10240.0,7104.0,546.17,NVIDIA GeForce RTX 3080,[N/A],Enabled,Enabled
1702844090.203755,0,GPU-b342434c-f6b6-7627-333e-da750a9991e6,0.17,0.2892578125,10240.0,7104.0,546.17,NVIDIA GeForce RTX 3080,[N/A],Enabled,Enabled
1702844091.203171,0,GPU-b342434c-f6b6-7627-333e-da750a9991e6,0.16,0.2892578125,10240.0,7104.0,546.17,NVIDIA GeForce RTX 3080,[N/A],Enabled,Enabled
