timestamp,id,uuid,load,memoryUtil,memoryTotal,memoryUsed,memoryFree,driver,name,serial,display_mode,display_active
1709486457.68182,0,GPU-93ae0c7f-c327-aee3-adae-bc0d1dae71ea,0.14,0.21877544373880475,12282.0,9324.0,551.52,NVIDIA GeForce RTX 4070,[N/A],Enabled,Enabled
1709486458.678845,0,GPU-93ae0c7f-c327-aee3-adae-bc0d1dae71ea,0.16,0.21910112359550563,12282.0,9320.0,551.52,NVIDIA GeForce RTX 4070,[N/A],Enabled,Enabled
1709486459.677551,0,GPU-93ae0c7f-c327-aee3-adae-bc0d1dae71ea,0.14,0.21910112359550563,12282.0,9320.0,551.52,NVIDIA GeForce RTX 4070,[N/A],Enabled,Enabled
1709486460.678064,0,GPU-93ae0c7f-c327-aee3-adae-bc0d1dae71ea,0.14,0.21910112359550563,12282.0,9320.0,551.52,NVIDIA GeForce RTX 4070,[N/A],Enabled,Enabled
1709486461.678352,0,GPU-93ae0c7f-c327-aee3-adae-bc0d1dae71ea,0.14,0.21910112359550563,12282.0,9320.0,551.52,NVIDIA GeForce RTX 4070,[N/A],Enabled,Enabled
1709486462.67829,0,GPU-93ae0c7f-c327-aee3-adae-bc0d1dae71ea,0.14,0.21910112359550563,12282.0,9320.0,551.52,NVIDIA GeForce RTX 4070,[N/A],Enabled,Enabled
1709486463.678345,0,GPU-93ae0c7f-c327-aee3-adae-bc0d1dae71ea,0.14,0.21910112359550563,12282.0,9320.0,551.52,NVIDIA GeForce RTX 4070,[N/A],Enabled,Enabled
1709486464.678135,0,GPU-93ae0c7f-c327-aee3-adae-bc0d1dae71ea,0.14,0.21910112359550563,12282.0,9320.0,551.52,NVIDIA GeForce RTX 4070,[N/A],Enabled,Enabled
1709486465.678407,0,GPU-93ae0c7f-c327-aee3-adae-bc0d1dae71ea,0.14,0.21910112359550563,12282.0,9320.0,551.52,NVIDIA GeForce RTX 4070,[N/A],Enabled,Enabled
1709486466.677758,0,GPU-93ae0c7f-c327-aee3-adae-bc0d1dae71ea,0.14,0.21910112359550563,12282.0,9320.0,551.52,NVIDIA GeForce RTX 4070,[N/A],Enabled,Enabled
1709486467.679094,0,GPU-93ae0c7f-c327-aee3-adae-bc0d1dae71ea,0.14,0.21910112359550563,12282.0,9320.0,551.52,NVIDIA GeForce RTX 4070,[N/A],Enabled,Enabled
1709486468.678717,0,GPU-93ae0c7f-c327-aee3-adae-bc0d1dae71ea,0.14,0.21910112359550563,12282.0,9320.0,551.52,NVIDIA GeForce RTX 4070,[N/A],Enabled,Enabled
1709486469.678556,0,GPU-93ae0c7f-c327-aee3-adae-bc0d1dae71ea,0.14,0.21910112359550563,12282.0,9320.0,551.52,NVIDIA GeForce RTX 4070,[N/A],Enabled,Enabled
1709486470.678208,0,GPU-93ae0c7f-c327-aee3-adae-bc0d1dae71ea,0.14,0.21910112359550563,12282.0,9320.0,551.52,NVIDIA GeForce RTX 4070,[N/A],Enabled,Enabled
1709486471.678432,0,GPU-93ae0c7f-c327-aee3-adae-bc0d1dae71ea,0.14,0.21910112359550563,12282.0,9320.0,551.52,NVIDIA GeForce RTX 4070,[N/A],Enabled,Enabled
1709486472.677653,0,GPU-93ae0c7f-c327-aee3-adae-bc0d1dae71ea,0.15,0.21926396352385605,12282.0,9318.0,551.52,NVIDIA GeForce RTX 4070,[N/A],Enabled,Enabled
1709486473.67778,0,GPU-93ae0c7f-c327-aee3-adae-bc0d1dae71ea,0.16,0.2215437225207621,12282.0,9290.0,551.52,NVIDIA GeForce RTX 4070,[N/A],Enabled,Enabled
1709486474.678103,0,GPU-93ae0c7f-c327-aee3-adae-bc0d1dae71ea,0.13,0.21844976388210388,12282.0,9328.0,551.52,NVIDIA GeForce RTX 4070,[N/A],Enabled,Enabled
1709486475.677884,0,GPU-93ae0c7f-c327-aee3-adae-bc0d1dae71ea,0.12,0.21836834391792867,12282.0,9329.0,551.52,NVIDIA GeForce RTX 4070,[N/A],Enabled,Enabled
1709486476.678583,0,GPU-93ae0c7f-c327-aee3-adae-bc0d1dae71ea,0.12,0.21836834391792867,12282.0,9329.0,551.52,NVIDIA GeForce RTX 4070,[N/A],Enabled,Enabled
1709486477.678249,0,GPU-93ae0c7f-c327-aee3-adae-bc0d1dae71ea,0.12,0.21836834391792867,12282.0,9329.0,551.52,NVIDIA GeForce RTX 4070,[N/A],Enabled,Enabled
1709486478.677673,0,GPU-93ae0c7f-c327-aee3-adae-bc0d1dae71ea,0.12,0.21836834391792867,12282.0,9329.0,551.52,NVIDIA GeForce RTX 4070,[N/A],Enabled,Enabled
1709486479.678875,0,GPU-93ae0c7f-c327-aee3-adae-bc0d1dae71ea,0.12,0.21836834391792867,12282.0,9329.0,551.52,NVIDIA GeForce RTX 4070,[N/A],Enabled,Enabled
1709486480.67841,0,GPU-93ae0c7f-c327-aee3-adae-bc0d1dae71ea,0.12,0.21836834391792867,12282.0,9329.0,551.52,NVIDIA GeForce RTX 4070,[N/A],Enabled,Enabled
1709486481.677865,0,GPU-93ae0c7f-c327-aee3-adae-bc0d1dae71ea,0.12,0.21836834391792867,12282.0,9329.0,551.52,NVIDIA GeForce RTX 4070,[N/A],Enabled,Enabled
1709486482.677836,0,GPU-93ae0c7f-c327-aee3-adae-bc0d1dae71ea,0.12,0.21836834391792867,12282.0,9329.0,551.52,NVIDIA GeForce RTX 4070,[N/A],Enabled,Enabled
1709486483.67904,0,GPU-93ae0c7f-c327-aee3-adae-bc0d1dae71ea,0.12,0.21836834391792867,12282.0,9329.0,551.52,NVIDIA GeForce RTX 4070,[N/A],Enabled,Enabled
1709486484.678069,0,GPU-93ae0c7f-c327-aee3-adae-bc0d1dae71ea,0.12,0.21836834391792867,12282.0,9329.0,551.52,NVIDIA GeForce RTX 4070,[N/A],Enabled,Enabled
1709486485.678549,0,GPU-93ae0c7f-c327-aee3-adae-bc0d1dae71ea,0.12,0.21836834391792867,12282.0,9329.0,551.52,NVIDIA GeForce RTX 4070,[N/A],Enabled,Enabled
1709486486.678366,0,GPU-93ae0c7f-c327-aee3-adae-bc0d1dae71ea,0.12,0.21836834391792867,12282.0,9329.0,551.52,NVIDIA GeForce RTX 4070,[N/A],Enabled,Enabled
1709486487.678457,0,GPU-93ae0c7f-c327-aee3-adae-bc0d1dae71ea,0.12,0.21836834391792867,12282.0,9329.0,551.52,NVIDIA GeForce RTX 4070,[N/A],Enabled,Enabled
1709486488.67792,0,GPU-93ae0c7f-c327-aee3-adae-bc0d1dae71ea,0.12,0.21836834391792867,12282.0,9329.0,551.52,NVIDIA GeForce RTX 4070,[N/A],Enabled,Enabled
1709486489.678524,0,GPU-93ae0c7f-c327-aee3-adae-bc0d1dae71ea,0.12,0.21836834391792867,12282.0,9329.0,551.52,NVIDIA GeForce RTX 4070,[N/A],Enabled,Enabled
1709486490.678432,0,GPU-93ae0c7f-c327-aee3-adae-bc0d1dae71ea,0.12,0.21836834391792867,12282.0,9329.0,551.52,NVIDIA GeForce RTX 4070,[N/A],Enabled,Enabled
1709486491.677585,0,GPU-93ae0c7f-c327-aee3-adae-bc0d1dae71ea,0.12,0.21836834391792867,12282.0,9329.0,551.52,NVIDIA GeForce RTX 4070,[N/A],Enabled,Enabled
1709486492.678315,0,GPU-93ae0c7f-c327-aee3-adae-bc0d1dae71ea,0.12,0.21836834391792867,12282.0,9329.0,551.52,NVIDIA GeForce RTX 4070,[N/A],Enabled,Enabled
1709486493.678621,0,GPU-93ae0c7f-c327-aee3-adae-bc0d1dae71ea,0.13,0.22178798241328773,12282.0,9287.0,551.52,NVIDIA GeForce RTX 4070,[N/A],Enabled,Enabled
1709486494.678209,0,GPU-93ae0c7f-c327-aee3-adae-bc0d1dae71ea,0.15,0.3159908809640124,12282.0,8130.0,551.52,NVIDIA GeForce RTX 4070,[N/A],Enabled,Enabled
1709486495.67833,0,GPU-93ae0c7f-c327-aee3-adae-bc0d1dae71ea,0.08,0.2839928350431526,12282.0,8523.0,551.52,NVIDIA GeForce RTX 4070,[N/A],Enabled,Enabled
1709486496.677962,0,GPU-93ae0c7f-c327-aee3-adae-bc0d1dae71ea,0.08,0.2839928350431526,12282.0,8523.0,551.52,NVIDIA GeForce RTX 4070,[N/A],Enabled,Enabled
1709486497.67893,0,GPU-93ae0c7f-c327-aee3-adae-bc0d1dae71ea,0.08,0.2839928350431526,12282.0,8523.0,551.52,NVIDIA GeForce RTX 4070,[N/A],Enabled,Enabled
1709486498.678483,0,GPU-93ae0c7f-c327-aee3-adae-bc0d1dae71ea,0.09,0.21958964338055692,12282.0,9314.0,551.52,NVIDIA GeForce RTX 4070,[N/A],Enabled,Enabled
1709486499.678698,0,GPU-93ae0c7f-c327-aee3-adae-bc0d1dae71ea,0.09,0.3759159745969712,12282.0,7394.0,551.52,NVIDIA GeForce RTX 4070,[N/A],Enabled,Enabled
1709486500.678562,0,GPU-93ae0c7f-c327-aee3-adae-bc0d1dae71ea,0.29,0.3992020843510829,12282.0,7108.0,551.52,NVIDIA GeForce RTX 4070,[N/A],Enabled,Enabled
1709486501.677546,0,GPU-93ae0c7f-c327-aee3-adae-bc0d1dae71ea,0.28,0.3992020843510829,12282.0,7108.0,551.52,NVIDIA GeForce RTX 4070,[N/A],Enabled,Enabled
1709486502.678361,0,GPU-93ae0c7f-c327-aee3-adae-bc0d1dae71ea,0.25,0.39488682624979643,12282.0,7161.0,551.52,NVIDIA GeForce RTX 4070,[N/A],Enabled,Enabled
1709486503.678367,0,GPU-93ae0c7f-c327-aee3-adae-bc0d1dae71ea,0.25,0.39488682624979643,12282.0,7161.0,551.52,NVIDIA GeForce RTX 4070,[N/A],Enabled,Enabled
1709486504.678421,0,GPU-93ae0c7f-c327-aee3-adae-bc0d1dae71ea,0.25,0.39488682624979643,12282.0,7161.0,551.52,NVIDIA GeForce RTX 4070,[N/A],Enabled,Enabled
1709486505.678042,0,GPU-93ae0c7f-c327-aee3-adae-bc0d1dae71ea,0.27,0.3992020843510829,12282.0,7108.0,551.52,NVIDIA GeForce RTX 4070,[N/A],Enabled,Enabled
1709486506.677818,0,GPU-93ae0c7f-c327-aee3-adae-bc0d1dae71ea,0.1,0.5,12282.0,5870.0,551.52,NVIDIA GeForce RTX 4070,[N/A],Enabled,Enabled
1709486507.678708,0,GPU-93ae0c7f-c327-aee3-adae-bc0d1dae71ea,0.29,0.40001628399283506,12282.0,7098.0,551.52,NVIDIA GeForce RTX 4070,[N/A],Enabled,Enabled
1709486508.678139,0,GPU-93ae0c7f-c327-aee3-adae-bc0d1dae71ea,0.29,0.4000977039570103,12282.0,7097.0,551.52,NVIDIA GeForce RTX 4070,[N/A],Enabled,Enabled
1709486509.678257,0,GPU-93ae0c7f-c327-aee3-adae-bc0d1dae71ea,0.29,0.4000977039570103,12282.0,7098.0,551.52,NVIDIA GeForce RTX 4070,[N/A],Enabled,Enabled
1709486510.677765,0,GPU-93ae0c7f-c327-aee3-adae-bc0d1dae71ea,0.28,0.4000977039570103,12282.0,7097.0,551.52,NVIDIA GeForce RTX 4070,[N/A],Enabled,Enabled
1709486511.678166,0,GPU-93ae0c7f-c327-aee3-adae-bc0d1dae71ea,0.28,0.4000977039570103,12282.0,7097.0,551.52,NVIDIA GeForce RTX 4070,[N/A],Enabled,Enabled
1709486512.678346,0,GPU-93ae0c7f-c327-aee3-adae-bc0d1dae71ea,0.27,0.4000977039570103,12282.0,7097.0,551.52,NVIDIA GeForce RTX 4070,[N/A],Enabled,Enabled
1709486513.678501,0,GPU-93ae0c7f-c327-aee3-adae-bc0d1dae71ea,0.25,0.3957824458557238,12282.0,7150.0,551.52,NVIDIA GeForce RTX 4070,[N/A],Enabled,Enabled
1709486514.678578,0,GPU-93ae0c7f-c327-aee3-adae-bc0d1dae71ea,0.27,0.4000977039570103,12282.0,7097.0,551.52,NVIDIA GeForce RTX 4070,[N/A],Enabled,Enabled
1709486515.678385,0,GPU-93ae0c7f-c327-aee3-adae-bc0d1dae71ea,0.28,0.4000977039570103,12282.0,7097.0,551.52,NVIDIA GeForce RTX 4070,[N/A],Enabled,Enabled
1709486516.677667,0,GPU-93ae0c7f-c327-aee3-adae-bc0d1dae71ea,0.27,0.4000977039570103,12282.0,7097.0,551.52,NVIDIA GeForce RTX 4070,[N/A],Enabled,Enabled
1709486517.677729,0,GPU-93ae0c7f-c327-aee3-adae-bc0d1dae71ea,0.25,0.3957824458557238,12282.0,7150.0,551.52,NVIDIA GeForce RTX 4070,[N/A],Enabled,Enabled
1709486518.678602,0,GPU-93ae0c7f-c327-aee3-adae-bc0d1dae71ea,0.21,0.39741084513922814,12282.0,7130.0,551.52,NVIDIA GeForce RTX 4070,[N/A],Enabled,Enabled
1709486519.677892,0,GPU-93ae0c7f-c327-aee3-adae-bc0d1dae71ea,0.35,0.4038430223090702,12282.0,7051.0,551.52,NVIDIA GeForce RTX 4070,[N/A],Enabled,Enabled
1709486520.677471,0,GPU-93ae0c7f-c327-aee3-adae-bc0d1dae71ea,0.37,0.4038430223090702,12282.0,7051.0,551.52,NVIDIA GeForce RTX 4070,[N/A],Enabled,Enabled
1709486521.678256,0,GPU-93ae0c7f-c327-aee3-adae-bc0d1dae71ea,0.35,0.4038430223090702,12282.0,7051.0,551.52,NVIDIA GeForce RTX 4070,[N/A],Enabled,Enabled
1709486522.677802,0,GPU-93ae0c7f-c327-aee3-adae-bc0d1dae71ea,0.37,0.4038430223090702,12282.0,7051.0,551.52,NVIDIA GeForce RTX 4070,[N/A],Enabled,Enabled
1709486523.677995,0,GPU-93ae0c7f-c327-aee3-adae-bc0d1dae71ea,0.36,0.4038430223090702,12282.0,7051.0,551.52,NVIDIA GeForce RTX 4070,[N/A],Enabled,Enabled
1709486524.677931,0,GPU-93ae0c7f-c327-aee3-adae-bc0d1dae71ea,0.32,0.4038430223090702,12282.0,7051.0,551.52,NVIDIA GeForce RTX 4070,[N/A],Enabled,Enabled
1709486525.67826,0,GPU-93ae0c7f-c327-aee3-adae-bc0d1dae71ea,0.31,0.4038430223090702,12282.0,7051.0,551.52,NVIDIA GeForce RTX 4070,[N/A],Enabled,Enabled
1709486526.677967,0,GPU-93ae0c7f-c327-aee3-adae-bc0d1dae71ea,0.35,0.4038430223090702,12282.0,7051.0,551.52,NVIDIA GeForce RTX 4070,[N/A],Enabled,Enabled
1709486527.678447,0,GPU-93ae0c7f-c327-aee3-adae-bc0d1dae71ea,0.34,0.4038430223090702,12282.0,7051.0,551.52,NVIDIA GeForce RTX 4070,[N/A],Enabled,Enabled
1709486528.677554,0,GPU-93ae0c7f-c327-aee3-adae-bc0d1dae71ea,0.33,0.4038430223090702,12282.0,7051.0,551.52,NVIDIA GeForce RTX 4070,[N/A],Enabled,Enabled
1709486529.678406,0,GPU-93ae0c7f-c327-aee3-adae-bc0d1dae71ea,0.33,0.4038430223090702,12282.0,7051.0,551.52,NVIDIA GeForce RTX 4070,[N/A],Enabled,Enabled
1709486530.678844,0,GPU-93ae0c7f-c327-aee3-adae-bc0d1dae71ea,0.38,0.4038430223090702,12282.0,7051.0,551.52,NVIDIA GeForce RTX 4070,[N/A],Enabled,Enabled
1709486531.678565,0,GPU-93ae0c7f-c327-aee3-adae-bc0d1dae71ea,0.36,0.4038430223090702,12282.0,7051.0,551.52,NVIDIA GeForce RTX 4070,[N/A],Enabled,Enabled
1709486532.678045,0,GPU-93ae0c7f-c327-aee3-adae-bc0d1dae71ea,0.34,0.4038430223090702,12282.0,7051.0,551.52,NVIDIA GeForce RTX 4070,[N/A],Enabled,Enabled
1709486533.67794,0,GPU-93ae0c7f-c327-aee3-adae-bc0d1dae71ea,0.33,0.4038430223090702,12282.0,7051.0,551.52,NVIDIA GeForce RTX 4070,[N/A],Enabled,Enabled
1709486534.677879,0,GPU-93ae0c7f-c327-aee3-adae-bc0d1dae71ea,0.36,0.4038430223090702,12282.0,7051.0,551.52,NVIDIA GeForce RTX 4070,[N/A],Enabled,Enabled
1709486535.678113,0,GPU-93ae0c7f-c327-aee3-adae-bc0d1dae71ea,0.34,0.4038430223090702,12282.0,7051.0,551.52,NVIDIA GeForce RTX 4070,[N/A],Enabled,Enabled
1709486536.678524,0,GPU-93ae0c7f-c327-aee3-adae-bc0d1dae71ea,0.37,0.4038430223090702,12282.0,7051.0,551.52,NVIDIA GeForce RTX 4070,[N/A],Enabled,Enabled
1709486537.678619,0,GPU-93ae0c7f-c327-aee3-adae-bc0d1dae71ea,0.35,0.4038430223090702,12282.0,7051.0,551.52,NVIDIA GeForce RTX 4070,[N/A],Enabled,Enabled
1709486538.678507,0,GPU-93ae0c7f-c327-aee3-adae-bc0d1dae71ea,0.34,0.4038430223090702,12282.0,7051.0,551.52,NVIDIA GeForce RTX 4070,[N/A],Enabled,Enabled
1709486539.678073,0,GPU-93ae0c7f-c327-aee3-adae-bc0d1dae71ea,0.34,0.4038430223090702,12282.0,7051.0,551.52,NVIDIA GeForce RTX 4070,[N/A],Enabled,Enabled
1709486540.677624,0,GPU-93ae0c7f-c327-aee3-adae-bc0d1dae71ea,0.37,0.4038430223090702,12282.0,7051.0,551.52,NVIDIA GeForce RTX 4070,[N/A],Enabled,Enabled
1709486541.678864,0,GPU-93ae0c7f-c327-aee3-adae-bc0d1dae71ea,0.35,0.4038430223090702,12282.0,7051.0,551.52,NVIDIA GeForce RTX 4070,[N/A],Enabled,Enabled
1709486542.677658,0,GPU-93ae0c7f-c327-aee3-adae-bc0d1dae71ea,0.37,0.4038430223090702,12282.0,7051.0,551.52,NVIDIA GeForce RTX 4070,[N/A],Enabled,Enabled
1709486543.677878,0,GPU-93ae0c7f-c327-aee3-adae-bc0d1dae71ea,0.38,0.4038430223090702,12282.0,7051.0,551.52,NVIDIA GeForce RTX 4070,[N/A],Enabled,Enabled
1709486544.677561,0,GPU-93ae0c7f-c327-aee3-adae-bc0d1dae71ea,0.38,0.4038430223090702,12282.0,7051.0,551.52,NVIDIA GeForce RTX 4070,[N/A],Enabled,Enabled
1709486545.678223,0,GPU-93ae0c7f-c327-aee3-adae-bc0d1dae71ea,0.36,0.4038430223090702,12282.0,7051.0,551.52,NVIDIA GeForce RTX 4070,[N/A],Enabled,Enabled
1709486546.678641,0,GPU-93ae0c7f-c327-aee3-adae-bc0d1dae71ea,0.37,0.4038430223090702,12282.0,7051.0,551.52,NVIDIA GeForce RTX 4070,[N/A],Enabled,Enabled
1709486547.677799,0,GPU-93ae0c7f-c327-aee3-adae-bc0d1dae71ea,0.39,0.4038430223090702,12282.0,7051.0,551.52,NVIDIA GeForce RTX 4070,[N/A],Enabled,Enabled
1709486548.67738,0,GPU-93ae0c7f-c327-aee3-adae-bc0d1dae71ea,0.33,0.4038430223090702,12282.0,7051.0,551.52,NVIDIA GeForce RTX 4070,[N/A],Enabled,Enabled
1709486549.67741,0,GPU-93ae0c7f-c327-aee3-adae-bc0d1dae71ea,0.36,0.4038430223090702,12282.0,7051.0,551.52,NVIDIA GeForce RTX 4070,[N/A],Enabled,Enabled
1709486550.678643,0,GPU-93ae0c7f-c327-aee3-adae-bc0d1dae71ea,0.35,0.4038430223090702,12282.0,7051.0,551.52,NVIDIA GeForce RTX 4070,[N/A],Enabled,Enabled
1709486551.67833,0,GPU-93ae0c7f-c327-aee3-adae-bc0d1dae71ea,0.34,0.4038430223090702,12282.0,7051.0,551.52,NVIDIA GeForce RTX 4070,[N/A],Enabled,Enabled
1709486552.677647,0,GPU-93ae0c7f-c327-aee3-adae-bc0d1dae71ea,0.34,0.4038430223090702,12282.0,7051.0,551.52,NVIDIA GeForce RTX 4070,[N/A],Enabled,Enabled
1709486553.678601,0,GPU-93ae0c7f-c327-aee3-adae-bc0d1dae71ea,0.33,0.4038430223090702,12282.0,7051.0,551.52,NVIDIA GeForce RTX 4070,[N/A],Enabled,Enabled
1709486554.678172,0,GPU-93ae0c7f-c327-aee3-adae-bc0d1dae71ea,0.35,0.4038430223090702,12282.0,7051.0,551.52,NVIDIA GeForce RTX 4070,[N/A],Enabled,Enabled
1709486555.677437,0,GPU-93ae0c7f-c327-aee3-adae-bc0d1dae71ea,0.31,0.4038430223090702,12282.0,7051.0,551.52,NVIDIA GeForce RTX 4070,[N/A],Enabled,Enabled
1709486556.677605,0,GPU-93ae0c7f-c327-aee3-adae-bc0d1dae71ea,0.35,0.4038430223090702,12282.0,7051.0,551.52,NVIDIA GeForce RTX 4070,[N/A],Enabled,Enabled
1709486557.67846,0,GPU-93ae0c7f-c327-aee3-adae-bc0d1dae71ea,0.36,0.4038430223090702,12282.0,7051.0,551.52,NVIDIA GeForce RTX 4070,[N/A],Enabled,Enabled
1709486558.678379,0,GPU-93ae0c7f-c327-aee3-adae-bc0d1dae71ea,0.32,0.4038430223090702,12282.0,7051.0,551.52,NVIDIA GeForce RTX 4070,[N/A],Enabled,Enabled
1709486559.677888,0,GPU-93ae0c7f-c327-aee3-adae-bc0d1dae71ea,0.33,0.4038430223090702,12282.0,7051.0,551.52,NVIDIA GeForce RTX 4070,[N/A],Enabled,Enabled
1709486560.678131,0,GPU-93ae0c7f-c327-aee3-adae-bc0d1dae71ea,0.35,0.4038430223090702,12282.0,7051.0,551.52,NVIDIA GeForce RTX 4070,[N/A],Enabled,Enabled
1709486561.677975,0,GPU-93ae0c7f-c327-aee3-adae-bc0d1dae71ea,0.35,0.4038430223090702,12282.0,7051.0,551.52,NVIDIA GeForce RTX 4070,[N/A],Enabled,Enabled
1709486562.678309,0,GPU-93ae0c7f-c327-aee3-adae-bc0d1dae71ea,0.37,0.4038430223090702,12282.0,7051.0,551.52,NVIDIA GeForce RTX 4070,[N/A],Enabled,Enabled
1709486563.678328,0,GPU-93ae0c7f-c327-aee3-adae-bc0d1dae71ea,0.35,0.4038430223090702,12282.0,7051.0,551.52,NVIDIA GeForce RTX 4070,[N/A],Enabled,Enabled
1709486564.678008,0,GPU-93ae0c7f-c327-aee3-adae-bc0d1dae71ea,0.34,0.4038430223090702,12282.0,7051.0,551.52,NVIDIA GeForce RTX 4070,[N/A],Enabled,Enabled
1709486565.678983,0,GPU-93ae0c7f-c327-aee3-adae-bc0d1dae71ea,0.32,0.4038430223090702,12282.0,7051.0,551.52,NVIDIA GeForce RTX 4070,[N/A],Enabled,Enabled
1709486566.678281,0,GPU-93ae0c7f-c327-aee3-adae-bc0d1dae71ea,0.37,0.4038430223090702,12282.0,7051.0,551.52,NVIDIA GeForce RTX 4070,[N/A],Enabled,Enabled
1709486567.678072,0,GPU-93ae0c7f-c327-aee3-adae-bc0d1dae71ea,0.35,0.4038430223090702,12282.0,7051.0,551.52,NVIDIA GeForce RTX 4070,[N/A],Enabled,Enabled
1709486568.678492,0,GPU-93ae0c7f-c327-aee3-adae-bc0d1dae71ea,0.37,0.4038430223090702,12282.0,7051.0,551.52,NVIDIA GeForce RTX 4070,[N/A],Enabled,Enabled
1709486569.677931,0,GPU-93ae0c7f-c327-aee3-adae-bc0d1dae71ea,0.34,0.4038430223090702,12282.0,7051.0,551.52,NVIDIA GeForce RTX 4070,[N/A],Enabled,Enabled
1709486570.677972,0,GPU-93ae0c7f-c327-aee3-adae-bc0d1dae71ea,0.39,0.4038430223090702,12282.0,7051.0,551.52,NVIDIA GeForce RTX 4070,[N/A],Enabled,Enabled
1709486571.677755,0,GPU-93ae0c7f-c327-aee3-adae-bc0d1dae71ea,0.36,0.4038430223090702,12282.0,7051.0,551.52,NVIDIA GeForce RTX 4070,[N/A],Enabled,Enabled
1709486572.678384,0,GPU-93ae0c7f-c327-aee3-adae-bc0d1dae71ea,0.36,0.4038430223090702,12282.0,7051.0,551.52,NVIDIA GeForce RTX 4070,[N/A],Enabled,Enabled
1709486573.678791,0,GPU-93ae0c7f-c327-aee3-adae-bc0d1dae71ea,0.37,0.4038430223090702,12282.0,7051.0,551.52,NVIDIA GeForce RTX 4070,[N/A],Enabled,Enabled
1709486574.678147,0,GPU-93ae0c7f-c327-aee3-adae-bc0d1dae71ea,0.37,0.4038430223090702,12282.0,7051.0,551.52,NVIDIA GeForce RTX 4070,[N/A],Enabled,Enabled
1709486575.678755,0,GPU-93ae0c7f-c327-aee3-adae-bc0d1dae71ea,0.36,0.4038430223090702,12282.0,7051.0,551.52,NVIDIA GeForce RTX 4070,[N/A],Enabled,Enabled
1709486576.678129,0,GPU-93ae0c7f-c327-aee3-adae-bc0d1dae71ea,0.33,0.4038430223090702,12282.0,7051.0,551.52,NVIDIA GeForce RTX 4070,[N/A],Enabled,Enabled
1709486577.678283,0,GPU-93ae0c7f-c327-aee3-adae-bc0d1dae71ea,0.34,0.4038430223090702,12282.0,7051.0,551.52,NVIDIA GeForce RTX 4070,[N/A],Enabled,Enabled
1709486578.678987,0,GPU-93ae0c7f-c327-aee3-adae-bc0d1dae71ea,0.38,0.4038430223090702,12282.0,7051.0,551.52,NVIDIA GeForce RTX 4070,[N/A],Enabled,Enabled
1709486579.678212,0,GPU-93ae0c7f-c327-aee3-adae-bc0d1dae71ea,0.34,0.4038430223090702,12282.0,7051.0,551.52,NVIDIA GeForce RTX 4070,[N/A],Enabled,Enabled
1709486580.677538,0,GPU-93ae0c7f-c327-aee3-adae-bc0d1dae71ea,0.37,0.4038430223090702,12282.0,7051.0,551.52,NVIDIA GeForce RTX 4070,[N/A],Enabled,Enabled
1709486581.678255,0,GPU-93ae0c7f-c327-aee3-adae-bc0d1dae71ea,0.33,0.4038430223090702,12282.0,7051.0,551.52,NVIDIA GeForce RTX 4070,[N/A],Enabled,Enabled
1709486582.678079,0,GPU-93ae0c7f-c327-aee3-adae-bc0d1dae71ea,0.34,0.4038430223090702,12282.0,7051.0,551.52,NVIDIA GeForce RTX 4070,[N/A],Enabled,Enabled
1709486583.679073,0,GPU-93ae0c7f-c327-aee3-adae-bc0d1dae71ea,0.36,0.4038430223090702,12282.0,7051.0,551.52,NVIDIA GeForce RTX 4070,[N/A],Enabled,Enabled
1709486584.677724,0,GPU-93ae0c7f-c327-aee3-adae-bc0d1dae71ea,0.37,0.4038430223090702,12282.0,7051.0,551.52,NVIDIA GeForce RTX 4070,[N/A],Enabled,Enabled
1709486585.677672,0,GPU-93ae0c7f-c327-aee3-adae-bc0d1dae71ea,0.35,0.4038430223090702,12282.0,7051.0,551.52,NVIDIA GeForce RTX 4070,[N/A],Enabled,Enabled
1709486586.67865,0,GPU-93ae0c7f-c327-aee3-adae-bc0d1dae71ea,0.39,0.4038430223090702,12282.0,7051.0,551.52,NVIDIA GeForce RTX 4070,[N/A],Enabled,Enabled
1709486587.678337,0,GPU-93ae0c7f-c327-aee3-adae-bc0d1dae71ea,0.38,0.4038430223090702,12282.0,7051.0,551.52,NVIDIA GeForce RTX 4070,[N/A],Enabled,Enabled
1709486588.67835,0,GPU-93ae0c7f-c327-aee3-adae-bc0d1dae71ea,0.39,0.4038430223090702,12282.0,7051.0,551.52,NVIDIA GeForce RTX 4070,[N/A],Enabled,Enabled
1709486589.679006,0,GPU-93ae0c7f-c327-aee3-adae-bc0d1dae71ea,0.37,0.4038430223090702,12282.0,7051.0,551.52,NVIDIA GeForce RTX 4070,[N/A],Enabled,Enabled
1709486590.678334,0,GPU-93ae0c7f-c327-aee3-adae-bc0d1dae71ea,0.39,0.4038430223090702,12282.0,7051.0,551.52,NVIDIA GeForce RTX 4070,[N/A],Enabled,Enabled
1709486591.677775,0,GPU-93ae0c7f-c327-aee3-adae-bc0d1dae71ea,0.33,0.4038430223090702,12282.0,7051.0,551.52,NVIDIA GeForce RTX 4070,[N/A],Enabled,Enabled
1709486592.678424,0,GPU-93ae0c7f-c327-aee3-adae-bc0d1dae71ea,0.39,0.4038430223090702,12282.0,7051.0,551.52,NVIDIA GeForce RTX 4070,[N/A],Enabled,Enabled
1709486593.678084,0,GPU-93ae0c7f-c327-aee3-adae-bc0d1dae71ea,0.36,0.4038430223090702,12282.0,7051.0,551.52,NVIDIA GeForce RTX 4070,[N/A],Enabled,Enabled
1709486594.678533,0,GPU-93ae0c7f-c327-aee3-adae-bc0d1dae71ea,0.34,0.4038430223090702,12282.0,7051.0,551.52,NVIDIA GeForce RTX 4070,[N/A],Enabled,Enabled
1709486595.677561,0,GPU-93ae0c7f-c327-aee3-adae-bc0d1dae71ea,0.37,0.4038430223090702,12282.0,7051.0,551.52,NVIDIA GeForce RTX 4070,[N/A],Enabled,Enabled
1709486596.677782,0,GPU-93ae0c7f-c327-aee3-adae-bc0d1dae71ea,0.36,0.4038430223090702,12282.0,7051.0,551.52,NVIDIA GeForce RTX 4070,[N/A],Enabled,Enabled
1709486597.678706,0,GPU-93ae0c7f-c327-aee3-adae-bc0d1dae71ea,0.35,0.4038430223090702,12282.0,7051.0,551.52,NVIDIA GeForce RTX 4070,[N/A],Enabled,Enabled
1709486598.678131,0,GPU-93ae0c7f-c327-aee3-adae-bc0d1dae71ea,0.37,0.4038430223090702,12282.0,7051.0,551.52,NVIDIA GeForce RTX 4070,[N/A],Enabled,Enabled
1709486599.678022,0,GPU-93ae0c7f-c327-aee3-adae-bc0d1dae71ea,0.37,0.4038430223090702,12282.0,7051.0,551.52,NVIDIA GeForce RTX 4070,[N/A],Enabled,Enabled
1709486600.67775,0,GPU-93ae0c7f-c327-aee3-adae-bc0d1dae71ea,0.35,0.4038430223090702,12282.0,7051.0,551.52,NVIDIA GeForce RTX 4070,[N/A],Enabled,Enabled
1709486601.678067,0,GPU-93ae0c7f-c327-aee3-adae-bc0d1dae71ea,0.33,0.4038430223090702,12282.0,7051.0,551.52,NVIDIA GeForce RTX 4070,[N/A],Enabled,Enabled
1709486602.678104,0,GPU-93ae0c7f-c327-aee3-adae-bc0d1dae71ea,0.36,0.4038430223090702,12282.0,7051.0,551.52,NVIDIA GeForce RTX 4070,[N/A],Enabled,Enabled
1709486603.677889,0,GPU-93ae0c7f-c327-aee3-adae-bc0d1dae71ea,0.34,0.4038430223090702,12282.0,7051.0,551.52,NVIDIA GeForce RTX 4070,[N/A],Enabled,Enabled
1709486604.678074,0,GPU-93ae0c7f-c327-aee3-adae-bc0d1dae71ea,0.35,0.4038430223090702,12282.0,7051.0,551.52,NVIDIA GeForce RTX 4070,[N/A],Enabled,Enabled
1709486605.678213,0,GPU-93ae0c7f-c327-aee3-adae-bc0d1dae71ea,0.34,0.4038430223090702,12282.0,7051.0,551.52,NVIDIA GeForce RTX 4070,[N/A],Enabled,Enabled
1709486606.678202,0,GPU-93ae0c7f-c327-aee3-adae-bc0d1dae71ea,0.35,0.4038430223090702,12282.0,7051.0,551.52,NVIDIA GeForce RTX 4070,[N/A],Enabled,Enabled
1709486607.677917,0,GPU-93ae0c7f-c327-aee3-adae-bc0d1dae71ea,0.34,0.4038430223090702,12282.0,7051.0,551.52,NVIDIA GeForce RTX 4070,[N/A],Enabled,Enabled
1709486608.677966,0,GPU-93ae0c7f-c327-aee3-adae-bc0d1dae71ea,0.34,0.4038430223090702,12282.0,7051.0,551.52,NVIDIA GeForce RTX 4070,[N/A],Enabled,Enabled
1709486609.677798,0,GPU-93ae0c7f-c327-aee3-adae-bc0d1dae71ea,0.37,0.4038430223090702,12282.0,7051.0,551.52,NVIDIA GeForce RTX 4070,[N/A],Enabled,Enabled
1709486610.677682,0,GPU-93ae0c7f-c327-aee3-adae-bc0d1dae71ea,0.38,0.4038430223090702,12282.0,7051.0,551.52,NVIDIA GeForce RTX 4070,[N/A],Enabled,Enabled
1709486611.678999,0,GPU-93ae0c7f-c327-aee3-adae-bc0d1dae71ea,0.35,0.4038430223090702,12282.0,7051.0,551.52,NVIDIA GeForce RTX 4070,[N/A],Enabled,Enabled
1709486612.678265,0,GPU-93ae0c7f-c327-aee3-adae-bc0d1dae71ea,0.39,0.4038430223090702,12282.0,7051.0,551.52,NVIDIA GeForce RTX 4070,[N/A],Enabled,Enabled
1709486613.67782,0,GPU-93ae0c7f-c327-aee3-adae-bc0d1dae71ea,0.35,0.4038430223090702,12282.0,7051.0,551.52,NVIDIA GeForce RTX 4070,[N/A],Enabled,Enabled
1709486614.678325,0,GPU-93ae0c7f-c327-aee3-adae-bc0d1dae71ea,0.39,0.4038430223090702,12282.0,7051.0,551.52,NVIDIA GeForce RTX 4070,[N/A],Enabled,Enabled
1709486615.677918,0,GPU-93ae0c7f-c327-aee3-adae-bc0d1dae71ea,0.35,0.4038430223090702,12282.0,7051.0,551.52,NVIDIA GeForce RTX 4070,[N/A],Enabled,Enabled
1709486616.67819,0,GPU-93ae0c7f-c327-aee3-adae-bc0d1dae71ea,0.36,0.4038430223090702,12282.0,7051.0,551.52,NVIDIA GeForce RTX 4070,[N/A],Enabled,Enabled
1709486617.678455,0,GPU-93ae0c7f-c327-aee3-adae-bc0d1dae71ea,0.36,0.4038430223090702,12282.0,7051.0,551.52,NVIDIA GeForce RTX 4070,[N/A],Enabled,Enabled
1709486618.67824,0,GPU-93ae0c7f-c327-aee3-adae-bc0d1dae71ea,0.35,0.4038430223090702,12282.0,7051.0,551.52,NVIDIA GeForce RTX 4070,[N/A],Enabled,Enabled
1709486619.677941,0,GPU-93ae0c7f-c327-aee3-adae-bc0d1dae71ea,0.36,0.4038430223090702,12282.0,7051.0,551.52,NVIDIA GeForce RTX 4070,[N/A],Enabled,Enabled
1709486620.678012,0,GPU-93ae0c7f-c327-aee3-adae-bc0d1dae71ea,0.35,0.4038430223090702,12282.0,7051.0,551.52,NVIDIA GeForce RTX 4070,[N/A],Enabled,Enabled
1709486621.67838,0,GPU-93ae0c7f-c327-aee3-adae-bc0d1dae71ea,0.36,0.4038430223090702,12282.0,7051.0,551.52,NVIDIA GeForce RTX 4070,[N/A],Enabled,Enabled
1709486622.678413,0,GPU-93ae0c7f-c327-aee3-adae-bc0d1dae71ea,0.34,0.4038430223090702,12282.0,7051.0,551.52,NVIDIA GeForce RTX 4070,[N/A],Enabled,Enabled
1709486623.67869,0,GPU-93ae0c7f-c327-aee3-adae-bc0d1dae71ea,0.33,0.4038430223090702,12282.0,7051.0,551.52,NVIDIA GeForce RTX 4070,[N/A],Enabled,Enabled
1709486624.678355,0,GPU-93ae0c7f-c327-aee3-adae-bc0d1dae71ea,0.43,0.4038430223090702,12282.0,7051.0,551.52,NVIDIA GeForce RTX 4070,[N/A],Enabled,Enabled
1709486625.67808,0,GPU-93ae0c7f-c327-aee3-adae-bc0d1dae71ea,0.4,0.4038430223090702,12282.0,7051.0,551.52,NVIDIA GeForce RTX 4070,[N/A],Enabled,Enabled
1709486626.678119,0,GPU-93ae0c7f-c327-aee3-adae-bc0d1dae71ea,0.35,0.4038430223090702,12282.0,7051.0,551.52,NVIDIA GeForce RTX 4070,[N/A],Enabled,Enabled
1709486627.678823,0,GPU-93ae0c7f-c327-aee3-adae-bc0d1dae71ea,0.33,0.4038430223090702,12282.0,7051.0,551.52,NVIDIA GeForce RTX 4070,[N/A],Enabled,Enabled
1709486628.67762,0,GPU-93ae0c7f-c327-aee3-adae-bc0d1dae71ea,0.35,0.4038430223090702,12282.0,7051.0,551.52,NVIDIA GeForce RTX 4070,[N/A],Enabled,Enabled
1709486629.67822,0,GPU-93ae0c7f-c327-aee3-adae-bc0d1dae71ea,0.33,0.4038430223090702,12282.0,7051.0,551.52,NVIDIA GeForce RTX 4070,[N/A],Enabled,Enabled
1709486630.67834,0,GPU-93ae0c7f-c327-aee3-adae-bc0d1dae71ea,0.34,0.4038430223090702,12282.0,7051.0,551.52,NVIDIA GeForce RTX 4070,[N/A],Enabled,Enabled
1709486631.678187,0,GPU-93ae0c7f-c327-aee3-adae-bc0d1dae71ea,0.33,0.4038430223090702,12282.0,7051.0,551.52,NVIDIA GeForce RTX 4070,[N/A],Enabled,Enabled
1709486632.678597,0,GPU-93ae0c7f-c327-aee3-adae-bc0d1dae71ea,0.38,0.4038430223090702,12282.0,7051.0,551.52,NVIDIA GeForce RTX 4070,[N/A],Enabled,Enabled
1709486633.678186,0,GPU-93ae0c7f-c327-aee3-adae-bc0d1dae71ea,0.42,0.4038430223090702,12282.0,7051.0,551.52,NVIDIA GeForce RTX 4070,[N/A],Enabled,Enabled
1709486634.679133,0,GPU-93ae0c7f-c327-aee3-adae-bc0d1dae71ea,0.37,0.4038430223090702,12282.0,7051.0,551.52,NVIDIA GeForce RTX 4070,[N/A],Enabled,Enabled
1709486635.677897,0,GPU-93ae0c7f-c327-aee3-adae-bc0d1dae71ea,0.33,0.4038430223090702,12282.0,7051.0,551.52,NVIDIA GeForce RTX 4070,[N/A],Enabled,Enabled
1709486636.677571,0,GPU-93ae0c7f-c327-aee3-adae-bc0d1dae71ea,0.41,0.4038430223090702,12282.0,7051.0,551.52,NVIDIA GeForce RTX 4070,[N/A],Enabled,Enabled
1709486637.677833,0,GPU-93ae0c7f-c327-aee3-adae-bc0d1dae71ea,0.4,0.4038430223090702,12282.0,7051.0,551.52,NVIDIA GeForce RTX 4070,[N/A],Enabled,Enabled
1709486638.678575,0,GPU-93ae0c7f-c327-aee3-adae-bc0d1dae71ea,0.37,0.4038430223090702,12282.0,7051.0,551.52,NVIDIA GeForce RTX 4070,[N/A],Enabled,Enabled
1709486639.678383,0,GPU-93ae0c7f-c327-aee3-adae-bc0d1dae71ea,0.35,0.4038430223090702,12282.0,7051.0,551.52,NVIDIA GeForce RTX 4070,[N/A],Enabled,Enabled
1709486640.678448,0,GPU-93ae0c7f-c327-aee3-adae-bc0d1dae71ea,0.38,0.4038430223090702,12282.0,7051.0,551.52,NVIDIA GeForce RTX 4070,[N/A],Enabled,Enabled
1709486641.678853,0,GPU-93ae0c7f-c327-aee3-adae-bc0d1dae71ea,0.35,0.4038430223090702,12282.0,7051.0,551.52,NVIDIA GeForce RTX 4070,[N/A],Enabled,Enabled
1709486642.678147,0,GPU-93ae0c7f-c327-aee3-adae-bc0d1dae71ea,0.39,0.4038430223090702,12282.0,7051.0,551.52,NVIDIA GeForce RTX 4070,[N/A],Enabled,Enabled
1709486643.678148,0,GPU-93ae0c7f-c327-aee3-adae-bc0d1dae71ea,0.38,0.4038430223090702,12282.0,7051.0,551.52,NVIDIA GeForce RTX 4070,[N/A],Enabled,Enabled
1709486644.677964,0,GPU-93ae0c7f-c327-aee3-adae-bc0d1dae71ea,0.38,0.4038430223090702,12282.0,7051.0,551.52,NVIDIA GeForce RTX 4070,[N/A],Enabled,Enabled
1709486645.678241,0,GPU-93ae0c7f-c327-aee3-adae-bc0d1dae71ea,0.36,0.4038430223090702,12282.0,7051.0,551.52,NVIDIA GeForce RTX 4070,[N/A],Enabled,Enabled
1709486646.678626,0,GPU-93ae0c7f-c327-aee3-adae-bc0d1dae71ea,0.4,0.4038430223090702,12282.0,7051.0,551.52,NVIDIA GeForce RTX 4070,[N/A],Enabled,Enabled
1709486647.677607,0,GPU-93ae0c7f-c327-aee3-adae-bc0d1dae71ea,0.38,0.4038430223090702,12282.0,7051.0,551.52,NVIDIA GeForce RTX 4070,[N/A],Enabled,Enabled
1709486648.677958,0,GPU-93ae0c7f-c327-aee3-adae-bc0d1dae71ea,0.38,0.4038430223090702,12282.0,7051.0,551.52,NVIDIA GeForce RTX 4070,[N/A],Enabled,Enabled
1709486649.678078,0,GPU-93ae0c7f-c327-aee3-adae-bc0d1dae71ea,0.37,0.4038430223090702,12282.0,7051.0,551.52,NVIDIA GeForce RTX 4070,[N/A],Enabled,Enabled
1709486650.678313,0,GPU-93ae0c7f-c327-aee3-adae-bc0d1dae71ea,0.41,0.4038430223090702,12282.0,7051.0,551.52,NVIDIA GeForce RTX 4070,[N/A],Enabled,Enabled
1709486651.677905,0,GPU-93ae0c7f-c327-aee3-adae-bc0d1dae71ea,0.36,0.4038430223090702,12282.0,7051.0,551.52,NVIDIA GeForce RTX 4070,[N/A],Enabled,Enabled
1709486652.677912,0,GPU-93ae0c7f-c327-aee3-adae-bc0d1dae71ea,0.4,0.4038430223090702,12282.0,7051.0,551.52,NVIDIA GeForce RTX 4070,[N/A],Enabled,Enabled
1709486653.677858,0,GPU-93ae0c7f-c327-aee3-adae-bc0d1dae71ea,0.34,0.4038430223090702,12282.0,7051.0,551.52,NVIDIA GeForce RTX 4070,[N/A],Enabled,Enabled
1709486654.678561,0,GPU-93ae0c7f-c327-aee3-adae-bc0d1dae71ea,0.34,0.4038430223090702,12282.0,7051.0,551.52,NVIDIA GeForce RTX 4070,[N/A],Enabled,Enabled
1709486655.67786,0,GPU-93ae0c7f-c327-aee3-adae-bc0d1dae71ea,0.39,0.4038430223090702,12282.0,7051.0,551.52,NVIDIA GeForce RTX 4070,[N/A],Enabled,Enabled
1709486656.678211,0,GPU-93ae0c7f-c327-aee3-adae-bc0d1dae71ea,0.37,0.4038430223090702,12282.0,7051.0,551.52,NVIDIA GeForce RTX 4070,[N/A],Enabled,Enabled
1709486657.678671,0,GPU-93ae0c7f-c327-aee3-adae-bc0d1dae71ea,0.36,0.4038430223090702,12282.0,7051.0,551.52,NVIDIA GeForce RTX 4070,[N/A],Enabled,Enabled
1709486658.678361,0,GPU-93ae0c7f-c327-aee3-adae-bc0d1dae71ea,0.38,0.4038430223090702,12282.0,7051.0,551.52,NVIDIA GeForce RTX 4070,[N/A],Enabled,Enabled
1709486659.677664,0,GPU-93ae0c7f-c327-aee3-adae-bc0d1dae71ea,0.35,0.4038430223090702,12282.0,7051.0,551.52,NVIDIA GeForce RTX 4070,[N/A],Enabled,Enabled
1709486660.678386,0,GPU-93ae0c7f-c327-aee3-adae-bc0d1dae71ea,0.34,0.4038430223090702,12282.0,7051.0,551.52,NVIDIA GeForce RTX 4070,[N/A],Enabled,Enabled
1709486661.678599,0,GPU-93ae0c7f-c327-aee3-adae-bc0d1dae71ea,0.33,0.4038430223090702,12282.0,7051.0,551.52,NVIDIA GeForce RTX 4070,[N/A],Enabled,Enabled
1709486662.677757,0,GPU-93ae0c7f-c327-aee3-adae-bc0d1dae71ea,0.35,0.4038430223090702,12282.0,7051.0,551.52,NVIDIA GeForce RTX 4070,[N/A],Enabled,Enabled
1709486663.678389,0,GPU-93ae0c7f-c327-aee3-adae-bc0d1dae71ea,0.34,0.4038430223090702,12282.0,7051.0,551.52,NVIDIA GeForce RTX 4070,[N/A],Enabled,Enabled
1709486664.677727,0,GPU-93ae0c7f-c327-aee3-adae-bc0d1dae71ea,0.34,0.4038430223090702,12282.0,7051.0,551.52,NVIDIA GeForce RTX 4070,[N/A],Enabled,Enabled
1709486665.678648,0,GPU-93ae0c7f-c327-aee3-adae-bc0d1dae71ea,0.33,0.4038430223090702,12282.0,7051.0,551.52,NVIDIA GeForce RTX 4070,[N/A],Enabled,Enabled
1709486666.677742,0,GPU-93ae0c7f-c327-aee3-adae-bc0d1dae71ea,0.35,0.4038430223090702,12282.0,7051.0,551.52,NVIDIA GeForce RTX 4070,[N/A],Enabled,Enabled
1709486667.677517,0,GPU-93ae0c7f-c327-aee3-adae-bc0d1dae71ea,0.35,0.4038430223090702,12282.0,7051.0,551.52,NVIDIA GeForce RTX 4070,[N/A],Enabled,Enabled
1709486668.677997,0,GPU-93ae0c7f-c327-aee3-adae-bc0d1dae71ea,0.34,0.4038430223090702,12282.0,7051.0,551.52,NVIDIA GeForce RTX 4070,[N/A],Enabled,Enabled
1709486669.677756,0,GPU-93ae0c7f-c327-aee3-adae-bc0d1dae71ea,0.34,0.4038430223090702,12282.0,7051.0,551.52,NVIDIA GeForce RTX 4070,[N/A],Enabled,Enabled
1709486670.678756,0,GPU-93ae0c7f-c327-aee3-adae-bc0d1dae71ea,0.39,0.4038430223090702,12282.0,7051.0,551.52,NVIDIA GeForce RTX 4070,[N/A],Enabled,Enabled
1709486671.678461,0,GPU-93ae0c7f-c327-aee3-adae-bc0d1dae71ea,0.37,0.4038430223090702,12282.0,7051.0,551.52,NVIDIA GeForce RTX 4070,[N/A],Enabled,Enabled
1709486672.67793,0,GPU-93ae0c7f-c327-aee3-adae-bc0d1dae71ea,0.35,0.4038430223090702,12282.0,7051.0,551.52,NVIDIA GeForce RTX 4070,[N/A],Enabled,Enabled
1709486673.678259,0,GPU-93ae0c7f-c327-aee3-adae-bc0d1dae71ea,0.35,0.4038430223090702,12282.0,7051.0,551.52,NVIDIA GeForce RTX 4070,[N/A],Enabled,Enabled
1709486674.678075,0,GPU-93ae0c7f-c327-aee3-adae-bc0d1dae71ea,0.38,0.4038430223090702,12282.0,7051.0,551.52,NVIDIA GeForce RTX 4070,[N/A],Enabled,Enabled
1709486675.678169,0,GPU-93ae0c7f-c327-aee3-adae-bc0d1dae71ea,0.35,0.4038430223090702,12282.0,7051.0,551.52,NVIDIA GeForce RTX 4070,[N/A],Enabled,Enabled
1709486676.677702,0,GPU-93ae0c7f-c327-aee3-adae-bc0d1dae71ea,0.36,0.4038430223090702,12282.0,7051.0,551.52,NVIDIA GeForce RTX 4070,[N/A],Enabled,Enabled
1709486677.679095,0,GPU-93ae0c7f-c327-aee3-adae-bc0d1dae71ea,0.35,0.4038430223090702,12282.0,7051.0,551.52,NVIDIA GeForce RTX 4070,[N/A],Enabled,Enabled
1709486678.677991,0,GPU-93ae0c7f-c327-aee3-adae-bc0d1dae71ea,0.38,0.4038430223090702,12282.0,7051.0,551.52,NVIDIA GeForce RTX 4070,[N/A],Enabled,Enabled
1709486679.677814,0,GPU-93ae0c7f-c327-aee3-adae-bc0d1dae71ea,0.45,0.4038430223090702,12282.0,7051.0,551.52,NVIDIA GeForce RTX 4070,[N/A],Enabled,Enabled
1709486680.677883,0,GPU-93ae0c7f-c327-aee3-adae-bc0d1dae71ea,0.4,0.4038430223090702,12282.0,7051.0,551.52,NVIDIA GeForce RTX 4070,[N/A],Enabled,Enabled
1709486681.678165,0,GPU-93ae0c7f-c327-aee3-adae-bc0d1dae71ea,0.37,0.4038430223090702,12282.0,7051.0,551.52,NVIDIA GeForce RTX 4070,[N/A],Enabled,Enabled
1709486682.678254,0,GPU-93ae0c7f-c327-aee3-adae-bc0d1dae71ea,0.38,0.4038430223090702,12282.0,7051.0,551.52,NVIDIA GeForce RTX 4070,[N/A],Enabled,Enabled
1709486683.677761,0,GPU-93ae0c7f-c327-aee3-adae-bc0d1dae71ea,0.32,0.4038430223090702,12282.0,7051.0,551.52,NVIDIA GeForce RTX 4070,[N/A],Enabled,Enabled
1709486684.678224,0,GPU-93ae0c7f-c327-aee3-adae-bc0d1dae71ea,0.37,0.40416870216577105,12282.0,7047.0,551.52,NVIDIA GeForce RTX 4070,[N/A],Enabled,Enabled
1709486685.67759,0,GPU-93ae0c7f-c327-aee3-adae-bc0d1dae71ea,0.4,0.40416870216577105,12282.0,7047.0,551.52,NVIDIA GeForce RTX 4070,[N/A],Enabled,Enabled
1709486686.678059,0,GPU-93ae0c7f-c327-aee3-adae-bc0d1dae71ea,0.42,0.40416870216577105,12282.0,7047.0,551.52,NVIDIA GeForce RTX 4070,[N/A],Enabled,Enabled
1709486687.67848,0,GPU-93ae0c7f-c327-aee3-adae-bc0d1dae71ea,0.37,0.40416870216577105,12282.0,7047.0,551.52,NVIDIA GeForce RTX 4070,[N/A],Enabled,Enabled
1709486688.678303,0,GPU-93ae0c7f-c327-aee3-adae-bc0d1dae71ea,0.37,0.40416870216577105,12282.0,7047.0,551.52,NVIDIA GeForce RTX 4070,[N/A],Enabled,Enabled
1709486689.67849,0,GPU-93ae0c7f-c327-aee3-adae-bc0d1dae71ea,0.36,0.40416870216577105,12282.0,7047.0,551.52,NVIDIA GeForce RTX 4070,[N/A],Enabled,Enabled
1709486690.678456,0,GPU-93ae0c7f-c327-aee3-adae-bc0d1dae71ea,0.42,0.40416870216577105,12282.0,7047.0,551.52,NVIDIA GeForce RTX 4070,[N/A],Enabled,Enabled
1709486691.677653,0,GPU-93ae0c7f-c327-aee3-adae-bc0d1dae71ea,0.41,0.40416870216577105,12282.0,7047.0,551.52,NVIDIA GeForce RTX 4070,[N/A],Enabled,Enabled
1709486692.677733,0,GPU-93ae0c7f-c327-aee3-adae-bc0d1dae71ea,0.38,0.40416870216577105,12282.0,7047.0,551.52,NVIDIA GeForce RTX 4070,[N/A],Enabled,Enabled
1709486693.677948,0,GPU-93ae0c7f-c327-aee3-adae-bc0d1dae71ea,0.37,0.40416870216577105,12282.0,7047.0,551.52,NVIDIA GeForce RTX 4070,[N/A],Enabled,Enabled
1709486694.678281,0,GPU-93ae0c7f-c327-aee3-adae-bc0d1dae71ea,0.39,0.40416870216577105,12282.0,7047.0,551.52,NVIDIA GeForce RTX 4070,[N/A],Enabled,Enabled
1709486695.678394,0,GPU-93ae0c7f-c327-aee3-adae-bc0d1dae71ea,0.4,0.40416870216577105,12282.0,7047.0,551.52,NVIDIA GeForce RTX 4070,[N/A],Enabled,Enabled
1709486696.67798,0,GPU-93ae0c7f-c327-aee3-adae-bc0d1dae71ea,0.39,0.40416870216577105,12282.0,7047.0,551.52,NVIDIA GeForce RTX 4070,[N/A],Enabled,Enabled
1709486697.677922,0,GPU-93ae0c7f-c327-aee3-adae-bc0d1dae71ea,0.41,0.40416870216577105,12282.0,7047.0,551.52,NVIDIA GeForce RTX 4070,[N/A],Enabled,Enabled
1709486698.677892,0,GPU-93ae0c7f-c327-aee3-adae-bc0d1dae71ea,0.38,0.40416870216577105,12282.0,7047.0,551.52,NVIDIA GeForce RTX 4070,[N/A],Enabled,Enabled
1709486699.678341,0,GPU-93ae0c7f-c327-aee3-adae-bc0d1dae71ea,0.37,0.40416870216577105,12282.0,7047.0,551.52,NVIDIA GeForce RTX 4070,[N/A],Enabled,Enabled
1709486700.677983,0,GPU-93ae0c7f-c327-aee3-adae-bc0d1dae71ea,0.43,0.40416870216577105,12282.0,7047.0,551.52,NVIDIA GeForce RTX 4070,[N/A],Enabled,Enabled
1709486701.677751,0,GPU-93ae0c7f-c327-aee3-adae-bc0d1dae71ea,0.37,0.40416870216577105,12282.0,7047.0,551.52,NVIDIA GeForce RTX 4070,[N/A],Enabled,Enabled
1709486702.67926,0,GPU-93ae0c7f-c327-aee3-adae-bc0d1dae71ea,0.34,0.40416870216577105,12282.0,7047.0,551.52,NVIDIA GeForce RTX 4070,[N/A],Enabled,Enabled
1709486703.677885,0,GPU-93ae0c7f-c327-aee3-adae-bc0d1dae71ea,0.43,0.40416870216577105,12282.0,7047.0,551.52,NVIDIA GeForce RTX 4070,[N/A],Enabled,Enabled
1709486704.677961,0,GPU-93ae0c7f-c327-aee3-adae-bc0d1dae71ea,0.37,0.40416870216577105,12282.0,7047.0,551.52,NVIDIA GeForce RTX 4070,[N/A],Enabled,Enabled
1709486705.67831,0,GPU-93ae0c7f-c327-aee3-adae-bc0d1dae71ea,0.36,0.40416870216577105,12282.0,7047.0,551.52,NVIDIA GeForce RTX 4070,[N/A],Enabled,Enabled
1709486706.678668,0,GPU-93ae0c7f-c327-aee3-adae-bc0d1dae71ea,0.37,0.40416870216577105,12282.0,7047.0,551.52,NVIDIA GeForce RTX 4070,[N/A],Enabled,Enabled
1709486707.677725,0,GPU-93ae0c7f-c327-aee3-adae-bc0d1dae71ea,0.39,0.40416870216577105,12282.0,7047.0,551.52,NVIDIA GeForce RTX 4070,[N/A],Enabled,Enabled
1709486708.678524,0,GPU-93ae0c7f-c327-aee3-adae-bc0d1dae71ea,0.34,0.40416870216577105,12282.0,7047.0,551.52,NVIDIA GeForce RTX 4070,[N/A],Enabled,Enabled
1709486709.678485,0,GPU-93ae0c7f-c327-aee3-adae-bc0d1dae71ea,0.32,0.40416870216577105,12282.0,7047.0,551.52,NVIDIA GeForce RTX 4070,[N/A],Enabled,Enabled
1709486710.67779,0,GPU-93ae0c7f-c327-aee3-adae-bc0d1dae71ea,0.29,0.40107474352711286,12282.0,7085.0,551.52,NVIDIA GeForce RTX 4070,[N/A],Enabled,Enabled
1709486711.677687,0,GPU-93ae0c7f-c327-aee3-adae-bc0d1dae71ea,0.29,0.40107474352711286,12282.0,7085.0,551.52,NVIDIA GeForce RTX 4070,[N/A],Enabled,Enabled
1709486712.677695,0,GPU-93ae0c7f-c327-aee3-adae-bc0d1dae71ea,0.26,0.3967594854258264,12282.0,7138.0,551.52,NVIDIA GeForce RTX 4070,[N/A],Enabled,Enabled
1709486713.678567,0,GPU-93ae0c7f-c327-aee3-adae-bc0d1dae71ea,0.26,0.3967594854258264,12282.0,7138.0,551.52,NVIDIA GeForce RTX 4070,[N/A],Enabled,Enabled
1709486714.67834,0,GPU-93ae0c7f-c327-aee3-adae-bc0d1dae71ea,0.26,0.3967594854258264,12282.0,7138.0,551.52,NVIDIA GeForce RTX 4070,[N/A],Enabled,Enabled
1709486715.677845,0,GPU-93ae0c7f-c327-aee3-adae-bc0d1dae71ea,0.3,0.40099332356293765,12282.0,7086.0,551.52,NVIDIA GeForce RTX 4070,[N/A],Enabled,Enabled
1709486716.678039,0,GPU-93ae0c7f-c327-aee3-adae-bc0d1dae71ea,0.26,0.3967594854258264,12282.0,7138.0,551.52,NVIDIA GeForce RTX 4070,[N/A],Enabled,Enabled
1709486717.677754,0,GPU-93ae0c7f-c327-aee3-adae-bc0d1dae71ea,0.3,0.40099332356293765,12282.0,7086.0,551.52,NVIDIA GeForce RTX 4070,[N/A],Enabled,Enabled
1709486718.67907,0,GPU-93ae0c7f-c327-aee3-adae-bc0d1dae71ea,0.26,0.3967594854258264,12282.0,7138.0,551.52,NVIDIA GeForce RTX 4070,[N/A],Enabled,Enabled
1709486719.67899,0,GPU-93ae0c7f-c327-aee3-adae-bc0d1dae71ea,0.26,0.3967594854258264,12282.0,7138.0,551.52,NVIDIA GeForce RTX 4070,[N/A],Enabled,Enabled
1709486720.678454,0,GPU-93ae0c7f-c327-aee3-adae-bc0d1dae71ea,0.26,0.3967594854258264,12282.0,7138.0,551.52,NVIDIA GeForce RTX 4070,[N/A],Enabled,Enabled
1709486721.67871,0,GPU-93ae0c7f-c327-aee3-adae-bc0d1dae71ea,0.25,0.3967594854258264,12282.0,7138.0,551.52,NVIDIA GeForce RTX 4070,[N/A],Enabled,Enabled
1709486722.678204,0,GPU-93ae0c7f-c327-aee3-adae-bc0d1dae71ea,0.26,0.3967594854258264,12282.0,7138.0,551.52,NVIDIA GeForce RTX 4070,[N/A],Enabled,Enabled
1709486723.678023,0,GPU-93ae0c7f-c327-aee3-adae-bc0d1dae71ea,0.26,0.3967594854258264,12282.0,7138.0,551.52,NVIDIA GeForce RTX 4070,[N/A],Enabled,Enabled
1709486724.678571,0,GPU-93ae0c7f-c327-aee3-adae-bc0d1dae71ea,0.26,0.3967594854258264,12282.0,7138.0,551.52,NVIDIA GeForce RTX 4070,[N/A],Enabled,Enabled
1709486725.678339,0,GPU-93ae0c7f-c327-aee3-adae-bc0d1dae71ea,0.14,0.21934538348803126,12282.0,9317.0,551.52,NVIDIA GeForce RTX 4070,[N/A],Enabled,Enabled
1709486726.678443,0,GPU-93ae0c7f-c327-aee3-adae-bc0d1dae71ea,0.15,0.2195082234163817,12282.0,9315.0,551.52,NVIDIA GeForce RTX 4070,[N/A],Enabled,Enabled
1709486727.677531,0,GPU-93ae0c7f-c327-aee3-adae-bc0d1dae71ea,0.13,0.2195082234163817,12282.0,9315.0,551.52,NVIDIA GeForce RTX 4070,[N/A],Enabled,Enabled
