timestamp,id,uuid,load,memoryUtil,memoryTotal,memoryUsed,memoryFree,driver,name,serial,display_mode,display_active
1702843025.271101,0,GPU-b342434c-f6b6-7627-333e-da750a9991e6,0.16,0.29228515625,10240.0,7073.0,546.17,NVIDIA GeForce RTX 3080,[N/A],Enabled,Enabled
1702843026.266205,0,GPU-b342434c-f6b6-7627-333e-da750a9991e6,0.16,0.29248046875,10240.0,7071.0,546.17,NVIDIA GeForce RTX 3080,[N/A],Enabled,Enabled
1702843027.266035,0,GPU-b342434c-f6b6-7627-333e-da750a9991e6,0.16,0.29248046875,10240.0,7071.0,546.17,NVIDIA GeForce RTX 3080,[N/A],Enabled,Enabled
1702843028.265955,0,GPU-b342434c-f6b6-7627-333e-da750a9991e6,0.15,0.29248046875,10240.0,7071.0,546.17,NVIDIA GeForce RTX 3080,[N/A],Enabled,Enabled
1702843029.266625,0,GPU-b342434c-f6b6-7627-333e-da750a9991e6,0.16,0.29248046875,10240.0,7071.0,546.17,NVIDIA GeForce RTX 3080,[N/A],Enabled,Enabled
1702843030.266821,0,GPU-b342434c-f6b6-7627-333e-da750a9991e6,0.16,0.29228515625,10240.0,7073.0,546.17,NVIDIA GeForce RTX 3080,[N/A],Enabled,Enabled
1702843031.266365,0,GPU-b342434c-f6b6-7627-333e-da750a9991e6,0.16,0.29228515625,10240.0,7073.0,546.17,NVIDIA GeForce RTX 3080,[N/A],Enabled,Enabled
1702843032.266355,0,GPU-b342434c-f6b6-7627-333e-da750a9991e6,0.16,0.29228515625,10240.0,7073.0,546.17,NVIDIA GeForce RTX 3080,[N/A],Enabled,Enabled
1702843033.265849,0,GPU-b342434c-f6b6-7627-333e-da750a9991e6,0.16,0.29228515625,10240.0,7073.0,546.17,NVIDIA GeForce RTX 3080,[N/A],Enabled,Enabled
1702843034.266746,0,GPU-b342434c-f6b6-7627-333e-da750a9991e6,0.16,0.29228515625,10240.0,7073.0,546.17,NVIDIA GeForce RTX 3080,[N/A],Enabled,Enabled
1702843035.266095,0,GPU-b342434c-f6b6-7627-333e-da750a9991e6,0.16,0.29130859375,10240.0,7083.0,546.17,NVIDIA GeForce RTX 3080,[N/A],Enabled,Enabled
1702843036.266151,0,GPU-b342434c-f6b6-7627-333e-da750a9991e6,0.16,0.29130859375,10240.0,7083.0,546.17,NVIDIA GeForce RTX 3080,[N/A],Enabled,Enabled
1702843037.266011,0,GPU-b342434c-f6b6-7627-333e-da750a9991e6,0.16,0.29130859375,10240.0,7083.0,546.17,NVIDIA GeForce RTX 3080,[N/A],Enabled,Enabled
1702843038.266007,0,GPU-b342434c-f6b6-7627-333e-da750a9991e6,0.16,0.29130859375,10240.0,7083.0,546.17,NVIDIA GeForce RTX 3080,[N/A],Enabled,Enabled
1702843039.265832,0,GPU-b342434c-f6b6-7627-333e-da750a9991e6,0.16,0.29130859375,10240.0,7083.0,546.17,NVIDIA GeForce RTX 3080,[N/A],Enabled,Enabled
1702843040.265906,0,GPU-b342434c-f6b6-7627-333e-da750a9991e6,0.18,0.290234375,10240.0,7094.0,546.17,NVIDIA GeForce RTX 3080,[N/A],Enabled,Enabled
1702843041.266274,0,GPU-b342434c-f6b6-7627-333e-da750a9991e6,0.19,0.30537109375,10240.0,6939.0,546.17,NVIDIA GeForce RTX 3080,[N/A],Enabled,Enabled
1702843042.265748,0,GPU-b342434c-f6b6-7627-333e-da750a9991e6,0.3,0.44970703125,10240.0,5461.0,546.17,NVIDIA GeForce RTX 3080,[N/A],Enabled,Enabled
1702843043.266173,0,GPU-b342434c-f6b6-7627-333e-da750a9991e6,0.11,0.39755859375,10240.0,5995.0,546.17,NVIDIA GeForce RTX 3080,[N/A],Enabled,Enabled
1702843044.266473,0,GPU-b342434c-f6b6-7627-333e-da750a9991e6,0.11,0.39599609375,10240.0,6011.0,546.17,NVIDIA GeForce RTX 3080,[N/A],Enabled,Enabled
1702843045.266525,0,GPU-b342434c-f6b6-7627-333e-da750a9991e6,0.1,0.39599609375,10240.0,6011.0,546.17,NVIDIA GeForce RTX 3080,[N/A],Enabled,Enabled
1702843046.265913,0,GPU-b342434c-f6b6-7627-333e-da750a9991e6,0.13,0.3328125,10240.0,6658.0,546.17,NVIDIA GeForce RTX 3080,[N/A],Enabled,Enabled
1702843047.266515,0,GPU-b342434c-f6b6-7627-333e-da750a9991e6,0.16,0.3451171875,10240.0,6532.0,546.17,NVIDIA GeForce RTX 3080,[N/A],Enabled,Enabled
1702843048.266489,0,GPU-b342434c-f6b6-7627-333e-da750a9991e6,0.13,0.34501953125,10240.0,6533.0,546.17,NVIDIA GeForce RTX 3080,[N/A],Enabled,Enabled
1702843049.266366,0,GPU-b342434c-f6b6-7627-333e-da750a9991e6,0.12,0.34150390625,10240.0,6569.0,546.17,NVIDIA GeForce RTX 3080,[N/A],Enabled,Enabled
1702843050.266398,0,GPU-b342434c-f6b6-7627-333e-da750a9991e6,0.13,0.3416015625,10240.0,6568.0,546.17,NVIDIA GeForce RTX 3080,[N/A],Enabled,Enabled
1702843051.266391,0,GPU-b342434c-f6b6-7627-333e-da750a9991e6,0.12,0.3416015625,10240.0,6568.0,546.17,NVIDIA GeForce RTX 3080,[N/A],Enabled,Enabled
1702843052.265809,0,GPU-b342434c-f6b6-7627-333e-da750a9991e6,0.13,0.3416015625,10240.0,6568.0,546.17,NVIDIA GeForce RTX 3080,[N/A],Enabled,Enabled
1702843053.266017,0,GPU-b342434c-f6b6-7627-333e-da750a9991e6,0.15,0.344921875,10240.0,6534.0,546.17,NVIDIA GeForce RTX 3080,[N/A],Enabled,Enabled
1702843054.26591,0,GPU-b342434c-f6b6-7627-333e-da750a9991e6,0.14,0.3466796875,10240.0,6516.0,546.17,NVIDIA GeForce RTX 3080,[N/A],Enabled,Enabled
1702843055.266034,0,GPU-b342434c-f6b6-7627-333e-da750a9991e6,0.14,0.3466796875,10240.0,6516.0,546.17,NVIDIA GeForce RTX 3080,[N/A],Enabled,Enabled
1702843056.266577,0,GPU-b342434c-f6b6-7627-333e-da750a9991e6,0.13,0.34326171875,10240.0,6551.0,546.17,NVIDIA GeForce RTX 3080,[N/A],Enabled,Enabled
1702843057.266342,0,GPU-b342434c-f6b6-7627-333e-da750a9991e6,0.14,0.3466796875,10240.0,6516.0,546.17,NVIDIA GeForce RTX 3080,[N/A],Enabled,Enabled
1702843058.267022,0,GPU-b342434c-f6b6-7627-333e-da750a9991e6,0.14,0.3466796875,10240.0,6516.0,546.17,NVIDIA GeForce RTX 3080,[N/A],Enabled,Enabled
1702843059.266246,0,GPU-b342434c-f6b6-7627-333e-da750a9991e6,0.13,0.3466796875,10240.0,6516.0,546.17,NVIDIA GeForce RTX 3080,[N/A],Enabled,Enabled
1702843060.266046,0,GPU-b342434c-f6b6-7627-333e-da750a9991e6,0.14,0.3466796875,10240.0,6516.0,546.17,NVIDIA GeForce RTX 3080,[N/A],Enabled,Enabled
1702843061.266551,0,GPU-b342434c-f6b6-7627-333e-da750a9991e6,0.14,0.3466796875,10240.0,6516.0,546.17,NVIDIA GeForce RTX 3080,[N/A],Enabled,Enabled
1702843062.266169,0,GPU-b342434c-f6b6-7627-333e-da750a9991e6,0.14,0.3466796875,10240.0,6516.0,546.17,NVIDIA GeForce RTX 3080,[N/A],Enabled,Enabled
1702843063.265853,0,GPU-b342434c-f6b6-7627-333e-da750a9991e6,0.13,0.3466796875,10240.0,6516.0,546.17,NVIDIA GeForce RTX 3080,[N/A],Enabled,Enabled
1702843064.266743,0,GPU-b342434c-f6b6-7627-333e-da750a9991e6,0.13,0.343359375,10240.0,6550.0,546.17,NVIDIA GeForce RTX 3080,[N/A],Enabled,Enabled
1702843065.266602,0,GPU-b342434c-f6b6-7627-333e-da750a9991e6,0.13,0.343359375,10240.0,6550.0,546.17,NVIDIA GeForce RTX 3080,[N/A],Enabled,Enabled
1702843066.266138,0,GPU-b342434c-f6b6-7627-333e-da750a9991e6,0.13,0.3466796875,10240.0,6516.0,546.17,NVIDIA GeForce RTX 3080,[N/A],Enabled,Enabled
1702843067.266661,0,GPU-b342434c-f6b6-7627-333e-da750a9991e6,0.1,0.3560546875,10240.0,6420.0,546.17,NVIDIA GeForce RTX 3080,[N/A],Enabled,Enabled
1702843068.266306,0,GPU-b342434c-f6b6-7627-333e-da750a9991e6,0.14,0.3560546875,10240.0,6420.0,546.17,NVIDIA GeForce RTX 3080,[N/A],Enabled,Enabled
1702843069.266417,0,GPU-b342434c-f6b6-7627-333e-da750a9991e6,0.15,0.3560546875,10240.0,6420.0,546.17,NVIDIA GeForce RTX 3080,[N/A],Enabled,Enabled
1702843070.265768,0,GPU-b342434c-f6b6-7627-333e-da750a9991e6,0.15,0.3560546875,10240.0,6420.0,546.17,NVIDIA GeForce RTX 3080,[N/A],Enabled,Enabled
1702843071.26607,0,GPU-b342434c-f6b6-7627-333e-da750a9991e6,0.15,0.3560546875,10240.0,6420.0,546.17,NVIDIA GeForce RTX 3080,[N/A],Enabled,Enabled
1702843072.265738,0,GPU-b342434c-f6b6-7627-333e-da750a9991e6,0.16,0.3560546875,10240.0,6420.0,546.17,NVIDIA GeForce RTX 3080,[N/A],Enabled,Enabled
1702843073.266133,0,GPU-b342434c-f6b6-7627-333e-da750a9991e6,0.15,0.3560546875,10240.0,6420.0,546.17,NVIDIA GeForce RTX 3080,[N/A],Enabled,Enabled
1702843074.266307,0,GPU-b342434c-f6b6-7627-333e-da750a9991e6,0.15,0.3560546875,10240.0,6420.0,546.17,NVIDIA GeForce RTX 3080,[N/A],Enabled,Enabled
1702843075.266045,0,GPU-b342434c-f6b6-7627-333e-da750a9991e6,0.15,0.3560546875,10240.0,6420.0,546.17,NVIDIA GeForce RTX 3080,[N/A],Enabled,Enabled
1702843076.266803,0,GPU-b342434c-f6b6-7627-333e-da750a9991e6,0.15,0.3560546875,10240.0,6420.0,546.17,NVIDIA GeForce RTX 3080,[N/A],Enabled,Enabled
1702843077.267036,0,GPU-b342434c-f6b6-7627-333e-da750a9991e6,0.15,0.3560546875,10240.0,6420.0,546.17,NVIDIA GeForce RTX 3080,[N/A],Enabled,Enabled
1702843078.266633,0,GPU-b342434c-f6b6-7627-333e-da750a9991e6,0.16,0.3560546875,10240.0,6420.0,546.17,NVIDIA GeForce RTX 3080,[N/A],Enabled,Enabled
1702843079.266349,0,GPU-b342434c-f6b6-7627-333e-da750a9991e6,0.15,0.3560546875,10240.0,6420.0,546.17,NVIDIA GeForce RTX 3080,[N/A],Enabled,Enabled
1702843080.266339,0,GPU-b342434c-f6b6-7627-333e-da750a9991e6,0.15,0.3560546875,10240.0,6420.0,546.17,NVIDIA GeForce RTX 3080,[N/A],Enabled,Enabled
1702843081.266711,0,GPU-b342434c-f6b6-7627-333e-da750a9991e6,0.16,0.3560546875,10240.0,6420.0,546.17,NVIDIA GeForce RTX 3080,[N/A],Enabled,Enabled
1702843082.265842,0,GPU-b342434c-f6b6-7627-333e-da750a9991e6,0.15,0.3560546875,10240.0,6420.0,546.17,NVIDIA GeForce RTX 3080,[N/A],Enabled,Enabled
1702843083.266449,0,GPU-b342434c-f6b6-7627-333e-da750a9991e6,0.16,0.3560546875,10240.0,6420.0,546.17,NVIDIA GeForce RTX 3080,[N/A],Enabled,Enabled
1702843084.266039,0,GPU-b342434c-f6b6-7627-333e-da750a9991e6,0.15,0.3560546875,10240.0,6420.0,546.17,NVIDIA GeForce RTX 3080,[N/A],Enabled,Enabled
1702843085.26634,0,GPU-b342434c-f6b6-7627-333e-da750a9991e6,0.16,0.3560546875,10240.0,6420.0,546.17,NVIDIA GeForce RTX 3080,[N/A],Enabled,Enabled
1702843086.265785,0,GPU-b342434c-f6b6-7627-333e-da750a9991e6,0.15,0.3560546875,10240.0,6420.0,546.17,NVIDIA GeForce RTX 3080,[N/A],Enabled,Enabled
1702843087.266169,0,GPU-b342434c-f6b6-7627-333e-da750a9991e6,0.16,0.3560546875,10240.0,6420.0,546.17,NVIDIA GeForce RTX 3080,[N/A],Enabled,Enabled
1702843088.266156,0,GPU-b342434c-f6b6-7627-333e-da750a9991e6,0.15,0.3560546875,10240.0,6420.0,546.17,NVIDIA GeForce RTX 3080,[N/A],Enabled,Enabled
1702843089.266291,0,GPU-b342434c-f6b6-7627-333e-da750a9991e6,0.15,0.3560546875,10240.0,6420.0,546.17,NVIDIA GeForce RTX 3080,[N/A],Enabled,Enabled
1702843090.265935,0,GPU-b342434c-f6b6-7627-333e-da750a9991e6,0.15,0.3560546875,10240.0,6420.0,546.17,NVIDIA GeForce RTX 3080,[N/A],Enabled,Enabled
1702843091.265776,0,GPU-b342434c-f6b6-7627-333e-da750a9991e6,0.16,0.3560546875,10240.0,6420.0,546.17,NVIDIA GeForce RTX 3080,[N/A],Enabled,Enabled
1702843092.266098,0,GPU-b342434c-f6b6-7627-333e-da750a9991e6,0.16,0.3560546875,10240.0,6420.0,546.17,NVIDIA GeForce RTX 3080,[N/A],Enabled,Enabled
1702843093.265604,0,GPU-b342434c-f6b6-7627-333e-da750a9991e6,0.16,0.3560546875,10240.0,6420.0,546.17,NVIDIA GeForce RTX 3080,[N/A],Enabled,Enabled
1702843094.266025,0,GPU-b342434c-f6b6-7627-333e-da750a9991e6,0.17,0.3560546875,10240.0,6420.0,546.17,NVIDIA GeForce RTX 3080,[N/A],Enabled,Enabled
1702843095.266313,0,GPU-b342434c-f6b6-7627-333e-da750a9991e6,0.16,0.3560546875,10240.0,6420.0,546.17,NVIDIA GeForce RTX 3080,[N/A],Enabled,Enabled
1702843096.266763,0,GPU-b342434c-f6b6-7627-333e-da750a9991e6,0.16,0.3560546875,10240.0,6420.0,546.17,NVIDIA GeForce RTX 3080,[N/A],Enabled,Enabled
1702843097.266044,0,GPU-b342434c-f6b6-7627-333e-da750a9991e6,0.15,0.3560546875,10240.0,6420.0,546.17,NVIDIA GeForce RTX 3080,[N/A],Enabled,Enabled
1702843098.26602,0,GPU-b342434c-f6b6-7627-333e-da750a9991e6,0.15,0.3560546875,10240.0,6420.0,546.17,NVIDIA GeForce RTX 3080,[N/A],Enabled,Enabled
1702843099.266338,0,GPU-b342434c-f6b6-7627-333e-da750a9991e6,0.15,0.3560546875,10240.0,6420.0,546.17,NVIDIA GeForce RTX 3080,[N/A],Enabled,Enabled
1702843100.266146,0,GPU-b342434c-f6b6-7627-333e-da750a9991e6,0.15,0.3560546875,10240.0,6420.0,546.17,NVIDIA GeForce RTX 3080,[N/A],Enabled,Enabled
1702843101.26592,0,GPU-b342434c-f6b6-7627-333e-da750a9991e6,0.15,0.3560546875,10240.0,6420.0,546.17,NVIDIA GeForce RTX 3080,[N/A],Enabled,Enabled
1702843102.265973,0,GPU-b342434c-f6b6-7627-333e-da750a9991e6,0.15,0.3560546875,10240.0,6420.0,546.17,NVIDIA GeForce RTX 3080,[N/A],Enabled,Enabled
1702843103.266295,0,GPU-b342434c-f6b6-7627-333e-da750a9991e6,0.15,0.3560546875,10240.0,6420.0,546.17,NVIDIA GeForce RTX 3080,[N/A],Enabled,Enabled
1702843104.2661,0,GPU-b342434c-f6b6-7627-333e-da750a9991e6,0.15,0.3560546875,10240.0,6420.0,546.17,NVIDIA GeForce RTX 3080,[N/A],Enabled,Enabled
1702843105.266004,0,GPU-b342434c-f6b6-7627-333e-da750a9991e6,0.15,0.3560546875,10240.0,6420.0,546.17,NVIDIA GeForce RTX 3080,[N/A],Enabled,Enabled
1702843106.265866,0,GPU-b342434c-f6b6-7627-333e-da750a9991e6,0.15,0.3560546875,10240.0,6420.0,546.17,NVIDIA GeForce RTX 3080,[N/A],Enabled,Enabled
1702843107.266609,0,GPU-b342434c-f6b6-7627-333e-da750a9991e6,0.15,0.3560546875,10240.0,6420.0,546.17,NVIDIA GeForce RTX 3080,[N/A],Enabled,Enabled
1702843108.265854,0,GPU-b342434c-f6b6-7627-333e-da750a9991e6,0.15,0.3560546875,10240.0,6420.0,546.17,NVIDIA GeForce RTX 3080,[N/A],Enabled,Enabled
1702843109.265624,0,GPU-b342434c-f6b6-7627-333e-da750a9991e6,0.15,0.3560546875,10240.0,6420.0,546.17,NVIDIA GeForce RTX 3080,[N/A],Enabled,Enabled
1702843110.26688,0,GPU-b342434c-f6b6-7627-333e-da750a9991e6,0.15,0.3560546875,10240.0,6420.0,546.17,NVIDIA GeForce RTX 3080,[N/A],Enabled,Enabled
1702843111.266623,0,GPU-b342434c-f6b6-7627-333e-da750a9991e6,0.16,0.3560546875,10240.0,6420.0,546.17,NVIDIA GeForce RTX 3080,[N/A],Enabled,Enabled
1702843112.266428,0,GPU-b342434c-f6b6-7627-333e-da750a9991e6,0.15,0.3560546875,10240.0,6420.0,546.17,NVIDIA GeForce RTX 3080,[N/A],Enabled,Enabled
1702843113.266167,0,GPU-b342434c-f6b6-7627-333e-da750a9991e6,0.15,0.3560546875,10240.0,6420.0,546.17,NVIDIA GeForce RTX 3080,[N/A],Enabled,Enabled
1702843114.266907,0,GPU-b342434c-f6b6-7627-333e-da750a9991e6,0.15,0.3560546875,10240.0,6420.0,546.17,NVIDIA GeForce RTX 3080,[N/A],Enabled,Enabled
1702843115.265808,0,GPU-b342434c-f6b6-7627-333e-da750a9991e6,0.15,0.3560546875,10240.0,6420.0,546.17,NVIDIA GeForce RTX 3080,[N/A],Enabled,Enabled
1702843116.266029,0,GPU-b342434c-f6b6-7627-333e-da750a9991e6,0.15,0.3560546875,10240.0,6420.0,546.17,NVIDIA GeForce RTX 3080,[N/A],Enabled,Enabled
1702843117.26667,0,GPU-b342434c-f6b6-7627-333e-da750a9991e6,0.15,0.3560546875,10240.0,6420.0,546.17,NVIDIA GeForce RTX 3080,[N/A],Enabled,Enabled
1702843118.266046,0,GPU-b342434c-f6b6-7627-333e-da750a9991e6,0.16,0.3560546875,10240.0,6420.0,546.17,NVIDIA GeForce RTX 3080,[N/A],Enabled,Enabled
1702843119.26602,0,GPU-b342434c-f6b6-7627-333e-da750a9991e6,0.15,0.3560546875,10240.0,6420.0,546.17,NVIDIA GeForce RTX 3080,[N/A],Enabled,Enabled
1702843120.266598,0,GPU-b342434c-f6b6-7627-333e-da750a9991e6,0.16,0.3560546875,10240.0,6420.0,546.17,NVIDIA GeForce RTX 3080,[N/A],Enabled,Enabled
1702843121.266682,0,GPU-b342434c-f6b6-7627-333e-da750a9991e6,0.15,0.3560546875,10240.0,6420.0,546.17,NVIDIA GeForce RTX 3080,[N/A],Enabled,Enabled
1702843122.265893,0,GPU-b342434c-f6b6-7627-333e-da750a9991e6,0.17,0.3560546875,10240.0,6420.0,546.17,NVIDIA GeForce RTX 3080,[N/A],Enabled,Enabled
1702843123.266388,0,GPU-b342434c-f6b6-7627-333e-da750a9991e6,0.16,0.3560546875,10240.0,6420.0,546.17,NVIDIA GeForce RTX 3080,[N/A],Enabled,Enabled
1702843124.266316,0,GPU-b342434c-f6b6-7627-333e-da750a9991e6,0.15,0.3560546875,10240.0,6420.0,546.17,NVIDIA GeForce RTX 3080,[N/A],Enabled,Enabled
1702843125.266252,0,GPU-b342434c-f6b6-7627-333e-da750a9991e6,0.15,0.3560546875,10240.0,6420.0,546.17,NVIDIA GeForce RTX 3080,[N/A],Enabled,Enabled
1702843126.266119,0,GPU-b342434c-f6b6-7627-333e-da750a9991e6,0.15,0.3560546875,10240.0,6420.0,546.17,NVIDIA GeForce RTX 3080,[N/A],Enabled,Enabled
1702843127.26645,0,GPU-b342434c-f6b6-7627-333e-da750a9991e6,0.16,0.3560546875,10240.0,6420.0,546.17,NVIDIA GeForce RTX 3080,[N/A],Enabled,Enabled
1702843128.266345,0,GPU-b342434c-f6b6-7627-333e-da750a9991e6,0.16,0.3560546875,10240.0,6420.0,546.17,NVIDIA GeForce RTX 3080,[N/A],Enabled,Enabled
1702843129.266527,0,GPU-b342434c-f6b6-7627-333e-da750a9991e6,0.16,0.3560546875,10240.0,6420.0,546.17,NVIDIA GeForce RTX 3080,[N/A],Enabled,Enabled
1702843130.266187,0,GPU-b342434c-f6b6-7627-333e-da750a9991e6,0.16,0.3560546875,10240.0,6420.0,546.17,NVIDIA GeForce RTX 3080,[N/A],Enabled,Enabled
1702843131.266285,0,GPU-b342434c-f6b6-7627-333e-da750a9991e6,0.16,0.3560546875,10240.0,6420.0,546.17,NVIDIA GeForce RTX 3080,[N/A],Enabled,Enabled
1702843132.26581,0,GPU-b342434c-f6b6-7627-333e-da750a9991e6,0.16,0.3560546875,10240.0,6420.0,546.17,NVIDIA GeForce RTX 3080,[N/A],Enabled,Enabled
1702843133.265759,0,GPU-b342434c-f6b6-7627-333e-da750a9991e6,0.16,0.3560546875,10240.0,6420.0,546.17,NVIDIA GeForce RTX 3080,[N/A],Enabled,Enabled
1702843134.266343,0,GPU-b342434c-f6b6-7627-333e-da750a9991e6,0.16,0.3560546875,10240.0,6420.0,546.17,NVIDIA GeForce RTX 3080,[N/A],Enabled,Enabled
1702843135.266306,0,GPU-b342434c-f6b6-7627-333e-da750a9991e6,0.15,0.3560546875,10240.0,6420.0,546.17,NVIDIA GeForce RTX 3080,[N/A],Enabled,Enabled
1702843136.266703,0,GPU-b342434c-f6b6-7627-333e-da750a9991e6,0.16,0.3560546875,10240.0,6420.0,546.17,NVIDIA GeForce RTX 3080,[N/A],Enabled,Enabled
1702843137.266378,0,GPU-b342434c-f6b6-7627-333e-da750a9991e6,0.16,0.3560546875,10240.0,6420.0,546.17,NVIDIA GeForce RTX 3080,[N/A],Enabled,Enabled
1702843138.266638,0,GPU-b342434c-f6b6-7627-333e-da750a9991e6,0.16,0.3560546875,10240.0,6420.0,546.17,NVIDIA GeForce RTX 3080,[N/A],Enabled,Enabled
1702843139.265865,0,GPU-b342434c-f6b6-7627-333e-da750a9991e6,0.16,0.3560546875,10240.0,6420.0,546.17,NVIDIA GeForce RTX 3080,[N/A],Enabled,Enabled
1702843140.266003,0,GPU-b342434c-f6b6-7627-333e-da750a9991e6,0.16,0.3560546875,10240.0,6420.0,546.17,NVIDIA GeForce RTX 3080,[N/A],Enabled,Enabled
1702843141.266129,0,GPU-b342434c-f6b6-7627-333e-da750a9991e6,0.16,0.3560546875,10240.0,6420.0,546.17,NVIDIA GeForce RTX 3080,[N/A],Enabled,Enabled
1702843142.266256,0,GPU-b342434c-f6b6-7627-333e-da750a9991e6,0.15,0.3560546875,10240.0,6420.0,546.17,NVIDIA GeForce RTX 3080,[N/A],Enabled,Enabled
1702843143.266525,0,GPU-b342434c-f6b6-7627-333e-da750a9991e6,0.15,0.3560546875,10240.0,6420.0,546.17,NVIDIA GeForce RTX 3080,[N/A],Enabled,Enabled
1702843144.266697,0,GPU-b342434c-f6b6-7627-333e-da750a9991e6,0.15,0.3560546875,10240.0,6420.0,546.17,NVIDIA GeForce RTX 3080,[N/A],Enabled,Enabled
1702843145.266063,0,GPU-b342434c-f6b6-7627-333e-da750a9991e6,0.15,0.3560546875,10240.0,6420.0,546.17,NVIDIA GeForce RTX 3080,[N/A],Enabled,Enabled
1702843146.266208,0,GPU-b342434c-f6b6-7627-333e-da750a9991e6,0.15,0.3560546875,10240.0,6420.0,546.17,NVIDIA GeForce RTX 3080,[N/A],Enabled,Enabled
1702843147.266539,0,GPU-b342434c-f6b6-7627-333e-da750a9991e6,0.16,0.3560546875,10240.0,6420.0,546.17,NVIDIA GeForce RTX 3080,[N/A],Enabled,Enabled
1702843148.266548,0,GPU-b342434c-f6b6-7627-333e-da750a9991e6,0.16,0.3560546875,10240.0,6420.0,546.17,NVIDIA GeForce RTX 3080,[N/A],Enabled,Enabled
1702843149.265609,0,GPU-b342434c-f6b6-7627-333e-da750a9991e6,0.15,0.3560546875,10240.0,6420.0,546.17,NVIDIA GeForce RTX 3080,[N/A],Enabled,Enabled
1702843150.26641,0,GPU-b342434c-f6b6-7627-333e-da750a9991e6,0.16,0.3560546875,10240.0,6420.0,546.17,NVIDIA GeForce RTX 3080,[N/A],Enabled,Enabled
1702843151.266684,0,GPU-b342434c-f6b6-7627-333e-da750a9991e6,0.15,0.3560546875,10240.0,6420.0,546.17,NVIDIA GeForce RTX 3080,[N/A],Enabled,Enabled
1702843152.266464,0,GPU-b342434c-f6b6-7627-333e-da750a9991e6,0.16,0.3560546875,10240.0,6420.0,546.17,NVIDIA GeForce RTX 3080,[N/A],Enabled,Enabled
1702843153.265772,0,GPU-b342434c-f6b6-7627-333e-da750a9991e6,0.16,0.3560546875,10240.0,6420.0,546.17,NVIDIA GeForce RTX 3080,[N/A],Enabled,Enabled
1702843154.26617,0,GPU-b342434c-f6b6-7627-333e-da750a9991e6,0.15,0.3560546875,10240.0,6420.0,546.17,NVIDIA GeForce RTX 3080,[N/A],Enabled,Enabled
1702843155.266104,0,GPU-b342434c-f6b6-7627-333e-da750a9991e6,0.16,0.3560546875,10240.0,6420.0,546.17,NVIDIA GeForce RTX 3080,[N/A],Enabled,Enabled
1702843156.266427,0,GPU-b342434c-f6b6-7627-333e-da750a9991e6,0.16,0.3560546875,10240.0,6420.0,546.17,NVIDIA GeForce RTX 3080,[N/A],Enabled,Enabled
1702843157.266707,0,GPU-b342434c-f6b6-7627-333e-da750a9991e6,0.16,0.3560546875,10240.0,6420.0,546.17,NVIDIA GeForce RTX 3080,[N/A],Enabled,Enabled
1702843158.265975,0,GPU-b342434c-f6b6-7627-333e-da750a9991e6,0.15,0.3560546875,10240.0,6420.0,546.17,NVIDIA GeForce RTX 3080,[N/A],Enabled,Enabled
1702843159.266148,0,GPU-b342434c-f6b6-7627-333e-da750a9991e6,0.16,0.3560546875,10240.0,6420.0,546.17,NVIDIA GeForce RTX 3080,[N/A],Enabled,Enabled
1702843160.266015,0,GPU-b342434c-f6b6-7627-333e-da750a9991e6,0.15,0.3560546875,10240.0,6420.0,546.17,NVIDIA GeForce RTX 3080,[N/A],Enabled,Enabled
1702843161.267027,0,GPU-b342434c-f6b6-7627-333e-da750a9991e6,0.16,0.3560546875,10240.0,6420.0,546.17,NVIDIA GeForce RTX 3080,[N/A],Enabled,Enabled
1702843162.266098,0,GPU-b342434c-f6b6-7627-333e-da750a9991e6,0.16,0.3560546875,10240.0,6420.0,546.17,NVIDIA GeForce RTX 3080,[N/A],Enabled,Enabled
1702843163.26606,0,GPU-b342434c-f6b6-7627-333e-da750a9991e6,0.16,0.3560546875,10240.0,6420.0,546.17,NVIDIA GeForce RTX 3080,[N/A],Enabled,Enabled
1702843164.266264,0,GPU-b342434c-f6b6-7627-333e-da750a9991e6,0.16,0.3560546875,10240.0,6420.0,546.17,NVIDIA GeForce RTX 3080,[N/A],Enabled,Enabled
1702843165.266357,0,GPU-b342434c-f6b6-7627-333e-da750a9991e6,0.16,0.3560546875,10240.0,6420.0,546.17,NVIDIA GeForce RTX 3080,[N/A],Enabled,Enabled
1702843166.266779,0,GPU-b342434c-f6b6-7627-333e-da750a9991e6,0.16,0.3560546875,10240.0,6420.0,546.17,NVIDIA GeForce RTX 3080,[N/A],Enabled,Enabled
1702843167.266199,0,GPU-b342434c-f6b6-7627-333e-da750a9991e6,0.16,0.3560546875,10240.0,6420.0,546.17,NVIDIA GeForce RTX 3080,[N/A],Enabled,Enabled
1702843168.265965,0,GPU-b342434c-f6b6-7627-333e-da750a9991e6,0.15,0.3560546875,10240.0,6420.0,546.17,NVIDIA GeForce RTX 3080,[N/A],Enabled,Enabled
1702843169.265999,0,GPU-b342434c-f6b6-7627-333e-da750a9991e6,0.15,0.3560546875,10240.0,6420.0,546.17,NVIDIA GeForce RTX 3080,[N/A],Enabled,Enabled
1702843170.265563,0,GPU-b342434c-f6b6-7627-333e-da750a9991e6,0.16,0.3560546875,10240.0,6420.0,546.17,NVIDIA GeForce RTX 3080,[N/A],Enabled,Enabled
1702843171.266327,0,GPU-b342434c-f6b6-7627-333e-da750a9991e6,0.15,0.3560546875,10240.0,6420.0,546.17,NVIDIA GeForce RTX 3080,[N/A],Enabled,Enabled
1702843172.26597,0,GPU-b342434c-f6b6-7627-333e-da750a9991e6,0.16,0.3560546875,10240.0,6420.0,546.17,NVIDIA GeForce RTX 3080,[N/A],Enabled,Enabled
1702843173.265943,0,GPU-b342434c-f6b6-7627-333e-da750a9991e6,0.17,0.3560546875,10240.0,6420.0,546.17,NVIDIA GeForce RTX 3080,[N/A],Enabled,Enabled
1702843174.265981,0,GPU-b342434c-f6b6-7627-333e-da750a9991e6,0.17,0.3560546875,10240.0,6420.0,546.17,NVIDIA GeForce RTX 3080,[N/A],Enabled,Enabled
1702843175.266649,0,GPU-b342434c-f6b6-7627-333e-da750a9991e6,0.15,0.3560546875,10240.0,6420.0,546.17,NVIDIA GeForce RTX 3080,[N/A],Enabled,Enabled
1702843176.266435,0,GPU-b342434c-f6b6-7627-333e-da750a9991e6,0.15,0.3560546875,10240.0,6420.0,546.17,NVIDIA GeForce RTX 3080,[N/A],Enabled,Enabled
1702843177.266825,0,GPU-b342434c-f6b6-7627-333e-da750a9991e6,0.15,0.3560546875,10240.0,6420.0,546.17,NVIDIA GeForce RTX 3080,[N/A],Enabled,Enabled
1702843178.26606,0,GPU-b342434c-f6b6-7627-333e-da750a9991e6,0.15,0.3560546875,10240.0,6420.0,546.17,NVIDIA GeForce RTX 3080,[N/A],Enabled,Enabled
1702843179.265737,0,GPU-b342434c-f6b6-7627-333e-da750a9991e6,0.14,0.3560546875,10240.0,6420.0,546.17,NVIDIA GeForce RTX 3080,[N/A],Enabled,Enabled
1702843180.266876,0,GPU-b342434c-f6b6-7627-333e-da750a9991e6,0.16,0.3560546875,10240.0,6420.0,546.17,NVIDIA GeForce RTX 3080,[N/A],Enabled,Enabled
1702843181.266215,0,GPU-b342434c-f6b6-7627-333e-da750a9991e6,0.15,0.3560546875,10240.0,6420.0,546.17,NVIDIA GeForce RTX 3080,[N/A],Enabled,Enabled
1702843182.266229,0,GPU-b342434c-f6b6-7627-333e-da750a9991e6,0.15,0.3560546875,10240.0,6420.0,546.17,NVIDIA GeForce RTX 3080,[N/A],Enabled,Enabled
1702843183.266008,0,GPU-b342434c-f6b6-7627-333e-da750a9991e6,0.15,0.3560546875,10240.0,6420.0,546.17,NVIDIA GeForce RTX 3080,[N/A],Enabled,Enabled
1702843184.265816,0,GPU-b342434c-f6b6-7627-333e-da750a9991e6,0.15,0.3560546875,10240.0,6420.0,546.17,NVIDIA GeForce RTX 3080,[N/A],Enabled,Enabled
1702843185.266209,0,GPU-b342434c-f6b6-7627-333e-da750a9991e6,0.16,0.3560546875,10240.0,6420.0,546.17,NVIDIA GeForce RTX 3080,[N/A],Enabled,Enabled
1702843186.265915,0,GPU-b342434c-f6b6-7627-333e-da750a9991e6,0.16,0.3560546875,10240.0,6420.0,546.17,NVIDIA GeForce RTX 3080,[N/A],Enabled,Enabled
1702843187.266692,0,GPU-b342434c-f6b6-7627-333e-da750a9991e6,0.15,0.3560546875,10240.0,6420.0,546.17,NVIDIA GeForce RTX 3080,[N/A],Enabled,Enabled
1702843188.265994,0,GPU-b342434c-f6b6-7627-333e-da750a9991e6,0.15,0.3560546875,10240.0,6420.0,546.17,NVIDIA GeForce RTX 3080,[N/A],Enabled,Enabled
1702843189.266298,0,GPU-b342434c-f6b6-7627-333e-da750a9991e6,0.15,0.3560546875,10240.0,6420.0,546.17,NVIDIA GeForce RTX 3080,[N/A],Enabled,Enabled
1702843190.266332,0,GPU-b342434c-f6b6-7627-333e-da750a9991e6,0.16,0.3560546875,10240.0,6420.0,546.17,NVIDIA GeForce RTX 3080,[N/A],Enabled,Enabled
1702843191.26573,0,GPU-b342434c-f6b6-7627-333e-da750a9991e6,0.16,0.3560546875,10240.0,6420.0,546.17,NVIDIA GeForce RTX 3080,[N/A],Enabled,Enabled
1702843192.266755,0,GPU-b342434c-f6b6-7627-333e-da750a9991e6,0.16,0.3560546875,10240.0,6420.0,546.17,NVIDIA GeForce RTX 3080,[N/A],Enabled,Enabled
1702843193.266329,0,GPU-b342434c-f6b6-7627-333e-da750a9991e6,0.16,0.3560546875,10240.0,6420.0,546.17,NVIDIA GeForce RTX 3080,[N/A],Enabled,Enabled
1702843194.265727,0,GPU-b342434c-f6b6-7627-333e-da750a9991e6,0.16,0.3560546875,10240.0,6420.0,546.17,NVIDIA GeForce RTX 3080,[N/A],Enabled,Enabled
1702843195.266157,0,GPU-b342434c-f6b6-7627-333e-da750a9991e6,0.16,0.3560546875,10240.0,6420.0,546.17,NVIDIA GeForce RTX 3080,[N/A],Enabled,Enabled
1702843196.266446,0,GPU-b342434c-f6b6-7627-333e-da750a9991e6,0.15,0.3560546875,10240.0,6420.0,546.17,NVIDIA GeForce RTX 3080,[N/A],Enabled,Enabled
1702843197.266011,0,GPU-b342434c-f6b6-7627-333e-da750a9991e6,0.15,0.3560546875,10240.0,6420.0,546.17,NVIDIA GeForce RTX 3080,[N/A],Enabled,Enabled
1702843198.266106,0,GPU-b342434c-f6b6-7627-333e-da750a9991e6,0.16,0.3560546875,10240.0,6420.0,546.17,NVIDIA GeForce RTX 3080,[N/A],Enabled,Enabled
1702843199.266025,0,GPU-b342434c-f6b6-7627-333e-da750a9991e6,0.16,0.3560546875,10240.0,6420.0,546.17,NVIDIA GeForce RTX 3080,[N/A],Enabled,Enabled
1702843200.266484,0,GPU-b342434c-f6b6-7627-333e-da750a9991e6,0.16,0.3560546875,10240.0,6420.0,546.17,NVIDIA GeForce RTX 3080,[N/A],Enabled,Enabled
1702843201.266451,0,GPU-b342434c-f6b6-7627-333e-da750a9991e6,0.16,0.35849609375,10240.0,6395.0,546.17,NVIDIA GeForce RTX 3080,[N/A],Enabled,Enabled
1702843202.265965,0,GPU-b342434c-f6b6-7627-333e-da750a9991e6,0.16,0.35595703125,10240.0,6421.0,546.17,NVIDIA GeForce RTX 3080,[N/A],Enabled,Enabled
1702843203.266812,0,GPU-b342434c-f6b6-7627-333e-da750a9991e6,0.16,0.35595703125,10240.0,6421.0,546.17,NVIDIA GeForce RTX 3080,[N/A],Enabled,Enabled
1702843204.265857,0,GPU-b342434c-f6b6-7627-333e-da750a9991e6,0.15,0.35595703125,10240.0,6421.0,546.17,NVIDIA GeForce RTX 3080,[N/A],Enabled,Enabled
1702843205.266553,0,GPU-b342434c-f6b6-7627-333e-da750a9991e6,0.15,0.35595703125,10240.0,6421.0,546.17,NVIDIA GeForce RTX 3080,[N/A],Enabled,Enabled
1702843206.266237,0,GPU-b342434c-f6b6-7627-333e-da750a9991e6,0.15,0.35595703125,10240.0,6421.0,546.17,NVIDIA GeForce RTX 3080,[N/A],Enabled,Enabled
1702843207.265836,0,GPU-b342434c-f6b6-7627-333e-da750a9991e6,0.16,0.35595703125,10240.0,6421.0,546.17,NVIDIA GeForce RTX 3080,[N/A],Enabled,Enabled
1702843208.266446,0,GPU-b342434c-f6b6-7627-333e-da750a9991e6,0.15,0.35595703125,10240.0,6421.0,546.17,NVIDIA GeForce RTX 3080,[N/A],Enabled,Enabled
1702843209.266366,0,GPU-b342434c-f6b6-7627-333e-da750a9991e6,0.15,0.35595703125,10240.0,6421.0,546.17,NVIDIA GeForce RTX 3080,[N/A],Enabled,Enabled
1702843210.266366,0,GPU-b342434c-f6b6-7627-333e-da750a9991e6,0.15,0.35595703125,10240.0,6421.0,546.17,NVIDIA GeForce RTX 3080,[N/A],Enabled,Enabled
1702843211.266336,0,GPU-b342434c-f6b6-7627-333e-da750a9991e6,0.15,0.35595703125,10240.0,6421.0,546.17,NVIDIA GeForce RTX 3080,[N/A],Enabled,Enabled
1702843212.265942,0,GPU-b342434c-f6b6-7627-333e-da750a9991e6,0.15,0.35595703125,10240.0,6421.0,546.17,NVIDIA GeForce RTX 3080,[N/A],Enabled,Enabled
1702843213.26654,0,GPU-b342434c-f6b6-7627-333e-da750a9991e6,0.15,0.35595703125,10240.0,6421.0,546.17,NVIDIA GeForce RTX 3080,[N/A],Enabled,Enabled
1702843214.26633,0,GPU-b342434c-f6b6-7627-333e-da750a9991e6,0.15,0.35595703125,10240.0,6421.0,546.17,NVIDIA GeForce RTX 3080,[N/A],Enabled,Enabled
1702843215.266143,0,GPU-b342434c-f6b6-7627-333e-da750a9991e6,0.15,0.35595703125,10240.0,6421.0,546.17,NVIDIA GeForce RTX 3080,[N/A],Enabled,Enabled
1702843216.266311,0,GPU-b342434c-f6b6-7627-333e-da750a9991e6,0.16,0.35595703125,10240.0,6421.0,546.17,NVIDIA GeForce RTX 3080,[N/A],Enabled,Enabled
1702843217.266111,0,GPU-b342434c-f6b6-7627-333e-da750a9991e6,0.16,0.35595703125,10240.0,6421.0,546.17,NVIDIA GeForce RTX 3080,[N/A],Enabled,Enabled
1702843218.266506,0,GPU-b342434c-f6b6-7627-333e-da750a9991e6,0.15,0.35595703125,10240.0,6421.0,546.17,NVIDIA GeForce RTX 3080,[N/A],Enabled,Enabled
1702843219.266718,0,GPU-b342434c-f6b6-7627-333e-da750a9991e6,0.16,0.35595703125,10240.0,6421.0,546.17,NVIDIA GeForce RTX 3080,[N/A],Enabled,Enabled
1702843220.266412,0,GPU-b342434c-f6b6-7627-333e-da750a9991e6,0.16,0.35595703125,10240.0,6421.0,546.17,NVIDIA GeForce RTX 3080,[N/A],Enabled,Enabled
1702843221.266385,0,GPU-b342434c-f6b6-7627-333e-da750a9991e6,0.16,0.35595703125,10240.0,6421.0,546.17,NVIDIA GeForce RTX 3080,[N/A],Enabled,Enabled
1702843222.266691,0,GPU-b342434c-f6b6-7627-333e-da750a9991e6,0.15,0.35595703125,10240.0,6421.0,546.17,NVIDIA GeForce RTX 3080,[N/A],Enabled,Enabled
1702843223.266052,0,GPU-b342434c-f6b6-7627-333e-da750a9991e6,0.15,0.35595703125,10240.0,6421.0,546.17,NVIDIA GeForce RTX 3080,[N/A],Enabled,Enabled
1702843224.266402,0,GPU-b342434c-f6b6-7627-333e-da750a9991e6,0.16,0.35595703125,10240.0,6421.0,546.17,NVIDIA GeForce RTX 3080,[N/A],Enabled,Enabled
1702843225.265962,0,GPU-b342434c-f6b6-7627-333e-da750a9991e6,0.15,0.35595703125,10240.0,6421.0,546.17,NVIDIA GeForce RTX 3080,[N/A],Enabled,Enabled
1702843226.265885,0,GPU-b342434c-f6b6-7627-333e-da750a9991e6,0.16,0.35595703125,10240.0,6421.0,546.17,NVIDIA GeForce RTX 3080,[N/A],Enabled,Enabled
1702843227.26661,0,GPU-b342434c-f6b6-7627-333e-da750a9991e6,0.16,0.35595703125,10240.0,6421.0,546.17,NVIDIA GeForce RTX 3080,[N/A],Enabled,Enabled
1702843228.266584,0,GPU-b342434c-f6b6-7627-333e-da750a9991e6,0.16,0.35595703125,10240.0,6421.0,546.17,NVIDIA GeForce RTX 3080,[N/A],Enabled,Enabled
1702843229.26655,0,GPU-b342434c-f6b6-7627-333e-da750a9991e6,0.17,0.35595703125,10240.0,6421.0,546.17,NVIDIA GeForce RTX 3080,[N/A],Enabled,Enabled
1702843230.266022,0,GPU-b342434c-f6b6-7627-333e-da750a9991e6,0.16,0.35595703125,10240.0,6421.0,546.17,NVIDIA GeForce RTX 3080,[N/A],Enabled,Enabled
1702843231.265798,0,GPU-b342434c-f6b6-7627-333e-da750a9991e6,0.16,0.35595703125,10240.0,6421.0,546.17,NVIDIA GeForce RTX 3080,[N/A],Enabled,Enabled
1702843232.266457,0,GPU-b342434c-f6b6-7627-333e-da750a9991e6,0.15,0.35595703125,10240.0,6421.0,546.17,NVIDIA GeForce RTX 3080,[N/A],Enabled,Enabled
1702843233.266494,0,GPU-b342434c-f6b6-7627-333e-da750a9991e6,0.16,0.35595703125,10240.0,6421.0,546.17,NVIDIA GeForce RTX 3080,[N/A],Enabled,Enabled
1702843234.266558,0,GPU-b342434c-f6b6-7627-333e-da750a9991e6,0.16,0.35595703125,10240.0,6421.0,546.17,NVIDIA GeForce RTX 3080,[N/A],Enabled,Enabled
1702843235.26671,0,GPU-b342434c-f6b6-7627-333e-da750a9991e6,0.16,0.35595703125,10240.0,6421.0,546.17,NVIDIA GeForce RTX 3080,[N/A],Enabled,Enabled
1702843236.265866,0,GPU-b342434c-f6b6-7627-333e-da750a9991e6,0.15,0.35595703125,10240.0,6421.0,546.17,NVIDIA GeForce RTX 3080,[N/A],Enabled,Enabled
1702843237.266216,0,GPU-b342434c-f6b6-7627-333e-da750a9991e6,0.15,0.35595703125,10240.0,6421.0,546.17,NVIDIA GeForce RTX 3080,[N/A],Enabled,Enabled
1702843238.266253,0,GPU-b342434c-f6b6-7627-333e-da750a9991e6,0.15,0.35595703125,10240.0,6421.0,546.17,NVIDIA GeForce RTX 3080,[N/A],Enabled,Enabled
1702843239.266521,0,GPU-b342434c-f6b6-7627-333e-da750a9991e6,0.16,0.35595703125,10240.0,6421.0,546.17,NVIDIA GeForce RTX 3080,[N/A],Enabled,Enabled
1702843240.266596,0,GPU-b342434c-f6b6-7627-333e-da750a9991e6,0.16,0.35595703125,10240.0,6421.0,546.17,NVIDIA GeForce RTX 3080,[N/A],Enabled,Enabled
1702843241.266179,0,GPU-b342434c-f6b6-7627-333e-da750a9991e6,0.16,0.35595703125,10240.0,6421.0,546.17,NVIDIA GeForce RTX 3080,[N/A],Enabled,Enabled
1702843242.266522,0,GPU-b342434c-f6b6-7627-333e-da750a9991e6,0.15,0.35595703125,10240.0,6421.0,546.17,NVIDIA GeForce RTX 3080,[N/A],Enabled,Enabled
1702843243.266158,0,GPU-b342434c-f6b6-7627-333e-da750a9991e6,0.16,0.35595703125,10240.0,6421.0,546.17,NVIDIA GeForce RTX 3080,[N/A],Enabled,Enabled
1702843244.266551,0,GPU-b342434c-f6b6-7627-333e-da750a9991e6,0.15,0.35595703125,10240.0,6421.0,546.17,NVIDIA GeForce RTX 3080,[N/A],Enabled,Enabled
1702843245.265977,0,GPU-b342434c-f6b6-7627-333e-da750a9991e6,0.16,0.35595703125,10240.0,6421.0,546.17,NVIDIA GeForce RTX 3080,[N/A],Enabled,Enabled
1702843246.266366,0,GPU-b342434c-f6b6-7627-333e-da750a9991e6,0.15,0.35595703125,10240.0,6421.0,546.17,NVIDIA GeForce RTX 3080,[N/A],Enabled,Enabled
1702843247.26592,0,GPU-b342434c-f6b6-7627-333e-da750a9991e6,0.15,0.35595703125,10240.0,6421.0,546.17,NVIDIA GeForce RTX 3080,[N/A],Enabled,Enabled
1702843248.266513,0,GPU-b342434c-f6b6-7627-333e-da750a9991e6,0.16,0.35595703125,10240.0,6421.0,546.17,NVIDIA GeForce RTX 3080,[N/A],Enabled,Enabled
1702843249.266521,0,GPU-b342434c-f6b6-7627-333e-da750a9991e6,0.15,0.35595703125,10240.0,6421.0,546.17,NVIDIA GeForce RTX 3080,[N/A],Enabled,Enabled
1702843250.266336,0,GPU-b342434c-f6b6-7627-333e-da750a9991e6,0.15,0.35595703125,10240.0,6421.0,546.17,NVIDIA GeForce RTX 3080,[N/A],Enabled,Enabled
1702843251.266392,0,GPU-b342434c-f6b6-7627-333e-da750a9991e6,0.15,0.35595703125,10240.0,6421.0,546.17,NVIDIA GeForce RTX 3080,[N/A],Enabled,Enabled
1702843252.26605,0,GPU-b342434c-f6b6-7627-333e-da750a9991e6,0.15,0.35595703125,10240.0,6421.0,546.17,NVIDIA GeForce RTX 3080,[N/A],Enabled,Enabled
1702843253.266372,0,GPU-b342434c-f6b6-7627-333e-da750a9991e6,0.15,0.35595703125,10240.0,6421.0,546.17,NVIDIA GeForce RTX 3080,[N/A],Enabled,Enabled
1702843254.266271,0,GPU-b342434c-f6b6-7627-333e-da750a9991e6,0.15,0.35595703125,10240.0,6421.0,546.17,NVIDIA GeForce RTX 3080,[N/A],Enabled,Enabled
1702843255.266441,0,GPU-b342434c-f6b6-7627-333e-da750a9991e6,0.16,0.35595703125,10240.0,6421.0,546.17,NVIDIA GeForce RTX 3080,[N/A],Enabled,Enabled
1702843256.266049,0,GPU-b342434c-f6b6-7627-333e-da750a9991e6,0.14,0.35595703125,10240.0,6421.0,546.17,NVIDIA GeForce RTX 3080,[N/A],Enabled,Enabled
1702843257.266211,0,GPU-b342434c-f6b6-7627-333e-da750a9991e6,0.14,0.35595703125,10240.0,6421.0,546.17,NVIDIA GeForce RTX 3080,[N/A],Enabled,Enabled
1702843258.266395,0,GPU-b342434c-f6b6-7627-333e-da750a9991e6,0.12,0.3490234375,10240.0,6492.0,546.17,NVIDIA GeForce RTX 3080,[N/A],Enabled,Enabled
1702843259.266203,0,GPU-b342434c-f6b6-7627-333e-da750a9991e6,0.13,0.3490234375,10240.0,6492.0,546.17,NVIDIA GeForce RTX 3080,[N/A],Enabled,Enabled
1702843260.266381,0,GPU-b342434c-f6b6-7627-333e-da750a9991e6,0.12,0.34892578125,10240.0,6493.0,546.17,NVIDIA GeForce RTX 3080,[N/A],Enabled,Enabled
1702843261.266205,0,GPU-b342434c-f6b6-7627-333e-da750a9991e6,0.13,0.34560546875,10240.0,6527.0,546.17,NVIDIA GeForce RTX 3080,[N/A],Enabled,Enabled
1702843262.266295,0,GPU-b342434c-f6b6-7627-333e-da750a9991e6,0.14,0.34892578125,10240.0,6493.0,546.17,NVIDIA GeForce RTX 3080,[N/A],Enabled,Enabled
1702843263.265691,0,GPU-b342434c-f6b6-7627-333e-da750a9991e6,0.12,0.34560546875,10240.0,6527.0,546.17,NVIDIA GeForce RTX 3080,[N/A],Enabled,Enabled
1702843264.266134,0,GPU-b342434c-f6b6-7627-333e-da750a9991e6,0.13,0.34560546875,10240.0,6527.0,546.17,NVIDIA GeForce RTX 3080,[N/A],Enabled,Enabled
1702843265.265871,0,GPU-b342434c-f6b6-7627-333e-da750a9991e6,0.13,0.34560546875,10240.0,6527.0,546.17,NVIDIA GeForce RTX 3080,[N/A],Enabled,Enabled
1702843266.266768,0,GPU-b342434c-f6b6-7627-333e-da750a9991e6,0.13,0.34560546875,10240.0,6527.0,546.17,NVIDIA GeForce RTX 3080,[N/A],Enabled,Enabled
1702843267.266136,0,GPU-b342434c-f6b6-7627-333e-da750a9991e6,0.13,0.34560546875,10240.0,6527.0,546.17,NVIDIA GeForce RTX 3080,[N/A],Enabled,Enabled
1702843268.265828,0,GPU-b342434c-f6b6-7627-333e-da750a9991e6,0.13,0.34560546875,10240.0,6527.0,546.17,NVIDIA GeForce RTX 3080,[N/A],Enabled,Enabled
1702843269.266387,0,GPU-b342434c-f6b6-7627-333e-da750a9991e6,0.13,0.34560546875,10240.0,6527.0,546.17,NVIDIA GeForce RTX 3080,[N/A],Enabled,Enabled
1702843270.265944,0,GPU-b342434c-f6b6-7627-333e-da750a9991e6,0.13,0.34560546875,10240.0,6527.0,546.17,NVIDIA GeForce RTX 3080,[N/A],Enabled,Enabled
1702843271.266401,0,GPU-b342434c-f6b6-7627-333e-da750a9991e6,0.13,0.34560546875,10240.0,6527.0,546.17,NVIDIA GeForce RTX 3080,[N/A],Enabled,Enabled
1702843272.266488,0,GPU-b342434c-f6b6-7627-333e-da750a9991e6,0.19,0.2912109375,10240.0,7084.0,546.17,NVIDIA GeForce RTX 3080,[N/A],Enabled,Enabled
1702843273.266539,0,GPU-b342434c-f6b6-7627-333e-da750a9991e6,0.18,0.2912109375,10240.0,7084.0,546.17,NVIDIA GeForce RTX 3080,[N/A],Enabled,Enabled
1702843274.266796,0,GPU-b342434c-f6b6-7627-333e-da750a9991e6,0.17,0.2912109375,10240.0,7084.0,546.17,NVIDIA GeForce RTX 3080,[N/A],Enabled,Enabled
1702843275.266331,0,GPU-b342434c-f6b6-7627-333e-da750a9991e6,0.17,0.2912109375,10240.0,7084.0,546.17,NVIDIA GeForce RTX 3080,[N/A],Enabled,Enabled
