timestamp,id,uuid,load,memoryUtil,memoryTotal,memoryUsed,memoryFree,driver,name,serial,display_mode,display_active
1701808730.260525,0,GPU-93ae0c7f-c327-aee3-adae-bc0d1dae71ea,0.08,0.34277804917765836,12282.0,7815.0,546.29,NVIDIA GeForce RTX 4070,[N/A],Enabled,Enabled
1701808731.255836,0,GPU-93ae0c7f-c327-aee3-adae-bc0d1dae71ea,0.05,0.2722683602019215,12282.0,8681.0,546.29,NVIDIA GeForce RTX 4070,[N/A],Enabled,Enabled
1701808732.256533,0,GPU-93ae0c7f-c327-aee3-adae-bc0d1dae71ea,0.11,0.4342940889106009,12282.0,6691.0,546.29,NVIDIA GeForce RTX 4070,[N/A],Enabled,Enabled
1701808733.256613,0,GPU-93ae0c7f-c327-aee3-adae-bc0d1dae71ea,0.27,0.4575801986647126,12282.0,6405.0,546.29,NVIDIA GeForce RTX 4070,[N/A],Enabled,Enabled
1701808734.25649,0,GPU-93ae0c7f-c327-aee3-adae-bc0d1dae71ea,0.27,0.4571730988438365,12282.0,6410.0,546.29,NVIDIA GeForce RTX 4070,[N/A],Enabled,Enabled
1701808735.255945,0,GPU-93ae0c7f-c327-aee3-adae-bc0d1dae71ea,0.24,0.4526135808500244,12282.0,6466.0,546.29,NVIDIA GeForce RTX 4070,[N/A],Enabled,Enabled
1701808736.256505,0,GPU-93ae0c7f-c327-aee3-adae-bc0d1dae71ea,0.28,0.45644031916625954,12282.0,6419.0,546.29,NVIDIA GeForce RTX 4070,[N/A],Enabled,Enabled
1701808737.257304,0,GPU-93ae0c7f-c327-aee3-adae-bc0d1dae71ea,0.14,0.5578081745644032,12282.0,5174.0,546.29,NVIDIA GeForce RTX 4070,[N/A],Enabled,Enabled
1701808738.256336,0,GPU-93ae0c7f-c327-aee3-adae-bc0d1dae71ea,0.28,0.45782445855723825,12282.0,6402.0,546.29,NVIDIA GeForce RTX 4070,[N/A],Enabled,Enabled
1701808739.256513,0,GPU-93ae0c7f-c327-aee3-adae-bc0d1dae71ea,0.27,0.4535092004559518,12282.0,6455.0,546.29,NVIDIA GeForce RTX 4070,[N/A],Enabled,Enabled
1701808740.256689,0,GPU-93ae0c7f-c327-aee3-adae-bc0d1dae71ea,0.27,0.4535092004559518,12282.0,6455.0,546.29,NVIDIA GeForce RTX 4070,[N/A],Enabled,Enabled
1701808741.25583,0,GPU-93ae0c7f-c327-aee3-adae-bc0d1dae71ea,0.29,0.45749877870053735,12282.0,6406.0,546.29,NVIDIA GeForce RTX 4070,[N/A],Enabled,Enabled
1701808742.25648,0,GPU-93ae0c7f-c327-aee3-adae-bc0d1dae71ea,0.3,0.4570916788796613,12282.0,6411.0,546.29,NVIDIA GeForce RTX 4070,[N/A],Enabled,Enabled
1701808743.256459,0,GPU-93ae0c7f-c327-aee3-adae-bc0d1dae71ea,0.27,0.4527764207783749,12282.0,6464.0,546.29,NVIDIA GeForce RTX 4070,[N/A],Enabled,Enabled
1701808744.256474,0,GPU-93ae0c7f-c327-aee3-adae-bc0d1dae71ea,0.27,0.45334636052760136,12282.0,6457.0,546.29,NVIDIA GeForce RTX 4070,[N/A],Enabled,Enabled
1701808745.256424,0,GPU-93ae0c7f-c327-aee3-adae-bc0d1dae71ea,0.29,0.4575801986647126,12282.0,6405.0,546.29,NVIDIA GeForce RTX 4070,[N/A],Enabled,Enabled
1701808746.256852,0,GPU-93ae0c7f-c327-aee3-adae-bc0d1dae71ea,0.27,0.4576616186288878,12282.0,6404.0,546.29,NVIDIA GeForce RTX 4070,[N/A],Enabled,Enabled
1701808747.256508,0,GPU-93ae0c7f-c327-aee3-adae-bc0d1dae71ea,0.26,0.45334636052760136,12282.0,6457.0,546.29,NVIDIA GeForce RTX 4070,[N/A],Enabled,Enabled
1701808748.255929,0,GPU-93ae0c7f-c327-aee3-adae-bc0d1dae71ea,0.27,0.45334636052760136,12282.0,6457.0,546.29,NVIDIA GeForce RTX 4070,[N/A],Enabled,Enabled
1701808749.256597,0,GPU-93ae0c7f-c327-aee3-adae-bc0d1dae71ea,0.29,0.4575801986647126,12282.0,6405.0,546.29,NVIDIA GeForce RTX 4070,[N/A],Enabled,Enabled
1701808750.25671,0,GPU-93ae0c7f-c327-aee3-adae-bc0d1dae71ea,0.37,0.4614069369809477,12282.0,6358.0,546.29,NVIDIA GeForce RTX 4070,[N/A],Enabled,Enabled
1701808751.256118,0,GPU-93ae0c7f-c327-aee3-adae-bc0d1dae71ea,0.39,0.4614069369809477,12282.0,6358.0,546.29,NVIDIA GeForce RTX 4070,[N/A],Enabled,Enabled
1701808752.256691,0,GPU-93ae0c7f-c327-aee3-adae-bc0d1dae71ea,0.4,0.4614069369809477,12282.0,6358.0,546.29,NVIDIA GeForce RTX 4070,[N/A],Enabled,Enabled
1701808753.256974,0,GPU-93ae0c7f-c327-aee3-adae-bc0d1dae71ea,0.44,0.46108125712424686,12282.0,6362.0,546.29,NVIDIA GeForce RTX 4070,[N/A],Enabled,Enabled
1701808754.25653,0,GPU-93ae0c7f-c327-aee3-adae-bc0d1dae71ea,0.38,0.46108125712424686,12282.0,6362.0,546.29,NVIDIA GeForce RTX 4070,[N/A],Enabled,Enabled
1701808755.256297,0,GPU-93ae0c7f-c327-aee3-adae-bc0d1dae71ea,0.44,0.46222113662269987,12282.0,6348.0,546.29,NVIDIA GeForce RTX 4070,[N/A],Enabled,Enabled
1701808756.2566,0,GPU-93ae0c7f-c327-aee3-adae-bc0d1dae71ea,0.4,0.4638495359062042,12282.0,6328.0,546.29,NVIDIA GeForce RTX 4070,[N/A],Enabled,Enabled
1701808757.257119,0,GPU-93ae0c7f-c327-aee3-adae-bc0d1dae71ea,0.4,0.46417521576290505,12282.0,6324.0,546.29,NVIDIA GeForce RTX 4070,[N/A],Enabled,Enabled
1701808758.256476,0,GPU-93ae0c7f-c327-aee3-adae-bc0d1dae71ea,0.4,0.46417521576290505,12282.0,6324.0,546.29,NVIDIA GeForce RTX 4070,[N/A],Enabled,Enabled
1701808759.256221,0,GPU-93ae0c7f-c327-aee3-adae-bc0d1dae71ea,0.44,0.46417521576290505,12282.0,6324.0,546.29,NVIDIA GeForce RTX 4070,[N/A],Enabled,Enabled
1701808760.256275,0,GPU-93ae0c7f-c327-aee3-adae-bc0d1dae71ea,0.43,0.46417521576290505,12282.0,6324.0,546.29,NVIDIA GeForce RTX 4070,[N/A],Enabled,Enabled
1701808761.256734,0,GPU-93ae0c7f-c327-aee3-adae-bc0d1dae71ea,0.42,0.4639309558703794,12282.0,6327.0,546.29,NVIDIA GeForce RTX 4070,[N/A],Enabled,Enabled
1701808762.256447,0,GPU-93ae0c7f-c327-aee3-adae-bc0d1dae71ea,0.42,0.4639309558703794,12282.0,6327.0,546.29,NVIDIA GeForce RTX 4070,[N/A],Enabled,Enabled
1701808763.256588,0,GPU-93ae0c7f-c327-aee3-adae-bc0d1dae71ea,0.44,0.46213971665852466,12282.0,6349.0,546.29,NVIDIA GeForce RTX 4070,[N/A],Enabled,Enabled
1701808764.257254,0,GPU-93ae0c7f-c327-aee3-adae-bc0d1dae71ea,0.4,0.4623025565868751,12282.0,6347.0,546.29,NVIDIA GeForce RTX 4070,[N/A],Enabled,Enabled
1701808765.256301,0,GPU-93ae0c7f-c327-aee3-adae-bc0d1dae71ea,0.42,0.46197687673017424,12282.0,6351.0,546.29,NVIDIA GeForce RTX 4070,[N/A],Enabled,Enabled
1701808766.256495,0,GPU-93ae0c7f-c327-aee3-adae-bc0d1dae71ea,0.41,0.461895456765999,12282.0,6352.0,546.29,NVIDIA GeForce RTX 4070,[N/A],Enabled,Enabled
1701808767.256699,0,GPU-93ae0c7f-c327-aee3-adae-bc0d1dae71ea,0.44,0.461895456765999,12282.0,6352.0,546.29,NVIDIA GeForce RTX 4070,[N/A],Enabled,Enabled
1701808768.256501,0,GPU-93ae0c7f-c327-aee3-adae-bc0d1dae71ea,0.4,0.4618140368018238,12282.0,6353.0,546.29,NVIDIA GeForce RTX 4070,[N/A],Enabled,Enabled
1701808769.256721,0,GPU-93ae0c7f-c327-aee3-adae-bc0d1dae71ea,0.45,0.46148835694512297,12282.0,6357.0,546.29,NVIDIA GeForce RTX 4070,[N/A],Enabled,Enabled
1701808770.257172,0,GPU-93ae0c7f-c327-aee3-adae-bc0d1dae71ea,0.44,0.4613255170167725,12282.0,6359.0,546.29,NVIDIA GeForce RTX 4070,[N/A],Enabled,Enabled
1701808771.256375,0,GPU-93ae0c7f-c327-aee3-adae-bc0d1dae71ea,0.41,0.4613255170167725,12282.0,6359.0,546.29,NVIDIA GeForce RTX 4070,[N/A],Enabled,Enabled
1701808772.257132,0,GPU-93ae0c7f-c327-aee3-adae-bc0d1dae71ea,0.4,0.4612440970525973,12282.0,6360.0,546.29,NVIDIA GeForce RTX 4070,[N/A],Enabled,Enabled
1701808773.256571,0,GPU-93ae0c7f-c327-aee3-adae-bc0d1dae71ea,0.45,0.4612440970525973,12282.0,6360.0,546.29,NVIDIA GeForce RTX 4070,[N/A],Enabled,Enabled
1701808774.256374,0,GPU-93ae0c7f-c327-aee3-adae-bc0d1dae71ea,0.47,0.4612440970525973,12282.0,6360.0,546.29,NVIDIA GeForce RTX 4070,[N/A],Enabled,Enabled
1701808775.256221,0,GPU-93ae0c7f-c327-aee3-adae-bc0d1dae71ea,0.43,0.4612440970525973,12282.0,6360.0,546.29,NVIDIA GeForce RTX 4070,[N/A],Enabled,Enabled
1701808776.256377,0,GPU-93ae0c7f-c327-aee3-adae-bc0d1dae71ea,0.44,0.4616511968734734,12282.0,6355.0,546.29,NVIDIA GeForce RTX 4070,[N/A],Enabled,Enabled
1701808777.257058,0,GPU-93ae0c7f-c327-aee3-adae-bc0d1dae71ea,0.5,0.4618140368018238,12282.0,6353.0,546.29,NVIDIA GeForce RTX 4070,[N/A],Enabled,Enabled
1701808778.256362,0,GPU-93ae0c7f-c327-aee3-adae-bc0d1dae71ea,0.46,0.46319817619280246,12282.0,6336.0,546.29,NVIDIA GeForce RTX 4070,[N/A],Enabled,Enabled
1701808779.256652,0,GPU-93ae0c7f-c327-aee3-adae-bc0d1dae71ea,0.38,0.46319817619280246,12282.0,6336.0,546.29,NVIDIA GeForce RTX 4070,[N/A],Enabled,Enabled
1701808780.256604,0,GPU-93ae0c7f-c327-aee3-adae-bc0d1dae71ea,0.4,0.46319817619280246,12282.0,6336.0,546.29,NVIDIA GeForce RTX 4070,[N/A],Enabled,Enabled
1701808781.256471,0,GPU-93ae0c7f-c327-aee3-adae-bc0d1dae71ea,0.39,0.46319817619280246,12282.0,6336.0,546.29,NVIDIA GeForce RTX 4070,[N/A],Enabled,Enabled
1701808782.256342,0,GPU-93ae0c7f-c327-aee3-adae-bc0d1dae71ea,0.39,0.46319817619280246,12282.0,6336.0,546.29,NVIDIA GeForce RTX 4070,[N/A],Enabled,Enabled
1701808783.256451,0,GPU-93ae0c7f-c327-aee3-adae-bc0d1dae71ea,0.4,0.46319817619280246,12282.0,6336.0,546.29,NVIDIA GeForce RTX 4070,[N/A],Enabled,Enabled
1701808784.256305,0,GPU-93ae0c7f-c327-aee3-adae-bc0d1dae71ea,0.4,0.4628724963361016,12282.0,6340.0,546.29,NVIDIA GeForce RTX 4070,[N/A],Enabled,Enabled
1701808785.256499,0,GPU-93ae0c7f-c327-aee3-adae-bc0d1dae71ea,0.39,0.4627096564077512,12282.0,6342.0,546.29,NVIDIA GeForce RTX 4070,[N/A],Enabled,Enabled
1701808786.256029,0,GPU-93ae0c7f-c327-aee3-adae-bc0d1dae71ea,0.37,0.4627096564077512,12282.0,6342.0,546.29,NVIDIA GeForce RTX 4070,[N/A],Enabled,Enabled
1701808787.256395,0,GPU-93ae0c7f-c327-aee3-adae-bc0d1dae71ea,0.37,0.4628724963361016,12282.0,6340.0,546.29,NVIDIA GeForce RTX 4070,[N/A],Enabled,Enabled
1701808788.256443,0,GPU-93ae0c7f-c327-aee3-adae-bc0d1dae71ea,0.45,0.46099983716007165,12282.0,6363.0,546.29,NVIDIA GeForce RTX 4070,[N/A],Enabled,Enabled
1701808789.256521,0,GPU-93ae0c7f-c327-aee3-adae-bc0d1dae71ea,0.4,0.46091841719589643,12282.0,6364.0,546.29,NVIDIA GeForce RTX 4070,[N/A],Enabled,Enabled
1701808790.256588,0,GPU-93ae0c7f-c327-aee3-adae-bc0d1dae71ea,0.37,0.4616511968734734,12282.0,6355.0,546.29,NVIDIA GeForce RTX 4070,[N/A],Enabled,Enabled
1701808791.256701,0,GPU-93ae0c7f-c327-aee3-adae-bc0d1dae71ea,0.43,0.4616511968734734,12282.0,6355.0,546.29,NVIDIA GeForce RTX 4070,[N/A],Enabled,Enabled
1701808792.256239,0,GPU-93ae0c7f-c327-aee3-adae-bc0d1dae71ea,0.38,0.4616511968734734,12282.0,6355.0,546.29,NVIDIA GeForce RTX 4070,[N/A],Enabled,Enabled
1701808793.256589,0,GPU-93ae0c7f-c327-aee3-adae-bc0d1dae71ea,0.49,0.4616511968734734,12282.0,6355.0,546.29,NVIDIA GeForce RTX 4070,[N/A],Enabled,Enabled
1701808794.255924,0,GPU-93ae0c7f-c327-aee3-adae-bc0d1dae71ea,0.4,0.4616511968734734,12282.0,6355.0,546.29,NVIDIA GeForce RTX 4070,[N/A],Enabled,Enabled
1701808795.256637,0,GPU-93ae0c7f-c327-aee3-adae-bc0d1dae71ea,0.35,0.4616511968734734,12282.0,6355.0,546.29,NVIDIA GeForce RTX 4070,[N/A],Enabled,Enabled
1701808796.256925,0,GPU-93ae0c7f-c327-aee3-adae-bc0d1dae71ea,0.41,0.4616511968734734,12282.0,6355.0,546.29,NVIDIA GeForce RTX 4070,[N/A],Enabled,Enabled
1701808797.25654,0,GPU-93ae0c7f-c327-aee3-adae-bc0d1dae71ea,0.45,0.4616511968734734,12282.0,6355.0,546.29,NVIDIA GeForce RTX 4070,[N/A],Enabled,Enabled
1701808798.256635,0,GPU-93ae0c7f-c327-aee3-adae-bc0d1dae71ea,0.39,0.4616511968734734,12282.0,6355.0,546.29,NVIDIA GeForce RTX 4070,[N/A],Enabled,Enabled
1701808799.256652,0,GPU-93ae0c7f-c327-aee3-adae-bc0d1dae71ea,0.43,0.4616511968734734,12282.0,6355.0,546.29,NVIDIA GeForce RTX 4070,[N/A],Enabled,Enabled
1701808800.257346,0,GPU-93ae0c7f-c327-aee3-adae-bc0d1dae71ea,0.41,0.4616511968734734,12282.0,6355.0,546.29,NVIDIA GeForce RTX 4070,[N/A],Enabled,Enabled
1701808801.256437,0,GPU-93ae0c7f-c327-aee3-adae-bc0d1dae71ea,0.41,0.4616511968734734,12282.0,6355.0,546.29,NVIDIA GeForce RTX 4070,[N/A],Enabled,Enabled
1701808802.256196,0,GPU-93ae0c7f-c327-aee3-adae-bc0d1dae71ea,0.41,0.4616511968734734,12282.0,6355.0,546.29,NVIDIA GeForce RTX 4070,[N/A],Enabled,Enabled
1701808803.257088,0,GPU-93ae0c7f-c327-aee3-adae-bc0d1dae71ea,0.36,0.4616511968734734,12282.0,6355.0,546.29,NVIDIA GeForce RTX 4070,[N/A],Enabled,Enabled
1701808804.256546,0,GPU-93ae0c7f-c327-aee3-adae-bc0d1dae71ea,0.4,0.4616511968734734,12282.0,6355.0,546.29,NVIDIA GeForce RTX 4070,[N/A],Enabled,Enabled
1701808805.255558,0,GPU-93ae0c7f-c327-aee3-adae-bc0d1dae71ea,0.43,0.4616511968734734,12282.0,6355.0,546.29,NVIDIA GeForce RTX 4070,[N/A],Enabled,Enabled
1701808806.256137,0,GPU-93ae0c7f-c327-aee3-adae-bc0d1dae71ea,0.44,0.4616511968734734,12282.0,6355.0,546.29,NVIDIA GeForce RTX 4070,[N/A],Enabled,Enabled
1701808807.255975,0,GPU-93ae0c7f-c327-aee3-adae-bc0d1dae71ea,0.34,0.4616511968734734,12282.0,6355.0,546.29,NVIDIA GeForce RTX 4070,[N/A],Enabled,Enabled
1701808808.256377,0,GPU-93ae0c7f-c327-aee3-adae-bc0d1dae71ea,0.41,0.4616511968734734,12282.0,6355.0,546.29,NVIDIA GeForce RTX 4070,[N/A],Enabled,Enabled
1701808809.256256,0,GPU-93ae0c7f-c327-aee3-adae-bc0d1dae71ea,0.42,0.4616511968734734,12282.0,6355.0,546.29,NVIDIA GeForce RTX 4070,[N/A],Enabled,Enabled
1701808810.256705,0,GPU-93ae0c7f-c327-aee3-adae-bc0d1dae71ea,0.41,0.4616511968734734,12282.0,6355.0,546.29,NVIDIA GeForce RTX 4070,[N/A],Enabled,Enabled
1701808811.256045,0,GPU-93ae0c7f-c327-aee3-adae-bc0d1dae71ea,0.37,0.4616511968734734,12282.0,6355.0,546.29,NVIDIA GeForce RTX 4070,[N/A],Enabled,Enabled
1701808812.255709,0,GPU-93ae0c7f-c327-aee3-adae-bc0d1dae71ea,0.41,0.4616511968734734,12282.0,6355.0,546.29,NVIDIA GeForce RTX 4070,[N/A],Enabled,Enabled
1701808813.256195,0,GPU-93ae0c7f-c327-aee3-adae-bc0d1dae71ea,0.4,0.4616511968734734,12282.0,6355.0,546.29,NVIDIA GeForce RTX 4070,[N/A],Enabled,Enabled
1701808814.256403,0,GPU-93ae0c7f-c327-aee3-adae-bc0d1dae71ea,0.41,0.4616511968734734,12282.0,6355.0,546.29,NVIDIA GeForce RTX 4070,[N/A],Enabled,Enabled
1701808815.255925,0,GPU-93ae0c7f-c327-aee3-adae-bc0d1dae71ea,0.44,0.4616511968734734,12282.0,6355.0,546.29,NVIDIA GeForce RTX 4070,[N/A],Enabled,Enabled
1701808816.255677,0,GPU-93ae0c7f-c327-aee3-adae-bc0d1dae71ea,0.39,0.4616511968734734,12282.0,6355.0,546.29,NVIDIA GeForce RTX 4070,[N/A],Enabled,Enabled
1701808817.256471,0,GPU-93ae0c7f-c327-aee3-adae-bc0d1dae71ea,0.42,0.4616511968734734,12282.0,6355.0,546.29,NVIDIA GeForce RTX 4070,[N/A],Enabled,Enabled
1701808818.256702,0,GPU-93ae0c7f-c327-aee3-adae-bc0d1dae71ea,0.41,0.4616511968734734,12282.0,6355.0,546.29,NVIDIA GeForce RTX 4070,[N/A],Enabled,Enabled
1701808819.256948,0,GPU-93ae0c7f-c327-aee3-adae-bc0d1dae71ea,0.4,0.4616511968734734,12282.0,6355.0,546.29,NVIDIA GeForce RTX 4070,[N/A],Enabled,Enabled
1701808820.256356,0,GPU-93ae0c7f-c327-aee3-adae-bc0d1dae71ea,0.4,0.4616511968734734,12282.0,6355.0,546.29,NVIDIA GeForce RTX 4070,[N/A],Enabled,Enabled
1701808821.256584,0,GPU-93ae0c7f-c327-aee3-adae-bc0d1dae71ea,0.42,0.4614069369809477,12282.0,6358.0,546.29,NVIDIA GeForce RTX 4070,[N/A],Enabled,Enabled
1701808822.256475,0,GPU-93ae0c7f-c327-aee3-adae-bc0d1dae71ea,0.4,0.4614069369809477,12282.0,6358.0,546.29,NVIDIA GeForce RTX 4070,[N/A],Enabled,Enabled
1701808823.255891,0,GPU-93ae0c7f-c327-aee3-adae-bc0d1dae71ea,0.42,0.4614069369809477,12282.0,6358.0,546.29,NVIDIA GeForce RTX 4070,[N/A],Enabled,Enabled
1701808824.255712,0,GPU-93ae0c7f-c327-aee3-adae-bc0d1dae71ea,0.42,0.4614069369809477,12282.0,6358.0,546.29,NVIDIA GeForce RTX 4070,[N/A],Enabled,Enabled
1701808825.256373,0,GPU-93ae0c7f-c327-aee3-adae-bc0d1dae71ea,0.41,0.4614069369809477,12282.0,6358.0,546.29,NVIDIA GeForce RTX 4070,[N/A],Enabled,Enabled
1701808826.256641,0,GPU-93ae0c7f-c327-aee3-adae-bc0d1dae71ea,0.41,0.4614069369809477,12282.0,6358.0,546.29,NVIDIA GeForce RTX 4070,[N/A],Enabled,Enabled
1701808827.256542,0,GPU-93ae0c7f-c327-aee3-adae-bc0d1dae71ea,0.43,0.4614069369809477,12282.0,6358.0,546.29,NVIDIA GeForce RTX 4070,[N/A],Enabled,Enabled
1701808828.255612,0,GPU-93ae0c7f-c327-aee3-adae-bc0d1dae71ea,0.4,0.4614069369809477,12282.0,6358.0,546.29,NVIDIA GeForce RTX 4070,[N/A],Enabled,Enabled
1701808829.25671,0,GPU-93ae0c7f-c327-aee3-adae-bc0d1dae71ea,0.41,0.4616511968734734,12282.0,6355.0,546.29,NVIDIA GeForce RTX 4070,[N/A],Enabled,Enabled
1701808830.256778,0,GPU-93ae0c7f-c327-aee3-adae-bc0d1dae71ea,0.44,0.4616511968734734,12282.0,6355.0,546.29,NVIDIA GeForce RTX 4070,[N/A],Enabled,Enabled
1701808831.25623,0,GPU-93ae0c7f-c327-aee3-adae-bc0d1dae71ea,0.38,0.4616511968734734,12282.0,6355.0,546.29,NVIDIA GeForce RTX 4070,[N/A],Enabled,Enabled
1701808832.256526,0,GPU-93ae0c7f-c327-aee3-adae-bc0d1dae71ea,0.37,0.4616511968734734,12282.0,6355.0,546.29,NVIDIA GeForce RTX 4070,[N/A],Enabled,Enabled
1701808833.256482,0,GPU-93ae0c7f-c327-aee3-adae-bc0d1dae71ea,0.43,0.4616511968734734,12282.0,6355.0,546.29,NVIDIA GeForce RTX 4070,[N/A],Enabled,Enabled
1701808834.256147,0,GPU-93ae0c7f-c327-aee3-adae-bc0d1dae71ea,0.37,0.4616511968734734,12282.0,6355.0,546.29,NVIDIA GeForce RTX 4070,[N/A],Enabled,Enabled
1701808835.255993,0,GPU-93ae0c7f-c327-aee3-adae-bc0d1dae71ea,0.43,0.4616511968734734,12282.0,6355.0,546.29,NVIDIA GeForce RTX 4070,[N/A],Enabled,Enabled
1701808836.256596,0,GPU-93ae0c7f-c327-aee3-adae-bc0d1dae71ea,0.41,0.4616511968734734,12282.0,6355.0,546.29,NVIDIA GeForce RTX 4070,[N/A],Enabled,Enabled
1701808837.256281,0,GPU-93ae0c7f-c327-aee3-adae-bc0d1dae71ea,0.44,0.4618140368018238,12282.0,6353.0,546.29,NVIDIA GeForce RTX 4070,[N/A],Enabled,Enabled
1701808838.25667,0,GPU-93ae0c7f-c327-aee3-adae-bc0d1dae71ea,0.41,0.4615697769092982,12282.0,6356.0,546.29,NVIDIA GeForce RTX 4070,[N/A],Enabled,Enabled
1701808839.256451,0,GPU-93ae0c7f-c327-aee3-adae-bc0d1dae71ea,0.41,0.4615697769092982,12282.0,6356.0,546.29,NVIDIA GeForce RTX 4070,[N/A],Enabled,Enabled
1701808840.257205,0,GPU-93ae0c7f-c327-aee3-adae-bc0d1dae71ea,0.4,0.4615697769092982,12282.0,6356.0,546.29,NVIDIA GeForce RTX 4070,[N/A],Enabled,Enabled
1701808841.25612,0,GPU-93ae0c7f-c327-aee3-adae-bc0d1dae71ea,0.44,0.4615697769092982,12282.0,6356.0,546.29,NVIDIA GeForce RTX 4070,[N/A],Enabled,Enabled
1701808842.256608,0,GPU-93ae0c7f-c327-aee3-adae-bc0d1dae71ea,0.4,0.4615697769092982,12282.0,6356.0,546.29,NVIDIA GeForce RTX 4070,[N/A],Enabled,Enabled
1701808843.256402,0,GPU-93ae0c7f-c327-aee3-adae-bc0d1dae71ea,0.43,0.4615697769092982,12282.0,6356.0,546.29,NVIDIA GeForce RTX 4070,[N/A],Enabled,Enabled
1701808844.256569,0,GPU-93ae0c7f-c327-aee3-adae-bc0d1dae71ea,0.45,0.4615697769092982,12282.0,6356.0,546.29,NVIDIA GeForce RTX 4070,[N/A],Enabled,Enabled
1701808845.256746,0,GPU-93ae0c7f-c327-aee3-adae-bc0d1dae71ea,0.42,0.4617326168376486,12282.0,6354.0,546.29,NVIDIA GeForce RTX 4070,[N/A],Enabled,Enabled
1701808846.256478,0,GPU-93ae0c7f-c327-aee3-adae-bc0d1dae71ea,0.41,0.4617326168376486,12282.0,6354.0,546.29,NVIDIA GeForce RTX 4070,[N/A],Enabled,Enabled
1701808847.256859,0,GPU-93ae0c7f-c327-aee3-adae-bc0d1dae71ea,0.4,0.4617326168376486,12282.0,6354.0,546.29,NVIDIA GeForce RTX 4070,[N/A],Enabled,Enabled
1701808848.256612,0,GPU-93ae0c7f-c327-aee3-adae-bc0d1dae71ea,0.4,0.4617326168376486,12282.0,6354.0,546.29,NVIDIA GeForce RTX 4070,[N/A],Enabled,Enabled
1701808849.256611,0,GPU-93ae0c7f-c327-aee3-adae-bc0d1dae71ea,0.43,0.4617326168376486,12282.0,6354.0,546.29,NVIDIA GeForce RTX 4070,[N/A],Enabled,Enabled
1701808850.256298,0,GPU-93ae0c7f-c327-aee3-adae-bc0d1dae71ea,0.39,0.4617326168376486,12282.0,6354.0,546.29,NVIDIA GeForce RTX 4070,[N/A],Enabled,Enabled
1701808851.256464,0,GPU-93ae0c7f-c327-aee3-adae-bc0d1dae71ea,0.44,0.4617326168376486,12282.0,6354.0,546.29,NVIDIA GeForce RTX 4070,[N/A],Enabled,Enabled
1701808852.256431,0,GPU-93ae0c7f-c327-aee3-adae-bc0d1dae71ea,0.41,0.4617326168376486,12282.0,6354.0,546.29,NVIDIA GeForce RTX 4070,[N/A],Enabled,Enabled
1701808853.256582,0,GPU-93ae0c7f-c327-aee3-adae-bc0d1dae71ea,0.41,0.4617326168376486,12282.0,6354.0,546.29,NVIDIA GeForce RTX 4070,[N/A],Enabled,Enabled
1701808854.257213,0,GPU-93ae0c7f-c327-aee3-adae-bc0d1dae71ea,0.38,0.4613255170167725,12282.0,6359.0,546.29,NVIDIA GeForce RTX 4070,[N/A],Enabled,Enabled
1701808855.256796,0,GPU-93ae0c7f-c327-aee3-adae-bc0d1dae71ea,0.43,0.4617326168376486,12282.0,6354.0,546.29,NVIDIA GeForce RTX 4070,[N/A],Enabled,Enabled
1701808856.25625,0,GPU-93ae0c7f-c327-aee3-adae-bc0d1dae71ea,0.44,0.4617326168376486,12282.0,6354.0,546.29,NVIDIA GeForce RTX 4070,[N/A],Enabled,Enabled
1701808857.255866,0,GPU-93ae0c7f-c327-aee3-adae-bc0d1dae71ea,0.48,0.4617326168376486,12282.0,6354.0,546.29,NVIDIA GeForce RTX 4070,[N/A],Enabled,Enabled
1701808858.255862,0,GPU-93ae0c7f-c327-aee3-adae-bc0d1dae71ea,0.41,0.4617326168376486,12282.0,6354.0,546.29,NVIDIA GeForce RTX 4070,[N/A],Enabled,Enabled
1701808859.256625,0,GPU-93ae0c7f-c327-aee3-adae-bc0d1dae71ea,0.41,0.4617326168376486,12282.0,6354.0,546.29,NVIDIA GeForce RTX 4070,[N/A],Enabled,Enabled
1701808860.256281,0,GPU-93ae0c7f-c327-aee3-adae-bc0d1dae71ea,0.37,0.4617326168376486,12282.0,6354.0,546.29,NVIDIA GeForce RTX 4070,[N/A],Enabled,Enabled
1701808861.256585,0,GPU-93ae0c7f-c327-aee3-adae-bc0d1dae71ea,0.44,0.4617326168376486,12282.0,6354.0,546.29,NVIDIA GeForce RTX 4070,[N/A],Enabled,Enabled
1701808862.257035,0,GPU-93ae0c7f-c327-aee3-adae-bc0d1dae71ea,0.39,0.4617326168376486,12282.0,6354.0,546.29,NVIDIA GeForce RTX 4070,[N/A],Enabled,Enabled
1701808863.256263,0,GPU-93ae0c7f-c327-aee3-adae-bc0d1dae71ea,0.47,0.461895456765999,12282.0,6352.0,546.29,NVIDIA GeForce RTX 4070,[N/A],Enabled,Enabled
1701808864.256388,0,GPU-93ae0c7f-c327-aee3-adae-bc0d1dae71ea,0.52,0.461895456765999,12282.0,6352.0,546.29,NVIDIA GeForce RTX 4070,[N/A],Enabled,Enabled
1701808865.256491,0,GPU-93ae0c7f-c327-aee3-adae-bc0d1dae71ea,0.41,0.461895456765999,12282.0,6352.0,546.29,NVIDIA GeForce RTX 4070,[N/A],Enabled,Enabled
1701808866.256458,0,GPU-93ae0c7f-c327-aee3-adae-bc0d1dae71ea,0.37,0.461895456765999,12282.0,6352.0,546.29,NVIDIA GeForce RTX 4070,[N/A],Enabled,Enabled
1701808867.256678,0,GPU-93ae0c7f-c327-aee3-adae-bc0d1dae71ea,0.4,0.461895456765999,12282.0,6352.0,546.29,NVIDIA GeForce RTX 4070,[N/A],Enabled,Enabled
1701808868.256857,0,GPU-93ae0c7f-c327-aee3-adae-bc0d1dae71ea,0.44,0.4615697769092982,12282.0,6356.0,546.29,NVIDIA GeForce RTX 4070,[N/A],Enabled,Enabled
1701808869.256134,0,GPU-93ae0c7f-c327-aee3-adae-bc0d1dae71ea,0.44,0.4615697769092982,12282.0,6356.0,546.29,NVIDIA GeForce RTX 4070,[N/A],Enabled,Enabled
1701808870.256472,0,GPU-93ae0c7f-c327-aee3-adae-bc0d1dae71ea,0.41,0.4615697769092982,12282.0,6356.0,546.29,NVIDIA GeForce RTX 4070,[N/A],Enabled,Enabled
1701808871.257058,0,GPU-93ae0c7f-c327-aee3-adae-bc0d1dae71ea,0.43,0.4615697769092982,12282.0,6356.0,546.29,NVIDIA GeForce RTX 4070,[N/A],Enabled,Enabled
1701808872.255927,0,GPU-93ae0c7f-c327-aee3-adae-bc0d1dae71ea,0.39,0.4615697769092982,12282.0,6356.0,546.29,NVIDIA GeForce RTX 4070,[N/A],Enabled,Enabled
1701808873.256265,0,GPU-93ae0c7f-c327-aee3-adae-bc0d1dae71ea,0.47,0.4612440970525973,12282.0,6360.0,546.29,NVIDIA GeForce RTX 4070,[N/A],Enabled,Enabled
1701808874.256347,0,GPU-93ae0c7f-c327-aee3-adae-bc0d1dae71ea,0.41,0.4612440970525973,12282.0,6360.0,546.29,NVIDIA GeForce RTX 4070,[N/A],Enabled,Enabled
1701808875.256484,0,GPU-93ae0c7f-c327-aee3-adae-bc0d1dae71ea,0.43,0.4612440970525973,12282.0,6360.0,546.29,NVIDIA GeForce RTX 4070,[N/A],Enabled,Enabled
1701808876.255882,0,GPU-93ae0c7f-c327-aee3-adae-bc0d1dae71ea,0.39,0.4612440970525973,12282.0,6360.0,546.29,NVIDIA GeForce RTX 4070,[N/A],Enabled,Enabled
1701808877.256296,0,GPU-93ae0c7f-c327-aee3-adae-bc0d1dae71ea,0.41,0.4612440970525973,12282.0,6360.0,546.29,NVIDIA GeForce RTX 4070,[N/A],Enabled,Enabled
1701808878.256088,0,GPU-93ae0c7f-c327-aee3-adae-bc0d1dae71ea,0.47,0.4612440970525973,12282.0,6360.0,546.29,NVIDIA GeForce RTX 4070,[N/A],Enabled,Enabled
1701808879.256201,0,GPU-93ae0c7f-c327-aee3-adae-bc0d1dae71ea,0.44,0.4612440970525973,12282.0,6360.0,546.29,NVIDIA GeForce RTX 4070,[N/A],Enabled,Enabled
1701808880.256168,0,GPU-93ae0c7f-c327-aee3-adae-bc0d1dae71ea,0.44,0.4612440970525973,12282.0,6360.0,546.29,NVIDIA GeForce RTX 4070,[N/A],Enabled,Enabled
1701808881.255934,0,GPU-93ae0c7f-c327-aee3-adae-bc0d1dae71ea,0.4,0.4612440970525973,12282.0,6360.0,546.29,NVIDIA GeForce RTX 4070,[N/A],Enabled,Enabled
1701808882.256774,0,GPU-93ae0c7f-c327-aee3-adae-bc0d1dae71ea,0.41,0.4612440970525973,12282.0,6360.0,546.29,NVIDIA GeForce RTX 4070,[N/A],Enabled,Enabled
1701808883.255922,0,GPU-93ae0c7f-c327-aee3-adae-bc0d1dae71ea,0.44,0.4608369972317212,12282.0,6365.0,546.29,NVIDIA GeForce RTX 4070,[N/A],Enabled,Enabled
1701808884.25582,0,GPU-93ae0c7f-c327-aee3-adae-bc0d1dae71ea,0.37,0.4615697769092982,12282.0,6356.0,546.29,NVIDIA GeForce RTX 4070,[N/A],Enabled,Enabled
1701808885.256216,0,GPU-93ae0c7f-c327-aee3-adae-bc0d1dae71ea,0.44,0.4615697769092982,12282.0,6356.0,546.29,NVIDIA GeForce RTX 4070,[N/A],Enabled,Enabled
1701808886.256631,0,GPU-93ae0c7f-c327-aee3-adae-bc0d1dae71ea,0.42,0.4615697769092982,12282.0,6356.0,546.29,NVIDIA GeForce RTX 4070,[N/A],Enabled,Enabled
1701808887.256669,0,GPU-93ae0c7f-c327-aee3-adae-bc0d1dae71ea,0.42,0.4615697769092982,12282.0,6356.0,546.29,NVIDIA GeForce RTX 4070,[N/A],Enabled,Enabled
1701808888.256918,0,GPU-93ae0c7f-c327-aee3-adae-bc0d1dae71ea,0.4,0.4615697769092982,12282.0,6356.0,546.29,NVIDIA GeForce RTX 4070,[N/A],Enabled,Enabled
1701808889.256675,0,GPU-93ae0c7f-c327-aee3-adae-bc0d1dae71ea,0.48,0.4615697769092982,12282.0,6356.0,546.29,NVIDIA GeForce RTX 4070,[N/A],Enabled,Enabled
1701808890.256544,0,GPU-93ae0c7f-c327-aee3-adae-bc0d1dae71ea,0.36,0.4615697769092982,12282.0,6356.0,546.29,NVIDIA GeForce RTX 4070,[N/A],Enabled,Enabled
1701808891.25696,0,GPU-93ae0c7f-c327-aee3-adae-bc0d1dae71ea,0.37,0.4615697769092982,12282.0,6356.0,546.29,NVIDIA GeForce RTX 4070,[N/A],Enabled,Enabled
1701808892.256744,0,GPU-93ae0c7f-c327-aee3-adae-bc0d1dae71ea,0.36,0.4615697769092982,12282.0,6356.0,546.29,NVIDIA GeForce RTX 4070,[N/A],Enabled,Enabled
1701808893.256035,0,GPU-93ae0c7f-c327-aee3-adae-bc0d1dae71ea,0.41,0.46099983716007165,12282.0,6363.0,546.29,NVIDIA GeForce RTX 4070,[N/A],Enabled,Enabled
1701808894.256641,0,GPU-93ae0c7f-c327-aee3-adae-bc0d1dae71ea,0.41,0.46099983716007165,12282.0,6363.0,546.29,NVIDIA GeForce RTX 4070,[N/A],Enabled,Enabled
1701808895.255667,0,GPU-93ae0c7f-c327-aee3-adae-bc0d1dae71ea,0.42,0.46099983716007165,12282.0,6363.0,546.29,NVIDIA GeForce RTX 4070,[N/A],Enabled,Enabled
1701808896.256531,0,GPU-93ae0c7f-c327-aee3-adae-bc0d1dae71ea,0.37,0.46099983716007165,12282.0,6363.0,546.29,NVIDIA GeForce RTX 4070,[N/A],Enabled,Enabled
1701808897.257097,0,GPU-93ae0c7f-c327-aee3-adae-bc0d1dae71ea,0.42,0.46099983716007165,12282.0,6363.0,546.29,NVIDIA GeForce RTX 4070,[N/A],Enabled,Enabled
1701808898.25587,0,GPU-93ae0c7f-c327-aee3-adae-bc0d1dae71ea,0.37,0.46099983716007165,12282.0,6363.0,546.29,NVIDIA GeForce RTX 4070,[N/A],Enabled,Enabled
1701808899.256645,0,GPU-93ae0c7f-c327-aee3-adae-bc0d1dae71ea,0.41,0.46099983716007165,12282.0,6363.0,546.29,NVIDIA GeForce RTX 4070,[N/A],Enabled,Enabled
1701808900.255633,0,GPU-93ae0c7f-c327-aee3-adae-bc0d1dae71ea,0.39,0.4613255170167725,12282.0,6359.0,546.29,NVIDIA GeForce RTX 4070,[N/A],Enabled,Enabled
1701808901.257234,0,GPU-93ae0c7f-c327-aee3-adae-bc0d1dae71ea,0.42,0.4613255170167725,12282.0,6359.0,546.29,NVIDIA GeForce RTX 4070,[N/A],Enabled,Enabled
1701808902.256504,0,GPU-93ae0c7f-c327-aee3-adae-bc0d1dae71ea,0.39,0.4613255170167725,12282.0,6359.0,546.29,NVIDIA GeForce RTX 4070,[N/A],Enabled,Enabled
1701808903.256201,0,GPU-93ae0c7f-c327-aee3-adae-bc0d1dae71ea,0.41,0.4613255170167725,12282.0,6359.0,546.29,NVIDIA GeForce RTX 4070,[N/A],Enabled,Enabled
1701808904.256452,0,GPU-93ae0c7f-c327-aee3-adae-bc0d1dae71ea,0.41,0.4613255170167725,12282.0,6359.0,546.29,NVIDIA GeForce RTX 4070,[N/A],Enabled,Enabled
1701808905.256648,0,GPU-93ae0c7f-c327-aee3-adae-bc0d1dae71ea,0.41,0.4613255170167725,12282.0,6359.0,546.29,NVIDIA GeForce RTX 4070,[N/A],Enabled,Enabled
1701808906.25588,0,GPU-93ae0c7f-c327-aee3-adae-bc0d1dae71ea,0.39,0.4613255170167725,12282.0,6359.0,546.29,NVIDIA GeForce RTX 4070,[N/A],Enabled,Enabled
1701808907.255903,0,GPU-93ae0c7f-c327-aee3-adae-bc0d1dae71ea,0.42,0.4613255170167725,12282.0,6359.0,546.29,NVIDIA GeForce RTX 4070,[N/A],Enabled,Enabled
1701808908.256162,0,GPU-93ae0c7f-c327-aee3-adae-bc0d1dae71ea,0.4,0.4613255170167725,12282.0,6359.0,546.29,NVIDIA GeForce RTX 4070,[N/A],Enabled,Enabled
1701808909.256416,0,GPU-93ae0c7f-c327-aee3-adae-bc0d1dae71ea,0.44,0.46099983716007165,12282.0,6363.0,546.29,NVIDIA GeForce RTX 4070,[N/A],Enabled,Enabled
1701808910.256635,0,GPU-93ae0c7f-c327-aee3-adae-bc0d1dae71ea,0.44,0.46099983716007165,12282.0,6363.0,546.29,NVIDIA GeForce RTX 4070,[N/A],Enabled,Enabled
1701808911.256371,0,GPU-93ae0c7f-c327-aee3-adae-bc0d1dae71ea,0.51,0.46099983716007165,12282.0,6363.0,546.29,NVIDIA GeForce RTX 4070,[N/A],Enabled,Enabled
1701808912.256254,0,GPU-93ae0c7f-c327-aee3-adae-bc0d1dae71ea,0.41,0.46099983716007165,12282.0,6363.0,546.29,NVIDIA GeForce RTX 4070,[N/A],Enabled,Enabled
1701808913.256915,0,GPU-93ae0c7f-c327-aee3-adae-bc0d1dae71ea,0.44,0.46099983716007165,12282.0,6363.0,546.29,NVIDIA GeForce RTX 4070,[N/A],Enabled,Enabled
1701808914.255975,0,GPU-93ae0c7f-c327-aee3-adae-bc0d1dae71ea,0.36,0.46099983716007165,12282.0,6363.0,546.29,NVIDIA GeForce RTX 4070,[N/A],Enabled,Enabled
1701808915.256092,0,GPU-93ae0c7f-c327-aee3-adae-bc0d1dae71ea,0.43,0.46099983716007165,12282.0,6363.0,546.29,NVIDIA GeForce RTX 4070,[N/A],Enabled,Enabled
1701808916.256226,0,GPU-93ae0c7f-c327-aee3-adae-bc0d1dae71ea,0.43,0.46099983716007165,12282.0,6363.0,546.29,NVIDIA GeForce RTX 4070,[N/A],Enabled,Enabled
1701808917.255925,0,GPU-93ae0c7f-c327-aee3-adae-bc0d1dae71ea,0.43,0.46099983716007165,12282.0,6363.0,546.29,NVIDIA GeForce RTX 4070,[N/A],Enabled,Enabled
1701808918.256616,0,GPU-93ae0c7f-c327-aee3-adae-bc0d1dae71ea,0.4,0.4613255170167725,12282.0,6359.0,546.29,NVIDIA GeForce RTX 4070,[N/A],Enabled,Enabled
1701808919.256383,0,GPU-93ae0c7f-c327-aee3-adae-bc0d1dae71ea,0.42,0.4613255170167725,12282.0,6359.0,546.29,NVIDIA GeForce RTX 4070,[N/A],Enabled,Enabled
1701808920.256434,0,GPU-93ae0c7f-c327-aee3-adae-bc0d1dae71ea,0.41,0.4613255170167725,12282.0,6359.0,546.29,NVIDIA GeForce RTX 4070,[N/A],Enabled,Enabled
1701808921.256121,0,GPU-93ae0c7f-c327-aee3-adae-bc0d1dae71ea,0.46,0.4613255170167725,12282.0,6359.0,546.29,NVIDIA GeForce RTX 4070,[N/A],Enabled,Enabled
1701808922.257116,0,GPU-93ae0c7f-c327-aee3-adae-bc0d1dae71ea,0.44,0.46213971665852466,12282.0,6349.0,546.29,NVIDIA GeForce RTX 4070,[N/A],Enabled,Enabled
1701808923.256391,0,GPU-93ae0c7f-c327-aee3-adae-bc0d1dae71ea,0.42,0.4627910763719264,12282.0,6341.0,546.29,NVIDIA GeForce RTX 4070,[N/A],Enabled,Enabled
1701808924.256669,0,GPU-93ae0c7f-c327-aee3-adae-bc0d1dae71ea,0.4,0.4627910763719264,12282.0,6341.0,546.29,NVIDIA GeForce RTX 4070,[N/A],Enabled,Enabled
1701808925.256482,0,GPU-93ae0c7f-c327-aee3-adae-bc0d1dae71ea,0.4,0.4627910763719264,12282.0,6341.0,546.29,NVIDIA GeForce RTX 4070,[N/A],Enabled,Enabled
1701808926.256222,0,GPU-93ae0c7f-c327-aee3-adae-bc0d1dae71ea,0.48,0.462628236443576,12282.0,6343.0,546.29,NVIDIA GeForce RTX 4070,[N/A],Enabled,Enabled
1701808927.256338,0,GPU-93ae0c7f-c327-aee3-adae-bc0d1dae71ea,0.39,0.462628236443576,12282.0,6343.0,546.29,NVIDIA GeForce RTX 4070,[N/A],Enabled,Enabled
1701808928.256701,0,GPU-93ae0c7f-c327-aee3-adae-bc0d1dae71ea,0.44,0.46205829669434945,12282.0,6350.0,546.29,NVIDIA GeForce RTX 4070,[N/A],Enabled,Enabled
1701808929.256507,0,GPU-93ae0c7f-c327-aee3-adae-bc0d1dae71ea,0.38,0.46205829669434945,12282.0,6350.0,546.29,NVIDIA GeForce RTX 4070,[N/A],Enabled,Enabled
1701808930.256659,0,GPU-93ae0c7f-c327-aee3-adae-bc0d1dae71ea,0.4,0.4606741573033708,12282.0,6367.0,546.29,NVIDIA GeForce RTX 4070,[N/A],Enabled,Enabled
1701808931.256864,0,GPU-93ae0c7f-c327-aee3-adae-bc0d1dae71ea,0.47,0.4606741573033708,12282.0,6367.0,546.29,NVIDIA GeForce RTX 4070,[N/A],Enabled,Enabled
1701808932.256599,0,GPU-93ae0c7f-c327-aee3-adae-bc0d1dae71ea,0.4,0.4606741573033708,12282.0,6367.0,546.29,NVIDIA GeForce RTX 4070,[N/A],Enabled,Enabled
1701808933.25679,0,GPU-93ae0c7f-c327-aee3-adae-bc0d1dae71ea,0.43,0.4605113173750204,12282.0,6369.0,546.29,NVIDIA GeForce RTX 4070,[N/A],Enabled,Enabled
1701808934.256053,0,GPU-93ae0c7f-c327-aee3-adae-bc0d1dae71ea,0.39,0.4605113173750204,12282.0,6369.0,546.29,NVIDIA GeForce RTX 4070,[N/A],Enabled,Enabled
1701808935.256391,0,GPU-93ae0c7f-c327-aee3-adae-bc0d1dae71ea,0.45,0.4605113173750204,12282.0,6369.0,546.29,NVIDIA GeForce RTX 4070,[N/A],Enabled,Enabled
1701808936.25658,0,GPU-93ae0c7f-c327-aee3-adae-bc0d1dae71ea,0.39,0.4605113173750204,12282.0,6369.0,546.29,NVIDIA GeForce RTX 4070,[N/A],Enabled,Enabled
1701808937.256647,0,GPU-93ae0c7f-c327-aee3-adae-bc0d1dae71ea,0.4,0.4605113173750204,12282.0,6369.0,546.29,NVIDIA GeForce RTX 4070,[N/A],Enabled,Enabled
1701808938.255694,0,GPU-93ae0c7f-c327-aee3-adae-bc0d1dae71ea,0.42,0.460755577267546,12282.0,6366.0,546.29,NVIDIA GeForce RTX 4070,[N/A],Enabled,Enabled
1701808939.256821,0,GPU-93ae0c7f-c327-aee3-adae-bc0d1dae71ea,0.39,0.4628724963361016,12282.0,6340.0,546.29,NVIDIA GeForce RTX 4070,[N/A],Enabled,Enabled
1701808940.256518,0,GPU-93ae0c7f-c327-aee3-adae-bc0d1dae71ea,0.33,0.4615697769092982,12282.0,6356.0,546.29,NVIDIA GeForce RTX 4070,[N/A],Enabled,Enabled
1701808941.256231,0,GPU-93ae0c7f-c327-aee3-adae-bc0d1dae71ea,0.29,0.4596971177332682,12282.0,6379.0,546.29,NVIDIA GeForce RTX 4070,[N/A],Enabled,Enabled
1701808942.256682,0,GPU-93ae0c7f-c327-aee3-adae-bc0d1dae71ea,0.3,0.4591271779840417,12282.0,6386.0,546.29,NVIDIA GeForce RTX 4070,[N/A],Enabled,Enabled
1701808943.256491,0,GPU-93ae0c7f-c327-aee3-adae-bc0d1dae71ea,0.28,0.45578895945285786,12282.0,6427.0,546.29,NVIDIA GeForce RTX 4070,[N/A],Enabled,Enabled
1701808944.256661,0,GPU-93ae0c7f-c327-aee3-adae-bc0d1dae71ea,0.27,0.4571730988438365,12282.0,6410.0,546.29,NVIDIA GeForce RTX 4070,[N/A],Enabled,Enabled
1701808945.255868,0,GPU-93ae0c7f-c327-aee3-adae-bc0d1dae71ea,0.28,0.45578895945285786,12282.0,6427.0,546.29,NVIDIA GeForce RTX 4070,[N/A],Enabled,Enabled
1701808946.257053,0,GPU-93ae0c7f-c327-aee3-adae-bc0d1dae71ea,0.3,0.46002279758996906,12282.0,6375.0,546.29,NVIDIA GeForce RTX 4070,[N/A],Enabled,Enabled
1701808947.256402,0,GPU-93ae0c7f-c327-aee3-adae-bc0d1dae71ea,0.27,0.45578895945285786,12282.0,6427.0,546.29,NVIDIA GeForce RTX 4070,[N/A],Enabled,Enabled
1701808948.256445,0,GPU-93ae0c7f-c327-aee3-adae-bc0d1dae71ea,0.29,0.45994137762579385,12282.0,6376.0,546.29,NVIDIA GeForce RTX 4070,[N/A],Enabled,Enabled
1701808949.256609,0,GPU-93ae0c7f-c327-aee3-adae-bc0d1dae71ea,0.25,0.45570753948868264,12282.0,6428.0,546.29,NVIDIA GeForce RTX 4070,[N/A],Enabled,Enabled
1701808950.256331,0,GPU-93ae0c7f-c327-aee3-adae-bc0d1dae71ea,0.25,0.45538185963198174,12282.0,6432.0,546.29,NVIDIA GeForce RTX 4070,[N/A],Enabled,Enabled
1701808951.256286,0,GPU-93ae0c7f-c327-aee3-adae-bc0d1dae71ea,0.25,0.45538185963198174,12282.0,6432.0,546.29,NVIDIA GeForce RTX 4070,[N/A],Enabled,Enabled
1701808952.256121,0,GPU-93ae0c7f-c327-aee3-adae-bc0d1dae71ea,0.26,0.45538185963198174,12282.0,6432.0,546.29,NVIDIA GeForce RTX 4070,[N/A],Enabled,Enabled
1701808953.256231,0,GPU-93ae0c7f-c327-aee3-adae-bc0d1dae71ea,0.26,0.4550561797752809,12282.0,6436.0,546.29,NVIDIA GeForce RTX 4070,[N/A],Enabled,Enabled
1701808954.256893,0,GPU-93ae0c7f-c327-aee3-adae-bc0d1dae71ea,0.18,0.27601367855398146,12282.0,8635.0,546.29,NVIDIA GeForce RTX 4070,[N/A],Enabled,Enabled
1701808955.256367,0,GPU-93ae0c7f-c327-aee3-adae-bc0d1dae71ea,0.18,0.2773163979807849,12282.0,8619.0,546.29,NVIDIA GeForce RTX 4070,[N/A],Enabled,Enabled
1701808956.256354,0,GPU-93ae0c7f-c327-aee3-adae-bc0d1dae71ea,0.16,0.27821201758671227,12282.0,8608.0,546.29,NVIDIA GeForce RTX 4070,[N/A],Enabled,Enabled
1701808957.256553,0,GPU-93ae0c7f-c327-aee3-adae-bc0d1dae71ea,0.17,0.27821201758671227,12282.0,8608.0,546.29,NVIDIA GeForce RTX 4070,[N/A],Enabled,Enabled
1701808958.256247,0,GPU-93ae0c7f-c327-aee3-adae-bc0d1dae71ea,0.16,0.27918905715681486,12282.0,8596.0,546.29,NVIDIA GeForce RTX 4070,[N/A],Enabled,Enabled
1701808959.256366,0,GPU-93ae0c7f-c327-aee3-adae-bc0d1dae71ea,0.16,0.27918905715681486,12282.0,8596.0,546.29,NVIDIA GeForce RTX 4070,[N/A],Enabled,Enabled
1701808960.256885,0,GPU-93ae0c7f-c327-aee3-adae-bc0d1dae71ea,0.16,0.27918905715681486,12282.0,8596.0,546.29,NVIDIA GeForce RTX 4070,[N/A],Enabled,Enabled
1701808961.255705,0,GPU-93ae0c7f-c327-aee3-adae-bc0d1dae71ea,0.16,0.27902621722846443,12282.0,8598.0,546.29,NVIDIA GeForce RTX 4070,[N/A],Enabled,Enabled
1701808962.256734,0,GPU-93ae0c7f-c327-aee3-adae-bc0d1dae71ea,0.16,0.27910763719263965,12282.0,8597.0,546.29,NVIDIA GeForce RTX 4070,[N/A],Enabled,Enabled
1701808963.255919,0,GPU-93ae0c7f-c327-aee3-adae-bc0d1dae71ea,0.17,0.27910763719263965,12282.0,8597.0,546.29,NVIDIA GeForce RTX 4070,[N/A],Enabled,Enabled
1701808964.256573,0,GPU-93ae0c7f-c327-aee3-adae-bc0d1dae71ea,0.17,0.27975899690604134,12282.0,8589.0,546.29,NVIDIA GeForce RTX 4070,[N/A],Enabled,Enabled
1701808965.256711,0,GPU-93ae0c7f-c327-aee3-adae-bc0d1dae71ea,0.17,0.2795147370135157,12282.0,8592.0,546.29,NVIDIA GeForce RTX 4070,[N/A],Enabled,Enabled
