timestamp,id,uuid,load,memoryUtil,memoryTotal,memoryUsed,memoryFree,driver,name,serial,display_mode,display_active
1709648128.198189,0,GPU-93ae0c7f-c327-aee3-adae-bc0d1dae71ea,0.17,0.25818270639960916,12282.0,8840.0,551.61,NVIDIA GeForce RTX 4070,[N/A],Enabled,Enabled
1709648129.195162,0,GPU-93ae0c7f-c327-aee3-adae-bc0d1dae71ea,0.17,0.25818270639960916,12282.0,8840.0,551.61,NVIDIA GeForce RTX 4070,[N/A],Enabled,Enabled
1709648130.195195,0,GPU-93ae0c7f-c327-aee3-adae-bc0d1dae71ea,0.17,0.25818270639960916,12282.0,8840.0,551.61,NVIDIA GeForce RTX 4070,[N/A],Enabled,Enabled
1709648131.195249,0,GPU-93ae0c7f-c327-aee3-adae-bc0d1dae71ea,0.17,0.25818270639960916,12282.0,8840.0,551.61,NVIDIA GeForce RTX 4070,[N/A],Enabled,Enabled
1709648132.195063,0,GPU-93ae0c7f-c327-aee3-adae-bc0d1dae71ea,0.17,0.25818270639960916,12282.0,8840.0,551.61,NVIDIA GeForce RTX 4070,[N/A],Enabled,Enabled
1709648133.19527,0,GPU-93ae0c7f-c327-aee3-adae-bc0d1dae71ea,0.17,0.25818270639960916,12282.0,8840.0,551.61,NVIDIA GeForce RTX 4070,[N/A],Enabled,Enabled
1709648134.195412,0,GPU-93ae0c7f-c327-aee3-adae-bc0d1dae71ea,0.16,0.25818270639960916,12282.0,8840.0,551.61,NVIDIA GeForce RTX 4070,[N/A],Enabled,Enabled
1709648135.195079,0,GPU-93ae0c7f-c327-aee3-adae-bc0d1dae71ea,0.17,0.25818270639960916,12282.0,8840.0,551.61,NVIDIA GeForce RTX 4070,[N/A],Enabled,Enabled
1709648136.195265,0,GPU-93ae0c7f-c327-aee3-adae-bc0d1dae71ea,0.17,0.25810128643543395,12282.0,8841.0,551.61,NVIDIA GeForce RTX 4070,[N/A],Enabled,Enabled
1709648137.195338,0,GPU-93ae0c7f-c327-aee3-adae-bc0d1dae71ea,0.17,0.25793844650708353,12282.0,8843.0,551.61,NVIDIA GeForce RTX 4070,[N/A],Enabled,Enabled
1709648138.194666,0,GPU-93ae0c7f-c327-aee3-adae-bc0d1dae71ea,0.16,0.25793844650708353,12282.0,8843.0,551.61,NVIDIA GeForce RTX 4070,[N/A],Enabled,Enabled
1709648139.195192,0,GPU-93ae0c7f-c327-aee3-adae-bc0d1dae71ea,0.17,0.25793844650708353,12282.0,8843.0,551.61,NVIDIA GeForce RTX 4070,[N/A],Enabled,Enabled
1709648140.194983,0,GPU-93ae0c7f-c327-aee3-adae-bc0d1dae71ea,0.17,0.25793844650708353,12282.0,8843.0,551.61,NVIDIA GeForce RTX 4070,[N/A],Enabled,Enabled
1709648141.195505,0,GPU-93ae0c7f-c327-aee3-adae-bc0d1dae71ea,0.17,0.2586712261846605,12282.0,8834.0,551.61,NVIDIA GeForce RTX 4070,[N/A],Enabled,Enabled
1709648142.194888,0,GPU-93ae0c7f-c327-aee3-adae-bc0d1dae71ea,0.17,0.2586712261846605,12282.0,8834.0,551.61,NVIDIA GeForce RTX 4070,[N/A],Enabled,Enabled
1709648143.194893,0,GPU-93ae0c7f-c327-aee3-adae-bc0d1dae71ea,0.18,0.25842696629213485,12282.0,8837.0,551.61,NVIDIA GeForce RTX 4070,[N/A],Enabled,Enabled
1709648144.195136,0,GPU-93ae0c7f-c327-aee3-adae-bc0d1dae71ea,0.18,0.2607067252890409,12282.0,8809.0,551.61,NVIDIA GeForce RTX 4070,[N/A],Enabled,Enabled
1709648145.195488,0,GPU-93ae0c7f-c327-aee3-adae-bc0d1dae71ea,0.15,0.3572708028008468,12282.0,7623.0,551.61,NVIDIA GeForce RTX 4070,[N/A],Enabled,Enabled
1709648146.195333,0,GPU-93ae0c7f-c327-aee3-adae-bc0d1dae71ea,0.1,0.3431851489985344,12282.0,7796.0,551.61,NVIDIA GeForce RTX 4070,[N/A],Enabled,Enabled
1709648147.194921,0,GPU-93ae0c7f-c327-aee3-adae-bc0d1dae71ea,0.1,0.3431851489985344,12282.0,7796.0,551.61,NVIDIA GeForce RTX 4070,[N/A],Enabled,Enabled
1709648148.195642,0,GPU-93ae0c7f-c327-aee3-adae-bc0d1dae71ea,0.1,0.3431037290343592,12282.0,7797.0,551.61,NVIDIA GeForce RTX 4070,[N/A],Enabled,Enabled
1709648149.194943,0,GPU-93ae0c7f-c327-aee3-adae-bc0d1dae71ea,0.07,0.31998045920859797,12282.0,8081.0,551.61,NVIDIA GeForce RTX 4070,[N/A],Enabled,Enabled
1709648150.195049,0,GPU-93ae0c7f-c327-aee3-adae-bc0d1dae71ea,0.31,0.504152418172936,12282.0,5819.0,551.61,NVIDIA GeForce RTX 4070,[N/A],Enabled,Enabled
1709648151.195388,0,GPU-93ae0c7f-c327-aee3-adae-bc0d1dae71ea,0.33,0.47101449275362317,12282.0,6226.0,551.61,NVIDIA GeForce RTX 4070,[N/A],Enabled,Enabled
1709648152.195316,0,GPU-93ae0c7f-c327-aee3-adae-bc0d1dae71ea,0.34,0.47101449275362317,12282.0,6226.0,551.61,NVIDIA GeForce RTX 4070,[N/A],Enabled,Enabled
1709648153.195192,0,GPU-93ae0c7f-c327-aee3-adae-bc0d1dae71ea,0.29,0.46629213483146065,12282.0,6284.0,551.61,NVIDIA GeForce RTX 4070,[N/A],Enabled,Enabled
1709648154.195792,0,GPU-93ae0c7f-c327-aee3-adae-bc0d1dae71ea,0.3,0.46629213483146065,12282.0,6284.0,551.61,NVIDIA GeForce RTX 4070,[N/A],Enabled,Enabled
1709648155.195476,0,GPU-93ae0c7f-c327-aee3-adae-bc0d1dae71ea,0.3,0.46629213483146065,12282.0,6284.0,551.61,NVIDIA GeForce RTX 4070,[N/A],Enabled,Enabled
1709648156.195306,0,GPU-93ae0c7f-c327-aee3-adae-bc0d1dae71ea,0.34,0.47101449275362317,12282.0,6226.0,551.61,NVIDIA GeForce RTX 4070,[N/A],Enabled,Enabled
1709648157.194483,0,GPU-93ae0c7f-c327-aee3-adae-bc0d1dae71ea,0.09,0.5838625631004722,12282.0,4840.0,551.61,NVIDIA GeForce RTX 4070,[N/A],Enabled,Enabled
1709648158.19456,0,GPU-93ae0c7f-c327-aee3-adae-bc0d1dae71ea,0.31,0.47182869239537534,12282.0,6216.0,551.61,NVIDIA GeForce RTX 4070,[N/A],Enabled,Enabled
1709648159.194436,0,GPU-93ae0c7f-c327-aee3-adae-bc0d1dae71ea,0.29,0.47182869239537534,12282.0,6216.0,551.61,NVIDIA GeForce RTX 4070,[N/A],Enabled,Enabled
1709648160.195284,0,GPU-93ae0c7f-c327-aee3-adae-bc0d1dae71ea,0.28,0.4671063344732128,12282.0,6274.0,551.61,NVIDIA GeForce RTX 4070,[N/A],Enabled,Enabled
1709648161.194899,0,GPU-93ae0c7f-c327-aee3-adae-bc0d1dae71ea,0.24,0.47182869239537534,12282.0,6216.0,551.61,NVIDIA GeForce RTX 4070,[N/A],Enabled,Enabled
1709648162.19484,0,GPU-93ae0c7f-c327-aee3-adae-bc0d1dae71ea,0.3,0.467187754437388,12282.0,6273.0,551.61,NVIDIA GeForce RTX 4070,[N/A],Enabled,Enabled
1709648163.19516,0,GPU-93ae0c7f-c327-aee3-adae-bc0d1dae71ea,0.32,0.47182869239537534,12282.0,6216.0,551.61,NVIDIA GeForce RTX 4070,[N/A],Enabled,Enabled
1709648164.194827,0,GPU-93ae0c7f-c327-aee3-adae-bc0d1dae71ea,0.33,0.47182869239537534,12282.0,6216.0,551.61,NVIDIA GeForce RTX 4070,[N/A],Enabled,Enabled
1709648165.194362,0,GPU-93ae0c7f-c327-aee3-adae-bc0d1dae71ea,0.29,0.467187754437388,12282.0,6273.0,551.61,NVIDIA GeForce RTX 4070,[N/A],Enabled,Enabled
1709648166.194582,0,GPU-93ae0c7f-c327-aee3-adae-bc0d1dae71ea,0.31,0.47239863214460187,12282.0,6209.0,551.61,NVIDIA GeForce RTX 4070,[N/A],Enabled,Enabled
1709648167.195216,0,GPU-93ae0c7f-c327-aee3-adae-bc0d1dae71ea,0.33,0.47239863214460187,12282.0,6209.0,551.61,NVIDIA GeForce RTX 4070,[N/A],Enabled,Enabled
1709648168.195307,0,GPU-93ae0c7f-c327-aee3-adae-bc0d1dae71ea,0.29,0.46767627422243935,12282.0,6267.0,551.61,NVIDIA GeForce RTX 4070,[N/A],Enabled,Enabled
1709648169.19511,0,GPU-93ae0c7f-c327-aee3-adae-bc0d1dae71ea,0.29,0.46767627422243935,12282.0,6267.0,551.61,NVIDIA GeForce RTX 4070,[N/A],Enabled,Enabled
1709648170.194817,0,GPU-93ae0c7f-c327-aee3-adae-bc0d1dae71ea,0.31,0.47239863214460187,12282.0,6209.0,551.61,NVIDIA GeForce RTX 4070,[N/A],Enabled,Enabled
1709648171.194717,0,GPU-93ae0c7f-c327-aee3-adae-bc0d1dae71ea,0.33,0.47231721218042666,12282.0,6210.0,551.61,NVIDIA GeForce RTX 4070,[N/A],Enabled,Enabled
1709648172.195446,0,GPU-93ae0c7f-c327-aee3-adae-bc0d1dae71ea,0.3,0.46767627422243935,12282.0,6267.0,551.61,NVIDIA GeForce RTX 4070,[N/A],Enabled,Enabled
1709648173.19464,0,GPU-93ae0c7f-c327-aee3-adae-bc0d1dae71ea,0.25,0.4696303533626445,12282.0,6243.0,551.61,NVIDIA GeForce RTX 4070,[N/A],Enabled,Enabled
1709648174.195213,0,GPU-93ae0c7f-c327-aee3-adae-bc0d1dae71ea,0.38,0.47606253053248654,12282.0,6164.0,551.61,NVIDIA GeForce RTX 4070,[N/A],Enabled,Enabled
1709648175.195254,0,GPU-93ae0c7f-c327-aee3-adae-bc0d1dae71ea,0.44,0.47549259078326006,12282.0,6171.0,551.61,NVIDIA GeForce RTX 4070,[N/A],Enabled,Enabled
1709648176.195352,0,GPU-93ae0c7f-c327-aee3-adae-bc0d1dae71ea,0.39,0.47549259078326006,12282.0,6171.0,551.61,NVIDIA GeForce RTX 4070,[N/A],Enabled,Enabled
1709648177.194725,0,GPU-93ae0c7f-c327-aee3-adae-bc0d1dae71ea,0.42,0.47549259078326006,12282.0,6171.0,551.61,NVIDIA GeForce RTX 4070,[N/A],Enabled,Enabled
1709648178.194952,0,GPU-93ae0c7f-c327-aee3-adae-bc0d1dae71ea,0.41,0.47549259078326006,12282.0,6171.0,551.61,NVIDIA GeForce RTX 4070,[N/A],Enabled,Enabled
1709648179.195338,0,GPU-93ae0c7f-c327-aee3-adae-bc0d1dae71ea,0.42,0.47549259078326006,12282.0,6171.0,551.61,NVIDIA GeForce RTX 4070,[N/A],Enabled,Enabled
1709648180.194726,0,GPU-93ae0c7f-c327-aee3-adae-bc0d1dae71ea,0.38,0.47549259078326006,12282.0,6171.0,551.61,NVIDIA GeForce RTX 4070,[N/A],Enabled,Enabled
1709648181.195,0,GPU-93ae0c7f-c327-aee3-adae-bc0d1dae71ea,0.38,0.47549259078326006,12282.0,6171.0,551.61,NVIDIA GeForce RTX 4070,[N/A],Enabled,Enabled
1709648182.194512,0,GPU-93ae0c7f-c327-aee3-adae-bc0d1dae71ea,0.4,0.47549259078326006,12282.0,6171.0,551.61,NVIDIA GeForce RTX 4070,[N/A],Enabled,Enabled
1709648183.194969,0,GPU-93ae0c7f-c327-aee3-adae-bc0d1dae71ea,0.4,0.47549259078326006,12282.0,6171.0,551.61,NVIDIA GeForce RTX 4070,[N/A],Enabled,Enabled
1709648184.194733,0,GPU-93ae0c7f-c327-aee3-adae-bc0d1dae71ea,0.39,0.47549259078326006,12282.0,6171.0,551.61,NVIDIA GeForce RTX 4070,[N/A],Enabled,Enabled
1709648185.195513,0,GPU-93ae0c7f-c327-aee3-adae-bc0d1dae71ea,0.41,0.47549259078326006,12282.0,6171.0,551.61,NVIDIA GeForce RTX 4070,[N/A],Enabled,Enabled
1709648186.194467,0,GPU-93ae0c7f-c327-aee3-adae-bc0d1dae71ea,0.4,0.47549259078326006,12282.0,6171.0,551.61,NVIDIA GeForce RTX 4070,[N/A],Enabled,Enabled
1709648187.195469,0,GPU-93ae0c7f-c327-aee3-adae-bc0d1dae71ea,0.43,0.47549259078326006,12282.0,6171.0,551.61,NVIDIA GeForce RTX 4070,[N/A],Enabled,Enabled
1709648188.195073,0,GPU-93ae0c7f-c327-aee3-adae-bc0d1dae71ea,0.41,0.47549259078326006,12282.0,6171.0,551.61,NVIDIA GeForce RTX 4070,[N/A],Enabled,Enabled
1709648189.194853,0,GPU-93ae0c7f-c327-aee3-adae-bc0d1dae71ea,0.43,0.47549259078326006,12282.0,6171.0,551.61,NVIDIA GeForce RTX 4070,[N/A],Enabled,Enabled
1709648190.194608,0,GPU-93ae0c7f-c327-aee3-adae-bc0d1dae71ea,0.41,0.47549259078326006,12282.0,6171.0,551.61,NVIDIA GeForce RTX 4070,[N/A],Enabled,Enabled
1709648191.19497,0,GPU-93ae0c7f-c327-aee3-adae-bc0d1dae71ea,0.42,0.47549259078326006,12282.0,6171.0,551.61,NVIDIA GeForce RTX 4070,[N/A],Enabled,Enabled
1709648192.19525,0,GPU-93ae0c7f-c327-aee3-adae-bc0d1dae71ea,0.4,0.47549259078326006,12282.0,6171.0,551.61,NVIDIA GeForce RTX 4070,[N/A],Enabled,Enabled
1709648193.195284,0,GPU-93ae0c7f-c327-aee3-adae-bc0d1dae71ea,0.37,0.47549259078326006,12282.0,6171.0,551.61,NVIDIA GeForce RTX 4070,[N/A],Enabled,Enabled
1709648194.194452,0,GPU-93ae0c7f-c327-aee3-adae-bc0d1dae71ea,0.41,0.47549259078326006,12282.0,6171.0,551.61,NVIDIA GeForce RTX 4070,[N/A],Enabled,Enabled
1709648195.195058,0,GPU-93ae0c7f-c327-aee3-adae-bc0d1dae71ea,0.42,0.47549259078326006,12282.0,6171.0,551.61,NVIDIA GeForce RTX 4070,[N/A],Enabled,Enabled
1709648196.194816,0,GPU-93ae0c7f-c327-aee3-adae-bc0d1dae71ea,0.39,0.47549259078326006,12282.0,6171.0,551.61,NVIDIA GeForce RTX 4070,[N/A],Enabled,Enabled
1709648197.19494,0,GPU-93ae0c7f-c327-aee3-adae-bc0d1dae71ea,0.43,0.47549259078326006,12282.0,6171.0,551.61,NVIDIA GeForce RTX 4070,[N/A],Enabled,Enabled
1709648198.195202,0,GPU-93ae0c7f-c327-aee3-adae-bc0d1dae71ea,0.39,0.47549259078326006,12282.0,6171.0,551.61,NVIDIA GeForce RTX 4070,[N/A],Enabled,Enabled
1709648199.194892,0,GPU-93ae0c7f-c327-aee3-adae-bc0d1dae71ea,0.4,0.47549259078326006,12282.0,6171.0,551.61,NVIDIA GeForce RTX 4070,[N/A],Enabled,Enabled
1709648200.194907,0,GPU-93ae0c7f-c327-aee3-adae-bc0d1dae71ea,0.41,0.47549259078326006,12282.0,6171.0,551.61,NVIDIA GeForce RTX 4070,[N/A],Enabled,Enabled
1709648201.195899,0,GPU-93ae0c7f-c327-aee3-adae-bc0d1dae71ea,0.41,0.47549259078326006,12282.0,6171.0,551.61,NVIDIA GeForce RTX 4070,[N/A],Enabled,Enabled
1709648202.195935,0,GPU-93ae0c7f-c327-aee3-adae-bc0d1dae71ea,0.42,0.47549259078326006,12282.0,6171.0,551.61,NVIDIA GeForce RTX 4070,[N/A],Enabled,Enabled
1709648203.195096,0,GPU-93ae0c7f-c327-aee3-adae-bc0d1dae71ea,0.43,0.47549259078326006,12282.0,6171.0,551.61,NVIDIA GeForce RTX 4070,[N/A],Enabled,Enabled
1709648204.194731,0,GPU-93ae0c7f-c327-aee3-adae-bc0d1dae71ea,0.41,0.47549259078326006,12282.0,6171.0,551.61,NVIDIA GeForce RTX 4070,[N/A],Enabled,Enabled
1709648205.195318,0,GPU-93ae0c7f-c327-aee3-adae-bc0d1dae71ea,0.41,0.47549259078326006,12282.0,6171.0,551.61,NVIDIA GeForce RTX 4070,[N/A],Enabled,Enabled
1709648206.19551,0,GPU-93ae0c7f-c327-aee3-adae-bc0d1dae71ea,0.41,0.47549259078326006,12282.0,6171.0,551.61,NVIDIA GeForce RTX 4070,[N/A],Enabled,Enabled
1709648207.195256,0,GPU-93ae0c7f-c327-aee3-adae-bc0d1dae71ea,0.44,0.47549259078326006,12282.0,6171.0,551.61,NVIDIA GeForce RTX 4070,[N/A],Enabled,Enabled
1709648208.195483,0,GPU-93ae0c7f-c327-aee3-adae-bc0d1dae71ea,0.41,0.47549259078326006,12282.0,6171.0,551.61,NVIDIA GeForce RTX 4070,[N/A],Enabled,Enabled
1709648209.195261,0,GPU-93ae0c7f-c327-aee3-adae-bc0d1dae71ea,0.4,0.47549259078326006,12282.0,6171.0,551.61,NVIDIA GeForce RTX 4070,[N/A],Enabled,Enabled
1709648210.194725,0,GPU-93ae0c7f-c327-aee3-adae-bc0d1dae71ea,0.39,0.47549259078326006,12282.0,6171.0,551.61,NVIDIA GeForce RTX 4070,[N/A],Enabled,Enabled
1709648211.195359,0,GPU-93ae0c7f-c327-aee3-adae-bc0d1dae71ea,0.42,0.47549259078326006,12282.0,6171.0,551.61,NVIDIA GeForce RTX 4070,[N/A],Enabled,Enabled
1709648212.1952,0,GPU-93ae0c7f-c327-aee3-adae-bc0d1dae71ea,0.42,0.47549259078326006,12282.0,6171.0,551.61,NVIDIA GeForce RTX 4070,[N/A],Enabled,Enabled
1709648213.194268,0,GPU-93ae0c7f-c327-aee3-adae-bc0d1dae71ea,0.44,0.4780166096726917,12282.0,6140.0,551.61,NVIDIA GeForce RTX 4070,[N/A],Enabled,Enabled
1709648214.195025,0,GPU-93ae0c7f-c327-aee3-adae-bc0d1dae71ea,0.41,0.4780166096726917,12282.0,6140.0,551.61,NVIDIA GeForce RTX 4070,[N/A],Enabled,Enabled
1709648215.194569,0,GPU-93ae0c7f-c327-aee3-adae-bc0d1dae71ea,0.42,0.4780166096726917,12282.0,6140.0,551.61,NVIDIA GeForce RTX 4070,[N/A],Enabled,Enabled
1709648216.195461,0,GPU-93ae0c7f-c327-aee3-adae-bc0d1dae71ea,0.42,0.4780166096726917,12282.0,6140.0,551.61,NVIDIA GeForce RTX 4070,[N/A],Enabled,Enabled
1709648217.194727,0,GPU-93ae0c7f-c327-aee3-adae-bc0d1dae71ea,0.4,0.4780166096726917,12282.0,6140.0,551.61,NVIDIA GeForce RTX 4070,[N/A],Enabled,Enabled
1709648218.194535,0,GPU-93ae0c7f-c327-aee3-adae-bc0d1dae71ea,0.41,0.4771209900667644,12282.0,6151.0,551.61,NVIDIA GeForce RTX 4070,[N/A],Enabled,Enabled
1709648219.194739,0,GPU-93ae0c7f-c327-aee3-adae-bc0d1dae71ea,0.43,0.4771209900667644,12282.0,6151.0,551.61,NVIDIA GeForce RTX 4070,[N/A],Enabled,Enabled
1709648220.195144,0,GPU-93ae0c7f-c327-aee3-adae-bc0d1dae71ea,0.39,0.4771209900667644,12282.0,6151.0,551.61,NVIDIA GeForce RTX 4070,[N/A],Enabled,Enabled
1709648221.19429,0,GPU-93ae0c7f-c327-aee3-adae-bc0d1dae71ea,0.44,0.4771209900667644,12282.0,6151.0,551.61,NVIDIA GeForce RTX 4070,[N/A],Enabled,Enabled
1709648222.195479,0,GPU-93ae0c7f-c327-aee3-adae-bc0d1dae71ea,0.41,0.4759811105683113,12282.0,6165.0,551.61,NVIDIA GeForce RTX 4070,[N/A],Enabled,Enabled
1709648223.195006,0,GPU-93ae0c7f-c327-aee3-adae-bc0d1dae71ea,0.44,0.47557401074743527,12282.0,6170.0,551.61,NVIDIA GeForce RTX 4070,[N/A],Enabled,Enabled
1709648224.19502,0,GPU-93ae0c7f-c327-aee3-adae-bc0d1dae71ea,0.41,0.47557401074743527,12282.0,6170.0,551.61,NVIDIA GeForce RTX 4070,[N/A],Enabled,Enabled
1709648225.195715,0,GPU-93ae0c7f-c327-aee3-adae-bc0d1dae71ea,0.42,0.47557401074743527,12282.0,6170.0,551.61,NVIDIA GeForce RTX 4070,[N/A],Enabled,Enabled
1709648226.194688,0,GPU-93ae0c7f-c327-aee3-adae-bc0d1dae71ea,0.41,0.47557401074743527,12282.0,6170.0,551.61,NVIDIA GeForce RTX 4070,[N/A],Enabled,Enabled
1709648227.195002,0,GPU-93ae0c7f-c327-aee3-adae-bc0d1dae71ea,0.44,0.47557401074743527,12282.0,6170.0,551.61,NVIDIA GeForce RTX 4070,[N/A],Enabled,Enabled
1709648228.195034,0,GPU-93ae0c7f-c327-aee3-adae-bc0d1dae71ea,0.42,0.47557401074743527,12282.0,6170.0,551.61,NVIDIA GeForce RTX 4070,[N/A],Enabled,Enabled
1709648229.195291,0,GPU-93ae0c7f-c327-aee3-adae-bc0d1dae71ea,0.43,0.47557401074743527,12282.0,6170.0,551.61,NVIDIA GeForce RTX 4070,[N/A],Enabled,Enabled
1709648230.195557,0,GPU-93ae0c7f-c327-aee3-adae-bc0d1dae71ea,0.4,0.47557401074743527,12282.0,6170.0,551.61,NVIDIA GeForce RTX 4070,[N/A],Enabled,Enabled
1709648231.195245,0,GPU-93ae0c7f-c327-aee3-adae-bc0d1dae71ea,0.44,0.47557401074743527,12282.0,6170.0,551.61,NVIDIA GeForce RTX 4070,[N/A],Enabled,Enabled
1709648232.195257,0,GPU-93ae0c7f-c327-aee3-adae-bc0d1dae71ea,0.41,0.47549259078326006,12282.0,6171.0,551.61,NVIDIA GeForce RTX 4070,[N/A],Enabled,Enabled
1709648233.194473,0,GPU-93ae0c7f-c327-aee3-adae-bc0d1dae71ea,0.4,0.47549259078326006,12282.0,6171.0,551.61,NVIDIA GeForce RTX 4070,[N/A],Enabled,Enabled
1709648234.195058,0,GPU-93ae0c7f-c327-aee3-adae-bc0d1dae71ea,0.4,0.47549259078326006,12282.0,6171.0,551.61,NVIDIA GeForce RTX 4070,[N/A],Enabled,Enabled
1709648235.195007,0,GPU-93ae0c7f-c327-aee3-adae-bc0d1dae71ea,0.43,0.47549259078326006,12282.0,6171.0,551.61,NVIDIA GeForce RTX 4070,[N/A],Enabled,Enabled
1709648236.195061,0,GPU-93ae0c7f-c327-aee3-adae-bc0d1dae71ea,0.4,0.47549259078326006,12282.0,6171.0,551.61,NVIDIA GeForce RTX 4070,[N/A],Enabled,Enabled
1709648237.195117,0,GPU-93ae0c7f-c327-aee3-adae-bc0d1dae71ea,0.41,0.47532975085490964,12282.0,6173.0,551.61,NVIDIA GeForce RTX 4070,[N/A],Enabled,Enabled
1709648238.194917,0,GPU-93ae0c7f-c327-aee3-adae-bc0d1dae71ea,0.4,0.47532975085490964,12282.0,6173.0,551.61,NVIDIA GeForce RTX 4070,[N/A],Enabled,Enabled
1709648239.194998,0,GPU-93ae0c7f-c327-aee3-adae-bc0d1dae71ea,0.43,0.47532975085490964,12282.0,6173.0,551.61,NVIDIA GeForce RTX 4070,[N/A],Enabled,Enabled
1709648240.195122,0,GPU-93ae0c7f-c327-aee3-adae-bc0d1dae71ea,0.4,0.47532975085490964,12282.0,6173.0,551.61,NVIDIA GeForce RTX 4070,[N/A],Enabled,Enabled
1709648241.194754,0,GPU-93ae0c7f-c327-aee3-adae-bc0d1dae71ea,0.44,0.47532975085490964,12282.0,6173.0,551.61,NVIDIA GeForce RTX 4070,[N/A],Enabled,Enabled
1709648242.195023,0,GPU-93ae0c7f-c327-aee3-adae-bc0d1dae71ea,0.41,0.47532975085490964,12282.0,6173.0,551.61,NVIDIA GeForce RTX 4070,[N/A],Enabled,Enabled
1709648243.195289,0,GPU-93ae0c7f-c327-aee3-adae-bc0d1dae71ea,0.38,0.47532975085490964,12282.0,6173.0,551.61,NVIDIA GeForce RTX 4070,[N/A],Enabled,Enabled
1709648244.195474,0,GPU-93ae0c7f-c327-aee3-adae-bc0d1dae71ea,0.41,0.47532975085490964,12282.0,6173.0,551.61,NVIDIA GeForce RTX 4070,[N/A],Enabled,Enabled
1709648245.195293,0,GPU-93ae0c7f-c327-aee3-adae-bc0d1dae71ea,0.42,0.47532975085490964,12282.0,6173.0,551.61,NVIDIA GeForce RTX 4070,[N/A],Enabled,Enabled
1709648246.195402,0,GPU-93ae0c7f-c327-aee3-adae-bc0d1dae71ea,0.39,0.47532975085490964,12282.0,6173.0,551.61,NVIDIA GeForce RTX 4070,[N/A],Enabled,Enabled
1709648247.194892,0,GPU-93ae0c7f-c327-aee3-adae-bc0d1dae71ea,0.4,0.47532975085490964,12282.0,6173.0,551.61,NVIDIA GeForce RTX 4070,[N/A],Enabled,Enabled
1709648248.195251,0,GPU-93ae0c7f-c327-aee3-adae-bc0d1dae71ea,0.38,0.47532975085490964,12282.0,6173.0,551.61,NVIDIA GeForce RTX 4070,[N/A],Enabled,Enabled
1709648249.194671,0,GPU-93ae0c7f-c327-aee3-adae-bc0d1dae71ea,0.41,0.47532975085490964,12282.0,6173.0,551.61,NVIDIA GeForce RTX 4070,[N/A],Enabled,Enabled
1709648250.195095,0,GPU-93ae0c7f-c327-aee3-adae-bc0d1dae71ea,0.4,0.47532975085490964,12282.0,6173.0,551.61,NVIDIA GeForce RTX 4070,[N/A],Enabled,Enabled
1709648251.195611,0,GPU-93ae0c7f-c327-aee3-adae-bc0d1dae71ea,0.41,0.47532975085490964,12282.0,6173.0,551.61,NVIDIA GeForce RTX 4070,[N/A],Enabled,Enabled
1709648252.195091,0,GPU-93ae0c7f-c327-aee3-adae-bc0d1dae71ea,0.39,0.47532975085490964,12282.0,6173.0,551.61,NVIDIA GeForce RTX 4070,[N/A],Enabled,Enabled
1709648253.194955,0,GPU-93ae0c7f-c327-aee3-adae-bc0d1dae71ea,0.42,0.47532975085490964,12282.0,6173.0,551.61,NVIDIA GeForce RTX 4070,[N/A],Enabled,Enabled
1709648254.194429,0,GPU-93ae0c7f-c327-aee3-adae-bc0d1dae71ea,0.39,0.47532975085490964,12282.0,6173.0,551.61,NVIDIA GeForce RTX 4070,[N/A],Enabled,Enabled
1709648255.195482,0,GPU-93ae0c7f-c327-aee3-adae-bc0d1dae71ea,0.42,0.47532975085490964,12282.0,6173.0,551.61,NVIDIA GeForce RTX 4070,[N/A],Enabled,Enabled
1709648256.195086,0,GPU-93ae0c7f-c327-aee3-adae-bc0d1dae71ea,0.39,0.47532975085490964,12282.0,6173.0,551.61,NVIDIA GeForce RTX 4070,[N/A],Enabled,Enabled
1709648257.195587,0,GPU-93ae0c7f-c327-aee3-adae-bc0d1dae71ea,0.42,0.47532975085490964,12282.0,6173.0,551.61,NVIDIA GeForce RTX 4070,[N/A],Enabled,Enabled
1709648258.194754,0,GPU-93ae0c7f-c327-aee3-adae-bc0d1dae71ea,0.4,0.47532975085490964,12282.0,6173.0,551.61,NVIDIA GeForce RTX 4070,[N/A],Enabled,Enabled
1709648259.195192,0,GPU-93ae0c7f-c327-aee3-adae-bc0d1dae71ea,0.43,0.47532975085490964,12282.0,6173.0,551.61,NVIDIA GeForce RTX 4070,[N/A],Enabled,Enabled
1709648260.19511,0,GPU-93ae0c7f-c327-aee3-adae-bc0d1dae71ea,0.39,0.47532975085490964,12282.0,6173.0,551.61,NVIDIA GeForce RTX 4070,[N/A],Enabled,Enabled
1709648261.195824,0,GPU-93ae0c7f-c327-aee3-adae-bc0d1dae71ea,0.4,0.47532975085490964,12282.0,6173.0,551.61,NVIDIA GeForce RTX 4070,[N/A],Enabled,Enabled
1709648262.195339,0,GPU-93ae0c7f-c327-aee3-adae-bc0d1dae71ea,0.39,0.47532975085490964,12282.0,6173.0,551.61,NVIDIA GeForce RTX 4070,[N/A],Enabled,Enabled
1709648263.195719,0,GPU-93ae0c7f-c327-aee3-adae-bc0d1dae71ea,0.38,0.47532975085490964,12282.0,6173.0,551.61,NVIDIA GeForce RTX 4070,[N/A],Enabled,Enabled
1709648264.1958,0,GPU-93ae0c7f-c327-aee3-adae-bc0d1dae71ea,0.4,0.47532975085490964,12282.0,6173.0,551.61,NVIDIA GeForce RTX 4070,[N/A],Enabled,Enabled
1709648265.195537,0,GPU-93ae0c7f-c327-aee3-adae-bc0d1dae71ea,0.39,0.47532975085490964,12282.0,6173.0,551.61,NVIDIA GeForce RTX 4070,[N/A],Enabled,Enabled
1709648266.194656,0,GPU-93ae0c7f-c327-aee3-adae-bc0d1dae71ea,0.4,0.47532975085490964,12282.0,6173.0,551.61,NVIDIA GeForce RTX 4070,[N/A],Enabled,Enabled
1709648267.194289,0,GPU-93ae0c7f-c327-aee3-adae-bc0d1dae71ea,0.43,0.4752483308907344,12282.0,6174.0,551.61,NVIDIA GeForce RTX 4070,[N/A],Enabled,Enabled
1709648268.195222,0,GPU-93ae0c7f-c327-aee3-adae-bc0d1dae71ea,0.38,0.4752483308907344,12282.0,6174.0,551.61,NVIDIA GeForce RTX 4070,[N/A],Enabled,Enabled
1709648269.194731,0,GPU-93ae0c7f-c327-aee3-adae-bc0d1dae71ea,0.42,0.4752483308907344,12282.0,6174.0,551.61,NVIDIA GeForce RTX 4070,[N/A],Enabled,Enabled
1709648270.194734,0,GPU-93ae0c7f-c327-aee3-adae-bc0d1dae71ea,0.38,0.4752483308907344,12282.0,6174.0,551.61,NVIDIA GeForce RTX 4070,[N/A],Enabled,Enabled
1709648271.195204,0,GPU-93ae0c7f-c327-aee3-adae-bc0d1dae71ea,0.42,0.4752483308907344,12282.0,6174.0,551.61,NVIDIA GeForce RTX 4070,[N/A],Enabled,Enabled
1709648272.194818,0,GPU-93ae0c7f-c327-aee3-adae-bc0d1dae71ea,0.39,0.4752483308907344,12282.0,6174.0,551.61,NVIDIA GeForce RTX 4070,[N/A],Enabled,Enabled
1709648273.195232,0,GPU-93ae0c7f-c327-aee3-adae-bc0d1dae71ea,0.39,0.4752483308907344,12282.0,6174.0,551.61,NVIDIA GeForce RTX 4070,[N/A],Enabled,Enabled
1709648274.195331,0,GPU-93ae0c7f-c327-aee3-adae-bc0d1dae71ea,0.4,0.4752483308907344,12282.0,6174.0,551.61,NVIDIA GeForce RTX 4070,[N/A],Enabled,Enabled
1709648275.195279,0,GPU-93ae0c7f-c327-aee3-adae-bc0d1dae71ea,0.42,0.4752483308907344,12282.0,6174.0,551.61,NVIDIA GeForce RTX 4070,[N/A],Enabled,Enabled
1709648276.195115,0,GPU-93ae0c7f-c327-aee3-adae-bc0d1dae71ea,0.4,0.4752483308907344,12282.0,6174.0,551.61,NVIDIA GeForce RTX 4070,[N/A],Enabled,Enabled
1709648277.194478,0,GPU-93ae0c7f-c327-aee3-adae-bc0d1dae71ea,0.42,0.4752483308907344,12282.0,6174.0,551.61,NVIDIA GeForce RTX 4070,[N/A],Enabled,Enabled
1709648278.195159,0,GPU-93ae0c7f-c327-aee3-adae-bc0d1dae71ea,0.4,0.4752483308907344,12282.0,6174.0,551.61,NVIDIA GeForce RTX 4070,[N/A],Enabled,Enabled
1709648279.195008,0,GPU-93ae0c7f-c327-aee3-adae-bc0d1dae71ea,0.43,0.4752483308907344,12282.0,6174.0,551.61,NVIDIA GeForce RTX 4070,[N/A],Enabled,Enabled
1709648280.195132,0,GPU-93ae0c7f-c327-aee3-adae-bc0d1dae71ea,0.4,0.4752483308907344,12282.0,6174.0,551.61,NVIDIA GeForce RTX 4070,[N/A],Enabled,Enabled
1709648281.195072,0,GPU-93ae0c7f-c327-aee3-adae-bc0d1dae71ea,0.43,0.4752483308907344,12282.0,6174.0,551.61,NVIDIA GeForce RTX 4070,[N/A],Enabled,Enabled
1709648282.195226,0,GPU-93ae0c7f-c327-aee3-adae-bc0d1dae71ea,0.39,0.4752483308907344,12282.0,6174.0,551.61,NVIDIA GeForce RTX 4070,[N/A],Enabled,Enabled
1709648283.195721,0,GPU-93ae0c7f-c327-aee3-adae-bc0d1dae71ea,0.42,0.4752483308907344,12282.0,6174.0,551.61,NVIDIA GeForce RTX 4070,[N/A],Enabled,Enabled
1709648284.194371,0,GPU-93ae0c7f-c327-aee3-adae-bc0d1dae71ea,0.39,0.4752483308907344,12282.0,6174.0,551.61,NVIDIA GeForce RTX 4070,[N/A],Enabled,Enabled
1709648285.195211,0,GPU-93ae0c7f-c327-aee3-adae-bc0d1dae71ea,0.42,0.4752483308907344,12282.0,6174.0,551.61,NVIDIA GeForce RTX 4070,[N/A],Enabled,Enabled
1709648286.19486,0,GPU-93ae0c7f-c327-aee3-adae-bc0d1dae71ea,0.4,0.4752483308907344,12282.0,6174.0,551.61,NVIDIA GeForce RTX 4070,[N/A],Enabled,Enabled
1709648287.194819,0,GPU-93ae0c7f-c327-aee3-adae-bc0d1dae71ea,0.43,0.4752483308907344,12282.0,6174.0,551.61,NVIDIA GeForce RTX 4070,[N/A],Enabled,Enabled
1709648288.194734,0,GPU-93ae0c7f-c327-aee3-adae-bc0d1dae71ea,0.41,0.4752483308907344,12282.0,6174.0,551.61,NVIDIA GeForce RTX 4070,[N/A],Enabled,Enabled
1709648289.195248,0,GPU-93ae0c7f-c327-aee3-adae-bc0d1dae71ea,0.43,0.4752483308907344,12282.0,6174.0,551.61,NVIDIA GeForce RTX 4070,[N/A],Enabled,Enabled
1709648290.195382,0,GPU-93ae0c7f-c327-aee3-adae-bc0d1dae71ea,0.41,0.4752483308907344,12282.0,6174.0,551.61,NVIDIA GeForce RTX 4070,[N/A],Enabled,Enabled
1709648291.195856,0,GPU-93ae0c7f-c327-aee3-adae-bc0d1dae71ea,0.44,0.4752483308907344,12282.0,6174.0,551.61,NVIDIA GeForce RTX 4070,[N/A],Enabled,Enabled
1709648292.195123,0,GPU-93ae0c7f-c327-aee3-adae-bc0d1dae71ea,0.42,0.4752483308907344,12282.0,6174.0,551.61,NVIDIA GeForce RTX 4070,[N/A],Enabled,Enabled
1709648293.1959,0,GPU-93ae0c7f-c327-aee3-adae-bc0d1dae71ea,0.42,0.4752483308907344,12282.0,6174.0,551.61,NVIDIA GeForce RTX 4070,[N/A],Enabled,Enabled
1709648294.194897,0,GPU-93ae0c7f-c327-aee3-adae-bc0d1dae71ea,0.4,0.4752483308907344,12282.0,6174.0,551.61,NVIDIA GeForce RTX 4070,[N/A],Enabled,Enabled
1709648295.19531,0,GPU-93ae0c7f-c327-aee3-adae-bc0d1dae71ea,0.44,0.4752483308907344,12282.0,6174.0,551.61,NVIDIA GeForce RTX 4070,[N/A],Enabled,Enabled
1709648296.194636,0,GPU-93ae0c7f-c327-aee3-adae-bc0d1dae71ea,0.41,0.4752483308907344,12282.0,6174.0,551.61,NVIDIA GeForce RTX 4070,[N/A],Enabled,Enabled
1709648297.194675,0,GPU-93ae0c7f-c327-aee3-adae-bc0d1dae71ea,0.43,0.4752483308907344,12282.0,6174.0,551.61,NVIDIA GeForce RTX 4070,[N/A],Enabled,Enabled
1709648298.195941,0,GPU-93ae0c7f-c327-aee3-adae-bc0d1dae71ea,0.42,0.4752483308907344,12282.0,6174.0,551.61,NVIDIA GeForce RTX 4070,[N/A],Enabled,Enabled
1709648299.194867,0,GPU-93ae0c7f-c327-aee3-adae-bc0d1dae71ea,0.39,0.4752483308907344,12282.0,6174.0,551.61,NVIDIA GeForce RTX 4070,[N/A],Enabled,Enabled
1709648300.195202,0,GPU-93ae0c7f-c327-aee3-adae-bc0d1dae71ea,0.41,0.4752483308907344,12282.0,6174.0,551.61,NVIDIA GeForce RTX 4070,[N/A],Enabled,Enabled
1709648301.196052,0,GPU-93ae0c7f-c327-aee3-adae-bc0d1dae71ea,0.42,0.4752483308907344,12282.0,6174.0,551.61,NVIDIA GeForce RTX 4070,[N/A],Enabled,Enabled
1709648302.194417,0,GPU-93ae0c7f-c327-aee3-adae-bc0d1dae71ea,0.41,0.4752483308907344,12282.0,6174.0,551.61,NVIDIA GeForce RTX 4070,[N/A],Enabled,Enabled
1709648303.19491,0,GPU-93ae0c7f-c327-aee3-adae-bc0d1dae71ea,0.44,0.4752483308907344,12282.0,6174.0,551.61,NVIDIA GeForce RTX 4070,[N/A],Enabled,Enabled
1709648304.194355,0,GPU-93ae0c7f-c327-aee3-adae-bc0d1dae71ea,0.42,0.4752483308907344,12282.0,6174.0,551.61,NVIDIA GeForce RTX 4070,[N/A],Enabled,Enabled
1709648305.195001,0,GPU-93ae0c7f-c327-aee3-adae-bc0d1dae71ea,0.43,0.4752483308907344,12282.0,6174.0,551.61,NVIDIA GeForce RTX 4070,[N/A],Enabled,Enabled
1709648306.195145,0,GPU-93ae0c7f-c327-aee3-adae-bc0d1dae71ea,0.42,0.4752483308907344,12282.0,6174.0,551.61,NVIDIA GeForce RTX 4070,[N/A],Enabled,Enabled
1709648307.194732,0,GPU-93ae0c7f-c327-aee3-adae-bc0d1dae71ea,0.44,0.4752483308907344,12282.0,6174.0,551.61,NVIDIA GeForce RTX 4070,[N/A],Enabled,Enabled
1709648308.194829,0,GPU-93ae0c7f-c327-aee3-adae-bc0d1dae71ea,0.41,0.4752483308907344,12282.0,6174.0,551.61,NVIDIA GeForce RTX 4070,[N/A],Enabled,Enabled
1709648309.195054,0,GPU-93ae0c7f-c327-aee3-adae-bc0d1dae71ea,0.4,0.4752483308907344,12282.0,6174.0,551.61,NVIDIA GeForce RTX 4070,[N/A],Enabled,Enabled
1709648310.195482,0,GPU-93ae0c7f-c327-aee3-adae-bc0d1dae71ea,0.42,0.4752483308907344,12282.0,6174.0,551.61,NVIDIA GeForce RTX 4070,[N/A],Enabled,Enabled
1709648311.194793,0,GPU-93ae0c7f-c327-aee3-adae-bc0d1dae71ea,0.44,0.4752483308907344,12282.0,6174.0,551.61,NVIDIA GeForce RTX 4070,[N/A],Enabled,Enabled
1709648312.194609,0,GPU-93ae0c7f-c327-aee3-adae-bc0d1dae71ea,0.41,0.4752483308907344,12282.0,6174.0,551.61,NVIDIA GeForce RTX 4070,[N/A],Enabled,Enabled
1709648313.19534,0,GPU-93ae0c7f-c327-aee3-adae-bc0d1dae71ea,0.44,0.4752483308907344,12282.0,6174.0,551.61,NVIDIA GeForce RTX 4070,[N/A],Enabled,Enabled
1709648314.196086,0,GPU-93ae0c7f-c327-aee3-adae-bc0d1dae71ea,0.41,0.4752483308907344,12282.0,6174.0,551.61,NVIDIA GeForce RTX 4070,[N/A],Enabled,Enabled
1709648315.194722,0,GPU-93ae0c7f-c327-aee3-adae-bc0d1dae71ea,0.42,0.4752483308907344,12282.0,6174.0,551.61,NVIDIA GeForce RTX 4070,[N/A],Enabled,Enabled
1709648316.195205,0,GPU-93ae0c7f-c327-aee3-adae-bc0d1dae71ea,0.4,0.4752483308907344,12282.0,6174.0,551.61,NVIDIA GeForce RTX 4070,[N/A],Enabled,Enabled
1709648317.19508,0,GPU-93ae0c7f-c327-aee3-adae-bc0d1dae71ea,0.43,0.4752483308907344,12282.0,6174.0,551.61,NVIDIA GeForce RTX 4070,[N/A],Enabled,Enabled
1709648318.195152,0,GPU-93ae0c7f-c327-aee3-adae-bc0d1dae71ea,0.41,0.4752483308907344,12282.0,6174.0,551.61,NVIDIA GeForce RTX 4070,[N/A],Enabled,Enabled
1709648319.195631,0,GPU-93ae0c7f-c327-aee3-adae-bc0d1dae71ea,0.43,0.4752483308907344,12282.0,6174.0,551.61,NVIDIA GeForce RTX 4070,[N/A],Enabled,Enabled
1709648320.194539,0,GPU-93ae0c7f-c327-aee3-adae-bc0d1dae71ea,0.4,0.4752483308907344,12282.0,6174.0,551.61,NVIDIA GeForce RTX 4070,[N/A],Enabled,Enabled
1709648321.195274,0,GPU-93ae0c7f-c327-aee3-adae-bc0d1dae71ea,0.43,0.4752483308907344,12282.0,6174.0,551.61,NVIDIA GeForce RTX 4070,[N/A],Enabled,Enabled
1709648322.194571,0,GPU-93ae0c7f-c327-aee3-adae-bc0d1dae71ea,0.41,0.4752483308907344,12282.0,6174.0,551.61,NVIDIA GeForce RTX 4070,[N/A],Enabled,Enabled
1709648323.195213,0,GPU-93ae0c7f-c327-aee3-adae-bc0d1dae71ea,0.41,0.4752483308907344,12282.0,6174.0,551.61,NVIDIA GeForce RTX 4070,[N/A],Enabled,Enabled
1709648324.195528,0,GPU-93ae0c7f-c327-aee3-adae-bc0d1dae71ea,0.4,0.4752483308907344,12282.0,6174.0,551.61,NVIDIA GeForce RTX 4070,[N/A],Enabled,Enabled
1709648325.19542,0,GPU-93ae0c7f-c327-aee3-adae-bc0d1dae71ea,0.44,0.4752483308907344,12282.0,6174.0,551.61,NVIDIA GeForce RTX 4070,[N/A],Enabled,Enabled
1709648326.194885,0,GPU-93ae0c7f-c327-aee3-adae-bc0d1dae71ea,0.4,0.4752483308907344,12282.0,6174.0,551.61,NVIDIA GeForce RTX 4070,[N/A],Enabled,Enabled
1709648327.19614,0,GPU-93ae0c7f-c327-aee3-adae-bc0d1dae71ea,0.38,0.4752483308907344,12282.0,6174.0,551.61,NVIDIA GeForce RTX 4070,[N/A],Enabled,Enabled
1709648328.194542,0,GPU-93ae0c7f-c327-aee3-adae-bc0d1dae71ea,0.4,0.4752483308907344,12282.0,6174.0,551.61,NVIDIA GeForce RTX 4070,[N/A],Enabled,Enabled
1709648329.195085,0,GPU-93ae0c7f-c327-aee3-adae-bc0d1dae71ea,0.43,0.4752483308907344,12282.0,6174.0,551.61,NVIDIA GeForce RTX 4070,[N/A],Enabled,Enabled
1709648330.195262,0,GPU-93ae0c7f-c327-aee3-adae-bc0d1dae71ea,0.41,0.4752483308907344,12282.0,6174.0,551.61,NVIDIA GeForce RTX 4070,[N/A],Enabled,Enabled
1709648331.195018,0,GPU-93ae0c7f-c327-aee3-adae-bc0d1dae71ea,0.43,0.4752483308907344,12282.0,6174.0,551.61,NVIDIA GeForce RTX 4070,[N/A],Enabled,Enabled
1709648332.194984,0,GPU-93ae0c7f-c327-aee3-adae-bc0d1dae71ea,0.41,0.4752483308907344,12282.0,6174.0,551.61,NVIDIA GeForce RTX 4070,[N/A],Enabled,Enabled
1709648333.195127,0,GPU-93ae0c7f-c327-aee3-adae-bc0d1dae71ea,0.43,0.4752483308907344,12282.0,6174.0,551.61,NVIDIA GeForce RTX 4070,[N/A],Enabled,Enabled
1709648334.194795,0,GPU-93ae0c7f-c327-aee3-adae-bc0d1dae71ea,0.41,0.4752483308907344,12282.0,6174.0,551.61,NVIDIA GeForce RTX 4070,[N/A],Enabled,Enabled
1709648335.194582,0,GPU-93ae0c7f-c327-aee3-adae-bc0d1dae71ea,0.43,0.4752483308907344,12282.0,6174.0,551.61,NVIDIA GeForce RTX 4070,[N/A],Enabled,Enabled
1709648336.195273,0,GPU-93ae0c7f-c327-aee3-adae-bc0d1dae71ea,0.4,0.4752483308907344,12282.0,6174.0,551.61,NVIDIA GeForce RTX 4070,[N/A],Enabled,Enabled
1709648337.19524,0,GPU-93ae0c7f-c327-aee3-adae-bc0d1dae71ea,0.41,0.4752483308907344,12282.0,6174.0,551.61,NVIDIA GeForce RTX 4070,[N/A],Enabled,Enabled
1709648338.194708,0,GPU-93ae0c7f-c327-aee3-adae-bc0d1dae71ea,0.37,0.4752483308907344,12282.0,6174.0,551.61,NVIDIA GeForce RTX 4070,[N/A],Enabled,Enabled
1709648339.195291,0,GPU-93ae0c7f-c327-aee3-adae-bc0d1dae71ea,0.39,0.4752483308907344,12282.0,6174.0,551.61,NVIDIA GeForce RTX 4070,[N/A],Enabled,Enabled
1709648340.1947,0,GPU-93ae0c7f-c327-aee3-adae-bc0d1dae71ea,0.42,0.4752483308907344,12282.0,6174.0,551.61,NVIDIA GeForce RTX 4070,[N/A],Enabled,Enabled
1709648341.19456,0,GPU-93ae0c7f-c327-aee3-adae-bc0d1dae71ea,0.43,0.4752483308907344,12282.0,6174.0,551.61,NVIDIA GeForce RTX 4070,[N/A],Enabled,Enabled
1709648342.195424,0,GPU-93ae0c7f-c327-aee3-adae-bc0d1dae71ea,0.4,0.4752483308907344,12282.0,6174.0,551.61,NVIDIA GeForce RTX 4070,[N/A],Enabled,Enabled
1709648343.195045,0,GPU-93ae0c7f-c327-aee3-adae-bc0d1dae71ea,0.41,0.4752483308907344,12282.0,6174.0,551.61,NVIDIA GeForce RTX 4070,[N/A],Enabled,Enabled
1709648344.195405,0,GPU-93ae0c7f-c327-aee3-adae-bc0d1dae71ea,0.39,0.4752483308907344,12282.0,6174.0,551.61,NVIDIA GeForce RTX 4070,[N/A],Enabled,Enabled
1709648345.194639,0,GPU-93ae0c7f-c327-aee3-adae-bc0d1dae71ea,0.43,0.4752483308907344,12282.0,6174.0,551.61,NVIDIA GeForce RTX 4070,[N/A],Enabled,Enabled
1709648346.195364,0,GPU-93ae0c7f-c327-aee3-adae-bc0d1dae71ea,0.41,0.4752483308907344,12282.0,6174.0,551.61,NVIDIA GeForce RTX 4070,[N/A],Enabled,Enabled
1709648347.195229,0,GPU-93ae0c7f-c327-aee3-adae-bc0d1dae71ea,0.4,0.4752483308907344,12282.0,6174.0,551.61,NVIDIA GeForce RTX 4070,[N/A],Enabled,Enabled
1709648348.195444,0,GPU-93ae0c7f-c327-aee3-adae-bc0d1dae71ea,0.4,0.4752483308907344,12282.0,6174.0,551.61,NVIDIA GeForce RTX 4070,[N/A],Enabled,Enabled
1709648349.195022,0,GPU-93ae0c7f-c327-aee3-adae-bc0d1dae71ea,0.4,0.4752483308907344,12282.0,6174.0,551.61,NVIDIA GeForce RTX 4070,[N/A],Enabled,Enabled
1709648350.19493,0,GPU-93ae0c7f-c327-aee3-adae-bc0d1dae71ea,0.4,0.4752483308907344,12282.0,6174.0,551.61,NVIDIA GeForce RTX 4070,[N/A],Enabled,Enabled
1709648351.194503,0,GPU-93ae0c7f-c327-aee3-adae-bc0d1dae71ea,0.43,0.4752483308907344,12282.0,6174.0,551.61,NVIDIA GeForce RTX 4070,[N/A],Enabled,Enabled
1709648352.195251,0,GPU-93ae0c7f-c327-aee3-adae-bc0d1dae71ea,0.41,0.4752483308907344,12282.0,6174.0,551.61,NVIDIA GeForce RTX 4070,[N/A],Enabled,Enabled
1709648353.194939,0,GPU-93ae0c7f-c327-aee3-adae-bc0d1dae71ea,0.42,0.4752483308907344,12282.0,6174.0,551.61,NVIDIA GeForce RTX 4070,[N/A],Enabled,Enabled
1709648354.195234,0,GPU-93ae0c7f-c327-aee3-adae-bc0d1dae71ea,0.39,0.4752483308907344,12282.0,6174.0,551.61,NVIDIA GeForce RTX 4070,[N/A],Enabled,Enabled
1709648355.194646,0,GPU-93ae0c7f-c327-aee3-adae-bc0d1dae71ea,0.43,0.4752483308907344,12282.0,6174.0,551.61,NVIDIA GeForce RTX 4070,[N/A],Enabled,Enabled
1709648356.195467,0,GPU-93ae0c7f-c327-aee3-adae-bc0d1dae71ea,0.39,0.4751669109265592,12282.0,6175.0,551.61,NVIDIA GeForce RTX 4070,[N/A],Enabled,Enabled
1709648357.194855,0,GPU-93ae0c7f-c327-aee3-adae-bc0d1dae71ea,0.39,0.4745969711773327,12282.0,6182.0,551.61,NVIDIA GeForce RTX 4070,[N/A],Enabled,Enabled
1709648358.19434,0,GPU-93ae0c7f-c327-aee3-adae-bc0d1dae71ea,0.39,0.4745969711773327,12282.0,6182.0,551.61,NVIDIA GeForce RTX 4070,[N/A],Enabled,Enabled
1709648359.195017,0,GPU-93ae0c7f-c327-aee3-adae-bc0d1dae71ea,0.43,0.4745969711773327,12282.0,6182.0,551.61,NVIDIA GeForce RTX 4070,[N/A],Enabled,Enabled
1709648360.194499,0,GPU-93ae0c7f-c327-aee3-adae-bc0d1dae71ea,0.4,0.4745969711773327,12282.0,6182.0,551.61,NVIDIA GeForce RTX 4070,[N/A],Enabled,Enabled
1709648361.194908,0,GPU-93ae0c7f-c327-aee3-adae-bc0d1dae71ea,0.38,0.4745969711773327,12282.0,6182.0,551.61,NVIDIA GeForce RTX 4070,[N/A],Enabled,Enabled
1709648362.19541,0,GPU-93ae0c7f-c327-aee3-adae-bc0d1dae71ea,0.4,0.4745969711773327,12282.0,6182.0,551.61,NVIDIA GeForce RTX 4070,[N/A],Enabled,Enabled
1709648363.194586,0,GPU-93ae0c7f-c327-aee3-adae-bc0d1dae71ea,0.37,0.47443413124898226,12282.0,6184.0,551.61,NVIDIA GeForce RTX 4070,[N/A],Enabled,Enabled
1709648364.19541,0,GPU-93ae0c7f-c327-aee3-adae-bc0d1dae71ea,0.35,0.47443413124898226,12282.0,6184.0,551.61,NVIDIA GeForce RTX 4070,[N/A],Enabled,Enabled
1709648365.19516,0,GPU-93ae0c7f-c327-aee3-adae-bc0d1dae71ea,0.32,0.47134017261032407,12282.0,6222.0,551.61,NVIDIA GeForce RTX 4070,[N/A],Enabled,Enabled
1709648366.195783,0,GPU-93ae0c7f-c327-aee3-adae-bc0d1dae71ea,0.32,0.47134017261032407,12282.0,6222.0,551.61,NVIDIA GeForce RTX 4070,[N/A],Enabled,Enabled
1709648367.194915,0,GPU-93ae0c7f-c327-aee3-adae-bc0d1dae71ea,0.32,0.47134017261032407,12282.0,6222.0,551.61,NVIDIA GeForce RTX 4070,[N/A],Enabled,Enabled
1709648368.194723,0,GPU-93ae0c7f-c327-aee3-adae-bc0d1dae71ea,0.3,0.46669923465233676,12282.0,6279.0,551.61,NVIDIA GeForce RTX 4070,[N/A],Enabled,Enabled
1709648369.19448,0,GPU-93ae0c7f-c327-aee3-adae-bc0d1dae71ea,0.29,0.47134017261032407,12282.0,6222.0,551.61,NVIDIA GeForce RTX 4070,[N/A],Enabled,Enabled
1709648370.195177,0,GPU-93ae0c7f-c327-aee3-adae-bc0d1dae71ea,0.28,0.46669923465233676,12282.0,6279.0,551.61,NVIDIA GeForce RTX 4070,[N/A],Enabled,Enabled
1709648371.195954,0,GPU-93ae0c7f-c327-aee3-adae-bc0d1dae71ea,0.27,0.46669923465233676,12282.0,6279.0,551.61,NVIDIA GeForce RTX 4070,[N/A],Enabled,Enabled
1709648372.195481,0,GPU-93ae0c7f-c327-aee3-adae-bc0d1dae71ea,0.28,0.46669923465233676,12282.0,6279.0,551.61,NVIDIA GeForce RTX 4070,[N/A],Enabled,Enabled
1709648373.195228,0,GPU-93ae0c7f-c327-aee3-adae-bc0d1dae71ea,0.29,0.46669923465233676,12282.0,6279.0,551.61,NVIDIA GeForce RTX 4070,[N/A],Enabled,Enabled
1709648374.194982,0,GPU-93ae0c7f-c327-aee3-adae-bc0d1dae71ea,0.28,0.46661781468816155,12282.0,6280.0,551.61,NVIDIA GeForce RTX 4070,[N/A],Enabled,Enabled
1709648375.195304,0,GPU-93ae0c7f-c327-aee3-adae-bc0d1dae71ea,0.29,0.46661781468816155,12282.0,6280.0,551.61,NVIDIA GeForce RTX 4070,[N/A],Enabled,Enabled
1709648376.194678,0,GPU-93ae0c7f-c327-aee3-adae-bc0d1dae71ea,0.29,0.46661781468816155,12282.0,6280.0,551.61,NVIDIA GeForce RTX 4070,[N/A],Enabled,Enabled
1709648377.194788,0,GPU-93ae0c7f-c327-aee3-adae-bc0d1dae71ea,0.29,0.46661781468816155,12282.0,6280.0,551.61,NVIDIA GeForce RTX 4070,[N/A],Enabled,Enabled
1709648378.195471,0,GPU-93ae0c7f-c327-aee3-adae-bc0d1dae71ea,0.29,0.46661781468816155,12282.0,6280.0,551.61,NVIDIA GeForce RTX 4070,[N/A],Enabled,Enabled
1709648379.195563,0,GPU-93ae0c7f-c327-aee3-adae-bc0d1dae71ea,0.29,0.46661781468816155,12282.0,6280.0,551.61,NVIDIA GeForce RTX 4070,[N/A],Enabled,Enabled
1709648380.194439,0,GPU-93ae0c7f-c327-aee3-adae-bc0d1dae71ea,0.29,0.46661781468816155,12282.0,6280.0,551.61,NVIDIA GeForce RTX 4070,[N/A],Enabled,Enabled
1709648381.195155,0,GPU-93ae0c7f-c327-aee3-adae-bc0d1dae71ea,0.3,0.46661781468816155,12282.0,6280.0,551.61,NVIDIA GeForce RTX 4070,[N/A],Enabled,Enabled
1709648382.194868,0,GPU-93ae0c7f-c327-aee3-adae-bc0d1dae71ea,0.29,0.46661781468816155,12282.0,6280.0,551.61,NVIDIA GeForce RTX 4070,[N/A],Enabled,Enabled
1709648383.195401,0,GPU-93ae0c7f-c327-aee3-adae-bc0d1dae71ea,0.3,0.46661781468816155,12282.0,6280.0,551.61,NVIDIA GeForce RTX 4070,[N/A],Enabled,Enabled
1709648384.195417,0,GPU-93ae0c7f-c327-aee3-adae-bc0d1dae71ea,0.29,0.46661781468816155,12282.0,6280.0,551.61,NVIDIA GeForce RTX 4070,[N/A],Enabled,Enabled
1709648385.195408,0,GPU-93ae0c7f-c327-aee3-adae-bc0d1dae71ea,0.3,0.46661781468816155,12282.0,6280.0,551.61,NVIDIA GeForce RTX 4070,[N/A],Enabled,Enabled
1709648386.195184,0,GPU-93ae0c7f-c327-aee3-adae-bc0d1dae71ea,0.29,0.46661781468816155,12282.0,6280.0,551.61,NVIDIA GeForce RTX 4070,[N/A],Enabled,Enabled
1709648387.194945,0,GPU-93ae0c7f-c327-aee3-adae-bc0d1dae71ea,0.3,0.46661781468816155,12282.0,6280.0,551.61,NVIDIA GeForce RTX 4070,[N/A],Enabled,Enabled
1709648388.194723,0,GPU-93ae0c7f-c327-aee3-adae-bc0d1dae71ea,0.29,0.46661781468816155,12282.0,6280.0,551.61,NVIDIA GeForce RTX 4070,[N/A],Enabled,Enabled
1709648389.195131,0,GPU-93ae0c7f-c327-aee3-adae-bc0d1dae71ea,0.3,0.46661781468816155,12282.0,6280.0,551.61,NVIDIA GeForce RTX 4070,[N/A],Enabled,Enabled
1709648390.194878,0,GPU-93ae0c7f-c327-aee3-adae-bc0d1dae71ea,0.3,0.46661781468816155,12282.0,6280.0,551.61,NVIDIA GeForce RTX 4070,[N/A],Enabled,Enabled
1709648391.195854,0,GPU-93ae0c7f-c327-aee3-adae-bc0d1dae71ea,0.15,0.26819736199316074,12282.0,8717.0,551.61,NVIDIA GeForce RTX 4070,[N/A],Enabled,Enabled
1709648392.195991,0,GPU-93ae0c7f-c327-aee3-adae-bc0d1dae71ea,0.17,0.26819736199316074,12282.0,8717.0,551.61,NVIDIA GeForce RTX 4070,[N/A],Enabled,Enabled
1709648393.194712,0,GPU-93ae0c7f-c327-aee3-adae-bc0d1dae71ea,0.17,0.26811594202898553,12282.0,8718.0,551.61,NVIDIA GeForce RTX 4070,[N/A],Enabled,Enabled
1709648394.195291,0,GPU-93ae0c7f-c327-aee3-adae-bc0d1dae71ea,0.17,0.26803452206481027,12282.0,8719.0,551.61,NVIDIA GeForce RTX 4070,[N/A],Enabled,Enabled
