timestamp,id,uuid,load,memoryUtil,memoryTotal,memoryUsed,memoryFree,driver,name,serial,display_mode,display_active
1709249669.060723,0,GPU-93ae0c7f-c327-aee3-adae-bc0d1dae71ea,0.14,0.23489659664549747,12282.0,9126.0,551.52,NVIDIA GeForce RTX 4070,[N/A],Enabled,Enabled
1709249670.05711,0,GPU-93ae0c7f-c327-aee3-adae-bc0d1dae71ea,0.14,0.23489659664549747,12282.0,9126.0,551.52,NVIDIA GeForce RTX 4070,[N/A],Enabled,Enabled
1709249671.057229,0,GPU-93ae0c7f-c327-aee3-adae-bc0d1dae71ea,0.14,0.23489659664549747,12282.0,9126.0,551.52,NVIDIA GeForce RTX 4070,[N/A],Enabled,Enabled
1709249672.057566,0,GPU-93ae0c7f-c327-aee3-adae-bc0d1dae71ea,0.14,0.23489659664549747,12282.0,9126.0,551.52,NVIDIA GeForce RTX 4070,[N/A],Enabled,Enabled
1709249673.057211,0,GPU-93ae0c7f-c327-aee3-adae-bc0d1dae71ea,0.14,0.23489659664549747,12282.0,9126.0,551.52,NVIDIA GeForce RTX 4070,[N/A],Enabled,Enabled
1709249674.057895,0,GPU-93ae0c7f-c327-aee3-adae-bc0d1dae71ea,0.14,0.23489659664549747,12282.0,9126.0,551.52,NVIDIA GeForce RTX 4070,[N/A],Enabled,Enabled
1709249675.057246,0,GPU-93ae0c7f-c327-aee3-adae-bc0d1dae71ea,0.14,0.23489659664549747,12282.0,9126.0,551.52,NVIDIA GeForce RTX 4070,[N/A],Enabled,Enabled
1709249676.058195,0,GPU-93ae0c7f-c327-aee3-adae-bc0d1dae71ea,0.14,0.23489659664549747,12282.0,9126.0,551.52,NVIDIA GeForce RTX 4070,[N/A],Enabled,Enabled
1709249677.057694,0,GPU-93ae0c7f-c327-aee3-adae-bc0d1dae71ea,0.14,0.23489659664549747,12282.0,9126.0,551.52,NVIDIA GeForce RTX 4070,[N/A],Enabled,Enabled
1709249678.057523,0,GPU-93ae0c7f-c327-aee3-adae-bc0d1dae71ea,0.14,0.23489659664549747,12282.0,9126.0,551.52,NVIDIA GeForce RTX 4070,[N/A],Enabled,Enabled
1709249679.057859,0,GPU-93ae0c7f-c327-aee3-adae-bc0d1dae71ea,0.14,0.23489659664549747,12282.0,9126.0,551.52,NVIDIA GeForce RTX 4070,[N/A],Enabled,Enabled
1709249680.057993,0,GPU-93ae0c7f-c327-aee3-adae-bc0d1dae71ea,0.14,0.23489659664549747,12282.0,9126.0,551.52,NVIDIA GeForce RTX 4070,[N/A],Enabled,Enabled
1709249681.057782,0,GPU-93ae0c7f-c327-aee3-adae-bc0d1dae71ea,0.14,0.23489659664549747,12282.0,9126.0,551.52,NVIDIA GeForce RTX 4070,[N/A],Enabled,Enabled
1709249682.058108,0,GPU-93ae0c7f-c327-aee3-adae-bc0d1dae71ea,0.14,0.23489659664549747,12282.0,9126.0,551.52,NVIDIA GeForce RTX 4070,[N/A],Enabled,Enabled
1709249683.05716,0,GPU-93ae0c7f-c327-aee3-adae-bc0d1dae71ea,0.14,0.23489659664549747,12282.0,9126.0,551.52,NVIDIA GeForce RTX 4070,[N/A],Enabled,Enabled
1709249684.057022,0,GPU-93ae0c7f-c327-aee3-adae-bc0d1dae71ea,0.15,0.23391955707539488,12282.0,9138.0,551.52,NVIDIA GeForce RTX 4070,[N/A],Enabled,Enabled
1709249685.057404,0,GPU-93ae0c7f-c327-aee3-adae-bc0d1dae71ea,0.16,0.23921185474678391,12282.0,9073.0,551.52,NVIDIA GeForce RTX 4070,[N/A],Enabled,Enabled
1709249686.057516,0,GPU-93ae0c7f-c327-aee3-adae-bc0d1dae71ea,0.22,0.3424523693209575,12282.0,7805.0,551.52,NVIDIA GeForce RTX 4070,[N/A],Enabled,Enabled
1709249687.0574,0,GPU-93ae0c7f-c327-aee3-adae-bc0d1dae71ea,0.08,0.3072789447972643,12282.0,8237.0,551.52,NVIDIA GeForce RTX 4070,[N/A],Enabled,Enabled
1709249688.057884,0,GPU-93ae0c7f-c327-aee3-adae-bc0d1dae71ea,0.08,0.3072789447972643,12282.0,8237.0,551.52,NVIDIA GeForce RTX 4070,[N/A],Enabled,Enabled
1709249689.058279,0,GPU-93ae0c7f-c327-aee3-adae-bc0d1dae71ea,0.08,0.3071975248330891,12282.0,8238.0,551.52,NVIDIA GeForce RTX 4070,[N/A],Enabled,Enabled
1709249690.057153,0,GPU-93ae0c7f-c327-aee3-adae-bc0d1dae71ea,0.06,0.23685067578570265,12282.0,9102.0,551.52,NVIDIA GeForce RTX 4070,[N/A],Enabled,Enabled
1709249691.058005,0,GPU-93ae0c7f-c327-aee3-adae-bc0d1dae71ea,0.33,0.4102751994789122,12282.0,6972.0,551.52,NVIDIA GeForce RTX 4070,[N/A],Enabled,Enabled
1709249692.057189,0,GPU-93ae0c7f-c327-aee3-adae-bc0d1dae71ea,0.31,0.4355153883732291,12282.0,6662.0,551.52,NVIDIA GeForce RTX 4070,[N/A],Enabled,Enabled
1709249693.057192,0,GPU-93ae0c7f-c327-aee3-adae-bc0d1dae71ea,0.3,0.4355153883732291,12282.0,6662.0,551.52,NVIDIA GeForce RTX 4070,[N/A],Enabled,Enabled
1709249694.057533,0,GPU-93ae0c7f-c327-aee3-adae-bc0d1dae71ea,0.28,0.4307930304510666,12282.0,6720.0,551.52,NVIDIA GeForce RTX 4070,[N/A],Enabled,Enabled
1709249695.057553,0,GPU-93ae0c7f-c327-aee3-adae-bc0d1dae71ea,0.29,0.4307930304510666,12282.0,6720.0,551.52,NVIDIA GeForce RTX 4070,[N/A],Enabled,Enabled
1709249696.057314,0,GPU-93ae0c7f-c327-aee3-adae-bc0d1dae71ea,0.3,0.4307930304510666,12282.0,6720.0,551.52,NVIDIA GeForce RTX 4070,[N/A],Enabled,Enabled
1709249697.057168,0,GPU-93ae0c7f-c327-aee3-adae-bc0d1dae71ea,0.33,0.4355153883732291,12282.0,6662.0,551.52,NVIDIA GeForce RTX 4070,[N/A],Enabled,Enabled
1709249698.057611,0,GPU-93ae0c7f-c327-aee3-adae-bc0d1dae71ea,0.19,0.4363295880149813,12282.0,6652.0,551.52,NVIDIA GeForce RTX 4070,[N/A],Enabled,Enabled
1709249699.057649,0,GPU-93ae0c7f-c327-aee3-adae-bc0d1dae71ea,0.32,0.4363295880149813,12282.0,6652.0,551.52,NVIDIA GeForce RTX 4070,[N/A],Enabled,Enabled
1709249700.0583,0,GPU-93ae0c7f-c327-aee3-adae-bc0d1dae71ea,0.29,0.43160723009281876,12282.0,6710.0,551.52,NVIDIA GeForce RTX 4070,[N/A],Enabled,Enabled
1709249701.058318,0,GPU-93ae0c7f-c327-aee3-adae-bc0d1dae71ea,0.31,0.43160723009281876,12282.0,6710.0,551.52,NVIDIA GeForce RTX 4070,[N/A],Enabled,Enabled
1709249702.057525,0,GPU-93ae0c7f-c327-aee3-adae-bc0d1dae71ea,0.26,0.4363295880149813,12282.0,6652.0,551.52,NVIDIA GeForce RTX 4070,[N/A],Enabled,Enabled
1709249703.058504,0,GPU-93ae0c7f-c327-aee3-adae-bc0d1dae71ea,0.3,0.43168865005699397,12282.0,6709.0,551.52,NVIDIA GeForce RTX 4070,[N/A],Enabled,Enabled
1709249704.056903,0,GPU-93ae0c7f-c327-aee3-adae-bc0d1dae71ea,0.32,0.4364110079791565,12282.0,6651.0,551.52,NVIDIA GeForce RTX 4070,[N/A],Enabled,Enabled
1709249705.057145,0,GPU-93ae0c7f-c327-aee3-adae-bc0d1dae71ea,0.32,0.4364110079791565,12282.0,6651.0,551.52,NVIDIA GeForce RTX 4070,[N/A],Enabled,Enabled
1709249706.057593,0,GPU-93ae0c7f-c327-aee3-adae-bc0d1dae71ea,0.28,0.4364110079791565,12282.0,6651.0,551.52,NVIDIA GeForce RTX 4070,[N/A],Enabled,Enabled
1709249707.057988,0,GPU-93ae0c7f-c327-aee3-adae-bc0d1dae71ea,0.33,0.4364110079791565,12282.0,6651.0,551.52,NVIDIA GeForce RTX 4070,[N/A],Enabled,Enabled
1709249708.057825,0,GPU-93ae0c7f-c327-aee3-adae-bc0d1dae71ea,0.32,0.4364110079791565,12282.0,6651.0,551.52,NVIDIA GeForce RTX 4070,[N/A],Enabled,Enabled
1709249709.057486,0,GPU-93ae0c7f-c327-aee3-adae-bc0d1dae71ea,0.3,0.4364110079791565,12282.0,6651.0,551.52,NVIDIA GeForce RTX 4070,[N/A],Enabled,Enabled
1709249710.058614,0,GPU-93ae0c7f-c327-aee3-adae-bc0d1dae71ea,0.29,0.43168865005699397,12282.0,6709.0,551.52,NVIDIA GeForce RTX 4070,[N/A],Enabled,Enabled
1709249711.05715,0,GPU-93ae0c7f-c327-aee3-adae-bc0d1dae71ea,0.3,0.43168865005699397,12282.0,6709.0,551.52,NVIDIA GeForce RTX 4070,[N/A],Enabled,Enabled
1709249712.058642,0,GPU-93ae0c7f-c327-aee3-adae-bc0d1dae71ea,0.32,0.4364110079791565,12282.0,6651.0,551.52,NVIDIA GeForce RTX 4070,[N/A],Enabled,Enabled
1709249713.057858,0,GPU-93ae0c7f-c327-aee3-adae-bc0d1dae71ea,0.31,0.4364110079791565,12282.0,6651.0,551.52,NVIDIA GeForce RTX 4070,[N/A],Enabled,Enabled
1709249714.05772,0,GPU-93ae0c7f-c327-aee3-adae-bc0d1dae71ea,0.27,0.43372414916137436,12282.0,6684.0,551.52,NVIDIA GeForce RTX 4070,[N/A],Enabled,Enabled
1709249715.058024,0,GPU-93ae0c7f-c327-aee3-adae-bc0d1dae71ea,0.42,0.44015632633121643,12282.0,6605.0,551.52,NVIDIA GeForce RTX 4070,[N/A],Enabled,Enabled
1709249716.05777,0,GPU-93ae0c7f-c327-aee3-adae-bc0d1dae71ea,0.44,0.44015632633121643,12282.0,6605.0,551.52,NVIDIA GeForce RTX 4070,[N/A],Enabled,Enabled
1709249717.0577,0,GPU-93ae0c7f-c327-aee3-adae-bc0d1dae71ea,0.4,0.44015632633121643,12282.0,6605.0,551.52,NVIDIA GeForce RTX 4070,[N/A],Enabled,Enabled
1709249718.05795,0,GPU-93ae0c7f-c327-aee3-adae-bc0d1dae71ea,0.42,0.44015632633121643,12282.0,6605.0,551.52,NVIDIA GeForce RTX 4070,[N/A],Enabled,Enabled
1709249719.057439,0,GPU-93ae0c7f-c327-aee3-adae-bc0d1dae71ea,0.42,0.44015632633121643,12282.0,6605.0,551.52,NVIDIA GeForce RTX 4070,[N/A],Enabled,Enabled
1709249720.056985,0,GPU-93ae0c7f-c327-aee3-adae-bc0d1dae71ea,0.41,0.44015632633121643,12282.0,6605.0,551.52,NVIDIA GeForce RTX 4070,[N/A],Enabled,Enabled
1709249721.057211,0,GPU-93ae0c7f-c327-aee3-adae-bc0d1dae71ea,0.39,0.44015632633121643,12282.0,6605.0,551.52,NVIDIA GeForce RTX 4070,[N/A],Enabled,Enabled
1709249722.057414,0,GPU-93ae0c7f-c327-aee3-adae-bc0d1dae71ea,0.45,0.44015632633121643,12282.0,6605.0,551.52,NVIDIA GeForce RTX 4070,[N/A],Enabled,Enabled
1709249723.057285,0,GPU-93ae0c7f-c327-aee3-adae-bc0d1dae71ea,0.41,0.44015632633121643,12282.0,6605.0,551.52,NVIDIA GeForce RTX 4070,[N/A],Enabled,Enabled
1709249724.058055,0,GPU-93ae0c7f-c327-aee3-adae-bc0d1dae71ea,0.43,0.44015632633121643,12282.0,6605.0,551.52,NVIDIA GeForce RTX 4070,[N/A],Enabled,Enabled
1709249725.057159,0,GPU-93ae0c7f-c327-aee3-adae-bc0d1dae71ea,0.41,0.44015632633121643,12282.0,6605.0,551.52,NVIDIA GeForce RTX 4070,[N/A],Enabled,Enabled
1709249726.057489,0,GPU-93ae0c7f-c327-aee3-adae-bc0d1dae71ea,0.43,0.44015632633121643,12282.0,6605.0,551.52,NVIDIA GeForce RTX 4070,[N/A],Enabled,Enabled
1709249727.058078,0,GPU-93ae0c7f-c327-aee3-adae-bc0d1dae71ea,0.41,0.44015632633121643,12282.0,6605.0,551.52,NVIDIA GeForce RTX 4070,[N/A],Enabled,Enabled
1709249728.057379,0,GPU-93ae0c7f-c327-aee3-adae-bc0d1dae71ea,0.43,0.44015632633121643,12282.0,6605.0,551.52,NVIDIA GeForce RTX 4070,[N/A],Enabled,Enabled
1709249729.058129,0,GPU-93ae0c7f-c327-aee3-adae-bc0d1dae71ea,0.41,0.44015632633121643,12282.0,6605.0,551.52,NVIDIA GeForce RTX 4070,[N/A],Enabled,Enabled
1709249730.057784,0,GPU-93ae0c7f-c327-aee3-adae-bc0d1dae71ea,0.43,0.44015632633121643,12282.0,6605.0,551.52,NVIDIA GeForce RTX 4070,[N/A],Enabled,Enabled
1709249731.056915,0,GPU-93ae0c7f-c327-aee3-adae-bc0d1dae71ea,0.41,0.44015632633121643,12282.0,6605.0,551.52,NVIDIA GeForce RTX 4070,[N/A],Enabled,Enabled
1709249732.057663,0,GPU-93ae0c7f-c327-aee3-adae-bc0d1dae71ea,0.42,0.44015632633121643,12282.0,6605.0,551.52,NVIDIA GeForce RTX 4070,[N/A],Enabled,Enabled
1709249733.057328,0,GPU-93ae0c7f-c327-aee3-adae-bc0d1dae71ea,0.4,0.44015632633121643,12282.0,6605.0,551.52,NVIDIA GeForce RTX 4070,[N/A],Enabled,Enabled
1709249734.057886,0,GPU-93ae0c7f-c327-aee3-adae-bc0d1dae71ea,0.43,0.44015632633121643,12282.0,6605.0,551.52,NVIDIA GeForce RTX 4070,[N/A],Enabled,Enabled
1709249735.057589,0,GPU-93ae0c7f-c327-aee3-adae-bc0d1dae71ea,0.4,0.44015632633121643,12282.0,6605.0,551.52,NVIDIA GeForce RTX 4070,[N/A],Enabled,Enabled
1709249736.057283,0,GPU-93ae0c7f-c327-aee3-adae-bc0d1dae71ea,0.42,0.44015632633121643,12282.0,6605.0,551.52,NVIDIA GeForce RTX 4070,[N/A],Enabled,Enabled
1709249737.058157,0,GPU-93ae0c7f-c327-aee3-adae-bc0d1dae71ea,0.43,0.44015632633121643,12282.0,6605.0,551.52,NVIDIA GeForce RTX 4070,[N/A],Enabled,Enabled
1709249738.057511,0,GPU-93ae0c7f-c327-aee3-adae-bc0d1dae71ea,0.45,0.44015632633121643,12282.0,6605.0,551.52,NVIDIA GeForce RTX 4070,[N/A],Enabled,Enabled
1709249739.057045,0,GPU-93ae0c7f-c327-aee3-adae-bc0d1dae71ea,0.43,0.44015632633121643,12282.0,6605.0,551.52,NVIDIA GeForce RTX 4070,[N/A],Enabled,Enabled
1709249740.057291,0,GPU-93ae0c7f-c327-aee3-adae-bc0d1dae71ea,0.44,0.44015632633121643,12282.0,6605.0,551.52,NVIDIA GeForce RTX 4070,[N/A],Enabled,Enabled
1709249741.05726,0,GPU-93ae0c7f-c327-aee3-adae-bc0d1dae71ea,0.41,0.44015632633121643,12282.0,6605.0,551.52,NVIDIA GeForce RTX 4070,[N/A],Enabled,Enabled
1709249742.057469,0,GPU-93ae0c7f-c327-aee3-adae-bc0d1dae71ea,0.46,0.44015632633121643,12282.0,6605.0,551.52,NVIDIA GeForce RTX 4070,[N/A],Enabled,Enabled
1709249743.057124,0,GPU-93ae0c7f-c327-aee3-adae-bc0d1dae71ea,0.45,0.44015632633121643,12282.0,6605.0,551.52,NVIDIA GeForce RTX 4070,[N/A],Enabled,Enabled
1709249744.058257,0,GPU-93ae0c7f-c327-aee3-adae-bc0d1dae71ea,0.42,0.44015632633121643,12282.0,6605.0,551.52,NVIDIA GeForce RTX 4070,[N/A],Enabled,Enabled
1709249745.057862,0,GPU-93ae0c7f-c327-aee3-adae-bc0d1dae71ea,0.4,0.44015632633121643,12282.0,6605.0,551.52,NVIDIA GeForce RTX 4070,[N/A],Enabled,Enabled
1709249746.057985,0,GPU-93ae0c7f-c327-aee3-adae-bc0d1dae71ea,0.42,0.44015632633121643,12282.0,6605.0,551.52,NVIDIA GeForce RTX 4070,[N/A],Enabled,Enabled
1709249747.057777,0,GPU-93ae0c7f-c327-aee3-adae-bc0d1dae71ea,0.4,0.44015632633121643,12282.0,6605.0,551.52,NVIDIA GeForce RTX 4070,[N/A],Enabled,Enabled
1709249748.057826,0,GPU-93ae0c7f-c327-aee3-adae-bc0d1dae71ea,0.43,0.44015632633121643,12282.0,6605.0,551.52,NVIDIA GeForce RTX 4070,[N/A],Enabled,Enabled
1709249749.05694,0,GPU-93ae0c7f-c327-aee3-adae-bc0d1dae71ea,0.4,0.44015632633121643,12282.0,6605.0,551.52,NVIDIA GeForce RTX 4070,[N/A],Enabled,Enabled
1709249750.058484,0,GPU-93ae0c7f-c327-aee3-adae-bc0d1dae71ea,0.41,0.44015632633121643,12282.0,6605.0,551.52,NVIDIA GeForce RTX 4070,[N/A],Enabled,Enabled
1709249751.058234,0,GPU-93ae0c7f-c327-aee3-adae-bc0d1dae71ea,0.39,0.44015632633121643,12282.0,6605.0,551.52,NVIDIA GeForce RTX 4070,[N/A],Enabled,Enabled
1709249752.056978,0,GPU-93ae0c7f-c327-aee3-adae-bc0d1dae71ea,0.42,0.44015632633121643,12282.0,6605.0,551.52,NVIDIA GeForce RTX 4070,[N/A],Enabled,Enabled
1709249753.058031,0,GPU-93ae0c7f-c327-aee3-adae-bc0d1dae71ea,0.4,0.44015632633121643,12282.0,6605.0,551.52,NVIDIA GeForce RTX 4070,[N/A],Enabled,Enabled
1709249754.058397,0,GPU-93ae0c7f-c327-aee3-adae-bc0d1dae71ea,0.42,0.44015632633121643,12282.0,6605.0,551.52,NVIDIA GeForce RTX 4070,[N/A],Enabled,Enabled
1709249755.0576,0,GPU-93ae0c7f-c327-aee3-adae-bc0d1dae71ea,0.4,0.44015632633121643,12282.0,6605.0,551.52,NVIDIA GeForce RTX 4070,[N/A],Enabled,Enabled
1709249756.05791,0,GPU-93ae0c7f-c327-aee3-adae-bc0d1dae71ea,0.42,0.44015632633121643,12282.0,6605.0,551.52,NVIDIA GeForce RTX 4070,[N/A],Enabled,Enabled
1709249757.057904,0,GPU-93ae0c7f-c327-aee3-adae-bc0d1dae71ea,0.41,0.44015632633121643,12282.0,6605.0,551.52,NVIDIA GeForce RTX 4070,[N/A],Enabled,Enabled
1709249758.057704,0,GPU-93ae0c7f-c327-aee3-adae-bc0d1dae71ea,0.43,0.44015632633121643,12282.0,6605.0,551.52,NVIDIA GeForce RTX 4070,[N/A],Enabled,Enabled
1709249759.056934,0,GPU-93ae0c7f-c327-aee3-adae-bc0d1dae71ea,0.41,0.44015632633121643,12282.0,6605.0,551.52,NVIDIA GeForce RTX 4070,[N/A],Enabled,Enabled
1709249760.057531,0,GPU-93ae0c7f-c327-aee3-adae-bc0d1dae71ea,0.41,0.44015632633121643,12282.0,6605.0,551.52,NVIDIA GeForce RTX 4070,[N/A],Enabled,Enabled
1709249761.057844,0,GPU-93ae0c7f-c327-aee3-adae-bc0d1dae71ea,0.41,0.44015632633121643,12282.0,6605.0,551.52,NVIDIA GeForce RTX 4070,[N/A],Enabled,Enabled
1709249762.058434,0,GPU-93ae0c7f-c327-aee3-adae-bc0d1dae71ea,0.42,0.44015632633121643,12282.0,6605.0,551.52,NVIDIA GeForce RTX 4070,[N/A],Enabled,Enabled
1709249763.057201,0,GPU-93ae0c7f-c327-aee3-adae-bc0d1dae71ea,0.4,0.44015632633121643,12282.0,6605.0,551.52,NVIDIA GeForce RTX 4070,[N/A],Enabled,Enabled
1709249764.057115,0,GPU-93ae0c7f-c327-aee3-adae-bc0d1dae71ea,0.43,0.44015632633121643,12282.0,6605.0,551.52,NVIDIA GeForce RTX 4070,[N/A],Enabled,Enabled
1709249765.057051,0,GPU-93ae0c7f-c327-aee3-adae-bc0d1dae71ea,0.41,0.44015632633121643,12282.0,6605.0,551.52,NVIDIA GeForce RTX 4070,[N/A],Enabled,Enabled
1709249766.057701,0,GPU-93ae0c7f-c327-aee3-adae-bc0d1dae71ea,0.43,0.44015632633121643,12282.0,6605.0,551.52,NVIDIA GeForce RTX 4070,[N/A],Enabled,Enabled
1709249767.057292,0,GPU-93ae0c7f-c327-aee3-adae-bc0d1dae71ea,0.4,0.44015632633121643,12282.0,6605.0,551.52,NVIDIA GeForce RTX 4070,[N/A],Enabled,Enabled
1709249768.057768,0,GPU-93ae0c7f-c327-aee3-adae-bc0d1dae71ea,0.43,0.44015632633121643,12282.0,6605.0,551.52,NVIDIA GeForce RTX 4070,[N/A],Enabled,Enabled
1709249769.057777,0,GPU-93ae0c7f-c327-aee3-adae-bc0d1dae71ea,0.44,0.44015632633121643,12282.0,6605.0,551.52,NVIDIA GeForce RTX 4070,[N/A],Enabled,Enabled
1709249770.057487,0,GPU-93ae0c7f-c327-aee3-adae-bc0d1dae71ea,0.42,0.44015632633121643,12282.0,6605.0,551.52,NVIDIA GeForce RTX 4070,[N/A],Enabled,Enabled
1709249771.057403,0,GPU-93ae0c7f-c327-aee3-adae-bc0d1dae71ea,0.41,0.44015632633121643,12282.0,6605.0,551.52,NVIDIA GeForce RTX 4070,[N/A],Enabled,Enabled
1709249772.057555,0,GPU-93ae0c7f-c327-aee3-adae-bc0d1dae71ea,0.41,0.44015632633121643,12282.0,6605.0,551.52,NVIDIA GeForce RTX 4070,[N/A],Enabled,Enabled
1709249773.057001,0,GPU-93ae0c7f-c327-aee3-adae-bc0d1dae71ea,0.41,0.44015632633121643,12282.0,6605.0,551.52,NVIDIA GeForce RTX 4070,[N/A],Enabled,Enabled
1709249774.057345,0,GPU-93ae0c7f-c327-aee3-adae-bc0d1dae71ea,0.44,0.44015632633121643,12282.0,6605.0,551.52,NVIDIA GeForce RTX 4070,[N/A],Enabled,Enabled
1709249775.057366,0,GPU-93ae0c7f-c327-aee3-adae-bc0d1dae71ea,0.41,0.44015632633121643,12282.0,6605.0,551.52,NVIDIA GeForce RTX 4070,[N/A],Enabled,Enabled
1709249776.057844,0,GPU-93ae0c7f-c327-aee3-adae-bc0d1dae71ea,0.43,0.44015632633121643,12282.0,6605.0,551.52,NVIDIA GeForce RTX 4070,[N/A],Enabled,Enabled
1709249777.05777,0,GPU-93ae0c7f-c327-aee3-adae-bc0d1dae71ea,0.42,0.4406448461162677,12282.0,6599.0,551.52,NVIDIA GeForce RTX 4070,[N/A],Enabled,Enabled
1709249778.057605,0,GPU-93ae0c7f-c327-aee3-adae-bc0d1dae71ea,0.43,0.4406448461162677,12282.0,6599.0,551.52,NVIDIA GeForce RTX 4070,[N/A],Enabled,Enabled
1709249779.057428,0,GPU-93ae0c7f-c327-aee3-adae-bc0d1dae71ea,0.42,0.4406448461162677,12282.0,6599.0,551.52,NVIDIA GeForce RTX 4070,[N/A],Enabled,Enabled
1709249780.057445,0,GPU-93ae0c7f-c327-aee3-adae-bc0d1dae71ea,0.43,0.4406448461162677,12282.0,6599.0,551.52,NVIDIA GeForce RTX 4070,[N/A],Enabled,Enabled
1709249781.058491,0,GPU-93ae0c7f-c327-aee3-adae-bc0d1dae71ea,0.41,0.4406448461162677,12282.0,6599.0,551.52,NVIDIA GeForce RTX 4070,[N/A],Enabled,Enabled
1709249782.057863,0,GPU-93ae0c7f-c327-aee3-adae-bc0d1dae71ea,0.44,0.4406448461162677,12282.0,6599.0,551.52,NVIDIA GeForce RTX 4070,[N/A],Enabled,Enabled
1709249783.058076,0,GPU-93ae0c7f-c327-aee3-adae-bc0d1dae71ea,0.46,0.4406448461162677,12282.0,6599.0,551.52,NVIDIA GeForce RTX 4070,[N/A],Enabled,Enabled
1709249784.057533,0,GPU-93ae0c7f-c327-aee3-adae-bc0d1dae71ea,0.44,0.4406448461162677,12282.0,6599.0,551.52,NVIDIA GeForce RTX 4070,[N/A],Enabled,Enabled
1709249785.057555,0,GPU-93ae0c7f-c327-aee3-adae-bc0d1dae71ea,0.46,0.4406448461162677,12282.0,6599.0,551.52,NVIDIA GeForce RTX 4070,[N/A],Enabled,Enabled
1709249786.057684,0,GPU-93ae0c7f-c327-aee3-adae-bc0d1dae71ea,0.44,0.4406448461162677,12282.0,6599.0,551.52,NVIDIA GeForce RTX 4070,[N/A],Enabled,Enabled
1709249787.058195,0,GPU-93ae0c7f-c327-aee3-adae-bc0d1dae71ea,0.42,0.4406448461162677,12282.0,6599.0,551.52,NVIDIA GeForce RTX 4070,[N/A],Enabled,Enabled
1709249788.057176,0,GPU-93ae0c7f-c327-aee3-adae-bc0d1dae71ea,0.48,0.4406448461162677,12282.0,6599.0,551.52,NVIDIA GeForce RTX 4070,[N/A],Enabled,Enabled
1709249789.05799,0,GPU-93ae0c7f-c327-aee3-adae-bc0d1dae71ea,0.41,0.4406448461162677,12282.0,6599.0,551.52,NVIDIA GeForce RTX 4070,[N/A],Enabled,Enabled
1709249790.058534,0,GPU-93ae0c7f-c327-aee3-adae-bc0d1dae71ea,0.44,0.4406448461162677,12282.0,6599.0,551.52,NVIDIA GeForce RTX 4070,[N/A],Enabled,Enabled
1709249791.05759,0,GPU-93ae0c7f-c327-aee3-adae-bc0d1dae71ea,0.42,0.4406448461162677,12282.0,6599.0,551.52,NVIDIA GeForce RTX 4070,[N/A],Enabled,Enabled
1709249792.057698,0,GPU-93ae0c7f-c327-aee3-adae-bc0d1dae71ea,0.45,0.4406448461162677,12282.0,6599.0,551.52,NVIDIA GeForce RTX 4070,[N/A],Enabled,Enabled
1709249793.057335,0,GPU-93ae0c7f-c327-aee3-adae-bc0d1dae71ea,0.42,0.4406448461162677,12282.0,6599.0,551.52,NVIDIA GeForce RTX 4070,[N/A],Enabled,Enabled
1709249794.057229,0,GPU-93ae0c7f-c327-aee3-adae-bc0d1dae71ea,0.45,0.4406448461162677,12282.0,6599.0,551.52,NVIDIA GeForce RTX 4070,[N/A],Enabled,Enabled
1709249795.057996,0,GPU-93ae0c7f-c327-aee3-adae-bc0d1dae71ea,0.43,0.4406448461162677,12282.0,6599.0,551.52,NVIDIA GeForce RTX 4070,[N/A],Enabled,Enabled
1709249796.057466,0,GPU-93ae0c7f-c327-aee3-adae-bc0d1dae71ea,0.42,0.4406448461162677,12282.0,6599.0,551.52,NVIDIA GeForce RTX 4070,[N/A],Enabled,Enabled
1709249797.057705,0,GPU-93ae0c7f-c327-aee3-adae-bc0d1dae71ea,0.42,0.4406448461162677,12282.0,6599.0,551.52,NVIDIA GeForce RTX 4070,[N/A],Enabled,Enabled
1709249798.057936,0,GPU-93ae0c7f-c327-aee3-adae-bc0d1dae71ea,0.44,0.4406448461162677,12282.0,6599.0,551.52,NVIDIA GeForce RTX 4070,[N/A],Enabled,Enabled
1709249799.056909,0,GPU-93ae0c7f-c327-aee3-adae-bc0d1dae71ea,0.42,0.4406448461162677,12282.0,6599.0,551.52,NVIDIA GeForce RTX 4070,[N/A],Enabled,Enabled
1709249800.057229,0,GPU-93ae0c7f-c327-aee3-adae-bc0d1dae71ea,0.45,0.4406448461162677,12282.0,6599.0,551.52,NVIDIA GeForce RTX 4070,[N/A],Enabled,Enabled
1709249801.057039,0,GPU-93ae0c7f-c327-aee3-adae-bc0d1dae71ea,0.42,0.4406448461162677,12282.0,6599.0,551.52,NVIDIA GeForce RTX 4070,[N/A],Enabled,Enabled
1709249802.057407,0,GPU-93ae0c7f-c327-aee3-adae-bc0d1dae71ea,0.45,0.4406448461162677,12282.0,6599.0,551.52,NVIDIA GeForce RTX 4070,[N/A],Enabled,Enabled
1709249803.056947,0,GPU-93ae0c7f-c327-aee3-adae-bc0d1dae71ea,0.41,0.4406448461162677,12282.0,6599.0,551.52,NVIDIA GeForce RTX 4070,[N/A],Enabled,Enabled
1709249804.057767,0,GPU-93ae0c7f-c327-aee3-adae-bc0d1dae71ea,0.45,0.4406448461162677,12282.0,6599.0,551.52,NVIDIA GeForce RTX 4070,[N/A],Enabled,Enabled
1709249805.058151,0,GPU-93ae0c7f-c327-aee3-adae-bc0d1dae71ea,0.4,0.4406448461162677,12282.0,6599.0,551.52,NVIDIA GeForce RTX 4070,[N/A],Enabled,Enabled
1709249806.057167,0,GPU-93ae0c7f-c327-aee3-adae-bc0d1dae71ea,0.43,0.4406448461162677,12282.0,6599.0,551.52,NVIDIA GeForce RTX 4070,[N/A],Enabled,Enabled
1709249807.05814,0,GPU-93ae0c7f-c327-aee3-adae-bc0d1dae71ea,0.42,0.4406448461162677,12282.0,6599.0,551.52,NVIDIA GeForce RTX 4070,[N/A],Enabled,Enabled
1709249808.057482,0,GPU-93ae0c7f-c327-aee3-adae-bc0d1dae71ea,0.46,0.4406448461162677,12282.0,6599.0,551.52,NVIDIA GeForce RTX 4070,[N/A],Enabled,Enabled
1709249809.058487,0,GPU-93ae0c7f-c327-aee3-adae-bc0d1dae71ea,0.42,0.4406448461162677,12282.0,6599.0,551.52,NVIDIA GeForce RTX 4070,[N/A],Enabled,Enabled
1709249810.057508,0,GPU-93ae0c7f-c327-aee3-adae-bc0d1dae71ea,0.43,0.4406448461162677,12282.0,6599.0,551.52,NVIDIA GeForce RTX 4070,[N/A],Enabled,Enabled
1709249811.057919,0,GPU-93ae0c7f-c327-aee3-adae-bc0d1dae71ea,0.41,0.4406448461162677,12282.0,6599.0,551.52,NVIDIA GeForce RTX 4070,[N/A],Enabled,Enabled
1709249812.05714,0,GPU-93ae0c7f-c327-aee3-adae-bc0d1dae71ea,0.44,0.4406448461162677,12282.0,6599.0,551.52,NVIDIA GeForce RTX 4070,[N/A],Enabled,Enabled
1709249813.057543,0,GPU-93ae0c7f-c327-aee3-adae-bc0d1dae71ea,0.42,0.4406448461162677,12282.0,6599.0,551.52,NVIDIA GeForce RTX 4070,[N/A],Enabled,Enabled
1709249814.057822,0,GPU-93ae0c7f-c327-aee3-adae-bc0d1dae71ea,0.43,0.4406448461162677,12282.0,6599.0,551.52,NVIDIA GeForce RTX 4070,[N/A],Enabled,Enabled
1709249815.057182,0,GPU-93ae0c7f-c327-aee3-adae-bc0d1dae71ea,0.41,0.4406448461162677,12282.0,6599.0,551.52,NVIDIA GeForce RTX 4070,[N/A],Enabled,Enabled
1709249816.058246,0,GPU-93ae0c7f-c327-aee3-adae-bc0d1dae71ea,0.43,0.4406448461162677,12282.0,6599.0,551.52,NVIDIA GeForce RTX 4070,[N/A],Enabled,Enabled
1709249817.05703,0,GPU-93ae0c7f-c327-aee3-adae-bc0d1dae71ea,0.41,0.4406448461162677,12282.0,6599.0,551.52,NVIDIA GeForce RTX 4070,[N/A],Enabled,Enabled
1709249818.05767,0,GPU-93ae0c7f-c327-aee3-adae-bc0d1dae71ea,0.42,0.4406448461162677,12282.0,6599.0,551.52,NVIDIA GeForce RTX 4070,[N/A],Enabled,Enabled
1709249819.057359,0,GPU-93ae0c7f-c327-aee3-adae-bc0d1dae71ea,0.41,0.4406448461162677,12282.0,6599.0,551.52,NVIDIA GeForce RTX 4070,[N/A],Enabled,Enabled
1709249820.057386,0,GPU-93ae0c7f-c327-aee3-adae-bc0d1dae71ea,0.44,0.4406448461162677,12282.0,6599.0,551.52,NVIDIA GeForce RTX 4070,[N/A],Enabled,Enabled
1709249821.057289,0,GPU-93ae0c7f-c327-aee3-adae-bc0d1dae71ea,0.46,0.4406448461162677,12282.0,6599.0,551.52,NVIDIA GeForce RTX 4070,[N/A],Enabled,Enabled
1709249822.058064,0,GPU-93ae0c7f-c327-aee3-adae-bc0d1dae71ea,0.41,0.4406448461162677,12282.0,6599.0,551.52,NVIDIA GeForce RTX 4070,[N/A],Enabled,Enabled
1709249823.057607,0,GPU-93ae0c7f-c327-aee3-adae-bc0d1dae71ea,0.4,0.4406448461162677,12282.0,6599.0,551.52,NVIDIA GeForce RTX 4070,[N/A],Enabled,Enabled
1709249824.057189,0,GPU-93ae0c7f-c327-aee3-adae-bc0d1dae71ea,0.4,0.4406448461162677,12282.0,6599.0,551.52,NVIDIA GeForce RTX 4070,[N/A],Enabled,Enabled
1709249825.057766,0,GPU-93ae0c7f-c327-aee3-adae-bc0d1dae71ea,0.4,0.4406448461162677,12282.0,6599.0,551.52,NVIDIA GeForce RTX 4070,[N/A],Enabled,Enabled
1709249826.057437,0,GPU-93ae0c7f-c327-aee3-adae-bc0d1dae71ea,0.41,0.4406448461162677,12282.0,6599.0,551.52,NVIDIA GeForce RTX 4070,[N/A],Enabled,Enabled
1709249827.057316,0,GPU-93ae0c7f-c327-aee3-adae-bc0d1dae71ea,0.4,0.4406448461162677,12282.0,6599.0,551.52,NVIDIA GeForce RTX 4070,[N/A],Enabled,Enabled
1709249828.057991,0,GPU-93ae0c7f-c327-aee3-adae-bc0d1dae71ea,0.4,0.4406448461162677,12282.0,6599.0,551.52,NVIDIA GeForce RTX 4070,[N/A],Enabled,Enabled
1709249829.057806,0,GPU-93ae0c7f-c327-aee3-adae-bc0d1dae71ea,0.41,0.4406448461162677,12282.0,6599.0,551.52,NVIDIA GeForce RTX 4070,[N/A],Enabled,Enabled
1709249830.057241,0,GPU-93ae0c7f-c327-aee3-adae-bc0d1dae71ea,0.42,0.4406448461162677,12282.0,6599.0,551.52,NVIDIA GeForce RTX 4070,[N/A],Enabled,Enabled
1709249831.057115,0,GPU-93ae0c7f-c327-aee3-adae-bc0d1dae71ea,0.4,0.4406448461162677,12282.0,6599.0,551.52,NVIDIA GeForce RTX 4070,[N/A],Enabled,Enabled
1709249832.058202,0,GPU-93ae0c7f-c327-aee3-adae-bc0d1dae71ea,0.45,0.4406448461162677,12282.0,6599.0,551.52,NVIDIA GeForce RTX 4070,[N/A],Enabled,Enabled
1709249833.057784,0,GPU-93ae0c7f-c327-aee3-adae-bc0d1dae71ea,0.44,0.4406448461162677,12282.0,6599.0,551.52,NVIDIA GeForce RTX 4070,[N/A],Enabled,Enabled
1709249834.057577,0,GPU-93ae0c7f-c327-aee3-adae-bc0d1dae71ea,0.41,0.4406448461162677,12282.0,6599.0,551.52,NVIDIA GeForce RTX 4070,[N/A],Enabled,Enabled
1709249835.058052,0,GPU-93ae0c7f-c327-aee3-adae-bc0d1dae71ea,0.39,0.4406448461162677,12282.0,6599.0,551.52,NVIDIA GeForce RTX 4070,[N/A],Enabled,Enabled
1709249836.058286,0,GPU-93ae0c7f-c327-aee3-adae-bc0d1dae71ea,0.42,0.4406448461162677,12282.0,6599.0,551.52,NVIDIA GeForce RTX 4070,[N/A],Enabled,Enabled
1709249837.058023,0,GPU-93ae0c7f-c327-aee3-adae-bc0d1dae71ea,0.42,0.4406448461162677,12282.0,6599.0,551.52,NVIDIA GeForce RTX 4070,[N/A],Enabled,Enabled
1709249838.057747,0,GPU-93ae0c7f-c327-aee3-adae-bc0d1dae71ea,0.43,0.4406448461162677,12282.0,6599.0,551.52,NVIDIA GeForce RTX 4070,[N/A],Enabled,Enabled
1709249839.05761,0,GPU-93ae0c7f-c327-aee3-adae-bc0d1dae71ea,0.42,0.4406448461162677,12282.0,6599.0,551.52,NVIDIA GeForce RTX 4070,[N/A],Enabled,Enabled
1709249840.057372,0,GPU-93ae0c7f-c327-aee3-adae-bc0d1dae71ea,0.41,0.4406448461162677,12282.0,6599.0,551.52,NVIDIA GeForce RTX 4070,[N/A],Enabled,Enabled
1709249841.0578,0,GPU-93ae0c7f-c327-aee3-adae-bc0d1dae71ea,0.4,0.4406448461162677,12282.0,6599.0,551.52,NVIDIA GeForce RTX 4070,[N/A],Enabled,Enabled
1709249842.058236,0,GPU-93ae0c7f-c327-aee3-adae-bc0d1dae71ea,0.44,0.4406448461162677,12282.0,6599.0,551.52,NVIDIA GeForce RTX 4070,[N/A],Enabled,Enabled
1709249843.057658,0,GPU-93ae0c7f-c327-aee3-adae-bc0d1dae71ea,0.4,0.4406448461162677,12282.0,6599.0,551.52,NVIDIA GeForce RTX 4070,[N/A],Enabled,Enabled
1709249844.057127,0,GPU-93ae0c7f-c327-aee3-adae-bc0d1dae71ea,0.4,0.4406448461162677,12282.0,6599.0,551.52,NVIDIA GeForce RTX 4070,[N/A],Enabled,Enabled
1709249845.057315,0,GPU-93ae0c7f-c327-aee3-adae-bc0d1dae71ea,0.4,0.4405634261520925,12282.0,6600.0,551.52,NVIDIA GeForce RTX 4070,[N/A],Enabled,Enabled
1709249846.0572,0,GPU-93ae0c7f-c327-aee3-adae-bc0d1dae71ea,0.45,0.4405634261520925,12282.0,6600.0,551.52,NVIDIA GeForce RTX 4070,[N/A],Enabled,Enabled
1709249847.057059,0,GPU-93ae0c7f-c327-aee3-adae-bc0d1dae71ea,0.39,0.4405634261520925,12282.0,6600.0,551.52,NVIDIA GeForce RTX 4070,[N/A],Enabled,Enabled
1709249848.058137,0,GPU-93ae0c7f-c327-aee3-adae-bc0d1dae71ea,0.43,0.4405634261520925,12282.0,6600.0,551.52,NVIDIA GeForce RTX 4070,[N/A],Enabled,Enabled
1709249849.057327,0,GPU-93ae0c7f-c327-aee3-adae-bc0d1dae71ea,0.4,0.4405634261520925,12282.0,6600.0,551.52,NVIDIA GeForce RTX 4070,[N/A],Enabled,Enabled
1709249850.058164,0,GPU-93ae0c7f-c327-aee3-adae-bc0d1dae71ea,0.42,0.4405634261520925,12282.0,6600.0,551.52,NVIDIA GeForce RTX 4070,[N/A],Enabled,Enabled
1709249851.057309,0,GPU-93ae0c7f-c327-aee3-adae-bc0d1dae71ea,0.4,0.4405634261520925,12282.0,6600.0,551.52,NVIDIA GeForce RTX 4070,[N/A],Enabled,Enabled
1709249852.057053,0,GPU-93ae0c7f-c327-aee3-adae-bc0d1dae71ea,0.42,0.4405634261520925,12282.0,6600.0,551.52,NVIDIA GeForce RTX 4070,[N/A],Enabled,Enabled
1709249853.057871,0,GPU-93ae0c7f-c327-aee3-adae-bc0d1dae71ea,0.4,0.4405634261520925,12282.0,6600.0,551.52,NVIDIA GeForce RTX 4070,[N/A],Enabled,Enabled
1709249854.057946,0,GPU-93ae0c7f-c327-aee3-adae-bc0d1dae71ea,0.43,0.4405634261520925,12282.0,6600.0,551.52,NVIDIA GeForce RTX 4070,[N/A],Enabled,Enabled
1709249855.057887,0,GPU-93ae0c7f-c327-aee3-adae-bc0d1dae71ea,0.38,0.4405634261520925,12282.0,6600.0,551.52,NVIDIA GeForce RTX 4070,[N/A],Enabled,Enabled
1709249856.057123,0,GPU-93ae0c7f-c327-aee3-adae-bc0d1dae71ea,0.41,0.4405634261520925,12282.0,6600.0,551.52,NVIDIA GeForce RTX 4070,[N/A],Enabled,Enabled
1709249857.05706,0,GPU-93ae0c7f-c327-aee3-adae-bc0d1dae71ea,0.4,0.4405634261520925,12282.0,6600.0,551.52,NVIDIA GeForce RTX 4070,[N/A],Enabled,Enabled
1709249858.057213,0,GPU-93ae0c7f-c327-aee3-adae-bc0d1dae71ea,0.39,0.4405634261520925,12282.0,6600.0,551.52,NVIDIA GeForce RTX 4070,[N/A],Enabled,Enabled
1709249859.057987,0,GPU-93ae0c7f-c327-aee3-adae-bc0d1dae71ea,0.41,0.4405634261520925,12282.0,6600.0,551.52,NVIDIA GeForce RTX 4070,[N/A],Enabled,Enabled
1709249860.057875,0,GPU-93ae0c7f-c327-aee3-adae-bc0d1dae71ea,0.43,0.4405634261520925,12282.0,6600.0,551.52,NVIDIA GeForce RTX 4070,[N/A],Enabled,Enabled
1709249861.057508,0,GPU-93ae0c7f-c327-aee3-adae-bc0d1dae71ea,0.38,0.4405634261520925,12282.0,6600.0,551.52,NVIDIA GeForce RTX 4070,[N/A],Enabled,Enabled
1709249862.057408,0,GPU-93ae0c7f-c327-aee3-adae-bc0d1dae71ea,0.41,0.4405634261520925,12282.0,6600.0,551.52,NVIDIA GeForce RTX 4070,[N/A],Enabled,Enabled
1709249863.05712,0,GPU-93ae0c7f-c327-aee3-adae-bc0d1dae71ea,0.4,0.4405634261520925,12282.0,6600.0,551.52,NVIDIA GeForce RTX 4070,[N/A],Enabled,Enabled
1709249864.057039,0,GPU-93ae0c7f-c327-aee3-adae-bc0d1dae71ea,0.41,0.4405634261520925,12282.0,6600.0,551.52,NVIDIA GeForce RTX 4070,[N/A],Enabled,Enabled
1709249865.057284,0,GPU-93ae0c7f-c327-aee3-adae-bc0d1dae71ea,0.38,0.4405634261520925,12282.0,6600.0,551.52,NVIDIA GeForce RTX 4070,[N/A],Enabled,Enabled
1709249866.057227,0,GPU-93ae0c7f-c327-aee3-adae-bc0d1dae71ea,0.43,0.4405634261520925,12282.0,6600.0,551.52,NVIDIA GeForce RTX 4070,[N/A],Enabled,Enabled
1709249867.05806,0,GPU-93ae0c7f-c327-aee3-adae-bc0d1dae71ea,0.41,0.4405634261520925,12282.0,6600.0,551.52,NVIDIA GeForce RTX 4070,[N/A],Enabled,Enabled
1709249868.057494,0,GPU-93ae0c7f-c327-aee3-adae-bc0d1dae71ea,0.43,0.4405634261520925,12282.0,6600.0,551.52,NVIDIA GeForce RTX 4070,[N/A],Enabled,Enabled
1709249869.057025,0,GPU-93ae0c7f-c327-aee3-adae-bc0d1dae71ea,0.41,0.4405634261520925,12282.0,6600.0,551.52,NVIDIA GeForce RTX 4070,[N/A],Enabled,Enabled
1709249870.057733,0,GPU-93ae0c7f-c327-aee3-adae-bc0d1dae71ea,0.43,0.4405634261520925,12282.0,6600.0,551.52,NVIDIA GeForce RTX 4070,[N/A],Enabled,Enabled
1709249871.057403,0,GPU-93ae0c7f-c327-aee3-adae-bc0d1dae71ea,0.41,0.4405634261520925,12282.0,6600.0,551.52,NVIDIA GeForce RTX 4070,[N/A],Enabled,Enabled
1709249872.057973,0,GPU-93ae0c7f-c327-aee3-adae-bc0d1dae71ea,0.43,0.4405634261520925,12282.0,6600.0,551.52,NVIDIA GeForce RTX 4070,[N/A],Enabled,Enabled
1709249873.057206,0,GPU-93ae0c7f-c327-aee3-adae-bc0d1dae71ea,0.42,0.4405634261520925,12282.0,6600.0,551.52,NVIDIA GeForce RTX 4070,[N/A],Enabled,Enabled
1709249874.057572,0,GPU-93ae0c7f-c327-aee3-adae-bc0d1dae71ea,0.5,0.4405634261520925,12282.0,6600.0,551.52,NVIDIA GeForce RTX 4070,[N/A],Enabled,Enabled
1709249875.05711,0,GPU-93ae0c7f-c327-aee3-adae-bc0d1dae71ea,0.43,0.4405634261520925,12282.0,6600.0,551.52,NVIDIA GeForce RTX 4070,[N/A],Enabled,Enabled
1709249876.057304,0,GPU-93ae0c7f-c327-aee3-adae-bc0d1dae71ea,0.49,0.4405634261520925,12282.0,6600.0,551.52,NVIDIA GeForce RTX 4070,[N/A],Enabled,Enabled
1709249877.0573,0,GPU-93ae0c7f-c327-aee3-adae-bc0d1dae71ea,0.42,0.4405634261520925,12282.0,6600.0,551.52,NVIDIA GeForce RTX 4070,[N/A],Enabled,Enabled
1709249878.056954,0,GPU-93ae0c7f-c327-aee3-adae-bc0d1dae71ea,0.47,0.4405634261520925,12282.0,6600.0,551.52,NVIDIA GeForce RTX 4070,[N/A],Enabled,Enabled
1709249879.057575,0,GPU-93ae0c7f-c327-aee3-adae-bc0d1dae71ea,0.39,0.4405634261520925,12282.0,6600.0,551.52,NVIDIA GeForce RTX 4070,[N/A],Enabled,Enabled
1709249880.057482,0,GPU-93ae0c7f-c327-aee3-adae-bc0d1dae71ea,0.45,0.4405634261520925,12282.0,6600.0,551.52,NVIDIA GeForce RTX 4070,[N/A],Enabled,Enabled
1709249881.057811,0,GPU-93ae0c7f-c327-aee3-adae-bc0d1dae71ea,0.45,0.4405634261520925,12282.0,6600.0,551.52,NVIDIA GeForce RTX 4070,[N/A],Enabled,Enabled
1709249882.057053,0,GPU-93ae0c7f-c327-aee3-adae-bc0d1dae71ea,0.44,0.4405634261520925,12282.0,6600.0,551.52,NVIDIA GeForce RTX 4070,[N/A],Enabled,Enabled
1709249883.057696,0,GPU-93ae0c7f-c327-aee3-adae-bc0d1dae71ea,0.42,0.4405634261520925,12282.0,6600.0,551.52,NVIDIA GeForce RTX 4070,[N/A],Enabled,Enabled
1709249884.057162,0,GPU-93ae0c7f-c327-aee3-adae-bc0d1dae71ea,0.44,0.4405634261520925,12282.0,6600.0,551.52,NVIDIA GeForce RTX 4070,[N/A],Enabled,Enabled
1709249885.057821,0,GPU-93ae0c7f-c327-aee3-adae-bc0d1dae71ea,0.42,0.4405634261520925,12282.0,6600.0,551.52,NVIDIA GeForce RTX 4070,[N/A],Enabled,Enabled
1709249886.057203,0,GPU-93ae0c7f-c327-aee3-adae-bc0d1dae71ea,0.49,0.4405634261520925,12282.0,6600.0,551.52,NVIDIA GeForce RTX 4070,[N/A],Enabled,Enabled
1709249887.057678,0,GPU-93ae0c7f-c327-aee3-adae-bc0d1dae71ea,0.47,0.4405634261520925,12282.0,6600.0,551.52,NVIDIA GeForce RTX 4070,[N/A],Enabled,Enabled
1709249888.057203,0,GPU-93ae0c7f-c327-aee3-adae-bc0d1dae71ea,0.44,0.4405634261520925,12282.0,6600.0,551.52,NVIDIA GeForce RTX 4070,[N/A],Enabled,Enabled
1709249889.057315,0,GPU-93ae0c7f-c327-aee3-adae-bc0d1dae71ea,0.42,0.4405634261520925,12282.0,6600.0,551.52,NVIDIA GeForce RTX 4070,[N/A],Enabled,Enabled
1709249890.057547,0,GPU-93ae0c7f-c327-aee3-adae-bc0d1dae71ea,0.46,0.4405634261520925,12282.0,6600.0,551.52,NVIDIA GeForce RTX 4070,[N/A],Enabled,Enabled
1709249891.058648,0,GPU-93ae0c7f-c327-aee3-adae-bc0d1dae71ea,0.42,0.4405634261520925,12282.0,6600.0,551.52,NVIDIA GeForce RTX 4070,[N/A],Enabled,Enabled
1709249892.057384,0,GPU-93ae0c7f-c327-aee3-adae-bc0d1dae71ea,0.45,0.4405634261520925,12282.0,6600.0,551.52,NVIDIA GeForce RTX 4070,[N/A],Enabled,Enabled
1709249893.05725,0,GPU-93ae0c7f-c327-aee3-adae-bc0d1dae71ea,0.44,0.4405634261520925,12282.0,6600.0,551.52,NVIDIA GeForce RTX 4070,[N/A],Enabled,Enabled
1709249894.057309,0,GPU-93ae0c7f-c327-aee3-adae-bc0d1dae71ea,0.41,0.4405634261520925,12282.0,6600.0,551.52,NVIDIA GeForce RTX 4070,[N/A],Enabled,Enabled
1709249895.057488,0,GPU-93ae0c7f-c327-aee3-adae-bc0d1dae71ea,0.45,0.4405634261520925,12282.0,6600.0,551.52,NVIDIA GeForce RTX 4070,[N/A],Enabled,Enabled
1709249896.057572,0,GPU-93ae0c7f-c327-aee3-adae-bc0d1dae71ea,0.45,0.4405634261520925,12282.0,6600.0,551.52,NVIDIA GeForce RTX 4070,[N/A],Enabled,Enabled
1709249897.058228,0,GPU-93ae0c7f-c327-aee3-adae-bc0d1dae71ea,0.42,0.4405634261520925,12282.0,6600.0,551.52,NVIDIA GeForce RTX 4070,[N/A],Enabled,Enabled
1709249898.058078,0,GPU-93ae0c7f-c327-aee3-adae-bc0d1dae71ea,0.44,0.4405634261520925,12282.0,6600.0,551.52,NVIDIA GeForce RTX 4070,[N/A],Enabled,Enabled
1709249899.057859,0,GPU-93ae0c7f-c327-aee3-adae-bc0d1dae71ea,0.4,0.4405634261520925,12282.0,6600.0,551.52,NVIDIA GeForce RTX 4070,[N/A],Enabled,Enabled
1709249900.057274,0,GPU-93ae0c7f-c327-aee3-adae-bc0d1dae71ea,0.43,0.4405634261520925,12282.0,6600.0,551.52,NVIDIA GeForce RTX 4070,[N/A],Enabled,Enabled
1709249901.058187,0,GPU-93ae0c7f-c327-aee3-adae-bc0d1dae71ea,0.41,0.4405634261520925,12282.0,6600.0,551.52,NVIDIA GeForce RTX 4070,[N/A],Enabled,Enabled
1709249902.057854,0,GPU-93ae0c7f-c327-aee3-adae-bc0d1dae71ea,0.43,0.4405634261520925,12282.0,6600.0,551.52,NVIDIA GeForce RTX 4070,[N/A],Enabled,Enabled
1709249903.058138,0,GPU-93ae0c7f-c327-aee3-adae-bc0d1dae71ea,0.39,0.4405634261520925,12282.0,6600.0,551.52,NVIDIA GeForce RTX 4070,[N/A],Enabled,Enabled
1709249904.058463,0,GPU-93ae0c7f-c327-aee3-adae-bc0d1dae71ea,0.41,0.4405634261520925,12282.0,6600.0,551.52,NVIDIA GeForce RTX 4070,[N/A],Enabled,Enabled
1709249905.057088,0,GPU-93ae0c7f-c327-aee3-adae-bc0d1dae71ea,0.27,0.4374694675134343,12282.0,6638.0,551.52,NVIDIA GeForce RTX 4070,[N/A],Enabled,Enabled
1709249906.058108,0,GPU-93ae0c7f-c327-aee3-adae-bc0d1dae71ea,0.32,0.4374694675134343,12282.0,6638.0,551.52,NVIDIA GeForce RTX 4070,[N/A],Enabled,Enabled
1709249907.058234,0,GPU-93ae0c7f-c327-aee3-adae-bc0d1dae71ea,0.29,0.4327471095912718,12282.0,6696.0,551.52,NVIDIA GeForce RTX 4070,[N/A],Enabled,Enabled
1709249908.058177,0,GPU-93ae0c7f-c327-aee3-adae-bc0d1dae71ea,0.29,0.4327471095912718,12282.0,6696.0,551.52,NVIDIA GeForce RTX 4070,[N/A],Enabled,Enabled
1709249909.057149,0,GPU-93ae0c7f-c327-aee3-adae-bc0d1dae71ea,0.28,0.4327471095912718,12282.0,6696.0,551.52,NVIDIA GeForce RTX 4070,[N/A],Enabled,Enabled
1709249910.057677,0,GPU-93ae0c7f-c327-aee3-adae-bc0d1dae71ea,0.32,0.4374694675134343,12282.0,6638.0,551.52,NVIDIA GeForce RTX 4070,[N/A],Enabled,Enabled
1709249911.057777,0,GPU-93ae0c7f-c327-aee3-adae-bc0d1dae71ea,0.28,0.4327471095912718,12282.0,6696.0,551.52,NVIDIA GeForce RTX 4070,[N/A],Enabled,Enabled
1709249912.057728,0,GPU-93ae0c7f-c327-aee3-adae-bc0d1dae71ea,0.3,0.4327471095912718,12282.0,6696.0,551.52,NVIDIA GeForce RTX 4070,[N/A],Enabled,Enabled
1709249913.05782,0,GPU-93ae0c7f-c327-aee3-adae-bc0d1dae71ea,0.29,0.4327471095912718,12282.0,6696.0,551.52,NVIDIA GeForce RTX 4070,[N/A],Enabled,Enabled
1709249914.057198,0,GPU-93ae0c7f-c327-aee3-adae-bc0d1dae71ea,0.29,0.4327471095912718,12282.0,6696.0,551.52,NVIDIA GeForce RTX 4070,[N/A],Enabled,Enabled
1709249915.057135,0,GPU-93ae0c7f-c327-aee3-adae-bc0d1dae71ea,0.27,0.4327471095912718,12282.0,6696.0,551.52,NVIDIA GeForce RTX 4070,[N/A],Enabled,Enabled
1709249916.057651,0,GPU-93ae0c7f-c327-aee3-adae-bc0d1dae71ea,0.3,0.4327471095912718,12282.0,6696.0,551.52,NVIDIA GeForce RTX 4070,[N/A],Enabled,Enabled
1709249917.057294,0,GPU-93ae0c7f-c327-aee3-adae-bc0d1dae71ea,0.27,0.4327471095912718,12282.0,6696.0,551.52,NVIDIA GeForce RTX 4070,[N/A],Enabled,Enabled
1709249918.05694,0,GPU-93ae0c7f-c327-aee3-adae-bc0d1dae71ea,0.29,0.4327471095912718,12282.0,6696.0,551.52,NVIDIA GeForce RTX 4070,[N/A],Enabled,Enabled
1709249919.057551,0,GPU-93ae0c7f-c327-aee3-adae-bc0d1dae71ea,0.28,0.4327471095912718,12282.0,6696.0,551.52,NVIDIA GeForce RTX 4070,[N/A],Enabled,Enabled
1709249920.056813,0,GPU-93ae0c7f-c327-aee3-adae-bc0d1dae71ea,0.29,0.4327471095912718,12282.0,6696.0,551.52,NVIDIA GeForce RTX 4070,[N/A],Enabled,Enabled
1709249921.056861,0,GPU-93ae0c7f-c327-aee3-adae-bc0d1dae71ea,0.28,0.4327471095912718,12282.0,6696.0,551.52,NVIDIA GeForce RTX 4070,[N/A],Enabled,Enabled
1709249922.057944,0,GPU-93ae0c7f-c327-aee3-adae-bc0d1dae71ea,0.29,0.4327471095912718,12282.0,6696.0,551.52,NVIDIA GeForce RTX 4070,[N/A],Enabled,Enabled
1709249923.057183,0,GPU-93ae0c7f-c327-aee3-adae-bc0d1dae71ea,0.29,0.4327471095912718,12282.0,6696.0,551.52,NVIDIA GeForce RTX 4070,[N/A],Enabled,Enabled
1709249924.057613,0,GPU-93ae0c7f-c327-aee3-adae-bc0d1dae71ea,0.3,0.4327471095912718,12282.0,6696.0,551.52,NVIDIA GeForce RTX 4070,[N/A],Enabled,Enabled
1709249925.057466,0,GPU-93ae0c7f-c327-aee3-adae-bc0d1dae71ea,0.27,0.4327471095912718,12282.0,6696.0,551.52,NVIDIA GeForce RTX 4070,[N/A],Enabled,Enabled
1709249926.057588,0,GPU-93ae0c7f-c327-aee3-adae-bc0d1dae71ea,0.29,0.4327471095912718,12282.0,6696.0,551.52,NVIDIA GeForce RTX 4070,[N/A],Enabled,Enabled
1709249927.058189,0,GPU-93ae0c7f-c327-aee3-adae-bc0d1dae71ea,0.28,0.4327471095912718,12282.0,6696.0,551.52,NVIDIA GeForce RTX 4070,[N/A],Enabled,Enabled
1709249928.058073,0,GPU-93ae0c7f-c327-aee3-adae-bc0d1dae71ea,0.31,0.4327471095912718,12282.0,6696.0,551.52,NVIDIA GeForce RTX 4070,[N/A],Enabled,Enabled
1709249929.057709,0,GPU-93ae0c7f-c327-aee3-adae-bc0d1dae71ea,0.3,0.4327471095912718,12282.0,6696.0,551.52,NVIDIA GeForce RTX 4070,[N/A],Enabled,Enabled
1709249930.057238,0,GPU-93ae0c7f-c327-aee3-adae-bc0d1dae71ea,0.31,0.4327471095912718,12282.0,6696.0,551.52,NVIDIA GeForce RTX 4070,[N/A],Enabled,Enabled
1709249931.057519,0,GPU-93ae0c7f-c327-aee3-adae-bc0d1dae71ea,0.31,0.4327471095912718,12282.0,6696.0,551.52,NVIDIA GeForce RTX 4070,[N/A],Enabled,Enabled
1709249932.058265,0,GPU-93ae0c7f-c327-aee3-adae-bc0d1dae71ea,0.15,0.23693209574987786,12282.0,9101.0,551.52,NVIDIA GeForce RTX 4070,[N/A],Enabled,Enabled
1709249933.05722,0,GPU-93ae0c7f-c327-aee3-adae-bc0d1dae71ea,0.15,0.23750203549910437,12282.0,9094.0,551.52,NVIDIA GeForce RTX 4070,[N/A],Enabled,Enabled
1709249934.057741,0,GPU-93ae0c7f-c327-aee3-adae-bc0d1dae71ea,0.13,0.23750203549910437,12282.0,9094.0,551.52,NVIDIA GeForce RTX 4070,[N/A],Enabled,Enabled
1709249935.058023,0,GPU-93ae0c7f-c327-aee3-adae-bc0d1dae71ea,0.13,0.23750203549910437,12282.0,9094.0,551.52,NVIDIA GeForce RTX 4070,[N/A],Enabled,Enabled
