timestamp,id,uuid,load,memoryUtil,memoryTotal,memoryUsed,memoryFree,driver,name,serial,display_mode,display_active
1701957644.826383,0,GPU-b342434c-f6b6-7627-333e-da750a9991e6,0.15,0.5015625,10240.0,4930.0,546.17,NVIDIA GeForce RTX 3080,[N/A],Enabled,Enabled
1701957645.821633,0,GPU-b342434c-f6b6-7627-333e-da750a9991e6,0.1,0.49931640625,10240.0,4953.0,546.17,NVIDIA GeForce RTX 3080,[N/A],Enabled,Enabled
1701957646.821774,0,GPU-b342434c-f6b6-7627-333e-da750a9991e6,0.09,0.49931640625,10240.0,4953.0,546.17,NVIDIA GeForce RTX 3080,[N/A],Enabled,Enabled
1701957647.821546,0,GPU-b342434c-f6b6-7627-333e-da750a9991e6,0.08,0.377734375,10240.0,6198.0,546.17,NVIDIA GeForce RTX 3080,[N/A],Enabled,Enabled
1701957648.822044,0,GPU-b342434c-f6b6-7627-333e-da750a9991e6,0.1,0.42822265625,10240.0,5681.0,546.17,NVIDIA GeForce RTX 3080,[N/A],Enabled,Enabled
1701957649.821951,0,GPU-b342434c-f6b6-7627-333e-da750a9991e6,0.14,0.4416015625,10240.0,5544.0,546.17,NVIDIA GeForce RTX 3080,[N/A],Enabled,Enabled
1701957650.821549,0,GPU-b342434c-f6b6-7627-333e-da750a9991e6,0.12,0.4416015625,10240.0,5544.0,546.17,NVIDIA GeForce RTX 3080,[N/A],Enabled,Enabled
1701957651.82145,0,GPU-b342434c-f6b6-7627-333e-da750a9991e6,0.11,0.43779296875,10240.0,5583.0,546.17,NVIDIA GeForce RTX 3080,[N/A],Enabled,Enabled
1701957652.821487,0,GPU-b342434c-f6b6-7627-333e-da750a9991e6,0.13,0.44150390625,10240.0,5545.0,546.17,NVIDIA GeForce RTX 3080,[N/A],Enabled,Enabled
1701957653.821803,0,GPU-b342434c-f6b6-7627-333e-da750a9991e6,0.06,0.4865234375,10240.0,5084.0,546.17,NVIDIA GeForce RTX 3080,[N/A],Enabled,Enabled
1701957654.821689,0,GPU-b342434c-f6b6-7627-333e-da750a9991e6,0.14,0.443359375,10240.0,5526.0,546.17,NVIDIA GeForce RTX 3080,[N/A],Enabled,Enabled
1701957655.821306,0,GPU-b342434c-f6b6-7627-333e-da750a9991e6,0.13,0.44326171875,10240.0,5527.0,546.17,NVIDIA GeForce RTX 3080,[N/A],Enabled,Enabled
1701957656.821236,0,GPU-b342434c-f6b6-7627-333e-da750a9991e6,0.12,0.43955078125,10240.0,5565.0,546.17,NVIDIA GeForce RTX 3080,[N/A],Enabled,Enabled
1701957657.821488,0,GPU-b342434c-f6b6-7627-333e-da750a9991e6,0.12,0.43955078125,10240.0,5565.0,546.17,NVIDIA GeForce RTX 3080,[N/A],Enabled,Enabled
1701957658.821579,0,GPU-b342434c-f6b6-7627-333e-da750a9991e6,0.12,0.44326171875,10240.0,5527.0,546.17,NVIDIA GeForce RTX 3080,[N/A],Enabled,Enabled
1701957659.820923,0,GPU-b342434c-f6b6-7627-333e-da750a9991e6,0.11,0.43955078125,10240.0,5565.0,546.17,NVIDIA GeForce RTX 3080,[N/A],Enabled,Enabled
1701957660.820915,0,GPU-b342434c-f6b6-7627-333e-da750a9991e6,0.11,0.43955078125,10240.0,5565.0,546.17,NVIDIA GeForce RTX 3080,[N/A],Enabled,Enabled
1701957661.821372,0,GPU-b342434c-f6b6-7627-333e-da750a9991e6,0.12,0.44326171875,10240.0,5527.0,546.17,NVIDIA GeForce RTX 3080,[N/A],Enabled,Enabled
1701957662.821573,0,GPU-b342434c-f6b6-7627-333e-da750a9991e6,0.11,0.4396484375,10240.0,5564.0,546.17,NVIDIA GeForce RTX 3080,[N/A],Enabled,Enabled
1701957663.821281,0,GPU-b342434c-f6b6-7627-333e-da750a9991e6,0.12,0.443359375,10240.0,5526.0,546.17,NVIDIA GeForce RTX 3080,[N/A],Enabled,Enabled
1701957664.821971,0,GPU-b342434c-f6b6-7627-333e-da750a9991e6,0.12,0.443359375,10240.0,5526.0,546.17,NVIDIA GeForce RTX 3080,[N/A],Enabled,Enabled
1701957665.821518,0,GPU-b342434c-f6b6-7627-333e-da750a9991e6,0.12,0.44326171875,10240.0,5527.0,546.17,NVIDIA GeForce RTX 3080,[N/A],Enabled,Enabled
1701957666.821638,0,GPU-b342434c-f6b6-7627-333e-da750a9991e6,0.12,0.44326171875,10240.0,5527.0,546.17,NVIDIA GeForce RTX 3080,[N/A],Enabled,Enabled
1701957667.82149,0,GPU-b342434c-f6b6-7627-333e-da750a9991e6,0.11,0.4396484375,10240.0,5564.0,546.17,NVIDIA GeForce RTX 3080,[N/A],Enabled,Enabled
1701957668.821145,0,GPU-b342434c-f6b6-7627-333e-da750a9991e6,0.11,0.4396484375,10240.0,5564.0,546.17,NVIDIA GeForce RTX 3080,[N/A],Enabled,Enabled
1701957669.821952,0,GPU-b342434c-f6b6-7627-333e-da750a9991e6,0.12,0.443359375,10240.0,5526.0,546.17,NVIDIA GeForce RTX 3080,[N/A],Enabled,Enabled
1701957670.821782,0,GPU-b342434c-f6b6-7627-333e-da750a9991e6,0.15,0.452734375,10240.0,5430.0,546.17,NVIDIA GeForce RTX 3080,[N/A],Enabled,Enabled
1701957671.821219,0,GPU-b342434c-f6b6-7627-333e-da750a9991e6,0.15,0.452734375,10240.0,5430.0,546.17,NVIDIA GeForce RTX 3080,[N/A],Enabled,Enabled
1701957672.821354,0,GPU-b342434c-f6b6-7627-333e-da750a9991e6,0.14,0.452734375,10240.0,5430.0,546.17,NVIDIA GeForce RTX 3080,[N/A],Enabled,Enabled
1701957673.821073,0,GPU-b342434c-f6b6-7627-333e-da750a9991e6,0.15,0.452734375,10240.0,5430.0,546.17,NVIDIA GeForce RTX 3080,[N/A],Enabled,Enabled
1701957674.821492,0,GPU-b342434c-f6b6-7627-333e-da750a9991e6,0.15,0.452734375,10240.0,5430.0,546.17,NVIDIA GeForce RTX 3080,[N/A],Enabled,Enabled
1701957675.821399,0,GPU-b342434c-f6b6-7627-333e-da750a9991e6,0.14,0.452734375,10240.0,5430.0,546.17,NVIDIA GeForce RTX 3080,[N/A],Enabled,Enabled
1701957676.821404,0,GPU-b342434c-f6b6-7627-333e-da750a9991e6,0.14,0.452734375,10240.0,5430.0,546.17,NVIDIA GeForce RTX 3080,[N/A],Enabled,Enabled
1701957677.82115,0,GPU-b342434c-f6b6-7627-333e-da750a9991e6,0.14,0.452734375,10240.0,5430.0,546.17,NVIDIA GeForce RTX 3080,[N/A],Enabled,Enabled
1701957678.821441,0,GPU-b342434c-f6b6-7627-333e-da750a9991e6,0.14,0.452734375,10240.0,5430.0,546.17,NVIDIA GeForce RTX 3080,[N/A],Enabled,Enabled
1701957679.821161,0,GPU-b342434c-f6b6-7627-333e-da750a9991e6,0.14,0.452734375,10240.0,5430.0,546.17,NVIDIA GeForce RTX 3080,[N/A],Enabled,Enabled
1701957680.821832,0,GPU-b342434c-f6b6-7627-333e-da750a9991e6,0.15,0.452734375,10240.0,5430.0,546.17,NVIDIA GeForce RTX 3080,[N/A],Enabled,Enabled
1701957681.821146,0,GPU-b342434c-f6b6-7627-333e-da750a9991e6,0.14,0.452734375,10240.0,5430.0,546.17,NVIDIA GeForce RTX 3080,[N/A],Enabled,Enabled
1701957682.820982,0,GPU-b342434c-f6b6-7627-333e-da750a9991e6,0.14,0.452734375,10240.0,5430.0,546.17,NVIDIA GeForce RTX 3080,[N/A],Enabled,Enabled
1701957683.821889,0,GPU-b342434c-f6b6-7627-333e-da750a9991e6,0.15,0.452734375,10240.0,5430.0,546.17,NVIDIA GeForce RTX 3080,[N/A],Enabled,Enabled
1701957684.820897,0,GPU-b342434c-f6b6-7627-333e-da750a9991e6,0.14,0.452734375,10240.0,5430.0,546.17,NVIDIA GeForce RTX 3080,[N/A],Enabled,Enabled
1701957685.821426,0,GPU-b342434c-f6b6-7627-333e-da750a9991e6,0.14,0.452734375,10240.0,5430.0,546.17,NVIDIA GeForce RTX 3080,[N/A],Enabled,Enabled
1701957686.821657,0,GPU-b342434c-f6b6-7627-333e-da750a9991e6,0.14,0.452734375,10240.0,5430.0,546.17,NVIDIA GeForce RTX 3080,[N/A],Enabled,Enabled
1701957687.821007,0,GPU-b342434c-f6b6-7627-333e-da750a9991e6,0.14,0.452734375,10240.0,5430.0,546.17,NVIDIA GeForce RTX 3080,[N/A],Enabled,Enabled
1701957688.821633,0,GPU-b342434c-f6b6-7627-333e-da750a9991e6,0.15,0.452734375,10240.0,5430.0,546.17,NVIDIA GeForce RTX 3080,[N/A],Enabled,Enabled
1701957689.821388,0,GPU-b342434c-f6b6-7627-333e-da750a9991e6,0.14,0.452734375,10240.0,5430.0,546.17,NVIDIA GeForce RTX 3080,[N/A],Enabled,Enabled
1701957690.82094,0,GPU-b342434c-f6b6-7627-333e-da750a9991e6,0.15,0.452734375,10240.0,5430.0,546.17,NVIDIA GeForce RTX 3080,[N/A],Enabled,Enabled
1701957691.820836,0,GPU-b342434c-f6b6-7627-333e-da750a9991e6,0.14,0.452734375,10240.0,5430.0,546.17,NVIDIA GeForce RTX 3080,[N/A],Enabled,Enabled
1701957692.82144,0,GPU-b342434c-f6b6-7627-333e-da750a9991e6,0.14,0.452734375,10240.0,5430.0,546.17,NVIDIA GeForce RTX 3080,[N/A],Enabled,Enabled
1701957693.821881,0,GPU-b342434c-f6b6-7627-333e-da750a9991e6,0.15,0.452734375,10240.0,5430.0,546.17,NVIDIA GeForce RTX 3080,[N/A],Enabled,Enabled
1701957694.821633,0,GPU-b342434c-f6b6-7627-333e-da750a9991e6,0.15,0.452734375,10240.0,5430.0,546.17,NVIDIA GeForce RTX 3080,[N/A],Enabled,Enabled
1701957695.821055,0,GPU-b342434c-f6b6-7627-333e-da750a9991e6,0.15,0.452734375,10240.0,5430.0,546.17,NVIDIA GeForce RTX 3080,[N/A],Enabled,Enabled
1701957696.821307,0,GPU-b342434c-f6b6-7627-333e-da750a9991e6,0.15,0.452734375,10240.0,5430.0,546.17,NVIDIA GeForce RTX 3080,[N/A],Enabled,Enabled
1701957697.821299,0,GPU-b342434c-f6b6-7627-333e-da750a9991e6,0.16,0.452734375,10240.0,5430.0,546.17,NVIDIA GeForce RTX 3080,[N/A],Enabled,Enabled
1701957698.821436,0,GPU-b342434c-f6b6-7627-333e-da750a9991e6,0.15,0.452734375,10240.0,5430.0,546.17,NVIDIA GeForce RTX 3080,[N/A],Enabled,Enabled
1701957699.821229,0,GPU-b342434c-f6b6-7627-333e-da750a9991e6,0.14,0.452734375,10240.0,5430.0,546.17,NVIDIA GeForce RTX 3080,[N/A],Enabled,Enabled
1701957700.821573,0,GPU-b342434c-f6b6-7627-333e-da750a9991e6,0.15,0.452734375,10240.0,5430.0,546.17,NVIDIA GeForce RTX 3080,[N/A],Enabled,Enabled
1701957701.821306,0,GPU-b342434c-f6b6-7627-333e-da750a9991e6,0.14,0.452734375,10240.0,5430.0,546.17,NVIDIA GeForce RTX 3080,[N/A],Enabled,Enabled
1701957702.821587,0,GPU-b342434c-f6b6-7627-333e-da750a9991e6,0.15,0.452734375,10240.0,5430.0,546.17,NVIDIA GeForce RTX 3080,[N/A],Enabled,Enabled
1701957703.821356,0,GPU-b342434c-f6b6-7627-333e-da750a9991e6,0.15,0.452734375,10240.0,5430.0,546.17,NVIDIA GeForce RTX 3080,[N/A],Enabled,Enabled
1701957704.821394,0,GPU-b342434c-f6b6-7627-333e-da750a9991e6,0.15,0.452734375,10240.0,5430.0,546.17,NVIDIA GeForce RTX 3080,[N/A],Enabled,Enabled
1701957705.821755,0,GPU-b342434c-f6b6-7627-333e-da750a9991e6,0.15,0.452734375,10240.0,5430.0,546.17,NVIDIA GeForce RTX 3080,[N/A],Enabled,Enabled
1701957706.820985,0,GPU-b342434c-f6b6-7627-333e-da750a9991e6,0.14,0.452734375,10240.0,5430.0,546.17,NVIDIA GeForce RTX 3080,[N/A],Enabled,Enabled
1701957707.821527,0,GPU-b342434c-f6b6-7627-333e-da750a9991e6,0.14,0.452734375,10240.0,5430.0,546.17,NVIDIA GeForce RTX 3080,[N/A],Enabled,Enabled
1701957708.821127,0,GPU-b342434c-f6b6-7627-333e-da750a9991e6,0.15,0.452734375,10240.0,5430.0,546.17,NVIDIA GeForce RTX 3080,[N/A],Enabled,Enabled
1701957709.822057,0,GPU-b342434c-f6b6-7627-333e-da750a9991e6,0.14,0.452734375,10240.0,5430.0,546.17,NVIDIA GeForce RTX 3080,[N/A],Enabled,Enabled
1701957710.821399,0,GPU-b342434c-f6b6-7627-333e-da750a9991e6,0.15,0.452734375,10240.0,5430.0,546.17,NVIDIA GeForce RTX 3080,[N/A],Enabled,Enabled
1701957711.821689,0,GPU-b342434c-f6b6-7627-333e-da750a9991e6,0.15,0.452734375,10240.0,5430.0,546.17,NVIDIA GeForce RTX 3080,[N/A],Enabled,Enabled
1701957712.82085,0,GPU-b342434c-f6b6-7627-333e-da750a9991e6,0.15,0.452734375,10240.0,5430.0,546.17,NVIDIA GeForce RTX 3080,[N/A],Enabled,Enabled
1701957713.821637,0,GPU-b342434c-f6b6-7627-333e-da750a9991e6,0.16,0.452734375,10240.0,5430.0,546.17,NVIDIA GeForce RTX 3080,[N/A],Enabled,Enabled
1701957714.82137,0,GPU-b342434c-f6b6-7627-333e-da750a9991e6,0.15,0.452734375,10240.0,5430.0,546.17,NVIDIA GeForce RTX 3080,[N/A],Enabled,Enabled
1701957715.820887,0,GPU-b342434c-f6b6-7627-333e-da750a9991e6,0.15,0.45283203125,10240.0,5429.0,546.17,NVIDIA GeForce RTX 3080,[N/A],Enabled,Enabled
1701957716.821119,0,GPU-b342434c-f6b6-7627-333e-da750a9991e6,0.15,0.45283203125,10240.0,5429.0,546.17,NVIDIA GeForce RTX 3080,[N/A],Enabled,Enabled
1701957717.820846,0,GPU-b342434c-f6b6-7627-333e-da750a9991e6,0.15,0.45283203125,10240.0,5429.0,546.17,NVIDIA GeForce RTX 3080,[N/A],Enabled,Enabled
1701957718.821377,0,GPU-b342434c-f6b6-7627-333e-da750a9991e6,0.15,0.45283203125,10240.0,5429.0,546.17,NVIDIA GeForce RTX 3080,[N/A],Enabled,Enabled
1701957719.821141,0,GPU-b342434c-f6b6-7627-333e-da750a9991e6,0.15,0.45283203125,10240.0,5429.0,546.17,NVIDIA GeForce RTX 3080,[N/A],Enabled,Enabled
1701957720.821503,0,GPU-b342434c-f6b6-7627-333e-da750a9991e6,0.15,0.45283203125,10240.0,5429.0,546.17,NVIDIA GeForce RTX 3080,[N/A],Enabled,Enabled
1701957721.82225,0,GPU-b342434c-f6b6-7627-333e-da750a9991e6,0.15,0.45283203125,10240.0,5429.0,546.17,NVIDIA GeForce RTX 3080,[N/A],Enabled,Enabled
1701957722.821464,0,GPU-b342434c-f6b6-7627-333e-da750a9991e6,0.16,0.45283203125,10240.0,5429.0,546.17,NVIDIA GeForce RTX 3080,[N/A],Enabled,Enabled
1701957723.821133,0,GPU-b342434c-f6b6-7627-333e-da750a9991e6,0.15,0.45283203125,10240.0,5429.0,546.17,NVIDIA GeForce RTX 3080,[N/A],Enabled,Enabled
1701957724.821452,0,GPU-b342434c-f6b6-7627-333e-da750a9991e6,0.15,0.45283203125,10240.0,5429.0,546.17,NVIDIA GeForce RTX 3080,[N/A],Enabled,Enabled
1701957725.821251,0,GPU-b342434c-f6b6-7627-333e-da750a9991e6,0.15,0.45439453125,10240.0,5413.0,546.17,NVIDIA GeForce RTX 3080,[N/A],Enabled,Enabled
1701957726.821805,0,GPU-b342434c-f6b6-7627-333e-da750a9991e6,0.18,0.4546875,10240.0,5410.0,546.17,NVIDIA GeForce RTX 3080,[N/A],Enabled,Enabled
1701957727.821572,0,GPU-b342434c-f6b6-7627-333e-da750a9991e6,0.15,0.4546875,10240.0,5410.0,546.17,NVIDIA GeForce RTX 3080,[N/A],Enabled,Enabled
1701957728.821361,0,GPU-b342434c-f6b6-7627-333e-da750a9991e6,0.15,0.4546875,10240.0,5410.0,546.17,NVIDIA GeForce RTX 3080,[N/A],Enabled,Enabled
1701957729.821815,0,GPU-b342434c-f6b6-7627-333e-da750a9991e6,0.15,0.4546875,10240.0,5410.0,546.17,NVIDIA GeForce RTX 3080,[N/A],Enabled,Enabled
1701957730.821306,0,GPU-b342434c-f6b6-7627-333e-da750a9991e6,0.15,0.4546875,10240.0,5410.0,546.17,NVIDIA GeForce RTX 3080,[N/A],Enabled,Enabled
1701957731.821332,0,GPU-b342434c-f6b6-7627-333e-da750a9991e6,0.15,0.454296875,10240.0,5414.0,546.17,NVIDIA GeForce RTX 3080,[N/A],Enabled,Enabled
1701957732.82108,0,GPU-b342434c-f6b6-7627-333e-da750a9991e6,0.15,0.454296875,10240.0,5414.0,546.17,NVIDIA GeForce RTX 3080,[N/A],Enabled,Enabled
1701957733.821091,0,GPU-b342434c-f6b6-7627-333e-da750a9991e6,0.15,0.454296875,10240.0,5414.0,546.17,NVIDIA GeForce RTX 3080,[N/A],Enabled,Enabled
1701957734.821753,0,GPU-b342434c-f6b6-7627-333e-da750a9991e6,0.15,0.454296875,10240.0,5414.0,546.17,NVIDIA GeForce RTX 3080,[N/A],Enabled,Enabled
1701957735.821608,0,GPU-b342434c-f6b6-7627-333e-da750a9991e6,0.15,0.454296875,10240.0,5414.0,546.17,NVIDIA GeForce RTX 3080,[N/A],Enabled,Enabled
1701957736.821045,0,GPU-b342434c-f6b6-7627-333e-da750a9991e6,0.15,0.454296875,10240.0,5414.0,546.17,NVIDIA GeForce RTX 3080,[N/A],Enabled,Enabled
1701957737.822209,0,GPU-b342434c-f6b6-7627-333e-da750a9991e6,0.15,0.454296875,10240.0,5414.0,546.17,NVIDIA GeForce RTX 3080,[N/A],Enabled,Enabled
1701957738.821342,0,GPU-b342434c-f6b6-7627-333e-da750a9991e6,0.15,0.454296875,10240.0,5414.0,546.17,NVIDIA GeForce RTX 3080,[N/A],Enabled,Enabled
1701957739.822002,0,GPU-b342434c-f6b6-7627-333e-da750a9991e6,0.15,0.454296875,10240.0,5414.0,546.17,NVIDIA GeForce RTX 3080,[N/A],Enabled,Enabled
1701957740.821465,0,GPU-b342434c-f6b6-7627-333e-da750a9991e6,0.15,0.454296875,10240.0,5414.0,546.17,NVIDIA GeForce RTX 3080,[N/A],Enabled,Enabled
1701957741.821402,0,GPU-b342434c-f6b6-7627-333e-da750a9991e6,0.15,0.454296875,10240.0,5414.0,546.17,NVIDIA GeForce RTX 3080,[N/A],Enabled,Enabled
1701957742.821573,0,GPU-b342434c-f6b6-7627-333e-da750a9991e6,0.15,0.454296875,10240.0,5414.0,546.17,NVIDIA GeForce RTX 3080,[N/A],Enabled,Enabled
1701957743.820915,0,GPU-b342434c-f6b6-7627-333e-da750a9991e6,0.15,0.454296875,10240.0,5414.0,546.17,NVIDIA GeForce RTX 3080,[N/A],Enabled,Enabled
1701957744.821128,0,GPU-b342434c-f6b6-7627-333e-da750a9991e6,0.15,0.454296875,10240.0,5414.0,546.17,NVIDIA GeForce RTX 3080,[N/A],Enabled,Enabled
1701957745.821112,0,GPU-b342434c-f6b6-7627-333e-da750a9991e6,0.15,0.454296875,10240.0,5414.0,546.17,NVIDIA GeForce RTX 3080,[N/A],Enabled,Enabled
1701957746.821156,0,GPU-b342434c-f6b6-7627-333e-da750a9991e6,0.15,0.454296875,10240.0,5414.0,546.17,NVIDIA GeForce RTX 3080,[N/A],Enabled,Enabled
1701957747.821713,0,GPU-b342434c-f6b6-7627-333e-da750a9991e6,0.15,0.454296875,10240.0,5414.0,546.17,NVIDIA GeForce RTX 3080,[N/A],Enabled,Enabled
1701957748.821274,0,GPU-b342434c-f6b6-7627-333e-da750a9991e6,0.15,0.454296875,10240.0,5414.0,546.17,NVIDIA GeForce RTX 3080,[N/A],Enabled,Enabled
1701957749.82182,0,GPU-b342434c-f6b6-7627-333e-da750a9991e6,0.15,0.454296875,10240.0,5414.0,546.17,NVIDIA GeForce RTX 3080,[N/A],Enabled,Enabled
1701957750.821924,0,GPU-b342434c-f6b6-7627-333e-da750a9991e6,0.15,0.454296875,10240.0,5414.0,546.17,NVIDIA GeForce RTX 3080,[N/A],Enabled,Enabled
1701957751.820956,0,GPU-b342434c-f6b6-7627-333e-da750a9991e6,0.14,0.454296875,10240.0,5414.0,546.17,NVIDIA GeForce RTX 3080,[N/A],Enabled,Enabled
1701957752.820831,0,GPU-b342434c-f6b6-7627-333e-da750a9991e6,0.14,0.454296875,10240.0,5414.0,546.17,NVIDIA GeForce RTX 3080,[N/A],Enabled,Enabled
1701957753.821491,0,GPU-b342434c-f6b6-7627-333e-da750a9991e6,0.14,0.454296875,10240.0,5414.0,546.17,NVIDIA GeForce RTX 3080,[N/A],Enabled,Enabled
1701957754.821632,0,GPU-b342434c-f6b6-7627-333e-da750a9991e6,0.14,0.454296875,10240.0,5414.0,546.17,NVIDIA GeForce RTX 3080,[N/A],Enabled,Enabled
1701957755.821314,0,GPU-b342434c-f6b6-7627-333e-da750a9991e6,0.14,0.454296875,10240.0,5414.0,546.17,NVIDIA GeForce RTX 3080,[N/A],Enabled,Enabled
1701957756.821009,0,GPU-b342434c-f6b6-7627-333e-da750a9991e6,0.15,0.454296875,10240.0,5414.0,546.17,NVIDIA GeForce RTX 3080,[N/A],Enabled,Enabled
1701957757.821347,0,GPU-b342434c-f6b6-7627-333e-da750a9991e6,0.14,0.454296875,10240.0,5414.0,546.17,NVIDIA GeForce RTX 3080,[N/A],Enabled,Enabled
1701957758.822131,0,GPU-b342434c-f6b6-7627-333e-da750a9991e6,0.14,0.454296875,10240.0,5414.0,546.17,NVIDIA GeForce RTX 3080,[N/A],Enabled,Enabled
1701957759.821349,0,GPU-b342434c-f6b6-7627-333e-da750a9991e6,0.14,0.454296875,10240.0,5414.0,546.17,NVIDIA GeForce RTX 3080,[N/A],Enabled,Enabled
1701957760.8216,0,GPU-b342434c-f6b6-7627-333e-da750a9991e6,0.14,0.454296875,10240.0,5414.0,546.17,NVIDIA GeForce RTX 3080,[N/A],Enabled,Enabled
1701957761.821518,0,GPU-b342434c-f6b6-7627-333e-da750a9991e6,0.14,0.454296875,10240.0,5414.0,546.17,NVIDIA GeForce RTX 3080,[N/A],Enabled,Enabled
1701957762.82125,0,GPU-b342434c-f6b6-7627-333e-da750a9991e6,0.14,0.454296875,10240.0,5414.0,546.17,NVIDIA GeForce RTX 3080,[N/A],Enabled,Enabled
1701957763.821361,0,GPU-b342434c-f6b6-7627-333e-da750a9991e6,0.15,0.454296875,10240.0,5414.0,546.17,NVIDIA GeForce RTX 3080,[N/A],Enabled,Enabled
1701957764.82152,0,GPU-b342434c-f6b6-7627-333e-da750a9991e6,0.14,0.454296875,10240.0,5414.0,546.17,NVIDIA GeForce RTX 3080,[N/A],Enabled,Enabled
1701957765.821223,0,GPU-b342434c-f6b6-7627-333e-da750a9991e6,0.14,0.45439453125,10240.0,5413.0,546.17,NVIDIA GeForce RTX 3080,[N/A],Enabled,Enabled
1701957766.821261,0,GPU-b342434c-f6b6-7627-333e-da750a9991e6,0.15,0.45439453125,10240.0,5413.0,546.17,NVIDIA GeForce RTX 3080,[N/A],Enabled,Enabled
1701957767.821072,0,GPU-b342434c-f6b6-7627-333e-da750a9991e6,0.14,0.45439453125,10240.0,5413.0,546.17,NVIDIA GeForce RTX 3080,[N/A],Enabled,Enabled
1701957768.821302,0,GPU-b342434c-f6b6-7627-333e-da750a9991e6,0.14,0.45439453125,10240.0,5413.0,546.17,NVIDIA GeForce RTX 3080,[N/A],Enabled,Enabled
1701957769.821525,0,GPU-b342434c-f6b6-7627-333e-da750a9991e6,0.14,0.45439453125,10240.0,5413.0,546.17,NVIDIA GeForce RTX 3080,[N/A],Enabled,Enabled
1701957770.821499,0,GPU-b342434c-f6b6-7627-333e-da750a9991e6,0.14,0.45439453125,10240.0,5413.0,546.17,NVIDIA GeForce RTX 3080,[N/A],Enabled,Enabled
1701957771.821361,0,GPU-b342434c-f6b6-7627-333e-da750a9991e6,0.14,0.45439453125,10240.0,5413.0,546.17,NVIDIA GeForce RTX 3080,[N/A],Enabled,Enabled
1701957772.82122,0,GPU-b342434c-f6b6-7627-333e-da750a9991e6,0.15,0.45439453125,10240.0,5413.0,546.17,NVIDIA GeForce RTX 3080,[N/A],Enabled,Enabled
1701957773.821265,0,GPU-b342434c-f6b6-7627-333e-da750a9991e6,0.14,0.45439453125,10240.0,5413.0,546.17,NVIDIA GeForce RTX 3080,[N/A],Enabled,Enabled
1701957774.821727,0,GPU-b342434c-f6b6-7627-333e-da750a9991e6,0.14,0.45439453125,10240.0,5413.0,546.17,NVIDIA GeForce RTX 3080,[N/A],Enabled,Enabled
1701957775.820922,0,GPU-b342434c-f6b6-7627-333e-da750a9991e6,0.14,0.45439453125,10240.0,5413.0,546.17,NVIDIA GeForce RTX 3080,[N/A],Enabled,Enabled
1701957776.821017,0,GPU-b342434c-f6b6-7627-333e-da750a9991e6,0.15,0.45439453125,10240.0,5413.0,546.17,NVIDIA GeForce RTX 3080,[N/A],Enabled,Enabled
1701957777.820906,0,GPU-b342434c-f6b6-7627-333e-da750a9991e6,0.15,0.45439453125,10240.0,5413.0,546.17,NVIDIA GeForce RTX 3080,[N/A],Enabled,Enabled
1701957778.821355,0,GPU-b342434c-f6b6-7627-333e-da750a9991e6,0.15,0.45439453125,10240.0,5413.0,546.17,NVIDIA GeForce RTX 3080,[N/A],Enabled,Enabled
1701957779.820877,0,GPU-b342434c-f6b6-7627-333e-da750a9991e6,0.15,0.45439453125,10240.0,5413.0,546.17,NVIDIA GeForce RTX 3080,[N/A],Enabled,Enabled
1701957780.821325,0,GPU-b342434c-f6b6-7627-333e-da750a9991e6,0.14,0.45439453125,10240.0,5413.0,546.17,NVIDIA GeForce RTX 3080,[N/A],Enabled,Enabled
1701957781.820879,0,GPU-b342434c-f6b6-7627-333e-da750a9991e6,0.14,0.45439453125,10240.0,5413.0,546.17,NVIDIA GeForce RTX 3080,[N/A],Enabled,Enabled
1701957782.821953,0,GPU-b342434c-f6b6-7627-333e-da750a9991e6,0.14,0.45439453125,10240.0,5413.0,546.17,NVIDIA GeForce RTX 3080,[N/A],Enabled,Enabled
1701957783.821133,0,GPU-b342434c-f6b6-7627-333e-da750a9991e6,0.15,0.45439453125,10240.0,5413.0,546.17,NVIDIA GeForce RTX 3080,[N/A],Enabled,Enabled
1701957784.821459,0,GPU-b342434c-f6b6-7627-333e-da750a9991e6,0.15,0.45439453125,10240.0,5413.0,546.17,NVIDIA GeForce RTX 3080,[N/A],Enabled,Enabled
1701957785.82156,0,GPU-b342434c-f6b6-7627-333e-da750a9991e6,0.15,0.45439453125,10240.0,5413.0,546.17,NVIDIA GeForce RTX 3080,[N/A],Enabled,Enabled
1701957786.821515,0,GPU-b342434c-f6b6-7627-333e-da750a9991e6,0.14,0.45439453125,10240.0,5413.0,546.17,NVIDIA GeForce RTX 3080,[N/A],Enabled,Enabled
1701957787.821566,0,GPU-b342434c-f6b6-7627-333e-da750a9991e6,0.15,0.45439453125,10240.0,5413.0,546.17,NVIDIA GeForce RTX 3080,[N/A],Enabled,Enabled
1701957788.821359,0,GPU-b342434c-f6b6-7627-333e-da750a9991e6,0.15,0.45439453125,10240.0,5413.0,546.17,NVIDIA GeForce RTX 3080,[N/A],Enabled,Enabled
1701957789.821475,0,GPU-b342434c-f6b6-7627-333e-da750a9991e6,0.15,0.45439453125,10240.0,5413.0,546.17,NVIDIA GeForce RTX 3080,[N/A],Enabled,Enabled
1701957790.821543,0,GPU-b342434c-f6b6-7627-333e-da750a9991e6,0.15,0.45439453125,10240.0,5413.0,546.17,NVIDIA GeForce RTX 3080,[N/A],Enabled,Enabled
1701957791.822015,0,GPU-b342434c-f6b6-7627-333e-da750a9991e6,0.15,0.45439453125,10240.0,5413.0,546.17,NVIDIA GeForce RTX 3080,[N/A],Enabled,Enabled
1701957792.821672,0,GPU-b342434c-f6b6-7627-333e-da750a9991e6,0.15,0.45439453125,10240.0,5413.0,546.17,NVIDIA GeForce RTX 3080,[N/A],Enabled,Enabled
1701957793.820957,0,GPU-b342434c-f6b6-7627-333e-da750a9991e6,0.15,0.45439453125,10240.0,5413.0,546.17,NVIDIA GeForce RTX 3080,[N/A],Enabled,Enabled
1701957794.821875,0,GPU-b342434c-f6b6-7627-333e-da750a9991e6,0.15,0.45439453125,10240.0,5413.0,546.17,NVIDIA GeForce RTX 3080,[N/A],Enabled,Enabled
1701957795.821169,0,GPU-b342434c-f6b6-7627-333e-da750a9991e6,0.15,0.45439453125,10240.0,5413.0,546.17,NVIDIA GeForce RTX 3080,[N/A],Enabled,Enabled
1701957796.821178,0,GPU-b342434c-f6b6-7627-333e-da750a9991e6,0.15,0.45439453125,10240.0,5413.0,546.17,NVIDIA GeForce RTX 3080,[N/A],Enabled,Enabled
1701957797.822061,0,GPU-b342434c-f6b6-7627-333e-da750a9991e6,0.15,0.45439453125,10240.0,5413.0,546.17,NVIDIA GeForce RTX 3080,[N/A],Enabled,Enabled
1701957798.821553,0,GPU-b342434c-f6b6-7627-333e-da750a9991e6,0.15,0.45439453125,10240.0,5413.0,546.17,NVIDIA GeForce RTX 3080,[N/A],Enabled,Enabled
1701957799.821381,0,GPU-b342434c-f6b6-7627-333e-da750a9991e6,0.15,0.45439453125,10240.0,5413.0,546.17,NVIDIA GeForce RTX 3080,[N/A],Enabled,Enabled
1701957800.82183,0,GPU-b342434c-f6b6-7627-333e-da750a9991e6,0.15,0.45439453125,10240.0,5413.0,546.17,NVIDIA GeForce RTX 3080,[N/A],Enabled,Enabled
1701957801.820964,0,GPU-b342434c-f6b6-7627-333e-da750a9991e6,0.15,0.45439453125,10240.0,5413.0,546.17,NVIDIA GeForce RTX 3080,[N/A],Enabled,Enabled
1701957802.821307,0,GPU-b342434c-f6b6-7627-333e-da750a9991e6,0.14,0.45439453125,10240.0,5413.0,546.17,NVIDIA GeForce RTX 3080,[N/A],Enabled,Enabled
1701957803.821325,0,GPU-b342434c-f6b6-7627-333e-da750a9991e6,0.14,0.45439453125,10240.0,5413.0,546.17,NVIDIA GeForce RTX 3080,[N/A],Enabled,Enabled
1701957804.821036,0,GPU-b342434c-f6b6-7627-333e-da750a9991e6,0.14,0.45439453125,10240.0,5413.0,546.17,NVIDIA GeForce RTX 3080,[N/A],Enabled,Enabled
1701957805.821687,0,GPU-b342434c-f6b6-7627-333e-da750a9991e6,0.15,0.45439453125,10240.0,5413.0,546.17,NVIDIA GeForce RTX 3080,[N/A],Enabled,Enabled
1701957806.821124,0,GPU-b342434c-f6b6-7627-333e-da750a9991e6,0.15,0.45439453125,10240.0,5413.0,546.17,NVIDIA GeForce RTX 3080,[N/A],Enabled,Enabled
1701957807.821959,0,GPU-b342434c-f6b6-7627-333e-da750a9991e6,0.15,0.45439453125,10240.0,5413.0,546.17,NVIDIA GeForce RTX 3080,[N/A],Enabled,Enabled
1701957808.821016,0,GPU-b342434c-f6b6-7627-333e-da750a9991e6,0.15,0.45439453125,10240.0,5413.0,546.17,NVIDIA GeForce RTX 3080,[N/A],Enabled,Enabled
1701957809.821737,0,GPU-b342434c-f6b6-7627-333e-da750a9991e6,0.17,0.45439453125,10240.0,5413.0,546.17,NVIDIA GeForce RTX 3080,[N/A],Enabled,Enabled
1701957810.821719,0,GPU-b342434c-f6b6-7627-333e-da750a9991e6,0.14,0.45439453125,10240.0,5413.0,546.17,NVIDIA GeForce RTX 3080,[N/A],Enabled,Enabled
1701957811.8214,0,GPU-b342434c-f6b6-7627-333e-da750a9991e6,0.15,0.45439453125,10240.0,5413.0,546.17,NVIDIA GeForce RTX 3080,[N/A],Enabled,Enabled
1701957812.821082,0,GPU-b342434c-f6b6-7627-333e-da750a9991e6,0.15,0.45439453125,10240.0,5413.0,546.17,NVIDIA GeForce RTX 3080,[N/A],Enabled,Enabled
1701957813.821462,0,GPU-b342434c-f6b6-7627-333e-da750a9991e6,0.15,0.45439453125,10240.0,5413.0,546.17,NVIDIA GeForce RTX 3080,[N/A],Enabled,Enabled
1701957814.821528,0,GPU-b342434c-f6b6-7627-333e-da750a9991e6,0.15,0.45439453125,10240.0,5413.0,546.17,NVIDIA GeForce RTX 3080,[N/A],Enabled,Enabled
1701957815.821508,0,GPU-b342434c-f6b6-7627-333e-da750a9991e6,0.15,0.45439453125,10240.0,5413.0,546.17,NVIDIA GeForce RTX 3080,[N/A],Enabled,Enabled
1701957816.8207,0,GPU-b342434c-f6b6-7627-333e-da750a9991e6,0.15,0.45439453125,10240.0,5413.0,546.17,NVIDIA GeForce RTX 3080,[N/A],Enabled,Enabled
1701957817.821353,0,GPU-b342434c-f6b6-7627-333e-da750a9991e6,0.15,0.45439453125,10240.0,5413.0,546.17,NVIDIA GeForce RTX 3080,[N/A],Enabled,Enabled
1701957818.82131,0,GPU-b342434c-f6b6-7627-333e-da750a9991e6,0.15,0.45439453125,10240.0,5413.0,546.17,NVIDIA GeForce RTX 3080,[N/A],Enabled,Enabled
1701957819.821862,0,GPU-b342434c-f6b6-7627-333e-da750a9991e6,0.15,0.45439453125,10240.0,5413.0,546.17,NVIDIA GeForce RTX 3080,[N/A],Enabled,Enabled
1701957820.821762,0,GPU-b342434c-f6b6-7627-333e-da750a9991e6,0.15,0.45439453125,10240.0,5413.0,546.17,NVIDIA GeForce RTX 3080,[N/A],Enabled,Enabled
1701957821.820993,0,GPU-b342434c-f6b6-7627-333e-da750a9991e6,0.15,0.45439453125,10240.0,5413.0,546.17,NVIDIA GeForce RTX 3080,[N/A],Enabled,Enabled
1701957822.820985,0,GPU-b342434c-f6b6-7627-333e-da750a9991e6,0.15,0.45439453125,10240.0,5413.0,546.17,NVIDIA GeForce RTX 3080,[N/A],Enabled,Enabled
1701957823.821047,0,GPU-b342434c-f6b6-7627-333e-da750a9991e6,0.15,0.45439453125,10240.0,5413.0,546.17,NVIDIA GeForce RTX 3080,[N/A],Enabled,Enabled
1701957824.821596,0,GPU-b342434c-f6b6-7627-333e-da750a9991e6,0.15,0.45439453125,10240.0,5413.0,546.17,NVIDIA GeForce RTX 3080,[N/A],Enabled,Enabled
1701957825.821348,0,GPU-b342434c-f6b6-7627-333e-da750a9991e6,0.15,0.45439453125,10240.0,5413.0,546.17,NVIDIA GeForce RTX 3080,[N/A],Enabled,Enabled
1701957826.821903,0,GPU-b342434c-f6b6-7627-333e-da750a9991e6,0.15,0.45439453125,10240.0,5413.0,546.17,NVIDIA GeForce RTX 3080,[N/A],Enabled,Enabled
1701957827.821012,0,GPU-b342434c-f6b6-7627-333e-da750a9991e6,0.15,0.45439453125,10240.0,5413.0,546.17,NVIDIA GeForce RTX 3080,[N/A],Enabled,Enabled
1701957828.821347,0,GPU-b342434c-f6b6-7627-333e-da750a9991e6,0.15,0.45439453125,10240.0,5413.0,546.17,NVIDIA GeForce RTX 3080,[N/A],Enabled,Enabled
1701957829.821225,0,GPU-b342434c-f6b6-7627-333e-da750a9991e6,0.16,0.45439453125,10240.0,5413.0,546.17,NVIDIA GeForce RTX 3080,[N/A],Enabled,Enabled
1701957830.821185,0,GPU-b342434c-f6b6-7627-333e-da750a9991e6,0.15,0.45439453125,10240.0,5413.0,546.17,NVIDIA GeForce RTX 3080,[N/A],Enabled,Enabled
1701957831.821416,0,GPU-b342434c-f6b6-7627-333e-da750a9991e6,0.15,0.45439453125,10240.0,5413.0,546.17,NVIDIA GeForce RTX 3080,[N/A],Enabled,Enabled
1701957832.82118,0,GPU-b342434c-f6b6-7627-333e-da750a9991e6,0.16,0.45439453125,10240.0,5413.0,546.17,NVIDIA GeForce RTX 3080,[N/A],Enabled,Enabled
1701957833.821838,0,GPU-b342434c-f6b6-7627-333e-da750a9991e6,0.16,0.45439453125,10240.0,5413.0,546.17,NVIDIA GeForce RTX 3080,[N/A],Enabled,Enabled
1701957834.822033,0,GPU-b342434c-f6b6-7627-333e-da750a9991e6,0.14,0.45439453125,10240.0,5413.0,546.17,NVIDIA GeForce RTX 3080,[N/A],Enabled,Enabled
1701957835.821707,0,GPU-b342434c-f6b6-7627-333e-da750a9991e6,0.15,0.45439453125,10240.0,5413.0,546.17,NVIDIA GeForce RTX 3080,[N/A],Enabled,Enabled
1701957836.821635,0,GPU-b342434c-f6b6-7627-333e-da750a9991e6,0.16,0.45439453125,10240.0,5413.0,546.17,NVIDIA GeForce RTX 3080,[N/A],Enabled,Enabled
1701957837.821976,0,GPU-b342434c-f6b6-7627-333e-da750a9991e6,0.15,0.45439453125,10240.0,5413.0,546.17,NVIDIA GeForce RTX 3080,[N/A],Enabled,Enabled
1701957838.821058,0,GPU-b342434c-f6b6-7627-333e-da750a9991e6,0.15,0.45439453125,10240.0,5413.0,546.17,NVIDIA GeForce RTX 3080,[N/A],Enabled,Enabled
1701957839.821383,0,GPU-b342434c-f6b6-7627-333e-da750a9991e6,0.14,0.45439453125,10240.0,5413.0,546.17,NVIDIA GeForce RTX 3080,[N/A],Enabled,Enabled
1701957840.8213,0,GPU-b342434c-f6b6-7627-333e-da750a9991e6,0.15,0.45439453125,10240.0,5413.0,546.17,NVIDIA GeForce RTX 3080,[N/A],Enabled,Enabled
1701957841.821256,0,GPU-b342434c-f6b6-7627-333e-da750a9991e6,0.15,0.45439453125,10240.0,5413.0,546.17,NVIDIA GeForce RTX 3080,[N/A],Enabled,Enabled
1701957842.820988,0,GPU-b342434c-f6b6-7627-333e-da750a9991e6,0.15,0.45439453125,10240.0,5413.0,546.17,NVIDIA GeForce RTX 3080,[N/A],Enabled,Enabled
1701957843.821627,0,GPU-b342434c-f6b6-7627-333e-da750a9991e6,0.14,0.45439453125,10240.0,5413.0,546.17,NVIDIA GeForce RTX 3080,[N/A],Enabled,Enabled
1701957844.821562,0,GPU-b342434c-f6b6-7627-333e-da750a9991e6,0.15,0.45439453125,10240.0,5413.0,546.17,NVIDIA GeForce RTX 3080,[N/A],Enabled,Enabled
1701957845.821592,0,GPU-b342434c-f6b6-7627-333e-da750a9991e6,0.15,0.45439453125,10240.0,5413.0,546.17,NVIDIA GeForce RTX 3080,[N/A],Enabled,Enabled
1701957846.821276,0,GPU-b342434c-f6b6-7627-333e-da750a9991e6,0.15,0.45439453125,10240.0,5413.0,546.17,NVIDIA GeForce RTX 3080,[N/A],Enabled,Enabled
1701957847.82188,0,GPU-b342434c-f6b6-7627-333e-da750a9991e6,0.14,0.45439453125,10240.0,5413.0,546.17,NVIDIA GeForce RTX 3080,[N/A],Enabled,Enabled
1701957848.821352,0,GPU-b342434c-f6b6-7627-333e-da750a9991e6,0.15,0.45439453125,10240.0,5413.0,546.17,NVIDIA GeForce RTX 3080,[N/A],Enabled,Enabled
1701957849.821968,0,GPU-b342434c-f6b6-7627-333e-da750a9991e6,0.15,0.45439453125,10240.0,5413.0,546.17,NVIDIA GeForce RTX 3080,[N/A],Enabled,Enabled
1701957850.821168,0,GPU-b342434c-f6b6-7627-333e-da750a9991e6,0.14,0.45439453125,10240.0,5413.0,546.17,NVIDIA GeForce RTX 3080,[N/A],Enabled,Enabled
1701957851.821884,0,GPU-b342434c-f6b6-7627-333e-da750a9991e6,0.15,0.45439453125,10240.0,5413.0,546.17,NVIDIA GeForce RTX 3080,[N/A],Enabled,Enabled
1701957852.821058,0,GPU-b342434c-f6b6-7627-333e-da750a9991e6,0.15,0.45439453125,10240.0,5413.0,546.17,NVIDIA GeForce RTX 3080,[N/A],Enabled,Enabled
1701957853.821345,0,GPU-b342434c-f6b6-7627-333e-da750a9991e6,0.14,0.45439453125,10240.0,5413.0,546.17,NVIDIA GeForce RTX 3080,[N/A],Enabled,Enabled
1701957854.821815,0,GPU-b342434c-f6b6-7627-333e-da750a9991e6,0.15,0.45439453125,10240.0,5413.0,546.17,NVIDIA GeForce RTX 3080,[N/A],Enabled,Enabled
1701957855.821752,0,GPU-b342434c-f6b6-7627-333e-da750a9991e6,0.14,0.45439453125,10240.0,5413.0,546.17,NVIDIA GeForce RTX 3080,[N/A],Enabled,Enabled
1701957856.821315,0,GPU-b342434c-f6b6-7627-333e-da750a9991e6,0.15,0.45439453125,10240.0,5413.0,546.17,NVIDIA GeForce RTX 3080,[N/A],Enabled,Enabled
1701957857.821575,0,GPU-b342434c-f6b6-7627-333e-da750a9991e6,0.15,0.45439453125,10240.0,5413.0,546.17,NVIDIA GeForce RTX 3080,[N/A],Enabled,Enabled
1701957858.821974,0,GPU-b342434c-f6b6-7627-333e-da750a9991e6,0.15,0.45439453125,10240.0,5413.0,546.17,NVIDIA GeForce RTX 3080,[N/A],Enabled,Enabled
1701957859.821281,0,GPU-b342434c-f6b6-7627-333e-da750a9991e6,0.15,0.45439453125,10240.0,5413.0,546.17,NVIDIA GeForce RTX 3080,[N/A],Enabled,Enabled
1701957860.821202,0,GPU-b342434c-f6b6-7627-333e-da750a9991e6,0.14,0.45439453125,10240.0,5413.0,546.17,NVIDIA GeForce RTX 3080,[N/A],Enabled,Enabled
1701957861.821681,0,GPU-b342434c-f6b6-7627-333e-da750a9991e6,0.12,0.4474609375,10240.0,5484.0,546.17,NVIDIA GeForce RTX 3080,[N/A],Enabled,Enabled
1701957862.820783,0,GPU-b342434c-f6b6-7627-333e-da750a9991e6,0.12,0.4474609375,10240.0,5484.0,546.17,NVIDIA GeForce RTX 3080,[N/A],Enabled,Enabled
1701957863.821777,0,GPU-b342434c-f6b6-7627-333e-da750a9991e6,0.11,0.44365234375,10240.0,5523.0,546.17,NVIDIA GeForce RTX 3080,[N/A],Enabled,Enabled
1701957864.821916,0,GPU-b342434c-f6b6-7627-333e-da750a9991e6,0.12,0.44736328125,10240.0,5485.0,546.17,NVIDIA GeForce RTX 3080,[N/A],Enabled,Enabled
1701957865.821087,0,GPU-b342434c-f6b6-7627-333e-da750a9991e6,0.12,0.447265625,10240.0,5486.0,546.17,NVIDIA GeForce RTX 3080,[N/A],Enabled,Enabled
1701957866.821634,0,GPU-b342434c-f6b6-7627-333e-da750a9991e6,0.12,0.4435546875,10240.0,5524.0,546.17,NVIDIA GeForce RTX 3080,[N/A],Enabled,Enabled
1701957867.821766,0,GPU-b342434c-f6b6-7627-333e-da750a9991e6,0.13,0.447265625,10240.0,5486.0,546.17,NVIDIA GeForce RTX 3080,[N/A],Enabled,Enabled
1701957868.820865,0,GPU-b342434c-f6b6-7627-333e-da750a9991e6,0.12,0.4435546875,10240.0,5524.0,546.17,NVIDIA GeForce RTX 3080,[N/A],Enabled,Enabled
1701957869.821403,0,GPU-b342434c-f6b6-7627-333e-da750a9991e6,0.12,0.4431640625,10240.0,5528.0,546.17,NVIDIA GeForce RTX 3080,[N/A],Enabled,Enabled
1701957870.821083,0,GPU-b342434c-f6b6-7627-333e-da750a9991e6,0.11,0.4431640625,10240.0,5528.0,546.17,NVIDIA GeForce RTX 3080,[N/A],Enabled,Enabled
1701957871.821484,0,GPU-b342434c-f6b6-7627-333e-da750a9991e6,0.11,0.4431640625,10240.0,5528.0,546.17,NVIDIA GeForce RTX 3080,[N/A],Enabled,Enabled
1701957872.821568,0,GPU-b342434c-f6b6-7627-333e-da750a9991e6,0.11,0.4431640625,10240.0,5528.0,546.17,NVIDIA GeForce RTX 3080,[N/A],Enabled,Enabled
1701957873.821096,0,GPU-b342434c-f6b6-7627-333e-da750a9991e6,0.11,0.421875,10240.0,5746.0,546.17,NVIDIA GeForce RTX 3080,[N/A],Enabled,Enabled
1701957874.822037,0,GPU-b342434c-f6b6-7627-333e-da750a9991e6,0.14,0.39326171875,10240.0,6039.0,546.17,NVIDIA GeForce RTX 3080,[N/A],Enabled,Enabled
1701957875.821271,0,GPU-b342434c-f6b6-7627-333e-da750a9991e6,0.14,0.39306640625,10240.0,6041.0,546.17,NVIDIA GeForce RTX 3080,[N/A],Enabled,Enabled
1701957876.820953,0,GPU-b342434c-f6b6-7627-333e-da750a9991e6,0.15,0.39111328125,10240.0,6061.0,546.17,NVIDIA GeForce RTX 3080,[N/A],Enabled,Enabled
1701957877.821603,0,GPU-b342434c-f6b6-7627-333e-da750a9991e6,0.14,0.38740234375,10240.0,6099.0,546.17,NVIDIA GeForce RTX 3080,[N/A],Enabled,Enabled
1701957878.822069,0,GPU-b342434c-f6b6-7627-333e-da750a9991e6,0.15,0.38740234375,10240.0,6099.0,546.17,NVIDIA GeForce RTX 3080,[N/A],Enabled,Enabled
1701957879.821408,0,GPU-b342434c-f6b6-7627-333e-da750a9991e6,0.13,0.3869140625,10240.0,6104.0,546.17,NVIDIA GeForce RTX 3080,[N/A],Enabled,Enabled
1701957880.821654,0,GPU-b342434c-f6b6-7627-333e-da750a9991e6,0.15,0.3853515625,10240.0,6120.0,546.17,NVIDIA GeForce RTX 3080,[N/A],Enabled,Enabled
