timestamp,id,uuid,load,memoryUtil,memoryTotal,memoryUsed,memoryFree,driver,name,serial,display_mode,display_active
1709643480.262885,0,GPU-93ae0c7f-c327-aee3-adae-bc0d1dae71ea,0.18,0.224149161374369,12282.0,9258.0,551.61,NVIDIA GeForce RTX 4070,[N/A],Enabled,Enabled
1709643481.258891,0,GPU-93ae0c7f-c327-aee3-adae-bc0d1dae71ea,0.18,0.2247191011235955,12282.0,9251.0,551.61,NVIDIA GeForce RTX 4070,[N/A],Enabled,Enabled
1709643482.25892,0,GPU-93ae0c7f-c327-aee3-adae-bc0d1dae71ea,0.17,0.22406774141019378,12282.0,9259.0,551.61,NVIDIA GeForce RTX 4070,[N/A],Enabled,Enabled
1709643483.259259,0,GPU-93ae0c7f-c327-aee3-adae-bc0d1dae71ea,0.17,0.22406774141019378,12282.0,9259.0,551.61,NVIDIA GeForce RTX 4070,[N/A],Enabled,Enabled
1709643484.258853,0,GPU-93ae0c7f-c327-aee3-adae-bc0d1dae71ea,0.17,0.22406774141019378,12282.0,9259.0,551.61,NVIDIA GeForce RTX 4070,[N/A],Enabled,Enabled
1709643485.259199,0,GPU-93ae0c7f-c327-aee3-adae-bc0d1dae71ea,0.17,0.22406774141019378,12282.0,9259.0,551.61,NVIDIA GeForce RTX 4070,[N/A],Enabled,Enabled
1709643486.258155,0,GPU-93ae0c7f-c327-aee3-adae-bc0d1dae71ea,0.17,0.2231721218042664,12282.0,9270.0,551.61,NVIDIA GeForce RTX 4070,[N/A],Enabled,Enabled
1709643487.258282,0,GPU-93ae0c7f-c327-aee3-adae-bc0d1dae71ea,0.18,0.2231721218042664,12282.0,9270.0,551.61,NVIDIA GeForce RTX 4070,[N/A],Enabled,Enabled
1709643488.258544,0,GPU-93ae0c7f-c327-aee3-adae-bc0d1dae71ea,0.18,0.2231721218042664,12282.0,9270.0,551.61,NVIDIA GeForce RTX 4070,[N/A],Enabled,Enabled
1709643489.259052,0,GPU-93ae0c7f-c327-aee3-adae-bc0d1dae71ea,0.18,0.2231721218042664,12282.0,9270.0,551.61,NVIDIA GeForce RTX 4070,[N/A],Enabled,Enabled
1709643490.259543,0,GPU-93ae0c7f-c327-aee3-adae-bc0d1dae71ea,0.18,0.2231721218042664,12282.0,9270.0,551.61,NVIDIA GeForce RTX 4070,[N/A],Enabled,Enabled
1709643491.258943,0,GPU-93ae0c7f-c327-aee3-adae-bc0d1dae71ea,0.17,0.2231721218042664,12282.0,9270.0,551.61,NVIDIA GeForce RTX 4070,[N/A],Enabled,Enabled
1709643492.258811,0,GPU-93ae0c7f-c327-aee3-adae-bc0d1dae71ea,0.17,0.2231721218042664,12282.0,9270.0,551.61,NVIDIA GeForce RTX 4070,[N/A],Enabled,Enabled
1709643493.258481,0,GPU-93ae0c7f-c327-aee3-adae-bc0d1dae71ea,0.17,0.2231721218042664,12282.0,9270.0,551.61,NVIDIA GeForce RTX 4070,[N/A],Enabled,Enabled
1709643494.258001,0,GPU-93ae0c7f-c327-aee3-adae-bc0d1dae71ea,0.17,0.2231721218042664,12282.0,9270.0,551.61,NVIDIA GeForce RTX 4070,[N/A],Enabled,Enabled
1709643495.259131,0,GPU-93ae0c7f-c327-aee3-adae-bc0d1dae71ea,0.19,0.2225207620908647,12282.0,9278.0,551.61,NVIDIA GeForce RTX 4070,[N/A],Enabled,Enabled
1709643496.258891,0,GPU-93ae0c7f-c327-aee3-adae-bc0d1dae71ea,0.19,0.22488194105194595,12282.0,9249.0,551.61,NVIDIA GeForce RTX 4070,[N/A],Enabled,Enabled
1709643497.258421,0,GPU-93ae0c7f-c327-aee3-adae-bc0d1dae71ea,0.17,0.2236606415893177,12282.0,9264.0,551.61,NVIDIA GeForce RTX 4070,[N/A],Enabled,Enabled
1709643498.258375,0,GPU-93ae0c7f-c327-aee3-adae-bc0d1dae71ea,0.16,0.22341638169679207,12282.0,9267.0,551.61,NVIDIA GeForce RTX 4070,[N/A],Enabled,Enabled
1709643499.259042,0,GPU-93ae0c7f-c327-aee3-adae-bc0d1dae71ea,0.16,0.22341638169679207,12282.0,9267.0,551.61,NVIDIA GeForce RTX 4070,[N/A],Enabled,Enabled
1709643500.259194,0,GPU-93ae0c7f-c327-aee3-adae-bc0d1dae71ea,0.16,0.22341638169679207,12282.0,9267.0,551.61,NVIDIA GeForce RTX 4070,[N/A],Enabled,Enabled
1709643501.258852,0,GPU-93ae0c7f-c327-aee3-adae-bc0d1dae71ea,0.16,0.22341638169679207,12282.0,9267.0,551.61,NVIDIA GeForce RTX 4070,[N/A],Enabled,Enabled
1709643502.2588,0,GPU-93ae0c7f-c327-aee3-adae-bc0d1dae71ea,0.16,0.22341638169679207,12282.0,9267.0,551.61,NVIDIA GeForce RTX 4070,[N/A],Enabled,Enabled
1709643503.259238,0,GPU-93ae0c7f-c327-aee3-adae-bc0d1dae71ea,0.16,0.22341638169679207,12282.0,9267.0,551.61,NVIDIA GeForce RTX 4070,[N/A],Enabled,Enabled
1709643504.258855,0,GPU-93ae0c7f-c327-aee3-adae-bc0d1dae71ea,0.16,0.22341638169679207,12282.0,9267.0,551.61,NVIDIA GeForce RTX 4070,[N/A],Enabled,Enabled
1709643505.258816,0,GPU-93ae0c7f-c327-aee3-adae-bc0d1dae71ea,0.16,0.22341638169679207,12282.0,9267.0,551.61,NVIDIA GeForce RTX 4070,[N/A],Enabled,Enabled
1709643506.258539,0,GPU-93ae0c7f-c327-aee3-adae-bc0d1dae71ea,0.15,0.22341638169679207,12282.0,9267.0,551.61,NVIDIA GeForce RTX 4070,[N/A],Enabled,Enabled
1709643507.259207,0,GPU-93ae0c7f-c327-aee3-adae-bc0d1dae71ea,0.15,0.22341638169679207,12282.0,9267.0,551.61,NVIDIA GeForce RTX 4070,[N/A],Enabled,Enabled
1709643508.258116,0,GPU-93ae0c7f-c327-aee3-adae-bc0d1dae71ea,0.15,0.22341638169679207,12282.0,9267.0,551.61,NVIDIA GeForce RTX 4070,[N/A],Enabled,Enabled
1709643509.259025,0,GPU-93ae0c7f-c327-aee3-adae-bc0d1dae71ea,0.15,0.22341638169679207,12282.0,9267.0,551.61,NVIDIA GeForce RTX 4070,[N/A],Enabled,Enabled
1709643510.258469,0,GPU-93ae0c7f-c327-aee3-adae-bc0d1dae71ea,0.15,0.22341638169679207,12282.0,9267.0,551.61,NVIDIA GeForce RTX 4070,[N/A],Enabled,Enabled
1709643511.25867,0,GPU-93ae0c7f-c327-aee3-adae-bc0d1dae71ea,0.16,0.22341638169679207,12282.0,9267.0,551.61,NVIDIA GeForce RTX 4070,[N/A],Enabled,Enabled
1709643512.25903,0,GPU-93ae0c7f-c327-aee3-adae-bc0d1dae71ea,0.16,0.22341638169679207,12282.0,9267.0,551.61,NVIDIA GeForce RTX 4070,[N/A],Enabled,Enabled
1709643513.258174,0,GPU-93ae0c7f-c327-aee3-adae-bc0d1dae71ea,0.16,0.22341638169679207,12282.0,9267.0,551.61,NVIDIA GeForce RTX 4070,[N/A],Enabled,Enabled
1709643514.258973,0,GPU-93ae0c7f-c327-aee3-adae-bc0d1dae71ea,0.16,0.22341638169679207,12282.0,9267.0,551.61,NVIDIA GeForce RTX 4070,[N/A],Enabled,Enabled
1709643515.258347,0,GPU-93ae0c7f-c327-aee3-adae-bc0d1dae71ea,0.16,0.22341638169679207,12282.0,9267.0,551.61,NVIDIA GeForce RTX 4070,[N/A],Enabled,Enabled
1709643516.258365,0,GPU-93ae0c7f-c327-aee3-adae-bc0d1dae71ea,0.16,0.22781305976225372,12282.0,9213.0,551.61,NVIDIA GeForce RTX 4070,[N/A],Enabled,Enabled
1709643517.259375,0,GPU-93ae0c7f-c327-aee3-adae-bc0d1dae71ea,0.17,0.3300765347663247,12282.0,7957.0,551.61,NVIDIA GeForce RTX 4070,[N/A],Enabled,Enabled
1709643518.258904,0,GPU-93ae0c7f-c327-aee3-adae-bc0d1dae71ea,0.1,0.2980784888454649,12282.0,8350.0,551.61,NVIDIA GeForce RTX 4070,[N/A],Enabled,Enabled
1709643519.259,0,GPU-93ae0c7f-c327-aee3-adae-bc0d1dae71ea,0.1,0.2979970688812897,12282.0,8351.0,551.61,NVIDIA GeForce RTX 4070,[N/A],Enabled,Enabled
1709643520.258548,0,GPU-93ae0c7f-c327-aee3-adae-bc0d1dae71ea,0.1,0.2979970688812897,12282.0,8351.0,551.61,NVIDIA GeForce RTX 4070,[N/A],Enabled,Enabled
1709643521.259137,0,GPU-93ae0c7f-c327-aee3-adae-bc0d1dae71ea,0.12,0.2335124572545188,12282.0,9143.0,551.61,NVIDIA GeForce RTX 4070,[N/A],Enabled,Enabled
1709643522.258188,0,GPU-93ae0c7f-c327-aee3-adae-bc0d1dae71ea,0.11,0.38983878847093306,12282.0,7223.0,551.61,NVIDIA GeForce RTX 4070,[N/A],Enabled,Enabled
1709643523.258317,0,GPU-93ae0c7f-c327-aee3-adae-bc0d1dae71ea,0.31,0.4131248982250448,12282.0,6937.0,551.61,NVIDIA GeForce RTX 4070,[N/A],Enabled,Enabled
1709643524.258856,0,GPU-93ae0c7f-c327-aee3-adae-bc0d1dae71ea,0.29,0.41304347826086957,12282.0,6938.0,551.61,NVIDIA GeForce RTX 4070,[N/A],Enabled,Enabled
1709643525.259048,0,GPU-93ae0c7f-c327-aee3-adae-bc0d1dae71ea,0.26,0.40872822015958316,12282.0,6991.0,551.61,NVIDIA GeForce RTX 4070,[N/A],Enabled,Enabled
1709643526.25847,0,GPU-93ae0c7f-c327-aee3-adae-bc0d1dae71ea,0.28,0.40872822015958316,12282.0,6991.0,551.61,NVIDIA GeForce RTX 4070,[N/A],Enabled,Enabled
1709643527.258254,0,GPU-93ae0c7f-c327-aee3-adae-bc0d1dae71ea,0.27,0.40872822015958316,12282.0,6991.0,551.61,NVIDIA GeForce RTX 4070,[N/A],Enabled,Enabled
1709643528.259291,0,GPU-93ae0c7f-c327-aee3-adae-bc0d1dae71ea,0.29,0.41296205829669436,12282.0,6939.0,551.61,NVIDIA GeForce RTX 4070,[N/A],Enabled,Enabled
1709643529.258128,0,GPU-93ae0c7f-c327-aee3-adae-bc0d1dae71ea,0.13,0.5137599739456115,12282.0,5701.0,551.61,NVIDIA GeForce RTX 4070,[N/A],Enabled,Enabled
1709643530.259125,0,GPU-93ae0c7f-c327-aee3-adae-bc0d1dae71ea,0.29,0.41385767790262173,12282.0,6928.0,551.61,NVIDIA GeForce RTX 4070,[N/A],Enabled,Enabled
1709643531.258401,0,GPU-93ae0c7f-c327-aee3-adae-bc0d1dae71ea,0.3,0.41385767790262173,12282.0,6928.0,551.61,NVIDIA GeForce RTX 4070,[N/A],Enabled,Enabled
1709643532.258312,0,GPU-93ae0c7f-c327-aee3-adae-bc0d1dae71ea,0.3,0.41385767790262173,12282.0,6928.0,551.61,NVIDIA GeForce RTX 4070,[N/A],Enabled,Enabled
1709643533.25886,0,GPU-93ae0c7f-c327-aee3-adae-bc0d1dae71ea,0.3,0.41385767790262173,12282.0,6928.0,551.61,NVIDIA GeForce RTX 4070,[N/A],Enabled,Enabled
1709643534.258745,0,GPU-93ae0c7f-c327-aee3-adae-bc0d1dae71ea,0.31,0.41385767790262173,12282.0,6928.0,551.61,NVIDIA GeForce RTX 4070,[N/A],Enabled,Enabled
1709643535.258791,0,GPU-93ae0c7f-c327-aee3-adae-bc0d1dae71ea,0.29,0.41385767790262173,12282.0,6928.0,551.61,NVIDIA GeForce RTX 4070,[N/A],Enabled,Enabled
1709643536.258405,0,GPU-93ae0c7f-c327-aee3-adae-bc0d1dae71ea,0.28,0.4096238397655105,12282.0,6980.0,551.61,NVIDIA GeForce RTX 4070,[N/A],Enabled,Enabled
1709643537.258562,0,GPU-93ae0c7f-c327-aee3-adae-bc0d1dae71ea,0.29,0.41385767790262173,12282.0,6928.0,551.61,NVIDIA GeForce RTX 4070,[N/A],Enabled,Enabled
1709643538.258171,0,GPU-93ae0c7f-c327-aee3-adae-bc0d1dae71ea,0.3,0.41385767790262173,12282.0,6928.0,551.61,NVIDIA GeForce RTX 4070,[N/A],Enabled,Enabled
1709643539.259139,0,GPU-93ae0c7f-c327-aee3-adae-bc0d1dae71ea,0.3,0.41385767790262173,12282.0,6928.0,551.61,NVIDIA GeForce RTX 4070,[N/A],Enabled,Enabled
1709643540.259281,0,GPU-93ae0c7f-c327-aee3-adae-bc0d1dae71ea,0.28,0.4096238397655105,12282.0,6980.0,551.61,NVIDIA GeForce RTX 4070,[N/A],Enabled,Enabled
1709643541.258306,0,GPU-93ae0c7f-c327-aee3-adae-bc0d1dae71ea,0.23,0.41133365901319,12282.0,6959.0,551.61,NVIDIA GeForce RTX 4070,[N/A],Enabled,Enabled
1709643542.258233,0,GPU-93ae0c7f-c327-aee3-adae-bc0d1dae71ea,0.33,0.4176844162188569,12282.0,6881.0,551.61,NVIDIA GeForce RTX 4070,[N/A],Enabled,Enabled
1709643543.258538,0,GPU-93ae0c7f-c327-aee3-adae-bc0d1dae71ea,0.35,0.4176844162188569,12282.0,6881.0,551.61,NVIDIA GeForce RTX 4070,[N/A],Enabled,Enabled
1709643544.258176,0,GPU-93ae0c7f-c327-aee3-adae-bc0d1dae71ea,0.34,0.4176844162188569,12282.0,6881.0,551.61,NVIDIA GeForce RTX 4070,[N/A],Enabled,Enabled
1709643545.258056,0,GPU-93ae0c7f-c327-aee3-adae-bc0d1dae71ea,0.33,0.4176844162188569,12282.0,6881.0,551.61,NVIDIA GeForce RTX 4070,[N/A],Enabled,Enabled
1709643546.259478,0,GPU-93ae0c7f-c327-aee3-adae-bc0d1dae71ea,0.35,0.4176844162188569,12282.0,6881.0,551.61,NVIDIA GeForce RTX 4070,[N/A],Enabled,Enabled
1709643547.259049,0,GPU-93ae0c7f-c327-aee3-adae-bc0d1dae71ea,0.33,0.4176844162188569,12282.0,6881.0,551.61,NVIDIA GeForce RTX 4070,[N/A],Enabled,Enabled
1709643548.258875,0,GPU-93ae0c7f-c327-aee3-adae-bc0d1dae71ea,0.32,0.4176844162188569,12282.0,6881.0,551.61,NVIDIA GeForce RTX 4070,[N/A],Enabled,Enabled
1709643549.258446,0,GPU-93ae0c7f-c327-aee3-adae-bc0d1dae71ea,0.33,0.4176844162188569,12282.0,6881.0,551.61,NVIDIA GeForce RTX 4070,[N/A],Enabled,Enabled
1709643550.258497,0,GPU-93ae0c7f-c327-aee3-adae-bc0d1dae71ea,0.33,0.4176844162188569,12282.0,6881.0,551.61,NVIDIA GeForce RTX 4070,[N/A],Enabled,Enabled
1709643551.258897,0,GPU-93ae0c7f-c327-aee3-adae-bc0d1dae71ea,0.33,0.4176844162188569,12282.0,6881.0,551.61,NVIDIA GeForce RTX 4070,[N/A],Enabled,Enabled
1709643552.258452,0,GPU-93ae0c7f-c327-aee3-adae-bc0d1dae71ea,0.32,0.4176844162188569,12282.0,6881.0,551.61,NVIDIA GeForce RTX 4070,[N/A],Enabled,Enabled
1709643553.258836,0,GPU-93ae0c7f-c327-aee3-adae-bc0d1dae71ea,0.36,0.4176844162188569,12282.0,6881.0,551.61,NVIDIA GeForce RTX 4070,[N/A],Enabled,Enabled
1709643554.258886,0,GPU-93ae0c7f-c327-aee3-adae-bc0d1dae71ea,0.35,0.4176844162188569,12282.0,6881.0,551.61,NVIDIA GeForce RTX 4070,[N/A],Enabled,Enabled
1709643555.259071,0,GPU-93ae0c7f-c327-aee3-adae-bc0d1dae71ea,0.33,0.4176844162188569,12282.0,6881.0,551.61,NVIDIA GeForce RTX 4070,[N/A],Enabled,Enabled
1709643556.258737,0,GPU-93ae0c7f-c327-aee3-adae-bc0d1dae71ea,0.34,0.4176844162188569,12282.0,6881.0,551.61,NVIDIA GeForce RTX 4070,[N/A],Enabled,Enabled
1709643557.258279,0,GPU-93ae0c7f-c327-aee3-adae-bc0d1dae71ea,0.37,0.4176844162188569,12282.0,6881.0,551.61,NVIDIA GeForce RTX 4070,[N/A],Enabled,Enabled
1709643558.25919,0,GPU-93ae0c7f-c327-aee3-adae-bc0d1dae71ea,0.35,0.4176844162188569,12282.0,6881.0,551.61,NVIDIA GeForce RTX 4070,[N/A],Enabled,Enabled
1709643559.259016,0,GPU-93ae0c7f-c327-aee3-adae-bc0d1dae71ea,0.37,0.4176844162188569,12282.0,6881.0,551.61,NVIDIA GeForce RTX 4070,[N/A],Enabled,Enabled
1709643560.259164,0,GPU-93ae0c7f-c327-aee3-adae-bc0d1dae71ea,0.34,0.4176844162188569,12282.0,6881.0,551.61,NVIDIA GeForce RTX 4070,[N/A],Enabled,Enabled
1709643561.25916,0,GPU-93ae0c7f-c327-aee3-adae-bc0d1dae71ea,0.33,0.4176844162188569,12282.0,6881.0,551.61,NVIDIA GeForce RTX 4070,[N/A],Enabled,Enabled
1709643562.258291,0,GPU-93ae0c7f-c327-aee3-adae-bc0d1dae71ea,0.35,0.4176844162188569,12282.0,6881.0,551.61,NVIDIA GeForce RTX 4070,[N/A],Enabled,Enabled
1709643563.259717,0,GPU-93ae0c7f-c327-aee3-adae-bc0d1dae71ea,0.36,0.4176844162188569,12282.0,6881.0,551.61,NVIDIA GeForce RTX 4070,[N/A],Enabled,Enabled
1709643564.258387,0,GPU-93ae0c7f-c327-aee3-adae-bc0d1dae71ea,0.35,0.4176844162188569,12282.0,6881.0,551.61,NVIDIA GeForce RTX 4070,[N/A],Enabled,Enabled
1709643565.258887,0,GPU-93ae0c7f-c327-aee3-adae-bc0d1dae71ea,0.37,0.4176844162188569,12282.0,6881.0,551.61,NVIDIA GeForce RTX 4070,[N/A],Enabled,Enabled
1709643566.258509,0,GPU-93ae0c7f-c327-aee3-adae-bc0d1dae71ea,0.34,0.4176844162188569,12282.0,6881.0,551.61,NVIDIA GeForce RTX 4070,[N/A],Enabled,Enabled
1709643567.258826,0,GPU-93ae0c7f-c327-aee3-adae-bc0d1dae71ea,0.31,0.4176844162188569,12282.0,6881.0,551.61,NVIDIA GeForce RTX 4070,[N/A],Enabled,Enabled
1709643568.259252,0,GPU-93ae0c7f-c327-aee3-adae-bc0d1dae71ea,0.35,0.4176844162188569,12282.0,6881.0,551.61,NVIDIA GeForce RTX 4070,[N/A],Enabled,Enabled
1709643569.258496,0,GPU-93ae0c7f-c327-aee3-adae-bc0d1dae71ea,0.35,0.4176844162188569,12282.0,6881.0,551.61,NVIDIA GeForce RTX 4070,[N/A],Enabled,Enabled
1709643570.259661,0,GPU-93ae0c7f-c327-aee3-adae-bc0d1dae71ea,0.37,0.4176844162188569,12282.0,6881.0,551.61,NVIDIA GeForce RTX 4070,[N/A],Enabled,Enabled
1709643571.2588,0,GPU-93ae0c7f-c327-aee3-adae-bc0d1dae71ea,0.34,0.4176844162188569,12282.0,6881.0,551.61,NVIDIA GeForce RTX 4070,[N/A],Enabled,Enabled
1709643572.258531,0,GPU-93ae0c7f-c327-aee3-adae-bc0d1dae71ea,0.35,0.4176844162188569,12282.0,6881.0,551.61,NVIDIA GeForce RTX 4070,[N/A],Enabled,Enabled
1709643573.258818,0,GPU-93ae0c7f-c327-aee3-adae-bc0d1dae71ea,0.34,0.4176844162188569,12282.0,6881.0,551.61,NVIDIA GeForce RTX 4070,[N/A],Enabled,Enabled
1709643574.258285,0,GPU-93ae0c7f-c327-aee3-adae-bc0d1dae71ea,0.34,0.4176844162188569,12282.0,6881.0,551.61,NVIDIA GeForce RTX 4070,[N/A],Enabled,Enabled
1709643575.259083,0,GPU-93ae0c7f-c327-aee3-adae-bc0d1dae71ea,0.36,0.4176844162188569,12282.0,6881.0,551.61,NVIDIA GeForce RTX 4070,[N/A],Enabled,Enabled
1709643576.259336,0,GPU-93ae0c7f-c327-aee3-adae-bc0d1dae71ea,0.32,0.4176844162188569,12282.0,6881.0,551.61,NVIDIA GeForce RTX 4070,[N/A],Enabled,Enabled
1709643577.258443,0,GPU-93ae0c7f-c327-aee3-adae-bc0d1dae71ea,0.34,0.4176844162188569,12282.0,6881.0,551.61,NVIDIA GeForce RTX 4070,[N/A],Enabled,Enabled
1709643578.259006,0,GPU-93ae0c7f-c327-aee3-adae-bc0d1dae71ea,0.34,0.4176844162188569,12282.0,6881.0,551.61,NVIDIA GeForce RTX 4070,[N/A],Enabled,Enabled
1709643579.258386,0,GPU-93ae0c7f-c327-aee3-adae-bc0d1dae71ea,0.34,0.4176844162188569,12282.0,6881.0,551.61,NVIDIA GeForce RTX 4070,[N/A],Enabled,Enabled
1709643580.258899,0,GPU-93ae0c7f-c327-aee3-adae-bc0d1dae71ea,0.35,0.4176844162188569,12282.0,6881.0,551.61,NVIDIA GeForce RTX 4070,[N/A],Enabled,Enabled
1709643581.258419,0,GPU-93ae0c7f-c327-aee3-adae-bc0d1dae71ea,0.32,0.4176844162188569,12282.0,6881.0,551.61,NVIDIA GeForce RTX 4070,[N/A],Enabled,Enabled
1709643582.258822,0,GPU-93ae0c7f-c327-aee3-adae-bc0d1dae71ea,0.33,0.4176844162188569,12282.0,6881.0,551.61,NVIDIA GeForce RTX 4070,[N/A],Enabled,Enabled
1709643583.258986,0,GPU-93ae0c7f-c327-aee3-adae-bc0d1dae71ea,0.37,0.4176844162188569,12282.0,6881.0,551.61,NVIDIA GeForce RTX 4070,[N/A],Enabled,Enabled
1709643584.259543,0,GPU-93ae0c7f-c327-aee3-adae-bc0d1dae71ea,0.36,0.4176844162188569,12282.0,6881.0,551.61,NVIDIA GeForce RTX 4070,[N/A],Enabled,Enabled
1709643585.259558,0,GPU-93ae0c7f-c327-aee3-adae-bc0d1dae71ea,0.33,0.4176844162188569,12282.0,6881.0,551.61,NVIDIA GeForce RTX 4070,[N/A],Enabled,Enabled
1709643586.258254,0,GPU-93ae0c7f-c327-aee3-adae-bc0d1dae71ea,0.35,0.4176844162188569,12282.0,6881.0,551.61,NVIDIA GeForce RTX 4070,[N/A],Enabled,Enabled
1709643587.258821,0,GPU-93ae0c7f-c327-aee3-adae-bc0d1dae71ea,0.32,0.4176844162188569,12282.0,6881.0,551.61,NVIDIA GeForce RTX 4070,[N/A],Enabled,Enabled
1709643588.25888,0,GPU-93ae0c7f-c327-aee3-adae-bc0d1dae71ea,0.32,0.4176844162188569,12282.0,6881.0,551.61,NVIDIA GeForce RTX 4070,[N/A],Enabled,Enabled
1709643589.258951,0,GPU-93ae0c7f-c327-aee3-adae-bc0d1dae71ea,0.35,0.4176844162188569,12282.0,6881.0,551.61,NVIDIA GeForce RTX 4070,[N/A],Enabled,Enabled
1709643590.259065,0,GPU-93ae0c7f-c327-aee3-adae-bc0d1dae71ea,0.34,0.4176844162188569,12282.0,6881.0,551.61,NVIDIA GeForce RTX 4070,[N/A],Enabled,Enabled
1709643591.258369,0,GPU-93ae0c7f-c327-aee3-adae-bc0d1dae71ea,0.36,0.4176844162188569,12282.0,6881.0,551.61,NVIDIA GeForce RTX 4070,[N/A],Enabled,Enabled
1709643592.258424,0,GPU-93ae0c7f-c327-aee3-adae-bc0d1dae71ea,0.33,0.4176844162188569,12282.0,6881.0,551.61,NVIDIA GeForce RTX 4070,[N/A],Enabled,Enabled
1709643593.258513,0,GPU-93ae0c7f-c327-aee3-adae-bc0d1dae71ea,0.34,0.4176844162188569,12282.0,6881.0,551.61,NVIDIA GeForce RTX 4070,[N/A],Enabled,Enabled
1709643594.259283,0,GPU-93ae0c7f-c327-aee3-adae-bc0d1dae71ea,0.34,0.4176844162188569,12282.0,6881.0,551.61,NVIDIA GeForce RTX 4070,[N/A],Enabled,Enabled
1709643595.258705,0,GPU-93ae0c7f-c327-aee3-adae-bc0d1dae71ea,0.37,0.4176844162188569,12282.0,6881.0,551.61,NVIDIA GeForce RTX 4070,[N/A],Enabled,Enabled
1709643596.258667,0,GPU-93ae0c7f-c327-aee3-adae-bc0d1dae71ea,0.35,0.4176844162188569,12282.0,6881.0,551.61,NVIDIA GeForce RTX 4070,[N/A],Enabled,Enabled
1709643597.258767,0,GPU-93ae0c7f-c327-aee3-adae-bc0d1dae71ea,0.35,0.4176844162188569,12282.0,6881.0,551.61,NVIDIA GeForce RTX 4070,[N/A],Enabled,Enabled
1709643598.25829,0,GPU-93ae0c7f-c327-aee3-adae-bc0d1dae71ea,0.36,0.4176844162188569,12282.0,6881.0,551.61,NVIDIA GeForce RTX 4070,[N/A],Enabled,Enabled
1709643599.258456,0,GPU-93ae0c7f-c327-aee3-adae-bc0d1dae71ea,0.33,0.4176844162188569,12282.0,6881.0,551.61,NVIDIA GeForce RTX 4070,[N/A],Enabled,Enabled
1709643600.25848,0,GPU-93ae0c7f-c327-aee3-adae-bc0d1dae71ea,0.35,0.4176844162188569,12282.0,6881.0,551.61,NVIDIA GeForce RTX 4070,[N/A],Enabled,Enabled
1709643601.258958,0,GPU-93ae0c7f-c327-aee3-adae-bc0d1dae71ea,0.36,0.4176844162188569,12282.0,6881.0,551.61,NVIDIA GeForce RTX 4070,[N/A],Enabled,Enabled
1709643602.258792,0,GPU-93ae0c7f-c327-aee3-adae-bc0d1dae71ea,0.34,0.4176844162188569,12282.0,6881.0,551.61,NVIDIA GeForce RTX 4070,[N/A],Enabled,Enabled
1709643603.258972,0,GPU-93ae0c7f-c327-aee3-adae-bc0d1dae71ea,0.36,0.4176844162188569,12282.0,6881.0,551.61,NVIDIA GeForce RTX 4070,[N/A],Enabled,Enabled
1709643604.258667,0,GPU-93ae0c7f-c327-aee3-adae-bc0d1dae71ea,0.32,0.4176844162188569,12282.0,6881.0,551.61,NVIDIA GeForce RTX 4070,[N/A],Enabled,Enabled
1709643605.258329,0,GPU-93ae0c7f-c327-aee3-adae-bc0d1dae71ea,0.33,0.4176844162188569,12282.0,6881.0,551.61,NVIDIA GeForce RTX 4070,[N/A],Enabled,Enabled
1709643606.258999,0,GPU-93ae0c7f-c327-aee3-adae-bc0d1dae71ea,0.34,0.4176844162188569,12282.0,6881.0,551.61,NVIDIA GeForce RTX 4070,[N/A],Enabled,Enabled
1709643607.259077,0,GPU-93ae0c7f-c327-aee3-adae-bc0d1dae71ea,0.36,0.4176844162188569,12282.0,6881.0,551.61,NVIDIA GeForce RTX 4070,[N/A],Enabled,Enabled
1709643608.259369,0,GPU-93ae0c7f-c327-aee3-adae-bc0d1dae71ea,0.34,0.4176844162188569,12282.0,6881.0,551.61,NVIDIA GeForce RTX 4070,[N/A],Enabled,Enabled
1709643609.258532,0,GPU-93ae0c7f-c327-aee3-adae-bc0d1dae71ea,0.37,0.4176844162188569,12282.0,6881.0,551.61,NVIDIA GeForce RTX 4070,[N/A],Enabled,Enabled
1709643610.258994,0,GPU-93ae0c7f-c327-aee3-adae-bc0d1dae71ea,0.35,0.4176844162188569,12282.0,6881.0,551.61,NVIDIA GeForce RTX 4070,[N/A],Enabled,Enabled
1709643611.259002,0,GPU-93ae0c7f-c327-aee3-adae-bc0d1dae71ea,0.34,0.4176844162188569,12282.0,6881.0,551.61,NVIDIA GeForce RTX 4070,[N/A],Enabled,Enabled
1709643612.258972,0,GPU-93ae0c7f-c327-aee3-adae-bc0d1dae71ea,0.35,0.4176844162188569,12282.0,6881.0,551.61,NVIDIA GeForce RTX 4070,[N/A],Enabled,Enabled
1709643613.258571,0,GPU-93ae0c7f-c327-aee3-adae-bc0d1dae71ea,0.37,0.4176844162188569,12282.0,6881.0,551.61,NVIDIA GeForce RTX 4070,[N/A],Enabled,Enabled
1709643614.25901,0,GPU-93ae0c7f-c327-aee3-adae-bc0d1dae71ea,0.33,0.4176844162188569,12282.0,6881.0,551.61,NVIDIA GeForce RTX 4070,[N/A],Enabled,Enabled
1709643615.259304,0,GPU-93ae0c7f-c327-aee3-adae-bc0d1dae71ea,0.35,0.4176844162188569,12282.0,6881.0,551.61,NVIDIA GeForce RTX 4070,[N/A],Enabled,Enabled
1709643616.258377,0,GPU-93ae0c7f-c327-aee3-adae-bc0d1dae71ea,0.35,0.4176844162188569,12282.0,6881.0,551.61,NVIDIA GeForce RTX 4070,[N/A],Enabled,Enabled
1709643617.258227,0,GPU-93ae0c7f-c327-aee3-adae-bc0d1dae71ea,0.37,0.4176844162188569,12282.0,6881.0,551.61,NVIDIA GeForce RTX 4070,[N/A],Enabled,Enabled
1709643618.258957,0,GPU-93ae0c7f-c327-aee3-adae-bc0d1dae71ea,0.35,0.4176844162188569,12282.0,6881.0,551.61,NVIDIA GeForce RTX 4070,[N/A],Enabled,Enabled
1709643619.259221,0,GPU-93ae0c7f-c327-aee3-adae-bc0d1dae71ea,0.36,0.4176844162188569,12282.0,6881.0,551.61,NVIDIA GeForce RTX 4070,[N/A],Enabled,Enabled
1709643620.258612,0,GPU-93ae0c7f-c327-aee3-adae-bc0d1dae71ea,0.36,0.4176844162188569,12282.0,6881.0,551.61,NVIDIA GeForce RTX 4070,[N/A],Enabled,Enabled
1709643621.259301,0,GPU-93ae0c7f-c327-aee3-adae-bc0d1dae71ea,0.36,0.4176844162188569,12282.0,6881.0,551.61,NVIDIA GeForce RTX 4070,[N/A],Enabled,Enabled
1709643622.259075,0,GPU-93ae0c7f-c327-aee3-adae-bc0d1dae71ea,0.35,0.4176844162188569,12282.0,6881.0,551.61,NVIDIA GeForce RTX 4070,[N/A],Enabled,Enabled
1709643623.258858,0,GPU-93ae0c7f-c327-aee3-adae-bc0d1dae71ea,0.34,0.4176844162188569,12282.0,6881.0,551.61,NVIDIA GeForce RTX 4070,[N/A],Enabled,Enabled
1709643624.258679,0,GPU-93ae0c7f-c327-aee3-adae-bc0d1dae71ea,0.33,0.4176844162188569,12282.0,6881.0,551.61,NVIDIA GeForce RTX 4070,[N/A],Enabled,Enabled
1709643625.258816,0,GPU-93ae0c7f-c327-aee3-adae-bc0d1dae71ea,0.33,0.4176844162188569,12282.0,6881.0,551.61,NVIDIA GeForce RTX 4070,[N/A],Enabled,Enabled
1709643626.259188,0,GPU-93ae0c7f-c327-aee3-adae-bc0d1dae71ea,0.34,0.4176844162188569,12282.0,6881.0,551.61,NVIDIA GeForce RTX 4070,[N/A],Enabled,Enabled
1709643627.258518,0,GPU-93ae0c7f-c327-aee3-adae-bc0d1dae71ea,0.37,0.4176844162188569,12282.0,6881.0,551.61,NVIDIA GeForce RTX 4070,[N/A],Enabled,Enabled
1709643628.258437,0,GPU-93ae0c7f-c327-aee3-adae-bc0d1dae71ea,0.35,0.4176844162188569,12282.0,6881.0,551.61,NVIDIA GeForce RTX 4070,[N/A],Enabled,Enabled
1709643629.25907,0,GPU-93ae0c7f-c327-aee3-adae-bc0d1dae71ea,0.34,0.4176844162188569,12282.0,6881.0,551.61,NVIDIA GeForce RTX 4070,[N/A],Enabled,Enabled
1709643630.258392,0,GPU-93ae0c7f-c327-aee3-adae-bc0d1dae71ea,0.35,0.4176844162188569,12282.0,6881.0,551.61,NVIDIA GeForce RTX 4070,[N/A],Enabled,Enabled
1709643631.258641,0,GPU-93ae0c7f-c327-aee3-adae-bc0d1dae71ea,0.34,0.4176844162188569,12282.0,6881.0,551.61,NVIDIA GeForce RTX 4070,[N/A],Enabled,Enabled
1709643632.259266,0,GPU-93ae0c7f-c327-aee3-adae-bc0d1dae71ea,0.35,0.4176844162188569,12282.0,6881.0,551.61,NVIDIA GeForce RTX 4070,[N/A],Enabled,Enabled
1709643633.258413,0,GPU-93ae0c7f-c327-aee3-adae-bc0d1dae71ea,0.36,0.4176844162188569,12282.0,6881.0,551.61,NVIDIA GeForce RTX 4070,[N/A],Enabled,Enabled
1709643634.258696,0,GPU-93ae0c7f-c327-aee3-adae-bc0d1dae71ea,0.34,0.4176844162188569,12282.0,6881.0,551.61,NVIDIA GeForce RTX 4070,[N/A],Enabled,Enabled
1709643635.258327,0,GPU-93ae0c7f-c327-aee3-adae-bc0d1dae71ea,0.34,0.4176844162188569,12282.0,6881.0,551.61,NVIDIA GeForce RTX 4070,[N/A],Enabled,Enabled
1709643636.258258,0,GPU-93ae0c7f-c327-aee3-adae-bc0d1dae71ea,0.34,0.4176844162188569,12282.0,6881.0,551.61,NVIDIA GeForce RTX 4070,[N/A],Enabled,Enabled
1709643637.258991,0,GPU-93ae0c7f-c327-aee3-adae-bc0d1dae71ea,0.38,0.4176844162188569,12282.0,6881.0,551.61,NVIDIA GeForce RTX 4070,[N/A],Enabled,Enabled
1709643638.258913,0,GPU-93ae0c7f-c327-aee3-adae-bc0d1dae71ea,0.34,0.4176844162188569,12282.0,6881.0,551.61,NVIDIA GeForce RTX 4070,[N/A],Enabled,Enabled
1709643639.259121,0,GPU-93ae0c7f-c327-aee3-adae-bc0d1dae71ea,0.35,0.4176844162188569,12282.0,6881.0,551.61,NVIDIA GeForce RTX 4070,[N/A],Enabled,Enabled
1709643640.258629,0,GPU-93ae0c7f-c327-aee3-adae-bc0d1dae71ea,0.35,0.4176844162188569,12282.0,6881.0,551.61,NVIDIA GeForce RTX 4070,[N/A],Enabled,Enabled
1709643641.258267,0,GPU-93ae0c7f-c327-aee3-adae-bc0d1dae71ea,0.34,0.4176844162188569,12282.0,6881.0,551.61,NVIDIA GeForce RTX 4070,[N/A],Enabled,Enabled
1709643642.258964,0,GPU-93ae0c7f-c327-aee3-adae-bc0d1dae71ea,0.35,0.4176844162188569,12282.0,6881.0,551.61,NVIDIA GeForce RTX 4070,[N/A],Enabled,Enabled
1709643643.2581,0,GPU-93ae0c7f-c327-aee3-adae-bc0d1dae71ea,0.33,0.4176844162188569,12282.0,6881.0,551.61,NVIDIA GeForce RTX 4070,[N/A],Enabled,Enabled
1709643644.259107,0,GPU-93ae0c7f-c327-aee3-adae-bc0d1dae71ea,0.35,0.4176844162188569,12282.0,6881.0,551.61,NVIDIA GeForce RTX 4070,[N/A],Enabled,Enabled
1709643645.259313,0,GPU-93ae0c7f-c327-aee3-adae-bc0d1dae71ea,0.33,0.4176844162188569,12282.0,6881.0,551.61,NVIDIA GeForce RTX 4070,[N/A],Enabled,Enabled
1709643646.259198,0,GPU-93ae0c7f-c327-aee3-adae-bc0d1dae71ea,0.34,0.4176844162188569,12282.0,6881.0,551.61,NVIDIA GeForce RTX 4070,[N/A],Enabled,Enabled
1709643647.258871,0,GPU-93ae0c7f-c327-aee3-adae-bc0d1dae71ea,0.4,0.4176844162188569,12282.0,6881.0,551.61,NVIDIA GeForce RTX 4070,[N/A],Enabled,Enabled
1709643648.259192,0,GPU-93ae0c7f-c327-aee3-adae-bc0d1dae71ea,0.35,0.4176844162188569,12282.0,6881.0,551.61,NVIDIA GeForce RTX 4070,[N/A],Enabled,Enabled
1709643649.258476,0,GPU-93ae0c7f-c327-aee3-adae-bc0d1dae71ea,0.37,0.4176844162188569,12282.0,6881.0,551.61,NVIDIA GeForce RTX 4070,[N/A],Enabled,Enabled
1709643650.258908,0,GPU-93ae0c7f-c327-aee3-adae-bc0d1dae71ea,0.32,0.4176844162188569,12282.0,6881.0,551.61,NVIDIA GeForce RTX 4070,[N/A],Enabled,Enabled
1709643651.258874,0,GPU-93ae0c7f-c327-aee3-adae-bc0d1dae71ea,0.33,0.4176844162188569,12282.0,6881.0,551.61,NVIDIA GeForce RTX 4070,[N/A],Enabled,Enabled
1709643652.259299,0,GPU-93ae0c7f-c327-aee3-adae-bc0d1dae71ea,0.32,0.4176844162188569,12282.0,6881.0,551.61,NVIDIA GeForce RTX 4070,[N/A],Enabled,Enabled
1709643653.260089,0,GPU-93ae0c7f-c327-aee3-adae-bc0d1dae71ea,0.33,0.4176844162188569,12282.0,6881.0,551.61,NVIDIA GeForce RTX 4070,[N/A],Enabled,Enabled
1709643654.258823,0,GPU-93ae0c7f-c327-aee3-adae-bc0d1dae71ea,0.35,0.4176844162188569,12282.0,6881.0,551.61,NVIDIA GeForce RTX 4070,[N/A],Enabled,Enabled
1709643655.258653,0,GPU-93ae0c7f-c327-aee3-adae-bc0d1dae71ea,0.38,0.4176844162188569,12282.0,6881.0,551.61,NVIDIA GeForce RTX 4070,[N/A],Enabled,Enabled
1709643656.258351,0,GPU-93ae0c7f-c327-aee3-adae-bc0d1dae71ea,0.38,0.4176844162188569,12282.0,6881.0,551.61,NVIDIA GeForce RTX 4070,[N/A],Enabled,Enabled
1709643657.259129,0,GPU-93ae0c7f-c327-aee3-adae-bc0d1dae71ea,0.36,0.4176844162188569,12282.0,6881.0,551.61,NVIDIA GeForce RTX 4070,[N/A],Enabled,Enabled
1709643658.258982,0,GPU-93ae0c7f-c327-aee3-adae-bc0d1dae71ea,0.33,0.4176844162188569,12282.0,6881.0,551.61,NVIDIA GeForce RTX 4070,[N/A],Enabled,Enabled
1709643659.25901,0,GPU-93ae0c7f-c327-aee3-adae-bc0d1dae71ea,0.34,0.4176844162188569,12282.0,6881.0,551.61,NVIDIA GeForce RTX 4070,[N/A],Enabled,Enabled
1709643660.258901,0,GPU-93ae0c7f-c327-aee3-adae-bc0d1dae71ea,0.35,0.4176844162188569,12282.0,6881.0,551.61,NVIDIA GeForce RTX 4070,[N/A],Enabled,Enabled
1709643661.25844,0,GPU-93ae0c7f-c327-aee3-adae-bc0d1dae71ea,0.37,0.4176844162188569,12282.0,6881.0,551.61,NVIDIA GeForce RTX 4070,[N/A],Enabled,Enabled
1709643662.258847,0,GPU-93ae0c7f-c327-aee3-adae-bc0d1dae71ea,0.34,0.4176844162188569,12282.0,6881.0,551.61,NVIDIA GeForce RTX 4070,[N/A],Enabled,Enabled
1709643663.258298,0,GPU-93ae0c7f-c327-aee3-adae-bc0d1dae71ea,0.35,0.4176844162188569,12282.0,6881.0,551.61,NVIDIA GeForce RTX 4070,[N/A],Enabled,Enabled
1709643664.259045,0,GPU-93ae0c7f-c327-aee3-adae-bc0d1dae71ea,0.35,0.4176844162188569,12282.0,6881.0,551.61,NVIDIA GeForce RTX 4070,[N/A],Enabled,Enabled
1709643665.25825,0,GPU-93ae0c7f-c327-aee3-adae-bc0d1dae71ea,0.36,0.4176844162188569,12282.0,6881.0,551.61,NVIDIA GeForce RTX 4070,[N/A],Enabled,Enabled
1709643666.258944,0,GPU-93ae0c7f-c327-aee3-adae-bc0d1dae71ea,0.35,0.4176844162188569,12282.0,6881.0,551.61,NVIDIA GeForce RTX 4070,[N/A],Enabled,Enabled
1709643667.258578,0,GPU-93ae0c7f-c327-aee3-adae-bc0d1dae71ea,0.32,0.4176844162188569,12282.0,6881.0,551.61,NVIDIA GeForce RTX 4070,[N/A],Enabled,Enabled
1709643668.259031,0,GPU-93ae0c7f-c327-aee3-adae-bc0d1dae71ea,0.34,0.4176844162188569,12282.0,6881.0,551.61,NVIDIA GeForce RTX 4070,[N/A],Enabled,Enabled
1709643669.258918,0,GPU-93ae0c7f-c327-aee3-adae-bc0d1dae71ea,0.36,0.4176844162188569,12282.0,6881.0,551.61,NVIDIA GeForce RTX 4070,[N/A],Enabled,Enabled
1709643670.259231,0,GPU-93ae0c7f-c327-aee3-adae-bc0d1dae71ea,0.34,0.4176844162188569,12282.0,6881.0,551.61,NVIDIA GeForce RTX 4070,[N/A],Enabled,Enabled
1709643671.25891,0,GPU-93ae0c7f-c327-aee3-adae-bc0d1dae71ea,0.37,0.4176844162188569,12282.0,6881.0,551.61,NVIDIA GeForce RTX 4070,[N/A],Enabled,Enabled
1709643672.258198,0,GPU-93ae0c7f-c327-aee3-adae-bc0d1dae71ea,0.35,0.4176844162188569,12282.0,6881.0,551.61,NVIDIA GeForce RTX 4070,[N/A],Enabled,Enabled
1709643673.259036,0,GPU-93ae0c7f-c327-aee3-adae-bc0d1dae71ea,0.37,0.4176844162188569,12282.0,6881.0,551.61,NVIDIA GeForce RTX 4070,[N/A],Enabled,Enabled
1709643674.258851,0,GPU-93ae0c7f-c327-aee3-adae-bc0d1dae71ea,0.36,0.4176844162188569,12282.0,6881.0,551.61,NVIDIA GeForce RTX 4070,[N/A],Enabled,Enabled
1709643675.258436,0,GPU-93ae0c7f-c327-aee3-adae-bc0d1dae71ea,0.37,0.4176844162188569,12282.0,6881.0,551.61,NVIDIA GeForce RTX 4070,[N/A],Enabled,Enabled
1709643676.258922,0,GPU-93ae0c7f-c327-aee3-adae-bc0d1dae71ea,0.33,0.4176844162188569,12282.0,6881.0,551.61,NVIDIA GeForce RTX 4070,[N/A],Enabled,Enabled
1709643677.258743,0,GPU-93ae0c7f-c327-aee3-adae-bc0d1dae71ea,0.33,0.4176844162188569,12282.0,6881.0,551.61,NVIDIA GeForce RTX 4070,[N/A],Enabled,Enabled
1709643678.258133,0,GPU-93ae0c7f-c327-aee3-adae-bc0d1dae71ea,0.37,0.4176844162188569,12282.0,6881.0,551.61,NVIDIA GeForce RTX 4070,[N/A],Enabled,Enabled
1709643679.258654,0,GPU-93ae0c7f-c327-aee3-adae-bc0d1dae71ea,0.34,0.4176844162188569,12282.0,6881.0,551.61,NVIDIA GeForce RTX 4070,[N/A],Enabled,Enabled
1709643680.258453,0,GPU-93ae0c7f-c327-aee3-adae-bc0d1dae71ea,0.34,0.4176844162188569,12282.0,6881.0,551.61,NVIDIA GeForce RTX 4070,[N/A],Enabled,Enabled
1709643681.25916,0,GPU-93ae0c7f-c327-aee3-adae-bc0d1dae71ea,0.35,0.4176844162188569,12282.0,6881.0,551.61,NVIDIA GeForce RTX 4070,[N/A],Enabled,Enabled
1709643682.258555,0,GPU-93ae0c7f-c327-aee3-adae-bc0d1dae71ea,0.34,0.4176844162188569,12282.0,6881.0,551.61,NVIDIA GeForce RTX 4070,[N/A],Enabled,Enabled
1709643683.258414,0,GPU-93ae0c7f-c327-aee3-adae-bc0d1dae71ea,0.33,0.4176844162188569,12282.0,6881.0,551.61,NVIDIA GeForce RTX 4070,[N/A],Enabled,Enabled
1709643684.259139,0,GPU-93ae0c7f-c327-aee3-adae-bc0d1dae71ea,0.33,0.4176844162188569,12282.0,6881.0,551.61,NVIDIA GeForce RTX 4070,[N/A],Enabled,Enabled
1709643685.258004,0,GPU-93ae0c7f-c327-aee3-adae-bc0d1dae71ea,0.34,0.4176844162188569,12282.0,6881.0,551.61,NVIDIA GeForce RTX 4070,[N/A],Enabled,Enabled
1709643686.25878,0,GPU-93ae0c7f-c327-aee3-adae-bc0d1dae71ea,0.32,0.4176844162188569,12282.0,6881.0,551.61,NVIDIA GeForce RTX 4070,[N/A],Enabled,Enabled
1709643687.258829,0,GPU-93ae0c7f-c327-aee3-adae-bc0d1dae71ea,0.33,0.4176844162188569,12282.0,6881.0,551.61,NVIDIA GeForce RTX 4070,[N/A],Enabled,Enabled
1709643688.259223,0,GPU-93ae0c7f-c327-aee3-adae-bc0d1dae71ea,0.33,0.4176844162188569,12282.0,6881.0,551.61,NVIDIA GeForce RTX 4070,[N/A],Enabled,Enabled
1709643689.258959,0,GPU-93ae0c7f-c327-aee3-adae-bc0d1dae71ea,0.33,0.4176844162188569,12282.0,6881.0,551.61,NVIDIA GeForce RTX 4070,[N/A],Enabled,Enabled
1709643690.259057,0,GPU-93ae0c7f-c327-aee3-adae-bc0d1dae71ea,0.33,0.4176844162188569,12282.0,6881.0,551.61,NVIDIA GeForce RTX 4070,[N/A],Enabled,Enabled
1709643691.259033,0,GPU-93ae0c7f-c327-aee3-adae-bc0d1dae71ea,0.33,0.4176844162188569,12282.0,6881.0,551.61,NVIDIA GeForce RTX 4070,[N/A],Enabled,Enabled
1709643692.259225,0,GPU-93ae0c7f-c327-aee3-adae-bc0d1dae71ea,0.33,0.4176844162188569,12282.0,6881.0,551.61,NVIDIA GeForce RTX 4070,[N/A],Enabled,Enabled
1709643693.258394,0,GPU-93ae0c7f-c327-aee3-adae-bc0d1dae71ea,0.36,0.4176844162188569,12282.0,6881.0,551.61,NVIDIA GeForce RTX 4070,[N/A],Enabled,Enabled
1709643694.258725,0,GPU-93ae0c7f-c327-aee3-adae-bc0d1dae71ea,0.34,0.4176844162188569,12282.0,6881.0,551.61,NVIDIA GeForce RTX 4070,[N/A],Enabled,Enabled
1709643695.25969,0,GPU-93ae0c7f-c327-aee3-adae-bc0d1dae71ea,0.33,0.4176844162188569,12282.0,6881.0,551.61,NVIDIA GeForce RTX 4070,[N/A],Enabled,Enabled
1709643696.258254,0,GPU-93ae0c7f-c327-aee3-adae-bc0d1dae71ea,0.33,0.4176844162188569,12282.0,6881.0,551.61,NVIDIA GeForce RTX 4070,[N/A],Enabled,Enabled
1709643697.259459,0,GPU-93ae0c7f-c327-aee3-adae-bc0d1dae71ea,0.36,0.4176844162188569,12282.0,6881.0,551.61,NVIDIA GeForce RTX 4070,[N/A],Enabled,Enabled
1709643698.25898,0,GPU-93ae0c7f-c327-aee3-adae-bc0d1dae71ea,0.34,0.4176844162188569,12282.0,6881.0,551.61,NVIDIA GeForce RTX 4070,[N/A],Enabled,Enabled
1709643699.258722,0,GPU-93ae0c7f-c327-aee3-adae-bc0d1dae71ea,0.36,0.4176844162188569,12282.0,6881.0,551.61,NVIDIA GeForce RTX 4070,[N/A],Enabled,Enabled
1709643700.258197,0,GPU-93ae0c7f-c327-aee3-adae-bc0d1dae71ea,0.34,0.4176844162188569,12282.0,6881.0,551.61,NVIDIA GeForce RTX 4070,[N/A],Enabled,Enabled
1709643701.258861,0,GPU-93ae0c7f-c327-aee3-adae-bc0d1dae71ea,0.36,0.4176844162188569,12282.0,6881.0,551.61,NVIDIA GeForce RTX 4070,[N/A],Enabled,Enabled
1709643702.258559,0,GPU-93ae0c7f-c327-aee3-adae-bc0d1dae71ea,0.38,0.4176844162188569,12282.0,6881.0,551.61,NVIDIA GeForce RTX 4070,[N/A],Enabled,Enabled
1709643703.258998,0,GPU-93ae0c7f-c327-aee3-adae-bc0d1dae71ea,0.38,0.4176844162188569,12282.0,6881.0,551.61,NVIDIA GeForce RTX 4070,[N/A],Enabled,Enabled
1709643704.259448,0,GPU-93ae0c7f-c327-aee3-adae-bc0d1dae71ea,0.36,0.4176844162188569,12282.0,6881.0,551.61,NVIDIA GeForce RTX 4070,[N/A],Enabled,Enabled
1709643705.258356,0,GPU-93ae0c7f-c327-aee3-adae-bc0d1dae71ea,0.36,0.4176844162188569,12282.0,6881.0,551.61,NVIDIA GeForce RTX 4070,[N/A],Enabled,Enabled
1709643706.258142,0,GPU-93ae0c7f-c327-aee3-adae-bc0d1dae71ea,0.32,0.4176844162188569,12282.0,6881.0,551.61,NVIDIA GeForce RTX 4070,[N/A],Enabled,Enabled
1709643707.259402,0,GPU-93ae0c7f-c327-aee3-adae-bc0d1dae71ea,0.34,0.4176844162188569,12282.0,6881.0,551.61,NVIDIA GeForce RTX 4070,[N/A],Enabled,Enabled
1709643708.258982,0,GPU-93ae0c7f-c327-aee3-adae-bc0d1dae71ea,0.36,0.4176844162188569,12282.0,6881.0,551.61,NVIDIA GeForce RTX 4070,[N/A],Enabled,Enabled
1709643709.258894,0,GPU-93ae0c7f-c327-aee3-adae-bc0d1dae71ea,0.38,0.4176844162188569,12282.0,6881.0,551.61,NVIDIA GeForce RTX 4070,[N/A],Enabled,Enabled
1709643710.258546,0,GPU-93ae0c7f-c327-aee3-adae-bc0d1dae71ea,0.35,0.4176844162188569,12282.0,6881.0,551.61,NVIDIA GeForce RTX 4070,[N/A],Enabled,Enabled
1709643711.258858,0,GPU-93ae0c7f-c327-aee3-adae-bc0d1dae71ea,0.35,0.4176844162188569,12282.0,6881.0,551.61,NVIDIA GeForce RTX 4070,[N/A],Enabled,Enabled
1709643712.258747,0,GPU-93ae0c7f-c327-aee3-adae-bc0d1dae71ea,0.34,0.4176844162188569,12282.0,6881.0,551.61,NVIDIA GeForce RTX 4070,[N/A],Enabled,Enabled
1709643713.258542,0,GPU-93ae0c7f-c327-aee3-adae-bc0d1dae71ea,0.37,0.4176844162188569,12282.0,6881.0,551.61,NVIDIA GeForce RTX 4070,[N/A],Enabled,Enabled
1709643714.259021,0,GPU-93ae0c7f-c327-aee3-adae-bc0d1dae71ea,0.36,0.4176844162188569,12282.0,6881.0,551.61,NVIDIA GeForce RTX 4070,[N/A],Enabled,Enabled
1709643715.259202,0,GPU-93ae0c7f-c327-aee3-adae-bc0d1dae71ea,0.35,0.4176844162188569,12282.0,6881.0,551.61,NVIDIA GeForce RTX 4070,[N/A],Enabled,Enabled
1709643716.259357,0,GPU-93ae0c7f-c327-aee3-adae-bc0d1dae71ea,0.34,0.4176844162188569,12282.0,6881.0,551.61,NVIDIA GeForce RTX 4070,[N/A],Enabled,Enabled
1709643717.258587,0,GPU-93ae0c7f-c327-aee3-adae-bc0d1dae71ea,0.36,0.4176844162188569,12282.0,6881.0,551.61,NVIDIA GeForce RTX 4070,[N/A],Enabled,Enabled
1709643718.258241,0,GPU-93ae0c7f-c327-aee3-adae-bc0d1dae71ea,0.35,0.4176844162188569,12282.0,6881.0,551.61,NVIDIA GeForce RTX 4070,[N/A],Enabled,Enabled
1709643719.258936,0,GPU-93ae0c7f-c327-aee3-adae-bc0d1dae71ea,0.36,0.4176844162188569,12282.0,6881.0,551.61,NVIDIA GeForce RTX 4070,[N/A],Enabled,Enabled
1709643720.258281,0,GPU-93ae0c7f-c327-aee3-adae-bc0d1dae71ea,0.35,0.4176844162188569,12282.0,6881.0,551.61,NVIDIA GeForce RTX 4070,[N/A],Enabled,Enabled
1709643721.25909,0,GPU-93ae0c7f-c327-aee3-adae-bc0d1dae71ea,0.36,0.4176844162188569,12282.0,6881.0,551.61,NVIDIA GeForce RTX 4070,[N/A],Enabled,Enabled
1709643722.258501,0,GPU-93ae0c7f-c327-aee3-adae-bc0d1dae71ea,0.35,0.4176844162188569,12282.0,6881.0,551.61,NVIDIA GeForce RTX 4070,[N/A],Enabled,Enabled
1709643723.258459,0,GPU-93ae0c7f-c327-aee3-adae-bc0d1dae71ea,0.38,0.4176844162188569,12282.0,6881.0,551.61,NVIDIA GeForce RTX 4070,[N/A],Enabled,Enabled
1709643724.258625,0,GPU-93ae0c7f-c327-aee3-adae-bc0d1dae71ea,0.34,0.4176844162188569,12282.0,6881.0,551.61,NVIDIA GeForce RTX 4070,[N/A],Enabled,Enabled
1709643725.258822,0,GPU-93ae0c7f-c327-aee3-adae-bc0d1dae71ea,0.33,0.4176844162188569,12282.0,6881.0,551.61,NVIDIA GeForce RTX 4070,[N/A],Enabled,Enabled
1709643726.258391,0,GPU-93ae0c7f-c327-aee3-adae-bc0d1dae71ea,0.37,0.4176844162188569,12282.0,6881.0,551.61,NVIDIA GeForce RTX 4070,[N/A],Enabled,Enabled
1709643727.259098,0,GPU-93ae0c7f-c327-aee3-adae-bc0d1dae71ea,0.37,0.4176844162188569,12282.0,6881.0,551.61,NVIDIA GeForce RTX 4070,[N/A],Enabled,Enabled
1709643728.25862,0,GPU-93ae0c7f-c327-aee3-adae-bc0d1dae71ea,0.34,0.4176844162188569,12282.0,6881.0,551.61,NVIDIA GeForce RTX 4070,[N/A],Enabled,Enabled
1709643729.259217,0,GPU-93ae0c7f-c327-aee3-adae-bc0d1dae71ea,0.34,0.4176844162188569,12282.0,6881.0,551.61,NVIDIA GeForce RTX 4070,[N/A],Enabled,Enabled
1709643730.258923,0,GPU-93ae0c7f-c327-aee3-adae-bc0d1dae71ea,0.36,0.4176844162188569,12282.0,6881.0,551.61,NVIDIA GeForce RTX 4070,[N/A],Enabled,Enabled
1709643731.259093,0,GPU-93ae0c7f-c327-aee3-adae-bc0d1dae71ea,0.35,0.4176844162188569,12282.0,6881.0,551.61,NVIDIA GeForce RTX 4070,[N/A],Enabled,Enabled
1709643732.258595,0,GPU-93ae0c7f-c327-aee3-adae-bc0d1dae71ea,0.3,0.4176844162188569,12282.0,6881.0,551.61,NVIDIA GeForce RTX 4070,[N/A],Enabled,Enabled
1709643733.258578,0,GPU-93ae0c7f-c327-aee3-adae-bc0d1dae71ea,0.29,0.4145904575801987,12282.0,6919.0,551.61,NVIDIA GeForce RTX 4070,[N/A],Enabled,Enabled
1709643734.259136,0,GPU-93ae0c7f-c327-aee3-adae-bc0d1dae71ea,0.3,0.4145904575801987,12282.0,6919.0,551.61,NVIDIA GeForce RTX 4070,[N/A],Enabled,Enabled
1709643735.259096,0,GPU-93ae0c7f-c327-aee3-adae-bc0d1dae71ea,0.27,0.4102751994789122,12282.0,6972.0,551.61,NVIDIA GeForce RTX 4070,[N/A],Enabled,Enabled
1709643736.259173,0,GPU-93ae0c7f-c327-aee3-adae-bc0d1dae71ea,0.27,0.4102751994789122,12282.0,6972.0,551.61,NVIDIA GeForce RTX 4070,[N/A],Enabled,Enabled
1709643737.258879,0,GPU-93ae0c7f-c327-aee3-adae-bc0d1dae71ea,0.27,0.4102751994789122,12282.0,6972.0,551.61,NVIDIA GeForce RTX 4070,[N/A],Enabled,Enabled
1709643738.25905,0,GPU-93ae0c7f-c327-aee3-adae-bc0d1dae71ea,0.3,0.4145090376160234,12282.0,6920.0,551.61,NVIDIA GeForce RTX 4070,[N/A],Enabled,Enabled
1709643739.258776,0,GPU-93ae0c7f-c327-aee3-adae-bc0d1dae71ea,0.28,0.4102751994789122,12282.0,6972.0,551.61,NVIDIA GeForce RTX 4070,[N/A],Enabled,Enabled
1709643740.258966,0,GPU-93ae0c7f-c327-aee3-adae-bc0d1dae71ea,0.3,0.4145090376160234,12282.0,6920.0,551.61,NVIDIA GeForce RTX 4070,[N/A],Enabled,Enabled
1709643741.25907,0,GPU-93ae0c7f-c327-aee3-adae-bc0d1dae71ea,0.27,0.4102751994789122,12282.0,6972.0,551.61,NVIDIA GeForce RTX 4070,[N/A],Enabled,Enabled
1709643742.25852,0,GPU-93ae0c7f-c327-aee3-adae-bc0d1dae71ea,0.27,0.4102751994789122,12282.0,6972.0,551.61,NVIDIA GeForce RTX 4070,[N/A],Enabled,Enabled
1709643743.257973,0,GPU-93ae0c7f-c327-aee3-adae-bc0d1dae71ea,0.27,0.4102751994789122,12282.0,6972.0,551.61,NVIDIA GeForce RTX 4070,[N/A],Enabled,Enabled
1709643744.259046,0,GPU-93ae0c7f-c327-aee3-adae-bc0d1dae71ea,0.27,0.4102751994789122,12282.0,6972.0,551.61,NVIDIA GeForce RTX 4070,[N/A],Enabled,Enabled
1709643745.259197,0,GPU-93ae0c7f-c327-aee3-adae-bc0d1dae71ea,0.27,0.4102751994789122,12282.0,6972.0,551.61,NVIDIA GeForce RTX 4070,[N/A],Enabled,Enabled
1709643746.259267,0,GPU-93ae0c7f-c327-aee3-adae-bc0d1dae71ea,0.25,0.4102751994789122,12282.0,6972.0,551.61,NVIDIA GeForce RTX 4070,[N/A],Enabled,Enabled
1709643747.259149,0,GPU-93ae0c7f-c327-aee3-adae-bc0d1dae71ea,0.27,0.4102751994789122,12282.0,6972.0,551.61,NVIDIA GeForce RTX 4070,[N/A],Enabled,Enabled
1709643748.259092,0,GPU-93ae0c7f-c327-aee3-adae-bc0d1dae71ea,0.17,0.23009281875915974,12282.0,9185.0,551.61,NVIDIA GeForce RTX 4070,[N/A],Enabled,Enabled
1709643749.258911,0,GPU-93ae0c7f-c327-aee3-adae-bc0d1dae71ea,0.2,0.23009281875915974,12282.0,9185.0,551.61,NVIDIA GeForce RTX 4070,[N/A],Enabled,Enabled
1709643750.25917,0,GPU-93ae0c7f-c327-aee3-adae-bc0d1dae71ea,0.18,0.23001139879498453,12282.0,9186.0,551.61,NVIDIA GeForce RTX 4070,[N/A],Enabled,Enabled
