timestamp,id,uuid,load,memoryUtil,memoryTotal,memoryUsed,memoryFree,driver,name,serial,display_mode,display_active
1701787591.210677,0,GPU-93ae0c7f-c327-aee3-adae-bc0d1dae71ea,0.15,0.598111056831135,12282.0,4679.0,546.29,NVIDIA GeForce RTX 4070,[N/A],Enabled,Enabled
1701787592.20765,0,GPU-93ae0c7f-c327-aee3-adae-bc0d1dae71ea,0.2,0.6974434131248982,12282.0,3459.0,546.29,NVIDIA GeForce RTX 4070,[N/A],Enabled,Enabled
1701787593.20838,0,GPU-93ae0c7f-c327-aee3-adae-bc0d1dae71ea,0.07,0.6659338869890897,12282.0,3846.0,546.29,NVIDIA GeForce RTX 4070,[N/A],Enabled,Enabled
1701787594.207186,0,GPU-93ae0c7f-c327-aee3-adae-bc0d1dae71ea,0.07,0.6659338869890897,12282.0,3846.0,546.29,NVIDIA GeForce RTX 4070,[N/A],Enabled,Enabled
1701787595.207819,0,GPU-93ae0c7f-c327-aee3-adae-bc0d1dae71ea,0.07,0.6659338869890897,12282.0,3846.0,546.29,NVIDIA GeForce RTX 4070,[N/A],Enabled,Enabled
1701787596.208267,0,GPU-93ae0c7f-c327-aee3-adae-bc0d1dae71ea,0.13,0.7457254518808012,12282.0,2866.0,546.29,NVIDIA GeForce RTX 4070,[N/A],Enabled,Enabled
1701787597.207656,0,GPU-93ae0c7f-c327-aee3-adae-bc0d1dae71ea,0.25,0.7521576290506432,12282.0,2787.0,546.29,NVIDIA GeForce RTX 4070,[N/A],Enabled,Enabled
1701787598.207107,0,GPU-93ae0c7f-c327-aee3-adae-bc0d1dae71ea,0.26,0.7521576290506432,12282.0,2787.0,546.29,NVIDIA GeForce RTX 4070,[N/A],Enabled,Enabled
1701787599.207576,0,GPU-93ae0c7f-c327-aee3-adae-bc0d1dae71ea,0.23,0.7477609509851816,12282.0,2841.0,546.29,NVIDIA GeForce RTX 4070,[N/A],Enabled,Enabled
1701787600.207413,0,GPU-93ae0c7f-c327-aee3-adae-bc0d1dae71ea,0.22,0.7478423709493568,12282.0,2840.0,546.29,NVIDIA GeForce RTX 4070,[N/A],Enabled,Enabled
1701787601.207563,0,GPU-93ae0c7f-c327-aee3-adae-bc0d1dae71ea,0.26,0.8479075069206969,12282.0,1611.0,546.29,NVIDIA GeForce RTX 4070,[N/A],Enabled,Enabled
1701787602.207934,0,GPU-93ae0c7f-c327-aee3-adae-bc0d1dae71ea,0.27,0.7542745481191988,12282.0,2761.0,546.29,NVIDIA GeForce RTX 4070,[N/A],Enabled,Enabled
1701787603.207897,0,GPU-93ae0c7f-c327-aee3-adae-bc0d1dae71ea,0.3,0.7542745481191988,12282.0,2761.0,546.29,NVIDIA GeForce RTX 4070,[N/A],Enabled,Enabled
1701787604.207546,0,GPU-93ae0c7f-c327-aee3-adae-bc0d1dae71ea,0.26,0.7500407099820876,12282.0,2813.0,546.29,NVIDIA GeForce RTX 4070,[N/A],Enabled,Enabled
1701787605.207885,0,GPU-93ae0c7f-c327-aee3-adae-bc0d1dae71ea,0.26,0.7500407099820876,12282.0,2813.0,546.29,NVIDIA GeForce RTX 4070,[N/A],Enabled,Enabled
1701787606.20768,0,GPU-93ae0c7f-c327-aee3-adae-bc0d1dae71ea,0.26,0.7500407099820876,12282.0,2813.0,546.29,NVIDIA GeForce RTX 4070,[N/A],Enabled,Enabled
1701787607.207619,0,GPU-93ae0c7f-c327-aee3-adae-bc0d1dae71ea,0.29,0.754355968083374,12282.0,2760.0,546.29,NVIDIA GeForce RTX 4070,[N/A],Enabled,Enabled
1701787608.207376,0,GPU-93ae0c7f-c327-aee3-adae-bc0d1dae71ea,0.25,0.7500407099820876,12282.0,2813.0,546.29,NVIDIA GeForce RTX 4070,[N/A],Enabled,Enabled
1701787609.207588,0,GPU-93ae0c7f-c327-aee3-adae-bc0d1dae71ea,0.26,0.7500407099820876,12282.0,2813.0,546.29,NVIDIA GeForce RTX 4070,[N/A],Enabled,Enabled
1701787610.207221,0,GPU-93ae0c7f-c327-aee3-adae-bc0d1dae71ea,0.25,0.7500407099820876,12282.0,2813.0,546.29,NVIDIA GeForce RTX 4070,[N/A],Enabled,Enabled
1701787611.207741,0,GPU-93ae0c7f-c327-aee3-adae-bc0d1dae71ea,0.29,0.754355968083374,12282.0,2760.0,546.29,NVIDIA GeForce RTX 4070,[N/A],Enabled,Enabled
1701787612.207146,0,GPU-93ae0c7f-c327-aee3-adae-bc0d1dae71ea,0.25,0.7500407099820876,12282.0,2813.0,546.29,NVIDIA GeForce RTX 4070,[N/A],Enabled,Enabled
1701787613.207998,0,GPU-93ae0c7f-c327-aee3-adae-bc0d1dae71ea,0.25,0.7559843673668784,12282.0,2740.0,546.29,NVIDIA GeForce RTX 4070,[N/A],Enabled,Enabled
1701787614.207117,0,GPU-93ae0c7f-c327-aee3-adae-bc0d1dae71ea,0.34,0.7597296857189383,12282.0,2694.0,546.29,NVIDIA GeForce RTX 4070,[N/A],Enabled,Enabled
1701787615.207102,0,GPU-93ae0c7f-c327-aee3-adae-bc0d1dae71ea,0.42,0.7597296857189383,12282.0,2694.0,546.29,NVIDIA GeForce RTX 4070,[N/A],Enabled,Enabled
1701787616.207969,0,GPU-93ae0c7f-c327-aee3-adae-bc0d1dae71ea,0.39,0.7597296857189383,12282.0,2694.0,546.29,NVIDIA GeForce RTX 4070,[N/A],Enabled,Enabled
1701787617.207881,0,GPU-93ae0c7f-c327-aee3-adae-bc0d1dae71ea,0.4,0.7597296857189383,12282.0,2694.0,546.29,NVIDIA GeForce RTX 4070,[N/A],Enabled,Enabled
1701787618.208064,0,GPU-93ae0c7f-c327-aee3-adae-bc0d1dae71ea,0.4,0.7597296857189383,12282.0,2694.0,546.29,NVIDIA GeForce RTX 4070,[N/A],Enabled,Enabled
1701787619.207404,0,GPU-93ae0c7f-c327-aee3-adae-bc0d1dae71ea,0.38,0.7597296857189383,12282.0,2694.0,546.29,NVIDIA GeForce RTX 4070,[N/A],Enabled,Enabled
1701787620.207286,0,GPU-93ae0c7f-c327-aee3-adae-bc0d1dae71ea,0.36,0.7597296857189383,12282.0,2694.0,546.29,NVIDIA GeForce RTX 4070,[N/A],Enabled,Enabled
1701787621.208075,0,GPU-93ae0c7f-c327-aee3-adae-bc0d1dae71ea,0.4,0.7597296857189383,12282.0,2694.0,546.29,NVIDIA GeForce RTX 4070,[N/A],Enabled,Enabled
1701787622.207386,0,GPU-93ae0c7f-c327-aee3-adae-bc0d1dae71ea,0.36,0.7597296857189383,12282.0,2694.0,546.29,NVIDIA GeForce RTX 4070,[N/A],Enabled,Enabled
1701787623.207918,0,GPU-93ae0c7f-c327-aee3-adae-bc0d1dae71ea,0.36,0.7597296857189383,12282.0,2694.0,546.29,NVIDIA GeForce RTX 4070,[N/A],Enabled,Enabled
1701787624.207794,0,GPU-93ae0c7f-c327-aee3-adae-bc0d1dae71ea,0.38,0.7597296857189383,12282.0,2694.0,546.29,NVIDIA GeForce RTX 4070,[N/A],Enabled,Enabled
1701787625.207351,0,GPU-93ae0c7f-c327-aee3-adae-bc0d1dae71ea,0.42,0.7597296857189383,12282.0,2694.0,546.29,NVIDIA GeForce RTX 4070,[N/A],Enabled,Enabled
1701787626.207725,0,GPU-93ae0c7f-c327-aee3-adae-bc0d1dae71ea,0.38,0.7597296857189383,12282.0,2694.0,546.29,NVIDIA GeForce RTX 4070,[N/A],Enabled,Enabled
1701787627.207468,0,GPU-93ae0c7f-c327-aee3-adae-bc0d1dae71ea,0.39,0.7597296857189383,12282.0,2694.0,546.29,NVIDIA GeForce RTX 4070,[N/A],Enabled,Enabled
1701787628.207238,0,GPU-93ae0c7f-c327-aee3-adae-bc0d1dae71ea,0.37,0.7597296857189383,12282.0,2694.0,546.29,NVIDIA GeForce RTX 4070,[N/A],Enabled,Enabled
1701787629.207163,0,GPU-93ae0c7f-c327-aee3-adae-bc0d1dae71ea,0.41,0.7597296857189383,12282.0,2694.0,546.29,NVIDIA GeForce RTX 4070,[N/A],Enabled,Enabled
1701787630.207315,0,GPU-93ae0c7f-c327-aee3-adae-bc0d1dae71ea,0.38,0.7597296857189383,12282.0,2694.0,546.29,NVIDIA GeForce RTX 4070,[N/A],Enabled,Enabled
1701787631.207067,0,GPU-93ae0c7f-c327-aee3-adae-bc0d1dae71ea,0.39,0.7597296857189383,12282.0,2694.0,546.29,NVIDIA GeForce RTX 4070,[N/A],Enabled,Enabled
1701787632.208443,0,GPU-93ae0c7f-c327-aee3-adae-bc0d1dae71ea,0.37,0.7597296857189383,12282.0,2694.0,546.29,NVIDIA GeForce RTX 4070,[N/A],Enabled,Enabled
1701787633.207532,0,GPU-93ae0c7f-c327-aee3-adae-bc0d1dae71ea,0.4,0.7597296857189383,12282.0,2694.0,546.29,NVIDIA GeForce RTX 4070,[N/A],Enabled,Enabled
1701787634.207169,0,GPU-93ae0c7f-c327-aee3-adae-bc0d1dae71ea,0.36,0.7597296857189383,12282.0,2694.0,546.29,NVIDIA GeForce RTX 4070,[N/A],Enabled,Enabled
1701787635.207988,0,GPU-93ae0c7f-c327-aee3-adae-bc0d1dae71ea,0.41,0.7597296857189383,12282.0,2694.0,546.29,NVIDIA GeForce RTX 4070,[N/A],Enabled,Enabled
1701787636.207493,0,GPU-93ae0c7f-c327-aee3-adae-bc0d1dae71ea,0.41,0.7597296857189383,12282.0,2694.0,546.29,NVIDIA GeForce RTX 4070,[N/A],Enabled,Enabled
1701787637.206849,0,GPU-93ae0c7f-c327-aee3-adae-bc0d1dae71ea,0.42,0.7597296857189383,12282.0,2694.0,546.29,NVIDIA GeForce RTX 4070,[N/A],Enabled,Enabled
1701787638.207516,0,GPU-93ae0c7f-c327-aee3-adae-bc0d1dae71ea,0.4,0.7597296857189383,12282.0,2694.0,546.29,NVIDIA GeForce RTX 4070,[N/A],Enabled,Enabled
1701787639.207787,0,GPU-93ae0c7f-c327-aee3-adae-bc0d1dae71ea,0.39,0.7597296857189383,12282.0,2694.0,546.29,NVIDIA GeForce RTX 4070,[N/A],Enabled,Enabled
1701787640.207146,0,GPU-93ae0c7f-c327-aee3-adae-bc0d1dae71ea,0.4,0.7597296857189383,12282.0,2694.0,546.29,NVIDIA GeForce RTX 4070,[N/A],Enabled,Enabled
1701787641.207898,0,GPU-93ae0c7f-c327-aee3-adae-bc0d1dae71ea,0.42,0.7597296857189383,12282.0,2694.0,546.29,NVIDIA GeForce RTX 4070,[N/A],Enabled,Enabled
1701787642.207127,0,GPU-93ae0c7f-c327-aee3-adae-bc0d1dae71ea,0.41,0.7597296857189383,12282.0,2694.0,546.29,NVIDIA GeForce RTX 4070,[N/A],Enabled,Enabled
1701787643.207718,0,GPU-93ae0c7f-c327-aee3-adae-bc0d1dae71ea,0.36,0.7597296857189383,12282.0,2694.0,546.29,NVIDIA GeForce RTX 4070,[N/A],Enabled,Enabled
1701787644.207207,0,GPU-93ae0c7f-c327-aee3-adae-bc0d1dae71ea,0.37,0.7597296857189383,12282.0,2694.0,546.29,NVIDIA GeForce RTX 4070,[N/A],Enabled,Enabled
1701787645.207787,0,GPU-93ae0c7f-c327-aee3-adae-bc0d1dae71ea,0.36,0.7597296857189383,12282.0,2694.0,546.29,NVIDIA GeForce RTX 4070,[N/A],Enabled,Enabled
1701787646.207286,0,GPU-93ae0c7f-c327-aee3-adae-bc0d1dae71ea,0.4,0.7597296857189383,12282.0,2694.0,546.29,NVIDIA GeForce RTX 4070,[N/A],Enabled,Enabled
1701787647.207208,0,GPU-93ae0c7f-c327-aee3-adae-bc0d1dae71ea,0.41,0.7597296857189383,12282.0,2694.0,546.29,NVIDIA GeForce RTX 4070,[N/A],Enabled,Enabled
1701787648.208214,0,GPU-93ae0c7f-c327-aee3-adae-bc0d1dae71ea,0.39,0.7597296857189383,12282.0,2694.0,546.29,NVIDIA GeForce RTX 4070,[N/A],Enabled,Enabled
1701787649.207832,0,GPU-93ae0c7f-c327-aee3-adae-bc0d1dae71ea,0.4,0.7597296857189383,12282.0,2694.0,546.29,NVIDIA GeForce RTX 4070,[N/A],Enabled,Enabled
1701787650.20723,0,GPU-93ae0c7f-c327-aee3-adae-bc0d1dae71ea,0.35,0.7597296857189383,12282.0,2694.0,546.29,NVIDIA GeForce RTX 4070,[N/A],Enabled,Enabled
1701787651.208272,0,GPU-93ae0c7f-c327-aee3-adae-bc0d1dae71ea,0.37,0.7597296857189383,12282.0,2694.0,546.29,NVIDIA GeForce RTX 4070,[N/A],Enabled,Enabled
1701787652.208068,0,GPU-93ae0c7f-c327-aee3-adae-bc0d1dae71ea,0.38,0.7597296857189383,12282.0,2694.0,546.29,NVIDIA GeForce RTX 4070,[N/A],Enabled,Enabled
1701787653.207215,0,GPU-93ae0c7f-c327-aee3-adae-bc0d1dae71ea,0.39,0.7597296857189383,12282.0,2694.0,546.29,NVIDIA GeForce RTX 4070,[N/A],Enabled,Enabled
1701787654.207262,0,GPU-93ae0c7f-c327-aee3-adae-bc0d1dae71ea,0.36,0.7597296857189383,12282.0,2694.0,546.29,NVIDIA GeForce RTX 4070,[N/A],Enabled,Enabled
1701787655.208457,0,GPU-93ae0c7f-c327-aee3-adae-bc0d1dae71ea,0.39,0.7597296857189383,12282.0,2694.0,546.29,NVIDIA GeForce RTX 4070,[N/A],Enabled,Enabled
1701787656.207144,0,GPU-93ae0c7f-c327-aee3-adae-bc0d1dae71ea,0.38,0.7597296857189383,12282.0,2694.0,546.29,NVIDIA GeForce RTX 4070,[N/A],Enabled,Enabled
1701787657.207278,0,GPU-93ae0c7f-c327-aee3-adae-bc0d1dae71ea,0.41,0.7597296857189383,12282.0,2694.0,546.29,NVIDIA GeForce RTX 4070,[N/A],Enabled,Enabled
1701787658.207286,0,GPU-93ae0c7f-c327-aee3-adae-bc0d1dae71ea,0.38,0.7597296857189383,12282.0,2694.0,546.29,NVIDIA GeForce RTX 4070,[N/A],Enabled,Enabled
1701787659.207863,0,GPU-93ae0c7f-c327-aee3-adae-bc0d1dae71ea,0.35,0.7597296857189383,12282.0,2694.0,546.29,NVIDIA GeForce RTX 4070,[N/A],Enabled,Enabled
1701787660.208278,0,GPU-93ae0c7f-c327-aee3-adae-bc0d1dae71ea,0.38,0.7597296857189383,12282.0,2694.0,546.29,NVIDIA GeForce RTX 4070,[N/A],Enabled,Enabled
1701787661.20791,0,GPU-93ae0c7f-c327-aee3-adae-bc0d1dae71ea,0.42,0.7597296857189383,12282.0,2694.0,546.29,NVIDIA GeForce RTX 4070,[N/A],Enabled,Enabled
1701787662.207657,0,GPU-93ae0c7f-c327-aee3-adae-bc0d1dae71ea,0.36,0.7597296857189383,12282.0,2694.0,546.29,NVIDIA GeForce RTX 4070,[N/A],Enabled,Enabled
1701787663.20768,0,GPU-93ae0c7f-c327-aee3-adae-bc0d1dae71ea,0.39,0.7597296857189383,12282.0,2694.0,546.29,NVIDIA GeForce RTX 4070,[N/A],Enabled,Enabled
1701787664.207302,0,GPU-93ae0c7f-c327-aee3-adae-bc0d1dae71ea,0.39,0.7597296857189383,12282.0,2694.0,546.29,NVIDIA GeForce RTX 4070,[N/A],Enabled,Enabled
1701787665.207404,0,GPU-93ae0c7f-c327-aee3-adae-bc0d1dae71ea,0.38,0.7597296857189383,12282.0,2694.0,546.29,NVIDIA GeForce RTX 4070,[N/A],Enabled,Enabled
1701787666.207273,0,GPU-93ae0c7f-c327-aee3-adae-bc0d1dae71ea,0.38,0.7597296857189383,12282.0,2694.0,546.29,NVIDIA GeForce RTX 4070,[N/A],Enabled,Enabled
1701787667.207279,0,GPU-93ae0c7f-c327-aee3-adae-bc0d1dae71ea,0.42,0.7597296857189383,12282.0,2694.0,546.29,NVIDIA GeForce RTX 4070,[N/A],Enabled,Enabled
1701787668.206937,0,GPU-93ae0c7f-c327-aee3-adae-bc0d1dae71ea,0.4,0.7597296857189383,12282.0,2694.0,546.29,NVIDIA GeForce RTX 4070,[N/A],Enabled,Enabled
1701787669.208216,0,GPU-93ae0c7f-c327-aee3-adae-bc0d1dae71ea,0.41,0.7597296857189383,12282.0,2694.0,546.29,NVIDIA GeForce RTX 4070,[N/A],Enabled,Enabled
1701787670.207555,0,GPU-93ae0c7f-c327-aee3-adae-bc0d1dae71ea,0.4,0.7597296857189383,12282.0,2694.0,546.29,NVIDIA GeForce RTX 4070,[N/A],Enabled,Enabled
1701787671.208237,0,GPU-93ae0c7f-c327-aee3-adae-bc0d1dae71ea,0.4,0.7597296857189383,12282.0,2694.0,546.29,NVIDIA GeForce RTX 4070,[N/A],Enabled,Enabled
1701787672.208023,0,GPU-93ae0c7f-c327-aee3-adae-bc0d1dae71ea,0.39,0.7597296857189383,12282.0,2694.0,546.29,NVIDIA GeForce RTX 4070,[N/A],Enabled,Enabled
1701787673.207612,0,GPU-93ae0c7f-c327-aee3-adae-bc0d1dae71ea,0.4,0.7597296857189383,12282.0,2694.0,546.29,NVIDIA GeForce RTX 4070,[N/A],Enabled,Enabled
1701787674.206955,0,GPU-93ae0c7f-c327-aee3-adae-bc0d1dae71ea,0.4,0.7597296857189383,12282.0,2694.0,546.29,NVIDIA GeForce RTX 4070,[N/A],Enabled,Enabled
1701787675.207266,0,GPU-93ae0c7f-c327-aee3-adae-bc0d1dae71ea,0.38,0.7597296857189383,12282.0,2694.0,546.29,NVIDIA GeForce RTX 4070,[N/A],Enabled,Enabled
1701787676.207484,0,GPU-93ae0c7f-c327-aee3-adae-bc0d1dae71ea,0.39,0.7597296857189383,12282.0,2694.0,546.29,NVIDIA GeForce RTX 4070,[N/A],Enabled,Enabled
1701787677.208068,0,GPU-93ae0c7f-c327-aee3-adae-bc0d1dae71ea,0.36,0.7597296857189383,12282.0,2694.0,546.29,NVIDIA GeForce RTX 4070,[N/A],Enabled,Enabled
1701787678.20802,0,GPU-93ae0c7f-c327-aee3-adae-bc0d1dae71ea,0.38,0.7613580850024426,12282.0,2674.0,546.29,NVIDIA GeForce RTX 4070,[N/A],Enabled,Enabled
1701787679.207262,0,GPU-93ae0c7f-c327-aee3-adae-bc0d1dae71ea,0.42,0.7613580850024426,12282.0,2674.0,546.29,NVIDIA GeForce RTX 4070,[N/A],Enabled,Enabled
1701787680.207742,0,GPU-93ae0c7f-c327-aee3-adae-bc0d1dae71ea,0.39,0.7613580850024426,12282.0,2674.0,546.29,NVIDIA GeForce RTX 4070,[N/A],Enabled,Enabled
1701787681.207374,0,GPU-93ae0c7f-c327-aee3-adae-bc0d1dae71ea,0.43,0.7613580850024426,12282.0,2674.0,546.29,NVIDIA GeForce RTX 4070,[N/A],Enabled,Enabled
1701787682.207253,0,GPU-93ae0c7f-c327-aee3-adae-bc0d1dae71ea,0.41,0.7613580850024426,12282.0,2674.0,546.29,NVIDIA GeForce RTX 4070,[N/A],Enabled,Enabled
1701787683.207946,0,GPU-93ae0c7f-c327-aee3-adae-bc0d1dae71ea,0.4,0.7613580850024426,12282.0,2674.0,546.29,NVIDIA GeForce RTX 4070,[N/A],Enabled,Enabled
1701787684.207625,0,GPU-93ae0c7f-c327-aee3-adae-bc0d1dae71ea,0.42,0.7613580850024426,12282.0,2674.0,546.29,NVIDIA GeForce RTX 4070,[N/A],Enabled,Enabled
1701787685.20766,0,GPU-93ae0c7f-c327-aee3-adae-bc0d1dae71ea,0.4,0.7613580850024426,12282.0,2674.0,546.29,NVIDIA GeForce RTX 4070,[N/A],Enabled,Enabled
1701787686.207438,0,GPU-93ae0c7f-c327-aee3-adae-bc0d1dae71ea,0.39,0.7613580850024426,12282.0,2674.0,546.29,NVIDIA GeForce RTX 4070,[N/A],Enabled,Enabled
1701787687.207605,0,GPU-93ae0c7f-c327-aee3-adae-bc0d1dae71ea,0.47,0.7613580850024426,12282.0,2674.0,546.29,NVIDIA GeForce RTX 4070,[N/A],Enabled,Enabled
1701787688.207898,0,GPU-93ae0c7f-c327-aee3-adae-bc0d1dae71ea,0.38,0.7613580850024426,12282.0,2674.0,546.29,NVIDIA GeForce RTX 4070,[N/A],Enabled,Enabled
1701787689.207619,0,GPU-93ae0c7f-c327-aee3-adae-bc0d1dae71ea,0.36,0.7613580850024426,12282.0,2674.0,546.29,NVIDIA GeForce RTX 4070,[N/A],Enabled,Enabled
1701787690.208258,0,GPU-93ae0c7f-c327-aee3-adae-bc0d1dae71ea,0.39,0.7613580850024426,12282.0,2674.0,546.29,NVIDIA GeForce RTX 4070,[N/A],Enabled,Enabled
1701787691.207519,0,GPU-93ae0c7f-c327-aee3-adae-bc0d1dae71ea,0.42,0.7613580850024426,12282.0,2674.0,546.29,NVIDIA GeForce RTX 4070,[N/A],Enabled,Enabled
1701787692.207482,0,GPU-93ae0c7f-c327-aee3-adae-bc0d1dae71ea,0.4,0.7613580850024426,12282.0,2674.0,546.29,NVIDIA GeForce RTX 4070,[N/A],Enabled,Enabled
1701787693.20742,0,GPU-93ae0c7f-c327-aee3-adae-bc0d1dae71ea,0.4,0.7613580850024426,12282.0,2674.0,546.29,NVIDIA GeForce RTX 4070,[N/A],Enabled,Enabled
1701787694.207593,0,GPU-93ae0c7f-c327-aee3-adae-bc0d1dae71ea,0.4,0.7613580850024426,12282.0,2674.0,546.29,NVIDIA GeForce RTX 4070,[N/A],Enabled,Enabled
1701787695.208525,0,GPU-93ae0c7f-c327-aee3-adae-bc0d1dae71ea,0.39,0.7613580850024426,12282.0,2674.0,546.29,NVIDIA GeForce RTX 4070,[N/A],Enabled,Enabled
1701787696.20766,0,GPU-93ae0c7f-c327-aee3-adae-bc0d1dae71ea,0.36,0.7613580850024426,12282.0,2674.0,546.29,NVIDIA GeForce RTX 4070,[N/A],Enabled,Enabled
1701787697.208131,0,GPU-93ae0c7f-c327-aee3-adae-bc0d1dae71ea,0.41,0.7613580850024426,12282.0,2674.0,546.29,NVIDIA GeForce RTX 4070,[N/A],Enabled,Enabled
1701787698.207497,0,GPU-93ae0c7f-c327-aee3-adae-bc0d1dae71ea,0.38,0.7613580850024426,12282.0,2674.0,546.29,NVIDIA GeForce RTX 4070,[N/A],Enabled,Enabled
1701787699.207892,0,GPU-93ae0c7f-c327-aee3-adae-bc0d1dae71ea,0.4,0.7613580850024426,12282.0,2674.0,546.29,NVIDIA GeForce RTX 4070,[N/A],Enabled,Enabled
1701787700.20776,0,GPU-93ae0c7f-c327-aee3-adae-bc0d1dae71ea,0.39,0.7613580850024426,12282.0,2674.0,546.29,NVIDIA GeForce RTX 4070,[N/A],Enabled,Enabled
1701787701.207618,0,GPU-93ae0c7f-c327-aee3-adae-bc0d1dae71ea,0.38,0.7613580850024426,12282.0,2674.0,546.29,NVIDIA GeForce RTX 4070,[N/A],Enabled,Enabled
1701787702.207712,0,GPU-93ae0c7f-c327-aee3-adae-bc0d1dae71ea,0.35,0.7613580850024426,12282.0,2674.0,546.29,NVIDIA GeForce RTX 4070,[N/A],Enabled,Enabled
1701787703.207828,0,GPU-93ae0c7f-c327-aee3-adae-bc0d1dae71ea,0.38,0.7613580850024426,12282.0,2674.0,546.29,NVIDIA GeForce RTX 4070,[N/A],Enabled,Enabled
1701787704.207052,0,GPU-93ae0c7f-c327-aee3-adae-bc0d1dae71ea,0.39,0.7613580850024426,12282.0,2674.0,546.29,NVIDIA GeForce RTX 4070,[N/A],Enabled,Enabled
1701787705.207626,0,GPU-93ae0c7f-c327-aee3-adae-bc0d1dae71ea,0.42,0.7613580850024426,12282.0,2674.0,546.29,NVIDIA GeForce RTX 4070,[N/A],Enabled,Enabled
1701787706.207461,0,GPU-93ae0c7f-c327-aee3-adae-bc0d1dae71ea,0.38,0.7613580850024426,12282.0,2674.0,546.29,NVIDIA GeForce RTX 4070,[N/A],Enabled,Enabled
1701787707.207999,0,GPU-93ae0c7f-c327-aee3-adae-bc0d1dae71ea,0.45,0.7613580850024426,12282.0,2674.0,546.29,NVIDIA GeForce RTX 4070,[N/A],Enabled,Enabled
1701787708.207775,0,GPU-93ae0c7f-c327-aee3-adae-bc0d1dae71ea,0.39,0.7613580850024426,12282.0,2674.0,546.29,NVIDIA GeForce RTX 4070,[N/A],Enabled,Enabled
1701787709.207342,0,GPU-93ae0c7f-c327-aee3-adae-bc0d1dae71ea,0.44,0.7613580850024426,12282.0,2674.0,546.29,NVIDIA GeForce RTX 4070,[N/A],Enabled,Enabled
1701787710.207075,0,GPU-93ae0c7f-c327-aee3-adae-bc0d1dae71ea,0.39,0.7613580850024426,12282.0,2674.0,546.29,NVIDIA GeForce RTX 4070,[N/A],Enabled,Enabled
1701787711.207922,0,GPU-93ae0c7f-c327-aee3-adae-bc0d1dae71ea,0.42,0.7613580850024426,12282.0,2674.0,546.29,NVIDIA GeForce RTX 4070,[N/A],Enabled,Enabled
1701787712.20837,0,GPU-93ae0c7f-c327-aee3-adae-bc0d1dae71ea,0.41,0.7613580850024426,12282.0,2674.0,546.29,NVIDIA GeForce RTX 4070,[N/A],Enabled,Enabled
1701787713.207279,0,GPU-93ae0c7f-c327-aee3-adae-bc0d1dae71ea,0.36,0.7613580850024426,12282.0,2674.0,546.29,NVIDIA GeForce RTX 4070,[N/A],Enabled,Enabled
1701787714.207865,0,GPU-93ae0c7f-c327-aee3-adae-bc0d1dae71ea,0.41,0.7613580850024426,12282.0,2674.0,546.29,NVIDIA GeForce RTX 4070,[N/A],Enabled,Enabled
1701787715.208235,0,GPU-93ae0c7f-c327-aee3-adae-bc0d1dae71ea,0.41,0.7613580850024426,12282.0,2674.0,546.29,NVIDIA GeForce RTX 4070,[N/A],Enabled,Enabled
1701787716.207168,0,GPU-93ae0c7f-c327-aee3-adae-bc0d1dae71ea,0.4,0.7613580850024426,12282.0,2674.0,546.29,NVIDIA GeForce RTX 4070,[N/A],Enabled,Enabled
1701787717.207424,0,GPU-93ae0c7f-c327-aee3-adae-bc0d1dae71ea,0.35,0.7613580850024426,12282.0,2674.0,546.29,NVIDIA GeForce RTX 4070,[N/A],Enabled,Enabled
1701787718.207547,0,GPU-93ae0c7f-c327-aee3-adae-bc0d1dae71ea,0.36,0.7613580850024426,12282.0,2674.0,546.29,NVIDIA GeForce RTX 4070,[N/A],Enabled,Enabled
1701787719.207098,0,GPU-93ae0c7f-c327-aee3-adae-bc0d1dae71ea,0.45,0.7613580850024426,12282.0,2674.0,546.29,NVIDIA GeForce RTX 4070,[N/A],Enabled,Enabled
1701787720.207041,0,GPU-93ae0c7f-c327-aee3-adae-bc0d1dae71ea,0.44,0.7613580850024426,12282.0,2674.0,546.29,NVIDIA GeForce RTX 4070,[N/A],Enabled,Enabled
1701787721.207217,0,GPU-93ae0c7f-c327-aee3-adae-bc0d1dae71ea,0.4,0.7613580850024426,12282.0,2674.0,546.29,NVIDIA GeForce RTX 4070,[N/A],Enabled,Enabled
1701787722.206906,0,GPU-93ae0c7f-c327-aee3-adae-bc0d1dae71ea,0.37,0.7613580850024426,12282.0,2674.0,546.29,NVIDIA GeForce RTX 4070,[N/A],Enabled,Enabled
1701787723.207367,0,GPU-93ae0c7f-c327-aee3-adae-bc0d1dae71ea,0.4,0.7613580850024426,12282.0,2674.0,546.29,NVIDIA GeForce RTX 4070,[N/A],Enabled,Enabled
1701787724.207218,0,GPU-93ae0c7f-c327-aee3-adae-bc0d1dae71ea,0.37,0.7613580850024426,12282.0,2674.0,546.29,NVIDIA GeForce RTX 4070,[N/A],Enabled,Enabled
1701787725.208365,0,GPU-93ae0c7f-c327-aee3-adae-bc0d1dae71ea,0.35,0.7613580850024426,12282.0,2674.0,546.29,NVIDIA GeForce RTX 4070,[N/A],Enabled,Enabled
1701787726.208589,0,GPU-93ae0c7f-c327-aee3-adae-bc0d1dae71ea,0.36,0.7613580850024426,12282.0,2674.0,546.29,NVIDIA GeForce RTX 4070,[N/A],Enabled,Enabled
1701787727.207876,0,GPU-93ae0c7f-c327-aee3-adae-bc0d1dae71ea,0.44,0.7613580850024426,12282.0,2674.0,546.29,NVIDIA GeForce RTX 4070,[N/A],Enabled,Enabled
1701787728.207455,0,GPU-93ae0c7f-c327-aee3-adae-bc0d1dae71ea,0.39,0.7613580850024426,12282.0,2674.0,546.29,NVIDIA GeForce RTX 4070,[N/A],Enabled,Enabled
1701787729.207887,0,GPU-93ae0c7f-c327-aee3-adae-bc0d1dae71ea,0.39,0.7613580850024426,12282.0,2674.0,546.29,NVIDIA GeForce RTX 4070,[N/A],Enabled,Enabled
1701787730.20751,0,GPU-93ae0c7f-c327-aee3-adae-bc0d1dae71ea,0.35,0.7613580850024426,12282.0,2674.0,546.29,NVIDIA GeForce RTX 4070,[N/A],Enabled,Enabled
1701787731.207288,0,GPU-93ae0c7f-c327-aee3-adae-bc0d1dae71ea,0.44,0.7613580850024426,12282.0,2674.0,546.29,NVIDIA GeForce RTX 4070,[N/A],Enabled,Enabled
1701787732.207824,0,GPU-93ae0c7f-c327-aee3-adae-bc0d1dae71ea,0.41,0.7613580850024426,12282.0,2674.0,546.29,NVIDIA GeForce RTX 4070,[N/A],Enabled,Enabled
1701787733.207514,0,GPU-93ae0c7f-c327-aee3-adae-bc0d1dae71ea,0.41,0.7613580850024426,12282.0,2674.0,546.29,NVIDIA GeForce RTX 4070,[N/A],Enabled,Enabled
1701787734.208332,0,GPU-93ae0c7f-c327-aee3-adae-bc0d1dae71ea,0.36,0.7613580850024426,12282.0,2674.0,546.29,NVIDIA GeForce RTX 4070,[N/A],Enabled,Enabled
1701787735.207788,0,GPU-93ae0c7f-c327-aee3-adae-bc0d1dae71ea,0.41,0.7613580850024426,12282.0,2674.0,546.29,NVIDIA GeForce RTX 4070,[N/A],Enabled,Enabled
1701787736.207111,0,GPU-93ae0c7f-c327-aee3-adae-bc0d1dae71ea,0.4,0.7613580850024426,12282.0,2674.0,546.29,NVIDIA GeForce RTX 4070,[N/A],Enabled,Enabled
1701787737.207633,0,GPU-93ae0c7f-c327-aee3-adae-bc0d1dae71ea,0.43,0.7613580850024426,12282.0,2674.0,546.29,NVIDIA GeForce RTX 4070,[N/A],Enabled,Enabled
1701787738.208104,0,GPU-93ae0c7f-c327-aee3-adae-bc0d1dae71ea,0.41,0.7613580850024426,12282.0,2674.0,546.29,NVIDIA GeForce RTX 4070,[N/A],Enabled,Enabled
1701787739.206963,0,GPU-93ae0c7f-c327-aee3-adae-bc0d1dae71ea,0.38,0.7613580850024426,12282.0,2674.0,546.29,NVIDIA GeForce RTX 4070,[N/A],Enabled,Enabled
1701787740.207682,0,GPU-93ae0c7f-c327-aee3-adae-bc0d1dae71ea,0.38,0.7613580850024426,12282.0,2674.0,546.29,NVIDIA GeForce RTX 4070,[N/A],Enabled,Enabled
1701787741.208197,0,GPU-93ae0c7f-c327-aee3-adae-bc0d1dae71ea,0.46,0.7613580850024426,12282.0,2674.0,546.29,NVIDIA GeForce RTX 4070,[N/A],Enabled,Enabled
1701787742.207868,0,GPU-93ae0c7f-c327-aee3-adae-bc0d1dae71ea,0.39,0.7613580850024426,12282.0,2674.0,546.29,NVIDIA GeForce RTX 4070,[N/A],Enabled,Enabled
1701787743.207365,0,GPU-93ae0c7f-c327-aee3-adae-bc0d1dae71ea,0.39,0.762986484285947,12282.0,2654.0,546.29,NVIDIA GeForce RTX 4070,[N/A],Enabled,Enabled
1701787744.207474,0,GPU-93ae0c7f-c327-aee3-adae-bc0d1dae71ea,0.43,0.762986484285947,12282.0,2654.0,546.29,NVIDIA GeForce RTX 4070,[N/A],Enabled,Enabled
1701787745.207656,0,GPU-93ae0c7f-c327-aee3-adae-bc0d1dae71ea,0.45,0.762986484285947,12282.0,2654.0,546.29,NVIDIA GeForce RTX 4070,[N/A],Enabled,Enabled
1701787746.206895,0,GPU-93ae0c7f-c327-aee3-adae-bc0d1dae71ea,0.38,0.762986484285947,12282.0,2654.0,546.29,NVIDIA GeForce RTX 4070,[N/A],Enabled,Enabled
1701787747.207254,0,GPU-93ae0c7f-c327-aee3-adae-bc0d1dae71ea,0.42,0.762986484285947,12282.0,2654.0,546.29,NVIDIA GeForce RTX 4070,[N/A],Enabled,Enabled
1701787748.207773,0,GPU-93ae0c7f-c327-aee3-adae-bc0d1dae71ea,0.38,0.762986484285947,12282.0,2654.0,546.29,NVIDIA GeForce RTX 4070,[N/A],Enabled,Enabled
1701787749.207548,0,GPU-93ae0c7f-c327-aee3-adae-bc0d1dae71ea,0.37,0.762986484285947,12282.0,2654.0,546.29,NVIDIA GeForce RTX 4070,[N/A],Enabled,Enabled
1701787750.207162,0,GPU-93ae0c7f-c327-aee3-adae-bc0d1dae71ea,0.38,0.762986484285947,12282.0,2654.0,546.29,NVIDIA GeForce RTX 4070,[N/A],Enabled,Enabled
1701787751.207465,0,GPU-93ae0c7f-c327-aee3-adae-bc0d1dae71ea,0.43,0.762986484285947,12282.0,2654.0,546.29,NVIDIA GeForce RTX 4070,[N/A],Enabled,Enabled
1701787752.208021,0,GPU-93ae0c7f-c327-aee3-adae-bc0d1dae71ea,0.4,0.762986484285947,12282.0,2654.0,546.29,NVIDIA GeForce RTX 4070,[N/A],Enabled,Enabled
1701787753.207286,0,GPU-93ae0c7f-c327-aee3-adae-bc0d1dae71ea,0.42,0.762986484285947,12282.0,2654.0,546.29,NVIDIA GeForce RTX 4070,[N/A],Enabled,Enabled
1701787754.207243,0,GPU-93ae0c7f-c327-aee3-adae-bc0d1dae71ea,0.38,0.762986484285947,12282.0,2654.0,546.29,NVIDIA GeForce RTX 4070,[N/A],Enabled,Enabled
1701787755.207374,0,GPU-93ae0c7f-c327-aee3-adae-bc0d1dae71ea,0.4,0.762986484285947,12282.0,2654.0,546.29,NVIDIA GeForce RTX 4070,[N/A],Enabled,Enabled
1701787756.207379,0,GPU-93ae0c7f-c327-aee3-adae-bc0d1dae71ea,0.36,0.762986484285947,12282.0,2654.0,546.29,NVIDIA GeForce RTX 4070,[N/A],Enabled,Enabled
1701787757.206987,0,GPU-93ae0c7f-c327-aee3-adae-bc0d1dae71ea,0.38,0.762986484285947,12282.0,2654.0,546.29,NVIDIA GeForce RTX 4070,[N/A],Enabled,Enabled
1701787758.207663,0,GPU-93ae0c7f-c327-aee3-adae-bc0d1dae71ea,0.37,0.762986484285947,12282.0,2654.0,546.29,NVIDIA GeForce RTX 4070,[N/A],Enabled,Enabled
1701787759.207596,0,GPU-93ae0c7f-c327-aee3-adae-bc0d1dae71ea,0.4,0.762986484285947,12282.0,2654.0,546.29,NVIDIA GeForce RTX 4070,[N/A],Enabled,Enabled
1701787760.208542,0,GPU-93ae0c7f-c327-aee3-adae-bc0d1dae71ea,0.36,0.762986484285947,12282.0,2654.0,546.29,NVIDIA GeForce RTX 4070,[N/A],Enabled,Enabled
1701787761.206953,0,GPU-93ae0c7f-c327-aee3-adae-bc0d1dae71ea,0.4,0.762986484285947,12282.0,2654.0,546.29,NVIDIA GeForce RTX 4070,[N/A],Enabled,Enabled
1701787762.207274,0,GPU-93ae0c7f-c327-aee3-adae-bc0d1dae71ea,0.39,0.762986484285947,12282.0,2654.0,546.29,NVIDIA GeForce RTX 4070,[N/A],Enabled,Enabled
1701787763.207462,0,GPU-93ae0c7f-c327-aee3-adae-bc0d1dae71ea,0.38,0.762986484285947,12282.0,2654.0,546.29,NVIDIA GeForce RTX 4070,[N/A],Enabled,Enabled
1701787764.207964,0,GPU-93ae0c7f-c327-aee3-adae-bc0d1dae71ea,0.37,0.762986484285947,12282.0,2654.0,546.29,NVIDIA GeForce RTX 4070,[N/A],Enabled,Enabled
1701787765.207482,0,GPU-93ae0c7f-c327-aee3-adae-bc0d1dae71ea,0.41,0.762986484285947,12282.0,2654.0,546.29,NVIDIA GeForce RTX 4070,[N/A],Enabled,Enabled
1701787766.206738,0,GPU-93ae0c7f-c327-aee3-adae-bc0d1dae71ea,0.41,0.7630679042501222,12282.0,2653.0,546.29,NVIDIA GeForce RTX 4070,[N/A],Enabled,Enabled
1701787767.207037,0,GPU-93ae0c7f-c327-aee3-adae-bc0d1dae71ea,0.36,0.7630679042501222,12282.0,2653.0,546.29,NVIDIA GeForce RTX 4070,[N/A],Enabled,Enabled
1701787768.207857,0,GPU-93ae0c7f-c327-aee3-adae-bc0d1dae71ea,0.35,0.762986484285947,12282.0,2654.0,546.29,NVIDIA GeForce RTX 4070,[N/A],Enabled,Enabled
1701787769.208286,0,GPU-93ae0c7f-c327-aee3-adae-bc0d1dae71ea,0.41,0.762986484285947,12282.0,2654.0,546.29,NVIDIA GeForce RTX 4070,[N/A],Enabled,Enabled
1701787770.207428,0,GPU-93ae0c7f-c327-aee3-adae-bc0d1dae71ea,0.39,0.762986484285947,12282.0,2654.0,546.29,NVIDIA GeForce RTX 4070,[N/A],Enabled,Enabled
1701787771.207751,0,GPU-93ae0c7f-c327-aee3-adae-bc0d1dae71ea,0.39,0.762986484285947,12282.0,2654.0,546.29,NVIDIA GeForce RTX 4070,[N/A],Enabled,Enabled
1701787772.207661,0,GPU-93ae0c7f-c327-aee3-adae-bc0d1dae71ea,0.39,0.762986484285947,12282.0,2654.0,546.29,NVIDIA GeForce RTX 4070,[N/A],Enabled,Enabled
1701787773.208358,0,GPU-93ae0c7f-c327-aee3-adae-bc0d1dae71ea,0.47,0.762986484285947,12282.0,2654.0,546.29,NVIDIA GeForce RTX 4070,[N/A],Enabled,Enabled
1701787774.207164,0,GPU-93ae0c7f-c327-aee3-adae-bc0d1dae71ea,0.45,0.762986484285947,12282.0,2654.0,546.29,NVIDIA GeForce RTX 4070,[N/A],Enabled,Enabled
1701787775.20797,0,GPU-93ae0c7f-c327-aee3-adae-bc0d1dae71ea,0.43,0.762986484285947,12282.0,2654.0,546.29,NVIDIA GeForce RTX 4070,[N/A],Enabled,Enabled
1701787776.207831,0,GPU-93ae0c7f-c327-aee3-adae-bc0d1dae71ea,0.39,0.762986484285947,12282.0,2654.0,546.29,NVIDIA GeForce RTX 4070,[N/A],Enabled,Enabled
1701787777.207001,0,GPU-93ae0c7f-c327-aee3-adae-bc0d1dae71ea,0.46,0.762986484285947,12282.0,2654.0,546.29,NVIDIA GeForce RTX 4070,[N/A],Enabled,Enabled
1701787778.207241,0,GPU-93ae0c7f-c327-aee3-adae-bc0d1dae71ea,0.36,0.762986484285947,12282.0,2654.0,546.29,NVIDIA GeForce RTX 4070,[N/A],Enabled,Enabled
1701787779.207841,0,GPU-93ae0c7f-c327-aee3-adae-bc0d1dae71ea,0.42,0.762986484285947,12282.0,2654.0,546.29,NVIDIA GeForce RTX 4070,[N/A],Enabled,Enabled
1701787780.208028,0,GPU-93ae0c7f-c327-aee3-adae-bc0d1dae71ea,0.43,0.762986484285947,12282.0,2654.0,546.29,NVIDIA GeForce RTX 4070,[N/A],Enabled,Enabled
1701787781.207685,0,GPU-93ae0c7f-c327-aee3-adae-bc0d1dae71ea,0.43,0.762986484285947,12282.0,2654.0,546.29,NVIDIA GeForce RTX 4070,[N/A],Enabled,Enabled
1701787782.207653,0,GPU-93ae0c7f-c327-aee3-adae-bc0d1dae71ea,0.38,0.762986484285947,12282.0,2654.0,546.29,NVIDIA GeForce RTX 4070,[N/A],Enabled,Enabled
1701787783.207105,0,GPU-93ae0c7f-c327-aee3-adae-bc0d1dae71ea,0.39,0.762986484285947,12282.0,2654.0,546.29,NVIDIA GeForce RTX 4070,[N/A],Enabled,Enabled
1701787784.20741,0,GPU-93ae0c7f-c327-aee3-adae-bc0d1dae71ea,0.39,0.762986484285947,12282.0,2654.0,546.29,NVIDIA GeForce RTX 4070,[N/A],Enabled,Enabled
1701787785.207077,0,GPU-93ae0c7f-c327-aee3-adae-bc0d1dae71ea,0.47,0.762986484285947,12282.0,2654.0,546.29,NVIDIA GeForce RTX 4070,[N/A],Enabled,Enabled
1701787786.207366,0,GPU-93ae0c7f-c327-aee3-adae-bc0d1dae71ea,0.44,0.762986484285947,12282.0,2654.0,546.29,NVIDIA GeForce RTX 4070,[N/A],Enabled,Enabled
1701787787.207964,0,GPU-93ae0c7f-c327-aee3-adae-bc0d1dae71ea,0.4,0.762986484285947,12282.0,2654.0,546.29,NVIDIA GeForce RTX 4070,[N/A],Enabled,Enabled
1701787788.207698,0,GPU-93ae0c7f-c327-aee3-adae-bc0d1dae71ea,0.38,0.762986484285947,12282.0,2654.0,546.29,NVIDIA GeForce RTX 4070,[N/A],Enabled,Enabled
1701787789.208036,0,GPU-93ae0c7f-c327-aee3-adae-bc0d1dae71ea,0.4,0.762986484285947,12282.0,2654.0,546.29,NVIDIA GeForce RTX 4070,[N/A],Enabled,Enabled
1701787790.207826,0,GPU-93ae0c7f-c327-aee3-adae-bc0d1dae71ea,0.36,0.762986484285947,12282.0,2654.0,546.29,NVIDIA GeForce RTX 4070,[N/A],Enabled,Enabled
1701787791.207793,0,GPU-93ae0c7f-c327-aee3-adae-bc0d1dae71ea,0.42,0.762986484285947,12282.0,2654.0,546.29,NVIDIA GeForce RTX 4070,[N/A],Enabled,Enabled
1701787792.207506,0,GPU-93ae0c7f-c327-aee3-adae-bc0d1dae71ea,0.44,0.762986484285947,12282.0,2654.0,546.29,NVIDIA GeForce RTX 4070,[N/A],Enabled,Enabled
1701787793.207456,0,GPU-93ae0c7f-c327-aee3-adae-bc0d1dae71ea,0.41,0.762986484285947,12282.0,2654.0,546.29,NVIDIA GeForce RTX 4070,[N/A],Enabled,Enabled
1701787794.206821,0,GPU-93ae0c7f-c327-aee3-adae-bc0d1dae71ea,0.38,0.762986484285947,12282.0,2654.0,546.29,NVIDIA GeForce RTX 4070,[N/A],Enabled,Enabled
1701787795.207401,0,GPU-93ae0c7f-c327-aee3-adae-bc0d1dae71ea,0.46,0.762986484285947,12282.0,2654.0,546.29,NVIDIA GeForce RTX 4070,[N/A],Enabled,Enabled
1701787796.207819,0,GPU-93ae0c7f-c327-aee3-adae-bc0d1dae71ea,0.39,0.762986484285947,12282.0,2654.0,546.29,NVIDIA GeForce RTX 4070,[N/A],Enabled,Enabled
1701787797.207579,0,GPU-93ae0c7f-c327-aee3-adae-bc0d1dae71ea,0.39,0.762986484285947,12282.0,2654.0,546.29,NVIDIA GeForce RTX 4070,[N/A],Enabled,Enabled
1701787798.207726,0,GPU-93ae0c7f-c327-aee3-adae-bc0d1dae71ea,0.39,0.762986484285947,12282.0,2654.0,546.29,NVIDIA GeForce RTX 4070,[N/A],Enabled,Enabled
1701787799.207555,0,GPU-93ae0c7f-c327-aee3-adae-bc0d1dae71ea,0.42,0.762986484285947,12282.0,2654.0,546.29,NVIDIA GeForce RTX 4070,[N/A],Enabled,Enabled
1701787800.207547,0,GPU-93ae0c7f-c327-aee3-adae-bc0d1dae71ea,0.39,0.762986484285947,12282.0,2654.0,546.29,NVIDIA GeForce RTX 4070,[N/A],Enabled,Enabled
1701787801.207261,0,GPU-93ae0c7f-c327-aee3-adae-bc0d1dae71ea,0.38,0.762986484285947,12282.0,2654.0,546.29,NVIDIA GeForce RTX 4070,[N/A],Enabled,Enabled
1701787802.207334,0,GPU-93ae0c7f-c327-aee3-adae-bc0d1dae71ea,0.38,0.762986484285947,12282.0,2654.0,546.29,NVIDIA GeForce RTX 4070,[N/A],Enabled,Enabled
1701787803.207391,0,GPU-93ae0c7f-c327-aee3-adae-bc0d1dae71ea,0.38,0.762986484285947,12282.0,2654.0,546.29,NVIDIA GeForce RTX 4070,[N/A],Enabled,Enabled
1701787804.20723,0,GPU-93ae0c7f-c327-aee3-adae-bc0d1dae71ea,0.33,0.762986484285947,12282.0,2654.0,546.29,NVIDIA GeForce RTX 4070,[N/A],Enabled,Enabled
1701787805.207415,0,GPU-93ae0c7f-c327-aee3-adae-bc0d1dae71ea,0.28,0.7611952450740922,12282.0,2676.0,546.29,NVIDIA GeForce RTX 4070,[N/A],Enabled,Enabled
1701787806.207689,0,GPU-93ae0c7f-c327-aee3-adae-bc0d1dae71ea,0.28,0.7611952450740922,12282.0,2676.0,546.29,NVIDIA GeForce RTX 4070,[N/A],Enabled,Enabled
1701787807.207939,0,GPU-93ae0c7f-c327-aee3-adae-bc0d1dae71ea,0.25,0.7568799869728058,12282.0,2729.0,546.29,NVIDIA GeForce RTX 4070,[N/A],Enabled,Enabled
1701787808.20763,0,GPU-93ae0c7f-c327-aee3-adae-bc0d1dae71ea,0.26,0.75850838625631,12282.0,2709.0,546.29,NVIDIA GeForce RTX 4070,[N/A],Enabled,Enabled
1701787809.207349,0,GPU-93ae0c7f-c327-aee3-adae-bc0d1dae71ea,0.25,0.7578570265429083,12282.0,2717.0,546.29,NVIDIA GeForce RTX 4070,[N/A],Enabled,Enabled
1701787810.207585,0,GPU-93ae0c7f-c327-aee3-adae-bc0d1dae71ea,0.25,0.7578570265429083,12282.0,2717.0,546.29,NVIDIA GeForce RTX 4070,[N/A],Enabled,Enabled
1701787811.207877,0,GPU-93ae0c7f-c327-aee3-adae-bc0d1dae71ea,0.28,0.7620094447158443,12282.0,2666.0,546.29,NVIDIA GeForce RTX 4070,[N/A],Enabled,Enabled
1701787812.206914,0,GPU-93ae0c7f-c327-aee3-adae-bc0d1dae71ea,0.29,0.7620094447158443,12282.0,2666.0,546.29,NVIDIA GeForce RTX 4070,[N/A],Enabled,Enabled
1701787813.207972,0,GPU-93ae0c7f-c327-aee3-adae-bc0d1dae71ea,0.24,0.7577756065787331,12282.0,2718.0,546.29,NVIDIA GeForce RTX 4070,[N/A],Enabled,Enabled
1701787814.207475,0,GPU-93ae0c7f-c327-aee3-adae-bc0d1dae71ea,0.24,0.7577756065787331,12282.0,2718.0,546.29,NVIDIA GeForce RTX 4070,[N/A],Enabled,Enabled
1701787815.207867,0,GPU-93ae0c7f-c327-aee3-adae-bc0d1dae71ea,0.1,0.6008793356130924,12282.0,4645.0,546.29,NVIDIA GeForce RTX 4070,[N/A],Enabled,Enabled
1701787816.20729,0,GPU-93ae0c7f-c327-aee3-adae-bc0d1dae71ea,0.12,0.6008793356130924,12282.0,4645.0,546.29,NVIDIA GeForce RTX 4070,[N/A],Enabled,Enabled
1701787817.207566,0,GPU-93ae0c7f-c327-aee3-adae-bc0d1dae71ea,0.13,0.6008793356130924,12282.0,4645.0,546.29,NVIDIA GeForce RTX 4070,[N/A],Enabled,Enabled
1701787818.207747,0,GPU-93ae0c7f-c327-aee3-adae-bc0d1dae71ea,0.13,0.6008793356130924,12282.0,4645.0,546.29,NVIDIA GeForce RTX 4070,[N/A],Enabled,Enabled
1701787819.207318,0,GPU-93ae0c7f-c327-aee3-adae-bc0d1dae71ea,0.12,0.6008793356130924,12282.0,4645.0,546.29,NVIDIA GeForce RTX 4070,[N/A],Enabled,Enabled
1701787820.207472,0,GPU-93ae0c7f-c327-aee3-adae-bc0d1dae71ea,0.13,0.6013678553981436,12282.0,4639.0,546.29,NVIDIA GeForce RTX 4070,[N/A],Enabled,Enabled
1701787821.20698,0,GPU-93ae0c7f-c327-aee3-adae-bc0d1dae71ea,0.12,0.6013678553981436,12282.0,4639.0,546.29,NVIDIA GeForce RTX 4070,[N/A],Enabled,Enabled
1701787822.208053,0,GPU-93ae0c7f-c327-aee3-adae-bc0d1dae71ea,0.13,0.601123595505618,12282.0,4642.0,546.29,NVIDIA GeForce RTX 4070,[N/A],Enabled,Enabled
1701787823.208324,0,GPU-93ae0c7f-c327-aee3-adae-bc0d1dae71ea,0.13,0.601123595505618,12282.0,4642.0,546.29,NVIDIA GeForce RTX 4070,[N/A],Enabled,Enabled
1701787824.207374,0,GPU-93ae0c7f-c327-aee3-adae-bc0d1dae71ea,0.12,0.601123595505618,12282.0,4642.0,546.29,NVIDIA GeForce RTX 4070,[N/A],Enabled,Enabled
1701787825.207356,0,GPU-93ae0c7f-c327-aee3-adae-bc0d1dae71ea,0.12,0.601123595505618,12282.0,4642.0,546.29,NVIDIA GeForce RTX 4070,[N/A],Enabled,Enabled
1701787826.207313,0,GPU-93ae0c7f-c327-aee3-adae-bc0d1dae71ea,0.12,0.601123595505618,12282.0,4642.0,546.29,NVIDIA GeForce RTX 4070,[N/A],Enabled,Enabled
1701787827.208088,0,GPU-93ae0c7f-c327-aee3-adae-bc0d1dae71ea,0.12,0.601123595505618,12282.0,4642.0,546.29,NVIDIA GeForce RTX 4070,[N/A],Enabled,Enabled
1701787828.207683,0,GPU-93ae0c7f-c327-aee3-adae-bc0d1dae71ea,0.12,0.601123595505618,12282.0,4642.0,546.29,NVIDIA GeForce RTX 4070,[N/A],Enabled,Enabled
1701787829.207707,0,GPU-93ae0c7f-c327-aee3-adae-bc0d1dae71ea,0.12,0.601123595505618,12282.0,4642.0,546.29,NVIDIA GeForce RTX 4070,[N/A],Enabled,Enabled
1701787830.206765,0,GPU-93ae0c7f-c327-aee3-adae-bc0d1dae71ea,0.12,0.601123595505618,12282.0,4642.0,546.29,NVIDIA GeForce RTX 4070,[N/A],Enabled,Enabled
