timestamp,id,uuid,load,memoryUtil,memoryTotal,memoryUsed,memoryFree,driver,name,serial,display_mode,display_active
1701907399.95366,0,GPU-93ae0c7f-c327-aee3-adae-bc0d1dae71ea,0.14,0.27918905715681486,12282.0,8596.0,546.29,NVIDIA GeForce RTX 4070,[N/A],Enabled,Enabled
1701907400.949738,0,GPU-93ae0c7f-c327-aee3-adae-bc0d1dae71ea,0.14,0.37331053574336426,12282.0,7440.0,546.29,NVIDIA GeForce RTX 4070,[N/A],Enabled,Enabled
1701907401.949713,0,GPU-93ae0c7f-c327-aee3-adae-bc0d1dae71ea,0.1,0.341882429571731,12282.0,7826.0,546.29,NVIDIA GeForce RTX 4070,[N/A],Enabled,Enabled
1701907402.949915,0,GPU-93ae0c7f-c327-aee3-adae-bc0d1dae71ea,0.1,0.3408239700374532,12282.0,7839.0,546.29,NVIDIA GeForce RTX 4070,[N/A],Enabled,Enabled
1701907403.949623,0,GPU-93ae0c7f-c327-aee3-adae-bc0d1dae71ea,0.09,0.26917440156326333,12282.0,8719.0,546.29,NVIDIA GeForce RTX 4070,[N/A],Enabled,Enabled
1701907404.950327,0,GPU-93ae0c7f-c327-aee3-adae-bc0d1dae71ea,0.12,0.4321771698420453,12282.0,6717.0,546.29,NVIDIA GeForce RTX 4070,[N/A],Enabled,Enabled
1701907405.949704,0,GPU-93ae0c7f-c327-aee3-adae-bc0d1dae71ea,0.31,0.45546327959615696,12282.0,6431.0,546.29,NVIDIA GeForce RTX 4070,[N/A],Enabled,Enabled
1701907406.950047,0,GPU-93ae0c7f-c327-aee3-adae-bc0d1dae71ea,0.28,0.45546327959615696,12282.0,6431.0,546.29,NVIDIA GeForce RTX 4070,[N/A],Enabled,Enabled
1701907407.949745,0,GPU-93ae0c7f-c327-aee3-adae-bc0d1dae71ea,0.26,0.45106660153069533,12282.0,6485.0,546.29,NVIDIA GeForce RTX 4070,[N/A],Enabled,Enabled
1701907408.950144,0,GPU-93ae0c7f-c327-aee3-adae-bc0d1dae71ea,0.29,0.45538185963198174,12282.0,6432.0,546.29,NVIDIA GeForce RTX 4070,[N/A],Enabled,Enabled
1701907409.949894,0,GPU-93ae0c7f-c327-aee3-adae-bc0d1dae71ea,0.11,0.5566682950659502,12282.0,5188.0,546.29,NVIDIA GeForce RTX 4070,[N/A],Enabled,Enabled
1701907410.949685,0,GPU-93ae0c7f-c327-aee3-adae-bc0d1dae71ea,0.29,0.45684741898713566,12282.0,6414.0,546.29,NVIDIA GeForce RTX 4070,[N/A],Enabled,Enabled
1701907411.949649,0,GPU-93ae0c7f-c327-aee3-adae-bc0d1dae71ea,0.28,0.4525321608858492,12282.0,6467.0,546.29,NVIDIA GeForce RTX 4070,[N/A],Enabled,Enabled
1701907412.949668,0,GPU-93ae0c7f-c327-aee3-adae-bc0d1dae71ea,0.26,0.4525321608858492,12282.0,6467.0,546.29,NVIDIA GeForce RTX 4070,[N/A],Enabled,Enabled
1701907413.950164,0,GPU-93ae0c7f-c327-aee3-adae-bc0d1dae71ea,0.32,0.45684741898713566,12282.0,6414.0,546.29,NVIDIA GeForce RTX 4070,[N/A],Enabled,Enabled
1701907414.949519,0,GPU-93ae0c7f-c327-aee3-adae-bc0d1dae71ea,0.31,0.45684741898713566,12282.0,6414.0,546.29,NVIDIA GeForce RTX 4070,[N/A],Enabled,Enabled
1701907415.950496,0,GPU-93ae0c7f-c327-aee3-adae-bc0d1dae71ea,0.29,0.45684741898713566,12282.0,6414.0,546.29,NVIDIA GeForce RTX 4070,[N/A],Enabled,Enabled
1701907416.949467,0,GPU-93ae0c7f-c327-aee3-adae-bc0d1dae71ea,0.27,0.4526135808500244,12282.0,6466.0,546.29,NVIDIA GeForce RTX 4070,[N/A],Enabled,Enabled
1701907417.950325,0,GPU-93ae0c7f-c327-aee3-adae-bc0d1dae71ea,0.3,0.45684741898713566,12282.0,6414.0,546.29,NVIDIA GeForce RTX 4070,[N/A],Enabled,Enabled
1701907418.950132,0,GPU-93ae0c7f-c327-aee3-adae-bc0d1dae71ea,0.28,0.4526135808500244,12282.0,6466.0,546.29,NVIDIA GeForce RTX 4070,[N/A],Enabled,Enabled
1701907419.949926,0,GPU-93ae0c7f-c327-aee3-adae-bc0d1dae71ea,0.31,0.45692883895131087,12282.0,6413.0,546.29,NVIDIA GeForce RTX 4070,[N/A],Enabled,Enabled
1701907420.949536,0,GPU-93ae0c7f-c327-aee3-adae-bc0d1dae71ea,0.28,0.45692883895131087,12282.0,6413.0,546.29,NVIDIA GeForce RTX 4070,[N/A],Enabled,Enabled
1701907421.950112,0,GPU-93ae0c7f-c327-aee3-adae-bc0d1dae71ea,0.13,0.4606741573033708,12282.0,6367.0,546.29,NVIDIA GeForce RTX 4070,[N/A],Enabled,Enabled
1701907422.949629,0,GPU-93ae0c7f-c327-aee3-adae-bc0d1dae71ea,0.36,0.4606741573033708,12282.0,6367.0,546.29,NVIDIA GeForce RTX 4070,[N/A],Enabled,Enabled
1701907423.949717,0,GPU-93ae0c7f-c327-aee3-adae-bc0d1dae71ea,0.38,0.4606741573033708,12282.0,6367.0,546.29,NVIDIA GeForce RTX 4070,[N/A],Enabled,Enabled
1701907424.949861,0,GPU-93ae0c7f-c327-aee3-adae-bc0d1dae71ea,0.43,0.4606741573033708,12282.0,6367.0,546.29,NVIDIA GeForce RTX 4070,[N/A],Enabled,Enabled
1701907425.950271,0,GPU-93ae0c7f-c327-aee3-adae-bc0d1dae71ea,0.4,0.4606741573033708,12282.0,6367.0,546.29,NVIDIA GeForce RTX 4070,[N/A],Enabled,Enabled
1701907426.950009,0,GPU-93ae0c7f-c327-aee3-adae-bc0d1dae71ea,0.38,0.4606741573033708,12282.0,6367.0,546.29,NVIDIA GeForce RTX 4070,[N/A],Enabled,Enabled
1701907427.949908,0,GPU-93ae0c7f-c327-aee3-adae-bc0d1dae71ea,0.36,0.4606741573033708,12282.0,6367.0,546.29,NVIDIA GeForce RTX 4070,[N/A],Enabled,Enabled
1701907428.949725,0,GPU-93ae0c7f-c327-aee3-adae-bc0d1dae71ea,0.37,0.4606741573033708,12282.0,6367.0,546.29,NVIDIA GeForce RTX 4070,[N/A],Enabled,Enabled
1701907429.950537,0,GPU-93ae0c7f-c327-aee3-adae-bc0d1dae71ea,0.4,0.4606741573033708,12282.0,6367.0,546.29,NVIDIA GeForce RTX 4070,[N/A],Enabled,Enabled
1701907430.950079,0,GPU-93ae0c7f-c327-aee3-adae-bc0d1dae71ea,0.38,0.4606741573033708,12282.0,6367.0,546.29,NVIDIA GeForce RTX 4070,[N/A],Enabled,Enabled
1701907431.949541,0,GPU-93ae0c7f-c327-aee3-adae-bc0d1dae71ea,0.38,0.4606741573033708,12282.0,6367.0,546.29,NVIDIA GeForce RTX 4070,[N/A],Enabled,Enabled
1701907432.95049,0,GPU-93ae0c7f-c327-aee3-adae-bc0d1dae71ea,0.4,0.4606741573033708,12282.0,6367.0,546.29,NVIDIA GeForce RTX 4070,[N/A],Enabled,Enabled
1701907433.949931,0,GPU-93ae0c7f-c327-aee3-adae-bc0d1dae71ea,0.39,0.4606741573033708,12282.0,6367.0,546.29,NVIDIA GeForce RTX 4070,[N/A],Enabled,Enabled
1701907434.949795,0,GPU-93ae0c7f-c327-aee3-adae-bc0d1dae71ea,0.41,0.4606741573033708,12282.0,6367.0,546.29,NVIDIA GeForce RTX 4070,[N/A],Enabled,Enabled
1701907435.950423,0,GPU-93ae0c7f-c327-aee3-adae-bc0d1dae71ea,0.41,0.4606741573033708,12282.0,6367.0,546.29,NVIDIA GeForce RTX 4070,[N/A],Enabled,Enabled
1701907436.949688,0,GPU-93ae0c7f-c327-aee3-adae-bc0d1dae71ea,0.39,0.4606741573033708,12282.0,6367.0,546.29,NVIDIA GeForce RTX 4070,[N/A],Enabled,Enabled
1701907437.950168,0,GPU-93ae0c7f-c327-aee3-adae-bc0d1dae71ea,0.4,0.4606741573033708,12282.0,6367.0,546.29,NVIDIA GeForce RTX 4070,[N/A],Enabled,Enabled
1701907438.950132,0,GPU-93ae0c7f-c327-aee3-adae-bc0d1dae71ea,0.41,0.4606741573033708,12282.0,6367.0,546.29,NVIDIA GeForce RTX 4070,[N/A],Enabled,Enabled
1701907439.950122,0,GPU-93ae0c7f-c327-aee3-adae-bc0d1dae71ea,0.4,0.4606741573033708,12282.0,6367.0,546.29,NVIDIA GeForce RTX 4070,[N/A],Enabled,Enabled
1701907440.949597,0,GPU-93ae0c7f-c327-aee3-adae-bc0d1dae71ea,0.39,0.4606741573033708,12282.0,6367.0,546.29,NVIDIA GeForce RTX 4070,[N/A],Enabled,Enabled
1701907441.949859,0,GPU-93ae0c7f-c327-aee3-adae-bc0d1dae71ea,0.4,0.4606741573033708,12282.0,6367.0,546.29,NVIDIA GeForce RTX 4070,[N/A],Enabled,Enabled
1701907442.950435,0,GPU-93ae0c7f-c327-aee3-adae-bc0d1dae71ea,0.39,0.4606741573033708,12282.0,6367.0,546.29,NVIDIA GeForce RTX 4070,[N/A],Enabled,Enabled
1701907443.950602,0,GPU-93ae0c7f-c327-aee3-adae-bc0d1dae71ea,0.39,0.4606741573033708,12282.0,6367.0,546.29,NVIDIA GeForce RTX 4070,[N/A],Enabled,Enabled
1701907444.949836,0,GPU-93ae0c7f-c327-aee3-adae-bc0d1dae71ea,0.39,0.4606741573033708,12282.0,6367.0,546.29,NVIDIA GeForce RTX 4070,[N/A],Enabled,Enabled
1701907445.949656,0,GPU-93ae0c7f-c327-aee3-adae-bc0d1dae71ea,0.41,0.4606741573033708,12282.0,6367.0,546.29,NVIDIA GeForce RTX 4070,[N/A],Enabled,Enabled
1701907446.949901,0,GPU-93ae0c7f-c327-aee3-adae-bc0d1dae71ea,0.42,0.4606741573033708,12282.0,6367.0,546.29,NVIDIA GeForce RTX 4070,[N/A],Enabled,Enabled
1701907447.950505,0,GPU-93ae0c7f-c327-aee3-adae-bc0d1dae71ea,0.42,0.4606741573033708,12282.0,6367.0,546.29,NVIDIA GeForce RTX 4070,[N/A],Enabled,Enabled
1701907448.950088,0,GPU-93ae0c7f-c327-aee3-adae-bc0d1dae71ea,0.41,0.4606741573033708,12282.0,6367.0,546.29,NVIDIA GeForce RTX 4070,[N/A],Enabled,Enabled
1701907449.950173,0,GPU-93ae0c7f-c327-aee3-adae-bc0d1dae71ea,0.47,0.4606741573033708,12282.0,6367.0,546.29,NVIDIA GeForce RTX 4070,[N/A],Enabled,Enabled
1701907450.949568,0,GPU-93ae0c7f-c327-aee3-adae-bc0d1dae71ea,0.49,0.4606741573033708,12282.0,6367.0,546.29,NVIDIA GeForce RTX 4070,[N/A],Enabled,Enabled
1701907451.950392,0,GPU-93ae0c7f-c327-aee3-adae-bc0d1dae71ea,0.39,0.4606741573033708,12282.0,6367.0,546.29,NVIDIA GeForce RTX 4070,[N/A],Enabled,Enabled
1701907452.950482,0,GPU-93ae0c7f-c327-aee3-adae-bc0d1dae71ea,0.41,0.4606741573033708,12282.0,6367.0,546.29,NVIDIA GeForce RTX 4070,[N/A],Enabled,Enabled
1701907453.950598,0,GPU-93ae0c7f-c327-aee3-adae-bc0d1dae71ea,0.4,0.4606741573033708,12282.0,6367.0,546.29,NVIDIA GeForce RTX 4070,[N/A],Enabled,Enabled
1701907454.94983,0,GPU-93ae0c7f-c327-aee3-adae-bc0d1dae71ea,0.4,0.4606741573033708,12282.0,6367.0,546.29,NVIDIA GeForce RTX 4070,[N/A],Enabled,Enabled
1701907455.949658,0,GPU-93ae0c7f-c327-aee3-adae-bc0d1dae71ea,0.4,0.4606741573033708,12282.0,6367.0,546.29,NVIDIA GeForce RTX 4070,[N/A],Enabled,Enabled
1701907456.949999,0,GPU-93ae0c7f-c327-aee3-adae-bc0d1dae71ea,0.43,0.4606741573033708,12282.0,6367.0,546.29,NVIDIA GeForce RTX 4070,[N/A],Enabled,Enabled
1701907457.950073,0,GPU-93ae0c7f-c327-aee3-adae-bc0d1dae71ea,0.38,0.4606741573033708,12282.0,6367.0,546.29,NVIDIA GeForce RTX 4070,[N/A],Enabled,Enabled
1701907458.950546,0,GPU-93ae0c7f-c327-aee3-adae-bc0d1dae71ea,0.4,0.4606741573033708,12282.0,6367.0,546.29,NVIDIA GeForce RTX 4070,[N/A],Enabled,Enabled
1701907459.950263,0,GPU-93ae0c7f-c327-aee3-adae-bc0d1dae71ea,0.4,0.4606741573033708,12282.0,6367.0,546.29,NVIDIA GeForce RTX 4070,[N/A],Enabled,Enabled
1701907460.949584,0,GPU-93ae0c7f-c327-aee3-adae-bc0d1dae71ea,0.4,0.4606741573033708,12282.0,6367.0,546.29,NVIDIA GeForce RTX 4070,[N/A],Enabled,Enabled
1701907461.949781,0,GPU-93ae0c7f-c327-aee3-adae-bc0d1dae71ea,0.4,0.4606741573033708,12282.0,6367.0,546.29,NVIDIA GeForce RTX 4070,[N/A],Enabled,Enabled
1701907462.950358,0,GPU-93ae0c7f-c327-aee3-adae-bc0d1dae71ea,0.4,0.4606741573033708,12282.0,6367.0,546.29,NVIDIA GeForce RTX 4070,[N/A],Enabled,Enabled
1701907463.950169,0,GPU-93ae0c7f-c327-aee3-adae-bc0d1dae71ea,0.39,0.4606741573033708,12282.0,6367.0,546.29,NVIDIA GeForce RTX 4070,[N/A],Enabled,Enabled
1701907464.949559,0,GPU-93ae0c7f-c327-aee3-adae-bc0d1dae71ea,0.4,0.4606741573033708,12282.0,6367.0,546.29,NVIDIA GeForce RTX 4070,[N/A],Enabled,Enabled
1701907465.950973,0,GPU-93ae0c7f-c327-aee3-adae-bc0d1dae71ea,0.4,0.4606741573033708,12282.0,6367.0,546.29,NVIDIA GeForce RTX 4070,[N/A],Enabled,Enabled
1701907466.950625,0,GPU-93ae0c7f-c327-aee3-adae-bc0d1dae71ea,0.38,0.4606741573033708,12282.0,6367.0,546.29,NVIDIA GeForce RTX 4070,[N/A],Enabled,Enabled
1701907467.949848,0,GPU-93ae0c7f-c327-aee3-adae-bc0d1dae71ea,0.36,0.4606741573033708,12282.0,6367.0,546.29,NVIDIA GeForce RTX 4070,[N/A],Enabled,Enabled
1701907468.949807,0,GPU-93ae0c7f-c327-aee3-adae-bc0d1dae71ea,0.4,0.4606741573033708,12282.0,6367.0,546.29,NVIDIA GeForce RTX 4070,[N/A],Enabled,Enabled
1701907469.949983,0,GPU-93ae0c7f-c327-aee3-adae-bc0d1dae71ea,0.39,0.4606741573033708,12282.0,6367.0,546.29,NVIDIA GeForce RTX 4070,[N/A],Enabled,Enabled
1701907470.949983,0,GPU-93ae0c7f-c327-aee3-adae-bc0d1dae71ea,0.39,0.4606741573033708,12282.0,6367.0,546.29,NVIDIA GeForce RTX 4070,[N/A],Enabled,Enabled
1701907471.95009,0,GPU-93ae0c7f-c327-aee3-adae-bc0d1dae71ea,0.39,0.4606741573033708,12282.0,6367.0,546.29,NVIDIA GeForce RTX 4070,[N/A],Enabled,Enabled
1701907472.950063,0,GPU-93ae0c7f-c327-aee3-adae-bc0d1dae71ea,0.4,0.4606741573033708,12282.0,6367.0,546.29,NVIDIA GeForce RTX 4070,[N/A],Enabled,Enabled
1701907473.949463,0,GPU-93ae0c7f-c327-aee3-adae-bc0d1dae71ea,0.36,0.4606741573033708,12282.0,6367.0,546.29,NVIDIA GeForce RTX 4070,[N/A],Enabled,Enabled
1701907474.950219,0,GPU-93ae0c7f-c327-aee3-adae-bc0d1dae71ea,0.42,0.4606741573033708,12282.0,6367.0,546.29,NVIDIA GeForce RTX 4070,[N/A],Enabled,Enabled
1701907475.949409,0,GPU-93ae0c7f-c327-aee3-adae-bc0d1dae71ea,0.42,0.4606741573033708,12282.0,6367.0,546.29,NVIDIA GeForce RTX 4070,[N/A],Enabled,Enabled
1701907476.949516,0,GPU-93ae0c7f-c327-aee3-adae-bc0d1dae71ea,0.5,0.4606741573033708,12282.0,6367.0,546.29,NVIDIA GeForce RTX 4070,[N/A],Enabled,Enabled
1701907477.950985,0,GPU-93ae0c7f-c327-aee3-adae-bc0d1dae71ea,0.4,0.4606741573033708,12282.0,6367.0,546.29,NVIDIA GeForce RTX 4070,[N/A],Enabled,Enabled
1701907478.950197,0,GPU-93ae0c7f-c327-aee3-adae-bc0d1dae71ea,0.39,0.4606741573033708,12282.0,6367.0,546.29,NVIDIA GeForce RTX 4070,[N/A],Enabled,Enabled
1701907479.950531,0,GPU-93ae0c7f-c327-aee3-adae-bc0d1dae71ea,0.38,0.4606741573033708,12282.0,6367.0,546.29,NVIDIA GeForce RTX 4070,[N/A],Enabled,Enabled
1701907480.949876,0,GPU-93ae0c7f-c327-aee3-adae-bc0d1dae71ea,0.44,0.4606741573033708,12282.0,6367.0,546.29,NVIDIA GeForce RTX 4070,[N/A],Enabled,Enabled
1701907481.949789,0,GPU-93ae0c7f-c327-aee3-adae-bc0d1dae71ea,0.41,0.4606741573033708,12282.0,6367.0,546.29,NVIDIA GeForce RTX 4070,[N/A],Enabled,Enabled
1701907482.949414,0,GPU-93ae0c7f-c327-aee3-adae-bc0d1dae71ea,0.4,0.4606741573033708,12282.0,6367.0,546.29,NVIDIA GeForce RTX 4070,[N/A],Enabled,Enabled
1701907483.950134,0,GPU-93ae0c7f-c327-aee3-adae-bc0d1dae71ea,0.38,0.4606741573033708,12282.0,6367.0,546.29,NVIDIA GeForce RTX 4070,[N/A],Enabled,Enabled
1701907484.949887,0,GPU-93ae0c7f-c327-aee3-adae-bc0d1dae71ea,0.39,0.4606741573033708,12282.0,6367.0,546.29,NVIDIA GeForce RTX 4070,[N/A],Enabled,Enabled
1701907485.950092,0,GPU-93ae0c7f-c327-aee3-adae-bc0d1dae71ea,0.39,0.4606741573033708,12282.0,6367.0,546.29,NVIDIA GeForce RTX 4070,[N/A],Enabled,Enabled
1701907486.950043,0,GPU-93ae0c7f-c327-aee3-adae-bc0d1dae71ea,0.4,0.4606741573033708,12282.0,6367.0,546.29,NVIDIA GeForce RTX 4070,[N/A],Enabled,Enabled
1701907487.94975,0,GPU-93ae0c7f-c327-aee3-adae-bc0d1dae71ea,0.39,0.4606741573033708,12282.0,6367.0,546.29,NVIDIA GeForce RTX 4070,[N/A],Enabled,Enabled
1701907488.950117,0,GPU-93ae0c7f-c327-aee3-adae-bc0d1dae71ea,0.36,0.4606741573033708,12282.0,6367.0,546.29,NVIDIA GeForce RTX 4070,[N/A],Enabled,Enabled
1701907489.949493,0,GPU-93ae0c7f-c327-aee3-adae-bc0d1dae71ea,0.39,0.4606741573033708,12282.0,6367.0,546.29,NVIDIA GeForce RTX 4070,[N/A],Enabled,Enabled
1701907490.949848,0,GPU-93ae0c7f-c327-aee3-adae-bc0d1dae71ea,0.46,0.4606741573033708,12282.0,6367.0,546.29,NVIDIA GeForce RTX 4070,[N/A],Enabled,Enabled
1701907491.949999,0,GPU-93ae0c7f-c327-aee3-adae-bc0d1dae71ea,0.39,0.4606741573033708,12282.0,6367.0,546.29,NVIDIA GeForce RTX 4070,[N/A],Enabled,Enabled
1701907492.949366,0,GPU-93ae0c7f-c327-aee3-adae-bc0d1dae71ea,0.42,0.4606741573033708,12282.0,6367.0,546.29,NVIDIA GeForce RTX 4070,[N/A],Enabled,Enabled
1701907493.949899,0,GPU-93ae0c7f-c327-aee3-adae-bc0d1dae71ea,0.39,0.4606741573033708,12282.0,6367.0,546.29,NVIDIA GeForce RTX 4070,[N/A],Enabled,Enabled
1701907494.949968,0,GPU-93ae0c7f-c327-aee3-adae-bc0d1dae71ea,0.44,0.4606741573033708,12282.0,6367.0,546.29,NVIDIA GeForce RTX 4070,[N/A],Enabled,Enabled
1701907495.94986,0,GPU-93ae0c7f-c327-aee3-adae-bc0d1dae71ea,0.49,0.4606741573033708,12282.0,6367.0,546.29,NVIDIA GeForce RTX 4070,[N/A],Enabled,Enabled
1701907496.950236,0,GPU-93ae0c7f-c327-aee3-adae-bc0d1dae71ea,0.4,0.4606741573033708,12282.0,6367.0,546.29,NVIDIA GeForce RTX 4070,[N/A],Enabled,Enabled
1701907497.94967,0,GPU-93ae0c7f-c327-aee3-adae-bc0d1dae71ea,0.38,0.4606741573033708,12282.0,6367.0,546.29,NVIDIA GeForce RTX 4070,[N/A],Enabled,Enabled
1701907498.949277,0,GPU-93ae0c7f-c327-aee3-adae-bc0d1dae71ea,0.39,0.4606741573033708,12282.0,6367.0,546.29,NVIDIA GeForce RTX 4070,[N/A],Enabled,Enabled
1701907499.949419,0,GPU-93ae0c7f-c327-aee3-adae-bc0d1dae71ea,0.38,0.4606741573033708,12282.0,6367.0,546.29,NVIDIA GeForce RTX 4070,[N/A],Enabled,Enabled
1701907500.950623,0,GPU-93ae0c7f-c327-aee3-adae-bc0d1dae71ea,0.41,0.4606741573033708,12282.0,6367.0,546.29,NVIDIA GeForce RTX 4070,[N/A],Enabled,Enabled
1701907501.950039,0,GPU-93ae0c7f-c327-aee3-adae-bc0d1dae71ea,0.43,0.4606741573033708,12282.0,6367.0,546.29,NVIDIA GeForce RTX 4070,[N/A],Enabled,Enabled
1701907502.949717,0,GPU-93ae0c7f-c327-aee3-adae-bc0d1dae71ea,0.4,0.4606741573033708,12282.0,6367.0,546.29,NVIDIA GeForce RTX 4070,[N/A],Enabled,Enabled
1701907503.949542,0,GPU-93ae0c7f-c327-aee3-adae-bc0d1dae71ea,0.35,0.4606741573033708,12282.0,6367.0,546.29,NVIDIA GeForce RTX 4070,[N/A],Enabled,Enabled
1701907504.949551,0,GPU-93ae0c7f-c327-aee3-adae-bc0d1dae71ea,0.42,0.4606741573033708,12282.0,6367.0,546.29,NVIDIA GeForce RTX 4070,[N/A],Enabled,Enabled
1701907505.950168,0,GPU-93ae0c7f-c327-aee3-adae-bc0d1dae71ea,0.38,0.4606741573033708,12282.0,6367.0,546.29,NVIDIA GeForce RTX 4070,[N/A],Enabled,Enabled
1701907506.949434,0,GPU-93ae0c7f-c327-aee3-adae-bc0d1dae71ea,0.41,0.4606741573033708,12282.0,6367.0,546.29,NVIDIA GeForce RTX 4070,[N/A],Enabled,Enabled
1701907507.950385,0,GPU-93ae0c7f-c327-aee3-adae-bc0d1dae71ea,0.39,0.4606741573033708,12282.0,6367.0,546.29,NVIDIA GeForce RTX 4070,[N/A],Enabled,Enabled
1701907508.950778,0,GPU-93ae0c7f-c327-aee3-adae-bc0d1dae71ea,0.39,0.4606741573033708,12282.0,6367.0,546.29,NVIDIA GeForce RTX 4070,[N/A],Enabled,Enabled
1701907509.94959,0,GPU-93ae0c7f-c327-aee3-adae-bc0d1dae71ea,0.4,0.4606741573033708,12282.0,6367.0,546.29,NVIDIA GeForce RTX 4070,[N/A],Enabled,Enabled
1701907510.950442,0,GPU-93ae0c7f-c327-aee3-adae-bc0d1dae71ea,0.36,0.4606741573033708,12282.0,6367.0,546.29,NVIDIA GeForce RTX 4070,[N/A],Enabled,Enabled
1701907511.951461,0,GPU-93ae0c7f-c327-aee3-adae-bc0d1dae71ea,0.44,0.4606741573033708,12282.0,6367.0,546.29,NVIDIA GeForce RTX 4070,[N/A],Enabled,Enabled
1701907512.949939,0,GPU-93ae0c7f-c327-aee3-adae-bc0d1dae71ea,0.4,0.4606741573033708,12282.0,6367.0,546.29,NVIDIA GeForce RTX 4070,[N/A],Enabled,Enabled
1701907513.949901,0,GPU-93ae0c7f-c327-aee3-adae-bc0d1dae71ea,0.4,0.4606741573033708,12282.0,6367.0,546.29,NVIDIA GeForce RTX 4070,[N/A],Enabled,Enabled
1701907514.949479,0,GPU-93ae0c7f-c327-aee3-adae-bc0d1dae71ea,0.41,0.4606741573033708,12282.0,6367.0,546.29,NVIDIA GeForce RTX 4070,[N/A],Enabled,Enabled
1701907515.949681,0,GPU-93ae0c7f-c327-aee3-adae-bc0d1dae71ea,0.41,0.4606741573033708,12282.0,6367.0,546.29,NVIDIA GeForce RTX 4070,[N/A],Enabled,Enabled
1701907516.950461,0,GPU-93ae0c7f-c327-aee3-adae-bc0d1dae71ea,0.42,0.4606741573033708,12282.0,6367.0,546.29,NVIDIA GeForce RTX 4070,[N/A],Enabled,Enabled
1701907517.949854,0,GPU-93ae0c7f-c327-aee3-adae-bc0d1dae71ea,0.39,0.4606741573033708,12282.0,6367.0,546.29,NVIDIA GeForce RTX 4070,[N/A],Enabled,Enabled
1701907518.949942,0,GPU-93ae0c7f-c327-aee3-adae-bc0d1dae71ea,0.39,0.4606741573033708,12282.0,6367.0,546.29,NVIDIA GeForce RTX 4070,[N/A],Enabled,Enabled
1701907519.950503,0,GPU-93ae0c7f-c327-aee3-adae-bc0d1dae71ea,0.4,0.4606741573033708,12282.0,6367.0,546.29,NVIDIA GeForce RTX 4070,[N/A],Enabled,Enabled
1701907520.950017,0,GPU-93ae0c7f-c327-aee3-adae-bc0d1dae71ea,0.39,0.4606741573033708,12282.0,6367.0,546.29,NVIDIA GeForce RTX 4070,[N/A],Enabled,Enabled
1701907521.950058,0,GPU-93ae0c7f-c327-aee3-adae-bc0d1dae71ea,0.39,0.4606741573033708,12282.0,6367.0,546.29,NVIDIA GeForce RTX 4070,[N/A],Enabled,Enabled
1701907522.949416,0,GPU-93ae0c7f-c327-aee3-adae-bc0d1dae71ea,0.41,0.4606741573033708,12282.0,6367.0,546.29,NVIDIA GeForce RTX 4070,[N/A],Enabled,Enabled
1701907523.950022,0,GPU-93ae0c7f-c327-aee3-adae-bc0d1dae71ea,0.39,0.4606741573033708,12282.0,6367.0,546.29,NVIDIA GeForce RTX 4070,[N/A],Enabled,Enabled
1701907524.94958,0,GPU-93ae0c7f-c327-aee3-adae-bc0d1dae71ea,0.41,0.4606741573033708,12282.0,6367.0,546.29,NVIDIA GeForce RTX 4070,[N/A],Enabled,Enabled
1701907525.950456,0,GPU-93ae0c7f-c327-aee3-adae-bc0d1dae71ea,0.38,0.4606741573033708,12282.0,6367.0,546.29,NVIDIA GeForce RTX 4070,[N/A],Enabled,Enabled
1701907526.949731,0,GPU-93ae0c7f-c327-aee3-adae-bc0d1dae71ea,0.4,0.4606741573033708,12282.0,6367.0,546.29,NVIDIA GeForce RTX 4070,[N/A],Enabled,Enabled
1701907527.949802,0,GPU-93ae0c7f-c327-aee3-adae-bc0d1dae71ea,0.47,0.4606741573033708,12282.0,6367.0,546.29,NVIDIA GeForce RTX 4070,[N/A],Enabled,Enabled
1701907528.949645,0,GPU-93ae0c7f-c327-aee3-adae-bc0d1dae71ea,0.45,0.4606741573033708,12282.0,6367.0,546.29,NVIDIA GeForce RTX 4070,[N/A],Enabled,Enabled
1701907529.950225,0,GPU-93ae0c7f-c327-aee3-adae-bc0d1dae71ea,0.37,0.4606741573033708,12282.0,6367.0,546.29,NVIDIA GeForce RTX 4070,[N/A],Enabled,Enabled
1701907530.950035,0,GPU-93ae0c7f-c327-aee3-adae-bc0d1dae71ea,0.39,0.4606741573033708,12282.0,6367.0,546.29,NVIDIA GeForce RTX 4070,[N/A],Enabled,Enabled
1701907531.949878,0,GPU-93ae0c7f-c327-aee3-adae-bc0d1dae71ea,0.38,0.4606741573033708,12282.0,6367.0,546.29,NVIDIA GeForce RTX 4070,[N/A],Enabled,Enabled
1701907532.950597,0,GPU-93ae0c7f-c327-aee3-adae-bc0d1dae71ea,0.4,0.4606741573033708,12282.0,6367.0,546.29,NVIDIA GeForce RTX 4070,[N/A],Enabled,Enabled
1701907533.951078,0,GPU-93ae0c7f-c327-aee3-adae-bc0d1dae71ea,0.38,0.4606741573033708,12282.0,6367.0,546.29,NVIDIA GeForce RTX 4070,[N/A],Enabled,Enabled
1701907534.950005,0,GPU-93ae0c7f-c327-aee3-adae-bc0d1dae71ea,0.43,0.4606741573033708,12282.0,6367.0,546.29,NVIDIA GeForce RTX 4070,[N/A],Enabled,Enabled
1701907535.950234,0,GPU-93ae0c7f-c327-aee3-adae-bc0d1dae71ea,0.4,0.4606741573033708,12282.0,6367.0,546.29,NVIDIA GeForce RTX 4070,[N/A],Enabled,Enabled
1701907536.949772,0,GPU-93ae0c7f-c327-aee3-adae-bc0d1dae71ea,0.42,0.4606741573033708,12282.0,6367.0,546.29,NVIDIA GeForce RTX 4070,[N/A],Enabled,Enabled
1701907537.950235,0,GPU-93ae0c7f-c327-aee3-adae-bc0d1dae71ea,0.41,0.4606741573033708,12282.0,6367.0,546.29,NVIDIA GeForce RTX 4070,[N/A],Enabled,Enabled
1701907538.949974,0,GPU-93ae0c7f-c327-aee3-adae-bc0d1dae71ea,0.38,0.4606741573033708,12282.0,6367.0,546.29,NVIDIA GeForce RTX 4070,[N/A],Enabled,Enabled
1701907539.950032,0,GPU-93ae0c7f-c327-aee3-adae-bc0d1dae71ea,0.43,0.4606741573033708,12282.0,6367.0,546.29,NVIDIA GeForce RTX 4070,[N/A],Enabled,Enabled
1701907540.950313,0,GPU-93ae0c7f-c327-aee3-adae-bc0d1dae71ea,0.44,0.4606741573033708,12282.0,6367.0,546.29,NVIDIA GeForce RTX 4070,[N/A],Enabled,Enabled
1701907541.950967,0,GPU-93ae0c7f-c327-aee3-adae-bc0d1dae71ea,0.37,0.4606741573033708,12282.0,6367.0,546.29,NVIDIA GeForce RTX 4070,[N/A],Enabled,Enabled
1701907542.950457,0,GPU-93ae0c7f-c327-aee3-adae-bc0d1dae71ea,0.39,0.4606741573033708,12282.0,6367.0,546.29,NVIDIA GeForce RTX 4070,[N/A],Enabled,Enabled
1701907543.951031,0,GPU-93ae0c7f-c327-aee3-adae-bc0d1dae71ea,0.39,0.4606741573033708,12282.0,6367.0,546.29,NVIDIA GeForce RTX 4070,[N/A],Enabled,Enabled
1701907544.949971,0,GPU-93ae0c7f-c327-aee3-adae-bc0d1dae71ea,0.39,0.4606741573033708,12282.0,6367.0,546.29,NVIDIA GeForce RTX 4070,[N/A],Enabled,Enabled
1701907545.949909,0,GPU-93ae0c7f-c327-aee3-adae-bc0d1dae71ea,0.45,0.4606741573033708,12282.0,6367.0,546.29,NVIDIA GeForce RTX 4070,[N/A],Enabled,Enabled
1701907546.949611,0,GPU-93ae0c7f-c327-aee3-adae-bc0d1dae71ea,0.43,0.4606741573033708,12282.0,6367.0,546.29,NVIDIA GeForce RTX 4070,[N/A],Enabled,Enabled
1701907547.950512,0,GPU-93ae0c7f-c327-aee3-adae-bc0d1dae71ea,0.42,0.4606741573033708,12282.0,6367.0,546.29,NVIDIA GeForce RTX 4070,[N/A],Enabled,Enabled
1701907548.950093,0,GPU-93ae0c7f-c327-aee3-adae-bc0d1dae71ea,0.4,0.4606741573033708,12282.0,6367.0,546.29,NVIDIA GeForce RTX 4070,[N/A],Enabled,Enabled
1701907549.950691,0,GPU-93ae0c7f-c327-aee3-adae-bc0d1dae71ea,0.45,0.4606741573033708,12282.0,6367.0,546.29,NVIDIA GeForce RTX 4070,[N/A],Enabled,Enabled
1701907550.949518,0,GPU-93ae0c7f-c327-aee3-adae-bc0d1dae71ea,0.39,0.4606741573033708,12282.0,6367.0,546.29,NVIDIA GeForce RTX 4070,[N/A],Enabled,Enabled
1701907551.949976,0,GPU-93ae0c7f-c327-aee3-adae-bc0d1dae71ea,0.41,0.4606741573033708,12282.0,6367.0,546.29,NVIDIA GeForce RTX 4070,[N/A],Enabled,Enabled
1701907552.94988,0,GPU-93ae0c7f-c327-aee3-adae-bc0d1dae71ea,0.41,0.4606741573033708,12282.0,6367.0,546.29,NVIDIA GeForce RTX 4070,[N/A],Enabled,Enabled
1701907553.949453,0,GPU-93ae0c7f-c327-aee3-adae-bc0d1dae71ea,0.43,0.4606741573033708,12282.0,6367.0,546.29,NVIDIA GeForce RTX 4070,[N/A],Enabled,Enabled
1701907554.950182,0,GPU-93ae0c7f-c327-aee3-adae-bc0d1dae71ea,0.42,0.4606741573033708,12282.0,6367.0,546.29,NVIDIA GeForce RTX 4070,[N/A],Enabled,Enabled
1701907555.949645,0,GPU-93ae0c7f-c327-aee3-adae-bc0d1dae71ea,0.39,0.4606741573033708,12282.0,6367.0,546.29,NVIDIA GeForce RTX 4070,[N/A],Enabled,Enabled
1701907556.950432,0,GPU-93ae0c7f-c327-aee3-adae-bc0d1dae71ea,0.39,0.4606741573033708,12282.0,6367.0,546.29,NVIDIA GeForce RTX 4070,[N/A],Enabled,Enabled
1701907557.949867,0,GPU-93ae0c7f-c327-aee3-adae-bc0d1dae71ea,0.42,0.4606741573033708,12282.0,6367.0,546.29,NVIDIA GeForce RTX 4070,[N/A],Enabled,Enabled
1701907558.949941,0,GPU-93ae0c7f-c327-aee3-adae-bc0d1dae71ea,0.39,0.4606741573033708,12282.0,6367.0,546.29,NVIDIA GeForce RTX 4070,[N/A],Enabled,Enabled
1701907559.950639,0,GPU-93ae0c7f-c327-aee3-adae-bc0d1dae71ea,0.4,0.4606741573033708,12282.0,6367.0,546.29,NVIDIA GeForce RTX 4070,[N/A],Enabled,Enabled
1701907560.949701,0,GPU-93ae0c7f-c327-aee3-adae-bc0d1dae71ea,0.4,0.4606741573033708,12282.0,6367.0,546.29,NVIDIA GeForce RTX 4070,[N/A],Enabled,Enabled
1701907561.950145,0,GPU-93ae0c7f-c327-aee3-adae-bc0d1dae71ea,0.41,0.4606741573033708,12282.0,6367.0,546.29,NVIDIA GeForce RTX 4070,[N/A],Enabled,Enabled
1701907562.949943,0,GPU-93ae0c7f-c327-aee3-adae-bc0d1dae71ea,0.37,0.4606741573033708,12282.0,6367.0,546.29,NVIDIA GeForce RTX 4070,[N/A],Enabled,Enabled
1701907563.95022,0,GPU-93ae0c7f-c327-aee3-adae-bc0d1dae71ea,0.38,0.4606741573033708,12282.0,6367.0,546.29,NVIDIA GeForce RTX 4070,[N/A],Enabled,Enabled
1701907564.949557,0,GPU-93ae0c7f-c327-aee3-adae-bc0d1dae71ea,0.4,0.4606741573033708,12282.0,6367.0,546.29,NVIDIA GeForce RTX 4070,[N/A],Enabled,Enabled
1701907565.949633,0,GPU-93ae0c7f-c327-aee3-adae-bc0d1dae71ea,0.35,0.4606741573033708,12282.0,6367.0,546.29,NVIDIA GeForce RTX 4070,[N/A],Enabled,Enabled
1701907566.950119,0,GPU-93ae0c7f-c327-aee3-adae-bc0d1dae71ea,0.38,0.4606741573033708,12282.0,6367.0,546.29,NVIDIA GeForce RTX 4070,[N/A],Enabled,Enabled
1701907567.949403,0,GPU-93ae0c7f-c327-aee3-adae-bc0d1dae71ea,0.4,0.4606741573033708,12282.0,6367.0,546.29,NVIDIA GeForce RTX 4070,[N/A],Enabled,Enabled
1701907568.950207,0,GPU-93ae0c7f-c327-aee3-adae-bc0d1dae71ea,0.4,0.4606741573033708,12282.0,6367.0,546.29,NVIDIA GeForce RTX 4070,[N/A],Enabled,Enabled
1701907569.949393,0,GPU-93ae0c7f-c327-aee3-adae-bc0d1dae71ea,0.34,0.4606741573033708,12282.0,6367.0,546.29,NVIDIA GeForce RTX 4070,[N/A],Enabled,Enabled
1701907570.949857,0,GPU-93ae0c7f-c327-aee3-adae-bc0d1dae71ea,0.36,0.4606741573033708,12282.0,6367.0,546.29,NVIDIA GeForce RTX 4070,[N/A],Enabled,Enabled
1701907571.949544,0,GPU-93ae0c7f-c327-aee3-adae-bc0d1dae71ea,0.39,0.4606741573033708,12282.0,6367.0,546.29,NVIDIA GeForce RTX 4070,[N/A],Enabled,Enabled
1701907572.950684,0,GPU-93ae0c7f-c327-aee3-adae-bc0d1dae71ea,0.41,0.4606741573033708,12282.0,6367.0,546.29,NVIDIA GeForce RTX 4070,[N/A],Enabled,Enabled
1701907573.950015,0,GPU-93ae0c7f-c327-aee3-adae-bc0d1dae71ea,0.41,0.4606741573033708,12282.0,6367.0,546.29,NVIDIA GeForce RTX 4070,[N/A],Enabled,Enabled
1701907574.949647,0,GPU-93ae0c7f-c327-aee3-adae-bc0d1dae71ea,0.37,0.4606741573033708,12282.0,6367.0,546.29,NVIDIA GeForce RTX 4070,[N/A],Enabled,Enabled
1701907575.949792,0,GPU-93ae0c7f-c327-aee3-adae-bc0d1dae71ea,0.4,0.4606741573033708,12282.0,6367.0,546.29,NVIDIA GeForce RTX 4070,[N/A],Enabled,Enabled
1701907576.949791,0,GPU-93ae0c7f-c327-aee3-adae-bc0d1dae71ea,0.39,0.4606741573033708,12282.0,6367.0,546.29,NVIDIA GeForce RTX 4070,[N/A],Enabled,Enabled
1701907577.949892,0,GPU-93ae0c7f-c327-aee3-adae-bc0d1dae71ea,0.37,0.4606741573033708,12282.0,6367.0,546.29,NVIDIA GeForce RTX 4070,[N/A],Enabled,Enabled
1701907578.949577,0,GPU-93ae0c7f-c327-aee3-adae-bc0d1dae71ea,0.45,0.4606741573033708,12282.0,6367.0,546.29,NVIDIA GeForce RTX 4070,[N/A],Enabled,Enabled
1701907579.950302,0,GPU-93ae0c7f-c327-aee3-adae-bc0d1dae71ea,0.38,0.4606741573033708,12282.0,6367.0,546.29,NVIDIA GeForce RTX 4070,[N/A],Enabled,Enabled
1701907580.949753,0,GPU-93ae0c7f-c327-aee3-adae-bc0d1dae71ea,0.37,0.4606741573033708,12282.0,6367.0,546.29,NVIDIA GeForce RTX 4070,[N/A],Enabled,Enabled
1701907581.950602,0,GPU-93ae0c7f-c327-aee3-adae-bc0d1dae71ea,0.43,0.4606741573033708,12282.0,6367.0,546.29,NVIDIA GeForce RTX 4070,[N/A],Enabled,Enabled
1701907582.950079,0,GPU-93ae0c7f-c327-aee3-adae-bc0d1dae71ea,0.46,0.4606741573033708,12282.0,6367.0,546.29,NVIDIA GeForce RTX 4070,[N/A],Enabled,Enabled
1701907583.94963,0,GPU-93ae0c7f-c327-aee3-adae-bc0d1dae71ea,0.48,0.4606741573033708,12282.0,6367.0,546.29,NVIDIA GeForce RTX 4070,[N/A],Enabled,Enabled
1701907584.949419,0,GPU-93ae0c7f-c327-aee3-adae-bc0d1dae71ea,0.47,0.4606741573033708,12282.0,6367.0,546.29,NVIDIA GeForce RTX 4070,[N/A],Enabled,Enabled
1701907585.950024,0,GPU-93ae0c7f-c327-aee3-adae-bc0d1dae71ea,0.43,0.4606741573033708,12282.0,6367.0,546.29,NVIDIA GeForce RTX 4070,[N/A],Enabled,Enabled
1701907586.950379,0,GPU-93ae0c7f-c327-aee3-adae-bc0d1dae71ea,0.38,0.4606741573033708,12282.0,6367.0,546.29,NVIDIA GeForce RTX 4070,[N/A],Enabled,Enabled
1701907587.950416,0,GPU-93ae0c7f-c327-aee3-adae-bc0d1dae71ea,0.43,0.4606741573033708,12282.0,6367.0,546.29,NVIDIA GeForce RTX 4070,[N/A],Enabled,Enabled
1701907588.950271,0,GPU-93ae0c7f-c327-aee3-adae-bc0d1dae71ea,0.47,0.4606741573033708,12282.0,6367.0,546.29,NVIDIA GeForce RTX 4070,[N/A],Enabled,Enabled
1701907589.950584,0,GPU-93ae0c7f-c327-aee3-adae-bc0d1dae71ea,0.41,0.4606741573033708,12282.0,6367.0,546.29,NVIDIA GeForce RTX 4070,[N/A],Enabled,Enabled
1701907590.950236,0,GPU-93ae0c7f-c327-aee3-adae-bc0d1dae71ea,0.4,0.4606741573033708,12282.0,6367.0,546.29,NVIDIA GeForce RTX 4070,[N/A],Enabled,Enabled
1701907591.949554,0,GPU-93ae0c7f-c327-aee3-adae-bc0d1dae71ea,0.4,0.4606741573033708,12282.0,6367.0,546.29,NVIDIA GeForce RTX 4070,[N/A],Enabled,Enabled
1701907592.950112,0,GPU-93ae0c7f-c327-aee3-adae-bc0d1dae71ea,0.4,0.4606741573033708,12282.0,6367.0,546.29,NVIDIA GeForce RTX 4070,[N/A],Enabled,Enabled
1701907593.949786,0,GPU-93ae0c7f-c327-aee3-adae-bc0d1dae71ea,0.48,0.4606741573033708,12282.0,6367.0,546.29,NVIDIA GeForce RTX 4070,[N/A],Enabled,Enabled
1701907594.949959,0,GPU-93ae0c7f-c327-aee3-adae-bc0d1dae71ea,0.47,0.4606741573033708,12282.0,6367.0,546.29,NVIDIA GeForce RTX 4070,[N/A],Enabled,Enabled
1701907595.949681,0,GPU-93ae0c7f-c327-aee3-adae-bc0d1dae71ea,0.41,0.4606741573033708,12282.0,6367.0,546.29,NVIDIA GeForce RTX 4070,[N/A],Enabled,Enabled
1701907596.949732,0,GPU-93ae0c7f-c327-aee3-adae-bc0d1dae71ea,0.39,0.4606741573033708,12282.0,6367.0,546.29,NVIDIA GeForce RTX 4070,[N/A],Enabled,Enabled
1701907597.949765,0,GPU-93ae0c7f-c327-aee3-adae-bc0d1dae71ea,0.41,0.4606741573033708,12282.0,6367.0,546.29,NVIDIA GeForce RTX 4070,[N/A],Enabled,Enabled
1701907598.950009,0,GPU-93ae0c7f-c327-aee3-adae-bc0d1dae71ea,0.39,0.4606741573033708,12282.0,6367.0,546.29,NVIDIA GeForce RTX 4070,[N/A],Enabled,Enabled
1701907599.950089,0,GPU-93ae0c7f-c327-aee3-adae-bc0d1dae71ea,0.45,0.4606741573033708,12282.0,6367.0,546.29,NVIDIA GeForce RTX 4070,[N/A],Enabled,Enabled
1701907600.950847,0,GPU-93ae0c7f-c327-aee3-adae-bc0d1dae71ea,0.41,0.4606741573033708,12282.0,6367.0,546.29,NVIDIA GeForce RTX 4070,[N/A],Enabled,Enabled
1701907601.949839,0,GPU-93ae0c7f-c327-aee3-adae-bc0d1dae71ea,0.4,0.4606741573033708,12282.0,6367.0,546.29,NVIDIA GeForce RTX 4070,[N/A],Enabled,Enabled
1701907602.949908,0,GPU-93ae0c7f-c327-aee3-adae-bc0d1dae71ea,0.43,0.4606741573033708,12282.0,6367.0,546.29,NVIDIA GeForce RTX 4070,[N/A],Enabled,Enabled
1701907603.950756,0,GPU-93ae0c7f-c327-aee3-adae-bc0d1dae71ea,0.4,0.4606741573033708,12282.0,6367.0,546.29,NVIDIA GeForce RTX 4070,[N/A],Enabled,Enabled
1701907604.950034,0,GPU-93ae0c7f-c327-aee3-adae-bc0d1dae71ea,0.37,0.4606741573033708,12282.0,6367.0,546.29,NVIDIA GeForce RTX 4070,[N/A],Enabled,Enabled
1701907605.949653,0,GPU-93ae0c7f-c327-aee3-adae-bc0d1dae71ea,0.43,0.4606741573033708,12282.0,6367.0,546.29,NVIDIA GeForce RTX 4070,[N/A],Enabled,Enabled
1701907606.950027,0,GPU-93ae0c7f-c327-aee3-adae-bc0d1dae71ea,0.4,0.4606741573033708,12282.0,6367.0,546.29,NVIDIA GeForce RTX 4070,[N/A],Enabled,Enabled
1701907607.949504,0,GPU-93ae0c7f-c327-aee3-adae-bc0d1dae71ea,0.4,0.4606741573033708,12282.0,6367.0,546.29,NVIDIA GeForce RTX 4070,[N/A],Enabled,Enabled
1701907608.949374,0,GPU-93ae0c7f-c327-aee3-adae-bc0d1dae71ea,0.37,0.4606741573033708,12282.0,6367.0,546.29,NVIDIA GeForce RTX 4070,[N/A],Enabled,Enabled
1701907609.949594,0,GPU-93ae0c7f-c327-aee3-adae-bc0d1dae71ea,0.43,0.4606741573033708,12282.0,6367.0,546.29,NVIDIA GeForce RTX 4070,[N/A],Enabled,Enabled
1701907610.950048,0,GPU-93ae0c7f-c327-aee3-adae-bc0d1dae71ea,0.38,0.4606741573033708,12282.0,6367.0,546.29,NVIDIA GeForce RTX 4070,[N/A],Enabled,Enabled
1701907611.950909,0,GPU-93ae0c7f-c327-aee3-adae-bc0d1dae71ea,0.37,0.4606741573033708,12282.0,6367.0,546.29,NVIDIA GeForce RTX 4070,[N/A],Enabled,Enabled
1701907612.949798,0,GPU-93ae0c7f-c327-aee3-adae-bc0d1dae71ea,0.25,0.45888291809151605,12282.0,6389.0,546.29,NVIDIA GeForce RTX 4070,[N/A],Enabled,Enabled
1701907613.94992,0,GPU-93ae0c7f-c327-aee3-adae-bc0d1dae71ea,0.3,0.45888291809151605,12282.0,6389.0,546.29,NVIDIA GeForce RTX 4070,[N/A],Enabled,Enabled
1701907614.949515,0,GPU-93ae0c7f-c327-aee3-adae-bc0d1dae71ea,0.28,0.4545676599902296,12282.0,6442.0,546.29,NVIDIA GeForce RTX 4070,[N/A],Enabled,Enabled
1701907615.94977,0,GPU-93ae0c7f-c327-aee3-adae-bc0d1dae71ea,0.27,0.4545676599902296,12282.0,6442.0,546.29,NVIDIA GeForce RTX 4070,[N/A],Enabled,Enabled
1701907616.950324,0,GPU-93ae0c7f-c327-aee3-adae-bc0d1dae71ea,0.26,0.4545676599902296,12282.0,6442.0,546.29,NVIDIA GeForce RTX 4070,[N/A],Enabled,Enabled
1701907617.949833,0,GPU-93ae0c7f-c327-aee3-adae-bc0d1dae71ea,0.27,0.4545676599902296,12282.0,6442.0,546.29,NVIDIA GeForce RTX 4070,[N/A],Enabled,Enabled
1701907618.950351,0,GPU-93ae0c7f-c327-aee3-adae-bc0d1dae71ea,0.27,0.45888291809151605,12282.0,6389.0,546.29,NVIDIA GeForce RTX 4070,[N/A],Enabled,Enabled
1701907619.94995,0,GPU-93ae0c7f-c327-aee3-adae-bc0d1dae71ea,0.29,0.4545676599902296,12282.0,6442.0,546.29,NVIDIA GeForce RTX 4070,[N/A],Enabled,Enabled
1701907620.949771,0,GPU-93ae0c7f-c327-aee3-adae-bc0d1dae71ea,0.3,0.45888291809151605,12282.0,6389.0,546.29,NVIDIA GeForce RTX 4070,[N/A],Enabled,Enabled
1701907621.950308,0,GPU-93ae0c7f-c327-aee3-adae-bc0d1dae71ea,0.25,0.4545676599902296,12282.0,6442.0,546.29,NVIDIA GeForce RTX 4070,[N/A],Enabled,Enabled
1701907622.949822,0,GPU-93ae0c7f-c327-aee3-adae-bc0d1dae71ea,0.26,0.4545676599902296,12282.0,6442.0,546.29,NVIDIA GeForce RTX 4070,[N/A],Enabled,Enabled
1701907623.950506,0,GPU-93ae0c7f-c327-aee3-adae-bc0d1dae71ea,0.15,0.2730825598436737,12282.0,8671.0,546.29,NVIDIA GeForce RTX 4070,[N/A],Enabled,Enabled
1701907624.949522,0,GPU-93ae0c7f-c327-aee3-adae-bc0d1dae71ea,0.18,0.2765021983390327,12282.0,8629.0,546.29,NVIDIA GeForce RTX 4070,[N/A],Enabled,Enabled
1701907625.949974,0,GPU-93ae0c7f-c327-aee3-adae-bc0d1dae71ea,0.16,0.275850838625631,12282.0,8637.0,546.29,NVIDIA GeForce RTX 4070,[N/A],Enabled,Enabled
1701907626.949734,0,GPU-93ae0c7f-c327-aee3-adae-bc0d1dae71ea,0.16,0.275850838625631,12282.0,8637.0,546.29,NVIDIA GeForce RTX 4070,[N/A],Enabled,Enabled
1701907627.949866,0,GPU-93ae0c7f-c327-aee3-adae-bc0d1dae71ea,0.17,0.275850838625631,12282.0,8637.0,546.29,NVIDIA GeForce RTX 4070,[N/A],Enabled,Enabled
1701907628.950095,0,GPU-93ae0c7f-c327-aee3-adae-bc0d1dae71ea,0.17,0.275850838625631,12282.0,8637.0,546.29,NVIDIA GeForce RTX 4070,[N/A],Enabled,Enabled
1701907629.949949,0,GPU-93ae0c7f-c327-aee3-adae-bc0d1dae71ea,0.16,0.2754437388047549,12282.0,8642.0,546.29,NVIDIA GeForce RTX 4070,[N/A],Enabled,Enabled
1701907630.949872,0,GPU-93ae0c7f-c327-aee3-adae-bc0d1dae71ea,0.17,0.2753623188405797,12282.0,8643.0,546.29,NVIDIA GeForce RTX 4070,[N/A],Enabled,Enabled
1701907631.949706,0,GPU-93ae0c7f-c327-aee3-adae-bc0d1dae71ea,0.16,0.2747923790913532,12282.0,8650.0,546.29,NVIDIA GeForce RTX 4070,[N/A],Enabled,Enabled
1701907632.95001,0,GPU-93ae0c7f-c327-aee3-adae-bc0d1dae71ea,0.18,0.2743852792704771,12282.0,8655.0,546.29,NVIDIA GeForce RTX 4070,[N/A],Enabled,Enabled
1701907633.950157,0,GPU-93ae0c7f-c327-aee3-adae-bc0d1dae71ea,0.16,0.2743852792704771,12282.0,8655.0,546.29,NVIDIA GeForce RTX 4070,[N/A],Enabled,Enabled
1701907634.949479,0,GPU-93ae0c7f-c327-aee3-adae-bc0d1dae71ea,0.16,0.2738967594854258,12282.0,8661.0,546.29,NVIDIA GeForce RTX 4070,[N/A],Enabled,Enabled
