timestamp,id,uuid,load,memoryUtil,memoryTotal,memoryUsed,memoryFree,driver,name,serial,display_mode,display_active
1709205303.863519,0,GPU-b342434c-f6b6-7627-333e-da750a9991e6,0.15,0.3046875,10240.0,6946.0,546.33,NVIDIA GeForce RTX 3080,[N/A],Enabled,Enabled
1709205304.859975,0,GPU-b342434c-f6b6-7627-333e-da750a9991e6,0.15,0.3046875,10240.0,6946.0,546.33,NVIDIA GeForce RTX 3080,[N/A],Enabled,Enabled
1709205305.85982,0,GPU-b342434c-f6b6-7627-333e-da750a9991e6,0.21,0.30546875,10240.0,6938.0,546.33,NVIDIA GeForce RTX 3080,[N/A],Enabled,Enabled
1709205306.859327,0,GPU-b342434c-f6b6-7627-333e-da750a9991e6,0.14,0.30517578125,10240.0,6941.0,546.33,NVIDIA GeForce RTX 3080,[N/A],Enabled,Enabled
1709205307.860126,0,GPU-b342434c-f6b6-7627-333e-da750a9991e6,0.15,0.305078125,10240.0,6942.0,546.33,NVIDIA GeForce RTX 3080,[N/A],Enabled,Enabled
1709205308.859356,0,GPU-b342434c-f6b6-7627-333e-da750a9991e6,0.17,0.30615234375,10240.0,6931.0,546.33,NVIDIA GeForce RTX 3080,[N/A],Enabled,Enabled
1709205309.85954,0,GPU-b342434c-f6b6-7627-333e-da750a9991e6,0.17,0.31201171875,10240.0,6871.0,546.33,NVIDIA GeForce RTX 3080,[N/A],Enabled,Enabled
1709205310.859646,0,GPU-b342434c-f6b6-7627-333e-da750a9991e6,0.11,0.417578125,10240.0,5790.0,546.33,NVIDIA GeForce RTX 3080,[N/A],Enabled,Enabled
1709205311.860412,0,GPU-b342434c-f6b6-7627-333e-da750a9991e6,0.12,0.4193359375,10240.0,5772.0,546.33,NVIDIA GeForce RTX 3080,[N/A],Enabled,Enabled
1709205312.859295,0,GPU-b342434c-f6b6-7627-333e-da750a9991e6,0.11,0.41923828125,10240.0,5773.0,546.33,NVIDIA GeForce RTX 3080,[N/A],Enabled,Enabled
1709205313.859181,0,GPU-b342434c-f6b6-7627-333e-da750a9991e6,0.18,0.38359375,10240.0,6138.0,546.33,NVIDIA GeForce RTX 3080,[N/A],Enabled,Enabled
1709205314.860375,0,GPU-b342434c-f6b6-7627-333e-da750a9991e6,0.08,0.3109375,10240.0,6882.0,546.33,NVIDIA GeForce RTX 3080,[N/A],Enabled,Enabled
1709205315.859804,0,GPU-b342434c-f6b6-7627-333e-da750a9991e6,0.1,0.36513671875,10240.0,6327.0,546.33,NVIDIA GeForce RTX 3080,[N/A],Enabled,Enabled
1709205316.859787,0,GPU-b342434c-f6b6-7627-333e-da750a9991e6,0.13,0.365234375,10240.0,6326.0,546.33,NVIDIA GeForce RTX 3080,[N/A],Enabled,Enabled
1709205317.859459,0,GPU-b342434c-f6b6-7627-333e-da750a9991e6,0.14,0.36142578125,10240.0,6365.0,546.33,NVIDIA GeForce RTX 3080,[N/A],Enabled,Enabled
1709205318.859922,0,GPU-b342434c-f6b6-7627-333e-da750a9991e6,0.13,0.36513671875,10240.0,6327.0,546.33,NVIDIA GeForce RTX 3080,[N/A],Enabled,Enabled
1709205319.860104,0,GPU-b342434c-f6b6-7627-333e-da750a9991e6,0.08,0.4095703125,10240.0,5872.0,546.33,NVIDIA GeForce RTX 3080,[N/A],Enabled,Enabled
1709205320.860293,0,GPU-b342434c-f6b6-7627-333e-da750a9991e6,0.13,0.36611328125,10240.0,6317.0,546.33,NVIDIA GeForce RTX 3080,[N/A],Enabled,Enabled
1709205321.859852,0,GPU-b342434c-f6b6-7627-333e-da750a9991e6,0.13,0.36611328125,10240.0,6317.0,546.33,NVIDIA GeForce RTX 3080,[N/A],Enabled,Enabled
1709205322.859198,0,GPU-b342434c-f6b6-7627-333e-da750a9991e6,0.12,0.36240234375,10240.0,6355.0,546.33,NVIDIA GeForce RTX 3080,[N/A],Enabled,Enabled
1709205323.860214,0,GPU-b342434c-f6b6-7627-333e-da750a9991e6,0.11,0.36240234375,10240.0,6355.0,546.33,NVIDIA GeForce RTX 3080,[N/A],Enabled,Enabled
1709205324.859452,0,GPU-b342434c-f6b6-7627-333e-da750a9991e6,0.11,0.36240234375,10240.0,6355.0,546.33,NVIDIA GeForce RTX 3080,[N/A],Enabled,Enabled
1709205325.859357,0,GPU-b342434c-f6b6-7627-333e-da750a9991e6,0.13,0.36611328125,10240.0,6317.0,546.33,NVIDIA GeForce RTX 3080,[N/A],Enabled,Enabled
1709205326.859713,0,GPU-b342434c-f6b6-7627-333e-da750a9991e6,0.11,0.3625,10240.0,6354.0,546.33,NVIDIA GeForce RTX 3080,[N/A],Enabled,Enabled
1709205327.86004,0,GPU-b342434c-f6b6-7627-333e-da750a9991e6,0.11,0.3625,10240.0,6354.0,546.33,NVIDIA GeForce RTX 3080,[N/A],Enabled,Enabled
1709205328.859652,0,GPU-b342434c-f6b6-7627-333e-da750a9991e6,0.11,0.3625,10240.0,6354.0,546.33,NVIDIA GeForce RTX 3080,[N/A],Enabled,Enabled
1709205329.859642,0,GPU-b342434c-f6b6-7627-333e-da750a9991e6,0.11,0.3625,10240.0,6354.0,546.33,NVIDIA GeForce RTX 3080,[N/A],Enabled,Enabled
1709205330.860133,0,GPU-b342434c-f6b6-7627-333e-da750a9991e6,0.12,0.3662109375,10240.0,6316.0,546.33,NVIDIA GeForce RTX 3080,[N/A],Enabled,Enabled
1709205331.859529,0,GPU-b342434c-f6b6-7627-333e-da750a9991e6,0.13,0.3662109375,10240.0,6316.0,546.33,NVIDIA GeForce RTX 3080,[N/A],Enabled,Enabled
1709205332.85929,0,GPU-b342434c-f6b6-7627-333e-da750a9991e6,0.11,0.3625,10240.0,6354.0,546.33,NVIDIA GeForce RTX 3080,[N/A],Enabled,Enabled
1709205333.859297,0,GPU-b342434c-f6b6-7627-333e-da750a9991e6,0.12,0.3662109375,10240.0,6316.0,546.33,NVIDIA GeForce RTX 3080,[N/A],Enabled,Enabled
1709205334.860084,0,GPU-b342434c-f6b6-7627-333e-da750a9991e6,0.11,0.3625,10240.0,6354.0,546.33,NVIDIA GeForce RTX 3080,[N/A],Enabled,Enabled
1709205335.860135,0,GPU-b342434c-f6b6-7627-333e-da750a9991e6,0.11,0.3625,10240.0,6354.0,546.33,NVIDIA GeForce RTX 3080,[N/A],Enabled,Enabled
1709205336.859929,0,GPU-b342434c-f6b6-7627-333e-da750a9991e6,0.12,0.3662109375,10240.0,6316.0,546.33,NVIDIA GeForce RTX 3080,[N/A],Enabled,Enabled
1709205337.859357,0,GPU-b342434c-f6b6-7627-333e-da750a9991e6,0.11,0.36484375,10240.0,6330.0,546.33,NVIDIA GeForce RTX 3080,[N/A],Enabled,Enabled
1709205338.860098,0,GPU-b342434c-f6b6-7627-333e-da750a9991e6,0.14,0.3755859375,10240.0,6220.0,546.33,NVIDIA GeForce RTX 3080,[N/A],Enabled,Enabled
1709205339.859413,0,GPU-b342434c-f6b6-7627-333e-da750a9991e6,0.14,0.3755859375,10240.0,6220.0,546.33,NVIDIA GeForce RTX 3080,[N/A],Enabled,Enabled
1709205340.859574,0,GPU-b342434c-f6b6-7627-333e-da750a9991e6,0.14,0.3755859375,10240.0,6220.0,546.33,NVIDIA GeForce RTX 3080,[N/A],Enabled,Enabled
1709205341.860116,0,GPU-b342434c-f6b6-7627-333e-da750a9991e6,0.14,0.3755859375,10240.0,6220.0,546.33,NVIDIA GeForce RTX 3080,[N/A],Enabled,Enabled
1709205342.860177,0,GPU-b342434c-f6b6-7627-333e-da750a9991e6,0.14,0.3755859375,10240.0,6220.0,546.33,NVIDIA GeForce RTX 3080,[N/A],Enabled,Enabled
1709205343.859418,0,GPU-b342434c-f6b6-7627-333e-da750a9991e6,0.14,0.3755859375,10240.0,6220.0,546.33,NVIDIA GeForce RTX 3080,[N/A],Enabled,Enabled
1709205344.859488,0,GPU-b342434c-f6b6-7627-333e-da750a9991e6,0.14,0.3755859375,10240.0,6220.0,546.33,NVIDIA GeForce RTX 3080,[N/A],Enabled,Enabled
1709205345.859541,0,GPU-b342434c-f6b6-7627-333e-da750a9991e6,0.14,0.3755859375,10240.0,6220.0,546.33,NVIDIA GeForce RTX 3080,[N/A],Enabled,Enabled
1709205346.860277,0,GPU-b342434c-f6b6-7627-333e-da750a9991e6,0.14,0.3755859375,10240.0,6220.0,546.33,NVIDIA GeForce RTX 3080,[N/A],Enabled,Enabled
1709205347.859397,0,GPU-b342434c-f6b6-7627-333e-da750a9991e6,0.15,0.3755859375,10240.0,6220.0,546.33,NVIDIA GeForce RTX 3080,[N/A],Enabled,Enabled
1709205348.860011,0,GPU-b342434c-f6b6-7627-333e-da750a9991e6,0.15,0.3755859375,10240.0,6220.0,546.33,NVIDIA GeForce RTX 3080,[N/A],Enabled,Enabled
1709205349.859225,0,GPU-b342434c-f6b6-7627-333e-da750a9991e6,0.15,0.3755859375,10240.0,6220.0,546.33,NVIDIA GeForce RTX 3080,[N/A],Enabled,Enabled
1709205350.86008,0,GPU-b342434c-f6b6-7627-333e-da750a9991e6,0.14,0.3755859375,10240.0,6220.0,546.33,NVIDIA GeForce RTX 3080,[N/A],Enabled,Enabled
1709205351.859638,0,GPU-b342434c-f6b6-7627-333e-da750a9991e6,0.14,0.3755859375,10240.0,6220.0,546.33,NVIDIA GeForce RTX 3080,[N/A],Enabled,Enabled
1709205352.859452,0,GPU-b342434c-f6b6-7627-333e-da750a9991e6,0.14,0.3755859375,10240.0,6220.0,546.33,NVIDIA GeForce RTX 3080,[N/A],Enabled,Enabled
1709205353.860111,0,GPU-b342434c-f6b6-7627-333e-da750a9991e6,0.15,0.3755859375,10240.0,6220.0,546.33,NVIDIA GeForce RTX 3080,[N/A],Enabled,Enabled
1709205354.860259,0,GPU-b342434c-f6b6-7627-333e-da750a9991e6,0.14,0.3755859375,10240.0,6220.0,546.33,NVIDIA GeForce RTX 3080,[N/A],Enabled,Enabled
1709205355.859827,0,GPU-b342434c-f6b6-7627-333e-da750a9991e6,0.15,0.3755859375,10240.0,6220.0,546.33,NVIDIA GeForce RTX 3080,[N/A],Enabled,Enabled
1709205356.859652,0,GPU-b342434c-f6b6-7627-333e-da750a9991e6,0.14,0.3755859375,10240.0,6220.0,546.33,NVIDIA GeForce RTX 3080,[N/A],Enabled,Enabled
1709205357.859976,0,GPU-b342434c-f6b6-7627-333e-da750a9991e6,0.15,0.3755859375,10240.0,6220.0,546.33,NVIDIA GeForce RTX 3080,[N/A],Enabled,Enabled
1709205358.860038,0,GPU-b342434c-f6b6-7627-333e-da750a9991e6,0.14,0.3755859375,10240.0,6220.0,546.33,NVIDIA GeForce RTX 3080,[N/A],Enabled,Enabled
1709205359.859618,0,GPU-b342434c-f6b6-7627-333e-da750a9991e6,0.14,0.3755859375,10240.0,6220.0,546.33,NVIDIA GeForce RTX 3080,[N/A],Enabled,Enabled
1709205360.859332,0,GPU-b342434c-f6b6-7627-333e-da750a9991e6,0.16,0.3755859375,10240.0,6220.0,546.33,NVIDIA GeForce RTX 3080,[N/A],Enabled,Enabled
1709205361.859876,0,GPU-b342434c-f6b6-7627-333e-da750a9991e6,0.14,0.3755859375,10240.0,6220.0,546.33,NVIDIA GeForce RTX 3080,[N/A],Enabled,Enabled
1709205362.860055,0,GPU-b342434c-f6b6-7627-333e-da750a9991e6,0.15,0.3755859375,10240.0,6220.0,546.33,NVIDIA GeForce RTX 3080,[N/A],Enabled,Enabled
1709205363.860145,0,GPU-b342434c-f6b6-7627-333e-da750a9991e6,0.14,0.3755859375,10240.0,6220.0,546.33,NVIDIA GeForce RTX 3080,[N/A],Enabled,Enabled
1709205364.860191,0,GPU-b342434c-f6b6-7627-333e-da750a9991e6,0.15,0.3755859375,10240.0,6220.0,546.33,NVIDIA GeForce RTX 3080,[N/A],Enabled,Enabled
1709205365.859616,0,GPU-b342434c-f6b6-7627-333e-da750a9991e6,0.15,0.3755859375,10240.0,6220.0,546.33,NVIDIA GeForce RTX 3080,[N/A],Enabled,Enabled
1709205366.859903,0,GPU-b342434c-f6b6-7627-333e-da750a9991e6,0.16,0.3755859375,10240.0,6220.0,546.33,NVIDIA GeForce RTX 3080,[N/A],Enabled,Enabled
1709205367.859486,0,GPU-b342434c-f6b6-7627-333e-da750a9991e6,0.15,0.3755859375,10240.0,6220.0,546.33,NVIDIA GeForce RTX 3080,[N/A],Enabled,Enabled
1709205368.860223,0,GPU-b342434c-f6b6-7627-333e-da750a9991e6,0.15,0.3755859375,10240.0,6220.0,546.33,NVIDIA GeForce RTX 3080,[N/A],Enabled,Enabled
1709205369.859034,0,GPU-b342434c-f6b6-7627-333e-da750a9991e6,0.15,0.3755859375,10240.0,6220.0,546.33,NVIDIA GeForce RTX 3080,[N/A],Enabled,Enabled
1709205370.860203,0,GPU-b342434c-f6b6-7627-333e-da750a9991e6,0.15,0.3755859375,10240.0,6220.0,546.33,NVIDIA GeForce RTX 3080,[N/A],Enabled,Enabled
1709205371.859418,0,GPU-b342434c-f6b6-7627-333e-da750a9991e6,0.15,0.3755859375,10240.0,6220.0,546.33,NVIDIA GeForce RTX 3080,[N/A],Enabled,Enabled
1709205372.859958,0,GPU-b342434c-f6b6-7627-333e-da750a9991e6,0.15,0.3755859375,10240.0,6220.0,546.33,NVIDIA GeForce RTX 3080,[N/A],Enabled,Enabled
1709205373.859299,0,GPU-b342434c-f6b6-7627-333e-da750a9991e6,0.15,0.3755859375,10240.0,6220.0,546.33,NVIDIA GeForce RTX 3080,[N/A],Enabled,Enabled
1709205374.859525,0,GPU-b342434c-f6b6-7627-333e-da750a9991e6,0.15,0.3755859375,10240.0,6220.0,546.33,NVIDIA GeForce RTX 3080,[N/A],Enabled,Enabled
1709205375.859383,0,GPU-b342434c-f6b6-7627-333e-da750a9991e6,0.15,0.3755859375,10240.0,6220.0,546.33,NVIDIA GeForce RTX 3080,[N/A],Enabled,Enabled
1709205376.859528,0,GPU-b342434c-f6b6-7627-333e-da750a9991e6,0.14,0.3755859375,10240.0,6220.0,546.33,NVIDIA GeForce RTX 3080,[N/A],Enabled,Enabled
1709205377.859572,0,GPU-b342434c-f6b6-7627-333e-da750a9991e6,0.15,0.3755859375,10240.0,6220.0,546.33,NVIDIA GeForce RTX 3080,[N/A],Enabled,Enabled
1709205378.860139,0,GPU-b342434c-f6b6-7627-333e-da750a9991e6,0.15,0.3755859375,10240.0,6220.0,546.33,NVIDIA GeForce RTX 3080,[N/A],Enabled,Enabled
1709205379.860233,0,GPU-b342434c-f6b6-7627-333e-da750a9991e6,0.15,0.3755859375,10240.0,6220.0,546.33,NVIDIA GeForce RTX 3080,[N/A],Enabled,Enabled
1709205380.859593,0,GPU-b342434c-f6b6-7627-333e-da750a9991e6,0.15,0.3755859375,10240.0,6220.0,546.33,NVIDIA GeForce RTX 3080,[N/A],Enabled,Enabled
1709205381.859692,0,GPU-b342434c-f6b6-7627-333e-da750a9991e6,0.15,0.3755859375,10240.0,6220.0,546.33,NVIDIA GeForce RTX 3080,[N/A],Enabled,Enabled
1709205382.859187,0,GPU-b342434c-f6b6-7627-333e-da750a9991e6,0.15,0.3755859375,10240.0,6220.0,546.33,NVIDIA GeForce RTX 3080,[N/A],Enabled,Enabled
1709205383.859184,0,GPU-b342434c-f6b6-7627-333e-da750a9991e6,0.15,0.3755859375,10240.0,6220.0,546.33,NVIDIA GeForce RTX 3080,[N/A],Enabled,Enabled
1709205384.860337,0,GPU-b342434c-f6b6-7627-333e-da750a9991e6,0.15,0.3755859375,10240.0,6220.0,546.33,NVIDIA GeForce RTX 3080,[N/A],Enabled,Enabled
1709205385.859784,0,GPU-b342434c-f6b6-7627-333e-da750a9991e6,0.15,0.3755859375,10240.0,6220.0,546.33,NVIDIA GeForce RTX 3080,[N/A],Enabled,Enabled
1709205386.859899,0,GPU-b342434c-f6b6-7627-333e-da750a9991e6,0.15,0.3755859375,10240.0,6220.0,546.33,NVIDIA GeForce RTX 3080,[N/A],Enabled,Enabled
1709205387.859615,0,GPU-b342434c-f6b6-7627-333e-da750a9991e6,0.15,0.3755859375,10240.0,6220.0,546.33,NVIDIA GeForce RTX 3080,[N/A],Enabled,Enabled
1709205388.85957,0,GPU-b342434c-f6b6-7627-333e-da750a9991e6,0.15,0.3755859375,10240.0,6220.0,546.33,NVIDIA GeForce RTX 3080,[N/A],Enabled,Enabled
1709205389.860287,0,GPU-b342434c-f6b6-7627-333e-da750a9991e6,0.15,0.37578125,10240.0,6218.0,546.33,NVIDIA GeForce RTX 3080,[N/A],Enabled,Enabled
1709205390.859771,0,GPU-b342434c-f6b6-7627-333e-da750a9991e6,0.16,0.375390625,10240.0,6222.0,546.33,NVIDIA GeForce RTX 3080,[N/A],Enabled,Enabled
1709205391.860088,0,GPU-b342434c-f6b6-7627-333e-da750a9991e6,0.17,0.375390625,10240.0,6222.0,546.33,NVIDIA GeForce RTX 3080,[N/A],Enabled,Enabled
1709205392.859453,0,GPU-b342434c-f6b6-7627-333e-da750a9991e6,0.17,0.375390625,10240.0,6222.0,546.33,NVIDIA GeForce RTX 3080,[N/A],Enabled,Enabled
1709205393.859185,0,GPU-b342434c-f6b6-7627-333e-da750a9991e6,0.16,0.375390625,10240.0,6222.0,546.33,NVIDIA GeForce RTX 3080,[N/A],Enabled,Enabled
1709205394.859264,0,GPU-b342434c-f6b6-7627-333e-da750a9991e6,0.15,0.375390625,10240.0,6222.0,546.33,NVIDIA GeForce RTX 3080,[N/A],Enabled,Enabled
1709205395.859321,0,GPU-b342434c-f6b6-7627-333e-da750a9991e6,0.15,0.375390625,10240.0,6222.0,546.33,NVIDIA GeForce RTX 3080,[N/A],Enabled,Enabled
1709205396.859573,0,GPU-b342434c-f6b6-7627-333e-da750a9991e6,0.16,0.375390625,10240.0,6222.0,546.33,NVIDIA GeForce RTX 3080,[N/A],Enabled,Enabled
1709205397.859938,0,GPU-b342434c-f6b6-7627-333e-da750a9991e6,0.16,0.375390625,10240.0,6222.0,546.33,NVIDIA GeForce RTX 3080,[N/A],Enabled,Enabled
1709205398.859417,0,GPU-b342434c-f6b6-7627-333e-da750a9991e6,0.16,0.375390625,10240.0,6222.0,546.33,NVIDIA GeForce RTX 3080,[N/A],Enabled,Enabled
1709205399.859931,0,GPU-b342434c-f6b6-7627-333e-da750a9991e6,0.16,0.375390625,10240.0,6222.0,546.33,NVIDIA GeForce RTX 3080,[N/A],Enabled,Enabled
1709205400.860133,0,GPU-b342434c-f6b6-7627-333e-da750a9991e6,0.16,0.375390625,10240.0,6222.0,546.33,NVIDIA GeForce RTX 3080,[N/A],Enabled,Enabled
1709205401.859446,0,GPU-b342434c-f6b6-7627-333e-da750a9991e6,0.16,0.375390625,10240.0,6222.0,546.33,NVIDIA GeForce RTX 3080,[N/A],Enabled,Enabled
1709205402.860269,0,GPU-b342434c-f6b6-7627-333e-da750a9991e6,0.16,0.375390625,10240.0,6222.0,546.33,NVIDIA GeForce RTX 3080,[N/A],Enabled,Enabled
1709205403.859547,0,GPU-b342434c-f6b6-7627-333e-da750a9991e6,0.16,0.375390625,10240.0,6222.0,546.33,NVIDIA GeForce RTX 3080,[N/A],Enabled,Enabled
1709205404.859267,0,GPU-b342434c-f6b6-7627-333e-da750a9991e6,0.16,0.375390625,10240.0,6222.0,546.33,NVIDIA GeForce RTX 3080,[N/A],Enabled,Enabled
1709205405.859247,0,GPU-b342434c-f6b6-7627-333e-da750a9991e6,0.16,0.375390625,10240.0,6222.0,546.33,NVIDIA GeForce RTX 3080,[N/A],Enabled,Enabled
1709205406.859521,0,GPU-b342434c-f6b6-7627-333e-da750a9991e6,0.16,0.375390625,10240.0,6222.0,546.33,NVIDIA GeForce RTX 3080,[N/A],Enabled,Enabled
1709205407.85933,0,GPU-b342434c-f6b6-7627-333e-da750a9991e6,0.15,0.375390625,10240.0,6222.0,546.33,NVIDIA GeForce RTX 3080,[N/A],Enabled,Enabled
1709205408.859641,0,GPU-b342434c-f6b6-7627-333e-da750a9991e6,0.17,0.375390625,10240.0,6222.0,546.33,NVIDIA GeForce RTX 3080,[N/A],Enabled,Enabled
1709205409.859252,0,GPU-b342434c-f6b6-7627-333e-da750a9991e6,0.16,0.375390625,10240.0,6222.0,546.33,NVIDIA GeForce RTX 3080,[N/A],Enabled,Enabled
1709205410.859446,0,GPU-b342434c-f6b6-7627-333e-da750a9991e6,0.16,0.375390625,10240.0,6222.0,546.33,NVIDIA GeForce RTX 3080,[N/A],Enabled,Enabled
1709205411.859849,0,GPU-b342434c-f6b6-7627-333e-da750a9991e6,0.17,0.375390625,10240.0,6222.0,546.33,NVIDIA GeForce RTX 3080,[N/A],Enabled,Enabled
1709205412.859553,0,GPU-b342434c-f6b6-7627-333e-da750a9991e6,0.15,0.375390625,10240.0,6222.0,546.33,NVIDIA GeForce RTX 3080,[N/A],Enabled,Enabled
1709205413.860009,0,GPU-b342434c-f6b6-7627-333e-da750a9991e6,0.16,0.375390625,10240.0,6222.0,546.33,NVIDIA GeForce RTX 3080,[N/A],Enabled,Enabled
1709205414.859602,0,GPU-b342434c-f6b6-7627-333e-da750a9991e6,0.16,0.375390625,10240.0,6222.0,546.33,NVIDIA GeForce RTX 3080,[N/A],Enabled,Enabled
1709205415.860022,0,GPU-b342434c-f6b6-7627-333e-da750a9991e6,0.15,0.375390625,10240.0,6222.0,546.33,NVIDIA GeForce RTX 3080,[N/A],Enabled,Enabled
1709205416.859651,0,GPU-b342434c-f6b6-7627-333e-da750a9991e6,0.16,0.375390625,10240.0,6222.0,546.33,NVIDIA GeForce RTX 3080,[N/A],Enabled,Enabled
1709205417.859924,0,GPU-b342434c-f6b6-7627-333e-da750a9991e6,0.16,0.375390625,10240.0,6222.0,546.33,NVIDIA GeForce RTX 3080,[N/A],Enabled,Enabled
1709205418.859861,0,GPU-b342434c-f6b6-7627-333e-da750a9991e6,0.16,0.375390625,10240.0,6222.0,546.33,NVIDIA GeForce RTX 3080,[N/A],Enabled,Enabled
1709205419.859772,0,GPU-b342434c-f6b6-7627-333e-da750a9991e6,0.14,0.375390625,10240.0,6222.0,546.33,NVIDIA GeForce RTX 3080,[N/A],Enabled,Enabled
1709205420.860061,0,GPU-b342434c-f6b6-7627-333e-da750a9991e6,0.15,0.375390625,10240.0,6222.0,546.33,NVIDIA GeForce RTX 3080,[N/A],Enabled,Enabled
1709205421.85912,0,GPU-b342434c-f6b6-7627-333e-da750a9991e6,0.15,0.375390625,10240.0,6222.0,546.33,NVIDIA GeForce RTX 3080,[N/A],Enabled,Enabled
1709205422.859957,0,GPU-b342434c-f6b6-7627-333e-da750a9991e6,0.15,0.375390625,10240.0,6222.0,546.33,NVIDIA GeForce RTX 3080,[N/A],Enabled,Enabled
1709205423.859692,0,GPU-b342434c-f6b6-7627-333e-da750a9991e6,0.15,0.375390625,10240.0,6222.0,546.33,NVIDIA GeForce RTX 3080,[N/A],Enabled,Enabled
1709205424.859751,0,GPU-b342434c-f6b6-7627-333e-da750a9991e6,0.15,0.375390625,10240.0,6222.0,546.33,NVIDIA GeForce RTX 3080,[N/A],Enabled,Enabled
1709205425.859554,0,GPU-b342434c-f6b6-7627-333e-da750a9991e6,0.15,0.375390625,10240.0,6222.0,546.33,NVIDIA GeForce RTX 3080,[N/A],Enabled,Enabled
1709205426.859888,0,GPU-b342434c-f6b6-7627-333e-da750a9991e6,0.15,0.375390625,10240.0,6222.0,546.33,NVIDIA GeForce RTX 3080,[N/A],Enabled,Enabled
1709205427.859623,0,GPU-b342434c-f6b6-7627-333e-da750a9991e6,0.16,0.375390625,10240.0,6222.0,546.33,NVIDIA GeForce RTX 3080,[N/A],Enabled,Enabled
1709205428.859055,0,GPU-b342434c-f6b6-7627-333e-da750a9991e6,0.15,0.375390625,10240.0,6222.0,546.33,NVIDIA GeForce RTX 3080,[N/A],Enabled,Enabled
1709205429.859433,0,GPU-b342434c-f6b6-7627-333e-da750a9991e6,0.15,0.375390625,10240.0,6222.0,546.33,NVIDIA GeForce RTX 3080,[N/A],Enabled,Enabled
1709205430.859942,0,GPU-b342434c-f6b6-7627-333e-da750a9991e6,0.15,0.375390625,10240.0,6222.0,546.33,NVIDIA GeForce RTX 3080,[N/A],Enabled,Enabled
1709205431.860079,0,GPU-b342434c-f6b6-7627-333e-da750a9991e6,0.15,0.375390625,10240.0,6222.0,546.33,NVIDIA GeForce RTX 3080,[N/A],Enabled,Enabled
1709205432.859958,0,GPU-b342434c-f6b6-7627-333e-da750a9991e6,0.16,0.375390625,10240.0,6222.0,546.33,NVIDIA GeForce RTX 3080,[N/A],Enabled,Enabled
1709205433.859978,0,GPU-b342434c-f6b6-7627-333e-da750a9991e6,0.16,0.375390625,10240.0,6222.0,546.33,NVIDIA GeForce RTX 3080,[N/A],Enabled,Enabled
1709205434.859996,0,GPU-b342434c-f6b6-7627-333e-da750a9991e6,0.15,0.375390625,10240.0,6222.0,546.33,NVIDIA GeForce RTX 3080,[N/A],Enabled,Enabled
1709205435.859511,0,GPU-b342434c-f6b6-7627-333e-da750a9991e6,0.16,0.375390625,10240.0,6222.0,546.33,NVIDIA GeForce RTX 3080,[N/A],Enabled,Enabled
1709205436.86005,0,GPU-b342434c-f6b6-7627-333e-da750a9991e6,0.16,0.375390625,10240.0,6222.0,546.33,NVIDIA GeForce RTX 3080,[N/A],Enabled,Enabled
1709205437.859247,0,GPU-b342434c-f6b6-7627-333e-da750a9991e6,0.16,0.375390625,10240.0,6222.0,546.33,NVIDIA GeForce RTX 3080,[N/A],Enabled,Enabled
1709205438.859356,0,GPU-b342434c-f6b6-7627-333e-da750a9991e6,0.16,0.375390625,10240.0,6222.0,546.33,NVIDIA GeForce RTX 3080,[N/A],Enabled,Enabled
1709205439.859935,0,GPU-b342434c-f6b6-7627-333e-da750a9991e6,0.15,0.375390625,10240.0,6222.0,546.33,NVIDIA GeForce RTX 3080,[N/A],Enabled,Enabled
1709205440.860022,0,GPU-b342434c-f6b6-7627-333e-da750a9991e6,0.16,0.375390625,10240.0,6222.0,546.33,NVIDIA GeForce RTX 3080,[N/A],Enabled,Enabled
1709205441.860238,0,GPU-b342434c-f6b6-7627-333e-da750a9991e6,0.15,0.375390625,10240.0,6222.0,546.33,NVIDIA GeForce RTX 3080,[N/A],Enabled,Enabled
1709205442.859358,0,GPU-b342434c-f6b6-7627-333e-da750a9991e6,0.16,0.375390625,10240.0,6222.0,546.33,NVIDIA GeForce RTX 3080,[N/A],Enabled,Enabled
1709205443.85976,0,GPU-b342434c-f6b6-7627-333e-da750a9991e6,0.15,0.375390625,10240.0,6222.0,546.33,NVIDIA GeForce RTX 3080,[N/A],Enabled,Enabled
1709205444.859117,0,GPU-b342434c-f6b6-7627-333e-da750a9991e6,0.16,0.375390625,10240.0,6222.0,546.33,NVIDIA GeForce RTX 3080,[N/A],Enabled,Enabled
1709205445.859334,0,GPU-b342434c-f6b6-7627-333e-da750a9991e6,0.15,0.375390625,10240.0,6222.0,546.33,NVIDIA GeForce RTX 3080,[N/A],Enabled,Enabled
1709205446.859759,0,GPU-b342434c-f6b6-7627-333e-da750a9991e6,0.15,0.375390625,10240.0,6222.0,546.33,NVIDIA GeForce RTX 3080,[N/A],Enabled,Enabled
1709205447.859987,0,GPU-b342434c-f6b6-7627-333e-da750a9991e6,0.14,0.375390625,10240.0,6222.0,546.33,NVIDIA GeForce RTX 3080,[N/A],Enabled,Enabled
1709205448.859996,0,GPU-b342434c-f6b6-7627-333e-da750a9991e6,0.15,0.375390625,10240.0,6222.0,546.33,NVIDIA GeForce RTX 3080,[N/A],Enabled,Enabled
1709205449.859719,0,GPU-b342434c-f6b6-7627-333e-da750a9991e6,0.15,0.375390625,10240.0,6222.0,546.33,NVIDIA GeForce RTX 3080,[N/A],Enabled,Enabled
1709205450.859567,0,GPU-b342434c-f6b6-7627-333e-da750a9991e6,0.16,0.375390625,10240.0,6222.0,546.33,NVIDIA GeForce RTX 3080,[N/A],Enabled,Enabled
1709205451.859287,0,GPU-b342434c-f6b6-7627-333e-da750a9991e6,0.15,0.375390625,10240.0,6222.0,546.33,NVIDIA GeForce RTX 3080,[N/A],Enabled,Enabled
1709205452.859835,0,GPU-b342434c-f6b6-7627-333e-da750a9991e6,0.16,0.375390625,10240.0,6222.0,546.33,NVIDIA GeForce RTX 3080,[N/A],Enabled,Enabled
1709205453.859517,0,GPU-b342434c-f6b6-7627-333e-da750a9991e6,0.15,0.375390625,10240.0,6222.0,546.33,NVIDIA GeForce RTX 3080,[N/A],Enabled,Enabled
1709205454.859559,0,GPU-b342434c-f6b6-7627-333e-da750a9991e6,0.16,0.375390625,10240.0,6222.0,546.33,NVIDIA GeForce RTX 3080,[N/A],Enabled,Enabled
1709205455.860195,0,GPU-b342434c-f6b6-7627-333e-da750a9991e6,0.16,0.375390625,10240.0,6222.0,546.33,NVIDIA GeForce RTX 3080,[N/A],Enabled,Enabled
1709205456.859385,0,GPU-b342434c-f6b6-7627-333e-da750a9991e6,0.17,0.375390625,10240.0,6222.0,546.33,NVIDIA GeForce RTX 3080,[N/A],Enabled,Enabled
1709205457.859456,0,GPU-b342434c-f6b6-7627-333e-da750a9991e6,0.16,0.375390625,10240.0,6222.0,546.33,NVIDIA GeForce RTX 3080,[N/A],Enabled,Enabled
1709205458.859496,0,GPU-b342434c-f6b6-7627-333e-da750a9991e6,0.15,0.375390625,10240.0,6222.0,546.33,NVIDIA GeForce RTX 3080,[N/A],Enabled,Enabled
1709205459.860178,0,GPU-b342434c-f6b6-7627-333e-da750a9991e6,0.16,0.375390625,10240.0,6222.0,546.33,NVIDIA GeForce RTX 3080,[N/A],Enabled,Enabled
1709205460.860002,0,GPU-b342434c-f6b6-7627-333e-da750a9991e6,0.16,0.375390625,10240.0,6222.0,546.33,NVIDIA GeForce RTX 3080,[N/A],Enabled,Enabled
1709205461.860338,0,GPU-b342434c-f6b6-7627-333e-da750a9991e6,0.17,0.375390625,10240.0,6222.0,546.33,NVIDIA GeForce RTX 3080,[N/A],Enabled,Enabled
1709205462.860045,0,GPU-b342434c-f6b6-7627-333e-da750a9991e6,0.17,0.375390625,10240.0,6222.0,546.33,NVIDIA GeForce RTX 3080,[N/A],Enabled,Enabled
1709205463.859405,0,GPU-b342434c-f6b6-7627-333e-da750a9991e6,0.16,0.375390625,10240.0,6222.0,546.33,NVIDIA GeForce RTX 3080,[N/A],Enabled,Enabled
1709205464.860031,0,GPU-b342434c-f6b6-7627-333e-da750a9991e6,0.16,0.375390625,10240.0,6222.0,546.33,NVIDIA GeForce RTX 3080,[N/A],Enabled,Enabled
1709205465.859886,0,GPU-b342434c-f6b6-7627-333e-da750a9991e6,0.16,0.375390625,10240.0,6222.0,546.33,NVIDIA GeForce RTX 3080,[N/A],Enabled,Enabled
1709205466.859567,0,GPU-b342434c-f6b6-7627-333e-da750a9991e6,0.16,0.375390625,10240.0,6222.0,546.33,NVIDIA GeForce RTX 3080,[N/A],Enabled,Enabled
1709205467.85981,0,GPU-b342434c-f6b6-7627-333e-da750a9991e6,0.16,0.375390625,10240.0,6222.0,546.33,NVIDIA GeForce RTX 3080,[N/A],Enabled,Enabled
1709205468.859451,0,GPU-b342434c-f6b6-7627-333e-da750a9991e6,0.16,0.375390625,10240.0,6222.0,546.33,NVIDIA GeForce RTX 3080,[N/A],Enabled,Enabled
1709205469.860031,0,GPU-b342434c-f6b6-7627-333e-da750a9991e6,0.16,0.375390625,10240.0,6222.0,546.33,NVIDIA GeForce RTX 3080,[N/A],Enabled,Enabled
1709205470.859326,0,GPU-b342434c-f6b6-7627-333e-da750a9991e6,0.15,0.375390625,10240.0,6222.0,546.33,NVIDIA GeForce RTX 3080,[N/A],Enabled,Enabled
1709205471.859145,0,GPU-b342434c-f6b6-7627-333e-da750a9991e6,0.15,0.375390625,10240.0,6222.0,546.33,NVIDIA GeForce RTX 3080,[N/A],Enabled,Enabled
1709205472.85935,0,GPU-b342434c-f6b6-7627-333e-da750a9991e6,0.15,0.375390625,10240.0,6222.0,546.33,NVIDIA GeForce RTX 3080,[N/A],Enabled,Enabled
1709205473.85925,0,GPU-b342434c-f6b6-7627-333e-da750a9991e6,0.16,0.375390625,10240.0,6222.0,546.33,NVIDIA GeForce RTX 3080,[N/A],Enabled,Enabled
1709205474.859499,0,GPU-b342434c-f6b6-7627-333e-da750a9991e6,0.15,0.375390625,10240.0,6222.0,546.33,NVIDIA GeForce RTX 3080,[N/A],Enabled,Enabled
1709205475.85951,0,GPU-b342434c-f6b6-7627-333e-da750a9991e6,0.16,0.375390625,10240.0,6222.0,546.33,NVIDIA GeForce RTX 3080,[N/A],Enabled,Enabled
1709205476.859388,0,GPU-b342434c-f6b6-7627-333e-da750a9991e6,0.16,0.375390625,10240.0,6222.0,546.33,NVIDIA GeForce RTX 3080,[N/A],Enabled,Enabled
1709205477.860061,0,GPU-b342434c-f6b6-7627-333e-da750a9991e6,0.17,0.375390625,10240.0,6222.0,546.33,NVIDIA GeForce RTX 3080,[N/A],Enabled,Enabled
1709205478.859405,0,GPU-b342434c-f6b6-7627-333e-da750a9991e6,0.15,0.375390625,10240.0,6222.0,546.33,NVIDIA GeForce RTX 3080,[N/A],Enabled,Enabled
1709205479.859318,0,GPU-b342434c-f6b6-7627-333e-da750a9991e6,0.15,0.375390625,10240.0,6222.0,546.33,NVIDIA GeForce RTX 3080,[N/A],Enabled,Enabled
1709205480.85947,0,GPU-b342434c-f6b6-7627-333e-da750a9991e6,0.16,0.375390625,10240.0,6222.0,546.33,NVIDIA GeForce RTX 3080,[N/A],Enabled,Enabled
1709205481.859552,0,GPU-b342434c-f6b6-7627-333e-da750a9991e6,0.15,0.375390625,10240.0,6222.0,546.33,NVIDIA GeForce RTX 3080,[N/A],Enabled,Enabled
1709205482.860049,0,GPU-b342434c-f6b6-7627-333e-da750a9991e6,0.15,0.375390625,10240.0,6222.0,546.33,NVIDIA GeForce RTX 3080,[N/A],Enabled,Enabled
1709205483.859459,0,GPU-b342434c-f6b6-7627-333e-da750a9991e6,0.15,0.375390625,10240.0,6222.0,546.33,NVIDIA GeForce RTX 3080,[N/A],Enabled,Enabled
1709205484.859088,0,GPU-b342434c-f6b6-7627-333e-da750a9991e6,0.14,0.375390625,10240.0,6222.0,546.33,NVIDIA GeForce RTX 3080,[N/A],Enabled,Enabled
1709205485.859644,0,GPU-b342434c-f6b6-7627-333e-da750a9991e6,0.15,0.375390625,10240.0,6222.0,546.33,NVIDIA GeForce RTX 3080,[N/A],Enabled,Enabled
1709205486.860038,0,GPU-b342434c-f6b6-7627-333e-da750a9991e6,0.15,0.375390625,10240.0,6222.0,546.33,NVIDIA GeForce RTX 3080,[N/A],Enabled,Enabled
1709205487.859389,0,GPU-b342434c-f6b6-7627-333e-da750a9991e6,0.14,0.375390625,10240.0,6222.0,546.33,NVIDIA GeForce RTX 3080,[N/A],Enabled,Enabled
1709205488.859066,0,GPU-b342434c-f6b6-7627-333e-da750a9991e6,0.15,0.375390625,10240.0,6222.0,546.33,NVIDIA GeForce RTX 3080,[N/A],Enabled,Enabled
1709205489.85943,0,GPU-b342434c-f6b6-7627-333e-da750a9991e6,0.15,0.375390625,10240.0,6222.0,546.33,NVIDIA GeForce RTX 3080,[N/A],Enabled,Enabled
1709205490.859487,0,GPU-b342434c-f6b6-7627-333e-da750a9991e6,0.15,0.375390625,10240.0,6222.0,546.33,NVIDIA GeForce RTX 3080,[N/A],Enabled,Enabled
1709205491.859536,0,GPU-b342434c-f6b6-7627-333e-da750a9991e6,0.15,0.375390625,10240.0,6222.0,546.33,NVIDIA GeForce RTX 3080,[N/A],Enabled,Enabled
1709205492.859572,0,GPU-b342434c-f6b6-7627-333e-da750a9991e6,0.15,0.375390625,10240.0,6222.0,546.33,NVIDIA GeForce RTX 3080,[N/A],Enabled,Enabled
1709205493.859704,0,GPU-b342434c-f6b6-7627-333e-da750a9991e6,0.15,0.375390625,10240.0,6222.0,546.33,NVIDIA GeForce RTX 3080,[N/A],Enabled,Enabled
1709205494.859272,0,GPU-b342434c-f6b6-7627-333e-da750a9991e6,0.15,0.375390625,10240.0,6222.0,546.33,NVIDIA GeForce RTX 3080,[N/A],Enabled,Enabled
1709205495.859684,0,GPU-b342434c-f6b6-7627-333e-da750a9991e6,0.15,0.375390625,10240.0,6222.0,546.33,NVIDIA GeForce RTX 3080,[N/A],Enabled,Enabled
1709205496.85981,0,GPU-b342434c-f6b6-7627-333e-da750a9991e6,0.15,0.375390625,10240.0,6222.0,546.33,NVIDIA GeForce RTX 3080,[N/A],Enabled,Enabled
1709205497.859283,0,GPU-b342434c-f6b6-7627-333e-da750a9991e6,0.16,0.375390625,10240.0,6222.0,546.33,NVIDIA GeForce RTX 3080,[N/A],Enabled,Enabled
1709205498.859421,0,GPU-b342434c-f6b6-7627-333e-da750a9991e6,0.15,0.375390625,10240.0,6222.0,546.33,NVIDIA GeForce RTX 3080,[N/A],Enabled,Enabled
1709205499.859705,0,GPU-b342434c-f6b6-7627-333e-da750a9991e6,0.15,0.375390625,10240.0,6222.0,546.33,NVIDIA GeForce RTX 3080,[N/A],Enabled,Enabled
1709205500.859188,0,GPU-b342434c-f6b6-7627-333e-da750a9991e6,0.15,0.375390625,10240.0,6222.0,546.33,NVIDIA GeForce RTX 3080,[N/A],Enabled,Enabled
1709205501.859329,0,GPU-b342434c-f6b6-7627-333e-da750a9991e6,0.16,0.375390625,10240.0,6222.0,546.33,NVIDIA GeForce RTX 3080,[N/A],Enabled,Enabled
1709205502.859959,0,GPU-b342434c-f6b6-7627-333e-da750a9991e6,0.14,0.375390625,10240.0,6222.0,546.33,NVIDIA GeForce RTX 3080,[N/A],Enabled,Enabled
1709205503.859886,0,GPU-b342434c-f6b6-7627-333e-da750a9991e6,0.16,0.375390625,10240.0,6222.0,546.33,NVIDIA GeForce RTX 3080,[N/A],Enabled,Enabled
1709205504.859148,0,GPU-b342434c-f6b6-7627-333e-da750a9991e6,0.16,0.375390625,10240.0,6222.0,546.33,NVIDIA GeForce RTX 3080,[N/A],Enabled,Enabled
1709205505.85952,0,GPU-b342434c-f6b6-7627-333e-da750a9991e6,0.15,0.375390625,10240.0,6222.0,546.33,NVIDIA GeForce RTX 3080,[N/A],Enabled,Enabled
1709205506.859363,0,GPU-b342434c-f6b6-7627-333e-da750a9991e6,0.14,0.375390625,10240.0,6222.0,546.33,NVIDIA GeForce RTX 3080,[N/A],Enabled,Enabled
1709205507.859436,0,GPU-b342434c-f6b6-7627-333e-da750a9991e6,0.15,0.375390625,10240.0,6222.0,546.33,NVIDIA GeForce RTX 3080,[N/A],Enabled,Enabled
1709205508.859966,0,GPU-b342434c-f6b6-7627-333e-da750a9991e6,0.15,0.375390625,10240.0,6222.0,546.33,NVIDIA GeForce RTX 3080,[N/A],Enabled,Enabled
1709205509.860027,0,GPU-b342434c-f6b6-7627-333e-da750a9991e6,0.16,0.375390625,10240.0,6222.0,546.33,NVIDIA GeForce RTX 3080,[N/A],Enabled,Enabled
1709205510.860223,0,GPU-b342434c-f6b6-7627-333e-da750a9991e6,0.16,0.375390625,10240.0,6222.0,546.33,NVIDIA GeForce RTX 3080,[N/A],Enabled,Enabled
1709205511.859848,0,GPU-b342434c-f6b6-7627-333e-da750a9991e6,0.15,0.375390625,10240.0,6222.0,546.33,NVIDIA GeForce RTX 3080,[N/A],Enabled,Enabled
1709205512.860105,0,GPU-b342434c-f6b6-7627-333e-da750a9991e6,0.14,0.375390625,10240.0,6222.0,546.33,NVIDIA GeForce RTX 3080,[N/A],Enabled,Enabled
1709205513.859445,0,GPU-b342434c-f6b6-7627-333e-da750a9991e6,0.15,0.375390625,10240.0,6222.0,546.33,NVIDIA GeForce RTX 3080,[N/A],Enabled,Enabled
1709205514.860199,0,GPU-b342434c-f6b6-7627-333e-da750a9991e6,0.15,0.375390625,10240.0,6222.0,546.33,NVIDIA GeForce RTX 3080,[N/A],Enabled,Enabled
1709205515.859265,0,GPU-b342434c-f6b6-7627-333e-da750a9991e6,0.15,0.375390625,10240.0,6222.0,546.33,NVIDIA GeForce RTX 3080,[N/A],Enabled,Enabled
1709205516.859874,0,GPU-b342434c-f6b6-7627-333e-da750a9991e6,0.15,0.375390625,10240.0,6222.0,546.33,NVIDIA GeForce RTX 3080,[N/A],Enabled,Enabled
1709205517.859461,0,GPU-b342434c-f6b6-7627-333e-da750a9991e6,0.15,0.375390625,10240.0,6222.0,546.33,NVIDIA GeForce RTX 3080,[N/A],Enabled,Enabled
1709205518.859255,0,GPU-b342434c-f6b6-7627-333e-da750a9991e6,0.15,0.375390625,10240.0,6222.0,546.33,NVIDIA GeForce RTX 3080,[N/A],Enabled,Enabled
1709205519.85937,0,GPU-b342434c-f6b6-7627-333e-da750a9991e6,0.15,0.375390625,10240.0,6222.0,546.33,NVIDIA GeForce RTX 3080,[N/A],Enabled,Enabled
1709205520.860096,0,GPU-b342434c-f6b6-7627-333e-da750a9991e6,0.15,0.375390625,10240.0,6222.0,546.33,NVIDIA GeForce RTX 3080,[N/A],Enabled,Enabled
1709205521.859399,0,GPU-b342434c-f6b6-7627-333e-da750a9991e6,0.15,0.375390625,10240.0,6222.0,546.33,NVIDIA GeForce RTX 3080,[N/A],Enabled,Enabled
1709205522.859369,0,GPU-b342434c-f6b6-7627-333e-da750a9991e6,0.15,0.375390625,10240.0,6222.0,546.33,NVIDIA GeForce RTX 3080,[N/A],Enabled,Enabled
1709205523.860027,0,GPU-b342434c-f6b6-7627-333e-da750a9991e6,0.14,0.375390625,10240.0,6222.0,546.33,NVIDIA GeForce RTX 3080,[N/A],Enabled,Enabled
1709205524.859845,0,GPU-b342434c-f6b6-7627-333e-da750a9991e6,0.15,0.375390625,10240.0,6222.0,546.33,NVIDIA GeForce RTX 3080,[N/A],Enabled,Enabled
1709205525.859697,0,GPU-b342434c-f6b6-7627-333e-da750a9991e6,0.15,0.375390625,10240.0,6222.0,546.33,NVIDIA GeForce RTX 3080,[N/A],Enabled,Enabled
1709205526.859789,0,GPU-b342434c-f6b6-7627-333e-da750a9991e6,0.14,0.375390625,10240.0,6222.0,546.33,NVIDIA GeForce RTX 3080,[N/A],Enabled,Enabled
1709205527.859347,0,GPU-b342434c-f6b6-7627-333e-da750a9991e6,0.13,0.375390625,10240.0,6222.0,546.33,NVIDIA GeForce RTX 3080,[N/A],Enabled,Enabled
1709205528.859992,0,GPU-b342434c-f6b6-7627-333e-da750a9991e6,0.11,0.36689453125,10240.0,6309.0,546.33,NVIDIA GeForce RTX 3080,[N/A],Enabled,Enabled
1709205529.859756,0,GPU-b342434c-f6b6-7627-333e-da750a9991e6,0.13,0.36689453125,10240.0,6309.0,546.33,NVIDIA GeForce RTX 3080,[N/A],Enabled,Enabled
1709205530.859869,0,GPU-b342434c-f6b6-7627-333e-da750a9991e6,0.12,0.3630859375,10240.0,6348.0,546.33,NVIDIA GeForce RTX 3080,[N/A],Enabled,Enabled
1709205531.859536,0,GPU-b342434c-f6b6-7627-333e-da750a9991e6,0.12,0.3630859375,10240.0,6348.0,546.33,NVIDIA GeForce RTX 3080,[N/A],Enabled,Enabled
1709205532.859443,0,GPU-b342434c-f6b6-7627-333e-da750a9991e6,0.12,0.3630859375,10240.0,6348.0,546.33,NVIDIA GeForce RTX 3080,[N/A],Enabled,Enabled
1709205533.860002,0,GPU-b342434c-f6b6-7627-333e-da750a9991e6,0.12,0.3630859375,10240.0,6348.0,546.33,NVIDIA GeForce RTX 3080,[N/A],Enabled,Enabled
1709205534.860064,0,GPU-b342434c-f6b6-7627-333e-da750a9991e6,0.12,0.3630859375,10240.0,6348.0,546.33,NVIDIA GeForce RTX 3080,[N/A],Enabled,Enabled
1709205535.859703,0,GPU-b342434c-f6b6-7627-333e-da750a9991e6,0.13,0.3630859375,10240.0,6348.0,546.33,NVIDIA GeForce RTX 3080,[N/A],Enabled,Enabled
1709205536.859324,0,GPU-b342434c-f6b6-7627-333e-da750a9991e6,0.13,0.3630859375,10240.0,6348.0,546.33,NVIDIA GeForce RTX 3080,[N/A],Enabled,Enabled
1709205537.859501,0,GPU-b342434c-f6b6-7627-333e-da750a9991e6,0.13,0.3630859375,10240.0,6348.0,546.33,NVIDIA GeForce RTX 3080,[N/A],Enabled,Enabled
1709205538.859988,0,GPU-b342434c-f6b6-7627-333e-da750a9991e6,0.13,0.3630859375,10240.0,6348.0,546.33,NVIDIA GeForce RTX 3080,[N/A],Enabled,Enabled
1709205539.859326,0,GPU-b342434c-f6b6-7627-333e-da750a9991e6,0.13,0.3630859375,10240.0,6348.0,546.33,NVIDIA GeForce RTX 3080,[N/A],Enabled,Enabled
1709205540.859747,0,GPU-b342434c-f6b6-7627-333e-da750a9991e6,0.13,0.3630859375,10240.0,6348.0,546.33,NVIDIA GeForce RTX 3080,[N/A],Enabled,Enabled
1709205541.859312,0,GPU-b342434c-f6b6-7627-333e-da750a9991e6,0.13,0.3630859375,10240.0,6348.0,546.33,NVIDIA GeForce RTX 3080,[N/A],Enabled,Enabled
1709205542.859779,0,GPU-b342434c-f6b6-7627-333e-da750a9991e6,0.13,0.3630859375,10240.0,6348.0,546.33,NVIDIA GeForce RTX 3080,[N/A],Enabled,Enabled
1709205543.859444,0,GPU-b342434c-f6b6-7627-333e-da750a9991e6,0.13,0.3630859375,10240.0,6348.0,546.33,NVIDIA GeForce RTX 3080,[N/A],Enabled,Enabled
1709205544.859621,0,GPU-b342434c-f6b6-7627-333e-da750a9991e6,0.13,0.3630859375,10240.0,6348.0,546.33,NVIDIA GeForce RTX 3080,[N/A],Enabled,Enabled
1709205545.859251,0,GPU-b342434c-f6b6-7627-333e-da750a9991e6,0.13,0.3630859375,10240.0,6348.0,546.33,NVIDIA GeForce RTX 3080,[N/A],Enabled,Enabled
1709205546.859859,0,GPU-b342434c-f6b6-7627-333e-da750a9991e6,0.13,0.3630859375,10240.0,6348.0,546.33,NVIDIA GeForce RTX 3080,[N/A],Enabled,Enabled
1709205547.85936,0,GPU-b342434c-f6b6-7627-333e-da750a9991e6,0.13,0.3630859375,10240.0,6348.0,546.33,NVIDIA GeForce RTX 3080,[N/A],Enabled,Enabled
1709205548.859565,0,GPU-b342434c-f6b6-7627-333e-da750a9991e6,0.14,0.307421875,10240.0,6918.0,546.33,NVIDIA GeForce RTX 3080,[N/A],Enabled,Enabled
1709205549.85993,0,GPU-b342434c-f6b6-7627-333e-da750a9991e6,0.15,0.307421875,10240.0,6918.0,546.33,NVIDIA GeForce RTX 3080,[N/A],Enabled,Enabled
timestamp,id,uuid,load,memoryUtil,memoryTotal,memoryUsed,memoryFree,driver,name,serial,display_mode,display_active
1709217035.300103,0,GPU-b342434c-f6b6-7627-333e-da750a9991e6,0.15,0.3310546875,10240.0,6676.0,546.33,NVIDIA GeForce RTX 3080,[N/A],Enabled,Enabled
1709217036.296717,0,GPU-b342434c-f6b6-7627-333e-da750a9991e6,0.17,0.3373046875,10240.0,6612.0,546.33,NVIDIA GeForce RTX 3080,[N/A],Enabled,Enabled
1709217037.296555,0,GPU-b342434c-f6b6-7627-333e-da750a9991e6,0.15,0.5046875,10240.0,4898.0,546.33,NVIDIA GeForce RTX 3080,[N/A],Enabled,Enabled
1709217038.296443,0,GPU-b342434c-f6b6-7627-333e-da750a9991e6,0.09,0.45078125,10240.0,5450.0,546.33,NVIDIA GeForce RTX 3080,[N/A],Enabled,Enabled
1709217039.296349,0,GPU-b342434c-f6b6-7627-333e-da750a9991e6,0.09,0.44990234375,10240.0,5459.0,546.33,NVIDIA GeForce RTX 3080,[N/A],Enabled,Enabled
1709217040.2963,0,GPU-b342434c-f6b6-7627-333e-da750a9991e6,0.09,0.44970703125,10240.0,5461.0,546.33,NVIDIA GeForce RTX 3080,[N/A],Enabled,Enabled
1709217041.29609,0,GPU-b342434c-f6b6-7627-333e-da750a9991e6,0.06,0.33828125,10240.0,6602.0,546.33,NVIDIA GeForce RTX 3080,[N/A],Enabled,Enabled
1709217042.295621,0,GPU-b342434c-f6b6-7627-333e-da750a9991e6,0.15,0.44130859375,10240.0,5547.0,546.33,NVIDIA GeForce RTX 3080,[N/A],Enabled,Enabled
1709217043.295823,0,GPU-b342434c-f6b6-7627-333e-da750a9991e6,0.12,0.3953125,10240.0,6018.0,546.33,NVIDIA GeForce RTX 3080,[N/A],Enabled,Enabled
1709217044.296149,0,GPU-b342434c-f6b6-7627-333e-da750a9991e6,0.11,0.39140625,10240.0,6058.0,546.33,NVIDIA GeForce RTX 3080,[N/A],Enabled,Enabled
1709217045.296233,0,GPU-b342434c-f6b6-7627-333e-da750a9991e6,0.11,0.39140625,10240.0,6058.0,546.33,NVIDIA GeForce RTX 3080,[N/A],Enabled,Enabled
1709217046.296077,0,GPU-b342434c-f6b6-7627-333e-da750a9991e6,0.15,0.43515625,10240.0,5610.0,546.33,NVIDIA GeForce RTX 3080,[N/A],Enabled,Enabled
1709217047.296514,0,GPU-b342434c-f6b6-7627-333e-da750a9991e6,0.13,0.39619140625,10240.0,6009.0,546.33,NVIDIA GeForce RTX 3080,[N/A],Enabled,Enabled
1709217048.296108,0,GPU-b342434c-f6b6-7627-333e-da750a9991e6,0.13,0.39619140625,10240.0,6009.0,546.33,NVIDIA GeForce RTX 3080,[N/A],Enabled,Enabled
1709217049.295873,0,GPU-b342434c-f6b6-7627-333e-da750a9991e6,0.13,0.39609375,10240.0,6010.0,546.33,NVIDIA GeForce RTX 3080,[N/A],Enabled,Enabled
1709217050.296233,0,GPU-b342434c-f6b6-7627-333e-da750a9991e6,0.11,0.3923828125,10240.0,6048.0,546.33,NVIDIA GeForce RTX 3080,[N/A],Enabled,Enabled
1709217051.296135,0,GPU-b342434c-f6b6-7627-333e-da750a9991e6,0.12,0.39619140625,10240.0,6009.0,546.33,NVIDIA GeForce RTX 3080,[N/A],Enabled,Enabled
1709217052.295852,0,GPU-b342434c-f6b6-7627-333e-da750a9991e6,0.11,0.3923828125,10240.0,6048.0,546.33,NVIDIA GeForce RTX 3080,[N/A],Enabled,Enabled
1709217053.295779,0,GPU-b342434c-f6b6-7627-333e-da750a9991e6,0.11,0.39248046875,10240.0,6047.0,546.33,NVIDIA GeForce RTX 3080,[N/A],Enabled,Enabled
1709217054.296472,0,GPU-b342434c-f6b6-7627-333e-da750a9991e6,0.12,0.39619140625,10240.0,6009.0,546.33,NVIDIA GeForce RTX 3080,[N/A],Enabled,Enabled
1709217055.296299,0,GPU-b342434c-f6b6-7627-333e-da750a9991e6,0.12,0.39619140625,10240.0,6009.0,546.33,NVIDIA GeForce RTX 3080,[N/A],Enabled,Enabled
1709217056.295955,0,GPU-b342434c-f6b6-7627-333e-da750a9991e6,0.12,0.39619140625,10240.0,6009.0,546.33,NVIDIA GeForce RTX 3080,[N/A],Enabled,Enabled
1709217057.296697,0,GPU-b342434c-f6b6-7627-333e-da750a9991e6,0.12,0.39619140625,10240.0,6009.0,546.33,NVIDIA GeForce RTX 3080,[N/A],Enabled,Enabled
1709217058.296512,0,GPU-b342434c-f6b6-7627-333e-da750a9991e6,0.11,0.39248046875,10240.0,6047.0,546.33,NVIDIA GeForce RTX 3080,[N/A],Enabled,Enabled
1709217059.295725,0,GPU-b342434c-f6b6-7627-333e-da750a9991e6,0.11,0.39248046875,10240.0,6047.0,546.33,NVIDIA GeForce RTX 3080,[N/A],Enabled,Enabled
1709217060.295731,0,GPU-b342434c-f6b6-7627-333e-da750a9991e6,0.11,0.39248046875,10240.0,6047.0,546.33,NVIDIA GeForce RTX 3080,[N/A],Enabled,Enabled
1709217061.296074,0,GPU-b342434c-f6b6-7627-333e-da750a9991e6,0.11,0.39619140625,10240.0,6009.0,546.33,NVIDIA GeForce RTX 3080,[N/A],Enabled,Enabled
1709217062.296614,0,GPU-b342434c-f6b6-7627-333e-da750a9991e6,0.11,0.39248046875,10240.0,6047.0,546.33,NVIDIA GeForce RTX 3080,[N/A],Enabled,Enabled
1709217063.296104,0,GPU-b342434c-f6b6-7627-333e-da750a9991e6,0.11,0.39248046875,10240.0,6047.0,546.33,NVIDIA GeForce RTX 3080,[N/A],Enabled,Enabled
1709217064.296147,0,GPU-b342434c-f6b6-7627-333e-da750a9991e6,0.11,0.3927734375,10240.0,6044.0,546.33,NVIDIA GeForce RTX 3080,[N/A],Enabled,Enabled
1709217065.297308,0,GPU-b342434c-f6b6-7627-333e-da750a9991e6,0.14,0.40556640625,10240.0,5913.0,546.33,NVIDIA GeForce RTX 3080,[N/A],Enabled,Enabled
1709217066.296083,0,GPU-b342434c-f6b6-7627-333e-da750a9991e6,0.14,0.40556640625,10240.0,5913.0,546.33,NVIDIA GeForce RTX 3080,[N/A],Enabled,Enabled
1709217067.29604,0,GPU-b342434c-f6b6-7627-333e-da750a9991e6,0.13,0.40556640625,10240.0,5913.0,546.33,NVIDIA GeForce RTX 3080,[N/A],Enabled,Enabled
1709217068.296542,0,GPU-b342434c-f6b6-7627-333e-da750a9991e6,0.13,0.40556640625,10240.0,5913.0,546.33,NVIDIA GeForce RTX 3080,[N/A],Enabled,Enabled
1709217069.296776,0,GPU-b342434c-f6b6-7627-333e-da750a9991e6,0.14,0.40556640625,10240.0,5913.0,546.33,NVIDIA GeForce RTX 3080,[N/A],Enabled,Enabled
1709217070.295862,0,GPU-b342434c-f6b6-7627-333e-da750a9991e6,0.14,0.40556640625,10240.0,5913.0,546.33,NVIDIA GeForce RTX 3080,[N/A],Enabled,Enabled
1709217071.295843,0,GPU-b342434c-f6b6-7627-333e-da750a9991e6,0.13,0.40556640625,10240.0,5913.0,546.33,NVIDIA GeForce RTX 3080,[N/A],Enabled,Enabled
1709217072.295965,0,GPU-b342434c-f6b6-7627-333e-da750a9991e6,0.14,0.40556640625,10240.0,5913.0,546.33,NVIDIA GeForce RTX 3080,[N/A],Enabled,Enabled
1709217073.296524,0,GPU-b342434c-f6b6-7627-333e-da750a9991e6,0.14,0.40556640625,10240.0,5913.0,546.33,NVIDIA GeForce RTX 3080,[N/A],Enabled,Enabled
1709217074.296319,0,GPU-b342434c-f6b6-7627-333e-da750a9991e6,0.14,0.40556640625,10240.0,5913.0,546.33,NVIDIA GeForce RTX 3080,[N/A],Enabled,Enabled
1709217075.296694,0,GPU-b342434c-f6b6-7627-333e-da750a9991e6,0.14,0.40556640625,10240.0,5913.0,546.33,NVIDIA GeForce RTX 3080,[N/A],Enabled,Enabled
1709217076.296634,0,GPU-b342434c-f6b6-7627-333e-da750a9991e6,0.14,0.40556640625,10240.0,5913.0,546.33,NVIDIA GeForce RTX 3080,[N/A],Enabled,Enabled
1709217077.296047,0,GPU-b342434c-f6b6-7627-333e-da750a9991e6,0.14,0.40556640625,10240.0,5913.0,546.33,NVIDIA GeForce RTX 3080,[N/A],Enabled,Enabled
1709217078.296006,0,GPU-b342434c-f6b6-7627-333e-da750a9991e6,0.14,0.40556640625,10240.0,5913.0,546.33,NVIDIA GeForce RTX 3080,[N/A],Enabled,Enabled
1709217079.296226,0,GPU-b342434c-f6b6-7627-333e-da750a9991e6,0.14,0.40556640625,10240.0,5913.0,546.33,NVIDIA GeForce RTX 3080,[N/A],Enabled,Enabled
1709217080.296945,0,GPU-b342434c-f6b6-7627-333e-da750a9991e6,0.14,0.40556640625,10240.0,5913.0,546.33,NVIDIA GeForce RTX 3080,[N/A],Enabled,Enabled
1709217081.296237,0,GPU-b342434c-f6b6-7627-333e-da750a9991e6,0.14,0.40556640625,10240.0,5913.0,546.33,NVIDIA GeForce RTX 3080,[N/A],Enabled,Enabled
1709217082.296174,0,GPU-b342434c-f6b6-7627-333e-da750a9991e6,0.14,0.40556640625,10240.0,5913.0,546.33,NVIDIA GeForce RTX 3080,[N/A],Enabled,Enabled
1709217083.296151,0,GPU-b342434c-f6b6-7627-333e-da750a9991e6,0.14,0.40556640625,10240.0,5913.0,546.33,NVIDIA GeForce RTX 3080,[N/A],Enabled,Enabled
1709217084.296198,0,GPU-b342434c-f6b6-7627-333e-da750a9991e6,0.14,0.40556640625,10240.0,5913.0,546.33,NVIDIA GeForce RTX 3080,[N/A],Enabled,Enabled
1709217085.296109,0,GPU-b342434c-f6b6-7627-333e-da750a9991e6,0.14,0.40556640625,10240.0,5913.0,546.33,NVIDIA GeForce RTX 3080,[N/A],Enabled,Enabled
1709217086.296263,0,GPU-b342434c-f6b6-7627-333e-da750a9991e6,0.14,0.40556640625,10240.0,5913.0,546.33,NVIDIA GeForce RTX 3080,[N/A],Enabled,Enabled
1709217087.296473,0,GPU-b342434c-f6b6-7627-333e-da750a9991e6,0.14,0.40556640625,10240.0,5913.0,546.33,NVIDIA GeForce RTX 3080,[N/A],Enabled,Enabled
1709217088.295657,0,GPU-b342434c-f6b6-7627-333e-da750a9991e6,0.14,0.40556640625,10240.0,5913.0,546.33,NVIDIA GeForce RTX 3080,[N/A],Enabled,Enabled
1709217089.29587,0,GPU-b342434c-f6b6-7627-333e-da750a9991e6,0.14,0.40556640625,10240.0,5913.0,546.33,NVIDIA GeForce RTX 3080,[N/A],Enabled,Enabled
1709217090.296408,0,GPU-b342434c-f6b6-7627-333e-da750a9991e6,0.14,0.40556640625,10240.0,5913.0,546.33,NVIDIA GeForce RTX 3080,[N/A],Enabled,Enabled
1709217091.296152,0,GPU-b342434c-f6b6-7627-333e-da750a9991e6,0.14,0.40556640625,10240.0,5913.0,546.33,NVIDIA GeForce RTX 3080,[N/A],Enabled,Enabled
1709217092.296473,0,GPU-b342434c-f6b6-7627-333e-da750a9991e6,0.14,0.40556640625,10240.0,5913.0,546.33,NVIDIA GeForce RTX 3080,[N/A],Enabled,Enabled
1709217093.296046,0,GPU-b342434c-f6b6-7627-333e-da750a9991e6,0.15,0.40556640625,10240.0,5913.0,546.33,NVIDIA GeForce RTX 3080,[N/A],Enabled,Enabled
1709217094.296075,0,GPU-b342434c-f6b6-7627-333e-da750a9991e6,0.15,0.40556640625,10240.0,5913.0,546.33,NVIDIA GeForce RTX 3080,[N/A],Enabled,Enabled
1709217095.296158,0,GPU-b342434c-f6b6-7627-333e-da750a9991e6,0.14,0.40556640625,10240.0,5913.0,546.33,NVIDIA GeForce RTX 3080,[N/A],Enabled,Enabled
1709217096.296319,0,GPU-b342434c-f6b6-7627-333e-da750a9991e6,0.14,0.40556640625,10240.0,5913.0,546.33,NVIDIA GeForce RTX 3080,[N/A],Enabled,Enabled
1709217097.296095,0,GPU-b342434c-f6b6-7627-333e-da750a9991e6,0.15,0.40556640625,10240.0,5913.0,546.33,NVIDIA GeForce RTX 3080,[N/A],Enabled,Enabled
1709217098.296299,0,GPU-b342434c-f6b6-7627-333e-da750a9991e6,0.15,0.40556640625,10240.0,5913.0,546.33,NVIDIA GeForce RTX 3080,[N/A],Enabled,Enabled
1709217099.296857,0,GPU-b342434c-f6b6-7627-333e-da750a9991e6,0.15,0.40556640625,10240.0,5913.0,546.33,NVIDIA GeForce RTX 3080,[N/A],Enabled,Enabled
1709217100.296513,0,GPU-b342434c-f6b6-7627-333e-da750a9991e6,0.15,0.40556640625,10240.0,5913.0,546.33,NVIDIA GeForce RTX 3080,[N/A],Enabled,Enabled
1709217101.296774,0,GPU-b342434c-f6b6-7627-333e-da750a9991e6,0.14,0.40556640625,10240.0,5913.0,546.33,NVIDIA GeForce RTX 3080,[N/A],Enabled,Enabled
1709217102.295706,0,GPU-b342434c-f6b6-7627-333e-da750a9991e6,0.14,0.40556640625,10240.0,5913.0,546.33,NVIDIA GeForce RTX 3080,[N/A],Enabled,Enabled
1709217103.29642,0,GPU-b342434c-f6b6-7627-333e-da750a9991e6,0.15,0.40556640625,10240.0,5913.0,546.33,NVIDIA GeForce RTX 3080,[N/A],Enabled,Enabled
1709217104.295697,0,GPU-b342434c-f6b6-7627-333e-da750a9991e6,0.14,0.40556640625,10240.0,5913.0,546.33,NVIDIA GeForce RTX 3080,[N/A],Enabled,Enabled
1709217105.296504,0,GPU-b342434c-f6b6-7627-333e-da750a9991e6,0.15,0.40556640625,10240.0,5913.0,546.33,NVIDIA GeForce RTX 3080,[N/A],Enabled,Enabled
1709217106.296468,0,GPU-b342434c-f6b6-7627-333e-da750a9991e6,0.14,0.40556640625,10240.0,5913.0,546.33,NVIDIA GeForce RTX 3080,[N/A],Enabled,Enabled
1709217107.296167,0,GPU-b342434c-f6b6-7627-333e-da750a9991e6,0.14,0.40556640625,10240.0,5913.0,546.33,NVIDIA GeForce RTX 3080,[N/A],Enabled,Enabled
1709217108.296377,0,GPU-b342434c-f6b6-7627-333e-da750a9991e6,0.15,0.40556640625,10240.0,5913.0,546.33,NVIDIA GeForce RTX 3080,[N/A],Enabled,Enabled
1709217109.296143,0,GPU-b342434c-f6b6-7627-333e-da750a9991e6,0.15,0.40556640625,10240.0,5913.0,546.33,NVIDIA GeForce RTX 3080,[N/A],Enabled,Enabled
1709217110.296083,0,GPU-b342434c-f6b6-7627-333e-da750a9991e6,0.14,0.40556640625,10240.0,5913.0,546.33,NVIDIA GeForce RTX 3080,[N/A],Enabled,Enabled
1709217111.296231,0,GPU-b342434c-f6b6-7627-333e-da750a9991e6,0.14,0.40556640625,10240.0,5913.0,546.33,NVIDIA GeForce RTX 3080,[N/A],Enabled,Enabled
1709217112.296819,0,GPU-b342434c-f6b6-7627-333e-da750a9991e6,0.15,0.40556640625,10240.0,5913.0,546.33,NVIDIA GeForce RTX 3080,[N/A],Enabled,Enabled
1709217113.297065,0,GPU-b342434c-f6b6-7627-333e-da750a9991e6,0.15,0.40556640625,10240.0,5913.0,546.33,NVIDIA GeForce RTX 3080,[N/A],Enabled,Enabled
1709217114.295821,0,GPU-b342434c-f6b6-7627-333e-da750a9991e6,0.14,0.40556640625,10240.0,5913.0,546.33,NVIDIA GeForce RTX 3080,[N/A],Enabled,Enabled
1709217115.296561,0,GPU-b342434c-f6b6-7627-333e-da750a9991e6,0.15,0.40556640625,10240.0,5913.0,546.33,NVIDIA GeForce RTX 3080,[N/A],Enabled,Enabled
1709217116.296341,0,GPU-b342434c-f6b6-7627-333e-da750a9991e6,0.15,0.40556640625,10240.0,5913.0,546.33,NVIDIA GeForce RTX 3080,[N/A],Enabled,Enabled
1709217117.296219,0,GPU-b342434c-f6b6-7627-333e-da750a9991e6,0.14,0.40556640625,10240.0,5913.0,546.33,NVIDIA GeForce RTX 3080,[N/A],Enabled,Enabled
1709217118.29585,0,GPU-b342434c-f6b6-7627-333e-da750a9991e6,0.15,0.40556640625,10240.0,5913.0,546.33,NVIDIA GeForce RTX 3080,[N/A],Enabled,Enabled
1709217119.29652,0,GPU-b342434c-f6b6-7627-333e-da750a9991e6,0.15,0.40556640625,10240.0,5913.0,546.33,NVIDIA GeForce RTX 3080,[N/A],Enabled,Enabled
1709217120.295834,0,GPU-b342434c-f6b6-7627-333e-da750a9991e6,0.15,0.40556640625,10240.0,5913.0,546.33,NVIDIA GeForce RTX 3080,[N/A],Enabled,Enabled
1709217121.296197,0,GPU-b342434c-f6b6-7627-333e-da750a9991e6,0.15,0.40556640625,10240.0,5913.0,546.33,NVIDIA GeForce RTX 3080,[N/A],Enabled,Enabled
1709217122.295923,0,GPU-b342434c-f6b6-7627-333e-da750a9991e6,0.14,0.40556640625,10240.0,5913.0,546.33,NVIDIA GeForce RTX 3080,[N/A],Enabled,Enabled
1709217123.296701,0,GPU-b342434c-f6b6-7627-333e-da750a9991e6,0.15,0.40556640625,10240.0,5913.0,546.33,NVIDIA GeForce RTX 3080,[N/A],Enabled,Enabled
1709217124.296049,0,GPU-b342434c-f6b6-7627-333e-da750a9991e6,0.15,0.40556640625,10240.0,5913.0,546.33,NVIDIA GeForce RTX 3080,[N/A],Enabled,Enabled
1709217125.295998,0,GPU-b342434c-f6b6-7627-333e-da750a9991e6,0.15,0.40556640625,10240.0,5913.0,546.33,NVIDIA GeForce RTX 3080,[N/A],Enabled,Enabled
1709217126.296053,0,GPU-b342434c-f6b6-7627-333e-da750a9991e6,0.14,0.40556640625,10240.0,5913.0,546.33,NVIDIA GeForce RTX 3080,[N/A],Enabled,Enabled
1709217127.296213,0,GPU-b342434c-f6b6-7627-333e-da750a9991e6,0.15,0.40556640625,10240.0,5913.0,546.33,NVIDIA GeForce RTX 3080,[N/A],Enabled,Enabled
1709217128.296806,0,GPU-b342434c-f6b6-7627-333e-da750a9991e6,0.14,0.40556640625,10240.0,5913.0,546.33,NVIDIA GeForce RTX 3080,[N/A],Enabled,Enabled
1709217129.296226,0,GPU-b342434c-f6b6-7627-333e-da750a9991e6,0.15,0.40556640625,10240.0,5913.0,546.33,NVIDIA GeForce RTX 3080,[N/A],Enabled,Enabled
1709217130.297162,0,GPU-b342434c-f6b6-7627-333e-da750a9991e6,0.15,0.40556640625,10240.0,5913.0,546.33,NVIDIA GeForce RTX 3080,[N/A],Enabled,Enabled
1709217131.296557,0,GPU-b342434c-f6b6-7627-333e-da750a9991e6,0.14,0.40556640625,10240.0,5913.0,546.33,NVIDIA GeForce RTX 3080,[N/A],Enabled,Enabled
1709217132.296364,0,GPU-b342434c-f6b6-7627-333e-da750a9991e6,0.14,0.40556640625,10240.0,5913.0,546.33,NVIDIA GeForce RTX 3080,[N/A],Enabled,Enabled
1709217133.296778,0,GPU-b342434c-f6b6-7627-333e-da750a9991e6,0.15,0.40556640625,10240.0,5913.0,546.33,NVIDIA GeForce RTX 3080,[N/A],Enabled,Enabled
1709217134.296052,0,GPU-b342434c-f6b6-7627-333e-da750a9991e6,0.15,0.40556640625,10240.0,5913.0,546.33,NVIDIA GeForce RTX 3080,[N/A],Enabled,Enabled
1709217135.296008,0,GPU-b342434c-f6b6-7627-333e-da750a9991e6,0.14,0.40556640625,10240.0,5913.0,546.33,NVIDIA GeForce RTX 3080,[N/A],Enabled,Enabled
1709217136.296342,0,GPU-b342434c-f6b6-7627-333e-da750a9991e6,0.15,0.40556640625,10240.0,5913.0,546.33,NVIDIA GeForce RTX 3080,[N/A],Enabled,Enabled
1709217137.295904,0,GPU-b342434c-f6b6-7627-333e-da750a9991e6,0.15,0.40556640625,10240.0,5913.0,546.33,NVIDIA GeForce RTX 3080,[N/A],Enabled,Enabled
1709217138.295985,0,GPU-b342434c-f6b6-7627-333e-da750a9991e6,0.15,0.40556640625,10240.0,5913.0,546.33,NVIDIA GeForce RTX 3080,[N/A],Enabled,Enabled
1709217139.296196,0,GPU-b342434c-f6b6-7627-333e-da750a9991e6,0.14,0.40556640625,10240.0,5913.0,546.33,NVIDIA GeForce RTX 3080,[N/A],Enabled,Enabled
1709217140.295984,0,GPU-b342434c-f6b6-7627-333e-da750a9991e6,0.14,0.40556640625,10240.0,5913.0,546.33,NVIDIA GeForce RTX 3080,[N/A],Enabled,Enabled
1709217141.297006,0,GPU-b342434c-f6b6-7627-333e-da750a9991e6,0.15,0.40556640625,10240.0,5913.0,546.33,NVIDIA GeForce RTX 3080,[N/A],Enabled,Enabled
1709217142.296316,0,GPU-b342434c-f6b6-7627-333e-da750a9991e6,0.14,0.40556640625,10240.0,5913.0,546.33,NVIDIA GeForce RTX 3080,[N/A],Enabled,Enabled
1709217143.296477,0,GPU-b342434c-f6b6-7627-333e-da750a9991e6,0.14,0.40556640625,10240.0,5913.0,546.33,NVIDIA GeForce RTX 3080,[N/A],Enabled,Enabled
1709217144.296326,0,GPU-b342434c-f6b6-7627-333e-da750a9991e6,0.14,0.40556640625,10240.0,5913.0,546.33,NVIDIA GeForce RTX 3080,[N/A],Enabled,Enabled
1709217145.296181,0,GPU-b342434c-f6b6-7627-333e-da750a9991e6,0.15,0.40556640625,10240.0,5913.0,546.33,NVIDIA GeForce RTX 3080,[N/A],Enabled,Enabled
1709217146.2961,0,GPU-b342434c-f6b6-7627-333e-da750a9991e6,0.13,0.40556640625,10240.0,5913.0,546.33,NVIDIA GeForce RTX 3080,[N/A],Enabled,Enabled
1709217147.296206,0,GPU-b342434c-f6b6-7627-333e-da750a9991e6,0.14,0.40556640625,10240.0,5913.0,546.33,NVIDIA GeForce RTX 3080,[N/A],Enabled,Enabled
1709217148.296707,0,GPU-b342434c-f6b6-7627-333e-da750a9991e6,0.13,0.40556640625,10240.0,5913.0,546.33,NVIDIA GeForce RTX 3080,[N/A],Enabled,Enabled
1709217149.295751,0,GPU-b342434c-f6b6-7627-333e-da750a9991e6,0.14,0.40556640625,10240.0,5913.0,546.33,NVIDIA GeForce RTX 3080,[N/A],Enabled,Enabled
1709217150.296,0,GPU-b342434c-f6b6-7627-333e-da750a9991e6,0.14,0.40556640625,10240.0,5913.0,546.33,NVIDIA GeForce RTX 3080,[N/A],Enabled,Enabled
1709217151.296408,0,GPU-b342434c-f6b6-7627-333e-da750a9991e6,0.14,0.40556640625,10240.0,5913.0,546.33,NVIDIA GeForce RTX 3080,[N/A],Enabled,Enabled
1709217152.296889,0,GPU-b342434c-f6b6-7627-333e-da750a9991e6,0.14,0.40556640625,10240.0,5913.0,546.33,NVIDIA GeForce RTX 3080,[N/A],Enabled,Enabled
1709217153.295669,0,GPU-b342434c-f6b6-7627-333e-da750a9991e6,0.14,0.40556640625,10240.0,5913.0,546.33,NVIDIA GeForce RTX 3080,[N/A],Enabled,Enabled
1709217154.296617,0,GPU-b342434c-f6b6-7627-333e-da750a9991e6,0.13,0.40556640625,10240.0,5913.0,546.33,NVIDIA GeForce RTX 3080,[N/A],Enabled,Enabled
1709217155.296235,0,GPU-b342434c-f6b6-7627-333e-da750a9991e6,0.14,0.40556640625,10240.0,5913.0,546.33,NVIDIA GeForce RTX 3080,[N/A],Enabled,Enabled
1709217156.296188,0,GPU-b342434c-f6b6-7627-333e-da750a9991e6,0.14,0.40556640625,10240.0,5913.0,546.33,NVIDIA GeForce RTX 3080,[N/A],Enabled,Enabled
1709217157.295892,0,GPU-b342434c-f6b6-7627-333e-da750a9991e6,0.14,0.40556640625,10240.0,5913.0,546.33,NVIDIA GeForce RTX 3080,[N/A],Enabled,Enabled
1709217158.29619,0,GPU-b342434c-f6b6-7627-333e-da750a9991e6,0.14,0.40556640625,10240.0,5913.0,546.33,NVIDIA GeForce RTX 3080,[N/A],Enabled,Enabled
1709217159.296765,0,GPU-b342434c-f6b6-7627-333e-da750a9991e6,0.14,0.40556640625,10240.0,5913.0,546.33,NVIDIA GeForce RTX 3080,[N/A],Enabled,Enabled
1709217160.295815,0,GPU-b342434c-f6b6-7627-333e-da750a9991e6,0.14,0.40556640625,10240.0,5913.0,546.33,NVIDIA GeForce RTX 3080,[N/A],Enabled,Enabled
1709217161.296262,0,GPU-b342434c-f6b6-7627-333e-da750a9991e6,0.14,0.40556640625,10240.0,5913.0,546.33,NVIDIA GeForce RTX 3080,[N/A],Enabled,Enabled
1709217162.296394,0,GPU-b342434c-f6b6-7627-333e-da750a9991e6,0.15,0.40556640625,10240.0,5913.0,546.33,NVIDIA GeForce RTX 3080,[N/A],Enabled,Enabled
1709217163.296231,0,GPU-b342434c-f6b6-7627-333e-da750a9991e6,0.14,0.40556640625,10240.0,5913.0,546.33,NVIDIA GeForce RTX 3080,[N/A],Enabled,Enabled
1709217164.296022,0,GPU-b342434c-f6b6-7627-333e-da750a9991e6,0.14,0.40556640625,10240.0,5913.0,546.33,NVIDIA GeForce RTX 3080,[N/A],Enabled,Enabled
1709217165.296861,0,GPU-b342434c-f6b6-7627-333e-da750a9991e6,0.14,0.40556640625,10240.0,5913.0,546.33,NVIDIA GeForce RTX 3080,[N/A],Enabled,Enabled
1709217166.296583,0,GPU-b342434c-f6b6-7627-333e-da750a9991e6,0.14,0.40556640625,10240.0,5913.0,546.33,NVIDIA GeForce RTX 3080,[N/A],Enabled,Enabled
1709217167.295716,0,GPU-b342434c-f6b6-7627-333e-da750a9991e6,0.14,0.40556640625,10240.0,5913.0,546.33,NVIDIA GeForce RTX 3080,[N/A],Enabled,Enabled
1709217168.295895,0,GPU-b342434c-f6b6-7627-333e-da750a9991e6,0.14,0.40556640625,10240.0,5913.0,546.33,NVIDIA GeForce RTX 3080,[N/A],Enabled,Enabled
1709217169.296459,0,GPU-b342434c-f6b6-7627-333e-da750a9991e6,0.13,0.40556640625,10240.0,5913.0,546.33,NVIDIA GeForce RTX 3080,[N/A],Enabled,Enabled
1709217170.29653,0,GPU-b342434c-f6b6-7627-333e-da750a9991e6,0.14,0.40556640625,10240.0,5913.0,546.33,NVIDIA GeForce RTX 3080,[N/A],Enabled,Enabled
1709217171.296883,0,GPU-b342434c-f6b6-7627-333e-da750a9991e6,0.15,0.40556640625,10240.0,5913.0,546.33,NVIDIA GeForce RTX 3080,[N/A],Enabled,Enabled
1709217172.296712,0,GPU-b342434c-f6b6-7627-333e-da750a9991e6,0.14,0.40556640625,10240.0,5913.0,546.33,NVIDIA GeForce RTX 3080,[N/A],Enabled,Enabled
1709217173.296334,0,GPU-b342434c-f6b6-7627-333e-da750a9991e6,0.14,0.40556640625,10240.0,5913.0,546.33,NVIDIA GeForce RTX 3080,[N/A],Enabled,Enabled
1709217174.296277,0,GPU-b342434c-f6b6-7627-333e-da750a9991e6,0.14,0.40556640625,10240.0,5913.0,546.33,NVIDIA GeForce RTX 3080,[N/A],Enabled,Enabled
1709217175.296327,0,GPU-b342434c-f6b6-7627-333e-da750a9991e6,0.14,0.40556640625,10240.0,5913.0,546.33,NVIDIA GeForce RTX 3080,[N/A],Enabled,Enabled
1709217176.296228,0,GPU-b342434c-f6b6-7627-333e-da750a9991e6,0.14,0.40556640625,10240.0,5913.0,546.33,NVIDIA GeForce RTX 3080,[N/A],Enabled,Enabled
1709217177.296089,0,GPU-b342434c-f6b6-7627-333e-da750a9991e6,0.14,0.40556640625,10240.0,5913.0,546.33,NVIDIA GeForce RTX 3080,[N/A],Enabled,Enabled
1709217178.296458,0,GPU-b342434c-f6b6-7627-333e-da750a9991e6,0.14,0.40556640625,10240.0,5913.0,546.33,NVIDIA GeForce RTX 3080,[N/A],Enabled,Enabled
1709217179.296346,0,GPU-b342434c-f6b6-7627-333e-da750a9991e6,0.14,0.40556640625,10240.0,5913.0,546.33,NVIDIA GeForce RTX 3080,[N/A],Enabled,Enabled
1709217180.295714,0,GPU-b342434c-f6b6-7627-333e-da750a9991e6,0.14,0.40556640625,10240.0,5913.0,546.33,NVIDIA GeForce RTX 3080,[N/A],Enabled,Enabled
1709217181.296574,0,GPU-b342434c-f6b6-7627-333e-da750a9991e6,0.13,0.40556640625,10240.0,5913.0,546.33,NVIDIA GeForce RTX 3080,[N/A],Enabled,Enabled
1709217182.296005,0,GPU-b342434c-f6b6-7627-333e-da750a9991e6,0.15,0.40556640625,10240.0,5913.0,546.33,NVIDIA GeForce RTX 3080,[N/A],Enabled,Enabled
1709217183.296214,0,GPU-b342434c-f6b6-7627-333e-da750a9991e6,0.15,0.40556640625,10240.0,5913.0,546.33,NVIDIA GeForce RTX 3080,[N/A],Enabled,Enabled
1709217184.296509,0,GPU-b342434c-f6b6-7627-333e-da750a9991e6,0.15,0.40556640625,10240.0,5913.0,546.33,NVIDIA GeForce RTX 3080,[N/A],Enabled,Enabled
1709217185.296539,0,GPU-b342434c-f6b6-7627-333e-da750a9991e6,0.14,0.40556640625,10240.0,5913.0,546.33,NVIDIA GeForce RTX 3080,[N/A],Enabled,Enabled
1709217186.296482,0,GPU-b342434c-f6b6-7627-333e-da750a9991e6,0.14,0.40361328125,10240.0,5933.0,546.33,NVIDIA GeForce RTX 3080,[N/A],Enabled,Enabled
1709217187.295984,0,GPU-b342434c-f6b6-7627-333e-da750a9991e6,0.14,0.40361328125,10240.0,5933.0,546.33,NVIDIA GeForce RTX 3080,[N/A],Enabled,Enabled
1709217188.296227,0,GPU-b342434c-f6b6-7627-333e-da750a9991e6,0.17,0.40263671875,10240.0,5943.0,546.33,NVIDIA GeForce RTX 3080,[N/A],Enabled,Enabled
1709217189.296084,0,GPU-b342434c-f6b6-7627-333e-da750a9991e6,0.17,0.4001953125,10240.0,5968.0,546.33,NVIDIA GeForce RTX 3080,[N/A],Enabled,Enabled
1709217190.296669,0,GPU-b342434c-f6b6-7627-333e-da750a9991e6,0.15,0.39990234375,10240.0,5971.0,546.33,NVIDIA GeForce RTX 3080,[N/A],Enabled,Enabled
1709217191.296593,0,GPU-b342434c-f6b6-7627-333e-da750a9991e6,0.17,0.39990234375,10240.0,5971.0,546.33,NVIDIA GeForce RTX 3080,[N/A],Enabled,Enabled
1709217192.296004,0,GPU-b342434c-f6b6-7627-333e-da750a9991e6,0.15,0.40302734375,10240.0,5939.0,546.33,NVIDIA GeForce RTX 3080,[N/A],Enabled,Enabled
1709217193.296354,0,GPU-b342434c-f6b6-7627-333e-da750a9991e6,0.18,0.40390625,10240.0,5930.0,546.33,NVIDIA GeForce RTX 3080,[N/A],Enabled,Enabled
1709217194.296116,0,GPU-b342434c-f6b6-7627-333e-da750a9991e6,0.16,0.40361328125,10240.0,5933.0,546.33,NVIDIA GeForce RTX 3080,[N/A],Enabled,Enabled
1709217195.296921,0,GPU-b342434c-f6b6-7627-333e-da750a9991e6,0.15,0.40361328125,10240.0,5933.0,546.33,NVIDIA GeForce RTX 3080,[N/A],Enabled,Enabled
1709217196.296115,0,GPU-b342434c-f6b6-7627-333e-da750a9991e6,0.16,0.40361328125,10240.0,5933.0,546.33,NVIDIA GeForce RTX 3080,[N/A],Enabled,Enabled
1709217197.296579,0,GPU-b342434c-f6b6-7627-333e-da750a9991e6,0.14,0.40244140625,10240.0,5945.0,546.33,NVIDIA GeForce RTX 3080,[N/A],Enabled,Enabled
1709217198.296102,0,GPU-b342434c-f6b6-7627-333e-da750a9991e6,0.15,0.40244140625,10240.0,5945.0,546.33,NVIDIA GeForce RTX 3080,[N/A],Enabled,Enabled
1709217199.296215,0,GPU-b342434c-f6b6-7627-333e-da750a9991e6,0.16,0.33154296875,10240.0,6671.0,546.33,NVIDIA GeForce RTX 3080,[N/A],Enabled,Enabled
1709217200.296179,0,GPU-b342434c-f6b6-7627-333e-da750a9991e6,0.17,0.33076171875,10240.0,6679.0,546.33,NVIDIA GeForce RTX 3080,[N/A],Enabled,Enabled
1709217201.295963,0,GPU-b342434c-f6b6-7627-333e-da750a9991e6,0.16,0.33134765625,10240.0,6673.0,546.33,NVIDIA GeForce RTX 3080,[N/A],Enabled,Enabled
