timestamp,id,uuid,load,memoryUtil,memoryTotal,memoryUsed,memoryFree,driver,name,serial,display_mode,display_active
1701813458.342403,0,GPU-93ae0c7f-c327-aee3-adae-bc0d1dae71ea,0.09,0.35881778212017584,12282.0,7618.0,546.29,NVIDIA GeForce RTX 4070,[N/A],Enabled,Enabled
1701813459.337653,0,GPU-93ae0c7f-c327-aee3-adae-bc0d1dae71ea,0.09,0.36020192151115454,12282.0,7601.0,546.29,NVIDIA GeForce RTX 4070,[N/A],Enabled,Enabled
1701813460.33762,0,GPU-93ae0c7f-c327-aee3-adae-bc0d1dae71ea,0.11,0.4514737013515714,12282.0,6480.0,546.29,NVIDIA GeForce RTX 4070,[N/A],Enabled,Enabled
1701813461.338028,0,GPU-93ae0c7f-c327-aee3-adae-bc0d1dae71ea,0.29,0.4746783911415079,12282.0,6195.0,546.29,NVIDIA GeForce RTX 4070,[N/A],Enabled,Enabled
1701813462.337996,0,GPU-93ae0c7f-c327-aee3-adae-bc0d1dae71ea,0.28,0.4746783911415079,12282.0,6195.0,546.29,NVIDIA GeForce RTX 4070,[N/A],Enabled,Enabled
1701813463.33745,0,GPU-93ae0c7f-c327-aee3-adae-bc0d1dae71ea,0.25,0.4703631330402215,12282.0,6248.0,546.29,NVIDIA GeForce RTX 4070,[N/A],Enabled,Enabled
1701813464.338042,0,GPU-93ae0c7f-c327-aee3-adae-bc0d1dae71ea,0.26,0.4746783911415079,12282.0,6195.0,546.29,NVIDIA GeForce RTX 4070,[N/A],Enabled,Enabled
1701813465.337154,0,GPU-93ae0c7f-c327-aee3-adae-bc0d1dae71ea,0.28,0.4759811105683113,12282.0,6179.0,546.29,NVIDIA GeForce RTX 4070,[N/A],Enabled,Enabled
1701813466.337927,0,GPU-93ae0c7f-c327-aee3-adae-bc0d1dae71ea,0.32,0.4759811105683113,12282.0,6179.0,546.29,NVIDIA GeForce RTX 4070,[N/A],Enabled,Enabled
1701813467.337364,0,GPU-93ae0c7f-c327-aee3-adae-bc0d1dae71ea,0.27,0.4716658524670249,12282.0,6232.0,546.29,NVIDIA GeForce RTX 4070,[N/A],Enabled,Enabled
1701813468.337445,0,GPU-93ae0c7f-c327-aee3-adae-bc0d1dae71ea,0.28,0.47541117081908485,12282.0,6186.0,546.29,NVIDIA GeForce RTX 4070,[N/A],Enabled,Enabled
1701813469.337368,0,GPU-93ae0c7f-c327-aee3-adae-bc0d1dae71ea,0.28,0.4710959127177984,12282.0,6239.0,546.29,NVIDIA GeForce RTX 4070,[N/A],Enabled,Enabled
1701813470.337505,0,GPU-93ae0c7f-c327-aee3-adae-bc0d1dae71ea,0.31,0.47500407099820874,12282.0,6191.0,546.29,NVIDIA GeForce RTX 4070,[N/A],Enabled,Enabled
1701813471.338026,0,GPU-93ae0c7f-c327-aee3-adae-bc0d1dae71ea,0.26,0.4749226510340335,12282.0,6192.0,546.29,NVIDIA GeForce RTX 4070,[N/A],Enabled,Enabled
1701813472.338593,0,GPU-93ae0c7f-c327-aee3-adae-bc0d1dae71ea,0.28,0.4706888128969223,12282.0,6244.0,546.29,NVIDIA GeForce RTX 4070,[N/A],Enabled,Enabled
1701813473.337436,0,GPU-93ae0c7f-c327-aee3-adae-bc0d1dae71ea,0.27,0.4706888128969223,12282.0,6244.0,546.29,NVIDIA GeForce RTX 4070,[N/A],Enabled,Enabled
1701813474.337383,0,GPU-93ae0c7f-c327-aee3-adae-bc0d1dae71ea,0.27,0.4706888128969223,12282.0,6244.0,546.29,NVIDIA GeForce RTX 4070,[N/A],Enabled,Enabled
1701813475.337466,0,GPU-93ae0c7f-c327-aee3-adae-bc0d1dae71ea,0.27,0.4706888128969223,12282.0,6244.0,546.29,NVIDIA GeForce RTX 4070,[N/A],Enabled,Enabled
1701813476.337123,0,GPU-93ae0c7f-c327-aee3-adae-bc0d1dae71ea,0.3,0.4749226510340335,12282.0,6192.0,546.29,NVIDIA GeForce RTX 4070,[N/A],Enabled,Enabled
1701813477.33824,0,GPU-93ae0c7f-c327-aee3-adae-bc0d1dae71ea,0.34,0.47866796938609346,12282.0,6146.0,546.29,NVIDIA GeForce RTX 4070,[N/A],Enabled,Enabled
1701813478.337528,0,GPU-93ae0c7f-c327-aee3-adae-bc0d1dae71ea,0.38,0.47866796938609346,12282.0,6146.0,546.29,NVIDIA GeForce RTX 4070,[N/A],Enabled,Enabled
1701813479.33804,0,GPU-93ae0c7f-c327-aee3-adae-bc0d1dae71ea,0.4,0.47866796938609346,12282.0,6146.0,546.29,NVIDIA GeForce RTX 4070,[N/A],Enabled,Enabled
1701813480.337634,0,GPU-93ae0c7f-c327-aee3-adae-bc0d1dae71ea,0.43,0.47866796938609346,12282.0,6146.0,546.29,NVIDIA GeForce RTX 4070,[N/A],Enabled,Enabled
1701813481.337815,0,GPU-93ae0c7f-c327-aee3-adae-bc0d1dae71ea,0.38,0.47850512945774304,12282.0,6148.0,546.29,NVIDIA GeForce RTX 4070,[N/A],Enabled,Enabled
1701813482.337477,0,GPU-93ae0c7f-c327-aee3-adae-bc0d1dae71ea,0.43,0.47850512945774304,12282.0,6148.0,546.29,NVIDIA GeForce RTX 4070,[N/A],Enabled,Enabled
1701813483.337138,0,GPU-93ae0c7f-c327-aee3-adae-bc0d1dae71ea,0.4,0.47850512945774304,12282.0,6148.0,546.29,NVIDIA GeForce RTX 4070,[N/A],Enabled,Enabled
1701813484.337573,0,GPU-93ae0c7f-c327-aee3-adae-bc0d1dae71ea,0.42,0.48054062856212343,12282.0,6123.0,546.29,NVIDIA GeForce RTX 4070,[N/A],Enabled,Enabled
1701813485.337756,0,GPU-93ae0c7f-c327-aee3-adae-bc0d1dae71ea,0.4,0.4802149487054226,12282.0,6127.0,546.29,NVIDIA GeForce RTX 4070,[N/A],Enabled,Enabled
1701813486.337864,0,GPU-93ae0c7f-c327-aee3-adae-bc0d1dae71ea,0.4,0.4802149487054226,12282.0,6127.0,546.29,NVIDIA GeForce RTX 4070,[N/A],Enabled,Enabled
1701813487.337364,0,GPU-93ae0c7f-c327-aee3-adae-bc0d1dae71ea,0.42,0.4802149487054226,12282.0,6127.0,546.29,NVIDIA GeForce RTX 4070,[N/A],Enabled,Enabled
1701813488.337849,0,GPU-93ae0c7f-c327-aee3-adae-bc0d1dae71ea,0.4,0.48005210877707216,12282.0,6129.0,546.29,NVIDIA GeForce RTX 4070,[N/A],Enabled,Enabled
1701813489.337331,0,GPU-93ae0c7f-c327-aee3-adae-bc0d1dae71ea,0.43,0.4794007490636704,12282.0,6137.0,546.29,NVIDIA GeForce RTX 4070,[N/A],Enabled,Enabled
1701813490.337901,0,GPU-93ae0c7f-c327-aee3-adae-bc0d1dae71ea,0.43,0.4801335287412474,12282.0,6128.0,546.29,NVIDIA GeForce RTX 4070,[N/A],Enabled,Enabled
1701813491.33797,0,GPU-93ae0c7f-c327-aee3-adae-bc0d1dae71ea,0.42,0.4801335287412474,12282.0,6128.0,546.29,NVIDIA GeForce RTX 4070,[N/A],Enabled,Enabled
1701813492.338101,0,GPU-93ae0c7f-c327-aee3-adae-bc0d1dae71ea,0.44,0.4801335287412474,12282.0,6128.0,546.29,NVIDIA GeForce RTX 4070,[N/A],Enabled,Enabled
1701813493.338061,0,GPU-93ae0c7f-c327-aee3-adae-bc0d1dae71ea,0.41,0.4801335287412474,12282.0,6128.0,546.29,NVIDIA GeForce RTX 4070,[N/A],Enabled,Enabled
1701813494.337113,0,GPU-93ae0c7f-c327-aee3-adae-bc0d1dae71ea,0.43,0.4801335287412474,12282.0,6128.0,546.29,NVIDIA GeForce RTX 4070,[N/A],Enabled,Enabled
1701813495.337995,0,GPU-93ae0c7f-c327-aee3-adae-bc0d1dae71ea,0.4,0.4791564891711448,12282.0,6140.0,546.29,NVIDIA GeForce RTX 4070,[N/A],Enabled,Enabled
1701813496.338039,0,GPU-93ae0c7f-c327-aee3-adae-bc0d1dae71ea,0.44,0.4790750692069696,12282.0,6141.0,546.29,NVIDIA GeForce RTX 4070,[N/A],Enabled,Enabled
1701813497.338524,0,GPU-93ae0c7f-c327-aee3-adae-bc0d1dae71ea,0.42,0.4793193290994952,12282.0,6138.0,546.29,NVIDIA GeForce RTX 4070,[N/A],Enabled,Enabled
1701813498.337068,0,GPU-93ae0c7f-c327-aee3-adae-bc0d1dae71ea,0.44,0.48054062856212343,12282.0,6123.0,546.29,NVIDIA GeForce RTX 4070,[N/A],Enabled,Enabled
1701813499.338288,0,GPU-93ae0c7f-c327-aee3-adae-bc0d1dae71ea,0.41,0.4804592085979482,12282.0,6124.0,546.29,NVIDIA GeForce RTX 4070,[N/A],Enabled,Enabled
1701813500.337715,0,GPU-93ae0c7f-c327-aee3-adae-bc0d1dae71ea,0.44,0.48054062856212343,12282.0,6123.0,546.29,NVIDIA GeForce RTX 4070,[N/A],Enabled,Enabled
1701813501.337284,0,GPU-93ae0c7f-c327-aee3-adae-bc0d1dae71ea,0.45,0.48054062856212343,12282.0,6123.0,546.29,NVIDIA GeForce RTX 4070,[N/A],Enabled,Enabled
1701813502.338174,0,GPU-93ae0c7f-c327-aee3-adae-bc0d1dae71ea,0.43,0.480377788633773,12282.0,6125.0,546.29,NVIDIA GeForce RTX 4070,[N/A],Enabled,Enabled
1701813503.338553,0,GPU-93ae0c7f-c327-aee3-adae-bc0d1dae71ea,0.46,0.4804592085979482,12282.0,6124.0,546.29,NVIDIA GeForce RTX 4070,[N/A],Enabled,Enabled
1701813504.33841,0,GPU-93ae0c7f-c327-aee3-adae-bc0d1dae71ea,0.45,0.4804592085979482,12282.0,6124.0,546.29,NVIDIA GeForce RTX 4070,[N/A],Enabled,Enabled
1701813505.337855,0,GPU-93ae0c7f-c327-aee3-adae-bc0d1dae71ea,0.46,0.4804592085979482,12282.0,6124.0,546.29,NVIDIA GeForce RTX 4070,[N/A],Enabled,Enabled
1701813506.337332,0,GPU-93ae0c7f-c327-aee3-adae-bc0d1dae71ea,0.44,0.4812734082397004,12282.0,6114.0,546.29,NVIDIA GeForce RTX 4070,[N/A],Enabled,Enabled
1701813507.33811,0,GPU-93ae0c7f-c327-aee3-adae-bc0d1dae71ea,0.41,0.4812734082397004,12282.0,6114.0,546.29,NVIDIA GeForce RTX 4070,[N/A],Enabled,Enabled
1701813508.337679,0,GPU-93ae0c7f-c327-aee3-adae-bc0d1dae71ea,0.42,0.4812734082397004,12282.0,6114.0,546.29,NVIDIA GeForce RTX 4070,[N/A],Enabled,Enabled
1701813509.337846,0,GPU-93ae0c7f-c327-aee3-adae-bc0d1dae71ea,0.41,0.481517668132226,12282.0,6111.0,546.29,NVIDIA GeForce RTX 4070,[N/A],Enabled,Enabled
1701813510.338048,0,GPU-93ae0c7f-c327-aee3-adae-bc0d1dae71ea,0.42,0.481517668132226,12282.0,6111.0,546.29,NVIDIA GeForce RTX 4070,[N/A],Enabled,Enabled
1701813511.337648,0,GPU-93ae0c7f-c327-aee3-adae-bc0d1dae71ea,0.37,0.4802963686695978,12282.0,6126.0,546.29,NVIDIA GeForce RTX 4070,[N/A],Enabled,Enabled
1701813512.337452,0,GPU-93ae0c7f-c327-aee3-adae-bc0d1dae71ea,0.41,0.4799706888128969,12282.0,6130.0,546.29,NVIDIA GeForce RTX 4070,[N/A],Enabled,Enabled
1701813513.337718,0,GPU-93ae0c7f-c327-aee3-adae-bc0d1dae71ea,0.41,0.47972642892037126,12282.0,6133.0,546.29,NVIDIA GeForce RTX 4070,[N/A],Enabled,Enabled
1701813514.337002,0,GPU-93ae0c7f-c327-aee3-adae-bc0d1dae71ea,0.39,0.47948216902784563,12282.0,6136.0,546.29,NVIDIA GeForce RTX 4070,[N/A],Enabled,Enabled
1701813515.337549,0,GPU-93ae0c7f-c327-aee3-adae-bc0d1dae71ea,0.44,0.48322748737990556,12282.0,6090.0,546.29,NVIDIA GeForce RTX 4070,[N/A],Enabled,Enabled
1701813516.337541,0,GPU-93ae0c7f-c327-aee3-adae-bc0d1dae71ea,0.42,0.4814362481680508,12282.0,6112.0,546.29,NVIDIA GeForce RTX 4070,[N/A],Enabled,Enabled
1701813517.337648,0,GPU-93ae0c7f-c327-aee3-adae-bc0d1dae71ea,0.37,0.4814362481680508,12282.0,6112.0,546.29,NVIDIA GeForce RTX 4070,[N/A],Enabled,Enabled
1701813518.337864,0,GPU-93ae0c7f-c327-aee3-adae-bc0d1dae71ea,0.45,0.48111056831134996,12282.0,6116.0,546.29,NVIDIA GeForce RTX 4070,[N/A],Enabled,Enabled
1701813519.338165,0,GPU-93ae0c7f-c327-aee3-adae-bc0d1dae71ea,0.38,0.48070346849047385,12282.0,6121.0,546.29,NVIDIA GeForce RTX 4070,[N/A],Enabled,Enabled
1701813520.33738,0,GPU-93ae0c7f-c327-aee3-adae-bc0d1dae71ea,0.5,0.4799706888128969,12282.0,6130.0,546.29,NVIDIA GeForce RTX 4070,[N/A],Enabled,Enabled
1701813521.337796,0,GPU-93ae0c7f-c327-aee3-adae-bc0d1dae71ea,0.4,0.47972642892037126,12282.0,6133.0,546.29,NVIDIA GeForce RTX 4070,[N/A],Enabled,Enabled
1701813522.337943,0,GPU-93ae0c7f-c327-aee3-adae-bc0d1dae71ea,0.39,0.47972642892037126,12282.0,6133.0,546.29,NVIDIA GeForce RTX 4070,[N/A],Enabled,Enabled
1701813523.337458,0,GPU-93ae0c7f-c327-aee3-adae-bc0d1dae71ea,0.4,0.47964500895619605,12282.0,6134.0,546.29,NVIDIA GeForce RTX 4070,[N/A],Enabled,Enabled
1701813524.338108,0,GPU-93ae0c7f-c327-aee3-adae-bc0d1dae71ea,0.41,0.47956358899202084,12282.0,6135.0,546.29,NVIDIA GeForce RTX 4070,[N/A],Enabled,Enabled
1701813525.337847,0,GPU-93ae0c7f-c327-aee3-adae-bc0d1dae71ea,0.45,0.4793193290994952,12282.0,6138.0,546.29,NVIDIA GeForce RTX 4070,[N/A],Enabled,Enabled
1701813526.338148,0,GPU-93ae0c7f-c327-aee3-adae-bc0d1dae71ea,0.4,0.4793193290994952,12282.0,6138.0,546.29,NVIDIA GeForce RTX 4070,[N/A],Enabled,Enabled
1701813527.33816,0,GPU-93ae0c7f-c327-aee3-adae-bc0d1dae71ea,0.4,0.4793193290994952,12282.0,6138.0,546.29,NVIDIA GeForce RTX 4070,[N/A],Enabled,Enabled
1701813528.337827,0,GPU-93ae0c7f-c327-aee3-adae-bc0d1dae71ea,0.45,0.4793193290994952,12282.0,6138.0,546.29,NVIDIA GeForce RTX 4070,[N/A],Enabled,Enabled
1701813529.33781,0,GPU-93ae0c7f-c327-aee3-adae-bc0d1dae71ea,0.38,0.4793193290994952,12282.0,6138.0,546.29,NVIDIA GeForce RTX 4070,[N/A],Enabled,Enabled
1701813530.338097,0,GPU-93ae0c7f-c327-aee3-adae-bc0d1dae71ea,0.43,0.4793193290994952,12282.0,6138.0,546.29,NVIDIA GeForce RTX 4070,[N/A],Enabled,Enabled
1701813531.337882,0,GPU-93ae0c7f-c327-aee3-adae-bc0d1dae71ea,0.42,0.4793193290994952,12282.0,6138.0,546.29,NVIDIA GeForce RTX 4070,[N/A],Enabled,Enabled
1701813532.338748,0,GPU-93ae0c7f-c327-aee3-adae-bc0d1dae71ea,0.43,0.4793193290994952,12282.0,6138.0,546.29,NVIDIA GeForce RTX 4070,[N/A],Enabled,Enabled
1701813533.337769,0,GPU-93ae0c7f-c327-aee3-adae-bc0d1dae71ea,0.42,0.4793193290994952,12282.0,6138.0,546.29,NVIDIA GeForce RTX 4070,[N/A],Enabled,Enabled
1701813534.33821,0,GPU-93ae0c7f-c327-aee3-adae-bc0d1dae71ea,0.4,0.4793193290994952,12282.0,6138.0,546.29,NVIDIA GeForce RTX 4070,[N/A],Enabled,Enabled
1701813535.337572,0,GPU-93ae0c7f-c327-aee3-adae-bc0d1dae71ea,0.4,0.4791564891711448,12282.0,6140.0,546.29,NVIDIA GeForce RTX 4070,[N/A],Enabled,Enabled
1701813536.337736,0,GPU-93ae0c7f-c327-aee3-adae-bc0d1dae71ea,0.42,0.4791564891711448,12282.0,6140.0,546.29,NVIDIA GeForce RTX 4070,[N/A],Enabled,Enabled
1701813537.337635,0,GPU-93ae0c7f-c327-aee3-adae-bc0d1dae71ea,0.43,0.4791564891711448,12282.0,6140.0,546.29,NVIDIA GeForce RTX 4070,[N/A],Enabled,Enabled
1701813538.337546,0,GPU-93ae0c7f-c327-aee3-adae-bc0d1dae71ea,0.45,0.4791564891711448,12282.0,6140.0,546.29,NVIDIA GeForce RTX 4070,[N/A],Enabled,Enabled
1701813539.337936,0,GPU-93ae0c7f-c327-aee3-adae-bc0d1dae71ea,0.39,0.4791564891711448,12282.0,6140.0,546.29,NVIDIA GeForce RTX 4070,[N/A],Enabled,Enabled
1701813540.337508,0,GPU-93ae0c7f-c327-aee3-adae-bc0d1dae71ea,0.44,0.47850512945774304,12282.0,6148.0,546.29,NVIDIA GeForce RTX 4070,[N/A],Enabled,Enabled
1701813541.337947,0,GPU-93ae0c7f-c327-aee3-adae-bc0d1dae71ea,0.4,0.47850512945774304,12282.0,6148.0,546.29,NVIDIA GeForce RTX 4070,[N/A],Enabled,Enabled
1701813542.337327,0,GPU-93ae0c7f-c327-aee3-adae-bc0d1dae71ea,0.48,0.4783422895293926,12282.0,6150.0,546.29,NVIDIA GeForce RTX 4070,[N/A],Enabled,Enabled
1701813543.337836,0,GPU-93ae0c7f-c327-aee3-adae-bc0d1dae71ea,0.4,0.4780166096726917,12282.0,6154.0,546.29,NVIDIA GeForce RTX 4070,[N/A],Enabled,Enabled
1701813544.337742,0,GPU-93ae0c7f-c327-aee3-adae-bc0d1dae71ea,0.44,0.4780166096726917,12282.0,6154.0,546.29,NVIDIA GeForce RTX 4070,[N/A],Enabled,Enabled
1701813545.337622,0,GPU-93ae0c7f-c327-aee3-adae-bc0d1dae71ea,0.43,0.4780166096726917,12282.0,6154.0,546.29,NVIDIA GeForce RTX 4070,[N/A],Enabled,Enabled
1701813546.338072,0,GPU-93ae0c7f-c327-aee3-adae-bc0d1dae71ea,0.41,0.4780166096726917,12282.0,6154.0,546.29,NVIDIA GeForce RTX 4070,[N/A],Enabled,Enabled
1701813547.337308,0,GPU-93ae0c7f-c327-aee3-adae-bc0d1dae71ea,0.42,0.4780166096726917,12282.0,6154.0,546.29,NVIDIA GeForce RTX 4070,[N/A],Enabled,Enabled
1701813548.337797,0,GPU-93ae0c7f-c327-aee3-adae-bc0d1dae71ea,0.49,0.4780166096726917,12282.0,6154.0,546.29,NVIDIA GeForce RTX 4070,[N/A],Enabled,Enabled
1701813549.338011,0,GPU-93ae0c7f-c327-aee3-adae-bc0d1dae71ea,0.41,0.4780166096726917,12282.0,6154.0,546.29,NVIDIA GeForce RTX 4070,[N/A],Enabled,Enabled
1701813550.338013,0,GPU-93ae0c7f-c327-aee3-adae-bc0d1dae71ea,0.45,0.4780166096726917,12282.0,6154.0,546.29,NVIDIA GeForce RTX 4070,[N/A],Enabled,Enabled
1701813551.337709,0,GPU-93ae0c7f-c327-aee3-adae-bc0d1dae71ea,0.46,0.4780166096726917,12282.0,6154.0,546.29,NVIDIA GeForce RTX 4070,[N/A],Enabled,Enabled
1701813552.337879,0,GPU-93ae0c7f-c327-aee3-adae-bc0d1dae71ea,0.41,0.4780166096726917,12282.0,6154.0,546.29,NVIDIA GeForce RTX 4070,[N/A],Enabled,Enabled
1701813553.338775,0,GPU-93ae0c7f-c327-aee3-adae-bc0d1dae71ea,0.4,0.4780166096726917,12282.0,6154.0,546.29,NVIDIA GeForce RTX 4070,[N/A],Enabled,Enabled
1701813554.33806,0,GPU-93ae0c7f-c327-aee3-adae-bc0d1dae71ea,0.43,0.4780166096726917,12282.0,6154.0,546.29,NVIDIA GeForce RTX 4070,[N/A],Enabled,Enabled
1701813555.337477,0,GPU-93ae0c7f-c327-aee3-adae-bc0d1dae71ea,0.4,0.4780166096726917,12282.0,6154.0,546.29,NVIDIA GeForce RTX 4070,[N/A],Enabled,Enabled
1701813556.337977,0,GPU-93ae0c7f-c327-aee3-adae-bc0d1dae71ea,0.44,0.4780166096726917,12282.0,6154.0,546.29,NVIDIA GeForce RTX 4070,[N/A],Enabled,Enabled
1701813557.337576,0,GPU-93ae0c7f-c327-aee3-adae-bc0d1dae71ea,0.41,0.4780166096726917,12282.0,6154.0,546.29,NVIDIA GeForce RTX 4070,[N/A],Enabled,Enabled
1701813558.337191,0,GPU-93ae0c7f-c327-aee3-adae-bc0d1dae71ea,0.42,0.4780166096726917,12282.0,6154.0,546.29,NVIDIA GeForce RTX 4070,[N/A],Enabled,Enabled
1701813559.337652,0,GPU-93ae0c7f-c327-aee3-adae-bc0d1dae71ea,0.38,0.4780166096726917,12282.0,6154.0,546.29,NVIDIA GeForce RTX 4070,[N/A],Enabled,Enabled
1701813560.337846,0,GPU-93ae0c7f-c327-aee3-adae-bc0d1dae71ea,0.43,0.4780166096726917,12282.0,6154.0,546.29,NVIDIA GeForce RTX 4070,[N/A],Enabled,Enabled
1701813561.337328,0,GPU-93ae0c7f-c327-aee3-adae-bc0d1dae71ea,0.4,0.4780166096726917,12282.0,6154.0,546.29,NVIDIA GeForce RTX 4070,[N/A],Enabled,Enabled
1701813562.337823,0,GPU-93ae0c7f-c327-aee3-adae-bc0d1dae71ea,0.43,0.4789122292786191,12282.0,6143.0,546.29,NVIDIA GeForce RTX 4070,[N/A],Enabled,Enabled
1701813563.338142,0,GPU-93ae0c7f-c327-aee3-adae-bc0d1dae71ea,0.41,0.4789122292786191,12282.0,6143.0,546.29,NVIDIA GeForce RTX 4070,[N/A],Enabled,Enabled
1701813564.337048,0,GPU-93ae0c7f-c327-aee3-adae-bc0d1dae71ea,0.43,0.4789122292786191,12282.0,6143.0,546.29,NVIDIA GeForce RTX 4070,[N/A],Enabled,Enabled
1701813565.337152,0,GPU-93ae0c7f-c327-aee3-adae-bc0d1dae71ea,0.43,0.4789122292786191,12282.0,6143.0,546.29,NVIDIA GeForce RTX 4070,[N/A],Enabled,Enabled
1701813566.337618,0,GPU-93ae0c7f-c327-aee3-adae-bc0d1dae71ea,0.4,0.48184334798892686,12282.0,6107.0,546.29,NVIDIA GeForce RTX 4070,[N/A],Enabled,Enabled
1701813567.338479,0,GPU-93ae0c7f-c327-aee3-adae-bc0d1dae71ea,0.43,0.48062204852629864,12282.0,6122.0,546.29,NVIDIA GeForce RTX 4070,[N/A],Enabled,Enabled
1701813568.337693,0,GPU-93ae0c7f-c327-aee3-adae-bc0d1dae71ea,0.48,0.48062204852629864,12282.0,6122.0,546.29,NVIDIA GeForce RTX 4070,[N/A],Enabled,Enabled
1701813569.3377,0,GPU-93ae0c7f-c327-aee3-adae-bc0d1dae71ea,0.41,0.48062204852629864,12282.0,6122.0,546.29,NVIDIA GeForce RTX 4070,[N/A],Enabled,Enabled
1701813570.337126,0,GPU-93ae0c7f-c327-aee3-adae-bc0d1dae71ea,0.45,0.48062204852629864,12282.0,6122.0,546.29,NVIDIA GeForce RTX 4070,[N/A],Enabled,Enabled
1701813571.337695,0,GPU-93ae0c7f-c327-aee3-adae-bc0d1dae71ea,0.45,0.48078488845464906,12282.0,6120.0,546.29,NVIDIA GeForce RTX 4070,[N/A],Enabled,Enabled
1701813572.338103,0,GPU-93ae0c7f-c327-aee3-adae-bc0d1dae71ea,0.43,0.48070346849047385,12282.0,6121.0,546.29,NVIDIA GeForce RTX 4070,[N/A],Enabled,Enabled
1701813573.337655,0,GPU-93ae0c7f-c327-aee3-adae-bc0d1dae71ea,0.43,0.48070346849047385,12282.0,6121.0,546.29,NVIDIA GeForce RTX 4070,[N/A],Enabled,Enabled
1701813574.337463,0,GPU-93ae0c7f-c327-aee3-adae-bc0d1dae71ea,0.44,0.48070346849047385,12282.0,6121.0,546.29,NVIDIA GeForce RTX 4070,[N/A],Enabled,Enabled
1701813575.337893,0,GPU-93ae0c7f-c327-aee3-adae-bc0d1dae71ea,0.4,0.48070346849047385,12282.0,6121.0,546.29,NVIDIA GeForce RTX 4070,[N/A],Enabled,Enabled
1701813576.337937,0,GPU-93ae0c7f-c327-aee3-adae-bc0d1dae71ea,0.45,0.48070346849047385,12282.0,6121.0,546.29,NVIDIA GeForce RTX 4070,[N/A],Enabled,Enabled
1701813577.337474,0,GPU-93ae0c7f-c327-aee3-adae-bc0d1dae71ea,0.41,0.47956358899202084,12282.0,6135.0,546.29,NVIDIA GeForce RTX 4070,[N/A],Enabled,Enabled
1701813578.336972,0,GPU-93ae0c7f-c327-aee3-adae-bc0d1dae71ea,0.43,0.4794007490636704,12282.0,6137.0,546.29,NVIDIA GeForce RTX 4070,[N/A],Enabled,Enabled
1701813579.337313,0,GPU-93ae0c7f-c327-aee3-adae-bc0d1dae71ea,0.42,0.4794007490636704,12282.0,6137.0,546.29,NVIDIA GeForce RTX 4070,[N/A],Enabled,Enabled
1701813580.33765,0,GPU-93ae0c7f-c327-aee3-adae-bc0d1dae71ea,0.44,0.4794007490636704,12282.0,6137.0,546.29,NVIDIA GeForce RTX 4070,[N/A],Enabled,Enabled
1701813581.337692,0,GPU-93ae0c7f-c327-aee3-adae-bc0d1dae71ea,0.39,0.4790750692069696,12282.0,6141.0,546.29,NVIDIA GeForce RTX 4070,[N/A],Enabled,Enabled
1701813582.338157,0,GPU-93ae0c7f-c327-aee3-adae-bc0d1dae71ea,0.43,0.4790750692069696,12282.0,6141.0,546.29,NVIDIA GeForce RTX 4070,[N/A],Enabled,Enabled
1701813583.33795,0,GPU-93ae0c7f-c327-aee3-adae-bc0d1dae71ea,0.47,0.4809477283829995,12282.0,6118.0,546.29,NVIDIA GeForce RTX 4070,[N/A],Enabled,Enabled
1701813584.337992,0,GPU-93ae0c7f-c327-aee3-adae-bc0d1dae71ea,0.49,0.4809477283829995,12282.0,6118.0,546.29,NVIDIA GeForce RTX 4070,[N/A],Enabled,Enabled
1701813585.337292,0,GPU-93ae0c7f-c327-aee3-adae-bc0d1dae71ea,0.4,0.4809477283829995,12282.0,6118.0,546.29,NVIDIA GeForce RTX 4070,[N/A],Enabled,Enabled
1701813586.33695,0,GPU-93ae0c7f-c327-aee3-adae-bc0d1dae71ea,0.44,0.4809477283829995,12282.0,6118.0,546.29,NVIDIA GeForce RTX 4070,[N/A],Enabled,Enabled
1701813587.338008,0,GPU-93ae0c7f-c327-aee3-adae-bc0d1dae71ea,0.37,0.4811919882755252,12282.0,6115.0,546.29,NVIDIA GeForce RTX 4070,[N/A],Enabled,Enabled
1701813588.338107,0,GPU-93ae0c7f-c327-aee3-adae-bc0d1dae71ea,0.44,0.4811919882755252,12282.0,6115.0,546.29,NVIDIA GeForce RTX 4070,[N/A],Enabled,Enabled
1701813589.337394,0,GPU-93ae0c7f-c327-aee3-adae-bc0d1dae71ea,0.37,0.4811919882755252,12282.0,6115.0,546.29,NVIDIA GeForce RTX 4070,[N/A],Enabled,Enabled
1701813590.337446,0,GPU-93ae0c7f-c327-aee3-adae-bc0d1dae71ea,0.43,0.4808663084188243,12282.0,6119.0,546.29,NVIDIA GeForce RTX 4070,[N/A],Enabled,Enabled
1701813591.338545,0,GPU-93ae0c7f-c327-aee3-adae-bc0d1dae71ea,0.54,0.4808663084188243,12282.0,6119.0,546.29,NVIDIA GeForce RTX 4070,[N/A],Enabled,Enabled
1701813592.337137,0,GPU-93ae0c7f-c327-aee3-adae-bc0d1dae71ea,0.43,0.48070346849047385,12282.0,6121.0,546.29,NVIDIA GeForce RTX 4070,[N/A],Enabled,Enabled
1701813593.337839,0,GPU-93ae0c7f-c327-aee3-adae-bc0d1dae71ea,0.39,0.48070346849047385,12282.0,6121.0,546.29,NVIDIA GeForce RTX 4070,[N/A],Enabled,Enabled
1701813594.338628,0,GPU-93ae0c7f-c327-aee3-adae-bc0d1dae71ea,0.45,0.48070346849047385,12282.0,6121.0,546.29,NVIDIA GeForce RTX 4070,[N/A],Enabled,Enabled
1701813595.337777,0,GPU-93ae0c7f-c327-aee3-adae-bc0d1dae71ea,0.46,0.48070346849047385,12282.0,6121.0,546.29,NVIDIA GeForce RTX 4070,[N/A],Enabled,Enabled
1701813596.337923,0,GPU-93ae0c7f-c327-aee3-adae-bc0d1dae71ea,0.45,0.48070346849047385,12282.0,6121.0,546.29,NVIDIA GeForce RTX 4070,[N/A],Enabled,Enabled
1701813597.337072,0,GPU-93ae0c7f-c327-aee3-adae-bc0d1dae71ea,0.38,0.48102914834717475,12282.0,6117.0,546.29,NVIDIA GeForce RTX 4070,[N/A],Enabled,Enabled
1701813598.337439,0,GPU-93ae0c7f-c327-aee3-adae-bc0d1dae71ea,0.42,0.4812734082397004,12282.0,6114.0,546.29,NVIDIA GeForce RTX 4070,[N/A],Enabled,Enabled
1701813599.338006,0,GPU-93ae0c7f-c327-aee3-adae-bc0d1dae71ea,0.4,0.4812734082397004,12282.0,6114.0,546.29,NVIDIA GeForce RTX 4070,[N/A],Enabled,Enabled
1701813600.337993,0,GPU-93ae0c7f-c327-aee3-adae-bc0d1dae71ea,0.44,0.4812734082397004,12282.0,6114.0,546.29,NVIDIA GeForce RTX 4070,[N/A],Enabled,Enabled
1701813601.337497,0,GPU-93ae0c7f-c327-aee3-adae-bc0d1dae71ea,0.44,0.48070346849047385,12282.0,6121.0,546.29,NVIDIA GeForce RTX 4070,[N/A],Enabled,Enabled
1701813602.337648,0,GPU-93ae0c7f-c327-aee3-adae-bc0d1dae71ea,0.43,0.48070346849047385,12282.0,6121.0,546.29,NVIDIA GeForce RTX 4070,[N/A],Enabled,Enabled
1701813603.338447,0,GPU-93ae0c7f-c327-aee3-adae-bc0d1dae71ea,0.4,0.4801335287412474,12282.0,6128.0,546.29,NVIDIA GeForce RTX 4070,[N/A],Enabled,Enabled
1701813604.337566,0,GPU-93ae0c7f-c327-aee3-adae-bc0d1dae71ea,0.42,0.4801335287412474,12282.0,6128.0,546.29,NVIDIA GeForce RTX 4070,[N/A],Enabled,Enabled
1701813605.337747,0,GPU-93ae0c7f-c327-aee3-adae-bc0d1dae71ea,0.49,0.4801335287412474,12282.0,6128.0,546.29,NVIDIA GeForce RTX 4070,[N/A],Enabled,Enabled
1701813606.337876,0,GPU-93ae0c7f-c327-aee3-adae-bc0d1dae71ea,0.42,0.4801335287412474,12282.0,6128.0,546.29,NVIDIA GeForce RTX 4070,[N/A],Enabled,Enabled
1701813607.339008,0,GPU-93ae0c7f-c327-aee3-adae-bc0d1dae71ea,0.42,0.4801335287412474,12282.0,6128.0,546.29,NVIDIA GeForce RTX 4070,[N/A],Enabled,Enabled
1701813608.338107,0,GPU-93ae0c7f-c327-aee3-adae-bc0d1dae71ea,0.44,0.4801335287412474,12282.0,6128.0,546.29,NVIDIA GeForce RTX 4070,[N/A],Enabled,Enabled
1701813609.337955,0,GPU-93ae0c7f-c327-aee3-adae-bc0d1dae71ea,0.41,0.4801335287412474,12282.0,6128.0,546.29,NVIDIA GeForce RTX 4070,[N/A],Enabled,Enabled
1701813610.337397,0,GPU-93ae0c7f-c327-aee3-adae-bc0d1dae71ea,0.44,0.4801335287412474,12282.0,6128.0,546.29,NVIDIA GeForce RTX 4070,[N/A],Enabled,Enabled
1701813611.337553,0,GPU-93ae0c7f-c327-aee3-adae-bc0d1dae71ea,0.38,0.4801335287412474,12282.0,6128.0,546.29,NVIDIA GeForce RTX 4070,[N/A],Enabled,Enabled
1701813612.337985,0,GPU-93ae0c7f-c327-aee3-adae-bc0d1dae71ea,0.41,0.4801335287412474,12282.0,6128.0,546.29,NVIDIA GeForce RTX 4070,[N/A],Enabled,Enabled
1701813613.338121,0,GPU-93ae0c7f-c327-aee3-adae-bc0d1dae71ea,0.42,0.4801335287412474,12282.0,6128.0,546.29,NVIDIA GeForce RTX 4070,[N/A],Enabled,Enabled
1701813614.338052,0,GPU-93ae0c7f-c327-aee3-adae-bc0d1dae71ea,0.43,0.4799706888128969,12282.0,6130.0,546.29,NVIDIA GeForce RTX 4070,[N/A],Enabled,Enabled
1701813615.337598,0,GPU-93ae0c7f-c327-aee3-adae-bc0d1dae71ea,0.41,0.4799706888128969,12282.0,6130.0,546.29,NVIDIA GeForce RTX 4070,[N/A],Enabled,Enabled
1701813616.337313,0,GPU-93ae0c7f-c327-aee3-adae-bc0d1dae71ea,0.45,0.4799706888128969,12282.0,6130.0,546.29,NVIDIA GeForce RTX 4070,[N/A],Enabled,Enabled
1701813617.337826,0,GPU-93ae0c7f-c327-aee3-adae-bc0d1dae71ea,0.41,0.4798078488845465,12282.0,6132.0,546.29,NVIDIA GeForce RTX 4070,[N/A],Enabled,Enabled
1701813618.337993,0,GPU-93ae0c7f-c327-aee3-adae-bc0d1dae71ea,0.4,0.47956358899202084,12282.0,6135.0,546.29,NVIDIA GeForce RTX 4070,[N/A],Enabled,Enabled
1701813619.33765,0,GPU-93ae0c7f-c327-aee3-adae-bc0d1dae71ea,0.38,0.47956358899202084,12282.0,6135.0,546.29,NVIDIA GeForce RTX 4070,[N/A],Enabled,Enabled
1701813620.337324,0,GPU-93ae0c7f-c327-aee3-adae-bc0d1dae71ea,0.42,0.482250447809803,12282.0,6102.0,546.29,NVIDIA GeForce RTX 4070,[N/A],Enabled,Enabled
1701813621.337831,0,GPU-93ae0c7f-c327-aee3-adae-bc0d1dae71ea,0.42,0.4808663084188243,12282.0,6119.0,546.29,NVIDIA GeForce RTX 4070,[N/A],Enabled,Enabled
1701813622.338482,0,GPU-93ae0c7f-c327-aee3-adae-bc0d1dae71ea,0.41,0.4808663084188243,12282.0,6119.0,546.29,NVIDIA GeForce RTX 4070,[N/A],Enabled,Enabled
1701813623.337958,0,GPU-93ae0c7f-c327-aee3-adae-bc0d1dae71ea,0.4,0.48102914834717475,12282.0,6117.0,546.29,NVIDIA GeForce RTX 4070,[N/A],Enabled,Enabled
1701813624.33788,0,GPU-93ae0c7f-c327-aee3-adae-bc0d1dae71ea,0.44,0.48102914834717475,12282.0,6117.0,546.29,NVIDIA GeForce RTX 4070,[N/A],Enabled,Enabled
1701813625.338106,0,GPU-93ae0c7f-c327-aee3-adae-bc0d1dae71ea,0.37,0.48102914834717475,12282.0,6117.0,546.29,NVIDIA GeForce RTX 4070,[N/A],Enabled,Enabled
1701813626.337771,0,GPU-93ae0c7f-c327-aee3-adae-bc0d1dae71ea,0.41,0.48102914834717475,12282.0,6117.0,546.29,NVIDIA GeForce RTX 4070,[N/A],Enabled,Enabled
1701813627.337804,0,GPU-93ae0c7f-c327-aee3-adae-bc0d1dae71ea,0.39,0.48102914834717475,12282.0,6117.0,546.29,NVIDIA GeForce RTX 4070,[N/A],Enabled,Enabled
1701813628.338181,0,GPU-93ae0c7f-c327-aee3-adae-bc0d1dae71ea,0.43,0.4808663084188243,12282.0,6119.0,546.29,NVIDIA GeForce RTX 4070,[N/A],Enabled,Enabled
1701813629.337874,0,GPU-93ae0c7f-c327-aee3-adae-bc0d1dae71ea,0.41,0.4808663084188243,12282.0,6119.0,546.29,NVIDIA GeForce RTX 4070,[N/A],Enabled,Enabled
1701813630.338547,0,GPU-93ae0c7f-c327-aee3-adae-bc0d1dae71ea,0.41,0.4808663084188243,12282.0,6119.0,546.29,NVIDIA GeForce RTX 4070,[N/A],Enabled,Enabled
1701813631.337838,0,GPU-93ae0c7f-c327-aee3-adae-bc0d1dae71ea,0.4,0.4809477283829995,12282.0,6118.0,546.29,NVIDIA GeForce RTX 4070,[N/A],Enabled,Enabled
1701813632.337482,0,GPU-93ae0c7f-c327-aee3-adae-bc0d1dae71ea,0.45,0.4809477283829995,12282.0,6118.0,546.29,NVIDIA GeForce RTX 4070,[N/A],Enabled,Enabled
1701813633.338312,0,GPU-93ae0c7f-c327-aee3-adae-bc0d1dae71ea,0.43,0.4809477283829995,12282.0,6118.0,546.29,NVIDIA GeForce RTX 4070,[N/A],Enabled,Enabled
1701813634.338002,0,GPU-93ae0c7f-c327-aee3-adae-bc0d1dae71ea,0.39,0.4809477283829995,12282.0,6118.0,546.29,NVIDIA GeForce RTX 4070,[N/A],Enabled,Enabled
1701813635.338489,0,GPU-93ae0c7f-c327-aee3-adae-bc0d1dae71ea,0.42,0.4809477283829995,12282.0,6118.0,546.29,NVIDIA GeForce RTX 4070,[N/A],Enabled,Enabled
1701813636.337777,0,GPU-93ae0c7f-c327-aee3-adae-bc0d1dae71ea,0.41,0.4798078488845465,12282.0,6132.0,546.29,NVIDIA GeForce RTX 4070,[N/A],Enabled,Enabled
1701813637.337845,0,GPU-93ae0c7f-c327-aee3-adae-bc0d1dae71ea,0.42,0.48078488845464906,12282.0,6120.0,546.29,NVIDIA GeForce RTX 4070,[N/A],Enabled,Enabled
1701813638.337762,0,GPU-93ae0c7f-c327-aee3-adae-bc0d1dae71ea,0.53,0.48078488845464906,12282.0,6120.0,546.29,NVIDIA GeForce RTX 4070,[N/A],Enabled,Enabled
1701813639.337896,0,GPU-93ae0c7f-c327-aee3-adae-bc0d1dae71ea,0.41,0.48070346849047385,12282.0,6121.0,546.29,NVIDIA GeForce RTX 4070,[N/A],Enabled,Enabled
1701813640.338083,0,GPU-93ae0c7f-c327-aee3-adae-bc0d1dae71ea,0.44,0.48070346849047385,12282.0,6121.0,546.29,NVIDIA GeForce RTX 4070,[N/A],Enabled,Enabled
1701813641.337963,0,GPU-93ae0c7f-c327-aee3-adae-bc0d1dae71ea,0.38,0.48062204852629864,12282.0,6122.0,546.29,NVIDIA GeForce RTX 4070,[N/A],Enabled,Enabled
1701813642.337788,0,GPU-93ae0c7f-c327-aee3-adae-bc0d1dae71ea,0.4,0.48062204852629864,12282.0,6122.0,546.29,NVIDIA GeForce RTX 4070,[N/A],Enabled,Enabled
1701813643.337558,0,GPU-93ae0c7f-c327-aee3-adae-bc0d1dae71ea,0.48,0.48054062856212343,12282.0,6123.0,546.29,NVIDIA GeForce RTX 4070,[N/A],Enabled,Enabled
1701813644.337287,0,GPU-93ae0c7f-c327-aee3-adae-bc0d1dae71ea,0.46,0.48054062856212343,12282.0,6123.0,546.29,NVIDIA GeForce RTX 4070,[N/A],Enabled,Enabled
1701813645.338353,0,GPU-93ae0c7f-c327-aee3-adae-bc0d1dae71ea,0.41,0.48054062856212343,12282.0,6123.0,546.29,NVIDIA GeForce RTX 4070,[N/A],Enabled,Enabled
1701813646.337977,0,GPU-93ae0c7f-c327-aee3-adae-bc0d1dae71ea,0.43,0.48054062856212343,12282.0,6123.0,546.29,NVIDIA GeForce RTX 4070,[N/A],Enabled,Enabled
1701813647.337834,0,GPU-93ae0c7f-c327-aee3-adae-bc0d1dae71ea,0.42,0.48054062856212343,12282.0,6123.0,546.29,NVIDIA GeForce RTX 4070,[N/A],Enabled,Enabled
1701813648.338037,0,GPU-93ae0c7f-c327-aee3-adae-bc0d1dae71ea,0.49,0.48054062856212343,12282.0,6123.0,546.29,NVIDIA GeForce RTX 4070,[N/A],Enabled,Enabled
1701813649.337908,0,GPU-93ae0c7f-c327-aee3-adae-bc0d1dae71ea,0.46,0.48054062856212343,12282.0,6123.0,546.29,NVIDIA GeForce RTX 4070,[N/A],Enabled,Enabled
1701813650.337562,0,GPU-93ae0c7f-c327-aee3-adae-bc0d1dae71ea,0.46,0.48054062856212343,12282.0,6123.0,546.29,NVIDIA GeForce RTX 4070,[N/A],Enabled,Enabled
1701813651.338089,0,GPU-93ae0c7f-c327-aee3-adae-bc0d1dae71ea,0.42,0.48054062856212343,12282.0,6123.0,546.29,NVIDIA GeForce RTX 4070,[N/A],Enabled,Enabled
1701813652.337514,0,GPU-93ae0c7f-c327-aee3-adae-bc0d1dae71ea,0.43,0.480377788633773,12282.0,6125.0,546.29,NVIDIA GeForce RTX 4070,[N/A],Enabled,Enabled
1701813653.337881,0,GPU-93ae0c7f-c327-aee3-adae-bc0d1dae71ea,0.46,0.4798078488845465,12282.0,6132.0,546.29,NVIDIA GeForce RTX 4070,[N/A],Enabled,Enabled
1701813654.337849,0,GPU-93ae0c7f-c327-aee3-adae-bc0d1dae71ea,0.42,0.4798078488845465,12282.0,6132.0,546.29,NVIDIA GeForce RTX 4070,[N/A],Enabled,Enabled
1701813655.338088,0,GPU-93ae0c7f-c327-aee3-adae-bc0d1dae71ea,0.45,0.4794007490636704,12282.0,6137.0,546.29,NVIDIA GeForce RTX 4070,[N/A],Enabled,Enabled
1701813656.337926,0,GPU-93ae0c7f-c327-aee3-adae-bc0d1dae71ea,0.42,0.4794007490636704,12282.0,6137.0,546.29,NVIDIA GeForce RTX 4070,[N/A],Enabled,Enabled
1701813657.33795,0,GPU-93ae0c7f-c327-aee3-adae-bc0d1dae71ea,0.43,0.4794007490636704,12282.0,6137.0,546.29,NVIDIA GeForce RTX 4070,[N/A],Enabled,Enabled
1701813658.338882,0,GPU-93ae0c7f-c327-aee3-adae-bc0d1dae71ea,0.49,0.47923790913532,12282.0,6139.0,546.29,NVIDIA GeForce RTX 4070,[N/A],Enabled,Enabled
1701813659.337933,0,GPU-93ae0c7f-c327-aee3-adae-bc0d1dae71ea,0.4,0.47923790913532,12282.0,6139.0,546.29,NVIDIA GeForce RTX 4070,[N/A],Enabled,Enabled
1701813660.337859,0,GPU-93ae0c7f-c327-aee3-adae-bc0d1dae71ea,0.4,0.47923790913532,12282.0,6139.0,546.29,NVIDIA GeForce RTX 4070,[N/A],Enabled,Enabled
1701813661.338014,0,GPU-93ae0c7f-c327-aee3-adae-bc0d1dae71ea,0.39,0.47923790913532,12282.0,6139.0,546.29,NVIDIA GeForce RTX 4070,[N/A],Enabled,Enabled
1701813662.337929,0,GPU-93ae0c7f-c327-aee3-adae-bc0d1dae71ea,0.44,0.47923790913532,12282.0,6139.0,546.29,NVIDIA GeForce RTX 4070,[N/A],Enabled,Enabled
1701813663.337634,0,GPU-93ae0c7f-c327-aee3-adae-bc0d1dae71ea,0.41,0.47923790913532,12282.0,6139.0,546.29,NVIDIA GeForce RTX 4070,[N/A],Enabled,Enabled
1701813664.337906,0,GPU-93ae0c7f-c327-aee3-adae-bc0d1dae71ea,0.4,0.47923790913532,12282.0,6139.0,546.29,NVIDIA GeForce RTX 4070,[N/A],Enabled,Enabled
1701813665.33825,0,GPU-93ae0c7f-c327-aee3-adae-bc0d1dae71ea,0.41,0.47923790913532,12282.0,6139.0,546.29,NVIDIA GeForce RTX 4070,[N/A],Enabled,Enabled
1701813666.337732,0,GPU-93ae0c7f-c327-aee3-adae-bc0d1dae71ea,0.37,0.47923790913532,12282.0,6139.0,546.29,NVIDIA GeForce RTX 4070,[N/A],Enabled,Enabled
1701813667.3377,0,GPU-93ae0c7f-c327-aee3-adae-bc0d1dae71ea,0.34,0.47923790913532,12282.0,6139.0,546.29,NVIDIA GeForce RTX 4070,[N/A],Enabled,Enabled
1701813668.338597,0,GPU-93ae0c7f-c327-aee3-adae-bc0d1dae71ea,0.29,0.47744666992346524,12282.0,6161.0,546.29,NVIDIA GeForce RTX 4070,[N/A],Enabled,Enabled
1701813669.337655,0,GPU-93ae0c7f-c327-aee3-adae-bc0d1dae71ea,0.3,0.47744666992346524,12282.0,6161.0,546.29,NVIDIA GeForce RTX 4070,[N/A],Enabled,Enabled
1701813670.337499,0,GPU-93ae0c7f-c327-aee3-adae-bc0d1dae71ea,0.27,0.47345709167887967,12282.0,6210.0,546.29,NVIDIA GeForce RTX 4070,[N/A],Enabled,Enabled
1701813671.337716,0,GPU-93ae0c7f-c327-aee3-adae-bc0d1dae71ea,0.3,0.4776909298159909,12282.0,6158.0,546.29,NVIDIA GeForce RTX 4070,[N/A],Enabled,Enabled
1701813672.337428,0,GPU-93ae0c7f-c327-aee3-adae-bc0d1dae71ea,0.29,0.47329425175052925,12282.0,6212.0,546.29,NVIDIA GeForce RTX 4070,[N/A],Enabled,Enabled
1701813673.338033,0,GPU-93ae0c7f-c327-aee3-adae-bc0d1dae71ea,0.28,0.47752808988764045,12282.0,6160.0,546.29,NVIDIA GeForce RTX 4070,[N/A],Enabled,Enabled
1701813674.337462,0,GPU-93ae0c7f-c327-aee3-adae-bc0d1dae71ea,0.26,0.47329425175052925,12282.0,6212.0,546.29,NVIDIA GeForce RTX 4070,[N/A],Enabled,Enabled
1701813675.337592,0,GPU-93ae0c7f-c327-aee3-adae-bc0d1dae71ea,0.27,0.41190359876241656,12282.0,6966.0,546.29,NVIDIA GeForce RTX 4070,[N/A],Enabled,Enabled
1701813676.338425,0,GPU-93ae0c7f-c327-aee3-adae-bc0d1dae71ea,0.19,0.2906692721055203,12282.0,8455.0,546.29,NVIDIA GeForce RTX 4070,[N/A],Enabled,Enabled
1701813677.337694,0,GPU-93ae0c7f-c327-aee3-adae-bc0d1dae71ea,0.17,0.2906692721055203,12282.0,8455.0,546.29,NVIDIA GeForce RTX 4070,[N/A],Enabled,Enabled
1701813678.337899,0,GPU-93ae0c7f-c327-aee3-adae-bc0d1dae71ea,0.16,0.2906692721055203,12282.0,8455.0,546.29,NVIDIA GeForce RTX 4070,[N/A],Enabled,Enabled
1701813679.337709,0,GPU-93ae0c7f-c327-aee3-adae-bc0d1dae71ea,0.17,0.29221625142484936,12282.0,8436.0,546.29,NVIDIA GeForce RTX 4070,[N/A],Enabled,Enabled
1701813680.337531,0,GPU-93ae0c7f-c327-aee3-adae-bc0d1dae71ea,0.16,0.29221625142484936,12282.0,8436.0,546.29,NVIDIA GeForce RTX 4070,[N/A],Enabled,Enabled
1701813681.337046,0,GPU-93ae0c7f-c327-aee3-adae-bc0d1dae71ea,0.16,0.29221625142484936,12282.0,8436.0,546.29,NVIDIA GeForce RTX 4070,[N/A],Enabled,Enabled
1701813682.337457,0,GPU-93ae0c7f-c327-aee3-adae-bc0d1dae71ea,0.17,0.2929490311024263,12282.0,8427.0,546.29,NVIDIA GeForce RTX 4070,[N/A],Enabled,Enabled
1701813683.33761,0,GPU-93ae0c7f-c327-aee3-adae-bc0d1dae71ea,0.16,0.2929490311024263,12282.0,8427.0,546.29,NVIDIA GeForce RTX 4070,[N/A],Enabled,Enabled
1701813684.337652,0,GPU-93ae0c7f-c327-aee3-adae-bc0d1dae71ea,0.16,0.2927047712099007,12282.0,8430.0,546.29,NVIDIA GeForce RTX 4070,[N/A],Enabled,Enabled
1701813685.337903,0,GPU-93ae0c7f-c327-aee3-adae-bc0d1dae71ea,0.17,0.2927047712099007,12282.0,8430.0,546.29,NVIDIA GeForce RTX 4070,[N/A],Enabled,Enabled
1701813686.337985,0,GPU-93ae0c7f-c327-aee3-adae-bc0d1dae71ea,0.16,0.2927047712099007,12282.0,8430.0,546.29,NVIDIA GeForce RTX 4070,[N/A],Enabled,Enabled
1701813687.338537,0,GPU-93ae0c7f-c327-aee3-adae-bc0d1dae71ea,0.16,0.29123921185474677,12282.0,8448.0,546.29,NVIDIA GeForce RTX 4070,[N/A],Enabled,Enabled
1701813688.337568,0,GPU-93ae0c7f-c327-aee3-adae-bc0d1dae71ea,0.17,0.2908321120338707,12282.0,8453.0,546.29,NVIDIA GeForce RTX 4070,[N/A],Enabled,Enabled
1701813689.337832,0,GPU-93ae0c7f-c327-aee3-adae-bc0d1dae71ea,0.16,0.29018075232046897,12282.0,8461.0,546.29,NVIDIA GeForce RTX 4070,[N/A],Enabled,Enabled
