timestamp,id,uuid,load,memoryUtil,memoryTotal,memoryUsed,memoryFree,driver,name,serial,display_mode,display_active
1702751751.231312,0,GPU-93ae0c7f-c327-aee3-adae-bc0d1dae71ea,0.15,0.2287900993323563,12282.0,9215.0,546.33,NVIDIA GeForce RTX 4070,[N/A],Enabled,Enabled
1702751752.227497,0,GPU-93ae0c7f-c327-aee3-adae-bc0d1dae71ea,0.14,0.2287900993323563,12282.0,9215.0,546.33,NVIDIA GeForce RTX 4070,[N/A],Enabled,Enabled
1702751753.228459,0,GPU-93ae0c7f-c327-aee3-adae-bc0d1dae71ea,0.14,0.2287900993323563,12282.0,9215.0,546.33,NVIDIA GeForce RTX 4070,[N/A],Enabled,Enabled
1702751754.22725,0,GPU-93ae0c7f-c327-aee3-adae-bc0d1dae71ea,0.15,0.2287900993323563,12282.0,9215.0,546.33,NVIDIA GeForce RTX 4070,[N/A],Enabled,Enabled
1702751755.227543,0,GPU-93ae0c7f-c327-aee3-adae-bc0d1dae71ea,0.15,0.2287900993323563,12282.0,9215.0,546.33,NVIDIA GeForce RTX 4070,[N/A],Enabled,Enabled
1702751756.228523,0,GPU-93ae0c7f-c327-aee3-adae-bc0d1dae71ea,0.17,0.2287900993323563,12282.0,9215.0,546.33,NVIDIA GeForce RTX 4070,[N/A],Enabled,Enabled
1702751757.227556,0,GPU-93ae0c7f-c327-aee3-adae-bc0d1dae71ea,0.15,0.2287900993323563,12282.0,9215.0,546.33,NVIDIA GeForce RTX 4070,[N/A],Enabled,Enabled
1702751758.227308,0,GPU-93ae0c7f-c327-aee3-adae-bc0d1dae71ea,0.14,0.2287900993323563,12282.0,9215.0,546.33,NVIDIA GeForce RTX 4070,[N/A],Enabled,Enabled
1702751759.227756,0,GPU-93ae0c7f-c327-aee3-adae-bc0d1dae71ea,0.15,0.2287900993323563,12282.0,9215.0,546.33,NVIDIA GeForce RTX 4070,[N/A],Enabled,Enabled
1702751760.227313,0,GPU-93ae0c7f-c327-aee3-adae-bc0d1dae71ea,0.14,0.2287900993323563,12282.0,9215.0,546.33,NVIDIA GeForce RTX 4070,[N/A],Enabled,Enabled
1702751761.228223,0,GPU-93ae0c7f-c327-aee3-adae-bc0d1dae71ea,0.15,0.2287900993323563,12282.0,9215.0,546.33,NVIDIA GeForce RTX 4070,[N/A],Enabled,Enabled
1702751762.227794,0,GPU-93ae0c7f-c327-aee3-adae-bc0d1dae71ea,0.14,0.2287900993323563,12282.0,9215.0,546.33,NVIDIA GeForce RTX 4070,[N/A],Enabled,Enabled
1702751763.227944,0,GPU-93ae0c7f-c327-aee3-adae-bc0d1dae71ea,0.14,0.2287900993323563,12282.0,9215.0,546.33,NVIDIA GeForce RTX 4070,[N/A],Enabled,Enabled
1702751764.227899,0,GPU-93ae0c7f-c327-aee3-adae-bc0d1dae71ea,0.15,0.2287900993323563,12282.0,9215.0,546.33,NVIDIA GeForce RTX 4070,[N/A],Enabled,Enabled
1702751765.228023,0,GPU-93ae0c7f-c327-aee3-adae-bc0d1dae71ea,0.15,0.2287900993323563,12282.0,9215.0,546.33,NVIDIA GeForce RTX 4070,[N/A],Enabled,Enabled
1702751766.227493,0,GPU-93ae0c7f-c327-aee3-adae-bc0d1dae71ea,0.16,0.22968571893828366,12282.0,9204.0,546.33,NVIDIA GeForce RTX 4070,[N/A],Enabled,Enabled
1702751767.228064,0,GPU-93ae0c7f-c327-aee3-adae-bc0d1dae71ea,0.13,0.23921185474678391,12282.0,9087.0,546.33,NVIDIA GeForce RTX 4070,[N/A],Enabled,Enabled
1702751768.227735,0,GPU-93ae0c7f-c327-aee3-adae-bc0d1dae71ea,0.12,0.33137925419312814,12282.0,7955.0,546.33,NVIDIA GeForce RTX 4070,[N/A],Enabled,Enabled
1702751769.227444,0,GPU-93ae0c7f-c327-aee3-adae-bc0d1dae71ea,0.09,0.29767138902458884,12282.0,8369.0,546.33,NVIDIA GeForce RTX 4070,[N/A],Enabled,Enabled
1702751770.227382,0,GPU-93ae0c7f-c327-aee3-adae-bc0d1dae71ea,0.08,0.29767138902458884,12282.0,8369.0,546.33,NVIDIA GeForce RTX 4070,[N/A],Enabled,Enabled
1702751771.228476,0,GPU-93ae0c7f-c327-aee3-adae-bc0d1dae71ea,0.08,0.29767138902458884,12282.0,8369.0,546.33,NVIDIA GeForce RTX 4070,[N/A],Enabled,Enabled
1702751772.227948,0,GPU-93ae0c7f-c327-aee3-adae-bc0d1dae71ea,0.09,0.3889431688650057,12282.0,7248.0,546.33,NVIDIA GeForce RTX 4070,[N/A],Enabled,Enabled
1702751773.227482,0,GPU-93ae0c7f-c327-aee3-adae-bc0d1dae71ea,0.28,0.4123106985832926,12282.0,6961.0,546.33,NVIDIA GeForce RTX 4070,[N/A],Enabled,Enabled
1702751774.22767,0,GPU-93ae0c7f-c327-aee3-adae-bc0d1dae71ea,0.27,0.4123106985832926,12282.0,6961.0,546.33,NVIDIA GeForce RTX 4070,[N/A],Enabled,Enabled
1702751775.227558,0,GPU-93ae0c7f-c327-aee3-adae-bc0d1dae71ea,0.25,0.4079954404820062,12282.0,7014.0,546.33,NVIDIA GeForce RTX 4070,[N/A],Enabled,Enabled
1702751776.228416,0,GPU-93ae0c7f-c327-aee3-adae-bc0d1dae71ea,0.23,0.4079954404820062,12282.0,7014.0,546.33,NVIDIA GeForce RTX 4070,[N/A],Enabled,Enabled
1702751777.227728,0,GPU-93ae0c7f-c327-aee3-adae-bc0d1dae71ea,0.24,0.4079954404820062,12282.0,7014.0,546.33,NVIDIA GeForce RTX 4070,[N/A],Enabled,Enabled
1702751778.227899,0,GPU-93ae0c7f-c327-aee3-adae-bc0d1dae71ea,0.28,0.5083862563100472,12282.0,5781.0,546.33,NVIDIA GeForce RTX 4070,[N/A],Enabled,Enabled
1702751779.228048,0,GPU-93ae0c7f-c327-aee3-adae-bc0d1dae71ea,0.27,0.4136948379742713,12282.0,6944.0,546.33,NVIDIA GeForce RTX 4070,[N/A],Enabled,Enabled
1702751780.231287,0,GPU-93ae0c7f-c327-aee3-adae-bc0d1dae71ea,0.28,0.4136948379742713,12282.0,6944.0,546.33,NVIDIA GeForce RTX 4070,[N/A],Enabled,Enabled
1702751781.227786,0,GPU-93ae0c7f-c327-aee3-adae-bc0d1dae71ea,0.27,0.40946099983716006,12282.0,6996.0,546.33,NVIDIA GeForce RTX 4070,[N/A],Enabled,Enabled
1702751782.227645,0,GPU-93ae0c7f-c327-aee3-adae-bc0d1dae71ea,0.29,0.4136948379742713,12282.0,6944.0,546.33,NVIDIA GeForce RTX 4070,[N/A],Enabled,Enabled
1702751783.227154,0,GPU-93ae0c7f-c327-aee3-adae-bc0d1dae71ea,0.27,0.40946099983716006,12282.0,6996.0,546.33,NVIDIA GeForce RTX 4070,[N/A],Enabled,Enabled
1702751784.228494,0,GPU-93ae0c7f-c327-aee3-adae-bc0d1dae71ea,0.27,0.40946099983716006,12282.0,6996.0,546.33,NVIDIA GeForce RTX 4070,[N/A],Enabled,Enabled
1702751785.227319,0,GPU-93ae0c7f-c327-aee3-adae-bc0d1dae71ea,0.29,0.4137762579384465,12282.0,6943.0,546.33,NVIDIA GeForce RTX 4070,[N/A],Enabled,Enabled
1702751786.227453,0,GPU-93ae0c7f-c327-aee3-adae-bc0d1dae71ea,0.3,0.4137762579384465,12282.0,6943.0,546.33,NVIDIA GeForce RTX 4070,[N/A],Enabled,Enabled
1702751787.227005,0,GPU-93ae0c7f-c327-aee3-adae-bc0d1dae71ea,0.26,0.40946099983716006,12282.0,6996.0,546.33,NVIDIA GeForce RTX 4070,[N/A],Enabled,Enabled
1702751788.227789,0,GPU-93ae0c7f-c327-aee3-adae-bc0d1dae71ea,0.27,0.40946099983716006,12282.0,6996.0,546.33,NVIDIA GeForce RTX 4070,[N/A],Enabled,Enabled
1702751789.227822,0,GPU-93ae0c7f-c327-aee3-adae-bc0d1dae71ea,0.26,0.40946099983716006,12282.0,6996.0,546.33,NVIDIA GeForce RTX 4070,[N/A],Enabled,Enabled
1702751790.226882,0,GPU-93ae0c7f-c327-aee3-adae-bc0d1dae71ea,0.29,0.4137762579384465,12282.0,6943.0,546.33,NVIDIA GeForce RTX 4070,[N/A],Enabled,Enabled
1702751791.227874,0,GPU-93ae0c7f-c327-aee3-adae-bc0d1dae71ea,0.28,0.4137762579384465,12282.0,6943.0,546.33,NVIDIA GeForce RTX 4070,[N/A],Enabled,Enabled
1702751792.228632,0,GPU-93ae0c7f-c327-aee3-adae-bc0d1dae71ea,0.3,0.41752157629050646,12282.0,6897.0,546.33,NVIDIA GeForce RTX 4070,[N/A],Enabled,Enabled
1702751793.22767,0,GPU-93ae0c7f-c327-aee3-adae-bc0d1dae71ea,0.35,0.41752157629050646,12282.0,6897.0,546.33,NVIDIA GeForce RTX 4070,[N/A],Enabled,Enabled
1702751794.227411,0,GPU-93ae0c7f-c327-aee3-adae-bc0d1dae71ea,0.37,0.41752157629050646,12282.0,6897.0,546.33,NVIDIA GeForce RTX 4070,[N/A],Enabled,Enabled
1702751795.228131,0,GPU-93ae0c7f-c327-aee3-adae-bc0d1dae71ea,0.4,0.41752157629050646,12282.0,6897.0,546.33,NVIDIA GeForce RTX 4070,[N/A],Enabled,Enabled
1702751796.228475,0,GPU-93ae0c7f-c327-aee3-adae-bc0d1dae71ea,0.36,0.41752157629050646,12282.0,6897.0,546.33,NVIDIA GeForce RTX 4070,[N/A],Enabled,Enabled
1702751797.227269,0,GPU-93ae0c7f-c327-aee3-adae-bc0d1dae71ea,0.39,0.41752157629050646,12282.0,6897.0,546.33,NVIDIA GeForce RTX 4070,[N/A],Enabled,Enabled
1702751798.228346,0,GPU-93ae0c7f-c327-aee3-adae-bc0d1dae71ea,0.34,0.41752157629050646,12282.0,6897.0,546.33,NVIDIA GeForce RTX 4070,[N/A],Enabled,Enabled
1702751799.227035,0,GPU-93ae0c7f-c327-aee3-adae-bc0d1dae71ea,0.39,0.41752157629050646,12282.0,6897.0,546.33,NVIDIA GeForce RTX 4070,[N/A],Enabled,Enabled
1702751800.227445,0,GPU-93ae0c7f-c327-aee3-adae-bc0d1dae71ea,0.37,0.41752157629050646,12282.0,6897.0,546.33,NVIDIA GeForce RTX 4070,[N/A],Enabled,Enabled
1702751801.227422,0,GPU-93ae0c7f-c327-aee3-adae-bc0d1dae71ea,0.35,0.41752157629050646,12282.0,6897.0,546.33,NVIDIA GeForce RTX 4070,[N/A],Enabled,Enabled
1702751802.22809,0,GPU-93ae0c7f-c327-aee3-adae-bc0d1dae71ea,0.38,0.41752157629050646,12282.0,6897.0,546.33,NVIDIA GeForce RTX 4070,[N/A],Enabled,Enabled
1702751803.228093,0,GPU-93ae0c7f-c327-aee3-adae-bc0d1dae71ea,0.36,0.41752157629050646,12282.0,6897.0,546.33,NVIDIA GeForce RTX 4070,[N/A],Enabled,Enabled
1702751804.227214,0,GPU-93ae0c7f-c327-aee3-adae-bc0d1dae71ea,0.38,0.41752157629050646,12282.0,6897.0,546.33,NVIDIA GeForce RTX 4070,[N/A],Enabled,Enabled
1702751805.227903,0,GPU-93ae0c7f-c327-aee3-adae-bc0d1dae71ea,0.39,0.41752157629050646,12282.0,6897.0,546.33,NVIDIA GeForce RTX 4070,[N/A],Enabled,Enabled
1702751806.227327,0,GPU-93ae0c7f-c327-aee3-adae-bc0d1dae71ea,0.36,0.41752157629050646,12282.0,6897.0,546.33,NVIDIA GeForce RTX 4070,[N/A],Enabled,Enabled
1702751807.22736,0,GPU-93ae0c7f-c327-aee3-adae-bc0d1dae71ea,0.4,0.41752157629050646,12282.0,6897.0,546.33,NVIDIA GeForce RTX 4070,[N/A],Enabled,Enabled
1702751808.227788,0,GPU-93ae0c7f-c327-aee3-adae-bc0d1dae71ea,0.38,0.41752157629050646,12282.0,6897.0,546.33,NVIDIA GeForce RTX 4070,[N/A],Enabled,Enabled
1702751809.227026,0,GPU-93ae0c7f-c327-aee3-adae-bc0d1dae71ea,0.39,0.41752157629050646,12282.0,6897.0,546.33,NVIDIA GeForce RTX 4070,[N/A],Enabled,Enabled
1702751810.228012,0,GPU-93ae0c7f-c327-aee3-adae-bc0d1dae71ea,0.4,0.41752157629050646,12282.0,6897.0,546.33,NVIDIA GeForce RTX 4070,[N/A],Enabled,Enabled
1702751811.228436,0,GPU-93ae0c7f-c327-aee3-adae-bc0d1dae71ea,0.4,0.41752157629050646,12282.0,6897.0,546.33,NVIDIA GeForce RTX 4070,[N/A],Enabled,Enabled
1702751812.228117,0,GPU-93ae0c7f-c327-aee3-adae-bc0d1dae71ea,0.35,0.41752157629050646,12282.0,6897.0,546.33,NVIDIA GeForce RTX 4070,[N/A],Enabled,Enabled
1702751813.227996,0,GPU-93ae0c7f-c327-aee3-adae-bc0d1dae71ea,0.41,0.41752157629050646,12282.0,6897.0,546.33,NVIDIA GeForce RTX 4070,[N/A],Enabled,Enabled
1702751814.228311,0,GPU-93ae0c7f-c327-aee3-adae-bc0d1dae71ea,0.38,0.41752157629050646,12282.0,6897.0,546.33,NVIDIA GeForce RTX 4070,[N/A],Enabled,Enabled
1702751815.227534,0,GPU-93ae0c7f-c327-aee3-adae-bc0d1dae71ea,0.43,0.41752157629050646,12282.0,6897.0,546.33,NVIDIA GeForce RTX 4070,[N/A],Enabled,Enabled
1702751816.227584,0,GPU-93ae0c7f-c327-aee3-adae-bc0d1dae71ea,0.4,0.41752157629050646,12282.0,6897.0,546.33,NVIDIA GeForce RTX 4070,[N/A],Enabled,Enabled
1702751817.228615,0,GPU-93ae0c7f-c327-aee3-adae-bc0d1dae71ea,0.39,0.41752157629050646,12282.0,6897.0,546.33,NVIDIA GeForce RTX 4070,[N/A],Enabled,Enabled
1702751818.22782,0,GPU-93ae0c7f-c327-aee3-adae-bc0d1dae71ea,0.4,0.41752157629050646,12282.0,6897.0,546.33,NVIDIA GeForce RTX 4070,[N/A],Enabled,Enabled
1702751819.22801,0,GPU-93ae0c7f-c327-aee3-adae-bc0d1dae71ea,0.4,0.41752157629050646,12282.0,6897.0,546.33,NVIDIA GeForce RTX 4070,[N/A],Enabled,Enabled
1702751820.22756,0,GPU-93ae0c7f-c327-aee3-adae-bc0d1dae71ea,0.41,0.41752157629050646,12282.0,6897.0,546.33,NVIDIA GeForce RTX 4070,[N/A],Enabled,Enabled
1702751821.227172,0,GPU-93ae0c7f-c327-aee3-adae-bc0d1dae71ea,0.39,0.41752157629050646,12282.0,6897.0,546.33,NVIDIA GeForce RTX 4070,[N/A],Enabled,Enabled
1702751822.227161,0,GPU-93ae0c7f-c327-aee3-adae-bc0d1dae71ea,0.37,0.41752157629050646,12282.0,6897.0,546.33,NVIDIA GeForce RTX 4070,[N/A],Enabled,Enabled
1702751823.227164,0,GPU-93ae0c7f-c327-aee3-adae-bc0d1dae71ea,0.4,0.41752157629050646,12282.0,6897.0,546.33,NVIDIA GeForce RTX 4070,[N/A],Enabled,Enabled
1702751824.227293,0,GPU-93ae0c7f-c327-aee3-adae-bc0d1dae71ea,0.37,0.41752157629050646,12282.0,6897.0,546.33,NVIDIA GeForce RTX 4070,[N/A],Enabled,Enabled
1702751825.227536,0,GPU-93ae0c7f-c327-aee3-adae-bc0d1dae71ea,0.37,0.41752157629050646,12282.0,6897.0,546.33,NVIDIA GeForce RTX 4070,[N/A],Enabled,Enabled
1702751826.227457,0,GPU-93ae0c7f-c327-aee3-adae-bc0d1dae71ea,0.35,0.41752157629050646,12282.0,6897.0,546.33,NVIDIA GeForce RTX 4070,[N/A],Enabled,Enabled
1702751827.228445,0,GPU-93ae0c7f-c327-aee3-adae-bc0d1dae71ea,0.42,0.41752157629050646,12282.0,6897.0,546.33,NVIDIA GeForce RTX 4070,[N/A],Enabled,Enabled
1702751828.227067,0,GPU-93ae0c7f-c327-aee3-adae-bc0d1dae71ea,0.37,0.41752157629050646,12282.0,6897.0,546.33,NVIDIA GeForce RTX 4070,[N/A],Enabled,Enabled
1702751829.228335,0,GPU-93ae0c7f-c327-aee3-adae-bc0d1dae71ea,0.38,0.41752157629050646,12282.0,6897.0,546.33,NVIDIA GeForce RTX 4070,[N/A],Enabled,Enabled
1702751830.227421,0,GPU-93ae0c7f-c327-aee3-adae-bc0d1dae71ea,0.38,0.41752157629050646,12282.0,6897.0,546.33,NVIDIA GeForce RTX 4070,[N/A],Enabled,Enabled
1702751831.227345,0,GPU-93ae0c7f-c327-aee3-adae-bc0d1dae71ea,0.39,0.41752157629050646,12282.0,6897.0,546.33,NVIDIA GeForce RTX 4070,[N/A],Enabled,Enabled
1702751832.227186,0,GPU-93ae0c7f-c327-aee3-adae-bc0d1dae71ea,0.35,0.41752157629050646,12282.0,6897.0,546.33,NVIDIA GeForce RTX 4070,[N/A],Enabled,Enabled
1702751833.227625,0,GPU-93ae0c7f-c327-aee3-adae-bc0d1dae71ea,0.44,0.41752157629050646,12282.0,6897.0,546.33,NVIDIA GeForce RTX 4070,[N/A],Enabled,Enabled
1702751834.227239,0,GPU-93ae0c7f-c327-aee3-adae-bc0d1dae71ea,0.37,0.41752157629050646,12282.0,6897.0,546.33,NVIDIA GeForce RTX 4070,[N/A],Enabled,Enabled
1702751835.227395,0,GPU-93ae0c7f-c327-aee3-adae-bc0d1dae71ea,0.48,0.41752157629050646,12282.0,6897.0,546.33,NVIDIA GeForce RTX 4070,[N/A],Enabled,Enabled
1702751836.227625,0,GPU-93ae0c7f-c327-aee3-adae-bc0d1dae71ea,0.36,0.41752157629050646,12282.0,6897.0,546.33,NVIDIA GeForce RTX 4070,[N/A],Enabled,Enabled
1702751837.227906,0,GPU-93ae0c7f-c327-aee3-adae-bc0d1dae71ea,0.36,0.41752157629050646,12282.0,6897.0,546.33,NVIDIA GeForce RTX 4070,[N/A],Enabled,Enabled
1702751838.227281,0,GPU-93ae0c7f-c327-aee3-adae-bc0d1dae71ea,0.36,0.41752157629050646,12282.0,6897.0,546.33,NVIDIA GeForce RTX 4070,[N/A],Enabled,Enabled
1702751839.227546,0,GPU-93ae0c7f-c327-aee3-adae-bc0d1dae71ea,0.34,0.41752157629050646,12282.0,6897.0,546.33,NVIDIA GeForce RTX 4070,[N/A],Enabled,Enabled
1702751840.228006,0,GPU-93ae0c7f-c327-aee3-adae-bc0d1dae71ea,0.4,0.41752157629050646,12282.0,6897.0,546.33,NVIDIA GeForce RTX 4070,[N/A],Enabled,Enabled
1702751841.228535,0,GPU-93ae0c7f-c327-aee3-adae-bc0d1dae71ea,0.36,0.41752157629050646,12282.0,6897.0,546.33,NVIDIA GeForce RTX 4070,[N/A],Enabled,Enabled
1702751842.228334,0,GPU-93ae0c7f-c327-aee3-adae-bc0d1dae71ea,0.37,0.41752157629050646,12282.0,6897.0,546.33,NVIDIA GeForce RTX 4070,[N/A],Enabled,Enabled
1702751843.227669,0,GPU-93ae0c7f-c327-aee3-adae-bc0d1dae71ea,0.44,0.41752157629050646,12282.0,6897.0,546.33,NVIDIA GeForce RTX 4070,[N/A],Enabled,Enabled
1702751844.227324,0,GPU-93ae0c7f-c327-aee3-adae-bc0d1dae71ea,0.36,0.41752157629050646,12282.0,6897.0,546.33,NVIDIA GeForce RTX 4070,[N/A],Enabled,Enabled
1702751845.228186,0,GPU-93ae0c7f-c327-aee3-adae-bc0d1dae71ea,0.41,0.41752157629050646,12282.0,6897.0,546.33,NVIDIA GeForce RTX 4070,[N/A],Enabled,Enabled
1702751846.227727,0,GPU-93ae0c7f-c327-aee3-adae-bc0d1dae71ea,0.38,0.41752157629050646,12282.0,6897.0,546.33,NVIDIA GeForce RTX 4070,[N/A],Enabled,Enabled
1702751847.227817,0,GPU-93ae0c7f-c327-aee3-adae-bc0d1dae71ea,0.41,0.41752157629050646,12282.0,6897.0,546.33,NVIDIA GeForce RTX 4070,[N/A],Enabled,Enabled
1702751848.227406,0,GPU-93ae0c7f-c327-aee3-adae-bc0d1dae71ea,0.4,0.41752157629050646,12282.0,6897.0,546.33,NVIDIA GeForce RTX 4070,[N/A],Enabled,Enabled
1702751849.228613,0,GPU-93ae0c7f-c327-aee3-adae-bc0d1dae71ea,0.39,0.41752157629050646,12282.0,6897.0,546.33,NVIDIA GeForce RTX 4070,[N/A],Enabled,Enabled
1702751850.228543,0,GPU-93ae0c7f-c327-aee3-adae-bc0d1dae71ea,0.37,0.41752157629050646,12282.0,6897.0,546.33,NVIDIA GeForce RTX 4070,[N/A],Enabled,Enabled
1702751851.228056,0,GPU-93ae0c7f-c327-aee3-adae-bc0d1dae71ea,0.42,0.41752157629050646,12282.0,6897.0,546.33,NVIDIA GeForce RTX 4070,[N/A],Enabled,Enabled
1702751852.227937,0,GPU-93ae0c7f-c327-aee3-adae-bc0d1dae71ea,0.38,0.41752157629050646,12282.0,6897.0,546.33,NVIDIA GeForce RTX 4070,[N/A],Enabled,Enabled
1702751853.227637,0,GPU-93ae0c7f-c327-aee3-adae-bc0d1dae71ea,0.36,0.41752157629050646,12282.0,6897.0,546.33,NVIDIA GeForce RTX 4070,[N/A],Enabled,Enabled
1702751854.227418,0,GPU-93ae0c7f-c327-aee3-adae-bc0d1dae71ea,0.36,0.41752157629050646,12282.0,6897.0,546.33,NVIDIA GeForce RTX 4070,[N/A],Enabled,Enabled
1702751855.227093,0,GPU-93ae0c7f-c327-aee3-adae-bc0d1dae71ea,0.42,0.41752157629050646,12282.0,6897.0,546.33,NVIDIA GeForce RTX 4070,[N/A],Enabled,Enabled
1702751856.228169,0,GPU-93ae0c7f-c327-aee3-adae-bc0d1dae71ea,0.37,0.41752157629050646,12282.0,6897.0,546.33,NVIDIA GeForce RTX 4070,[N/A],Enabled,Enabled
1702751857.22846,0,GPU-93ae0c7f-c327-aee3-adae-bc0d1dae71ea,0.43,0.41752157629050646,12282.0,6897.0,546.33,NVIDIA GeForce RTX 4070,[N/A],Enabled,Enabled
1702751858.22751,0,GPU-93ae0c7f-c327-aee3-adae-bc0d1dae71ea,0.35,0.41752157629050646,12282.0,6897.0,546.33,NVIDIA GeForce RTX 4070,[N/A],Enabled,Enabled
1702751859.227613,0,GPU-93ae0c7f-c327-aee3-adae-bc0d1dae71ea,0.39,0.41752157629050646,12282.0,6897.0,546.33,NVIDIA GeForce RTX 4070,[N/A],Enabled,Enabled
1702751860.227061,0,GPU-93ae0c7f-c327-aee3-adae-bc0d1dae71ea,0.39,0.41752157629050646,12282.0,6897.0,546.33,NVIDIA GeForce RTX 4070,[N/A],Enabled,Enabled
1702751861.227987,0,GPU-93ae0c7f-c327-aee3-adae-bc0d1dae71ea,0.39,0.41752157629050646,12282.0,6897.0,546.33,NVIDIA GeForce RTX 4070,[N/A],Enabled,Enabled
1702751862.227228,0,GPU-93ae0c7f-c327-aee3-adae-bc0d1dae71ea,0.39,0.41752157629050646,12282.0,6897.0,546.33,NVIDIA GeForce RTX 4070,[N/A],Enabled,Enabled
1702751863.227647,0,GPU-93ae0c7f-c327-aee3-adae-bc0d1dae71ea,0.44,0.41752157629050646,12282.0,6897.0,546.33,NVIDIA GeForce RTX 4070,[N/A],Enabled,Enabled
1702751864.22832,0,GPU-93ae0c7f-c327-aee3-adae-bc0d1dae71ea,0.37,0.41752157629050646,12282.0,6897.0,546.33,NVIDIA GeForce RTX 4070,[N/A],Enabled,Enabled
1702751865.227378,0,GPU-93ae0c7f-c327-aee3-adae-bc0d1dae71ea,0.41,0.41752157629050646,12282.0,6897.0,546.33,NVIDIA GeForce RTX 4070,[N/A],Enabled,Enabled
1702751866.227206,0,GPU-93ae0c7f-c327-aee3-adae-bc0d1dae71ea,0.44,0.41752157629050646,12282.0,6897.0,546.33,NVIDIA GeForce RTX 4070,[N/A],Enabled,Enabled
1702751867.227548,0,GPU-93ae0c7f-c327-aee3-adae-bc0d1dae71ea,0.39,0.41752157629050646,12282.0,6897.0,546.33,NVIDIA GeForce RTX 4070,[N/A],Enabled,Enabled
1702751868.227625,0,GPU-93ae0c7f-c327-aee3-adae-bc0d1dae71ea,0.38,0.41752157629050646,12282.0,6897.0,546.33,NVIDIA GeForce RTX 4070,[N/A],Enabled,Enabled
1702751869.228455,0,GPU-93ae0c7f-c327-aee3-adae-bc0d1dae71ea,0.4,0.41752157629050646,12282.0,6897.0,546.33,NVIDIA GeForce RTX 4070,[N/A],Enabled,Enabled
1702751870.227926,0,GPU-93ae0c7f-c327-aee3-adae-bc0d1dae71ea,0.37,0.41752157629050646,12282.0,6897.0,546.33,NVIDIA GeForce RTX 4070,[N/A],Enabled,Enabled
1702751871.227835,0,GPU-93ae0c7f-c327-aee3-adae-bc0d1dae71ea,0.38,0.41752157629050646,12282.0,6897.0,546.33,NVIDIA GeForce RTX 4070,[N/A],Enabled,Enabled
1702751872.227439,0,GPU-93ae0c7f-c327-aee3-adae-bc0d1dae71ea,0.38,0.41752157629050646,12282.0,6897.0,546.33,NVIDIA GeForce RTX 4070,[N/A],Enabled,Enabled
1702751873.227494,0,GPU-93ae0c7f-c327-aee3-adae-bc0d1dae71ea,0.35,0.41752157629050646,12282.0,6897.0,546.33,NVIDIA GeForce RTX 4070,[N/A],Enabled,Enabled
1702751874.227301,0,GPU-93ae0c7f-c327-aee3-adae-bc0d1dae71ea,0.33,0.41752157629050646,12282.0,6897.0,546.33,NVIDIA GeForce RTX 4070,[N/A],Enabled,Enabled
1702751875.227987,0,GPU-93ae0c7f-c327-aee3-adae-bc0d1dae71ea,0.38,0.41752157629050646,12282.0,6897.0,546.33,NVIDIA GeForce RTX 4070,[N/A],Enabled,Enabled
1702751876.227589,0,GPU-93ae0c7f-c327-aee3-adae-bc0d1dae71ea,0.36,0.41752157629050646,12282.0,6897.0,546.33,NVIDIA GeForce RTX 4070,[N/A],Enabled,Enabled
1702751877.226863,0,GPU-93ae0c7f-c327-aee3-adae-bc0d1dae71ea,0.39,0.41752157629050646,12282.0,6897.0,546.33,NVIDIA GeForce RTX 4070,[N/A],Enabled,Enabled
1702751878.227643,0,GPU-93ae0c7f-c327-aee3-adae-bc0d1dae71ea,0.35,0.41752157629050646,12282.0,6897.0,546.33,NVIDIA GeForce RTX 4070,[N/A],Enabled,Enabled
1702751879.227719,0,GPU-93ae0c7f-c327-aee3-adae-bc0d1dae71ea,0.36,0.41752157629050646,12282.0,6897.0,546.33,NVIDIA GeForce RTX 4070,[N/A],Enabled,Enabled
1702751880.228044,0,GPU-93ae0c7f-c327-aee3-adae-bc0d1dae71ea,0.38,0.41752157629050646,12282.0,6897.0,546.33,NVIDIA GeForce RTX 4070,[N/A],Enabled,Enabled
1702751881.227767,0,GPU-93ae0c7f-c327-aee3-adae-bc0d1dae71ea,0.35,0.41752157629050646,12282.0,6897.0,546.33,NVIDIA GeForce RTX 4070,[N/A],Enabled,Enabled
1702751882.227657,0,GPU-93ae0c7f-c327-aee3-adae-bc0d1dae71ea,0.38,0.41752157629050646,12282.0,6897.0,546.33,NVIDIA GeForce RTX 4070,[N/A],Enabled,Enabled
1702751883.227685,0,GPU-93ae0c7f-c327-aee3-adae-bc0d1dae71ea,0.38,0.41752157629050646,12282.0,6897.0,546.33,NVIDIA GeForce RTX 4070,[N/A],Enabled,Enabled
1702751884.227548,0,GPU-93ae0c7f-c327-aee3-adae-bc0d1dae71ea,0.33,0.41752157629050646,12282.0,6897.0,546.33,NVIDIA GeForce RTX 4070,[N/A],Enabled,Enabled
1702751885.228402,0,GPU-93ae0c7f-c327-aee3-adae-bc0d1dae71ea,0.39,0.41752157629050646,12282.0,6897.0,546.33,NVIDIA GeForce RTX 4070,[N/A],Enabled,Enabled
1702751886.227188,0,GPU-93ae0c7f-c327-aee3-adae-bc0d1dae71ea,0.39,0.41752157629050646,12282.0,6897.0,546.33,NVIDIA GeForce RTX 4070,[N/A],Enabled,Enabled
1702751887.227389,0,GPU-93ae0c7f-c327-aee3-adae-bc0d1dae71ea,0.35,0.41752157629050646,12282.0,6897.0,546.33,NVIDIA GeForce RTX 4070,[N/A],Enabled,Enabled
1702751888.227168,0,GPU-93ae0c7f-c327-aee3-adae-bc0d1dae71ea,0.36,0.41752157629050646,12282.0,6897.0,546.33,NVIDIA GeForce RTX 4070,[N/A],Enabled,Enabled
1702751889.227472,0,GPU-93ae0c7f-c327-aee3-adae-bc0d1dae71ea,0.36,0.41752157629050646,12282.0,6897.0,546.33,NVIDIA GeForce RTX 4070,[N/A],Enabled,Enabled
1702751890.228416,0,GPU-93ae0c7f-c327-aee3-adae-bc0d1dae71ea,0.38,0.41752157629050646,12282.0,6897.0,546.33,NVIDIA GeForce RTX 4070,[N/A],Enabled,Enabled
1702751891.227853,0,GPU-93ae0c7f-c327-aee3-adae-bc0d1dae71ea,0.36,0.41752157629050646,12282.0,6897.0,546.33,NVIDIA GeForce RTX 4070,[N/A],Enabled,Enabled
1702751892.227545,0,GPU-93ae0c7f-c327-aee3-adae-bc0d1dae71ea,0.37,0.41752157629050646,12282.0,6897.0,546.33,NVIDIA GeForce RTX 4070,[N/A],Enabled,Enabled
1702751893.227933,0,GPU-93ae0c7f-c327-aee3-adae-bc0d1dae71ea,0.4,0.41752157629050646,12282.0,6897.0,546.33,NVIDIA GeForce RTX 4070,[N/A],Enabled,Enabled
1702751894.227276,0,GPU-93ae0c7f-c327-aee3-adae-bc0d1dae71ea,0.34,0.41752157629050646,12282.0,6897.0,546.33,NVIDIA GeForce RTX 4070,[N/A],Enabled,Enabled
1702751895.228188,0,GPU-93ae0c7f-c327-aee3-adae-bc0d1dae71ea,0.39,0.41752157629050646,12282.0,6897.0,546.33,NVIDIA GeForce RTX 4070,[N/A],Enabled,Enabled
1702751896.228173,0,GPU-93ae0c7f-c327-aee3-adae-bc0d1dae71ea,0.35,0.41752157629050646,12282.0,6897.0,546.33,NVIDIA GeForce RTX 4070,[N/A],Enabled,Enabled
1702751897.228218,0,GPU-93ae0c7f-c327-aee3-adae-bc0d1dae71ea,0.4,0.41752157629050646,12282.0,6897.0,546.33,NVIDIA GeForce RTX 4070,[N/A],Enabled,Enabled
1702751898.22747,0,GPU-93ae0c7f-c327-aee3-adae-bc0d1dae71ea,0.44,0.41752157629050646,12282.0,6897.0,546.33,NVIDIA GeForce RTX 4070,[N/A],Enabled,Enabled
1702751899.227287,0,GPU-93ae0c7f-c327-aee3-adae-bc0d1dae71ea,0.44,0.41752157629050646,12282.0,6897.0,546.33,NVIDIA GeForce RTX 4070,[N/A],Enabled,Enabled
1702751900.22754,0,GPU-93ae0c7f-c327-aee3-adae-bc0d1dae71ea,0.37,0.41752157629050646,12282.0,6897.0,546.33,NVIDIA GeForce RTX 4070,[N/A],Enabled,Enabled
1702751901.22855,0,GPU-93ae0c7f-c327-aee3-adae-bc0d1dae71ea,0.39,0.41752157629050646,12282.0,6897.0,546.33,NVIDIA GeForce RTX 4070,[N/A],Enabled,Enabled
1702751902.227338,0,GPU-93ae0c7f-c327-aee3-adae-bc0d1dae71ea,0.35,0.41752157629050646,12282.0,6897.0,546.33,NVIDIA GeForce RTX 4070,[N/A],Enabled,Enabled
1702751903.22757,0,GPU-93ae0c7f-c327-aee3-adae-bc0d1dae71ea,0.38,0.41752157629050646,12282.0,6897.0,546.33,NVIDIA GeForce RTX 4070,[N/A],Enabled,Enabled
1702751904.228165,0,GPU-93ae0c7f-c327-aee3-adae-bc0d1dae71ea,0.34,0.41752157629050646,12282.0,6897.0,546.33,NVIDIA GeForce RTX 4070,[N/A],Enabled,Enabled
1702751905.22727,0,GPU-93ae0c7f-c327-aee3-adae-bc0d1dae71ea,0.39,0.41752157629050646,12282.0,6897.0,546.33,NVIDIA GeForce RTX 4070,[N/A],Enabled,Enabled
1702751906.227374,0,GPU-93ae0c7f-c327-aee3-adae-bc0d1dae71ea,0.48,0.41752157629050646,12282.0,6897.0,546.33,NVIDIA GeForce RTX 4070,[N/A],Enabled,Enabled
1702751907.227131,0,GPU-93ae0c7f-c327-aee3-adae-bc0d1dae71ea,0.4,0.41752157629050646,12282.0,6897.0,546.33,NVIDIA GeForce RTX 4070,[N/A],Enabled,Enabled
1702751908.227592,0,GPU-93ae0c7f-c327-aee3-adae-bc0d1dae71ea,0.36,0.41752157629050646,12282.0,6897.0,546.33,NVIDIA GeForce RTX 4070,[N/A],Enabled,Enabled
1702751909.227862,0,GPU-93ae0c7f-c327-aee3-adae-bc0d1dae71ea,0.4,0.41752157629050646,12282.0,6897.0,546.33,NVIDIA GeForce RTX 4070,[N/A],Enabled,Enabled
1702751910.228549,0,GPU-93ae0c7f-c327-aee3-adae-bc0d1dae71ea,0.43,0.41752157629050646,12282.0,6897.0,546.33,NVIDIA GeForce RTX 4070,[N/A],Enabled,Enabled
1702751911.228196,0,GPU-93ae0c7f-c327-aee3-adae-bc0d1dae71ea,0.43,0.41752157629050646,12282.0,6897.0,546.33,NVIDIA GeForce RTX 4070,[N/A],Enabled,Enabled
1702751912.227607,0,GPU-93ae0c7f-c327-aee3-adae-bc0d1dae71ea,0.36,0.41752157629050646,12282.0,6897.0,546.33,NVIDIA GeForce RTX 4070,[N/A],Enabled,Enabled
1702751913.22783,0,GPU-93ae0c7f-c327-aee3-adae-bc0d1dae71ea,0.38,0.41752157629050646,12282.0,6897.0,546.33,NVIDIA GeForce RTX 4070,[N/A],Enabled,Enabled
1702751914.227799,0,GPU-93ae0c7f-c327-aee3-adae-bc0d1dae71ea,0.36,0.41752157629050646,12282.0,6897.0,546.33,NVIDIA GeForce RTX 4070,[N/A],Enabled,Enabled
1702751915.227333,0,GPU-93ae0c7f-c327-aee3-adae-bc0d1dae71ea,0.4,0.41752157629050646,12282.0,6897.0,546.33,NVIDIA GeForce RTX 4070,[N/A],Enabled,Enabled
1702751916.227607,0,GPU-93ae0c7f-c327-aee3-adae-bc0d1dae71ea,0.4,0.41752157629050646,12282.0,6897.0,546.33,NVIDIA GeForce RTX 4070,[N/A],Enabled,Enabled
1702751917.227527,0,GPU-93ae0c7f-c327-aee3-adae-bc0d1dae71ea,0.41,0.41752157629050646,12282.0,6897.0,546.33,NVIDIA GeForce RTX 4070,[N/A],Enabled,Enabled
1702751918.227965,0,GPU-93ae0c7f-c327-aee3-adae-bc0d1dae71ea,0.38,0.41752157629050646,12282.0,6897.0,546.33,NVIDIA GeForce RTX 4070,[N/A],Enabled,Enabled
1702751919.227437,0,GPU-93ae0c7f-c327-aee3-adae-bc0d1dae71ea,0.39,0.41752157629050646,12282.0,6897.0,546.33,NVIDIA GeForce RTX 4070,[N/A],Enabled,Enabled
1702751920.227497,0,GPU-93ae0c7f-c327-aee3-adae-bc0d1dae71ea,0.46,0.41752157629050646,12282.0,6897.0,546.33,NVIDIA GeForce RTX 4070,[N/A],Enabled,Enabled
1702751921.227833,0,GPU-93ae0c7f-c327-aee3-adae-bc0d1dae71ea,0.4,0.41752157629050646,12282.0,6897.0,546.33,NVIDIA GeForce RTX 4070,[N/A],Enabled,Enabled
1702751922.227259,0,GPU-93ae0c7f-c327-aee3-adae-bc0d1dae71ea,0.38,0.41752157629050646,12282.0,6897.0,546.33,NVIDIA GeForce RTX 4070,[N/A],Enabled,Enabled
1702751923.228306,0,GPU-93ae0c7f-c327-aee3-adae-bc0d1dae71ea,0.42,0.41752157629050646,12282.0,6897.0,546.33,NVIDIA GeForce RTX 4070,[N/A],Enabled,Enabled
1702751924.22826,0,GPU-93ae0c7f-c327-aee3-adae-bc0d1dae71ea,0.38,0.41752157629050646,12282.0,6897.0,546.33,NVIDIA GeForce RTX 4070,[N/A],Enabled,Enabled
1702751925.228295,0,GPU-93ae0c7f-c327-aee3-adae-bc0d1dae71ea,0.41,0.41752157629050646,12282.0,6897.0,546.33,NVIDIA GeForce RTX 4070,[N/A],Enabled,Enabled
1702751926.227878,0,GPU-93ae0c7f-c327-aee3-adae-bc0d1dae71ea,0.37,0.41752157629050646,12282.0,6897.0,546.33,NVIDIA GeForce RTX 4070,[N/A],Enabled,Enabled
1702751927.228514,0,GPU-93ae0c7f-c327-aee3-adae-bc0d1dae71ea,0.37,0.41752157629050646,12282.0,6897.0,546.33,NVIDIA GeForce RTX 4070,[N/A],Enabled,Enabled
1702751928.227784,0,GPU-93ae0c7f-c327-aee3-adae-bc0d1dae71ea,0.39,0.41752157629050646,12282.0,6897.0,546.33,NVIDIA GeForce RTX 4070,[N/A],Enabled,Enabled
1702751929.228675,0,GPU-93ae0c7f-c327-aee3-adae-bc0d1dae71ea,0.38,0.41752157629050646,12282.0,6897.0,546.33,NVIDIA GeForce RTX 4070,[N/A],Enabled,Enabled
1702751930.227655,0,GPU-93ae0c7f-c327-aee3-adae-bc0d1dae71ea,0.36,0.41752157629050646,12282.0,6897.0,546.33,NVIDIA GeForce RTX 4070,[N/A],Enabled,Enabled
1702751931.227487,0,GPU-93ae0c7f-c327-aee3-adae-bc0d1dae71ea,0.4,0.41752157629050646,12282.0,6897.0,546.33,NVIDIA GeForce RTX 4070,[N/A],Enabled,Enabled
1702751932.227755,0,GPU-93ae0c7f-c327-aee3-adae-bc0d1dae71ea,0.38,0.41752157629050646,12282.0,6897.0,546.33,NVIDIA GeForce RTX 4070,[N/A],Enabled,Enabled
1702751933.227591,0,GPU-93ae0c7f-c327-aee3-adae-bc0d1dae71ea,0.35,0.41752157629050646,12282.0,6897.0,546.33,NVIDIA GeForce RTX 4070,[N/A],Enabled,Enabled
1702751934.227863,0,GPU-93ae0c7f-c327-aee3-adae-bc0d1dae71ea,0.34,0.41752157629050646,12282.0,6897.0,546.33,NVIDIA GeForce RTX 4070,[N/A],Enabled,Enabled
1702751935.228084,0,GPU-93ae0c7f-c327-aee3-adae-bc0d1dae71ea,0.38,0.41752157629050646,12282.0,6897.0,546.33,NVIDIA GeForce RTX 4070,[N/A],Enabled,Enabled
1702751936.22769,0,GPU-93ae0c7f-c327-aee3-adae-bc0d1dae71ea,0.35,0.41752157629050646,12282.0,6897.0,546.33,NVIDIA GeForce RTX 4070,[N/A],Enabled,Enabled
1702751937.228512,0,GPU-93ae0c7f-c327-aee3-adae-bc0d1dae71ea,0.37,0.41752157629050646,12282.0,6897.0,546.33,NVIDIA GeForce RTX 4070,[N/A],Enabled,Enabled
1702751938.228081,0,GPU-93ae0c7f-c327-aee3-adae-bc0d1dae71ea,0.36,0.41752157629050646,12282.0,6897.0,546.33,NVIDIA GeForce RTX 4070,[N/A],Enabled,Enabled
1702751939.228027,0,GPU-93ae0c7f-c327-aee3-adae-bc0d1dae71ea,0.39,0.41752157629050646,12282.0,6897.0,546.33,NVIDIA GeForce RTX 4070,[N/A],Enabled,Enabled
1702751940.227395,0,GPU-93ae0c7f-c327-aee3-adae-bc0d1dae71ea,0.32,0.41752157629050646,12282.0,6897.0,546.33,NVIDIA GeForce RTX 4070,[N/A],Enabled,Enabled
1702751941.227334,0,GPU-93ae0c7f-c327-aee3-adae-bc0d1dae71ea,0.34,0.41752157629050646,12282.0,6897.0,546.33,NVIDIA GeForce RTX 4070,[N/A],Enabled,Enabled
1702751942.22825,0,GPU-93ae0c7f-c327-aee3-adae-bc0d1dae71ea,0.36,0.41752157629050646,12282.0,6897.0,546.33,NVIDIA GeForce RTX 4070,[N/A],Enabled,Enabled
1702751943.227791,0,GPU-93ae0c7f-c327-aee3-adae-bc0d1dae71ea,0.38,0.41752157629050646,12282.0,6897.0,546.33,NVIDIA GeForce RTX 4070,[N/A],Enabled,Enabled
1702751944.22727,0,GPU-93ae0c7f-c327-aee3-adae-bc0d1dae71ea,0.36,0.41752157629050646,12282.0,6897.0,546.33,NVIDIA GeForce RTX 4070,[N/A],Enabled,Enabled
1702751945.227198,0,GPU-93ae0c7f-c327-aee3-adae-bc0d1dae71ea,0.35,0.41752157629050646,12282.0,6897.0,546.33,NVIDIA GeForce RTX 4070,[N/A],Enabled,Enabled
1702751946.228156,0,GPU-93ae0c7f-c327-aee3-adae-bc0d1dae71ea,0.38,0.41752157629050646,12282.0,6897.0,546.33,NVIDIA GeForce RTX 4070,[N/A],Enabled,Enabled
1702751947.228012,0,GPU-93ae0c7f-c327-aee3-adae-bc0d1dae71ea,0.4,0.41752157629050646,12282.0,6897.0,546.33,NVIDIA GeForce RTX 4070,[N/A],Enabled,Enabled
1702751948.227772,0,GPU-93ae0c7f-c327-aee3-adae-bc0d1dae71ea,0.38,0.41752157629050646,12282.0,6897.0,546.33,NVIDIA GeForce RTX 4070,[N/A],Enabled,Enabled
1702751949.227806,0,GPU-93ae0c7f-c327-aee3-adae-bc0d1dae71ea,0.35,0.41752157629050646,12282.0,6897.0,546.33,NVIDIA GeForce RTX 4070,[N/A],Enabled,Enabled
1702751950.227398,0,GPU-93ae0c7f-c327-aee3-adae-bc0d1dae71ea,0.34,0.41752157629050646,12282.0,6897.0,546.33,NVIDIA GeForce RTX 4070,[N/A],Enabled,Enabled
1702751951.227241,0,GPU-93ae0c7f-c327-aee3-adae-bc0d1dae71ea,0.39,0.41752157629050646,12282.0,6897.0,546.33,NVIDIA GeForce RTX 4070,[N/A],Enabled,Enabled
1702751952.228135,0,GPU-93ae0c7f-c327-aee3-adae-bc0d1dae71ea,0.39,0.41752157629050646,12282.0,6897.0,546.33,NVIDIA GeForce RTX 4070,[N/A],Enabled,Enabled
1702751953.228199,0,GPU-93ae0c7f-c327-aee3-adae-bc0d1dae71ea,0.52,0.41752157629050646,12282.0,6897.0,546.33,NVIDIA GeForce RTX 4070,[N/A],Enabled,Enabled
1702751954.228144,0,GPU-93ae0c7f-c327-aee3-adae-bc0d1dae71ea,0.39,0.41752157629050646,12282.0,6897.0,546.33,NVIDIA GeForce RTX 4070,[N/A],Enabled,Enabled
1702751955.228019,0,GPU-93ae0c7f-c327-aee3-adae-bc0d1dae71ea,0.41,0.41752157629050646,12282.0,6897.0,546.33,NVIDIA GeForce RTX 4070,[N/A],Enabled,Enabled
1702751956.228204,0,GPU-93ae0c7f-c327-aee3-adae-bc0d1dae71ea,0.31,0.41752157629050646,12282.0,6897.0,546.33,NVIDIA GeForce RTX 4070,[N/A],Enabled,Enabled
1702751957.227554,0,GPU-93ae0c7f-c327-aee3-adae-bc0d1dae71ea,0.37,0.41752157629050646,12282.0,6897.0,546.33,NVIDIA GeForce RTX 4070,[N/A],Enabled,Enabled
1702751958.227531,0,GPU-93ae0c7f-c327-aee3-adae-bc0d1dae71ea,0.4,0.41752157629050646,12282.0,6897.0,546.33,NVIDIA GeForce RTX 4070,[N/A],Enabled,Enabled
1702751959.227516,0,GPU-93ae0c7f-c327-aee3-adae-bc0d1dae71ea,0.44,0.41752157629050646,12282.0,6897.0,546.33,NVIDIA GeForce RTX 4070,[N/A],Enabled,Enabled
1702751960.228371,0,GPU-93ae0c7f-c327-aee3-adae-bc0d1dae71ea,0.38,0.41752157629050646,12282.0,6897.0,546.33,NVIDIA GeForce RTX 4070,[N/A],Enabled,Enabled
1702751961.227883,0,GPU-93ae0c7f-c327-aee3-adae-bc0d1dae71ea,0.38,0.41752157629050646,12282.0,6897.0,546.33,NVIDIA GeForce RTX 4070,[N/A],Enabled,Enabled
1702751962.227973,0,GPU-93ae0c7f-c327-aee3-adae-bc0d1dae71ea,0.36,0.41752157629050646,12282.0,6897.0,546.33,NVIDIA GeForce RTX 4070,[N/A],Enabled,Enabled
1702751963.227862,0,GPU-93ae0c7f-c327-aee3-adae-bc0d1dae71ea,0.42,0.41752157629050646,12282.0,6897.0,546.33,NVIDIA GeForce RTX 4070,[N/A],Enabled,Enabled
1702751964.227573,0,GPU-93ae0c7f-c327-aee3-adae-bc0d1dae71ea,0.44,0.41752157629050646,12282.0,6897.0,546.33,NVIDIA GeForce RTX 4070,[N/A],Enabled,Enabled
1702751965.227277,0,GPU-93ae0c7f-c327-aee3-adae-bc0d1dae71ea,0.42,0.41752157629050646,12282.0,6897.0,546.33,NVIDIA GeForce RTX 4070,[N/A],Enabled,Enabled
1702751966.226956,0,GPU-93ae0c7f-c327-aee3-adae-bc0d1dae71ea,0.33,0.41752157629050646,12282.0,6897.0,546.33,NVIDIA GeForce RTX 4070,[N/A],Enabled,Enabled
1702751967.227089,0,GPU-93ae0c7f-c327-aee3-adae-bc0d1dae71ea,0.4,0.41752157629050646,12282.0,6897.0,546.33,NVIDIA GeForce RTX 4070,[N/A],Enabled,Enabled
1702751968.227479,0,GPU-93ae0c7f-c327-aee3-adae-bc0d1dae71ea,0.41,0.41752157629050646,12282.0,6897.0,546.33,NVIDIA GeForce RTX 4070,[N/A],Enabled,Enabled
1702751969.227836,0,GPU-93ae0c7f-c327-aee3-adae-bc0d1dae71ea,0.35,0.41752157629050646,12282.0,6897.0,546.33,NVIDIA GeForce RTX 4070,[N/A],Enabled,Enabled
1702751970.227986,0,GPU-93ae0c7f-c327-aee3-adae-bc0d1dae71ea,0.41,0.41752157629050646,12282.0,6897.0,546.33,NVIDIA GeForce RTX 4070,[N/A],Enabled,Enabled
1702751971.22767,0,GPU-93ae0c7f-c327-aee3-adae-bc0d1dae71ea,0.38,0.41752157629050646,12282.0,6897.0,546.33,NVIDIA GeForce RTX 4070,[N/A],Enabled,Enabled
1702751972.227197,0,GPU-93ae0c7f-c327-aee3-adae-bc0d1dae71ea,0.37,0.41752157629050646,12282.0,6897.0,546.33,NVIDIA GeForce RTX 4070,[N/A],Enabled,Enabled
1702751973.227362,0,GPU-93ae0c7f-c327-aee3-adae-bc0d1dae71ea,0.45,0.41752157629050646,12282.0,6897.0,546.33,NVIDIA GeForce RTX 4070,[N/A],Enabled,Enabled
1702751974.227636,0,GPU-93ae0c7f-c327-aee3-adae-bc0d1dae71ea,0.35,0.41752157629050646,12282.0,6897.0,546.33,NVIDIA GeForce RTX 4070,[N/A],Enabled,Enabled
1702751975.228097,0,GPU-93ae0c7f-c327-aee3-adae-bc0d1dae71ea,0.41,0.41752157629050646,12282.0,6897.0,546.33,NVIDIA GeForce RTX 4070,[N/A],Enabled,Enabled
1702751976.227294,0,GPU-93ae0c7f-c327-aee3-adae-bc0d1dae71ea,0.36,0.41752157629050646,12282.0,6897.0,546.33,NVIDIA GeForce RTX 4070,[N/A],Enabled,Enabled
1702751977.228414,0,GPU-93ae0c7f-c327-aee3-adae-bc0d1dae71ea,0.38,0.41752157629050646,12282.0,6897.0,546.33,NVIDIA GeForce RTX 4070,[N/A],Enabled,Enabled
1702751978.227215,0,GPU-93ae0c7f-c327-aee3-adae-bc0d1dae71ea,0.38,0.41752157629050646,12282.0,6897.0,546.33,NVIDIA GeForce RTX 4070,[N/A],Enabled,Enabled
1702751979.227103,0,GPU-93ae0c7f-c327-aee3-adae-bc0d1dae71ea,0.38,0.41752157629050646,12282.0,6897.0,546.33,NVIDIA GeForce RTX 4070,[N/A],Enabled,Enabled
1702751980.227469,0,GPU-93ae0c7f-c327-aee3-adae-bc0d1dae71ea,0.4,0.41752157629050646,12282.0,6897.0,546.33,NVIDIA GeForce RTX 4070,[N/A],Enabled,Enabled
1702751981.22828,0,GPU-93ae0c7f-c327-aee3-adae-bc0d1dae71ea,0.37,0.41752157629050646,12282.0,6897.0,546.33,NVIDIA GeForce RTX 4070,[N/A],Enabled,Enabled
1702751982.22766,0,GPU-93ae0c7f-c327-aee3-adae-bc0d1dae71ea,0.32,0.41752157629050646,12282.0,6897.0,546.33,NVIDIA GeForce RTX 4070,[N/A],Enabled,Enabled
1702751983.227338,0,GPU-93ae0c7f-c327-aee3-adae-bc0d1dae71ea,0.27,0.4157303370786517,12282.0,6919.0,546.33,NVIDIA GeForce RTX 4070,[N/A],Enabled,Enabled
1702751984.227479,0,GPU-93ae0c7f-c327-aee3-adae-bc0d1dae71ea,0.28,0.4157303370786517,12282.0,6919.0,546.33,NVIDIA GeForce RTX 4070,[N/A],Enabled,Enabled
1702751985.227471,0,GPU-93ae0c7f-c327-aee3-adae-bc0d1dae71ea,0.25,0.41149649894154045,12282.0,6971.0,546.33,NVIDIA GeForce RTX 4070,[N/A],Enabled,Enabled
1702751986.227413,0,GPU-93ae0c7f-c327-aee3-adae-bc0d1dae71ea,0.28,0.4157303370786517,12282.0,6919.0,546.33,NVIDIA GeForce RTX 4070,[N/A],Enabled,Enabled
1702751987.228308,0,GPU-93ae0c7f-c327-aee3-adae-bc0d1dae71ea,0.25,0.41149649894154045,12282.0,6971.0,546.33,NVIDIA GeForce RTX 4070,[N/A],Enabled,Enabled
1702751988.22845,0,GPU-93ae0c7f-c327-aee3-adae-bc0d1dae71ea,0.26,0.41149649894154045,12282.0,6971.0,546.33,NVIDIA GeForce RTX 4070,[N/A],Enabled,Enabled
1702751989.227767,0,GPU-93ae0c7f-c327-aee3-adae-bc0d1dae71ea,0.26,0.41149649894154045,12282.0,6971.0,546.33,NVIDIA GeForce RTX 4070,[N/A],Enabled,Enabled
1702751990.227377,0,GPU-93ae0c7f-c327-aee3-adae-bc0d1dae71ea,0.24,0.41149649894154045,12282.0,6971.0,546.33,NVIDIA GeForce RTX 4070,[N/A],Enabled,Enabled
1702751991.227651,0,GPU-93ae0c7f-c327-aee3-adae-bc0d1dae71ea,0.23,0.41149649894154045,12282.0,6971.0,546.33,NVIDIA GeForce RTX 4070,[N/A],Enabled,Enabled
1702751992.228256,0,GPU-93ae0c7f-c327-aee3-adae-bc0d1dae71ea,0.23,0.41149649894154045,12282.0,6971.0,546.33,NVIDIA GeForce RTX 4070,[N/A],Enabled,Enabled
1702751993.227504,0,GPU-93ae0c7f-c327-aee3-adae-bc0d1dae71ea,0.23,0.41149649894154045,12282.0,6971.0,546.33,NVIDIA GeForce RTX 4070,[N/A],Enabled,Enabled
1702751994.227454,0,GPU-93ae0c7f-c327-aee3-adae-bc0d1dae71ea,0.24,0.41149649894154045,12282.0,6971.0,546.33,NVIDIA GeForce RTX 4070,[N/A],Enabled,Enabled
1702751995.228529,0,GPU-93ae0c7f-c327-aee3-adae-bc0d1dae71ea,0.23,0.41149649894154045,12282.0,6971.0,546.33,NVIDIA GeForce RTX 4070,[N/A],Enabled,Enabled
1702751996.227586,0,GPU-93ae0c7f-c327-aee3-adae-bc0d1dae71ea,0.24,0.41149649894154045,12282.0,6971.0,546.33,NVIDIA GeForce RTX 4070,[N/A],Enabled,Enabled
1702751997.227529,0,GPU-93ae0c7f-c327-aee3-adae-bc0d1dae71ea,0.25,0.41149649894154045,12282.0,6971.0,546.33,NVIDIA GeForce RTX 4070,[N/A],Enabled,Enabled
1702751998.227846,0,GPU-93ae0c7f-c327-aee3-adae-bc0d1dae71ea,0.26,0.41149649894154045,12282.0,6971.0,546.33,NVIDIA GeForce RTX 4070,[N/A],Enabled,Enabled
1702751999.227139,0,GPU-93ae0c7f-c327-aee3-adae-bc0d1dae71ea,0.25,0.41149649894154045,12282.0,6971.0,546.33,NVIDIA GeForce RTX 4070,[N/A],Enabled,Enabled
1702752000.228273,0,GPU-93ae0c7f-c327-aee3-adae-bc0d1dae71ea,0.26,0.41149649894154045,12282.0,6971.0,546.33,NVIDIA GeForce RTX 4070,[N/A],Enabled,Enabled
1702752001.227859,0,GPU-93ae0c7f-c327-aee3-adae-bc0d1dae71ea,0.25,0.41149649894154045,12282.0,6971.0,546.33,NVIDIA GeForce RTX 4070,[N/A],Enabled,Enabled
1702752002.228591,0,GPU-93ae0c7f-c327-aee3-adae-bc0d1dae71ea,0.26,0.41149649894154045,12282.0,6971.0,546.33,NVIDIA GeForce RTX 4070,[N/A],Enabled,Enabled
1702752003.22724,0,GPU-93ae0c7f-c327-aee3-adae-bc0d1dae71ea,0.25,0.41149649894154045,12282.0,6971.0,546.33,NVIDIA GeForce RTX 4070,[N/A],Enabled,Enabled
1702752004.227224,0,GPU-93ae0c7f-c327-aee3-adae-bc0d1dae71ea,0.25,0.41149649894154045,12282.0,6971.0,546.33,NVIDIA GeForce RTX 4070,[N/A],Enabled,Enabled
1702752005.22764,0,GPU-93ae0c7f-c327-aee3-adae-bc0d1dae71ea,0.14,0.22887151929653152,12282.0,9214.0,546.33,NVIDIA GeForce RTX 4070,[N/A],Enabled,Enabled
1702752006.227795,0,GPU-93ae0c7f-c327-aee3-adae-bc0d1dae71ea,0.17,0.22887151929653152,12282.0,9214.0,546.33,NVIDIA GeForce RTX 4070,[N/A],Enabled,Enabled
