timestamp,id,uuid,load,memoryUtil,memoryTotal,memoryUsed,memoryFree,driver,name,serial,display_mode,display_active
1702145952.905771,0,GPU-b342434c-f6b6-7627-333e-da750a9991e6,0.16,0.5048828125,10240.0,4896.0,546.17,NVIDIA GeForce RTX 3080,[N/A],Enabled,Enabled
1702145953.90149,0,GPU-b342434c-f6b6-7627-333e-da750a9991e6,0.17,0.50478515625,10240.0,4897.0,546.17,NVIDIA GeForce RTX 3080,[N/A],Enabled,Enabled
1702145954.901932,0,GPU-b342434c-f6b6-7627-333e-da750a9991e6,0.16,0.50478515625,10240.0,4897.0,546.17,NVIDIA GeForce RTX 3080,[N/A],Enabled,Enabled
1702145955.90168,0,GPU-b342434c-f6b6-7627-333e-da750a9991e6,0.16,0.5041015625,10240.0,4904.0,546.17,NVIDIA GeForce RTX 3080,[N/A],Enabled,Enabled
1702145956.90178,0,GPU-b342434c-f6b6-7627-333e-da750a9991e6,0.19,0.5041015625,10240.0,4904.0,546.17,NVIDIA GeForce RTX 3080,[N/A],Enabled,Enabled
1702145957.901183,0,GPU-b342434c-f6b6-7627-333e-da750a9991e6,0.17,0.50380859375,10240.0,4907.0,546.17,NVIDIA GeForce RTX 3080,[N/A],Enabled,Enabled
1702145958.901217,0,GPU-b342434c-f6b6-7627-333e-da750a9991e6,0.17,0.50322265625,10240.0,4913.0,546.17,NVIDIA GeForce RTX 3080,[N/A],Enabled,Enabled
1702145959.90192,0,GPU-b342434c-f6b6-7627-333e-da750a9991e6,0.16,0.50322265625,10240.0,4913.0,546.17,NVIDIA GeForce RTX 3080,[N/A],Enabled,Enabled
1702145960.901532,0,GPU-b342434c-f6b6-7627-333e-da750a9991e6,0.16,0.50322265625,10240.0,4913.0,546.17,NVIDIA GeForce RTX 3080,[N/A],Enabled,Enabled
1702145961.901549,0,GPU-b342434c-f6b6-7627-333e-da750a9991e6,0.16,0.50322265625,10240.0,4913.0,546.17,NVIDIA GeForce RTX 3080,[N/A],Enabled,Enabled
1702145962.901622,0,GPU-b342434c-f6b6-7627-333e-da750a9991e6,0.17,0.50322265625,10240.0,4913.0,546.17,NVIDIA GeForce RTX 3080,[N/A],Enabled,Enabled
1702145963.901645,0,GPU-b342434c-f6b6-7627-333e-da750a9991e6,0.17,0.50322265625,10240.0,4913.0,546.17,NVIDIA GeForce RTX 3080,[N/A],Enabled,Enabled
1702145964.902204,0,GPU-b342434c-f6b6-7627-333e-da750a9991e6,0.16,0.50322265625,10240.0,4913.0,546.17,NVIDIA GeForce RTX 3080,[N/A],Enabled,Enabled
1702145965.90177,0,GPU-b342434c-f6b6-7627-333e-da750a9991e6,0.16,0.50322265625,10240.0,4913.0,546.17,NVIDIA GeForce RTX 3080,[N/A],Enabled,Enabled
1702145966.901674,0,GPU-b342434c-f6b6-7627-333e-da750a9991e6,0.16,0.50498046875,10240.0,4895.0,546.17,NVIDIA GeForce RTX 3080,[N/A],Enabled,Enabled
1702145967.901913,0,GPU-b342434c-f6b6-7627-333e-da750a9991e6,0.16,0.52177734375,10240.0,4723.0,546.17,NVIDIA GeForce RTX 3080,[N/A],Enabled,Enabled
1702145968.901287,0,GPU-b342434c-f6b6-7627-333e-da750a9991e6,0.21,0.5408203125,10240.0,4528.0,546.17,NVIDIA GeForce RTX 3080,[N/A],Enabled,Enabled
1702145969.901236,0,GPU-b342434c-f6b6-7627-333e-da750a9991e6,0.1,0.5123046875,10240.0,4820.0,546.17,NVIDIA GeForce RTX 3080,[N/A],Enabled,Enabled
1702145970.901397,0,GPU-b342434c-f6b6-7627-333e-da750a9991e6,0.31,0.59677734375,10240.0,3955.0,546.17,NVIDIA GeForce RTX 3080,[N/A],Enabled,Enabled
1702145971.901279,0,GPU-b342434c-f6b6-7627-333e-da750a9991e6,0.33,0.82685546875,10240.0,1599.0,546.17,NVIDIA GeForce RTX 3080,[N/A],Enabled,Enabled
1702145972.901391,0,GPU-b342434c-f6b6-7627-333e-da750a9991e6,0.31,0.8251953125,10240.0,1616.0,546.17,NVIDIA GeForce RTX 3080,[N/A],Enabled,Enabled
1702145973.901512,0,GPU-b342434c-f6b6-7627-333e-da750a9991e6,0.34,0.81591796875,10240.0,1711.0,546.17,NVIDIA GeForce RTX 3080,[N/A],Enabled,Enabled
1702145974.901057,0,GPU-b342434c-f6b6-7627-333e-da750a9991e6,0.34,0.8158203125,10240.0,1712.0,546.17,NVIDIA GeForce RTX 3080,[N/A],Enabled,Enabled
1702145975.901742,0,GPU-b342434c-f6b6-7627-333e-da750a9991e6,0.35,0.8158203125,10240.0,1712.0,546.17,NVIDIA GeForce RTX 3080,[N/A],Enabled,Enabled
1702145976.90141,0,GPU-b342434c-f6b6-7627-333e-da750a9991e6,0.37,0.8158203125,10240.0,1712.0,546.17,NVIDIA GeForce RTX 3080,[N/A],Enabled,Enabled
1702145977.90176,0,GPU-b342434c-f6b6-7627-333e-da750a9991e6,0.36,0.8158203125,10240.0,1712.0,546.17,NVIDIA GeForce RTX 3080,[N/A],Enabled,Enabled
1702145978.901675,0,GPU-b342434c-f6b6-7627-333e-da750a9991e6,0.36,0.8158203125,10240.0,1712.0,546.17,NVIDIA GeForce RTX 3080,[N/A],Enabled,Enabled
1702145979.901203,0,GPU-b342434c-f6b6-7627-333e-da750a9991e6,0.4,0.8158203125,10240.0,1712.0,546.17,NVIDIA GeForce RTX 3080,[N/A],Enabled,Enabled
1702145980.901239,0,GPU-b342434c-f6b6-7627-333e-da750a9991e6,0.34,0.8158203125,10240.0,1712.0,546.17,NVIDIA GeForce RTX 3080,[N/A],Enabled,Enabled
1702145981.902094,0,GPU-b342434c-f6b6-7627-333e-da750a9991e6,0.35,0.8158203125,10240.0,1712.0,546.17,NVIDIA GeForce RTX 3080,[N/A],Enabled,Enabled
1702145982.901552,0,GPU-b342434c-f6b6-7627-333e-da750a9991e6,0.33,0.8158203125,10240.0,1712.0,546.17,NVIDIA GeForce RTX 3080,[N/A],Enabled,Enabled
1702145983.901371,0,GPU-b342434c-f6b6-7627-333e-da750a9991e6,0.34,0.8158203125,10240.0,1712.0,546.17,NVIDIA GeForce RTX 3080,[N/A],Enabled,Enabled
1702145984.901331,0,GPU-b342434c-f6b6-7627-333e-da750a9991e6,0.36,0.8158203125,10240.0,1712.0,546.17,NVIDIA GeForce RTX 3080,[N/A],Enabled,Enabled
1702145985.901412,0,GPU-b342434c-f6b6-7627-333e-da750a9991e6,0.35,0.8158203125,10240.0,1712.0,546.17,NVIDIA GeForce RTX 3080,[N/A],Enabled,Enabled
1702145986.901476,0,GPU-b342434c-f6b6-7627-333e-da750a9991e6,0.33,0.8158203125,10240.0,1712.0,546.17,NVIDIA GeForce RTX 3080,[N/A],Enabled,Enabled
1702145987.901647,0,GPU-b342434c-f6b6-7627-333e-da750a9991e6,0.32,0.8158203125,10240.0,1712.0,546.17,NVIDIA GeForce RTX 3080,[N/A],Enabled,Enabled
1702145988.901547,0,GPU-b342434c-f6b6-7627-333e-da750a9991e6,0.3,0.8158203125,10240.0,1712.0,546.17,NVIDIA GeForce RTX 3080,[N/A],Enabled,Enabled
1702145989.901734,0,GPU-b342434c-f6b6-7627-333e-da750a9991e6,0.31,0.8158203125,10240.0,1712.0,546.17,NVIDIA GeForce RTX 3080,[N/A],Enabled,Enabled
1702145990.901593,0,GPU-b342434c-f6b6-7627-333e-da750a9991e6,0.32,0.8158203125,10240.0,1712.0,546.17,NVIDIA GeForce RTX 3080,[N/A],Enabled,Enabled
1702145991.901398,0,GPU-b342434c-f6b6-7627-333e-da750a9991e6,0.31,0.8158203125,10240.0,1712.0,546.17,NVIDIA GeForce RTX 3080,[N/A],Enabled,Enabled
1702145992.900949,0,GPU-b342434c-f6b6-7627-333e-da750a9991e6,0.31,0.8158203125,10240.0,1712.0,546.17,NVIDIA GeForce RTX 3080,[N/A],Enabled,Enabled
1702145993.901716,0,GPU-b342434c-f6b6-7627-333e-da750a9991e6,0.31,0.8158203125,10240.0,1712.0,546.17,NVIDIA GeForce RTX 3080,[N/A],Enabled,Enabled
1702145994.901514,0,GPU-b342434c-f6b6-7627-333e-da750a9991e6,0.31,0.8158203125,10240.0,1712.0,546.17,NVIDIA GeForce RTX 3080,[N/A],Enabled,Enabled
1702145995.901504,0,GPU-b342434c-f6b6-7627-333e-da750a9991e6,0.33,0.8158203125,10240.0,1712.0,546.17,NVIDIA GeForce RTX 3080,[N/A],Enabled,Enabled
1702145996.901835,0,GPU-b342434c-f6b6-7627-333e-da750a9991e6,0.36,0.8158203125,10240.0,1712.0,546.17,NVIDIA GeForce RTX 3080,[N/A],Enabled,Enabled
1702145997.901793,0,GPU-b342434c-f6b6-7627-333e-da750a9991e6,0.35,0.8158203125,10240.0,1712.0,546.17,NVIDIA GeForce RTX 3080,[N/A],Enabled,Enabled
1702145998.901675,0,GPU-b342434c-f6b6-7627-333e-da750a9991e6,0.35,0.8158203125,10240.0,1712.0,546.17,NVIDIA GeForce RTX 3080,[N/A],Enabled,Enabled
1702145999.901103,0,GPU-b342434c-f6b6-7627-333e-da750a9991e6,0.37,0.81591796875,10240.0,1711.0,546.17,NVIDIA GeForce RTX 3080,[N/A],Enabled,Enabled
1702146000.901475,0,GPU-b342434c-f6b6-7627-333e-da750a9991e6,0.36,0.81572265625,10240.0,1713.0,546.17,NVIDIA GeForce RTX 3080,[N/A],Enabled,Enabled
1702146001.901523,0,GPU-b342434c-f6b6-7627-333e-da750a9991e6,0.36,0.81572265625,10240.0,1713.0,546.17,NVIDIA GeForce RTX 3080,[N/A],Enabled,Enabled
1702146002.901284,0,GPU-b342434c-f6b6-7627-333e-da750a9991e6,0.35,0.81572265625,10240.0,1713.0,546.17,NVIDIA GeForce RTX 3080,[N/A],Enabled,Enabled
1702146003.901251,0,GPU-b342434c-f6b6-7627-333e-da750a9991e6,0.36,0.81572265625,10240.0,1713.0,546.17,NVIDIA GeForce RTX 3080,[N/A],Enabled,Enabled
1702146004.901867,0,GPU-b342434c-f6b6-7627-333e-da750a9991e6,0.35,0.81572265625,10240.0,1713.0,546.17,NVIDIA GeForce RTX 3080,[N/A],Enabled,Enabled
1702146005.90165,0,GPU-b342434c-f6b6-7627-333e-da750a9991e6,0.36,0.81572265625,10240.0,1713.0,546.17,NVIDIA GeForce RTX 3080,[N/A],Enabled,Enabled
1702146006.901812,0,GPU-b342434c-f6b6-7627-333e-da750a9991e6,0.36,0.81572265625,10240.0,1713.0,546.17,NVIDIA GeForce RTX 3080,[N/A],Enabled,Enabled
1702146007.901375,0,GPU-b342434c-f6b6-7627-333e-da750a9991e6,0.35,0.81572265625,10240.0,1713.0,546.17,NVIDIA GeForce RTX 3080,[N/A],Enabled,Enabled
1702146008.901322,0,GPU-b342434c-f6b6-7627-333e-da750a9991e6,0.44,0.8158203125,10240.0,1712.0,546.17,NVIDIA GeForce RTX 3080,[N/A],Enabled,Enabled
1702146009.901035,0,GPU-b342434c-f6b6-7627-333e-da750a9991e6,0.37,0.8158203125,10240.0,1712.0,546.17,NVIDIA GeForce RTX 3080,[N/A],Enabled,Enabled
1702146010.901617,0,GPU-b342434c-f6b6-7627-333e-da750a9991e6,0.4,0.8158203125,10240.0,1712.0,546.17,NVIDIA GeForce RTX 3080,[N/A],Enabled,Enabled
1702146011.901199,0,GPU-b342434c-f6b6-7627-333e-da750a9991e6,0.37,0.8158203125,10240.0,1712.0,546.17,NVIDIA GeForce RTX 3080,[N/A],Enabled,Enabled
1702146012.901799,0,GPU-b342434c-f6b6-7627-333e-da750a9991e6,0.36,0.8158203125,10240.0,1712.0,546.17,NVIDIA GeForce RTX 3080,[N/A],Enabled,Enabled
1702146013.902104,0,GPU-b342434c-f6b6-7627-333e-da750a9991e6,0.34,0.816015625,10240.0,1710.0,546.17,NVIDIA GeForce RTX 3080,[N/A],Enabled,Enabled
1702146014.901813,0,GPU-b342434c-f6b6-7627-333e-da750a9991e6,0.34,0.81591796875,10240.0,1711.0,546.17,NVIDIA GeForce RTX 3080,[N/A],Enabled,Enabled
1702146015.901837,0,GPU-b342434c-f6b6-7627-333e-da750a9991e6,0.34,0.81611328125,10240.0,1709.0,546.17,NVIDIA GeForce RTX 3080,[N/A],Enabled,Enabled
1702146016.901322,0,GPU-b342434c-f6b6-7627-333e-da750a9991e6,0.35,0.8154296875,10240.0,1716.0,546.17,NVIDIA GeForce RTX 3080,[N/A],Enabled,Enabled
1702146017.901452,0,GPU-b342434c-f6b6-7627-333e-da750a9991e6,0.37,0.8154296875,10240.0,1716.0,546.17,NVIDIA GeForce RTX 3080,[N/A],Enabled,Enabled
1702146018.901342,0,GPU-b342434c-f6b6-7627-333e-da750a9991e6,0.36,0.8154296875,10240.0,1716.0,546.17,NVIDIA GeForce RTX 3080,[N/A],Enabled,Enabled
1702146019.902184,0,GPU-b342434c-f6b6-7627-333e-da750a9991e6,0.37,0.8154296875,10240.0,1716.0,546.17,NVIDIA GeForce RTX 3080,[N/A],Enabled,Enabled
1702146020.901513,0,GPU-b342434c-f6b6-7627-333e-da750a9991e6,0.38,0.8154296875,10240.0,1716.0,546.17,NVIDIA GeForce RTX 3080,[N/A],Enabled,Enabled
1702146021.902249,0,GPU-b342434c-f6b6-7627-333e-da750a9991e6,0.38,0.8154296875,10240.0,1716.0,546.17,NVIDIA GeForce RTX 3080,[N/A],Enabled,Enabled
1702146022.901613,0,GPU-b342434c-f6b6-7627-333e-da750a9991e6,0.34,0.8154296875,10240.0,1716.0,546.17,NVIDIA GeForce RTX 3080,[N/A],Enabled,Enabled
1702146023.901112,0,GPU-b342434c-f6b6-7627-333e-da750a9991e6,0.33,0.8154296875,10240.0,1716.0,546.17,NVIDIA GeForce RTX 3080,[N/A],Enabled,Enabled
1702146024.901345,0,GPU-b342434c-f6b6-7627-333e-da750a9991e6,0.33,0.8154296875,10240.0,1716.0,546.17,NVIDIA GeForce RTX 3080,[N/A],Enabled,Enabled
1702146025.901633,0,GPU-b342434c-f6b6-7627-333e-da750a9991e6,0.34,0.8154296875,10240.0,1716.0,546.17,NVIDIA GeForce RTX 3080,[N/A],Enabled,Enabled
1702146026.901017,0,GPU-b342434c-f6b6-7627-333e-da750a9991e6,0.35,0.8154296875,10240.0,1716.0,546.17,NVIDIA GeForce RTX 3080,[N/A],Enabled,Enabled
1702146027.901377,0,GPU-b342434c-f6b6-7627-333e-da750a9991e6,0.38,0.8154296875,10240.0,1716.0,546.17,NVIDIA GeForce RTX 3080,[N/A],Enabled,Enabled
1702146028.901164,0,GPU-b342434c-f6b6-7627-333e-da750a9991e6,0.37,0.8154296875,10240.0,1716.0,546.17,NVIDIA GeForce RTX 3080,[N/A],Enabled,Enabled
1702146029.90115,0,GPU-b342434c-f6b6-7627-333e-da750a9991e6,0.37,0.8154296875,10240.0,1716.0,546.17,NVIDIA GeForce RTX 3080,[N/A],Enabled,Enabled
1702146030.901581,0,GPU-b342434c-f6b6-7627-333e-da750a9991e6,0.35,0.8154296875,10240.0,1716.0,546.17,NVIDIA GeForce RTX 3080,[N/A],Enabled,Enabled
1702146031.901267,0,GPU-b342434c-f6b6-7627-333e-da750a9991e6,0.36,0.8154296875,10240.0,1716.0,546.17,NVIDIA GeForce RTX 3080,[N/A],Enabled,Enabled
1702146032.901653,0,GPU-b342434c-f6b6-7627-333e-da750a9991e6,0.35,0.8154296875,10240.0,1716.0,546.17,NVIDIA GeForce RTX 3080,[N/A],Enabled,Enabled
1702146033.901501,0,GPU-b342434c-f6b6-7627-333e-da750a9991e6,0.33,0.8154296875,10240.0,1716.0,546.17,NVIDIA GeForce RTX 3080,[N/A],Enabled,Enabled
1702146034.901563,0,GPU-b342434c-f6b6-7627-333e-da750a9991e6,0.32,0.8154296875,10240.0,1716.0,546.17,NVIDIA GeForce RTX 3080,[N/A],Enabled,Enabled
1702146035.90179,0,GPU-b342434c-f6b6-7627-333e-da750a9991e6,0.31,0.8154296875,10240.0,1716.0,546.17,NVIDIA GeForce RTX 3080,[N/A],Enabled,Enabled
1702146036.901252,0,GPU-b342434c-f6b6-7627-333e-da750a9991e6,0.33,0.8154296875,10240.0,1716.0,546.17,NVIDIA GeForce RTX 3080,[N/A],Enabled,Enabled
1702146037.901255,0,GPU-b342434c-f6b6-7627-333e-da750a9991e6,0.34,0.8154296875,10240.0,1716.0,546.17,NVIDIA GeForce RTX 3080,[N/A],Enabled,Enabled
1702146038.901048,0,GPU-b342434c-f6b6-7627-333e-da750a9991e6,0.33,0.8154296875,10240.0,1716.0,546.17,NVIDIA GeForce RTX 3080,[N/A],Enabled,Enabled
1702146039.901526,0,GPU-b342434c-f6b6-7627-333e-da750a9991e6,0.32,0.8154296875,10240.0,1716.0,546.17,NVIDIA GeForce RTX 3080,[N/A],Enabled,Enabled
1702146040.901915,0,GPU-b342434c-f6b6-7627-333e-da750a9991e6,0.32,0.8154296875,10240.0,1716.0,546.17,NVIDIA GeForce RTX 3080,[N/A],Enabled,Enabled
1702146041.901906,0,GPU-b342434c-f6b6-7627-333e-da750a9991e6,0.32,0.81533203125,10240.0,1717.0,546.17,NVIDIA GeForce RTX 3080,[N/A],Enabled,Enabled
1702146042.901057,0,GPU-b342434c-f6b6-7627-333e-da750a9991e6,0.28,0.81533203125,10240.0,1717.0,546.17,NVIDIA GeForce RTX 3080,[N/A],Enabled,Enabled
1702146043.901597,0,GPU-b342434c-f6b6-7627-333e-da750a9991e6,0.28,0.81533203125,10240.0,1717.0,546.17,NVIDIA GeForce RTX 3080,[N/A],Enabled,Enabled
1702146044.901012,0,GPU-b342434c-f6b6-7627-333e-da750a9991e6,0.27,0.81533203125,10240.0,1717.0,546.17,NVIDIA GeForce RTX 3080,[N/A],Enabled,Enabled
1702146045.901367,0,GPU-b342434c-f6b6-7627-333e-da750a9991e6,0.28,0.81533203125,10240.0,1717.0,546.17,NVIDIA GeForce RTX 3080,[N/A],Enabled,Enabled
1702146046.901622,0,GPU-b342434c-f6b6-7627-333e-da750a9991e6,0.34,0.8154296875,10240.0,1716.0,546.17,NVIDIA GeForce RTX 3080,[N/A],Enabled,Enabled
1702146047.902009,0,GPU-b342434c-f6b6-7627-333e-da750a9991e6,0.35,0.8154296875,10240.0,1716.0,546.17,NVIDIA GeForce RTX 3080,[N/A],Enabled,Enabled
1702146048.901193,0,GPU-b342434c-f6b6-7627-333e-da750a9991e6,0.33,0.8154296875,10240.0,1716.0,546.17,NVIDIA GeForce RTX 3080,[N/A],Enabled,Enabled
1702146049.900859,0,GPU-b342434c-f6b6-7627-333e-da750a9991e6,0.33,0.8154296875,10240.0,1716.0,546.17,NVIDIA GeForce RTX 3080,[N/A],Enabled,Enabled
1702146050.901377,0,GPU-b342434c-f6b6-7627-333e-da750a9991e6,0.33,0.8154296875,10240.0,1716.0,546.17,NVIDIA GeForce RTX 3080,[N/A],Enabled,Enabled
1702146051.901975,0,GPU-b342434c-f6b6-7627-333e-da750a9991e6,0.36,0.8154296875,10240.0,1716.0,546.17,NVIDIA GeForce RTX 3080,[N/A],Enabled,Enabled
1702146052.901517,0,GPU-b342434c-f6b6-7627-333e-da750a9991e6,0.34,0.8154296875,10240.0,1716.0,546.17,NVIDIA GeForce RTX 3080,[N/A],Enabled,Enabled
1702146053.901585,0,GPU-b342434c-f6b6-7627-333e-da750a9991e6,0.37,0.8154296875,10240.0,1716.0,546.17,NVIDIA GeForce RTX 3080,[N/A],Enabled,Enabled
1702146054.901209,0,GPU-b342434c-f6b6-7627-333e-da750a9991e6,0.36,0.8154296875,10240.0,1716.0,546.17,NVIDIA GeForce RTX 3080,[N/A],Enabled,Enabled
1702146055.901289,0,GPU-b342434c-f6b6-7627-333e-da750a9991e6,0.36,0.81552734375,10240.0,1715.0,546.17,NVIDIA GeForce RTX 3080,[N/A],Enabled,Enabled
1702146056.901626,0,GPU-b342434c-f6b6-7627-333e-da750a9991e6,0.34,0.81533203125,10240.0,1717.0,546.17,NVIDIA GeForce RTX 3080,[N/A],Enabled,Enabled
1702146057.901422,0,GPU-b342434c-f6b6-7627-333e-da750a9991e6,0.36,0.81533203125,10240.0,1717.0,546.17,NVIDIA GeForce RTX 3080,[N/A],Enabled,Enabled
1702146058.901955,0,GPU-b342434c-f6b6-7627-333e-da750a9991e6,0.34,0.81533203125,10240.0,1717.0,546.17,NVIDIA GeForce RTX 3080,[N/A],Enabled,Enabled
1702146059.901402,0,GPU-b342434c-f6b6-7627-333e-da750a9991e6,0.32,0.81533203125,10240.0,1717.0,546.17,NVIDIA GeForce RTX 3080,[N/A],Enabled,Enabled
1702146060.901515,0,GPU-b342434c-f6b6-7627-333e-da750a9991e6,0.28,0.81533203125,10240.0,1717.0,546.17,NVIDIA GeForce RTX 3080,[N/A],Enabled,Enabled
1702146061.901681,0,GPU-b342434c-f6b6-7627-333e-da750a9991e6,0.29,0.81533203125,10240.0,1717.0,546.17,NVIDIA GeForce RTX 3080,[N/A],Enabled,Enabled
1702146062.901834,0,GPU-b342434c-f6b6-7627-333e-da750a9991e6,0.35,0.81533203125,10240.0,1717.0,546.17,NVIDIA GeForce RTX 3080,[N/A],Enabled,Enabled
1702146063.902186,0,GPU-b342434c-f6b6-7627-333e-da750a9991e6,0.35,0.81533203125,10240.0,1717.0,546.17,NVIDIA GeForce RTX 3080,[N/A],Enabled,Enabled
1702146064.901451,0,GPU-b342434c-f6b6-7627-333e-da750a9991e6,0.33,0.81533203125,10240.0,1717.0,546.17,NVIDIA GeForce RTX 3080,[N/A],Enabled,Enabled
1702146065.902002,0,GPU-b342434c-f6b6-7627-333e-da750a9991e6,0.32,0.81533203125,10240.0,1717.0,546.17,NVIDIA GeForce RTX 3080,[N/A],Enabled,Enabled
1702146066.901826,0,GPU-b342434c-f6b6-7627-333e-da750a9991e6,0.32,0.81533203125,10240.0,1717.0,546.17,NVIDIA GeForce RTX 3080,[N/A],Enabled,Enabled
1702146067.901122,0,GPU-b342434c-f6b6-7627-333e-da750a9991e6,0.33,0.81533203125,10240.0,1717.0,546.17,NVIDIA GeForce RTX 3080,[N/A],Enabled,Enabled
1702146068.901398,0,GPU-b342434c-f6b6-7627-333e-da750a9991e6,0.35,0.81533203125,10240.0,1717.0,546.17,NVIDIA GeForce RTX 3080,[N/A],Enabled,Enabled
1702146069.901836,0,GPU-b342434c-f6b6-7627-333e-da750a9991e6,0.32,0.81533203125,10240.0,1717.0,546.17,NVIDIA GeForce RTX 3080,[N/A],Enabled,Enabled
1702146070.901065,0,GPU-b342434c-f6b6-7627-333e-da750a9991e6,0.3,0.81533203125,10240.0,1717.0,546.17,NVIDIA GeForce RTX 3080,[N/A],Enabled,Enabled
1702146071.901441,0,GPU-b342434c-f6b6-7627-333e-da750a9991e6,0.27,0.81533203125,10240.0,1717.0,546.17,NVIDIA GeForce RTX 3080,[N/A],Enabled,Enabled
1702146072.901898,0,GPU-b342434c-f6b6-7627-333e-da750a9991e6,0.28,0.81533203125,10240.0,1717.0,546.17,NVIDIA GeForce RTX 3080,[N/A],Enabled,Enabled
1702146073.900993,0,GPU-b342434c-f6b6-7627-333e-da750a9991e6,0.33,0.81533203125,10240.0,1717.0,546.17,NVIDIA GeForce RTX 3080,[N/A],Enabled,Enabled
1702146074.901645,0,GPU-b342434c-f6b6-7627-333e-da750a9991e6,0.33,0.81533203125,10240.0,1717.0,546.17,NVIDIA GeForce RTX 3080,[N/A],Enabled,Enabled
1702146075.901474,0,GPU-b342434c-f6b6-7627-333e-da750a9991e6,0.32,0.81533203125,10240.0,1717.0,546.17,NVIDIA GeForce RTX 3080,[N/A],Enabled,Enabled
1702146076.901311,0,GPU-b342434c-f6b6-7627-333e-da750a9991e6,0.32,0.81533203125,10240.0,1717.0,546.17,NVIDIA GeForce RTX 3080,[N/A],Enabled,Enabled
1702146077.901427,0,GPU-b342434c-f6b6-7627-333e-da750a9991e6,0.34,0.81533203125,10240.0,1717.0,546.17,NVIDIA GeForce RTX 3080,[N/A],Enabled,Enabled
1702146078.902037,0,GPU-b342434c-f6b6-7627-333e-da750a9991e6,0.32,0.81533203125,10240.0,1717.0,546.17,NVIDIA GeForce RTX 3080,[N/A],Enabled,Enabled
1702146079.901039,0,GPU-b342434c-f6b6-7627-333e-da750a9991e6,0.32,0.81533203125,10240.0,1717.0,546.17,NVIDIA GeForce RTX 3080,[N/A],Enabled,Enabled
1702146080.902063,0,GPU-b342434c-f6b6-7627-333e-da750a9991e6,0.33,0.81533203125,10240.0,1717.0,546.17,NVIDIA GeForce RTX 3080,[N/A],Enabled,Enabled
1702146081.9012,0,GPU-b342434c-f6b6-7627-333e-da750a9991e6,0.33,0.81533203125,10240.0,1717.0,546.17,NVIDIA GeForce RTX 3080,[N/A],Enabled,Enabled
1702146082.901645,0,GPU-b342434c-f6b6-7627-333e-da750a9991e6,0.29,0.81533203125,10240.0,1717.0,546.17,NVIDIA GeForce RTX 3080,[N/A],Enabled,Enabled
1702146083.900948,0,GPU-b342434c-f6b6-7627-333e-da750a9991e6,0.28,0.81533203125,10240.0,1717.0,546.17,NVIDIA GeForce RTX 3080,[N/A],Enabled,Enabled
1702146084.901474,0,GPU-b342434c-f6b6-7627-333e-da750a9991e6,0.31,0.81533203125,10240.0,1717.0,546.17,NVIDIA GeForce RTX 3080,[N/A],Enabled,Enabled
1702146085.901269,0,GPU-b342434c-f6b6-7627-333e-da750a9991e6,0.33,0.81533203125,10240.0,1717.0,546.17,NVIDIA GeForce RTX 3080,[N/A],Enabled,Enabled
1702146086.901999,0,GPU-b342434c-f6b6-7627-333e-da750a9991e6,0.33,0.81533203125,10240.0,1717.0,546.17,NVIDIA GeForce RTX 3080,[N/A],Enabled,Enabled
1702146087.901711,0,GPU-b342434c-f6b6-7627-333e-da750a9991e6,0.34,0.81533203125,10240.0,1717.0,546.17,NVIDIA GeForce RTX 3080,[N/A],Enabled,Enabled
1702146088.901624,0,GPU-b342434c-f6b6-7627-333e-da750a9991e6,0.36,0.81533203125,10240.0,1717.0,546.17,NVIDIA GeForce RTX 3080,[N/A],Enabled,Enabled
1702146089.901322,0,GPU-b342434c-f6b6-7627-333e-da750a9991e6,0.36,0.81533203125,10240.0,1717.0,546.17,NVIDIA GeForce RTX 3080,[N/A],Enabled,Enabled
1702146090.901388,0,GPU-b342434c-f6b6-7627-333e-da750a9991e6,0.35,0.81533203125,10240.0,1717.0,546.17,NVIDIA GeForce RTX 3080,[N/A],Enabled,Enabled
1702146091.902134,0,GPU-b342434c-f6b6-7627-333e-da750a9991e6,0.35,0.8154296875,10240.0,1716.0,546.17,NVIDIA GeForce RTX 3080,[N/A],Enabled,Enabled
1702146092.901095,0,GPU-b342434c-f6b6-7627-333e-da750a9991e6,0.31,0.8154296875,10240.0,1716.0,546.17,NVIDIA GeForce RTX 3080,[N/A],Enabled,Enabled
1702146093.901857,0,GPU-b342434c-f6b6-7627-333e-da750a9991e6,0.33,0.8154296875,10240.0,1716.0,546.17,NVIDIA GeForce RTX 3080,[N/A],Enabled,Enabled
1702146094.901482,0,GPU-b342434c-f6b6-7627-333e-da750a9991e6,0.35,0.8154296875,10240.0,1716.0,546.17,NVIDIA GeForce RTX 3080,[N/A],Enabled,Enabled
1702146095.90194,0,GPU-b342434c-f6b6-7627-333e-da750a9991e6,0.34,0.8154296875,10240.0,1716.0,546.17,NVIDIA GeForce RTX 3080,[N/A],Enabled,Enabled
1702146096.901697,0,GPU-b342434c-f6b6-7627-333e-da750a9991e6,0.34,0.8154296875,10240.0,1716.0,546.17,NVIDIA GeForce RTX 3080,[N/A],Enabled,Enabled
1702146097.901589,0,GPU-b342434c-f6b6-7627-333e-da750a9991e6,0.33,0.8154296875,10240.0,1716.0,546.17,NVIDIA GeForce RTX 3080,[N/A],Enabled,Enabled
1702146098.901376,0,GPU-b342434c-f6b6-7627-333e-da750a9991e6,0.33,0.8154296875,10240.0,1716.0,546.17,NVIDIA GeForce RTX 3080,[N/A],Enabled,Enabled
1702146099.901627,0,GPU-b342434c-f6b6-7627-333e-da750a9991e6,0.33,0.8154296875,10240.0,1716.0,546.17,NVIDIA GeForce RTX 3080,[N/A],Enabled,Enabled
1702146100.901114,0,GPU-b342434c-f6b6-7627-333e-da750a9991e6,0.33,0.8154296875,10240.0,1716.0,546.17,NVIDIA GeForce RTX 3080,[N/A],Enabled,Enabled
1702146101.901487,0,GPU-b342434c-f6b6-7627-333e-da750a9991e6,0.3,0.81552734375,10240.0,1715.0,546.17,NVIDIA GeForce RTX 3080,[N/A],Enabled,Enabled
1702146102.901465,0,GPU-b342434c-f6b6-7627-333e-da750a9991e6,0.34,0.81533203125,10240.0,1717.0,546.17,NVIDIA GeForce RTX 3080,[N/A],Enabled,Enabled
1702146103.901247,0,GPU-b342434c-f6b6-7627-333e-da750a9991e6,0.35,0.81533203125,10240.0,1717.0,546.17,NVIDIA GeForce RTX 3080,[N/A],Enabled,Enabled
1702146104.901338,0,GPU-b342434c-f6b6-7627-333e-da750a9991e6,0.34,0.81533203125,10240.0,1717.0,546.17,NVIDIA GeForce RTX 3080,[N/A],Enabled,Enabled
1702146105.901262,0,GPU-b342434c-f6b6-7627-333e-da750a9991e6,0.34,0.81533203125,10240.0,1717.0,546.17,NVIDIA GeForce RTX 3080,[N/A],Enabled,Enabled
1702146106.90148,0,GPU-b342434c-f6b6-7627-333e-da750a9991e6,0.3,0.81533203125,10240.0,1717.0,546.17,NVIDIA GeForce RTX 3080,[N/A],Enabled,Enabled
1702146107.901121,0,GPU-b342434c-f6b6-7627-333e-da750a9991e6,0.3,0.81533203125,10240.0,1717.0,546.17,NVIDIA GeForce RTX 3080,[N/A],Enabled,Enabled
1702146108.901367,0,GPU-b342434c-f6b6-7627-333e-da750a9991e6,0.34,0.81533203125,10240.0,1717.0,546.17,NVIDIA GeForce RTX 3080,[N/A],Enabled,Enabled
1702146109.901467,0,GPU-b342434c-f6b6-7627-333e-da750a9991e6,0.37,0.81533203125,10240.0,1717.0,546.17,NVIDIA GeForce RTX 3080,[N/A],Enabled,Enabled
1702146110.902036,0,GPU-b342434c-f6b6-7627-333e-da750a9991e6,0.36,0.81533203125,10240.0,1717.0,546.17,NVIDIA GeForce RTX 3080,[N/A],Enabled,Enabled
1702146111.901324,0,GPU-b342434c-f6b6-7627-333e-da750a9991e6,0.33,0.81533203125,10240.0,1717.0,546.17,NVIDIA GeForce RTX 3080,[N/A],Enabled,Enabled
1702146112.901175,0,GPU-b342434c-f6b6-7627-333e-da750a9991e6,0.35,0.81533203125,10240.0,1717.0,546.17,NVIDIA GeForce RTX 3080,[N/A],Enabled,Enabled
1702146113.901017,0,GPU-b342434c-f6b6-7627-333e-da750a9991e6,0.36,0.81533203125,10240.0,1717.0,546.17,NVIDIA GeForce RTX 3080,[N/A],Enabled,Enabled
1702146114.901309,0,GPU-b342434c-f6b6-7627-333e-da750a9991e6,0.34,0.81533203125,10240.0,1717.0,546.17,NVIDIA GeForce RTX 3080,[N/A],Enabled,Enabled
1702146115.90134,0,GPU-b342434c-f6b6-7627-333e-da750a9991e6,0.34,0.81533203125,10240.0,1717.0,546.17,NVIDIA GeForce RTX 3080,[N/A],Enabled,Enabled
1702146116.901235,0,GPU-b342434c-f6b6-7627-333e-da750a9991e6,0.34,0.81533203125,10240.0,1717.0,546.17,NVIDIA GeForce RTX 3080,[N/A],Enabled,Enabled
1702146117.901873,0,GPU-b342434c-f6b6-7627-333e-da750a9991e6,0.32,0.81533203125,10240.0,1717.0,546.17,NVIDIA GeForce RTX 3080,[N/A],Enabled,Enabled
1702146118.901451,0,GPU-b342434c-f6b6-7627-333e-da750a9991e6,0.32,0.81533203125,10240.0,1717.0,546.17,NVIDIA GeForce RTX 3080,[N/A],Enabled,Enabled
1702146119.902057,0,GPU-b342434c-f6b6-7627-333e-da750a9991e6,0.35,0.81533203125,10240.0,1717.0,546.17,NVIDIA GeForce RTX 3080,[N/A],Enabled,Enabled
1702146120.90197,0,GPU-b342434c-f6b6-7627-333e-da750a9991e6,0.32,0.81533203125,10240.0,1717.0,546.17,NVIDIA GeForce RTX 3080,[N/A],Enabled,Enabled
1702146121.901245,0,GPU-b342434c-f6b6-7627-333e-da750a9991e6,0.31,0.81533203125,10240.0,1717.0,546.17,NVIDIA GeForce RTX 3080,[N/A],Enabled,Enabled
1702146122.901641,0,GPU-b342434c-f6b6-7627-333e-da750a9991e6,0.32,0.81533203125,10240.0,1717.0,546.17,NVIDIA GeForce RTX 3080,[N/A],Enabled,Enabled
1702146123.901427,0,GPU-b342434c-f6b6-7627-333e-da750a9991e6,0.32,0.81533203125,10240.0,1717.0,546.17,NVIDIA GeForce RTX 3080,[N/A],Enabled,Enabled
1702146124.901372,0,GPU-b342434c-f6b6-7627-333e-da750a9991e6,0.31,0.81533203125,10240.0,1717.0,546.17,NVIDIA GeForce RTX 3080,[N/A],Enabled,Enabled
1702146125.90144,0,GPU-b342434c-f6b6-7627-333e-da750a9991e6,0.32,0.81533203125,10240.0,1717.0,546.17,NVIDIA GeForce RTX 3080,[N/A],Enabled,Enabled
1702146126.902025,0,GPU-b342434c-f6b6-7627-333e-da750a9991e6,0.31,0.81533203125,10240.0,1717.0,546.17,NVIDIA GeForce RTX 3080,[N/A],Enabled,Enabled
1702146127.901272,0,GPU-b342434c-f6b6-7627-333e-da750a9991e6,0.32,0.81533203125,10240.0,1717.0,546.17,NVIDIA GeForce RTX 3080,[N/A],Enabled,Enabled
1702146128.901991,0,GPU-b342434c-f6b6-7627-333e-da750a9991e6,0.32,0.81533203125,10240.0,1717.0,546.17,NVIDIA GeForce RTX 3080,[N/A],Enabled,Enabled
1702146129.901247,0,GPU-b342434c-f6b6-7627-333e-da750a9991e6,0.31,0.81533203125,10240.0,1717.0,546.17,NVIDIA GeForce RTX 3080,[N/A],Enabled,Enabled
1702146130.901399,0,GPU-b342434c-f6b6-7627-333e-da750a9991e6,0.32,0.8154296875,10240.0,1716.0,546.17,NVIDIA GeForce RTX 3080,[N/A],Enabled,Enabled
1702146131.901159,0,GPU-b342434c-f6b6-7627-333e-da750a9991e6,0.31,0.81533203125,10240.0,1717.0,546.17,NVIDIA GeForce RTX 3080,[N/A],Enabled,Enabled
1702146132.901443,0,GPU-b342434c-f6b6-7627-333e-da750a9991e6,0.32,0.8154296875,10240.0,1716.0,546.17,NVIDIA GeForce RTX 3080,[N/A],Enabled,Enabled
1702146133.9012,0,GPU-b342434c-f6b6-7627-333e-da750a9991e6,0.31,0.8154296875,10240.0,1716.0,546.17,NVIDIA GeForce RTX 3080,[N/A],Enabled,Enabled
1702146134.902428,0,GPU-b342434c-f6b6-7627-333e-da750a9991e6,0.32,0.8154296875,10240.0,1716.0,546.17,NVIDIA GeForce RTX 3080,[N/A],Enabled,Enabled
1702146135.900962,0,GPU-b342434c-f6b6-7627-333e-da750a9991e6,0.32,0.8154296875,10240.0,1716.0,546.17,NVIDIA GeForce RTX 3080,[N/A],Enabled,Enabled
1702146136.900994,0,GPU-b342434c-f6b6-7627-333e-da750a9991e6,0.3,0.8154296875,10240.0,1716.0,546.17,NVIDIA GeForce RTX 3080,[N/A],Enabled,Enabled
1702146137.901245,0,GPU-b342434c-f6b6-7627-333e-da750a9991e6,0.32,0.8154296875,10240.0,1716.0,546.17,NVIDIA GeForce RTX 3080,[N/A],Enabled,Enabled
1702146138.901927,0,GPU-b342434c-f6b6-7627-333e-da750a9991e6,0.29,0.8154296875,10240.0,1716.0,546.17,NVIDIA GeForce RTX 3080,[N/A],Enabled,Enabled
1702146139.901669,0,GPU-b342434c-f6b6-7627-333e-da750a9991e6,0.3,0.81552734375,10240.0,1715.0,546.17,NVIDIA GeForce RTX 3080,[N/A],Enabled,Enabled
1702146140.902012,0,GPU-b342434c-f6b6-7627-333e-da750a9991e6,0.26,0.815234375,10240.0,1718.0,546.17,NVIDIA GeForce RTX 3080,[N/A],Enabled,Enabled
1702146141.901264,0,GPU-b342434c-f6b6-7627-333e-da750a9991e6,0.25,0.815234375,10240.0,1718.0,546.17,NVIDIA GeForce RTX 3080,[N/A],Enabled,Enabled
1702146142.901317,0,GPU-b342434c-f6b6-7627-333e-da750a9991e6,0.27,0.81552734375,10240.0,1715.0,546.17,NVIDIA GeForce RTX 3080,[N/A],Enabled,Enabled
1702146143.901754,0,GPU-b342434c-f6b6-7627-333e-da750a9991e6,0.31,0.8154296875,10240.0,1716.0,546.17,NVIDIA GeForce RTX 3080,[N/A],Enabled,Enabled
1702146144.901172,0,GPU-b342434c-f6b6-7627-333e-da750a9991e6,0.32,0.8154296875,10240.0,1716.0,546.17,NVIDIA GeForce RTX 3080,[N/A],Enabled,Enabled
1702146145.901618,0,GPU-b342434c-f6b6-7627-333e-da750a9991e6,0.32,0.8154296875,10240.0,1716.0,546.17,NVIDIA GeForce RTX 3080,[N/A],Enabled,Enabled
1702146146.901291,0,GPU-b342434c-f6b6-7627-333e-da750a9991e6,0.33,0.8154296875,10240.0,1716.0,546.17,NVIDIA GeForce RTX 3080,[N/A],Enabled,Enabled
1702146147.901683,0,GPU-b342434c-f6b6-7627-333e-da750a9991e6,0.33,0.8154296875,10240.0,1716.0,546.17,NVIDIA GeForce RTX 3080,[N/A],Enabled,Enabled
1702146148.901844,0,GPU-b342434c-f6b6-7627-333e-da750a9991e6,0.33,0.8154296875,10240.0,1716.0,546.17,NVIDIA GeForce RTX 3080,[N/A],Enabled,Enabled
1702146149.901036,0,GPU-b342434c-f6b6-7627-333e-da750a9991e6,0.34,0.8154296875,10240.0,1716.0,546.17,NVIDIA GeForce RTX 3080,[N/A],Enabled,Enabled
1702146150.901526,0,GPU-b342434c-f6b6-7627-333e-da750a9991e6,0.34,0.8154296875,10240.0,1716.0,546.17,NVIDIA GeForce RTX 3080,[N/A],Enabled,Enabled
1702146151.901579,0,GPU-b342434c-f6b6-7627-333e-da750a9991e6,0.33,0.8154296875,10240.0,1716.0,546.17,NVIDIA GeForce RTX 3080,[N/A],Enabled,Enabled
1702146152.901158,0,GPU-b342434c-f6b6-7627-333e-da750a9991e6,0.34,0.8154296875,10240.0,1716.0,546.17,NVIDIA GeForce RTX 3080,[N/A],Enabled,Enabled
1702146153.901579,0,GPU-b342434c-f6b6-7627-333e-da750a9991e6,0.31,0.8154296875,10240.0,1716.0,546.17,NVIDIA GeForce RTX 3080,[N/A],Enabled,Enabled
1702146154.901569,0,GPU-b342434c-f6b6-7627-333e-da750a9991e6,0.34,0.8154296875,10240.0,1716.0,546.17,NVIDIA GeForce RTX 3080,[N/A],Enabled,Enabled
1702146155.901827,0,GPU-b342434c-f6b6-7627-333e-da750a9991e6,0.32,0.81767578125,10240.0,1693.0,546.17,NVIDIA GeForce RTX 3080,[N/A],Enabled,Enabled
1702146156.901792,0,GPU-b342434c-f6b6-7627-333e-da750a9991e6,0.36,0.81748046875,10240.0,1695.0,546.17,NVIDIA GeForce RTX 3080,[N/A],Enabled,Enabled
1702146157.90132,0,GPU-b342434c-f6b6-7627-333e-da750a9991e6,0.37,0.81748046875,10240.0,1695.0,546.17,NVIDIA GeForce RTX 3080,[N/A],Enabled,Enabled
1702146158.901535,0,GPU-b342434c-f6b6-7627-333e-da750a9991e6,0.1,0.81748046875,10240.0,1695.0,546.17,NVIDIA GeForce RTX 3080,[N/A],Enabled,Enabled
1702146159.901802,0,GPU-b342434c-f6b6-7627-333e-da750a9991e6,0.24,0.8525390625,10240.0,1336.0,546.17,NVIDIA GeForce RTX 3080,[N/A],Enabled,Enabled
1702146160.901892,0,GPU-b342434c-f6b6-7627-333e-da750a9991e6,0.24,0.56591796875,10240.0,4271.0,546.17,NVIDIA GeForce RTX 3080,[N/A],Enabled,Enabled
1702146161.902084,0,GPU-b342434c-f6b6-7627-333e-da750a9991e6,0.23,0.4419921875,10240.0,5540.0,546.17,NVIDIA GeForce RTX 3080,[N/A],Enabled,Enabled
1702146162.902089,0,GPU-b342434c-f6b6-7627-333e-da750a9991e6,0.24,0.44326171875,10240.0,5527.0,546.17,NVIDIA GeForce RTX 3080,[N/A],Enabled,Enabled
1702146163.900987,0,GPU-b342434c-f6b6-7627-333e-da750a9991e6,0.24,0.44228515625,10240.0,5537.0,546.17,NVIDIA GeForce RTX 3080,[N/A],Enabled,Enabled
1702146164.901509,0,GPU-b342434c-f6b6-7627-333e-da750a9991e6,0.23,0.439453125,10240.0,5566.0,546.17,NVIDIA GeForce RTX 3080,[N/A],Enabled,Enabled
1702146165.902075,0,GPU-b342434c-f6b6-7627-333e-da750a9991e6,0.24,0.44052734375,10240.0,5555.0,546.17,NVIDIA GeForce RTX 3080,[N/A],Enabled,Enabled
1702146166.901892,0,GPU-b342434c-f6b6-7627-333e-da750a9991e6,0.23,0.4375,10240.0,5586.0,546.17,NVIDIA GeForce RTX 3080,[N/A],Enabled,Enabled
1702146167.901687,0,GPU-b342434c-f6b6-7627-333e-da750a9991e6,0.23,0.4357421875,10240.0,5604.0,546.17,NVIDIA GeForce RTX 3080,[N/A],Enabled,Enabled
1702146168.901353,0,GPU-b342434c-f6b6-7627-333e-da750a9991e6,0.23,0.43291015625,10240.0,5633.0,546.17,NVIDIA GeForce RTX 3080,[N/A],Enabled,Enabled
1702146169.901878,0,GPU-b342434c-f6b6-7627-333e-da750a9991e6,0.23,0.433203125,10240.0,5630.0,546.17,NVIDIA GeForce RTX 3080,[N/A],Enabled,Enabled
1702146170.901543,0,GPU-b342434c-f6b6-7627-333e-da750a9991e6,0.23,0.43310546875,10240.0,5631.0,546.17,NVIDIA GeForce RTX 3080,[N/A],Enabled,Enabled
1702146171.901488,0,GPU-b342434c-f6b6-7627-333e-da750a9991e6,0.22,0.43310546875,10240.0,5631.0,546.17,NVIDIA GeForce RTX 3080,[N/A],Enabled,Enabled
1702146172.902115,0,GPU-b342434c-f6b6-7627-333e-da750a9991e6,0.23,0.43232421875,10240.0,5639.0,546.17,NVIDIA GeForce RTX 3080,[N/A],Enabled,Enabled
1702146173.901507,0,GPU-b342434c-f6b6-7627-333e-da750a9991e6,0.24,0.43212890625,10240.0,5641.0,546.17,NVIDIA GeForce RTX 3080,[N/A],Enabled,Enabled
