timestamp,id,uuid,load,memoryUtil,memoryTotal,memoryUsed,memoryFree,driver,name,serial,display_mode,display_active
1702741498.225356,0,GPU-b342434c-f6b6-7627-333e-da750a9991e6,0.17,0.33330078125,10240.0,6653.0,546.17,NVIDIA GeForce RTX 3080,[N/A],Enabled,Enabled
1702741499.220201,0,GPU-b342434c-f6b6-7627-333e-da750a9991e6,0.16,0.33330078125,10240.0,6653.0,546.17,NVIDIA GeForce RTX 3080,[N/A],Enabled,Enabled
1702741500.220373,0,GPU-b342434c-f6b6-7627-333e-da750a9991e6,0.16,0.33330078125,10240.0,6653.0,546.17,NVIDIA GeForce RTX 3080,[N/A],Enabled,Enabled
1702741501.220438,0,GPU-b342434c-f6b6-7627-333e-da750a9991e6,0.16,0.33330078125,10240.0,6653.0,546.17,NVIDIA GeForce RTX 3080,[N/A],Enabled,Enabled
1702741502.220599,0,GPU-b342434c-f6b6-7627-333e-da750a9991e6,0.15,0.33330078125,10240.0,6653.0,546.17,NVIDIA GeForce RTX 3080,[N/A],Enabled,Enabled
1702741503.219705,0,GPU-b342434c-f6b6-7627-333e-da750a9991e6,0.16,0.33330078125,10240.0,6653.0,546.17,NVIDIA GeForce RTX 3080,[N/A],Enabled,Enabled
1702741504.220281,0,GPU-b342434c-f6b6-7627-333e-da750a9991e6,0.16,0.33330078125,10240.0,6653.0,546.17,NVIDIA GeForce RTX 3080,[N/A],Enabled,Enabled
1702741505.220561,0,GPU-b342434c-f6b6-7627-333e-da750a9991e6,0.16,0.33330078125,10240.0,6653.0,546.17,NVIDIA GeForce RTX 3080,[N/A],Enabled,Enabled
1702741506.220611,0,GPU-b342434c-f6b6-7627-333e-da750a9991e6,0.17,0.33330078125,10240.0,6653.0,546.17,NVIDIA GeForce RTX 3080,[N/A],Enabled,Enabled
1702741507.220038,0,GPU-b342434c-f6b6-7627-333e-da750a9991e6,0.16,0.33330078125,10240.0,6653.0,546.17,NVIDIA GeForce RTX 3080,[N/A],Enabled,Enabled
1702741508.219505,0,GPU-b342434c-f6b6-7627-333e-da750a9991e6,0.16,0.33330078125,10240.0,6653.0,546.17,NVIDIA GeForce RTX 3080,[N/A],Enabled,Enabled
1702741509.219699,0,GPU-b342434c-f6b6-7627-333e-da750a9991e6,0.16,0.33330078125,10240.0,6653.0,546.17,NVIDIA GeForce RTX 3080,[N/A],Enabled,Enabled
1702741510.220554,0,GPU-b342434c-f6b6-7627-333e-da750a9991e6,0.16,0.33330078125,10240.0,6653.0,546.17,NVIDIA GeForce RTX 3080,[N/A],Enabled,Enabled
1702741511.220386,0,GPU-b342434c-f6b6-7627-333e-da750a9991e6,0.15,0.33330078125,10240.0,6653.0,546.17,NVIDIA GeForce RTX 3080,[N/A],Enabled,Enabled
1702741512.219927,0,GPU-b342434c-f6b6-7627-333e-da750a9991e6,0.16,0.33330078125,10240.0,6653.0,546.17,NVIDIA GeForce RTX 3080,[N/A],Enabled,Enabled
1702741513.220321,0,GPU-b342434c-f6b6-7627-333e-da750a9991e6,0.19,0.33115234375,10240.0,6675.0,546.17,NVIDIA GeForce RTX 3080,[N/A],Enabled,Enabled
1702741514.220019,0,GPU-b342434c-f6b6-7627-333e-da750a9991e6,0.18,0.33271484375,10240.0,6659.0,546.17,NVIDIA GeForce RTX 3080,[N/A],Enabled,Enabled
1702741515.219875,0,GPU-b342434c-f6b6-7627-333e-da750a9991e6,0.16,0.5087890625,10240.0,4856.0,546.17,NVIDIA GeForce RTX 3080,[N/A],Enabled,Enabled
1702741516.219709,0,GPU-b342434c-f6b6-7627-333e-da750a9991e6,0.11,0.4548828125,10240.0,5408.0,546.17,NVIDIA GeForce RTX 3080,[N/A],Enabled,Enabled
1702741517.220412,0,GPU-b342434c-f6b6-7627-333e-da750a9991e6,0.11,0.4546875,10240.0,5410.0,546.17,NVIDIA GeForce RTX 3080,[N/A],Enabled,Enabled
1702741518.220117,0,GPU-b342434c-f6b6-7627-333e-da750a9991e6,0.11,0.4546875,10240.0,5410.0,546.17,NVIDIA GeForce RTX 3080,[N/A],Enabled,Enabled
1702741519.220049,0,GPU-b342434c-f6b6-7627-333e-da750a9991e6,0.2,0.4125,10240.0,5842.0,546.17,NVIDIA GeForce RTX 3080,[N/A],Enabled,Enabled
1702741520.220044,0,GPU-b342434c-f6b6-7627-333e-da750a9991e6,0.17,0.39716796875,10240.0,5999.0,546.17,NVIDIA GeForce RTX 3080,[N/A],Enabled,Enabled
1702741521.21983,0,GPU-b342434c-f6b6-7627-333e-da750a9991e6,0.14,0.39697265625,10240.0,6001.0,546.17,NVIDIA GeForce RTX 3080,[N/A],Enabled,Enabled
1702741522.220306,0,GPU-b342434c-f6b6-7627-333e-da750a9991e6,0.13,0.3931640625,10240.0,6040.0,546.17,NVIDIA GeForce RTX 3080,[N/A],Enabled,Enabled
1702741523.220078,0,GPU-b342434c-f6b6-7627-333e-da750a9991e6,0.14,0.396875,10240.0,6002.0,546.17,NVIDIA GeForce RTX 3080,[N/A],Enabled,Enabled
1702741524.220121,0,GPU-b342434c-f6b6-7627-333e-da750a9991e6,0.09,0.3986328125,10240.0,5984.0,546.17,NVIDIA GeForce RTX 3080,[N/A],Enabled,Enabled
1702741525.22048,0,GPU-b342434c-f6b6-7627-333e-da750a9991e6,0.14,0.3986328125,10240.0,5984.0,546.17,NVIDIA GeForce RTX 3080,[N/A],Enabled,Enabled
1702741526.220614,0,GPU-b342434c-f6b6-7627-333e-da750a9991e6,0.16,0.39482421875,10240.0,6023.0,546.17,NVIDIA GeForce RTX 3080,[N/A],Enabled,Enabled
1702741527.220808,0,GPU-b342434c-f6b6-7627-333e-da750a9991e6,0.13,0.3986328125,10240.0,5984.0,546.17,NVIDIA GeForce RTX 3080,[N/A],Enabled,Enabled
1702741528.220505,0,GPU-b342434c-f6b6-7627-333e-da750a9991e6,0.14,0.394921875,10240.0,6022.0,546.17,NVIDIA GeForce RTX 3080,[N/A],Enabled,Enabled
1702741529.219689,0,GPU-b342434c-f6b6-7627-333e-da750a9991e6,0.14,0.394921875,10240.0,6022.0,546.17,NVIDIA GeForce RTX 3080,[N/A],Enabled,Enabled
1702741530.220305,0,GPU-b342434c-f6b6-7627-333e-da750a9991e6,0.14,0.3986328125,10240.0,5984.0,546.17,NVIDIA GeForce RTX 3080,[N/A],Enabled,Enabled
1702741531.220855,0,GPU-b342434c-f6b6-7627-333e-da750a9991e6,0.14,0.39873046875,10240.0,5983.0,546.17,NVIDIA GeForce RTX 3080,[N/A],Enabled,Enabled
1702741532.220536,0,GPU-b342434c-f6b6-7627-333e-da750a9991e6,0.14,0.39873046875,10240.0,5983.0,546.17,NVIDIA GeForce RTX 3080,[N/A],Enabled,Enabled
1702741533.220532,0,GPU-b342434c-f6b6-7627-333e-da750a9991e6,0.13,0.394921875,10240.0,6022.0,546.17,NVIDIA GeForce RTX 3080,[N/A],Enabled,Enabled
1702741534.220476,0,GPU-b342434c-f6b6-7627-333e-da750a9991e6,0.13,0.394921875,10240.0,6022.0,546.17,NVIDIA GeForce RTX 3080,[N/A],Enabled,Enabled
1702741535.220174,0,GPU-b342434c-f6b6-7627-333e-da750a9991e6,0.13,0.39501953125,10240.0,6021.0,546.17,NVIDIA GeForce RTX 3080,[N/A],Enabled,Enabled
1702741536.220187,0,GPU-b342434c-f6b6-7627-333e-da750a9991e6,0.14,0.39873046875,10240.0,5983.0,546.17,NVIDIA GeForce RTX 3080,[N/A],Enabled,Enabled
1702741537.219932,0,GPU-b342434c-f6b6-7627-333e-da750a9991e6,0.14,0.39892578125,10240.0,5981.0,546.17,NVIDIA GeForce RTX 3080,[N/A],Enabled,Enabled
1702741538.220322,0,GPU-b342434c-f6b6-7627-333e-da750a9991e6,0.17,0.40810546875,10240.0,5887.0,546.17,NVIDIA GeForce RTX 3080,[N/A],Enabled,Enabled
1702741539.220654,0,GPU-b342434c-f6b6-7627-333e-da750a9991e6,0.17,0.40810546875,10240.0,5887.0,546.17,NVIDIA GeForce RTX 3080,[N/A],Enabled,Enabled
1702741540.220292,0,GPU-b342434c-f6b6-7627-333e-da750a9991e6,0.16,0.40810546875,10240.0,5887.0,546.17,NVIDIA GeForce RTX 3080,[N/A],Enabled,Enabled
1702741541.220376,0,GPU-b342434c-f6b6-7627-333e-da750a9991e6,0.16,0.40810546875,10240.0,5887.0,546.17,NVIDIA GeForce RTX 3080,[N/A],Enabled,Enabled
1702741542.220199,0,GPU-b342434c-f6b6-7627-333e-da750a9991e6,0.16,0.40810546875,10240.0,5887.0,546.17,NVIDIA GeForce RTX 3080,[N/A],Enabled,Enabled
1702741543.219965,0,GPU-b342434c-f6b6-7627-333e-da750a9991e6,0.16,0.40810546875,10240.0,5887.0,546.17,NVIDIA GeForce RTX 3080,[N/A],Enabled,Enabled
1702741544.219789,0,GPU-b342434c-f6b6-7627-333e-da750a9991e6,0.16,0.40810546875,10240.0,5887.0,546.17,NVIDIA GeForce RTX 3080,[N/A],Enabled,Enabled
1702741545.219767,0,GPU-b342434c-f6b6-7627-333e-da750a9991e6,0.16,0.40810546875,10240.0,5887.0,546.17,NVIDIA GeForce RTX 3080,[N/A],Enabled,Enabled
1702741546.220497,0,GPU-b342434c-f6b6-7627-333e-da750a9991e6,0.17,0.40810546875,10240.0,5887.0,546.17,NVIDIA GeForce RTX 3080,[N/A],Enabled,Enabled
1702741547.220771,0,GPU-b342434c-f6b6-7627-333e-da750a9991e6,0.17,0.40810546875,10240.0,5887.0,546.17,NVIDIA GeForce RTX 3080,[N/A],Enabled,Enabled
1702741548.220721,0,GPU-b342434c-f6b6-7627-333e-da750a9991e6,0.17,0.40810546875,10240.0,5887.0,546.17,NVIDIA GeForce RTX 3080,[N/A],Enabled,Enabled
1702741549.219976,0,GPU-b342434c-f6b6-7627-333e-da750a9991e6,0.16,0.40810546875,10240.0,5887.0,546.17,NVIDIA GeForce RTX 3080,[N/A],Enabled,Enabled
1702741550.220012,0,GPU-b342434c-f6b6-7627-333e-da750a9991e6,0.16,0.40810546875,10240.0,5887.0,546.17,NVIDIA GeForce RTX 3080,[N/A],Enabled,Enabled
1702741551.219865,0,GPU-b342434c-f6b6-7627-333e-da750a9991e6,0.16,0.40810546875,10240.0,5887.0,546.17,NVIDIA GeForce RTX 3080,[N/A],Enabled,Enabled
1702741552.220157,0,GPU-b342434c-f6b6-7627-333e-da750a9991e6,0.16,0.40810546875,10240.0,5887.0,546.17,NVIDIA GeForce RTX 3080,[N/A],Enabled,Enabled
1702741553.220072,0,GPU-b342434c-f6b6-7627-333e-da750a9991e6,0.16,0.40810546875,10240.0,5887.0,546.17,NVIDIA GeForce RTX 3080,[N/A],Enabled,Enabled
1702741554.219939,0,GPU-b342434c-f6b6-7627-333e-da750a9991e6,0.16,0.40810546875,10240.0,5887.0,546.17,NVIDIA GeForce RTX 3080,[N/A],Enabled,Enabled
1702741555.220402,0,GPU-b342434c-f6b6-7627-333e-da750a9991e6,0.16,0.40810546875,10240.0,5887.0,546.17,NVIDIA GeForce RTX 3080,[N/A],Enabled,Enabled
1702741556.219777,0,GPU-b342434c-f6b6-7627-333e-da750a9991e6,0.16,0.40810546875,10240.0,5887.0,546.17,NVIDIA GeForce RTX 3080,[N/A],Enabled,Enabled
1702741557.220366,0,GPU-b342434c-f6b6-7627-333e-da750a9991e6,0.16,0.40810546875,10240.0,5887.0,546.17,NVIDIA GeForce RTX 3080,[N/A],Enabled,Enabled
1702741558.220217,0,GPU-b342434c-f6b6-7627-333e-da750a9991e6,0.16,0.40810546875,10240.0,5887.0,546.17,NVIDIA GeForce RTX 3080,[N/A],Enabled,Enabled
1702741559.220576,0,GPU-b342434c-f6b6-7627-333e-da750a9991e6,0.17,0.40810546875,10240.0,5887.0,546.17,NVIDIA GeForce RTX 3080,[N/A],Enabled,Enabled
1702741560.220413,0,GPU-b342434c-f6b6-7627-333e-da750a9991e6,0.16,0.40810546875,10240.0,5887.0,546.17,NVIDIA GeForce RTX 3080,[N/A],Enabled,Enabled
1702741561.219672,0,GPU-b342434c-f6b6-7627-333e-da750a9991e6,0.16,0.40810546875,10240.0,5887.0,546.17,NVIDIA GeForce RTX 3080,[N/A],Enabled,Enabled
1702741562.219929,0,GPU-b342434c-f6b6-7627-333e-da750a9991e6,0.17,0.40810546875,10240.0,5887.0,546.17,NVIDIA GeForce RTX 3080,[N/A],Enabled,Enabled
1702741563.22023,0,GPU-b342434c-f6b6-7627-333e-da750a9991e6,0.16,0.40810546875,10240.0,5887.0,546.17,NVIDIA GeForce RTX 3080,[N/A],Enabled,Enabled
1702741564.220259,0,GPU-b342434c-f6b6-7627-333e-da750a9991e6,0.16,0.40810546875,10240.0,5887.0,546.17,NVIDIA GeForce RTX 3080,[N/A],Enabled,Enabled
1702741565.220511,0,GPU-b342434c-f6b6-7627-333e-da750a9991e6,0.16,0.40810546875,10240.0,5887.0,546.17,NVIDIA GeForce RTX 3080,[N/A],Enabled,Enabled
1702741566.220976,0,GPU-b342434c-f6b6-7627-333e-da750a9991e6,0.16,0.40810546875,10240.0,5887.0,546.17,NVIDIA GeForce RTX 3080,[N/A],Enabled,Enabled
1702741567.219997,0,GPU-b342434c-f6b6-7627-333e-da750a9991e6,0.16,0.40810546875,10240.0,5887.0,546.17,NVIDIA GeForce RTX 3080,[N/A],Enabled,Enabled
1702741568.219668,0,GPU-b342434c-f6b6-7627-333e-da750a9991e6,0.16,0.40810546875,10240.0,5887.0,546.17,NVIDIA GeForce RTX 3080,[N/A],Enabled,Enabled
1702741569.220205,0,GPU-b342434c-f6b6-7627-333e-da750a9991e6,0.16,0.40810546875,10240.0,5887.0,546.17,NVIDIA GeForce RTX 3080,[N/A],Enabled,Enabled
1702741570.220446,0,GPU-b342434c-f6b6-7627-333e-da750a9991e6,0.17,0.40810546875,10240.0,5887.0,546.17,NVIDIA GeForce RTX 3080,[N/A],Enabled,Enabled
1702741571.219995,0,GPU-b342434c-f6b6-7627-333e-da750a9991e6,0.16,0.40810546875,10240.0,5887.0,546.17,NVIDIA GeForce RTX 3080,[N/A],Enabled,Enabled
1702741572.220538,0,GPU-b342434c-f6b6-7627-333e-da750a9991e6,0.16,0.40810546875,10240.0,5887.0,546.17,NVIDIA GeForce RTX 3080,[N/A],Enabled,Enabled
1702741573.219808,0,GPU-b342434c-f6b6-7627-333e-da750a9991e6,0.17,0.40810546875,10240.0,5887.0,546.17,NVIDIA GeForce RTX 3080,[N/A],Enabled,Enabled
1702741574.220699,0,GPU-b342434c-f6b6-7627-333e-da750a9991e6,0.16,0.40810546875,10240.0,5887.0,546.17,NVIDIA GeForce RTX 3080,[N/A],Enabled,Enabled
1702741575.219745,0,GPU-b342434c-f6b6-7627-333e-da750a9991e6,0.16,0.40810546875,10240.0,5887.0,546.17,NVIDIA GeForce RTX 3080,[N/A],Enabled,Enabled
1702741576.220341,0,GPU-b342434c-f6b6-7627-333e-da750a9991e6,0.17,0.40810546875,10240.0,5887.0,546.17,NVIDIA GeForce RTX 3080,[N/A],Enabled,Enabled
1702741577.220775,0,GPU-b342434c-f6b6-7627-333e-da750a9991e6,0.16,0.40810546875,10240.0,5887.0,546.17,NVIDIA GeForce RTX 3080,[N/A],Enabled,Enabled
1702741578.220516,0,GPU-b342434c-f6b6-7627-333e-da750a9991e6,0.16,0.40810546875,10240.0,5887.0,546.17,NVIDIA GeForce RTX 3080,[N/A],Enabled,Enabled
1702741579.220296,0,GPU-b342434c-f6b6-7627-333e-da750a9991e6,0.16,0.40810546875,10240.0,5887.0,546.17,NVIDIA GeForce RTX 3080,[N/A],Enabled,Enabled
1702741580.220275,0,GPU-b342434c-f6b6-7627-333e-da750a9991e6,0.16,0.40810546875,10240.0,5887.0,546.17,NVIDIA GeForce RTX 3080,[N/A],Enabled,Enabled
1702741581.220807,0,GPU-b342434c-f6b6-7627-333e-da750a9991e6,0.16,0.40810546875,10240.0,5887.0,546.17,NVIDIA GeForce RTX 3080,[N/A],Enabled,Enabled
1702741582.21974,0,GPU-b342434c-f6b6-7627-333e-da750a9991e6,0.16,0.40810546875,10240.0,5887.0,546.17,NVIDIA GeForce RTX 3080,[N/A],Enabled,Enabled
1702741583.219817,0,GPU-b342434c-f6b6-7627-333e-da750a9991e6,0.16,0.40810546875,10240.0,5887.0,546.17,NVIDIA GeForce RTX 3080,[N/A],Enabled,Enabled
1702741584.219691,0,GPU-b342434c-f6b6-7627-333e-da750a9991e6,0.16,0.40810546875,10240.0,5887.0,546.17,NVIDIA GeForce RTX 3080,[N/A],Enabled,Enabled
1702741585.219806,0,GPU-b342434c-f6b6-7627-333e-da750a9991e6,0.17,0.40810546875,10240.0,5887.0,546.17,NVIDIA GeForce RTX 3080,[N/A],Enabled,Enabled
1702741586.220169,0,GPU-b342434c-f6b6-7627-333e-da750a9991e6,0.17,0.40810546875,10240.0,5887.0,546.17,NVIDIA GeForce RTX 3080,[N/A],Enabled,Enabled
1702741587.220439,0,GPU-b342434c-f6b6-7627-333e-da750a9991e6,0.16,0.40810546875,10240.0,5887.0,546.17,NVIDIA GeForce RTX 3080,[N/A],Enabled,Enabled
1702741588.219832,0,GPU-b342434c-f6b6-7627-333e-da750a9991e6,0.16,0.40810546875,10240.0,5887.0,546.17,NVIDIA GeForce RTX 3080,[N/A],Enabled,Enabled
1702741589.220309,0,GPU-b342434c-f6b6-7627-333e-da750a9991e6,0.17,0.40810546875,10240.0,5887.0,546.17,NVIDIA GeForce RTX 3080,[N/A],Enabled,Enabled
1702741590.219904,0,GPU-b342434c-f6b6-7627-333e-da750a9991e6,0.17,0.40810546875,10240.0,5887.0,546.17,NVIDIA GeForce RTX 3080,[N/A],Enabled,Enabled
1702741591.219899,0,GPU-b342434c-f6b6-7627-333e-da750a9991e6,0.17,0.40810546875,10240.0,5887.0,546.17,NVIDIA GeForce RTX 3080,[N/A],Enabled,Enabled
1702741592.22001,0,GPU-b342434c-f6b6-7627-333e-da750a9991e6,0.17,0.40810546875,10240.0,5887.0,546.17,NVIDIA GeForce RTX 3080,[N/A],Enabled,Enabled
1702741593.219987,0,GPU-b342434c-f6b6-7627-333e-da750a9991e6,0.17,0.40810546875,10240.0,5887.0,546.17,NVIDIA GeForce RTX 3080,[N/A],Enabled,Enabled
1702741594.219962,0,GPU-b342434c-f6b6-7627-333e-da750a9991e6,0.17,0.40810546875,10240.0,5887.0,546.17,NVIDIA GeForce RTX 3080,[N/A],Enabled,Enabled
1702741595.219949,0,GPU-b342434c-f6b6-7627-333e-da750a9991e6,0.17,0.40810546875,10240.0,5887.0,546.17,NVIDIA GeForce RTX 3080,[N/A],Enabled,Enabled
1702741596.219657,0,GPU-b342434c-f6b6-7627-333e-da750a9991e6,0.17,0.40810546875,10240.0,5887.0,546.17,NVIDIA GeForce RTX 3080,[N/A],Enabled,Enabled
1702741597.220012,0,GPU-b342434c-f6b6-7627-333e-da750a9991e6,0.17,0.40810546875,10240.0,5887.0,546.17,NVIDIA GeForce RTX 3080,[N/A],Enabled,Enabled
1702741598.220608,0,GPU-b342434c-f6b6-7627-333e-da750a9991e6,0.18,0.40810546875,10240.0,5887.0,546.17,NVIDIA GeForce RTX 3080,[N/A],Enabled,Enabled
1702741599.219822,0,GPU-b342434c-f6b6-7627-333e-da750a9991e6,0.17,0.40810546875,10240.0,5887.0,546.17,NVIDIA GeForce RTX 3080,[N/A],Enabled,Enabled
1702741600.220306,0,GPU-b342434c-f6b6-7627-333e-da750a9991e6,0.17,0.40810546875,10240.0,5887.0,546.17,NVIDIA GeForce RTX 3080,[N/A],Enabled,Enabled
1702741601.219666,0,GPU-b342434c-f6b6-7627-333e-da750a9991e6,0.17,0.40810546875,10240.0,5887.0,546.17,NVIDIA GeForce RTX 3080,[N/A],Enabled,Enabled
1702741602.220017,0,GPU-b342434c-f6b6-7627-333e-da750a9991e6,0.17,0.40810546875,10240.0,5887.0,546.17,NVIDIA GeForce RTX 3080,[N/A],Enabled,Enabled
1702741603.219699,0,GPU-b342434c-f6b6-7627-333e-da750a9991e6,0.17,0.40810546875,10240.0,5887.0,546.17,NVIDIA GeForce RTX 3080,[N/A],Enabled,Enabled
1702741604.220013,0,GPU-b342434c-f6b6-7627-333e-da750a9991e6,0.17,0.40810546875,10240.0,5887.0,546.17,NVIDIA GeForce RTX 3080,[N/A],Enabled,Enabled
1702741605.219977,0,GPU-b342434c-f6b6-7627-333e-da750a9991e6,0.17,0.40810546875,10240.0,5887.0,546.17,NVIDIA GeForce RTX 3080,[N/A],Enabled,Enabled
1702741606.220379,0,GPU-b342434c-f6b6-7627-333e-da750a9991e6,0.17,0.40810546875,10240.0,5887.0,546.17,NVIDIA GeForce RTX 3080,[N/A],Enabled,Enabled
1702741607.220634,0,GPU-b342434c-f6b6-7627-333e-da750a9991e6,0.17,0.40810546875,10240.0,5887.0,546.17,NVIDIA GeForce RTX 3080,[N/A],Enabled,Enabled
1702741608.220542,0,GPU-b342434c-f6b6-7627-333e-da750a9991e6,0.17,0.40810546875,10240.0,5887.0,546.17,NVIDIA GeForce RTX 3080,[N/A],Enabled,Enabled
1702741609.219933,0,GPU-b342434c-f6b6-7627-333e-da750a9991e6,0.16,0.40810546875,10240.0,5887.0,546.17,NVIDIA GeForce RTX 3080,[N/A],Enabled,Enabled
1702741610.220021,0,GPU-b342434c-f6b6-7627-333e-da750a9991e6,0.17,0.40810546875,10240.0,5887.0,546.17,NVIDIA GeForce RTX 3080,[N/A],Enabled,Enabled
1702741611.220385,0,GPU-b342434c-f6b6-7627-333e-da750a9991e6,0.17,0.40810546875,10240.0,5887.0,546.17,NVIDIA GeForce RTX 3080,[N/A],Enabled,Enabled
1702741612.220296,0,GPU-b342434c-f6b6-7627-333e-da750a9991e6,0.16,0.40810546875,10240.0,5887.0,546.17,NVIDIA GeForce RTX 3080,[N/A],Enabled,Enabled
1702741613.219994,0,GPU-b342434c-f6b6-7627-333e-da750a9991e6,0.16,0.40810546875,10240.0,5887.0,546.17,NVIDIA GeForce RTX 3080,[N/A],Enabled,Enabled
1702741614.220257,0,GPU-b342434c-f6b6-7627-333e-da750a9991e6,0.16,0.40810546875,10240.0,5887.0,546.17,NVIDIA GeForce RTX 3080,[N/A],Enabled,Enabled
1702741615.220251,0,GPU-b342434c-f6b6-7627-333e-da750a9991e6,0.16,0.40810546875,10240.0,5887.0,546.17,NVIDIA GeForce RTX 3080,[N/A],Enabled,Enabled
1702741616.220271,0,GPU-b342434c-f6b6-7627-333e-da750a9991e6,0.16,0.40810546875,10240.0,5887.0,546.17,NVIDIA GeForce RTX 3080,[N/A],Enabled,Enabled
1702741617.219835,0,GPU-b342434c-f6b6-7627-333e-da750a9991e6,0.17,0.40810546875,10240.0,5887.0,546.17,NVIDIA GeForce RTX 3080,[N/A],Enabled,Enabled
1702741618.220438,0,GPU-b342434c-f6b6-7627-333e-da750a9991e6,0.17,0.40810546875,10240.0,5887.0,546.17,NVIDIA GeForce RTX 3080,[N/A],Enabled,Enabled
1702741619.220562,0,GPU-b342434c-f6b6-7627-333e-da750a9991e6,0.17,0.40810546875,10240.0,5887.0,546.17,NVIDIA GeForce RTX 3080,[N/A],Enabled,Enabled
1702741620.220175,0,GPU-b342434c-f6b6-7627-333e-da750a9991e6,0.16,0.40810546875,10240.0,5887.0,546.17,NVIDIA GeForce RTX 3080,[N/A],Enabled,Enabled
1702741621.219684,0,GPU-b342434c-f6b6-7627-333e-da750a9991e6,0.16,0.40810546875,10240.0,5887.0,546.17,NVIDIA GeForce RTX 3080,[N/A],Enabled,Enabled
1702741622.220107,0,GPU-b342434c-f6b6-7627-333e-da750a9991e6,0.16,0.40810546875,10240.0,5887.0,546.17,NVIDIA GeForce RTX 3080,[N/A],Enabled,Enabled
1702741623.219936,0,GPU-b342434c-f6b6-7627-333e-da750a9991e6,0.16,0.40810546875,10240.0,5887.0,546.17,NVIDIA GeForce RTX 3080,[N/A],Enabled,Enabled
1702741624.220066,0,GPU-b342434c-f6b6-7627-333e-da750a9991e6,0.16,0.40810546875,10240.0,5887.0,546.17,NVIDIA GeForce RTX 3080,[N/A],Enabled,Enabled
1702741625.220519,0,GPU-b342434c-f6b6-7627-333e-da750a9991e6,0.16,0.40810546875,10240.0,5887.0,546.17,NVIDIA GeForce RTX 3080,[N/A],Enabled,Enabled
1702741626.220447,0,GPU-b342434c-f6b6-7627-333e-da750a9991e6,0.16,0.40810546875,10240.0,5887.0,546.17,NVIDIA GeForce RTX 3080,[N/A],Enabled,Enabled
1702741627.219941,0,GPU-b342434c-f6b6-7627-333e-da750a9991e6,0.16,0.40810546875,10240.0,5887.0,546.17,NVIDIA GeForce RTX 3080,[N/A],Enabled,Enabled
1702741628.220667,0,GPU-b342434c-f6b6-7627-333e-da750a9991e6,0.16,0.40810546875,10240.0,5887.0,546.17,NVIDIA GeForce RTX 3080,[N/A],Enabled,Enabled
1702741629.220243,0,GPU-b342434c-f6b6-7627-333e-da750a9991e6,0.16,0.40810546875,10240.0,5887.0,546.17,NVIDIA GeForce RTX 3080,[N/A],Enabled,Enabled
1702741630.219852,0,GPU-b342434c-f6b6-7627-333e-da750a9991e6,0.16,0.40810546875,10240.0,5887.0,546.17,NVIDIA GeForce RTX 3080,[N/A],Enabled,Enabled
1702741631.219754,0,GPU-b342434c-f6b6-7627-333e-da750a9991e6,0.17,0.40810546875,10240.0,5887.0,546.17,NVIDIA GeForce RTX 3080,[N/A],Enabled,Enabled
1702741632.219654,0,GPU-b342434c-f6b6-7627-333e-da750a9991e6,0.16,0.40810546875,10240.0,5887.0,546.17,NVIDIA GeForce RTX 3080,[N/A],Enabled,Enabled
1702741633.221018,0,GPU-b342434c-f6b6-7627-333e-da750a9991e6,0.17,0.40810546875,10240.0,5887.0,546.17,NVIDIA GeForce RTX 3080,[N/A],Enabled,Enabled
1702741634.219934,0,GPU-b342434c-f6b6-7627-333e-da750a9991e6,0.16,0.40810546875,10240.0,5887.0,546.17,NVIDIA GeForce RTX 3080,[N/A],Enabled,Enabled
1702741635.220675,0,GPU-b342434c-f6b6-7627-333e-da750a9991e6,0.17,0.40810546875,10240.0,5887.0,546.17,NVIDIA GeForce RTX 3080,[N/A],Enabled,Enabled
1702741636.220506,0,GPU-b342434c-f6b6-7627-333e-da750a9991e6,0.16,0.40810546875,10240.0,5887.0,546.17,NVIDIA GeForce RTX 3080,[N/A],Enabled,Enabled
1702741637.220082,0,GPU-b342434c-f6b6-7627-333e-da750a9991e6,0.16,0.40810546875,10240.0,5887.0,546.17,NVIDIA GeForce RTX 3080,[N/A],Enabled,Enabled
1702741638.220075,0,GPU-b342434c-f6b6-7627-333e-da750a9991e6,0.16,0.40810546875,10240.0,5887.0,546.17,NVIDIA GeForce RTX 3080,[N/A],Enabled,Enabled
1702741639.219958,0,GPU-b342434c-f6b6-7627-333e-da750a9991e6,0.16,0.40810546875,10240.0,5887.0,546.17,NVIDIA GeForce RTX 3080,[N/A],Enabled,Enabled
1702741640.220156,0,GPU-b342434c-f6b6-7627-333e-da750a9991e6,0.16,0.40810546875,10240.0,5887.0,546.17,NVIDIA GeForce RTX 3080,[N/A],Enabled,Enabled
1702741641.219761,0,GPU-b342434c-f6b6-7627-333e-da750a9991e6,0.17,0.40810546875,10240.0,5887.0,546.17,NVIDIA GeForce RTX 3080,[N/A],Enabled,Enabled
1702741642.219764,0,GPU-b342434c-f6b6-7627-333e-da750a9991e6,0.17,0.40810546875,10240.0,5887.0,546.17,NVIDIA GeForce RTX 3080,[N/A],Enabled,Enabled
1702741643.21988,0,GPU-b342434c-f6b6-7627-333e-da750a9991e6,0.17,0.40810546875,10240.0,5887.0,546.17,NVIDIA GeForce RTX 3080,[N/A],Enabled,Enabled
1702741644.219812,0,GPU-b342434c-f6b6-7627-333e-da750a9991e6,0.18,0.40810546875,10240.0,5887.0,546.17,NVIDIA GeForce RTX 3080,[N/A],Enabled,Enabled
1702741645.220462,0,GPU-b342434c-f6b6-7627-333e-da750a9991e6,0.17,0.40810546875,10240.0,5887.0,546.17,NVIDIA GeForce RTX 3080,[N/A],Enabled,Enabled
1702741646.219559,0,GPU-b342434c-f6b6-7627-333e-da750a9991e6,0.16,0.40810546875,10240.0,5887.0,546.17,NVIDIA GeForce RTX 3080,[N/A],Enabled,Enabled
1702741647.219951,0,GPU-b342434c-f6b6-7627-333e-da750a9991e6,0.16,0.40810546875,10240.0,5887.0,546.17,NVIDIA GeForce RTX 3080,[N/A],Enabled,Enabled
1702741648.220405,0,GPU-b342434c-f6b6-7627-333e-da750a9991e6,0.16,0.40810546875,10240.0,5887.0,546.17,NVIDIA GeForce RTX 3080,[N/A],Enabled,Enabled
1702741649.220754,0,GPU-b342434c-f6b6-7627-333e-da750a9991e6,0.16,0.40810546875,10240.0,5887.0,546.17,NVIDIA GeForce RTX 3080,[N/A],Enabled,Enabled
1702741650.219849,0,GPU-b342434c-f6b6-7627-333e-da750a9991e6,0.16,0.40810546875,10240.0,5887.0,546.17,NVIDIA GeForce RTX 3080,[N/A],Enabled,Enabled
1702741651.219819,0,GPU-b342434c-f6b6-7627-333e-da750a9991e6,0.16,0.40810546875,10240.0,5887.0,546.17,NVIDIA GeForce RTX 3080,[N/A],Enabled,Enabled
1702741652.219787,0,GPU-b342434c-f6b6-7627-333e-da750a9991e6,0.17,0.40810546875,10240.0,5887.0,546.17,NVIDIA GeForce RTX 3080,[N/A],Enabled,Enabled
1702741653.220069,0,GPU-b342434c-f6b6-7627-333e-da750a9991e6,0.17,0.40810546875,10240.0,5887.0,546.17,NVIDIA GeForce RTX 3080,[N/A],Enabled,Enabled
1702741654.219864,0,GPU-b342434c-f6b6-7627-333e-da750a9991e6,0.16,0.40810546875,10240.0,5887.0,546.17,NVIDIA GeForce RTX 3080,[N/A],Enabled,Enabled
1702741655.220493,0,GPU-b342434c-f6b6-7627-333e-da750a9991e6,0.17,0.40810546875,10240.0,5887.0,546.17,NVIDIA GeForce RTX 3080,[N/A],Enabled,Enabled
1702741656.219869,0,GPU-b342434c-f6b6-7627-333e-da750a9991e6,0.17,0.40810546875,10240.0,5887.0,546.17,NVIDIA GeForce RTX 3080,[N/A],Enabled,Enabled
1702741657.220572,0,GPU-b342434c-f6b6-7627-333e-da750a9991e6,0.17,0.40810546875,10240.0,5887.0,546.17,NVIDIA GeForce RTX 3080,[N/A],Enabled,Enabled
1702741658.220676,0,GPU-b342434c-f6b6-7627-333e-da750a9991e6,0.16,0.40810546875,10240.0,5887.0,546.17,NVIDIA GeForce RTX 3080,[N/A],Enabled,Enabled
1702741659.220167,0,GPU-b342434c-f6b6-7627-333e-da750a9991e6,0.16,0.40810546875,10240.0,5887.0,546.17,NVIDIA GeForce RTX 3080,[N/A],Enabled,Enabled
1702741660.220823,0,GPU-b342434c-f6b6-7627-333e-da750a9991e6,0.16,0.40810546875,10240.0,5887.0,546.17,NVIDIA GeForce RTX 3080,[N/A],Enabled,Enabled
1702741661.22054,0,GPU-b342434c-f6b6-7627-333e-da750a9991e6,0.17,0.40810546875,10240.0,5887.0,546.17,NVIDIA GeForce RTX 3080,[N/A],Enabled,Enabled
1702741662.220081,0,GPU-b342434c-f6b6-7627-333e-da750a9991e6,0.17,0.40810546875,10240.0,5887.0,546.17,NVIDIA GeForce RTX 3080,[N/A],Enabled,Enabled
1702741663.220505,0,GPU-b342434c-f6b6-7627-333e-da750a9991e6,0.16,0.40810546875,10240.0,5887.0,546.17,NVIDIA GeForce RTX 3080,[N/A],Enabled,Enabled
1702741664.220146,0,GPU-b342434c-f6b6-7627-333e-da750a9991e6,0.16,0.40810546875,10240.0,5887.0,546.17,NVIDIA GeForce RTX 3080,[N/A],Enabled,Enabled
1702741665.219758,0,GPU-b342434c-f6b6-7627-333e-da750a9991e6,0.16,0.40810546875,10240.0,5887.0,546.17,NVIDIA GeForce RTX 3080,[N/A],Enabled,Enabled
1702741666.220802,0,GPU-b342434c-f6b6-7627-333e-da750a9991e6,0.16,0.40810546875,10240.0,5887.0,546.17,NVIDIA GeForce RTX 3080,[N/A],Enabled,Enabled
1702741667.220501,0,GPU-b342434c-f6b6-7627-333e-da750a9991e6,0.16,0.40810546875,10240.0,5887.0,546.17,NVIDIA GeForce RTX 3080,[N/A],Enabled,Enabled
1702741668.220852,0,GPU-b342434c-f6b6-7627-333e-da750a9991e6,0.17,0.40810546875,10240.0,5887.0,546.17,NVIDIA GeForce RTX 3080,[N/A],Enabled,Enabled
1702741669.220541,0,GPU-b342434c-f6b6-7627-333e-da750a9991e6,0.17,0.40810546875,10240.0,5887.0,546.17,NVIDIA GeForce RTX 3080,[N/A],Enabled,Enabled
1702741670.219958,0,GPU-b342434c-f6b6-7627-333e-da750a9991e6,0.16,0.40810546875,10240.0,5887.0,546.17,NVIDIA GeForce RTX 3080,[N/A],Enabled,Enabled
1702741671.220474,0,GPU-b342434c-f6b6-7627-333e-da750a9991e6,0.16,0.40810546875,10240.0,5887.0,546.17,NVIDIA GeForce RTX 3080,[N/A],Enabled,Enabled
1702741672.220101,0,GPU-b342434c-f6b6-7627-333e-da750a9991e6,0.17,0.40810546875,10240.0,5887.0,546.17,NVIDIA GeForce RTX 3080,[N/A],Enabled,Enabled
1702741673.220145,0,GPU-b342434c-f6b6-7627-333e-da750a9991e6,0.17,0.40810546875,10240.0,5887.0,546.17,NVIDIA GeForce RTX 3080,[N/A],Enabled,Enabled
1702741674.219882,0,GPU-b342434c-f6b6-7627-333e-da750a9991e6,0.17,0.40810546875,10240.0,5887.0,546.17,NVIDIA GeForce RTX 3080,[N/A],Enabled,Enabled
1702741675.220092,0,GPU-b342434c-f6b6-7627-333e-da750a9991e6,0.16,0.40810546875,10240.0,5887.0,546.17,NVIDIA GeForce RTX 3080,[N/A],Enabled,Enabled
1702741676.22019,0,GPU-b342434c-f6b6-7627-333e-da750a9991e6,0.17,0.40810546875,10240.0,5887.0,546.17,NVIDIA GeForce RTX 3080,[N/A],Enabled,Enabled
1702741677.220311,0,GPU-b342434c-f6b6-7627-333e-da750a9991e6,0.17,0.40810546875,10240.0,5887.0,546.17,NVIDIA GeForce RTX 3080,[N/A],Enabled,Enabled
1702741678.22023,0,GPU-b342434c-f6b6-7627-333e-da750a9991e6,0.16,0.40810546875,10240.0,5887.0,546.17,NVIDIA GeForce RTX 3080,[N/A],Enabled,Enabled
1702741679.220465,0,GPU-b342434c-f6b6-7627-333e-da750a9991e6,0.16,0.40810546875,10240.0,5887.0,546.17,NVIDIA GeForce RTX 3080,[N/A],Enabled,Enabled
1702741680.219868,0,GPU-b342434c-f6b6-7627-333e-da750a9991e6,0.17,0.40810546875,10240.0,5887.0,546.17,NVIDIA GeForce RTX 3080,[N/A],Enabled,Enabled
1702741681.221012,0,GPU-b342434c-f6b6-7627-333e-da750a9991e6,0.17,0.40810546875,10240.0,5887.0,546.17,NVIDIA GeForce RTX 3080,[N/A],Enabled,Enabled
1702741682.219777,0,GPU-b342434c-f6b6-7627-333e-da750a9991e6,0.17,0.40810546875,10240.0,5887.0,546.17,NVIDIA GeForce RTX 3080,[N/A],Enabled,Enabled
1702741683.220007,0,GPU-b342434c-f6b6-7627-333e-da750a9991e6,0.17,0.40810546875,10240.0,5887.0,546.17,NVIDIA GeForce RTX 3080,[N/A],Enabled,Enabled
1702741684.220312,0,GPU-b342434c-f6b6-7627-333e-da750a9991e6,0.17,0.40810546875,10240.0,5887.0,546.17,NVIDIA GeForce RTX 3080,[N/A],Enabled,Enabled
1702741685.219939,0,GPU-b342434c-f6b6-7627-333e-da750a9991e6,0.16,0.40810546875,10240.0,5887.0,546.17,NVIDIA GeForce RTX 3080,[N/A],Enabled,Enabled
1702741686.220779,0,GPU-b342434c-f6b6-7627-333e-da750a9991e6,0.17,0.40810546875,10240.0,5887.0,546.17,NVIDIA GeForce RTX 3080,[N/A],Enabled,Enabled
1702741687.21988,0,GPU-b342434c-f6b6-7627-333e-da750a9991e6,0.16,0.40810546875,10240.0,5887.0,546.17,NVIDIA GeForce RTX 3080,[N/A],Enabled,Enabled
1702741688.219706,0,GPU-b342434c-f6b6-7627-333e-da750a9991e6,0.17,0.40810546875,10240.0,5887.0,546.17,NVIDIA GeForce RTX 3080,[N/A],Enabled,Enabled
1702741689.220414,0,GPU-b342434c-f6b6-7627-333e-da750a9991e6,0.17,0.40810546875,10240.0,5887.0,546.17,NVIDIA GeForce RTX 3080,[N/A],Enabled,Enabled
1702741690.219836,0,GPU-b342434c-f6b6-7627-333e-da750a9991e6,0.17,0.40810546875,10240.0,5887.0,546.17,NVIDIA GeForce RTX 3080,[N/A],Enabled,Enabled
1702741691.220424,0,GPU-b342434c-f6b6-7627-333e-da750a9991e6,0.17,0.40810546875,10240.0,5887.0,546.17,NVIDIA GeForce RTX 3080,[N/A],Enabled,Enabled
1702741692.219962,0,GPU-b342434c-f6b6-7627-333e-da750a9991e6,0.16,0.40810546875,10240.0,5887.0,546.17,NVIDIA GeForce RTX 3080,[N/A],Enabled,Enabled
1702741693.220384,0,GPU-b342434c-f6b6-7627-333e-da750a9991e6,0.17,0.40810546875,10240.0,5887.0,546.17,NVIDIA GeForce RTX 3080,[N/A],Enabled,Enabled
1702741694.220034,0,GPU-b342434c-f6b6-7627-333e-da750a9991e6,0.17,0.40810546875,10240.0,5887.0,546.17,NVIDIA GeForce RTX 3080,[N/A],Enabled,Enabled
1702741695.219896,0,GPU-b342434c-f6b6-7627-333e-da750a9991e6,0.17,0.40810546875,10240.0,5887.0,546.17,NVIDIA GeForce RTX 3080,[N/A],Enabled,Enabled
1702741696.220004,0,GPU-b342434c-f6b6-7627-333e-da750a9991e6,0.17,0.40810546875,10240.0,5887.0,546.17,NVIDIA GeForce RTX 3080,[N/A],Enabled,Enabled
1702741697.220828,0,GPU-b342434c-f6b6-7627-333e-da750a9991e6,0.18,0.40810546875,10240.0,5887.0,546.17,NVIDIA GeForce RTX 3080,[N/A],Enabled,Enabled
1702741698.220206,0,GPU-b342434c-f6b6-7627-333e-da750a9991e6,0.17,0.40810546875,10240.0,5887.0,546.17,NVIDIA GeForce RTX 3080,[N/A],Enabled,Enabled
1702741699.220458,0,GPU-b342434c-f6b6-7627-333e-da750a9991e6,0.17,0.40810546875,10240.0,5887.0,546.17,NVIDIA GeForce RTX 3080,[N/A],Enabled,Enabled
1702741700.21994,0,GPU-b342434c-f6b6-7627-333e-da750a9991e6,0.16,0.40810546875,10240.0,5887.0,546.17,NVIDIA GeForce RTX 3080,[N/A],Enabled,Enabled
1702741701.220008,0,GPU-b342434c-f6b6-7627-333e-da750a9991e6,0.17,0.40810546875,10240.0,5887.0,546.17,NVIDIA GeForce RTX 3080,[N/A],Enabled,Enabled
1702741702.219927,0,GPU-b342434c-f6b6-7627-333e-da750a9991e6,0.16,0.40810546875,10240.0,5887.0,546.17,NVIDIA GeForce RTX 3080,[N/A],Enabled,Enabled
1702741703.220215,0,GPU-b342434c-f6b6-7627-333e-da750a9991e6,0.17,0.40810546875,10240.0,5887.0,546.17,NVIDIA GeForce RTX 3080,[N/A],Enabled,Enabled
1702741704.220504,0,GPU-b342434c-f6b6-7627-333e-da750a9991e6,0.18,0.40810546875,10240.0,5887.0,546.17,NVIDIA GeForce RTX 3080,[N/A],Enabled,Enabled
1702741705.219981,0,GPU-b342434c-f6b6-7627-333e-da750a9991e6,0.17,0.40810546875,10240.0,5887.0,546.17,NVIDIA GeForce RTX 3080,[N/A],Enabled,Enabled
1702741706.220517,0,GPU-b342434c-f6b6-7627-333e-da750a9991e6,0.17,0.40810546875,10240.0,5887.0,546.17,NVIDIA GeForce RTX 3080,[N/A],Enabled,Enabled
1702741707.220809,0,GPU-b342434c-f6b6-7627-333e-da750a9991e6,0.17,0.40810546875,10240.0,5887.0,546.17,NVIDIA GeForce RTX 3080,[N/A],Enabled,Enabled
1702741708.220016,0,GPU-b342434c-f6b6-7627-333e-da750a9991e6,0.16,0.40810546875,10240.0,5887.0,546.17,NVIDIA GeForce RTX 3080,[N/A],Enabled,Enabled
1702741709.220026,0,GPU-b342434c-f6b6-7627-333e-da750a9991e6,0.17,0.40810546875,10240.0,5887.0,546.17,NVIDIA GeForce RTX 3080,[N/A],Enabled,Enabled
1702741710.220086,0,GPU-b342434c-f6b6-7627-333e-da750a9991e6,0.17,0.40810546875,10240.0,5887.0,546.17,NVIDIA GeForce RTX 3080,[N/A],Enabled,Enabled
1702741711.220513,0,GPU-b342434c-f6b6-7627-333e-da750a9991e6,0.17,0.40810546875,10240.0,5887.0,546.17,NVIDIA GeForce RTX 3080,[N/A],Enabled,Enabled
1702741712.22052,0,GPU-b342434c-f6b6-7627-333e-da750a9991e6,0.17,0.40810546875,10240.0,5887.0,546.17,NVIDIA GeForce RTX 3080,[N/A],Enabled,Enabled
1702741713.219581,0,GPU-b342434c-f6b6-7627-333e-da750a9991e6,0.17,0.40810546875,10240.0,5887.0,546.17,NVIDIA GeForce RTX 3080,[N/A],Enabled,Enabled
1702741714.220043,0,GPU-b342434c-f6b6-7627-333e-da750a9991e6,0.16,0.40810546875,10240.0,5887.0,546.17,NVIDIA GeForce RTX 3080,[N/A],Enabled,Enabled
1702741715.220112,0,GPU-b342434c-f6b6-7627-333e-da750a9991e6,0.16,0.40810546875,10240.0,5887.0,546.17,NVIDIA GeForce RTX 3080,[N/A],Enabled,Enabled
1702741716.219915,0,GPU-b342434c-f6b6-7627-333e-da750a9991e6,0.17,0.40810546875,10240.0,5887.0,546.17,NVIDIA GeForce RTX 3080,[N/A],Enabled,Enabled
1702741717.220463,0,GPU-b342434c-f6b6-7627-333e-da750a9991e6,0.16,0.40810546875,10240.0,5887.0,546.17,NVIDIA GeForce RTX 3080,[N/A],Enabled,Enabled
1702741718.220587,0,GPU-b342434c-f6b6-7627-333e-da750a9991e6,0.17,0.40810546875,10240.0,5887.0,546.17,NVIDIA GeForce RTX 3080,[N/A],Enabled,Enabled
1702741719.220451,0,GPU-b342434c-f6b6-7627-333e-da750a9991e6,0.16,0.40810546875,10240.0,5887.0,546.17,NVIDIA GeForce RTX 3080,[N/A],Enabled,Enabled
1702741720.220394,0,GPU-b342434c-f6b6-7627-333e-da750a9991e6,0.16,0.40810546875,10240.0,5887.0,546.17,NVIDIA GeForce RTX 3080,[N/A],Enabled,Enabled
1702741721.220486,0,GPU-b342434c-f6b6-7627-333e-da750a9991e6,0.16,0.40810546875,10240.0,5887.0,546.17,NVIDIA GeForce RTX 3080,[N/A],Enabled,Enabled
1702741722.220135,0,GPU-b342434c-f6b6-7627-333e-da750a9991e6,0.16,0.40810546875,10240.0,5887.0,546.17,NVIDIA GeForce RTX 3080,[N/A],Enabled,Enabled
1702741723.220368,0,GPU-b342434c-f6b6-7627-333e-da750a9991e6,0.16,0.40810546875,10240.0,5887.0,546.17,NVIDIA GeForce RTX 3080,[N/A],Enabled,Enabled
1702741724.220111,0,GPU-b342434c-f6b6-7627-333e-da750a9991e6,0.15,0.40810546875,10240.0,5887.0,546.17,NVIDIA GeForce RTX 3080,[N/A],Enabled,Enabled
1702741725.219868,0,GPU-b342434c-f6b6-7627-333e-da750a9991e6,0.15,0.40810546875,10240.0,5887.0,546.17,NVIDIA GeForce RTX 3080,[N/A],Enabled,Enabled
1702741726.219811,0,GPU-b342434c-f6b6-7627-333e-da750a9991e6,0.16,0.40810546875,10240.0,5887.0,546.17,NVIDIA GeForce RTX 3080,[N/A],Enabled,Enabled
1702741727.220741,0,GPU-b342434c-f6b6-7627-333e-da750a9991e6,0.16,0.40810546875,10240.0,5887.0,546.17,NVIDIA GeForce RTX 3080,[N/A],Enabled,Enabled
1702741728.222411,0,GPU-b342434c-f6b6-7627-333e-da750a9991e6,0.15,0.40810546875,10240.0,5887.0,546.17,NVIDIA GeForce RTX 3080,[N/A],Enabled,Enabled
1702741729.220648,0,GPU-b342434c-f6b6-7627-333e-da750a9991e6,0.14,0.40107421875,10240.0,5959.0,546.17,NVIDIA GeForce RTX 3080,[N/A],Enabled,Enabled
1702741730.220506,0,GPU-b342434c-f6b6-7627-333e-da750a9991e6,0.14,0.40107421875,10240.0,5959.0,546.17,NVIDIA GeForce RTX 3080,[N/A],Enabled,Enabled
1702741731.220111,0,GPU-b342434c-f6b6-7627-333e-da750a9991e6,0.15,0.40107421875,10240.0,5959.0,546.17,NVIDIA GeForce RTX 3080,[N/A],Enabled,Enabled
1702741732.220543,0,GPU-b342434c-f6b6-7627-333e-da750a9991e6,0.14,0.40107421875,10240.0,5959.0,546.17,NVIDIA GeForce RTX 3080,[N/A],Enabled,Enabled
1702741733.219903,0,GPU-b342434c-f6b6-7627-333e-da750a9991e6,0.13,0.39736328125,10240.0,5997.0,546.17,NVIDIA GeForce RTX 3080,[N/A],Enabled,Enabled
1702741734.220463,0,GPU-b342434c-f6b6-7627-333e-da750a9991e6,0.13,0.39736328125,10240.0,5997.0,546.17,NVIDIA GeForce RTX 3080,[N/A],Enabled,Enabled
1702741735.219724,0,GPU-b342434c-f6b6-7627-333e-da750a9991e6,0.12,0.39736328125,10240.0,5997.0,546.17,NVIDIA GeForce RTX 3080,[N/A],Enabled,Enabled
1702741736.219521,0,GPU-b342434c-f6b6-7627-333e-da750a9991e6,0.13,0.39736328125,10240.0,5997.0,546.17,NVIDIA GeForce RTX 3080,[N/A],Enabled,Enabled
1702741737.220213,0,GPU-b342434c-f6b6-7627-333e-da750a9991e6,0.13,0.39736328125,10240.0,5997.0,546.17,NVIDIA GeForce RTX 3080,[N/A],Enabled,Enabled
1702741738.22008,0,GPU-b342434c-f6b6-7627-333e-da750a9991e6,0.13,0.39736328125,10240.0,5997.0,546.17,NVIDIA GeForce RTX 3080,[N/A],Enabled,Enabled
1702741739.21984,0,GPU-b342434c-f6b6-7627-333e-da750a9991e6,0.13,0.39736328125,10240.0,5997.0,546.17,NVIDIA GeForce RTX 3080,[N/A],Enabled,Enabled
1702741740.21985,0,GPU-b342434c-f6b6-7627-333e-da750a9991e6,0.13,0.39736328125,10240.0,5997.0,546.17,NVIDIA GeForce RTX 3080,[N/A],Enabled,Enabled
1702741741.220034,0,GPU-b342434c-f6b6-7627-333e-da750a9991e6,0.13,0.39736328125,10240.0,5997.0,546.17,NVIDIA GeForce RTX 3080,[N/A],Enabled,Enabled
1702741742.220436,0,GPU-b342434c-f6b6-7627-333e-da750a9991e6,0.12,0.3333984375,10240.0,6652.0,546.17,NVIDIA GeForce RTX 3080,[N/A],Enabled,Enabled
1702741743.22013,0,GPU-b342434c-f6b6-7627-333e-da750a9991e6,0.16,0.33291015625,10240.0,6657.0,546.17,NVIDIA GeForce RTX 3080,[N/A],Enabled,Enabled
1702741744.22026,0,GPU-b342434c-f6b6-7627-333e-da750a9991e6,0.16,0.33349609375,10240.0,6651.0,546.17,NVIDIA GeForce RTX 3080,[N/A],Enabled,Enabled
