timestamp,id,uuid,load,memoryUtil,memoryTotal,memoryUsed,memoryFree,driver,name,serial,display_mode,display_active
1701947160.376386,0,GPU-b342434c-f6b6-7627-333e-da750a9991e6,0.16,0.341796875,10240.0,6566.0,546.17,NVIDIA GeForce RTX 3080,[N/A],Enabled,Enabled
1701947161.371958,0,GPU-b342434c-f6b6-7627-333e-da750a9991e6,0.19,0.35283203125,10240.0,6453.0,546.17,NVIDIA GeForce RTX 3080,[N/A],Enabled,Enabled
1701947162.371794,0,GPU-b342434c-f6b6-7627-333e-da750a9991e6,0.16,0.52197265625,10240.0,4721.0,546.17,NVIDIA GeForce RTX 3080,[N/A],Enabled,Enabled
1701947163.372082,0,GPU-b342434c-f6b6-7627-333e-da750a9991e6,0.11,0.46474609375,10240.0,5307.0,546.17,NVIDIA GeForce RTX 3080,[N/A],Enabled,Enabled
1701947164.371762,0,GPU-b342434c-f6b6-7627-333e-da750a9991e6,0.16,0.47041015625,10240.0,5249.0,546.17,NVIDIA GeForce RTX 3080,[N/A],Enabled,Enabled
1701947165.371707,0,GPU-b342434c-f6b6-7627-333e-da750a9991e6,0.11,0.47041015625,10240.0,5249.0,546.17,NVIDIA GeForce RTX 3080,[N/A],Enabled,Enabled
1701947166.372233,0,GPU-b342434c-f6b6-7627-333e-da750a9991e6,0.04,0.35185546875,10240.0,6463.0,546.17,NVIDIA GeForce RTX 3080,[N/A],Enabled,Enabled
1701947167.372322,0,GPU-b342434c-f6b6-7627-333e-da750a9991e6,0.11,0.45537109375,10240.0,5403.0,546.17,NVIDIA GeForce RTX 3080,[N/A],Enabled,Enabled
1701947168.372231,0,GPU-b342434c-f6b6-7627-333e-da750a9991e6,0.13,0.412109375,10240.0,5846.0,546.17,NVIDIA GeForce RTX 3080,[N/A],Enabled,Enabled
1701947169.372071,0,GPU-b342434c-f6b6-7627-333e-da750a9991e6,0.13,0.40830078125,10240.0,5885.0,546.17,NVIDIA GeForce RTX 3080,[N/A],Enabled,Enabled
1701947170.372063,0,GPU-b342434c-f6b6-7627-333e-da750a9991e6,0.12,0.40830078125,10240.0,5885.0,546.17,NVIDIA GeForce RTX 3080,[N/A],Enabled,Enabled
1701947171.372416,0,GPU-b342434c-f6b6-7627-333e-da750a9991e6,0.12,0.40830078125,10240.0,5885.0,546.17,NVIDIA GeForce RTX 3080,[N/A],Enabled,Enabled
1701947172.372092,0,GPU-b342434c-f6b6-7627-333e-da750a9991e6,0.12,0.40830078125,10240.0,5885.0,546.17,NVIDIA GeForce RTX 3080,[N/A],Enabled,Enabled
1701947173.371931,0,GPU-b342434c-f6b6-7627-333e-da750a9991e6,0.12,0.40830078125,10240.0,5885.0,546.17,NVIDIA GeForce RTX 3080,[N/A],Enabled,Enabled
1701947174.372069,0,GPU-b342434c-f6b6-7627-333e-da750a9991e6,0.14,0.41201171875,10240.0,5847.0,546.17,NVIDIA GeForce RTX 3080,[N/A],Enabled,Enabled
1701947175.37193,0,GPU-b342434c-f6b6-7627-333e-da750a9991e6,0.11,0.45703125,10240.0,5386.0,546.17,NVIDIA GeForce RTX 3080,[N/A],Enabled,Enabled
1701947176.372574,0,GPU-b342434c-f6b6-7627-333e-da750a9991e6,0.13,0.41376953125,10240.0,5829.0,546.17,NVIDIA GeForce RTX 3080,[N/A],Enabled,Enabled
1701947177.372584,0,GPU-b342434c-f6b6-7627-333e-da750a9991e6,0.13,0.41376953125,10240.0,5829.0,546.17,NVIDIA GeForce RTX 3080,[N/A],Enabled,Enabled
1701947178.372217,0,GPU-b342434c-f6b6-7627-333e-da750a9991e6,0.13,0.41376953125,10240.0,5829.0,546.17,NVIDIA GeForce RTX 3080,[N/A],Enabled,Enabled
1701947179.371735,0,GPU-b342434c-f6b6-7627-333e-da750a9991e6,0.12,0.41005859375,10240.0,5867.0,546.17,NVIDIA GeForce RTX 3080,[N/A],Enabled,Enabled
1701947180.372451,0,GPU-b342434c-f6b6-7627-333e-da750a9991e6,0.13,0.41005859375,10240.0,5867.0,546.17,NVIDIA GeForce RTX 3080,[N/A],Enabled,Enabled
1701947181.371841,0,GPU-b342434c-f6b6-7627-333e-da750a9991e6,0.13,0.41005859375,10240.0,5867.0,546.17,NVIDIA GeForce RTX 3080,[N/A],Enabled,Enabled
1701947182.371917,0,GPU-b342434c-f6b6-7627-333e-da750a9991e6,0.13,0.41005859375,10240.0,5867.0,546.17,NVIDIA GeForce RTX 3080,[N/A],Enabled,Enabled
1701947183.371941,0,GPU-b342434c-f6b6-7627-333e-da750a9991e6,0.14,0.41376953125,10240.0,5829.0,546.17,NVIDIA GeForce RTX 3080,[N/A],Enabled,Enabled
1701947184.371553,0,GPU-b342434c-f6b6-7627-333e-da750a9991e6,0.14,0.41376953125,10240.0,5829.0,546.17,NVIDIA GeForce RTX 3080,[N/A],Enabled,Enabled
1701947185.371762,0,GPU-b342434c-f6b6-7627-333e-da750a9991e6,0.13,0.41005859375,10240.0,5867.0,546.17,NVIDIA GeForce RTX 3080,[N/A],Enabled,Enabled
1701947186.372247,0,GPU-b342434c-f6b6-7627-333e-da750a9991e6,0.13,0.41005859375,10240.0,5867.0,546.17,NVIDIA GeForce RTX 3080,[N/A],Enabled,Enabled
1701947187.372352,0,GPU-b342434c-f6b6-7627-333e-da750a9991e6,0.13,0.41005859375,10240.0,5867.0,546.17,NVIDIA GeForce RTX 3080,[N/A],Enabled,Enabled
1701947188.37194,0,GPU-b342434c-f6b6-7627-333e-da750a9991e6,0.13,0.41005859375,10240.0,5867.0,546.17,NVIDIA GeForce RTX 3080,[N/A],Enabled,Enabled
1701947189.371781,0,GPU-b342434c-f6b6-7627-333e-da750a9991e6,0.14,0.41376953125,10240.0,5829.0,546.17,NVIDIA GeForce RTX 3080,[N/A],Enabled,Enabled
1701947190.372216,0,GPU-b342434c-f6b6-7627-333e-da750a9991e6,0.13,0.41005859375,10240.0,5867.0,546.17,NVIDIA GeForce RTX 3080,[N/A],Enabled,Enabled
1701947191.372013,0,GPU-b342434c-f6b6-7627-333e-da750a9991e6,0.13,0.41015625,10240.0,5866.0,546.17,NVIDIA GeForce RTX 3080,[N/A],Enabled,Enabled
1701947192.371888,0,GPU-b342434c-f6b6-7627-333e-da750a9991e6,0.14,0.4138671875,10240.0,5828.0,546.17,NVIDIA GeForce RTX 3080,[N/A],Enabled,Enabled
1701947193.372051,0,GPU-b342434c-f6b6-7627-333e-da750a9991e6,0.16,0.42314453125,10240.0,5733.0,546.17,NVIDIA GeForce RTX 3080,[N/A],Enabled,Enabled
1701947194.371815,0,GPU-b342434c-f6b6-7627-333e-da750a9991e6,0.16,0.42314453125,10240.0,5733.0,546.17,NVIDIA GeForce RTX 3080,[N/A],Enabled,Enabled
1701947195.371791,0,GPU-b342434c-f6b6-7627-333e-da750a9991e6,0.15,0.42314453125,10240.0,5733.0,546.17,NVIDIA GeForce RTX 3080,[N/A],Enabled,Enabled
1701947196.372439,0,GPU-b342434c-f6b6-7627-333e-da750a9991e6,0.16,0.42314453125,10240.0,5733.0,546.17,NVIDIA GeForce RTX 3080,[N/A],Enabled,Enabled
1701947197.372441,0,GPU-b342434c-f6b6-7627-333e-da750a9991e6,0.17,0.42314453125,10240.0,5733.0,546.17,NVIDIA GeForce RTX 3080,[N/A],Enabled,Enabled
1701947198.372048,0,GPU-b342434c-f6b6-7627-333e-da750a9991e6,0.15,0.42314453125,10240.0,5733.0,546.17,NVIDIA GeForce RTX 3080,[N/A],Enabled,Enabled
1701947199.372149,0,GPU-b342434c-f6b6-7627-333e-da750a9991e6,0.16,0.42314453125,10240.0,5733.0,546.17,NVIDIA GeForce RTX 3080,[N/A],Enabled,Enabled
1701947200.371974,0,GPU-b342434c-f6b6-7627-333e-da750a9991e6,0.17,0.42314453125,10240.0,5733.0,546.17,NVIDIA GeForce RTX 3080,[N/A],Enabled,Enabled
1701947201.371946,0,GPU-b342434c-f6b6-7627-333e-da750a9991e6,0.15,0.42314453125,10240.0,5733.0,546.17,NVIDIA GeForce RTX 3080,[N/A],Enabled,Enabled
1701947202.37255,0,GPU-b342434c-f6b6-7627-333e-da750a9991e6,0.16,0.42314453125,10240.0,5733.0,546.17,NVIDIA GeForce RTX 3080,[N/A],Enabled,Enabled
1701947203.371463,0,GPU-b342434c-f6b6-7627-333e-da750a9991e6,0.16,0.42314453125,10240.0,5733.0,546.17,NVIDIA GeForce RTX 3080,[N/A],Enabled,Enabled
1701947204.372693,0,GPU-b342434c-f6b6-7627-333e-da750a9991e6,0.16,0.42314453125,10240.0,5733.0,546.17,NVIDIA GeForce RTX 3080,[N/A],Enabled,Enabled
1701947205.371896,0,GPU-b342434c-f6b6-7627-333e-da750a9991e6,0.17,0.42314453125,10240.0,5733.0,546.17,NVIDIA GeForce RTX 3080,[N/A],Enabled,Enabled
1701947206.372284,0,GPU-b342434c-f6b6-7627-333e-da750a9991e6,0.17,0.42314453125,10240.0,5733.0,546.17,NVIDIA GeForce RTX 3080,[N/A],Enabled,Enabled
1701947207.372608,0,GPU-b342434c-f6b6-7627-333e-da750a9991e6,0.16,0.42314453125,10240.0,5733.0,546.17,NVIDIA GeForce RTX 3080,[N/A],Enabled,Enabled
1701947208.372259,0,GPU-b342434c-f6b6-7627-333e-da750a9991e6,0.15,0.42314453125,10240.0,5733.0,546.17,NVIDIA GeForce RTX 3080,[N/A],Enabled,Enabled
1701947209.371774,0,GPU-b342434c-f6b6-7627-333e-da750a9991e6,0.16,0.42314453125,10240.0,5733.0,546.17,NVIDIA GeForce RTX 3080,[N/A],Enabled,Enabled
1701947210.37262,0,GPU-b342434c-f6b6-7627-333e-da750a9991e6,0.16,0.42314453125,10240.0,5733.0,546.17,NVIDIA GeForce RTX 3080,[N/A],Enabled,Enabled
1701947211.372183,0,GPU-b342434c-f6b6-7627-333e-da750a9991e6,0.17,0.42314453125,10240.0,5733.0,546.17,NVIDIA GeForce RTX 3080,[N/A],Enabled,Enabled
1701947212.37172,0,GPU-b342434c-f6b6-7627-333e-da750a9991e6,0.16,0.42314453125,10240.0,5733.0,546.17,NVIDIA GeForce RTX 3080,[N/A],Enabled,Enabled
1701947213.372679,0,GPU-b342434c-f6b6-7627-333e-da750a9991e6,0.16,0.42314453125,10240.0,5733.0,546.17,NVIDIA GeForce RTX 3080,[N/A],Enabled,Enabled
1701947214.3722,0,GPU-b342434c-f6b6-7627-333e-da750a9991e6,0.16,0.42314453125,10240.0,5733.0,546.17,NVIDIA GeForce RTX 3080,[N/A],Enabled,Enabled
1701947215.371962,0,GPU-b342434c-f6b6-7627-333e-da750a9991e6,0.16,0.42314453125,10240.0,5733.0,546.17,NVIDIA GeForce RTX 3080,[N/A],Enabled,Enabled
1701947216.371589,0,GPU-b342434c-f6b6-7627-333e-da750a9991e6,0.16,0.42314453125,10240.0,5733.0,546.17,NVIDIA GeForce RTX 3080,[N/A],Enabled,Enabled
1701947217.371851,0,GPU-b342434c-f6b6-7627-333e-da750a9991e6,0.16,0.42314453125,10240.0,5733.0,546.17,NVIDIA GeForce RTX 3080,[N/A],Enabled,Enabled
1701947218.372353,0,GPU-b342434c-f6b6-7627-333e-da750a9991e6,0.16,0.42314453125,10240.0,5733.0,546.17,NVIDIA GeForce RTX 3080,[N/A],Enabled,Enabled
1701947219.371927,0,GPU-b342434c-f6b6-7627-333e-da750a9991e6,0.16,0.42314453125,10240.0,5733.0,546.17,NVIDIA GeForce RTX 3080,[N/A],Enabled,Enabled
1701947220.371798,0,GPU-b342434c-f6b6-7627-333e-da750a9991e6,0.16,0.42314453125,10240.0,5733.0,546.17,NVIDIA GeForce RTX 3080,[N/A],Enabled,Enabled
1701947221.372385,0,GPU-b342434c-f6b6-7627-333e-da750a9991e6,0.16,0.42314453125,10240.0,5733.0,546.17,NVIDIA GeForce RTX 3080,[N/A],Enabled,Enabled
1701947222.372482,0,GPU-b342434c-f6b6-7627-333e-da750a9991e6,0.16,0.42314453125,10240.0,5733.0,546.17,NVIDIA GeForce RTX 3080,[N/A],Enabled,Enabled
1701947223.372552,0,GPU-b342434c-f6b6-7627-333e-da750a9991e6,0.16,0.42314453125,10240.0,5733.0,546.17,NVIDIA GeForce RTX 3080,[N/A],Enabled,Enabled
1701947224.371695,0,GPU-b342434c-f6b6-7627-333e-da750a9991e6,0.16,0.42314453125,10240.0,5733.0,546.17,NVIDIA GeForce RTX 3080,[N/A],Enabled,Enabled
1701947225.37227,0,GPU-b342434c-f6b6-7627-333e-da750a9991e6,0.16,0.42314453125,10240.0,5733.0,546.17,NVIDIA GeForce RTX 3080,[N/A],Enabled,Enabled
1701947226.372027,0,GPU-b342434c-f6b6-7627-333e-da750a9991e6,0.16,0.42314453125,10240.0,5733.0,546.17,NVIDIA GeForce RTX 3080,[N/A],Enabled,Enabled
1701947227.372007,0,GPU-b342434c-f6b6-7627-333e-da750a9991e6,0.16,0.42314453125,10240.0,5733.0,546.17,NVIDIA GeForce RTX 3080,[N/A],Enabled,Enabled
1701947228.372052,0,GPU-b342434c-f6b6-7627-333e-da750a9991e6,0.16,0.42314453125,10240.0,5733.0,546.17,NVIDIA GeForce RTX 3080,[N/A],Enabled,Enabled
1701947229.372096,0,GPU-b342434c-f6b6-7627-333e-da750a9991e6,0.16,0.42314453125,10240.0,5733.0,546.17,NVIDIA GeForce RTX 3080,[N/A],Enabled,Enabled
1701947230.371677,0,GPU-b342434c-f6b6-7627-333e-da750a9991e6,0.16,0.42314453125,10240.0,5733.0,546.17,NVIDIA GeForce RTX 3080,[N/A],Enabled,Enabled
1701947231.372017,0,GPU-b342434c-f6b6-7627-333e-da750a9991e6,0.16,0.42314453125,10240.0,5733.0,546.17,NVIDIA GeForce RTX 3080,[N/A],Enabled,Enabled
1701947232.371771,0,GPU-b342434c-f6b6-7627-333e-da750a9991e6,0.16,0.42314453125,10240.0,5733.0,546.17,NVIDIA GeForce RTX 3080,[N/A],Enabled,Enabled
1701947233.371904,0,GPU-b342434c-f6b6-7627-333e-da750a9991e6,0.16,0.42314453125,10240.0,5733.0,546.17,NVIDIA GeForce RTX 3080,[N/A],Enabled,Enabled
1701947234.372068,0,GPU-b342434c-f6b6-7627-333e-da750a9991e6,0.16,0.42314453125,10240.0,5733.0,546.17,NVIDIA GeForce RTX 3080,[N/A],Enabled,Enabled
1701947235.371958,0,GPU-b342434c-f6b6-7627-333e-da750a9991e6,0.16,0.42314453125,10240.0,5733.0,546.17,NVIDIA GeForce RTX 3080,[N/A],Enabled,Enabled
1701947236.371721,0,GPU-b342434c-f6b6-7627-333e-da750a9991e6,0.17,0.42314453125,10240.0,5733.0,546.17,NVIDIA GeForce RTX 3080,[N/A],Enabled,Enabled
1701947237.372023,0,GPU-b342434c-f6b6-7627-333e-da750a9991e6,0.16,0.42314453125,10240.0,5733.0,546.17,NVIDIA GeForce RTX 3080,[N/A],Enabled,Enabled
1701947238.371504,0,GPU-b342434c-f6b6-7627-333e-da750a9991e6,0.16,0.42314453125,10240.0,5733.0,546.17,NVIDIA GeForce RTX 3080,[N/A],Enabled,Enabled
1701947239.371762,0,GPU-b342434c-f6b6-7627-333e-da750a9991e6,0.16,0.42314453125,10240.0,5733.0,546.17,NVIDIA GeForce RTX 3080,[N/A],Enabled,Enabled
1701947240.371907,0,GPU-b342434c-f6b6-7627-333e-da750a9991e6,0.16,0.42314453125,10240.0,5733.0,546.17,NVIDIA GeForce RTX 3080,[N/A],Enabled,Enabled
1701947241.372359,0,GPU-b342434c-f6b6-7627-333e-da750a9991e6,0.16,0.42314453125,10240.0,5733.0,546.17,NVIDIA GeForce RTX 3080,[N/A],Enabled,Enabled
1701947242.37162,0,GPU-b342434c-f6b6-7627-333e-da750a9991e6,0.16,0.42314453125,10240.0,5733.0,546.17,NVIDIA GeForce RTX 3080,[N/A],Enabled,Enabled
1701947243.37178,0,GPU-b342434c-f6b6-7627-333e-da750a9991e6,0.16,0.42314453125,10240.0,5733.0,546.17,NVIDIA GeForce RTX 3080,[N/A],Enabled,Enabled
1701947244.371975,0,GPU-b342434c-f6b6-7627-333e-da750a9991e6,0.16,0.42314453125,10240.0,5733.0,546.17,NVIDIA GeForce RTX 3080,[N/A],Enabled,Enabled
1701947245.372161,0,GPU-b342434c-f6b6-7627-333e-da750a9991e6,0.16,0.42314453125,10240.0,5733.0,546.17,NVIDIA GeForce RTX 3080,[N/A],Enabled,Enabled
1701947246.372203,0,GPU-b342434c-f6b6-7627-333e-da750a9991e6,0.16,0.42314453125,10240.0,5733.0,546.17,NVIDIA GeForce RTX 3080,[N/A],Enabled,Enabled
1701947247.372123,0,GPU-b342434c-f6b6-7627-333e-da750a9991e6,0.16,0.42314453125,10240.0,5733.0,546.17,NVIDIA GeForce RTX 3080,[N/A],Enabled,Enabled
1701947248.372401,0,GPU-b342434c-f6b6-7627-333e-da750a9991e6,0.16,0.42314453125,10240.0,5733.0,546.17,NVIDIA GeForce RTX 3080,[N/A],Enabled,Enabled
1701947249.372108,0,GPU-b342434c-f6b6-7627-333e-da750a9991e6,0.16,0.42314453125,10240.0,5733.0,546.17,NVIDIA GeForce RTX 3080,[N/A],Enabled,Enabled
1701947250.371833,0,GPU-b342434c-f6b6-7627-333e-da750a9991e6,0.16,0.42314453125,10240.0,5733.0,546.17,NVIDIA GeForce RTX 3080,[N/A],Enabled,Enabled
1701947251.37189,0,GPU-b342434c-f6b6-7627-333e-da750a9991e6,0.16,0.42314453125,10240.0,5733.0,546.17,NVIDIA GeForce RTX 3080,[N/A],Enabled,Enabled
1701947252.371548,0,GPU-b342434c-f6b6-7627-333e-da750a9991e6,0.16,0.42314453125,10240.0,5733.0,546.17,NVIDIA GeForce RTX 3080,[N/A],Enabled,Enabled
1701947253.372603,0,GPU-b342434c-f6b6-7627-333e-da750a9991e6,0.16,0.42314453125,10240.0,5733.0,546.17,NVIDIA GeForce RTX 3080,[N/A],Enabled,Enabled
1701947254.372307,0,GPU-b342434c-f6b6-7627-333e-da750a9991e6,0.16,0.42314453125,10240.0,5733.0,546.17,NVIDIA GeForce RTX 3080,[N/A],Enabled,Enabled
1701947255.372526,0,GPU-b342434c-f6b6-7627-333e-da750a9991e6,0.16,0.42314453125,10240.0,5733.0,546.17,NVIDIA GeForce RTX 3080,[N/A],Enabled,Enabled
1701947256.371682,0,GPU-b342434c-f6b6-7627-333e-da750a9991e6,0.16,0.42314453125,10240.0,5733.0,546.17,NVIDIA GeForce RTX 3080,[N/A],Enabled,Enabled
1701947257.372739,0,GPU-b342434c-f6b6-7627-333e-da750a9991e6,0.16,0.42314453125,10240.0,5733.0,546.17,NVIDIA GeForce RTX 3080,[N/A],Enabled,Enabled
1701947258.372151,0,GPU-b342434c-f6b6-7627-333e-da750a9991e6,0.16,0.42314453125,10240.0,5733.0,546.17,NVIDIA GeForce RTX 3080,[N/A],Enabled,Enabled
1701947259.37256,0,GPU-b342434c-f6b6-7627-333e-da750a9991e6,0.16,0.42314453125,10240.0,5733.0,546.17,NVIDIA GeForce RTX 3080,[N/A],Enabled,Enabled
1701947260.372579,0,GPU-b342434c-f6b6-7627-333e-da750a9991e6,0.16,0.42314453125,10240.0,5733.0,546.17,NVIDIA GeForce RTX 3080,[N/A],Enabled,Enabled
1701947261.372589,0,GPU-b342434c-f6b6-7627-333e-da750a9991e6,0.17,0.42314453125,10240.0,5733.0,546.17,NVIDIA GeForce RTX 3080,[N/A],Enabled,Enabled
1701947262.371919,0,GPU-b342434c-f6b6-7627-333e-da750a9991e6,0.17,0.42314453125,10240.0,5733.0,546.17,NVIDIA GeForce RTX 3080,[N/A],Enabled,Enabled
1701947263.372289,0,GPU-b342434c-f6b6-7627-333e-da750a9991e6,0.17,0.42314453125,10240.0,5733.0,546.17,NVIDIA GeForce RTX 3080,[N/A],Enabled,Enabled
1701947264.371726,0,GPU-b342434c-f6b6-7627-333e-da750a9991e6,0.17,0.42314453125,10240.0,5733.0,546.17,NVIDIA GeForce RTX 3080,[N/A],Enabled,Enabled
1701947265.372164,0,GPU-b342434c-f6b6-7627-333e-da750a9991e6,0.17,0.42314453125,10240.0,5733.0,546.17,NVIDIA GeForce RTX 3080,[N/A],Enabled,Enabled
1701947266.371497,0,GPU-b342434c-f6b6-7627-333e-da750a9991e6,0.17,0.42314453125,10240.0,5733.0,546.17,NVIDIA GeForce RTX 3080,[N/A],Enabled,Enabled
1701947267.371648,0,GPU-b342434c-f6b6-7627-333e-da750a9991e6,0.17,0.42314453125,10240.0,5733.0,546.17,NVIDIA GeForce RTX 3080,[N/A],Enabled,Enabled
1701947268.371831,0,GPU-b342434c-f6b6-7627-333e-da750a9991e6,0.16,0.42314453125,10240.0,5733.0,546.17,NVIDIA GeForce RTX 3080,[N/A],Enabled,Enabled
1701947269.37205,0,GPU-b342434c-f6b6-7627-333e-da750a9991e6,0.17,0.42314453125,10240.0,5733.0,546.17,NVIDIA GeForce RTX 3080,[N/A],Enabled,Enabled
1701947270.372929,0,GPU-b342434c-f6b6-7627-333e-da750a9991e6,0.17,0.42314453125,10240.0,5733.0,546.17,NVIDIA GeForce RTX 3080,[N/A],Enabled,Enabled
1701947271.371851,0,GPU-b342434c-f6b6-7627-333e-da750a9991e6,0.17,0.42314453125,10240.0,5733.0,546.17,NVIDIA GeForce RTX 3080,[N/A],Enabled,Enabled
1701947272.372419,0,GPU-b342434c-f6b6-7627-333e-da750a9991e6,0.17,0.42314453125,10240.0,5733.0,546.17,NVIDIA GeForce RTX 3080,[N/A],Enabled,Enabled
1701947273.371849,0,GPU-b342434c-f6b6-7627-333e-da750a9991e6,0.17,0.42314453125,10240.0,5733.0,546.17,NVIDIA GeForce RTX 3080,[N/A],Enabled,Enabled
1701947274.371611,0,GPU-b342434c-f6b6-7627-333e-da750a9991e6,0.16,0.42314453125,10240.0,5733.0,546.17,NVIDIA GeForce RTX 3080,[N/A],Enabled,Enabled
1701947275.371832,0,GPU-b342434c-f6b6-7627-333e-da750a9991e6,0.16,0.42314453125,10240.0,5733.0,546.17,NVIDIA GeForce RTX 3080,[N/A],Enabled,Enabled
1701947276.372189,0,GPU-b342434c-f6b6-7627-333e-da750a9991e6,0.17,0.42314453125,10240.0,5733.0,546.17,NVIDIA GeForce RTX 3080,[N/A],Enabled,Enabled
1701947277.372028,0,GPU-b342434c-f6b6-7627-333e-da750a9991e6,0.16,0.42314453125,10240.0,5733.0,546.17,NVIDIA GeForce RTX 3080,[N/A],Enabled,Enabled
1701947278.372079,0,GPU-b342434c-f6b6-7627-333e-da750a9991e6,0.17,0.42314453125,10240.0,5733.0,546.17,NVIDIA GeForce RTX 3080,[N/A],Enabled,Enabled
1701947279.371722,0,GPU-b342434c-f6b6-7627-333e-da750a9991e6,0.17,0.42314453125,10240.0,5733.0,546.17,NVIDIA GeForce RTX 3080,[N/A],Enabled,Enabled
1701947280.371952,0,GPU-b342434c-f6b6-7627-333e-da750a9991e6,0.17,0.42314453125,10240.0,5733.0,546.17,NVIDIA GeForce RTX 3080,[N/A],Enabled,Enabled
1701947281.371595,0,GPU-b342434c-f6b6-7627-333e-da750a9991e6,0.17,0.42314453125,10240.0,5733.0,546.17,NVIDIA GeForce RTX 3080,[N/A],Enabled,Enabled
1701947282.37238,0,GPU-b342434c-f6b6-7627-333e-da750a9991e6,0.17,0.42314453125,10240.0,5733.0,546.17,NVIDIA GeForce RTX 3080,[N/A],Enabled,Enabled
1701947283.372454,0,GPU-b342434c-f6b6-7627-333e-da750a9991e6,0.17,0.42314453125,10240.0,5733.0,546.17,NVIDIA GeForce RTX 3080,[N/A],Enabled,Enabled
1701947284.372273,0,GPU-b342434c-f6b6-7627-333e-da750a9991e6,0.17,0.42314453125,10240.0,5733.0,546.17,NVIDIA GeForce RTX 3080,[N/A],Enabled,Enabled
1701947285.371524,0,GPU-b342434c-f6b6-7627-333e-da750a9991e6,0.16,0.42314453125,10240.0,5733.0,546.17,NVIDIA GeForce RTX 3080,[N/A],Enabled,Enabled
1701947286.372006,0,GPU-b342434c-f6b6-7627-333e-da750a9991e6,0.17,0.42314453125,10240.0,5733.0,546.17,NVIDIA GeForce RTX 3080,[N/A],Enabled,Enabled
1701947287.371776,0,GPU-b342434c-f6b6-7627-333e-da750a9991e6,0.17,0.42314453125,10240.0,5733.0,546.17,NVIDIA GeForce RTX 3080,[N/A],Enabled,Enabled
1701947288.371517,0,GPU-b342434c-f6b6-7627-333e-da750a9991e6,0.17,0.42314453125,10240.0,5733.0,546.17,NVIDIA GeForce RTX 3080,[N/A],Enabled,Enabled
1701947289.371988,0,GPU-b342434c-f6b6-7627-333e-da750a9991e6,0.17,0.42314453125,10240.0,5733.0,546.17,NVIDIA GeForce RTX 3080,[N/A],Enabled,Enabled
1701947290.372336,0,GPU-b342434c-f6b6-7627-333e-da750a9991e6,0.17,0.42314453125,10240.0,5733.0,546.17,NVIDIA GeForce RTX 3080,[N/A],Enabled,Enabled
1701947291.372826,0,GPU-b342434c-f6b6-7627-333e-da750a9991e6,0.17,0.42314453125,10240.0,5733.0,546.17,NVIDIA GeForce RTX 3080,[N/A],Enabled,Enabled
1701947292.372516,0,GPU-b342434c-f6b6-7627-333e-da750a9991e6,0.17,0.42314453125,10240.0,5733.0,546.17,NVIDIA GeForce RTX 3080,[N/A],Enabled,Enabled
1701947293.372587,0,GPU-b342434c-f6b6-7627-333e-da750a9991e6,0.17,0.42314453125,10240.0,5733.0,546.17,NVIDIA GeForce RTX 3080,[N/A],Enabled,Enabled
1701947294.371481,0,GPU-b342434c-f6b6-7627-333e-da750a9991e6,0.17,0.42314453125,10240.0,5733.0,546.17,NVIDIA GeForce RTX 3080,[N/A],Enabled,Enabled
1701947295.371966,0,GPU-b342434c-f6b6-7627-333e-da750a9991e6,0.17,0.42314453125,10240.0,5733.0,546.17,NVIDIA GeForce RTX 3080,[N/A],Enabled,Enabled
1701947296.371779,0,GPU-b342434c-f6b6-7627-333e-da750a9991e6,0.17,0.42314453125,10240.0,5733.0,546.17,NVIDIA GeForce RTX 3080,[N/A],Enabled,Enabled
1701947297.371857,0,GPU-b342434c-f6b6-7627-333e-da750a9991e6,0.16,0.42314453125,10240.0,5733.0,546.17,NVIDIA GeForce RTX 3080,[N/A],Enabled,Enabled
1701947298.371815,0,GPU-b342434c-f6b6-7627-333e-da750a9991e6,0.17,0.42314453125,10240.0,5733.0,546.17,NVIDIA GeForce RTX 3080,[N/A],Enabled,Enabled
1701947299.372159,0,GPU-b342434c-f6b6-7627-333e-da750a9991e6,0.17,0.42314453125,10240.0,5733.0,546.17,NVIDIA GeForce RTX 3080,[N/A],Enabled,Enabled
1701947300.372437,0,GPU-b342434c-f6b6-7627-333e-da750a9991e6,0.17,0.42314453125,10240.0,5733.0,546.17,NVIDIA GeForce RTX 3080,[N/A],Enabled,Enabled
1701947301.371516,0,GPU-b342434c-f6b6-7627-333e-da750a9991e6,0.17,0.42314453125,10240.0,5733.0,546.17,NVIDIA GeForce RTX 3080,[N/A],Enabled,Enabled
1701947302.371951,0,GPU-b342434c-f6b6-7627-333e-da750a9991e6,0.17,0.42314453125,10240.0,5733.0,546.17,NVIDIA GeForce RTX 3080,[N/A],Enabled,Enabled
1701947303.372084,0,GPU-b342434c-f6b6-7627-333e-da750a9991e6,0.16,0.42314453125,10240.0,5733.0,546.17,NVIDIA GeForce RTX 3080,[N/A],Enabled,Enabled
1701947304.37264,0,GPU-b342434c-f6b6-7627-333e-da750a9991e6,0.16,0.42314453125,10240.0,5733.0,546.17,NVIDIA GeForce RTX 3080,[N/A],Enabled,Enabled
1701947305.371927,0,GPU-b342434c-f6b6-7627-333e-da750a9991e6,0.16,0.42314453125,10240.0,5733.0,546.17,NVIDIA GeForce RTX 3080,[N/A],Enabled,Enabled
1701947306.372481,0,GPU-b342434c-f6b6-7627-333e-da750a9991e6,0.16,0.42314453125,10240.0,5733.0,546.17,NVIDIA GeForce RTX 3080,[N/A],Enabled,Enabled
1701947307.371896,0,GPU-b342434c-f6b6-7627-333e-da750a9991e6,0.16,0.42314453125,10240.0,5733.0,546.17,NVIDIA GeForce RTX 3080,[N/A],Enabled,Enabled
1701947308.371925,0,GPU-b342434c-f6b6-7627-333e-da750a9991e6,0.16,0.42314453125,10240.0,5733.0,546.17,NVIDIA GeForce RTX 3080,[N/A],Enabled,Enabled
1701947309.371604,0,GPU-b342434c-f6b6-7627-333e-da750a9991e6,0.16,0.42314453125,10240.0,5733.0,546.17,NVIDIA GeForce RTX 3080,[N/A],Enabled,Enabled
1701947310.372241,0,GPU-b342434c-f6b6-7627-333e-da750a9991e6,0.17,0.42314453125,10240.0,5733.0,546.17,NVIDIA GeForce RTX 3080,[N/A],Enabled,Enabled
1701947311.372213,0,GPU-b342434c-f6b6-7627-333e-da750a9991e6,0.16,0.42314453125,10240.0,5733.0,546.17,NVIDIA GeForce RTX 3080,[N/A],Enabled,Enabled
1701947312.372059,0,GPU-b342434c-f6b6-7627-333e-da750a9991e6,0.16,0.42314453125,10240.0,5733.0,546.17,NVIDIA GeForce RTX 3080,[N/A],Enabled,Enabled
1701947313.371684,0,GPU-b342434c-f6b6-7627-333e-da750a9991e6,0.16,0.42314453125,10240.0,5733.0,546.17,NVIDIA GeForce RTX 3080,[N/A],Enabled,Enabled
1701947314.371759,0,GPU-b342434c-f6b6-7627-333e-da750a9991e6,0.16,0.42314453125,10240.0,5733.0,546.17,NVIDIA GeForce RTX 3080,[N/A],Enabled,Enabled
1701947315.372452,0,GPU-b342434c-f6b6-7627-333e-da750a9991e6,0.16,0.42314453125,10240.0,5733.0,546.17,NVIDIA GeForce RTX 3080,[N/A],Enabled,Enabled
1701947316.372133,0,GPU-b342434c-f6b6-7627-333e-da750a9991e6,0.16,0.42314453125,10240.0,5733.0,546.17,NVIDIA GeForce RTX 3080,[N/A],Enabled,Enabled
1701947317.37175,0,GPU-b342434c-f6b6-7627-333e-da750a9991e6,0.16,0.42314453125,10240.0,5733.0,546.17,NVIDIA GeForce RTX 3080,[N/A],Enabled,Enabled
1701947318.372228,0,GPU-b342434c-f6b6-7627-333e-da750a9991e6,0.16,0.42314453125,10240.0,5733.0,546.17,NVIDIA GeForce RTX 3080,[N/A],Enabled,Enabled
1701947319.372121,0,GPU-b342434c-f6b6-7627-333e-da750a9991e6,0.16,0.42314453125,10240.0,5733.0,546.17,NVIDIA GeForce RTX 3080,[N/A],Enabled,Enabled
1701947320.371506,0,GPU-b342434c-f6b6-7627-333e-da750a9991e6,0.16,0.42314453125,10240.0,5733.0,546.17,NVIDIA GeForce RTX 3080,[N/A],Enabled,Enabled
1701947321.372021,0,GPU-b342434c-f6b6-7627-333e-da750a9991e6,0.16,0.42314453125,10240.0,5733.0,546.17,NVIDIA GeForce RTX 3080,[N/A],Enabled,Enabled
1701947322.371964,0,GPU-b342434c-f6b6-7627-333e-da750a9991e6,0.16,0.42314453125,10240.0,5733.0,546.17,NVIDIA GeForce RTX 3080,[N/A],Enabled,Enabled
1701947323.372618,0,GPU-b342434c-f6b6-7627-333e-da750a9991e6,0.16,0.42314453125,10240.0,5733.0,546.17,NVIDIA GeForce RTX 3080,[N/A],Enabled,Enabled
1701947324.371471,0,GPU-b342434c-f6b6-7627-333e-da750a9991e6,0.16,0.42314453125,10240.0,5733.0,546.17,NVIDIA GeForce RTX 3080,[N/A],Enabled,Enabled
1701947325.372294,0,GPU-b342434c-f6b6-7627-333e-da750a9991e6,0.16,0.42314453125,10240.0,5733.0,546.17,NVIDIA GeForce RTX 3080,[N/A],Enabled,Enabled
1701947326.372216,0,GPU-b342434c-f6b6-7627-333e-da750a9991e6,0.16,0.42314453125,10240.0,5733.0,546.17,NVIDIA GeForce RTX 3080,[N/A],Enabled,Enabled
1701947327.372373,0,GPU-b342434c-f6b6-7627-333e-da750a9991e6,0.16,0.42314453125,10240.0,5733.0,546.17,NVIDIA GeForce RTX 3080,[N/A],Enabled,Enabled
1701947328.371861,0,GPU-b342434c-f6b6-7627-333e-da750a9991e6,0.16,0.42314453125,10240.0,5733.0,546.17,NVIDIA GeForce RTX 3080,[N/A],Enabled,Enabled
1701947329.372512,0,GPU-b342434c-f6b6-7627-333e-da750a9991e6,0.16,0.42314453125,10240.0,5733.0,546.17,NVIDIA GeForce RTX 3080,[N/A],Enabled,Enabled
1701947330.372357,0,GPU-b342434c-f6b6-7627-333e-da750a9991e6,0.16,0.42314453125,10240.0,5733.0,546.17,NVIDIA GeForce RTX 3080,[N/A],Enabled,Enabled
1701947331.372164,0,GPU-b342434c-f6b6-7627-333e-da750a9991e6,0.16,0.42314453125,10240.0,5733.0,546.17,NVIDIA GeForce RTX 3080,[N/A],Enabled,Enabled
1701947332.372378,0,GPU-b342434c-f6b6-7627-333e-da750a9991e6,0.18,0.42314453125,10240.0,5733.0,546.17,NVIDIA GeForce RTX 3080,[N/A],Enabled,Enabled
1701947333.372158,0,GPU-b342434c-f6b6-7627-333e-da750a9991e6,0.15,0.42314453125,10240.0,5733.0,546.17,NVIDIA GeForce RTX 3080,[N/A],Enabled,Enabled
1701947334.371966,0,GPU-b342434c-f6b6-7627-333e-da750a9991e6,0.16,0.42314453125,10240.0,5733.0,546.17,NVIDIA GeForce RTX 3080,[N/A],Enabled,Enabled
1701947335.372273,0,GPU-b342434c-f6b6-7627-333e-da750a9991e6,0.15,0.42314453125,10240.0,5733.0,546.17,NVIDIA GeForce RTX 3080,[N/A],Enabled,Enabled
1701947336.372227,0,GPU-b342434c-f6b6-7627-333e-da750a9991e6,0.16,0.42314453125,10240.0,5733.0,546.17,NVIDIA GeForce RTX 3080,[N/A],Enabled,Enabled
1701947337.371642,0,GPU-b342434c-f6b6-7627-333e-da750a9991e6,0.16,0.42314453125,10240.0,5733.0,546.17,NVIDIA GeForce RTX 3080,[N/A],Enabled,Enabled
1701947338.371454,0,GPU-b342434c-f6b6-7627-333e-da750a9991e6,0.16,0.42314453125,10240.0,5733.0,546.17,NVIDIA GeForce RTX 3080,[N/A],Enabled,Enabled
1701947339.372541,0,GPU-b342434c-f6b6-7627-333e-da750a9991e6,0.16,0.42314453125,10240.0,5733.0,546.17,NVIDIA GeForce RTX 3080,[N/A],Enabled,Enabled
1701947340.371802,0,GPU-b342434c-f6b6-7627-333e-da750a9991e6,0.16,0.42314453125,10240.0,5733.0,546.17,NVIDIA GeForce RTX 3080,[N/A],Enabled,Enabled
1701947341.371692,0,GPU-b342434c-f6b6-7627-333e-da750a9991e6,0.16,0.42314453125,10240.0,5733.0,546.17,NVIDIA GeForce RTX 3080,[N/A],Enabled,Enabled
1701947342.372355,0,GPU-b342434c-f6b6-7627-333e-da750a9991e6,0.16,0.42314453125,10240.0,5733.0,546.17,NVIDIA GeForce RTX 3080,[N/A],Enabled,Enabled
1701947343.371924,0,GPU-b342434c-f6b6-7627-333e-da750a9991e6,0.16,0.42314453125,10240.0,5733.0,546.17,NVIDIA GeForce RTX 3080,[N/A],Enabled,Enabled
1701947344.371892,0,GPU-b342434c-f6b6-7627-333e-da750a9991e6,0.16,0.42314453125,10240.0,5733.0,546.17,NVIDIA GeForce RTX 3080,[N/A],Enabled,Enabled
1701947345.371793,0,GPU-b342434c-f6b6-7627-333e-da750a9991e6,0.15,0.42314453125,10240.0,5733.0,546.17,NVIDIA GeForce RTX 3080,[N/A],Enabled,Enabled
1701947346.371838,0,GPU-b342434c-f6b6-7627-333e-da750a9991e6,0.16,0.42314453125,10240.0,5733.0,546.17,NVIDIA GeForce RTX 3080,[N/A],Enabled,Enabled
1701947347.371771,0,GPU-b342434c-f6b6-7627-333e-da750a9991e6,0.16,0.42314453125,10240.0,5733.0,546.17,NVIDIA GeForce RTX 3080,[N/A],Enabled,Enabled
1701947348.372066,0,GPU-b342434c-f6b6-7627-333e-da750a9991e6,0.16,0.42314453125,10240.0,5733.0,546.17,NVIDIA GeForce RTX 3080,[N/A],Enabled,Enabled
1701947349.371701,0,GPU-b342434c-f6b6-7627-333e-da750a9991e6,0.16,0.42314453125,10240.0,5733.0,546.17,NVIDIA GeForce RTX 3080,[N/A],Enabled,Enabled
1701947350.371621,0,GPU-b342434c-f6b6-7627-333e-da750a9991e6,0.16,0.42314453125,10240.0,5733.0,546.17,NVIDIA GeForce RTX 3080,[N/A],Enabled,Enabled
1701947351.372568,0,GPU-b342434c-f6b6-7627-333e-da750a9991e6,0.16,0.42314453125,10240.0,5733.0,546.17,NVIDIA GeForce RTX 3080,[N/A],Enabled,Enabled
1701947352.372423,0,GPU-b342434c-f6b6-7627-333e-da750a9991e6,0.16,0.42314453125,10240.0,5733.0,546.17,NVIDIA GeForce RTX 3080,[N/A],Enabled,Enabled
1701947353.371826,0,GPU-b342434c-f6b6-7627-333e-da750a9991e6,0.17,0.42314453125,10240.0,5733.0,546.17,NVIDIA GeForce RTX 3080,[N/A],Enabled,Enabled
1701947354.371928,0,GPU-b342434c-f6b6-7627-333e-da750a9991e6,0.16,0.42314453125,10240.0,5733.0,546.17,NVIDIA GeForce RTX 3080,[N/A],Enabled,Enabled
1701947355.371689,0,GPU-b342434c-f6b6-7627-333e-da750a9991e6,0.16,0.42314453125,10240.0,5733.0,546.17,NVIDIA GeForce RTX 3080,[N/A],Enabled,Enabled
1701947356.372562,0,GPU-b342434c-f6b6-7627-333e-da750a9991e6,0.17,0.42314453125,10240.0,5733.0,546.17,NVIDIA GeForce RTX 3080,[N/A],Enabled,Enabled
1701947357.372287,0,GPU-b342434c-f6b6-7627-333e-da750a9991e6,0.16,0.42314453125,10240.0,5733.0,546.17,NVIDIA GeForce RTX 3080,[N/A],Enabled,Enabled
1701947358.372162,0,GPU-b342434c-f6b6-7627-333e-da750a9991e6,0.17,0.42314453125,10240.0,5733.0,546.17,NVIDIA GeForce RTX 3080,[N/A],Enabled,Enabled
1701947359.372334,0,GPU-b342434c-f6b6-7627-333e-da750a9991e6,0.17,0.42314453125,10240.0,5733.0,546.17,NVIDIA GeForce RTX 3080,[N/A],Enabled,Enabled
1701947360.371752,0,GPU-b342434c-f6b6-7627-333e-da750a9991e6,0.17,0.42314453125,10240.0,5733.0,546.17,NVIDIA GeForce RTX 3080,[N/A],Enabled,Enabled
1701947361.372364,0,GPU-b342434c-f6b6-7627-333e-da750a9991e6,0.17,0.42314453125,10240.0,5733.0,546.17,NVIDIA GeForce RTX 3080,[N/A],Enabled,Enabled
1701947362.372526,0,GPU-b342434c-f6b6-7627-333e-da750a9991e6,0.17,0.42314453125,10240.0,5733.0,546.17,NVIDIA GeForce RTX 3080,[N/A],Enabled,Enabled
1701947363.372377,0,GPU-b342434c-f6b6-7627-333e-da750a9991e6,0.17,0.42314453125,10240.0,5733.0,546.17,NVIDIA GeForce RTX 3080,[N/A],Enabled,Enabled
1701947364.372101,0,GPU-b342434c-f6b6-7627-333e-da750a9991e6,0.17,0.42314453125,10240.0,5733.0,546.17,NVIDIA GeForce RTX 3080,[N/A],Enabled,Enabled
1701947365.372741,0,GPU-b342434c-f6b6-7627-333e-da750a9991e6,0.17,0.42314453125,10240.0,5733.0,546.17,NVIDIA GeForce RTX 3080,[N/A],Enabled,Enabled
1701947366.371652,0,GPU-b342434c-f6b6-7627-333e-da750a9991e6,0.17,0.42314453125,10240.0,5733.0,546.17,NVIDIA GeForce RTX 3080,[N/A],Enabled,Enabled
1701947367.372658,0,GPU-b342434c-f6b6-7627-333e-da750a9991e6,0.17,0.42314453125,10240.0,5733.0,546.17,NVIDIA GeForce RTX 3080,[N/A],Enabled,Enabled
1701947368.372012,0,GPU-b342434c-f6b6-7627-333e-da750a9991e6,0.17,0.42314453125,10240.0,5733.0,546.17,NVIDIA GeForce RTX 3080,[N/A],Enabled,Enabled
1701947369.37199,0,GPU-b342434c-f6b6-7627-333e-da750a9991e6,0.17,0.42314453125,10240.0,5733.0,546.17,NVIDIA GeForce RTX 3080,[N/A],Enabled,Enabled
1701947370.371835,0,GPU-b342434c-f6b6-7627-333e-da750a9991e6,0.17,0.42314453125,10240.0,5733.0,546.17,NVIDIA GeForce RTX 3080,[N/A],Enabled,Enabled
1701947371.372017,0,GPU-b342434c-f6b6-7627-333e-da750a9991e6,0.17,0.42314453125,10240.0,5733.0,546.17,NVIDIA GeForce RTX 3080,[N/A],Enabled,Enabled
1701947372.372058,0,GPU-b342434c-f6b6-7627-333e-da750a9991e6,0.17,0.42314453125,10240.0,5733.0,546.17,NVIDIA GeForce RTX 3080,[N/A],Enabled,Enabled
1701947373.372302,0,GPU-b342434c-f6b6-7627-333e-da750a9991e6,0.16,0.42314453125,10240.0,5733.0,546.17,NVIDIA GeForce RTX 3080,[N/A],Enabled,Enabled
1701947374.372597,0,GPU-b342434c-f6b6-7627-333e-da750a9991e6,0.17,0.42314453125,10240.0,5733.0,546.17,NVIDIA GeForce RTX 3080,[N/A],Enabled,Enabled
1701947375.371996,0,GPU-b342434c-f6b6-7627-333e-da750a9991e6,0.17,0.42314453125,10240.0,5733.0,546.17,NVIDIA GeForce RTX 3080,[N/A],Enabled,Enabled
1701947376.37211,0,GPU-b342434c-f6b6-7627-333e-da750a9991e6,0.16,0.42314453125,10240.0,5733.0,546.17,NVIDIA GeForce RTX 3080,[N/A],Enabled,Enabled
1701947377.372137,0,GPU-b342434c-f6b6-7627-333e-da750a9991e6,0.16,0.42314453125,10240.0,5733.0,546.17,NVIDIA GeForce RTX 3080,[N/A],Enabled,Enabled
1701947378.371964,0,GPU-b342434c-f6b6-7627-333e-da750a9991e6,0.16,0.42314453125,10240.0,5733.0,546.17,NVIDIA GeForce RTX 3080,[N/A],Enabled,Enabled
1701947379.37234,0,GPU-b342434c-f6b6-7627-333e-da750a9991e6,0.16,0.42314453125,10240.0,5733.0,546.17,NVIDIA GeForce RTX 3080,[N/A],Enabled,Enabled
1701947380.371718,0,GPU-b342434c-f6b6-7627-333e-da750a9991e6,0.16,0.42314453125,10240.0,5733.0,546.17,NVIDIA GeForce RTX 3080,[N/A],Enabled,Enabled
1701947381.37214,0,GPU-b342434c-f6b6-7627-333e-da750a9991e6,0.16,0.42314453125,10240.0,5733.0,546.17,NVIDIA GeForce RTX 3080,[N/A],Enabled,Enabled
1701947382.372029,0,GPU-b342434c-f6b6-7627-333e-da750a9991e6,0.16,0.42314453125,10240.0,5733.0,546.17,NVIDIA GeForce RTX 3080,[N/A],Enabled,Enabled
1701947383.372132,0,GPU-b342434c-f6b6-7627-333e-da750a9991e6,0.17,0.42255859375,10240.0,5739.0,546.17,NVIDIA GeForce RTX 3080,[N/A],Enabled,Enabled
1701947384.371996,0,GPU-b342434c-f6b6-7627-333e-da750a9991e6,0.15,0.41630859375,10240.0,5803.0,546.17,NVIDIA GeForce RTX 3080,[N/A],Enabled,Enabled
1701947385.371533,0,GPU-b342434c-f6b6-7627-333e-da750a9991e6,0.14,0.41630859375,10240.0,5803.0,546.17,NVIDIA GeForce RTX 3080,[N/A],Enabled,Enabled
1701947386.372394,0,GPU-b342434c-f6b6-7627-333e-da750a9991e6,0.13,0.41259765625,10240.0,5841.0,546.17,NVIDIA GeForce RTX 3080,[N/A],Enabled,Enabled
1701947387.371908,0,GPU-b342434c-f6b6-7627-333e-da750a9991e6,0.15,0.41630859375,10240.0,5803.0,546.17,NVIDIA GeForce RTX 3080,[N/A],Enabled,Enabled
1701947388.37251,0,GPU-b342434c-f6b6-7627-333e-da750a9991e6,0.13,0.41259765625,10240.0,5841.0,546.17,NVIDIA GeForce RTX 3080,[N/A],Enabled,Enabled
1701947389.372497,0,GPU-b342434c-f6b6-7627-333e-da750a9991e6,0.13,0.41220703125,10240.0,5845.0,546.17,NVIDIA GeForce RTX 3080,[N/A],Enabled,Enabled
1701947390.372057,0,GPU-b342434c-f6b6-7627-333e-da750a9991e6,0.13,0.41220703125,10240.0,5845.0,546.17,NVIDIA GeForce RTX 3080,[N/A],Enabled,Enabled
1701947391.37246,0,GPU-b342434c-f6b6-7627-333e-da750a9991e6,0.12,0.41220703125,10240.0,5845.0,546.17,NVIDIA GeForce RTX 3080,[N/A],Enabled,Enabled
1701947392.371535,0,GPU-b342434c-f6b6-7627-333e-da750a9991e6,0.12,0.41220703125,10240.0,5845.0,546.17,NVIDIA GeForce RTX 3080,[N/A],Enabled,Enabled
1701947393.371758,0,GPU-b342434c-f6b6-7627-333e-da750a9991e6,0.12,0.41220703125,10240.0,5845.0,546.17,NVIDIA GeForce RTX 3080,[N/A],Enabled,Enabled
1701947394.371398,0,GPU-b342434c-f6b6-7627-333e-da750a9991e6,0.13,0.41220703125,10240.0,5845.0,546.17,NVIDIA GeForce RTX 3080,[N/A],Enabled,Enabled
1701947395.372075,0,GPU-b342434c-f6b6-7627-333e-da750a9991e6,0.13,0.41220703125,10240.0,5845.0,546.17,NVIDIA GeForce RTX 3080,[N/A],Enabled,Enabled
1701947396.37177,0,GPU-b342434c-f6b6-7627-333e-da750a9991e6,0.13,0.41220703125,10240.0,5845.0,546.17,NVIDIA GeForce RTX 3080,[N/A],Enabled,Enabled
1701947397.372273,0,GPU-b342434c-f6b6-7627-333e-da750a9991e6,0.13,0.41259765625,10240.0,5841.0,546.17,NVIDIA GeForce RTX 3080,[N/A],Enabled,Enabled
1701947398.371896,0,GPU-b342434c-f6b6-7627-333e-da750a9991e6,0.13,0.41259765625,10240.0,5841.0,546.17,NVIDIA GeForce RTX 3080,[N/A],Enabled,Enabled
1701947399.372346,0,GPU-b342434c-f6b6-7627-333e-da750a9991e6,0.13,0.42353515625,10240.0,5729.0,546.17,NVIDIA GeForce RTX 3080,[N/A],Enabled,Enabled
1701947400.372075,0,GPU-b342434c-f6b6-7627-333e-da750a9991e6,0.17,0.35615234375,10240.0,6419.0,546.17,NVIDIA GeForce RTX 3080,[N/A],Enabled,Enabled
1701947401.372351,0,GPU-b342434c-f6b6-7627-333e-da750a9991e6,0.14,0.35517578125,10240.0,6429.0,546.17,NVIDIA GeForce RTX 3080,[N/A],Enabled,Enabled
1701947402.372395,0,GPU-b342434c-f6b6-7627-333e-da750a9991e6,0.15,0.35537109375,10240.0,6427.0,546.17,NVIDIA GeForce RTX 3080,[N/A],Enabled,Enabled
1701947403.37231,0,GPU-b342434c-f6b6-7627-333e-da750a9991e6,0.14,0.35361328125,10240.0,6445.0,546.17,NVIDIA GeForce RTX 3080,[N/A],Enabled,Enabled
