timestamp,id,uuid,load,memoryUtil,memoryTotal,memoryUsed,memoryFree,driver,name,serial,display_mode,display_active
1701947425.180079,0,GPU-b342434c-f6b6-7627-333e-da750a9991e6,0.17,0.36748046875,10240.0,6303.0,546.17,NVIDIA GeForce RTX 3080,[N/A],Enabled,Enabled
1701947426.175703,0,GPU-b342434c-f6b6-7627-333e-da750a9991e6,0.16,0.473046875,10240.0,5222.0,546.17,NVIDIA GeForce RTX 3080,[N/A],Enabled,Enabled
1701947427.176933,0,GPU-b342434c-f6b6-7627-333e-da750a9991e6,0.1,0.473046875,10240.0,5222.0,546.17,NVIDIA GeForce RTX 3080,[N/A],Enabled,Enabled
1701947428.176115,0,GPU-b342434c-f6b6-7627-333e-da750a9991e6,0.15,0.47333984375,10240.0,5219.0,546.17,NVIDIA GeForce RTX 3080,[N/A],Enabled,Enabled
1701947429.176432,0,GPU-b342434c-f6b6-7627-333e-da750a9991e6,0.1,0.351953125,10240.0,6462.0,546.17,NVIDIA GeForce RTX 3080,[N/A],Enabled,Enabled
1701947430.176038,0,GPU-b342434c-f6b6-7627-333e-da750a9991e6,0.09,0.40234375,10240.0,5946.0,546.17,NVIDIA GeForce RTX 3080,[N/A],Enabled,Enabled
1701947431.176812,0,GPU-b342434c-f6b6-7627-333e-da750a9991e6,0.13,0.4158203125,10240.0,5808.0,546.17,NVIDIA GeForce RTX 3080,[N/A],Enabled,Enabled
1701947432.176141,0,GPU-b342434c-f6b6-7627-333e-da750a9991e6,0.13,0.4158203125,10240.0,5808.0,546.17,NVIDIA GeForce RTX 3080,[N/A],Enabled,Enabled
1701947433.176301,0,GPU-b342434c-f6b6-7627-333e-da750a9991e6,0.12,0.41201171875,10240.0,5847.0,546.17,NVIDIA GeForce RTX 3080,[N/A],Enabled,Enabled
1701947434.176088,0,GPU-b342434c-f6b6-7627-333e-da750a9991e6,0.13,0.41201171875,10240.0,5847.0,546.17,NVIDIA GeForce RTX 3080,[N/A],Enabled,Enabled
1701947435.17613,0,GPU-b342434c-f6b6-7627-333e-da750a9991e6,0.09,0.41201171875,10240.0,5847.0,546.17,NVIDIA GeForce RTX 3080,[N/A],Enabled,Enabled
1701947436.175837,0,GPU-b342434c-f6b6-7627-333e-da750a9991e6,0.12,0.41201171875,10240.0,5847.0,546.17,NVIDIA GeForce RTX 3080,[N/A],Enabled,Enabled
1701947437.176222,0,GPU-b342434c-f6b6-7627-333e-da750a9991e6,0.13,0.41201171875,10240.0,5847.0,546.17,NVIDIA GeForce RTX 3080,[N/A],Enabled,Enabled
1701947438.175924,0,GPU-b342434c-f6b6-7627-333e-da750a9991e6,0.13,0.4552734375,10240.0,5404.0,546.17,NVIDIA GeForce RTX 3080,[N/A],Enabled,Enabled
1701947439.176422,0,GPU-b342434c-f6b6-7627-333e-da750a9991e6,0.13,0.41748046875,10240.0,5791.0,546.17,NVIDIA GeForce RTX 3080,[N/A],Enabled,Enabled
1701947440.176516,0,GPU-b342434c-f6b6-7627-333e-da750a9991e6,0.14,0.41748046875,10240.0,5791.0,546.17,NVIDIA GeForce RTX 3080,[N/A],Enabled,Enabled
1701947441.176341,0,GPU-b342434c-f6b6-7627-333e-da750a9991e6,0.12,0.41748046875,10240.0,5791.0,546.17,NVIDIA GeForce RTX 3080,[N/A],Enabled,Enabled
1701947442.176143,0,GPU-b342434c-f6b6-7627-333e-da750a9991e6,0.13,0.41376953125,10240.0,5829.0,546.17,NVIDIA GeForce RTX 3080,[N/A],Enabled,Enabled
1701947443.176513,0,GPU-b342434c-f6b6-7627-333e-da750a9991e6,0.13,0.41376953125,10240.0,5829.0,546.17,NVIDIA GeForce RTX 3080,[N/A],Enabled,Enabled
1701947444.175968,0,GPU-b342434c-f6b6-7627-333e-da750a9991e6,0.14,0.41748046875,10240.0,5791.0,546.17,NVIDIA GeForce RTX 3080,[N/A],Enabled,Enabled
1701947445.177082,0,GPU-b342434c-f6b6-7627-333e-da750a9991e6,0.15,0.41748046875,10240.0,5791.0,546.17,NVIDIA GeForce RTX 3080,[N/A],Enabled,Enabled
1701947446.176441,0,GPU-b342434c-f6b6-7627-333e-da750a9991e6,0.12,0.41376953125,10240.0,5829.0,546.17,NVIDIA GeForce RTX 3080,[N/A],Enabled,Enabled
1701947447.17659,0,GPU-b342434c-f6b6-7627-333e-da750a9991e6,0.14,0.41748046875,10240.0,5791.0,546.17,NVIDIA GeForce RTX 3080,[N/A],Enabled,Enabled
1701947448.176332,0,GPU-b342434c-f6b6-7627-333e-da750a9991e6,0.14,0.417578125,10240.0,5790.0,546.17,NVIDIA GeForce RTX 3080,[N/A],Enabled,Enabled
1701947449.176382,0,GPU-b342434c-f6b6-7627-333e-da750a9991e6,0.13,0.4138671875,10240.0,5828.0,546.17,NVIDIA GeForce RTX 3080,[N/A],Enabled,Enabled
1701947450.176153,0,GPU-b342434c-f6b6-7627-333e-da750a9991e6,0.14,0.417578125,10240.0,5790.0,546.17,NVIDIA GeForce RTX 3080,[N/A],Enabled,Enabled
1701947451.176203,0,GPU-b342434c-f6b6-7627-333e-da750a9991e6,0.15,0.417578125,10240.0,5790.0,546.17,NVIDIA GeForce RTX 3080,[N/A],Enabled,Enabled
1701947452.176374,0,GPU-b342434c-f6b6-7627-333e-da750a9991e6,0.12,0.4138671875,10240.0,5828.0,546.17,NVIDIA GeForce RTX 3080,[N/A],Enabled,Enabled
1701947453.176428,0,GPU-b342434c-f6b6-7627-333e-da750a9991e6,0.13,0.4138671875,10240.0,5828.0,546.17,NVIDIA GeForce RTX 3080,[N/A],Enabled,Enabled
1701947454.177038,0,GPU-b342434c-f6b6-7627-333e-da750a9991e6,0.13,0.4138671875,10240.0,5828.0,546.17,NVIDIA GeForce RTX 3080,[N/A],Enabled,Enabled
1701947455.176151,0,GPU-b342434c-f6b6-7627-333e-da750a9991e6,0.14,0.417578125,10240.0,5790.0,546.17,NVIDIA GeForce RTX 3080,[N/A],Enabled,Enabled
1701947456.176604,0,GPU-b342434c-f6b6-7627-333e-da750a9991e6,0.13,0.426953125,10240.0,5694.0,546.17,NVIDIA GeForce RTX 3080,[N/A],Enabled,Enabled
1701947457.176181,0,GPU-b342434c-f6b6-7627-333e-da750a9991e6,0.16,0.426953125,10240.0,5694.0,546.17,NVIDIA GeForce RTX 3080,[N/A],Enabled,Enabled
1701947458.175976,0,GPU-b342434c-f6b6-7627-333e-da750a9991e6,0.16,0.426953125,10240.0,5694.0,546.17,NVIDIA GeForce RTX 3080,[N/A],Enabled,Enabled
1701947459.175972,0,GPU-b342434c-f6b6-7627-333e-da750a9991e6,0.15,0.426953125,10240.0,5694.0,546.17,NVIDIA GeForce RTX 3080,[N/A],Enabled,Enabled
1701947460.175958,0,GPU-b342434c-f6b6-7627-333e-da750a9991e6,0.15,0.426953125,10240.0,5694.0,546.17,NVIDIA GeForce RTX 3080,[N/A],Enabled,Enabled
1701947461.176426,0,GPU-b342434c-f6b6-7627-333e-da750a9991e6,0.16,0.426953125,10240.0,5694.0,546.17,NVIDIA GeForce RTX 3080,[N/A],Enabled,Enabled
1701947462.176775,0,GPU-b342434c-f6b6-7627-333e-da750a9991e6,0.15,0.426953125,10240.0,5694.0,546.17,NVIDIA GeForce RTX 3080,[N/A],Enabled,Enabled
1701947463.176301,0,GPU-b342434c-f6b6-7627-333e-da750a9991e6,0.15,0.426953125,10240.0,5694.0,546.17,NVIDIA GeForce RTX 3080,[N/A],Enabled,Enabled
1701947464.176702,0,GPU-b342434c-f6b6-7627-333e-da750a9991e6,0.15,0.426953125,10240.0,5694.0,546.17,NVIDIA GeForce RTX 3080,[N/A],Enabled,Enabled
1701947465.176116,0,GPU-b342434c-f6b6-7627-333e-da750a9991e6,0.15,0.426953125,10240.0,5694.0,546.17,NVIDIA GeForce RTX 3080,[N/A],Enabled,Enabled
1701947466.176247,0,GPU-b342434c-f6b6-7627-333e-da750a9991e6,0.15,0.426953125,10240.0,5694.0,546.17,NVIDIA GeForce RTX 3080,[N/A],Enabled,Enabled
1701947467.176041,0,GPU-b342434c-f6b6-7627-333e-da750a9991e6,0.15,0.426953125,10240.0,5694.0,546.17,NVIDIA GeForce RTX 3080,[N/A],Enabled,Enabled
1701947468.176259,0,GPU-b342434c-f6b6-7627-333e-da750a9991e6,0.16,0.426953125,10240.0,5694.0,546.17,NVIDIA GeForce RTX 3080,[N/A],Enabled,Enabled
1701947469.176901,0,GPU-b342434c-f6b6-7627-333e-da750a9991e6,0.16,0.426953125,10240.0,5694.0,546.17,NVIDIA GeForce RTX 3080,[N/A],Enabled,Enabled
1701947470.176207,0,GPU-b342434c-f6b6-7627-333e-da750a9991e6,0.15,0.426953125,10240.0,5694.0,546.17,NVIDIA GeForce RTX 3080,[N/A],Enabled,Enabled
1701947471.176463,0,GPU-b342434c-f6b6-7627-333e-da750a9991e6,0.15,0.426953125,10240.0,5694.0,546.17,NVIDIA GeForce RTX 3080,[N/A],Enabled,Enabled
1701947472.17645,0,GPU-b342434c-f6b6-7627-333e-da750a9991e6,0.16,0.426953125,10240.0,5694.0,546.17,NVIDIA GeForce RTX 3080,[N/A],Enabled,Enabled
1701947473.176948,0,GPU-b342434c-f6b6-7627-333e-da750a9991e6,0.16,0.426953125,10240.0,5694.0,546.17,NVIDIA GeForce RTX 3080,[N/A],Enabled,Enabled
1701947474.176761,0,GPU-b342434c-f6b6-7627-333e-da750a9991e6,0.17,0.426953125,10240.0,5694.0,546.17,NVIDIA GeForce RTX 3080,[N/A],Enabled,Enabled
1701947475.176512,0,GPU-b342434c-f6b6-7627-333e-da750a9991e6,0.16,0.426953125,10240.0,5694.0,546.17,NVIDIA GeForce RTX 3080,[N/A],Enabled,Enabled
1701947476.17641,0,GPU-b342434c-f6b6-7627-333e-da750a9991e6,0.17,0.426953125,10240.0,5694.0,546.17,NVIDIA GeForce RTX 3080,[N/A],Enabled,Enabled
1701947477.176755,0,GPU-b342434c-f6b6-7627-333e-da750a9991e6,0.16,0.426953125,10240.0,5694.0,546.17,NVIDIA GeForce RTX 3080,[N/A],Enabled,Enabled
1701947478.176393,0,GPU-b342434c-f6b6-7627-333e-da750a9991e6,0.17,0.426953125,10240.0,5694.0,546.17,NVIDIA GeForce RTX 3080,[N/A],Enabled,Enabled
1701947479.176033,0,GPU-b342434c-f6b6-7627-333e-da750a9991e6,0.17,0.426953125,10240.0,5694.0,546.17,NVIDIA GeForce RTX 3080,[N/A],Enabled,Enabled
1701947480.176925,0,GPU-b342434c-f6b6-7627-333e-da750a9991e6,0.17,0.426953125,10240.0,5694.0,546.17,NVIDIA GeForce RTX 3080,[N/A],Enabled,Enabled
1701947481.176222,0,GPU-b342434c-f6b6-7627-333e-da750a9991e6,0.17,0.426953125,10240.0,5694.0,546.17,NVIDIA GeForce RTX 3080,[N/A],Enabled,Enabled
1701947482.176006,0,GPU-b342434c-f6b6-7627-333e-da750a9991e6,0.17,0.426953125,10240.0,5694.0,546.17,NVIDIA GeForce RTX 3080,[N/A],Enabled,Enabled
1701947483.176249,0,GPU-b342434c-f6b6-7627-333e-da750a9991e6,0.17,0.426953125,10240.0,5694.0,546.17,NVIDIA GeForce RTX 3080,[N/A],Enabled,Enabled
1701947484.176819,0,GPU-b342434c-f6b6-7627-333e-da750a9991e6,0.17,0.426953125,10240.0,5694.0,546.17,NVIDIA GeForce RTX 3080,[N/A],Enabled,Enabled
1701947485.176363,0,GPU-b342434c-f6b6-7627-333e-da750a9991e6,0.17,0.426953125,10240.0,5694.0,546.17,NVIDIA GeForce RTX 3080,[N/A],Enabled,Enabled
1701947486.176217,0,GPU-b342434c-f6b6-7627-333e-da750a9991e6,0.16,0.426953125,10240.0,5694.0,546.17,NVIDIA GeForce RTX 3080,[N/A],Enabled,Enabled
1701947487.176087,0,GPU-b342434c-f6b6-7627-333e-da750a9991e6,0.16,0.426953125,10240.0,5694.0,546.17,NVIDIA GeForce RTX 3080,[N/A],Enabled,Enabled
1701947488.176296,0,GPU-b342434c-f6b6-7627-333e-da750a9991e6,0.16,0.426953125,10240.0,5694.0,546.17,NVIDIA GeForce RTX 3080,[N/A],Enabled,Enabled
1701947489.176346,0,GPU-b342434c-f6b6-7627-333e-da750a9991e6,0.17,0.426953125,10240.0,5694.0,546.17,NVIDIA GeForce RTX 3080,[N/A],Enabled,Enabled
1701947490.176649,0,GPU-b342434c-f6b6-7627-333e-da750a9991e6,0.16,0.426953125,10240.0,5694.0,546.17,NVIDIA GeForce RTX 3080,[N/A],Enabled,Enabled
1701947491.175906,0,GPU-b342434c-f6b6-7627-333e-da750a9991e6,0.17,0.426953125,10240.0,5694.0,546.17,NVIDIA GeForce RTX 3080,[N/A],Enabled,Enabled
1701947492.176487,0,GPU-b342434c-f6b6-7627-333e-da750a9991e6,0.16,0.426953125,10240.0,5694.0,546.17,NVIDIA GeForce RTX 3080,[N/A],Enabled,Enabled
1701947493.175893,0,GPU-b342434c-f6b6-7627-333e-da750a9991e6,0.16,0.426953125,10240.0,5694.0,546.17,NVIDIA GeForce RTX 3080,[N/A],Enabled,Enabled
1701947494.175719,0,GPU-b342434c-f6b6-7627-333e-da750a9991e6,0.16,0.426953125,10240.0,5694.0,546.17,NVIDIA GeForce RTX 3080,[N/A],Enabled,Enabled
1701947495.176656,0,GPU-b342434c-f6b6-7627-333e-da750a9991e6,0.16,0.426953125,10240.0,5694.0,546.17,NVIDIA GeForce RTX 3080,[N/A],Enabled,Enabled
1701947496.176619,0,GPU-b342434c-f6b6-7627-333e-da750a9991e6,0.16,0.426953125,10240.0,5694.0,546.17,NVIDIA GeForce RTX 3080,[N/A],Enabled,Enabled
1701947497.176708,0,GPU-b342434c-f6b6-7627-333e-da750a9991e6,0.16,0.426953125,10240.0,5694.0,546.17,NVIDIA GeForce RTX 3080,[N/A],Enabled,Enabled
1701947498.176714,0,GPU-b342434c-f6b6-7627-333e-da750a9991e6,0.16,0.426953125,10240.0,5694.0,546.17,NVIDIA GeForce RTX 3080,[N/A],Enabled,Enabled
1701947499.176155,0,GPU-b342434c-f6b6-7627-333e-da750a9991e6,0.16,0.426953125,10240.0,5694.0,546.17,NVIDIA GeForce RTX 3080,[N/A],Enabled,Enabled
1701947500.17637,0,GPU-b342434c-f6b6-7627-333e-da750a9991e6,0.16,0.426953125,10240.0,5694.0,546.17,NVIDIA GeForce RTX 3080,[N/A],Enabled,Enabled
1701947501.175894,0,GPU-b342434c-f6b6-7627-333e-da750a9991e6,0.16,0.426953125,10240.0,5694.0,546.17,NVIDIA GeForce RTX 3080,[N/A],Enabled,Enabled
1701947502.176416,0,GPU-b342434c-f6b6-7627-333e-da750a9991e6,0.16,0.426953125,10240.0,5694.0,546.17,NVIDIA GeForce RTX 3080,[N/A],Enabled,Enabled
1701947503.176168,0,GPU-b342434c-f6b6-7627-333e-da750a9991e6,0.16,0.426953125,10240.0,5694.0,546.17,NVIDIA GeForce RTX 3080,[N/A],Enabled,Enabled
1701947504.176394,0,GPU-b342434c-f6b6-7627-333e-da750a9991e6,0.16,0.426953125,10240.0,5694.0,546.17,NVIDIA GeForce RTX 3080,[N/A],Enabled,Enabled
1701947505.17629,0,GPU-b342434c-f6b6-7627-333e-da750a9991e6,0.16,0.426953125,10240.0,5694.0,546.17,NVIDIA GeForce RTX 3080,[N/A],Enabled,Enabled
1701947506.176152,0,GPU-b342434c-f6b6-7627-333e-da750a9991e6,0.16,0.426953125,10240.0,5694.0,546.17,NVIDIA GeForce RTX 3080,[N/A],Enabled,Enabled
1701947507.176878,0,GPU-b342434c-f6b6-7627-333e-da750a9991e6,0.16,0.426953125,10240.0,5694.0,546.17,NVIDIA GeForce RTX 3080,[N/A],Enabled,Enabled
1701947508.176254,0,GPU-b342434c-f6b6-7627-333e-da750a9991e6,0.16,0.426953125,10240.0,5694.0,546.17,NVIDIA GeForce RTX 3080,[N/A],Enabled,Enabled
1701947509.176506,0,GPU-b342434c-f6b6-7627-333e-da750a9991e6,0.16,0.426953125,10240.0,5694.0,546.17,NVIDIA GeForce RTX 3080,[N/A],Enabled,Enabled
1701947510.175993,0,GPU-b342434c-f6b6-7627-333e-da750a9991e6,0.16,0.426953125,10240.0,5694.0,546.17,NVIDIA GeForce RTX 3080,[N/A],Enabled,Enabled
1701947511.176507,0,GPU-b342434c-f6b6-7627-333e-da750a9991e6,0.16,0.426953125,10240.0,5694.0,546.17,NVIDIA GeForce RTX 3080,[N/A],Enabled,Enabled
1701947512.176161,0,GPU-b342434c-f6b6-7627-333e-da750a9991e6,0.16,0.426953125,10240.0,5694.0,546.17,NVIDIA GeForce RTX 3080,[N/A],Enabled,Enabled
1701947513.176186,0,GPU-b342434c-f6b6-7627-333e-da750a9991e6,0.16,0.426953125,10240.0,5694.0,546.17,NVIDIA GeForce RTX 3080,[N/A],Enabled,Enabled
1701947514.176496,0,GPU-b342434c-f6b6-7627-333e-da750a9991e6,0.16,0.426953125,10240.0,5694.0,546.17,NVIDIA GeForce RTX 3080,[N/A],Enabled,Enabled
1701947515.176411,0,GPU-b342434c-f6b6-7627-333e-da750a9991e6,0.16,0.426953125,10240.0,5694.0,546.17,NVIDIA GeForce RTX 3080,[N/A],Enabled,Enabled
1701947516.17583,0,GPU-b342434c-f6b6-7627-333e-da750a9991e6,0.16,0.426953125,10240.0,5694.0,546.17,NVIDIA GeForce RTX 3080,[N/A],Enabled,Enabled
1701947517.176034,0,GPU-b342434c-f6b6-7627-333e-da750a9991e6,0.16,0.426953125,10240.0,5694.0,546.17,NVIDIA GeForce RTX 3080,[N/A],Enabled,Enabled
1701947518.176937,0,GPU-b342434c-f6b6-7627-333e-da750a9991e6,0.16,0.426953125,10240.0,5694.0,546.17,NVIDIA GeForce RTX 3080,[N/A],Enabled,Enabled
1701947519.176054,0,GPU-b342434c-f6b6-7627-333e-da750a9991e6,0.17,0.426953125,10240.0,5694.0,546.17,NVIDIA GeForce RTX 3080,[N/A],Enabled,Enabled
1701947520.176616,0,GPU-b342434c-f6b6-7627-333e-da750a9991e6,0.16,0.426953125,10240.0,5694.0,546.17,NVIDIA GeForce RTX 3080,[N/A],Enabled,Enabled
1701947521.176305,0,GPU-b342434c-f6b6-7627-333e-da750a9991e6,0.16,0.426953125,10240.0,5694.0,546.17,NVIDIA GeForce RTX 3080,[N/A],Enabled,Enabled
1701947522.176445,0,GPU-b342434c-f6b6-7627-333e-da750a9991e6,0.17,0.426953125,10240.0,5694.0,546.17,NVIDIA GeForce RTX 3080,[N/A],Enabled,Enabled
1701947523.176834,0,GPU-b342434c-f6b6-7627-333e-da750a9991e6,0.16,0.426953125,10240.0,5694.0,546.17,NVIDIA GeForce RTX 3080,[N/A],Enabled,Enabled
1701947524.176211,0,GPU-b342434c-f6b6-7627-333e-da750a9991e6,0.17,0.426953125,10240.0,5694.0,546.17,NVIDIA GeForce RTX 3080,[N/A],Enabled,Enabled
1701947525.176835,0,GPU-b342434c-f6b6-7627-333e-da750a9991e6,0.17,0.426953125,10240.0,5694.0,546.17,NVIDIA GeForce RTX 3080,[N/A],Enabled,Enabled
1701947526.17596,0,GPU-b342434c-f6b6-7627-333e-da750a9991e6,0.17,0.426953125,10240.0,5694.0,546.17,NVIDIA GeForce RTX 3080,[N/A],Enabled,Enabled
1701947527.176847,0,GPU-b342434c-f6b6-7627-333e-da750a9991e6,0.17,0.426953125,10240.0,5694.0,546.17,NVIDIA GeForce RTX 3080,[N/A],Enabled,Enabled
1701947528.175906,0,GPU-b342434c-f6b6-7627-333e-da750a9991e6,0.17,0.426953125,10240.0,5694.0,546.17,NVIDIA GeForce RTX 3080,[N/A],Enabled,Enabled
1701947529.175924,0,GPU-b342434c-f6b6-7627-333e-da750a9991e6,0.17,0.426953125,10240.0,5694.0,546.17,NVIDIA GeForce RTX 3080,[N/A],Enabled,Enabled
1701947530.176382,0,GPU-b342434c-f6b6-7627-333e-da750a9991e6,0.18,0.426953125,10240.0,5694.0,546.17,NVIDIA GeForce RTX 3080,[N/A],Enabled,Enabled
1701947531.176925,0,GPU-b342434c-f6b6-7627-333e-da750a9991e6,0.17,0.426953125,10240.0,5694.0,546.17,NVIDIA GeForce RTX 3080,[N/A],Enabled,Enabled
1701947532.176667,0,GPU-b342434c-f6b6-7627-333e-da750a9991e6,0.16,0.426953125,10240.0,5694.0,546.17,NVIDIA GeForce RTX 3080,[N/A],Enabled,Enabled
1701947533.176368,0,GPU-b342434c-f6b6-7627-333e-da750a9991e6,0.16,0.426953125,10240.0,5694.0,546.17,NVIDIA GeForce RTX 3080,[N/A],Enabled,Enabled
1701947534.17612,0,GPU-b342434c-f6b6-7627-333e-da750a9991e6,0.17,0.426953125,10240.0,5694.0,546.17,NVIDIA GeForce RTX 3080,[N/A],Enabled,Enabled
1701947535.175934,0,GPU-b342434c-f6b6-7627-333e-da750a9991e6,0.16,0.426953125,10240.0,5694.0,546.17,NVIDIA GeForce RTX 3080,[N/A],Enabled,Enabled
1701947536.177202,0,GPU-b342434c-f6b6-7627-333e-da750a9991e6,0.17,0.426953125,10240.0,5694.0,546.17,NVIDIA GeForce RTX 3080,[N/A],Enabled,Enabled
1701947537.176192,0,GPU-b342434c-f6b6-7627-333e-da750a9991e6,0.16,0.426953125,10240.0,5694.0,546.17,NVIDIA GeForce RTX 3080,[N/A],Enabled,Enabled
1701947538.176125,0,GPU-b342434c-f6b6-7627-333e-da750a9991e6,0.16,0.426953125,10240.0,5694.0,546.17,NVIDIA GeForce RTX 3080,[N/A],Enabled,Enabled
1701947539.17596,0,GPU-b342434c-f6b6-7627-333e-da750a9991e6,0.16,0.426953125,10240.0,5694.0,546.17,NVIDIA GeForce RTX 3080,[N/A],Enabled,Enabled
1701947540.176063,0,GPU-b342434c-f6b6-7627-333e-da750a9991e6,0.17,0.426953125,10240.0,5694.0,546.17,NVIDIA GeForce RTX 3080,[N/A],Enabled,Enabled
1701947541.176364,0,GPU-b342434c-f6b6-7627-333e-da750a9991e6,0.16,0.426953125,10240.0,5694.0,546.17,NVIDIA GeForce RTX 3080,[N/A],Enabled,Enabled
1701947542.176547,0,GPU-b342434c-f6b6-7627-333e-da750a9991e6,0.16,0.426953125,10240.0,5694.0,546.17,NVIDIA GeForce RTX 3080,[N/A],Enabled,Enabled
1701947543.176667,0,GPU-b342434c-f6b6-7627-333e-da750a9991e6,0.17,0.426953125,10240.0,5694.0,546.17,NVIDIA GeForce RTX 3080,[N/A],Enabled,Enabled
1701947544.176392,0,GPU-b342434c-f6b6-7627-333e-da750a9991e6,0.16,0.426953125,10240.0,5694.0,546.17,NVIDIA GeForce RTX 3080,[N/A],Enabled,Enabled
1701947545.176387,0,GPU-b342434c-f6b6-7627-333e-da750a9991e6,0.16,0.426953125,10240.0,5694.0,546.17,NVIDIA GeForce RTX 3080,[N/A],Enabled,Enabled
1701947546.176222,0,GPU-b342434c-f6b6-7627-333e-da750a9991e6,0.17,0.426953125,10240.0,5694.0,546.17,NVIDIA GeForce RTX 3080,[N/A],Enabled,Enabled
1701947547.176285,0,GPU-b342434c-f6b6-7627-333e-da750a9991e6,0.16,0.426953125,10240.0,5694.0,546.17,NVIDIA GeForce RTX 3080,[N/A],Enabled,Enabled
1701947548.176991,0,GPU-b342434c-f6b6-7627-333e-da750a9991e6,0.17,0.426953125,10240.0,5694.0,546.17,NVIDIA GeForce RTX 3080,[N/A],Enabled,Enabled
1701947549.176305,0,GPU-b342434c-f6b6-7627-333e-da750a9991e6,0.17,0.426953125,10240.0,5694.0,546.17,NVIDIA GeForce RTX 3080,[N/A],Enabled,Enabled
1701947550.176389,0,GPU-b342434c-f6b6-7627-333e-da750a9991e6,0.17,0.426953125,10240.0,5694.0,546.17,NVIDIA GeForce RTX 3080,[N/A],Enabled,Enabled
1701947551.176575,0,GPU-b342434c-f6b6-7627-333e-da750a9991e6,0.17,0.426953125,10240.0,5694.0,546.17,NVIDIA GeForce RTX 3080,[N/A],Enabled,Enabled
1701947552.175918,0,GPU-b342434c-f6b6-7627-333e-da750a9991e6,0.17,0.426953125,10240.0,5694.0,546.17,NVIDIA GeForce RTX 3080,[N/A],Enabled,Enabled
1701947553.176161,0,GPU-b342434c-f6b6-7627-333e-da750a9991e6,0.17,0.426953125,10240.0,5694.0,546.17,NVIDIA GeForce RTX 3080,[N/A],Enabled,Enabled
1701947554.176434,0,GPU-b342434c-f6b6-7627-333e-da750a9991e6,0.17,0.426953125,10240.0,5694.0,546.17,NVIDIA GeForce RTX 3080,[N/A],Enabled,Enabled
1701947555.176606,0,GPU-b342434c-f6b6-7627-333e-da750a9991e6,0.17,0.426953125,10240.0,5694.0,546.17,NVIDIA GeForce RTX 3080,[N/A],Enabled,Enabled
1701947556.176356,0,GPU-b342434c-f6b6-7627-333e-da750a9991e6,0.17,0.426953125,10240.0,5694.0,546.17,NVIDIA GeForce RTX 3080,[N/A],Enabled,Enabled
1701947557.176958,0,GPU-b342434c-f6b6-7627-333e-da750a9991e6,0.16,0.426953125,10240.0,5694.0,546.17,NVIDIA GeForce RTX 3080,[N/A],Enabled,Enabled
1701947558.176571,0,GPU-b342434c-f6b6-7627-333e-da750a9991e6,0.16,0.426953125,10240.0,5694.0,546.17,NVIDIA GeForce RTX 3080,[N/A],Enabled,Enabled
1701947559.175991,0,GPU-b342434c-f6b6-7627-333e-da750a9991e6,0.17,0.426953125,10240.0,5694.0,546.17,NVIDIA GeForce RTX 3080,[N/A],Enabled,Enabled
1701947560.176378,0,GPU-b342434c-f6b6-7627-333e-da750a9991e6,0.16,0.426953125,10240.0,5694.0,546.17,NVIDIA GeForce RTX 3080,[N/A],Enabled,Enabled
1701947561.176063,0,GPU-b342434c-f6b6-7627-333e-da750a9991e6,0.16,0.426953125,10240.0,5694.0,546.17,NVIDIA GeForce RTX 3080,[N/A],Enabled,Enabled
1701947562.175807,0,GPU-b342434c-f6b6-7627-333e-da750a9991e6,0.16,0.426953125,10240.0,5694.0,546.17,NVIDIA GeForce RTX 3080,[N/A],Enabled,Enabled
1701947563.176052,0,GPU-b342434c-f6b6-7627-333e-da750a9991e6,0.17,0.426953125,10240.0,5694.0,546.17,NVIDIA GeForce RTX 3080,[N/A],Enabled,Enabled
1701947564.175881,0,GPU-b342434c-f6b6-7627-333e-da750a9991e6,0.16,0.426953125,10240.0,5694.0,546.17,NVIDIA GeForce RTX 3080,[N/A],Enabled,Enabled
1701947565.176365,0,GPU-b342434c-f6b6-7627-333e-da750a9991e6,0.16,0.426953125,10240.0,5694.0,546.17,NVIDIA GeForce RTX 3080,[N/A],Enabled,Enabled
1701947566.176856,0,GPU-b342434c-f6b6-7627-333e-da750a9991e6,0.15,0.426953125,10240.0,5694.0,546.17,NVIDIA GeForce RTX 3080,[N/A],Enabled,Enabled
1701947567.176226,0,GPU-b342434c-f6b6-7627-333e-da750a9991e6,0.15,0.426953125,10240.0,5694.0,546.17,NVIDIA GeForce RTX 3080,[N/A],Enabled,Enabled
1701947568.176267,0,GPU-b342434c-f6b6-7627-333e-da750a9991e6,0.16,0.426953125,10240.0,5694.0,546.17,NVIDIA GeForce RTX 3080,[N/A],Enabled,Enabled
1701947569.176398,0,GPU-b342434c-f6b6-7627-333e-da750a9991e6,0.15,0.426953125,10240.0,5694.0,546.17,NVIDIA GeForce RTX 3080,[N/A],Enabled,Enabled
1701947570.176102,0,GPU-b342434c-f6b6-7627-333e-da750a9991e6,0.16,0.426953125,10240.0,5694.0,546.17,NVIDIA GeForce RTX 3080,[N/A],Enabled,Enabled
1701947571.176265,0,GPU-b342434c-f6b6-7627-333e-da750a9991e6,0.16,0.426953125,10240.0,5694.0,546.17,NVIDIA GeForce RTX 3080,[N/A],Enabled,Enabled
1701947572.176815,0,GPU-b342434c-f6b6-7627-333e-da750a9991e6,0.16,0.426953125,10240.0,5694.0,546.17,NVIDIA GeForce RTX 3080,[N/A],Enabled,Enabled
1701947573.176013,0,GPU-b342434c-f6b6-7627-333e-da750a9991e6,0.16,0.426953125,10240.0,5694.0,546.17,NVIDIA GeForce RTX 3080,[N/A],Enabled,Enabled
1701947574.176019,0,GPU-b342434c-f6b6-7627-333e-da750a9991e6,0.17,0.426953125,10240.0,5694.0,546.17,NVIDIA GeForce RTX 3080,[N/A],Enabled,Enabled
1701947575.176606,0,GPU-b342434c-f6b6-7627-333e-da750a9991e6,0.17,0.426953125,10240.0,5694.0,546.17,NVIDIA GeForce RTX 3080,[N/A],Enabled,Enabled
1701947576.176029,0,GPU-b342434c-f6b6-7627-333e-da750a9991e6,0.16,0.426953125,10240.0,5694.0,546.17,NVIDIA GeForce RTX 3080,[N/A],Enabled,Enabled
1701947577.17652,0,GPU-b342434c-f6b6-7627-333e-da750a9991e6,0.16,0.426953125,10240.0,5694.0,546.17,NVIDIA GeForce RTX 3080,[N/A],Enabled,Enabled
1701947578.176176,0,GPU-b342434c-f6b6-7627-333e-da750a9991e6,0.16,0.426953125,10240.0,5694.0,546.17,NVIDIA GeForce RTX 3080,[N/A],Enabled,Enabled
1701947579.176365,0,GPU-b342434c-f6b6-7627-333e-da750a9991e6,0.16,0.426953125,10240.0,5694.0,546.17,NVIDIA GeForce RTX 3080,[N/A],Enabled,Enabled
1701947580.176058,0,GPU-b342434c-f6b6-7627-333e-da750a9991e6,0.17,0.426953125,10240.0,5694.0,546.17,NVIDIA GeForce RTX 3080,[N/A],Enabled,Enabled
1701947581.176177,0,GPU-b342434c-f6b6-7627-333e-da750a9991e6,0.16,0.426953125,10240.0,5694.0,546.17,NVIDIA GeForce RTX 3080,[N/A],Enabled,Enabled
1701947582.177158,0,GPU-b342434c-f6b6-7627-333e-da750a9991e6,0.16,0.426953125,10240.0,5694.0,546.17,NVIDIA GeForce RTX 3080,[N/A],Enabled,Enabled
1701947583.177095,0,GPU-b342434c-f6b6-7627-333e-da750a9991e6,0.16,0.426953125,10240.0,5694.0,546.17,NVIDIA GeForce RTX 3080,[N/A],Enabled,Enabled
1701947584.176703,0,GPU-b342434c-f6b6-7627-333e-da750a9991e6,0.17,0.426953125,10240.0,5694.0,546.17,NVIDIA GeForce RTX 3080,[N/A],Enabled,Enabled
1701947585.176559,0,GPU-b342434c-f6b6-7627-333e-da750a9991e6,0.16,0.426953125,10240.0,5694.0,546.17,NVIDIA GeForce RTX 3080,[N/A],Enabled,Enabled
1701947586.176581,0,GPU-b342434c-f6b6-7627-333e-da750a9991e6,0.16,0.426953125,10240.0,5694.0,546.17,NVIDIA GeForce RTX 3080,[N/A],Enabled,Enabled
1701947587.176069,0,GPU-b342434c-f6b6-7627-333e-da750a9991e6,0.15,0.426953125,10240.0,5694.0,546.17,NVIDIA GeForce RTX 3080,[N/A],Enabled,Enabled
1701947588.177106,0,GPU-b342434c-f6b6-7627-333e-da750a9991e6,0.16,0.426953125,10240.0,5694.0,546.17,NVIDIA GeForce RTX 3080,[N/A],Enabled,Enabled
1701947589.176384,0,GPU-b342434c-f6b6-7627-333e-da750a9991e6,0.16,0.426953125,10240.0,5694.0,546.17,NVIDIA GeForce RTX 3080,[N/A],Enabled,Enabled
1701947590.176176,0,GPU-b342434c-f6b6-7627-333e-da750a9991e6,0.16,0.426953125,10240.0,5694.0,546.17,NVIDIA GeForce RTX 3080,[N/A],Enabled,Enabled
1701947591.1764,0,GPU-b342434c-f6b6-7627-333e-da750a9991e6,0.16,0.426953125,10240.0,5694.0,546.17,NVIDIA GeForce RTX 3080,[N/A],Enabled,Enabled
1701947592.176195,0,GPU-b342434c-f6b6-7627-333e-da750a9991e6,0.16,0.426953125,10240.0,5694.0,546.17,NVIDIA GeForce RTX 3080,[N/A],Enabled,Enabled
1701947593.175928,0,GPU-b342434c-f6b6-7627-333e-da750a9991e6,0.16,0.426953125,10240.0,5694.0,546.17,NVIDIA GeForce RTX 3080,[N/A],Enabled,Enabled
1701947594.176391,0,GPU-b342434c-f6b6-7627-333e-da750a9991e6,0.16,0.426953125,10240.0,5694.0,546.17,NVIDIA GeForce RTX 3080,[N/A],Enabled,Enabled
1701947595.175782,0,GPU-b342434c-f6b6-7627-333e-da750a9991e6,0.16,0.426953125,10240.0,5694.0,546.17,NVIDIA GeForce RTX 3080,[N/A],Enabled,Enabled
1701947596.176172,0,GPU-b342434c-f6b6-7627-333e-da750a9991e6,0.16,0.426953125,10240.0,5694.0,546.17,NVIDIA GeForce RTX 3080,[N/A],Enabled,Enabled
1701947597.176738,0,GPU-b342434c-f6b6-7627-333e-da750a9991e6,0.16,0.426953125,10240.0,5694.0,546.17,NVIDIA GeForce RTX 3080,[N/A],Enabled,Enabled
1701947598.176481,0,GPU-b342434c-f6b6-7627-333e-da750a9991e6,0.16,0.426953125,10240.0,5694.0,546.17,NVIDIA GeForce RTX 3080,[N/A],Enabled,Enabled
1701947599.176672,0,GPU-b342434c-f6b6-7627-333e-da750a9991e6,0.15,0.426953125,10240.0,5694.0,546.17,NVIDIA GeForce RTX 3080,[N/A],Enabled,Enabled
1701947600.175938,0,GPU-b342434c-f6b6-7627-333e-da750a9991e6,0.15,0.426953125,10240.0,5694.0,546.17,NVIDIA GeForce RTX 3080,[N/A],Enabled,Enabled
1701947601.176641,0,GPU-b342434c-f6b6-7627-333e-da750a9991e6,0.17,0.4259765625,10240.0,5704.0,546.17,NVIDIA GeForce RTX 3080,[N/A],Enabled,Enabled
1701947602.176346,0,GPU-b342434c-f6b6-7627-333e-da750a9991e6,0.16,0.4259765625,10240.0,5704.0,546.17,NVIDIA GeForce RTX 3080,[N/A],Enabled,Enabled
1701947603.176598,0,GPU-b342434c-f6b6-7627-333e-da750a9991e6,0.15,0.4259765625,10240.0,5704.0,546.17,NVIDIA GeForce RTX 3080,[N/A],Enabled,Enabled
1701947604.176689,0,GPU-b342434c-f6b6-7627-333e-da750a9991e6,0.15,0.42578125,10240.0,5706.0,546.17,NVIDIA GeForce RTX 3080,[N/A],Enabled,Enabled
1701947605.175975,0,GPU-b342434c-f6b6-7627-333e-da750a9991e6,0.15,0.42578125,10240.0,5706.0,546.17,NVIDIA GeForce RTX 3080,[N/A],Enabled,Enabled
1701947606.176069,0,GPU-b342434c-f6b6-7627-333e-da750a9991e6,0.15,0.42578125,10240.0,5706.0,546.17,NVIDIA GeForce RTX 3080,[N/A],Enabled,Enabled
1701947607.175763,0,GPU-b342434c-f6b6-7627-333e-da750a9991e6,0.15,0.42578125,10240.0,5706.0,546.17,NVIDIA GeForce RTX 3080,[N/A],Enabled,Enabled
1701947608.176198,0,GPU-b342434c-f6b6-7627-333e-da750a9991e6,0.15,0.42578125,10240.0,5706.0,546.17,NVIDIA GeForce RTX 3080,[N/A],Enabled,Enabled
1701947609.176441,0,GPU-b342434c-f6b6-7627-333e-da750a9991e6,0.15,0.42578125,10240.0,5706.0,546.17,NVIDIA GeForce RTX 3080,[N/A],Enabled,Enabled
1701947610.17603,0,GPU-b342434c-f6b6-7627-333e-da750a9991e6,0.15,0.42578125,10240.0,5706.0,546.17,NVIDIA GeForce RTX 3080,[N/A],Enabled,Enabled
1701947611.175854,0,GPU-b342434c-f6b6-7627-333e-da750a9991e6,0.15,0.42578125,10240.0,5706.0,546.17,NVIDIA GeForce RTX 3080,[N/A],Enabled,Enabled
1701947612.176715,0,GPU-b342434c-f6b6-7627-333e-da750a9991e6,0.15,0.42578125,10240.0,5706.0,546.17,NVIDIA GeForce RTX 3080,[N/A],Enabled,Enabled
1701947613.175886,0,GPU-b342434c-f6b6-7627-333e-da750a9991e6,0.15,0.42578125,10240.0,5706.0,546.17,NVIDIA GeForce RTX 3080,[N/A],Enabled,Enabled
1701947614.176427,0,GPU-b342434c-f6b6-7627-333e-da750a9991e6,0.16,0.42578125,10240.0,5706.0,546.17,NVIDIA GeForce RTX 3080,[N/A],Enabled,Enabled
1701947615.176268,0,GPU-b342434c-f6b6-7627-333e-da750a9991e6,0.15,0.42578125,10240.0,5706.0,546.17,NVIDIA GeForce RTX 3080,[N/A],Enabled,Enabled
1701947616.176138,0,GPU-b342434c-f6b6-7627-333e-da750a9991e6,0.15,0.42578125,10240.0,5706.0,546.17,NVIDIA GeForce RTX 3080,[N/A],Enabled,Enabled
1701947617.176374,0,GPU-b342434c-f6b6-7627-333e-da750a9991e6,0.16,0.42578125,10240.0,5706.0,546.17,NVIDIA GeForce RTX 3080,[N/A],Enabled,Enabled
1701947618.176707,0,GPU-b342434c-f6b6-7627-333e-da750a9991e6,0.16,0.42578125,10240.0,5706.0,546.17,NVIDIA GeForce RTX 3080,[N/A],Enabled,Enabled
1701947619.176233,0,GPU-b342434c-f6b6-7627-333e-da750a9991e6,0.17,0.42578125,10240.0,5706.0,546.17,NVIDIA GeForce RTX 3080,[N/A],Enabled,Enabled
1701947620.17614,0,GPU-b342434c-f6b6-7627-333e-da750a9991e6,0.15,0.42578125,10240.0,5706.0,546.17,NVIDIA GeForce RTX 3080,[N/A],Enabled,Enabled
1701947621.176154,0,GPU-b342434c-f6b6-7627-333e-da750a9991e6,0.16,0.42578125,10240.0,5706.0,546.17,NVIDIA GeForce RTX 3080,[N/A],Enabled,Enabled
1701947622.176072,0,GPU-b342434c-f6b6-7627-333e-da750a9991e6,0.16,0.42578125,10240.0,5706.0,546.17,NVIDIA GeForce RTX 3080,[N/A],Enabled,Enabled
1701947623.175637,0,GPU-b342434c-f6b6-7627-333e-da750a9991e6,0.16,0.42578125,10240.0,5706.0,546.17,NVIDIA GeForce RTX 3080,[N/A],Enabled,Enabled
1701947624.176281,0,GPU-b342434c-f6b6-7627-333e-da750a9991e6,0.16,0.42578125,10240.0,5706.0,546.17,NVIDIA GeForce RTX 3080,[N/A],Enabled,Enabled
1701947625.176501,0,GPU-b342434c-f6b6-7627-333e-da750a9991e6,0.16,0.42578125,10240.0,5706.0,546.17,NVIDIA GeForce RTX 3080,[N/A],Enabled,Enabled
1701947626.176228,0,GPU-b342434c-f6b6-7627-333e-da750a9991e6,0.16,0.42578125,10240.0,5706.0,546.17,NVIDIA GeForce RTX 3080,[N/A],Enabled,Enabled
1701947627.176156,0,GPU-b342434c-f6b6-7627-333e-da750a9991e6,0.17,0.42578125,10240.0,5706.0,546.17,NVIDIA GeForce RTX 3080,[N/A],Enabled,Enabled
1701947628.176669,0,GPU-b342434c-f6b6-7627-333e-da750a9991e6,0.17,0.42578125,10240.0,5706.0,546.17,NVIDIA GeForce RTX 3080,[N/A],Enabled,Enabled
1701947629.176255,0,GPU-b342434c-f6b6-7627-333e-da750a9991e6,0.17,0.42578125,10240.0,5706.0,546.17,NVIDIA GeForce RTX 3080,[N/A],Enabled,Enabled
1701947630.176448,0,GPU-b342434c-f6b6-7627-333e-da750a9991e6,0.16,0.42578125,10240.0,5706.0,546.17,NVIDIA GeForce RTX 3080,[N/A],Enabled,Enabled
1701947631.175965,0,GPU-b342434c-f6b6-7627-333e-da750a9991e6,0.16,0.42578125,10240.0,5706.0,546.17,NVIDIA GeForce RTX 3080,[N/A],Enabled,Enabled
1701947632.176336,0,GPU-b342434c-f6b6-7627-333e-da750a9991e6,0.17,0.42578125,10240.0,5706.0,546.17,NVIDIA GeForce RTX 3080,[N/A],Enabled,Enabled
1701947633.176492,0,GPU-b342434c-f6b6-7627-333e-da750a9991e6,0.16,0.42578125,10240.0,5706.0,546.17,NVIDIA GeForce RTX 3080,[N/A],Enabled,Enabled
1701947634.176252,0,GPU-b342434c-f6b6-7627-333e-da750a9991e6,0.16,0.42578125,10240.0,5706.0,546.17,NVIDIA GeForce RTX 3080,[N/A],Enabled,Enabled
1701947635.176363,0,GPU-b342434c-f6b6-7627-333e-da750a9991e6,0.16,0.42578125,10240.0,5706.0,546.17,NVIDIA GeForce RTX 3080,[N/A],Enabled,Enabled
1701947636.176163,0,GPU-b342434c-f6b6-7627-333e-da750a9991e6,0.16,0.42578125,10240.0,5706.0,546.17,NVIDIA GeForce RTX 3080,[N/A],Enabled,Enabled
1701947637.176333,0,GPU-b342434c-f6b6-7627-333e-da750a9991e6,0.17,0.42578125,10240.0,5706.0,546.17,NVIDIA GeForce RTX 3080,[N/A],Enabled,Enabled
1701947638.175783,0,GPU-b342434c-f6b6-7627-333e-da750a9991e6,0.16,0.42578125,10240.0,5706.0,546.17,NVIDIA GeForce RTX 3080,[N/A],Enabled,Enabled
1701947639.176206,0,GPU-b342434c-f6b6-7627-333e-da750a9991e6,0.16,0.42578125,10240.0,5706.0,546.17,NVIDIA GeForce RTX 3080,[N/A],Enabled,Enabled
1701947640.175867,0,GPU-b342434c-f6b6-7627-333e-da750a9991e6,0.17,0.42578125,10240.0,5706.0,546.17,NVIDIA GeForce RTX 3080,[N/A],Enabled,Enabled
1701947641.176349,0,GPU-b342434c-f6b6-7627-333e-da750a9991e6,0.16,0.42578125,10240.0,5706.0,546.17,NVIDIA GeForce RTX 3080,[N/A],Enabled,Enabled
1701947642.176322,0,GPU-b342434c-f6b6-7627-333e-da750a9991e6,0.17,0.42578125,10240.0,5706.0,546.17,NVIDIA GeForce RTX 3080,[N/A],Enabled,Enabled
1701947643.17623,0,GPU-b342434c-f6b6-7627-333e-da750a9991e6,0.17,0.42578125,10240.0,5706.0,546.17,NVIDIA GeForce RTX 3080,[N/A],Enabled,Enabled
1701947644.176082,0,GPU-b342434c-f6b6-7627-333e-da750a9991e6,0.17,0.42578125,10240.0,5706.0,546.17,NVIDIA GeForce RTX 3080,[N/A],Enabled,Enabled
1701947645.176384,0,GPU-b342434c-f6b6-7627-333e-da750a9991e6,0.16,0.42578125,10240.0,5706.0,546.17,NVIDIA GeForce RTX 3080,[N/A],Enabled,Enabled
1701947646.176062,0,GPU-b342434c-f6b6-7627-333e-da750a9991e6,0.17,0.42578125,10240.0,5706.0,546.17,NVIDIA GeForce RTX 3080,[N/A],Enabled,Enabled
1701947647.17622,0,GPU-b342434c-f6b6-7627-333e-da750a9991e6,0.13,0.41875,10240.0,5778.0,546.17,NVIDIA GeForce RTX 3080,[N/A],Enabled,Enabled
1701947648.176342,0,GPU-b342434c-f6b6-7627-333e-da750a9991e6,0.14,0.41875,10240.0,5778.0,546.17,NVIDIA GeForce RTX 3080,[N/A],Enabled,Enabled
1701947649.176542,0,GPU-b342434c-f6b6-7627-333e-da750a9991e6,0.13,0.4150390625,10240.0,5816.0,546.17,NVIDIA GeForce RTX 3080,[N/A],Enabled,Enabled
1701947650.176845,0,GPU-b342434c-f6b6-7627-333e-da750a9991e6,0.13,0.41875,10240.0,5778.0,546.17,NVIDIA GeForce RTX 3080,[N/A],Enabled,Enabled
1701947651.176134,0,GPU-b342434c-f6b6-7627-333e-da750a9991e6,0.13,0.4150390625,10240.0,5816.0,546.17,NVIDIA GeForce RTX 3080,[N/A],Enabled,Enabled
1701947652.176313,0,GPU-b342434c-f6b6-7627-333e-da750a9991e6,0.13,0.4150390625,10240.0,5816.0,546.17,NVIDIA GeForce RTX 3080,[N/A],Enabled,Enabled
1701947653.176063,0,GPU-b342434c-f6b6-7627-333e-da750a9991e6,0.13,0.4150390625,10240.0,5816.0,546.17,NVIDIA GeForce RTX 3080,[N/A],Enabled,Enabled
1701947654.175826,0,GPU-b342434c-f6b6-7627-333e-da750a9991e6,0.14,0.41875,10240.0,5778.0,546.17,NVIDIA GeForce RTX 3080,[N/A],Enabled,Enabled
1701947655.176406,0,GPU-b342434c-f6b6-7627-333e-da750a9991e6,0.12,0.4150390625,10240.0,5816.0,546.17,NVIDIA GeForce RTX 3080,[N/A],Enabled,Enabled
1701947656.176533,0,GPU-b342434c-f6b6-7627-333e-da750a9991e6,0.14,0.415234375,10240.0,5814.0,546.17,NVIDIA GeForce RTX 3080,[N/A],Enabled,Enabled
1701947657.176119,0,GPU-b342434c-f6b6-7627-333e-da750a9991e6,0.13,0.415234375,10240.0,5814.0,546.17,NVIDIA GeForce RTX 3080,[N/A],Enabled,Enabled
1701947658.176623,0,GPU-b342434c-f6b6-7627-333e-da750a9991e6,0.13,0.419140625,10240.0,5774.0,546.17,NVIDIA GeForce RTX 3080,[N/A],Enabled,Enabled
1701947659.176387,0,GPU-b342434c-f6b6-7627-333e-da750a9991e6,0.13,0.41533203125,10240.0,5813.0,546.17,NVIDIA GeForce RTX 3080,[N/A],Enabled,Enabled
1701947660.176086,0,GPU-b342434c-f6b6-7627-333e-da750a9991e6,0.13,0.41533203125,10240.0,5813.0,546.17,NVIDIA GeForce RTX 3080,[N/A],Enabled,Enabled
1701947661.176719,0,GPU-b342434c-f6b6-7627-333e-da750a9991e6,0.12,0.41533203125,10240.0,5813.0,546.17,NVIDIA GeForce RTX 3080,[N/A],Enabled,Enabled
1701947662.176502,0,GPU-b342434c-f6b6-7627-333e-da750a9991e6,0.13,0.41533203125,10240.0,5813.0,546.17,NVIDIA GeForce RTX 3080,[N/A],Enabled,Enabled
1701947663.176414,0,GPU-b342434c-f6b6-7627-333e-da750a9991e6,0.13,0.4166015625,10240.0,5800.0,546.17,NVIDIA GeForce RTX 3080,[N/A],Enabled,Enabled
1701947664.176258,0,GPU-b342434c-f6b6-7627-333e-da750a9991e6,0.13,0.4166015625,10240.0,5800.0,546.17,NVIDIA GeForce RTX 3080,[N/A],Enabled,Enabled
1701947665.17653,0,GPU-b342434c-f6b6-7627-333e-da750a9991e6,0.13,0.4166015625,10240.0,5800.0,546.17,NVIDIA GeForce RTX 3080,[N/A],Enabled,Enabled
1701947666.176723,0,GPU-b342434c-f6b6-7627-333e-da750a9991e6,0.12,0.4580078125,10240.0,5376.0,546.17,NVIDIA GeForce RTX 3080,[N/A],Enabled,Enabled
1701947667.176044,0,GPU-b342434c-f6b6-7627-333e-da750a9991e6,0.16,0.3609375,10240.0,6370.0,546.17,NVIDIA GeForce RTX 3080,[N/A],Enabled,Enabled
1701947668.176266,0,GPU-b342434c-f6b6-7627-333e-da750a9991e6,0.14,0.3609375,10240.0,6370.0,546.17,NVIDIA GeForce RTX 3080,[N/A],Enabled,Enabled
