timestamp,id,uuid,load,memoryUtil,memoryTotal,memoryUsed,memoryFree,driver,name,serial,display_mode,display_active
1701964131.55113,0,GPU-93ae0c7f-c327-aee3-adae-bc0d1dae71ea,0.16,0.2994626282364436,12282.0,8347.0,546.29,NVIDIA GeForce RTX 4070,[N/A],Enabled,Enabled
1701964132.545036,0,GPU-93ae0c7f-c327-aee3-adae-bc0d1dae71ea,0.2,0.35026868588177823,12282.0,7723.0,546.29,NVIDIA GeForce RTX 4070,[N/A],Enabled,Enabled
1701964133.546031,0,GPU-93ae0c7f-c327-aee3-adae-bc0d1dae71ea,0.1,0.3158280410356619,12282.0,8146.0,546.29,NVIDIA GeForce RTX 4070,[N/A],Enabled,Enabled
1701964134.544935,0,GPU-93ae0c7f-c327-aee3-adae-bc0d1dae71ea,0.1,0.3158280410356619,12282.0,8146.0,546.29,NVIDIA GeForce RTX 4070,[N/A],Enabled,Enabled
1701964135.544944,0,GPU-93ae0c7f-c327-aee3-adae-bc0d1dae71ea,0.11,0.3157466210714867,12282.0,8147.0,546.29,NVIDIA GeForce RTX 4070,[N/A],Enabled,Enabled
1701964136.545004,0,GPU-93ae0c7f-c327-aee3-adae-bc0d1dae71ea,0.1,0.3158280410356619,12282.0,8146.0,546.29,NVIDIA GeForce RTX 4070,[N/A],Enabled,Enabled
1701964137.545499,0,GPU-93ae0c7f-c327-aee3-adae-bc0d1dae71ea,0.13,0.3157466210714867,12282.0,8147.0,546.29,NVIDIA GeForce RTX 4070,[N/A],Enabled,Enabled
1701964138.545597,0,GPU-93ae0c7f-c327-aee3-adae-bc0d1dae71ea,0.1,0.3157466210714867,12282.0,8147.0,546.29,NVIDIA GeForce RTX 4070,[N/A],Enabled,Enabled
1701964139.545874,0,GPU-93ae0c7f-c327-aee3-adae-bc0d1dae71ea,0.1,0.3157466210714867,12282.0,8147.0,546.29,NVIDIA GeForce RTX 4070,[N/A],Enabled,Enabled
1701964140.545815,0,GPU-93ae0c7f-c327-aee3-adae-bc0d1dae71ea,0.11,0.3157466210714867,12282.0,8147.0,546.29,NVIDIA GeForce RTX 4070,[N/A],Enabled,Enabled
1701964141.544966,0,GPU-93ae0c7f-c327-aee3-adae-bc0d1dae71ea,0.11,0.3157466210714867,12282.0,8147.0,546.29,NVIDIA GeForce RTX 4070,[N/A],Enabled,Enabled
1701964142.545705,0,GPU-93ae0c7f-c327-aee3-adae-bc0d1dae71ea,0.11,0.3157466210714867,12282.0,8147.0,546.29,NVIDIA GeForce RTX 4070,[N/A],Enabled,Enabled
1701964143.545443,0,GPU-93ae0c7f-c327-aee3-adae-bc0d1dae71ea,0.11,0.3157466210714867,12282.0,8147.0,546.29,NVIDIA GeForce RTX 4070,[N/A],Enabled,Enabled
1701964144.545316,0,GPU-93ae0c7f-c327-aee3-adae-bc0d1dae71ea,0.1,0.3157466210714867,12282.0,8147.0,546.29,NVIDIA GeForce RTX 4070,[N/A],Enabled,Enabled
1701964145.545472,0,GPU-93ae0c7f-c327-aee3-adae-bc0d1dae71ea,0.11,0.3157466210714867,12282.0,8147.0,546.29,NVIDIA GeForce RTX 4070,[N/A],Enabled,Enabled
1701964146.54557,0,GPU-93ae0c7f-c327-aee3-adae-bc0d1dae71ea,0.11,0.3157466210714867,12282.0,8147.0,546.29,NVIDIA GeForce RTX 4070,[N/A],Enabled,Enabled
1701964147.546295,0,GPU-93ae0c7f-c327-aee3-adae-bc0d1dae71ea,0.1,0.3188405797101449,12282.0,8109.0,546.29,NVIDIA GeForce RTX 4070,[N/A],Enabled,Enabled
1701964148.545368,0,GPU-93ae0c7f-c327-aee3-adae-bc0d1dae71ea,0.1,0.3312978342289529,12282.0,7956.0,546.29,NVIDIA GeForce RTX 4070,[N/A],Enabled,Enabled
1701964149.545877,0,GPU-93ae0c7f-c327-aee3-adae-bc0d1dae71ea,0.08,0.3538511643054877,12282.0,7679.0,546.29,NVIDIA GeForce RTX 4070,[N/A],Enabled,Enabled
1701964150.545578,0,GPU-93ae0c7f-c327-aee3-adae-bc0d1dae71ea,0.06,0.3366715518645172,12282.0,7890.0,546.29,NVIDIA GeForce RTX 4070,[N/A],Enabled,Enabled
1701964151.545426,0,GPU-93ae0c7f-c327-aee3-adae-bc0d1dae71ea,0.35,0.4964989415404657,12282.0,5927.0,546.29,NVIDIA GeForce RTX 4070,[N/A],Enabled,Enabled
1701964152.545884,0,GPU-93ae0c7f-c327-aee3-adae-bc0d1dae71ea,0.28,0.5975411170819085,12282.0,4686.0,546.29,NVIDIA GeForce RTX 4070,[N/A],Enabled,Enabled
1701964153.546035,0,GPU-93ae0c7f-c327-aee3-adae-bc0d1dae71ea,0.3,0.5975411170819085,12282.0,4686.0,546.29,NVIDIA GeForce RTX 4070,[N/A],Enabled,Enabled
1701964154.544928,0,GPU-93ae0c7f-c327-aee3-adae-bc0d1dae71ea,0.3,0.5975411170819085,12282.0,4686.0,546.29,NVIDIA GeForce RTX 4070,[N/A],Enabled,Enabled
1701964155.545733,0,GPU-93ae0c7f-c327-aee3-adae-bc0d1dae71ea,0.3,0.5975411170819085,12282.0,4686.0,546.29,NVIDIA GeForce RTX 4070,[N/A],Enabled,Enabled
1701964156.544914,0,GPU-93ae0c7f-c327-aee3-adae-bc0d1dae71ea,0.32,0.5975411170819085,12282.0,4686.0,546.29,NVIDIA GeForce RTX 4070,[N/A],Enabled,Enabled
1701964157.545141,0,GPU-93ae0c7f-c327-aee3-adae-bc0d1dae71ea,0.3,0.5976225370460837,12282.0,4685.0,546.29,NVIDIA GeForce RTX 4070,[N/A],Enabled,Enabled
1701964158.546036,0,GPU-93ae0c7f-c327-aee3-adae-bc0d1dae71ea,0.29,0.5976225370460837,12282.0,4685.0,546.29,NVIDIA GeForce RTX 4070,[N/A],Enabled,Enabled
1701964159.54556,0,GPU-93ae0c7f-c327-aee3-adae-bc0d1dae71ea,0.28,0.5976225370460837,12282.0,4685.0,546.29,NVIDIA GeForce RTX 4070,[N/A],Enabled,Enabled
1701964160.545212,0,GPU-93ae0c7f-c327-aee3-adae-bc0d1dae71ea,0.3,0.5976225370460837,12282.0,4685.0,546.29,NVIDIA GeForce RTX 4070,[N/A],Enabled,Enabled
1701964161.545723,0,GPU-93ae0c7f-c327-aee3-adae-bc0d1dae71ea,0.3,0.5976225370460837,12282.0,4685.0,546.29,NVIDIA GeForce RTX 4070,[N/A],Enabled,Enabled
1701964162.545262,0,GPU-93ae0c7f-c327-aee3-adae-bc0d1dae71ea,0.31,0.5976225370460837,12282.0,4685.0,546.29,NVIDIA GeForce RTX 4070,[N/A],Enabled,Enabled
1701964163.545463,0,GPU-93ae0c7f-c327-aee3-adae-bc0d1dae71ea,0.3,0.5976225370460837,12282.0,4685.0,546.29,NVIDIA GeForce RTX 4070,[N/A],Enabled,Enabled
1701964164.545706,0,GPU-93ae0c7f-c327-aee3-adae-bc0d1dae71ea,0.3,0.5976225370460837,12282.0,4685.0,546.29,NVIDIA GeForce RTX 4070,[N/A],Enabled,Enabled
1701964165.54524,0,GPU-93ae0c7f-c327-aee3-adae-bc0d1dae71ea,0.3,0.5976225370460837,12282.0,4685.0,546.29,NVIDIA GeForce RTX 4070,[N/A],Enabled,Enabled
1701964166.545761,0,GPU-93ae0c7f-c327-aee3-adae-bc0d1dae71ea,0.29,0.5976225370460837,12282.0,4685.0,546.29,NVIDIA GeForce RTX 4070,[N/A],Enabled,Enabled
1701964167.545409,0,GPU-93ae0c7f-c327-aee3-adae-bc0d1dae71ea,0.35,0.5976225370460837,12282.0,4685.0,546.29,NVIDIA GeForce RTX 4070,[N/A],Enabled,Enabled
1701964168.545426,0,GPU-93ae0c7f-c327-aee3-adae-bc0d1dae71ea,0.47,0.5976225370460837,12282.0,4685.0,546.29,NVIDIA GeForce RTX 4070,[N/A],Enabled,Enabled
1701964169.545333,0,GPU-93ae0c7f-c327-aee3-adae-bc0d1dae71ea,0.46,0.5976225370460837,12282.0,4685.0,546.29,NVIDIA GeForce RTX 4070,[N/A],Enabled,Enabled
1701964170.545949,0,GPU-93ae0c7f-c327-aee3-adae-bc0d1dae71ea,0.44,0.5976225370460837,12282.0,4685.0,546.29,NVIDIA GeForce RTX 4070,[N/A],Enabled,Enabled
1701964171.545724,0,GPU-93ae0c7f-c327-aee3-adae-bc0d1dae71ea,0.4,0.5976225370460837,12282.0,4685.0,546.29,NVIDIA GeForce RTX 4070,[N/A],Enabled,Enabled
1701964172.545693,0,GPU-93ae0c7f-c327-aee3-adae-bc0d1dae71ea,0.37,0.5976225370460837,12282.0,4685.0,546.29,NVIDIA GeForce RTX 4070,[N/A],Enabled,Enabled
1701964173.545278,0,GPU-93ae0c7f-c327-aee3-adae-bc0d1dae71ea,0.32,0.5976225370460837,12282.0,4685.0,546.29,NVIDIA GeForce RTX 4070,[N/A],Enabled,Enabled
1701964174.546144,0,GPU-93ae0c7f-c327-aee3-adae-bc0d1dae71ea,0.32,0.5976225370460837,12282.0,4685.0,546.29,NVIDIA GeForce RTX 4070,[N/A],Enabled,Enabled
1701964175.545688,0,GPU-93ae0c7f-c327-aee3-adae-bc0d1dae71ea,0.32,0.5976225370460837,12282.0,4685.0,546.29,NVIDIA GeForce RTX 4070,[N/A],Enabled,Enabled
1701964176.545888,0,GPU-93ae0c7f-c327-aee3-adae-bc0d1dae71ea,0.32,0.5976225370460837,12282.0,4685.0,546.29,NVIDIA GeForce RTX 4070,[N/A],Enabled,Enabled
1701964177.545447,0,GPU-93ae0c7f-c327-aee3-adae-bc0d1dae71ea,0.31,0.5973782771535581,12282.0,4688.0,546.29,NVIDIA GeForce RTX 4070,[N/A],Enabled,Enabled
1701964178.544947,0,GPU-93ae0c7f-c327-aee3-adae-bc0d1dae71ea,0.33,0.5973782771535581,12282.0,4688.0,546.29,NVIDIA GeForce RTX 4070,[N/A],Enabled,Enabled
1701964179.545381,0,GPU-93ae0c7f-c327-aee3-adae-bc0d1dae71ea,0.32,0.5973782771535581,12282.0,4688.0,546.29,NVIDIA GeForce RTX 4070,[N/A],Enabled,Enabled
1701964180.545389,0,GPU-93ae0c7f-c327-aee3-adae-bc0d1dae71ea,0.33,0.5973782771535581,12282.0,4688.0,546.29,NVIDIA GeForce RTX 4070,[N/A],Enabled,Enabled
1701964181.545534,0,GPU-93ae0c7f-c327-aee3-adae-bc0d1dae71ea,0.32,0.5973782771535581,12282.0,4688.0,546.29,NVIDIA GeForce RTX 4070,[N/A],Enabled,Enabled
1701964182.545578,0,GPU-93ae0c7f-c327-aee3-adae-bc0d1dae71ea,0.33,0.5973782771535581,12282.0,4688.0,546.29,NVIDIA GeForce RTX 4070,[N/A],Enabled,Enabled
1701964183.545639,0,GPU-93ae0c7f-c327-aee3-adae-bc0d1dae71ea,0.36,0.5977039570102589,12282.0,4684.0,546.29,NVIDIA GeForce RTX 4070,[N/A],Enabled,Enabled
1701964184.545356,0,GPU-93ae0c7f-c327-aee3-adae-bc0d1dae71ea,0.35,0.5977039570102589,12282.0,4684.0,546.29,NVIDIA GeForce RTX 4070,[N/A],Enabled,Enabled
1701964185.545537,0,GPU-93ae0c7f-c327-aee3-adae-bc0d1dae71ea,0.32,0.5977039570102589,12282.0,4684.0,546.29,NVIDIA GeForce RTX 4070,[N/A],Enabled,Enabled
1701964186.545636,0,GPU-93ae0c7f-c327-aee3-adae-bc0d1dae71ea,0.32,0.5977039570102589,12282.0,4684.0,546.29,NVIDIA GeForce RTX 4070,[N/A],Enabled,Enabled
1701964187.545436,0,GPU-93ae0c7f-c327-aee3-adae-bc0d1dae71ea,0.33,0.5977039570102589,12282.0,4684.0,546.29,NVIDIA GeForce RTX 4070,[N/A],Enabled,Enabled
1701964188.54522,0,GPU-93ae0c7f-c327-aee3-adae-bc0d1dae71ea,0.33,0.5977039570102589,12282.0,4684.0,546.29,NVIDIA GeForce RTX 4070,[N/A],Enabled,Enabled
1701964189.545729,0,GPU-93ae0c7f-c327-aee3-adae-bc0d1dae71ea,0.31,0.5977039570102589,12282.0,4684.0,546.29,NVIDIA GeForce RTX 4070,[N/A],Enabled,Enabled
1701964190.54599,0,GPU-93ae0c7f-c327-aee3-adae-bc0d1dae71ea,0.29,0.5977039570102589,12282.0,4684.0,546.29,NVIDIA GeForce RTX 4070,[N/A],Enabled,Enabled
1701964191.546003,0,GPU-93ae0c7f-c327-aee3-adae-bc0d1dae71ea,0.29,0.5977039570102589,12282.0,4684.0,546.29,NVIDIA GeForce RTX 4070,[N/A],Enabled,Enabled
1701964192.545686,0,GPU-93ae0c7f-c327-aee3-adae-bc0d1dae71ea,0.27,0.5977039570102589,12282.0,4684.0,546.29,NVIDIA GeForce RTX 4070,[N/A],Enabled,Enabled
1701964193.545287,0,GPU-93ae0c7f-c327-aee3-adae-bc0d1dae71ea,0.29,0.5977039570102589,12282.0,4684.0,546.29,NVIDIA GeForce RTX 4070,[N/A],Enabled,Enabled
1701964194.545391,0,GPU-93ae0c7f-c327-aee3-adae-bc0d1dae71ea,0.33,0.5977039570102589,12282.0,4684.0,546.29,NVIDIA GeForce RTX 4070,[N/A],Enabled,Enabled
1701964195.545315,0,GPU-93ae0c7f-c327-aee3-adae-bc0d1dae71ea,0.32,0.5977039570102589,12282.0,4684.0,546.29,NVIDIA GeForce RTX 4070,[N/A],Enabled,Enabled
1701964196.545605,0,GPU-93ae0c7f-c327-aee3-adae-bc0d1dae71ea,0.33,0.5977039570102589,12282.0,4684.0,546.29,NVIDIA GeForce RTX 4070,[N/A],Enabled,Enabled
1701964197.545329,0,GPU-93ae0c7f-c327-aee3-adae-bc0d1dae71ea,0.31,0.5977039570102589,12282.0,4684.0,546.29,NVIDIA GeForce RTX 4070,[N/A],Enabled,Enabled
1701964198.545197,0,GPU-93ae0c7f-c327-aee3-adae-bc0d1dae71ea,0.3,0.5977039570102589,12282.0,4684.0,546.29,NVIDIA GeForce RTX 4070,[N/A],Enabled,Enabled
1701964199.546524,0,GPU-93ae0c7f-c327-aee3-adae-bc0d1dae71ea,0.32,0.5977039570102589,12282.0,4684.0,546.29,NVIDIA GeForce RTX 4070,[N/A],Enabled,Enabled
1701964200.545637,0,GPU-93ae0c7f-c327-aee3-adae-bc0d1dae71ea,0.33,0.5977853769744341,12282.0,4683.0,546.29,NVIDIA GeForce RTX 4070,[N/A],Enabled,Enabled
1701964201.545801,0,GPU-93ae0c7f-c327-aee3-adae-bc0d1dae71ea,0.33,0.5977853769744341,12282.0,4683.0,546.29,NVIDIA GeForce RTX 4070,[N/A],Enabled,Enabled
1701964202.545741,0,GPU-93ae0c7f-c327-aee3-adae-bc0d1dae71ea,0.32,0.5977853769744341,12282.0,4683.0,546.29,NVIDIA GeForce RTX 4070,[N/A],Enabled,Enabled
1701964203.545366,0,GPU-93ae0c7f-c327-aee3-adae-bc0d1dae71ea,0.28,0.598111056831135,12282.0,4679.0,546.29,NVIDIA GeForce RTX 4070,[N/A],Enabled,Enabled
1701964204.545625,0,GPU-93ae0c7f-c327-aee3-adae-bc0d1dae71ea,0.31,0.5977853769744341,12282.0,4683.0,546.29,NVIDIA GeForce RTX 4070,[N/A],Enabled,Enabled
1701964205.545727,0,GPU-93ae0c7f-c327-aee3-adae-bc0d1dae71ea,0.32,0.5977853769744341,12282.0,4683.0,546.29,NVIDIA GeForce RTX 4070,[N/A],Enabled,Enabled
1701964206.545941,0,GPU-93ae0c7f-c327-aee3-adae-bc0d1dae71ea,0.31,0.5977853769744341,12282.0,4683.0,546.29,NVIDIA GeForce RTX 4070,[N/A],Enabled,Enabled
1701964207.545974,0,GPU-93ae0c7f-c327-aee3-adae-bc0d1dae71ea,0.3,0.5977853769744341,12282.0,4683.0,546.29,NVIDIA GeForce RTX 4070,[N/A],Enabled,Enabled
1701964208.54531,0,GPU-93ae0c7f-c327-aee3-adae-bc0d1dae71ea,0.3,0.5977853769744341,12282.0,4683.0,546.29,NVIDIA GeForce RTX 4070,[N/A],Enabled,Enabled
1701964209.545436,0,GPU-93ae0c7f-c327-aee3-adae-bc0d1dae71ea,0.28,0.5977853769744341,12282.0,4683.0,546.29,NVIDIA GeForce RTX 4070,[N/A],Enabled,Enabled
1701964210.544774,0,GPU-93ae0c7f-c327-aee3-adae-bc0d1dae71ea,0.29,0.5977853769744341,12282.0,4683.0,546.29,NVIDIA GeForce RTX 4070,[N/A],Enabled,Enabled
1701964211.545502,0,GPU-93ae0c7f-c327-aee3-adae-bc0d1dae71ea,0.29,0.5977853769744341,12282.0,4683.0,546.29,NVIDIA GeForce RTX 4070,[N/A],Enabled,Enabled
1701964212.545413,0,GPU-93ae0c7f-c327-aee3-adae-bc0d1dae71ea,0.29,0.5977853769744341,12282.0,4683.0,546.29,NVIDIA GeForce RTX 4070,[N/A],Enabled,Enabled
1701964213.544926,0,GPU-93ae0c7f-c327-aee3-adae-bc0d1dae71ea,0.28,0.5977853769744341,12282.0,4683.0,546.29,NVIDIA GeForce RTX 4070,[N/A],Enabled,Enabled
1701964214.545731,0,GPU-93ae0c7f-c327-aee3-adae-bc0d1dae71ea,0.27,0.5977853769744341,12282.0,4683.0,546.29,NVIDIA GeForce RTX 4070,[N/A],Enabled,Enabled
1701964215.544809,0,GPU-93ae0c7f-c327-aee3-adae-bc0d1dae71ea,0.25,0.598111056831135,12282.0,4679.0,546.29,NVIDIA GeForce RTX 4070,[N/A],Enabled,Enabled
1701964216.545449,0,GPU-93ae0c7f-c327-aee3-adae-bc0d1dae71ea,0.23,0.5974596971177333,12282.0,4687.0,546.29,NVIDIA GeForce RTX 4070,[N/A],Enabled,Enabled
1701964217.545623,0,GPU-93ae0c7f-c327-aee3-adae-bc0d1dae71ea,0.26,0.5977853769744341,12282.0,4683.0,546.29,NVIDIA GeForce RTX 4070,[N/A],Enabled,Enabled
1701964218.54574,0,GPU-93ae0c7f-c327-aee3-adae-bc0d1dae71ea,0.29,0.5977853769744341,12282.0,4683.0,546.29,NVIDIA GeForce RTX 4070,[N/A],Enabled,Enabled
1701964219.545378,0,GPU-93ae0c7f-c327-aee3-adae-bc0d1dae71ea,0.29,0.5977853769744341,12282.0,4683.0,546.29,NVIDIA GeForce RTX 4070,[N/A],Enabled,Enabled
1701964220.545464,0,GPU-93ae0c7f-c327-aee3-adae-bc0d1dae71ea,0.29,0.5977853769744341,12282.0,4683.0,546.29,NVIDIA GeForce RTX 4070,[N/A],Enabled,Enabled
1701964221.544978,0,GPU-93ae0c7f-c327-aee3-adae-bc0d1dae71ea,0.29,0.5977853769744341,12282.0,4683.0,546.29,NVIDIA GeForce RTX 4070,[N/A],Enabled,Enabled
1701964222.545343,0,GPU-93ae0c7f-c327-aee3-adae-bc0d1dae71ea,0.31,0.5977853769744341,12282.0,4683.0,546.29,NVIDIA GeForce RTX 4070,[N/A],Enabled,Enabled
1701964223.545318,0,GPU-93ae0c7f-c327-aee3-adae-bc0d1dae71ea,0.31,0.5977853769744341,12282.0,4683.0,546.29,NVIDIA GeForce RTX 4070,[N/A],Enabled,Enabled
1701964224.545964,0,GPU-93ae0c7f-c327-aee3-adae-bc0d1dae71ea,0.29,0.5974596971177333,12282.0,4687.0,546.29,NVIDIA GeForce RTX 4070,[N/A],Enabled,Enabled
1701964225.545233,0,GPU-93ae0c7f-c327-aee3-adae-bc0d1dae71ea,0.33,0.5974596971177333,12282.0,4687.0,546.29,NVIDIA GeForce RTX 4070,[N/A],Enabled,Enabled
1701964226.54515,0,GPU-93ae0c7f-c327-aee3-adae-bc0d1dae71ea,0.33,0.5974596971177333,12282.0,4687.0,546.29,NVIDIA GeForce RTX 4070,[N/A],Enabled,Enabled
1701964227.545082,0,GPU-93ae0c7f-c327-aee3-adae-bc0d1dae71ea,0.33,0.5974596971177333,12282.0,4687.0,546.29,NVIDIA GeForce RTX 4070,[N/A],Enabled,Enabled
1701964228.545595,0,GPU-93ae0c7f-c327-aee3-adae-bc0d1dae71ea,0.33,0.5974596971177333,12282.0,4687.0,546.29,NVIDIA GeForce RTX 4070,[N/A],Enabled,Enabled
1701964229.545776,0,GPU-93ae0c7f-c327-aee3-adae-bc0d1dae71ea,0.31,0.5974596971177333,12282.0,4687.0,546.29,NVIDIA GeForce RTX 4070,[N/A],Enabled,Enabled
1701964230.546049,0,GPU-93ae0c7f-c327-aee3-adae-bc0d1dae71ea,0.31,0.5974596971177333,12282.0,4687.0,546.29,NVIDIA GeForce RTX 4070,[N/A],Enabled,Enabled
1701964231.544933,0,GPU-93ae0c7f-c327-aee3-adae-bc0d1dae71ea,0.27,0.5974596971177333,12282.0,4687.0,546.29,NVIDIA GeForce RTX 4070,[N/A],Enabled,Enabled
1701964232.545616,0,GPU-93ae0c7f-c327-aee3-adae-bc0d1dae71ea,0.28,0.5974596971177333,12282.0,4687.0,546.29,NVIDIA GeForce RTX 4070,[N/A],Enabled,Enabled
1701964233.545509,0,GPU-93ae0c7f-c327-aee3-adae-bc0d1dae71ea,0.33,0.5974596971177333,12282.0,4687.0,546.29,NVIDIA GeForce RTX 4070,[N/A],Enabled,Enabled
1701964234.545934,0,GPU-93ae0c7f-c327-aee3-adae-bc0d1dae71ea,0.34,0.5974596971177333,12282.0,4687.0,546.29,NVIDIA GeForce RTX 4070,[N/A],Enabled,Enabled
1701964235.545474,0,GPU-93ae0c7f-c327-aee3-adae-bc0d1dae71ea,0.34,0.5974596971177333,12282.0,4687.0,546.29,NVIDIA GeForce RTX 4070,[N/A],Enabled,Enabled
1701964236.545945,0,GPU-93ae0c7f-c327-aee3-adae-bc0d1dae71ea,0.34,0.5974596971177333,12282.0,4687.0,546.29,NVIDIA GeForce RTX 4070,[N/A],Enabled,Enabled
1701964237.545371,0,GPU-93ae0c7f-c327-aee3-adae-bc0d1dae71ea,0.34,0.5974596971177333,12282.0,4687.0,546.29,NVIDIA GeForce RTX 4070,[N/A],Enabled,Enabled
1701964238.545792,0,GPU-93ae0c7f-c327-aee3-adae-bc0d1dae71ea,0.34,0.5974596971177333,12282.0,4687.0,546.29,NVIDIA GeForce RTX 4070,[N/A],Enabled,Enabled
1701964239.545658,0,GPU-93ae0c7f-c327-aee3-adae-bc0d1dae71ea,0.34,0.5974596971177333,12282.0,4687.0,546.29,NVIDIA GeForce RTX 4070,[N/A],Enabled,Enabled
1701964240.545533,0,GPU-93ae0c7f-c327-aee3-adae-bc0d1dae71ea,0.34,0.5974596971177333,12282.0,4687.0,546.29,NVIDIA GeForce RTX 4070,[N/A],Enabled,Enabled
1701964241.545091,0,GPU-93ae0c7f-c327-aee3-adae-bc0d1dae71ea,0.31,0.5974596971177333,12282.0,4687.0,546.29,NVIDIA GeForce RTX 4070,[N/A],Enabled,Enabled
1701964242.545186,0,GPU-93ae0c7f-c327-aee3-adae-bc0d1dae71ea,0.3,0.5974596971177333,12282.0,4687.0,546.29,NVIDIA GeForce RTX 4070,[N/A],Enabled,Enabled
1701964243.544761,0,GPU-93ae0c7f-c327-aee3-adae-bc0d1dae71ea,0.28,0.5974596971177333,12282.0,4687.0,546.29,NVIDIA GeForce RTX 4070,[N/A],Enabled,Enabled
1701964244.545366,0,GPU-93ae0c7f-c327-aee3-adae-bc0d1dae71ea,0.26,0.5974596971177333,12282.0,4687.0,546.29,NVIDIA GeForce RTX 4070,[N/A],Enabled,Enabled
1701964245.545579,0,GPU-93ae0c7f-c327-aee3-adae-bc0d1dae71ea,0.29,0.5974596971177333,12282.0,4687.0,546.29,NVIDIA GeForce RTX 4070,[N/A],Enabled,Enabled
1701964246.54567,0,GPU-93ae0c7f-c327-aee3-adae-bc0d1dae71ea,0.33,0.5974596971177333,12282.0,4687.0,546.29,NVIDIA GeForce RTX 4070,[N/A],Enabled,Enabled
1701964247.545634,0,GPU-93ae0c7f-c327-aee3-adae-bc0d1dae71ea,0.33,0.5974596971177333,12282.0,4687.0,546.29,NVIDIA GeForce RTX 4070,[N/A],Enabled,Enabled
1701964248.545672,0,GPU-93ae0c7f-c327-aee3-adae-bc0d1dae71ea,0.34,0.5974596971177333,12282.0,4687.0,546.29,NVIDIA GeForce RTX 4070,[N/A],Enabled,Enabled
1701964249.545173,0,GPU-93ae0c7f-c327-aee3-adae-bc0d1dae71ea,0.34,0.5974596971177333,12282.0,4687.0,546.29,NVIDIA GeForce RTX 4070,[N/A],Enabled,Enabled
1701964250.545684,0,GPU-93ae0c7f-c327-aee3-adae-bc0d1dae71ea,0.34,0.5974596971177333,12282.0,4687.0,546.29,NVIDIA GeForce RTX 4070,[N/A],Enabled,Enabled
1701964251.545772,0,GPU-93ae0c7f-c327-aee3-adae-bc0d1dae71ea,0.31,0.5974596971177333,12282.0,4687.0,546.29,NVIDIA GeForce RTX 4070,[N/A],Enabled,Enabled
1701964252.545373,0,GPU-93ae0c7f-c327-aee3-adae-bc0d1dae71ea,0.32,0.5974596971177333,12282.0,4687.0,546.29,NVIDIA GeForce RTX 4070,[N/A],Enabled,Enabled
1701964253.545249,0,GPU-93ae0c7f-c327-aee3-adae-bc0d1dae71ea,0.3,0.5974596971177333,12282.0,4687.0,546.29,NVIDIA GeForce RTX 4070,[N/A],Enabled,Enabled
1701964254.545203,0,GPU-93ae0c7f-c327-aee3-adae-bc0d1dae71ea,0.29,0.5974596971177333,12282.0,4687.0,546.29,NVIDIA GeForce RTX 4070,[N/A],Enabled,Enabled
1701964255.545783,0,GPU-93ae0c7f-c327-aee3-adae-bc0d1dae71ea,0.32,0.5974596971177333,12282.0,4687.0,546.29,NVIDIA GeForce RTX 4070,[N/A],Enabled,Enabled
1701964256.546359,0,GPU-93ae0c7f-c327-aee3-adae-bc0d1dae71ea,0.33,0.5974596971177333,12282.0,4687.0,546.29,NVIDIA GeForce RTX 4070,[N/A],Enabled,Enabled
1701964257.544885,0,GPU-93ae0c7f-c327-aee3-adae-bc0d1dae71ea,0.33,0.5974596971177333,12282.0,4687.0,546.29,NVIDIA GeForce RTX 4070,[N/A],Enabled,Enabled
1701964258.545527,0,GPU-93ae0c7f-c327-aee3-adae-bc0d1dae71ea,0.33,0.5974596971177333,12282.0,4687.0,546.29,NVIDIA GeForce RTX 4070,[N/A],Enabled,Enabled
1701964259.545428,0,GPU-93ae0c7f-c327-aee3-adae-bc0d1dae71ea,0.32,0.5974596971177333,12282.0,4687.0,546.29,NVIDIA GeForce RTX 4070,[N/A],Enabled,Enabled
1701964260.545347,0,GPU-93ae0c7f-c327-aee3-adae-bc0d1dae71ea,0.28,0.5977853769744341,12282.0,4683.0,546.29,NVIDIA GeForce RTX 4070,[N/A],Enabled,Enabled
1701964261.545529,0,GPU-93ae0c7f-c327-aee3-adae-bc0d1dae71ea,0.28,0.5977853769744341,12282.0,4683.0,546.29,NVIDIA GeForce RTX 4070,[N/A],Enabled,Enabled
1701964262.545963,0,GPU-93ae0c7f-c327-aee3-adae-bc0d1dae71ea,0.28,0.5977853769744341,12282.0,4683.0,546.29,NVIDIA GeForce RTX 4070,[N/A],Enabled,Enabled
1701964263.545374,0,GPU-93ae0c7f-c327-aee3-adae-bc0d1dae71ea,0.28,0.5977853769744341,12282.0,4683.0,546.29,NVIDIA GeForce RTX 4070,[N/A],Enabled,Enabled
1701964264.545065,0,GPU-93ae0c7f-c327-aee3-adae-bc0d1dae71ea,0.29,0.5977853769744341,12282.0,4683.0,546.29,NVIDIA GeForce RTX 4070,[N/A],Enabled,Enabled
1701964265.545791,0,GPU-93ae0c7f-c327-aee3-adae-bc0d1dae71ea,0.28,0.5977853769744341,12282.0,4683.0,546.29,NVIDIA GeForce RTX 4070,[N/A],Enabled,Enabled
1701964266.545162,0,GPU-93ae0c7f-c327-aee3-adae-bc0d1dae71ea,0.27,0.598111056831135,12282.0,4679.0,546.29,NVIDIA GeForce RTX 4070,[N/A],Enabled,Enabled
1701964267.545526,0,GPU-93ae0c7f-c327-aee3-adae-bc0d1dae71ea,0.33,0.5974596971177333,12282.0,4687.0,546.29,NVIDIA GeForce RTX 4070,[N/A],Enabled,Enabled
1701964268.545451,0,GPU-93ae0c7f-c327-aee3-adae-bc0d1dae71ea,0.33,0.5974596971177333,12282.0,4687.0,546.29,NVIDIA GeForce RTX 4070,[N/A],Enabled,Enabled
1701964269.544968,0,GPU-93ae0c7f-c327-aee3-adae-bc0d1dae71ea,0.32,0.5974596971177333,12282.0,4687.0,546.29,NVIDIA GeForce RTX 4070,[N/A],Enabled,Enabled
1701964270.545846,0,GPU-93ae0c7f-c327-aee3-adae-bc0d1dae71ea,0.3,0.5974596971177333,12282.0,4687.0,546.29,NVIDIA GeForce RTX 4070,[N/A],Enabled,Enabled
1701964271.545083,0,GPU-93ae0c7f-c327-aee3-adae-bc0d1dae71ea,0.29,0.5974596971177333,12282.0,4687.0,546.29,NVIDIA GeForce RTX 4070,[N/A],Enabled,Enabled
1701964272.546476,0,GPU-93ae0c7f-c327-aee3-adae-bc0d1dae71ea,0.32,0.5974596971177333,12282.0,4687.0,546.29,NVIDIA GeForce RTX 4070,[N/A],Enabled,Enabled
1701964273.545527,0,GPU-93ae0c7f-c327-aee3-adae-bc0d1dae71ea,0.32,0.5974596971177333,12282.0,4687.0,546.29,NVIDIA GeForce RTX 4070,[N/A],Enabled,Enabled
1701964274.544847,0,GPU-93ae0c7f-c327-aee3-adae-bc0d1dae71ea,0.31,0.5974596971177333,12282.0,4687.0,546.29,NVIDIA GeForce RTX 4070,[N/A],Enabled,Enabled
1701964275.545729,0,GPU-93ae0c7f-c327-aee3-adae-bc0d1dae71ea,0.31,0.5974596971177333,12282.0,4687.0,546.29,NVIDIA GeForce RTX 4070,[N/A],Enabled,Enabled
1701964276.545349,0,GPU-93ae0c7f-c327-aee3-adae-bc0d1dae71ea,0.32,0.5974596971177333,12282.0,4687.0,546.29,NVIDIA GeForce RTX 4070,[N/A],Enabled,Enabled
1701964277.546528,0,GPU-93ae0c7f-c327-aee3-adae-bc0d1dae71ea,0.32,0.5974596971177333,12282.0,4687.0,546.29,NVIDIA GeForce RTX 4070,[N/A],Enabled,Enabled
1701964278.545315,0,GPU-93ae0c7f-c327-aee3-adae-bc0d1dae71ea,0.32,0.5974596971177333,12282.0,4687.0,546.29,NVIDIA GeForce RTX 4070,[N/A],Enabled,Enabled
1701964279.546069,0,GPU-93ae0c7f-c327-aee3-adae-bc0d1dae71ea,0.29,0.5974596971177333,12282.0,4687.0,546.29,NVIDIA GeForce RTX 4070,[N/A],Enabled,Enabled
1701964280.544971,0,GPU-93ae0c7f-c327-aee3-adae-bc0d1dae71ea,0.26,0.5974596971177333,12282.0,4687.0,546.29,NVIDIA GeForce RTX 4070,[N/A],Enabled,Enabled
1701964281.545649,0,GPU-93ae0c7f-c327-aee3-adae-bc0d1dae71ea,0.29,0.5974596971177333,12282.0,4687.0,546.29,NVIDIA GeForce RTX 4070,[N/A],Enabled,Enabled
1701964282.54562,0,GPU-93ae0c7f-c327-aee3-adae-bc0d1dae71ea,0.31,0.5974596971177333,12282.0,4687.0,546.29,NVIDIA GeForce RTX 4070,[N/A],Enabled,Enabled
1701964283.545264,0,GPU-93ae0c7f-c327-aee3-adae-bc0d1dae71ea,0.31,0.5974596971177333,12282.0,4687.0,546.29,NVIDIA GeForce RTX 4070,[N/A],Enabled,Enabled
1701964284.545158,0,GPU-93ae0c7f-c327-aee3-adae-bc0d1dae71ea,0.3,0.5974596971177333,12282.0,4687.0,546.29,NVIDIA GeForce RTX 4070,[N/A],Enabled,Enabled
1701964285.545243,0,GPU-93ae0c7f-c327-aee3-adae-bc0d1dae71ea,0.3,0.5974596971177333,12282.0,4687.0,546.29,NVIDIA GeForce RTX 4070,[N/A],Enabled,Enabled
1701964286.54653,0,GPU-93ae0c7f-c327-aee3-adae-bc0d1dae71ea,0.3,0.5974596971177333,12282.0,4687.0,546.29,NVIDIA GeForce RTX 4070,[N/A],Enabled,Enabled
1701964287.545481,0,GPU-93ae0c7f-c327-aee3-adae-bc0d1dae71ea,0.31,0.5974596971177333,12282.0,4687.0,546.29,NVIDIA GeForce RTX 4070,[N/A],Enabled,Enabled
1701964288.545486,0,GPU-93ae0c7f-c327-aee3-adae-bc0d1dae71ea,0.31,0.5974596971177333,12282.0,4687.0,546.29,NVIDIA GeForce RTX 4070,[N/A],Enabled,Enabled
1701964289.545466,0,GPU-93ae0c7f-c327-aee3-adae-bc0d1dae71ea,0.31,0.5974596971177333,12282.0,4687.0,546.29,NVIDIA GeForce RTX 4070,[N/A],Enabled,Enabled
1701964290.545102,0,GPU-93ae0c7f-c327-aee3-adae-bc0d1dae71ea,0.3,0.5974596971177333,12282.0,4687.0,546.29,NVIDIA GeForce RTX 4070,[N/A],Enabled,Enabled
1701964291.545968,0,GPU-93ae0c7f-c327-aee3-adae-bc0d1dae71ea,0.3,0.5974596971177333,12282.0,4687.0,546.29,NVIDIA GeForce RTX 4070,[N/A],Enabled,Enabled
1701964292.545602,0,GPU-93ae0c7f-c327-aee3-adae-bc0d1dae71ea,0.31,0.5974596971177333,12282.0,4687.0,546.29,NVIDIA GeForce RTX 4070,[N/A],Enabled,Enabled
1701964293.545246,0,GPU-93ae0c7f-c327-aee3-adae-bc0d1dae71ea,0.3,0.5974596971177333,12282.0,4687.0,546.29,NVIDIA GeForce RTX 4070,[N/A],Enabled,Enabled
1701964294.545954,0,GPU-93ae0c7f-c327-aee3-adae-bc0d1dae71ea,0.31,0.5974596971177333,12282.0,4687.0,546.29,NVIDIA GeForce RTX 4070,[N/A],Enabled,Enabled
1701964295.545609,0,GPU-93ae0c7f-c327-aee3-adae-bc0d1dae71ea,0.31,0.5974596971177333,12282.0,4687.0,546.29,NVIDIA GeForce RTX 4070,[N/A],Enabled,Enabled
1701964296.54542,0,GPU-93ae0c7f-c327-aee3-adae-bc0d1dae71ea,0.31,0.5974596971177333,12282.0,4687.0,546.29,NVIDIA GeForce RTX 4070,[N/A],Enabled,Enabled
1701964297.545676,0,GPU-93ae0c7f-c327-aee3-adae-bc0d1dae71ea,0.31,0.5974596971177333,12282.0,4687.0,546.29,NVIDIA GeForce RTX 4070,[N/A],Enabled,Enabled
1701964298.545345,0,GPU-93ae0c7f-c327-aee3-adae-bc0d1dae71ea,0.31,0.5974596971177333,12282.0,4687.0,546.29,NVIDIA GeForce RTX 4070,[N/A],Enabled,Enabled
1701964299.545432,0,GPU-93ae0c7f-c327-aee3-adae-bc0d1dae71ea,0.31,0.5974596971177333,12282.0,4687.0,546.29,NVIDIA GeForce RTX 4070,[N/A],Enabled,Enabled
1701964300.545062,0,GPU-93ae0c7f-c327-aee3-adae-bc0d1dae71ea,0.31,0.5974596971177333,12282.0,4687.0,546.29,NVIDIA GeForce RTX 4070,[N/A],Enabled,Enabled
1701964301.54535,0,GPU-93ae0c7f-c327-aee3-adae-bc0d1dae71ea,0.29,0.5977853769744341,12282.0,4683.0,546.29,NVIDIA GeForce RTX 4070,[N/A],Enabled,Enabled
1701964302.545327,0,GPU-93ae0c7f-c327-aee3-adae-bc0d1dae71ea,0.29,0.5974596971177333,12282.0,4687.0,546.29,NVIDIA GeForce RTX 4070,[N/A],Enabled,Enabled
1701964303.54554,0,GPU-93ae0c7f-c327-aee3-adae-bc0d1dae71ea,0.29,0.5974596971177333,12282.0,4687.0,546.29,NVIDIA GeForce RTX 4070,[N/A],Enabled,Enabled
1701964304.545176,0,GPU-93ae0c7f-c327-aee3-adae-bc0d1dae71ea,0.31,0.5974596971177333,12282.0,4687.0,546.29,NVIDIA GeForce RTX 4070,[N/A],Enabled,Enabled
1701964305.545801,0,GPU-93ae0c7f-c327-aee3-adae-bc0d1dae71ea,0.32,0.5974596971177333,12282.0,4687.0,546.29,NVIDIA GeForce RTX 4070,[N/A],Enabled,Enabled
1701964306.545778,0,GPU-93ae0c7f-c327-aee3-adae-bc0d1dae71ea,0.28,0.5974596971177333,12282.0,4687.0,546.29,NVIDIA GeForce RTX 4070,[N/A],Enabled,Enabled
1701964307.54542,0,GPU-93ae0c7f-c327-aee3-adae-bc0d1dae71ea,0.27,0.5977853769744341,12282.0,4683.0,546.29,NVIDIA GeForce RTX 4070,[N/A],Enabled,Enabled
1701964308.54541,0,GPU-93ae0c7f-c327-aee3-adae-bc0d1dae71ea,0.26,0.5977853769744341,12282.0,4683.0,546.29,NVIDIA GeForce RTX 4070,[N/A],Enabled,Enabled
1701964309.545693,0,GPU-93ae0c7f-c327-aee3-adae-bc0d1dae71ea,0.27,0.5977853769744341,12282.0,4683.0,546.29,NVIDIA GeForce RTX 4070,[N/A],Enabled,Enabled
1701964310.545208,0,GPU-93ae0c7f-c327-aee3-adae-bc0d1dae71ea,0.28,0.5977853769744341,12282.0,4683.0,546.29,NVIDIA GeForce RTX 4070,[N/A],Enabled,Enabled
1701964311.545615,0,GPU-93ae0c7f-c327-aee3-adae-bc0d1dae71ea,0.25,0.5977853769744341,12282.0,4683.0,546.29,NVIDIA GeForce RTX 4070,[N/A],Enabled,Enabled
1701964312.54497,0,GPU-93ae0c7f-c327-aee3-adae-bc0d1dae71ea,0.24,0.5977853769744341,12282.0,4683.0,546.29,NVIDIA GeForce RTX 4070,[N/A],Enabled,Enabled
1701964313.545776,0,GPU-93ae0c7f-c327-aee3-adae-bc0d1dae71ea,0.23,0.5971340172610324,12282.0,4691.0,546.29,NVIDIA GeForce RTX 4070,[N/A],Enabled,Enabled
1701964314.545437,0,GPU-93ae0c7f-c327-aee3-adae-bc0d1dae71ea,0.23,0.5971340172610324,12282.0,4691.0,546.29,NVIDIA GeForce RTX 4070,[N/A],Enabled,Enabled
1701964315.545641,0,GPU-93ae0c7f-c327-aee3-adae-bc0d1dae71ea,0.22,0.5971340172610324,12282.0,4691.0,546.29,NVIDIA GeForce RTX 4070,[N/A],Enabled,Enabled
1701964316.544994,0,GPU-93ae0c7f-c327-aee3-adae-bc0d1dae71ea,0.22,0.5971340172610324,12282.0,4691.0,546.29,NVIDIA GeForce RTX 4070,[N/A],Enabled,Enabled
1701964317.545196,0,GPU-93ae0c7f-c327-aee3-adae-bc0d1dae71ea,0.23,0.598111056831135,12282.0,4679.0,546.29,NVIDIA GeForce RTX 4070,[N/A],Enabled,Enabled
1701964318.545651,0,GPU-93ae0c7f-c327-aee3-adae-bc0d1dae71ea,0.25,0.5977853769744341,12282.0,4683.0,546.29,NVIDIA GeForce RTX 4070,[N/A],Enabled,Enabled
1701964319.545105,0,GPU-93ae0c7f-c327-aee3-adae-bc0d1dae71ea,0.27,0.5977853769744341,12282.0,4683.0,546.29,NVIDIA GeForce RTX 4070,[N/A],Enabled,Enabled
1701964320.54526,0,GPU-93ae0c7f-c327-aee3-adae-bc0d1dae71ea,0.25,0.5977853769744341,12282.0,4683.0,546.29,NVIDIA GeForce RTX 4070,[N/A],Enabled,Enabled
1701964321.54532,0,GPU-93ae0c7f-c327-aee3-adae-bc0d1dae71ea,0.26,0.5977853769744341,12282.0,4683.0,546.29,NVIDIA GeForce RTX 4070,[N/A],Enabled,Enabled
1701964322.545777,0,GPU-93ae0c7f-c327-aee3-adae-bc0d1dae71ea,0.26,0.5977853769744341,12282.0,4683.0,546.29,NVIDIA GeForce RTX 4070,[N/A],Enabled,Enabled
1701964323.545341,0,GPU-93ae0c7f-c327-aee3-adae-bc0d1dae71ea,0.25,0.5977853769744341,12282.0,4683.0,546.29,NVIDIA GeForce RTX 4070,[N/A],Enabled,Enabled
1701964324.545067,0,GPU-93ae0c7f-c327-aee3-adae-bc0d1dae71ea,0.25,0.5977853769744341,12282.0,4683.0,546.29,NVIDIA GeForce RTX 4070,[N/A],Enabled,Enabled
1701964325.545251,0,GPU-93ae0c7f-c327-aee3-adae-bc0d1dae71ea,0.25,0.5977853769744341,12282.0,4683.0,546.29,NVIDIA GeForce RTX 4070,[N/A],Enabled,Enabled
1701964326.545406,0,GPU-93ae0c7f-c327-aee3-adae-bc0d1dae71ea,0.25,0.5977853769744341,12282.0,4683.0,546.29,NVIDIA GeForce RTX 4070,[N/A],Enabled,Enabled
1701964327.545088,0,GPU-93ae0c7f-c327-aee3-adae-bc0d1dae71ea,0.26,0.5977853769744341,12282.0,4683.0,546.29,NVIDIA GeForce RTX 4070,[N/A],Enabled,Enabled
1701964328.545363,0,GPU-93ae0c7f-c327-aee3-adae-bc0d1dae71ea,0.25,0.5977853769744341,12282.0,4683.0,546.29,NVIDIA GeForce RTX 4070,[N/A],Enabled,Enabled
1701964329.545554,0,GPU-93ae0c7f-c327-aee3-adae-bc0d1dae71ea,0.28,0.5977853769744341,12282.0,4683.0,546.29,NVIDIA GeForce RTX 4070,[N/A],Enabled,Enabled
1701964330.545205,0,GPU-93ae0c7f-c327-aee3-adae-bc0d1dae71ea,0.26,0.5977853769744341,12282.0,4683.0,546.29,NVIDIA GeForce RTX 4070,[N/A],Enabled,Enabled
1701964331.545544,0,GPU-93ae0c7f-c327-aee3-adae-bc0d1dae71ea,0.26,0.5977853769744341,12282.0,4683.0,546.29,NVIDIA GeForce RTX 4070,[N/A],Enabled,Enabled
1701964332.546014,0,GPU-93ae0c7f-c327-aee3-adae-bc0d1dae71ea,0.26,0.5977853769744341,12282.0,4683.0,546.29,NVIDIA GeForce RTX 4070,[N/A],Enabled,Enabled
1701964333.545342,0,GPU-93ae0c7f-c327-aee3-adae-bc0d1dae71ea,0.25,0.5977853769744341,12282.0,4683.0,546.29,NVIDIA GeForce RTX 4070,[N/A],Enabled,Enabled
1701964334.545769,0,GPU-93ae0c7f-c327-aee3-adae-bc0d1dae71ea,0.2,0.5977853769744341,12282.0,4683.0,546.29,NVIDIA GeForce RTX 4070,[N/A],Enabled,Enabled
1701964335.545197,0,GPU-93ae0c7f-c327-aee3-adae-bc0d1dae71ea,0.05,0.5977853769744341,12282.0,4683.0,546.29,NVIDIA GeForce RTX 4070,[N/A],Enabled,Enabled
1701964336.545814,0,GPU-93ae0c7f-c327-aee3-adae-bc0d1dae71ea,0.19,0.28301579547305,12282.0,8549.0,546.29,NVIDIA GeForce RTX 4070,[N/A],Enabled,Enabled
1701964337.545635,0,GPU-93ae0c7f-c327-aee3-adae-bc0d1dae71ea,0.18,0.28228301579547305,12282.0,8558.0,546.29,NVIDIA GeForce RTX 4070,[N/A],Enabled,Enabled
1701964338.545652,0,GPU-93ae0c7f-c327-aee3-adae-bc0d1dae71ea,0.17,0.28228301579547305,12282.0,8558.0,546.29,NVIDIA GeForce RTX 4070,[N/A],Enabled,Enabled
1701964339.545282,0,GPU-93ae0c7f-c327-aee3-adae-bc0d1dae71ea,0.17,0.280003256798567,12282.0,8586.0,546.29,NVIDIA GeForce RTX 4070,[N/A],Enabled,Enabled
1701964340.545032,0,GPU-93ae0c7f-c327-aee3-adae-bc0d1dae71ea,0.18,0.2798404168702166,12282.0,8588.0,546.29,NVIDIA GeForce RTX 4070,[N/A],Enabled,Enabled
1701964341.54601,0,GPU-93ae0c7f-c327-aee3-adae-bc0d1dae71ea,0.18,0.27878195733593875,12282.0,8601.0,546.29,NVIDIA GeForce RTX 4070,[N/A],Enabled,Enabled
1701964342.545205,0,GPU-93ae0c7f-c327-aee3-adae-bc0d1dae71ea,0.17,0.2772349780166097,12282.0,8620.0,546.29,NVIDIA GeForce RTX 4070,[N/A],Enabled,Enabled
