timestamp,id,uuid,load,memoryUtil,memoryTotal,memoryUsed,memoryFree,driver,name,serial,display_mode,display_active
1702845390.738483,0,GPU-93ae0c7f-c327-aee3-adae-bc0d1dae71ea,0.13,0.24580687184497638,12282.0,9006.0,546.33,NVIDIA GeForce RTX 4070,[N/A],Enabled,Enabled
1702845391.735456,0,GPU-93ae0c7f-c327-aee3-adae-bc0d1dae71ea,0.13,0.24580687184497638,12282.0,9006.0,546.33,NVIDIA GeForce RTX 4070,[N/A],Enabled,Enabled
1702845392.735016,0,GPU-93ae0c7f-c327-aee3-adae-bc0d1dae71ea,0.13,0.24580687184497638,12282.0,9006.0,546.33,NVIDIA GeForce RTX 4070,[N/A],Enabled,Enabled
1702845393.73448,0,GPU-93ae0c7f-c327-aee3-adae-bc0d1dae71ea,0.13,0.24580687184497638,12282.0,9006.0,546.33,NVIDIA GeForce RTX 4070,[N/A],Enabled,Enabled
1702845394.735564,0,GPU-93ae0c7f-c327-aee3-adae-bc0d1dae71ea,0.13,0.24580687184497638,12282.0,9006.0,546.33,NVIDIA GeForce RTX 4070,[N/A],Enabled,Enabled
1702845395.734738,0,GPU-93ae0c7f-c327-aee3-adae-bc0d1dae71ea,0.13,0.24580687184497638,12282.0,9006.0,546.33,NVIDIA GeForce RTX 4070,[N/A],Enabled,Enabled
1702845396.735403,0,GPU-93ae0c7f-c327-aee3-adae-bc0d1dae71ea,0.13,0.24580687184497638,12282.0,9006.0,546.33,NVIDIA GeForce RTX 4070,[N/A],Enabled,Enabled
1702845397.735741,0,GPU-93ae0c7f-c327-aee3-adae-bc0d1dae71ea,0.13,0.24580687184497638,12282.0,9006.0,546.33,NVIDIA GeForce RTX 4070,[N/A],Enabled,Enabled
1702845398.735401,0,GPU-93ae0c7f-c327-aee3-adae-bc0d1dae71ea,0.13,0.24580687184497638,12282.0,9006.0,546.33,NVIDIA GeForce RTX 4070,[N/A],Enabled,Enabled
1702845399.735025,0,GPU-93ae0c7f-c327-aee3-adae-bc0d1dae71ea,0.13,0.24580687184497638,12282.0,9006.0,546.33,NVIDIA GeForce RTX 4070,[N/A],Enabled,Enabled
1702845400.734805,0,GPU-93ae0c7f-c327-aee3-adae-bc0d1dae71ea,0.13,0.24580687184497638,12282.0,9006.0,546.33,NVIDIA GeForce RTX 4070,[N/A],Enabled,Enabled
1702845401.734997,0,GPU-93ae0c7f-c327-aee3-adae-bc0d1dae71ea,0.13,0.24580687184497638,12282.0,9006.0,546.33,NVIDIA GeForce RTX 4070,[N/A],Enabled,Enabled
1702845402.735117,0,GPU-93ae0c7f-c327-aee3-adae-bc0d1dae71ea,0.13,0.24580687184497638,12282.0,9006.0,546.33,NVIDIA GeForce RTX 4070,[N/A],Enabled,Enabled
1702845403.735882,0,GPU-93ae0c7f-c327-aee3-adae-bc0d1dae71ea,0.13,0.24580687184497638,12282.0,9006.0,546.33,NVIDIA GeForce RTX 4070,[N/A],Enabled,Enabled
1702845404.73568,0,GPU-93ae0c7f-c327-aee3-adae-bc0d1dae71ea,0.13,0.24580687184497638,12282.0,9006.0,546.33,NVIDIA GeForce RTX 4070,[N/A],Enabled,Enabled
1702845405.73443,0,GPU-93ae0c7f-c327-aee3-adae-bc0d1dae71ea,0.14,0.24605113173750204,12282.0,9003.0,546.33,NVIDIA GeForce RTX 4070,[N/A],Enabled,Enabled
1702845406.735335,0,GPU-93ae0c7f-c327-aee3-adae-bc0d1dae71ea,0.15,0.24906367041198502,12282.0,8966.0,546.33,NVIDIA GeForce RTX 4070,[N/A],Enabled,Enabled
1702845407.734318,0,GPU-93ae0c7f-c327-aee3-adae-bc0d1dae71ea,0.2,0.35824784237094937,12282.0,7625.0,546.33,NVIDIA GeForce RTX 4070,[N/A],Enabled,Enabled
1702845408.734769,0,GPU-93ae0c7f-c327-aee3-adae-bc0d1dae71ea,0.08,0.3234815176681322,12282.0,8052.0,546.33,NVIDIA GeForce RTX 4070,[N/A],Enabled,Enabled
1702845409.734822,0,GPU-93ae0c7f-c327-aee3-adae-bc0d1dae71ea,0.08,0.323400097703957,12282.0,8053.0,546.33,NVIDIA GeForce RTX 4070,[N/A],Enabled,Enabled
1702845410.735288,0,GPU-93ae0c7f-c327-aee3-adae-bc0d1dae71ea,0.08,0.323400097703957,12282.0,8053.0,546.33,NVIDIA GeForce RTX 4070,[N/A],Enabled,Enabled
1702845411.735312,0,GPU-93ae0c7f-c327-aee3-adae-bc0d1dae71ea,0.28,0.47321283178635404,12282.0,6213.0,546.33,NVIDIA GeForce RTX 4070,[N/A],Enabled,Enabled
1702845412.734595,0,GPU-93ae0c7f-c327-aee3-adae-bc0d1dae71ea,0.31,0.4453672040384302,12282.0,6555.0,546.33,NVIDIA GeForce RTX 4070,[N/A],Enabled,Enabled
1702845413.735713,0,GPU-93ae0c7f-c327-aee3-adae-bc0d1dae71ea,0.32,0.4453672040384302,12282.0,6555.0,546.33,NVIDIA GeForce RTX 4070,[N/A],Enabled,Enabled
1702845414.734257,0,GPU-93ae0c7f-c327-aee3-adae-bc0d1dae71ea,0.26,0.4406448461162677,12282.0,6613.0,546.33,NVIDIA GeForce RTX 4070,[N/A],Enabled,Enabled
1702845415.735622,0,GPU-93ae0c7f-c327-aee3-adae-bc0d1dae71ea,0.26,0.4406448461162677,12282.0,6613.0,546.33,NVIDIA GeForce RTX 4070,[N/A],Enabled,Enabled
1702845416.735265,0,GPU-93ae0c7f-c327-aee3-adae-bc0d1dae71ea,0.25,0.4406448461162677,12282.0,6613.0,546.33,NVIDIA GeForce RTX 4070,[N/A],Enabled,Enabled
1702845417.735084,0,GPU-93ae0c7f-c327-aee3-adae-bc0d1dae71ea,0.27,0.445285784074255,12282.0,6556.0,546.33,NVIDIA GeForce RTX 4070,[N/A],Enabled,Enabled
1702845418.734625,0,GPU-93ae0c7f-c327-aee3-adae-bc0d1dae71ea,0.11,0.555121315746621,12282.0,5207.0,546.33,NVIDIA GeForce RTX 4070,[N/A],Enabled,Enabled
1702845419.735141,0,GPU-93ae0c7f-c327-aee3-adae-bc0d1dae71ea,0.28,0.44675134342940886,12282.0,6538.0,546.33,NVIDIA GeForce RTX 4070,[N/A],Enabled,Enabled
1702845420.735329,0,GPU-93ae0c7f-c327-aee3-adae-bc0d1dae71ea,0.28,0.44675134342940886,12282.0,6538.0,546.33,NVIDIA GeForce RTX 4070,[N/A],Enabled,Enabled
1702845421.735082,0,GPU-93ae0c7f-c327-aee3-adae-bc0d1dae71ea,0.25,0.4420289855072464,12282.0,6596.0,546.33,NVIDIA GeForce RTX 4070,[N/A],Enabled,Enabled
1702845422.734693,0,GPU-93ae0c7f-c327-aee3-adae-bc0d1dae71ea,0.31,0.44675134342940886,12282.0,6538.0,546.33,NVIDIA GeForce RTX 4070,[N/A],Enabled,Enabled
1702845423.735103,0,GPU-93ae0c7f-c327-aee3-adae-bc0d1dae71ea,0.27,0.4421104054714216,12282.0,6595.0,546.33,NVIDIA GeForce RTX 4070,[N/A],Enabled,Enabled
1702845424.734559,0,GPU-93ae0c7f-c327-aee3-adae-bc0d1dae71ea,0.28,0.44675134342940886,12282.0,6538.0,546.33,NVIDIA GeForce RTX 4070,[N/A],Enabled,Enabled
1702845425.735095,0,GPU-93ae0c7f-c327-aee3-adae-bc0d1dae71ea,0.26,0.4421104054714216,12282.0,6595.0,546.33,NVIDIA GeForce RTX 4070,[N/A],Enabled,Enabled
1702845426.734653,0,GPU-93ae0c7f-c327-aee3-adae-bc0d1dae71ea,0.27,0.4421104054714216,12282.0,6595.0,546.33,NVIDIA GeForce RTX 4070,[N/A],Enabled,Enabled
1702845427.735052,0,GPU-93ae0c7f-c327-aee3-adae-bc0d1dae71ea,0.26,0.4421104054714216,12282.0,6595.0,546.33,NVIDIA GeForce RTX 4070,[N/A],Enabled,Enabled
1702845428.734572,0,GPU-93ae0c7f-c327-aee3-adae-bc0d1dae71ea,0.27,0.4421104054714216,12282.0,6595.0,546.33,NVIDIA GeForce RTX 4070,[N/A],Enabled,Enabled
1702845429.735195,0,GPU-93ae0c7f-c327-aee3-adae-bc0d1dae71ea,0.29,0.44683276339358413,12282.0,6537.0,546.33,NVIDIA GeForce RTX 4070,[N/A],Enabled,Enabled
1702845430.734899,0,GPU-93ae0c7f-c327-aee3-adae-bc0d1dae71ea,0.3,0.44683276339358413,12282.0,6537.0,546.33,NVIDIA GeForce RTX 4070,[N/A],Enabled,Enabled
1702845431.735978,0,GPU-93ae0c7f-c327-aee3-adae-bc0d1dae71ea,0.29,0.44675134342940886,12282.0,6538.0,546.33,NVIDIA GeForce RTX 4070,[N/A],Enabled,Enabled
1702845432.735007,0,GPU-93ae0c7f-c327-aee3-adae-bc0d1dae71ea,0.27,0.4421104054714216,12282.0,6595.0,546.33,NVIDIA GeForce RTX 4070,[N/A],Enabled,Enabled
1702845433.734509,0,GPU-93ae0c7f-c327-aee3-adae-bc0d1dae71ea,0.27,0.44675134342940886,12282.0,6538.0,546.33,NVIDIA GeForce RTX 4070,[N/A],Enabled,Enabled
1702845434.73536,0,GPU-93ae0c7f-c327-aee3-adae-bc0d1dae71ea,0.3,0.44675134342940886,12282.0,6538.0,546.33,NVIDIA GeForce RTX 4070,[N/A],Enabled,Enabled
1702845435.734582,0,GPU-93ae0c7f-c327-aee3-adae-bc0d1dae71ea,0.26,0.4421918254355968,12282.0,6594.0,546.33,NVIDIA GeForce RTX 4070,[N/A],Enabled,Enabled
1702845436.734947,0,GPU-93ae0c7f-c327-aee3-adae-bc0d1dae71ea,0.27,0.4421918254355968,12282.0,6594.0,546.33,NVIDIA GeForce RTX 4070,[N/A],Enabled,Enabled
1702845437.735574,0,GPU-93ae0c7f-c327-aee3-adae-bc0d1dae71ea,0.27,0.4421918254355968,12282.0,6594.0,546.33,NVIDIA GeForce RTX 4070,[N/A],Enabled,Enabled
1702845438.73498,0,GPU-93ae0c7f-c327-aee3-adae-bc0d1dae71ea,0.27,0.4421918254355968,12282.0,6594.0,546.33,NVIDIA GeForce RTX 4070,[N/A],Enabled,Enabled
1702845439.735302,0,GPU-93ae0c7f-c327-aee3-adae-bc0d1dae71ea,0.22,0.4437388047549259,12282.0,6575.0,546.33,NVIDIA GeForce RTX 4070,[N/A],Enabled,Enabled
1702845440.735551,0,GPU-93ae0c7f-c327-aee3-adae-bc0d1dae71ea,0.4,0.450578081745644,12282.0,6491.0,546.33,NVIDIA GeForce RTX 4070,[N/A],Enabled,Enabled
1702845441.734925,0,GPU-93ae0c7f-c327-aee3-adae-bc0d1dae71ea,0.45,0.450578081745644,12282.0,6491.0,546.33,NVIDIA GeForce RTX 4070,[N/A],Enabled,Enabled
1702845442.735384,0,GPU-93ae0c7f-c327-aee3-adae-bc0d1dae71ea,0.37,0.450578081745644,12282.0,6491.0,546.33,NVIDIA GeForce RTX 4070,[N/A],Enabled,Enabled
1702845443.735468,0,GPU-93ae0c7f-c327-aee3-adae-bc0d1dae71ea,0.42,0.450578081745644,12282.0,6491.0,546.33,NVIDIA GeForce RTX 4070,[N/A],Enabled,Enabled
1702845444.734879,0,GPU-93ae0c7f-c327-aee3-adae-bc0d1dae71ea,0.41,0.450578081745644,12282.0,6491.0,546.33,NVIDIA GeForce RTX 4070,[N/A],Enabled,Enabled
1702845445.734725,0,GPU-93ae0c7f-c327-aee3-adae-bc0d1dae71ea,0.4,0.450578081745644,12282.0,6491.0,546.33,NVIDIA GeForce RTX 4070,[N/A],Enabled,Enabled
1702845446.735413,0,GPU-93ae0c7f-c327-aee3-adae-bc0d1dae71ea,0.36,0.450578081745644,12282.0,6491.0,546.33,NVIDIA GeForce RTX 4070,[N/A],Enabled,Enabled
1702845447.734516,0,GPU-93ae0c7f-c327-aee3-adae-bc0d1dae71ea,0.4,0.450578081745644,12282.0,6491.0,546.33,NVIDIA GeForce RTX 4070,[N/A],Enabled,Enabled
1702845448.735588,0,GPU-93ae0c7f-c327-aee3-adae-bc0d1dae71ea,0.39,0.450578081745644,12282.0,6491.0,546.33,NVIDIA GeForce RTX 4070,[N/A],Enabled,Enabled
1702845449.735545,0,GPU-93ae0c7f-c327-aee3-adae-bc0d1dae71ea,0.45,0.450578081745644,12282.0,6491.0,546.33,NVIDIA GeForce RTX 4070,[N/A],Enabled,Enabled
1702845450.735208,0,GPU-93ae0c7f-c327-aee3-adae-bc0d1dae71ea,0.43,0.450578081745644,12282.0,6491.0,546.33,NVIDIA GeForce RTX 4070,[N/A],Enabled,Enabled
1702845451.735075,0,GPU-93ae0c7f-c327-aee3-adae-bc0d1dae71ea,0.43,0.450578081745644,12282.0,6491.0,546.33,NVIDIA GeForce RTX 4070,[N/A],Enabled,Enabled
1702845452.734727,0,GPU-93ae0c7f-c327-aee3-adae-bc0d1dae71ea,0.42,0.450578081745644,12282.0,6491.0,546.33,NVIDIA GeForce RTX 4070,[N/A],Enabled,Enabled
1702845453.73532,0,GPU-93ae0c7f-c327-aee3-adae-bc0d1dae71ea,0.42,0.450578081745644,12282.0,6491.0,546.33,NVIDIA GeForce RTX 4070,[N/A],Enabled,Enabled
1702845454.734293,0,GPU-93ae0c7f-c327-aee3-adae-bc0d1dae71ea,0.39,0.450578081745644,12282.0,6491.0,546.33,NVIDIA GeForce RTX 4070,[N/A],Enabled,Enabled
1702845455.734648,0,GPU-93ae0c7f-c327-aee3-adae-bc0d1dae71ea,0.45,0.450578081745644,12282.0,6491.0,546.33,NVIDIA GeForce RTX 4070,[N/A],Enabled,Enabled
1702845456.735217,0,GPU-93ae0c7f-c327-aee3-adae-bc0d1dae71ea,0.43,0.450578081745644,12282.0,6491.0,546.33,NVIDIA GeForce RTX 4070,[N/A],Enabled,Enabled
1702845457.735383,0,GPU-93ae0c7f-c327-aee3-adae-bc0d1dae71ea,0.43,0.450578081745644,12282.0,6491.0,546.33,NVIDIA GeForce RTX 4070,[N/A],Enabled,Enabled
1702845458.736013,0,GPU-93ae0c7f-c327-aee3-adae-bc0d1dae71ea,0.38,0.450578081745644,12282.0,6491.0,546.33,NVIDIA GeForce RTX 4070,[N/A],Enabled,Enabled
1702845459.73538,0,GPU-93ae0c7f-c327-aee3-adae-bc0d1dae71ea,0.4,0.450578081745644,12282.0,6491.0,546.33,NVIDIA GeForce RTX 4070,[N/A],Enabled,Enabled
1702845460.734974,0,GPU-93ae0c7f-c327-aee3-adae-bc0d1dae71ea,0.4,0.450578081745644,12282.0,6491.0,546.33,NVIDIA GeForce RTX 4070,[N/A],Enabled,Enabled
1702845461.735553,0,GPU-93ae0c7f-c327-aee3-adae-bc0d1dae71ea,0.43,0.450578081745644,12282.0,6491.0,546.33,NVIDIA GeForce RTX 4070,[N/A],Enabled,Enabled
1702845462.734608,0,GPU-93ae0c7f-c327-aee3-adae-bc0d1dae71ea,0.44,0.450578081745644,12282.0,6491.0,546.33,NVIDIA GeForce RTX 4070,[N/A],Enabled,Enabled
1702845463.735254,0,GPU-93ae0c7f-c327-aee3-adae-bc0d1dae71ea,0.44,0.450578081745644,12282.0,6491.0,546.33,NVIDIA GeForce RTX 4070,[N/A],Enabled,Enabled
1702845464.734587,0,GPU-93ae0c7f-c327-aee3-adae-bc0d1dae71ea,0.45,0.450578081745644,12282.0,6491.0,546.33,NVIDIA GeForce RTX 4070,[N/A],Enabled,Enabled
1702845465.734669,0,GPU-93ae0c7f-c327-aee3-adae-bc0d1dae71ea,0.44,0.450578081745644,12282.0,6491.0,546.33,NVIDIA GeForce RTX 4070,[N/A],Enabled,Enabled
1702845466.735895,0,GPU-93ae0c7f-c327-aee3-adae-bc0d1dae71ea,0.43,0.450578081745644,12282.0,6491.0,546.33,NVIDIA GeForce RTX 4070,[N/A],Enabled,Enabled
1702845467.735558,0,GPU-93ae0c7f-c327-aee3-adae-bc0d1dae71ea,0.48,0.450578081745644,12282.0,6491.0,546.33,NVIDIA GeForce RTX 4070,[N/A],Enabled,Enabled
1702845468.73483,0,GPU-93ae0c7f-c327-aee3-adae-bc0d1dae71ea,0.46,0.450578081745644,12282.0,6491.0,546.33,NVIDIA GeForce RTX 4070,[N/A],Enabled,Enabled
1702845469.734956,0,GPU-93ae0c7f-c327-aee3-adae-bc0d1dae71ea,0.43,0.450578081745644,12282.0,6491.0,546.33,NVIDIA GeForce RTX 4070,[N/A],Enabled,Enabled
1702845470.734697,0,GPU-93ae0c7f-c327-aee3-adae-bc0d1dae71ea,0.42,0.450578081745644,12282.0,6491.0,546.33,NVIDIA GeForce RTX 4070,[N/A],Enabled,Enabled
1702845471.735142,0,GPU-93ae0c7f-c327-aee3-adae-bc0d1dae71ea,0.41,0.450578081745644,12282.0,6491.0,546.33,NVIDIA GeForce RTX 4070,[N/A],Enabled,Enabled
1702845472.735365,0,GPU-93ae0c7f-c327-aee3-adae-bc0d1dae71ea,0.43,0.450578081745644,12282.0,6491.0,546.33,NVIDIA GeForce RTX 4070,[N/A],Enabled,Enabled
1702845473.735914,0,GPU-93ae0c7f-c327-aee3-adae-bc0d1dae71ea,0.45,0.450578081745644,12282.0,6491.0,546.33,NVIDIA GeForce RTX 4070,[N/A],Enabled,Enabled
1702845474.73503,0,GPU-93ae0c7f-c327-aee3-adae-bc0d1dae71ea,0.45,0.450578081745644,12282.0,6491.0,546.33,NVIDIA GeForce RTX 4070,[N/A],Enabled,Enabled
1702845475.73471,0,GPU-93ae0c7f-c327-aee3-adae-bc0d1dae71ea,0.44,0.450578081745644,12282.0,6491.0,546.33,NVIDIA GeForce RTX 4070,[N/A],Enabled,Enabled
1702845476.735466,0,GPU-93ae0c7f-c327-aee3-adae-bc0d1dae71ea,0.37,0.450578081745644,12282.0,6491.0,546.33,NVIDIA GeForce RTX 4070,[N/A],Enabled,Enabled
1702845477.735341,0,GPU-93ae0c7f-c327-aee3-adae-bc0d1dae71ea,0.4,0.450578081745644,12282.0,6491.0,546.33,NVIDIA GeForce RTX 4070,[N/A],Enabled,Enabled
1702845478.734767,0,GPU-93ae0c7f-c327-aee3-adae-bc0d1dae71ea,0.42,0.450578081745644,12282.0,6491.0,546.33,NVIDIA GeForce RTX 4070,[N/A],Enabled,Enabled
1702845479.735245,0,GPU-93ae0c7f-c327-aee3-adae-bc0d1dae71ea,0.45,0.450578081745644,12282.0,6491.0,546.33,NVIDIA GeForce RTX 4070,[N/A],Enabled,Enabled
1702845480.735027,0,GPU-93ae0c7f-c327-aee3-adae-bc0d1dae71ea,0.4,0.450578081745644,12282.0,6491.0,546.33,NVIDIA GeForce RTX 4070,[N/A],Enabled,Enabled
1702845481.734959,0,GPU-93ae0c7f-c327-aee3-adae-bc0d1dae71ea,0.45,0.450578081745644,12282.0,6491.0,546.33,NVIDIA GeForce RTX 4070,[N/A],Enabled,Enabled
1702845482.734597,0,GPU-93ae0c7f-c327-aee3-adae-bc0d1dae71ea,0.42,0.450578081745644,12282.0,6491.0,546.33,NVIDIA GeForce RTX 4070,[N/A],Enabled,Enabled
1702845483.734722,0,GPU-93ae0c7f-c327-aee3-adae-bc0d1dae71ea,0.43,0.450578081745644,12282.0,6491.0,546.33,NVIDIA GeForce RTX 4070,[N/A],Enabled,Enabled
1702845484.735984,0,GPU-93ae0c7f-c327-aee3-adae-bc0d1dae71ea,0.41,0.450578081745644,12282.0,6491.0,546.33,NVIDIA GeForce RTX 4070,[N/A],Enabled,Enabled
1702845485.735267,0,GPU-93ae0c7f-c327-aee3-adae-bc0d1dae71ea,0.4,0.450578081745644,12282.0,6491.0,546.33,NVIDIA GeForce RTX 4070,[N/A],Enabled,Enabled
1702845486.734893,0,GPU-93ae0c7f-c327-aee3-adae-bc0d1dae71ea,0.41,0.450578081745644,12282.0,6491.0,546.33,NVIDIA GeForce RTX 4070,[N/A],Enabled,Enabled
1702845487.73537,0,GPU-93ae0c7f-c327-aee3-adae-bc0d1dae71ea,0.43,0.450578081745644,12282.0,6491.0,546.33,NVIDIA GeForce RTX 4070,[N/A],Enabled,Enabled
1702845488.735913,0,GPU-93ae0c7f-c327-aee3-adae-bc0d1dae71ea,0.4,0.450578081745644,12282.0,6491.0,546.33,NVIDIA GeForce RTX 4070,[N/A],Enabled,Enabled
1702845489.734795,0,GPU-93ae0c7f-c327-aee3-adae-bc0d1dae71ea,0.41,0.450578081745644,12282.0,6491.0,546.33,NVIDIA GeForce RTX 4070,[N/A],Enabled,Enabled
1702845490.734635,0,GPU-93ae0c7f-c327-aee3-adae-bc0d1dae71ea,0.4,0.450578081745644,12282.0,6491.0,546.33,NVIDIA GeForce RTX 4070,[N/A],Enabled,Enabled
1702845491.734606,0,GPU-93ae0c7f-c327-aee3-adae-bc0d1dae71ea,0.42,0.450578081745644,12282.0,6491.0,546.33,NVIDIA GeForce RTX 4070,[N/A],Enabled,Enabled
1702845492.73467,0,GPU-93ae0c7f-c327-aee3-adae-bc0d1dae71ea,0.39,0.450578081745644,12282.0,6491.0,546.33,NVIDIA GeForce RTX 4070,[N/A],Enabled,Enabled
1702845493.734234,0,GPU-93ae0c7f-c327-aee3-adae-bc0d1dae71ea,0.45,0.450578081745644,12282.0,6491.0,546.33,NVIDIA GeForce RTX 4070,[N/A],Enabled,Enabled
1702845494.735389,0,GPU-93ae0c7f-c327-aee3-adae-bc0d1dae71ea,0.48,0.450578081745644,12282.0,6491.0,546.33,NVIDIA GeForce RTX 4070,[N/A],Enabled,Enabled
1702845495.73545,0,GPU-93ae0c7f-c327-aee3-adae-bc0d1dae71ea,0.44,0.450578081745644,12282.0,6491.0,546.33,NVIDIA GeForce RTX 4070,[N/A],Enabled,Enabled
1702845496.735145,0,GPU-93ae0c7f-c327-aee3-adae-bc0d1dae71ea,0.41,0.450578081745644,12282.0,6491.0,546.33,NVIDIA GeForce RTX 4070,[N/A],Enabled,Enabled
1702845497.735274,0,GPU-93ae0c7f-c327-aee3-adae-bc0d1dae71ea,0.41,0.450578081745644,12282.0,6491.0,546.33,NVIDIA GeForce RTX 4070,[N/A],Enabled,Enabled
1702845498.735393,0,GPU-93ae0c7f-c327-aee3-adae-bc0d1dae71ea,0.43,0.450578081745644,12282.0,6491.0,546.33,NVIDIA GeForce RTX 4070,[N/A],Enabled,Enabled
1702845499.735619,0,GPU-93ae0c7f-c327-aee3-adae-bc0d1dae71ea,0.43,0.450578081745644,12282.0,6491.0,546.33,NVIDIA GeForce RTX 4070,[N/A],Enabled,Enabled
1702845500.734906,0,GPU-93ae0c7f-c327-aee3-adae-bc0d1dae71ea,0.38,0.450578081745644,12282.0,6491.0,546.33,NVIDIA GeForce RTX 4070,[N/A],Enabled,Enabled
1702845501.734835,0,GPU-93ae0c7f-c327-aee3-adae-bc0d1dae71ea,0.42,0.450578081745644,12282.0,6491.0,546.33,NVIDIA GeForce RTX 4070,[N/A],Enabled,Enabled
1702845502.734546,0,GPU-93ae0c7f-c327-aee3-adae-bc0d1dae71ea,0.38,0.450578081745644,12282.0,6491.0,546.33,NVIDIA GeForce RTX 4070,[N/A],Enabled,Enabled
1702845503.734847,0,GPU-93ae0c7f-c327-aee3-adae-bc0d1dae71ea,0.39,0.450578081745644,12282.0,6491.0,546.33,NVIDIA GeForce RTX 4070,[N/A],Enabled,Enabled
1702845504.735419,0,GPU-93ae0c7f-c327-aee3-adae-bc0d1dae71ea,0.42,0.450578081745644,12282.0,6491.0,546.33,NVIDIA GeForce RTX 4070,[N/A],Enabled,Enabled
1702845505.735437,0,GPU-93ae0c7f-c327-aee3-adae-bc0d1dae71ea,0.42,0.450578081745644,12282.0,6491.0,546.33,NVIDIA GeForce RTX 4070,[N/A],Enabled,Enabled
1702845506.734908,0,GPU-93ae0c7f-c327-aee3-adae-bc0d1dae71ea,0.39,0.450578081745644,12282.0,6491.0,546.33,NVIDIA GeForce RTX 4070,[N/A],Enabled,Enabled
1702845507.735116,0,GPU-93ae0c7f-c327-aee3-adae-bc0d1dae71ea,0.43,0.450578081745644,12282.0,6491.0,546.33,NVIDIA GeForce RTX 4070,[N/A],Enabled,Enabled
1702845508.734411,0,GPU-93ae0c7f-c327-aee3-adae-bc0d1dae71ea,0.46,0.450578081745644,12282.0,6491.0,546.33,NVIDIA GeForce RTX 4070,[N/A],Enabled,Enabled
1702845509.734848,0,GPU-93ae0c7f-c327-aee3-adae-bc0d1dae71ea,0.39,0.450578081745644,12282.0,6491.0,546.33,NVIDIA GeForce RTX 4070,[N/A],Enabled,Enabled
1702845510.734467,0,GPU-93ae0c7f-c327-aee3-adae-bc0d1dae71ea,0.43,0.450578081745644,12282.0,6491.0,546.33,NVIDIA GeForce RTX 4070,[N/A],Enabled,Enabled
1702845511.735424,0,GPU-93ae0c7f-c327-aee3-adae-bc0d1dae71ea,0.42,0.450578081745644,12282.0,6491.0,546.33,NVIDIA GeForce RTX 4070,[N/A],Enabled,Enabled
1702845512.735282,0,GPU-93ae0c7f-c327-aee3-adae-bc0d1dae71ea,0.41,0.450578081745644,12282.0,6491.0,546.33,NVIDIA GeForce RTX 4070,[N/A],Enabled,Enabled
1702845513.734628,0,GPU-93ae0c7f-c327-aee3-adae-bc0d1dae71ea,0.47,0.450578081745644,12282.0,6491.0,546.33,NVIDIA GeForce RTX 4070,[N/A],Enabled,Enabled
1702845514.735073,0,GPU-93ae0c7f-c327-aee3-adae-bc0d1dae71ea,0.4,0.450578081745644,12282.0,6491.0,546.33,NVIDIA GeForce RTX 4070,[N/A],Enabled,Enabled
1702845515.735218,0,GPU-93ae0c7f-c327-aee3-adae-bc0d1dae71ea,0.38,0.450578081745644,12282.0,6491.0,546.33,NVIDIA GeForce RTX 4070,[N/A],Enabled,Enabled
1702845516.734827,0,GPU-93ae0c7f-c327-aee3-adae-bc0d1dae71ea,0.4,0.450578081745644,12282.0,6491.0,546.33,NVIDIA GeForce RTX 4070,[N/A],Enabled,Enabled
1702845517.734428,0,GPU-93ae0c7f-c327-aee3-adae-bc0d1dae71ea,0.44,0.450578081745644,12282.0,6491.0,546.33,NVIDIA GeForce RTX 4070,[N/A],Enabled,Enabled
1702845518.73544,0,GPU-93ae0c7f-c327-aee3-adae-bc0d1dae71ea,0.4,0.450578081745644,12282.0,6491.0,546.33,NVIDIA GeForce RTX 4070,[N/A],Enabled,Enabled
1702845519.735468,0,GPU-93ae0c7f-c327-aee3-adae-bc0d1dae71ea,0.44,0.450578081745644,12282.0,6491.0,546.33,NVIDIA GeForce RTX 4070,[N/A],Enabled,Enabled
1702845520.735339,0,GPU-93ae0c7f-c327-aee3-adae-bc0d1dae71ea,0.4,0.450578081745644,12282.0,6491.0,546.33,NVIDIA GeForce RTX 4070,[N/A],Enabled,Enabled
1702845521.734645,0,GPU-93ae0c7f-c327-aee3-adae-bc0d1dae71ea,0.4,0.450578081745644,12282.0,6491.0,546.33,NVIDIA GeForce RTX 4070,[N/A],Enabled,Enabled
1702845522.734457,0,GPU-93ae0c7f-c327-aee3-adae-bc0d1dae71ea,0.39,0.450578081745644,12282.0,6491.0,546.33,NVIDIA GeForce RTX 4070,[N/A],Enabled,Enabled
1702845523.734584,0,GPU-93ae0c7f-c327-aee3-adae-bc0d1dae71ea,0.41,0.450578081745644,12282.0,6491.0,546.33,NVIDIA GeForce RTX 4070,[N/A],Enabled,Enabled
1702845524.734363,0,GPU-93ae0c7f-c327-aee3-adae-bc0d1dae71ea,0.4,0.450578081745644,12282.0,6491.0,546.33,NVIDIA GeForce RTX 4070,[N/A],Enabled,Enabled
1702845525.734682,0,GPU-93ae0c7f-c327-aee3-adae-bc0d1dae71ea,0.41,0.450578081745644,12282.0,6491.0,546.33,NVIDIA GeForce RTX 4070,[N/A],Enabled,Enabled
1702845526.735153,0,GPU-93ae0c7f-c327-aee3-adae-bc0d1dae71ea,0.39,0.450578081745644,12282.0,6491.0,546.33,NVIDIA GeForce RTX 4070,[N/A],Enabled,Enabled
1702845527.735088,0,GPU-93ae0c7f-c327-aee3-adae-bc0d1dae71ea,0.43,0.450578081745644,12282.0,6491.0,546.33,NVIDIA GeForce RTX 4070,[N/A],Enabled,Enabled
1702845528.734909,0,GPU-93ae0c7f-c327-aee3-adae-bc0d1dae71ea,0.38,0.450578081745644,12282.0,6491.0,546.33,NVIDIA GeForce RTX 4070,[N/A],Enabled,Enabled
1702845529.734425,0,GPU-93ae0c7f-c327-aee3-adae-bc0d1dae71ea,0.43,0.450578081745644,12282.0,6491.0,546.33,NVIDIA GeForce RTX 4070,[N/A],Enabled,Enabled
1702845530.73452,0,GPU-93ae0c7f-c327-aee3-adae-bc0d1dae71ea,0.37,0.450578081745644,12282.0,6491.0,546.33,NVIDIA GeForce RTX 4070,[N/A],Enabled,Enabled
1702845531.735344,0,GPU-93ae0c7f-c327-aee3-adae-bc0d1dae71ea,0.41,0.450578081745644,12282.0,6491.0,546.33,NVIDIA GeForce RTX 4070,[N/A],Enabled,Enabled
1702845532.734843,0,GPU-93ae0c7f-c327-aee3-adae-bc0d1dae71ea,0.41,0.450578081745644,12282.0,6491.0,546.33,NVIDIA GeForce RTX 4070,[N/A],Enabled,Enabled
1702845533.735235,0,GPU-93ae0c7f-c327-aee3-adae-bc0d1dae71ea,0.42,0.450578081745644,12282.0,6491.0,546.33,NVIDIA GeForce RTX 4070,[N/A],Enabled,Enabled
1702845534.73453,0,GPU-93ae0c7f-c327-aee3-adae-bc0d1dae71ea,0.4,0.450578081745644,12282.0,6491.0,546.33,NVIDIA GeForce RTX 4070,[N/A],Enabled,Enabled
1702845535.7354,0,GPU-93ae0c7f-c327-aee3-adae-bc0d1dae71ea,0.47,0.450578081745644,12282.0,6491.0,546.33,NVIDIA GeForce RTX 4070,[N/A],Enabled,Enabled
1702845536.735816,0,GPU-93ae0c7f-c327-aee3-adae-bc0d1dae71ea,0.4,0.450578081745644,12282.0,6491.0,546.33,NVIDIA GeForce RTX 4070,[N/A],Enabled,Enabled
1702845537.734972,0,GPU-93ae0c7f-c327-aee3-adae-bc0d1dae71ea,0.43,0.450578081745644,12282.0,6491.0,546.33,NVIDIA GeForce RTX 4070,[N/A],Enabled,Enabled
1702845538.734965,0,GPU-93ae0c7f-c327-aee3-adae-bc0d1dae71ea,0.43,0.450578081745644,12282.0,6491.0,546.33,NVIDIA GeForce RTX 4070,[N/A],Enabled,Enabled
1702845539.735213,0,GPU-93ae0c7f-c327-aee3-adae-bc0d1dae71ea,0.38,0.450578081745644,12282.0,6491.0,546.33,NVIDIA GeForce RTX 4070,[N/A],Enabled,Enabled
1702845540.734634,0,GPU-93ae0c7f-c327-aee3-adae-bc0d1dae71ea,0.41,0.450578081745644,12282.0,6491.0,546.33,NVIDIA GeForce RTX 4070,[N/A],Enabled,Enabled
1702845541.735684,0,GPU-93ae0c7f-c327-aee3-adae-bc0d1dae71ea,0.41,0.450578081745644,12282.0,6491.0,546.33,NVIDIA GeForce RTX 4070,[N/A],Enabled,Enabled
1702845542.735196,0,GPU-93ae0c7f-c327-aee3-adae-bc0d1dae71ea,0.42,0.450578081745644,12282.0,6491.0,546.33,NVIDIA GeForce RTX 4070,[N/A],Enabled,Enabled
1702845543.734967,0,GPU-93ae0c7f-c327-aee3-adae-bc0d1dae71ea,0.38,0.450578081745644,12282.0,6491.0,546.33,NVIDIA GeForce RTX 4070,[N/A],Enabled,Enabled
1702845544.73483,0,GPU-93ae0c7f-c327-aee3-adae-bc0d1dae71ea,0.44,0.450578081745644,12282.0,6491.0,546.33,NVIDIA GeForce RTX 4070,[N/A],Enabled,Enabled
1702845545.734699,0,GPU-93ae0c7f-c327-aee3-adae-bc0d1dae71ea,0.46,0.450578081745644,12282.0,6491.0,546.33,NVIDIA GeForce RTX 4070,[N/A],Enabled,Enabled
1702845546.735255,0,GPU-93ae0c7f-c327-aee3-adae-bc0d1dae71ea,0.47,0.450578081745644,12282.0,6491.0,546.33,NVIDIA GeForce RTX 4070,[N/A],Enabled,Enabled
1702845547.734986,0,GPU-93ae0c7f-c327-aee3-adae-bc0d1dae71ea,0.4,0.450578081745644,12282.0,6491.0,546.33,NVIDIA GeForce RTX 4070,[N/A],Enabled,Enabled
1702845548.734722,0,GPU-93ae0c7f-c327-aee3-adae-bc0d1dae71ea,0.39,0.450578081745644,12282.0,6491.0,546.33,NVIDIA GeForce RTX 4070,[N/A],Enabled,Enabled
1702845549.735163,0,GPU-93ae0c7f-c327-aee3-adae-bc0d1dae71ea,0.37,0.450578081745644,12282.0,6491.0,546.33,NVIDIA GeForce RTX 4070,[N/A],Enabled,Enabled
1702845550.735666,0,GPU-93ae0c7f-c327-aee3-adae-bc0d1dae71ea,0.36,0.450578081745644,12282.0,6491.0,546.33,NVIDIA GeForce RTX 4070,[N/A],Enabled,Enabled
1702845551.735436,0,GPU-93ae0c7f-c327-aee3-adae-bc0d1dae71ea,0.39,0.450578081745644,12282.0,6491.0,546.33,NVIDIA GeForce RTX 4070,[N/A],Enabled,Enabled
1702845552.735371,0,GPU-93ae0c7f-c327-aee3-adae-bc0d1dae71ea,0.41,0.450578081745644,12282.0,6491.0,546.33,NVIDIA GeForce RTX 4070,[N/A],Enabled,Enabled
1702845553.734372,0,GPU-93ae0c7f-c327-aee3-adae-bc0d1dae71ea,0.42,0.450578081745644,12282.0,6491.0,546.33,NVIDIA GeForce RTX 4070,[N/A],Enabled,Enabled
1702845554.734407,0,GPU-93ae0c7f-c327-aee3-adae-bc0d1dae71ea,0.42,0.450578081745644,12282.0,6491.0,546.33,NVIDIA GeForce RTX 4070,[N/A],Enabled,Enabled
1702845555.735488,0,GPU-93ae0c7f-c327-aee3-adae-bc0d1dae71ea,0.43,0.450578081745644,12282.0,6491.0,546.33,NVIDIA GeForce RTX 4070,[N/A],Enabled,Enabled
1702845556.734444,0,GPU-93ae0c7f-c327-aee3-adae-bc0d1dae71ea,0.41,0.450578081745644,12282.0,6491.0,546.33,NVIDIA GeForce RTX 4070,[N/A],Enabled,Enabled
1702845557.735655,0,GPU-93ae0c7f-c327-aee3-adae-bc0d1dae71ea,0.46,0.450578081745644,12282.0,6491.0,546.33,NVIDIA GeForce RTX 4070,[N/A],Enabled,Enabled
1702845558.734898,0,GPU-93ae0c7f-c327-aee3-adae-bc0d1dae71ea,0.46,0.450578081745644,12282.0,6491.0,546.33,NVIDIA GeForce RTX 4070,[N/A],Enabled,Enabled
1702845559.735066,0,GPU-93ae0c7f-c327-aee3-adae-bc0d1dae71ea,0.38,0.450578081745644,12282.0,6491.0,546.33,NVIDIA GeForce RTX 4070,[N/A],Enabled,Enabled
1702845560.7346,0,GPU-93ae0c7f-c327-aee3-adae-bc0d1dae71ea,0.38,0.450578081745644,12282.0,6491.0,546.33,NVIDIA GeForce RTX 4070,[N/A],Enabled,Enabled
1702845561.734552,0,GPU-93ae0c7f-c327-aee3-adae-bc0d1dae71ea,0.46,0.450578081745644,12282.0,6491.0,546.33,NVIDIA GeForce RTX 4070,[N/A],Enabled,Enabled
1702845562.734489,0,GPU-93ae0c7f-c327-aee3-adae-bc0d1dae71ea,0.41,0.450578081745644,12282.0,6491.0,546.33,NVIDIA GeForce RTX 4070,[N/A],Enabled,Enabled
1702845563.735837,0,GPU-93ae0c7f-c327-aee3-adae-bc0d1dae71ea,0.5,0.450578081745644,12282.0,6491.0,546.33,NVIDIA GeForce RTX 4070,[N/A],Enabled,Enabled
1702845564.73544,0,GPU-93ae0c7f-c327-aee3-adae-bc0d1dae71ea,0.47,0.450578081745644,12282.0,6491.0,546.33,NVIDIA GeForce RTX 4070,[N/A],Enabled,Enabled
1702845565.735218,0,GPU-93ae0c7f-c327-aee3-adae-bc0d1dae71ea,0.42,0.450578081745644,12282.0,6491.0,546.33,NVIDIA GeForce RTX 4070,[N/A],Enabled,Enabled
1702845566.735179,0,GPU-93ae0c7f-c327-aee3-adae-bc0d1dae71ea,0.38,0.450578081745644,12282.0,6491.0,546.33,NVIDIA GeForce RTX 4070,[N/A],Enabled,Enabled
1702845567.735332,0,GPU-93ae0c7f-c327-aee3-adae-bc0d1dae71ea,0.46,0.450578081745644,12282.0,6491.0,546.33,NVIDIA GeForce RTX 4070,[N/A],Enabled,Enabled
1702845568.734978,0,GPU-93ae0c7f-c327-aee3-adae-bc0d1dae71ea,0.43,0.450578081745644,12282.0,6491.0,546.33,NVIDIA GeForce RTX 4070,[N/A],Enabled,Enabled
1702845569.734716,0,GPU-93ae0c7f-c327-aee3-adae-bc0d1dae71ea,0.42,0.450578081745644,12282.0,6491.0,546.33,NVIDIA GeForce RTX 4070,[N/A],Enabled,Enabled
1702845570.734947,0,GPU-93ae0c7f-c327-aee3-adae-bc0d1dae71ea,0.43,0.450578081745644,12282.0,6491.0,546.33,NVIDIA GeForce RTX 4070,[N/A],Enabled,Enabled
1702845571.735211,0,GPU-93ae0c7f-c327-aee3-adae-bc0d1dae71ea,0.46,0.450578081745644,12282.0,6491.0,546.33,NVIDIA GeForce RTX 4070,[N/A],Enabled,Enabled
1702845572.734846,0,GPU-93ae0c7f-c327-aee3-adae-bc0d1dae71ea,0.41,0.450578081745644,12282.0,6491.0,546.33,NVIDIA GeForce RTX 4070,[N/A],Enabled,Enabled
1702845573.735045,0,GPU-93ae0c7f-c327-aee3-adae-bc0d1dae71ea,0.45,0.450578081745644,12282.0,6491.0,546.33,NVIDIA GeForce RTX 4070,[N/A],Enabled,Enabled
1702845574.735849,0,GPU-93ae0c7f-c327-aee3-adae-bc0d1dae71ea,0.39,0.450578081745644,12282.0,6491.0,546.33,NVIDIA GeForce RTX 4070,[N/A],Enabled,Enabled
1702845575.73571,0,GPU-93ae0c7f-c327-aee3-adae-bc0d1dae71ea,0.42,0.450578081745644,12282.0,6491.0,546.33,NVIDIA GeForce RTX 4070,[N/A],Enabled,Enabled
1702845576.735224,0,GPU-93ae0c7f-c327-aee3-adae-bc0d1dae71ea,0.42,0.450578081745644,12282.0,6491.0,546.33,NVIDIA GeForce RTX 4070,[N/A],Enabled,Enabled
1702845577.735158,0,GPU-93ae0c7f-c327-aee3-adae-bc0d1dae71ea,0.44,0.450578081745644,12282.0,6491.0,546.33,NVIDIA GeForce RTX 4070,[N/A],Enabled,Enabled
1702845578.735867,0,GPU-93ae0c7f-c327-aee3-adae-bc0d1dae71ea,0.41,0.450578081745644,12282.0,6491.0,546.33,NVIDIA GeForce RTX 4070,[N/A],Enabled,Enabled
1702845579.734776,0,GPU-93ae0c7f-c327-aee3-adae-bc0d1dae71ea,0.45,0.450578081745644,12282.0,6491.0,546.33,NVIDIA GeForce RTX 4070,[N/A],Enabled,Enabled
1702845580.735197,0,GPU-93ae0c7f-c327-aee3-adae-bc0d1dae71ea,0.39,0.450578081745644,12282.0,6491.0,546.33,NVIDIA GeForce RTX 4070,[N/A],Enabled,Enabled
1702845581.735211,0,GPU-93ae0c7f-c327-aee3-adae-bc0d1dae71ea,0.41,0.450578081745644,12282.0,6491.0,546.33,NVIDIA GeForce RTX 4070,[N/A],Enabled,Enabled
1702845582.735195,0,GPU-93ae0c7f-c327-aee3-adae-bc0d1dae71ea,0.38,0.450578081745644,12282.0,6491.0,546.33,NVIDIA GeForce RTX 4070,[N/A],Enabled,Enabled
1702845583.734959,0,GPU-93ae0c7f-c327-aee3-adae-bc0d1dae71ea,0.37,0.450578081745644,12282.0,6491.0,546.33,NVIDIA GeForce RTX 4070,[N/A],Enabled,Enabled
1702845584.73513,0,GPU-93ae0c7f-c327-aee3-adae-bc0d1dae71ea,0.41,0.450578081745644,12282.0,6491.0,546.33,NVIDIA GeForce RTX 4070,[N/A],Enabled,Enabled
1702845585.735772,0,GPU-93ae0c7f-c327-aee3-adae-bc0d1dae71ea,0.43,0.450578081745644,12282.0,6491.0,546.33,NVIDIA GeForce RTX 4070,[N/A],Enabled,Enabled
1702845586.734942,0,GPU-93ae0c7f-c327-aee3-adae-bc0d1dae71ea,0.38,0.450578081745644,12282.0,6491.0,546.33,NVIDIA GeForce RTX 4070,[N/A],Enabled,Enabled
1702845587.735868,0,GPU-93ae0c7f-c327-aee3-adae-bc0d1dae71ea,0.37,0.450578081745644,12282.0,6491.0,546.33,NVIDIA GeForce RTX 4070,[N/A],Enabled,Enabled
1702845588.734627,0,GPU-93ae0c7f-c327-aee3-adae-bc0d1dae71ea,0.41,0.450578081745644,12282.0,6491.0,546.33,NVIDIA GeForce RTX 4070,[N/A],Enabled,Enabled
1702845589.73551,0,GPU-93ae0c7f-c327-aee3-adae-bc0d1dae71ea,0.38,0.450578081745644,12282.0,6491.0,546.33,NVIDIA GeForce RTX 4070,[N/A],Enabled,Enabled
1702845590.735322,0,GPU-93ae0c7f-c327-aee3-adae-bc0d1dae71ea,0.38,0.450578081745644,12282.0,6491.0,546.33,NVIDIA GeForce RTX 4070,[N/A],Enabled,Enabled
1702845591.734736,0,GPU-93ae0c7f-c327-aee3-adae-bc0d1dae71ea,0.43,0.450578081745644,12282.0,6491.0,546.33,NVIDIA GeForce RTX 4070,[N/A],Enabled,Enabled
1702845592.734641,0,GPU-93ae0c7f-c327-aee3-adae-bc0d1dae71ea,0.42,0.450578081745644,12282.0,6491.0,546.33,NVIDIA GeForce RTX 4070,[N/A],Enabled,Enabled
1702845593.735964,0,GPU-93ae0c7f-c327-aee3-adae-bc0d1dae71ea,0.43,0.450578081745644,12282.0,6491.0,546.33,NVIDIA GeForce RTX 4070,[N/A],Enabled,Enabled
1702845594.736161,0,GPU-93ae0c7f-c327-aee3-adae-bc0d1dae71ea,0.39,0.450578081745644,12282.0,6491.0,546.33,NVIDIA GeForce RTX 4070,[N/A],Enabled,Enabled
1702845595.73498,0,GPU-93ae0c7f-c327-aee3-adae-bc0d1dae71ea,0.39,0.450578081745644,12282.0,6491.0,546.33,NVIDIA GeForce RTX 4070,[N/A],Enabled,Enabled
1702845596.735586,0,GPU-93ae0c7f-c327-aee3-adae-bc0d1dae71ea,0.43,0.450578081745644,12282.0,6491.0,546.33,NVIDIA GeForce RTX 4070,[N/A],Enabled,Enabled
1702845597.735147,0,GPU-93ae0c7f-c327-aee3-adae-bc0d1dae71ea,0.41,0.450578081745644,12282.0,6491.0,546.33,NVIDIA GeForce RTX 4070,[N/A],Enabled,Enabled
1702845598.735416,0,GPU-93ae0c7f-c327-aee3-adae-bc0d1dae71ea,0.37,0.450578081745644,12282.0,6491.0,546.33,NVIDIA GeForce RTX 4070,[N/A],Enabled,Enabled
1702845599.735389,0,GPU-93ae0c7f-c327-aee3-adae-bc0d1dae71ea,0.51,0.450578081745644,12282.0,6491.0,546.33,NVIDIA GeForce RTX 4070,[N/A],Enabled,Enabled
1702845600.735013,0,GPU-93ae0c7f-c327-aee3-adae-bc0d1dae71ea,0.46,0.450578081745644,12282.0,6491.0,546.33,NVIDIA GeForce RTX 4070,[N/A],Enabled,Enabled
1702845601.735121,0,GPU-93ae0c7f-c327-aee3-adae-bc0d1dae71ea,0.47,0.450578081745644,12282.0,6491.0,546.33,NVIDIA GeForce RTX 4070,[N/A],Enabled,Enabled
1702845602.734885,0,GPU-93ae0c7f-c327-aee3-adae-bc0d1dae71ea,0.41,0.450578081745644,12282.0,6491.0,546.33,NVIDIA GeForce RTX 4070,[N/A],Enabled,Enabled
1702845603.734932,0,GPU-93ae0c7f-c327-aee3-adae-bc0d1dae71ea,0.43,0.450578081745644,12282.0,6491.0,546.33,NVIDIA GeForce RTX 4070,[N/A],Enabled,Enabled
1702845604.734831,0,GPU-93ae0c7f-c327-aee3-adae-bc0d1dae71ea,0.34,0.450578081745644,12282.0,6491.0,546.33,NVIDIA GeForce RTX 4070,[N/A],Enabled,Enabled
1702845605.734535,0,GPU-93ae0c7f-c327-aee3-adae-bc0d1dae71ea,0.44,0.450578081745644,12282.0,6491.0,546.33,NVIDIA GeForce RTX 4070,[N/A],Enabled,Enabled
1702845606.735457,0,GPU-93ae0c7f-c327-aee3-adae-bc0d1dae71ea,0.44,0.450578081745644,12282.0,6491.0,546.33,NVIDIA GeForce RTX 4070,[N/A],Enabled,Enabled
1702845607.734361,0,GPU-93ae0c7f-c327-aee3-adae-bc0d1dae71ea,0.44,0.450578081745644,12282.0,6491.0,546.33,NVIDIA GeForce RTX 4070,[N/A],Enabled,Enabled
1702845608.734409,0,GPU-93ae0c7f-c327-aee3-adae-bc0d1dae71ea,0.38,0.450578081745644,12282.0,6491.0,546.33,NVIDIA GeForce RTX 4070,[N/A],Enabled,Enabled
1702845609.735302,0,GPU-93ae0c7f-c327-aee3-adae-bc0d1dae71ea,0.42,0.450578081745644,12282.0,6491.0,546.33,NVIDIA GeForce RTX 4070,[N/A],Enabled,Enabled
1702845610.734457,0,GPU-93ae0c7f-c327-aee3-adae-bc0d1dae71ea,0.39,0.450578081745644,12282.0,6491.0,546.33,NVIDIA GeForce RTX 4070,[N/A],Enabled,Enabled
1702845611.735208,0,GPU-93ae0c7f-c327-aee3-adae-bc0d1dae71ea,0.5,0.450578081745644,12282.0,6491.0,546.33,NVIDIA GeForce RTX 4070,[N/A],Enabled,Enabled
1702845612.734895,0,GPU-93ae0c7f-c327-aee3-adae-bc0d1dae71ea,0.46,0.4509037616023449,12282.0,6487.0,546.33,NVIDIA GeForce RTX 4070,[N/A],Enabled,Enabled
1702845613.734961,0,GPU-93ae0c7f-c327-aee3-adae-bc0d1dae71ea,0.38,0.4509037616023449,12282.0,6487.0,546.33,NVIDIA GeForce RTX 4070,[N/A],Enabled,Enabled
1702845614.735407,0,GPU-93ae0c7f-c327-aee3-adae-bc0d1dae71ea,0.39,0.4509037616023449,12282.0,6487.0,546.33,NVIDIA GeForce RTX 4070,[N/A],Enabled,Enabled
1702845615.735466,0,GPU-93ae0c7f-c327-aee3-adae-bc0d1dae71ea,0.42,0.4509037616023449,12282.0,6487.0,546.33,NVIDIA GeForce RTX 4070,[N/A],Enabled,Enabled
1702845616.735407,0,GPU-93ae0c7f-c327-aee3-adae-bc0d1dae71ea,0.4,0.4509037616023449,12282.0,6487.0,546.33,NVIDIA GeForce RTX 4070,[N/A],Enabled,Enabled
1702845617.734725,0,GPU-93ae0c7f-c327-aee3-adae-bc0d1dae71ea,0.42,0.4509037616023449,12282.0,6487.0,546.33,NVIDIA GeForce RTX 4070,[N/A],Enabled,Enabled
1702845618.735846,0,GPU-93ae0c7f-c327-aee3-adae-bc0d1dae71ea,0.43,0.4509037616023449,12282.0,6487.0,546.33,NVIDIA GeForce RTX 4070,[N/A],Enabled,Enabled
1702845619.734791,0,GPU-93ae0c7f-c327-aee3-adae-bc0d1dae71ea,0.43,0.4509037616023449,12282.0,6487.0,546.33,NVIDIA GeForce RTX 4070,[N/A],Enabled,Enabled
1702845620.735055,0,GPU-93ae0c7f-c327-aee3-adae-bc0d1dae71ea,0.41,0.4509037616023449,12282.0,6487.0,546.33,NVIDIA GeForce RTX 4070,[N/A],Enabled,Enabled
1702845621.734577,0,GPU-93ae0c7f-c327-aee3-adae-bc0d1dae71ea,0.43,0.4509037616023449,12282.0,6487.0,546.33,NVIDIA GeForce RTX 4070,[N/A],Enabled,Enabled
1702845622.735396,0,GPU-93ae0c7f-c327-aee3-adae-bc0d1dae71ea,0.39,0.4509037616023449,12282.0,6487.0,546.33,NVIDIA GeForce RTX 4070,[N/A],Enabled,Enabled
1702845623.735215,0,GPU-93ae0c7f-c327-aee3-adae-bc0d1dae71ea,0.44,0.4509037616023449,12282.0,6487.0,546.33,NVIDIA GeForce RTX 4070,[N/A],Enabled,Enabled
1702845624.735849,0,GPU-93ae0c7f-c327-aee3-adae-bc0d1dae71ea,0.45,0.4509037616023449,12282.0,6487.0,546.33,NVIDIA GeForce RTX 4070,[N/A],Enabled,Enabled
1702845625.734794,0,GPU-93ae0c7f-c327-aee3-adae-bc0d1dae71ea,0.42,0.4509037616023449,12282.0,6487.0,546.33,NVIDIA GeForce RTX 4070,[N/A],Enabled,Enabled
1702845626.735545,0,GPU-93ae0c7f-c327-aee3-adae-bc0d1dae71ea,0.37,0.4509037616023449,12282.0,6487.0,546.33,NVIDIA GeForce RTX 4070,[N/A],Enabled,Enabled
1702845627.735079,0,GPU-93ae0c7f-c327-aee3-adae-bc0d1dae71ea,0.38,0.4509037616023449,12282.0,6487.0,546.33,NVIDIA GeForce RTX 4070,[N/A],Enabled,Enabled
1702845628.73446,0,GPU-93ae0c7f-c327-aee3-adae-bc0d1dae71ea,0.38,0.4509037616023449,12282.0,6487.0,546.33,NVIDIA GeForce RTX 4070,[N/A],Enabled,Enabled
1702845629.735119,0,GPU-93ae0c7f-c327-aee3-adae-bc0d1dae71ea,0.38,0.4509037616023449,12282.0,6487.0,546.33,NVIDIA GeForce RTX 4070,[N/A],Enabled,Enabled
1702845630.734645,0,GPU-93ae0c7f-c327-aee3-adae-bc0d1dae71ea,0.29,0.4508223416381697,12282.0,6488.0,546.33,NVIDIA GeForce RTX 4070,[N/A],Enabled,Enabled
1702845631.73514,0,GPU-93ae0c7f-c327-aee3-adae-bc0d1dae71ea,0.28,0.44911252239049015,12282.0,6509.0,546.33,NVIDIA GeForce RTX 4070,[N/A],Enabled,Enabled
1702845632.735042,0,GPU-93ae0c7f-c327-aee3-adae-bc0d1dae71ea,0.3,0.44911252239049015,12282.0,6509.0,546.33,NVIDIA GeForce RTX 4070,[N/A],Enabled,Enabled
1702845633.734894,0,GPU-93ae0c7f-c327-aee3-adae-bc0d1dae71ea,0.27,0.44439016446832763,12282.0,6567.0,546.33,NVIDIA GeForce RTX 4070,[N/A],Enabled,Enabled
1702845634.734848,0,GPU-93ae0c7f-c327-aee3-adae-bc0d1dae71ea,0.29,0.44903110242631494,12282.0,6510.0,546.33,NVIDIA GeForce RTX 4070,[N/A],Enabled,Enabled
1702845635.735038,0,GPU-93ae0c7f-c327-aee3-adae-bc0d1dae71ea,0.26,0.44439016446832763,12282.0,6567.0,546.33,NVIDIA GeForce RTX 4070,[N/A],Enabled,Enabled
1702845636.735091,0,GPU-93ae0c7f-c327-aee3-adae-bc0d1dae71ea,0.25,0.44439016446832763,12282.0,6567.0,546.33,NVIDIA GeForce RTX 4070,[N/A],Enabled,Enabled
1702845637.735203,0,GPU-93ae0c7f-c327-aee3-adae-bc0d1dae71ea,0.25,0.44439016446832763,12282.0,6567.0,546.33,NVIDIA GeForce RTX 4070,[N/A],Enabled,Enabled
1702845638.734708,0,GPU-93ae0c7f-c327-aee3-adae-bc0d1dae71ea,0.26,0.44439016446832763,12282.0,6567.0,546.33,NVIDIA GeForce RTX 4070,[N/A],Enabled,Enabled
1702845639.735228,0,GPU-93ae0c7f-c327-aee3-adae-bc0d1dae71ea,0.25,0.44439016446832763,12282.0,6567.0,546.33,NVIDIA GeForce RTX 4070,[N/A],Enabled,Enabled
1702845640.735483,0,GPU-93ae0c7f-c327-aee3-adae-bc0d1dae71ea,0.26,0.44439016446832763,12282.0,6567.0,546.33,NVIDIA GeForce RTX 4070,[N/A],Enabled,Enabled
1702845641.735627,0,GPU-93ae0c7f-c327-aee3-adae-bc0d1dae71ea,0.26,0.44439016446832763,12282.0,6567.0,546.33,NVIDIA GeForce RTX 4070,[N/A],Enabled,Enabled
1702845642.734646,0,GPU-93ae0c7f-c327-aee3-adae-bc0d1dae71ea,0.27,0.44439016446832763,12282.0,6567.0,546.33,NVIDIA GeForce RTX 4070,[N/A],Enabled,Enabled
1702845643.735511,0,GPU-93ae0c7f-c327-aee3-adae-bc0d1dae71ea,0.27,0.44439016446832763,12282.0,6567.0,546.33,NVIDIA GeForce RTX 4070,[N/A],Enabled,Enabled
1702845644.735068,0,GPU-93ae0c7f-c327-aee3-adae-bc0d1dae71ea,0.27,0.44439016446832763,12282.0,6567.0,546.33,NVIDIA GeForce RTX 4070,[N/A],Enabled,Enabled
1702845645.734934,0,GPU-93ae0c7f-c327-aee3-adae-bc0d1dae71ea,0.27,0.44439016446832763,12282.0,6567.0,546.33,NVIDIA GeForce RTX 4070,[N/A],Enabled,Enabled
1702845646.734466,0,GPU-93ae0c7f-c327-aee3-adae-bc0d1dae71ea,0.27,0.44439016446832763,12282.0,6567.0,546.33,NVIDIA GeForce RTX 4070,[N/A],Enabled,Enabled
1702845647.734755,0,GPU-93ae0c7f-c327-aee3-adae-bc0d1dae71ea,0.27,0.44439016446832763,12282.0,6567.0,546.33,NVIDIA GeForce RTX 4070,[N/A],Enabled,Enabled
1702845648.735088,0,GPU-93ae0c7f-c327-aee3-adae-bc0d1dae71ea,0.27,0.44439016446832763,12282.0,6567.0,546.33,NVIDIA GeForce RTX 4070,[N/A],Enabled,Enabled
1702845649.735471,0,GPU-93ae0c7f-c327-aee3-adae-bc0d1dae71ea,0.14,0.24613255170167725,12282.0,9002.0,546.33,NVIDIA GeForce RTX 4070,[N/A],Enabled,Enabled
1702845650.734879,0,GPU-93ae0c7f-c327-aee3-adae-bc0d1dae71ea,0.14,0.24613255170167725,12282.0,9002.0,546.33,NVIDIA GeForce RTX 4070,[N/A],Enabled,Enabled
