timestamp,id,uuid,load,memoryUtil,memoryTotal,memoryUsed,memoryFree,driver,name,serial,display_mode,display_active
1709235458.734533,0,GPU-93ae0c7f-c327-aee3-adae-bc0d1dae71ea,0.14,0.25020354991043803,12282.0,8938.0,551.52,NVIDIA GeForce RTX 4070,[N/A],Enabled,Enabled
1709235459.732105,0,GPU-93ae0c7f-c327-aee3-adae-bc0d1dae71ea,0.15,0.2489822504478098,12282.0,8953.0,551.52,NVIDIA GeForce RTX 4070,[N/A],Enabled,Enabled
1709235460.732257,0,GPU-93ae0c7f-c327-aee3-adae-bc0d1dae71ea,0.13,0.2489822504478098,12282.0,8953.0,551.52,NVIDIA GeForce RTX 4070,[N/A],Enabled,Enabled
1709235461.731681,0,GPU-93ae0c7f-c327-aee3-adae-bc0d1dae71ea,0.13,0.2489822504478098,12282.0,8953.0,551.52,NVIDIA GeForce RTX 4070,[N/A],Enabled,Enabled
1709235462.731877,0,GPU-93ae0c7f-c327-aee3-adae-bc0d1dae71ea,0.13,0.2489822504478098,12282.0,8953.0,551.52,NVIDIA GeForce RTX 4070,[N/A],Enabled,Enabled
1709235463.73125,0,GPU-93ae0c7f-c327-aee3-adae-bc0d1dae71ea,0.14,0.2489822504478098,12282.0,8953.0,551.52,NVIDIA GeForce RTX 4070,[N/A],Enabled,Enabled
1709235464.732161,0,GPU-93ae0c7f-c327-aee3-adae-bc0d1dae71ea,0.14,0.2489822504478098,12282.0,8953.0,551.52,NVIDIA GeForce RTX 4070,[N/A],Enabled,Enabled
1709235465.73141,0,GPU-93ae0c7f-c327-aee3-adae-bc0d1dae71ea,0.13,0.2489822504478098,12282.0,8953.0,551.52,NVIDIA GeForce RTX 4070,[N/A],Enabled,Enabled
1709235466.732321,0,GPU-93ae0c7f-c327-aee3-adae-bc0d1dae71ea,0.13,0.2489822504478098,12282.0,8953.0,551.52,NVIDIA GeForce RTX 4070,[N/A],Enabled,Enabled
1709235467.731662,0,GPU-93ae0c7f-c327-aee3-adae-bc0d1dae71ea,0.13,0.2489822504478098,12282.0,8953.0,551.52,NVIDIA GeForce RTX 4070,[N/A],Enabled,Enabled
1709235468.732755,0,GPU-93ae0c7f-c327-aee3-adae-bc0d1dae71ea,0.14,0.2489822504478098,12282.0,8953.0,551.52,NVIDIA GeForce RTX 4070,[N/A],Enabled,Enabled
1709235469.731837,0,GPU-93ae0c7f-c327-aee3-adae-bc0d1dae71ea,0.14,0.2489822504478098,12282.0,8953.0,551.52,NVIDIA GeForce RTX 4070,[N/A],Enabled,Enabled
1709235470.731067,0,GPU-93ae0c7f-c327-aee3-adae-bc0d1dae71ea,0.13,0.2489822504478098,12282.0,8953.0,551.52,NVIDIA GeForce RTX 4070,[N/A],Enabled,Enabled
1709235471.732581,0,GPU-93ae0c7f-c327-aee3-adae-bc0d1dae71ea,0.13,0.2489822504478098,12282.0,8953.0,551.52,NVIDIA GeForce RTX 4070,[N/A],Enabled,Enabled
1709235472.732283,0,GPU-93ae0c7f-c327-aee3-adae-bc0d1dae71ea,0.13,0.2489822504478098,12282.0,8953.0,551.52,NVIDIA GeForce RTX 4070,[N/A],Enabled,Enabled
1709235473.731325,0,GPU-93ae0c7f-c327-aee3-adae-bc0d1dae71ea,0.16,0.24800521087770722,12282.0,8965.0,551.52,NVIDIA GeForce RTX 4070,[N/A],Enabled,Enabled
1709235474.731851,0,GPU-93ae0c7f-c327-aee3-adae-bc0d1dae71ea,0.16,0.25020354991043803,12282.0,8938.0,551.52,NVIDIA GeForce RTX 4070,[N/A],Enabled,Enabled
1709235475.731417,0,GPU-93ae0c7f-c327-aee3-adae-bc0d1dae71ea,0.14,0.254355968083374,12282.0,8887.0,551.52,NVIDIA GeForce RTX 4070,[N/A],Enabled,Enabled
1709235476.731813,0,GPU-93ae0c7f-c327-aee3-adae-bc0d1dae71ea,0.09,0.32201595831297836,12282.0,8056.0,551.52,NVIDIA GeForce RTX 4070,[N/A],Enabled,Enabled
1709235477.732717,0,GPU-93ae0c7f-c327-aee3-adae-bc0d1dae71ea,0.08,0.32201595831297836,12282.0,8056.0,551.52,NVIDIA GeForce RTX 4070,[N/A],Enabled,Enabled
1709235478.731859,0,GPU-93ae0c7f-c327-aee3-adae-bc0d1dae71ea,0.08,0.32201595831297836,12282.0,8056.0,551.52,NVIDIA GeForce RTX 4070,[N/A],Enabled,Enabled
1709235479.731875,0,GPU-93ae0c7f-c327-aee3-adae-bc0d1dae71ea,0.04,0.2427943331704934,12282.0,9029.0,551.52,NVIDIA GeForce RTX 4070,[N/A],Enabled,Enabled
1709235480.731601,0,GPU-93ae0c7f-c327-aee3-adae-bc0d1dae71ea,0.06,0.48371600716495683,12282.0,6070.0,551.52,NVIDIA GeForce RTX 4070,[N/A],Enabled,Enabled
1709235481.731976,0,GPU-93ae0c7f-c327-aee3-adae-bc0d1dae71ea,0.3,0.450578081745644,12282.0,6477.0,551.52,NVIDIA GeForce RTX 4070,[N/A],Enabled,Enabled
1709235482.73158,0,GPU-93ae0c7f-c327-aee3-adae-bc0d1dae71ea,0.32,0.450578081745644,12282.0,6477.0,551.52,NVIDIA GeForce RTX 4070,[N/A],Enabled,Enabled
1709235483.731741,0,GPU-93ae0c7f-c327-aee3-adae-bc0d1dae71ea,0.28,0.44585572382348154,12282.0,6535.0,551.52,NVIDIA GeForce RTX 4070,[N/A],Enabled,Enabled
1709235484.731353,0,GPU-93ae0c7f-c327-aee3-adae-bc0d1dae71ea,0.29,0.4504966617814688,12282.0,6478.0,551.52,NVIDIA GeForce RTX 4070,[N/A],Enabled,Enabled
1709235485.731216,0,GPU-93ae0c7f-c327-aee3-adae-bc0d1dae71ea,0.08,0.5633447321283178,12282.0,5092.0,551.52,NVIDIA GeForce RTX 4070,[N/A],Enabled,Enabled
1709235486.731995,0,GPU-93ae0c7f-c327-aee3-adae-bc0d1dae71ea,0.3,0.45131086142322097,12282.0,6468.0,551.52,NVIDIA GeForce RTX 4070,[N/A],Enabled,Enabled
1709235487.731364,0,GPU-93ae0c7f-c327-aee3-adae-bc0d1dae71ea,0.28,0.44658850350105844,12282.0,6526.0,551.52,NVIDIA GeForce RTX 4070,[N/A],Enabled,Enabled
1709235488.731937,0,GPU-93ae0c7f-c327-aee3-adae-bc0d1dae71ea,0.27,0.44666992346523365,12282.0,6525.0,551.52,NVIDIA GeForce RTX 4070,[N/A],Enabled,Enabled
1709235489.732064,0,GPU-93ae0c7f-c327-aee3-adae-bc0d1dae71ea,0.28,0.4513922813873962,12282.0,6467.0,551.52,NVIDIA GeForce RTX 4070,[N/A],Enabled,Enabled
1709235490.731333,0,GPU-93ae0c7f-c327-aee3-adae-bc0d1dae71ea,0.27,0.44666992346523365,12282.0,6525.0,551.52,NVIDIA GeForce RTX 4070,[N/A],Enabled,Enabled
1709235491.732347,0,GPU-93ae0c7f-c327-aee3-adae-bc0d1dae71ea,0.32,0.4513922813873962,12282.0,6467.0,551.52,NVIDIA GeForce RTX 4070,[N/A],Enabled,Enabled
1709235492.731911,0,GPU-93ae0c7f-c327-aee3-adae-bc0d1dae71ea,0.27,0.44666992346523365,12282.0,6525.0,551.52,NVIDIA GeForce RTX 4070,[N/A],Enabled,Enabled
1709235493.732147,0,GPU-93ae0c7f-c327-aee3-adae-bc0d1dae71ea,0.27,0.4513922813873962,12282.0,6467.0,551.52,NVIDIA GeForce RTX 4070,[N/A],Enabled,Enabled
1709235494.731505,0,GPU-93ae0c7f-c327-aee3-adae-bc0d1dae71ea,0.27,0.4513922813873962,12282.0,6467.0,551.52,NVIDIA GeForce RTX 4070,[N/A],Enabled,Enabled
1709235495.732045,0,GPU-93ae0c7f-c327-aee3-adae-bc0d1dae71ea,0.27,0.44666992346523365,12282.0,6525.0,551.52,NVIDIA GeForce RTX 4070,[N/A],Enabled,Enabled
1709235496.732357,0,GPU-93ae0c7f-c327-aee3-adae-bc0d1dae71ea,0.29,0.44666992346523365,12282.0,6525.0,551.52,NVIDIA GeForce RTX 4070,[N/A],Enabled,Enabled
1709235497.731452,0,GPU-93ae0c7f-c327-aee3-adae-bc0d1dae71ea,0.31,0.4513922813873962,12282.0,6467.0,551.52,NVIDIA GeForce RTX 4070,[N/A],Enabled,Enabled
1709235498.732424,0,GPU-93ae0c7f-c327-aee3-adae-bc0d1dae71ea,0.26,0.44675134342940886,12282.0,6524.0,551.52,NVIDIA GeForce RTX 4070,[N/A],Enabled,Enabled
1709235499.731977,0,GPU-93ae0c7f-c327-aee3-adae-bc0d1dae71ea,0.29,0.4513922813873962,12282.0,6467.0,551.52,NVIDIA GeForce RTX 4070,[N/A],Enabled,Enabled
1709235500.731511,0,GPU-93ae0c7f-c327-aee3-adae-bc0d1dae71ea,0.27,0.44675134342940886,12282.0,6524.0,551.52,NVIDIA GeForce RTX 4070,[N/A],Enabled,Enabled
1709235501.732416,0,GPU-93ae0c7f-c327-aee3-adae-bc0d1dae71ea,0.28,0.44675134342940886,12282.0,6524.0,551.52,NVIDIA GeForce RTX 4070,[N/A],Enabled,Enabled
1709235502.732227,0,GPU-93ae0c7f-c327-aee3-adae-bc0d1dae71ea,0.3,0.4513922813873962,12282.0,6467.0,551.52,NVIDIA GeForce RTX 4070,[N/A],Enabled,Enabled
1709235503.732135,0,GPU-93ae0c7f-c327-aee3-adae-bc0d1dae71ea,0.22,0.4551375997394561,12282.0,6421.0,551.52,NVIDIA GeForce RTX 4070,[N/A],Enabled,Enabled
1709235504.731794,0,GPU-93ae0c7f-c327-aee3-adae-bc0d1dae71ea,0.37,0.4552190197036313,12282.0,6420.0,551.52,NVIDIA GeForce RTX 4070,[N/A],Enabled,Enabled
1709235505.731809,0,GPU-93ae0c7f-c327-aee3-adae-bc0d1dae71ea,0.42,0.4552190197036313,12282.0,6420.0,551.52,NVIDIA GeForce RTX 4070,[N/A],Enabled,Enabled
1709235506.731438,0,GPU-93ae0c7f-c327-aee3-adae-bc0d1dae71ea,0.41,0.4552190197036313,12282.0,6420.0,551.52,NVIDIA GeForce RTX 4070,[N/A],Enabled,Enabled
1709235507.731654,0,GPU-93ae0c7f-c327-aee3-adae-bc0d1dae71ea,0.4,0.4552190197036313,12282.0,6420.0,551.52,NVIDIA GeForce RTX 4070,[N/A],Enabled,Enabled
1709235508.732346,0,GPU-93ae0c7f-c327-aee3-adae-bc0d1dae71ea,0.4,0.4552190197036313,12282.0,6420.0,551.52,NVIDIA GeForce RTX 4070,[N/A],Enabled,Enabled
1709235509.731659,0,GPU-93ae0c7f-c327-aee3-adae-bc0d1dae71ea,0.38,0.4552190197036313,12282.0,6420.0,551.52,NVIDIA GeForce RTX 4070,[N/A],Enabled,Enabled
1709235510.731928,0,GPU-93ae0c7f-c327-aee3-adae-bc0d1dae71ea,0.36,0.4552190197036313,12282.0,6420.0,551.52,NVIDIA GeForce RTX 4070,[N/A],Enabled,Enabled
1709235511.731678,0,GPU-93ae0c7f-c327-aee3-adae-bc0d1dae71ea,0.39,0.4552190197036313,12282.0,6420.0,551.52,NVIDIA GeForce RTX 4070,[N/A],Enabled,Enabled
1709235512.731807,0,GPU-93ae0c7f-c327-aee3-adae-bc0d1dae71ea,0.44,0.4552190197036313,12282.0,6420.0,551.52,NVIDIA GeForce RTX 4070,[N/A],Enabled,Enabled
1709235513.731834,0,GPU-93ae0c7f-c327-aee3-adae-bc0d1dae71ea,0.43,0.4552190197036313,12282.0,6420.0,551.52,NVIDIA GeForce RTX 4070,[N/A],Enabled,Enabled
1709235514.731704,0,GPU-93ae0c7f-c327-aee3-adae-bc0d1dae71ea,0.38,0.4552190197036313,12282.0,6420.0,551.52,NVIDIA GeForce RTX 4070,[N/A],Enabled,Enabled
1709235515.73224,0,GPU-93ae0c7f-c327-aee3-adae-bc0d1dae71ea,0.39,0.4552190197036313,12282.0,6420.0,551.52,NVIDIA GeForce RTX 4070,[N/A],Enabled,Enabled
1709235516.732036,0,GPU-93ae0c7f-c327-aee3-adae-bc0d1dae71ea,0.42,0.4552190197036313,12282.0,6420.0,551.52,NVIDIA GeForce RTX 4070,[N/A],Enabled,Enabled
1709235517.731592,0,GPU-93ae0c7f-c327-aee3-adae-bc0d1dae71ea,0.4,0.4552190197036313,12282.0,6420.0,551.52,NVIDIA GeForce RTX 4070,[N/A],Enabled,Enabled
1709235518.732046,0,GPU-93ae0c7f-c327-aee3-adae-bc0d1dae71ea,0.39,0.4552190197036313,12282.0,6420.0,551.52,NVIDIA GeForce RTX 4070,[N/A],Enabled,Enabled
1709235519.731622,0,GPU-93ae0c7f-c327-aee3-adae-bc0d1dae71ea,0.44,0.4552190197036313,12282.0,6420.0,551.52,NVIDIA GeForce RTX 4070,[N/A],Enabled,Enabled
1709235520.732066,0,GPU-93ae0c7f-c327-aee3-adae-bc0d1dae71ea,0.41,0.4552190197036313,12282.0,6420.0,551.52,NVIDIA GeForce RTX 4070,[N/A],Enabled,Enabled
1709235521.73217,0,GPU-93ae0c7f-c327-aee3-adae-bc0d1dae71ea,0.46,0.4552190197036313,12282.0,6420.0,551.52,NVIDIA GeForce RTX 4070,[N/A],Enabled,Enabled
1709235522.732007,0,GPU-93ae0c7f-c327-aee3-adae-bc0d1dae71ea,0.39,0.4552190197036313,12282.0,6420.0,551.52,NVIDIA GeForce RTX 4070,[N/A],Enabled,Enabled
1709235523.731959,0,GPU-93ae0c7f-c327-aee3-adae-bc0d1dae71ea,0.43,0.4552190197036313,12282.0,6420.0,551.52,NVIDIA GeForce RTX 4070,[N/A],Enabled,Enabled
1709235524.731481,0,GPU-93ae0c7f-c327-aee3-adae-bc0d1dae71ea,0.37,0.4552190197036313,12282.0,6420.0,551.52,NVIDIA GeForce RTX 4070,[N/A],Enabled,Enabled
1709235525.731453,0,GPU-93ae0c7f-c327-aee3-adae-bc0d1dae71ea,0.39,0.4552190197036313,12282.0,6420.0,551.52,NVIDIA GeForce RTX 4070,[N/A],Enabled,Enabled
1709235526.732567,0,GPU-93ae0c7f-c327-aee3-adae-bc0d1dae71ea,0.42,0.4552190197036313,12282.0,6420.0,551.52,NVIDIA GeForce RTX 4070,[N/A],Enabled,Enabled
1709235527.731435,0,GPU-93ae0c7f-c327-aee3-adae-bc0d1dae71ea,0.46,0.4552190197036313,12282.0,6420.0,551.52,NVIDIA GeForce RTX 4070,[N/A],Enabled,Enabled
1709235528.732225,0,GPU-93ae0c7f-c327-aee3-adae-bc0d1dae71ea,0.46,0.4552190197036313,12282.0,6420.0,551.52,NVIDIA GeForce RTX 4070,[N/A],Enabled,Enabled
1709235529.73139,0,GPU-93ae0c7f-c327-aee3-adae-bc0d1dae71ea,0.45,0.4552190197036313,12282.0,6420.0,551.52,NVIDIA GeForce RTX 4070,[N/A],Enabled,Enabled
1709235530.731967,0,GPU-93ae0c7f-c327-aee3-adae-bc0d1dae71ea,0.43,0.4552190197036313,12282.0,6420.0,551.52,NVIDIA GeForce RTX 4070,[N/A],Enabled,Enabled
1709235531.7319,0,GPU-93ae0c7f-c327-aee3-adae-bc0d1dae71ea,0.45,0.4551375997394561,12282.0,6421.0,551.52,NVIDIA GeForce RTX 4070,[N/A],Enabled,Enabled
1709235532.732161,0,GPU-93ae0c7f-c327-aee3-adae-bc0d1dae71ea,0.46,0.4551375997394561,12282.0,6421.0,551.52,NVIDIA GeForce RTX 4070,[N/A],Enabled,Enabled
1709235533.731481,0,GPU-93ae0c7f-c327-aee3-adae-bc0d1dae71ea,0.44,0.4551375997394561,12282.0,6421.0,551.52,NVIDIA GeForce RTX 4070,[N/A],Enabled,Enabled
1709235534.731979,0,GPU-93ae0c7f-c327-aee3-adae-bc0d1dae71ea,0.4,0.4549747598111057,12282.0,6423.0,551.52,NVIDIA GeForce RTX 4070,[N/A],Enabled,Enabled
1709235535.732743,0,GPU-93ae0c7f-c327-aee3-adae-bc0d1dae71ea,0.41,0.4549747598111057,12282.0,6423.0,551.52,NVIDIA GeForce RTX 4070,[N/A],Enabled,Enabled
1709235536.731665,0,GPU-93ae0c7f-c327-aee3-adae-bc0d1dae71ea,0.44,0.4549747598111057,12282.0,6423.0,551.52,NVIDIA GeForce RTX 4070,[N/A],Enabled,Enabled
1709235537.7325,0,GPU-93ae0c7f-c327-aee3-adae-bc0d1dae71ea,0.44,0.4549747598111057,12282.0,6423.0,551.52,NVIDIA GeForce RTX 4070,[N/A],Enabled,Enabled
1709235538.732455,0,GPU-93ae0c7f-c327-aee3-adae-bc0d1dae71ea,0.46,0.4549747598111057,12282.0,6423.0,551.52,NVIDIA GeForce RTX 4070,[N/A],Enabled,Enabled
1709235539.732636,0,GPU-93ae0c7f-c327-aee3-adae-bc0d1dae71ea,0.36,0.4549747598111057,12282.0,6423.0,551.52,NVIDIA GeForce RTX 4070,[N/A],Enabled,Enabled
1709235540.731997,0,GPU-93ae0c7f-c327-aee3-adae-bc0d1dae71ea,0.39,0.4549747598111057,12282.0,6423.0,551.52,NVIDIA GeForce RTX 4070,[N/A],Enabled,Enabled
1709235541.732258,0,GPU-93ae0c7f-c327-aee3-adae-bc0d1dae71ea,0.38,0.4549747598111057,12282.0,6423.0,551.52,NVIDIA GeForce RTX 4070,[N/A],Enabled,Enabled
1709235542.731899,0,GPU-93ae0c7f-c327-aee3-adae-bc0d1dae71ea,0.41,0.4549747598111057,12282.0,6423.0,551.52,NVIDIA GeForce RTX 4070,[N/A],Enabled,Enabled
1709235543.731997,0,GPU-93ae0c7f-c327-aee3-adae-bc0d1dae71ea,0.46,0.4549747598111057,12282.0,6423.0,551.52,NVIDIA GeForce RTX 4070,[N/A],Enabled,Enabled
1709235544.731729,0,GPU-93ae0c7f-c327-aee3-adae-bc0d1dae71ea,0.38,0.4549747598111057,12282.0,6423.0,551.52,NVIDIA GeForce RTX 4070,[N/A],Enabled,Enabled
1709235545.73153,0,GPU-93ae0c7f-c327-aee3-adae-bc0d1dae71ea,0.42,0.4551375997394561,12282.0,6421.0,551.52,NVIDIA GeForce RTX 4070,[N/A],Enabled,Enabled
1709235546.732322,0,GPU-93ae0c7f-c327-aee3-adae-bc0d1dae71ea,0.41,0.4551375997394561,12282.0,6421.0,551.52,NVIDIA GeForce RTX 4070,[N/A],Enabled,Enabled
1709235547.732721,0,GPU-93ae0c7f-c327-aee3-adae-bc0d1dae71ea,0.42,0.4551375997394561,12282.0,6421.0,551.52,NVIDIA GeForce RTX 4070,[N/A],Enabled,Enabled
1709235548.731417,0,GPU-93ae0c7f-c327-aee3-adae-bc0d1dae71ea,0.42,0.4551375997394561,12282.0,6421.0,551.52,NVIDIA GeForce RTX 4070,[N/A],Enabled,Enabled
1709235549.732283,0,GPU-93ae0c7f-c327-aee3-adae-bc0d1dae71ea,0.39,0.4551375997394561,12282.0,6421.0,551.52,NVIDIA GeForce RTX 4070,[N/A],Enabled,Enabled
1709235550.731884,0,GPU-93ae0c7f-c327-aee3-adae-bc0d1dae71ea,0.4,0.4551375997394561,12282.0,6421.0,551.52,NVIDIA GeForce RTX 4070,[N/A],Enabled,Enabled
1709235551.731121,0,GPU-93ae0c7f-c327-aee3-adae-bc0d1dae71ea,0.42,0.4551375997394561,12282.0,6421.0,551.52,NVIDIA GeForce RTX 4070,[N/A],Enabled,Enabled
1709235552.731861,0,GPU-93ae0c7f-c327-aee3-adae-bc0d1dae71ea,0.38,0.4551375997394561,12282.0,6421.0,551.52,NVIDIA GeForce RTX 4070,[N/A],Enabled,Enabled
1709235553.732022,0,GPU-93ae0c7f-c327-aee3-adae-bc0d1dae71ea,0.42,0.4551375997394561,12282.0,6421.0,551.52,NVIDIA GeForce RTX 4070,[N/A],Enabled,Enabled
1709235554.731454,0,GPU-93ae0c7f-c327-aee3-adae-bc0d1dae71ea,0.43,0.4551375997394561,12282.0,6421.0,551.52,NVIDIA GeForce RTX 4070,[N/A],Enabled,Enabled
1709235555.73218,0,GPU-93ae0c7f-c327-aee3-adae-bc0d1dae71ea,0.37,0.4551375997394561,12282.0,6421.0,551.52,NVIDIA GeForce RTX 4070,[N/A],Enabled,Enabled
1709235556.731044,0,GPU-93ae0c7f-c327-aee3-adae-bc0d1dae71ea,0.39,0.4551375997394561,12282.0,6421.0,551.52,NVIDIA GeForce RTX 4070,[N/A],Enabled,Enabled
1709235557.731885,0,GPU-93ae0c7f-c327-aee3-adae-bc0d1dae71ea,0.44,0.4551375997394561,12282.0,6421.0,551.52,NVIDIA GeForce RTX 4070,[N/A],Enabled,Enabled
1709235558.731296,0,GPU-93ae0c7f-c327-aee3-adae-bc0d1dae71ea,0.54,0.4551375997394561,12282.0,6421.0,551.52,NVIDIA GeForce RTX 4070,[N/A],Enabled,Enabled
1709235559.731898,0,GPU-93ae0c7f-c327-aee3-adae-bc0d1dae71ea,0.41,0.4551375997394561,12282.0,6421.0,551.52,NVIDIA GeForce RTX 4070,[N/A],Enabled,Enabled
1709235560.732272,0,GPU-93ae0c7f-c327-aee3-adae-bc0d1dae71ea,0.39,0.4551375997394561,12282.0,6421.0,551.52,NVIDIA GeForce RTX 4070,[N/A],Enabled,Enabled
1709235561.731499,0,GPU-93ae0c7f-c327-aee3-adae-bc0d1dae71ea,0.4,0.4551375997394561,12282.0,6421.0,551.52,NVIDIA GeForce RTX 4070,[N/A],Enabled,Enabled
1709235562.73175,0,GPU-93ae0c7f-c327-aee3-adae-bc0d1dae71ea,0.43,0.4548933398469305,12282.0,6424.0,551.52,NVIDIA GeForce RTX 4070,[N/A],Enabled,Enabled
1709235563.731166,0,GPU-93ae0c7f-c327-aee3-adae-bc0d1dae71ea,0.47,0.4548933398469305,12282.0,6424.0,551.52,NVIDIA GeForce RTX 4070,[N/A],Enabled,Enabled
1709235564.731345,0,GPU-93ae0c7f-c327-aee3-adae-bc0d1dae71ea,0.42,0.4548933398469305,12282.0,6424.0,551.52,NVIDIA GeForce RTX 4070,[N/A],Enabled,Enabled
1709235565.731943,0,GPU-93ae0c7f-c327-aee3-adae-bc0d1dae71ea,0.41,0.4548933398469305,12282.0,6424.0,551.52,NVIDIA GeForce RTX 4070,[N/A],Enabled,Enabled
1709235566.731907,0,GPU-93ae0c7f-c327-aee3-adae-bc0d1dae71ea,0.38,0.45448624002605437,12282.0,6429.0,551.52,NVIDIA GeForce RTX 4070,[N/A],Enabled,Enabled
1709235567.731692,0,GPU-93ae0c7f-c327-aee3-adae-bc0d1dae71ea,0.42,0.45448624002605437,12282.0,6429.0,551.52,NVIDIA GeForce RTX 4070,[N/A],Enabled,Enabled
1709235568.732418,0,GPU-93ae0c7f-c327-aee3-adae-bc0d1dae71ea,0.47,0.45448624002605437,12282.0,6429.0,551.52,NVIDIA GeForce RTX 4070,[N/A],Enabled,Enabled
1709235569.732106,0,GPU-93ae0c7f-c327-aee3-adae-bc0d1dae71ea,0.45,0.45448624002605437,12282.0,6429.0,551.52,NVIDIA GeForce RTX 4070,[N/A],Enabled,Enabled
1709235570.731934,0,GPU-93ae0c7f-c327-aee3-adae-bc0d1dae71ea,0.38,0.45448624002605437,12282.0,6429.0,551.52,NVIDIA GeForce RTX 4070,[N/A],Enabled,Enabled
1709235571.731636,0,GPU-93ae0c7f-c327-aee3-adae-bc0d1dae71ea,0.44,0.45448624002605437,12282.0,6429.0,551.52,NVIDIA GeForce RTX 4070,[N/A],Enabled,Enabled
1709235572.731467,0,GPU-93ae0c7f-c327-aee3-adae-bc0d1dae71ea,0.44,0.45448624002605437,12282.0,6429.0,551.52,NVIDIA GeForce RTX 4070,[N/A],Enabled,Enabled
1709235573.732592,0,GPU-93ae0c7f-c327-aee3-adae-bc0d1dae71ea,0.4,0.45448624002605437,12282.0,6429.0,551.52,NVIDIA GeForce RTX 4070,[N/A],Enabled,Enabled
1709235574.73119,0,GPU-93ae0c7f-c327-aee3-adae-bc0d1dae71ea,0.48,0.45448624002605437,12282.0,6429.0,551.52,NVIDIA GeForce RTX 4070,[N/A],Enabled,Enabled
1709235575.732136,0,GPU-93ae0c7f-c327-aee3-adae-bc0d1dae71ea,0.42,0.45448624002605437,12282.0,6429.0,551.52,NVIDIA GeForce RTX 4070,[N/A],Enabled,Enabled
1709235576.73155,0,GPU-93ae0c7f-c327-aee3-adae-bc0d1dae71ea,0.4,0.45448624002605437,12282.0,6429.0,551.52,NVIDIA GeForce RTX 4070,[N/A],Enabled,Enabled
1709235577.731959,0,GPU-93ae0c7f-c327-aee3-adae-bc0d1dae71ea,0.47,0.45448624002605437,12282.0,6429.0,551.52,NVIDIA GeForce RTX 4070,[N/A],Enabled,Enabled
1709235578.732794,0,GPU-93ae0c7f-c327-aee3-adae-bc0d1dae71ea,0.43,0.45448624002605437,12282.0,6429.0,551.52,NVIDIA GeForce RTX 4070,[N/A],Enabled,Enabled
1709235579.731361,0,GPU-93ae0c7f-c327-aee3-adae-bc0d1dae71ea,0.39,0.45448624002605437,12282.0,6429.0,551.52,NVIDIA GeForce RTX 4070,[N/A],Enabled,Enabled
1709235580.732375,0,GPU-93ae0c7f-c327-aee3-adae-bc0d1dae71ea,0.45,0.45448624002605437,12282.0,6429.0,551.52,NVIDIA GeForce RTX 4070,[N/A],Enabled,Enabled
1709235581.73153,0,GPU-93ae0c7f-c327-aee3-adae-bc0d1dae71ea,0.41,0.45448624002605437,12282.0,6429.0,551.52,NVIDIA GeForce RTX 4070,[N/A],Enabled,Enabled
1709235582.732753,0,GPU-93ae0c7f-c327-aee3-adae-bc0d1dae71ea,0.42,0.45448624002605437,12282.0,6429.0,551.52,NVIDIA GeForce RTX 4070,[N/A],Enabled,Enabled
1709235583.731945,0,GPU-93ae0c7f-c327-aee3-adae-bc0d1dae71ea,0.43,0.45448624002605437,12282.0,6429.0,551.52,NVIDIA GeForce RTX 4070,[N/A],Enabled,Enabled
1709235584.731438,0,GPU-93ae0c7f-c327-aee3-adae-bc0d1dae71ea,0.42,0.45448624002605437,12282.0,6429.0,551.52,NVIDIA GeForce RTX 4070,[N/A],Enabled,Enabled
1709235585.731951,0,GPU-93ae0c7f-c327-aee3-adae-bc0d1dae71ea,0.39,0.45448624002605437,12282.0,6429.0,551.52,NVIDIA GeForce RTX 4070,[N/A],Enabled,Enabled
1709235586.731124,0,GPU-93ae0c7f-c327-aee3-adae-bc0d1dae71ea,0.41,0.45448624002605437,12282.0,6429.0,551.52,NVIDIA GeForce RTX 4070,[N/A],Enabled,Enabled
1709235587.731197,0,GPU-93ae0c7f-c327-aee3-adae-bc0d1dae71ea,0.38,0.45448624002605437,12282.0,6429.0,551.52,NVIDIA GeForce RTX 4070,[N/A],Enabled,Enabled
1709235588.732014,0,GPU-93ae0c7f-c327-aee3-adae-bc0d1dae71ea,0.38,0.45448624002605437,12282.0,6429.0,551.52,NVIDIA GeForce RTX 4070,[N/A],Enabled,Enabled
1709235589.732183,0,GPU-93ae0c7f-c327-aee3-adae-bc0d1dae71ea,0.38,0.45448624002605437,12282.0,6429.0,551.52,NVIDIA GeForce RTX 4070,[N/A],Enabled,Enabled
1709235590.731397,0,GPU-93ae0c7f-c327-aee3-adae-bc0d1dae71ea,0.43,0.45448624002605437,12282.0,6429.0,551.52,NVIDIA GeForce RTX 4070,[N/A],Enabled,Enabled
1709235591.73211,0,GPU-93ae0c7f-c327-aee3-adae-bc0d1dae71ea,0.44,0.45448624002605437,12282.0,6429.0,551.52,NVIDIA GeForce RTX 4070,[N/A],Enabled,Enabled
1709235592.73209,0,GPU-93ae0c7f-c327-aee3-adae-bc0d1dae71ea,0.37,0.45448624002605437,12282.0,6429.0,551.52,NVIDIA GeForce RTX 4070,[N/A],Enabled,Enabled
1709235593.731763,0,GPU-93ae0c7f-c327-aee3-adae-bc0d1dae71ea,0.47,0.45448624002605437,12282.0,6429.0,551.52,NVIDIA GeForce RTX 4070,[N/A],Enabled,Enabled
1709235594.731905,0,GPU-93ae0c7f-c327-aee3-adae-bc0d1dae71ea,0.37,0.45448624002605437,12282.0,6429.0,551.52,NVIDIA GeForce RTX 4070,[N/A],Enabled,Enabled
1709235595.732222,0,GPU-93ae0c7f-c327-aee3-adae-bc0d1dae71ea,0.44,0.45448624002605437,12282.0,6429.0,551.52,NVIDIA GeForce RTX 4070,[N/A],Enabled,Enabled
1709235596.731977,0,GPU-93ae0c7f-c327-aee3-adae-bc0d1dae71ea,0.44,0.45448624002605437,12282.0,6429.0,551.52,NVIDIA GeForce RTX 4070,[N/A],Enabled,Enabled
1709235597.731803,0,GPU-93ae0c7f-c327-aee3-adae-bc0d1dae71ea,0.42,0.45448624002605437,12282.0,6429.0,551.52,NVIDIA GeForce RTX 4070,[N/A],Enabled,Enabled
1709235598.73253,0,GPU-93ae0c7f-c327-aee3-adae-bc0d1dae71ea,0.44,0.45448624002605437,12282.0,6429.0,551.52,NVIDIA GeForce RTX 4070,[N/A],Enabled,Enabled
1709235599.731919,0,GPU-93ae0c7f-c327-aee3-adae-bc0d1dae71ea,0.4,0.45448624002605437,12282.0,6429.0,551.52,NVIDIA GeForce RTX 4070,[N/A],Enabled,Enabled
1709235600.732508,0,GPU-93ae0c7f-c327-aee3-adae-bc0d1dae71ea,0.42,0.45448624002605437,12282.0,6429.0,551.52,NVIDIA GeForce RTX 4070,[N/A],Enabled,Enabled
1709235601.731223,0,GPU-93ae0c7f-c327-aee3-adae-bc0d1dae71ea,0.42,0.45448624002605437,12282.0,6429.0,551.52,NVIDIA GeForce RTX 4070,[N/A],Enabled,Enabled
1709235602.731451,0,GPU-93ae0c7f-c327-aee3-adae-bc0d1dae71ea,0.41,0.45448624002605437,12282.0,6429.0,551.52,NVIDIA GeForce RTX 4070,[N/A],Enabled,Enabled
1709235603.731988,0,GPU-93ae0c7f-c327-aee3-adae-bc0d1dae71ea,0.38,0.45448624002605437,12282.0,6429.0,551.52,NVIDIA GeForce RTX 4070,[N/A],Enabled,Enabled
1709235604.732242,0,GPU-93ae0c7f-c327-aee3-adae-bc0d1dae71ea,0.42,0.45448624002605437,12282.0,6429.0,551.52,NVIDIA GeForce RTX 4070,[N/A],Enabled,Enabled
1709235605.732325,0,GPU-93ae0c7f-c327-aee3-adae-bc0d1dae71ea,0.37,0.45448624002605437,12282.0,6429.0,551.52,NVIDIA GeForce RTX 4070,[N/A],Enabled,Enabled
1709235606.731942,0,GPU-93ae0c7f-c327-aee3-adae-bc0d1dae71ea,0.43,0.45448624002605437,12282.0,6429.0,551.52,NVIDIA GeForce RTX 4070,[N/A],Enabled,Enabled
1709235607.731669,0,GPU-93ae0c7f-c327-aee3-adae-bc0d1dae71ea,0.4,0.45448624002605437,12282.0,6429.0,551.52,NVIDIA GeForce RTX 4070,[N/A],Enabled,Enabled
1709235608.73189,0,GPU-93ae0c7f-c327-aee3-adae-bc0d1dae71ea,0.47,0.45448624002605437,12282.0,6429.0,551.52,NVIDIA GeForce RTX 4070,[N/A],Enabled,Enabled
1709235609.732078,0,GPU-93ae0c7f-c327-aee3-adae-bc0d1dae71ea,0.52,0.45448624002605437,12282.0,6429.0,551.52,NVIDIA GeForce RTX 4070,[N/A],Enabled,Enabled
1709235610.731183,0,GPU-93ae0c7f-c327-aee3-adae-bc0d1dae71ea,0.51,0.45448624002605437,12282.0,6429.0,551.52,NVIDIA GeForce RTX 4070,[N/A],Enabled,Enabled
1709235611.731784,0,GPU-93ae0c7f-c327-aee3-adae-bc0d1dae71ea,0.38,0.45448624002605437,12282.0,6429.0,551.52,NVIDIA GeForce RTX 4070,[N/A],Enabled,Enabled
1709235612.732138,0,GPU-93ae0c7f-c327-aee3-adae-bc0d1dae71ea,0.45,0.45448624002605437,12282.0,6429.0,551.52,NVIDIA GeForce RTX 4070,[N/A],Enabled,Enabled
1709235613.732044,0,GPU-93ae0c7f-c327-aee3-adae-bc0d1dae71ea,0.35,0.45448624002605437,12282.0,6429.0,551.52,NVIDIA GeForce RTX 4070,[N/A],Enabled,Enabled
1709235614.731354,0,GPU-93ae0c7f-c327-aee3-adae-bc0d1dae71ea,0.42,0.45448624002605437,12282.0,6429.0,551.52,NVIDIA GeForce RTX 4070,[N/A],Enabled,Enabled
1709235615.732418,0,GPU-93ae0c7f-c327-aee3-adae-bc0d1dae71ea,0.38,0.45448624002605437,12282.0,6429.0,551.52,NVIDIA GeForce RTX 4070,[N/A],Enabled,Enabled
1709235616.731608,0,GPU-93ae0c7f-c327-aee3-adae-bc0d1dae71ea,0.47,0.45448624002605437,12282.0,6429.0,551.52,NVIDIA GeForce RTX 4070,[N/A],Enabled,Enabled
1709235617.732198,0,GPU-93ae0c7f-c327-aee3-adae-bc0d1dae71ea,0.51,0.45448624002605437,12282.0,6429.0,551.52,NVIDIA GeForce RTX 4070,[N/A],Enabled,Enabled
1709235618.732479,0,GPU-93ae0c7f-c327-aee3-adae-bc0d1dae71ea,0.41,0.45448624002605437,12282.0,6429.0,551.52,NVIDIA GeForce RTX 4070,[N/A],Enabled,Enabled
1709235619.732075,0,GPU-93ae0c7f-c327-aee3-adae-bc0d1dae71ea,0.4,0.45448624002605437,12282.0,6429.0,551.52,NVIDIA GeForce RTX 4070,[N/A],Enabled,Enabled
1709235620.731236,0,GPU-93ae0c7f-c327-aee3-adae-bc0d1dae71ea,0.42,0.45448624002605437,12282.0,6429.0,551.52,NVIDIA GeForce RTX 4070,[N/A],Enabled,Enabled
1709235621.731708,0,GPU-93ae0c7f-c327-aee3-adae-bc0d1dae71ea,0.48,0.45448624002605437,12282.0,6429.0,551.52,NVIDIA GeForce RTX 4070,[N/A],Enabled,Enabled
1709235622.732181,0,GPU-93ae0c7f-c327-aee3-adae-bc0d1dae71ea,0.48,0.45448624002605437,12282.0,6429.0,551.52,NVIDIA GeForce RTX 4070,[N/A],Enabled,Enabled
1709235623.732109,0,GPU-93ae0c7f-c327-aee3-adae-bc0d1dae71ea,0.37,0.45448624002605437,12282.0,6429.0,551.52,NVIDIA GeForce RTX 4070,[N/A],Enabled,Enabled
1709235624.731926,0,GPU-93ae0c7f-c327-aee3-adae-bc0d1dae71ea,0.36,0.45448624002605437,12282.0,6429.0,551.52,NVIDIA GeForce RTX 4070,[N/A],Enabled,Enabled
1709235625.731661,0,GPU-93ae0c7f-c327-aee3-adae-bc0d1dae71ea,0.41,0.45448624002605437,12282.0,6429.0,551.52,NVIDIA GeForce RTX 4070,[N/A],Enabled,Enabled
1709235626.732036,0,GPU-93ae0c7f-c327-aee3-adae-bc0d1dae71ea,0.43,0.45448624002605437,12282.0,6429.0,551.52,NVIDIA GeForce RTX 4070,[N/A],Enabled,Enabled
1709235627.731866,0,GPU-93ae0c7f-c327-aee3-adae-bc0d1dae71ea,0.46,0.45448624002605437,12282.0,6429.0,551.52,NVIDIA GeForce RTX 4070,[N/A],Enabled,Enabled
1709235628.73122,0,GPU-93ae0c7f-c327-aee3-adae-bc0d1dae71ea,0.46,0.45448624002605437,12282.0,6429.0,551.52,NVIDIA GeForce RTX 4070,[N/A],Enabled,Enabled
1709235629.731886,0,GPU-93ae0c7f-c327-aee3-adae-bc0d1dae71ea,0.41,0.45448624002605437,12282.0,6429.0,551.52,NVIDIA GeForce RTX 4070,[N/A],Enabled,Enabled
1709235630.731744,0,GPU-93ae0c7f-c327-aee3-adae-bc0d1dae71ea,0.4,0.45448624002605437,12282.0,6429.0,551.52,NVIDIA GeForce RTX 4070,[N/A],Enabled,Enabled
1709235631.73119,0,GPU-93ae0c7f-c327-aee3-adae-bc0d1dae71ea,0.48,0.45448624002605437,12282.0,6429.0,551.52,NVIDIA GeForce RTX 4070,[N/A],Enabled,Enabled
1709235632.732425,0,GPU-93ae0c7f-c327-aee3-adae-bc0d1dae71ea,0.44,0.45448624002605437,12282.0,6429.0,551.52,NVIDIA GeForce RTX 4070,[N/A],Enabled,Enabled
1709235633.731421,0,GPU-93ae0c7f-c327-aee3-adae-bc0d1dae71ea,0.43,0.45448624002605437,12282.0,6429.0,551.52,NVIDIA GeForce RTX 4070,[N/A],Enabled,Enabled
1709235634.731775,0,GPU-93ae0c7f-c327-aee3-adae-bc0d1dae71ea,0.41,0.45448624002605437,12282.0,6429.0,551.52,NVIDIA GeForce RTX 4070,[N/A],Enabled,Enabled
1709235635.731665,0,GPU-93ae0c7f-c327-aee3-adae-bc0d1dae71ea,0.43,0.45448624002605437,12282.0,6429.0,551.52,NVIDIA GeForce RTX 4070,[N/A],Enabled,Enabled
1709235636.731303,0,GPU-93ae0c7f-c327-aee3-adae-bc0d1dae71ea,0.44,0.45448624002605437,12282.0,6429.0,551.52,NVIDIA GeForce RTX 4070,[N/A],Enabled,Enabled
1709235637.732148,0,GPU-93ae0c7f-c327-aee3-adae-bc0d1dae71ea,0.4,0.45448624002605437,12282.0,6429.0,551.52,NVIDIA GeForce RTX 4070,[N/A],Enabled,Enabled
1709235638.731995,0,GPU-93ae0c7f-c327-aee3-adae-bc0d1dae71ea,0.44,0.45448624002605437,12282.0,6429.0,551.52,NVIDIA GeForce RTX 4070,[N/A],Enabled,Enabled
1709235639.731852,0,GPU-93ae0c7f-c327-aee3-adae-bc0d1dae71ea,0.43,0.45448624002605437,12282.0,6429.0,551.52,NVIDIA GeForce RTX 4070,[N/A],Enabled,Enabled
1709235640.732693,0,GPU-93ae0c7f-c327-aee3-adae-bc0d1dae71ea,0.41,0.45448624002605437,12282.0,6429.0,551.52,NVIDIA GeForce RTX 4070,[N/A],Enabled,Enabled
1709235641.732643,0,GPU-93ae0c7f-c327-aee3-adae-bc0d1dae71ea,0.41,0.45448624002605437,12282.0,6429.0,551.52,NVIDIA GeForce RTX 4070,[N/A],Enabled,Enabled
1709235642.731296,0,GPU-93ae0c7f-c327-aee3-adae-bc0d1dae71ea,0.45,0.45448624002605437,12282.0,6429.0,551.52,NVIDIA GeForce RTX 4070,[N/A],Enabled,Enabled
1709235643.731576,0,GPU-93ae0c7f-c327-aee3-adae-bc0d1dae71ea,0.41,0.45448624002605437,12282.0,6429.0,551.52,NVIDIA GeForce RTX 4070,[N/A],Enabled,Enabled
1709235644.731229,0,GPU-93ae0c7f-c327-aee3-adae-bc0d1dae71ea,0.38,0.45448624002605437,12282.0,6429.0,551.52,NVIDIA GeForce RTX 4070,[N/A],Enabled,Enabled
1709235645.73229,0,GPU-93ae0c7f-c327-aee3-adae-bc0d1dae71ea,0.38,0.45448624002605437,12282.0,6429.0,551.52,NVIDIA GeForce RTX 4070,[N/A],Enabled,Enabled
1709235646.731404,0,GPU-93ae0c7f-c327-aee3-adae-bc0d1dae71ea,0.37,0.45448624002605437,12282.0,6429.0,551.52,NVIDIA GeForce RTX 4070,[N/A],Enabled,Enabled
1709235647.731436,0,GPU-93ae0c7f-c327-aee3-adae-bc0d1dae71ea,0.36,0.45448624002605437,12282.0,6429.0,551.52,NVIDIA GeForce RTX 4070,[N/A],Enabled,Enabled
1709235648.731422,0,GPU-93ae0c7f-c327-aee3-adae-bc0d1dae71ea,0.37,0.45448624002605437,12282.0,6429.0,551.52,NVIDIA GeForce RTX 4070,[N/A],Enabled,Enabled
1709235649.732183,0,GPU-93ae0c7f-c327-aee3-adae-bc0d1dae71ea,0.39,0.45448624002605437,12282.0,6429.0,551.52,NVIDIA GeForce RTX 4070,[N/A],Enabled,Enabled
1709235650.731526,0,GPU-93ae0c7f-c327-aee3-adae-bc0d1dae71ea,0.41,0.45448624002605437,12282.0,6429.0,551.52,NVIDIA GeForce RTX 4070,[N/A],Enabled,Enabled
1709235651.731974,0,GPU-93ae0c7f-c327-aee3-adae-bc0d1dae71ea,0.34,0.45448624002605437,12282.0,6429.0,551.52,NVIDIA GeForce RTX 4070,[N/A],Enabled,Enabled
1709235652.731883,0,GPU-93ae0c7f-c327-aee3-adae-bc0d1dae71ea,0.38,0.45448624002605437,12282.0,6429.0,551.52,NVIDIA GeForce RTX 4070,[N/A],Enabled,Enabled
1709235653.732447,0,GPU-93ae0c7f-c327-aee3-adae-bc0d1dae71ea,0.4,0.45448624002605437,12282.0,6429.0,551.52,NVIDIA GeForce RTX 4070,[N/A],Enabled,Enabled
1709235654.732139,0,GPU-93ae0c7f-c327-aee3-adae-bc0d1dae71ea,0.4,0.45448624002605437,12282.0,6429.0,551.52,NVIDIA GeForce RTX 4070,[N/A],Enabled,Enabled
1709235655.731673,0,GPU-93ae0c7f-c327-aee3-adae-bc0d1dae71ea,0.39,0.45448624002605437,12282.0,6429.0,551.52,NVIDIA GeForce RTX 4070,[N/A],Enabled,Enabled
1709235656.731753,0,GPU-93ae0c7f-c327-aee3-adae-bc0d1dae71ea,0.38,0.45448624002605437,12282.0,6429.0,551.52,NVIDIA GeForce RTX 4070,[N/A],Enabled,Enabled
1709235657.732771,0,GPU-93ae0c7f-c327-aee3-adae-bc0d1dae71ea,0.44,0.45448624002605437,12282.0,6429.0,551.52,NVIDIA GeForce RTX 4070,[N/A],Enabled,Enabled
1709235658.731613,0,GPU-93ae0c7f-c327-aee3-adae-bc0d1dae71ea,0.4,0.45448624002605437,12282.0,6429.0,551.52,NVIDIA GeForce RTX 4070,[N/A],Enabled,Enabled
1709235659.732079,0,GPU-93ae0c7f-c327-aee3-adae-bc0d1dae71ea,0.41,0.45448624002605437,12282.0,6429.0,551.52,NVIDIA GeForce RTX 4070,[N/A],Enabled,Enabled
1709235660.732757,0,GPU-93ae0c7f-c327-aee3-adae-bc0d1dae71ea,0.39,0.45448624002605437,12282.0,6429.0,551.52,NVIDIA GeForce RTX 4070,[N/A],Enabled,Enabled
1709235661.731711,0,GPU-93ae0c7f-c327-aee3-adae-bc0d1dae71ea,0.37,0.45448624002605437,12282.0,6429.0,551.52,NVIDIA GeForce RTX 4070,[N/A],Enabled,Enabled
1709235662.731865,0,GPU-93ae0c7f-c327-aee3-adae-bc0d1dae71ea,0.39,0.45448624002605437,12282.0,6429.0,551.52,NVIDIA GeForce RTX 4070,[N/A],Enabled,Enabled
1709235663.731932,0,GPU-93ae0c7f-c327-aee3-adae-bc0d1dae71ea,0.44,0.45448624002605437,12282.0,6429.0,551.52,NVIDIA GeForce RTX 4070,[N/A],Enabled,Enabled
1709235664.732247,0,GPU-93ae0c7f-c327-aee3-adae-bc0d1dae71ea,0.52,0.45448624002605437,12282.0,6429.0,551.52,NVIDIA GeForce RTX 4070,[N/A],Enabled,Enabled
1709235665.731385,0,GPU-93ae0c7f-c327-aee3-adae-bc0d1dae71ea,0.44,0.45448624002605437,12282.0,6429.0,551.52,NVIDIA GeForce RTX 4070,[N/A],Enabled,Enabled
1709235666.73172,0,GPU-93ae0c7f-c327-aee3-adae-bc0d1dae71ea,0.48,0.45448624002605437,12282.0,6429.0,551.52,NVIDIA GeForce RTX 4070,[N/A],Enabled,Enabled
1709235667.732584,0,GPU-93ae0c7f-c327-aee3-adae-bc0d1dae71ea,0.35,0.45448624002605437,12282.0,6429.0,551.52,NVIDIA GeForce RTX 4070,[N/A],Enabled,Enabled
1709235668.731286,0,GPU-93ae0c7f-c327-aee3-adae-bc0d1dae71ea,0.41,0.45448624002605437,12282.0,6429.0,551.52,NVIDIA GeForce RTX 4070,[N/A],Enabled,Enabled
1709235669.731895,0,GPU-93ae0c7f-c327-aee3-adae-bc0d1dae71ea,0.46,0.45448624002605437,12282.0,6429.0,551.52,NVIDIA GeForce RTX 4070,[N/A],Enabled,Enabled
1709235670.732036,0,GPU-93ae0c7f-c327-aee3-adae-bc0d1dae71ea,0.5,0.45448624002605437,12282.0,6429.0,551.52,NVIDIA GeForce RTX 4070,[N/A],Enabled,Enabled
1709235671.7322,0,GPU-93ae0c7f-c327-aee3-adae-bc0d1dae71ea,0.4,0.45448624002605437,12282.0,6429.0,551.52,NVIDIA GeForce RTX 4070,[N/A],Enabled,Enabled
1709235672.732173,0,GPU-93ae0c7f-c327-aee3-adae-bc0d1dae71ea,0.45,0.45448624002605437,12282.0,6429.0,551.52,NVIDIA GeForce RTX 4070,[N/A],Enabled,Enabled
1709235673.731204,0,GPU-93ae0c7f-c327-aee3-adae-bc0d1dae71ea,0.44,0.45448624002605437,12282.0,6429.0,551.52,NVIDIA GeForce RTX 4070,[N/A],Enabled,Enabled
1709235674.731659,0,GPU-93ae0c7f-c327-aee3-adae-bc0d1dae71ea,0.46,0.45448624002605437,12282.0,6429.0,551.52,NVIDIA GeForce RTX 4070,[N/A],Enabled,Enabled
1709235675.731605,0,GPU-93ae0c7f-c327-aee3-adae-bc0d1dae71ea,0.47,0.45448624002605437,12282.0,6429.0,551.52,NVIDIA GeForce RTX 4070,[N/A],Enabled,Enabled
1709235676.731645,0,GPU-93ae0c7f-c327-aee3-adae-bc0d1dae71ea,0.45,0.45448624002605437,12282.0,6429.0,551.52,NVIDIA GeForce RTX 4070,[N/A],Enabled,Enabled
1709235677.731516,0,GPU-93ae0c7f-c327-aee3-adae-bc0d1dae71ea,0.4,0.45448624002605437,12282.0,6429.0,551.52,NVIDIA GeForce RTX 4070,[N/A],Enabled,Enabled
1709235678.732177,0,GPU-93ae0c7f-c327-aee3-adae-bc0d1dae71ea,0.44,0.45448624002605437,12282.0,6429.0,551.52,NVIDIA GeForce RTX 4070,[N/A],Enabled,Enabled
1709235679.731745,0,GPU-93ae0c7f-c327-aee3-adae-bc0d1dae71ea,0.45,0.45448624002605437,12282.0,6429.0,551.52,NVIDIA GeForce RTX 4070,[N/A],Enabled,Enabled
1709235680.731502,0,GPU-93ae0c7f-c327-aee3-adae-bc0d1dae71ea,0.36,0.45448624002605437,12282.0,6429.0,551.52,NVIDIA GeForce RTX 4070,[N/A],Enabled,Enabled
1709235681.731857,0,GPU-93ae0c7f-c327-aee3-adae-bc0d1dae71ea,0.43,0.45448624002605437,12282.0,6429.0,551.52,NVIDIA GeForce RTX 4070,[N/A],Enabled,Enabled
1709235682.732362,0,GPU-93ae0c7f-c327-aee3-adae-bc0d1dae71ea,0.41,0.45448624002605437,12282.0,6429.0,551.52,NVIDIA GeForce RTX 4070,[N/A],Enabled,Enabled
1709235683.731223,0,GPU-93ae0c7f-c327-aee3-adae-bc0d1dae71ea,0.39,0.45448624002605437,12282.0,6429.0,551.52,NVIDIA GeForce RTX 4070,[N/A],Enabled,Enabled
1709235684.731878,0,GPU-93ae0c7f-c327-aee3-adae-bc0d1dae71ea,0.49,0.45448624002605437,12282.0,6429.0,551.52,NVIDIA GeForce RTX 4070,[N/A],Enabled,Enabled
1709235685.73167,0,GPU-93ae0c7f-c327-aee3-adae-bc0d1dae71ea,0.37,0.45448624002605437,12282.0,6429.0,551.52,NVIDIA GeForce RTX 4070,[N/A],Enabled,Enabled
1709235686.731836,0,GPU-93ae0c7f-c327-aee3-adae-bc0d1dae71ea,0.36,0.45448624002605437,12282.0,6429.0,551.52,NVIDIA GeForce RTX 4070,[N/A],Enabled,Enabled
1709235687.731324,0,GPU-93ae0c7f-c327-aee3-adae-bc0d1dae71ea,0.41,0.45448624002605437,12282.0,6429.0,551.52,NVIDIA GeForce RTX 4070,[N/A],Enabled,Enabled
1709235688.732044,0,GPU-93ae0c7f-c327-aee3-adae-bc0d1dae71ea,0.46,0.45448624002605437,12282.0,6429.0,551.52,NVIDIA GeForce RTX 4070,[N/A],Enabled,Enabled
1709235689.732188,0,GPU-93ae0c7f-c327-aee3-adae-bc0d1dae71ea,0.41,0.45448624002605437,12282.0,6429.0,551.52,NVIDIA GeForce RTX 4070,[N/A],Enabled,Enabled
1709235690.731815,0,GPU-93ae0c7f-c327-aee3-adae-bc0d1dae71ea,0.38,0.45448624002605437,12282.0,6429.0,551.52,NVIDIA GeForce RTX 4070,[N/A],Enabled,Enabled
1709235691.731417,0,GPU-93ae0c7f-c327-aee3-adae-bc0d1dae71ea,0.4,0.45448624002605437,12282.0,6429.0,551.52,NVIDIA GeForce RTX 4070,[N/A],Enabled,Enabled
1709235692.731494,0,GPU-93ae0c7f-c327-aee3-adae-bc0d1dae71ea,0.37,0.45448624002605437,12282.0,6429.0,551.52,NVIDIA GeForce RTX 4070,[N/A],Enabled,Enabled
1709235693.731234,0,GPU-93ae0c7f-c327-aee3-adae-bc0d1dae71ea,0.36,0.45448624002605437,12282.0,6429.0,551.52,NVIDIA GeForce RTX 4070,[N/A],Enabled,Enabled
1709235694.731645,0,GPU-93ae0c7f-c327-aee3-adae-bc0d1dae71ea,0.29,0.4513922813873962,12282.0,6467.0,551.52,NVIDIA GeForce RTX 4070,[N/A],Enabled,Enabled
1709235695.731414,0,GPU-93ae0c7f-c327-aee3-adae-bc0d1dae71ea,0.29,0.4513922813873962,12282.0,6467.0,551.52,NVIDIA GeForce RTX 4070,[N/A],Enabled,Enabled
1709235696.731676,0,GPU-93ae0c7f-c327-aee3-adae-bc0d1dae71ea,0.26,0.4513922813873962,12282.0,6467.0,551.52,NVIDIA GeForce RTX 4070,[N/A],Enabled,Enabled
1709235697.732417,0,GPU-93ae0c7f-c327-aee3-adae-bc0d1dae71ea,0.28,0.44666992346523365,12282.0,6525.0,551.52,NVIDIA GeForce RTX 4070,[N/A],Enabled,Enabled
1709235698.731769,0,GPU-93ae0c7f-c327-aee3-adae-bc0d1dae71ea,0.3,0.4513922813873962,12282.0,6467.0,551.52,NVIDIA GeForce RTX 4070,[N/A],Enabled,Enabled
1709235699.731617,0,GPU-93ae0c7f-c327-aee3-adae-bc0d1dae71ea,0.27,0.44666992346523365,12282.0,6525.0,551.52,NVIDIA GeForce RTX 4070,[N/A],Enabled,Enabled
1709235700.732836,0,GPU-93ae0c7f-c327-aee3-adae-bc0d1dae71ea,0.29,0.44675134342940886,12282.0,6524.0,551.52,NVIDIA GeForce RTX 4070,[N/A],Enabled,Enabled
1709235701.731938,0,GPU-93ae0c7f-c327-aee3-adae-bc0d1dae71ea,0.29,0.44675134342940886,12282.0,6524.0,551.52,NVIDIA GeForce RTX 4070,[N/A],Enabled,Enabled
1709235702.732282,0,GPU-93ae0c7f-c327-aee3-adae-bc0d1dae71ea,0.29,0.44675134342940886,12282.0,6524.0,551.52,NVIDIA GeForce RTX 4070,[N/A],Enabled,Enabled
1709235703.732563,0,GPU-93ae0c7f-c327-aee3-adae-bc0d1dae71ea,0.3,0.44675134342940886,12282.0,6524.0,551.52,NVIDIA GeForce RTX 4070,[N/A],Enabled,Enabled
1709235704.731405,0,GPU-93ae0c7f-c327-aee3-adae-bc0d1dae71ea,0.31,0.44675134342940886,12282.0,6524.0,551.52,NVIDIA GeForce RTX 4070,[N/A],Enabled,Enabled
1709235705.731687,0,GPU-93ae0c7f-c327-aee3-adae-bc0d1dae71ea,0.29,0.44675134342940886,12282.0,6524.0,551.52,NVIDIA GeForce RTX 4070,[N/A],Enabled,Enabled
1709235706.732086,0,GPU-93ae0c7f-c327-aee3-adae-bc0d1dae71ea,0.29,0.44675134342940886,12282.0,6524.0,551.52,NVIDIA GeForce RTX 4070,[N/A],Enabled,Enabled
1709235707.73178,0,GPU-93ae0c7f-c327-aee3-adae-bc0d1dae71ea,0.28,0.44675134342940886,12282.0,6524.0,551.52,NVIDIA GeForce RTX 4070,[N/A],Enabled,Enabled
1709235708.732104,0,GPU-93ae0c7f-c327-aee3-adae-bc0d1dae71ea,0.28,0.44675134342940886,12282.0,6524.0,551.52,NVIDIA GeForce RTX 4070,[N/A],Enabled,Enabled
1709235709.732011,0,GPU-93ae0c7f-c327-aee3-adae-bc0d1dae71ea,0.28,0.44675134342940886,12282.0,6524.0,551.52,NVIDIA GeForce RTX 4070,[N/A],Enabled,Enabled
1709235710.731648,0,GPU-93ae0c7f-c327-aee3-adae-bc0d1dae71ea,0.28,0.44675134342940886,12282.0,6524.0,551.52,NVIDIA GeForce RTX 4070,[N/A],Enabled,Enabled
1709235711.732155,0,GPU-93ae0c7f-c327-aee3-adae-bc0d1dae71ea,0.26,0.44675134342940886,12282.0,6524.0,551.52,NVIDIA GeForce RTX 4070,[N/A],Enabled,Enabled
1709235712.731742,0,GPU-93ae0c7f-c327-aee3-adae-bc0d1dae71ea,0.28,0.44675134342940886,12282.0,6524.0,551.52,NVIDIA GeForce RTX 4070,[N/A],Enabled,Enabled
1709235713.731086,0,GPU-93ae0c7f-c327-aee3-adae-bc0d1dae71ea,0.27,0.44675134342940886,12282.0,6524.0,551.52,NVIDIA GeForce RTX 4070,[N/A],Enabled,Enabled
1709235714.731495,0,GPU-93ae0c7f-c327-aee3-adae-bc0d1dae71ea,0.29,0.44675134342940886,12282.0,6524.0,551.52,NVIDIA GeForce RTX 4070,[N/A],Enabled,Enabled
1709235715.731301,0,GPU-93ae0c7f-c327-aee3-adae-bc0d1dae71ea,0.27,0.44675134342940886,12282.0,6524.0,551.52,NVIDIA GeForce RTX 4070,[N/A],Enabled,Enabled
1709235716.731449,0,GPU-93ae0c7f-c327-aee3-adae-bc0d1dae71ea,0.27,0.44675134342940886,12282.0,6524.0,551.52,NVIDIA GeForce RTX 4070,[N/A],Enabled,Enabled
1709235717.731313,0,GPU-93ae0c7f-c327-aee3-adae-bc0d1dae71ea,0.27,0.44675134342940886,12282.0,6524.0,551.52,NVIDIA GeForce RTX 4070,[N/A],Enabled,Enabled
1709235718.732043,0,GPU-93ae0c7f-c327-aee3-adae-bc0d1dae71ea,0.12,0.24930793030451068,12282.0,8949.0,551.52,NVIDIA GeForce RTX 4070,[N/A],Enabled,Enabled
1709235719.732012,0,GPU-93ae0c7f-c327-aee3-adae-bc0d1dae71ea,0.14,0.24930793030451068,12282.0,8949.0,551.52,NVIDIA GeForce RTX 4070,[N/A],Enabled,Enabled
1709235720.732382,0,GPU-93ae0c7f-c327-aee3-adae-bc0d1dae71ea,0.13,0.24930793030451068,12282.0,8949.0,551.52,NVIDIA GeForce RTX 4070,[N/A],Enabled,Enabled
