timestamp,id,uuid,load,memoryUtil,memoryTotal,memoryUsed,memoryFree,driver,name,serial,display_mode,display_active
1701866200.610192,0,GPU-b342434c-f6b6-7627-333e-da750a9991e6,0.15,0.528515625,10240.0,4654.0,546.17,NVIDIA GeForce RTX 3080,[N/A],Enabled,Enabled
1701866201.605148,0,GPU-b342434c-f6b6-7627-333e-da750a9991e6,0.15,0.528515625,10240.0,4654.0,546.17,NVIDIA GeForce RTX 3080,[N/A],Enabled,Enabled
1701866202.605287,0,GPU-b342434c-f6b6-7627-333e-da750a9991e6,0.15,0.528515625,10240.0,4654.0,546.17,NVIDIA GeForce RTX 3080,[N/A],Enabled,Enabled
1701866203.604972,0,GPU-b342434c-f6b6-7627-333e-da750a9991e6,0.16,0.45751953125,10240.0,5381.0,546.17,NVIDIA GeForce RTX 3080,[N/A],Enabled,Enabled
1701866204.60488,0,GPU-b342434c-f6b6-7627-333e-da750a9991e6,0.21,0.47099609375,10240.0,5243.0,546.17,NVIDIA GeForce RTX 3080,[N/A],Enabled,Enabled
1701866205.605341,0,GPU-b342434c-f6b6-7627-333e-da750a9991e6,0.19,0.4708984375,10240.0,5244.0,546.17,NVIDIA GeForce RTX 3080,[N/A],Enabled,Enabled
1701866206.605253,0,GPU-b342434c-f6b6-7627-333e-da750a9991e6,0.17,0.4671875,10240.0,5282.0,546.17,NVIDIA GeForce RTX 3080,[N/A],Enabled,Enabled
1701866207.605086,0,GPU-b342434c-f6b6-7627-333e-da750a9991e6,0.18,0.4708984375,10240.0,5244.0,546.17,NVIDIA GeForce RTX 3080,[N/A],Enabled,Enabled
1701866208.60521,0,GPU-b342434c-f6b6-7627-333e-da750a9991e6,0.19,0.47265625,10240.0,5226.0,546.17,NVIDIA GeForce RTX 3080,[N/A],Enabled,Enabled
1701866209.604937,0,GPU-b342434c-f6b6-7627-333e-da750a9991e6,0.18,0.47275390625,10240.0,5225.0,546.17,NVIDIA GeForce RTX 3080,[N/A],Enabled,Enabled
1701866210.604994,0,GPU-b342434c-f6b6-7627-333e-da750a9991e6,0.17,0.4689453125,10240.0,5264.0,546.17,NVIDIA GeForce RTX 3080,[N/A],Enabled,Enabled
1701866211.605261,0,GPU-b342434c-f6b6-7627-333e-da750a9991e6,0.17,0.4689453125,10240.0,5264.0,546.17,NVIDIA GeForce RTX 3080,[N/A],Enabled,Enabled
1701866212.604964,0,GPU-b342434c-f6b6-7627-333e-da750a9991e6,0.19,0.4689453125,10240.0,5264.0,546.17,NVIDIA GeForce RTX 3080,[N/A],Enabled,Enabled
1701866213.605131,0,GPU-b342434c-f6b6-7627-333e-da750a9991e6,0.19,0.47265625,10240.0,5226.0,546.17,NVIDIA GeForce RTX 3080,[N/A],Enabled,Enabled
1701866214.605,0,GPU-b342434c-f6b6-7627-333e-da750a9991e6,0.18,0.4689453125,10240.0,5264.0,546.17,NVIDIA GeForce RTX 3080,[N/A],Enabled,Enabled
1701866215.60475,0,GPU-b342434c-f6b6-7627-333e-da750a9991e6,0.19,0.47265625,10240.0,5226.0,546.17,NVIDIA GeForce RTX 3080,[N/A],Enabled,Enabled
1701866216.604606,0,GPU-b342434c-f6b6-7627-333e-da750a9991e6,0.19,0.47265625,10240.0,5226.0,546.17,NVIDIA GeForce RTX 3080,[N/A],Enabled,Enabled
1701866217.604912,0,GPU-b342434c-f6b6-7627-333e-da750a9991e6,0.19,0.47265625,10240.0,5226.0,546.17,NVIDIA GeForce RTX 3080,[N/A],Enabled,Enabled
1701866218.605416,0,GPU-b342434c-f6b6-7627-333e-da750a9991e6,0.17,0.47265625,10240.0,5226.0,546.17,NVIDIA GeForce RTX 3080,[N/A],Enabled,Enabled
1701866219.604872,0,GPU-b342434c-f6b6-7627-333e-da750a9991e6,0.18,0.46904296875,10240.0,5263.0,546.17,NVIDIA GeForce RTX 3080,[N/A],Enabled,Enabled
1701866220.605127,0,GPU-b342434c-f6b6-7627-333e-da750a9991e6,0.18,0.47275390625,10240.0,5225.0,546.17,NVIDIA GeForce RTX 3080,[N/A],Enabled,Enabled
1701866221.605013,0,GPU-b342434c-f6b6-7627-333e-da750a9991e6,0.17,0.46904296875,10240.0,5263.0,546.17,NVIDIA GeForce RTX 3080,[N/A],Enabled,Enabled
1701866222.604878,0,GPU-b342434c-f6b6-7627-333e-da750a9991e6,0.18,0.47138671875,10240.0,5239.0,546.17,NVIDIA GeForce RTX 3080,[N/A],Enabled,Enabled
1701866223.605181,0,GPU-b342434c-f6b6-7627-333e-da750a9991e6,0.2,0.48212890625,10240.0,5129.0,546.17,NVIDIA GeForce RTX 3080,[N/A],Enabled,Enabled
1701866224.604785,0,GPU-b342434c-f6b6-7627-333e-da750a9991e6,0.21,0.48203125,10240.0,5130.0,546.17,NVIDIA GeForce RTX 3080,[N/A],Enabled,Enabled
1701866225.604782,0,GPU-b342434c-f6b6-7627-333e-da750a9991e6,0.21,0.48203125,10240.0,5130.0,546.17,NVIDIA GeForce RTX 3080,[N/A],Enabled,Enabled
1701866226.604481,0,GPU-b342434c-f6b6-7627-333e-da750a9991e6,0.21,0.48203125,10240.0,5130.0,546.17,NVIDIA GeForce RTX 3080,[N/A],Enabled,Enabled
1701866227.605624,0,GPU-b342434c-f6b6-7627-333e-da750a9991e6,0.2,0.48056640625,10240.0,5145.0,546.17,NVIDIA GeForce RTX 3080,[N/A],Enabled,Enabled
1701866228.605182,0,GPU-b342434c-f6b6-7627-333e-da750a9991e6,0.2,0.48056640625,10240.0,5145.0,546.17,NVIDIA GeForce RTX 3080,[N/A],Enabled,Enabled
1701866229.605159,0,GPU-b342434c-f6b6-7627-333e-da750a9991e6,0.21,0.48056640625,10240.0,5145.0,546.17,NVIDIA GeForce RTX 3080,[N/A],Enabled,Enabled
1701866230.60466,0,GPU-b342434c-f6b6-7627-333e-da750a9991e6,0.21,0.48056640625,10240.0,5145.0,546.17,NVIDIA GeForce RTX 3080,[N/A],Enabled,Enabled
1701866231.604772,0,GPU-b342434c-f6b6-7627-333e-da750a9991e6,0.21,0.4806640625,10240.0,5144.0,546.17,NVIDIA GeForce RTX 3080,[N/A],Enabled,Enabled
1701866232.60455,0,GPU-b342434c-f6b6-7627-333e-da750a9991e6,0.21,0.4806640625,10240.0,5144.0,546.17,NVIDIA GeForce RTX 3080,[N/A],Enabled,Enabled
1701866233.604498,0,GPU-b342434c-f6b6-7627-333e-da750a9991e6,0.21,0.4806640625,10240.0,5144.0,546.17,NVIDIA GeForce RTX 3080,[N/A],Enabled,Enabled
1701866234.604965,0,GPU-b342434c-f6b6-7627-333e-da750a9991e6,0.21,0.4806640625,10240.0,5144.0,546.17,NVIDIA GeForce RTX 3080,[N/A],Enabled,Enabled
1701866235.604773,0,GPU-b342434c-f6b6-7627-333e-da750a9991e6,0.21,0.4806640625,10240.0,5144.0,546.17,NVIDIA GeForce RTX 3080,[N/A],Enabled,Enabled
1701866236.604679,0,GPU-b342434c-f6b6-7627-333e-da750a9991e6,0.21,0.4806640625,10240.0,5144.0,546.17,NVIDIA GeForce RTX 3080,[N/A],Enabled,Enabled
1701866237.604845,0,GPU-b342434c-f6b6-7627-333e-da750a9991e6,0.21,0.48056640625,10240.0,5145.0,546.17,NVIDIA GeForce RTX 3080,[N/A],Enabled,Enabled
1701866238.605267,0,GPU-b342434c-f6b6-7627-333e-da750a9991e6,0.21,0.48056640625,10240.0,5145.0,546.17,NVIDIA GeForce RTX 3080,[N/A],Enabled,Enabled
1701866239.604575,0,GPU-b342434c-f6b6-7627-333e-da750a9991e6,0.21,0.48056640625,10240.0,5145.0,546.17,NVIDIA GeForce RTX 3080,[N/A],Enabled,Enabled
1701866240.604878,0,GPU-b342434c-f6b6-7627-333e-da750a9991e6,0.21,0.4814453125,10240.0,5136.0,546.17,NVIDIA GeForce RTX 3080,[N/A],Enabled,Enabled
1701866241.604508,0,GPU-b342434c-f6b6-7627-333e-da750a9991e6,0.21,0.4814453125,10240.0,5136.0,546.17,NVIDIA GeForce RTX 3080,[N/A],Enabled,Enabled
1701866242.604495,0,GPU-b342434c-f6b6-7627-333e-da750a9991e6,0.2,0.4814453125,10240.0,5136.0,546.17,NVIDIA GeForce RTX 3080,[N/A],Enabled,Enabled
1701866243.605207,0,GPU-b342434c-f6b6-7627-333e-da750a9991e6,0.21,0.4814453125,10240.0,5136.0,546.17,NVIDIA GeForce RTX 3080,[N/A],Enabled,Enabled
1701866244.604648,0,GPU-b342434c-f6b6-7627-333e-da750a9991e6,0.21,0.4814453125,10240.0,5136.0,546.17,NVIDIA GeForce RTX 3080,[N/A],Enabled,Enabled
1701866245.604547,0,GPU-b342434c-f6b6-7627-333e-da750a9991e6,0.21,0.4814453125,10240.0,5136.0,546.17,NVIDIA GeForce RTX 3080,[N/A],Enabled,Enabled
1701866246.604765,0,GPU-b342434c-f6b6-7627-333e-da750a9991e6,0.21,0.48134765625,10240.0,5137.0,546.17,NVIDIA GeForce RTX 3080,[N/A],Enabled,Enabled
1701866247.604817,0,GPU-b342434c-f6b6-7627-333e-da750a9991e6,0.21,0.48134765625,10240.0,5137.0,546.17,NVIDIA GeForce RTX 3080,[N/A],Enabled,Enabled
1701866248.604975,0,GPU-b342434c-f6b6-7627-333e-da750a9991e6,0.21,0.48134765625,10240.0,5137.0,546.17,NVIDIA GeForce RTX 3080,[N/A],Enabled,Enabled
1701866249.60499,0,GPU-b342434c-f6b6-7627-333e-da750a9991e6,0.21,0.48056640625,10240.0,5145.0,546.17,NVIDIA GeForce RTX 3080,[N/A],Enabled,Enabled
1701866250.604314,0,GPU-b342434c-f6b6-7627-333e-da750a9991e6,0.21,0.48056640625,10240.0,5145.0,546.17,NVIDIA GeForce RTX 3080,[N/A],Enabled,Enabled
1701866251.604628,0,GPU-b342434c-f6b6-7627-333e-da750a9991e6,0.21,0.48056640625,10240.0,5145.0,546.17,NVIDIA GeForce RTX 3080,[N/A],Enabled,Enabled
1701866252.604492,0,GPU-b342434c-f6b6-7627-333e-da750a9991e6,0.2,0.48046875,10240.0,5146.0,546.17,NVIDIA GeForce RTX 3080,[N/A],Enabled,Enabled
1701866253.604955,0,GPU-b342434c-f6b6-7627-333e-da750a9991e6,0.2,0.48046875,10240.0,5146.0,546.17,NVIDIA GeForce RTX 3080,[N/A],Enabled,Enabled
1701866254.604583,0,GPU-b342434c-f6b6-7627-333e-da750a9991e6,0.2,0.48046875,10240.0,5146.0,546.17,NVIDIA GeForce RTX 3080,[N/A],Enabled,Enabled
1701866255.605004,0,GPU-b342434c-f6b6-7627-333e-da750a9991e6,0.21,0.48046875,10240.0,5146.0,546.17,NVIDIA GeForce RTX 3080,[N/A],Enabled,Enabled
1701866256.605235,0,GPU-b342434c-f6b6-7627-333e-da750a9991e6,0.2,0.48046875,10240.0,5146.0,546.17,NVIDIA GeForce RTX 3080,[N/A],Enabled,Enabled
1701866257.604685,0,GPU-b342434c-f6b6-7627-333e-da750a9991e6,0.22,0.48046875,10240.0,5146.0,546.17,NVIDIA GeForce RTX 3080,[N/A],Enabled,Enabled
1701866258.604697,0,GPU-b342434c-f6b6-7627-333e-da750a9991e6,0.21,0.48046875,10240.0,5146.0,546.17,NVIDIA GeForce RTX 3080,[N/A],Enabled,Enabled
1701866259.605128,0,GPU-b342434c-f6b6-7627-333e-da750a9991e6,0.22,0.48046875,10240.0,5146.0,546.17,NVIDIA GeForce RTX 3080,[N/A],Enabled,Enabled
1701866260.605092,0,GPU-b342434c-f6b6-7627-333e-da750a9991e6,0.22,0.48046875,10240.0,5146.0,546.17,NVIDIA GeForce RTX 3080,[N/A],Enabled,Enabled
1701866261.604977,0,GPU-b342434c-f6b6-7627-333e-da750a9991e6,0.21,0.48046875,10240.0,5146.0,546.17,NVIDIA GeForce RTX 3080,[N/A],Enabled,Enabled
1701866262.604352,0,GPU-b342434c-f6b6-7627-333e-da750a9991e6,0.21,0.48046875,10240.0,5146.0,546.17,NVIDIA GeForce RTX 3080,[N/A],Enabled,Enabled
1701866263.604639,0,GPU-b342434c-f6b6-7627-333e-da750a9991e6,0.21,0.48046875,10240.0,5146.0,546.17,NVIDIA GeForce RTX 3080,[N/A],Enabled,Enabled
1701866264.604902,0,GPU-b342434c-f6b6-7627-333e-da750a9991e6,0.2,0.48046875,10240.0,5146.0,546.17,NVIDIA GeForce RTX 3080,[N/A],Enabled,Enabled
1701866265.604696,0,GPU-b342434c-f6b6-7627-333e-da750a9991e6,0.21,0.48046875,10240.0,5146.0,546.17,NVIDIA GeForce RTX 3080,[N/A],Enabled,Enabled
1701866266.604953,0,GPU-b342434c-f6b6-7627-333e-da750a9991e6,0.2,0.48046875,10240.0,5146.0,546.17,NVIDIA GeForce RTX 3080,[N/A],Enabled,Enabled
1701866267.60567,0,GPU-b342434c-f6b6-7627-333e-da750a9991e6,0.2,0.48046875,10240.0,5146.0,546.17,NVIDIA GeForce RTX 3080,[N/A],Enabled,Enabled
1701866268.604695,0,GPU-b342434c-f6b6-7627-333e-da750a9991e6,0.21,0.48046875,10240.0,5146.0,546.17,NVIDIA GeForce RTX 3080,[N/A],Enabled,Enabled
1701866269.604499,0,GPU-b342434c-f6b6-7627-333e-da750a9991e6,0.21,0.48046875,10240.0,5146.0,546.17,NVIDIA GeForce RTX 3080,[N/A],Enabled,Enabled
1701866270.604944,0,GPU-b342434c-f6b6-7627-333e-da750a9991e6,0.21,0.48046875,10240.0,5146.0,546.17,NVIDIA GeForce RTX 3080,[N/A],Enabled,Enabled
1701866271.605062,0,GPU-b342434c-f6b6-7627-333e-da750a9991e6,0.21,0.48046875,10240.0,5146.0,546.17,NVIDIA GeForce RTX 3080,[N/A],Enabled,Enabled
1701866272.60455,0,GPU-b342434c-f6b6-7627-333e-da750a9991e6,0.21,0.48046875,10240.0,5146.0,546.17,NVIDIA GeForce RTX 3080,[N/A],Enabled,Enabled
1701866273.605409,0,GPU-b342434c-f6b6-7627-333e-da750a9991e6,0.21,0.48046875,10240.0,5146.0,546.17,NVIDIA GeForce RTX 3080,[N/A],Enabled,Enabled
1701866274.604723,0,GPU-b342434c-f6b6-7627-333e-da750a9991e6,0.21,0.48046875,10240.0,5146.0,546.17,NVIDIA GeForce RTX 3080,[N/A],Enabled,Enabled
1701866275.605031,0,GPU-b342434c-f6b6-7627-333e-da750a9991e6,0.21,0.48046875,10240.0,5146.0,546.17,NVIDIA GeForce RTX 3080,[N/A],Enabled,Enabled
1701866276.605472,0,GPU-b342434c-f6b6-7627-333e-da750a9991e6,0.21,0.48046875,10240.0,5146.0,546.17,NVIDIA GeForce RTX 3080,[N/A],Enabled,Enabled
1701866277.604801,0,GPU-b342434c-f6b6-7627-333e-da750a9991e6,0.21,0.48046875,10240.0,5146.0,546.17,NVIDIA GeForce RTX 3080,[N/A],Enabled,Enabled
1701866278.604582,0,GPU-b342434c-f6b6-7627-333e-da750a9991e6,0.21,0.48046875,10240.0,5146.0,546.17,NVIDIA GeForce RTX 3080,[N/A],Enabled,Enabled
1701866279.605224,0,GPU-b342434c-f6b6-7627-333e-da750a9991e6,0.2,0.48046875,10240.0,5146.0,546.17,NVIDIA GeForce RTX 3080,[N/A],Enabled,Enabled
1701866280.605033,0,GPU-b342434c-f6b6-7627-333e-da750a9991e6,0.21,0.48046875,10240.0,5146.0,546.17,NVIDIA GeForce RTX 3080,[N/A],Enabled,Enabled
1701866281.604264,0,GPU-b342434c-f6b6-7627-333e-da750a9991e6,0.2,0.48046875,10240.0,5146.0,546.17,NVIDIA GeForce RTX 3080,[N/A],Enabled,Enabled
1701866282.605054,0,GPU-b342434c-f6b6-7627-333e-da750a9991e6,0.2,0.48046875,10240.0,5146.0,546.17,NVIDIA GeForce RTX 3080,[N/A],Enabled,Enabled
1701866283.60488,0,GPU-b342434c-f6b6-7627-333e-da750a9991e6,0.21,0.48046875,10240.0,5146.0,546.17,NVIDIA GeForce RTX 3080,[N/A],Enabled,Enabled
1701866284.604521,0,GPU-b342434c-f6b6-7627-333e-da750a9991e6,0.2,0.48046875,10240.0,5146.0,546.17,NVIDIA GeForce RTX 3080,[N/A],Enabled,Enabled
1701866285.605331,0,GPU-b342434c-f6b6-7627-333e-da750a9991e6,0.21,0.48046875,10240.0,5146.0,546.17,NVIDIA GeForce RTX 3080,[N/A],Enabled,Enabled
1701866286.605223,0,GPU-b342434c-f6b6-7627-333e-da750a9991e6,0.2,0.48046875,10240.0,5146.0,546.17,NVIDIA GeForce RTX 3080,[N/A],Enabled,Enabled
1701866287.604726,0,GPU-b342434c-f6b6-7627-333e-da750a9991e6,0.2,0.48046875,10240.0,5146.0,546.17,NVIDIA GeForce RTX 3080,[N/A],Enabled,Enabled
1701866288.605296,0,GPU-b342434c-f6b6-7627-333e-da750a9991e6,0.2,0.48046875,10240.0,5146.0,546.17,NVIDIA GeForce RTX 3080,[N/A],Enabled,Enabled
1701866289.604905,0,GPU-b342434c-f6b6-7627-333e-da750a9991e6,0.2,0.48046875,10240.0,5146.0,546.17,NVIDIA GeForce RTX 3080,[N/A],Enabled,Enabled
1701866290.604474,0,GPU-b342434c-f6b6-7627-333e-da750a9991e6,0.2,0.48046875,10240.0,5146.0,546.17,NVIDIA GeForce RTX 3080,[N/A],Enabled,Enabled
1701866291.604913,0,GPU-b342434c-f6b6-7627-333e-da750a9991e6,0.2,0.48046875,10240.0,5146.0,546.17,NVIDIA GeForce RTX 3080,[N/A],Enabled,Enabled
1701866292.604891,0,GPU-b342434c-f6b6-7627-333e-da750a9991e6,0.2,0.48046875,10240.0,5146.0,546.17,NVIDIA GeForce RTX 3080,[N/A],Enabled,Enabled
1701866293.60492,0,GPU-b342434c-f6b6-7627-333e-da750a9991e6,0.2,0.48046875,10240.0,5146.0,546.17,NVIDIA GeForce RTX 3080,[N/A],Enabled,Enabled
1701866294.605307,0,GPU-b342434c-f6b6-7627-333e-da750a9991e6,0.2,0.48046875,10240.0,5146.0,546.17,NVIDIA GeForce RTX 3080,[N/A],Enabled,Enabled
1701866295.604684,0,GPU-b342434c-f6b6-7627-333e-da750a9991e6,0.2,0.48046875,10240.0,5146.0,546.17,NVIDIA GeForce RTX 3080,[N/A],Enabled,Enabled
1701866296.605026,0,GPU-b342434c-f6b6-7627-333e-da750a9991e6,0.2,0.48046875,10240.0,5146.0,546.17,NVIDIA GeForce RTX 3080,[N/A],Enabled,Enabled
1701866297.605375,0,GPU-b342434c-f6b6-7627-333e-da750a9991e6,0.2,0.48046875,10240.0,5146.0,546.17,NVIDIA GeForce RTX 3080,[N/A],Enabled,Enabled
1701866298.605023,0,GPU-b342434c-f6b6-7627-333e-da750a9991e6,0.2,0.48046875,10240.0,5146.0,546.17,NVIDIA GeForce RTX 3080,[N/A],Enabled,Enabled
1701866299.604919,0,GPU-b342434c-f6b6-7627-333e-da750a9991e6,0.2,0.48046875,10240.0,5146.0,546.17,NVIDIA GeForce RTX 3080,[N/A],Enabled,Enabled
1701866300.605422,0,GPU-b342434c-f6b6-7627-333e-da750a9991e6,0.2,0.48046875,10240.0,5146.0,546.17,NVIDIA GeForce RTX 3080,[N/A],Enabled,Enabled
1701866301.60509,0,GPU-b342434c-f6b6-7627-333e-da750a9991e6,0.2,0.48046875,10240.0,5146.0,546.17,NVIDIA GeForce RTX 3080,[N/A],Enabled,Enabled
1701866302.605304,0,GPU-b342434c-f6b6-7627-333e-da750a9991e6,0.21,0.48046875,10240.0,5146.0,546.17,NVIDIA GeForce RTX 3080,[N/A],Enabled,Enabled
1701866303.604962,0,GPU-b342434c-f6b6-7627-333e-da750a9991e6,0.21,0.48046875,10240.0,5146.0,546.17,NVIDIA GeForce RTX 3080,[N/A],Enabled,Enabled
1701866304.605228,0,GPU-b342434c-f6b6-7627-333e-da750a9991e6,0.21,0.48046875,10240.0,5146.0,546.17,NVIDIA GeForce RTX 3080,[N/A],Enabled,Enabled
1701866305.605447,0,GPU-b342434c-f6b6-7627-333e-da750a9991e6,0.19,0.48046875,10240.0,5146.0,546.17,NVIDIA GeForce RTX 3080,[N/A],Enabled,Enabled
1701866306.604693,0,GPU-b342434c-f6b6-7627-333e-da750a9991e6,0.21,0.48046875,10240.0,5146.0,546.17,NVIDIA GeForce RTX 3080,[N/A],Enabled,Enabled
1701866307.605246,0,GPU-b342434c-f6b6-7627-333e-da750a9991e6,0.21,0.48046875,10240.0,5146.0,546.17,NVIDIA GeForce RTX 3080,[N/A],Enabled,Enabled
1701866308.604864,0,GPU-b342434c-f6b6-7627-333e-da750a9991e6,0.21,0.48046875,10240.0,5146.0,546.17,NVIDIA GeForce RTX 3080,[N/A],Enabled,Enabled
1701866309.605077,0,GPU-b342434c-f6b6-7627-333e-da750a9991e6,0.21,0.48046875,10240.0,5146.0,546.17,NVIDIA GeForce RTX 3080,[N/A],Enabled,Enabled
1701866310.60431,0,GPU-b342434c-f6b6-7627-333e-da750a9991e6,0.21,0.48046875,10240.0,5146.0,546.17,NVIDIA GeForce RTX 3080,[N/A],Enabled,Enabled
1701866311.605578,0,GPU-b342434c-f6b6-7627-333e-da750a9991e6,0.21,0.48046875,10240.0,5146.0,546.17,NVIDIA GeForce RTX 3080,[N/A],Enabled,Enabled
1701866312.605743,0,GPU-b342434c-f6b6-7627-333e-da750a9991e6,0.21,0.48046875,10240.0,5146.0,546.17,NVIDIA GeForce RTX 3080,[N/A],Enabled,Enabled
1701866313.605256,0,GPU-b342434c-f6b6-7627-333e-da750a9991e6,0.21,0.48046875,10240.0,5146.0,546.17,NVIDIA GeForce RTX 3080,[N/A],Enabled,Enabled
1701866314.605201,0,GPU-b342434c-f6b6-7627-333e-da750a9991e6,0.2,0.48046875,10240.0,5146.0,546.17,NVIDIA GeForce RTX 3080,[N/A],Enabled,Enabled
1701866315.605423,0,GPU-b342434c-f6b6-7627-333e-da750a9991e6,0.21,0.48046875,10240.0,5146.0,546.17,NVIDIA GeForce RTX 3080,[N/A],Enabled,Enabled
1701866316.605079,0,GPU-b342434c-f6b6-7627-333e-da750a9991e6,0.21,0.48046875,10240.0,5146.0,546.17,NVIDIA GeForce RTX 3080,[N/A],Enabled,Enabled
1701866317.604415,0,GPU-b342434c-f6b6-7627-333e-da750a9991e6,0.21,0.48046875,10240.0,5146.0,546.17,NVIDIA GeForce RTX 3080,[N/A],Enabled,Enabled
1701866318.605029,0,GPU-b342434c-f6b6-7627-333e-da750a9991e6,0.2,0.48046875,10240.0,5146.0,546.17,NVIDIA GeForce RTX 3080,[N/A],Enabled,Enabled
1701866319.60522,0,GPU-b342434c-f6b6-7627-333e-da750a9991e6,0.21,0.48046875,10240.0,5146.0,546.17,NVIDIA GeForce RTX 3080,[N/A],Enabled,Enabled
1701866320.604656,0,GPU-b342434c-f6b6-7627-333e-da750a9991e6,0.2,0.48046875,10240.0,5146.0,546.17,NVIDIA GeForce RTX 3080,[N/A],Enabled,Enabled
1701866321.604839,0,GPU-b342434c-f6b6-7627-333e-da750a9991e6,0.21,0.48046875,10240.0,5146.0,546.17,NVIDIA GeForce RTX 3080,[N/A],Enabled,Enabled
1701866322.605202,0,GPU-b342434c-f6b6-7627-333e-da750a9991e6,0.21,0.48046875,10240.0,5146.0,546.17,NVIDIA GeForce RTX 3080,[N/A],Enabled,Enabled
1701866323.605214,0,GPU-b342434c-f6b6-7627-333e-da750a9991e6,0.21,0.48046875,10240.0,5146.0,546.17,NVIDIA GeForce RTX 3080,[N/A],Enabled,Enabled
1701866324.604636,0,GPU-b342434c-f6b6-7627-333e-da750a9991e6,0.2,0.48046875,10240.0,5146.0,546.17,NVIDIA GeForce RTX 3080,[N/A],Enabled,Enabled
1701866325.60538,0,GPU-b342434c-f6b6-7627-333e-da750a9991e6,0.21,0.48046875,10240.0,5146.0,546.17,NVIDIA GeForce RTX 3080,[N/A],Enabled,Enabled
1701866326.604313,0,GPU-b342434c-f6b6-7627-333e-da750a9991e6,0.2,0.48046875,10240.0,5146.0,546.17,NVIDIA GeForce RTX 3080,[N/A],Enabled,Enabled
1701866327.605333,0,GPU-b342434c-f6b6-7627-333e-da750a9991e6,0.2,0.48046875,10240.0,5146.0,546.17,NVIDIA GeForce RTX 3080,[N/A],Enabled,Enabled
1701866328.60481,0,GPU-b342434c-f6b6-7627-333e-da750a9991e6,0.21,0.48046875,10240.0,5146.0,546.17,NVIDIA GeForce RTX 3080,[N/A],Enabled,Enabled
1701866329.604844,0,GPU-b342434c-f6b6-7627-333e-da750a9991e6,0.21,0.48046875,10240.0,5146.0,546.17,NVIDIA GeForce RTX 3080,[N/A],Enabled,Enabled
1701866330.605342,0,GPU-b342434c-f6b6-7627-333e-da750a9991e6,0.2,0.48046875,10240.0,5146.0,546.17,NVIDIA GeForce RTX 3080,[N/A],Enabled,Enabled
1701866331.604697,0,GPU-b342434c-f6b6-7627-333e-da750a9991e6,0.21,0.4814453125,10240.0,5136.0,546.17,NVIDIA GeForce RTX 3080,[N/A],Enabled,Enabled
1701866332.605133,0,GPU-b342434c-f6b6-7627-333e-da750a9991e6,0.21,0.4814453125,10240.0,5136.0,546.17,NVIDIA GeForce RTX 3080,[N/A],Enabled,Enabled
1701866333.605225,0,GPU-b342434c-f6b6-7627-333e-da750a9991e6,0.21,0.4814453125,10240.0,5136.0,546.17,NVIDIA GeForce RTX 3080,[N/A],Enabled,Enabled
1701866334.604932,0,GPU-b342434c-f6b6-7627-333e-da750a9991e6,0.21,0.4830078125,10240.0,5120.0,546.17,NVIDIA GeForce RTX 3080,[N/A],Enabled,Enabled
1701866335.605363,0,GPU-b342434c-f6b6-7627-333e-da750a9991e6,0.22,0.4830078125,10240.0,5120.0,546.17,NVIDIA GeForce RTX 3080,[N/A],Enabled,Enabled
1701866336.604872,0,GPU-b342434c-f6b6-7627-333e-da750a9991e6,0.21,0.4830078125,10240.0,5120.0,546.17,NVIDIA GeForce RTX 3080,[N/A],Enabled,Enabled
1701866337.60449,0,GPU-b342434c-f6b6-7627-333e-da750a9991e6,0.22,0.48291015625,10240.0,5121.0,546.17,NVIDIA GeForce RTX 3080,[N/A],Enabled,Enabled
1701866338.604267,0,GPU-b342434c-f6b6-7627-333e-da750a9991e6,0.21,0.48291015625,10240.0,5121.0,546.17,NVIDIA GeForce RTX 3080,[N/A],Enabled,Enabled
1701866339.605321,0,GPU-b342434c-f6b6-7627-333e-da750a9991e6,0.21,0.48154296875,10240.0,5135.0,546.17,NVIDIA GeForce RTX 3080,[N/A],Enabled,Enabled
1701866340.605293,0,GPU-b342434c-f6b6-7627-333e-da750a9991e6,0.22,0.48134765625,10240.0,5137.0,546.17,NVIDIA GeForce RTX 3080,[N/A],Enabled,Enabled
1701866341.604558,0,GPU-b342434c-f6b6-7627-333e-da750a9991e6,0.22,0.48134765625,10240.0,5137.0,546.17,NVIDIA GeForce RTX 3080,[N/A],Enabled,Enabled
1701866342.604642,0,GPU-b342434c-f6b6-7627-333e-da750a9991e6,0.21,0.48056640625,10240.0,5145.0,546.17,NVIDIA GeForce RTX 3080,[N/A],Enabled,Enabled
1701866343.605078,0,GPU-b342434c-f6b6-7627-333e-da750a9991e6,0.21,0.48056640625,10240.0,5145.0,546.17,NVIDIA GeForce RTX 3080,[N/A],Enabled,Enabled
1701866344.604781,0,GPU-b342434c-f6b6-7627-333e-da750a9991e6,0.22,0.48056640625,10240.0,5145.0,546.17,NVIDIA GeForce RTX 3080,[N/A],Enabled,Enabled
1701866345.605069,0,GPU-b342434c-f6b6-7627-333e-da750a9991e6,0.22,0.48046875,10240.0,5146.0,546.17,NVIDIA GeForce RTX 3080,[N/A],Enabled,Enabled
1701866346.604716,0,GPU-b342434c-f6b6-7627-333e-da750a9991e6,0.22,0.48046875,10240.0,5146.0,546.17,NVIDIA GeForce RTX 3080,[N/A],Enabled,Enabled
1701866347.605299,0,GPU-b342434c-f6b6-7627-333e-da750a9991e6,0.22,0.48046875,10240.0,5146.0,546.17,NVIDIA GeForce RTX 3080,[N/A],Enabled,Enabled
1701866348.605044,0,GPU-b342434c-f6b6-7627-333e-da750a9991e6,0.21,0.48046875,10240.0,5146.0,546.17,NVIDIA GeForce RTX 3080,[N/A],Enabled,Enabled
1701866349.604654,0,GPU-b342434c-f6b6-7627-333e-da750a9991e6,0.21,0.48046875,10240.0,5146.0,546.17,NVIDIA GeForce RTX 3080,[N/A],Enabled,Enabled
1701866350.60504,0,GPU-b342434c-f6b6-7627-333e-da750a9991e6,0.21,0.48046875,10240.0,5146.0,546.17,NVIDIA GeForce RTX 3080,[N/A],Enabled,Enabled
1701866351.604694,0,GPU-b342434c-f6b6-7627-333e-da750a9991e6,0.2,0.48046875,10240.0,5146.0,546.17,NVIDIA GeForce RTX 3080,[N/A],Enabled,Enabled
1701866352.605314,0,GPU-b342434c-f6b6-7627-333e-da750a9991e6,0.21,0.48046875,10240.0,5146.0,546.17,NVIDIA GeForce RTX 3080,[N/A],Enabled,Enabled
1701866353.605386,0,GPU-b342434c-f6b6-7627-333e-da750a9991e6,0.21,0.48046875,10240.0,5146.0,546.17,NVIDIA GeForce RTX 3080,[N/A],Enabled,Enabled
1701866354.605198,0,GPU-b342434c-f6b6-7627-333e-da750a9991e6,0.21,0.48046875,10240.0,5146.0,546.17,NVIDIA GeForce RTX 3080,[N/A],Enabled,Enabled
1701866355.604596,0,GPU-b342434c-f6b6-7627-333e-da750a9991e6,0.21,0.48046875,10240.0,5146.0,546.17,NVIDIA GeForce RTX 3080,[N/A],Enabled,Enabled
1701866356.604893,0,GPU-b342434c-f6b6-7627-333e-da750a9991e6,0.21,0.48046875,10240.0,5146.0,546.17,NVIDIA GeForce RTX 3080,[N/A],Enabled,Enabled
1701866357.604981,0,GPU-b342434c-f6b6-7627-333e-da750a9991e6,0.21,0.48046875,10240.0,5146.0,546.17,NVIDIA GeForce RTX 3080,[N/A],Enabled,Enabled
1701866358.604369,0,GPU-b342434c-f6b6-7627-333e-da750a9991e6,0.21,0.48046875,10240.0,5146.0,546.17,NVIDIA GeForce RTX 3080,[N/A],Enabled,Enabled
1701866359.604945,0,GPU-b342434c-f6b6-7627-333e-da750a9991e6,0.21,0.48046875,10240.0,5146.0,546.17,NVIDIA GeForce RTX 3080,[N/A],Enabled,Enabled
1701866360.60491,0,GPU-b342434c-f6b6-7627-333e-da750a9991e6,0.21,0.48046875,10240.0,5146.0,546.17,NVIDIA GeForce RTX 3080,[N/A],Enabled,Enabled
1701866361.604329,0,GPU-b342434c-f6b6-7627-333e-da750a9991e6,0.21,0.48046875,10240.0,5146.0,546.17,NVIDIA GeForce RTX 3080,[N/A],Enabled,Enabled
1701866362.605382,0,GPU-b342434c-f6b6-7627-333e-da750a9991e6,0.23,0.48046875,10240.0,5146.0,546.17,NVIDIA GeForce RTX 3080,[N/A],Enabled,Enabled
1701866363.604635,0,GPU-b342434c-f6b6-7627-333e-da750a9991e6,0.22,0.48046875,10240.0,5146.0,546.17,NVIDIA GeForce RTX 3080,[N/A],Enabled,Enabled
1701866364.604647,0,GPU-b342434c-f6b6-7627-333e-da750a9991e6,0.22,0.4814453125,10240.0,5136.0,546.17,NVIDIA GeForce RTX 3080,[N/A],Enabled,Enabled
1701866365.604648,0,GPU-b342434c-f6b6-7627-333e-da750a9991e6,0.22,0.4814453125,10240.0,5136.0,546.17,NVIDIA GeForce RTX 3080,[N/A],Enabled,Enabled
1701866366.60492,0,GPU-b342434c-f6b6-7627-333e-da750a9991e6,0.22,0.4814453125,10240.0,5136.0,546.17,NVIDIA GeForce RTX 3080,[N/A],Enabled,Enabled
1701866367.605183,0,GPU-b342434c-f6b6-7627-333e-da750a9991e6,0.21,0.4814453125,10240.0,5136.0,546.17,NVIDIA GeForce RTX 3080,[N/A],Enabled,Enabled
1701866368.604657,0,GPU-b342434c-f6b6-7627-333e-da750a9991e6,0.22,0.4814453125,10240.0,5136.0,546.17,NVIDIA GeForce RTX 3080,[N/A],Enabled,Enabled
1701866369.604865,0,GPU-b342434c-f6b6-7627-333e-da750a9991e6,0.22,0.4814453125,10240.0,5136.0,546.17,NVIDIA GeForce RTX 3080,[N/A],Enabled,Enabled
1701866370.605553,0,GPU-b342434c-f6b6-7627-333e-da750a9991e6,0.22,0.48134765625,10240.0,5137.0,546.17,NVIDIA GeForce RTX 3080,[N/A],Enabled,Enabled
1701866371.604897,0,GPU-b342434c-f6b6-7627-333e-da750a9991e6,0.22,0.48134765625,10240.0,5137.0,546.17,NVIDIA GeForce RTX 3080,[N/A],Enabled,Enabled
1701866372.604993,0,GPU-b342434c-f6b6-7627-333e-da750a9991e6,0.22,0.48056640625,10240.0,5145.0,546.17,NVIDIA GeForce RTX 3080,[N/A],Enabled,Enabled
1701866373.604979,0,GPU-b342434c-f6b6-7627-333e-da750a9991e6,0.22,0.48056640625,10240.0,5145.0,546.17,NVIDIA GeForce RTX 3080,[N/A],Enabled,Enabled
1701866374.604718,0,GPU-b342434c-f6b6-7627-333e-da750a9991e6,0.21,0.48056640625,10240.0,5145.0,546.17,NVIDIA GeForce RTX 3080,[N/A],Enabled,Enabled
1701866375.604549,0,GPU-b342434c-f6b6-7627-333e-da750a9991e6,0.21,0.48056640625,10240.0,5145.0,546.17,NVIDIA GeForce RTX 3080,[N/A],Enabled,Enabled
1701866376.604474,0,GPU-b342434c-f6b6-7627-333e-da750a9991e6,0.21,0.48056640625,10240.0,5145.0,546.17,NVIDIA GeForce RTX 3080,[N/A],Enabled,Enabled
1701866377.604604,0,GPU-b342434c-f6b6-7627-333e-da750a9991e6,0.21,0.48056640625,10240.0,5145.0,546.17,NVIDIA GeForce RTX 3080,[N/A],Enabled,Enabled
1701866378.604639,0,GPU-b342434c-f6b6-7627-333e-da750a9991e6,0.21,0.4814453125,10240.0,5136.0,546.17,NVIDIA GeForce RTX 3080,[N/A],Enabled,Enabled
1701866379.604524,0,GPU-b342434c-f6b6-7627-333e-da750a9991e6,0.21,0.4814453125,10240.0,5136.0,546.17,NVIDIA GeForce RTX 3080,[N/A],Enabled,Enabled
1701866380.604789,0,GPU-b342434c-f6b6-7627-333e-da750a9991e6,0.21,0.4814453125,10240.0,5136.0,546.17,NVIDIA GeForce RTX 3080,[N/A],Enabled,Enabled
1701866381.604586,0,GPU-b342434c-f6b6-7627-333e-da750a9991e6,0.21,0.4814453125,10240.0,5136.0,546.17,NVIDIA GeForce RTX 3080,[N/A],Enabled,Enabled
1701866382.604901,0,GPU-b342434c-f6b6-7627-333e-da750a9991e6,0.22,0.4814453125,10240.0,5136.0,546.17,NVIDIA GeForce RTX 3080,[N/A],Enabled,Enabled
1701866383.604591,0,GPU-b342434c-f6b6-7627-333e-da750a9991e6,0.21,0.4814453125,10240.0,5136.0,546.17,NVIDIA GeForce RTX 3080,[N/A],Enabled,Enabled
1701866384.605563,0,GPU-b342434c-f6b6-7627-333e-da750a9991e6,0.22,0.48134765625,10240.0,5137.0,546.17,NVIDIA GeForce RTX 3080,[N/A],Enabled,Enabled
1701866385.60423,0,GPU-b342434c-f6b6-7627-333e-da750a9991e6,0.2,0.48134765625,10240.0,5137.0,546.17,NVIDIA GeForce RTX 3080,[N/A],Enabled,Enabled
1701866386.604894,0,GPU-b342434c-f6b6-7627-333e-da750a9991e6,0.21,0.48056640625,10240.0,5145.0,546.17,NVIDIA GeForce RTX 3080,[N/A],Enabled,Enabled
1701866387.605275,0,GPU-b342434c-f6b6-7627-333e-da750a9991e6,0.22,0.48056640625,10240.0,5145.0,546.17,NVIDIA GeForce RTX 3080,[N/A],Enabled,Enabled
1701866388.605188,0,GPU-b342434c-f6b6-7627-333e-da750a9991e6,0.21,0.48046875,10240.0,5146.0,546.17,NVIDIA GeForce RTX 3080,[N/A],Enabled,Enabled
1701866389.605255,0,GPU-b342434c-f6b6-7627-333e-da750a9991e6,0.21,0.48046875,10240.0,5146.0,546.17,NVIDIA GeForce RTX 3080,[N/A],Enabled,Enabled
1701866390.605404,0,GPU-b342434c-f6b6-7627-333e-da750a9991e6,0.21,0.48046875,10240.0,5146.0,546.17,NVIDIA GeForce RTX 3080,[N/A],Enabled,Enabled
1701866391.605091,0,GPU-b342434c-f6b6-7627-333e-da750a9991e6,0.2,0.48046875,10240.0,5146.0,546.17,NVIDIA GeForce RTX 3080,[N/A],Enabled,Enabled
1701866392.605261,0,GPU-b342434c-f6b6-7627-333e-da750a9991e6,0.2,0.48046875,10240.0,5146.0,546.17,NVIDIA GeForce RTX 3080,[N/A],Enabled,Enabled
1701866393.604815,0,GPU-b342434c-f6b6-7627-333e-da750a9991e6,0.21,0.4814453125,10240.0,5136.0,546.17,NVIDIA GeForce RTX 3080,[N/A],Enabled,Enabled
1701866394.604767,0,GPU-b342434c-f6b6-7627-333e-da750a9991e6,0.21,0.4814453125,10240.0,5136.0,546.17,NVIDIA GeForce RTX 3080,[N/A],Enabled,Enabled
1701866395.604777,0,GPU-b342434c-f6b6-7627-333e-da750a9991e6,0.21,0.4814453125,10240.0,5136.0,546.17,NVIDIA GeForce RTX 3080,[N/A],Enabled,Enabled
1701866396.604608,0,GPU-b342434c-f6b6-7627-333e-da750a9991e6,0.21,0.4814453125,10240.0,5136.0,546.17,NVIDIA GeForce RTX 3080,[N/A],Enabled,Enabled
1701866397.605179,0,GPU-b342434c-f6b6-7627-333e-da750a9991e6,0.2,0.4814453125,10240.0,5136.0,546.17,NVIDIA GeForce RTX 3080,[N/A],Enabled,Enabled
1701866398.605034,0,GPU-b342434c-f6b6-7627-333e-da750a9991e6,0.21,0.4814453125,10240.0,5136.0,546.17,NVIDIA GeForce RTX 3080,[N/A],Enabled,Enabled
1701866399.604623,0,GPU-b342434c-f6b6-7627-333e-da750a9991e6,0.2,0.4814453125,10240.0,5136.0,546.17,NVIDIA GeForce RTX 3080,[N/A],Enabled,Enabled
1701866400.605054,0,GPU-b342434c-f6b6-7627-333e-da750a9991e6,0.21,0.4814453125,10240.0,5136.0,546.17,NVIDIA GeForce RTX 3080,[N/A],Enabled,Enabled
1701866401.604528,0,GPU-b342434c-f6b6-7627-333e-da750a9991e6,0.21,0.4806640625,10240.0,5144.0,546.17,NVIDIA GeForce RTX 3080,[N/A],Enabled,Enabled
1701866402.605187,0,GPU-b342434c-f6b6-7627-333e-da750a9991e6,0.21,0.4806640625,10240.0,5144.0,546.17,NVIDIA GeForce RTX 3080,[N/A],Enabled,Enabled
1701866403.605383,0,GPU-b342434c-f6b6-7627-333e-da750a9991e6,0.21,0.48056640625,10240.0,5145.0,546.17,NVIDIA GeForce RTX 3080,[N/A],Enabled,Enabled
1701866404.605177,0,GPU-b342434c-f6b6-7627-333e-da750a9991e6,0.21,0.48056640625,10240.0,5145.0,546.17,NVIDIA GeForce RTX 3080,[N/A],Enabled,Enabled
1701866405.604671,0,GPU-b342434c-f6b6-7627-333e-da750a9991e6,0.21,0.48056640625,10240.0,5145.0,546.17,NVIDIA GeForce RTX 3080,[N/A],Enabled,Enabled
1701866406.605391,0,GPU-b342434c-f6b6-7627-333e-da750a9991e6,0.21,0.48056640625,10240.0,5145.0,546.17,NVIDIA GeForce RTX 3080,[N/A],Enabled,Enabled
1701866407.604699,0,GPU-b342434c-f6b6-7627-333e-da750a9991e6,0.21,0.48056640625,10240.0,5145.0,546.17,NVIDIA GeForce RTX 3080,[N/A],Enabled,Enabled
1701866408.605349,0,GPU-b342434c-f6b6-7627-333e-da750a9991e6,0.21,0.48046875,10240.0,5146.0,546.17,NVIDIA GeForce RTX 3080,[N/A],Enabled,Enabled
1701866409.604498,0,GPU-b342434c-f6b6-7627-333e-da750a9991e6,0.21,0.48046875,10240.0,5146.0,546.17,NVIDIA GeForce RTX 3080,[N/A],Enabled,Enabled
1701866410.604921,0,GPU-b342434c-f6b6-7627-333e-da750a9991e6,0.22,0.48046875,10240.0,5146.0,546.17,NVIDIA GeForce RTX 3080,[N/A],Enabled,Enabled
1701866411.604927,0,GPU-b342434c-f6b6-7627-333e-da750a9991e6,0.2,0.4814453125,10240.0,5136.0,546.17,NVIDIA GeForce RTX 3080,[N/A],Enabled,Enabled
1701866412.605349,0,GPU-b342434c-f6b6-7627-333e-da750a9991e6,0.2,0.4814453125,10240.0,5136.0,546.17,NVIDIA GeForce RTX 3080,[N/A],Enabled,Enabled
1701866413.605407,0,GPU-b342434c-f6b6-7627-333e-da750a9991e6,0.17,0.47451171875,10240.0,5207.0,546.17,NVIDIA GeForce RTX 3080,[N/A],Enabled,Enabled
1701866414.604643,0,GPU-b342434c-f6b6-7627-333e-da750a9991e6,0.18,0.47451171875,10240.0,5207.0,546.17,NVIDIA GeForce RTX 3080,[N/A],Enabled,Enabled
1701866415.604844,0,GPU-b342434c-f6b6-7627-333e-da750a9991e6,0.18,0.47451171875,10240.0,5207.0,546.17,NVIDIA GeForce RTX 3080,[N/A],Enabled,Enabled
1701866416.60507,0,GPU-b342434c-f6b6-7627-333e-da750a9991e6,0.17,0.47080078125,10240.0,5245.0,546.17,NVIDIA GeForce RTX 3080,[N/A],Enabled,Enabled
1701866417.604757,0,GPU-b342434c-f6b6-7627-333e-da750a9991e6,0.18,0.470703125,10240.0,5246.0,546.17,NVIDIA GeForce RTX 3080,[N/A],Enabled,Enabled
1701866418.605188,0,GPU-b342434c-f6b6-7627-333e-da750a9991e6,0.18,0.4744140625,10240.0,5208.0,546.17,NVIDIA GeForce RTX 3080,[N/A],Enabled,Enabled
1701866419.604923,0,GPU-b342434c-f6b6-7627-333e-da750a9991e6,0.17,0.470703125,10240.0,5246.0,546.17,NVIDIA GeForce RTX 3080,[N/A],Enabled,Enabled
1701866420.604796,0,GPU-b342434c-f6b6-7627-333e-da750a9991e6,0.18,0.4736328125,10240.0,5216.0,546.17,NVIDIA GeForce RTX 3080,[N/A],Enabled,Enabled
1701866421.60471,0,GPU-b342434c-f6b6-7627-333e-da750a9991e6,0.17,0.469921875,10240.0,5254.0,546.17,NVIDIA GeForce RTX 3080,[N/A],Enabled,Enabled
1701866422.605246,0,GPU-b342434c-f6b6-7627-333e-da750a9991e6,0.17,0.469921875,10240.0,5254.0,546.17,NVIDIA GeForce RTX 3080,[N/A],Enabled,Enabled
1701866423.604341,0,GPU-b342434c-f6b6-7627-333e-da750a9991e6,0.17,0.45244140625,10240.0,5433.0,546.17,NVIDIA GeForce RTX 3080,[N/A],Enabled,Enabled
1701866424.605086,0,GPU-b342434c-f6b6-7627-333e-da750a9991e6,0.16,0.41591796875,10240.0,5807.0,546.17,NVIDIA GeForce RTX 3080,[N/A],Enabled,Enabled
1701866425.604953,0,GPU-b342434c-f6b6-7627-333e-da750a9991e6,0.2,0.414453125,10240.0,5822.0,546.17,NVIDIA GeForce RTX 3080,[N/A],Enabled,Enabled
1701866426.604517,0,GPU-b342434c-f6b6-7627-333e-da750a9991e6,0.06,0.4142578125,10240.0,5824.0,546.17,NVIDIA GeForce RTX 3080,[N/A],Enabled,Enabled
1701866427.604579,0,GPU-b342434c-f6b6-7627-333e-da750a9991e6,0.04,0.41279296875,10240.0,5839.0,546.17,NVIDIA GeForce RTX 3080,[N/A],Enabled,Enabled
1701866428.604738,0,GPU-b342434c-f6b6-7627-333e-da750a9991e6,0.04,0.41279296875,10240.0,5839.0,546.17,NVIDIA GeForce RTX 3080,[N/A],Enabled,Enabled
1701866429.605445,0,GPU-b342434c-f6b6-7627-333e-da750a9991e6,0.04,0.4126953125,10240.0,5840.0,546.17,NVIDIA GeForce RTX 3080,[N/A],Enabled,Enabled
1701866430.605146,0,GPU-b342434c-f6b6-7627-333e-da750a9991e6,0.05,0.4126953125,10240.0,5840.0,546.17,NVIDIA GeForce RTX 3080,[N/A],Enabled,Enabled
1701866431.605585,0,GPU-b342434c-f6b6-7627-333e-da750a9991e6,0.04,0.4126953125,10240.0,5840.0,546.17,NVIDIA GeForce RTX 3080,[N/A],Enabled,Enabled
1701866432.604768,0,GPU-b342434c-f6b6-7627-333e-da750a9991e6,0.05,0.4126953125,10240.0,5840.0,546.17,NVIDIA GeForce RTX 3080,[N/A],Enabled,Enabled
