timestamp,id,uuid,load,memoryUtil,memoryTotal,memoryUsed,memoryFree,driver,name,serial,display_mode,display_active
1702425024.870162,0,GPU-93ae0c7f-c327-aee3-adae-bc0d1dae71ea,0.15,0.3320306139065299,12282.0,7947.0,546.29,NVIDIA GeForce RTX 4070,[N/A],Enabled,Enabled
1702425025.86718,0,GPU-93ae0c7f-c327-aee3-adae-bc0d1dae71ea,0.14,0.3320306139065299,12282.0,7947.0,546.29,NVIDIA GeForce RTX 4070,[N/A],Enabled,Enabled
1702425026.866797,0,GPU-93ae0c7f-c327-aee3-adae-bc0d1dae71ea,0.15,0.3320306139065299,12282.0,7947.0,546.29,NVIDIA GeForce RTX 4070,[N/A],Enabled,Enabled
1702425027.867082,0,GPU-93ae0c7f-c327-aee3-adae-bc0d1dae71ea,0.15,0.3320306139065299,12282.0,7947.0,546.29,NVIDIA GeForce RTX 4070,[N/A],Enabled,Enabled
1702425028.867326,0,GPU-93ae0c7f-c327-aee3-adae-bc0d1dae71ea,0.15,0.3320306139065299,12282.0,7947.0,546.29,NVIDIA GeForce RTX 4070,[N/A],Enabled,Enabled
1702425029.867346,0,GPU-93ae0c7f-c327-aee3-adae-bc0d1dae71ea,0.15,0.3320306139065299,12282.0,7947.0,546.29,NVIDIA GeForce RTX 4070,[N/A],Enabled,Enabled
1702425030.867349,0,GPU-93ae0c7f-c327-aee3-adae-bc0d1dae71ea,0.15,0.3320306139065299,12282.0,7947.0,546.29,NVIDIA GeForce RTX 4070,[N/A],Enabled,Enabled
1702425031.867998,0,GPU-93ae0c7f-c327-aee3-adae-bc0d1dae71ea,0.15,0.3320306139065299,12282.0,7947.0,546.29,NVIDIA GeForce RTX 4070,[N/A],Enabled,Enabled
1702425032.866883,0,GPU-93ae0c7f-c327-aee3-adae-bc0d1dae71ea,0.15,0.3320306139065299,12282.0,7947.0,546.29,NVIDIA GeForce RTX 4070,[N/A],Enabled,Enabled
1702425033.867531,0,GPU-93ae0c7f-c327-aee3-adae-bc0d1dae71ea,0.15,0.3320306139065299,12282.0,7947.0,546.29,NVIDIA GeForce RTX 4070,[N/A],Enabled,Enabled
1702425034.866802,0,GPU-93ae0c7f-c327-aee3-adae-bc0d1dae71ea,0.15,0.3309721543722521,12282.0,7960.0,546.29,NVIDIA GeForce RTX 4070,[N/A],Enabled,Enabled
1702425035.866783,0,GPU-93ae0c7f-c327-aee3-adae-bc0d1dae71ea,0.15,0.3309721543722521,12282.0,7960.0,546.29,NVIDIA GeForce RTX 4070,[N/A],Enabled,Enabled
1702425036.866617,0,GPU-93ae0c7f-c327-aee3-adae-bc0d1dae71ea,0.15,0.3309721543722521,12282.0,7960.0,546.29,NVIDIA GeForce RTX 4070,[N/A],Enabled,Enabled
1702425037.867499,0,GPU-93ae0c7f-c327-aee3-adae-bc0d1dae71ea,0.15,0.33048363458720076,12282.0,7966.0,546.29,NVIDIA GeForce RTX 4070,[N/A],Enabled,Enabled
1702425038.867274,0,GPU-93ae0c7f-c327-aee3-adae-bc0d1dae71ea,0.16,0.33146067415730335,12282.0,7954.0,546.29,NVIDIA GeForce RTX 4070,[N/A],Enabled,Enabled
1702425039.867487,0,GPU-93ae0c7f-c327-aee3-adae-bc0d1dae71ea,0.14,0.34114964989415403,12282.0,7835.0,546.29,NVIDIA GeForce RTX 4070,[N/A],Enabled,Enabled
1702425040.866506,0,GPU-93ae0c7f-c327-aee3-adae-bc0d1dae71ea,0.21,0.4330727894479726,12282.0,6706.0,546.29,NVIDIA GeForce RTX 4070,[N/A],Enabled,Enabled
1702425041.866778,0,GPU-93ae0c7f-c327-aee3-adae-bc0d1dae71ea,0.09,0.3991206643869077,12282.0,7123.0,546.29,NVIDIA GeForce RTX 4070,[N/A],Enabled,Enabled
1702425042.866725,0,GPU-93ae0c7f-c327-aee3-adae-bc0d1dae71ea,0.09,0.3991206643869077,12282.0,7123.0,546.29,NVIDIA GeForce RTX 4070,[N/A],Enabled,Enabled
1702425043.867287,0,GPU-93ae0c7f-c327-aee3-adae-bc0d1dae71ea,0.1,0.4014004233838137,12282.0,7095.0,546.29,NVIDIA GeForce RTX 4070,[N/A],Enabled,Enabled
1702425044.867233,0,GPU-93ae0c7f-c327-aee3-adae-bc0d1dae71ea,0.27,0.5431525810128643,12282.0,5354.0,546.29,NVIDIA GeForce RTX 4070,[N/A],Enabled,Enabled
1702425045.867248,0,GPU-93ae0c7f-c327-aee3-adae-bc0d1dae71ea,0.32,0.5160397329425175,12282.0,5687.0,546.29,NVIDIA GeForce RTX 4070,[N/A],Enabled,Enabled
1702425046.867329,0,GPU-93ae0c7f-c327-aee3-adae-bc0d1dae71ea,0.27,0.5160397329425175,12282.0,5687.0,546.29,NVIDIA GeForce RTX 4070,[N/A],Enabled,Enabled
1702425047.867024,0,GPU-93ae0c7f-c327-aee3-adae-bc0d1dae71ea,0.24,0.5117244748412311,12282.0,5740.0,546.29,NVIDIA GeForce RTX 4070,[N/A],Enabled,Enabled
1702425048.866453,0,GPU-93ae0c7f-c327-aee3-adae-bc0d1dae71ea,0.24,0.5117244748412311,12282.0,5740.0,546.29,NVIDIA GeForce RTX 4070,[N/A],Enabled,Enabled
1702425049.867865,0,GPU-93ae0c7f-c327-aee3-adae-bc0d1dae71ea,0.29,0.6163491288063834,12282.0,4455.0,546.29,NVIDIA GeForce RTX 4070,[N/A],Enabled,Enabled
1702425050.867307,0,GPU-93ae0c7f-c327-aee3-adae-bc0d1dae71ea,0.28,0.5174238723334962,12282.0,5670.0,546.29,NVIDIA GeForce RTX 4070,[N/A],Enabled,Enabled
1702425051.867364,0,GPU-93ae0c7f-c327-aee3-adae-bc0d1dae71ea,0.31,0.5174238723334962,12282.0,5670.0,546.29,NVIDIA GeForce RTX 4070,[N/A],Enabled,Enabled
1702425052.866937,0,GPU-93ae0c7f-c327-aee3-adae-bc0d1dae71ea,0.26,0.5174238723334962,12282.0,5670.0,546.29,NVIDIA GeForce RTX 4070,[N/A],Enabled,Enabled
1702425053.866971,0,GPU-93ae0c7f-c327-aee3-adae-bc0d1dae71ea,0.27,0.517342452369321,12282.0,5671.0,546.29,NVIDIA GeForce RTX 4070,[N/A],Enabled,Enabled
1702425054.867524,0,GPU-93ae0c7f-c327-aee3-adae-bc0d1dae71ea,0.28,0.517342452369321,12282.0,5671.0,546.29,NVIDIA GeForce RTX 4070,[N/A],Enabled,Enabled
1702425055.867295,0,GPU-93ae0c7f-c327-aee3-adae-bc0d1dae71ea,0.29,0.5171796124409705,12282.0,5673.0,546.29,NVIDIA GeForce RTX 4070,[N/A],Enabled,Enabled
1702425056.867603,0,GPU-93ae0c7f-c327-aee3-adae-bc0d1dae71ea,0.26,0.5128643543396841,12282.0,5726.0,546.29,NVIDIA GeForce RTX 4070,[N/A],Enabled,Enabled
1702425057.866841,0,GPU-93ae0c7f-c327-aee3-adae-bc0d1dae71ea,0.28,0.5158768930141671,12282.0,5689.0,546.29,NVIDIA GeForce RTX 4070,[N/A],Enabled,Enabled
1702425058.867703,0,GPU-93ae0c7f-c327-aee3-adae-bc0d1dae71ea,0.26,0.5109916951636542,12282.0,5749.0,546.29,NVIDIA GeForce RTX 4070,[N/A],Enabled,Enabled
1702425059.867124,0,GPU-93ae0c7f-c327-aee3-adae-bc0d1dae71ea,0.3,0.5152255333007654,12282.0,5697.0,546.29,NVIDIA GeForce RTX 4070,[N/A],Enabled,Enabled
1702425060.866733,0,GPU-93ae0c7f-c327-aee3-adae-bc0d1dae71ea,0.26,0.5152255333007654,12282.0,5697.0,546.29,NVIDIA GeForce RTX 4070,[N/A],Enabled,Enabled
1702425061.866828,0,GPU-93ae0c7f-c327-aee3-adae-bc0d1dae71ea,0.2,0.5129457743038593,12282.0,5725.0,546.29,NVIDIA GeForce RTX 4070,[N/A],Enabled,Enabled
1702425062.867671,0,GPU-93ae0c7f-c327-aee3-adae-bc0d1dae71ea,0.36,0.5190522716170005,12282.0,5650.0,546.29,NVIDIA GeForce RTX 4070,[N/A],Enabled,Enabled
1702425063.867604,0,GPU-93ae0c7f-c327-aee3-adae-bc0d1dae71ea,0.4,0.5190522716170005,12282.0,5650.0,546.29,NVIDIA GeForce RTX 4070,[N/A],Enabled,Enabled
1702425064.867337,0,GPU-93ae0c7f-c327-aee3-adae-bc0d1dae71ea,0.19,0.5190522716170005,12282.0,5650.0,546.29,NVIDIA GeForce RTX 4070,[N/A],Enabled,Enabled
1702425065.867519,0,GPU-93ae0c7f-c327-aee3-adae-bc0d1dae71ea,0.17,0.5190522716170005,12282.0,5650.0,546.29,NVIDIA GeForce RTX 4070,[N/A],Enabled,Enabled
1702425066.86759,0,GPU-93ae0c7f-c327-aee3-adae-bc0d1dae71ea,0.15,0.5190522716170005,12282.0,5650.0,546.29,NVIDIA GeForce RTX 4070,[N/A],Enabled,Enabled
1702425067.866836,0,GPU-93ae0c7f-c327-aee3-adae-bc0d1dae71ea,0.25,0.5190522716170005,12282.0,5650.0,546.29,NVIDIA GeForce RTX 4070,[N/A],Enabled,Enabled
1702425068.867009,0,GPU-93ae0c7f-c327-aee3-adae-bc0d1dae71ea,0.14,0.5188894316886501,12282.0,5652.0,546.29,NVIDIA GeForce RTX 4070,[N/A],Enabled,Enabled
1702425069.86761,0,GPU-93ae0c7f-c327-aee3-adae-bc0d1dae71ea,0.11,0.5188894316886501,12282.0,5652.0,546.29,NVIDIA GeForce RTX 4070,[N/A],Enabled,Enabled
1702425070.867084,0,GPU-93ae0c7f-c327-aee3-adae-bc0d1dae71ea,0.16,0.5188894316886501,12282.0,5652.0,546.29,NVIDIA GeForce RTX 4070,[N/A],Enabled,Enabled
1702425071.867029,0,GPU-93ae0c7f-c327-aee3-adae-bc0d1dae71ea,0.06,0.5188894316886501,12282.0,5652.0,546.29,NVIDIA GeForce RTX 4070,[N/A],Enabled,Enabled
1702425072.866904,0,GPU-93ae0c7f-c327-aee3-adae-bc0d1dae71ea,0.18,0.5188894316886501,12282.0,5652.0,546.29,NVIDIA GeForce RTX 4070,[N/A],Enabled,Enabled
1702425073.867669,0,GPU-93ae0c7f-c327-aee3-adae-bc0d1dae71ea,0.14,0.5188894316886501,12282.0,5652.0,546.29,NVIDIA GeForce RTX 4070,[N/A],Enabled,Enabled
1702425074.867017,0,GPU-93ae0c7f-c327-aee3-adae-bc0d1dae71ea,0.06,0.5188894316886501,12282.0,5652.0,546.29,NVIDIA GeForce RTX 4070,[N/A],Enabled,Enabled
1702425075.867269,0,GPU-93ae0c7f-c327-aee3-adae-bc0d1dae71ea,0.19,0.5188894316886501,12282.0,5652.0,546.29,NVIDIA GeForce RTX 4070,[N/A],Enabled,Enabled
1702425076.86725,0,GPU-93ae0c7f-c327-aee3-adae-bc0d1dae71ea,0.06,0.5188894316886501,12282.0,5652.0,546.29,NVIDIA GeForce RTX 4070,[N/A],Enabled,Enabled
1702425077.86746,0,GPU-93ae0c7f-c327-aee3-adae-bc0d1dae71ea,0.16,0.5188894316886501,12282.0,5652.0,546.29,NVIDIA GeForce RTX 4070,[N/A],Enabled,Enabled
1702425078.866872,0,GPU-93ae0c7f-c327-aee3-adae-bc0d1dae71ea,0.14,0.5188894316886501,12282.0,5652.0,546.29,NVIDIA GeForce RTX 4070,[N/A],Enabled,Enabled
1702425079.866796,0,GPU-93ae0c7f-c327-aee3-adae-bc0d1dae71ea,0.06,0.5188894316886501,12282.0,5652.0,546.29,NVIDIA GeForce RTX 4070,[N/A],Enabled,Enabled
1702425080.866951,0,GPU-93ae0c7f-c327-aee3-adae-bc0d1dae71ea,0.15,0.5192965315095261,12282.0,5647.0,546.29,NVIDIA GeForce RTX 4070,[N/A],Enabled,Enabled
1702425081.867266,0,GPU-93ae0c7f-c327-aee3-adae-bc0d1dae71ea,0.31,0.5191336915811757,12282.0,5649.0,546.29,NVIDIA GeForce RTX 4070,[N/A],Enabled,Enabled
1702425082.86734,0,GPU-93ae0c7f-c327-aee3-adae-bc0d1dae71ea,0.3,0.5191336915811757,12282.0,5649.0,546.29,NVIDIA GeForce RTX 4070,[N/A],Enabled,Enabled
1702425083.867394,0,GPU-93ae0c7f-c327-aee3-adae-bc0d1dae71ea,0.25,0.5148184334798893,12282.0,5702.0,546.29,NVIDIA GeForce RTX 4070,[N/A],Enabled,Enabled
1702425084.867391,0,GPU-93ae0c7f-c327-aee3-adae-bc0d1dae71ea,0.12,0.5148184334798893,12282.0,5702.0,546.29,NVIDIA GeForce RTX 4070,[N/A],Enabled,Enabled
1702425085.866848,0,GPU-93ae0c7f-c327-aee3-adae-bc0d1dae71ea,0.11,0.5148184334798893,12282.0,5702.0,546.29,NVIDIA GeForce RTX 4070,[N/A],Enabled,Enabled
1702425086.867595,0,GPU-93ae0c7f-c327-aee3-adae-bc0d1dae71ea,0.07,0.2951473701351571,12282.0,8400.0,546.29,NVIDIA GeForce RTX 4070,[N/A],Enabled,Enabled
1702425087.867012,0,GPU-93ae0c7f-c327-aee3-adae-bc0d1dae71ea,0.15,0.3322748737990555,12282.0,7944.0,546.29,NVIDIA GeForce RTX 4070,[N/A],Enabled,Enabled
1702425088.867054,0,GPU-93ae0c7f-c327-aee3-adae-bc0d1dae71ea,0.15,0.3326005536557564,12282.0,7940.0,546.29,NVIDIA GeForce RTX 4070,[N/A],Enabled,Enabled
1702425089.867267,0,GPU-93ae0c7f-c327-aee3-adae-bc0d1dae71ea,0.15,0.33300765347663247,12282.0,7935.0,546.29,NVIDIA GeForce RTX 4070,[N/A],Enabled,Enabled
1702425090.866712,0,GPU-93ae0c7f-c327-aee3-adae-bc0d1dae71ea,0.15,0.33300765347663247,12282.0,7935.0,546.29,NVIDIA GeForce RTX 4070,[N/A],Enabled,Enabled
1702425091.866938,0,GPU-93ae0c7f-c327-aee3-adae-bc0d1dae71ea,0.15,0.33300765347663247,12282.0,7935.0,546.29,NVIDIA GeForce RTX 4070,[N/A],Enabled,Enabled
1702425092.867531,0,GPU-93ae0c7f-c327-aee3-adae-bc0d1dae71ea,0.15,0.33292623351245726,12282.0,7936.0,546.29,NVIDIA GeForce RTX 4070,[N/A],Enabled,Enabled
