timestamp,id,uuid,load,memoryUtil,memoryTotal,memoryUsed,memoryFree,driver,name,serial,display_mode,display_active
1709649887.160729,0,GPU-93ae0c7f-c327-aee3-adae-bc0d1dae71ea,0.17,0.26477772349780165,12282.0,8759.0,551.61,NVIDIA GeForce RTX 4070,[N/A],Enabled,Enabled
1709649888.156677,0,GPU-93ae0c7f-c327-aee3-adae-bc0d1dae71ea,0.17,0.26477772349780165,12282.0,8759.0,551.61,NVIDIA GeForce RTX 4070,[N/A],Enabled,Enabled
1709649889.156182,0,GPU-93ae0c7f-c327-aee3-adae-bc0d1dae71ea,0.17,0.26477772349780165,12282.0,8759.0,551.61,NVIDIA GeForce RTX 4070,[N/A],Enabled,Enabled
1709649890.157185,0,GPU-93ae0c7f-c327-aee3-adae-bc0d1dae71ea,0.17,0.26477772349780165,12282.0,8759.0,551.61,NVIDIA GeForce RTX 4070,[N/A],Enabled,Enabled
1709649891.156507,0,GPU-93ae0c7f-c327-aee3-adae-bc0d1dae71ea,0.17,0.26477772349780165,12282.0,8759.0,551.61,NVIDIA GeForce RTX 4070,[N/A],Enabled,Enabled
1709649892.156594,0,GPU-93ae0c7f-c327-aee3-adae-bc0d1dae71ea,0.17,0.26477772349780165,12282.0,8759.0,551.61,NVIDIA GeForce RTX 4070,[N/A],Enabled,Enabled
1709649893.157451,0,GPU-93ae0c7f-c327-aee3-adae-bc0d1dae71ea,0.17,0.26477772349780165,12282.0,8759.0,551.61,NVIDIA GeForce RTX 4070,[N/A],Enabled,Enabled
1709649894.156672,0,GPU-93ae0c7f-c327-aee3-adae-bc0d1dae71ea,0.17,0.26477772349780165,12282.0,8759.0,551.61,NVIDIA GeForce RTX 4070,[N/A],Enabled,Enabled
1709649895.156816,0,GPU-93ae0c7f-c327-aee3-adae-bc0d1dae71ea,0.17,0.26477772349780165,12282.0,8759.0,551.61,NVIDIA GeForce RTX 4070,[N/A],Enabled,Enabled
1709649896.156458,0,GPU-93ae0c7f-c327-aee3-adae-bc0d1dae71ea,0.17,0.26477772349780165,12282.0,8759.0,551.61,NVIDIA GeForce RTX 4070,[N/A],Enabled,Enabled
1709649897.156529,0,GPU-93ae0c7f-c327-aee3-adae-bc0d1dae71ea,0.17,0.26477772349780165,12282.0,8759.0,551.61,NVIDIA GeForce RTX 4070,[N/A],Enabled,Enabled
1709649898.156978,0,GPU-93ae0c7f-c327-aee3-adae-bc0d1dae71ea,0.17,0.26477772349780165,12282.0,8759.0,551.61,NVIDIA GeForce RTX 4070,[N/A],Enabled,Enabled
1709649899.15607,0,GPU-93ae0c7f-c327-aee3-adae-bc0d1dae71ea,0.17,0.26477772349780165,12282.0,8759.0,551.61,NVIDIA GeForce RTX 4070,[N/A],Enabled,Enabled
1709649900.155993,0,GPU-93ae0c7f-c327-aee3-adae-bc0d1dae71ea,0.17,0.26477772349780165,12282.0,8759.0,551.61,NVIDIA GeForce RTX 4070,[N/A],Enabled,Enabled
1709649901.156773,0,GPU-93ae0c7f-c327-aee3-adae-bc0d1dae71ea,0.17,0.26477772349780165,12282.0,8759.0,551.61,NVIDIA GeForce RTX 4070,[N/A],Enabled,Enabled
1709649902.156348,0,GPU-93ae0c7f-c327-aee3-adae-bc0d1dae71ea,0.2,0.2642892037127504,12282.0,8765.0,551.61,NVIDIA GeForce RTX 4070,[N/A],Enabled,Enabled
1709649903.156745,0,GPU-93ae0c7f-c327-aee3-adae-bc0d1dae71ea,0.18,0.26681322260218204,12282.0,8734.0,551.61,NVIDIA GeForce RTX 4070,[N/A],Enabled,Enabled
1709649904.156108,0,GPU-93ae0c7f-c327-aee3-adae-bc0d1dae71ea,0.14,0.372822015958313,12282.0,7432.0,551.61,NVIDIA GeForce RTX 4070,[N/A],Enabled,Enabled
1709649905.156885,0,GPU-93ae0c7f-c327-aee3-adae-bc0d1dae71ea,0.1,0.3376485914346198,12282.0,7864.0,551.61,NVIDIA GeForce RTX 4070,[N/A],Enabled,Enabled
1709649906.156958,0,GPU-93ae0c7f-c327-aee3-adae-bc0d1dae71ea,0.1,0.3376485914346198,12282.0,7864.0,551.61,NVIDIA GeForce RTX 4070,[N/A],Enabled,Enabled
1709649907.156464,0,GPU-93ae0c7f-c327-aee3-adae-bc0d1dae71ea,0.1,0.3376485914346198,12282.0,7864.0,551.61,NVIDIA GeForce RTX 4070,[N/A],Enabled,Enabled
1709649908.156518,0,GPU-93ae0c7f-c327-aee3-adae-bc0d1dae71ea,0.07,0.264533463605276,12282.0,8762.0,551.61,NVIDIA GeForce RTX 4070,[N/A],Enabled,Enabled
1709649909.156778,0,GPU-93ae0c7f-c327-aee3-adae-bc0d1dae71ea,0.33,0.49918580035824783,12282.0,5880.0,551.61,NVIDIA GeForce RTX 4070,[N/A],Enabled,Enabled
1709649910.157194,0,GPU-93ae0c7f-c327-aee3-adae-bc0d1dae71ea,0.33,0.4659664549747598,12282.0,6288.0,551.61,NVIDIA GeForce RTX 4070,[N/A],Enabled,Enabled
1709649911.157116,0,GPU-93ae0c7f-c327-aee3-adae-bc0d1dae71ea,0.33,0.4659664549747598,12282.0,6288.0,551.61,NVIDIA GeForce RTX 4070,[N/A],Enabled,Enabled
1709649912.156856,0,GPU-93ae0c7f-c327-aee3-adae-bc0d1dae71ea,0.3,0.4612440970525973,12282.0,6346.0,551.61,NVIDIA GeForce RTX 4070,[N/A],Enabled,Enabled
1709649913.157437,0,GPU-93ae0c7f-c327-aee3-adae-bc0d1dae71ea,0.31,0.4612440970525973,12282.0,6346.0,551.61,NVIDIA GeForce RTX 4070,[N/A],Enabled,Enabled
1709649914.156802,0,GPU-93ae0c7f-c327-aee3-adae-bc0d1dae71ea,0.3,0.4612440970525973,12282.0,6346.0,551.61,NVIDIA GeForce RTX 4070,[N/A],Enabled,Enabled
1709649915.156805,0,GPU-93ae0c7f-c327-aee3-adae-bc0d1dae71ea,0.35,0.4659664549747598,12282.0,6288.0,551.61,NVIDIA GeForce RTX 4070,[N/A],Enabled,Enabled
1709649916.156909,0,GPU-93ae0c7f-c327-aee3-adae-bc0d1dae71ea,0.09,0.5787331053574336,12282.0,4903.0,551.61,NVIDIA GeForce RTX 4070,[N/A],Enabled,Enabled
1709649917.155997,0,GPU-93ae0c7f-c327-aee3-adae-bc0d1dae71ea,0.32,0.46678065461651197,12282.0,6278.0,551.61,NVIDIA GeForce RTX 4070,[N/A],Enabled,Enabled
1709649918.156518,0,GPU-93ae0c7f-c327-aee3-adae-bc0d1dae71ea,0.3,0.46205829669434945,12282.0,6336.0,551.61,NVIDIA GeForce RTX 4070,[N/A],Enabled,Enabled
1709649919.156686,0,GPU-93ae0c7f-c327-aee3-adae-bc0d1dae71ea,0.28,0.46205829669434945,12282.0,6336.0,551.61,NVIDIA GeForce RTX 4070,[N/A],Enabled,Enabled
1709649920.156408,0,GPU-93ae0c7f-c327-aee3-adae-bc0d1dae71ea,0.26,0.46678065461651197,12282.0,6278.0,551.61,NVIDIA GeForce RTX 4070,[N/A],Enabled,Enabled
1709649921.156751,0,GPU-93ae0c7f-c327-aee3-adae-bc0d1dae71ea,0.29,0.46213971665852466,12282.0,6335.0,551.61,NVIDIA GeForce RTX 4070,[N/A],Enabled,Enabled
1709649922.156218,0,GPU-93ae0c7f-c327-aee3-adae-bc0d1dae71ea,0.32,0.46678065461651197,12282.0,6278.0,551.61,NVIDIA GeForce RTX 4070,[N/A],Enabled,Enabled
1709649923.156353,0,GPU-93ae0c7f-c327-aee3-adae-bc0d1dae71ea,0.33,0.46678065461651197,12282.0,6278.0,551.61,NVIDIA GeForce RTX 4070,[N/A],Enabled,Enabled
1709649924.156629,0,GPU-93ae0c7f-c327-aee3-adae-bc0d1dae71ea,0.29,0.46213971665852466,12282.0,6335.0,551.61,NVIDIA GeForce RTX 4070,[N/A],Enabled,Enabled
1709649925.156449,0,GPU-93ae0c7f-c327-aee3-adae-bc0d1dae71ea,0.31,0.4668620745806872,12282.0,6277.0,551.61,NVIDIA GeForce RTX 4070,[N/A],Enabled,Enabled
1709649926.156746,0,GPU-93ae0c7f-c327-aee3-adae-bc0d1dae71ea,0.33,0.4668620745806872,12282.0,6277.0,551.61,NVIDIA GeForce RTX 4070,[N/A],Enabled,Enabled
1709649927.15608,0,GPU-93ae0c7f-c327-aee3-adae-bc0d1dae71ea,0.29,0.46213971665852466,12282.0,6335.0,551.61,NVIDIA GeForce RTX 4070,[N/A],Enabled,Enabled
1709649928.157401,0,GPU-93ae0c7f-c327-aee3-adae-bc0d1dae71ea,0.29,0.46213971665852466,12282.0,6335.0,551.61,NVIDIA GeForce RTX 4070,[N/A],Enabled,Enabled
1709649929.156029,0,GPU-93ae0c7f-c327-aee3-adae-bc0d1dae71ea,0.31,0.46213971665852466,12282.0,6335.0,551.61,NVIDIA GeForce RTX 4070,[N/A],Enabled,Enabled
1709649930.156561,0,GPU-93ae0c7f-c327-aee3-adae-bc0d1dae71ea,0.32,0.4668620745806872,12282.0,6277.0,551.61,NVIDIA GeForce RTX 4070,[N/A],Enabled,Enabled
1709649931.156647,0,GPU-93ae0c7f-c327-aee3-adae-bc0d1dae71ea,0.29,0.4668620745806872,12282.0,6277.0,551.61,NVIDIA GeForce RTX 4070,[N/A],Enabled,Enabled
1709649932.157301,0,GPU-93ae0c7f-c327-aee3-adae-bc0d1dae71ea,0.25,0.46417521576290505,12282.0,6310.0,551.61,NVIDIA GeForce RTX 4070,[N/A],Enabled,Enabled
1709649933.156242,0,GPU-93ae0c7f-c327-aee3-adae-bc0d1dae71ea,0.37,0.4706073929327471,12282.0,6231.0,551.61,NVIDIA GeForce RTX 4070,[N/A],Enabled,Enabled
1709649934.156437,0,GPU-93ae0c7f-c327-aee3-adae-bc0d1dae71ea,0.42,0.4706073929327471,12282.0,6231.0,551.61,NVIDIA GeForce RTX 4070,[N/A],Enabled,Enabled
1709649935.156106,0,GPU-93ae0c7f-c327-aee3-adae-bc0d1dae71ea,0.38,0.4706073929327471,12282.0,6231.0,551.61,NVIDIA GeForce RTX 4070,[N/A],Enabled,Enabled
1709649936.157126,0,GPU-93ae0c7f-c327-aee3-adae-bc0d1dae71ea,0.36,0.4706073929327471,12282.0,6231.0,551.61,NVIDIA GeForce RTX 4070,[N/A],Enabled,Enabled
1709649937.157103,0,GPU-93ae0c7f-c327-aee3-adae-bc0d1dae71ea,0.39,0.4706073929327471,12282.0,6231.0,551.61,NVIDIA GeForce RTX 4070,[N/A],Enabled,Enabled
1709649938.156493,0,GPU-93ae0c7f-c327-aee3-adae-bc0d1dae71ea,0.36,0.4706073929327471,12282.0,6231.0,551.61,NVIDIA GeForce RTX 4070,[N/A],Enabled,Enabled
1709649939.156214,0,GPU-93ae0c7f-c327-aee3-adae-bc0d1dae71ea,0.35,0.4706073929327471,12282.0,6231.0,551.61,NVIDIA GeForce RTX 4070,[N/A],Enabled,Enabled
1709649940.156592,0,GPU-93ae0c7f-c327-aee3-adae-bc0d1dae71ea,0.36,0.4706073929327471,12282.0,6231.0,551.61,NVIDIA GeForce RTX 4070,[N/A],Enabled,Enabled
1709649941.156603,0,GPU-93ae0c7f-c327-aee3-adae-bc0d1dae71ea,0.38,0.4706073929327471,12282.0,6231.0,551.61,NVIDIA GeForce RTX 4070,[N/A],Enabled,Enabled
1709649942.157063,0,GPU-93ae0c7f-c327-aee3-adae-bc0d1dae71ea,0.36,0.4706073929327471,12282.0,6231.0,551.61,NVIDIA GeForce RTX 4070,[N/A],Enabled,Enabled
1709649943.15591,0,GPU-93ae0c7f-c327-aee3-adae-bc0d1dae71ea,0.36,0.4706073929327471,12282.0,6231.0,551.61,NVIDIA GeForce RTX 4070,[N/A],Enabled,Enabled
1709649944.156752,0,GPU-93ae0c7f-c327-aee3-adae-bc0d1dae71ea,0.4,0.4706073929327471,12282.0,6231.0,551.61,NVIDIA GeForce RTX 4070,[N/A],Enabled,Enabled
1709649945.156321,0,GPU-93ae0c7f-c327-aee3-adae-bc0d1dae71ea,0.36,0.4706073929327471,12282.0,6231.0,551.61,NVIDIA GeForce RTX 4070,[N/A],Enabled,Enabled
1709649946.157242,0,GPU-93ae0c7f-c327-aee3-adae-bc0d1dae71ea,0.37,0.4706073929327471,12282.0,6231.0,551.61,NVIDIA GeForce RTX 4070,[N/A],Enabled,Enabled
1709649947.157151,0,GPU-93ae0c7f-c327-aee3-adae-bc0d1dae71ea,0.37,0.4706073929327471,12282.0,6231.0,551.61,NVIDIA GeForce RTX 4070,[N/A],Enabled,Enabled
1709649948.156421,0,GPU-93ae0c7f-c327-aee3-adae-bc0d1dae71ea,0.41,0.4706073929327471,12282.0,6231.0,551.61,NVIDIA GeForce RTX 4070,[N/A],Enabled,Enabled
1709649949.156298,0,GPU-93ae0c7f-c327-aee3-adae-bc0d1dae71ea,0.36,0.4706073929327471,12282.0,6231.0,551.61,NVIDIA GeForce RTX 4070,[N/A],Enabled,Enabled
1709649950.156773,0,GPU-93ae0c7f-c327-aee3-adae-bc0d1dae71ea,0.38,0.4706073929327471,12282.0,6231.0,551.61,NVIDIA GeForce RTX 4070,[N/A],Enabled,Enabled
1709649951.156748,0,GPU-93ae0c7f-c327-aee3-adae-bc0d1dae71ea,0.37,0.4706073929327471,12282.0,6231.0,551.61,NVIDIA GeForce RTX 4070,[N/A],Enabled,Enabled
1709649952.156589,0,GPU-93ae0c7f-c327-aee3-adae-bc0d1dae71ea,0.36,0.4706073929327471,12282.0,6231.0,551.61,NVIDIA GeForce RTX 4070,[N/A],Enabled,Enabled
1709649953.156434,0,GPU-93ae0c7f-c327-aee3-adae-bc0d1dae71ea,0.39,0.4706073929327471,12282.0,6231.0,551.61,NVIDIA GeForce RTX 4070,[N/A],Enabled,Enabled
1709649954.156993,0,GPU-93ae0c7f-c327-aee3-adae-bc0d1dae71ea,0.36,0.4706073929327471,12282.0,6231.0,551.61,NVIDIA GeForce RTX 4070,[N/A],Enabled,Enabled
1709649955.156791,0,GPU-93ae0c7f-c327-aee3-adae-bc0d1dae71ea,0.37,0.4706073929327471,12282.0,6231.0,551.61,NVIDIA GeForce RTX 4070,[N/A],Enabled,Enabled
1709649956.156391,0,GPU-93ae0c7f-c327-aee3-adae-bc0d1dae71ea,0.4,0.4706073929327471,12282.0,6231.0,551.61,NVIDIA GeForce RTX 4070,[N/A],Enabled,Enabled
1709649957.156686,0,GPU-93ae0c7f-c327-aee3-adae-bc0d1dae71ea,0.38,0.4706073929327471,12282.0,6231.0,551.61,NVIDIA GeForce RTX 4070,[N/A],Enabled,Enabled
1709649958.15735,0,GPU-93ae0c7f-c327-aee3-adae-bc0d1dae71ea,0.39,0.4706073929327471,12282.0,6231.0,551.61,NVIDIA GeForce RTX 4070,[N/A],Enabled,Enabled
1709649959.157,0,GPU-93ae0c7f-c327-aee3-adae-bc0d1dae71ea,0.37,0.4706073929327471,12282.0,6231.0,551.61,NVIDIA GeForce RTX 4070,[N/A],Enabled,Enabled
1709649960.156228,0,GPU-93ae0c7f-c327-aee3-adae-bc0d1dae71ea,0.38,0.4706073929327471,12282.0,6231.0,551.61,NVIDIA GeForce RTX 4070,[N/A],Enabled,Enabled
1709649961.156441,0,GPU-93ae0c7f-c327-aee3-adae-bc0d1dae71ea,0.37,0.4706073929327471,12282.0,6231.0,551.61,NVIDIA GeForce RTX 4070,[N/A],Enabled,Enabled
1709649962.156452,0,GPU-93ae0c7f-c327-aee3-adae-bc0d1dae71ea,0.36,0.4706073929327471,12282.0,6231.0,551.61,NVIDIA GeForce RTX 4070,[N/A],Enabled,Enabled
1709649963.156164,0,GPU-93ae0c7f-c327-aee3-adae-bc0d1dae71ea,0.38,0.4706073929327471,12282.0,6231.0,551.61,NVIDIA GeForce RTX 4070,[N/A],Enabled,Enabled
1709649964.157162,0,GPU-93ae0c7f-c327-aee3-adae-bc0d1dae71ea,0.36,0.4706073929327471,12282.0,6231.0,551.61,NVIDIA GeForce RTX 4070,[N/A],Enabled,Enabled
1709649965.157312,0,GPU-93ae0c7f-c327-aee3-adae-bc0d1dae71ea,0.4,0.4706073929327471,12282.0,6231.0,551.61,NVIDIA GeForce RTX 4070,[N/A],Enabled,Enabled
1709649966.156455,0,GPU-93ae0c7f-c327-aee3-adae-bc0d1dae71ea,0.39,0.4706073929327471,12282.0,6231.0,551.61,NVIDIA GeForce RTX 4070,[N/A],Enabled,Enabled
1709649967.156568,0,GPU-93ae0c7f-c327-aee3-adae-bc0d1dae71ea,0.37,0.4706073929327471,12282.0,6231.0,551.61,NVIDIA GeForce RTX 4070,[N/A],Enabled,Enabled
1709649968.15695,0,GPU-93ae0c7f-c327-aee3-adae-bc0d1dae71ea,0.37,0.4706073929327471,12282.0,6231.0,551.61,NVIDIA GeForce RTX 4070,[N/A],Enabled,Enabled
1709649969.156216,0,GPU-93ae0c7f-c327-aee3-adae-bc0d1dae71ea,0.37,0.4706073929327471,12282.0,6231.0,551.61,NVIDIA GeForce RTX 4070,[N/A],Enabled,Enabled
1709649970.156917,0,GPU-93ae0c7f-c327-aee3-adae-bc0d1dae71ea,0.37,0.4706073929327471,12282.0,6231.0,551.61,NVIDIA GeForce RTX 4070,[N/A],Enabled,Enabled
1709649971.15686,0,GPU-93ae0c7f-c327-aee3-adae-bc0d1dae71ea,0.39,0.4706073929327471,12282.0,6231.0,551.61,NVIDIA GeForce RTX 4070,[N/A],Enabled,Enabled
1709649972.15669,0,GPU-93ae0c7f-c327-aee3-adae-bc0d1dae71ea,0.41,0.4706073929327471,12282.0,6231.0,551.61,NVIDIA GeForce RTX 4070,[N/A],Enabled,Enabled
1709649973.156425,0,GPU-93ae0c7f-c327-aee3-adae-bc0d1dae71ea,0.39,0.4706073929327471,12282.0,6231.0,551.61,NVIDIA GeForce RTX 4070,[N/A],Enabled,Enabled
1709649974.156599,0,GPU-93ae0c7f-c327-aee3-adae-bc0d1dae71ea,0.38,0.4706073929327471,12282.0,6231.0,551.61,NVIDIA GeForce RTX 4070,[N/A],Enabled,Enabled
1709649975.157199,0,GPU-93ae0c7f-c327-aee3-adae-bc0d1dae71ea,0.38,0.4706073929327471,12282.0,6231.0,551.61,NVIDIA GeForce RTX 4070,[N/A],Enabled,Enabled
1709649976.156979,0,GPU-93ae0c7f-c327-aee3-adae-bc0d1dae71ea,0.38,0.4706073929327471,12282.0,6231.0,551.61,NVIDIA GeForce RTX 4070,[N/A],Enabled,Enabled
1709649977.157237,0,GPU-93ae0c7f-c327-aee3-adae-bc0d1dae71ea,0.39,0.4706073929327471,12282.0,6231.0,551.61,NVIDIA GeForce RTX 4070,[N/A],Enabled,Enabled
1709649978.157021,0,GPU-93ae0c7f-c327-aee3-adae-bc0d1dae71ea,0.4,0.4706073929327471,12282.0,6231.0,551.61,NVIDIA GeForce RTX 4070,[N/A],Enabled,Enabled
1709649979.156554,0,GPU-93ae0c7f-c327-aee3-adae-bc0d1dae71ea,0.37,0.4706073929327471,12282.0,6231.0,551.61,NVIDIA GeForce RTX 4070,[N/A],Enabled,Enabled
1709649980.157059,0,GPU-93ae0c7f-c327-aee3-adae-bc0d1dae71ea,0.38,0.4706073929327471,12282.0,6231.0,551.61,NVIDIA GeForce RTX 4070,[N/A],Enabled,Enabled
1709649981.156285,0,GPU-93ae0c7f-c327-aee3-adae-bc0d1dae71ea,0.39,0.4706073929327471,12282.0,6231.0,551.61,NVIDIA GeForce RTX 4070,[N/A],Enabled,Enabled
1709649982.156619,0,GPU-93ae0c7f-c327-aee3-adae-bc0d1dae71ea,0.42,0.4706073929327471,12282.0,6231.0,551.61,NVIDIA GeForce RTX 4070,[N/A],Enabled,Enabled
1709649983.156611,0,GPU-93ae0c7f-c327-aee3-adae-bc0d1dae71ea,0.36,0.4706073929327471,12282.0,6231.0,551.61,NVIDIA GeForce RTX 4070,[N/A],Enabled,Enabled
1709649984.157221,0,GPU-93ae0c7f-c327-aee3-adae-bc0d1dae71ea,0.4,0.4706073929327471,12282.0,6231.0,551.61,NVIDIA GeForce RTX 4070,[N/A],Enabled,Enabled
1709649985.156801,0,GPU-93ae0c7f-c327-aee3-adae-bc0d1dae71ea,0.4,0.4706073929327471,12282.0,6231.0,551.61,NVIDIA GeForce RTX 4070,[N/A],Enabled,Enabled
1709649986.156731,0,GPU-93ae0c7f-c327-aee3-adae-bc0d1dae71ea,0.39,0.4706073929327471,12282.0,6231.0,551.61,NVIDIA GeForce RTX 4070,[N/A],Enabled,Enabled
1709649987.156113,0,GPU-93ae0c7f-c327-aee3-adae-bc0d1dae71ea,0.41,0.4706073929327471,12282.0,6231.0,551.61,NVIDIA GeForce RTX 4070,[N/A],Enabled,Enabled
1709649988.157193,0,GPU-93ae0c7f-c327-aee3-adae-bc0d1dae71ea,0.42,0.4706073929327471,12282.0,6231.0,551.61,NVIDIA GeForce RTX 4070,[N/A],Enabled,Enabled
1709649989.156417,0,GPU-93ae0c7f-c327-aee3-adae-bc0d1dae71ea,0.38,0.4706073929327471,12282.0,6231.0,551.61,NVIDIA GeForce RTX 4070,[N/A],Enabled,Enabled
1709649990.156835,0,GPU-93ae0c7f-c327-aee3-adae-bc0d1dae71ea,0.38,0.4706073929327471,12282.0,6231.0,551.61,NVIDIA GeForce RTX 4070,[N/A],Enabled,Enabled
1709649991.156694,0,GPU-93ae0c7f-c327-aee3-adae-bc0d1dae71ea,0.4,0.4706073929327471,12282.0,6231.0,551.61,NVIDIA GeForce RTX 4070,[N/A],Enabled,Enabled
1709649992.156337,0,GPU-93ae0c7f-c327-aee3-adae-bc0d1dae71ea,0.41,0.4706073929327471,12282.0,6231.0,551.61,NVIDIA GeForce RTX 4070,[N/A],Enabled,Enabled
1709649993.156106,0,GPU-93ae0c7f-c327-aee3-adae-bc0d1dae71ea,0.39,0.4706073929327471,12282.0,6231.0,551.61,NVIDIA GeForce RTX 4070,[N/A],Enabled,Enabled
1709649994.156711,0,GPU-93ae0c7f-c327-aee3-adae-bc0d1dae71ea,0.42,0.4706073929327471,12282.0,6231.0,551.61,NVIDIA GeForce RTX 4070,[N/A],Enabled,Enabled
1709649995.156895,0,GPU-93ae0c7f-c327-aee3-adae-bc0d1dae71ea,0.37,0.4706073929327471,12282.0,6231.0,551.61,NVIDIA GeForce RTX 4070,[N/A],Enabled,Enabled
1709649996.156359,0,GPU-93ae0c7f-c327-aee3-adae-bc0d1dae71ea,0.41,0.4706073929327471,12282.0,6231.0,551.61,NVIDIA GeForce RTX 4070,[N/A],Enabled,Enabled
1709649997.156456,0,GPU-93ae0c7f-c327-aee3-adae-bc0d1dae71ea,0.4,0.4706073929327471,12282.0,6231.0,551.61,NVIDIA GeForce RTX 4070,[N/A],Enabled,Enabled
1709649998.155875,0,GPU-93ae0c7f-c327-aee3-adae-bc0d1dae71ea,0.42,0.4706073929327471,12282.0,6231.0,551.61,NVIDIA GeForce RTX 4070,[N/A],Enabled,Enabled
1709649999.156335,0,GPU-93ae0c7f-c327-aee3-adae-bc0d1dae71ea,0.39,0.4706073929327471,12282.0,6231.0,551.61,NVIDIA GeForce RTX 4070,[N/A],Enabled,Enabled
1709650000.156321,0,GPU-93ae0c7f-c327-aee3-adae-bc0d1dae71ea,0.4,0.4706073929327471,12282.0,6231.0,551.61,NVIDIA GeForce RTX 4070,[N/A],Enabled,Enabled
1709650001.157305,0,GPU-93ae0c7f-c327-aee3-adae-bc0d1dae71ea,0.4,0.4706073929327471,12282.0,6231.0,551.61,NVIDIA GeForce RTX 4070,[N/A],Enabled,Enabled
1709650002.15678,0,GPU-93ae0c7f-c327-aee3-adae-bc0d1dae71ea,0.38,0.4706073929327471,12282.0,6231.0,551.61,NVIDIA GeForce RTX 4070,[N/A],Enabled,Enabled
1709650003.157299,0,GPU-93ae0c7f-c327-aee3-adae-bc0d1dae71ea,0.39,0.4706073929327471,12282.0,6231.0,551.61,NVIDIA GeForce RTX 4070,[N/A],Enabled,Enabled
1709650004.15711,0,GPU-93ae0c7f-c327-aee3-adae-bc0d1dae71ea,0.38,0.4706073929327471,12282.0,6231.0,551.61,NVIDIA GeForce RTX 4070,[N/A],Enabled,Enabled
1709650005.15584,0,GPU-93ae0c7f-c327-aee3-adae-bc0d1dae71ea,0.37,0.4706073929327471,12282.0,6231.0,551.61,NVIDIA GeForce RTX 4070,[N/A],Enabled,Enabled
1709650006.15668,0,GPU-93ae0c7f-c327-aee3-adae-bc0d1dae71ea,0.4,0.4706073929327471,12282.0,6231.0,551.61,NVIDIA GeForce RTX 4070,[N/A],Enabled,Enabled
1709650007.156246,0,GPU-93ae0c7f-c327-aee3-adae-bc0d1dae71ea,0.36,0.4706073929327471,12282.0,6231.0,551.61,NVIDIA GeForce RTX 4070,[N/A],Enabled,Enabled
1709650008.156618,0,GPU-93ae0c7f-c327-aee3-adae-bc0d1dae71ea,0.39,0.4706073929327471,12282.0,6231.0,551.61,NVIDIA GeForce RTX 4070,[N/A],Enabled,Enabled
1709650009.156165,0,GPU-93ae0c7f-c327-aee3-adae-bc0d1dae71ea,0.39,0.4706073929327471,12282.0,6231.0,551.61,NVIDIA GeForce RTX 4070,[N/A],Enabled,Enabled
1709650010.156295,0,GPU-93ae0c7f-c327-aee3-adae-bc0d1dae71ea,0.41,0.4706073929327471,12282.0,6231.0,551.61,NVIDIA GeForce RTX 4070,[N/A],Enabled,Enabled
1709650011.15684,0,GPU-93ae0c7f-c327-aee3-adae-bc0d1dae71ea,0.36,0.4706073929327471,12282.0,6231.0,551.61,NVIDIA GeForce RTX 4070,[N/A],Enabled,Enabled
1709650012.156173,0,GPU-93ae0c7f-c327-aee3-adae-bc0d1dae71ea,0.41,0.4706073929327471,12282.0,6231.0,551.61,NVIDIA GeForce RTX 4070,[N/A],Enabled,Enabled
1709650013.156948,0,GPU-93ae0c7f-c327-aee3-adae-bc0d1dae71ea,0.4,0.47313141182217877,12282.0,6200.0,551.61,NVIDIA GeForce RTX 4070,[N/A],Enabled,Enabled
1709650014.156329,0,GPU-93ae0c7f-c327-aee3-adae-bc0d1dae71ea,0.36,0.47313141182217877,12282.0,6200.0,551.61,NVIDIA GeForce RTX 4070,[N/A],Enabled,Enabled
1709650015.156229,0,GPU-93ae0c7f-c327-aee3-adae-bc0d1dae71ea,0.35,0.47313141182217877,12282.0,6200.0,551.61,NVIDIA GeForce RTX 4070,[N/A],Enabled,Enabled
1709650016.157307,0,GPU-93ae0c7f-c327-aee3-adae-bc0d1dae71ea,0.39,0.47313141182217877,12282.0,6200.0,551.61,NVIDIA GeForce RTX 4070,[N/A],Enabled,Enabled
1709650017.156152,0,GPU-93ae0c7f-c327-aee3-adae-bc0d1dae71ea,0.37,0.47313141182217877,12282.0,6200.0,551.61,NVIDIA GeForce RTX 4070,[N/A],Enabled,Enabled
1709650018.156362,0,GPU-93ae0c7f-c327-aee3-adae-bc0d1dae71ea,0.37,0.47223579221625145,12282.0,6211.0,551.61,NVIDIA GeForce RTX 4070,[N/A],Enabled,Enabled
1709650019.157396,0,GPU-93ae0c7f-c327-aee3-adae-bc0d1dae71ea,0.35,0.47223579221625145,12282.0,6211.0,551.61,NVIDIA GeForce RTX 4070,[N/A],Enabled,Enabled
1709650020.157477,0,GPU-93ae0c7f-c327-aee3-adae-bc0d1dae71ea,0.38,0.47223579221625145,12282.0,6211.0,551.61,NVIDIA GeForce RTX 4070,[N/A],Enabled,Enabled
1709650021.156478,0,GPU-93ae0c7f-c327-aee3-adae-bc0d1dae71ea,0.35,0.47223579221625145,12282.0,6211.0,551.61,NVIDIA GeForce RTX 4070,[N/A],Enabled,Enabled
1709650022.156496,0,GPU-93ae0c7f-c327-aee3-adae-bc0d1dae71ea,0.37,0.47077023286109754,12282.0,6229.0,551.61,NVIDIA GeForce RTX 4070,[N/A],Enabled,Enabled
1709650023.15658,0,GPU-93ae0c7f-c327-aee3-adae-bc0d1dae71ea,0.39,0.47077023286109754,12282.0,6229.0,551.61,NVIDIA GeForce RTX 4070,[N/A],Enabled,Enabled
1709650024.156168,0,GPU-93ae0c7f-c327-aee3-adae-bc0d1dae71ea,0.37,0.47077023286109754,12282.0,6229.0,551.61,NVIDIA GeForce RTX 4070,[N/A],Enabled,Enabled
1709650025.15753,0,GPU-93ae0c7f-c327-aee3-adae-bc0d1dae71ea,0.38,0.47077023286109754,12282.0,6229.0,551.61,NVIDIA GeForce RTX 4070,[N/A],Enabled,Enabled
1709650026.156565,0,GPU-93ae0c7f-c327-aee3-adae-bc0d1dae71ea,0.38,0.47077023286109754,12282.0,6229.0,551.61,NVIDIA GeForce RTX 4070,[N/A],Enabled,Enabled
1709650027.156198,0,GPU-93ae0c7f-c327-aee3-adae-bc0d1dae71ea,0.35,0.47077023286109754,12282.0,6229.0,551.61,NVIDIA GeForce RTX 4070,[N/A],Enabled,Enabled
1709650028.157136,0,GPU-93ae0c7f-c327-aee3-adae-bc0d1dae71ea,0.42,0.47077023286109754,12282.0,6229.0,551.61,NVIDIA GeForce RTX 4070,[N/A],Enabled,Enabled
1709650029.156707,0,GPU-93ae0c7f-c327-aee3-adae-bc0d1dae71ea,0.38,0.47077023286109754,12282.0,6229.0,551.61,NVIDIA GeForce RTX 4070,[N/A],Enabled,Enabled
1709650030.157316,0,GPU-93ae0c7f-c327-aee3-adae-bc0d1dae71ea,0.41,0.47077023286109754,12282.0,6229.0,551.61,NVIDIA GeForce RTX 4070,[N/A],Enabled,Enabled
1709650031.157175,0,GPU-93ae0c7f-c327-aee3-adae-bc0d1dae71ea,0.39,0.47077023286109754,12282.0,6229.0,551.61,NVIDIA GeForce RTX 4070,[N/A],Enabled,Enabled
1709650032.15737,0,GPU-93ae0c7f-c327-aee3-adae-bc0d1dae71ea,0.37,0.47077023286109754,12282.0,6229.0,551.61,NVIDIA GeForce RTX 4070,[N/A],Enabled,Enabled
1709650033.156489,0,GPU-93ae0c7f-c327-aee3-adae-bc0d1dae71ea,0.38,0.47077023286109754,12282.0,6229.0,551.61,NVIDIA GeForce RTX 4070,[N/A],Enabled,Enabled
1709650034.156405,0,GPU-93ae0c7f-c327-aee3-adae-bc0d1dae71ea,0.36,0.47077023286109754,12282.0,6229.0,551.61,NVIDIA GeForce RTX 4070,[N/A],Enabled,Enabled
1709650035.156067,0,GPU-93ae0c7f-c327-aee3-adae-bc0d1dae71ea,0.39,0.47077023286109754,12282.0,6229.0,551.61,NVIDIA GeForce RTX 4070,[N/A],Enabled,Enabled
1709650036.15679,0,GPU-93ae0c7f-c327-aee3-adae-bc0d1dae71ea,0.36,0.47077023286109754,12282.0,6229.0,551.61,NVIDIA GeForce RTX 4070,[N/A],Enabled,Enabled
1709650037.156672,0,GPU-93ae0c7f-c327-aee3-adae-bc0d1dae71ea,0.37,0.47077023286109754,12282.0,6229.0,551.61,NVIDIA GeForce RTX 4070,[N/A],Enabled,Enabled
1709650038.157246,0,GPU-93ae0c7f-c327-aee3-adae-bc0d1dae71ea,0.42,0.47077023286109754,12282.0,6229.0,551.61,NVIDIA GeForce RTX 4070,[N/A],Enabled,Enabled
1709650039.156069,0,GPU-93ae0c7f-c327-aee3-adae-bc0d1dae71ea,0.39,0.47077023286109754,12282.0,6229.0,551.61,NVIDIA GeForce RTX 4070,[N/A],Enabled,Enabled
1709650040.156481,0,GPU-93ae0c7f-c327-aee3-adae-bc0d1dae71ea,0.42,0.47077023286109754,12282.0,6229.0,551.61,NVIDIA GeForce RTX 4070,[N/A],Enabled,Enabled
1709650041.155758,0,GPU-93ae0c7f-c327-aee3-adae-bc0d1dae71ea,0.35,0.47077023286109754,12282.0,6229.0,551.61,NVIDIA GeForce RTX 4070,[N/A],Enabled,Enabled
1709650042.156986,0,GPU-93ae0c7f-c327-aee3-adae-bc0d1dae71ea,0.36,0.47077023286109754,12282.0,6229.0,551.61,NVIDIA GeForce RTX 4070,[N/A],Enabled,Enabled
1709650043.157077,0,GPU-93ae0c7f-c327-aee3-adae-bc0d1dae71ea,0.38,0.47077023286109754,12282.0,6229.0,551.61,NVIDIA GeForce RTX 4070,[N/A],Enabled,Enabled
1709650044.156115,0,GPU-93ae0c7f-c327-aee3-adae-bc0d1dae71ea,0.36,0.47077023286109754,12282.0,6229.0,551.61,NVIDIA GeForce RTX 4070,[N/A],Enabled,Enabled
1709650045.156487,0,GPU-93ae0c7f-c327-aee3-adae-bc0d1dae71ea,0.35,0.47077023286109754,12282.0,6229.0,551.61,NVIDIA GeForce RTX 4070,[N/A],Enabled,Enabled
1709650046.156769,0,GPU-93ae0c7f-c327-aee3-adae-bc0d1dae71ea,0.42,0.47077023286109754,12282.0,6229.0,551.61,NVIDIA GeForce RTX 4070,[N/A],Enabled,Enabled
1709650047.15794,0,GPU-93ae0c7f-c327-aee3-adae-bc0d1dae71ea,0.37,0.47077023286109754,12282.0,6229.0,551.61,NVIDIA GeForce RTX 4070,[N/A],Enabled,Enabled
1709650048.156904,0,GPU-93ae0c7f-c327-aee3-adae-bc0d1dae71ea,0.38,0.47077023286109754,12282.0,6229.0,551.61,NVIDIA GeForce RTX 4070,[N/A],Enabled,Enabled
1709650049.15706,0,GPU-93ae0c7f-c327-aee3-adae-bc0d1dae71ea,0.36,0.47077023286109754,12282.0,6229.0,551.61,NVIDIA GeForce RTX 4070,[N/A],Enabled,Enabled
1709650050.156332,0,GPU-93ae0c7f-c327-aee3-adae-bc0d1dae71ea,0.39,0.4706888128969223,12282.0,6230.0,551.61,NVIDIA GeForce RTX 4070,[N/A],Enabled,Enabled
1709650051.156799,0,GPU-93ae0c7f-c327-aee3-adae-bc0d1dae71ea,0.38,0.4706888128969223,12282.0,6230.0,551.61,NVIDIA GeForce RTX 4070,[N/A],Enabled,Enabled
1709650052.157377,0,GPU-93ae0c7f-c327-aee3-adae-bc0d1dae71ea,0.4,0.4706888128969223,12282.0,6230.0,551.61,NVIDIA GeForce RTX 4070,[N/A],Enabled,Enabled
1709650053.156172,0,GPU-93ae0c7f-c327-aee3-adae-bc0d1dae71ea,0.39,0.4706888128969223,12282.0,6230.0,551.61,NVIDIA GeForce RTX 4070,[N/A],Enabled,Enabled
1709650054.157406,0,GPU-93ae0c7f-c327-aee3-adae-bc0d1dae71ea,0.42,0.4706888128969223,12282.0,6230.0,551.61,NVIDIA GeForce RTX 4070,[N/A],Enabled,Enabled
1709650055.156761,0,GPU-93ae0c7f-c327-aee3-adae-bc0d1dae71ea,0.38,0.4706888128969223,12282.0,6230.0,551.61,NVIDIA GeForce RTX 4070,[N/A],Enabled,Enabled
1709650056.15676,0,GPU-93ae0c7f-c327-aee3-adae-bc0d1dae71ea,0.41,0.4706888128969223,12282.0,6230.0,551.61,NVIDIA GeForce RTX 4070,[N/A],Enabled,Enabled
1709650057.156042,0,GPU-93ae0c7f-c327-aee3-adae-bc0d1dae71ea,0.4,0.4706888128969223,12282.0,6230.0,551.61,NVIDIA GeForce RTX 4070,[N/A],Enabled,Enabled
1709650058.156233,0,GPU-93ae0c7f-c327-aee3-adae-bc0d1dae71ea,0.37,0.4706888128969223,12282.0,6230.0,551.61,NVIDIA GeForce RTX 4070,[N/A],Enabled,Enabled
1709650059.156942,0,GPU-93ae0c7f-c327-aee3-adae-bc0d1dae71ea,0.4,0.4706888128969223,12282.0,6230.0,551.61,NVIDIA GeForce RTX 4070,[N/A],Enabled,Enabled
1709650060.156905,0,GPU-93ae0c7f-c327-aee3-adae-bc0d1dae71ea,0.38,0.4706888128969223,12282.0,6230.0,551.61,NVIDIA GeForce RTX 4070,[N/A],Enabled,Enabled
1709650061.156891,0,GPU-93ae0c7f-c327-aee3-adae-bc0d1dae71ea,0.41,0.4706888128969223,12282.0,6230.0,551.61,NVIDIA GeForce RTX 4070,[N/A],Enabled,Enabled
1709650062.156216,0,GPU-93ae0c7f-c327-aee3-adae-bc0d1dae71ea,0.41,0.4706888128969223,12282.0,6230.0,551.61,NVIDIA GeForce RTX 4070,[N/A],Enabled,Enabled
1709650063.156055,0,GPU-93ae0c7f-c327-aee3-adae-bc0d1dae71ea,0.4,0.4706888128969223,12282.0,6230.0,551.61,NVIDIA GeForce RTX 4070,[N/A],Enabled,Enabled
1709650064.156015,0,GPU-93ae0c7f-c327-aee3-adae-bc0d1dae71ea,0.39,0.4721543722520762,12282.0,6212.0,551.61,NVIDIA GeForce RTX 4070,[N/A],Enabled,Enabled
1709650065.157166,0,GPU-93ae0c7f-c327-aee3-adae-bc0d1dae71ea,0.39,0.4721543722520762,12282.0,6212.0,551.61,NVIDIA GeForce RTX 4070,[N/A],Enabled,Enabled
1709650066.157037,0,GPU-93ae0c7f-c327-aee3-adae-bc0d1dae71ea,0.42,0.4721543722520762,12282.0,6212.0,551.61,NVIDIA GeForce RTX 4070,[N/A],Enabled,Enabled
1709650067.156739,0,GPU-93ae0c7f-c327-aee3-adae-bc0d1dae71ea,0.4,0.4725614720729523,12282.0,6207.0,551.61,NVIDIA GeForce RTX 4070,[N/A],Enabled,Enabled
1709650068.156585,0,GPU-93ae0c7f-c327-aee3-adae-bc0d1dae71ea,0.38,0.4725614720729523,12282.0,6207.0,551.61,NVIDIA GeForce RTX 4070,[N/A],Enabled,Enabled
1709650069.156696,0,GPU-93ae0c7f-c327-aee3-adae-bc0d1dae71ea,0.39,0.4721543722520762,12282.0,6212.0,551.61,NVIDIA GeForce RTX 4070,[N/A],Enabled,Enabled
1709650070.156275,0,GPU-93ae0c7f-c327-aee3-adae-bc0d1dae71ea,0.38,0.4714215925744993,12282.0,6221.0,551.61,NVIDIA GeForce RTX 4070,[N/A],Enabled,Enabled
1709650071.157172,0,GPU-93ae0c7f-c327-aee3-adae-bc0d1dae71ea,0.4,0.4714215925744993,12282.0,6221.0,551.61,NVIDIA GeForce RTX 4070,[N/A],Enabled,Enabled
1709650072.156016,0,GPU-93ae0c7f-c327-aee3-adae-bc0d1dae71ea,0.44,0.4706888128969223,12282.0,6230.0,551.61,NVIDIA GeForce RTX 4070,[N/A],Enabled,Enabled
1709650073.157246,0,GPU-93ae0c7f-c327-aee3-adae-bc0d1dae71ea,0.4,0.4716658524670249,12282.0,6218.0,551.61,NVIDIA GeForce RTX 4070,[N/A],Enabled,Enabled
1709650074.156369,0,GPU-93ae0c7f-c327-aee3-adae-bc0d1dae71ea,0.4,0.4716658524670249,12282.0,6218.0,551.61,NVIDIA GeForce RTX 4070,[N/A],Enabled,Enabled
1709650075.156444,0,GPU-93ae0c7f-c327-aee3-adae-bc0d1dae71ea,0.38,0.4716658524670249,12282.0,6218.0,551.61,NVIDIA GeForce RTX 4070,[N/A],Enabled,Enabled
1709650076.156766,0,GPU-93ae0c7f-c327-aee3-adae-bc0d1dae71ea,0.37,0.47085165282527275,12282.0,6228.0,551.61,NVIDIA GeForce RTX 4070,[N/A],Enabled,Enabled
1709650077.156953,0,GPU-93ae0c7f-c327-aee3-adae-bc0d1dae71ea,0.4,0.47085165282527275,12282.0,6228.0,551.61,NVIDIA GeForce RTX 4070,[N/A],Enabled,Enabled
1709650078.156469,0,GPU-93ae0c7f-c327-aee3-adae-bc0d1dae71ea,0.42,0.4706888128969223,12282.0,6230.0,551.61,NVIDIA GeForce RTX 4070,[N/A],Enabled,Enabled
1709650079.155894,0,GPU-93ae0c7f-c327-aee3-adae-bc0d1dae71ea,0.39,0.4706888128969223,12282.0,6230.0,551.61,NVIDIA GeForce RTX 4070,[N/A],Enabled,Enabled
1709650080.15743,0,GPU-93ae0c7f-c327-aee3-adae-bc0d1dae71ea,0.37,0.4706888128969223,12282.0,6230.0,551.61,NVIDIA GeForce RTX 4070,[N/A],Enabled,Enabled
1709650081.156573,0,GPU-93ae0c7f-c327-aee3-adae-bc0d1dae71ea,0.4,0.4706888128969223,12282.0,6230.0,551.61,NVIDIA GeForce RTX 4070,[N/A],Enabled,Enabled
1709650082.156992,0,GPU-93ae0c7f-c327-aee3-adae-bc0d1dae71ea,0.37,0.4706888128969223,12282.0,6230.0,551.61,NVIDIA GeForce RTX 4070,[N/A],Enabled,Enabled
1709650083.156289,0,GPU-93ae0c7f-c327-aee3-adae-bc0d1dae71ea,0.37,0.4706888128969223,12282.0,6230.0,551.61,NVIDIA GeForce RTX 4070,[N/A],Enabled,Enabled
1709650084.156781,0,GPU-93ae0c7f-c327-aee3-adae-bc0d1dae71ea,0.38,0.4706888128969223,12282.0,6230.0,551.61,NVIDIA GeForce RTX 4070,[N/A],Enabled,Enabled
1709650085.157362,0,GPU-93ae0c7f-c327-aee3-adae-bc0d1dae71ea,0.4,0.4706888128969223,12282.0,6230.0,551.61,NVIDIA GeForce RTX 4070,[N/A],Enabled,Enabled
1709650086.156268,0,GPU-93ae0c7f-c327-aee3-adae-bc0d1dae71ea,0.37,0.4706888128969223,12282.0,6230.0,551.61,NVIDIA GeForce RTX 4070,[N/A],Enabled,Enabled
1709650087.15607,0,GPU-93ae0c7f-c327-aee3-adae-bc0d1dae71ea,0.37,0.4706888128969223,12282.0,6230.0,551.61,NVIDIA GeForce RTX 4070,[N/A],Enabled,Enabled
1709650088.156921,0,GPU-93ae0c7f-c327-aee3-adae-bc0d1dae71ea,0.41,0.4706888128969223,12282.0,6230.0,551.61,NVIDIA GeForce RTX 4070,[N/A],Enabled,Enabled
1709650089.156678,0,GPU-93ae0c7f-c327-aee3-adae-bc0d1dae71ea,0.39,0.4706888128969223,12282.0,6230.0,551.61,NVIDIA GeForce RTX 4070,[N/A],Enabled,Enabled
1709650090.156291,0,GPU-93ae0c7f-c327-aee3-adae-bc0d1dae71ea,0.42,0.4706888128969223,12282.0,6230.0,551.61,NVIDIA GeForce RTX 4070,[N/A],Enabled,Enabled
1709650091.157129,0,GPU-93ae0c7f-c327-aee3-adae-bc0d1dae71ea,0.36,0.4706888128969223,12282.0,6230.0,551.61,NVIDIA GeForce RTX 4070,[N/A],Enabled,Enabled
1709650092.156648,0,GPU-93ae0c7f-c327-aee3-adae-bc0d1dae71ea,0.41,0.4706888128969223,12282.0,6230.0,551.61,NVIDIA GeForce RTX 4070,[N/A],Enabled,Enabled
1709650093.156397,0,GPU-93ae0c7f-c327-aee3-adae-bc0d1dae71ea,0.41,0.4706888128969223,12282.0,6230.0,551.61,NVIDIA GeForce RTX 4070,[N/A],Enabled,Enabled
1709650094.157339,0,GPU-93ae0c7f-c327-aee3-adae-bc0d1dae71ea,0.41,0.4706888128969223,12282.0,6230.0,551.61,NVIDIA GeForce RTX 4070,[N/A],Enabled,Enabled
1709650095.157054,0,GPU-93ae0c7f-c327-aee3-adae-bc0d1dae71ea,0.39,0.4706888128969223,12282.0,6230.0,551.61,NVIDIA GeForce RTX 4070,[N/A],Enabled,Enabled
1709650096.157495,0,GPU-93ae0c7f-c327-aee3-adae-bc0d1dae71ea,0.41,0.4706888128969223,12282.0,6230.0,551.61,NVIDIA GeForce RTX 4070,[N/A],Enabled,Enabled
1709650097.156128,0,GPU-93ae0c7f-c327-aee3-adae-bc0d1dae71ea,0.37,0.4706888128969223,12282.0,6230.0,551.61,NVIDIA GeForce RTX 4070,[N/A],Enabled,Enabled
1709650098.15623,0,GPU-93ae0c7f-c327-aee3-adae-bc0d1dae71ea,0.38,0.4706888128969223,12282.0,6230.0,551.61,NVIDIA GeForce RTX 4070,[N/A],Enabled,Enabled
1709650099.15622,0,GPU-93ae0c7f-c327-aee3-adae-bc0d1dae71ea,0.41,0.4706888128969223,12282.0,6230.0,551.61,NVIDIA GeForce RTX 4070,[N/A],Enabled,Enabled
1709650100.156836,0,GPU-93ae0c7f-c327-aee3-adae-bc0d1dae71ea,0.42,0.4706888128969223,12282.0,6230.0,551.61,NVIDIA GeForce RTX 4070,[N/A],Enabled,Enabled
1709650101.156338,0,GPU-93ae0c7f-c327-aee3-adae-bc0d1dae71ea,0.39,0.4706888128969223,12282.0,6230.0,551.61,NVIDIA GeForce RTX 4070,[N/A],Enabled,Enabled
1709650102.157538,0,GPU-93ae0c7f-c327-aee3-adae-bc0d1dae71ea,0.41,0.4706888128969223,12282.0,6230.0,551.61,NVIDIA GeForce RTX 4070,[N/A],Enabled,Enabled
1709650103.156664,0,GPU-93ae0c7f-c327-aee3-adae-bc0d1dae71ea,0.37,0.4706888128969223,12282.0,6230.0,551.61,NVIDIA GeForce RTX 4070,[N/A],Enabled,Enabled
1709650104.15705,0,GPU-93ae0c7f-c327-aee3-adae-bc0d1dae71ea,0.4,0.4706888128969223,12282.0,6230.0,551.61,NVIDIA GeForce RTX 4070,[N/A],Enabled,Enabled
1709650105.156888,0,GPU-93ae0c7f-c327-aee3-adae-bc0d1dae71ea,0.38,0.4706888128969223,12282.0,6230.0,551.61,NVIDIA GeForce RTX 4070,[N/A],Enabled,Enabled
1709650106.156961,0,GPU-93ae0c7f-c327-aee3-adae-bc0d1dae71ea,0.4,0.4706888128969223,12282.0,6230.0,551.61,NVIDIA GeForce RTX 4070,[N/A],Enabled,Enabled
1709650107.156361,0,GPU-93ae0c7f-c327-aee3-adae-bc0d1dae71ea,0.39,0.4706888128969223,12282.0,6230.0,551.61,NVIDIA GeForce RTX 4070,[N/A],Enabled,Enabled
1709650108.157111,0,GPU-93ae0c7f-c327-aee3-adae-bc0d1dae71ea,0.37,0.4706888128969223,12282.0,6230.0,551.61,NVIDIA GeForce RTX 4070,[N/A],Enabled,Enabled
1709650109.156414,0,GPU-93ae0c7f-c327-aee3-adae-bc0d1dae71ea,0.36,0.4706888128969223,12282.0,6230.0,551.61,NVIDIA GeForce RTX 4070,[N/A],Enabled,Enabled
1709650110.156194,0,GPU-93ae0c7f-c327-aee3-adae-bc0d1dae71ea,0.35,0.4706888128969223,12282.0,6230.0,551.61,NVIDIA GeForce RTX 4070,[N/A],Enabled,Enabled
1709650111.156154,0,GPU-93ae0c7f-c327-aee3-adae-bc0d1dae71ea,0.4,0.4706888128969223,12282.0,6230.0,551.61,NVIDIA GeForce RTX 4070,[N/A],Enabled,Enabled
1709650112.157492,0,GPU-93ae0c7f-c327-aee3-adae-bc0d1dae71ea,0.37,0.4706888128969223,12282.0,6230.0,551.61,NVIDIA GeForce RTX 4070,[N/A],Enabled,Enabled
1709650113.156295,0,GPU-93ae0c7f-c327-aee3-adae-bc0d1dae71ea,0.39,0.4706888128969223,12282.0,6230.0,551.61,NVIDIA GeForce RTX 4070,[N/A],Enabled,Enabled
1709650114.156446,0,GPU-93ae0c7f-c327-aee3-adae-bc0d1dae71ea,0.4,0.4706888128969223,12282.0,6230.0,551.61,NVIDIA GeForce RTX 4070,[N/A],Enabled,Enabled
1709650115.156923,0,GPU-93ae0c7f-c327-aee3-adae-bc0d1dae71ea,0.35,0.4706888128969223,12282.0,6230.0,551.61,NVIDIA GeForce RTX 4070,[N/A],Enabled,Enabled
1709650116.156464,0,GPU-93ae0c7f-c327-aee3-adae-bc0d1dae71ea,0.38,0.4706888128969223,12282.0,6230.0,551.61,NVIDIA GeForce RTX 4070,[N/A],Enabled,Enabled
1709650117.155959,0,GPU-93ae0c7f-c327-aee3-adae-bc0d1dae71ea,0.39,0.4706888128969223,12282.0,6230.0,551.61,NVIDIA GeForce RTX 4070,[N/A],Enabled,Enabled
1709650118.156175,0,GPU-93ae0c7f-c327-aee3-adae-bc0d1dae71ea,0.37,0.4706888128969223,12282.0,6230.0,551.61,NVIDIA GeForce RTX 4070,[N/A],Enabled,Enabled
1709650119.156685,0,GPU-93ae0c7f-c327-aee3-adae-bc0d1dae71ea,0.38,0.4706888128969223,12282.0,6230.0,551.61,NVIDIA GeForce RTX 4070,[N/A],Enabled,Enabled
1709650120.156584,0,GPU-93ae0c7f-c327-aee3-adae-bc0d1dae71ea,0.38,0.4706888128969223,12282.0,6230.0,551.61,NVIDIA GeForce RTX 4070,[N/A],Enabled,Enabled
1709650121.157652,0,GPU-93ae0c7f-c327-aee3-adae-bc0d1dae71ea,0.36,0.4706888128969223,12282.0,6230.0,551.61,NVIDIA GeForce RTX 4070,[N/A],Enabled,Enabled
1709650122.156831,0,GPU-93ae0c7f-c327-aee3-adae-bc0d1dae71ea,0.36,0.4706888128969223,12282.0,6230.0,551.61,NVIDIA GeForce RTX 4070,[N/A],Enabled,Enabled
1709650123.156763,0,GPU-93ae0c7f-c327-aee3-adae-bc0d1dae71ea,0.33,0.4693046735059437,12282.0,6247.0,551.61,NVIDIA GeForce RTX 4070,[N/A],Enabled,Enabled
1709650124.156113,0,GPU-93ae0c7f-c327-aee3-adae-bc0d1dae71ea,0.33,0.4675134342940889,12282.0,6269.0,551.61,NVIDIA GeForce RTX 4070,[N/A],Enabled,Enabled
1709650125.156605,0,GPU-93ae0c7f-c327-aee3-adae-bc0d1dae71ea,0.32,0.46759485425826414,12282.0,6268.0,551.61,NVIDIA GeForce RTX 4070,[N/A],Enabled,Enabled
1709650126.156939,0,GPU-93ae0c7f-c327-aee3-adae-bc0d1dae71ea,0.32,0.4675134342940889,12282.0,6269.0,551.61,NVIDIA GeForce RTX 4070,[N/A],Enabled,Enabled
1709650127.156627,0,GPU-93ae0c7f-c327-aee3-adae-bc0d1dae71ea,0.3,0.4628724963361016,12282.0,6326.0,551.61,NVIDIA GeForce RTX 4070,[N/A],Enabled,Enabled
1709650128.156391,0,GPU-93ae0c7f-c327-aee3-adae-bc0d1dae71ea,0.29,0.4675134342940889,12282.0,6269.0,551.61,NVIDIA GeForce RTX 4070,[N/A],Enabled,Enabled
1709650129.156554,0,GPU-93ae0c7f-c327-aee3-adae-bc0d1dae71ea,0.28,0.4628724963361016,12282.0,6326.0,551.61,NVIDIA GeForce RTX 4070,[N/A],Enabled,Enabled
1709650130.15652,0,GPU-93ae0c7f-c327-aee3-adae-bc0d1dae71ea,0.29,0.4628724963361016,12282.0,6326.0,551.61,NVIDIA GeForce RTX 4070,[N/A],Enabled,Enabled
1709650131.156388,0,GPU-93ae0c7f-c327-aee3-adae-bc0d1dae71ea,0.28,0.4628724963361016,12282.0,6326.0,551.61,NVIDIA GeForce RTX 4070,[N/A],Enabled,Enabled
1709650132.156651,0,GPU-93ae0c7f-c327-aee3-adae-bc0d1dae71ea,0.3,0.4628724963361016,12282.0,6326.0,551.61,NVIDIA GeForce RTX 4070,[N/A],Enabled,Enabled
1709650133.157091,0,GPU-93ae0c7f-c327-aee3-adae-bc0d1dae71ea,0.29,0.4628724963361016,12282.0,6326.0,551.61,NVIDIA GeForce RTX 4070,[N/A],Enabled,Enabled
1709650134.156871,0,GPU-93ae0c7f-c327-aee3-adae-bc0d1dae71ea,0.3,0.4628724963361016,12282.0,6326.0,551.61,NVIDIA GeForce RTX 4070,[N/A],Enabled,Enabled
1709650135.156479,0,GPU-93ae0c7f-c327-aee3-adae-bc0d1dae71ea,0.29,0.4628724963361016,12282.0,6326.0,551.61,NVIDIA GeForce RTX 4070,[N/A],Enabled,Enabled
1709650136.157126,0,GPU-93ae0c7f-c327-aee3-adae-bc0d1dae71ea,0.29,0.4628724963361016,12282.0,6326.0,551.61,NVIDIA GeForce RTX 4070,[N/A],Enabled,Enabled
1709650137.157047,0,GPU-93ae0c7f-c327-aee3-adae-bc0d1dae71ea,0.3,0.4628724963361016,12282.0,6326.0,551.61,NVIDIA GeForce RTX 4070,[N/A],Enabled,Enabled
1709650138.157006,0,GPU-93ae0c7f-c327-aee3-adae-bc0d1dae71ea,0.3,0.4628724963361016,12282.0,6326.0,551.61,NVIDIA GeForce RTX 4070,[N/A],Enabled,Enabled
1709650139.156271,0,GPU-93ae0c7f-c327-aee3-adae-bc0d1dae71ea,0.3,0.4628724963361016,12282.0,6326.0,551.61,NVIDIA GeForce RTX 4070,[N/A],Enabled,Enabled
1709650140.156167,0,GPU-93ae0c7f-c327-aee3-adae-bc0d1dae71ea,0.3,0.4628724963361016,12282.0,6326.0,551.61,NVIDIA GeForce RTX 4070,[N/A],Enabled,Enabled
1709650141.156342,0,GPU-93ae0c7f-c327-aee3-adae-bc0d1dae71ea,0.31,0.4628724963361016,12282.0,6326.0,551.61,NVIDIA GeForce RTX 4070,[N/A],Enabled,Enabled
1709650142.156867,0,GPU-93ae0c7f-c327-aee3-adae-bc0d1dae71ea,0.3,0.4628724963361016,12282.0,6326.0,551.61,NVIDIA GeForce RTX 4070,[N/A],Enabled,Enabled
1709650143.156592,0,GPU-93ae0c7f-c327-aee3-adae-bc0d1dae71ea,0.3,0.4628724963361016,12282.0,6326.0,551.61,NVIDIA GeForce RTX 4070,[N/A],Enabled,Enabled
1709650144.156599,0,GPU-93ae0c7f-c327-aee3-adae-bc0d1dae71ea,0.28,0.4628724963361016,12282.0,6326.0,551.61,NVIDIA GeForce RTX 4070,[N/A],Enabled,Enabled
1709650145.156373,0,GPU-93ae0c7f-c327-aee3-adae-bc0d1dae71ea,0.29,0.4628724963361016,12282.0,6326.0,551.61,NVIDIA GeForce RTX 4070,[N/A],Enabled,Enabled
1709650146.15594,0,GPU-93ae0c7f-c327-aee3-adae-bc0d1dae71ea,0.29,0.4628724963361016,12282.0,6326.0,551.61,NVIDIA GeForce RTX 4070,[N/A],Enabled,Enabled
1709650147.156162,0,GPU-93ae0c7f-c327-aee3-adae-bc0d1dae71ea,0.29,0.4628724963361016,12282.0,6326.0,551.61,NVIDIA GeForce RTX 4070,[N/A],Enabled,Enabled
1709650148.157251,0,GPU-93ae0c7f-c327-aee3-adae-bc0d1dae71ea,0.3,0.4628724963361016,12282.0,6326.0,551.61,NVIDIA GeForce RTX 4070,[N/A],Enabled,Enabled
1709650149.156114,0,GPU-93ae0c7f-c327-aee3-adae-bc0d1dae71ea,0.3,0.4628724963361016,12282.0,6326.0,551.61,NVIDIA GeForce RTX 4070,[N/A],Enabled,Enabled
1709650150.157028,0,GPU-93ae0c7f-c327-aee3-adae-bc0d1dae71ea,0.17,0.2643706236769256,12282.0,8764.0,551.61,NVIDIA GeForce RTX 4070,[N/A],Enabled,Enabled
1709650151.156612,0,GPU-93ae0c7f-c327-aee3-adae-bc0d1dae71ea,0.18,0.2643706236769256,12282.0,8764.0,551.61,NVIDIA GeForce RTX 4070,[N/A],Enabled,Enabled
1709650152.156299,0,GPU-93ae0c7f-c327-aee3-adae-bc0d1dae71ea,0.18,0.2631493242142973,12282.0,8779.0,551.61,NVIDIA GeForce RTX 4070,[N/A],Enabled,Enabled
