timestamp,id,uuid,load,memoryUtil,memoryTotal,memoryUsed,memoryFree,driver,name,serial,display_mode,display_active
1702423408.34871,0,GPU-93ae0c7f-c327-aee3-adae-bc0d1dae71ea,0.15,0.3310535743364273,12282.0,7959.0,546.29,NVIDIA GeForce RTX 4070,[N/A],Enabled,Enabled
1702423409.344989,0,GPU-93ae0c7f-c327-aee3-adae-bc0d1dae71ea,0.15,0.3310535743364273,12282.0,7959.0,546.29,NVIDIA GeForce RTX 4070,[N/A],Enabled,Enabled
1702423410.345915,0,GPU-93ae0c7f-c327-aee3-adae-bc0d1dae71ea,0.16,0.33146067415730335,12282.0,7954.0,546.29,NVIDIA GeForce RTX 4070,[N/A],Enabled,Enabled
1702423411.345357,0,GPU-93ae0c7f-c327-aee3-adae-bc0d1dae71ea,0.16,0.33146067415730335,12282.0,7954.0,546.29,NVIDIA GeForce RTX 4070,[N/A],Enabled,Enabled
1702423412.345426,0,GPU-93ae0c7f-c327-aee3-adae-bc0d1dae71ea,0.16,0.33146067415730335,12282.0,7954.0,546.29,NVIDIA GeForce RTX 4070,[N/A],Enabled,Enabled
1702423413.346296,0,GPU-93ae0c7f-c327-aee3-adae-bc0d1dae71ea,0.16,0.33146067415730335,12282.0,7954.0,546.29,NVIDIA GeForce RTX 4070,[N/A],Enabled,Enabled
1702423414.346032,0,GPU-93ae0c7f-c327-aee3-adae-bc0d1dae71ea,0.16,0.33146067415730335,12282.0,7954.0,546.29,NVIDIA GeForce RTX 4070,[N/A],Enabled,Enabled
1702423415.345059,0,GPU-93ae0c7f-c327-aee3-adae-bc0d1dae71ea,0.15,0.33146067415730335,12282.0,7954.0,546.29,NVIDIA GeForce RTX 4070,[N/A],Enabled,Enabled
1702423416.345951,0,GPU-93ae0c7f-c327-aee3-adae-bc0d1dae71ea,0.16,0.33146067415730335,12282.0,7954.0,546.29,NVIDIA GeForce RTX 4070,[N/A],Enabled,Enabled
1702423417.346033,0,GPU-93ae0c7f-c327-aee3-adae-bc0d1dae71ea,0.16,0.33064647451555124,12282.0,7964.0,546.29,NVIDIA GeForce RTX 4070,[N/A],Enabled,Enabled
1702423418.345763,0,GPU-93ae0c7f-c327-aee3-adae-bc0d1dae71ea,0.15,0.33064647451555124,12282.0,7964.0,546.29,NVIDIA GeForce RTX 4070,[N/A],Enabled,Enabled
1702423419.345959,0,GPU-93ae0c7f-c327-aee3-adae-bc0d1dae71ea,0.15,0.33064647451555124,12282.0,7964.0,546.29,NVIDIA GeForce RTX 4070,[N/A],Enabled,Enabled
1702423420.345765,0,GPU-93ae0c7f-c327-aee3-adae-bc0d1dae71ea,0.14,0.33064647451555124,12282.0,7964.0,546.29,NVIDIA GeForce RTX 4070,[N/A],Enabled,Enabled
1702423421.345877,0,GPU-93ae0c7f-c327-aee3-adae-bc0d1dae71ea,0.15,0.33056505455137597,12282.0,7965.0,546.29,NVIDIA GeForce RTX 4070,[N/A],Enabled,Enabled
1702423422.345769,0,GPU-93ae0c7f-c327-aee3-adae-bc0d1dae71ea,0.15,0.33048363458720076,12282.0,7966.0,546.29,NVIDIA GeForce RTX 4070,[N/A],Enabled,Enabled
1702423423.345527,0,GPU-93ae0c7f-c327-aee3-adae-bc0d1dae71ea,0.16,0.33154209412147856,12282.0,7953.0,546.29,NVIDIA GeForce RTX 4070,[N/A],Enabled,Enabled
1702423424.345387,0,GPU-93ae0c7f-c327-aee3-adae-bc0d1dae71ea,0.15,0.34066113010910276,12282.0,7841.0,546.29,NVIDIA GeForce RTX 4070,[N/A],Enabled,Enabled
1702423425.345958,0,GPU-93ae0c7f-c327-aee3-adae-bc0d1dae71ea,0.13,0.43250284969874614,12282.0,6713.0,546.29,NVIDIA GeForce RTX 4070,[N/A],Enabled,Enabled
1702423426.34514,0,GPU-93ae0c7f-c327-aee3-adae-bc0d1dae71ea,0.09,0.4003419638495359,12282.0,7108.0,546.29,NVIDIA GeForce RTX 4070,[N/A],Enabled,Enabled
1702423427.346152,0,GPU-93ae0c7f-c327-aee3-adae-bc0d1dae71ea,0.09,0.4003419638495359,12282.0,7108.0,546.29,NVIDIA GeForce RTX 4070,[N/A],Enabled,Enabled
1702423428.345809,0,GPU-93ae0c7f-c327-aee3-adae-bc0d1dae71ea,0.09,0.4002605438853607,12282.0,7109.0,546.29,NVIDIA GeForce RTX 4070,[N/A],Enabled,Enabled
1702423429.346274,0,GPU-93ae0c7f-c327-aee3-adae-bc0d1dae71ea,0.11,0.4937306627585084,12282.0,5961.0,546.29,NVIDIA GeForce RTX 4070,[N/A],Enabled,Enabled
1702423430.34518,0,GPU-93ae0c7f-c327-aee3-adae-bc0d1dae71ea,0.32,0.5170981924767953,12282.0,5674.0,546.29,NVIDIA GeForce RTX 4070,[N/A],Enabled,Enabled
1702423431.345941,0,GPU-93ae0c7f-c327-aee3-adae-bc0d1dae71ea,0.28,0.5170981924767953,12282.0,5674.0,546.29,NVIDIA GeForce RTX 4070,[N/A],Enabled,Enabled
1702423432.345812,0,GPU-93ae0c7f-c327-aee3-adae-bc0d1dae71ea,0.25,0.5127015144113337,12282.0,5728.0,546.29,NVIDIA GeForce RTX 4070,[N/A],Enabled,Enabled
1702423433.345923,0,GPU-93ae0c7f-c327-aee3-adae-bc0d1dae71ea,0.27,0.5170167725126201,12282.0,5675.0,546.29,NVIDIA GeForce RTX 4070,[N/A],Enabled,Enabled
1702423434.346044,0,GPU-93ae0c7f-c327-aee3-adae-bc0d1dae71ea,0.08,0.6183846279107638,12282.0,4430.0,546.29,NVIDIA GeForce RTX 4070,[N/A],Enabled,Enabled
1702423435.345595,0,GPU-93ae0c7f-c327-aee3-adae-bc0d1dae71ea,0.28,0.5183194919394235,12282.0,5659.0,546.29,NVIDIA GeForce RTX 4070,[N/A],Enabled,Enabled
1702423436.345939,0,GPU-93ae0c7f-c327-aee3-adae-bc0d1dae71ea,0.29,0.5183194919394235,12282.0,5659.0,546.29,NVIDIA GeForce RTX 4070,[N/A],Enabled,Enabled
1702423437.345595,0,GPU-93ae0c7f-c327-aee3-adae-bc0d1dae71ea,0.28,0.5176681322260218,12282.0,5667.0,546.29,NVIDIA GeForce RTX 4070,[N/A],Enabled,Enabled
1702423438.345707,0,GPU-93ae0c7f-c327-aee3-adae-bc0d1dae71ea,0.29,0.5176681322260218,12282.0,5667.0,546.29,NVIDIA GeForce RTX 4070,[N/A],Enabled,Enabled
1702423439.345769,0,GPU-93ae0c7f-c327-aee3-adae-bc0d1dae71ea,0.29,0.5175867122618466,12282.0,5668.0,546.29,NVIDIA GeForce RTX 4070,[N/A],Enabled,Enabled
1702423440.345991,0,GPU-93ae0c7f-c327-aee3-adae-bc0d1dae71ea,0.28,0.5175867122618466,12282.0,5668.0,546.29,NVIDIA GeForce RTX 4070,[N/A],Enabled,Enabled
1702423441.345354,0,GPU-93ae0c7f-c327-aee3-adae-bc0d1dae71ea,0.27,0.5128643543396841,12282.0,5726.0,546.29,NVIDIA GeForce RTX 4070,[N/A],Enabled,Enabled
1702423442.345978,0,GPU-93ae0c7f-c327-aee3-adae-bc0d1dae71ea,0.29,0.5164468327633935,12282.0,5682.0,546.29,NVIDIA GeForce RTX 4070,[N/A],Enabled,Enabled
1702423443.345138,0,GPU-93ae0c7f-c327-aee3-adae-bc0d1dae71ea,0.27,0.5140042338381371,12282.0,5712.0,546.29,NVIDIA GeForce RTX 4070,[N/A],Enabled,Enabled
1702423444.345519,0,GPU-93ae0c7f-c327-aee3-adae-bc0d1dae71ea,0.29,0.5183194919394235,12282.0,5659.0,546.29,NVIDIA GeForce RTX 4070,[N/A],Enabled,Enabled
1702423445.345694,0,GPU-93ae0c7f-c327-aee3-adae-bc0d1dae71ea,0.27,0.5183194919394235,12282.0,5659.0,546.29,NVIDIA GeForce RTX 4070,[N/A],Enabled,Enabled
1702423446.345447,0,GPU-93ae0c7f-c327-aee3-adae-bc0d1dae71ea,0.19,0.5160397329425175,12282.0,5687.0,546.29,NVIDIA GeForce RTX 4070,[N/A],Enabled,Enabled
1702423447.346035,0,GPU-93ae0c7f-c327-aee3-adae-bc0d1dae71ea,0.35,0.5221462302556586,12282.0,5612.0,546.29,NVIDIA GeForce RTX 4070,[N/A],Enabled,Enabled
1702423448.345368,0,GPU-93ae0c7f-c327-aee3-adae-bc0d1dae71ea,0.41,0.5221462302556586,12282.0,5612.0,546.29,NVIDIA GeForce RTX 4070,[N/A],Enabled,Enabled
1702423449.345995,0,GPU-93ae0c7f-c327-aee3-adae-bc0d1dae71ea,0.38,0.5221462302556586,12282.0,5612.0,546.29,NVIDIA GeForce RTX 4070,[N/A],Enabled,Enabled
1702423450.345191,0,GPU-93ae0c7f-c327-aee3-adae-bc0d1dae71ea,0.4,0.5221462302556586,12282.0,5612.0,546.29,NVIDIA GeForce RTX 4070,[N/A],Enabled,Enabled
1702423451.345505,0,GPU-93ae0c7f-c327-aee3-adae-bc0d1dae71ea,0.37,0.5221462302556586,12282.0,5612.0,546.29,NVIDIA GeForce RTX 4070,[N/A],Enabled,Enabled
1702423452.345857,0,GPU-93ae0c7f-c327-aee3-adae-bc0d1dae71ea,0.38,0.5220648102914834,12282.0,5613.0,546.29,NVIDIA GeForce RTX 4070,[N/A],Enabled,Enabled
1702423453.345989,0,GPU-93ae0c7f-c327-aee3-adae-bc0d1dae71ea,0.36,0.5209249307930305,12282.0,5627.0,546.29,NVIDIA GeForce RTX 4070,[N/A],Enabled,Enabled
1702423454.346018,0,GPU-93ae0c7f-c327-aee3-adae-bc0d1dae71ea,0.39,0.5206806709005048,12282.0,5630.0,546.29,NVIDIA GeForce RTX 4070,[N/A],Enabled,Enabled
1702423455.345105,0,GPU-93ae0c7f-c327-aee3-adae-bc0d1dae71ea,0.39,0.5206806709005048,12282.0,5630.0,546.29,NVIDIA GeForce RTX 4070,[N/A],Enabled,Enabled
1702423456.345188,0,GPU-93ae0c7f-c327-aee3-adae-bc0d1dae71ea,0.41,0.5206806709005048,12282.0,5630.0,546.29,NVIDIA GeForce RTX 4070,[N/A],Enabled,Enabled
1702423457.345589,0,GPU-93ae0c7f-c327-aee3-adae-bc0d1dae71ea,0.41,0.5206806709005048,12282.0,5630.0,546.29,NVIDIA GeForce RTX 4070,[N/A],Enabled,Enabled
1702423458.34537,0,GPU-93ae0c7f-c327-aee3-adae-bc0d1dae71ea,0.38,0.5205992509363296,12282.0,5631.0,546.29,NVIDIA GeForce RTX 4070,[N/A],Enabled,Enabled
1702423459.345818,0,GPU-93ae0c7f-c327-aee3-adae-bc0d1dae71ea,0.39,0.5205178309721544,12282.0,5632.0,546.29,NVIDIA GeForce RTX 4070,[N/A],Enabled,Enabled
1702423460.34518,0,GPU-93ae0c7f-c327-aee3-adae-bc0d1dae71ea,0.42,0.5205178309721544,12282.0,5632.0,546.29,NVIDIA GeForce RTX 4070,[N/A],Enabled,Enabled
1702423461.345616,0,GPU-93ae0c7f-c327-aee3-adae-bc0d1dae71ea,0.38,0.5220648102914834,12282.0,5613.0,546.29,NVIDIA GeForce RTX 4070,[N/A],Enabled,Enabled
1702423462.345799,0,GPU-93ae0c7f-c327-aee3-adae-bc0d1dae71ea,0.42,0.5220648102914834,12282.0,5613.0,546.29,NVIDIA GeForce RTX 4070,[N/A],Enabled,Enabled
1702423463.346123,0,GPU-93ae0c7f-c327-aee3-adae-bc0d1dae71ea,0.42,0.5220648102914834,12282.0,5613.0,546.29,NVIDIA GeForce RTX 4070,[N/A],Enabled,Enabled
1702423464.345754,0,GPU-93ae0c7f-c327-aee3-adae-bc0d1dae71ea,0.41,0.5220648102914834,12282.0,5613.0,546.29,NVIDIA GeForce RTX 4070,[N/A],Enabled,Enabled
1702423465.345979,0,GPU-93ae0c7f-c327-aee3-adae-bc0d1dae71ea,0.39,0.5220648102914834,12282.0,5613.0,546.29,NVIDIA GeForce RTX 4070,[N/A],Enabled,Enabled
1702423466.345368,0,GPU-93ae0c7f-c327-aee3-adae-bc0d1dae71ea,0.39,0.5220648102914834,12282.0,5613.0,546.29,NVIDIA GeForce RTX 4070,[N/A],Enabled,Enabled
1702423467.346526,0,GPU-93ae0c7f-c327-aee3-adae-bc0d1dae71ea,0.39,0.5219833903273082,12282.0,5614.0,546.29,NVIDIA GeForce RTX 4070,[N/A],Enabled,Enabled
1702423468.345867,0,GPU-93ae0c7f-c327-aee3-adae-bc0d1dae71ea,0.4,0.5219833903273082,12282.0,5614.0,546.29,NVIDIA GeForce RTX 4070,[N/A],Enabled,Enabled
1702423469.345856,0,GPU-93ae0c7f-c327-aee3-adae-bc0d1dae71ea,0.38,0.5219833903273082,12282.0,5614.0,546.29,NVIDIA GeForce RTX 4070,[N/A],Enabled,Enabled
1702423470.345935,0,GPU-93ae0c7f-c327-aee3-adae-bc0d1dae71ea,0.39,0.5219833903273082,12282.0,5614.0,546.29,NVIDIA GeForce RTX 4070,[N/A],Enabled,Enabled
1702423471.345823,0,GPU-93ae0c7f-c327-aee3-adae-bc0d1dae71ea,0.44,0.5219833903273082,12282.0,5614.0,546.29,NVIDIA GeForce RTX 4070,[N/A],Enabled,Enabled
1702423472.345813,0,GPU-93ae0c7f-c327-aee3-adae-bc0d1dae71ea,0.39,0.521901970363133,12282.0,5615.0,546.29,NVIDIA GeForce RTX 4070,[N/A],Enabled,Enabled
1702423473.345747,0,GPU-93ae0c7f-c327-aee3-adae-bc0d1dae71ea,0.41,0.5210877707213809,12282.0,5625.0,546.29,NVIDIA GeForce RTX 4070,[N/A],Enabled,Enabled
1702423474.344982,0,GPU-93ae0c7f-c327-aee3-adae-bc0d1dae71ea,0.45,0.5209249307930305,12282.0,5627.0,546.29,NVIDIA GeForce RTX 4070,[N/A],Enabled,Enabled
1702423475.345835,0,GPU-93ae0c7f-c327-aee3-adae-bc0d1dae71ea,0.45,0.5208435108288553,12282.0,5628.0,546.29,NVIDIA GeForce RTX 4070,[N/A],Enabled,Enabled
1702423476.345925,0,GPU-93ae0c7f-c327-aee3-adae-bc0d1dae71ea,0.36,0.5208435108288553,12282.0,5628.0,546.29,NVIDIA GeForce RTX 4070,[N/A],Enabled,Enabled
1702423477.345367,0,GPU-93ae0c7f-c327-aee3-adae-bc0d1dae71ea,0.38,0.5208435108288553,12282.0,5628.0,546.29,NVIDIA GeForce RTX 4070,[N/A],Enabled,Enabled
1702423478.346012,0,GPU-93ae0c7f-c327-aee3-adae-bc0d1dae71ea,0.37,0.5201921511154535,12282.0,5636.0,546.29,NVIDIA GeForce RTX 4070,[N/A],Enabled,Enabled
1702423479.344972,0,GPU-93ae0c7f-c327-aee3-adae-bc0d1dae71ea,0.38,0.5201921511154535,12282.0,5636.0,546.29,NVIDIA GeForce RTX 4070,[N/A],Enabled,Enabled
1702423480.346413,0,GPU-93ae0c7f-c327-aee3-adae-bc0d1dae71ea,0.4,0.5201921511154535,12282.0,5636.0,546.29,NVIDIA GeForce RTX 4070,[N/A],Enabled,Enabled
1702423481.34669,0,GPU-93ae0c7f-c327-aee3-adae-bc0d1dae71ea,0.4,0.5201921511154535,12282.0,5636.0,546.29,NVIDIA GeForce RTX 4070,[N/A],Enabled,Enabled
1702423482.346154,0,GPU-93ae0c7f-c327-aee3-adae-bc0d1dae71ea,0.36,0.5201921511154535,12282.0,5636.0,546.29,NVIDIA GeForce RTX 4070,[N/A],Enabled,Enabled
1702423483.345014,0,GPU-93ae0c7f-c327-aee3-adae-bc0d1dae71ea,0.38,0.5201921511154535,12282.0,5636.0,546.29,NVIDIA GeForce RTX 4070,[N/A],Enabled,Enabled
1702423484.345693,0,GPU-93ae0c7f-c327-aee3-adae-bc0d1dae71ea,0.38,0.5201921511154535,12282.0,5636.0,546.29,NVIDIA GeForce RTX 4070,[N/A],Enabled,Enabled
1702423485.345395,0,GPU-93ae0c7f-c327-aee3-adae-bc0d1dae71ea,0.36,0.5201921511154535,12282.0,5636.0,546.29,NVIDIA GeForce RTX 4070,[N/A],Enabled,Enabled
1702423486.345356,0,GPU-93ae0c7f-c327-aee3-adae-bc0d1dae71ea,0.41,0.5201921511154535,12282.0,5636.0,546.29,NVIDIA GeForce RTX 4070,[N/A],Enabled,Enabled
1702423487.345524,0,GPU-93ae0c7f-c327-aee3-adae-bc0d1dae71ea,0.38,0.5205992509363296,12282.0,5631.0,546.29,NVIDIA GeForce RTX 4070,[N/A],Enabled,Enabled
1702423488.345911,0,GPU-93ae0c7f-c327-aee3-adae-bc0d1dae71ea,0.41,0.5205178309721544,12282.0,5632.0,546.29,NVIDIA GeForce RTX 4070,[N/A],Enabled,Enabled
1702423489.345627,0,GPU-93ae0c7f-c327-aee3-adae-bc0d1dae71ea,0.41,0.5205178309721544,12282.0,5632.0,546.29,NVIDIA GeForce RTX 4070,[N/A],Enabled,Enabled
1702423490.345586,0,GPU-93ae0c7f-c327-aee3-adae-bc0d1dae71ea,0.38,0.5204364110079791,12282.0,5633.0,546.29,NVIDIA GeForce RTX 4070,[N/A],Enabled,Enabled
1702423491.346038,0,GPU-93ae0c7f-c327-aee3-adae-bc0d1dae71ea,0.4,0.5204364110079791,12282.0,5633.0,546.29,NVIDIA GeForce RTX 4070,[N/A],Enabled,Enabled
1702423492.345148,0,GPU-93ae0c7f-c327-aee3-adae-bc0d1dae71ea,0.37,0.5204364110079791,12282.0,5633.0,546.29,NVIDIA GeForce RTX 4070,[N/A],Enabled,Enabled
1702423493.346863,0,GPU-93ae0c7f-c327-aee3-adae-bc0d1dae71ea,0.41,0.5204364110079791,12282.0,5633.0,546.29,NVIDIA GeForce RTX 4070,[N/A],Enabled,Enabled
1702423494.345245,0,GPU-93ae0c7f-c327-aee3-adae-bc0d1dae71ea,0.4,0.5204364110079791,12282.0,5633.0,546.29,NVIDIA GeForce RTX 4070,[N/A],Enabled,Enabled
1702423495.345249,0,GPU-93ae0c7f-c327-aee3-adae-bc0d1dae71ea,0.38,0.520029311187103,12282.0,5638.0,546.29,NVIDIA GeForce RTX 4070,[N/A],Enabled,Enabled
1702423496.345077,0,GPU-93ae0c7f-c327-aee3-adae-bc0d1dae71ea,0.37,0.520029311187103,12282.0,5638.0,546.29,NVIDIA GeForce RTX 4070,[N/A],Enabled,Enabled
1702423497.34582,0,GPU-93ae0c7f-c327-aee3-adae-bc0d1dae71ea,0.4,0.520029311187103,12282.0,5638.0,546.29,NVIDIA GeForce RTX 4070,[N/A],Enabled,Enabled
1702423498.345605,0,GPU-93ae0c7f-c327-aee3-adae-bc0d1dae71ea,0.37,0.520029311187103,12282.0,5638.0,546.29,NVIDIA GeForce RTX 4070,[N/A],Enabled,Enabled
1702423499.344835,0,GPU-93ae0c7f-c327-aee3-adae-bc0d1dae71ea,0.4,0.520029311187103,12282.0,5638.0,546.29,NVIDIA GeForce RTX 4070,[N/A],Enabled,Enabled
1702423500.3455,0,GPU-93ae0c7f-c327-aee3-adae-bc0d1dae71ea,0.42,0.520029311187103,12282.0,5638.0,546.29,NVIDIA GeForce RTX 4070,[N/A],Enabled,Enabled
1702423501.345057,0,GPU-93ae0c7f-c327-aee3-adae-bc0d1dae71ea,0.49,0.520029311187103,12282.0,5638.0,546.29,NVIDIA GeForce RTX 4070,[N/A],Enabled,Enabled
1702423502.345462,0,GPU-93ae0c7f-c327-aee3-adae-bc0d1dae71ea,0.39,0.520029311187103,12282.0,5638.0,546.29,NVIDIA GeForce RTX 4070,[N/A],Enabled,Enabled
1702423503.345243,0,GPU-93ae0c7f-c327-aee3-adae-bc0d1dae71ea,0.38,0.520029311187103,12282.0,5638.0,546.29,NVIDIA GeForce RTX 4070,[N/A],Enabled,Enabled
1702423504.345625,0,GPU-93ae0c7f-c327-aee3-adae-bc0d1dae71ea,0.39,0.520029311187103,12282.0,5638.0,546.29,NVIDIA GeForce RTX 4070,[N/A],Enabled,Enabled
1702423505.346523,0,GPU-93ae0c7f-c327-aee3-adae-bc0d1dae71ea,0.41,0.520029311187103,12282.0,5638.0,546.29,NVIDIA GeForce RTX 4070,[N/A],Enabled,Enabled
1702423506.345941,0,GPU-93ae0c7f-c327-aee3-adae-bc0d1dae71ea,0.41,0.520029311187103,12282.0,5638.0,546.29,NVIDIA GeForce RTX 4070,[N/A],Enabled,Enabled
1702423507.345965,0,GPU-93ae0c7f-c327-aee3-adae-bc0d1dae71ea,0.39,0.520029311187103,12282.0,5638.0,546.29,NVIDIA GeForce RTX 4070,[N/A],Enabled,Enabled
1702423508.345721,0,GPU-93ae0c7f-c327-aee3-adae-bc0d1dae71ea,0.38,0.520029311187103,12282.0,5638.0,546.29,NVIDIA GeForce RTX 4070,[N/A],Enabled,Enabled
1702423509.345165,0,GPU-93ae0c7f-c327-aee3-adae-bc0d1dae71ea,0.4,0.5204364110079791,12282.0,5633.0,546.29,NVIDIA GeForce RTX 4070,[N/A],Enabled,Enabled
1702423510.345807,0,GPU-93ae0c7f-c327-aee3-adae-bc0d1dae71ea,0.4,0.5204364110079791,12282.0,5633.0,546.29,NVIDIA GeForce RTX 4070,[N/A],Enabled,Enabled
1702423511.344977,0,GPU-93ae0c7f-c327-aee3-adae-bc0d1dae71ea,0.42,0.5204364110079791,12282.0,5633.0,546.29,NVIDIA GeForce RTX 4070,[N/A],Enabled,Enabled
1702423512.345933,0,GPU-93ae0c7f-c327-aee3-adae-bc0d1dae71ea,0.38,0.5204364110079791,12282.0,5633.0,546.29,NVIDIA GeForce RTX 4070,[N/A],Enabled,Enabled
1702423513.345285,0,GPU-93ae0c7f-c327-aee3-adae-bc0d1dae71ea,0.37,0.5204364110079791,12282.0,5633.0,546.29,NVIDIA GeForce RTX 4070,[N/A],Enabled,Enabled
1702423514.346091,0,GPU-93ae0c7f-c327-aee3-adae-bc0d1dae71ea,0.41,0.5204364110079791,12282.0,5633.0,546.29,NVIDIA GeForce RTX 4070,[N/A],Enabled,Enabled
1702423515.345735,0,GPU-93ae0c7f-c327-aee3-adae-bc0d1dae71ea,0.46,0.5204364110079791,12282.0,5633.0,546.29,NVIDIA GeForce RTX 4070,[N/A],Enabled,Enabled
1702423516.346085,0,GPU-93ae0c7f-c327-aee3-adae-bc0d1dae71ea,0.39,0.5204364110079791,12282.0,5633.0,546.29,NVIDIA GeForce RTX 4070,[N/A],Enabled,Enabled
1702423517.345671,0,GPU-93ae0c7f-c327-aee3-adae-bc0d1dae71ea,0.43,0.5203549910438039,12282.0,5634.0,546.29,NVIDIA GeForce RTX 4070,[N/A],Enabled,Enabled
1702423518.345793,0,GPU-93ae0c7f-c327-aee3-adae-bc0d1dae71ea,0.4,0.5204364110079791,12282.0,5633.0,546.29,NVIDIA GeForce RTX 4070,[N/A],Enabled,Enabled
1702423519.345424,0,GPU-93ae0c7f-c327-aee3-adae-bc0d1dae71ea,0.41,0.5203549910438039,12282.0,5634.0,546.29,NVIDIA GeForce RTX 4070,[N/A],Enabled,Enabled
1702423520.345563,0,GPU-93ae0c7f-c327-aee3-adae-bc0d1dae71ea,0.46,0.5203549910438039,12282.0,5634.0,546.29,NVIDIA GeForce RTX 4070,[N/A],Enabled,Enabled
1702423521.345791,0,GPU-93ae0c7f-c327-aee3-adae-bc0d1dae71ea,0.38,0.5203549910438039,12282.0,5634.0,546.29,NVIDIA GeForce RTX 4070,[N/A],Enabled,Enabled
1702423522.345518,0,GPU-93ae0c7f-c327-aee3-adae-bc0d1dae71ea,0.37,0.5203549910438039,12282.0,5634.0,546.29,NVIDIA GeForce RTX 4070,[N/A],Enabled,Enabled
1702423523.345165,0,GPU-93ae0c7f-c327-aee3-adae-bc0d1dae71ea,0.38,0.5203549910438039,12282.0,5634.0,546.29,NVIDIA GeForce RTX 4070,[N/A],Enabled,Enabled
1702423524.345922,0,GPU-93ae0c7f-c327-aee3-adae-bc0d1dae71ea,0.42,0.5203549910438039,12282.0,5634.0,546.29,NVIDIA GeForce RTX 4070,[N/A],Enabled,Enabled
1702423525.345931,0,GPU-93ae0c7f-c327-aee3-adae-bc0d1dae71ea,0.39,0.5203549910438039,12282.0,5634.0,546.29,NVIDIA GeForce RTX 4070,[N/A],Enabled,Enabled
1702423526.345656,0,GPU-93ae0c7f-c327-aee3-adae-bc0d1dae71ea,0.43,0.5203549910438039,12282.0,5634.0,546.29,NVIDIA GeForce RTX 4070,[N/A],Enabled,Enabled
1702423527.345625,0,GPU-93ae0c7f-c327-aee3-adae-bc0d1dae71ea,0.41,0.5203549910438039,12282.0,5634.0,546.29,NVIDIA GeForce RTX 4070,[N/A],Enabled,Enabled
1702423528.345564,0,GPU-93ae0c7f-c327-aee3-adae-bc0d1dae71ea,0.37,0.5203549910438039,12282.0,5634.0,546.29,NVIDIA GeForce RTX 4070,[N/A],Enabled,Enabled
1702423529.345206,0,GPU-93ae0c7f-c327-aee3-adae-bc0d1dae71ea,0.43,0.5203549910438039,12282.0,5634.0,546.29,NVIDIA GeForce RTX 4070,[N/A],Enabled,Enabled
1702423530.345482,0,GPU-93ae0c7f-c327-aee3-adae-bc0d1dae71ea,0.4,0.5203549910438039,12282.0,5634.0,546.29,NVIDIA GeForce RTX 4070,[N/A],Enabled,Enabled
1702423531.345966,0,GPU-93ae0c7f-c327-aee3-adae-bc0d1dae71ea,0.39,0.5203549910438039,12282.0,5634.0,546.29,NVIDIA GeForce RTX 4070,[N/A],Enabled,Enabled
1702423532.345285,0,GPU-93ae0c7f-c327-aee3-adae-bc0d1dae71ea,0.41,0.5203549910438039,12282.0,5634.0,546.29,NVIDIA GeForce RTX 4070,[N/A],Enabled,Enabled
1702423533.344957,0,GPU-93ae0c7f-c327-aee3-adae-bc0d1dae71ea,0.4,0.5203549910438039,12282.0,5634.0,546.29,NVIDIA GeForce RTX 4070,[N/A],Enabled,Enabled
1702423534.345855,0,GPU-93ae0c7f-c327-aee3-adae-bc0d1dae71ea,0.41,0.5203549910438039,12282.0,5634.0,546.29,NVIDIA GeForce RTX 4070,[N/A],Enabled,Enabled
1702423535.345131,0,GPU-93ae0c7f-c327-aee3-adae-bc0d1dae71ea,0.36,0.5203549910438039,12282.0,5634.0,546.29,NVIDIA GeForce RTX 4070,[N/A],Enabled,Enabled
1702423536.345648,0,GPU-93ae0c7f-c327-aee3-adae-bc0d1dae71ea,0.43,0.5203549910438039,12282.0,5634.0,546.29,NVIDIA GeForce RTX 4070,[N/A],Enabled,Enabled
1702423537.345839,0,GPU-93ae0c7f-c327-aee3-adae-bc0d1dae71ea,0.37,0.5203549910438039,12282.0,5634.0,546.29,NVIDIA GeForce RTX 4070,[N/A],Enabled,Enabled
1702423538.345763,0,GPU-93ae0c7f-c327-aee3-adae-bc0d1dae71ea,0.39,0.5203549910438039,12282.0,5634.0,546.29,NVIDIA GeForce RTX 4070,[N/A],Enabled,Enabled
1702423539.346367,0,GPU-93ae0c7f-c327-aee3-adae-bc0d1dae71ea,0.4,0.5203549910438039,12282.0,5634.0,546.29,NVIDIA GeForce RTX 4070,[N/A],Enabled,Enabled
1702423540.346013,0,GPU-93ae0c7f-c327-aee3-adae-bc0d1dae71ea,0.4,0.5203549910438039,12282.0,5634.0,546.29,NVIDIA GeForce RTX 4070,[N/A],Enabled,Enabled
1702423541.346338,0,GPU-93ae0c7f-c327-aee3-adae-bc0d1dae71ea,0.4,0.5203549910438039,12282.0,5634.0,546.29,NVIDIA GeForce RTX 4070,[N/A],Enabled,Enabled
1702423542.345806,0,GPU-93ae0c7f-c327-aee3-adae-bc0d1dae71ea,0.43,0.5203549910438039,12282.0,5634.0,546.29,NVIDIA GeForce RTX 4070,[N/A],Enabled,Enabled
1702423543.345339,0,GPU-93ae0c7f-c327-aee3-adae-bc0d1dae71ea,0.39,0.5203549910438039,12282.0,5634.0,546.29,NVIDIA GeForce RTX 4070,[N/A],Enabled,Enabled
1702423544.34517,0,GPU-93ae0c7f-c327-aee3-adae-bc0d1dae71ea,0.42,0.5203549910438039,12282.0,5634.0,546.29,NVIDIA GeForce RTX 4070,[N/A],Enabled,Enabled
1702423545.345851,0,GPU-93ae0c7f-c327-aee3-adae-bc0d1dae71ea,0.39,0.5203549910438039,12282.0,5634.0,546.29,NVIDIA GeForce RTX 4070,[N/A],Enabled,Enabled
1702423546.345087,0,GPU-93ae0c7f-c327-aee3-adae-bc0d1dae71ea,0.42,0.5203549910438039,12282.0,5634.0,546.29,NVIDIA GeForce RTX 4070,[N/A],Enabled,Enabled
1702423547.345243,0,GPU-93ae0c7f-c327-aee3-adae-bc0d1dae71ea,0.39,0.5202735710796287,12282.0,5635.0,546.29,NVIDIA GeForce RTX 4070,[N/A],Enabled,Enabled
1702423548.346419,0,GPU-93ae0c7f-c327-aee3-adae-bc0d1dae71ea,0.4,0.5202735710796287,12282.0,5635.0,546.29,NVIDIA GeForce RTX 4070,[N/A],Enabled,Enabled
1702423549.345756,0,GPU-93ae0c7f-c327-aee3-adae-bc0d1dae71ea,0.4,0.5202735710796287,12282.0,5635.0,546.29,NVIDIA GeForce RTX 4070,[N/A],Enabled,Enabled
1702423550.346009,0,GPU-93ae0c7f-c327-aee3-adae-bc0d1dae71ea,0.39,0.5202735710796287,12282.0,5635.0,546.29,NVIDIA GeForce RTX 4070,[N/A],Enabled,Enabled
1702423551.345924,0,GPU-93ae0c7f-c327-aee3-adae-bc0d1dae71ea,0.41,0.5202735710796287,12282.0,5635.0,546.29,NVIDIA GeForce RTX 4070,[N/A],Enabled,Enabled
1702423552.345974,0,GPU-93ae0c7f-c327-aee3-adae-bc0d1dae71ea,0.44,0.5202735710796287,12282.0,5635.0,546.29,NVIDIA GeForce RTX 4070,[N/A],Enabled,Enabled
1702423553.345658,0,GPU-93ae0c7f-c327-aee3-adae-bc0d1dae71ea,0.43,0.5202735710796287,12282.0,5635.0,546.29,NVIDIA GeForce RTX 4070,[N/A],Enabled,Enabled
1702423554.345982,0,GPU-93ae0c7f-c327-aee3-adae-bc0d1dae71ea,0.38,0.5202735710796287,12282.0,5635.0,546.29,NVIDIA GeForce RTX 4070,[N/A],Enabled,Enabled
1702423555.345121,0,GPU-93ae0c7f-c327-aee3-adae-bc0d1dae71ea,0.37,0.521901970363133,12282.0,5615.0,546.29,NVIDIA GeForce RTX 4070,[N/A],Enabled,Enabled
1702423556.345406,0,GPU-93ae0c7f-c327-aee3-adae-bc0d1dae71ea,0.38,0.521901970363133,12282.0,5615.0,546.29,NVIDIA GeForce RTX 4070,[N/A],Enabled,Enabled
1702423557.345561,0,GPU-93ae0c7f-c327-aee3-adae-bc0d1dae71ea,0.38,0.521901970363133,12282.0,5615.0,546.29,NVIDIA GeForce RTX 4070,[N/A],Enabled,Enabled
1702423558.34566,0,GPU-93ae0c7f-c327-aee3-adae-bc0d1dae71ea,0.39,0.521901970363133,12282.0,5615.0,546.29,NVIDIA GeForce RTX 4070,[N/A],Enabled,Enabled
1702423559.345531,0,GPU-93ae0c7f-c327-aee3-adae-bc0d1dae71ea,0.42,0.521901970363133,12282.0,5615.0,546.29,NVIDIA GeForce RTX 4070,[N/A],Enabled,Enabled
1702423560.346042,0,GPU-93ae0c7f-c327-aee3-adae-bc0d1dae71ea,0.41,0.521901970363133,12282.0,5615.0,546.29,NVIDIA GeForce RTX 4070,[N/A],Enabled,Enabled
1702423561.345527,0,GPU-93ae0c7f-c327-aee3-adae-bc0d1dae71ea,0.39,0.521901970363133,12282.0,5615.0,546.29,NVIDIA GeForce RTX 4070,[N/A],Enabled,Enabled
1702423562.345039,0,GPU-93ae0c7f-c327-aee3-adae-bc0d1dae71ea,0.4,0.521901970363133,12282.0,5615.0,546.29,NVIDIA GeForce RTX 4070,[N/A],Enabled,Enabled
1702423563.346382,0,GPU-93ae0c7f-c327-aee3-adae-bc0d1dae71ea,0.39,0.521901970363133,12282.0,5615.0,546.29,NVIDIA GeForce RTX 4070,[N/A],Enabled,Enabled
1702423564.345719,0,GPU-93ae0c7f-c327-aee3-adae-bc0d1dae71ea,0.45,0.521901970363133,12282.0,5615.0,546.29,NVIDIA GeForce RTX 4070,[N/A],Enabled,Enabled
1702423565.344968,0,GPU-93ae0c7f-c327-aee3-adae-bc0d1dae71ea,0.43,0.521901970363133,12282.0,5615.0,546.29,NVIDIA GeForce RTX 4070,[N/A],Enabled,Enabled
1702423566.346409,0,GPU-93ae0c7f-c327-aee3-adae-bc0d1dae71ea,0.38,0.521901970363133,12282.0,5615.0,546.29,NVIDIA GeForce RTX 4070,[N/A],Enabled,Enabled
1702423567.345124,0,GPU-93ae0c7f-c327-aee3-adae-bc0d1dae71ea,0.35,0.521901970363133,12282.0,5615.0,546.29,NVIDIA GeForce RTX 4070,[N/A],Enabled,Enabled
1702423568.345309,0,GPU-93ae0c7f-c327-aee3-adae-bc0d1dae71ea,0.42,0.521901970363133,12282.0,5615.0,546.29,NVIDIA GeForce RTX 4070,[N/A],Enabled,Enabled
1702423569.34586,0,GPU-93ae0c7f-c327-aee3-adae-bc0d1dae71ea,0.38,0.521901970363133,12282.0,5615.0,546.29,NVIDIA GeForce RTX 4070,[N/A],Enabled,Enabled
1702423570.34607,0,GPU-93ae0c7f-c327-aee3-adae-bc0d1dae71ea,0.46,0.521901970363133,12282.0,5615.0,546.29,NVIDIA GeForce RTX 4070,[N/A],Enabled,Enabled
1702423571.345196,0,GPU-93ae0c7f-c327-aee3-adae-bc0d1dae71ea,0.42,0.521901970363133,12282.0,5615.0,546.29,NVIDIA GeForce RTX 4070,[N/A],Enabled,Enabled
1702423572.345897,0,GPU-93ae0c7f-c327-aee3-adae-bc0d1dae71ea,0.4,0.521901970363133,12282.0,5615.0,546.29,NVIDIA GeForce RTX 4070,[N/A],Enabled,Enabled
1702423573.345925,0,GPU-93ae0c7f-c327-aee3-adae-bc0d1dae71ea,0.39,0.521901970363133,12282.0,5615.0,546.29,NVIDIA GeForce RTX 4070,[N/A],Enabled,Enabled
1702423574.345132,0,GPU-93ae0c7f-c327-aee3-adae-bc0d1dae71ea,0.44,0.521901970363133,12282.0,5615.0,546.29,NVIDIA GeForce RTX 4070,[N/A],Enabled,Enabled
1702423575.345751,0,GPU-93ae0c7f-c327-aee3-adae-bc0d1dae71ea,0.38,0.521901970363133,12282.0,5615.0,546.29,NVIDIA GeForce RTX 4070,[N/A],Enabled,Enabled
1702423576.34583,0,GPU-93ae0c7f-c327-aee3-adae-bc0d1dae71ea,0.4,0.521901970363133,12282.0,5615.0,546.29,NVIDIA GeForce RTX 4070,[N/A],Enabled,Enabled
1702423577.345519,0,GPU-93ae0c7f-c327-aee3-adae-bc0d1dae71ea,0.38,0.5210877707213809,12282.0,5625.0,546.29,NVIDIA GeForce RTX 4070,[N/A],Enabled,Enabled
1702423578.345307,0,GPU-93ae0c7f-c327-aee3-adae-bc0d1dae71ea,0.42,0.5205992509363296,12282.0,5631.0,546.29,NVIDIA GeForce RTX 4070,[N/A],Enabled,Enabled
1702423579.345122,0,GPU-93ae0c7f-c327-aee3-adae-bc0d1dae71ea,0.4,0.5205992509363296,12282.0,5631.0,546.29,NVIDIA GeForce RTX 4070,[N/A],Enabled,Enabled
1702423580.345455,0,GPU-93ae0c7f-c327-aee3-adae-bc0d1dae71ea,0.41,0.5205992509363296,12282.0,5631.0,546.29,NVIDIA GeForce RTX 4070,[N/A],Enabled,Enabled
1702423581.34572,0,GPU-93ae0c7f-c327-aee3-adae-bc0d1dae71ea,0.36,0.5202735710796287,12282.0,5635.0,546.29,NVIDIA GeForce RTX 4070,[N/A],Enabled,Enabled
1702423582.345566,0,GPU-93ae0c7f-c327-aee3-adae-bc0d1dae71ea,0.4,0.5201107311512783,12282.0,5637.0,546.29,NVIDIA GeForce RTX 4070,[N/A],Enabled,Enabled
1702423583.34573,0,GPU-93ae0c7f-c327-aee3-adae-bc0d1dae71ea,0.37,0.520029311187103,12282.0,5638.0,546.29,NVIDIA GeForce RTX 4070,[N/A],Enabled,Enabled
1702423584.344913,0,GPU-93ae0c7f-c327-aee3-adae-bc0d1dae71ea,0.39,0.5197036313304022,12282.0,5642.0,546.29,NVIDIA GeForce RTX 4070,[N/A],Enabled,Enabled
1702423585.345174,0,GPU-93ae0c7f-c327-aee3-adae-bc0d1dae71ea,0.38,0.5197036313304022,12282.0,5642.0,546.29,NVIDIA GeForce RTX 4070,[N/A],Enabled,Enabled
1702423586.345581,0,GPU-93ae0c7f-c327-aee3-adae-bc0d1dae71ea,0.41,0.5197036313304022,12282.0,5642.0,546.29,NVIDIA GeForce RTX 4070,[N/A],Enabled,Enabled
1702423587.345724,0,GPU-93ae0c7f-c327-aee3-adae-bc0d1dae71ea,0.36,0.5197036313304022,12282.0,5642.0,546.29,NVIDIA GeForce RTX 4070,[N/A],Enabled,Enabled
1702423588.345015,0,GPU-93ae0c7f-c327-aee3-adae-bc0d1dae71ea,0.37,0.5197036313304022,12282.0,5642.0,546.29,NVIDIA GeForce RTX 4070,[N/A],Enabled,Enabled
1702423589.346718,0,GPU-93ae0c7f-c327-aee3-adae-bc0d1dae71ea,0.38,0.5197036313304022,12282.0,5642.0,546.29,NVIDIA GeForce RTX 4070,[N/A],Enabled,Enabled
1702423590.345165,0,GPU-93ae0c7f-c327-aee3-adae-bc0d1dae71ea,0.34,0.5197036313304022,12282.0,5642.0,546.29,NVIDIA GeForce RTX 4070,[N/A],Enabled,Enabled
1702423591.345936,0,GPU-93ae0c7f-c327-aee3-adae-bc0d1dae71ea,0.38,0.5197036313304022,12282.0,5642.0,546.29,NVIDIA GeForce RTX 4070,[N/A],Enabled,Enabled
1702423592.344994,0,GPU-93ae0c7f-c327-aee3-adae-bc0d1dae71ea,0.41,0.5197036313304022,12282.0,5642.0,546.29,NVIDIA GeForce RTX 4070,[N/A],Enabled,Enabled
1702423593.345479,0,GPU-93ae0c7f-c327-aee3-adae-bc0d1dae71ea,0.36,0.5197036313304022,12282.0,5642.0,546.29,NVIDIA GeForce RTX 4070,[N/A],Enabled,Enabled
1702423594.34541,0,GPU-93ae0c7f-c327-aee3-adae-bc0d1dae71ea,0.34,0.5197036313304022,12282.0,5642.0,546.29,NVIDIA GeForce RTX 4070,[N/A],Enabled,Enabled
1702423595.346044,0,GPU-93ae0c7f-c327-aee3-adae-bc0d1dae71ea,0.38,0.5197036313304022,12282.0,5642.0,546.29,NVIDIA GeForce RTX 4070,[N/A],Enabled,Enabled
1702423596.345916,0,GPU-93ae0c7f-c327-aee3-adae-bc0d1dae71ea,0.38,0.5197036313304022,12282.0,5642.0,546.29,NVIDIA GeForce RTX 4070,[N/A],Enabled,Enabled
1702423597.345254,0,GPU-93ae0c7f-c327-aee3-adae-bc0d1dae71ea,0.38,0.5197036313304022,12282.0,5642.0,546.29,NVIDIA GeForce RTX 4070,[N/A],Enabled,Enabled
1702423598.345326,0,GPU-93ae0c7f-c327-aee3-adae-bc0d1dae71ea,0.41,0.5197036313304022,12282.0,5642.0,546.29,NVIDIA GeForce RTX 4070,[N/A],Enabled,Enabled
1702423599.345371,0,GPU-93ae0c7f-c327-aee3-adae-bc0d1dae71ea,0.37,0.5197036313304022,12282.0,5642.0,546.29,NVIDIA GeForce RTX 4070,[N/A],Enabled,Enabled
1702423600.345984,0,GPU-93ae0c7f-c327-aee3-adae-bc0d1dae71ea,0.4,0.5197036313304022,12282.0,5642.0,546.29,NVIDIA GeForce RTX 4070,[N/A],Enabled,Enabled
1702423601.345943,0,GPU-93ae0c7f-c327-aee3-adae-bc0d1dae71ea,0.38,0.5197036313304022,12282.0,5642.0,546.29,NVIDIA GeForce RTX 4070,[N/A],Enabled,Enabled
1702423602.345015,0,GPU-93ae0c7f-c327-aee3-adae-bc0d1dae71ea,0.36,0.5197036313304022,12282.0,5642.0,546.29,NVIDIA GeForce RTX 4070,[N/A],Enabled,Enabled
1702423603.345426,0,GPU-93ae0c7f-c327-aee3-adae-bc0d1dae71ea,0.42,0.5197036313304022,12282.0,5642.0,546.29,NVIDIA GeForce RTX 4070,[N/A],Enabled,Enabled
1702423604.345567,0,GPU-93ae0c7f-c327-aee3-adae-bc0d1dae71ea,0.37,0.5197036313304022,12282.0,5642.0,546.29,NVIDIA GeForce RTX 4070,[N/A],Enabled,Enabled
1702423605.346296,0,GPU-93ae0c7f-c327-aee3-adae-bc0d1dae71ea,0.36,0.5197036313304022,12282.0,5642.0,546.29,NVIDIA GeForce RTX 4070,[N/A],Enabled,Enabled
1702423606.346354,0,GPU-93ae0c7f-c327-aee3-adae-bc0d1dae71ea,0.47,0.5197036313304022,12282.0,5642.0,546.29,NVIDIA GeForce RTX 4070,[N/A],Enabled,Enabled
1702423607.34539,0,GPU-93ae0c7f-c327-aee3-adae-bc0d1dae71ea,0.42,0.5197036313304022,12282.0,5642.0,546.29,NVIDIA GeForce RTX 4070,[N/A],Enabled,Enabled
1702423608.344746,0,GPU-93ae0c7f-c327-aee3-adae-bc0d1dae71ea,0.48,0.5197036313304022,12282.0,5642.0,546.29,NVIDIA GeForce RTX 4070,[N/A],Enabled,Enabled
1702423609.345163,0,GPU-93ae0c7f-c327-aee3-adae-bc0d1dae71ea,0.45,0.5197036313304022,12282.0,5642.0,546.29,NVIDIA GeForce RTX 4070,[N/A],Enabled,Enabled
1702423610.345986,0,GPU-93ae0c7f-c327-aee3-adae-bc0d1dae71ea,0.45,0.5197036313304022,12282.0,5642.0,546.29,NVIDIA GeForce RTX 4070,[N/A],Enabled,Enabled
1702423611.345996,0,GPU-93ae0c7f-c327-aee3-adae-bc0d1dae71ea,0.37,0.5197036313304022,12282.0,5642.0,546.29,NVIDIA GeForce RTX 4070,[N/A],Enabled,Enabled
1702423612.345677,0,GPU-93ae0c7f-c327-aee3-adae-bc0d1dae71ea,0.44,0.5197036313304022,12282.0,5642.0,546.29,NVIDIA GeForce RTX 4070,[N/A],Enabled,Enabled
1702423613.344903,0,GPU-93ae0c7f-c327-aee3-adae-bc0d1dae71ea,0.42,0.5216577104706074,12282.0,5618.0,546.29,NVIDIA GeForce RTX 4070,[N/A],Enabled,Enabled
1702423614.345951,0,GPU-93ae0c7f-c327-aee3-adae-bc0d1dae71ea,0.41,0.5216577104706074,12282.0,5618.0,546.29,NVIDIA GeForce RTX 4070,[N/A],Enabled,Enabled
1702423615.346388,0,GPU-93ae0c7f-c327-aee3-adae-bc0d1dae71ea,0.38,0.5216577104706074,12282.0,5618.0,546.29,NVIDIA GeForce RTX 4070,[N/A],Enabled,Enabled
1702423616.345309,0,GPU-93ae0c7f-c327-aee3-adae-bc0d1dae71ea,0.41,0.5216577104706074,12282.0,5618.0,546.29,NVIDIA GeForce RTX 4070,[N/A],Enabled,Enabled
1702423617.345496,0,GPU-93ae0c7f-c327-aee3-adae-bc0d1dae71ea,0.38,0.5216577104706074,12282.0,5618.0,546.29,NVIDIA GeForce RTX 4070,[N/A],Enabled,Enabled
1702423618.345805,0,GPU-93ae0c7f-c327-aee3-adae-bc0d1dae71ea,0.46,0.5216577104706074,12282.0,5618.0,546.29,NVIDIA GeForce RTX 4070,[N/A],Enabled,Enabled
1702423619.345914,0,GPU-93ae0c7f-c327-aee3-adae-bc0d1dae71ea,0.45,0.5211691906855561,12282.0,5624.0,546.29,NVIDIA GeForce RTX 4070,[N/A],Enabled,Enabled
1702423620.345339,0,GPU-93ae0c7f-c327-aee3-adae-bc0d1dae71ea,0.39,0.5205992509363296,12282.0,5631.0,546.29,NVIDIA GeForce RTX 4070,[N/A],Enabled,Enabled
1702423621.345612,0,GPU-93ae0c7f-c327-aee3-adae-bc0d1dae71ea,0.38,0.5205992509363296,12282.0,5631.0,546.29,NVIDIA GeForce RTX 4070,[N/A],Enabled,Enabled
1702423622.345321,0,GPU-93ae0c7f-c327-aee3-adae-bc0d1dae71ea,0.4,0.5205992509363296,12282.0,5631.0,546.29,NVIDIA GeForce RTX 4070,[N/A],Enabled,Enabled
1702423623.345241,0,GPU-93ae0c7f-c327-aee3-adae-bc0d1dae71ea,0.38,0.5205992509363296,12282.0,5631.0,546.29,NVIDIA GeForce RTX 4070,[N/A],Enabled,Enabled
1702423624.345124,0,GPU-93ae0c7f-c327-aee3-adae-bc0d1dae71ea,0.41,0.5205178309721544,12282.0,5632.0,546.29,NVIDIA GeForce RTX 4070,[N/A],Enabled,Enabled
1702423625.345337,0,GPU-93ae0c7f-c327-aee3-adae-bc0d1dae71ea,0.4,0.5205178309721544,12282.0,5632.0,546.29,NVIDIA GeForce RTX 4070,[N/A],Enabled,Enabled
1702423626.345127,0,GPU-93ae0c7f-c327-aee3-adae-bc0d1dae71ea,0.41,0.5205178309721544,12282.0,5632.0,546.29,NVIDIA GeForce RTX 4070,[N/A],Enabled,Enabled
1702423627.34563,0,GPU-93ae0c7f-c327-aee3-adae-bc0d1dae71ea,0.42,0.5205178309721544,12282.0,5632.0,546.29,NVIDIA GeForce RTX 4070,[N/A],Enabled,Enabled
1702423628.345313,0,GPU-93ae0c7f-c327-aee3-adae-bc0d1dae71ea,0.4,0.5205178309721544,12282.0,5632.0,546.29,NVIDIA GeForce RTX 4070,[N/A],Enabled,Enabled
1702423629.345598,0,GPU-93ae0c7f-c327-aee3-adae-bc0d1dae71ea,0.38,0.5205178309721544,12282.0,5632.0,546.29,NVIDIA GeForce RTX 4070,[N/A],Enabled,Enabled
1702423630.34519,0,GPU-93ae0c7f-c327-aee3-adae-bc0d1dae71ea,0.43,0.5205178309721544,12282.0,5632.0,546.29,NVIDIA GeForce RTX 4070,[N/A],Enabled,Enabled
1702423631.345882,0,GPU-93ae0c7f-c327-aee3-adae-bc0d1dae71ea,0.39,0.5205178309721544,12282.0,5632.0,546.29,NVIDIA GeForce RTX 4070,[N/A],Enabled,Enabled
1702423632.345333,0,GPU-93ae0c7f-c327-aee3-adae-bc0d1dae71ea,0.4,0.5205178309721544,12282.0,5632.0,546.29,NVIDIA GeForce RTX 4070,[N/A],Enabled,Enabled
1702423633.345536,0,GPU-93ae0c7f-c327-aee3-adae-bc0d1dae71ea,0.35,0.5205178309721544,12282.0,5632.0,546.29,NVIDIA GeForce RTX 4070,[N/A],Enabled,Enabled
1702423634.345837,0,GPU-93ae0c7f-c327-aee3-adae-bc0d1dae71ea,0.38,0.5201107311512783,12282.0,5637.0,546.29,NVIDIA GeForce RTX 4070,[N/A],Enabled,Enabled
1702423635.346061,0,GPU-93ae0c7f-c327-aee3-adae-bc0d1dae71ea,0.36,0.5201107311512783,12282.0,5637.0,546.29,NVIDIA GeForce RTX 4070,[N/A],Enabled,Enabled
1702423636.345233,0,GPU-93ae0c7f-c327-aee3-adae-bc0d1dae71ea,0.37,0.520029311187103,12282.0,5638.0,546.29,NVIDIA GeForce RTX 4070,[N/A],Enabled,Enabled
1702423637.345428,0,GPU-93ae0c7f-c327-aee3-adae-bc0d1dae71ea,0.2,0.5182380719752483,12282.0,5660.0,546.29,NVIDIA GeForce RTX 4070,[N/A],Enabled,Enabled
1702423638.34533,0,GPU-93ae0c7f-c327-aee3-adae-bc0d1dae71ea,0.29,0.5182380719752483,12282.0,5660.0,546.29,NVIDIA GeForce RTX 4070,[N/A],Enabled,Enabled
1702423639.345468,0,GPU-93ae0c7f-c327-aee3-adae-bc0d1dae71ea,0.26,0.5139228138739619,12282.0,5713.0,546.29,NVIDIA GeForce RTX 4070,[N/A],Enabled,Enabled
1702423640.345592,0,GPU-93ae0c7f-c327-aee3-adae-bc0d1dae71ea,0.27,0.513597134017261,12282.0,5717.0,546.29,NVIDIA GeForce RTX 4070,[N/A],Enabled,Enabled
1702423641.34581,0,GPU-93ae0c7f-c327-aee3-adae-bc0d1dae71ea,0.26,0.513597134017261,12282.0,5717.0,546.29,NVIDIA GeForce RTX 4070,[N/A],Enabled,Enabled
1702423642.345784,0,GPU-93ae0c7f-c327-aee3-adae-bc0d1dae71ea,0.26,0.513597134017261,12282.0,5717.0,546.29,NVIDIA GeForce RTX 4070,[N/A],Enabled,Enabled
1702423643.345376,0,GPU-93ae0c7f-c327-aee3-adae-bc0d1dae71ea,0.26,0.5155512131574662,12282.0,5693.0,546.29,NVIDIA GeForce RTX 4070,[N/A],Enabled,Enabled
1702423644.345851,0,GPU-93ae0c7f-c327-aee3-adae-bc0d1dae71ea,0.27,0.5155512131574662,12282.0,5693.0,546.29,NVIDIA GeForce RTX 4070,[N/A],Enabled,Enabled
1702423645.345595,0,GPU-93ae0c7f-c327-aee3-adae-bc0d1dae71ea,0.29,0.5198664712587526,12282.0,5640.0,546.29,NVIDIA GeForce RTX 4070,[N/A],Enabled,Enabled
1702423646.345965,0,GPU-93ae0c7f-c327-aee3-adae-bc0d1dae71ea,0.26,0.5155512131574662,12282.0,5693.0,546.29,NVIDIA GeForce RTX 4070,[N/A],Enabled,Enabled
1702423647.345322,0,GPU-93ae0c7f-c327-aee3-adae-bc0d1dae71ea,0.25,0.5155512131574662,12282.0,5693.0,546.29,NVIDIA GeForce RTX 4070,[N/A],Enabled,Enabled
1702423648.346461,0,GPU-93ae0c7f-c327-aee3-adae-bc0d1dae71ea,0.26,0.5155512131574662,12282.0,5693.0,546.29,NVIDIA GeForce RTX 4070,[N/A],Enabled,Enabled
1702423649.345675,0,GPU-93ae0c7f-c327-aee3-adae-bc0d1dae71ea,0.26,0.5151441133365902,12282.0,5698.0,546.29,NVIDIA GeForce RTX 4070,[N/A],Enabled,Enabled
1702423650.345862,0,GPU-93ae0c7f-c327-aee3-adae-bc0d1dae71ea,0.26,0.515062693372415,12282.0,5699.0,546.29,NVIDIA GeForce RTX 4070,[N/A],Enabled,Enabled
1702423651.345065,0,GPU-93ae0c7f-c327-aee3-adae-bc0d1dae71ea,0.26,0.5156326331216414,12282.0,5692.0,546.29,NVIDIA GeForce RTX 4070,[N/A],Enabled,Enabled
1702423652.34581,0,GPU-93ae0c7f-c327-aee3-adae-bc0d1dae71ea,0.26,0.5156326331216414,12282.0,5692.0,546.29,NVIDIA GeForce RTX 4070,[N/A],Enabled,Enabled
1702423653.345218,0,GPU-93ae0c7f-c327-aee3-adae-bc0d1dae71ea,0.26,0.5156326331216414,12282.0,5692.0,546.29,NVIDIA GeForce RTX 4070,[N/A],Enabled,Enabled
1702423654.345476,0,GPU-93ae0c7f-c327-aee3-adae-bc0d1dae71ea,0.14,0.3310535743364273,12282.0,7959.0,546.29,NVIDIA GeForce RTX 4070,[N/A],Enabled,Enabled
1702423655.345906,0,GPU-93ae0c7f-c327-aee3-adae-bc0d1dae71ea,0.18,0.3310535743364273,12282.0,7959.0,546.29,NVIDIA GeForce RTX 4070,[N/A],Enabled,Enabled
1702423656.344914,0,GPU-93ae0c7f-c327-aee3-adae-bc0d1dae71ea,0.16,0.3310535743364273,12282.0,7959.0,546.29,NVIDIA GeForce RTX 4070,[N/A],Enabled,Enabled
1702423657.344964,0,GPU-93ae0c7f-c327-aee3-adae-bc0d1dae71ea,0.14,0.3310535743364273,12282.0,7959.0,546.29,NVIDIA GeForce RTX 4070,[N/A],Enabled,Enabled
1702423658.345528,0,GPU-93ae0c7f-c327-aee3-adae-bc0d1dae71ea,0.14,0.3310535743364273,12282.0,7959.0,546.29,NVIDIA GeForce RTX 4070,[N/A],Enabled,Enabled
1702423659.344825,0,GPU-93ae0c7f-c327-aee3-adae-bc0d1dae71ea,0.14,0.3310535743364273,12282.0,7959.0,546.29,NVIDIA GeForce RTX 4070,[N/A],Enabled,Enabled
