timestamp,net.bytes_sent.Bluetooth Network Connection,net.bytes_recv.Bluetooth Network Connection,net.packets_sent.Bluetooth Network Connection,net.packets_recv.Bluetooth Network Connection,net.errin.Bluetooth Network Connection,net.errout.Bluetooth Network Connection,net.dropin.Bluetooth Network Connection,net.dropout.Bluetooth Network Connection,net.bytes_sent.Ethernet,net.bytes_recv.Ethernet,net.packets_sent.Ethernet,net.packets_recv.Ethernet,net.errin.Ethernet,net.errout.Ethernet,net.dropin.Ethernet,net.dropout.Ethernet,net.bytes_sent.Local Area Connection* 10,net.bytes_recv.Local Area Connection* 10,net.packets_sent.Local Area Connection* 10,net.packets_recv.Local Area Connection* 10,net.errin.Local Area Connection* 10,net.errout.Local Area Connection* 10,net.dropin.Local Area Connection* 10,net.dropout.Local Area Connection* 10,net.bytes_sent.Local Area Connection* 9,net.bytes_recv.Local Area Connection* 9,net.packets_sent.Local Area Connection* 9,net.packets_recv.Local Area Connection* 9,net.errin.Local Area Connection* 9,net.errout.Local Area Connection* 9,net.dropin.Local Area Connection* 9,net.dropout.Local Area Connection* 9,net.bytes_sent.Loopback Pseudo-Interface 1,net.bytes_recv.Loopback Pseudo-Interface 1,net.packets_sent.Loopback Pseudo-Interface 1,net.packets_recv.Loopback Pseudo-Interface 1,net.errin.Loopback Pseudo-Interface 1,net.errout.Loopback Pseudo-Interface 1,net.dropin.Loopback Pseudo-Interface 1,net.dropout.Loopback Pseudo-Interface 1,net.bytes_sent.Wi-Fi,net.bytes_recv.Wi-Fi,net.packets_sent.Wi-Fi,net.packets_recv.Wi-Fi,net.errin.Wi-Fi,net.errout.Wi-Fi,net.dropin.Wi-Fi,net.dropout.Wi-Fi,disk.read_count.PhysicalDrive0,disk.read_bytes.PhysicalDrive0,disk.write_count.PhysicalDrive0,disk.write_bytes.PhysicalDrive0,cpu.dpc,cpu.idle,cpu.interrupt,cpu.system,cpu.user,cpu.percent,cpu.freq.current,cpu.freq.min,cpu.freq.max,cpu.ctx_switches,cpu.interrupts,cpu.soft_interrupts,cpu.syscalls
1702740419390.9763,0,0,0,0,0,0,0,0,0,0,0,0,0,0,0,0,0,0,0,0,0,0,0,0,0,0,0,0,0,0,0,0,0,0,0,0,0,0,0,0,9032210882,1184217840,3684274,2793240,0,0,0,0,210107,8511976448,71869,1579943424,56.15625,21829.984374999996,30.65625,260.03125,156.734375,2.9,4701.0,0.0,4701.0,110523864,62995794,0,367288120
1702740420378.613,0,0,0,0,0,0,0,0,0,0,0,0,0,0,0,0,0,0,0,0,0,0,0,0,0,0,0,0,0,0,0,0,0,0,0,0,0,0,0,0,9037599290,1184929901,3689123,2795326,0,0,0,0,210108,8511992832,71909,1580652032,56.234375,21841.687499999996,30.671875,260.140625,156.765625,2.0,4701.0,0.0,4701.0,110583914,63031383,0,367458138
1702740421384.3496,0,0,0,0,0,0,0,0,0,0,0,0,0,0,0,0,0,0,0,0,0,0,0,0,0,0,0,0,0,0,0,0,0,0,0,0,0,0,0,0,9041815210,1185637584,3693052,2797128,0,0,0,0,210109,8512189440,71943,1581385216,56.296875,21853.468749999996,30.6875,260.265625,156.859375,2.5,4701.0,0.0,4701.0,110644132,63066685,0,367699977
1702740422388.175,0,0,0,0,0,0,0,0,0,0,0,0,0,0,0,0,0,0,0,0,0,0,0,0,0,0,0,0,0,0,0,0,0,0,0,0,0,0,0,0,9047204455,1186350706,3697926,2799236,0,0,0,0,210109,8512189440,71944,1581389312,56.34375,21865.406249999996,30.6875,260.375,156.90625,1.7,4701.0,0.0,4701.0,110705437,63102909,0,367876602
1702740423375.3398,0,0,0,0,0,0,0,0,0,0,0,0,0,0,0,0,0,0,0,0,0,0,0,0,0,0,0,0,0,0,0,0,0,0,0,0,0,0,0,0,9051778920,1187068157,3702261,2801355,0,0,0,0,210110,8512222208,71983,1582167552,56.40625,21877.062499999996,30.71875,260.546875,156.96875,2.7,4701.0,0.0,4701.0,110768052,63139483,0,368107345
1702740424390.3647,0,0,0,0,0,0,0,0,0,0,0,0,0,0,0,0,0,0,0,0,0,0,0,0,0,0,0,0,0,0,0,0,0,0,0,0,0,0,0,0,9057297241,1187806798,3707262,2803520,0,0,0,0,210111,8512254976,72017,1582732800,56.421875,21889.140624999996,30.75,260.625,157.0,1.3,4701.0,0.0,4701.0,110830282,63176126,0,368275846
1702740425379.9553,0,0,0,0,0,0,0,0,0,0,0,0,0,0,0,0,0,0,0,0,0,0,0,0,0,0,0,0,0,0,0,0,0,0,0,0,0,0,0,0,9062243428,1188530593,3711754,2805547,0,0,0,0,210123,8512398336,72059,1583216128,56.421875,21900.781249999996,30.765625,260.75,157.0625,1.7,4701.0,0.0,4701.0,110893757,63213098,0,368516342
1702740426386.6902,0,0,0,0,0,0,0,0,0,0,0,0,0,0,0,0,0,0,0,0,0,0,0,0,0,0,0,0,0,0,0,0,0,0,0,0,0,0,0,0,9067089653,1189259523,3716248,2807634,0,0,0,0,210123,8512398336,72060,1583220224,56.4375,21912.578124999996,30.796875,260.875,157.21875,2.7,4701.0,0.0,4701.0,110954679,63248829,0,368686347
1702740427378.4155,0,0,0,0,0,0,0,0,0,0,0,0,0,0,0,0,0,0,0,0,0,0,0,0,0,0,0,0,0,0,0,0,0,0,0,0,0,0,0,0,9072287367,1189970502,3720949,2809709,0,0,0,0,210131,8512521216,72109,1583748608,56.484375,21924.249999999996,30.8125,261.046875,157.296875,2.6,4701.0,0.0,4701.0,111017461,63285528,0,368923926
1702740428386.081,0,0,0,0,0,0,0,0,0,0,0,0,0,0,0,0,0,0,0,0,0,0,0,0,0,0,0,0,0,0,0,0,0,0,0,0,0,0,0,0,9077685207,1190696774,3725841,2811818,0,0,0,0,210133,8512553984,72133,1584023040,56.515625,21936.046874999996,30.828125,261.15625,157.390625,2.1,4701.0,0.0,4701.0,111079516,63322096,0,369102011
1702740429372.0,0,0,0,0,0,0,0,0,0,0,0,0,0,0,0,0,0,0,0,0,0,0,0,0,0,0,0,0,0,0,0,0,0,0,0,0,0,0,0,0,9081217019,1191394090,3729199,2813720,0,0,0,0,210133,8512553984,72134,1584027136,56.53125,21947.765624999996,30.859375,261.375,157.40625,2.3,4701.0,0.0,4701.0,111138122,63355828,0,369342398
1702740430377.1333,0,0,0,0,0,0,0,0,0,0,0,0,0,0,0,0,0,0,0,0,0,0,0,0,0,0,0,0,0,0,0,0,0,0,0,0,0,0,0,0,9083803834,1192111920,3732258,2815807,0,0,0,0,210137,8512619520,72176,1584690688,56.59375,21959.656249999996,30.90625,261.5,157.4375,2.2,4701.0,0.0,4701.0,111196217,63390105,0,369510456
1702740431372.201,0,0,0,0,0,0,0,0,0,0,0,0,0,0,0,0,0,0,0,0,0,0,0,0,0,0,0,0,0,0,0,0,0,0,0,0,0,0,0,0,9087545637,1192830444,3736039,2817867,0,0,0,0,210139,8512640000,72213,1585088000,56.625,21971.359374999996,30.9375,261.625,157.484375,2.0,4701.0,0.0,4701.0,111261868,63427952,0,369754384
1702740432390.9438,0,0,0,0,0,0,0,0,0,0,0,0,0,0,0,0,0,0,0,0,0,0,0,0,0,0,0,0,0,0,0,0,0,0,0,0,0,0,0,0,9092499457,1193561080,3740659,2820020,0,0,0,0,210139,8512640000,72241,1585358336,56.671875,21983.546874999996,30.9375,261.703125,157.515625,1.3,4701.0,0.0,4701.0,111323547,63464008,0,369934280
1702740433372.0732,0,0,0,0,0,0,0,0,0,0,0,0,0,0,0,0,0,0,0,0,0,0,0,0,0,0,0,0,0,0,0,0,0,0,0,0,0,0,0,0,9097393723,1194257900,3744963,2821957,0,0,0,0,210139,8512640000,72241,1585358336,56.671875,21995.156249999996,30.953125,261.84375,157.59375,2.0,4701.0,0.0,4701.0,111384024,63498974,0,370165153
1702740434382.529,0,0,0,0,0,0,0,0,0,0,0,0,0,0,0,0,0,0,0,0,0,0,0,0,0,0,0,0,0,0,0,0,0,0,0,0,0,0,0,0,9099745418,1194989790,3747845,2824047,0,0,0,0,210142,8512660992,72284,1586022400,56.71875,22006.749999999996,30.96875,262.046875,157.796875,3.9,4701.0,0.0,4701.0,111477016,63549771,0,370512326
1702740435372.5688,0,0,0,0,0,0,0,0,0,0,0,0,0,0,0,0,0,0,0,0,0,0,0,0,0,0,0,0,0,0,0,0,0,0,0,0,0,0,0,0,9103149494,1195758716,3751446,2826173,0,0,0,0,210144,8512681472,72368,1587030016,56.765625,22018.218749999996,31.03125,262.28125,158.078125,5.2,4701.0,0.0,4701.0,111570009,63600585,0,370978158
1702740436387.044,0,0,0,0,0,0,0,0,0,0,0,0,0,0,0,0,0,0,0,0,0,0,0,0,0,0,0,0,0,0,0,0,0,0,0,0,0,0,0,0,9106058309,1196496686,3754791,2828369,0,0,0,0,210147,8512730624,72438,1587734528,56.765625,22029.921874999996,31.0625,262.46875,158.3125,3.7,4701.0,0.0,4701.0,111653951,63647329,0,371251801
1702740437373.2214,0,0,0,0,0,0,0,0,0,0,0,0,0,0,0,0,0,0,0,0,0,0,0,0,0,0,0,0,0,0,0,0,0,0,0,0,0,0,0,0,9109537007,1197223494,3758628,2830618,0,0,0,0,210147,8512730624,72438,1587734528,56.828125,22041.484374999996,31.09375,262.671875,158.40625,3.3,4701.0,0.0,4701.0,111726516,63688626,0,371517649
1702740438392.0068,0,0,0,0,0,0,0,0,0,0,0,0,0,0,0,0,0,0,0,0,0,0,0,0,0,0,0,0,0,0,0,0,0,0,0,0,0,0,0,0,9115167785,1197925233,3763895,2832883,0,0,0,0,210147,8512730624,72497,1589463040,56.84375,22053.562499999996,31.125,262.765625,158.453125,1.5,4701.0,0.0,4701.0,111796499,63728770,0,371700749
1702740439382.7827,0,0,0,0,0,0,0,0,0,0,0,0,0,0,0,0,0,0,0,0,0,0,0,0,0,0,0,0,0,0,0,0,0,0,0,0,0,0,0,0,9116628218,1198705843,3766373,2835008,0,0,0,0,210148,8512747008,72550,1590446080,56.875,22065.156249999996,31.125,262.921875,158.515625,2.1,4701.0,0.0,4701.0,111864893,63767706,0,371960307
1702740440384.773,0,0,0,0,0,0,0,0,0,0,0,0,0,0,0,0,0,0,0,0,0,0,0,0,0,0,0,0,0,0,0,0,0,0,0,0,0,0,0,0,9121683811,1199455294,3771240,2837308,0,0,0,0,210150,8512779776,72637,1591351296,56.921875,22076.656249999996,31.15625,263.078125,158.84375,4.7,4701.0,0.0,4701.0,111939336,63810956,0,372222855
1702740441380.253,0,0,0,0,0,0,0,0,0,0,0,0,0,0,0,0,0,0,0,0,0,0,0,0,0,0,0,0,0,0,0,0,0,0,0,0,0,0,0,0,9125646161,1200211741,3775659,2839686,0,0,0,0,210150,8512779776,72645,1591592960,56.96875,22088.328124999996,31.15625,263.21875,159.046875,3.2,4701.0,0.0,4701.0,112028710,63859401,0,372511166
1702740442382.457,0,0,0,0,0,0,0,0,0,0,0,0,0,0,0,0,0,0,0,0,0,0,0,0,0,0,0,0,0,0,0,0,0,0,0,0,0,0,0,0,9130900457,1200984539,3781115,2842186,0,0,0,0,210150,8512779776,72681,1591945216,57.03125,22100.109374999996,31.171875,263.34375,159.140625,2.5,4701.0,0.0,4701.0,112110619,63904866,0,372727626
1702740443371.9314,0,0,0,0,0,0,0,0,0,0,0,0,0,0,0,0,0,0,0,0,0,0,0,0,0,0,0,0,0,0,0,0,0,0,0,0,0,0,0,0,9133560143,1201730932,3784453,2844364,0,0,0,0,210154,8512894464,72720,1592522752,57.0625,22111.874999999996,31.1875,263.5,159.203125,2.2,4701.0,0.0,4701.0,112188219,63947498,0,373007184
1702740444388.3318,0,0,0,0,0,0,0,0,0,0,0,0,0,0,0,0,0,0,0,0,0,0,0,0,0,0,0,0,0,0,0,0,0,0,0,0,0,0,0,0,9135836419,1202521140,3788013,2846961,0,0,0,0,210154,8512894464,72730,1592678400,57.109375,22123.749999999996,31.21875,263.65625,159.3125,2.8,4701.0,0.0,4701.0,112264070,63990168,0,373220785
1702740445381.3284,0,0,0,0,0,0,0,0,0,0,0,0,0,0,0,0,0,0,0,0,0,0,0,0,0,0,0,0,0,0,0,0,0,0,0,0,0,0,0,0,9137619339,1203283400,3791121,2849337,0,0,0,0,210154,8512894464,72762,1593010176,57.109375,22135.296874999996,31.25,263.78125,159.515625,3.0,4701.0,0.0,4701.0,112349680,64036708,0,373500125
1702740446387.5283,0,0,0,0,0,0,0,0,0,0,0,0,0,0,0,0,0,0,0,0,0,0,0,0,0,0,0,0,0,0,0,0,0,0,0,0,0,0,0,0,9142495948,1204050264,3796328,2851830,0,0,0,0,210156,8512976384,72806,1593616384,57.140625,22147.109374999996,31.28125,263.875,159.71875,3.0,4701.0,0.0,4701.0,112432533,64081984,0,373739349
1702740447377.8765,0,0,0,0,0,0,0,0,0,0,0,0,0,0,0,0,0,0,0,0,0,0,0,0,0,0,0,0,0,0,0,0,0,0,0,0,0,0,0,0,9146595668,1204789109,3800587,2853985,0,0,0,0,210157,8512980480,72839,1593899008,57.21875,22158.828124999996,31.296875,264.015625,159.75,2.2,4701.0,0.0,4701.0,112509974,64125160,0,373982563
1702740448380.122,0,0,0,0,0,0,0,0,0,0,0,0,0,0,0,0,0,0,0,0,0,0,0,0,0,0,0,0,0,0,0,0,0,0,0,0,0,0,0,0,9149865951,1205584765,3804792,2856642,0,0,0,0,210157,8512980480,72839,1593899008,57.234375,22170.531249999996,31.3125,264.109375,159.9375,2.6,4701.0,0.0,4701.0,112597688,64172795,0,374230156
1702740449372.9856,0,0,0,0,0,0,0,0,0,0,0,0,0,0,0,0,0,0,0,0,0,0,0,0,0,0,0,0,0,0,0,0,0,0,0,0,0,0,0,0,9152983445,1206346623,3808859,2859171,0,0,0,0,210158,8513013248,72885,1594230784,57.28125,22182.265624999996,31.3125,264.25,160.0625,2.6,4701.0,0.0,4701.0,112682201,64218569,0,374537582
1702740450379.7666,0,0,0,0,0,0,0,0,0,0,0,0,0,0,0,0,0,0,0,0,0,0,0,0,0,0,0,0,0,0,0,0,0,0,0,0,0,0,0,0,9157143377,1207120832,3813591,2861684,0,0,0,0,210158,8513013248,72929,1594701824,57.375,22194.062499999996,31.34375,264.390625,160.140625,2.8,4701.0,0.0,4701.0,112761288,64262625,0,374748772
1702740451373.346,0,0,0,0,0,0,0,0,0,0,0,0,0,0,0,0,0,0,0,0,0,0,0,0,0,0,0,0,0,0,0,0,0,0,0,0,0,0,0,0,9162475869,1207891717,3819083,2864220,0,0,0,0,210159,8513029632,72955,1595267072,57.453125,22205.734374999996,31.40625,264.625,160.203125,3.6,4701.0,0.0,4701.0,112842767,64307690,0,375014774
1702740452379.3633,0,0,0,0,0,0,0,0,0,0,0,0,0,0,0,0,0,0,0,0,0,0,0,0,0,0,0,0,0,0,0,0,0,0,0,0,0,0,0,0,9165608195,1208661742,3822742,2866391,0,0,0,0,210159,8513029632,72955,1595267072,57.46875,22217.593749999996,31.421875,264.734375,160.265625,1.7,4701.0,0.0,4701.0,112924683,64352450,0,375262812
1702740453373.489,0,0,0,0,0,0,0,0,0,0,0,0,0,0,0,0,0,0,0,0,0,0,0,0,0,0,0,0,0,0,0,0,0,0,0,0,0,0,0,0,9168265508,1209425308,3826500,2868885,0,0,0,0,210162,8513078784,73000,1595910144,57.546875,22229.390624999996,31.4375,264.90625,160.296875,2.5,4701.0,0.0,4701.0,113004114,64396591,0,375529115
1702740454376.986,0,0,0,0,0,0,0,0,0,0,0,0,0,0,0,0,0,0,0,0,0,0,0,0,0,0,0,0,0,0,0,0,0,0,0,0,0,0,0,0,9172078902,1210198933,3831035,2871448,0,0,0,0,210162,8513078784,73028,1596168192,57.59375,22241.234374999996,31.484375,265.046875,160.3125,2.1,4701.0,0.0,4701.0,113081638,64440227,0,375726490
1702740455369.8728,0,0,0,0,0,0,0,0,0,0,0,0,0,0,0,0,0,0,0,0,0,0,0,0,0,0,0,0,0,0,0,0,0,0,0,0,0,0,0,0,9176882566,1210968494,3836189,2874011,0,0,0,0,210165,8513127936,73058,1596569600,57.65625,22252.843749999996,31.515625,265.1875,160.375,2.5,4701.0,0.0,4701.0,113164239,64485693,0,376016298
1702740456386.2058,0,0,0,0,0,0,0,0,0,0,0,0,0,0,0,0,0,0,0,0,0,0,0,0,0,0,0,0,0,0,0,0,0,0,0,0,0,0,0,0,9182119959,1211748604,3841500,2876388,0,0,0,0,210165,8513127936,73058,1596569600,57.6875,22264.906249999996,31.53125,265.28125,160.40625,1.4,4701.0,0.0,4701.0,113244190,64530111,0,376203212
1702740457376.2034,0,0,0,0,0,0,0,0,0,0,0,0,0,0,0,0,0,0,0,0,0,0,0,0,0,0,0,0,0,0,0,0,0,0,0,0,0,0,0,0,9187753967,1212516447,3847173,2878954,0,0,0,0,210168,8513193472,73084,1597159424,57.71875,22276.656249999996,31.5625,265.453125,160.484375,2.6,4701.0,0.0,4701.0,113333059,64578861,0,376513562
1702740458378.2234,0,0,0,0,0,0,0,0,0,0,0,0,0,0,0,0,0,0,0,0,0,0,0,0,0,0,0,0,0,0,0,0,0,0,0,0,0,0,0,0,9191545256,1213289357,3851619,2881504,0,0,0,0,210169,8513197568,73112,1597659136,57.8125,22288.359374999996,31.5625,265.71875,160.5,3.1,4701.0,0.0,4701.0,113416110,64626332,0,376761797
1702740459371.478,0,0,0,0,0,0,0,0,0,0,0,0,0,0,0,0,0,0,0,0,0,0,0,0,0,0,0,0,0,0,0,0,0,0,0,0,0,0,0,0,9197252921,1214055560,3857276,2883957,0,0,0,0,210169,8513197568,73116,1597843456,57.84375,22300.031249999996,31.609375,265.84375,160.59375,2.5,4701.0,0.0,4701.0,113512419,64677774,0,377044077
1702740460393.0579,0,0,0,0,0,0,0,0,0,0,0,0,0,0,0,0,0,0,0,0,0,0,0,0,0,0,0,0,0,0,0,0,0,0,0,0,0,0,0,0,9199477934,1214827401,3860265,2886185,0,0,0,0,210170,8513213952,73146,1598236672,57.890625,22312.124999999996,31.671875,266.015625,160.640625,2.6,4701.0,0.0,4701.0,113608493,64729146,0,377262735
1702740461380.225,0,0,0,0,0,0,0,0,0,0,0,0,0,0,0,0,0,0,0,0,0,0,0,0,0,0,0,0,0,0,0,0,0,0,0,0,0,0,0,0,9202222854,1215580403,3864057,2888674,0,0,0,0,210170,8513213952,73169,1598494720,57.921875,22323.749999999996,31.703125,266.140625,160.703125,2.1,4701.0,0.0,4701.0,113706460,64781723,0,377566757
1702740462379.5066,0,0,0,0,0,0,0,0,0,0,0,0,0,0,0,0,0,0,0,0,0,0,0,0,0,0,0,0,0,0,0,0,0,0,0,0,0,0,0,0,9206168310,1216348302,3868619,2891225,0,0,0,0,210171,8513230336,73194,1598892032,57.96875,22335.531249999996,31.703125,266.28125,160.78125,2.2,4701.0,0.0,4701.0,113802183,64833518,0,377784609
1702740463389.2703,0,0,0,0,0,0,0,0,0,0,0,0,0,0,0,0,0,0,0,0,0,0,0,0,0,0,0,0,0,0,0,0,0,0,0,0,0,0,0,0,9211454821,1217121629,3874062,2893780,0,0,0,0,210171,8513230336,73194,1598892032,58.015625,22347.499999999996,31.703125,266.4375,160.8125,1.9,4701.0,0.0,4701.0,113904458,64888494,0,378069418
1702740464393.3904,0,0,0,0,0,0,0,0,0,0,0,0,0,0,0,0,0,0,0,0,0,0,0,0,0,0,0,0,0,0,0,0,0,0,0,0,0,0,0,0,9216351125,1217900769,3879283,2896355,0,0,0,0,210172,8513246720,73221,1599289344,58.0625,22359.374999999996,31.71875,266.515625,160.890625,1.8,4701.0,0.0,4701.0,114007637,64943220,0,378315996
1702740465383.9534,0,0,0,0,0,0,0,0,0,0,0,0,0,0,0,0,0,0,0,0,0,0,0,0,0,0,0,0,0,0,0,0,0,0,0,0,0,0,0,0,9221991606,1218660668,3884990,2898896,0,0,0,0,210172,8513246720,73242,1599514624,58.15625,22370.874999999996,31.75,266.734375,160.984375,3.7,4701.0,0.0,4701.0,114103626,64995048,0,378594932
1702740466386.9866,0,0,0,0,0,0,0,0,0,0,0,0,0,0,0,0,0,0,0,0,0,0,0,0,0,0,0,0,0,0,0,0,0,0,0,0,0,0,0,0,9227096076,1219438369,3890210,2901398,0,0,0,0,210172,8513246720,73264,1599780864,58.1875,22382.749999999996,31.765625,266.828125,161.125,2.3,4701.0,0.0,4701.0,114201389,65047827,0,378822750
1702740467381.04,0,0,0,0,0,0,0,0,0,0,0,0,0,0,0,0,0,0,0,0,0,0,0,0,0,0,0,0,0,0,0,0,0,0,0,0,0,0,0,0,9232018608,1220200089,3895294,2903914,0,0,0,0,210172,8513246720,73265,1599784960,58.1875,22394.453124999996,31.78125,266.921875,161.21875,1.7,4701.0,0.0,4701.0,114303609,65102337,0,379135996
1702740468386.9385,0,0,0,0,0,0,0,0,0,0,0,0,0,0,0,0,0,0,0,0,0,0,0,0,0,0,0,0,0,0,0,0,0,0,0,0,0,0,0,0,9237612097,1220979385,3900982,2906456,0,0,0,0,210172,8513246720,73290,1600092160,58.25,22406.390624999996,31.8125,267.046875,161.3125,2.5,4701.0,0.0,4701.0,114404181,65156465,0,379363671
1702740469371.0146,0,0,0,0,0,0,0,0,0,0,0,0,0,0,0,0,0,0,0,0,0,0,0,0,0,0,0,0,0,0,0,0,0,0,0,0,0,0,0,0,9241995202,1221730968,3905696,2908867,0,0,0,0,210173,8513263104,73326,1600698368,58.3125,22417.749999999996,31.828125,267.25,161.40625,3.2,4701.0,0.0,4701.0,114501987,65208568,0,379644237
1702740470382.238,0,0,0,0,0,0,0,0,0,0,0,0,0,0,0,0,0,0,0,0,0,0,0,0,0,0,0,0,0,0,0,0,0,0,0,0,0,0,0,0,9247438275,1222509445,3911248,2911419,0,0,0,0,210173,8513263104,73359,1601214464,58.34375,22429.812499999996,31.859375,267.34375,161.4375,1.5,4701.0,0.0,4701.0,114599700,65261224,0,379865416
1702740471390.971,0,0,0,0,0,0,0,0,0,0,0,0,0,0,0,0,0,0,0,0,0,0,0,0,0,0,0,0,0,0,0,0,0,0,0,0,0,0,0,0,9252973660,1223280655,3916717,2913869,0,0,0,0,210173,8513263104,73360,1601247232,58.390625,22441.734374999996,31.875,267.515625,161.53125,2.7,4701.0,0.0,4701.0,114705454,65317189,0,380154875
1702740472395.7166,0,0,0,0,0,0,0,0,0,0,0,0,0,0,0,0,0,0,0,0,0,0,0,0,0,0,0,0,0,0,0,0,0,0,0,0,0,0,0,0,9258005456,1224057573,3921903,2916425,0,0,0,0,210175,8513295872,73386,1601632256,58.421875,22453.499999999996,31.90625,267.640625,161.640625,2.5,4701.0,0.0,4701.0,114802483,65369700,0,380382820
1702740473381.841,0,0,0,0,0,0,0,0,0,0,0,0,0,0,0,0,0,0,0,0,0,0,0,0,0,0,0,0,0,0,0,0,0,0,0,0,0,0,0,0,9263225798,1224818597,3927242,2918919,0,0,0,0,210176,8513312256,73410,1601923072,58.4375,22465.124999999996,31.9375,267.71875,161.75,2.0,4701.0,0.0,4701.0,114902400,65422976,0,380662858
1702740474385.487,0,0,0,0,0,0,0,0,0,0,0,0,0,0,0,0,0,0,0,0,0,0,0,0,0,0,0,0,0,0,0,0,0,0,0,0,0,0,0,0,9268885885,1225590213,3932900,2921470,0,0,0,0,210176,8513312256,73411,1601955840,58.5,22476.953124999996,31.96875,267.828125,161.8125,2.2,4701.0,0.0,4701.0,115002721,65476842,0,380880110
1702740475374.7288,0,0,0,0,0,0,0,0,0,0,0,0,0,0,0,0,0,0,0,0,0,0,0,0,0,0,0,0,0,0,0,0,0,0,0,0,0,0,0,0,9273633929,1226354561,3937734,2923847,0,0,0,0,210179,8513385984,73438,1602398208,58.515625,22488.687499999996,32.03125,268.015625,161.890625,2.8,4701.0,0.0,4701.0,115102668,65530213,0,381163669
1702740476381.5151,0,0,0,0,0,0,0,0,0,0,0,0,0,0,0,0,0,0,0,0,0,0,0,0,0,0,0,0,0,0,0,0,0,0,0,0,0,0,0,0,9279061099,1227130838,3943168,2926367,0,0,0,0,210180,8513402368,73463,1602742272,58.609375,22500.515624999996,32.03125,268.14062500000364,161.9375,2.2,4701.0,0.0,4701.0,115202493,65583994,0,381388546
1702740477390.3213,0,0,0,0,0,0,0,0,0,0,0,0,0,0,0,0,0,0,0,0,0,0,0,0,0,0,0,0,0,0,0,0,0,0,0,0,0,0,0,0,9284006290,1227872739,3947763,2928507,0,0,0,0,210180,8513402368,73486,1603155968,58.625,22512.468749999996,32.046875,268.31250000000364,161.984375,2.0,4701.0,0.0,4701.0,115300276,65636567,0,381676861
1702740478390.3254,0,0,0,0,0,0,0,0,0,0,0,0,0,0,0,0,0,0,0,0,0,0,0,0,0,0,0,0,0,0,0,0,0,0,0,0,0,0,0,0,9287069146,1228659019,3951956,2931157,0,0,0,0,210180,8513402368,73486,1603155968,58.65625,22524.249999999996,32.109375,268.46875000000364,162.0625,2.7,4701.0,0.0,4701.0,115397180,65688444,0,381894647
1702740479383.7798,0,0,0,0,0,0,0,0,0,0,0,0,0,0,0,0,0,0,0,0,0,0,0,0,0,0,0,0,0,0,0,0,0,0,0,0,0,0,0,0,9290608536,1229428383,3956256,2933672,0,0,0,0,210183,8513451520,73536,1604450304,58.65625,22535.859374999996,32.140625,268.53125000000364,162.203125,2.0,4701.0,0.0,4701.0,115494995,65740773,0,382177899
1702740480384.2783,0,0,0,0,0,0,0,0,0,0,0,0,0,0,0,0,0,0,0,0,0,0,0,0,0,0,0,0,0,0,0,0,0,0,0,0,0,0,0,0,9295233279,1230196506,3961231,2936195,0,0,0,0,210188,8513533440,73579,1604974592,58.703125,22547.531249999996,32.171875,268.71875000000364,162.34375,3.4,4701.0,0.0,4701.0,115595305,65794333,0,382400267
1702740481375.3745,0,0,0,0,0,0,0,0,0,0,0,0,0,0,0,0,0,0,0,0,0,0,0,0,0,0,0,0,0,0,0,0,0,0,0,0,0,0,0,0,9300217477,1230833377,3966145,2938365,0,0,0,0,210188,8513533440,73601,1605216256,58.75,22559.249999999996,32.203125,268.85937500000364,162.453125,2.7,4701.0,0.0,4701.0,115694209,65846979,0,382683982
1702740482376.539,0,0,0,0,0,0,0,0,0,0,0,0,0,0,0,0,0,0,0,0,0,0,0,0,0,0,0,0,0,0,0,0,0,0,0,0,0,0,0,0,9302897901,1231694217,3969643,2940747,0,0,0,0,210188,8513533440,73625,1605556224,58.8125,22571.031249999996,32.234375,268.96875000000364,162.59375,2.8,4701.0,0.0,4701.0,115789390,65898290,0,382900482
1702740483382.6968,0,0,0,0,0,0,0,0,0,0,0,0,0,0,0,0,0,0,0,0,0,0,0,0,0,0,0,0,0,0,0,0,0,0,0,0,0,0,0,0,9306290034,1232476854,3973891,2943347,0,0,0,0,210190,8513648128,73657,1606117376,58.890625,22582.734374999996,32.25,269.12500000000364,162.734375,3.2,4701.0,0.0,4701.0,115886545,65950798,0,383180073
1702740484387.1885,0,0,0,0,0,0,0,0,0,0,0,0,0,0,0,0,0,0,0,0,0,0,0,0,0,0,0,0,0,0,0,0,0,0,0,0,0,0,0,0,9310642809,1233262153,3978768,2945998,0,0,0,0,210195,8513746432,73690,1606518784,58.890625,22594.578124999996,32.265625,269.20312500000364,162.8125,1.4,4701.0,0.0,4701.0,115984990,66003945,0,383408048
1702740485376.6052,0,0,0,0,0,0,0,0,0,0,0,0,0,0,0,0,0,0,0,0,0,0,0,0,0,0,0,0,0,0,0,0,0,0,0,0,0,0,0,0,9316151058,1234022695,3984357,2948577,0,0,0,0,210199,8513844736,73720,1606965248,58.96875,22606.281249999996,32.296875,269.42187500000364,162.875,3.2,4701.0,0.0,4701.0,116083782,66057292,0,383685371
1702740486379.6372,0,0,0,0,0,0,0,0,0,0,0,0,0,0,0,0,0,0,0,0,0,0,0,0,0,0,0,0,0,0,0,0,0,0,0,0,0,0,0,0,9321001846,1234804023,3989457,2951031,0,0,0,0,210199,8513844736,73720,1606965248,59.015625,22618.109374999996,32.296875,269.51562500000364,162.96875,1.9,4701.0,0.0,4701.0,116181349,66109847,0,383909463
1702740487386.9192,0,0,0,0,0,0,0,0,0,0,0,0,0,0,0,0,0,0,0,0,0,0,0,0,0,0,0,0,0,0,0,0,0,0,0,0,0,0,0,0,9326437275,1235577612,3995019,2953584,0,0,0,0,210203,8513943040,73754,1607604224,59.0625,22629.999999999996,32.328125,269.67187500000364,163.046875,2.6,4701.0,0.0,4701.0,116281331,66163673,0,384197224
1702740488379.9287,0,0,0,0,0,0,0,0,0,0,0,0,0,0,0,0,0,0,0,0,0,0,0,0,0,0,0,0,0,0,0,0,0,0,0,0,0,0,0,0,9331142059,1236347228,4000007,2956049,0,0,0,0,210204,8513959424,73780,1607837696,59.109375,22641.718749999996,32.34375,269.76562500000364,163.109375,1.8,4701.0,0.0,4701.0,116376021,66215202,0,384414981
1702740489386.688,0,0,0,0,0,0,0,0,0,0,0,0,0,0,0,0,0,0,0,0,0,0,0,0,0,0,0,0,0,0,0,0,0,0,0,0,0,0,0,0,9336839155,1237124037,4005751,2958638,0,0,0,0,210209,8514041344,73815,1608292352,59.140625,22653.593749999996,32.359375,269.85937500000364,163.265625,2.4,4701.0,0.0,4701.0,116477195,66269231,0,384701403
1702740490376.8865,0,0,0,0,0,0,0,0,0,0,0,0,0,0,0,0,0,0,0,0,0,0,0,0,0,0,0,0,0,0,0,0,0,0,0,0,0,0,0,0,9339192013,1237880096,4008826,2960837,0,0,0,0,210209,8514041344,73815,1608292352,59.15625,22665.296874999996,32.375,269.92187500000364,163.375,1.7,4701.0,0.0,4701.0,116572060,66320222,0,384919295
1702740491395.1282,0,0,0,0,0,0,0,0,0,0,0,0,0,0,0,0,0,0,0,0,0,0,0,0,0,0,0,0,0,0,0,0,0,0,0,0,0,0,0,0,9342229355,1238663111,4012794,2963403,0,0,0,0,210212,8514090496,73846,1608751104,59.171875,22677.328124999996,32.375,269.98437500000364,163.46875,1.4,4701.0,0.0,4701.0,116670923,66373308,0,385186382
1702740492393.123,0,0,0,0,0,0,0,0,0,0,0,0,0,0,0,0,0,0,0,0,0,0,0,0,0,0,0,0,0,0,0,0,0,0,0,0,0,0,0,0,9346281979,1239431680,4017411,2965910,0,0,0,0,210214,8514123264,73872,1609037824,59.265625,22689.062499999996,32.390625,270.15625000000364,163.5625,3.1,4701.0,0.0,4701.0,116769935,66426619,0,385428171
1702740493389.596,0,0,0,0,0,0,0,0,0,0,0,0,0,0,0,0,0,0,0,0,0,0,0,0,0,0,0,0,0,0,0,0,0,0,0,0,0,0,0,0,9351341458,1240197515,4022676,2968448,0,0,0,0,210214,8514123264,73872,1609037824,59.3125,22700.843749999996,32.390625,270.29687500000364,163.625,2.1,4701.0,0.0,4701.0,116870233,66480392,0,385666334
1702740494387.1646,0,0,0,0,0,0,0,0,0,0,0,0,0,0,0,0,0,0,0,0,0,0,0,0,0,0,0,0,0,0,0,0,0,0,0,0,0,0,0,0,9355289006,1240938491,4026735,2970448,0,0,0,0,210217,8514172416,73907,1609709568,59.34375,22712.578124999996,32.421875,270.39062500000364,163.734375,2.2,4701.0,0.0,4701.0,116966970,66532187,0,385927673
1702740495388.0151,0,0,0,0,0,0,0,0,0,0,0,0,0,0,0,0,0,0,0,0,0,0,0,0,0,0,0,0,0,0,0,0,0,0,0,0,0,0,0,0,9357732298,1241700510,4030314,2972963,0,0,0,0,210218,8514205184,73940,1610041344,59.375,22724.421874999996,32.4375,270.50000000000364,163.84375,2.2,4701.0,0.0,4701.0,117058955,66582422,0,386153023
1702740496384.3828,0,0,0,0,0,0,0,0,0,0,0,0,0,0,0,0,0,0,0,0,0,0,0,0,0,0,0,0,0,0,0,0,0,0,0,0,0,0,0,0,9361127018,1242467998,4034514,2975475,0,0,0,0,210242,8514598400,74198,1611995136,59.46875,22736.015624999996,32.4375,270.62500000000364,163.953125,2.8,4701.0,0.0,4701.0,117155512,66634901,0,386415662
1702740497384.5046,0,0,0,0,0,0,0,0,0,0,0,0,0,0,0,0,0,0,0,0,0,0,0,0,0,0,0,0,0,0,0,0,0,0,0,0,0,0,0,0,9365596560,1243236570,4039412,2977976,0,0,0,0,210242,8514598400,74198,1611995136,59.53125,22747.781249999996,32.453125,270.73437500000364,164.046875,2.3,4701.0,0.0,4701.0,117251555,66686909,0,386650459
1702740498379.9248,0,0,0,0,0,0,0,0,0,0,0,0,0,0,0,0,0,0,0,0,0,0,0,0,0,0,0,0,0,0,0,0,0,0,0,0,0,0,0,0,9370850868,1244009718,4044839,2980477,0,0,0,0,210242,8514598400,74225,1612367872,59.59375,22759.578124999996,32.5,270.85937500000364,164.15625,2.8,4701.0,0.0,4701.0,117352608,66741095,0,386930572
1702740499394.9128,0,0,0,0,0,0,0,0,0,0,0,0,0,0,0,0,0,0,0,0,0,0,0,0,0,0,0,0,0,0,0,0,0,0,0,0,0,0,0,0,9373144808,1244780527,4048115,2982859,0,0,0,0,210244,8514631168,74253,1612662784,59.609375,22771.53125,32.5625,270.953125,164.28125,2.4,4701.0,0.0,4701.0,117446883,66792223,0,387151503
1702740500382.72,0,0,0,0,0,0,0,0,0,0,0,0,0,0,0,0,0,0,0,0,0,0,0,0,0,0,0,0,0,0,0,0,0,0,0,0,0,0,0,0,9376349113,1245536314,4052164,2985343,0,0,0,0,210245,8514647552,74280,1613006848,59.640625,22783.171875,32.5625,271.109375,164.3125,1.8,4701.0,0.0,4701.0,117542393,66843720,0,387414493
1702740501382.857,0,0,0,0,0,0,0,0,0,0,0,0,0,0,0,0,0,0,0,0,0,0,0,0,0,0,0,0,0,0,0,0,0,0,0,0,0,0,0,0,9380757696,1246309231,4057073,2987922,0,0,0,0,210245,8514647552,74281,1613039616,59.65625,22795.0,32.578125,271.171875,164.421875,1.7,4701.0,0.0,4701.0,117640158,66896475,0,387644701
1702740502375.364,0,0,0,0,0,0,0,0,0,0,0,0,0,0,0,0,0,0,0,0,0,0,0,0,0,0,0,0,0,0,0,0,0,0,0,0,0,0,0,0,9386235466,1247072494,4062600,2990432,0,0,0,0,210247,8514680320,74308,1613535232,59.65625,22806.84375,32.578125,271.265625,164.484375,1.3,4701.0,0.0,4701.0,117738056,66949457,0,387918640
1702740503390.9656,0,0,0,0,0,0,0,0,0,0,0,0,0,0,0,0,0,0,0,0,0,0,0,0,0,0,0,0,0,0,0,0,0,0,0,0,0,0,0,0,9391515753,1247864904,4067848,2992814,0,0,0,0,210249,8514762240,74335,1613932544,59.65625,22818.859375,32.59375,271.328125,164.59375,1.5,4701.0,0.0,4701.0,117835802,67002477,0,388144961
1702740504391.2764,0,0,0,0,0,0,0,0,0,0,0,0,0,0,0,0,0,0,0,0,0,0,0,0,0,0,0,0,0,0,0,0,0,0,0,0,0,0,0,0,9396255786,1248637417,4072609,2995138,0,0,0,0,210249,8514762240,74359,1614309376,59.6875,22830.609375,32.65625,271.46875,164.6875,2.7,4701.0,0.0,4701.0,117932219,67054563,0,388422780
1702740505387.3477,0,0,0,0,0,0,0,0,0,0,0,0,0,0,0,0,0,0,0,0,0,0,0,0,0,0,0,0,0,0,0,0,0,0,0,0,0,0,0,0,9401194881,1249406127,4077814,2997649,0,0,0,0,210249,8514762240,74360,1614313472,59.71875,22842.390625,32.703125,271.609375,164.734375,2.2,4701.0,0.0,4701.0,118029687,67107113,0,388642965
1702740506384.3015,0,0,0,0,0,0,0,0,0,0,0,0,0,0,0,0,0,0,0,0,0,0,0,0,0,0,0,0,0,0,0,0,0,0,0,0,0,0,0,0,9406525767,1250171797,4083216,3000160,0,0,0,0,210251,8514795008,74386,1614608384,59.796875,22854.015625,32.71875,271.765625,164.8125,2.7,4701.0,0.0,4701.0,118130288,67161196,0,388923499
1702740507384.262,0,0,0,0,0,0,0,0,0,0,0,0,0,0,0,0,0,0,0,0,0,0,0,0,0,0,0,0,0,0,0,0,0,0,0,0,0,0,0,0,9411450264,1250936423,4088278,3002545,0,0,0,0,210251,8514795008,74410,1614825472,59.828125,22865.859375,32.734375,271.84375,164.890625,1.7,4701.0,0.0,4701.0,118227442,67213832,0,389159973
1702740508385.4949,0,0,0,0,0,0,0,0,0,0,0,0,0,0,0,0,0,0,0,0,0,0,0,0,0,0,0,0,0,0,0,0,0,0,0,0,0,0,0,0,9416265162,1251694487,4093290,3005000,0,0,0,0,210251,8514795008,74410,1614825472,59.828125,22877.671875,32.75,271.984375,164.9375,1.7,4701.0,0.0,4701.0,118324178,67266057,0,389436476
1702740509380.1975,0,0,0,0,0,0,0,0,0,0,0,0,0,0,0,0,0,0,0,0,0,0,0,0,0,0,0,0,0,0,0,0,0,0,0,0,0,0,0,0,9421282482,1252457681,4098395,3007410,0,0,0,0,210254,8514844160,74443,1615325184,59.875,22889.5,32.78125,272.109375,164.984375,2.1,4701.0,0.0,4701.0,118417093,67316029,0,389643800
1702740510380.1362,0,0,0,0,0,0,0,0,0,0,0,0,0,0,0,0,0,0,0,0,0,0,0,0,0,0,0,0,0,0,0,0,0,0,0,0,0,0,0,0,9426366933,1253210078,4103608,3009824,0,0,0,0,210254,8514844160,74457,1615636480,59.90625,22901.359375,32.8125,272.21875,165.015625,1.7,4701.0,0.0,4701.0,118511646,67367104,0,389901581
1702740511379.2878,0,0,0,0,0,0,0,0,0,0,0,0,0,0,0,0,0,0,0,0,0,0,0,0,0,0,0,0,0,0,0,0,0,0,0,0,0,0,0,0,9431545677,1253986767,4108944,3012342,0,0,0,0,210254,8514844160,74479,1615865856,59.984375,22913.140625,32.890625,272.40625,165.046875,3.1,4701.0,0.0,4701.0,118608194,67419210,0,390121099
1702740512393.2688,0,0,0,0,0,0,0,0,0,0,0,0,0,0,0,0,0,0,0,0,0,0,0,0,0,0,0,0,0,0,0,0,0,0,0,0,0,0,0,0,9436683735,1254759734,4114093,3014802,0,0,0,0,210254,8514844160,74479,1615865856,60.0,22925.125,32.90625,272.515625,165.140625,1.9,4701.0,0.0,4701.0,118706345,67472068,0,390378427
1702740513390.1482,0,0,0,0,0,0,0,0,0,0,0,0,0,0,0,0,0,0,0,0,0,0,0,0,0,0,0,0,0,0,0,0,0,0,0,0,0,0,0,0,9441256879,1255543257,4119116,3017397,0,0,0,0,210257,8514893312,74576,1616586752,60.078125,22936.84375,32.90625,272.671875,165.21875,2.6,4701.0,0.0,4701.0,118809170,67527013,0,390633236
1702740514387.651,0,0,0,0,0,0,0,0,0,0,0,0,0,0,0,0,0,0,0,0,0,0,0,0,0,0,0,0,0,0,0,0,0,0,0,0,0,0,0,0,9446549712,1256314087,4124461,3019834,0,0,0,0,210258,8514909696,74604,1617049600,60.125,22948.453125,32.96875,272.859375,165.28125,3.0,4701.0,0.0,4701.0,118909022,67580492,0,390913294
1702740515380.7285,0,0,0,0,0,0,0,0,0,0,0,0,0,0,0,0,0,0,0,0,0,0,0,0,0,0,0,0,0,0,0,0,0,0,0,0,0,0,0,0,9448882918,1257060540,4127672,3022155,0,0,0,0,210260,8514942464,74640,1617459200,60.125,22960.296875,32.96875,272.9375,165.359375,1.3,4701.0,0.0,4701.0,119004169,67631808,0,391127260
1702740516391.9714,0,0,0,0,0,0,0,0,0,0,0,0,0,0,0,0,0,0,0,0,0,0,0,0,0,0,0,0,0,0,0,0,0,0,0,0,0,0,0,0,9452150121,1257845240,4131854,3024731,0,0,0,0,210260,8514942464,74640,1617459200,60.1875,22972.265625,32.984375,273.078125,165.4375,2.4,4701.0,0.0,4701.0,119099482,67683239,0,391403947
1702740517391.0737,0,0,0,0,0,0,0,0,0,0,0,0,0,0,0,0,0,0,0,0,0,0,0,0,0,0,0,0,0,0,0,0,0,0,0,0,0,0,0,0,9456307377,1258612385,4136542,3027254,0,0,0,0,210261,8514958848,74667,1617930240,60.25,22984.0625,33.015625,273.21875,165.5,2.5,4701.0,0.0,4701.0,119195520,67734969,0,391626697
1702740518387.2869,0,0,0,0,0,0,0,0,0,0,0,0,0,0,0,0,0,0,0,0,0,0,0,0,0,0,0,0,0,0,0,0,0,0,0,0,0,0,0,0,9461628713,1259371076,4141944,3029759,0,0,0,0,210262,8514975232,74693,1618249728,60.296875,22995.78125,33.03125,273.390625,165.578125,2.6,4701.0,0.0,4701.0,119296089,67788885,0,391914369
1702740519387.6777,0,0,0,0,0,0,0,0,0,0,0,0,0,0,0,0,0,0,0,0,0,0,0,0,0,0,0,0,0,0,0,0,0,0,0,0,0,0,0,0,9465930995,1260140163,4146552,3032009,0,0,0,0,210263,8514991616,74726,1618831360,60.328125,23007.375,33.078125,273.5,165.71875,2.8,4701.0,0.0,4701.0,119395478,67842092,0,392148360
1702740520388.3425,0,0,0,0,0,0,0,0,0,0,0,0,0,0,0,0,0,0,0,0,0,0,0,0,0,0,0,0,0,0,0,0,0,0,0,0,0,0,0,0,9470885643,1260935994,4151824,3034579,0,0,0,0,210263,8514991616,74730,1618851840,60.390625,23019.265625,33.15625,273.765625,165.75,3.5,4701.0,0.0,4701.0,119497140,67896346,0,392435292
1702740521381.8462,0,0,0,0,0,0,0,0,0,0,0,0,0,0,0,0,0,0,0,0,0,0,0,0,0,0,0,0,0,0,0,0,0,0,0,0,0,0,0,0,9476169677,1261699371,4157258,3037090,0,0,0,0,210263,8514991616,74750,1619085312,60.421875,23030.921875,33.171875,273.921875,165.75,1.7,4701.0,0.0,4701.0,119594891,67948886,0,392653744
1702740522380.103,0,0,0,0,0,0,0,0,0,0,0,0,0,0,0,0,0,0,0,0,0,0,0,0,0,0,0,0,0,0,0,0,0,0,0,0,0,0,0,0,9481711213,1262463760,4162882,3039612,0,0,0,0,210264,8515008000,74773,1619335168,60.453125,23042.625,33.21875,274.09375,165.875,3.1,4701.0,0.0,4701.0,119695888,68002829,0,392948476
1702740523389.0305,0,0,0,0,0,0,0,0,0,0,0,0,0,0,0,0,0,0,0,0,0,0,0,0,0,0,0,0,0,0,0,0,0,0,0,0,0,0,0,0,9486685368,1263259130,4167953,3042033,0,0,0,0,210264,8515008000,74773,1619335168,60.5625,23054.359375,33.25,274.328125,166.0,4.1,4701.0,0.0,4701.0,119792867,68055020,0,393163164
1702740524386.8438,0,0,0,0,0,0,0,0,0,0,0,0,0,0,0,0,0,0,0,0,0,0,0,0,0,0,0,0,0,0,0,0,0,0,0,0,0,0,0,0,9492310840,1264024760,4173555,3044558,0,0,0,0,210267,8515057152,74805,1619818496,60.625,23066.0,33.28125,274.5,166.09375,3.0,4701.0,0.0,4701.0,119893751,68109133,0,393445976
1702740525385.3958,0,0,0,0,0,0,0,0,0,0,0,0,0,0,0,0,0,0,0,0,0,0,0,0,0,0,0,0,0,0,0,0,0,0,0,0,0,0,0,0,9495770233,1264784254,4177418,3046907,0,0,0,0,210268,8515122688,74832,1620219904,60.640625,23077.859375,33.28125,274.5625,166.171875,1.3,4701.0,0.0,4701.0,119990901,68160826,0,393665770
1702740526382.11,0,0,0,0,0,0,0,0,0,0,0,0,0,0,0,0,0,0,0,0,0,0,0,0,0,0,0,0,0,0,0,0,0,0,0,0,0,0,0,0,9498528067,1265542774,4181154,3049372,0,0,0,0,210268,8515122688,74855,1620482048,60.703125,23089.625,33.3125,274.65625,166.3125,2.7,4701.0,0.0,4701.0,120088643,68213296,0,393947516
1702740527379.8477,0,0,0,0,0,0,0,0,0,0,0,0,0,0,0,0,0,0,0,0,0,0,0,0,0,0,0,0,0,0,0,0,0,0,0,0,0,0,0,0,9502285923,1266300851,4185587,3051825,0,0,0,0,210268,8515122688,74855,1620482048,60.796875,23101.4375,33.328125,274.828125,166.328125,2.5,4701.0,0.0,4701.0,120183960,68264757,0,394167628
1702740528375.8877,0,0,0,0,0,0,0,0,0,0,0,0,0,0,0,0,0,0,0,0,0,0,0,0,0,0,0,0,0,0,0,0,0,0,0,0,0,0,0,0,9507020235,1267065430,4190674,3054342,0,0,0,0,210269,8515139072,74880,1620850688,60.828125,23113.28125,33.34375,274.9375,166.375,1.7,4701.0,0.0,4701.0,120281714,68317363,0,394447194
1702740529394.5652,0,0,0,0,0,0,0,0,0,0,0,0,0,0,0,0,0,0,0,0,0,0,0,0,0,0,0,0,0,0,0,0,0,0,0,0,0,0,0,0,9512302603,1267846337,4196040,3056823,0,0,0,0,210269,8515139072,74940,1621493760,60.875,23125.296875,33.359375,275.046875,166.4375,1.9,4701.0,0.0,4701.0,120377778,68369567,0,394648270
1702740530388.6448,0,0,0,0,0,0,0,0,0,0,0,0,0,0,0,0,0,0,0,0,0,0,0,0,0,0,0,0,0,0,0,0,0,0,0,0,0,0,0,0,9517515062,1268594740,4201322,3059250,0,0,0,0,210270,8515155456,74958,1621657600,60.921875,23137.078125,33.390625,275.21875,166.484375,2.5,4701.0,0.0,4701.0,120472095,68420350,0,394897441
1702740531384.947,0,0,0,0,0,0,0,0,0,0,0,0,0,0,0,0,0,0,0,0,0,0,0,0,0,0,0,0,0,0,0,0,0,0,0,0,0,0,0,0,9521356117,1269351535,4205392,3061499,0,0,0,0,210270,8515155456,74959,1621690368,60.921875,23148.71875,33.40625,275.296875,166.578125,1.6,4701.0,0.0,4701.0,120571249,68473185,0,395128978
1702740532385.2537,0,0,0,0,0,0,0,0,0,0,0,0,0,0,0,0,0,0,0,0,0,0,0,0,0,0,0,0,0,0,0,0,0,0,0,0,0,0,0,0,9524071058,1270116709,4209122,3063986,0,0,0,0,210273,8515204608,74987,1622120448,60.9375,23160.453125,33.4375,275.390625,166.75,2.6,4701.0,0.0,4701.0,120666266,68524497,0,395401572
1702740533380.3704,0,0,0,0,0,0,0,0,0,0,0,0,0,0,0,0,0,0,0,0,0,0,0,0,0,0,0,0,0,0,0,0,0,0,0,0,0,0,0,0,9527673067,1270874405,4213401,3066475,0,0,0,0,210274,8515220992,75009,1622362112,60.96875,23172.171875,33.46875,275.546875,166.875,2.8,4701.0,0.0,4701.0,120759496,68575101,0,395614991
1702740534379.4058,0,0,0,0,0,0,0,0,0,0,0,0,0,0,0,0,0,0,0,0,0,0,0,0,0,0,0,0,0,0,0,0,0,0,0,0,0,0,0,0,9532315562,1271645130,4218436,3069032,0,0,0,0,210278,8515286528,75033,1622726656,61.03125,23183.859375,33.484375,275.734375,167.0,3.2,4701.0,0.0,4701.0,120860297,68629243,0,395918713
1702740535393.4485,0,0,0,0,0,0,0,0,0,0,0,0,0,0,0,0,0,0,0,0,0,0,0,0,0,0,0,0,0,0,0,0,0,0,0,0,0,0,0,0,9538063929,1272431386,4224227,3071610,0,0,0,0,210278,8515286528,75036,1622767616,61.046875,23195.84375,33.515625,275.859375,167.078125,2.0,4701.0,0.0,4701.0,120961511,68683779,0,396153438
1702740536387.855,0,0,0,0,0,0,0,0,0,0,0,0,0,0,0,0,0,0,0,0,0,0,0,0,0,0,0,0,0,0,0,0,0,0,0,0,0,0,0,0,9542599316,1273191831,4229055,3074057,0,0,0,0,210278,8515286528,75057,1623017472,61.046875,23207.609375,33.578125,276.078125,167.09375,2.5,4701.0,0.0,4701.0,121058544,68735899,0,396435367
1702740537384.3547,0,0,0,0,0,0,0,0,0,0,0,0,0,0,0,0,0,0,0,0,0,0,0,0,0,0,0,0,0,0,0,0,0,0,0,0,0,0,0,0,9546713823,1273937872,4233307,3076331,0,0,0,0,210278,8515286528,75083,1623287808,61.046875,23219.25,33.609375,276.171875,167.171875,1.7,4701.0,0.0,4701.0,121154512,68787596,0,396667119
1702740538380.8855,0,0,0,0,0,0,0,0,0,0,0,0,0,0,0,0,0,0,0,0,0,0,0,0,0,0,0,0,0,0,0,0,0,0,0,0,0,0,0,0,9549962435,1274709190,4237384,3078870,0,0,0,0,210278,8515286528,75084,1623291904,61.09375,23231.03125,33.65625,276.28125,167.28125,2.6,4701.0,0.0,4701.0,121252891,68840195,0,396940529
1702740539393.6934,0,0,0,0,0,0,0,0,0,0,0,0,0,0,0,0,0,0,0,0,0,0,0,0,0,0,0,0,0,0,0,0,0,0,0,0,0,0,0,0,9553357246,1275475602,4241560,3081366,0,0,0,0,210279,8515307008,75108,1623787520,61.125,23242.921875,33.65625,276.453125,167.40625,2.7,4701.0,0.0,4701.0,121347966,68891789,0,397162390
1702740540375.942,0,0,0,0,0,0,0,0,0,0,0,0,0,0,0,0,0,0,0,0,0,0,0,0,0,0,0,0,0,0,0,0,0,0,0,0,0,0,0,0,9557734622,1276232158,4246385,3083822,0,0,0,0,210280,8515323392,75135,1624225792,61.15625,23254.359375,33.703125,276.671875,167.5625,3.8,4701.0,0.0,4701.0,121442486,68942878,0,397434821
1702740541375.441,0,0,0,0,0,0,0,0,0,0,0,0,0,0,0,0,0,0,0,0,0,0,0,0,0,0,0,0,0,0,0,0,0,0,0,0,0,0,0,0,9563392590,1277002622,4252061,3086372,0,0,0,0,210282,8515356160,75160,1624561664,61.1875,23266.1875,33.734375,276.78125,167.625,1.9,4701.0,0.0,4701.0,121538855,68994563,0,397658400
1702740542392.241,0,0,0,0,0,0,0,0,0,0,0,0,0,0,0,0,0,0,0,0,0,0,0,0,0,0,0,0,0,0,0,0,0,0,0,0,0,0,0,0,9568824051,1277785245,4257600,3088928,0,0,0,0,210282,8515356160,75160,1624561664,61.28125,23278.09375,33.75,276.9375,167.75,3.2,4701.0,0.0,4701.0,121638985,69048362,0,397954268
1702740543391.0461,0,0,0,0,0,0,0,0,0,0,0,0,0,0,0,0,0,0,0,0,0,0,0,0,0,0,0,0,0,0,0,0,0,0,0,0,0,0,0,0,9572505338,1278557601,4261615,3091158,0,0,0,0,210283,8515372544,75187,1624913920,61.3125,23289.890625,33.75,277.0625,167.828125,1.9,4701.0,0.0,4701.0,121734827,69099838,0,398173220
1702740544385.9402,0,0,0,0,0,0,0,0,0,0,0,0,0,0,0,0,0,0,0,0,0,0,0,0,0,0,0,0,0,0,0,0,0,0,0,0,0,0,0,0,9575078708,1279317760,4265255,3093657,0,0,0,0,210283,8515372544,75208,1625163776,61.34375,23301.4375,33.8125,277.21875,167.9375,3.0,4701.0,0.0,4701.0,121829295,69150966,0,398442442
1702740545385.2637,0,0,0,0,0,0,0,0,0,0,0,0,0,0,0,0,0,0,0,0,0,0,0,0,0,0,0,0,0,0,0,0,0,0,0,0,0,0,0,0,9578730182,1280088672,4269625,3096196,0,0,0,0,210283,8515372544,75292,1625901056,61.421875,23313.21875,33.8125,277.375,168.0,2.5,4701.0,0.0,4701.0,121924475,69202598,0,398659306
1702740546389.9746,0,0,0,0,0,0,0,0,0,0,0,0,0,0,0,0,0,0,0,0,0,0,0,0,0,0,0,0,0,0,0,0,0,0,0,0,0,0,0,0,9583388759,1280857226,4274672,3098696,0,0,0,0,210283,8515372544,75295,1625974784,61.4375,23325.21875,33.859375,277.546875,168.015625,2.0,4701.0,0.0,4701.0,122024642,69256250,0,398948577
1702740547387.423,0,0,0,0,0,0,0,0,0,0,0,0,0,0,0,0,0,0,0,0,0,0,0,0,0,0,0,0,0,0,0,0,0,0,0,0,0,0,0,0,9588662828,1281506276,4279916,3100961,0,0,0,0,210312,8515750912,75457,1627404288,61.46875,23336.96875,33.859375,277.65625,168.15625,2.3,4701.0,0.0,4701.0,122129178,69311451,0,399201680
1702740548377.6814,0,0,0,0,0,0,0,0,0,0,0,0,0,0,0,0,0,0,0,0,0,0,0,0,0,0,0,0,0,0,0,0,0,0,0,0,0,0,0,0,9592576775,1282376205,4284492,3103473,0,0,0,0,210314,8515881984,75486,1627936768,61.46875,23348.59375,33.875,277.765625,168.234375,1.7,4701.0,0.0,4701.0,122224891,69363171,0,399483211
1702740549394.9265,0,0,0,0,0,0,0,0,0,0,0,0,0,0,0,0,0,0,0,0,0,0,0,0,0,0,0,0,0,0,0,0,0,0,0,0,0,0,0,0,9597485920,1283169279,4289789,3106079,0,0,0,0,210314,8515881984,75507,1628219392,61.5,23360.578125,33.90625,277.859375,168.34375,2.2,4701.0,0.0,4701.0,122322544,69416014,0,399711914
1702740550394.449,0,0,0,0,0,0,0,0,0,0,0,0,0,0,0,0,0,0,0,0,0,0,0,0,0,0,0,0,0,0,0,0,0,0,0,0,0,0,0,0,9602977809,1283933976,4295258,3108538,0,0,0,0,210314,8515881984,75508,1628223488,61.546875,23372.34375,33.90625,277.96875,168.46875,2.3,4701.0,0.0,4701.0,122418470,69467775,0,399976029
1702740551392.9631,0,0,0,0,0,0,0,0,0,0,0,0,0,0,0,0,0,0,0,0,0,0,0,0,0,0,0,0,0,0,0,0,0,0,0,0,0,0,0,0,9608296759,1284700697,4300670,3111046,0,0,0,0,210316,8515914752,75539,1628637184,61.625,23384.203125,33.90625,278.0625,168.515625,1.8,4701.0,0.0,4701.0,122517713,69521141,0,400215956
1702740552389.3855,0,0,0,0,0,0,0,0,0,0,0,0,0,0,0,0,0,0,0,0,0,0,0,0,0,0,0,0,0,0,0,0,0,0,0,0,0,0,0,0,9612098200,1285452342,4304733,3113311,0,0,0,0,210320,8516045824,75644,1629714432,61.65625,23395.921875,33.96875,278.265625,168.546875,2.7,4701.0,0.0,4701.0,122616286,69573602,0,400502077
1702740553387.9146,0,0,0,0,0,0,0,0,0,0,0,0,0,0,0,0,0,0,0,0,0,0,0,0,0,0,0,0,0,0,0,0,0,0,0,0,0,0,0,0,9614876071,1286223140,4308434,3115881,0,0,0,0,210337,8516299776,75750,1630386176,61.703125,23407.796875,33.984375,278.359375,168.625,1.9,4701.0,0.0,4701.0,122709593,69624166,0,400715355
1702740554389.4172,0,0,0,0,0,0,0,0,0,0,0,0,0,0,0,0,0,0,0,0,0,0,0,0,0,0,0,0,0,0,0,0,0,0,0,0,0,0,0,0,9618724397,1286984588,4312851,3118396,0,0,0,0,210338,8516316160,75778,1630906368,61.75,23419.515625,34.0,278.53125,168.71875,2.7,4701.0,0.0,4701.0,122806600,69676242,0,400994848
1702740555388.0305,0,0,0,0,0,0,0,0,0,0,0,0,0,0,0,0,0,0,0,0,0,0,0,0,0,0,0,0,0,0,0,0,0,0,0,0,0,0,0,0,9623747318,1287750778,4318046,3120893,0,0,0,0,210340,8516348928,75806,1631213568,61.796875,23431.296875,34.015625,278.671875,168.796875,2.3,4701.0,0.0,4701.0,122902101,69728084,0,401222621
1702740556387.4392,0,0,0,0,0,0,0,0,0,0,0,0,0,0,0,0,0,0,0,0,0,0,0,0,0,0,0,0,0,0,0,0,0,0,0,0,0,0,0,0,9628608591,1288520531,4323196,3123358,0,0,0,0,210342,8516369408,75835,1631578112,61.875,23442.984375,34.046875,278.859375,168.9375,3.6,4701.0,0.0,4701.0,123002006,69781371,0,401514048
1702740557379.5579,0,0,0,0,0,0,0,0,0,0,0,0,0,0,0,0,0,0,0,0,0,0,0,0,0,0,0,0,0,0,0,0,0,0,0,0,0,0,0,0,9633453898,1289276724,4328298,3125836,0,0,0,0,210348,8516504576,75911,1632045056,61.90625,23454.609375,34.078125,278.953125,169.03125,2.1,4701.0,0.0,4701.0,123099238,69833565,0,401739268
1702740558390.2693,0,0,0,0,0,0,0,0,0,0,0,0,0,0,0,0,0,0,0,0,0,0,0,0,0,0,0,0,0,0,0,0,0,0,0,0,0,0,0,0,9638626958,1290053444,4333708,3128421,0,0,0,0,210350,8516537344,75942,1632532480,61.953125,23466.5625,34.09375,279.078125,169.140625,2.4,4701.0,0.0,4701.0,123199769,69887468,0,402032317
1702740559387.582,0,0,0,0,0,0,0,0,0,0,0,0,0,0,0,0,0,0,0,0,0,0,0,0,0,0,0,0,0,0,0,0,0,0,0,0,0,0,0,0,9644118386,1290831162,4339306,3131007,0,0,0,0,210350,8516537344,75966,1632819200,61.984375,23478.28125,34.09375,279.1875,169.28125,2.3,4701.0,0.0,4701.0,123298445,69940416,0,402251237
1702740560386.7563,0,0,0,0,0,0,0,0,0,0,0,0,0,0,0,0,0,0,0,0,0,0,0,0,0,0,0,0,0,0,0,0,0,0,0,0,0,0,0,0,9648703159,1291582210,4344092,3133217,0,0,0,0,210351,8516553728,75990,1633130496,62.0625,23489.875,34.109375,279.328125,169.390625,2.8,4701.0,0.0,4701.0,123397567,69993172,0,402535095
1702740561388.4504,0,0,0,0,0,0,0,0,0,0,0,0,0,0,0,0,0,0,0,0,0,0,0,0,0,0,0,0,0,0,0,0,0,0,0,0,0,0,0,0,9653242265,1292353808,4349043,3135758,0,0,0,0,210351,8516553728,75993,1633179648,62.125,23501.71875,34.125,279.53125,169.515625,3.4,4701.0,0.0,4701.0,123494690,70045130,0,402760121
1702740562390.2021,0,0,0,0,0,0,0,0,0,0,0,0,0,0,0,0,0,0,0,0,0,0,0,0,0,0,0,0,0,0,0,0,0,0,0,0,0,0,0,0,9658692927,1293124339,4354622,3138347,0,0,0,0,210352,8516570112,76082,1633916928,62.1875,23513.4375,34.125,279.703125,169.59375,2.6,4701.0,0.0,4701.0,123592642,70097817,0,403042633
1702740563387.2986,0,0,0,0,0,0,0,0,0,0,0,0,0,0,0,0,0,0,0,0,0,0,0,0,0,0,0,0,0,0,0,0,0,0,0,0,0,0,0,0,9663131310,1293867919,4359335,3140556,0,0,0,0,210352,8516570112,76102,1634129920,62.234375,23525.25,34.171875,279.859375,169.671875,2.7,4701.0,0.0,4701.0,123689198,70149257,0,403261511
1702740564386.8232,0,0,0,0,0,0,0,0,0,0,0,0,0,0,0,0,0,0,0,0,0,0,0,0,0,0,0,0,0,0,0,0,0,0,0,0,0,0,0,0,9668659794,1294642869,4364919,3143141,0,0,0,0,210354,8516602880,76130,1634543616,62.28125,23536.8125,34.1875,280.03125,169.75,2.6,4701.0,0.0,4701.0,123790326,70203512,0,403543836
1702740565379.4292,0,0,0,0,0,0,0,0,0,0,0,0,0,0,0,0,0,0,0,0,0,0,0,0,0,0,0,0,0,0,0,0,0,0,0,0,0,0,0,0,9673586256,1295400409,4370013,3145533,0,0,0,0,210354,8516602880,76130,1634543616,62.3125,23548.5625,34.21875,280.1875,169.84375,2.6,4701.0,0.0,4701.0,123885635,70254848,0,403767610
1702740566390.1826,0,0,0,0,0,0,0,0,0,0,0,0,0,0,0,0,0,0,0,0,0,0,0,0,0,0,0,0,0,0,0,0,0,0,0,0,0,0,0,0,9679326257,1296175412,4375705,3148052,0,0,0,0,210355,8516619264,76159,1634875392,62.375,23560.453125,34.234375,280.375,169.953125,3.1,4701.0,0.0,4701.0,123984267,70307994,0,404051718
1702740567387.9675,0,0,0,0,0,0,0,0,0,0,0,0,0,0,0,0,0,0,0,0,0,0,0,0,0,0,0,0,0,0,0,0,0,0,0,0,0,0,0,0,9684185339,1296934303,4380655,3150506,0,0,0,0,210355,8516619264,76180,1635088384,62.40625,23572.1875,34.265625,280.515625,170.078125,2.7,4701.0,0.0,4701.0,124077276,70358396,0,404262029
1702740568384.479,0,0,0,0,0,0,0,0,0,0,0,0,0,0,0,0,0,0,0,0,0,0,0,0,0,0,0,0,0,0,0,0,0,0,0,0,0,0,0,0,9688441625,1297679942,4384953,3152747,0,0,0,0,210355,8516619264,76180,1635088384,62.4375,23583.765625,34.265625,280.640625,170.1875,2.2,4701.0,0.0,4701.0,124172956,70409747,0,404550870
1702740569385.0254,0,0,0,0,0,0,0,0,0,0,0,0,0,0,0,0,0,0,0,0,0,0,0,0,0,0,0,0,0,0,0,0,0,0,0,0,0,0,0,0,9691376743,1298464715,4388996,3155380,0,0,0,0,210356,8516635648,76202,1635473408,62.453125,23595.59375,34.28125,280.703125,170.296875,1.7,4701.0,0.0,4701.0,124269398,70460961,0,404772871
1702740570383.2017,0,0,0,0,0,0,0,0,0,0,0,0,0,0,0,0,0,0,0,0,0,0,0,0,0,0,0,0,0,0,0,0,0,0,0,0,0,0,0,0,9694802448,1299233815,4393247,3157903,0,0,0,0,210358,8516668416,76225,1635747840,62.515625,23607.296875,34.3125,280.875,170.421875,3.2,4701.0,0.0,4701.0,124363978,70511906,0,405051031
1702740571383.117,0,0,0,0,0,0,0,0,0,0,0,0,0,0,0,0,0,0,0,0,0,0,0,0,0,0,0,0,0,0,0,0,0,0,0,0,0,0,0,0,9699313897,1299998831,4398165,3160449,0,0,0,0,210358,8516668416,76247,1636042752,62.546875,23619.109375,34.34375,280.984375,170.5,2.1,4701.0,0.0,4701.0,124459933,70563678,0,405270635
1702740572375.4924,0,0,0,0,0,0,0,0,0,0,0,0,0,0,0,0,0,0,0,0,0,0,0,0,0,0,0,0,0,0,0,0,0,0,0,0,0,0,0,0,9704953007,1300769101,4403853,3162944,0,0,0,0,210358,8516668416,76247,1636042752,62.5625,23630.84375,34.359375,281.15625,170.59375,2.5,4701.0,0.0,4701.0,124558193,70616588,0,405553600
1702740573390.2231,0,0,0,0,0,0,0,0,0,0,0,0,0,0,0,0,0,0,0,0,0,0,0,0,0,0,0,0,0,0,0,0,0,0,0,0,0,0,0,0,9707136857,1301529775,4406849,3165139,0,0,0,0,210363,8516766720,76300,1637005312,62.59375,23642.796875,34.390625,281.265625,170.640625,1.8,4701.0,0.0,4701.0,124658713,70669735,0,405787361
1702740574388.47,0,0,0,0,0,0,0,0,0,0,0,0,0,0,0,0,0,0,0,0,0,0,0,0,0,0,0,0,0,0,0,0,0,0,0,0,0,0,0,0,9710187122,1302303274,4410834,3167684,0,0,0,0,210411,8517438464,76558,1639118848,62.640625,23654.484375,34.4375,281.453125,170.75,3.2,4701.0,0.0,4701.0,124760221,70723941,0,406074224
1702740575387.7751,0,0,0,0,0,0,0,0,0,0,0,0,0,0,0,0,0,0,0,0,0,0,0,0,0,0,0,0,0,0,0,0,0,0,0,0,0,0,0,0,9714412069,1303077949,4415570,3170227,0,0,0,0,210412,8517454848,76588,1639458816,62.671875,23666.328125,34.484375,281.625,170.796875,2.4,4701.0,0.0,4701.0,124855082,70775409,0,406290505
1702740576386.7163,0,0,0,0,0,0,0,0,0,0,0,0,0,0,0,0,0,0,0,0,0,0,0,0,0,0,0,0,0,0,0,0,0,0,0,0,0,0,0,0,9719812069,1303848092,4421096,3172765,0,0,0,0,210412,8517454848,76591,1639536640,62.703125,23677.953125,34.5,281.71875,170.921875,2.2,4701.0,0.0,4701.0,124958527,70830467,0,406581513
1702740577382.2542,0,0,0,0,0,0,0,0,0,0,0,0,0,0,0,0,0,0,0,0,0,0,0,0,0,0,0,0,0,0,0,0,0,0,0,0,0,0,0,0,9725337969,1304600822,4426536,3175151,0,0,0,0,210414,8517487616,76619,1640097792,62.765625,23689.59375,34.515625,281.875,171.125,3.6,4701.0,0.0,4701.0,125056364,70883175,0,406803143
1702740578381.0276,0,0,0,0,0,0,0,0,0,0,0,0,0,0,0,0,0,0,0,0,0,0,0,0,0,0,0,0,0,0,0,0,0,0,0,0,0,0,0,0,9729269264,1305358785,4430862,3177511,0,0,0,0,210414,8517487616,76682,1640544256,62.875,23701.21875,34.546875,282.125,171.25,4.2,4701.0,0.0,4701.0,125153194,70935335,0,407081880
1702740579392.6157,0,0,0,0,0,0,0,0,0,0,0,0,0,0,0,0,0,0,0,0,0,0,0,0,0,0,0,0,0,0,0,0,0,0,0,0,0,0,0,0,9733257017,1306142344,4435483,3180076,0,0,0,0,210416,8517520384,76712,1640994816,62.921875,23713.234375,34.546875,282.1875,171.359375,1.8,4701.0,0.0,4701.0,125247540,70986404,0,407299433
1702740580390.2014,0,0,0,0,0,0,0,0,0,0,0,0,0,0,0,0,0,0,0,0,0,0,0,0,0,0,0,0,0,0,0,0,0,0,0,0,0,0,0,0,9738252401,1306905086,4440702,3182566,0,0,0,0,210416,8517520384,76712,1640994816,63.015625,23724.953125,34.5625,282.4375,171.390625,3.2,4701.0,0.0,4701.0,125346931,71039848,0,407587219
1702740581388.2188,0,0,0,0,0,0,0,0,0,0,0,0,0,0,0,0,0,0,0,0,0,0,0,0,0,0,0,0,0,0,0,0,0,0,0,0,0,0,0,0,9743142625,1307676252,4445730,3184914,0,0,0,0,210416,8517520384,76738,1641277440,63.046875,23736.734375,34.578125,282.578125,171.453125,2.1,4701.0,0.0,4701.0,125442575,71091200,0,407805783
1702740582388.1619,0,0,0,0,0,0,0,0,0,0,0,0,0,0,0,0,0,0,0,0,0,0,0,0,0,0,0,0,0,0,0,0,0,0,0,0,0,0,0,0,9748256111,1308439422,4450995,3187391,0,0,0,0,210416,8517520384,76758,1641674752,63.125,23748.390625,34.609375,282.71875,171.578125,3.1,4701.0,0.0,4701.0,125543455,71145159,0,408097171
1702740583387.532,0,0,0,0,0,0,0,0,0,0,0,0,0,0,0,0,0,0,0,0,0,0,0,0,0,0,0,0,0,0,0,0,0,0,0,0,0,0,0,0,9753306407,1309204699,4456077,3189744,0,0,0,0,210416,8517520384,76761,1641728000,63.203125,23760.171875,34.640625,282.890625,171.640625,2.8,4701.0,0.0,4701.0,125641918,71198092,0,408322963
1702740584385.3098,0,0,0,0,0,0,0,0,0,0,0,0,0,0,0,0,0,0,0,0,0,0,0,0,0,0,0,0,0,0,0,0,0,0,0,0,0,0,0,0,9758586297,1309964988,4461401,3192233,0,0,0,0,210416,8517520384,76784,1642088448,63.265625,23771.796875,34.6875,283.09375,171.703125,3.1,4701.0,0.0,4701.0,125738548,71250289,0,408587843
1702740585385.2534,0,0,0,0,0,0,0,0,0,0,0,0,0,0,0,0,0,0,0,0,0,0,0,0,0,0,0,0,0,0,0,0,0,0,0,0,0,0,0,0,9763871419,1310727534,4466739,3194707,0,0,0,0,210417,8517536768,76807,1642334208,63.328125,23783.578125,34.6875,283.203125,171.8125,2.3,4701.0,0.0,4701.0,125835655,71302870,0,408816491
1702740586382.439,0,0,0,0,0,0,0,0,0,0,0,0,0,0,0,0,0,0,0,0,0,0,0,0,0,0,0,0,0,0,0,0,0,0,0,0,0,0,0,0,9768604359,1311491888,4471726,3197186,0,0,0,0,210417,8517536768,76831,1642575872,63.359375,23795.296875,34.703125,283.3125,171.984375,2.7,4701.0,0.0,4701.0,125932170,71354879,0,409093180
1702740587378.4531,0,0,0,0,0,0,0,0,0,0,0,0,0,0,0,0,0,0,0,0,0,0,0,0,0,0,0,0,0,0,0,0,0,0,0,0,0,0,0,0,9774248309,1312253232,4477402,3199706,0,0,0,0,210417,8517536768,76831,1642575872,63.40625,23807.046875,34.71875,283.46875,172.078125,2.6,4701.0,0.0,4701.0,126030547,71407860,0,409327223
1702740588378.6406,0,0,0,0,0,0,0,0,0,0,0,0,0,0,0,0,0,0,0,0,0,0,0,0,0,0,0,0,0,0,0,0,0,0,0,0,0,0,0,0,9779657271,1313028890,4482999,3202330,0,0,0,0,210417,8517536768,76857,1642948608,63.4375,23818.84375,34.75,283.578125,172.171875,2.2,4701.0,0.0,4701.0,126131019,71461960,0,409614982
1702740589389.8782,0,0,0,0,0,0,0,0,0,0,0,0,0,0,0,0,0,0,0,0,0,0,0,0,0,0,0,0,0,0,0,0,0,0,0,0,0,0,0,0,9782431644,1313788131,4486372,3204527,0,0,0,0,210417,8517536768,76881,1643206656,63.4375,23830.84375,34.796875,283.6875,172.25,1.9,4701.0,0.0,4701.0,126227901,71513738,0,409839516
1702740590387.146,0,0,0,0,0,0,0,0,0,0,0,0,0,0,0,0,0,0,0,0,0,0,0,0,0,0,0,0,0,0,0,0,0,0,0,0,0,0,0,0,9785285682,1314540936,4490174,3206951,0,0,0,0,210418,8517553152,76918,1643698176,63.4375,23842.4375,34.84375,283.84375,172.3125,2.2,4701.0,0.0,4701.0,126324464,71565795,0,410113514
1702740591386.282,0,0,0,0,0,0,0,0,0,0,0,0,0,0,0,0,0,0,0,0,0,0,0,0,0,0,0,0,0,0,0,0,0,0,0,0,0,0,0,0,9789080842,1315309331,4494675,3209479,0,0,0,0,210418,8517553152,76922,1643771904,63.484375,23854.25,34.875,283.9375,172.40625,2.2,4701.0,0.0,4701.0,126420997,71618190,0,410334430
1702740592384.4983,0,0,0,0,0,0,0,0,0,0,0,0,0,0,0,0,0,0,0,0,0,0,0,0,0,0,0,0,0,0,0,0,0,0,0,0,0,0,0,0,9794017634,1316083094,4499860,3212050,0,0,0,0,210421,8517602304,76950,1644140544,63.578125,23865.84375,34.9375,284.1875,172.5625,4.6,4701.0,0.0,4701.0,126522029,71672285,0,410624610
1702740593378.162,0,0,0,0,0,0,0,0,0,0,0,0,0,0,0,0,0,0,0,0,0,0,0,0,0,0,0,0,0,0,0,0,0,0,0,0,0,0,0,0,9799417128,1316843714,4505330,3214561,0,0,0,0,210422,8517618688,76972,1644374016,63.640625,23877.609375,34.9375,284.28125,172.703125,2.5,4701.0,0.0,4701.0,126618261,71724511,0,410842360
1702740594377.292,0,0,0,0,0,0,0,0,0,0,0,0,0,0,0,0,0,0,0,0,0,0,0,0,0,0,0,0,0,0,0,0,0,0,0,0,0,0,0,0,9804650819,1317610135,4510696,3217103,0,0,0,0,210423,8517635072,77041,1644984320,63.640625,23889.40625,34.9375,284.359375,172.828125,1.7,4701.0,0.0,4701.0,126717505,71778016,0,411120727
1702740595375.6748,0,0,0,0,0,0,0,0,0,0,0,0,0,0,0,0,0,0,0,0,0,0,0,0,0,0,0,0,0,0,0,0,0,0,0,0,0,0,0,0,9810020404,1318378758,4516167,3219613,0,0,0,0,210423,8517635072,77041,1644984320,63.65625,23901.234375,34.9375,284.421875,172.9375,1.6,4701.0,0.0,4701.0,126815317,71830700,0,411341187
1702740596370.133,0,0,0,0,0,0,0,0,0,0,0,0,0,0,0,0,0,0,0,0,0,0,0,0,0,0,0,0,0,0,0,0,0,0,0,0,0,0,0,0,9813439952,1319114879,4519870,3221623,0,0,0,0,210423,8517635072,77065,1645312000,63.671875,23912.78125,34.96875,284.609375,173.015625,2.6,4701.0,0.0,4701.0,126910944,71881547,0,411622298
1702740597385.6753,0,0,0,0,0,0,0,0,0,0,0,0,0,0,0,0,0,0,0,0,0,0,0,0,0,0,0,0,0,0,0,0,0,0,0,0,0,0,0,0,9816135912,1319889234,4523606,3224195,0,0,0,0,210424,8517651456,77088,1645578240,63.6875,23924.78125,34.984375,284.671875,173.140625,1.8,4701.0,0.0,4701.0,127006855,71933459,0,411844861
1702740598380.097,0,0,0,0,0,0,0,0,0,0,0,0,0,0,0,0,0,0,0,0,0,0,0,0,0,0,0,0,0,0,0,0,0,0,0,0,0,0,0,0,9819823911,1320653471,4527894,3226672,0,0,0,0,210424,8517651456,77090,1645631488,63.734375,23936.53125,35.015625,284.84375,173.21875,2.7,4701.0,0.0,4701.0,127103283,71985557,0,412125167
1702740599382.3643,0,0,0,0,0,0,0,0,0,0,0,0,0,0,0,0,0,0,0,0,0,0,0,0,0,0,0,0,0,0,0,0,0,0,0,0,0,0,0,0,9824998970,1321422537,4533301,3229206,0,0,0,0,210426,8517671936,77121,1646073856,63.75,23948.375,35.015625,284.921875,173.296875,1.4,4701.0,0.0,4701.0,127200776,72038554,0,412350743
1702740600377.0063,0,0,0,0,0,0,0,0,0,0,0,0,0,0,0,0,0,0,0,0,0,0,0,0,0,0,0,0,0,0,0,0,0,0,0,0,0,0,0,0,9828931550,1322179753,4537707,3231429,0,0,0,0,210430,8517753856,77170,1646565376,63.796875,23960.140625,35.0625,285.109375,173.34375,2.7,4701.0,0.0,4701.0,127300788,72091806,0,412648493
1702740601376.0952,0,0,0,0,0,0,0,0,0,0,0,0,0,0,0,0,0,0,0,0,0,0,0,0,0,0,0,0,0,0,0,0,0,0,0,0,0,0,0,0,9833577381,1322951285,4542754,3234008,0,0,0,0,210450,8518175744,77339,1648044032,63.84375,23971.9375,35.09375,285.265625,173.390625,2.3,4701.0,0.0,4701.0,127396952,72143865,0,412880790
1702740602385.1877,0,0,0,0,0,0,0,0,0,0,0,0,0,0,0,0,0,0,0,0,0,0,0,0,0,0,0,0,0,0,0,0,0,0,0,0,0,0,0,0,9838873640,1323735004,4548038,3236399,0,0,0,0,210450,8518175744,77340,1648048128,63.9375,23983.625,35.109375,285.453125,173.515625,3.5,4701.0,0.0,4701.0,127494446,72196522,0,413170632
1702740603394.5586,0,0,0,0,0,0,0,0,0,0,0,0,0,0,0,0,0,0,0,0,0,0,0,0,0,0,0,0,0,0,0,0,0,0,0,0,0,0,0,0,9841154278,1324503241,4551332,3238769,0,0,0,0,210452,8518208512,77373,1648658432,63.984375,23995.640625,35.109375,285.578125,173.5625,1.8,4701.0,0.0,4701.0,127590388,72247880,0,413397018
1702740604380.1177,0,0,0,0,0,0,0,0,0,0,0,0,0,0,0,0,0,0,0,0,0,0,0,0,0,0,0,0,0,0,0,0,0,0,0,0,0,0,0,0,9844002851,1325265101,4555190,3241300,0,0,0,0,210452,8518208512,77393,1648859136,64.03125,24007.234375,35.109375,285.703125,173.65625,2.2,4701.0,0.0,4701.0,127684043,72298675,0,413665478
1702740605392.4258,0,0,0,0,0,0,0,0,0,0,0,0,0,0,0,0,0,0,0,0,0,0,0,0,0,0,0,0,0,0,0,0,0,0,0,0,0,0,0,0,9848102102,1326050416,4559930,3243917,0,0,0,0,210452,8518208512,77417,1649121280,64.078125,24019.21875,35.109375,285.8125,173.75,2.0,4701.0,0.0,4701.0,127779879,72350869,0,413888807
1702740606377.524,0,0,0,0,0,0,0,0,0,0,0,0,0,0,0,0,0,0,0,0,0,0,0,0,0,0,0,0,0,0,0,0,0,0,0,0,0,0,0,0,9853538586,1326817231,4565491,3246475,0,0,0,0,210452,8518208512,77420,1649223680,64.109375,24030.8125,35.125,285.96875,173.8125,2.2,4701.0,0.0,4701.0,127876544,72402970,0,414162664
1702740607392.2014,0,0,0,0,0,0,0,0,0,0,0,0,0,0,0,0,0,0,0,0,0,0,0,0,0,0,0,0,0,0,0,0,0,0,0,0,0,0,0,0,9858169003,1327604573,4570459,3248981,0,0,0,0,210453,8518224896,77445,1649694720,64.140625,24042.765625,35.140625,286.03125,173.984375,2.3,4701.0,0.0,4701.0,127967467,72452861,0,414346518
1702740608384.73,0,0,0,0,0,0,0,0,0,0,0,0,0,0,0,0,0,0,0,0,0,0,0,0,0,0,0,0,0,0,0,0,0,0,0,0,0,0,0,0,9863182888,1328360506,4575652,3251446,0,0,0,0,210453,8518224896,77455,1649760256,64.203125,24054.28125,35.171875,286.234375,174.078125,3.3,4701.0,0.0,4701.0,128061154,72503725,0,414607322
1702740609383.2454,0,0,0,0,0,0,0,0,0,0,0,0,0,0,0,0,0,0,0,0,0,0,0,0,0,0,0,0,0,0,0,0,0,0,0,0,0,0,0,0,9868602466,1329130522,4581213,3253997,0,0,0,0,210454,8518241280,77479,1650087936,64.265625,24066.046875,35.203125,286.359375,174.1875,2.7,4701.0,0.0,4701.0,128160089,72556766,0,414846780
1702740610375.0728,0,0,0,0,0,0,0,0,0,0,0,0,0,0,0,0,0,0,0,0,0,0,0,0,0,0,0,0,0,0,0,0,0,0,0,0,0,0,0,0,9873469192,1329895998,4586265,3256536,0,0,0,0,210454,8518241280,77480,1650092032,64.296875,24077.828125,35.203125,286.46875,174.296875,2.1,4701.0,0.0,4701.0,128257565,72609307,0,415121779
1702740611381.2302,0,0,0,0,0,0,0,0,0,0,0,0,0,0,0,0,0,0,0,0,0,0,0,0,0,0,0,0,0,0,0,0,0,0,0,0,0,0,0,0,9879173806,1330668893,4591978,3259106,0,0,0,0,210455,8518257664,77559,1650767872,64.375,24089.578125,35.21875,286.640625,174.375,2.8,4701.0,0.0,4701.0,128356494,72662551,0,415344902
1702740612384.9897,0,0,0,0,0,0,0,0,0,0,0,0,0,0,0,0,0,0,0,0,0,0,0,0,0,0,0,0,0,0,0,0,0,0,0,0,0,0,0,0,9883790834,1331446522,4596948,3261680,0,0,0,0,210455,8518257664,77581,1651005440,64.453125,24101.234375,35.25,286.90625,174.453125,3.7,4701.0,0.0,4701.0,128456760,72716337,0,415637902
1702740613388.9822,0,0,0,0,0,0,0,0,0,0,0,0,0,0,0,0,0,0,0,0,0,0,0,0,0,0,0,0,0,0,0,0,0,0,0,0,0,0,0,0,9889478820,1332212867,4602653,3264232,0,0,0,0,210455,8518257664,77581,1651005440,64.5,24113.140625,35.265625,287.0625,174.578125,2.8,4701.0,0.0,4701.0,128554104,72769003,0,415854723
1702740614371.9111,0,0,0,0,0,0,0,0,0,0,0,0,0,0,0,0,0,0,0,0,0,0,0,0,0,0,0,0,0,0,0,0,0,0,0,0,0,0,0,0,9894204523,1332954825,4607567,3266591,0,0,0,0,210456,8518274048,77607,1651525632,64.515625,24124.578125,35.296875,287.1875,174.71875,2.7,4701.0,0.0,4701.0,128643969,72817976,0,416081432
1702740615377.0862,0,0,0,0,0,0,0,0,0,0,0,0,0,0,0,0,0,0,0,0,0,0,0,0,0,0,0,0,0,0,0,0,0,0,0,0,0,0,0,0,9898237470,1333694980,4611740,3268768,0,0,0,0,210456,8518274048,77621,1651648512,64.546875,24136.453125,35.328125,287.359375,174.78125,2.4,4701.0,0.0,4701.0,128736461,72868253,0,416292120
1702740616385.3354,0,0,0,0,0,0,0,0,0,0,0,0,0,0,0,0,0,0,0,0,0,0,0,0,0,0,0,0,0,0,0,0,0,0,0,0,0,0,0,0,9901457003,1334490326,4615920,3271409,0,0,0,0,210457,8518290432,77649,1652123648,64.5625,24148.25,35.328125,287.421875,174.921875,1.8,4701.0,0.0,4701.0,128836081,72921504,0,416574674
1702740617389.8472,0,0,0,0,0,0,0,0,0,0,0,0,0,0,0,0,0,0,0,0,0,0,0,0,0,0,0,0,0,0,0,0,0,0,0,0,0,0,0,0,9905106309,1335259878,4620300,3273930,0,0,0,0,210457,8518290432,77650,1652127744,64.578125,24160.1875,35.359375,287.609375,174.984375,2.4,4701.0,0.0,4701.0,128931400,72973223,0,416798632
1702740618380.0032,0,0,0,0,0,0,0,0,0,0,0,0,0,0,0,0,0,0,0,0,0,0,0,0,0,0,0,0,0,0,0,0,0,0,0,0,0,0,0,0,9909583123,1336016071,4625166,3276395,0,0,0,0,210458,8518306816,77677,1652520960,64.578125,24171.796875,35.4375,287.75,175.046875,2.4,4701.0,0.0,4701.0,129028662,73025195,0,417074246
1702740619380.0596,0,0,0,0,0,0,0,0,0,0,0,0,0,0,0,0,0,0,0,0,0,0,0,0,0,0,0,0,0,0,0,0,0,0,0,0,0,0,0,0,9915290250,1336790659,4630916,3278967,0,0,0,0,210458,8518306816,77696,1652725760,64.609375,24183.5625,35.453125,287.875,175.15625,2.3,4701.0,0.0,4701.0,129130255,73079447,0,417313196
1702740620374.255,0,0,0,0,0,0,0,0,0,0,0,0,0,0,0,0,0,0,0,0,0,0,0,0,0,0,0,0,0,0,0,0,0,0,0,0,0,0,0,0,9919625873,1337548196,4635524,3281345,0,0,0,0,210458,8518306816,77717,1652901888,64.625,24195.265625,35.5,288.03125,175.28125,2.9,4701.0,0.0,4701.0,129224057,73130019,0,417543692
1702740621378.651,0,0,0,0,0,0,0,0,0,0,0,0,0,0,0,0,0,0,0,0,0,0,0,0,0,0,0,0,0,0,0,0,0,0,0,0,0,0,0,0,9924826311,1338327331,4640914,3283867,0,0,0,0,210469,8518556672,77838,1653770240,64.6875,24207.03125,35.546875,288.171875,175.390625,3.0,4701.0,0.0,4701.0,129329636,73185770,0,417796085
1702740622387.0762,0,0,0,0,0,0,0,0,0,0,0,0,0,0,0,0,0,0,0,0,0,0,0,0,0,0,0,0,0,0,0,0,0,0,0,0,0,0,0,0,9929690957,1339112799,4646166,3286475,0,0,0,0,210469,8518556672,77868,1654335488,64.71875,24218.875,35.546875,288.28125,175.4375,1.6,4701.0,0.0,4701.0,129425137,73237519,0,418077628
1702740623390.1062,0,0,0,0,0,0,0,0,0,0,0,0,0,0,0,0,0,0,0,0,0,0,0,0,0,0,0,0,0,0,0,0,0,0,0,0,0,0,0,0,9935088109,1339888404,4651744,3289100,0,0,0,0,210469,8518556672,77893,1654564864,64.75,24230.90625,35.578125,288.375,175.46875,1.5,4701.0,0.0,4701.0,129518682,73288398,0,418305381
1702740624379.6067,0,0,0,0,0,0,0,0,0,0,0,0,0,0,0,0,0,0,0,0,0,0,0,0,0,0,0,0,0,0,0,0,0,0,0,0,0,0,0,0,9940310845,1340652326,4657024,3291532,0,0,0,0,210469,8518556672,77915,1654839296,64.78125,24242.53125,35.640625,288.546875,175.515625,2.6,4701.0,0.0,4701.0,129614728,73340127,0,418577971
1702740625382.8335,0,0,0,0,0,0,0,0,0,0,0,0,0,0,0,0,0,0,0,0,0,0,0,0,0,0,0,0,0,0,0,0,0,0,0,0,0,0,0,0,9945415069,1341414862,4662207,3294007,0,0,0,0,210469,8518556672,77915,1654839296,64.84375,24254.234375,35.671875,288.734375,175.625,3.2,4701.0,0.0,4701.0,129714299,73393444,0,418799840
1702740626376.387,0,0,0,0,0,0,0,0,0,0,0,0,0,0,0,0,0,0,0,0,0,0,0,0,0,0,0,0,0,0,0,0,0,0,0,0,0,0,0,0,9950316817,1342164141,4667187,3296361,0,0,0,0,210470,8518573056,77944,1655212032,64.890625,24265.953125,35.703125,288.90625,175.734375,3.0,4701.0,0.0,4701.0,129813602,73446657,0,419079846
1702740627377.2803,0,0,0,0,0,0,0,0,0,0,0,0,0,0,0,0,0,0,0,0,0,0,0,0,0,0,0,0,0,0,0,0,0,0,0,0,0,0,0,0,9955728749,1342930741,4672697,3298865,0,0,0,0,210471,8518589440,78034,1655789568,64.890625,24277.765625,35.71875,289.0,175.828125,1.7,4701.0,0.0,4701.0,129911619,73499550,0,419309080
1702740628385.1235,0,0,0,0,0,0,0,0,0,0,0,0,0,0,0,0,0,0,0,0,0,0,0,0,0,0,0,0,0,0,0,0,0,0,0,0,0,0,0,0,9961057943,1343709132,4678069,3301340,0,0,0,0,210471,8518589440,78034,1655789568,64.921875,24289.5625,35.734375,289.125,175.90625,2.1,4701.0,0.0,4701.0,130010833,73552747,0,419593753
1702740629388.0847,0,0,0,0,0,0,0,0,0,0,0,0,0,0,0,0,0,0,0,0,0,0,0,0,0,0,0,0,0,0,0,0,0,0,0,0,0,0,0,0,9965384861,1344477199,4682696,3303772,0,0,0,0,210474,8518687744,78068,1656367104,64.953125,24301.546875,35.78125,289.28125,175.9375,2.2,4701.0,0.0,4701.0,130110075,73605510,0,419824334
1702740630385.2437,0,0,0,0,0,0,0,0,0,0,0,0,0,0,0,0,0,0,0,0,0,0,0,0,0,0,0,0,0,0,0,0,0,0,0,0,0,0,0,0,9969134302,1345241223,4687022,3306213,0,0,0,0,210475,8518704128,78091,1656625152,64.96875,24313.171875,35.78125,289.421875,176.0,1.8,4701.0,0.0,4701.0,130208214,73658087,0,420098118
1702740631375.8538,0,0,0,0,0,0,0,0,0,0,0,0,0,0,0,0,0,0,0,0,0,0,0,0,0,0,0,0,0,0,0,0,0,0,0,0,0,0,0,0,9973945204,1345985273,4691997,3308632,0,0,0,0,210476,8518720512,78113,1656883200,65.015625,24324.96875,35.8125,289.578125,176.046875,2.3,4701.0,0.0,4701.0,130306801,73710933,0,420318063
1702740632385.0444,0,0,0,0,0,0,0,0,0,0,0,0,0,0,0,0,0,0,0,0,0,0,0,0,0,0,0,0,0,0,0,0,0,0,0,0,0,0,0,0,9978994847,1346763265,4697166,3311044,0,0,0,0,210476,8518720512,78116,1656989696,65.046875,24336.859375,35.8125,289.640625,176.09375,1.2,4701.0,0.0,4701.0,130404788,73763525,0,420603928
1702740633389.5603,0,0,0,0,0,0,0,0,0,0,0,0,0,0,0,0,0,0,0,0,0,0,0,0,0,0,0,0,0,0,0,0,0,0,0,0,0,0,0,0,9984707170,1347535855,4702844,3313577,0,0,0,0,210478,8518753280,78150,1657505792,65.09375,24348.796875,35.828125,289.8125,176.171875,2.6,4701.0,0.0,4701.0,130503192,73816326,0,420827291
1702740634384.6245,0,0,0,0,0,0,0,0,0,0,0,0,0,0,0,0,0,0,0,0,0,0,0,0,0,0,0,0,0,0,0,0,0,0,0,0,0,0,0,0,9987833415,1348289183,4706510,3315845,0,0,0,0,210478,8518753280,78170,1657718784,65.140625,24360.40625,35.828125,289.96875,176.21875,2.1,4701.0,0.0,4701.0,130600318,73868142,0,421107381
1702740635390.8696,0,0,0,0,0,0,0,0,0,0,0,0,0,0,0,0,0,0,0,0,0,0,0,0,0,0,0,0,0,0,0,0,0,0,0,0,0,0,0,0,9990859769,1349058350,4710487,3318350,0,0,0,0,210479,8518769664,78203,1658103808,65.171875,24372.4375,35.84375,290.109375,176.234375,1.7,4701.0,0.0,4701.0,130697226,73920098,0,421329373
1702740636384.7905,0,0,0,0,0,0,0,0,0,0,0,0,0,0,0,0,0,0,0,0,0,0,0,0,0,0,0,0,0,0,0,0,0,0,0,0,0,0,0,0,9994868498,1349823364,4715078,3320830,0,0,0,0,210479,8518769664,78203,1658103808,65.203125,24384.0,35.90625,290.328125,176.265625,2.9,4701.0,0.0,4701.0,130793983,73971887,0,421599040
1702740637390.2634,0,0,0,0,0,0,0,0,0,0,0,0,0,0,0,0,0,0,0,0,0,0,0,0,0,0,0,0,0,0,0,0,0,0,0,0,0,0,0,0,9999803983,1350599470,4720251,3323374,0,0,0,0,210479,8518769664,78230,1658542080,65.234375,24395.953125,35.921875,290.5,176.328125,2.3,4701.0,0.0,4701.0,130895807,74026456,0,421831059
1702740638380.0862,0,0,0,0,0,0,0,0,0,0,0,0,0,0,0,0,0,0,0,0,0,0,0,0,0,0,0,0,0,0,0,0,0,0,0,0,0,0,0,0,10005060111,1351359234,4725654,3325891,0,0,0,0,210479,8518769664,78254,1659049984,65.25,24407.609375,35.9375,290.59375,176.390625,1.6,4701.0,0.0,4701.0,131000945,74081662,0,422117385
1702740639384.1582,0,0,0,0,0,0,0,0,0,0,0,0,0,0,0,0,0,0,0,0,0,0,0,0,0,0,0,0,0,0,0,0,0,0,0,0,0,0,0,0,10010291404,1352130937,4730947,3328391,0,0,0,0,210481,8518802432,78290,1659521024,65.28125,24419.375,35.96875,290.796875,176.421875,2.5,4701.0,0.0,4701.0,131098276,74134184,0,422339431
1702740640374.203,0,0,0,0,0,0,0,0,0,0,0,0,0,0,0,0,0,0,0,0,0,0,0,0,0,0,0,0,0,0,0,0,0,0,0,0,0,0,0,0,10014951795,1352890706,4735914,3330868,0,0,0,0,210481,8518802432,78291,1659525120,65.328125,24431.0625,36.0,291.0,176.53125,3.2,4701.0,0.0,4701.0,131196448,74186898,0,422614424
1702740641378.1763,0,0,0,0,0,0,0,0,0,0,0,0,0,0,0,0,0,0,0,0,0,0,0,0,0,0,0,0,0,0,0,0,0,0,0,0,0,0,0,0,10020420656,1353656830,4741356,3333341,0,0,0,0,210482,8518917120,78320,1659983872,65.390625,24442.84375,36.03125,291.125,176.625,2.6,4701.0,0.0,4701.0,131295674,74240103,0,422852427
1702740642383.5642,0,0,0,0,0,0,0,0,0,0,0,0,0,0,0,0,0,0,0,0,0,0,0,0,0,0,0,0,0,0,0,0,0,0,0,0,0,0,0,0,10025695590,1354426033,4746756,3335881,0,0,0,0,210483,8519015424,78345,1660348416,65.53125,24454.46875,36.09375,291.375,176.75,4.7,4701.0,0.0,4701.0,131396512,74294036,0,423143006
1702740643385.1772,0,0,0,0,0,0,0,0,0,0,0,0,0,0,0,0,0,0,0,0,0,0,0,0,0,0,0,0,0,0,0,0,0,0,0,0,0,0,0,0,10030533410,1355184087,4751683,3338256,0,0,0,0,210483,8519015424,78345,1660348416,65.625,24466.25,36.125,291.53125,176.8125,2.8,4701.0,0.0,4701.0,131495092,74346992,0,423370035
1702740644377.635,0,0,0,0,0,0,0,0,0,0,0,0,0,0,0,0,0,0,0,0,0,0,0,0,0,0,0,0,0,0,0,0,0,0,0,0,0,0,0,0,10033501789,1355946199,4755436,3340736,0,0,0,0,210485,8519146496,78420,1661122560,65.65625,24478.0,36.171875,291.734375,176.859375,2.7,4701.0,0.0,4701.0,131596467,74400766,0,423651459
1702740645385.071,0,0,0,0,0,0,0,0,0,0,0,0,0,0,0,0,0,0,0,0,0,0,0,0,0,0,0,0,0,0,0,0,0,0,0,0,0,0,0,0,10036846077,1356720171,4759596,3343259,0,0,0,0,210485,8519146496,78442,1661388800,65.71875,24489.75,36.203125,291.90625,176.9375,2.8,4701.0,0.0,4701.0,131691438,74451940,0,423864457
1702740646380.2097,0,0,0,0,0,0,0,0,0,0,0,0,0,0,0,0,0,0,0,0,0,0,0,0,0,0,0,0,0,0,0,0,0,0,0,0,0,0,0,0,10041118646,1357480275,4764295,3345750,0,0,0,0,210485,8519146496,78462,1661622272,65.78125,24501.53125,36.21875,292.03125,177.03125,2.5,4701.0,0.0,4701.0,131787050,74503519,0,424139878
1702740647384.3528,0,0,0,0,0,0,0,0,0,0,0,0,0,0,0,0,0,0,0,0,0,0,0,0,0,0,0,0,0,0,0,0,0,0,0,0,0,0,0,0,10046712725,1358244830,4769945,3348275,0,0,0,0,210485,8519146496,78466,1661659136,65.859375,24513.328125,36.25,292.15625,177.109375,2.6,4701.0,0.0,4701.0,131887280,74557058,0,424376348
1702740648370.0176,0,0,0,0,0,0,0,0,0,0,0,0,0,0,0,0,0,0,0,0,0,0,0,0,0,0,0,0,0,0,0,0,0,0,0,0,0,0,0,0,10049143420,1359004997,4773200,3350530,0,0,0,0,210487,8519179264,78493,1662015488,65.90625,24524.9375,36.265625,292.296875,177.171875,2.2,4701.0,0.0,4701.0,131985337,74609302,0,424663173
1702740649393.075,0,0,0,0,0,0,0,0,0,0,0,0,0,0,0,0,0,0,0,0,0,0,0,0,0,0,0,0,0,0,0,0,0,0,0,0,0,0,0,0,10050760586,1359777212,4776278,3353026,0,0,0,0,210490,8519228416,78527,1662650368,65.9375,24537.109375,36.28125,292.40625,177.265625,2.0,4701.0,0.0,4701.0,132073717,74657298,0,424874185
1702740650379.8518,0,0,0,0,0,0,0,0,0,0,0,0,0,0,0,0,0,0,0,0,0,0,0,0,0,0,0,0,0,0,0,0,0,0,0,0,0,0,0,0,10054461475,1360537606,4780708,3355555,0,0,0,0,210491,8519293952,78550,1663088640,65.9375,24548.765625,36.296875,292.515625,177.3125,1.5,4701.0,0.0,4701.0,132153058,74701288,0,425141433
1702740651389.686,0,0,0,0,0,0,0,0,0,0,0,0,0,0,0,0,0,0,0,0,0,0,0,0,0,0,0,0,0,0,0,0,0,0,0,0,0,0,0,0,10059425411,1361315563,4786014,3358085,0,0,0,0,210491,8519293952,78552,1663125504,65.984375,24560.734375,36.3125,292.640625,177.390625,2.2,4701.0,0.0,4701.0,132234804,74746719,0,425356923
1702740652378.6052,0,0,0,0,0,0,0,0,0,0,0,0,0,0,0,0,0,0,0,0,0,0,0,0,0,0,0,0,0,0,0,0,0,0,0,0,0,0,0,0,10064303220,1362076308,4791070,3360495,0,0,0,0,210493,8519326720,78582,1663547392,66.015625,24572.28125,36.328125,292.78125,177.53125,2.8,4701.0,0.0,4701.0,132321008,74793775,0,425630720
1702740653381.9993,0,0,0,0,0,0,0,0,0,0,0,0,0,0,0,0,0,0,0,0,0,0,0,0,0,0,0,0,0,0,0,0,0,0,0,0,0,0,0,0,10069316683,1362851027,4796378,3363064,0,0,0,0,210493,8519326720,78605,1663825920,66.0625,24584.015625,36.359375,292.984375,177.59375,2.8,4701.0,0.0,4701.0,132404200,74839660,0,425846931
1702740654387.1948,0,0,0,0,0,0,0,0,0,0,0,0,0,0,0,0,0,0,0,0,0,0,0,0,0,0,0,0,0,0,0,0,0,0,0,0,0,0,0,0,10074518738,1363620796,4801737,3365591,0,0,0,0,210495,8519392256,78634,1664382976,66.203125,24595.90625,36.390625,293.25,177.625,3.8,4701.0,0.0,4701.0,132486746,74885180,0,426127145
1702740655390.3132,0,0,0,0,0,0,0,0,0,0,0,0,0,0,0,0,0,0,0,0,0,0,0,0,0,0,0,0,0,0,0,0,0,0,0,0,0,0,0,0,10079889860,1364393464,4807216,3368115,0,0,0,0,210495,8519392256,78634,1664382976,66.203125,24607.703125,36.421875,293.375,177.703125,1.9,4701.0,0.0,4701.0,132565661,74929219,0,426331270
1702740656372.2957,0,0,0,0,0,0,0,0,0,0,0,0,0,0,0,0,0,0,0,0,0,0,0,0,0,0,0,0,0,0,0,0,0,0,0,0,0,0,0,0,10084664964,1365139542,4812156,3370520,0,0,0,0,210495,8519392256,78654,1664661504,66.25,24619.25,36.4375,293.54687499999636,177.796875,2.8,4701.0,0.0,4701.0,132644744,74972967,0,426603442
1702740657389.856,0,0,0,0,0,0,0,0,0,0,0,0,0,0,0,0,0,0,0,0,0,0,0,0,0,0,0,0,0,0,0,0,0,0,0,0,0,0,0,0,10090065326,1365924785,4817748,3373075,0,0,0,0,210496,8519408640,78677,1664890880,66.28125,24631.296875,36.46875,293.64062499999636,177.828125,1.5,4701.0,0.0,4701.0,132724885,75017518,0,426817822
1702740658381.3557,0,0,0,0,0,0,0,0,0,0,0,0,0,0,0,0,0,0,0,0,0,0,0,0,0,0,0,0,0,0,0,0,0,0,0,0,0,0,0,0,10094372376,1366678532,4822417,3375265,0,0,0,0,210496,8519408640,78677,1664890880,66.34375,24642.875,36.515625,293.78124999999636,177.9375,3.0,4701.0,0.0,4701.0,132804593,75061418,0,427092096
1702740659384.0066,0,0,0,0,0,0,0,0,0,0,0,0,0,0,0,0,0,0,0,0,0,0,0,0,0,0,0,0,0,0,0,0,0,0,0,0,0,0,0,0,10099674880,1367450183,4827915,3377839,0,0,0,0,210496,8519408640,78699,1665398784,66.375,24654.625,36.578125,293.89062499999636,178.078125,2.8,4701.0,0.0,4701.0,132884651,75105759,0,427302587
1702740660378.3381,0,0,0,0,0,0,0,0,0,0,0,0,0,0,0,0,0,0,0,0,0,0,0,0,0,0,0,0,0,0,0,0,0,0,0,0,0,0,0,0,10103447898,1368198446,4832018,3380064,0,0,0,0,210496,8519408640,78768,1665910784,66.4375,24666.3125,36.59375,294.07812499999636,178.203125,3.2,4701.0,0.0,4701.0,132964409,75149654,0,427570531
1702740661390.094,0,0,0,0,0,0,0,0,0,0,0,0,0,0,0,0,0,0,0,0,0,0,0,0,0,0,0,0,0,0,0,0,0,0,0,0,0,0,0,0,10106182084,1368975475,4835844,3382600,0,0,0,0,210498,8519441408,78792,1666222080,66.453125,24678.28125,36.59375,294.20312499999636,178.28125,1.8,4701.0,0.0,4701.0,133041824,75192756,0,427785226
1702740662376.5242,0,0,0,0,0,0,0,0,0,0,0,0,0,0,0,0,0,0,0,0,0,0,0,0,0,0,0,0,0,0,0,0,0,0,0,0,0,0,0,0,10109954518,1369730109,4840276,3385043,0,0,0,0,210498,8519441408,78796,1666279424,66.46875,24689.875,36.625,294.35937499999636,178.359375,2.4,4701.0,0.0,4701.0,133118219,75235381,0,428046937
1702740663382.2107,0,0,0,0,0,0,0,0,0,0,0,0,0,0,0,0,0,0,0,0,0,0,0,0,0,0,0,0,0,0,0,0,0,0,0,0,0,0,0,0,10113867264,1370466725,4844386,3387235,0,0,0,0,210512,8519791616,78837,1666844672,66.5,24701.234375,36.640625,294.74999999999636,178.59375,5.6,4701.0,0.0,4701.0,133210372,75289599,0,428359151
1702740664375.1511,0,0,0,0,0,0,0,0,0,0,0,0,0,0,0,0,0,0,0,0,0,0,0,0,0,0,0,0,0,0,0,0,0,0,0,0,0,0,0,0,10119086012,1371169796,4849060,3389259,0,0,0,0,210513,8519808000,78865,1667065856,66.546875,24712.296875,36.671875,295.60937499999636,178.671875,8.4,4701.0,0.0,4701.0,133267841,75335795,0,428617466
1702740665379.1985,0,0,0,0,0,0,0,0,0,0,0,0,0,0,0,0,0,0,0,0,0,0,0,0,0,0,0,0,0,0,0,0,0,0,0,0,0,0,0,0,10124815771,1371874823,4854092,3391311,0,0,0,0,210513,8519808000,78898,1668036608,66.5625,24723.34375,36.71875,296.39062499999636,178.859375,8.5,4701.0,0.0,4701.0,133326804,75383477,0,428847221
