timestamp,id,uuid,load,memoryUtil,memoryTotal,memoryUsed,memoryFree,driver,name,serial,display_mode,display_active
1701810888.922978,0,GPU-b342434c-f6b6-7627-333e-da750a9991e6,0.4,0.44814453125,10240.0,5477.0,546.17,NVIDIA GeForce RTX 3080,[N/A],Enabled,Enabled
1701810889.917751,0,GPU-b342434c-f6b6-7627-333e-da750a9991e6,0.23,0.49384765625,10240.0,5009.0,546.17,NVIDIA GeForce RTX 3080,[N/A],Enabled,Enabled
1701810890.917267,0,GPU-b342434c-f6b6-7627-333e-da750a9991e6,0.12,0.4361328125,10240.0,5600.0,546.17,NVIDIA GeForce RTX 3080,[N/A],Enabled,Enabled
1701810891.91747,0,GPU-b342434c-f6b6-7627-333e-da750a9991e6,0.24,0.48837890625,10240.0,5065.0,546.17,NVIDIA GeForce RTX 3080,[N/A],Enabled,Enabled
1701810892.917606,0,GPU-b342434c-f6b6-7627-333e-da750a9991e6,0.08,0.5421875,10240.0,4514.0,546.17,NVIDIA GeForce RTX 3080,[N/A],Enabled,Enabled
1701810893.917451,0,GPU-b342434c-f6b6-7627-333e-da750a9991e6,0.23,0.6607421875,10240.0,3300.0,546.17,NVIDIA GeForce RTX 3080,[N/A],Enabled,Enabled
1701810894.91838,0,GPU-b342434c-f6b6-7627-333e-da750a9991e6,0.19,0.6607421875,10240.0,3300.0,546.17,NVIDIA GeForce RTX 3080,[N/A],Enabled,Enabled
1701810895.917691,0,GPU-b342434c-f6b6-7627-333e-da750a9991e6,0.2,0.6607421875,10240.0,3300.0,546.17,NVIDIA GeForce RTX 3080,[N/A],Enabled,Enabled
1701810896.917822,0,GPU-b342434c-f6b6-7627-333e-da750a9991e6,0.19,0.6607421875,10240.0,3300.0,546.17,NVIDIA GeForce RTX 3080,[N/A],Enabled,Enabled
1701810897.91744,0,GPU-b342434c-f6b6-7627-333e-da750a9991e6,0.19,0.6607421875,10240.0,3300.0,546.17,NVIDIA GeForce RTX 3080,[N/A],Enabled,Enabled
1701810898.917748,0,GPU-b342434c-f6b6-7627-333e-da750a9991e6,0.19,0.6609375,10240.0,3298.0,546.17,NVIDIA GeForce RTX 3080,[N/A],Enabled,Enabled
1701810899.917457,0,GPU-b342434c-f6b6-7627-333e-da750a9991e6,0.21,0.6609375,10240.0,3298.0,546.17,NVIDIA GeForce RTX 3080,[N/A],Enabled,Enabled
1701810900.91715,0,GPU-b342434c-f6b6-7627-333e-da750a9991e6,0.2,0.66181640625,10240.0,3289.0,546.17,NVIDIA GeForce RTX 3080,[N/A],Enabled,Enabled
1701810901.917105,0,GPU-b342434c-f6b6-7627-333e-da750a9991e6,0.2,0.66181640625,10240.0,3289.0,546.17,NVIDIA GeForce RTX 3080,[N/A],Enabled,Enabled
1701810902.9181,0,GPU-b342434c-f6b6-7627-333e-da750a9991e6,0.19,0.66181640625,10240.0,3289.0,546.17,NVIDIA GeForce RTX 3080,[N/A],Enabled,Enabled
1701810903.917704,0,GPU-b342434c-f6b6-7627-333e-da750a9991e6,0.22,0.66181640625,10240.0,3289.0,546.17,NVIDIA GeForce RTX 3080,[N/A],Enabled,Enabled
1701810904.917004,0,GPU-b342434c-f6b6-7627-333e-da750a9991e6,0.21,0.66181640625,10240.0,3289.0,546.17,NVIDIA GeForce RTX 3080,[N/A],Enabled,Enabled
1701810905.917179,0,GPU-b342434c-f6b6-7627-333e-da750a9991e6,0.22,0.66181640625,10240.0,3289.0,546.17,NVIDIA GeForce RTX 3080,[N/A],Enabled,Enabled
1701810906.91705,0,GPU-b342434c-f6b6-7627-333e-da750a9991e6,0.22,0.66181640625,10240.0,3289.0,546.17,NVIDIA GeForce RTX 3080,[N/A],Enabled,Enabled
1701810907.917344,0,GPU-b342434c-f6b6-7627-333e-da750a9991e6,0.21,0.66181640625,10240.0,3289.0,546.17,NVIDIA GeForce RTX 3080,[N/A],Enabled,Enabled
1701810908.917764,0,GPU-b342434c-f6b6-7627-333e-da750a9991e6,0.21,0.66181640625,10240.0,3289.0,546.17,NVIDIA GeForce RTX 3080,[N/A],Enabled,Enabled
1701810909.917269,0,GPU-b342434c-f6b6-7627-333e-da750a9991e6,0.21,0.66103515625,10240.0,3297.0,546.17,NVIDIA GeForce RTX 3080,[N/A],Enabled,Enabled
1701810910.918631,0,GPU-b342434c-f6b6-7627-333e-da750a9991e6,0.22,0.66123046875,10240.0,3295.0,546.17,NVIDIA GeForce RTX 3080,[N/A],Enabled,Enabled
1701810911.918282,0,GPU-b342434c-f6b6-7627-333e-da750a9991e6,0.21,0.6611328125,10240.0,3296.0,546.17,NVIDIA GeForce RTX 3080,[N/A],Enabled,Enabled
1701810912.917298,0,GPU-b342434c-f6b6-7627-333e-da750a9991e6,0.21,0.6611328125,10240.0,3296.0,546.17,NVIDIA GeForce RTX 3080,[N/A],Enabled,Enabled
1701810913.917393,0,GPU-b342434c-f6b6-7627-333e-da750a9991e6,0.22,0.6611328125,10240.0,3296.0,546.17,NVIDIA GeForce RTX 3080,[N/A],Enabled,Enabled
1701810914.917849,0,GPU-b342434c-f6b6-7627-333e-da750a9991e6,0.21,0.6611328125,10240.0,3296.0,546.17,NVIDIA GeForce RTX 3080,[N/A],Enabled,Enabled
1701810915.917203,0,GPU-b342434c-f6b6-7627-333e-da750a9991e6,0.22,0.6611328125,10240.0,3296.0,546.17,NVIDIA GeForce RTX 3080,[N/A],Enabled,Enabled
1701810916.917184,0,GPU-b342434c-f6b6-7627-333e-da750a9991e6,0.23,0.6611328125,10240.0,3296.0,546.17,NVIDIA GeForce RTX 3080,[N/A],Enabled,Enabled
1701810917.917778,0,GPU-b342434c-f6b6-7627-333e-da750a9991e6,0.12,0.66845703125,10240.0,3221.0,546.17,NVIDIA GeForce RTX 3080,[N/A],Enabled,Enabled
1701810918.917934,0,GPU-b342434c-f6b6-7627-333e-da750a9991e6,0.21,0.66845703125,10240.0,3221.0,546.17,NVIDIA GeForce RTX 3080,[N/A],Enabled,Enabled
1701810919.917852,0,GPU-b342434c-f6b6-7627-333e-da750a9991e6,0.21,0.66845703125,10240.0,3221.0,546.17,NVIDIA GeForce RTX 3080,[N/A],Enabled,Enabled
1701810920.91785,0,GPU-b342434c-f6b6-7627-333e-da750a9991e6,0.22,0.66845703125,10240.0,3221.0,546.17,NVIDIA GeForce RTX 3080,[N/A],Enabled,Enabled
1701810921.91719,0,GPU-b342434c-f6b6-7627-333e-da750a9991e6,0.22,0.66845703125,10240.0,3221.0,546.17,NVIDIA GeForce RTX 3080,[N/A],Enabled,Enabled
1701810922.917155,0,GPU-b342434c-f6b6-7627-333e-da750a9991e6,0.19,0.66845703125,10240.0,3221.0,546.17,NVIDIA GeForce RTX 3080,[N/A],Enabled,Enabled
1701810923.918465,0,GPU-b342434c-f6b6-7627-333e-da750a9991e6,0.2,0.66845703125,10240.0,3221.0,546.17,NVIDIA GeForce RTX 3080,[N/A],Enabled,Enabled
1701810924.917143,0,GPU-b342434c-f6b6-7627-333e-da750a9991e6,0.2,0.66845703125,10240.0,3221.0,546.17,NVIDIA GeForce RTX 3080,[N/A],Enabled,Enabled
1701810925.917544,0,GPU-b342434c-f6b6-7627-333e-da750a9991e6,0.2,0.66845703125,10240.0,3221.0,546.17,NVIDIA GeForce RTX 3080,[N/A],Enabled,Enabled
1701810926.917515,0,GPU-b342434c-f6b6-7627-333e-da750a9991e6,0.21,0.66845703125,10240.0,3221.0,546.17,NVIDIA GeForce RTX 3080,[N/A],Enabled,Enabled
1701810927.917394,0,GPU-b342434c-f6b6-7627-333e-da750a9991e6,0.21,0.66845703125,10240.0,3221.0,546.17,NVIDIA GeForce RTX 3080,[N/A],Enabled,Enabled
1701810928.917674,0,GPU-b342434c-f6b6-7627-333e-da750a9991e6,0.2,0.66845703125,10240.0,3221.0,546.17,NVIDIA GeForce RTX 3080,[N/A],Enabled,Enabled
1701810929.916936,0,GPU-b342434c-f6b6-7627-333e-da750a9991e6,0.21,0.66845703125,10240.0,3221.0,546.17,NVIDIA GeForce RTX 3080,[N/A],Enabled,Enabled
1701810930.917684,0,GPU-b342434c-f6b6-7627-333e-da750a9991e6,0.21,0.6685546875,10240.0,3220.0,546.17,NVIDIA GeForce RTX 3080,[N/A],Enabled,Enabled
1701810931.917766,0,GPU-b342434c-f6b6-7627-333e-da750a9991e6,0.21,0.66826171875,10240.0,3223.0,546.17,NVIDIA GeForce RTX 3080,[N/A],Enabled,Enabled
1701810932.917257,0,GPU-b342434c-f6b6-7627-333e-da750a9991e6,0.21,0.66826171875,10240.0,3223.0,546.17,NVIDIA GeForce RTX 3080,[N/A],Enabled,Enabled
1701810933.917162,0,GPU-b342434c-f6b6-7627-333e-da750a9991e6,0.2,0.66826171875,10240.0,3223.0,546.17,NVIDIA GeForce RTX 3080,[N/A],Enabled,Enabled
1701810934.917876,0,GPU-b342434c-f6b6-7627-333e-da750a9991e6,0.2,0.66826171875,10240.0,3223.0,546.17,NVIDIA GeForce RTX 3080,[N/A],Enabled,Enabled
1701810935.91746,0,GPU-b342434c-f6b6-7627-333e-da750a9991e6,0.21,0.66826171875,10240.0,3223.0,546.17,NVIDIA GeForce RTX 3080,[N/A],Enabled,Enabled
1701810936.917441,0,GPU-b342434c-f6b6-7627-333e-da750a9991e6,0.21,0.6685546875,10240.0,3220.0,546.17,NVIDIA GeForce RTX 3080,[N/A],Enabled,Enabled
1701810937.917972,0,GPU-b342434c-f6b6-7627-333e-da750a9991e6,0.21,0.6685546875,10240.0,3220.0,546.17,NVIDIA GeForce RTX 3080,[N/A],Enabled,Enabled
1701810938.916805,0,GPU-b342434c-f6b6-7627-333e-da750a9991e6,0.2,0.6685546875,10240.0,3220.0,546.17,NVIDIA GeForce RTX 3080,[N/A],Enabled,Enabled
1701810939.918244,0,GPU-b342434c-f6b6-7627-333e-da750a9991e6,0.2,0.6685546875,10240.0,3220.0,546.17,NVIDIA GeForce RTX 3080,[N/A],Enabled,Enabled
1701810940.917603,0,GPU-b342434c-f6b6-7627-333e-da750a9991e6,0.22,0.6685546875,10240.0,3220.0,546.17,NVIDIA GeForce RTX 3080,[N/A],Enabled,Enabled
1701810941.916976,0,GPU-b342434c-f6b6-7627-333e-da750a9991e6,0.21,0.6685546875,10240.0,3220.0,546.17,NVIDIA GeForce RTX 3080,[N/A],Enabled,Enabled
1701810942.918175,0,GPU-b342434c-f6b6-7627-333e-da750a9991e6,0.21,0.6685546875,10240.0,3220.0,546.17,NVIDIA GeForce RTX 3080,[N/A],Enabled,Enabled
1701810943.917608,0,GPU-b342434c-f6b6-7627-333e-da750a9991e6,0.19,0.66826171875,10240.0,3223.0,546.17,NVIDIA GeForce RTX 3080,[N/A],Enabled,Enabled
1701810944.917231,0,GPU-b342434c-f6b6-7627-333e-da750a9991e6,0.2,0.66826171875,10240.0,3223.0,546.17,NVIDIA GeForce RTX 3080,[N/A],Enabled,Enabled
1701810945.91751,0,GPU-b342434c-f6b6-7627-333e-da750a9991e6,0.2,0.66826171875,10240.0,3223.0,546.17,NVIDIA GeForce RTX 3080,[N/A],Enabled,Enabled
1701810946.917972,0,GPU-b342434c-f6b6-7627-333e-da750a9991e6,0.2,0.66826171875,10240.0,3223.0,546.17,NVIDIA GeForce RTX 3080,[N/A],Enabled,Enabled
1701810947.917161,0,GPU-b342434c-f6b6-7627-333e-da750a9991e6,0.2,0.66826171875,10240.0,3223.0,546.17,NVIDIA GeForce RTX 3080,[N/A],Enabled,Enabled
1701810948.917031,0,GPU-b342434c-f6b6-7627-333e-da750a9991e6,0.2,0.66826171875,10240.0,3223.0,546.17,NVIDIA GeForce RTX 3080,[N/A],Enabled,Enabled
1701810949.917428,0,GPU-b342434c-f6b6-7627-333e-da750a9991e6,0.21,0.66826171875,10240.0,3223.0,546.17,NVIDIA GeForce RTX 3080,[N/A],Enabled,Enabled
1701810950.917428,0,GPU-b342434c-f6b6-7627-333e-da750a9991e6,0.21,0.668359375,10240.0,3222.0,546.17,NVIDIA GeForce RTX 3080,[N/A],Enabled,Enabled
1701810951.91774,0,GPU-b342434c-f6b6-7627-333e-da750a9991e6,0.22,0.66826171875,10240.0,3223.0,546.17,NVIDIA GeForce RTX 3080,[N/A],Enabled,Enabled
1701810952.917938,0,GPU-b342434c-f6b6-7627-333e-da750a9991e6,0.2,0.668359375,10240.0,3222.0,546.17,NVIDIA GeForce RTX 3080,[N/A],Enabled,Enabled
1701810953.917545,0,GPU-b342434c-f6b6-7627-333e-da750a9991e6,0.2,0.66845703125,10240.0,3221.0,546.17,NVIDIA GeForce RTX 3080,[N/A],Enabled,Enabled
1701810954.916873,0,GPU-b342434c-f6b6-7627-333e-da750a9991e6,0.21,0.6685546875,10240.0,3220.0,546.17,NVIDIA GeForce RTX 3080,[N/A],Enabled,Enabled
1701810955.917049,0,GPU-b342434c-f6b6-7627-333e-da750a9991e6,0.22,0.6685546875,10240.0,3220.0,546.17,NVIDIA GeForce RTX 3080,[N/A],Enabled,Enabled
1701810956.917505,0,GPU-b342434c-f6b6-7627-333e-da750a9991e6,0.22,0.6685546875,10240.0,3220.0,546.17,NVIDIA GeForce RTX 3080,[N/A],Enabled,Enabled
1701810957.916899,0,GPU-b342434c-f6b6-7627-333e-da750a9991e6,0.21,0.6685546875,10240.0,3220.0,546.17,NVIDIA GeForce RTX 3080,[N/A],Enabled,Enabled
1701810958.91768,0,GPU-b342434c-f6b6-7627-333e-da750a9991e6,0.21,0.6685546875,10240.0,3220.0,546.17,NVIDIA GeForce RTX 3080,[N/A],Enabled,Enabled
1701810959.917791,0,GPU-b342434c-f6b6-7627-333e-da750a9991e6,0.21,0.66865234375,10240.0,3219.0,546.17,NVIDIA GeForce RTX 3080,[N/A],Enabled,Enabled
1701810960.917067,0,GPU-b342434c-f6b6-7627-333e-da750a9991e6,0.23,0.66865234375,10240.0,3219.0,546.17,NVIDIA GeForce RTX 3080,[N/A],Enabled,Enabled
1701810961.917851,0,GPU-b342434c-f6b6-7627-333e-da750a9991e6,0.23,0.66865234375,10240.0,3219.0,546.17,NVIDIA GeForce RTX 3080,[N/A],Enabled,Enabled
1701810962.917055,0,GPU-b342434c-f6b6-7627-333e-da750a9991e6,0.22,0.66865234375,10240.0,3219.0,546.17,NVIDIA GeForce RTX 3080,[N/A],Enabled,Enabled
1701810963.917913,0,GPU-b342434c-f6b6-7627-333e-da750a9991e6,0.21,0.66865234375,10240.0,3219.0,546.17,NVIDIA GeForce RTX 3080,[N/A],Enabled,Enabled
1701810964.918175,0,GPU-b342434c-f6b6-7627-333e-da750a9991e6,0.21,0.66865234375,10240.0,3219.0,546.17,NVIDIA GeForce RTX 3080,[N/A],Enabled,Enabled
1701810965.917147,0,GPU-b342434c-f6b6-7627-333e-da750a9991e6,0.21,0.66865234375,10240.0,3219.0,546.17,NVIDIA GeForce RTX 3080,[N/A],Enabled,Enabled
1701810966.917408,0,GPU-b342434c-f6b6-7627-333e-da750a9991e6,0.22,0.66865234375,10240.0,3219.0,546.17,NVIDIA GeForce RTX 3080,[N/A],Enabled,Enabled
1701810967.917236,0,GPU-b342434c-f6b6-7627-333e-da750a9991e6,0.22,0.66845703125,10240.0,3221.0,546.17,NVIDIA GeForce RTX 3080,[N/A],Enabled,Enabled
1701810968.9177,0,GPU-b342434c-f6b6-7627-333e-da750a9991e6,0.21,0.66943359375,10240.0,3211.0,546.17,NVIDIA GeForce RTX 3080,[N/A],Enabled,Enabled
1701810969.917065,0,GPU-b342434c-f6b6-7627-333e-da750a9991e6,0.21,0.66953125,10240.0,3210.0,546.17,NVIDIA GeForce RTX 3080,[N/A],Enabled,Enabled
1701810970.917626,0,GPU-b342434c-f6b6-7627-333e-da750a9991e6,0.2,0.66953125,10240.0,3210.0,546.17,NVIDIA GeForce RTX 3080,[N/A],Enabled,Enabled
1701810971.917329,0,GPU-b342434c-f6b6-7627-333e-da750a9991e6,0.21,0.66953125,10240.0,3210.0,546.17,NVIDIA GeForce RTX 3080,[N/A],Enabled,Enabled
1701810972.917263,0,GPU-b342434c-f6b6-7627-333e-da750a9991e6,0.2,0.66953125,10240.0,3210.0,546.17,NVIDIA GeForce RTX 3080,[N/A],Enabled,Enabled
1701810973.91795,0,GPU-b342434c-f6b6-7627-333e-da750a9991e6,0.2,0.66953125,10240.0,3210.0,546.17,NVIDIA GeForce RTX 3080,[N/A],Enabled,Enabled
1701810974.917904,0,GPU-b342434c-f6b6-7627-333e-da750a9991e6,0.2,0.669140625,10240.0,3214.0,546.17,NVIDIA GeForce RTX 3080,[N/A],Enabled,Enabled
1701810975.917374,0,GPU-b342434c-f6b6-7627-333e-da750a9991e6,0.21,0.669140625,10240.0,3214.0,546.17,NVIDIA GeForce RTX 3080,[N/A],Enabled,Enabled
1701810976.917466,0,GPU-b342434c-f6b6-7627-333e-da750a9991e6,0.22,0.669140625,10240.0,3214.0,546.17,NVIDIA GeForce RTX 3080,[N/A],Enabled,Enabled
1701810977.917719,0,GPU-b342434c-f6b6-7627-333e-da750a9991e6,0.22,0.668359375,10240.0,3222.0,546.17,NVIDIA GeForce RTX 3080,[N/A],Enabled,Enabled
1701810978.91768,0,GPU-b342434c-f6b6-7627-333e-da750a9991e6,0.21,0.668359375,10240.0,3222.0,546.17,NVIDIA GeForce RTX 3080,[N/A],Enabled,Enabled
1701810979.917366,0,GPU-b342434c-f6b6-7627-333e-da750a9991e6,0.2,0.668359375,10240.0,3222.0,546.17,NVIDIA GeForce RTX 3080,[N/A],Enabled,Enabled
1701810980.917411,0,GPU-b342434c-f6b6-7627-333e-da750a9991e6,0.2,0.668359375,10240.0,3222.0,546.17,NVIDIA GeForce RTX 3080,[N/A],Enabled,Enabled
1701810981.917694,0,GPU-b342434c-f6b6-7627-333e-da750a9991e6,0.21,0.668359375,10240.0,3222.0,546.17,NVIDIA GeForce RTX 3080,[N/A],Enabled,Enabled
1701810982.916929,0,GPU-b342434c-f6b6-7627-333e-da750a9991e6,0.21,0.66865234375,10240.0,3219.0,546.17,NVIDIA GeForce RTX 3080,[N/A],Enabled,Enabled
1701810983.917752,0,GPU-b342434c-f6b6-7627-333e-da750a9991e6,0.21,0.66865234375,10240.0,3219.0,546.17,NVIDIA GeForce RTX 3080,[N/A],Enabled,Enabled
1701810984.917391,0,GPU-b342434c-f6b6-7627-333e-da750a9991e6,0.19,0.66865234375,10240.0,3219.0,546.17,NVIDIA GeForce RTX 3080,[N/A],Enabled,Enabled
1701810985.917822,0,GPU-b342434c-f6b6-7627-333e-da750a9991e6,0.2,0.66865234375,10240.0,3219.0,546.17,NVIDIA GeForce RTX 3080,[N/A],Enabled,Enabled
1701810986.917794,0,GPU-b342434c-f6b6-7627-333e-da750a9991e6,0.21,0.66865234375,10240.0,3219.0,546.17,NVIDIA GeForce RTX 3080,[N/A],Enabled,Enabled
1701810987.91709,0,GPU-b342434c-f6b6-7627-333e-da750a9991e6,0.23,0.66865234375,10240.0,3219.0,546.17,NVIDIA GeForce RTX 3080,[N/A],Enabled,Enabled
1701810988.918082,0,GPU-b342434c-f6b6-7627-333e-da750a9991e6,0.22,0.66865234375,10240.0,3219.0,546.17,NVIDIA GeForce RTX 3080,[N/A],Enabled,Enabled
1701810989.917624,0,GPU-b342434c-f6b6-7627-333e-da750a9991e6,0.2,0.66865234375,10240.0,3219.0,546.17,NVIDIA GeForce RTX 3080,[N/A],Enabled,Enabled
1701810990.918141,0,GPU-b342434c-f6b6-7627-333e-da750a9991e6,0.2,0.66865234375,10240.0,3219.0,546.17,NVIDIA GeForce RTX 3080,[N/A],Enabled,Enabled
1701810991.917835,0,GPU-b342434c-f6b6-7627-333e-da750a9991e6,0.2,0.66865234375,10240.0,3219.0,546.17,NVIDIA GeForce RTX 3080,[N/A],Enabled,Enabled
1701810992.91761,0,GPU-b342434c-f6b6-7627-333e-da750a9991e6,0.2,0.66865234375,10240.0,3219.0,546.17,NVIDIA GeForce RTX 3080,[N/A],Enabled,Enabled
1701810993.917536,0,GPU-b342434c-f6b6-7627-333e-da750a9991e6,0.2,0.66865234375,10240.0,3219.0,546.17,NVIDIA GeForce RTX 3080,[N/A],Enabled,Enabled
1701810994.917319,0,GPU-b342434c-f6b6-7627-333e-da750a9991e6,0.19,0.668359375,10240.0,3222.0,546.17,NVIDIA GeForce RTX 3080,[N/A],Enabled,Enabled
1701810995.916786,0,GPU-b342434c-f6b6-7627-333e-da750a9991e6,0.19,0.668359375,10240.0,3222.0,546.17,NVIDIA GeForce RTX 3080,[N/A],Enabled,Enabled
1701810996.91838,0,GPU-b342434c-f6b6-7627-333e-da750a9991e6,0.22,0.668359375,10240.0,3222.0,546.17,NVIDIA GeForce RTX 3080,[N/A],Enabled,Enabled
1701810997.917419,0,GPU-b342434c-f6b6-7627-333e-da750a9991e6,0.21,0.668359375,10240.0,3222.0,546.17,NVIDIA GeForce RTX 3080,[N/A],Enabled,Enabled
1701810998.917919,0,GPU-b342434c-f6b6-7627-333e-da750a9991e6,0.2,0.668359375,10240.0,3222.0,546.17,NVIDIA GeForce RTX 3080,[N/A],Enabled,Enabled
1701810999.917173,0,GPU-b342434c-f6b6-7627-333e-da750a9991e6,0.2,0.668359375,10240.0,3222.0,546.17,NVIDIA GeForce RTX 3080,[N/A],Enabled,Enabled
1701811000.917506,0,GPU-b342434c-f6b6-7627-333e-da750a9991e6,0.2,0.66865234375,10240.0,3219.0,546.17,NVIDIA GeForce RTX 3080,[N/A],Enabled,Enabled
1701811001.916937,0,GPU-b342434c-f6b6-7627-333e-da750a9991e6,0.19,0.66865234375,10240.0,3219.0,546.17,NVIDIA GeForce RTX 3080,[N/A],Enabled,Enabled
1701811002.917154,0,GPU-b342434c-f6b6-7627-333e-da750a9991e6,0.2,0.66865234375,10240.0,3219.0,546.17,NVIDIA GeForce RTX 3080,[N/A],Enabled,Enabled
1701811003.917412,0,GPU-b342434c-f6b6-7627-333e-da750a9991e6,0.21,0.66865234375,10240.0,3219.0,546.17,NVIDIA GeForce RTX 3080,[N/A],Enabled,Enabled
1701811004.917375,0,GPU-b342434c-f6b6-7627-333e-da750a9991e6,0.2,0.66865234375,10240.0,3219.0,546.17,NVIDIA GeForce RTX 3080,[N/A],Enabled,Enabled
1701811005.91787,0,GPU-b342434c-f6b6-7627-333e-da750a9991e6,0.2,0.66865234375,10240.0,3219.0,546.17,NVIDIA GeForce RTX 3080,[N/A],Enabled,Enabled
1701811006.917642,0,GPU-b342434c-f6b6-7627-333e-da750a9991e6,0.2,0.66865234375,10240.0,3219.0,546.17,NVIDIA GeForce RTX 3080,[N/A],Enabled,Enabled
1701811007.917134,0,GPU-b342434c-f6b6-7627-333e-da750a9991e6,0.2,0.66865234375,10240.0,3219.0,546.17,NVIDIA GeForce RTX 3080,[N/A],Enabled,Enabled
1701811008.917912,0,GPU-b342434c-f6b6-7627-333e-da750a9991e6,0.2,0.66865234375,10240.0,3219.0,546.17,NVIDIA GeForce RTX 3080,[N/A],Enabled,Enabled
1701811009.917008,0,GPU-b342434c-f6b6-7627-333e-da750a9991e6,0.21,0.66865234375,10240.0,3219.0,546.17,NVIDIA GeForce RTX 3080,[N/A],Enabled,Enabled
1701811010.917168,0,GPU-b342434c-f6b6-7627-333e-da750a9991e6,0.21,0.66865234375,10240.0,3219.0,546.17,NVIDIA GeForce RTX 3080,[N/A],Enabled,Enabled
1701811011.917795,0,GPU-b342434c-f6b6-7627-333e-da750a9991e6,0.21,0.66865234375,10240.0,3219.0,546.17,NVIDIA GeForce RTX 3080,[N/A],Enabled,Enabled
1701811012.917539,0,GPU-b342434c-f6b6-7627-333e-da750a9991e6,0.22,0.66875,10240.0,3218.0,546.17,NVIDIA GeForce RTX 3080,[N/A],Enabled,Enabled
1701811013.917957,0,GPU-b342434c-f6b6-7627-333e-da750a9991e6,0.22,0.66865234375,10240.0,3219.0,546.17,NVIDIA GeForce RTX 3080,[N/A],Enabled,Enabled
1701811014.917361,0,GPU-b342434c-f6b6-7627-333e-da750a9991e6,0.22,0.66865234375,10240.0,3219.0,546.17,NVIDIA GeForce RTX 3080,[N/A],Enabled,Enabled
1701811015.917296,0,GPU-b342434c-f6b6-7627-333e-da750a9991e6,0.22,0.66865234375,10240.0,3219.0,546.17,NVIDIA GeForce RTX 3080,[N/A],Enabled,Enabled
1701811016.917646,0,GPU-b342434c-f6b6-7627-333e-da750a9991e6,0.22,0.66865234375,10240.0,3219.0,546.17,NVIDIA GeForce RTX 3080,[N/A],Enabled,Enabled
1701811017.917075,0,GPU-b342434c-f6b6-7627-333e-da750a9991e6,0.22,0.66865234375,10240.0,3219.0,546.17,NVIDIA GeForce RTX 3080,[N/A],Enabled,Enabled
1701811018.917698,0,GPU-b342434c-f6b6-7627-333e-da750a9991e6,0.22,0.66865234375,10240.0,3219.0,546.17,NVIDIA GeForce RTX 3080,[N/A],Enabled,Enabled
1701811019.918109,0,GPU-b342434c-f6b6-7627-333e-da750a9991e6,0.22,0.66865234375,10240.0,3219.0,546.17,NVIDIA GeForce RTX 3080,[N/A],Enabled,Enabled
1701811020.917476,0,GPU-b342434c-f6b6-7627-333e-da750a9991e6,0.21,0.66865234375,10240.0,3219.0,546.17,NVIDIA GeForce RTX 3080,[N/A],Enabled,Enabled
1701811021.917874,0,GPU-b342434c-f6b6-7627-333e-da750a9991e6,0.2,0.66865234375,10240.0,3219.0,546.17,NVIDIA GeForce RTX 3080,[N/A],Enabled,Enabled
1701811022.917628,0,GPU-b342434c-f6b6-7627-333e-da750a9991e6,0.21,0.66865234375,10240.0,3219.0,546.17,NVIDIA GeForce RTX 3080,[N/A],Enabled,Enabled
1701811023.917272,0,GPU-b342434c-f6b6-7627-333e-da750a9991e6,0.21,0.66865234375,10240.0,3219.0,546.17,NVIDIA GeForce RTX 3080,[N/A],Enabled,Enabled
1701811024.917571,0,GPU-b342434c-f6b6-7627-333e-da750a9991e6,0.22,0.66875,10240.0,3218.0,546.17,NVIDIA GeForce RTX 3080,[N/A],Enabled,Enabled
1701811025.91701,0,GPU-b342434c-f6b6-7627-333e-da750a9991e6,0.21,0.66845703125,10240.0,3222.0,546.17,NVIDIA GeForce RTX 3080,[N/A],Enabled,Enabled
1701811026.917068,0,GPU-b342434c-f6b6-7627-333e-da750a9991e6,0.21,0.66845703125,10240.0,3221.0,546.17,NVIDIA GeForce RTX 3080,[N/A],Enabled,Enabled
1701811027.917294,0,GPU-b342434c-f6b6-7627-333e-da750a9991e6,0.21,0.668359375,10240.0,3222.0,546.17,NVIDIA GeForce RTX 3080,[N/A],Enabled,Enabled
1701811028.916829,0,GPU-b342434c-f6b6-7627-333e-da750a9991e6,0.21,0.668359375,10240.0,3222.0,546.17,NVIDIA GeForce RTX 3080,[N/A],Enabled,Enabled
1701811029.917421,0,GPU-b342434c-f6b6-7627-333e-da750a9991e6,0.23,0.66845703125,10240.0,3221.0,546.17,NVIDIA GeForce RTX 3080,[N/A],Enabled,Enabled
1701811030.917301,0,GPU-b342434c-f6b6-7627-333e-da750a9991e6,0.22,0.66845703125,10240.0,3221.0,546.17,NVIDIA GeForce RTX 3080,[N/A],Enabled,Enabled
1701811031.917429,0,GPU-b342434c-f6b6-7627-333e-da750a9991e6,0.22,0.66845703125,10240.0,3221.0,546.17,NVIDIA GeForce RTX 3080,[N/A],Enabled,Enabled
1701811032.91762,0,GPU-b342434c-f6b6-7627-333e-da750a9991e6,0.22,0.66845703125,10240.0,3221.0,546.17,NVIDIA GeForce RTX 3080,[N/A],Enabled,Enabled
1701811033.917624,0,GPU-b342434c-f6b6-7627-333e-da750a9991e6,0.22,0.66875,10240.0,3218.0,546.17,NVIDIA GeForce RTX 3080,[N/A],Enabled,Enabled
1701811034.917498,0,GPU-b342434c-f6b6-7627-333e-da750a9991e6,0.22,0.66875,10240.0,3218.0,546.17,NVIDIA GeForce RTX 3080,[N/A],Enabled,Enabled
1701811035.918113,0,GPU-b342434c-f6b6-7627-333e-da750a9991e6,0.21,0.66875,10240.0,3218.0,546.17,NVIDIA GeForce RTX 3080,[N/A],Enabled,Enabled
1701811036.918145,0,GPU-b342434c-f6b6-7627-333e-da750a9991e6,0.22,0.66875,10240.0,3218.0,546.17,NVIDIA GeForce RTX 3080,[N/A],Enabled,Enabled
1701811037.917443,0,GPU-b342434c-f6b6-7627-333e-da750a9991e6,0.21,0.66875,10240.0,3218.0,546.17,NVIDIA GeForce RTX 3080,[N/A],Enabled,Enabled
1701811038.917539,0,GPU-b342434c-f6b6-7627-333e-da750a9991e6,0.23,0.66875,10240.0,3218.0,546.17,NVIDIA GeForce RTX 3080,[N/A],Enabled,Enabled
1701811039.917787,0,GPU-b342434c-f6b6-7627-333e-da750a9991e6,0.23,0.66875,10240.0,3218.0,546.17,NVIDIA GeForce RTX 3080,[N/A],Enabled,Enabled
1701811040.917415,0,GPU-b342434c-f6b6-7627-333e-da750a9991e6,0.22,0.66875,10240.0,3218.0,546.17,NVIDIA GeForce RTX 3080,[N/A],Enabled,Enabled
1701811041.916854,0,GPU-b342434c-f6b6-7627-333e-da750a9991e6,0.21,0.66875,10240.0,3218.0,546.17,NVIDIA GeForce RTX 3080,[N/A],Enabled,Enabled
1701811042.917105,0,GPU-b342434c-f6b6-7627-333e-da750a9991e6,0.21,0.66875,10240.0,3218.0,546.17,NVIDIA GeForce RTX 3080,[N/A],Enabled,Enabled
1701811043.917143,0,GPU-b342434c-f6b6-7627-333e-da750a9991e6,0.22,0.66875,10240.0,3218.0,546.17,NVIDIA GeForce RTX 3080,[N/A],Enabled,Enabled
1701811044.917543,0,GPU-b342434c-f6b6-7627-333e-da750a9991e6,0.22,0.66875,10240.0,3218.0,546.17,NVIDIA GeForce RTX 3080,[N/A],Enabled,Enabled
1701811045.917602,0,GPU-b342434c-f6b6-7627-333e-da750a9991e6,0.21,0.66875,10240.0,3218.0,546.17,NVIDIA GeForce RTX 3080,[N/A],Enabled,Enabled
1701811046.917544,0,GPU-b342434c-f6b6-7627-333e-da750a9991e6,0.2,0.66845703125,10240.0,3221.0,546.17,NVIDIA GeForce RTX 3080,[N/A],Enabled,Enabled
1701811047.917767,0,GPU-b342434c-f6b6-7627-333e-da750a9991e6,0.23,0.66875,10240.0,3218.0,546.17,NVIDIA GeForce RTX 3080,[N/A],Enabled,Enabled
1701811048.917172,0,GPU-b342434c-f6b6-7627-333e-da750a9991e6,0.21,0.66875,10240.0,3218.0,546.17,NVIDIA GeForce RTX 3080,[N/A],Enabled,Enabled
1701811049.917346,0,GPU-b342434c-f6b6-7627-333e-da750a9991e6,0.22,0.66875,10240.0,3218.0,546.17,NVIDIA GeForce RTX 3080,[N/A],Enabled,Enabled
1701811050.917752,0,GPU-b342434c-f6b6-7627-333e-da750a9991e6,0.21,0.66875,10240.0,3218.0,546.17,NVIDIA GeForce RTX 3080,[N/A],Enabled,Enabled
1701811051.917821,0,GPU-b342434c-f6b6-7627-333e-da750a9991e6,0.21,0.66875,10240.0,3218.0,546.17,NVIDIA GeForce RTX 3080,[N/A],Enabled,Enabled
1701811052.917331,0,GPU-b342434c-f6b6-7627-333e-da750a9991e6,0.22,0.66875,10240.0,3218.0,546.17,NVIDIA GeForce RTX 3080,[N/A],Enabled,Enabled
1701811053.917505,0,GPU-b342434c-f6b6-7627-333e-da750a9991e6,0.21,0.66875,10240.0,3218.0,546.17,NVIDIA GeForce RTX 3080,[N/A],Enabled,Enabled
1701811054.917765,0,GPU-b342434c-f6b6-7627-333e-da750a9991e6,0.21,0.66875,10240.0,3218.0,546.17,NVIDIA GeForce RTX 3080,[N/A],Enabled,Enabled
1701811055.917409,0,GPU-b342434c-f6b6-7627-333e-da750a9991e6,0.21,0.66875,10240.0,3218.0,546.17,NVIDIA GeForce RTX 3080,[N/A],Enabled,Enabled
1701811056.917724,0,GPU-b342434c-f6b6-7627-333e-da750a9991e6,0.22,0.66875,10240.0,3218.0,546.17,NVIDIA GeForce RTX 3080,[N/A],Enabled,Enabled
1701811057.917075,0,GPU-b342434c-f6b6-7627-333e-da750a9991e6,0.23,0.66875,10240.0,3218.0,546.17,NVIDIA GeForce RTX 3080,[N/A],Enabled,Enabled
1701811058.917596,0,GPU-b342434c-f6b6-7627-333e-da750a9991e6,0.21,0.66875,10240.0,3218.0,546.17,NVIDIA GeForce RTX 3080,[N/A],Enabled,Enabled
1701811059.917488,0,GPU-b342434c-f6b6-7627-333e-da750a9991e6,0.22,0.66875,10240.0,3218.0,546.17,NVIDIA GeForce RTX 3080,[N/A],Enabled,Enabled
1701811060.917658,0,GPU-b342434c-f6b6-7627-333e-da750a9991e6,0.22,0.66875,10240.0,3218.0,546.17,NVIDIA GeForce RTX 3080,[N/A],Enabled,Enabled
1701811061.917777,0,GPU-b342434c-f6b6-7627-333e-da750a9991e6,0.2,0.66875,10240.0,3218.0,546.17,NVIDIA GeForce RTX 3080,[N/A],Enabled,Enabled
1701811062.917518,0,GPU-b342434c-f6b6-7627-333e-da750a9991e6,0.2,0.66875,10240.0,3218.0,546.17,NVIDIA GeForce RTX 3080,[N/A],Enabled,Enabled
1701811063.917119,0,GPU-b342434c-f6b6-7627-333e-da750a9991e6,0.21,0.66875,10240.0,3218.0,546.17,NVIDIA GeForce RTX 3080,[N/A],Enabled,Enabled
1701811064.917671,0,GPU-b342434c-f6b6-7627-333e-da750a9991e6,0.21,0.66875,10240.0,3218.0,546.17,NVIDIA GeForce RTX 3080,[N/A],Enabled,Enabled
1701811065.917086,0,GPU-b342434c-f6b6-7627-333e-da750a9991e6,0.22,0.66875,10240.0,3218.0,546.17,NVIDIA GeForce RTX 3080,[N/A],Enabled,Enabled
1701811066.91729,0,GPU-b342434c-f6b6-7627-333e-da750a9991e6,0.21,0.66875,10240.0,3218.0,546.17,NVIDIA GeForce RTX 3080,[N/A],Enabled,Enabled
1701811067.917107,0,GPU-b342434c-f6b6-7627-333e-da750a9991e6,0.22,0.66875,10240.0,3218.0,546.17,NVIDIA GeForce RTX 3080,[N/A],Enabled,Enabled
1701811068.917754,0,GPU-b342434c-f6b6-7627-333e-da750a9991e6,0.21,0.66845703125,10240.0,3221.0,546.17,NVIDIA GeForce RTX 3080,[N/A],Enabled,Enabled
1701811069.917585,0,GPU-b342434c-f6b6-7627-333e-da750a9991e6,0.21,0.66845703125,10240.0,3221.0,546.17,NVIDIA GeForce RTX 3080,[N/A],Enabled,Enabled
1701811070.917566,0,GPU-b342434c-f6b6-7627-333e-da750a9991e6,0.21,0.66845703125,10240.0,3221.0,546.17,NVIDIA GeForce RTX 3080,[N/A],Enabled,Enabled
1701811071.917281,0,GPU-b342434c-f6b6-7627-333e-da750a9991e6,0.21,0.66845703125,10240.0,3221.0,546.17,NVIDIA GeForce RTX 3080,[N/A],Enabled,Enabled
1701811072.917739,0,GPU-b342434c-f6b6-7627-333e-da750a9991e6,0.21,0.66845703125,10240.0,3221.0,546.17,NVIDIA GeForce RTX 3080,[N/A],Enabled,Enabled
1701811073.91817,0,GPU-b342434c-f6b6-7627-333e-da750a9991e6,0.21,0.66875,10240.0,3218.0,546.17,NVIDIA GeForce RTX 3080,[N/A],Enabled,Enabled
1701811074.916972,0,GPU-b342434c-f6b6-7627-333e-da750a9991e6,0.21,0.66875,10240.0,3218.0,546.17,NVIDIA GeForce RTX 3080,[N/A],Enabled,Enabled
1701811075.918168,0,GPU-b342434c-f6b6-7627-333e-da750a9991e6,0.21,0.66875,10240.0,3218.0,546.17,NVIDIA GeForce RTX 3080,[N/A],Enabled,Enabled
1701811076.917877,0,GPU-b342434c-f6b6-7627-333e-da750a9991e6,0.21,0.66875,10240.0,3218.0,546.17,NVIDIA GeForce RTX 3080,[N/A],Enabled,Enabled
1701811077.918136,0,GPU-b342434c-f6b6-7627-333e-da750a9991e6,0.2,0.66875,10240.0,3218.0,546.17,NVIDIA GeForce RTX 3080,[N/A],Enabled,Enabled
1701811078.917255,0,GPU-b342434c-f6b6-7627-333e-da750a9991e6,0.2,0.66875,10240.0,3218.0,546.17,NVIDIA GeForce RTX 3080,[N/A],Enabled,Enabled
1701811079.917561,0,GPU-b342434c-f6b6-7627-333e-da750a9991e6,0.21,0.66845703125,10240.0,3221.0,546.17,NVIDIA GeForce RTX 3080,[N/A],Enabled,Enabled
1701811080.917287,0,GPU-b342434c-f6b6-7627-333e-da750a9991e6,0.21,0.66875,10240.0,3218.0,546.17,NVIDIA GeForce RTX 3080,[N/A],Enabled,Enabled
1701811081.917886,0,GPU-b342434c-f6b6-7627-333e-da750a9991e6,0.2,0.66875,10240.0,3218.0,546.17,NVIDIA GeForce RTX 3080,[N/A],Enabled,Enabled
1701811082.917151,0,GPU-b342434c-f6b6-7627-333e-da750a9991e6,0.2,0.66875,10240.0,3218.0,546.17,NVIDIA GeForce RTX 3080,[N/A],Enabled,Enabled
1701811083.9181,0,GPU-b342434c-f6b6-7627-333e-da750a9991e6,0.2,0.66875,10240.0,3218.0,546.17,NVIDIA GeForce RTX 3080,[N/A],Enabled,Enabled
1701811084.917802,0,GPU-b342434c-f6b6-7627-333e-da750a9991e6,0.21,0.66875,10240.0,3218.0,546.17,NVIDIA GeForce RTX 3080,[N/A],Enabled,Enabled
1701811085.917844,0,GPU-b342434c-f6b6-7627-333e-da750a9991e6,0.2,0.66875,10240.0,3218.0,546.17,NVIDIA GeForce RTX 3080,[N/A],Enabled,Enabled
1701811086.917418,0,GPU-b342434c-f6b6-7627-333e-da750a9991e6,0.2,0.66875,10240.0,3218.0,546.17,NVIDIA GeForce RTX 3080,[N/A],Enabled,Enabled
1701811087.917221,0,GPU-b342434c-f6b6-7627-333e-da750a9991e6,0.24,0.56416015625,10240.0,4289.0,546.17,NVIDIA GeForce RTX 3080,[N/A],Enabled,Enabled
1701811088.917485,0,GPU-b342434c-f6b6-7627-333e-da750a9991e6,0.36,0.56416015625,10240.0,4289.0,546.17,NVIDIA GeForce RTX 3080,[N/A],Enabled,Enabled
1701811089.917351,0,GPU-b342434c-f6b6-7627-333e-da750a9991e6,0.3,0.56416015625,10240.0,4289.0,546.17,NVIDIA GeForce RTX 3080,[N/A],Enabled,Enabled
1701811090.917183,0,GPU-b342434c-f6b6-7627-333e-da750a9991e6,0.31,0.56416015625,10240.0,4289.0,546.17,NVIDIA GeForce RTX 3080,[N/A],Enabled,Enabled
1701811091.917227,0,GPU-b342434c-f6b6-7627-333e-da750a9991e6,0.31,0.56416015625,10240.0,4289.0,546.17,NVIDIA GeForce RTX 3080,[N/A],Enabled,Enabled
1701811092.917062,0,GPU-b342434c-f6b6-7627-333e-da750a9991e6,0.31,0.56416015625,10240.0,4289.0,546.17,NVIDIA GeForce RTX 3080,[N/A],Enabled,Enabled
1701811093.917219,0,GPU-b342434c-f6b6-7627-333e-da750a9991e6,0.31,0.56416015625,10240.0,4289.0,546.17,NVIDIA GeForce RTX 3080,[N/A],Enabled,Enabled
1701811094.917773,0,GPU-b342434c-f6b6-7627-333e-da750a9991e6,0.31,0.56416015625,10240.0,4289.0,546.17,NVIDIA GeForce RTX 3080,[N/A],Enabled,Enabled
1701811095.917567,0,GPU-b342434c-f6b6-7627-333e-da750a9991e6,0.31,0.56416015625,10240.0,4289.0,546.17,NVIDIA GeForce RTX 3080,[N/A],Enabled,Enabled
1701811096.917432,0,GPU-b342434c-f6b6-7627-333e-da750a9991e6,0.31,0.56416015625,10240.0,4289.0,546.17,NVIDIA GeForce RTX 3080,[N/A],Enabled,Enabled
1701811097.917065,0,GPU-b342434c-f6b6-7627-333e-da750a9991e6,0.3,0.56416015625,10240.0,4289.0,546.17,NVIDIA GeForce RTX 3080,[N/A],Enabled,Enabled
1701811098.917019,0,GPU-b342434c-f6b6-7627-333e-da750a9991e6,0.03,0.56318359375,10240.0,4299.0,546.17,NVIDIA GeForce RTX 3080,[N/A],Enabled,Enabled
1701811099.917123,0,GPU-b342434c-f6b6-7627-333e-da750a9991e6,0.04,0.372265625,10240.0,6254.0,546.17,NVIDIA GeForce RTX 3080,[N/A],Enabled,Enabled
1701811100.917143,0,GPU-b342434c-f6b6-7627-333e-da750a9991e6,0.03,0.372265625,10240.0,6254.0,546.17,NVIDIA GeForce RTX 3080,[N/A],Enabled,Enabled
1701811101.917036,0,GPU-b342434c-f6b6-7627-333e-da750a9991e6,0.03,0.3720703125,10240.0,6256.0,546.17,NVIDIA GeForce RTX 3080,[N/A],Enabled,Enabled
1701811102.917625,0,GPU-b342434c-f6b6-7627-333e-da750a9991e6,0.04,0.37119140625,10240.0,6265.0,546.17,NVIDIA GeForce RTX 3080,[N/A],Enabled,Enabled
1701811103.917117,0,GPU-b342434c-f6b6-7627-333e-da750a9991e6,0.04,0.36708984375,10240.0,6307.0,546.17,NVIDIA GeForce RTX 3080,[N/A],Enabled,Enabled
1701811104.916988,0,GPU-b342434c-f6b6-7627-333e-da750a9991e6,0.05,0.36513671875,10240.0,6327.0,546.17,NVIDIA GeForce RTX 3080,[N/A],Enabled,Enabled
1701811105.917826,0,GPU-b342434c-f6b6-7627-333e-da750a9991e6,0.03,0.36416015625,10240.0,6337.0,546.17,NVIDIA GeForce RTX 3080,[N/A],Enabled,Enabled
1701811106.917956,0,GPU-b342434c-f6b6-7627-333e-da750a9991e6,0.04,0.36416015625,10240.0,6337.0,546.17,NVIDIA GeForce RTX 3080,[N/A],Enabled,Enabled
1701811107.917941,0,GPU-b342434c-f6b6-7627-333e-da750a9991e6,0.04,0.36416015625,10240.0,6337.0,546.17,NVIDIA GeForce RTX 3080,[N/A],Enabled,Enabled
1701811108.917639,0,GPU-b342434c-f6b6-7627-333e-da750a9991e6,0.03,0.36357421875,10240.0,6343.0,546.17,NVIDIA GeForce RTX 3080,[N/A],Enabled,Enabled
1701811109.917509,0,GPU-b342434c-f6b6-7627-333e-da750a9991e6,0.04,0.3630859375,10240.0,6348.0,546.17,NVIDIA GeForce RTX 3080,[N/A],Enabled,Enabled
