timestamp,id,uuid,load,memoryUtil,memoryTotal,memoryUsed,memoryFree,driver,name,serial,display_mode,display_active
1709468300.004911,0,GPU-93ae0c7f-c327-aee3-adae-bc0d1dae71ea,0.14,0.20363133040221462,12282.0,9510.0,551.52,NVIDIA GeForce RTX 4070,[N/A],Enabled,Enabled
1709468301.001344,0,GPU-93ae0c7f-c327-aee3-adae-bc0d1dae71ea,0.13,0.20363133040221462,12282.0,9510.0,551.52,NVIDIA GeForce RTX 4070,[N/A],Enabled,Enabled
1709468302.001009,0,GPU-93ae0c7f-c327-aee3-adae-bc0d1dae71ea,0.14,0.20534114964989417,12282.0,9489.0,551.52,NVIDIA GeForce RTX 4070,[N/A],Enabled,Enabled
1709468303.001107,0,GPU-93ae0c7f-c327-aee3-adae-bc0d1dae71ea,0.14,0.2014329913694838,12282.0,9537.0,551.52,NVIDIA GeForce RTX 4070,[N/A],Enabled,Enabled
1709468304.001848,0,GPU-93ae0c7f-c327-aee3-adae-bc0d1dae71ea,0.13,0.20078163165608207,12282.0,9545.0,551.52,NVIDIA GeForce RTX 4070,[N/A],Enabled,Enabled
1709468305.001429,0,GPU-93ae0c7f-c327-aee3-adae-bc0d1dae71ea,0.14,0.20078163165608207,12282.0,9545.0,551.52,NVIDIA GeForce RTX 4070,[N/A],Enabled,Enabled
1709468306.001487,0,GPU-93ae0c7f-c327-aee3-adae-bc0d1dae71ea,0.14,0.20078163165608207,12282.0,9545.0,551.52,NVIDIA GeForce RTX 4070,[N/A],Enabled,Enabled
1709468307.001152,0,GPU-93ae0c7f-c327-aee3-adae-bc0d1dae71ea,0.14,0.20004885197850514,12282.0,9554.0,551.52,NVIDIA GeForce RTX 4070,[N/A],Enabled,Enabled
1709468308.001598,0,GPU-93ae0c7f-c327-aee3-adae-bc0d1dae71ea,0.13,0.20004885197850514,12282.0,9554.0,551.52,NVIDIA GeForce RTX 4070,[N/A],Enabled,Enabled
1709468309.001016,0,GPU-93ae0c7f-c327-aee3-adae-bc0d1dae71ea,0.14,0.20004885197850514,12282.0,9554.0,551.52,NVIDIA GeForce RTX 4070,[N/A],Enabled,Enabled
1709468310.001116,0,GPU-93ae0c7f-c327-aee3-adae-bc0d1dae71ea,0.14,0.20004885197850514,12282.0,9554.0,551.52,NVIDIA GeForce RTX 4070,[N/A],Enabled,Enabled
1709468311.001232,0,GPU-93ae0c7f-c327-aee3-adae-bc0d1dae71ea,0.14,0.20004885197850514,12282.0,9554.0,551.52,NVIDIA GeForce RTX 4070,[N/A],Enabled,Enabled
1709468312.000969,0,GPU-93ae0c7f-c327-aee3-adae-bc0d1dae71ea,0.14,0.20004885197850514,12282.0,9554.0,551.52,NVIDIA GeForce RTX 4070,[N/A],Enabled,Enabled
1709468313.001242,0,GPU-93ae0c7f-c327-aee3-adae-bc0d1dae71ea,0.14,0.20004885197850514,12282.0,9554.0,551.52,NVIDIA GeForce RTX 4070,[N/A],Enabled,Enabled
1709468314.001886,0,GPU-93ae0c7f-c327-aee3-adae-bc0d1dae71ea,0.14,0.20004885197850514,12282.0,9554.0,551.52,NVIDIA GeForce RTX 4070,[N/A],Enabled,Enabled
1709468315.001975,0,GPU-93ae0c7f-c327-aee3-adae-bc0d1dae71ea,0.14,0.20013027194268035,12282.0,9553.0,551.52,NVIDIA GeForce RTX 4070,[N/A],Enabled,Enabled
1709468316.00165,0,GPU-93ae0c7f-c327-aee3-adae-bc0d1dae71ea,0.14,0.20013027194268035,12282.0,9553.0,551.52,NVIDIA GeForce RTX 4070,[N/A],Enabled,Enabled
1709468317.000887,0,GPU-93ae0c7f-c327-aee3-adae-bc0d1dae71ea,0.14,0.20094447158443252,12282.0,9543.0,551.52,NVIDIA GeForce RTX 4070,[N/A],Enabled,Enabled
1709468318.00074,0,GPU-93ae0c7f-c327-aee3-adae-bc0d1dae71ea,0.14,0.20078163165608207,12282.0,9545.0,551.52,NVIDIA GeForce RTX 4070,[N/A],Enabled,Enabled
1709468319.001283,0,GPU-93ae0c7f-c327-aee3-adae-bc0d1dae71ea,0.13,0.20078163165608207,12282.0,9545.0,551.52,NVIDIA GeForce RTX 4070,[N/A],Enabled,Enabled
1709468320.001728,0,GPU-93ae0c7f-c327-aee3-adae-bc0d1dae71ea,0.14,0.20159583129783423,12282.0,9535.0,551.52,NVIDIA GeForce RTX 4070,[N/A],Enabled,Enabled
1709468321.000999,0,GPU-93ae0c7f-c327-aee3-adae-bc0d1dae71ea,0.12,0.20159583129783423,12282.0,9535.0,551.52,NVIDIA GeForce RTX 4070,[N/A],Enabled,Enabled
1709468322.001893,0,GPU-93ae0c7f-c327-aee3-adae-bc0d1dae71ea,0.12,0.20159583129783423,12282.0,9535.0,551.52,NVIDIA GeForce RTX 4070,[N/A],Enabled,Enabled
1709468323.001079,0,GPU-93ae0c7f-c327-aee3-adae-bc0d1dae71ea,0.12,0.20159583129783423,12282.0,9535.0,551.52,NVIDIA GeForce RTX 4070,[N/A],Enabled,Enabled
1709468324.001079,0,GPU-93ae0c7f-c327-aee3-adae-bc0d1dae71ea,0.12,0.20159583129783423,12282.0,9535.0,551.52,NVIDIA GeForce RTX 4070,[N/A],Enabled,Enabled
1709468325.001976,0,GPU-93ae0c7f-c327-aee3-adae-bc0d1dae71ea,0.12,0.20159583129783423,12282.0,9535.0,551.52,NVIDIA GeForce RTX 4070,[N/A],Enabled,Enabled
1709468326.001321,0,GPU-93ae0c7f-c327-aee3-adae-bc0d1dae71ea,0.12,0.20159583129783423,12282.0,9535.0,551.52,NVIDIA GeForce RTX 4070,[N/A],Enabled,Enabled
1709468327.000913,0,GPU-93ae0c7f-c327-aee3-adae-bc0d1dae71ea,0.12,0.20159583129783423,12282.0,9535.0,551.52,NVIDIA GeForce RTX 4070,[N/A],Enabled,Enabled
1709468328.001013,0,GPU-93ae0c7f-c327-aee3-adae-bc0d1dae71ea,0.12,0.20159583129783423,12282.0,9535.0,551.52,NVIDIA GeForce RTX 4070,[N/A],Enabled,Enabled
1709468329.001552,0,GPU-93ae0c7f-c327-aee3-adae-bc0d1dae71ea,0.12,0.20159583129783423,12282.0,9535.0,551.52,NVIDIA GeForce RTX 4070,[N/A],Enabled,Enabled
1709468330.001463,0,GPU-93ae0c7f-c327-aee3-adae-bc0d1dae71ea,0.12,0.20159583129783423,12282.0,9535.0,551.52,NVIDIA GeForce RTX 4070,[N/A],Enabled,Enabled
1709468331.000808,0,GPU-93ae0c7f-c327-aee3-adae-bc0d1dae71ea,0.12,0.20159583129783423,12282.0,9535.0,551.52,NVIDIA GeForce RTX 4070,[N/A],Enabled,Enabled
1709468332.000901,0,GPU-93ae0c7f-c327-aee3-adae-bc0d1dae71ea,0.12,0.20159583129783423,12282.0,9535.0,551.52,NVIDIA GeForce RTX 4070,[N/A],Enabled,Enabled
1709468333.001294,0,GPU-93ae0c7f-c327-aee3-adae-bc0d1dae71ea,0.12,0.20159583129783423,12282.0,9535.0,551.52,NVIDIA GeForce RTX 4070,[N/A],Enabled,Enabled
1709468334.001888,0,GPU-93ae0c7f-c327-aee3-adae-bc0d1dae71ea,0.12,0.20159583129783423,12282.0,9535.0,551.52,NVIDIA GeForce RTX 4070,[N/A],Enabled,Enabled
1709468335.00155,0,GPU-93ae0c7f-c327-aee3-adae-bc0d1dae71ea,0.12,0.20159583129783423,12282.0,9535.0,551.52,NVIDIA GeForce RTX 4070,[N/A],Enabled,Enabled
1709468336.001178,0,GPU-93ae0c7f-c327-aee3-adae-bc0d1dae71ea,0.12,0.20159583129783423,12282.0,9535.0,551.52,NVIDIA GeForce RTX 4070,[N/A],Enabled,Enabled
1709468337.000728,0,GPU-93ae0c7f-c327-aee3-adae-bc0d1dae71ea,0.12,0.20159583129783423,12282.0,9535.0,551.52,NVIDIA GeForce RTX 4070,[N/A],Enabled,Enabled
1709468338.000832,0,GPU-93ae0c7f-c327-aee3-adae-bc0d1dae71ea,0.12,0.20159583129783423,12282.0,9535.0,551.52,NVIDIA GeForce RTX 4070,[N/A],Enabled,Enabled
1709468339.00092,0,GPU-93ae0c7f-c327-aee3-adae-bc0d1dae71ea,0.12,0.20159583129783423,12282.0,9535.0,551.52,NVIDIA GeForce RTX 4070,[N/A],Enabled,Enabled
1709468340.000975,0,GPU-93ae0c7f-c327-aee3-adae-bc0d1dae71ea,0.13,0.20477120990066763,12282.0,9496.0,551.52,NVIDIA GeForce RTX 4070,[N/A],Enabled,Enabled
1709468341.000771,0,GPU-93ae0c7f-c327-aee3-adae-bc0d1dae71ea,0.14,0.31737502035499104,12282.0,8113.0,551.52,NVIDIA GeForce RTX 4070,[N/A],Enabled,Enabled
1709468342.001274,0,GPU-93ae0c7f-c327-aee3-adae-bc0d1dae71ea,0.08,0.28537697443413124,12282.0,8506.0,551.52,NVIDIA GeForce RTX 4070,[N/A],Enabled,Enabled
1709468343.001392,0,GPU-93ae0c7f-c327-aee3-adae-bc0d1dae71ea,0.08,0.28537697443413124,12282.0,8506.0,551.52,NVIDIA GeForce RTX 4070,[N/A],Enabled,Enabled
1709468344.000833,0,GPU-93ae0c7f-c327-aee3-adae-bc0d1dae71ea,0.08,0.28537697443413124,12282.0,8506.0,551.52,NVIDIA GeForce RTX 4070,[N/A],Enabled,Enabled
1709468345.001383,0,GPU-93ae0c7f-c327-aee3-adae-bc0d1dae71ea,0.09,0.2209737827715356,12282.0,9297.0,551.52,NVIDIA GeForce RTX 4070,[N/A],Enabled,Enabled
1709468346.001171,0,GPU-93ae0c7f-c327-aee3-adae-bc0d1dae71ea,0.24,0.43168865005699397,12282.0,6709.0,551.52,NVIDIA GeForce RTX 4070,[N/A],Enabled,Enabled
1709468347.000582,0,GPU-93ae0c7f-c327-aee3-adae-bc0d1dae71ea,0.3,0.40058622374206154,12282.0,7091.0,551.52,NVIDIA GeForce RTX 4070,[N/A],Enabled,Enabled
1709468348.002043,0,GPU-93ae0c7f-c327-aee3-adae-bc0d1dae71ea,0.28,0.40050480377788633,12282.0,7092.0,551.52,NVIDIA GeForce RTX 4070,[N/A],Enabled,Enabled
1709468349.001642,0,GPU-93ae0c7f-c327-aee3-adae-bc0d1dae71ea,0.24,0.3961895456765999,12282.0,7145.0,551.52,NVIDIA GeForce RTX 4070,[N/A],Enabled,Enabled
1709468350.000748,0,GPU-93ae0c7f-c327-aee3-adae-bc0d1dae71ea,0.25,0.3961895456765999,12282.0,7145.0,551.52,NVIDIA GeForce RTX 4070,[N/A],Enabled,Enabled
1709468351.001073,0,GPU-93ae0c7f-c327-aee3-adae-bc0d1dae71ea,0.25,0.3961895456765999,12282.0,7145.0,551.52,NVIDIA GeForce RTX 4070,[N/A],Enabled,Enabled
1709468352.0008,0,GPU-93ae0c7f-c327-aee3-adae-bc0d1dae71ea,0.27,0.40050480377788633,12282.0,7092.0,551.52,NVIDIA GeForce RTX 4070,[N/A],Enabled,Enabled
1709468353.001147,0,GPU-93ae0c7f-c327-aee3-adae-bc0d1dae71ea,0.26,0.4013190034196385,12282.0,7082.0,551.52,NVIDIA GeForce RTX 4070,[N/A],Enabled,Enabled
1709468354.00066,0,GPU-93ae0c7f-c327-aee3-adae-bc0d1dae71ea,0.28,0.4013190034196385,12282.0,7082.0,551.52,NVIDIA GeForce RTX 4070,[N/A],Enabled,Enabled
1709468355.000705,0,GPU-93ae0c7f-c327-aee3-adae-bc0d1dae71ea,0.28,0.3970851652825273,12282.0,7134.0,551.52,NVIDIA GeForce RTX 4070,[N/A],Enabled,Enabled
1709468356.000909,0,GPU-93ae0c7f-c327-aee3-adae-bc0d1dae71ea,0.29,0.4013190034196385,12282.0,7082.0,551.52,NVIDIA GeForce RTX 4070,[N/A],Enabled,Enabled
1709468357.000732,0,GPU-93ae0c7f-c327-aee3-adae-bc0d1dae71ea,0.27,0.3970851652825273,12282.0,7134.0,551.52,NVIDIA GeForce RTX 4070,[N/A],Enabled,Enabled
1709468358.001152,0,GPU-93ae0c7f-c327-aee3-adae-bc0d1dae71ea,0.29,0.4014004233838137,12282.0,7081.0,551.52,NVIDIA GeForce RTX 4070,[N/A],Enabled,Enabled
1709468359.000969,0,GPU-93ae0c7f-c327-aee3-adae-bc0d1dae71ea,0.27,0.4014004233838137,12282.0,7081.0,551.52,NVIDIA GeForce RTX 4070,[N/A],Enabled,Enabled
1709468360.001429,0,GPU-93ae0c7f-c327-aee3-adae-bc0d1dae71ea,0.26,0.3970851652825273,12282.0,7134.0,551.52,NVIDIA GeForce RTX 4070,[N/A],Enabled,Enabled
1709468361.000985,0,GPU-93ae0c7f-c327-aee3-adae-bc0d1dae71ea,0.26,0.3970851652825273,12282.0,7134.0,551.52,NVIDIA GeForce RTX 4070,[N/A],Enabled,Enabled
1709468362.001182,0,GPU-93ae0c7f-c327-aee3-adae-bc0d1dae71ea,0.28,0.3970851652825273,12282.0,7134.0,551.52,NVIDIA GeForce RTX 4070,[N/A],Enabled,Enabled
1709468363.001698,0,GPU-93ae0c7f-c327-aee3-adae-bc0d1dae71ea,0.28,0.4014004233838137,12282.0,7081.0,551.52,NVIDIA GeForce RTX 4070,[N/A],Enabled,Enabled
1709468364.000827,0,GPU-93ae0c7f-c327-aee3-adae-bc0d1dae71ea,0.25,0.4014004233838137,12282.0,7081.0,551.52,NVIDIA GeForce RTX 4070,[N/A],Enabled,Enabled
1709468365.001313,0,GPU-93ae0c7f-c327-aee3-adae-bc0d1dae71ea,0.23,0.3991206643869077,12282.0,7109.0,551.52,NVIDIA GeForce RTX 4070,[N/A],Enabled,Enabled
1709468366.001242,0,GPU-93ae0c7f-c327-aee3-adae-bc0d1dae71ea,0.35,0.40514574173587364,12282.0,7035.0,551.52,NVIDIA GeForce RTX 4070,[N/A],Enabled,Enabled
1709468367.001959,0,GPU-93ae0c7f-c327-aee3-adae-bc0d1dae71ea,0.42,0.40514574173587364,12282.0,7035.0,551.52,NVIDIA GeForce RTX 4070,[N/A],Enabled,Enabled
1709468368.0016,0,GPU-93ae0c7f-c327-aee3-adae-bc0d1dae71ea,0.39,0.40514574173587364,12282.0,7035.0,551.52,NVIDIA GeForce RTX 4070,[N/A],Enabled,Enabled
1709468369.000777,0,GPU-93ae0c7f-c327-aee3-adae-bc0d1dae71ea,0.41,0.40514574173587364,12282.0,7035.0,551.52,NVIDIA GeForce RTX 4070,[N/A],Enabled,Enabled
1709468370.001739,0,GPU-93ae0c7f-c327-aee3-adae-bc0d1dae71ea,0.39,0.40514574173587364,12282.0,7035.0,551.52,NVIDIA GeForce RTX 4070,[N/A],Enabled,Enabled
1709468371.001345,0,GPU-93ae0c7f-c327-aee3-adae-bc0d1dae71ea,0.38,0.40514574173587364,12282.0,7035.0,551.52,NVIDIA GeForce RTX 4070,[N/A],Enabled,Enabled
1709468372.001245,0,GPU-93ae0c7f-c327-aee3-adae-bc0d1dae71ea,0.34,0.40514574173587364,12282.0,7035.0,551.52,NVIDIA GeForce RTX 4070,[N/A],Enabled,Enabled
1709468373.00178,0,GPU-93ae0c7f-c327-aee3-adae-bc0d1dae71ea,0.4,0.40514574173587364,12282.0,7035.0,551.52,NVIDIA GeForce RTX 4070,[N/A],Enabled,Enabled
1709468374.000813,0,GPU-93ae0c7f-c327-aee3-adae-bc0d1dae71ea,0.37,0.40514574173587364,12282.0,7035.0,551.52,NVIDIA GeForce RTX 4070,[N/A],Enabled,Enabled
1709468375.00213,0,GPU-93ae0c7f-c327-aee3-adae-bc0d1dae71ea,0.39,0.40514574173587364,12282.0,7035.0,551.52,NVIDIA GeForce RTX 4070,[N/A],Enabled,Enabled
1709468376.000918,0,GPU-93ae0c7f-c327-aee3-adae-bc0d1dae71ea,0.36,0.40514574173587364,12282.0,7035.0,551.52,NVIDIA GeForce RTX 4070,[N/A],Enabled,Enabled
1709468377.00176,0,GPU-93ae0c7f-c327-aee3-adae-bc0d1dae71ea,0.41,0.40514574173587364,12282.0,7035.0,551.52,NVIDIA GeForce RTX 4070,[N/A],Enabled,Enabled
1709468378.001233,0,GPU-93ae0c7f-c327-aee3-adae-bc0d1dae71ea,0.37,0.40514574173587364,12282.0,7035.0,551.52,NVIDIA GeForce RTX 4070,[N/A],Enabled,Enabled
1709468379.00086,0,GPU-93ae0c7f-c327-aee3-adae-bc0d1dae71ea,0.41,0.40514574173587364,12282.0,7035.0,551.52,NVIDIA GeForce RTX 4070,[N/A],Enabled,Enabled
1709468380.00083,0,GPU-93ae0c7f-c327-aee3-adae-bc0d1dae71ea,0.38,0.40514574173587364,12282.0,7035.0,551.52,NVIDIA GeForce RTX 4070,[N/A],Enabled,Enabled
1709468381.000641,0,GPU-93ae0c7f-c327-aee3-adae-bc0d1dae71ea,0.39,0.40514574173587364,12282.0,7035.0,551.52,NVIDIA GeForce RTX 4070,[N/A],Enabled,Enabled
1709468382.00093,0,GPU-93ae0c7f-c327-aee3-adae-bc0d1dae71ea,0.37,0.40514574173587364,12282.0,7035.0,551.52,NVIDIA GeForce RTX 4070,[N/A],Enabled,Enabled
1709468383.000726,0,GPU-93ae0c7f-c327-aee3-adae-bc0d1dae71ea,0.4,0.40514574173587364,12282.0,7035.0,551.52,NVIDIA GeForce RTX 4070,[N/A],Enabled,Enabled
1709468384.001613,0,GPU-93ae0c7f-c327-aee3-adae-bc0d1dae71ea,0.36,0.40514574173587364,12282.0,7035.0,551.52,NVIDIA GeForce RTX 4070,[N/A],Enabled,Enabled
1709468385.001793,0,GPU-93ae0c7f-c327-aee3-adae-bc0d1dae71ea,0.38,0.40514574173587364,12282.0,7035.0,551.52,NVIDIA GeForce RTX 4070,[N/A],Enabled,Enabled
1709468386.001067,0,GPU-93ae0c7f-c327-aee3-adae-bc0d1dae71ea,0.38,0.40514574173587364,12282.0,7035.0,551.52,NVIDIA GeForce RTX 4070,[N/A],Enabled,Enabled
1709468387.001748,0,GPU-93ae0c7f-c327-aee3-adae-bc0d1dae71ea,0.4,0.40514574173587364,12282.0,7035.0,551.52,NVIDIA GeForce RTX 4070,[N/A],Enabled,Enabled
1709468388.001081,0,GPU-93ae0c7f-c327-aee3-adae-bc0d1dae71ea,0.38,0.40514574173587364,12282.0,7035.0,551.52,NVIDIA GeForce RTX 4070,[N/A],Enabled,Enabled
1709468389.001857,0,GPU-93ae0c7f-c327-aee3-adae-bc0d1dae71ea,0.41,0.40514574173587364,12282.0,7035.0,551.52,NVIDIA GeForce RTX 4070,[N/A],Enabled,Enabled
1709468390.000984,0,GPU-93ae0c7f-c327-aee3-adae-bc0d1dae71ea,0.41,0.40514574173587364,12282.0,7035.0,551.52,NVIDIA GeForce RTX 4070,[N/A],Enabled,Enabled
1709468391.001435,0,GPU-93ae0c7f-c327-aee3-adae-bc0d1dae71ea,0.41,0.40514574173587364,12282.0,7035.0,551.52,NVIDIA GeForce RTX 4070,[N/A],Enabled,Enabled
1709468392.001142,0,GPU-93ae0c7f-c327-aee3-adae-bc0d1dae71ea,0.41,0.40514574173587364,12282.0,7035.0,551.52,NVIDIA GeForce RTX 4070,[N/A],Enabled,Enabled
1709468393.000826,0,GPU-93ae0c7f-c327-aee3-adae-bc0d1dae71ea,0.44,0.40514574173587364,12282.0,7035.0,551.52,NVIDIA GeForce RTX 4070,[N/A],Enabled,Enabled
1709468394.000743,0,GPU-93ae0c7f-c327-aee3-adae-bc0d1dae71ea,0.4,0.40514574173587364,12282.0,7035.0,551.52,NVIDIA GeForce RTX 4070,[N/A],Enabled,Enabled
1709468395.002126,0,GPU-93ae0c7f-c327-aee3-adae-bc0d1dae71ea,0.39,0.40514574173587364,12282.0,7035.0,551.52,NVIDIA GeForce RTX 4070,[N/A],Enabled,Enabled
1709468396.001058,0,GPU-93ae0c7f-c327-aee3-adae-bc0d1dae71ea,0.38,0.40514574173587364,12282.0,7035.0,551.52,NVIDIA GeForce RTX 4070,[N/A],Enabled,Enabled
1709468397.001253,0,GPU-93ae0c7f-c327-aee3-adae-bc0d1dae71ea,0.4,0.40514574173587364,12282.0,7035.0,551.52,NVIDIA GeForce RTX 4070,[N/A],Enabled,Enabled
1709468398.001553,0,GPU-93ae0c7f-c327-aee3-adae-bc0d1dae71ea,0.37,0.40514574173587364,12282.0,7035.0,551.52,NVIDIA GeForce RTX 4070,[N/A],Enabled,Enabled
1709468399.001265,0,GPU-93ae0c7f-c327-aee3-adae-bc0d1dae71ea,0.4,0.40514574173587364,12282.0,7035.0,551.52,NVIDIA GeForce RTX 4070,[N/A],Enabled,Enabled
1709468400.001233,0,GPU-93ae0c7f-c327-aee3-adae-bc0d1dae71ea,0.38,0.40514574173587364,12282.0,7035.0,551.52,NVIDIA GeForce RTX 4070,[N/A],Enabled,Enabled
1709468401.000988,0,GPU-93ae0c7f-c327-aee3-adae-bc0d1dae71ea,0.41,0.40514574173587364,12282.0,7035.0,551.52,NVIDIA GeForce RTX 4070,[N/A],Enabled,Enabled
1709468402.001372,0,GPU-93ae0c7f-c327-aee3-adae-bc0d1dae71ea,0.34,0.40514574173587364,12282.0,7035.0,551.52,NVIDIA GeForce RTX 4070,[N/A],Enabled,Enabled
1709468403.001192,0,GPU-93ae0c7f-c327-aee3-adae-bc0d1dae71ea,0.4,0.40514574173587364,12282.0,7035.0,551.52,NVIDIA GeForce RTX 4070,[N/A],Enabled,Enabled
1709468404.001528,0,GPU-93ae0c7f-c327-aee3-adae-bc0d1dae71ea,0.36,0.40514574173587364,12282.0,7035.0,551.52,NVIDIA GeForce RTX 4070,[N/A],Enabled,Enabled
1709468405.000784,0,GPU-93ae0c7f-c327-aee3-adae-bc0d1dae71ea,0.39,0.40514574173587364,12282.0,7035.0,551.52,NVIDIA GeForce RTX 4070,[N/A],Enabled,Enabled
1709468406.001008,0,GPU-93ae0c7f-c327-aee3-adae-bc0d1dae71ea,0.37,0.40514574173587364,12282.0,7035.0,551.52,NVIDIA GeForce RTX 4070,[N/A],Enabled,Enabled
1709468407.000892,0,GPU-93ae0c7f-c327-aee3-adae-bc0d1dae71ea,0.37,0.40514574173587364,12282.0,7035.0,551.52,NVIDIA GeForce RTX 4070,[N/A],Enabled,Enabled
1709468408.001058,0,GPU-93ae0c7f-c327-aee3-adae-bc0d1dae71ea,0.38,0.40514574173587364,12282.0,7035.0,551.52,NVIDIA GeForce RTX 4070,[N/A],Enabled,Enabled
1709468409.000774,0,GPU-93ae0c7f-c327-aee3-adae-bc0d1dae71ea,0.37,0.40514574173587364,12282.0,7035.0,551.52,NVIDIA GeForce RTX 4070,[N/A],Enabled,Enabled
1709468410.001157,0,GPU-93ae0c7f-c327-aee3-adae-bc0d1dae71ea,0.38,0.40514574173587364,12282.0,7035.0,551.52,NVIDIA GeForce RTX 4070,[N/A],Enabled,Enabled
1709468411.001342,0,GPU-93ae0c7f-c327-aee3-adae-bc0d1dae71ea,0.34,0.40514574173587364,12282.0,7035.0,551.52,NVIDIA GeForce RTX 4070,[N/A],Enabled,Enabled
1709468412.001026,0,GPU-93ae0c7f-c327-aee3-adae-bc0d1dae71ea,0.36,0.40514574173587364,12282.0,7035.0,551.52,NVIDIA GeForce RTX 4070,[N/A],Enabled,Enabled
1709468413.00088,0,GPU-93ae0c7f-c327-aee3-adae-bc0d1dae71ea,0.4,0.40514574173587364,12282.0,7035.0,551.52,NVIDIA GeForce RTX 4070,[N/A],Enabled,Enabled
1709468414.002184,0,GPU-93ae0c7f-c327-aee3-adae-bc0d1dae71ea,0.35,0.40514574173587364,12282.0,7035.0,551.52,NVIDIA GeForce RTX 4070,[N/A],Enabled,Enabled
1709468415.001415,0,GPU-93ae0c7f-c327-aee3-adae-bc0d1dae71ea,0.4,0.40514574173587364,12282.0,7035.0,551.52,NVIDIA GeForce RTX 4070,[N/A],Enabled,Enabled
1709468416.001474,0,GPU-93ae0c7f-c327-aee3-adae-bc0d1dae71ea,0.36,0.40514574173587364,12282.0,7035.0,551.52,NVIDIA GeForce RTX 4070,[N/A],Enabled,Enabled
1709468417.001698,0,GPU-93ae0c7f-c327-aee3-adae-bc0d1dae71ea,0.4,0.40514574173587364,12282.0,7035.0,551.52,NVIDIA GeForce RTX 4070,[N/A],Enabled,Enabled
1709468418.002209,0,GPU-93ae0c7f-c327-aee3-adae-bc0d1dae71ea,0.36,0.40514574173587364,12282.0,7035.0,551.52,NVIDIA GeForce RTX 4070,[N/A],Enabled,Enabled
1709468419.001078,0,GPU-93ae0c7f-c327-aee3-adae-bc0d1dae71ea,0.41,0.40514574173587364,12282.0,7035.0,551.52,NVIDIA GeForce RTX 4070,[N/A],Enabled,Enabled
1709468420.002046,0,GPU-93ae0c7f-c327-aee3-adae-bc0d1dae71ea,0.42,0.40514574173587364,12282.0,7035.0,551.52,NVIDIA GeForce RTX 4070,[N/A],Enabled,Enabled
1709468421.002028,0,GPU-93ae0c7f-c327-aee3-adae-bc0d1dae71ea,0.4,0.40514574173587364,12282.0,7035.0,551.52,NVIDIA GeForce RTX 4070,[N/A],Enabled,Enabled
1709468422.0019,0,GPU-93ae0c7f-c327-aee3-adae-bc0d1dae71ea,0.36,0.40514574173587364,12282.0,7035.0,551.52,NVIDIA GeForce RTX 4070,[N/A],Enabled,Enabled
1709468423.0011,0,GPU-93ae0c7f-c327-aee3-adae-bc0d1dae71ea,0.38,0.40514574173587364,12282.0,7035.0,551.52,NVIDIA GeForce RTX 4070,[N/A],Enabled,Enabled
1709468424.001335,0,GPU-93ae0c7f-c327-aee3-adae-bc0d1dae71ea,0.37,0.40514574173587364,12282.0,7035.0,551.52,NVIDIA GeForce RTX 4070,[N/A],Enabled,Enabled
1709468425.00082,0,GPU-93ae0c7f-c327-aee3-adae-bc0d1dae71ea,0.37,0.40514574173587364,12282.0,7035.0,551.52,NVIDIA GeForce RTX 4070,[N/A],Enabled,Enabled
1709468426.000627,0,GPU-93ae0c7f-c327-aee3-adae-bc0d1dae71ea,0.38,0.40514574173587364,12282.0,7035.0,551.52,NVIDIA GeForce RTX 4070,[N/A],Enabled,Enabled
1709468427.00168,0,GPU-93ae0c7f-c327-aee3-adae-bc0d1dae71ea,0.4,0.40514574173587364,12282.0,7035.0,551.52,NVIDIA GeForce RTX 4070,[N/A],Enabled,Enabled
1709468428.001675,0,GPU-93ae0c7f-c327-aee3-adae-bc0d1dae71ea,0.38,0.40514574173587364,12282.0,7035.0,551.52,NVIDIA GeForce RTX 4070,[N/A],Enabled,Enabled
1709468429.001124,0,GPU-93ae0c7f-c327-aee3-adae-bc0d1dae71ea,0.4,0.40514574173587364,12282.0,7035.0,551.52,NVIDIA GeForce RTX 4070,[N/A],Enabled,Enabled
1709468430.001194,0,GPU-93ae0c7f-c327-aee3-adae-bc0d1dae71ea,0.39,0.40514574173587364,12282.0,7035.0,551.52,NVIDIA GeForce RTX 4070,[N/A],Enabled,Enabled
1709468431.000978,0,GPU-93ae0c7f-c327-aee3-adae-bc0d1dae71ea,0.36,0.40514574173587364,12282.0,7035.0,551.52,NVIDIA GeForce RTX 4070,[N/A],Enabled,Enabled
1709468432.001461,0,GPU-93ae0c7f-c327-aee3-adae-bc0d1dae71ea,0.34,0.40514574173587364,12282.0,7035.0,551.52,NVIDIA GeForce RTX 4070,[N/A],Enabled,Enabled
1709468433.001771,0,GPU-93ae0c7f-c327-aee3-adae-bc0d1dae71ea,0.4,0.40514574173587364,12282.0,7035.0,551.52,NVIDIA GeForce RTX 4070,[N/A],Enabled,Enabled
1709468434.000808,0,GPU-93ae0c7f-c327-aee3-adae-bc0d1dae71ea,0.43,0.40514574173587364,12282.0,7035.0,551.52,NVIDIA GeForce RTX 4070,[N/A],Enabled,Enabled
1709468435.000965,0,GPU-93ae0c7f-c327-aee3-adae-bc0d1dae71ea,0.39,0.40514574173587364,12282.0,7035.0,551.52,NVIDIA GeForce RTX 4070,[N/A],Enabled,Enabled
1709468436.001723,0,GPU-93ae0c7f-c327-aee3-adae-bc0d1dae71ea,0.41,0.40514574173587364,12282.0,7035.0,551.52,NVIDIA GeForce RTX 4070,[N/A],Enabled,Enabled
1709468437.002111,0,GPU-93ae0c7f-c327-aee3-adae-bc0d1dae71ea,0.4,0.40514574173587364,12282.0,7035.0,551.52,NVIDIA GeForce RTX 4070,[N/A],Enabled,Enabled
1709468438.000731,0,GPU-93ae0c7f-c327-aee3-adae-bc0d1dae71ea,0.38,0.40514574173587364,12282.0,7035.0,551.52,NVIDIA GeForce RTX 4070,[N/A],Enabled,Enabled
1709468439.000924,0,GPU-93ae0c7f-c327-aee3-adae-bc0d1dae71ea,0.45,0.40514574173587364,12282.0,7035.0,551.52,NVIDIA GeForce RTX 4070,[N/A],Enabled,Enabled
1709468440.001709,0,GPU-93ae0c7f-c327-aee3-adae-bc0d1dae71ea,0.36,0.40514574173587364,12282.0,7035.0,551.52,NVIDIA GeForce RTX 4070,[N/A],Enabled,Enabled
1709468441.001457,0,GPU-93ae0c7f-c327-aee3-adae-bc0d1dae71ea,0.4,0.40514574173587364,12282.0,7035.0,551.52,NVIDIA GeForce RTX 4070,[N/A],Enabled,Enabled
1709468442.001059,0,GPU-93ae0c7f-c327-aee3-adae-bc0d1dae71ea,0.36,0.40514574173587364,12282.0,7035.0,551.52,NVIDIA GeForce RTX 4070,[N/A],Enabled,Enabled
1709468443.001153,0,GPU-93ae0c7f-c327-aee3-adae-bc0d1dae71ea,0.37,0.40514574173587364,12282.0,7035.0,551.52,NVIDIA GeForce RTX 4070,[N/A],Enabled,Enabled
1709468444.001225,0,GPU-93ae0c7f-c327-aee3-adae-bc0d1dae71ea,0.4,0.40514574173587364,12282.0,7035.0,551.52,NVIDIA GeForce RTX 4070,[N/A],Enabled,Enabled
1709468445.000574,0,GPU-93ae0c7f-c327-aee3-adae-bc0d1dae71ea,0.42,0.40514574173587364,12282.0,7035.0,551.52,NVIDIA GeForce RTX 4070,[N/A],Enabled,Enabled
1709468446.000826,0,GPU-93ae0c7f-c327-aee3-adae-bc0d1dae71ea,0.39,0.40514574173587364,12282.0,7035.0,551.52,NVIDIA GeForce RTX 4070,[N/A],Enabled,Enabled
1709468447.001102,0,GPU-93ae0c7f-c327-aee3-adae-bc0d1dae71ea,0.38,0.40514574173587364,12282.0,7035.0,551.52,NVIDIA GeForce RTX 4070,[N/A],Enabled,Enabled
1709468448.000976,0,GPU-93ae0c7f-c327-aee3-adae-bc0d1dae71ea,0.37,0.40514574173587364,12282.0,7035.0,551.52,NVIDIA GeForce RTX 4070,[N/A],Enabled,Enabled
1709468449.001443,0,GPU-93ae0c7f-c327-aee3-adae-bc0d1dae71ea,0.42,0.40514574173587364,12282.0,7035.0,551.52,NVIDIA GeForce RTX 4070,[N/A],Enabled,Enabled
1709468450.001019,0,GPU-93ae0c7f-c327-aee3-adae-bc0d1dae71ea,0.36,0.40514574173587364,12282.0,7035.0,551.52,NVIDIA GeForce RTX 4070,[N/A],Enabled,Enabled
1709468451.000982,0,GPU-93ae0c7f-c327-aee3-adae-bc0d1dae71ea,0.39,0.40514574173587364,12282.0,7035.0,551.52,NVIDIA GeForce RTX 4070,[N/A],Enabled,Enabled
1709468452.001335,0,GPU-93ae0c7f-c327-aee3-adae-bc0d1dae71ea,0.36,0.40514574173587364,12282.0,7035.0,551.52,NVIDIA GeForce RTX 4070,[N/A],Enabled,Enabled
1709468453.001207,0,GPU-93ae0c7f-c327-aee3-adae-bc0d1dae71ea,0.39,0.40514574173587364,12282.0,7035.0,551.52,NVIDIA GeForce RTX 4070,[N/A],Enabled,Enabled
1709468454.001482,0,GPU-93ae0c7f-c327-aee3-adae-bc0d1dae71ea,0.41,0.40514574173587364,12282.0,7035.0,551.52,NVIDIA GeForce RTX 4070,[N/A],Enabled,Enabled
1709468455.000662,0,GPU-93ae0c7f-c327-aee3-adae-bc0d1dae71ea,0.38,0.40514574173587364,12282.0,7035.0,551.52,NVIDIA GeForce RTX 4070,[N/A],Enabled,Enabled
1709468456.000626,0,GPU-93ae0c7f-c327-aee3-adae-bc0d1dae71ea,0.38,0.40514574173587364,12282.0,7035.0,551.52,NVIDIA GeForce RTX 4070,[N/A],Enabled,Enabled
1709468457.002051,0,GPU-93ae0c7f-c327-aee3-adae-bc0d1dae71ea,0.39,0.40514574173587364,12282.0,7035.0,551.52,NVIDIA GeForce RTX 4070,[N/A],Enabled,Enabled
1709468458.001246,0,GPU-93ae0c7f-c327-aee3-adae-bc0d1dae71ea,0.38,0.40514574173587364,12282.0,7035.0,551.52,NVIDIA GeForce RTX 4070,[N/A],Enabled,Enabled
1709468459.001769,0,GPU-93ae0c7f-c327-aee3-adae-bc0d1dae71ea,0.44,0.40514574173587364,12282.0,7035.0,551.52,NVIDIA GeForce RTX 4070,[N/A],Enabled,Enabled
1709468460.001416,0,GPU-93ae0c7f-c327-aee3-adae-bc0d1dae71ea,0.37,0.40514574173587364,12282.0,7035.0,551.52,NVIDIA GeForce RTX 4070,[N/A],Enabled,Enabled
1709468461.001074,0,GPU-93ae0c7f-c327-aee3-adae-bc0d1dae71ea,0.44,0.40514574173587364,12282.0,7035.0,551.52,NVIDIA GeForce RTX 4070,[N/A],Enabled,Enabled
1709468462.001625,0,GPU-93ae0c7f-c327-aee3-adae-bc0d1dae71ea,0.38,0.40514574173587364,12282.0,7035.0,551.52,NVIDIA GeForce RTX 4070,[N/A],Enabled,Enabled
1709468463.000723,0,GPU-93ae0c7f-c327-aee3-adae-bc0d1dae71ea,0.42,0.40514574173587364,12282.0,7035.0,551.52,NVIDIA GeForce RTX 4070,[N/A],Enabled,Enabled
1709468464.001119,0,GPU-93ae0c7f-c327-aee3-adae-bc0d1dae71ea,0.38,0.40514574173587364,12282.0,7035.0,551.52,NVIDIA GeForce RTX 4070,[N/A],Enabled,Enabled
1709468465.002089,0,GPU-93ae0c7f-c327-aee3-adae-bc0d1dae71ea,0.35,0.40514574173587364,12282.0,7035.0,551.52,NVIDIA GeForce RTX 4070,[N/A],Enabled,Enabled
1709468466.002029,0,GPU-93ae0c7f-c327-aee3-adae-bc0d1dae71ea,0.39,0.40514574173587364,12282.0,7035.0,551.52,NVIDIA GeForce RTX 4070,[N/A],Enabled,Enabled
1709468467.001568,0,GPU-93ae0c7f-c327-aee3-adae-bc0d1dae71ea,0.37,0.40514574173587364,12282.0,7035.0,551.52,NVIDIA GeForce RTX 4070,[N/A],Enabled,Enabled
1709468468.000846,0,GPU-93ae0c7f-c327-aee3-adae-bc0d1dae71ea,0.38,0.40514574173587364,12282.0,7035.0,551.52,NVIDIA GeForce RTX 4070,[N/A],Enabled,Enabled
1709468469.00203,0,GPU-93ae0c7f-c327-aee3-adae-bc0d1dae71ea,0.34,0.40514574173587364,12282.0,7035.0,551.52,NVIDIA GeForce RTX 4070,[N/A],Enabled,Enabled
1709468470.001127,0,GPU-93ae0c7f-c327-aee3-adae-bc0d1dae71ea,0.38,0.40514574173587364,12282.0,7035.0,551.52,NVIDIA GeForce RTX 4070,[N/A],Enabled,Enabled
1709468471.000856,0,GPU-93ae0c7f-c327-aee3-adae-bc0d1dae71ea,0.45,0.40514574173587364,12282.0,7035.0,551.52,NVIDIA GeForce RTX 4070,[N/A],Enabled,Enabled
1709468472.00146,0,GPU-93ae0c7f-c327-aee3-adae-bc0d1dae71ea,0.44,0.40514574173587364,12282.0,7035.0,551.52,NVIDIA GeForce RTX 4070,[N/A],Enabled,Enabled
1709468473.001398,0,GPU-93ae0c7f-c327-aee3-adae-bc0d1dae71ea,0.38,0.40514574173587364,12282.0,7035.0,551.52,NVIDIA GeForce RTX 4070,[N/A],Enabled,Enabled
1709468474.001119,0,GPU-93ae0c7f-c327-aee3-adae-bc0d1dae71ea,0.37,0.40514574173587364,12282.0,7035.0,551.52,NVIDIA GeForce RTX 4070,[N/A],Enabled,Enabled
1709468475.000906,0,GPU-93ae0c7f-c327-aee3-adae-bc0d1dae71ea,0.37,0.40514574173587364,12282.0,7035.0,551.52,NVIDIA GeForce RTX 4070,[N/A],Enabled,Enabled
1709468476.000949,0,GPU-93ae0c7f-c327-aee3-adae-bc0d1dae71ea,0.37,0.40514574173587364,12282.0,7035.0,551.52,NVIDIA GeForce RTX 4070,[N/A],Enabled,Enabled
1709468477.000953,0,GPU-93ae0c7f-c327-aee3-adae-bc0d1dae71ea,0.39,0.40514574173587364,12282.0,7035.0,551.52,NVIDIA GeForce RTX 4070,[N/A],Enabled,Enabled
1709468478.00224,0,GPU-93ae0c7f-c327-aee3-adae-bc0d1dae71ea,0.39,0.40514574173587364,12282.0,7035.0,551.52,NVIDIA GeForce RTX 4070,[N/A],Enabled,Enabled
1709468479.001984,0,GPU-93ae0c7f-c327-aee3-adae-bc0d1dae71ea,0.41,0.40514574173587364,12282.0,7035.0,551.52,NVIDIA GeForce RTX 4070,[N/A],Enabled,Enabled
1709468480.001301,0,GPU-93ae0c7f-c327-aee3-adae-bc0d1dae71ea,0.39,0.40514574173587364,12282.0,7035.0,551.52,NVIDIA GeForce RTX 4070,[N/A],Enabled,Enabled
1709468481.001277,0,GPU-93ae0c7f-c327-aee3-adae-bc0d1dae71ea,0.39,0.40514574173587364,12282.0,7035.0,551.52,NVIDIA GeForce RTX 4070,[N/A],Enabled,Enabled
1709468482.000676,0,GPU-93ae0c7f-c327-aee3-adae-bc0d1dae71ea,0.37,0.40514574173587364,12282.0,7035.0,551.52,NVIDIA GeForce RTX 4070,[N/A],Enabled,Enabled
1709468483.001765,0,GPU-93ae0c7f-c327-aee3-adae-bc0d1dae71ea,0.44,0.40514574173587364,12282.0,7035.0,551.52,NVIDIA GeForce RTX 4070,[N/A],Enabled,Enabled
1709468484.001824,0,GPU-93ae0c7f-c327-aee3-adae-bc0d1dae71ea,0.43,0.40514574173587364,12282.0,7035.0,551.52,NVIDIA GeForce RTX 4070,[N/A],Enabled,Enabled
1709468485.0009,0,GPU-93ae0c7f-c327-aee3-adae-bc0d1dae71ea,0.37,0.40514574173587364,12282.0,7035.0,551.52,NVIDIA GeForce RTX 4070,[N/A],Enabled,Enabled
1709468486.001176,0,GPU-93ae0c7f-c327-aee3-adae-bc0d1dae71ea,0.36,0.40514574173587364,12282.0,7035.0,551.52,NVIDIA GeForce RTX 4070,[N/A],Enabled,Enabled
1709468487.000856,0,GPU-93ae0c7f-c327-aee3-adae-bc0d1dae71ea,0.4,0.40514574173587364,12282.0,7035.0,551.52,NVIDIA GeForce RTX 4070,[N/A],Enabled,Enabled
1709468488.001069,0,GPU-93ae0c7f-c327-aee3-adae-bc0d1dae71ea,0.4,0.40514574173587364,12282.0,7035.0,551.52,NVIDIA GeForce RTX 4070,[N/A],Enabled,Enabled
1709468489.001366,0,GPU-93ae0c7f-c327-aee3-adae-bc0d1dae71ea,0.41,0.40514574173587364,12282.0,7035.0,551.52,NVIDIA GeForce RTX 4070,[N/A],Enabled,Enabled
1709468490.001303,0,GPU-93ae0c7f-c327-aee3-adae-bc0d1dae71ea,0.41,0.40514574173587364,12282.0,7035.0,551.52,NVIDIA GeForce RTX 4070,[N/A],Enabled,Enabled
1709468491.000863,0,GPU-93ae0c7f-c327-aee3-adae-bc0d1dae71ea,0.42,0.40514574173587364,12282.0,7035.0,551.52,NVIDIA GeForce RTX 4070,[N/A],Enabled,Enabled
1709468492.001298,0,GPU-93ae0c7f-c327-aee3-adae-bc0d1dae71ea,0.38,0.40514574173587364,12282.0,7035.0,551.52,NVIDIA GeForce RTX 4070,[N/A],Enabled,Enabled
1709468493.000896,0,GPU-93ae0c7f-c327-aee3-adae-bc0d1dae71ea,0.44,0.40514574173587364,12282.0,7035.0,551.52,NVIDIA GeForce RTX 4070,[N/A],Enabled,Enabled
1709468494.000727,0,GPU-93ae0c7f-c327-aee3-adae-bc0d1dae71ea,0.37,0.40514574173587364,12282.0,7035.0,551.52,NVIDIA GeForce RTX 4070,[N/A],Enabled,Enabled
1709468495.001384,0,GPU-93ae0c7f-c327-aee3-adae-bc0d1dae71ea,0.37,0.40514574173587364,12282.0,7035.0,551.52,NVIDIA GeForce RTX 4070,[N/A],Enabled,Enabled
1709468496.001273,0,GPU-93ae0c7f-c327-aee3-adae-bc0d1dae71ea,0.38,0.40514574173587364,12282.0,7035.0,551.52,NVIDIA GeForce RTX 4070,[N/A],Enabled,Enabled
1709468497.001128,0,GPU-93ae0c7f-c327-aee3-adae-bc0d1dae71ea,0.42,0.40514574173587364,12282.0,7035.0,551.52,NVIDIA GeForce RTX 4070,[N/A],Enabled,Enabled
1709468498.001544,0,GPU-93ae0c7f-c327-aee3-adae-bc0d1dae71ea,0.38,0.40514574173587364,12282.0,7035.0,551.52,NVIDIA GeForce RTX 4070,[N/A],Enabled,Enabled
1709468499.001971,0,GPU-93ae0c7f-c327-aee3-adae-bc0d1dae71ea,0.41,0.40514574173587364,12282.0,7035.0,551.52,NVIDIA GeForce RTX 4070,[N/A],Enabled,Enabled
1709468500.000719,0,GPU-93ae0c7f-c327-aee3-adae-bc0d1dae71ea,0.38,0.40514574173587364,12282.0,7035.0,551.52,NVIDIA GeForce RTX 4070,[N/A],Enabled,Enabled
1709468501.000898,0,GPU-93ae0c7f-c327-aee3-adae-bc0d1dae71ea,0.39,0.40514574173587364,12282.0,7035.0,551.52,NVIDIA GeForce RTX 4070,[N/A],Enabled,Enabled
1709468502.001486,0,GPU-93ae0c7f-c327-aee3-adae-bc0d1dae71ea,0.37,0.40514574173587364,12282.0,7035.0,551.52,NVIDIA GeForce RTX 4070,[N/A],Enabled,Enabled
1709468503.000793,0,GPU-93ae0c7f-c327-aee3-adae-bc0d1dae71ea,0.4,0.40514574173587364,12282.0,7035.0,551.52,NVIDIA GeForce RTX 4070,[N/A],Enabled,Enabled
1709468504.001343,0,GPU-93ae0c7f-c327-aee3-adae-bc0d1dae71ea,0.39,0.40514574173587364,12282.0,7035.0,551.52,NVIDIA GeForce RTX 4070,[N/A],Enabled,Enabled
1709468505.001212,0,GPU-93ae0c7f-c327-aee3-adae-bc0d1dae71ea,0.39,0.40514574173587364,12282.0,7035.0,551.52,NVIDIA GeForce RTX 4070,[N/A],Enabled,Enabled
1709468506.00114,0,GPU-93ae0c7f-c327-aee3-adae-bc0d1dae71ea,0.35,0.40514574173587364,12282.0,7035.0,551.52,NVIDIA GeForce RTX 4070,[N/A],Enabled,Enabled
1709468507.0013,0,GPU-93ae0c7f-c327-aee3-adae-bc0d1dae71ea,0.36,0.40514574173587364,12282.0,7035.0,551.52,NVIDIA GeForce RTX 4070,[N/A],Enabled,Enabled
1709468508.000921,0,GPU-93ae0c7f-c327-aee3-adae-bc0d1dae71ea,0.38,0.40514574173587364,12282.0,7035.0,551.52,NVIDIA GeForce RTX 4070,[N/A],Enabled,Enabled
1709468509.000686,0,GPU-93ae0c7f-c327-aee3-adae-bc0d1dae71ea,0.34,0.40514574173587364,12282.0,7035.0,551.52,NVIDIA GeForce RTX 4070,[N/A],Enabled,Enabled
1709468510.000987,0,GPU-93ae0c7f-c327-aee3-adae-bc0d1dae71ea,0.35,0.40514574173587364,12282.0,7035.0,551.52,NVIDIA GeForce RTX 4070,[N/A],Enabled,Enabled
1709468511.000976,0,GPU-93ae0c7f-c327-aee3-adae-bc0d1dae71ea,0.37,0.40514574173587364,12282.0,7035.0,551.52,NVIDIA GeForce RTX 4070,[N/A],Enabled,Enabled
1709468512.001618,0,GPU-93ae0c7f-c327-aee3-adae-bc0d1dae71ea,0.36,0.40514574173587364,12282.0,7035.0,551.52,NVIDIA GeForce RTX 4070,[N/A],Enabled,Enabled
1709468513.001092,0,GPU-93ae0c7f-c327-aee3-adae-bc0d1dae71ea,0.34,0.40514574173587364,12282.0,7035.0,551.52,NVIDIA GeForce RTX 4070,[N/A],Enabled,Enabled
1709468514.001459,0,GPU-93ae0c7f-c327-aee3-adae-bc0d1dae71ea,0.35,0.40514574173587364,12282.0,7035.0,551.52,NVIDIA GeForce RTX 4070,[N/A],Enabled,Enabled
1709468515.000871,0,GPU-93ae0c7f-c327-aee3-adae-bc0d1dae71ea,0.42,0.40514574173587364,12282.0,7035.0,551.52,NVIDIA GeForce RTX 4070,[N/A],Enabled,Enabled
1709468516.001155,0,GPU-93ae0c7f-c327-aee3-adae-bc0d1dae71ea,0.37,0.40514574173587364,12282.0,7035.0,551.52,NVIDIA GeForce RTX 4070,[N/A],Enabled,Enabled
1709468517.001602,0,GPU-93ae0c7f-c327-aee3-adae-bc0d1dae71ea,0.4,0.40514574173587364,12282.0,7035.0,551.52,NVIDIA GeForce RTX 4070,[N/A],Enabled,Enabled
1709468518.0017,0,GPU-93ae0c7f-c327-aee3-adae-bc0d1dae71ea,0.38,0.40514574173587364,12282.0,7035.0,551.52,NVIDIA GeForce RTX 4070,[N/A],Enabled,Enabled
1709468519.001348,0,GPU-93ae0c7f-c327-aee3-adae-bc0d1dae71ea,0.42,0.40514574173587364,12282.0,7035.0,551.52,NVIDIA GeForce RTX 4070,[N/A],Enabled,Enabled
1709468520.001694,0,GPU-93ae0c7f-c327-aee3-adae-bc0d1dae71ea,0.38,0.40514574173587364,12282.0,7035.0,551.52,NVIDIA GeForce RTX 4070,[N/A],Enabled,Enabled
1709468521.001619,0,GPU-93ae0c7f-c327-aee3-adae-bc0d1dae71ea,0.35,0.40514574173587364,12282.0,7035.0,551.52,NVIDIA GeForce RTX 4070,[N/A],Enabled,Enabled
1709468522.001542,0,GPU-93ae0c7f-c327-aee3-adae-bc0d1dae71ea,0.4,0.40514574173587364,12282.0,7035.0,551.52,NVIDIA GeForce RTX 4070,[N/A],Enabled,Enabled
1709468523.001026,0,GPU-93ae0c7f-c327-aee3-adae-bc0d1dae71ea,0.4,0.40514574173587364,12282.0,7035.0,551.52,NVIDIA GeForce RTX 4070,[N/A],Enabled,Enabled
1709468524.001139,0,GPU-93ae0c7f-c327-aee3-adae-bc0d1dae71ea,0.37,0.40514574173587364,12282.0,7035.0,551.52,NVIDIA GeForce RTX 4070,[N/A],Enabled,Enabled
1709468525.001502,0,GPU-93ae0c7f-c327-aee3-adae-bc0d1dae71ea,0.44,0.40514574173587364,12282.0,7035.0,551.52,NVIDIA GeForce RTX 4070,[N/A],Enabled,Enabled
1709468526.001919,0,GPU-93ae0c7f-c327-aee3-adae-bc0d1dae71ea,0.46,0.40514574173587364,12282.0,7035.0,551.52,NVIDIA GeForce RTX 4070,[N/A],Enabled,Enabled
1709468527.001126,0,GPU-93ae0c7f-c327-aee3-adae-bc0d1dae71ea,0.45,0.40514574173587364,12282.0,7035.0,551.52,NVIDIA GeForce RTX 4070,[N/A],Enabled,Enabled
1709468528.000925,0,GPU-93ae0c7f-c327-aee3-adae-bc0d1dae71ea,0.45,0.40514574173587364,12282.0,7035.0,551.52,NVIDIA GeForce RTX 4070,[N/A],Enabled,Enabled
1709468529.000962,0,GPU-93ae0c7f-c327-aee3-adae-bc0d1dae71ea,0.44,0.40514574173587364,12282.0,7035.0,551.52,NVIDIA GeForce RTX 4070,[N/A],Enabled,Enabled
1709468530.001437,0,GPU-93ae0c7f-c327-aee3-adae-bc0d1dae71ea,0.34,0.40514574173587364,12282.0,7035.0,551.52,NVIDIA GeForce RTX 4070,[N/A],Enabled,Enabled
1709468531.001863,0,GPU-93ae0c7f-c327-aee3-adae-bc0d1dae71ea,0.41,0.40514574173587364,12282.0,7035.0,551.52,NVIDIA GeForce RTX 4070,[N/A],Enabled,Enabled
1709468532.000877,0,GPU-93ae0c7f-c327-aee3-adae-bc0d1dae71ea,0.43,0.40514574173587364,12282.0,7035.0,551.52,NVIDIA GeForce RTX 4070,[N/A],Enabled,Enabled
1709468533.001514,0,GPU-93ae0c7f-c327-aee3-adae-bc0d1dae71ea,0.41,0.40514574173587364,12282.0,7035.0,551.52,NVIDIA GeForce RTX 4070,[N/A],Enabled,Enabled
1709468534.001339,0,GPU-93ae0c7f-c327-aee3-adae-bc0d1dae71ea,0.37,0.40514574173587364,12282.0,7035.0,551.52,NVIDIA GeForce RTX 4070,[N/A],Enabled,Enabled
1709468535.001288,0,GPU-93ae0c7f-c327-aee3-adae-bc0d1dae71ea,0.4,0.40514574173587364,12282.0,7035.0,551.52,NVIDIA GeForce RTX 4070,[N/A],Enabled,Enabled
1709468536.001931,0,GPU-93ae0c7f-c327-aee3-adae-bc0d1dae71ea,0.38,0.40514574173587364,12282.0,7035.0,551.52,NVIDIA GeForce RTX 4070,[N/A],Enabled,Enabled
1709468537.001231,0,GPU-93ae0c7f-c327-aee3-adae-bc0d1dae71ea,0.45,0.40514574173587364,12282.0,7035.0,551.52,NVIDIA GeForce RTX 4070,[N/A],Enabled,Enabled
1709468538.001335,0,GPU-93ae0c7f-c327-aee3-adae-bc0d1dae71ea,0.4,0.40514574173587364,12282.0,7035.0,551.52,NVIDIA GeForce RTX 4070,[N/A],Enabled,Enabled
1709468539.000533,0,GPU-93ae0c7f-c327-aee3-adae-bc0d1dae71ea,0.39,0.40514574173587364,12282.0,7035.0,551.52,NVIDIA GeForce RTX 4070,[N/A],Enabled,Enabled
1709468540.001662,0,GPU-93ae0c7f-c327-aee3-adae-bc0d1dae71ea,0.37,0.40514574173587364,12282.0,7035.0,551.52,NVIDIA GeForce RTX 4070,[N/A],Enabled,Enabled
1709468541.000873,0,GPU-93ae0c7f-c327-aee3-adae-bc0d1dae71ea,0.42,0.40514574173587364,12282.0,7035.0,551.52,NVIDIA GeForce RTX 4070,[N/A],Enabled,Enabled
1709468542.001142,0,GPU-93ae0c7f-c327-aee3-adae-bc0d1dae71ea,0.38,0.40514574173587364,12282.0,7035.0,551.52,NVIDIA GeForce RTX 4070,[N/A],Enabled,Enabled
1709468543.001417,0,GPU-93ae0c7f-c327-aee3-adae-bc0d1dae71ea,0.42,0.40514574173587364,12282.0,7035.0,551.52,NVIDIA GeForce RTX 4070,[N/A],Enabled,Enabled
1709468544.001115,0,GPU-93ae0c7f-c327-aee3-adae-bc0d1dae71ea,0.38,0.40514574173587364,12282.0,7035.0,551.52,NVIDIA GeForce RTX 4070,[N/A],Enabled,Enabled
1709468545.001717,0,GPU-93ae0c7f-c327-aee3-adae-bc0d1dae71ea,0.41,0.40514574173587364,12282.0,7035.0,551.52,NVIDIA GeForce RTX 4070,[N/A],Enabled,Enabled
1709468546.001294,0,GPU-93ae0c7f-c327-aee3-adae-bc0d1dae71ea,0.43,0.40514574173587364,12282.0,7035.0,551.52,NVIDIA GeForce RTX 4070,[N/A],Enabled,Enabled
1709468547.000742,0,GPU-93ae0c7f-c327-aee3-adae-bc0d1dae71ea,0.4,0.40514574173587364,12282.0,7035.0,551.52,NVIDIA GeForce RTX 4070,[N/A],Enabled,Enabled
1709468548.001144,0,GPU-93ae0c7f-c327-aee3-adae-bc0d1dae71ea,0.35,0.40514574173587364,12282.0,7035.0,551.52,NVIDIA GeForce RTX 4070,[N/A],Enabled,Enabled
1709468549.001788,0,GPU-93ae0c7f-c327-aee3-adae-bc0d1dae71ea,0.42,0.40514574173587364,12282.0,7035.0,551.52,NVIDIA GeForce RTX 4070,[N/A],Enabled,Enabled
1709468550.000861,0,GPU-93ae0c7f-c327-aee3-adae-bc0d1dae71ea,0.4,0.40514574173587364,12282.0,7035.0,551.52,NVIDIA GeForce RTX 4070,[N/A],Enabled,Enabled
1709468551.00165,0,GPU-93ae0c7f-c327-aee3-adae-bc0d1dae71ea,0.4,0.40514574173587364,12282.0,7035.0,551.52,NVIDIA GeForce RTX 4070,[N/A],Enabled,Enabled
1709468552.002109,0,GPU-93ae0c7f-c327-aee3-adae-bc0d1dae71ea,0.34,0.40514574173587364,12282.0,7035.0,551.52,NVIDIA GeForce RTX 4070,[N/A],Enabled,Enabled
1709468553.000611,0,GPU-93ae0c7f-c327-aee3-adae-bc0d1dae71ea,0.4,0.40514574173587364,12282.0,7035.0,551.52,NVIDIA GeForce RTX 4070,[N/A],Enabled,Enabled
1709468554.001479,0,GPU-93ae0c7f-c327-aee3-adae-bc0d1dae71ea,0.29,0.40514574173587364,12282.0,7035.0,551.52,NVIDIA GeForce RTX 4070,[N/A],Enabled,Enabled
1709468555.001389,0,GPU-93ae0c7f-c327-aee3-adae-bc0d1dae71ea,0.37,0.40514574173587364,12282.0,7035.0,551.52,NVIDIA GeForce RTX 4070,[N/A],Enabled,Enabled
1709468556.001336,0,GPU-93ae0c7f-c327-aee3-adae-bc0d1dae71ea,0.22,0.40205178309721545,12282.0,7073.0,551.52,NVIDIA GeForce RTX 4070,[N/A],Enabled,Enabled
1709468557.00072,0,GPU-93ae0c7f-c327-aee3-adae-bc0d1dae71ea,0.28,0.40205178309721545,12282.0,7073.0,551.52,NVIDIA GeForce RTX 4070,[N/A],Enabled,Enabled
1709468558.00151,0,GPU-93ae0c7f-c327-aee3-adae-bc0d1dae71ea,0.26,0.397736524995929,12282.0,7126.0,551.52,NVIDIA GeForce RTX 4070,[N/A],Enabled,Enabled
1709468559.001622,0,GPU-93ae0c7f-c327-aee3-adae-bc0d1dae71ea,0.27,0.397736524995929,12282.0,7126.0,551.52,NVIDIA GeForce RTX 4070,[N/A],Enabled,Enabled
1709468560.00092,0,GPU-93ae0c7f-c327-aee3-adae-bc0d1dae71ea,0.27,0.397736524995929,12282.0,7126.0,551.52,NVIDIA GeForce RTX 4070,[N/A],Enabled,Enabled
1709468561.001974,0,GPU-93ae0c7f-c327-aee3-adae-bc0d1dae71ea,0.26,0.397736524995929,12282.0,7126.0,551.52,NVIDIA GeForce RTX 4070,[N/A],Enabled,Enabled
1709468562.000898,0,GPU-93ae0c7f-c327-aee3-adae-bc0d1dae71ea,0.27,0.40205178309721545,12282.0,7073.0,551.52,NVIDIA GeForce RTX 4070,[N/A],Enabled,Enabled
1709468563.001153,0,GPU-93ae0c7f-c327-aee3-adae-bc0d1dae71ea,0.27,0.397736524995929,12282.0,7126.0,551.52,NVIDIA GeForce RTX 4070,[N/A],Enabled,Enabled
1709468564.00079,0,GPU-93ae0c7f-c327-aee3-adae-bc0d1dae71ea,0.26,0.397736524995929,12282.0,7126.0,551.52,NVIDIA GeForce RTX 4070,[N/A],Enabled,Enabled
1709468565.00134,0,GPU-93ae0c7f-c327-aee3-adae-bc0d1dae71ea,0.26,0.397736524995929,12282.0,7126.0,551.52,NVIDIA GeForce RTX 4070,[N/A],Enabled,Enabled
1709468566.002322,0,GPU-93ae0c7f-c327-aee3-adae-bc0d1dae71ea,0.26,0.397736524995929,12282.0,7126.0,551.52,NVIDIA GeForce RTX 4070,[N/A],Enabled,Enabled
1709468567.002155,0,GPU-93ae0c7f-c327-aee3-adae-bc0d1dae71ea,0.25,0.397736524995929,12282.0,7126.0,551.52,NVIDIA GeForce RTX 4070,[N/A],Enabled,Enabled
1709468568.000608,0,GPU-93ae0c7f-c327-aee3-adae-bc0d1dae71ea,0.27,0.397736524995929,12282.0,7126.0,551.52,NVIDIA GeForce RTX 4070,[N/A],Enabled,Enabled
1709468569.001051,0,GPU-93ae0c7f-c327-aee3-adae-bc0d1dae71ea,0.26,0.397736524995929,12282.0,7126.0,551.52,NVIDIA GeForce RTX 4070,[N/A],Enabled,Enabled
1709468570.001528,0,GPU-93ae0c7f-c327-aee3-adae-bc0d1dae71ea,0.25,0.397736524995929,12282.0,7126.0,551.52,NVIDIA GeForce RTX 4070,[N/A],Enabled,Enabled
1709468571.00085,0,GPU-93ae0c7f-c327-aee3-adae-bc0d1dae71ea,0.26,0.3971665852467025,12282.0,7133.0,551.52,NVIDIA GeForce RTX 4070,[N/A],Enabled,Enabled
1709468572.000772,0,GPU-93ae0c7f-c327-aee3-adae-bc0d1dae71ea,0.26,0.3970037453183521,12282.0,7135.0,551.52,NVIDIA GeForce RTX 4070,[N/A],Enabled,Enabled
1709468573.001497,0,GPU-93ae0c7f-c327-aee3-adae-bc0d1dae71ea,0.11,0.21763556424035174,12282.0,9338.0,551.52,NVIDIA GeForce RTX 4070,[N/A],Enabled,Enabled
1709468574.001353,0,GPU-93ae0c7f-c327-aee3-adae-bc0d1dae71ea,0.13,0.21763556424035174,12282.0,9338.0,551.52,NVIDIA GeForce RTX 4070,[N/A],Enabled,Enabled
