timestamp,id,uuid,load,memoryUtil,memoryTotal,memoryUsed,memoryFree,driver,name,serial,display_mode,display_active
1701911094.669633,0,GPU-93ae0c7f-c327-aee3-adae-bc0d1dae71ea,0.16,0.25818270639960916,12282.0,8854.0,546.29,NVIDIA GeForce RTX 4070,[N/A],Enabled,Enabled
1701911095.666514,0,GPU-93ae0c7f-c327-aee3-adae-bc0d1dae71ea,0.17,0.26005536557563913,12282.0,8831.0,546.29,NVIDIA GeForce RTX 4070,[N/A],Enabled,Enabled
1701911096.665872,0,GPU-93ae0c7f-c327-aee3-adae-bc0d1dae71ea,0.15,0.26819736199316074,12282.0,8731.0,546.29,NVIDIA GeForce RTX 4070,[N/A],Enabled,Enabled
1701911097.667182,0,GPU-93ae0c7f-c327-aee3-adae-bc0d1dae71ea,0.1,0.33707865168539325,12282.0,7885.0,546.29,NVIDIA GeForce RTX 4070,[N/A],Enabled,Enabled
1701911098.66605,0,GPU-93ae0c7f-c327-aee3-adae-bc0d1dae71ea,0.1,0.33650871193616677,12282.0,7892.0,546.29,NVIDIA GeForce RTX 4070,[N/A],Enabled,Enabled
1701911099.666612,0,GPU-93ae0c7f-c327-aee3-adae-bc0d1dae71ea,0.1,0.33650871193616677,12282.0,7892.0,546.29,NVIDIA GeForce RTX 4070,[N/A],Enabled,Enabled
1701911100.666038,0,GPU-93ae0c7f-c327-aee3-adae-bc0d1dae71ea,0.08,0.268685881778212,12282.0,8725.0,546.29,NVIDIA GeForce RTX 4070,[N/A],Enabled,Enabled
1701911101.665685,0,GPU-93ae0c7f-c327-aee3-adae-bc0d1dae71ea,0.28,0.5510503175378603,12282.0,5257.0,546.29,NVIDIA GeForce RTX 4070,[N/A],Enabled,Enabled
1701911102.66649,0,GPU-93ae0c7f-c327-aee3-adae-bc0d1dae71ea,0.28,0.45114802149487054,12282.0,6484.0,546.29,NVIDIA GeForce RTX 4070,[N/A],Enabled,Enabled
1701911103.667019,0,GPU-93ae0c7f-c327-aee3-adae-bc0d1dae71ea,0.26,0.44675134342940886,12282.0,6538.0,546.29,NVIDIA GeForce RTX 4070,[N/A],Enabled,Enabled
1701911104.666675,0,GPU-93ae0c7f-c327-aee3-adae-bc0d1dae71ea,0.27,0.44675134342940886,12282.0,6538.0,546.29,NVIDIA GeForce RTX 4070,[N/A],Enabled,Enabled
1701911105.666208,0,GPU-93ae0c7f-c327-aee3-adae-bc0d1dae71ea,0.26,0.44675134342940886,12282.0,6538.0,546.29,NVIDIA GeForce RTX 4070,[N/A],Enabled,Enabled
1701911106.666963,0,GPU-93ae0c7f-c327-aee3-adae-bc0d1dae71ea,0.26,0.5516202572870867,12282.0,5250.0,546.29,NVIDIA GeForce RTX 4070,[N/A],Enabled,Enabled
1701911107.667351,0,GPU-93ae0c7f-c327-aee3-adae-bc0d1dae71ea,0.3,0.4525321608858492,12282.0,6467.0,546.29,NVIDIA GeForce RTX 4070,[N/A],Enabled,Enabled
1701911108.665922,0,GPU-93ae0c7f-c327-aee3-adae-bc0d1dae71ea,0.31,0.4525321608858492,12282.0,6467.0,546.29,NVIDIA GeForce RTX 4070,[N/A],Enabled,Enabled
1701911109.666325,0,GPU-93ae0c7f-c327-aee3-adae-bc0d1dae71ea,0.28,0.4482169027845628,12282.0,6520.0,546.29,NVIDIA GeForce RTX 4070,[N/A],Enabled,Enabled
1701911110.666687,0,GPU-93ae0c7f-c327-aee3-adae-bc0d1dae71ea,0.27,0.4482169027845628,12282.0,6520.0,546.29,NVIDIA GeForce RTX 4070,[N/A],Enabled,Enabled
1701911111.66715,0,GPU-93ae0c7f-c327-aee3-adae-bc0d1dae71ea,0.31,0.4525321608858492,12282.0,6467.0,546.29,NVIDIA GeForce RTX 4070,[N/A],Enabled,Enabled
1701911112.666122,0,GPU-93ae0c7f-c327-aee3-adae-bc0d1dae71ea,0.28,0.448298322748738,12282.0,6519.0,546.29,NVIDIA GeForce RTX 4070,[N/A],Enabled,Enabled
1701911113.666097,0,GPU-93ae0c7f-c327-aee3-adae-bc0d1dae71ea,0.3,0.4525321608858492,12282.0,6467.0,546.29,NVIDIA GeForce RTX 4070,[N/A],Enabled,Enabled
1701911114.666262,0,GPU-93ae0c7f-c327-aee3-adae-bc0d1dae71ea,0.29,0.4525321608858492,12282.0,6467.0,546.29,NVIDIA GeForce RTX 4070,[N/A],Enabled,Enabled
1701911115.666754,0,GPU-93ae0c7f-c327-aee3-adae-bc0d1dae71ea,0.32,0.4527764207783749,12282.0,6464.0,546.29,NVIDIA GeForce RTX 4070,[N/A],Enabled,Enabled
1701911116.666587,0,GPU-93ae0c7f-c327-aee3-adae-bc0d1dae71ea,0.3,0.44894968246213973,12282.0,6511.0,546.29,NVIDIA GeForce RTX 4070,[N/A],Enabled,Enabled
1701911117.666051,0,GPU-93ae0c7f-c327-aee3-adae-bc0d1dae71ea,0.31,0.45326494056342614,12282.0,6458.0,546.29,NVIDIA GeForce RTX 4070,[N/A],Enabled,Enabled
1701911118.666073,0,GPU-93ae0c7f-c327-aee3-adae-bc0d1dae71ea,0.29,0.45334636052760136,12282.0,6457.0,546.29,NVIDIA GeForce RTX 4070,[N/A],Enabled,Enabled
1701911119.666751,0,GPU-93ae0c7f-c327-aee3-adae-bc0d1dae71ea,0.28,0.44903110242631494,12282.0,6510.0,546.29,NVIDIA GeForce RTX 4070,[N/A],Enabled,Enabled
1701911120.666435,0,GPU-93ae0c7f-c327-aee3-adae-bc0d1dae71ea,0.31,0.453590620420127,12282.0,6454.0,546.29,NVIDIA GeForce RTX 4070,[N/A],Enabled,Enabled
1701911121.666699,0,GPU-93ae0c7f-c327-aee3-adae-bc0d1dae71ea,0.13,0.4573359387721869,12282.0,6408.0,546.29,NVIDIA GeForce RTX 4070,[N/A],Enabled,Enabled
1701911122.666864,0,GPU-93ae0c7f-c327-aee3-adae-bc0d1dae71ea,0.36,0.4573359387721869,12282.0,6408.0,546.29,NVIDIA GeForce RTX 4070,[N/A],Enabled,Enabled
1701911123.666721,0,GPU-93ae0c7f-c327-aee3-adae-bc0d1dae71ea,0.39,0.4573359387721869,12282.0,6408.0,546.29,NVIDIA GeForce RTX 4070,[N/A],Enabled,Enabled
1701911124.666545,0,GPU-93ae0c7f-c327-aee3-adae-bc0d1dae71ea,0.43,0.4573359387721869,12282.0,6408.0,546.29,NVIDIA GeForce RTX 4070,[N/A],Enabled,Enabled
1701911125.666549,0,GPU-93ae0c7f-c327-aee3-adae-bc0d1dae71ea,0.4,0.4581501384139391,12282.0,6398.0,546.29,NVIDIA GeForce RTX 4070,[N/A],Enabled,Enabled
1701911126.666315,0,GPU-93ae0c7f-c327-aee3-adae-bc0d1dae71ea,0.41,0.4575801986647126,12282.0,6405.0,546.29,NVIDIA GeForce RTX 4070,[N/A],Enabled,Enabled
1701911127.665993,0,GPU-93ae0c7f-c327-aee3-adae-bc0d1dae71ea,0.38,0.4575801986647126,12282.0,6405.0,546.29,NVIDIA GeForce RTX 4070,[N/A],Enabled,Enabled
1701911128.666961,0,GPU-93ae0c7f-c327-aee3-adae-bc0d1dae71ea,0.37,0.4575801986647126,12282.0,6405.0,546.29,NVIDIA GeForce RTX 4070,[N/A],Enabled,Enabled
1701911129.666524,0,GPU-93ae0c7f-c327-aee3-adae-bc0d1dae71ea,0.41,0.4575801986647126,12282.0,6405.0,546.29,NVIDIA GeForce RTX 4070,[N/A],Enabled,Enabled
1701911130.666637,0,GPU-93ae0c7f-c327-aee3-adae-bc0d1dae71ea,0.41,0.45692883895131087,12282.0,6413.0,546.29,NVIDIA GeForce RTX 4070,[N/A],Enabled,Enabled
1701911131.666733,0,GPU-93ae0c7f-c327-aee3-adae-bc0d1dae71ea,0.39,0.4570916788796613,12282.0,6411.0,546.29,NVIDIA GeForce RTX 4070,[N/A],Enabled,Enabled
1701911132.666514,0,GPU-93ae0c7f-c327-aee3-adae-bc0d1dae71ea,0.4,0.4570916788796613,12282.0,6411.0,546.29,NVIDIA GeForce RTX 4070,[N/A],Enabled,Enabled
1701911133.666829,0,GPU-93ae0c7f-c327-aee3-adae-bc0d1dae71ea,0.41,0.45782445855723825,12282.0,6402.0,546.29,NVIDIA GeForce RTX 4070,[N/A],Enabled,Enabled
1701911134.666353,0,GPU-93ae0c7f-c327-aee3-adae-bc0d1dae71ea,0.42,0.4583943983064647,12282.0,6395.0,546.29,NVIDIA GeForce RTX 4070,[N/A],Enabled,Enabled
1701911135.667034,0,GPU-93ae0c7f-c327-aee3-adae-bc0d1dae71ea,0.38,0.4583943983064647,12282.0,6395.0,546.29,NVIDIA GeForce RTX 4070,[N/A],Enabled,Enabled
1701911136.666118,0,GPU-93ae0c7f-c327-aee3-adae-bc0d1dae71ea,0.43,0.45847581827063993,12282.0,6394.0,546.29,NVIDIA GeForce RTX 4070,[N/A],Enabled,Enabled
1701911137.667337,0,GPU-93ae0c7f-c327-aee3-adae-bc0d1dae71ea,0.41,0.4582315583781143,12282.0,6397.0,546.29,NVIDIA GeForce RTX 4070,[N/A],Enabled,Enabled
1701911138.66665,0,GPU-93ae0c7f-c327-aee3-adae-bc0d1dae71ea,0.39,0.4582315583781143,12282.0,6397.0,546.29,NVIDIA GeForce RTX 4070,[N/A],Enabled,Enabled
1701911139.666419,0,GPU-93ae0c7f-c327-aee3-adae-bc0d1dae71ea,0.42,0.4582315583781143,12282.0,6397.0,546.29,NVIDIA GeForce RTX 4070,[N/A],Enabled,Enabled
1701911140.667163,0,GPU-93ae0c7f-c327-aee3-adae-bc0d1dae71ea,0.42,0.4582315583781143,12282.0,6397.0,546.29,NVIDIA GeForce RTX 4070,[N/A],Enabled,Enabled
1701911141.666756,0,GPU-93ae0c7f-c327-aee3-adae-bc0d1dae71ea,0.42,0.4582315583781143,12282.0,6397.0,546.29,NVIDIA GeForce RTX 4070,[N/A],Enabled,Enabled
1701911142.666404,0,GPU-93ae0c7f-c327-aee3-adae-bc0d1dae71ea,0.4,0.45790587852141346,12282.0,6401.0,546.29,NVIDIA GeForce RTX 4070,[N/A],Enabled,Enabled
1701911143.666694,0,GPU-93ae0c7f-c327-aee3-adae-bc0d1dae71ea,0.42,0.45798729848558867,12282.0,6400.0,546.29,NVIDIA GeForce RTX 4070,[N/A],Enabled,Enabled
1701911144.666718,0,GPU-93ae0c7f-c327-aee3-adae-bc0d1dae71ea,0.41,0.4581501384139391,12282.0,6398.0,546.29,NVIDIA GeForce RTX 4070,[N/A],Enabled,Enabled
1701911145.666434,0,GPU-93ae0c7f-c327-aee3-adae-bc0d1dae71ea,0.4,0.4581501384139391,12282.0,6398.0,546.29,NVIDIA GeForce RTX 4070,[N/A],Enabled,Enabled
1701911146.665966,0,GPU-93ae0c7f-c327-aee3-adae-bc0d1dae71ea,0.42,0.4581501384139391,12282.0,6398.0,546.29,NVIDIA GeForce RTX 4070,[N/A],Enabled,Enabled
1701911147.666201,0,GPU-93ae0c7f-c327-aee3-adae-bc0d1dae71ea,0.4,0.4581501384139391,12282.0,6398.0,546.29,NVIDIA GeForce RTX 4070,[N/A],Enabled,Enabled
1701911148.667051,0,GPU-93ae0c7f-c327-aee3-adae-bc0d1dae71ea,0.45,0.4581501384139391,12282.0,6398.0,546.29,NVIDIA GeForce RTX 4070,[N/A],Enabled,Enabled
1701911149.666561,0,GPU-93ae0c7f-c327-aee3-adae-bc0d1dae71ea,0.42,0.4575801986647126,12282.0,6405.0,546.29,NVIDIA GeForce RTX 4070,[N/A],Enabled,Enabled
1701911150.66704,0,GPU-93ae0c7f-c327-aee3-adae-bc0d1dae71ea,0.42,0.4572545188080117,12282.0,6409.0,546.29,NVIDIA GeForce RTX 4070,[N/A],Enabled,Enabled
1701911151.666392,0,GPU-93ae0c7f-c327-aee3-adae-bc0d1dae71ea,0.4,0.4572545188080117,12282.0,6409.0,546.29,NVIDIA GeForce RTX 4070,[N/A],Enabled,Enabled
1701911152.666074,0,GPU-93ae0c7f-c327-aee3-adae-bc0d1dae71ea,0.39,0.45652173913043476,12282.0,6418.0,546.29,NVIDIA GeForce RTX 4070,[N/A],Enabled,Enabled
1701911153.666097,0,GPU-93ae0c7f-c327-aee3-adae-bc0d1dae71ea,0.4,0.45652173913043476,12282.0,6418.0,546.29,NVIDIA GeForce RTX 4070,[N/A],Enabled,Enabled
1701911154.666814,0,GPU-93ae0c7f-c327-aee3-adae-bc0d1dae71ea,0.42,0.45652173913043476,12282.0,6418.0,546.29,NVIDIA GeForce RTX 4070,[N/A],Enabled,Enabled
1701911155.666902,0,GPU-93ae0c7f-c327-aee3-adae-bc0d1dae71ea,0.38,0.45635889920208433,12282.0,6420.0,546.29,NVIDIA GeForce RTX 4070,[N/A],Enabled,Enabled
1701911156.66658,0,GPU-93ae0c7f-c327-aee3-adae-bc0d1dae71ea,0.42,0.45635889920208433,12282.0,6420.0,546.29,NVIDIA GeForce RTX 4070,[N/A],Enabled,Enabled
1701911157.666599,0,GPU-93ae0c7f-c327-aee3-adae-bc0d1dae71ea,0.38,0.45635889920208433,12282.0,6420.0,546.29,NVIDIA GeForce RTX 4070,[N/A],Enabled,Enabled
1701911158.666934,0,GPU-93ae0c7f-c327-aee3-adae-bc0d1dae71ea,0.38,0.45635889920208433,12282.0,6420.0,546.29,NVIDIA GeForce RTX 4070,[N/A],Enabled,Enabled
1701911159.666424,0,GPU-93ae0c7f-c327-aee3-adae-bc0d1dae71ea,0.38,0.45635889920208433,12282.0,6420.0,546.29,NVIDIA GeForce RTX 4070,[N/A],Enabled,Enabled
1701911160.666851,0,GPU-93ae0c7f-c327-aee3-adae-bc0d1dae71ea,0.4,0.45635889920208433,12282.0,6420.0,546.29,NVIDIA GeForce RTX 4070,[N/A],Enabled,Enabled
1701911161.666285,0,GPU-93ae0c7f-c327-aee3-adae-bc0d1dae71ea,0.37,0.4570102589154861,12282.0,6412.0,546.29,NVIDIA GeForce RTX 4070,[N/A],Enabled,Enabled
1701911162.666124,0,GPU-93ae0c7f-c327-aee3-adae-bc0d1dae71ea,0.38,0.4570102589154861,12282.0,6412.0,546.29,NVIDIA GeForce RTX 4070,[N/A],Enabled,Enabled
1701911163.66629,0,GPU-93ae0c7f-c327-aee3-adae-bc0d1dae71ea,0.38,0.4570102589154861,12282.0,6412.0,546.29,NVIDIA GeForce RTX 4070,[N/A],Enabled,Enabled
1701911164.667081,0,GPU-93ae0c7f-c327-aee3-adae-bc0d1dae71ea,0.41,0.4570102589154861,12282.0,6412.0,546.29,NVIDIA GeForce RTX 4070,[N/A],Enabled,Enabled
1701911165.666102,0,GPU-93ae0c7f-c327-aee3-adae-bc0d1dae71ea,0.39,0.4570102589154861,12282.0,6412.0,546.29,NVIDIA GeForce RTX 4070,[N/A],Enabled,Enabled
1701911166.666476,0,GPU-93ae0c7f-c327-aee3-adae-bc0d1dae71ea,0.41,0.45644031916625954,12282.0,6419.0,546.29,NVIDIA GeForce RTX 4070,[N/A],Enabled,Enabled
1701911167.666639,0,GPU-93ae0c7f-c327-aee3-adae-bc0d1dae71ea,0.39,0.45644031916625954,12282.0,6419.0,546.29,NVIDIA GeForce RTX 4070,[N/A],Enabled,Enabled
1701911168.666919,0,GPU-93ae0c7f-c327-aee3-adae-bc0d1dae71ea,0.42,0.45644031916625954,12282.0,6419.0,546.29,NVIDIA GeForce RTX 4070,[N/A],Enabled,Enabled
1701911169.666374,0,GPU-93ae0c7f-c327-aee3-adae-bc0d1dae71ea,0.39,0.4561146393095587,12282.0,6423.0,546.29,NVIDIA GeForce RTX 4070,[N/A],Enabled,Enabled
1701911170.666792,0,GPU-93ae0c7f-c327-aee3-adae-bc0d1dae71ea,0.41,0.4561146393095587,12282.0,6423.0,546.29,NVIDIA GeForce RTX 4070,[N/A],Enabled,Enabled
1701911171.666149,0,GPU-93ae0c7f-c327-aee3-adae-bc0d1dae71ea,0.4,0.4561146393095587,12282.0,6423.0,546.29,NVIDIA GeForce RTX 4070,[N/A],Enabled,Enabled
1701911172.667141,0,GPU-93ae0c7f-c327-aee3-adae-bc0d1dae71ea,0.4,0.4561146393095587,12282.0,6423.0,546.29,NVIDIA GeForce RTX 4070,[N/A],Enabled,Enabled
1701911173.666973,0,GPU-93ae0c7f-c327-aee3-adae-bc0d1dae71ea,0.41,0.4561146393095587,12282.0,6423.0,546.29,NVIDIA GeForce RTX 4070,[N/A],Enabled,Enabled
1701911174.665986,0,GPU-93ae0c7f-c327-aee3-adae-bc0d1dae71ea,0.37,0.4561146393095587,12282.0,6423.0,546.29,NVIDIA GeForce RTX 4070,[N/A],Enabled,Enabled
1701911175.666653,0,GPU-93ae0c7f-c327-aee3-adae-bc0d1dae71ea,0.41,0.4561146393095587,12282.0,6423.0,546.29,NVIDIA GeForce RTX 4070,[N/A],Enabled,Enabled
1701911176.666148,0,GPU-93ae0c7f-c327-aee3-adae-bc0d1dae71ea,0.47,0.4561146393095587,12282.0,6423.0,546.29,NVIDIA GeForce RTX 4070,[N/A],Enabled,Enabled
1701911177.666854,0,GPU-93ae0c7f-c327-aee3-adae-bc0d1dae71ea,0.41,0.4561146393095587,12282.0,6423.0,546.29,NVIDIA GeForce RTX 4070,[N/A],Enabled,Enabled
1701911178.66656,0,GPU-93ae0c7f-c327-aee3-adae-bc0d1dae71ea,0.4,0.4561146393095587,12282.0,6423.0,546.29,NVIDIA GeForce RTX 4070,[N/A],Enabled,Enabled
1701911179.666447,0,GPU-93ae0c7f-c327-aee3-adae-bc0d1dae71ea,0.39,0.4561146393095587,12282.0,6423.0,546.29,NVIDIA GeForce RTX 4070,[N/A],Enabled,Enabled
1701911180.667359,0,GPU-93ae0c7f-c327-aee3-adae-bc0d1dae71ea,0.41,0.4561146393095587,12282.0,6423.0,546.29,NVIDIA GeForce RTX 4070,[N/A],Enabled,Enabled
1701911181.667306,0,GPU-93ae0c7f-c327-aee3-adae-bc0d1dae71ea,0.4,0.4561146393095587,12282.0,6423.0,546.29,NVIDIA GeForce RTX 4070,[N/A],Enabled,Enabled
1701911182.666696,0,GPU-93ae0c7f-c327-aee3-adae-bc0d1dae71ea,0.39,0.4561146393095587,12282.0,6423.0,546.29,NVIDIA GeForce RTX 4070,[N/A],Enabled,Enabled
1701911183.667076,0,GPU-93ae0c7f-c327-aee3-adae-bc0d1dae71ea,0.38,0.4561146393095587,12282.0,6423.0,546.29,NVIDIA GeForce RTX 4070,[N/A],Enabled,Enabled
1701911184.666185,0,GPU-93ae0c7f-c327-aee3-adae-bc0d1dae71ea,0.41,0.4561146393095587,12282.0,6423.0,546.29,NVIDIA GeForce RTX 4070,[N/A],Enabled,Enabled
1701911185.665981,0,GPU-93ae0c7f-c327-aee3-adae-bc0d1dae71ea,0.4,0.4561146393095587,12282.0,6423.0,546.29,NVIDIA GeForce RTX 4070,[N/A],Enabled,Enabled
1701911186.665809,0,GPU-93ae0c7f-c327-aee3-adae-bc0d1dae71ea,0.39,0.4561146393095587,12282.0,6423.0,546.29,NVIDIA GeForce RTX 4070,[N/A],Enabled,Enabled
1701911187.666678,0,GPU-93ae0c7f-c327-aee3-adae-bc0d1dae71ea,0.39,0.4561146393095587,12282.0,6423.0,546.29,NVIDIA GeForce RTX 4070,[N/A],Enabled,Enabled
1701911188.665999,0,GPU-93ae0c7f-c327-aee3-adae-bc0d1dae71ea,0.36,0.4561146393095587,12282.0,6423.0,546.29,NVIDIA GeForce RTX 4070,[N/A],Enabled,Enabled
1701911189.666216,0,GPU-93ae0c7f-c327-aee3-adae-bc0d1dae71ea,0.41,0.4561146393095587,12282.0,6423.0,546.29,NVIDIA GeForce RTX 4070,[N/A],Enabled,Enabled
1701911190.666609,0,GPU-93ae0c7f-c327-aee3-adae-bc0d1dae71ea,0.47,0.4561146393095587,12282.0,6423.0,546.29,NVIDIA GeForce RTX 4070,[N/A],Enabled,Enabled
1701911191.66649,0,GPU-93ae0c7f-c327-aee3-adae-bc0d1dae71ea,0.41,0.4561146393095587,12282.0,6423.0,546.29,NVIDIA GeForce RTX 4070,[N/A],Enabled,Enabled
1701911192.667551,0,GPU-93ae0c7f-c327-aee3-adae-bc0d1dae71ea,0.42,0.4561146393095587,12282.0,6423.0,546.29,NVIDIA GeForce RTX 4070,[N/A],Enabled,Enabled
1701911193.666925,0,GPU-93ae0c7f-c327-aee3-adae-bc0d1dae71ea,0.4,0.4561146393095587,12282.0,6423.0,546.29,NVIDIA GeForce RTX 4070,[N/A],Enabled,Enabled
1701911194.666695,0,GPU-93ae0c7f-c327-aee3-adae-bc0d1dae71ea,0.42,0.4561146393095587,12282.0,6423.0,546.29,NVIDIA GeForce RTX 4070,[N/A],Enabled,Enabled
1701911195.666631,0,GPU-93ae0c7f-c327-aee3-adae-bc0d1dae71ea,0.43,0.4561146393095587,12282.0,6423.0,546.29,NVIDIA GeForce RTX 4070,[N/A],Enabled,Enabled
1701911196.665815,0,GPU-93ae0c7f-c327-aee3-adae-bc0d1dae71ea,0.39,0.4561146393095587,12282.0,6423.0,546.29,NVIDIA GeForce RTX 4070,[N/A],Enabled,Enabled
1701911197.666519,0,GPU-93ae0c7f-c327-aee3-adae-bc0d1dae71ea,0.41,0.4561146393095587,12282.0,6423.0,546.29,NVIDIA GeForce RTX 4070,[N/A],Enabled,Enabled
1701911198.666716,0,GPU-93ae0c7f-c327-aee3-adae-bc0d1dae71ea,0.39,0.4561146393095587,12282.0,6423.0,546.29,NVIDIA GeForce RTX 4070,[N/A],Enabled,Enabled
1701911199.667388,0,GPU-93ae0c7f-c327-aee3-adae-bc0d1dae71ea,0.42,0.4561146393095587,12282.0,6423.0,546.29,NVIDIA GeForce RTX 4070,[N/A],Enabled,Enabled
1701911200.667078,0,GPU-93ae0c7f-c327-aee3-adae-bc0d1dae71ea,0.39,0.4561146393095587,12282.0,6423.0,546.29,NVIDIA GeForce RTX 4070,[N/A],Enabled,Enabled
1701911201.666857,0,GPU-93ae0c7f-c327-aee3-adae-bc0d1dae71ea,0.49,0.4561146393095587,12282.0,6423.0,546.29,NVIDIA GeForce RTX 4070,[N/A],Enabled,Enabled
1701911202.666251,0,GPU-93ae0c7f-c327-aee3-adae-bc0d1dae71ea,0.35,0.4561146393095587,12282.0,6423.0,546.29,NVIDIA GeForce RTX 4070,[N/A],Enabled,Enabled
1701911203.666825,0,GPU-93ae0c7f-c327-aee3-adae-bc0d1dae71ea,0.36,0.4561146393095587,12282.0,6423.0,546.29,NVIDIA GeForce RTX 4070,[N/A],Enabled,Enabled
1701911204.666907,0,GPU-93ae0c7f-c327-aee3-adae-bc0d1dae71ea,0.43,0.4561146393095587,12282.0,6423.0,546.29,NVIDIA GeForce RTX 4070,[N/A],Enabled,Enabled
1701911205.667171,0,GPU-93ae0c7f-c327-aee3-adae-bc0d1dae71ea,0.38,0.4561146393095587,12282.0,6423.0,546.29,NVIDIA GeForce RTX 4070,[N/A],Enabled,Enabled
1701911206.666485,0,GPU-93ae0c7f-c327-aee3-adae-bc0d1dae71ea,0.4,0.4561146393095587,12282.0,6423.0,546.29,NVIDIA GeForce RTX 4070,[N/A],Enabled,Enabled
1701911207.666913,0,GPU-93ae0c7f-c327-aee3-adae-bc0d1dae71ea,0.41,0.4545676599902296,12282.0,6442.0,546.29,NVIDIA GeForce RTX 4070,[N/A],Enabled,Enabled
1701911208.666812,0,GPU-93ae0c7f-c327-aee3-adae-bc0d1dae71ea,0.42,0.4545676599902296,12282.0,6442.0,546.29,NVIDIA GeForce RTX 4070,[N/A],Enabled,Enabled
1701911209.666505,0,GPU-93ae0c7f-c327-aee3-adae-bc0d1dae71ea,0.41,0.4545676599902296,12282.0,6442.0,546.29,NVIDIA GeForce RTX 4070,[N/A],Enabled,Enabled
1701911210.6667,0,GPU-93ae0c7f-c327-aee3-adae-bc0d1dae71ea,0.4,0.4541605601693535,12282.0,6447.0,546.29,NVIDIA GeForce RTX 4070,[N/A],Enabled,Enabled
1701911211.666684,0,GPU-93ae0c7f-c327-aee3-adae-bc0d1dae71ea,0.46,0.4541605601693535,12282.0,6447.0,546.29,NVIDIA GeForce RTX 4070,[N/A],Enabled,Enabled
1701911212.666279,0,GPU-93ae0c7f-c327-aee3-adae-bc0d1dae71ea,0.4,0.4541605601693535,12282.0,6447.0,546.29,NVIDIA GeForce RTX 4070,[N/A],Enabled,Enabled
1701911213.666974,0,GPU-93ae0c7f-c327-aee3-adae-bc0d1dae71ea,0.41,0.4541605601693535,12282.0,6447.0,546.29,NVIDIA GeForce RTX 4070,[N/A],Enabled,Enabled
1701911214.666664,0,GPU-93ae0c7f-c327-aee3-adae-bc0d1dae71ea,0.43,0.4541605601693535,12282.0,6447.0,546.29,NVIDIA GeForce RTX 4070,[N/A],Enabled,Enabled
1701911215.666993,0,GPU-93ae0c7f-c327-aee3-adae-bc0d1dae71ea,0.45,0.4541605601693535,12282.0,6447.0,546.29,NVIDIA GeForce RTX 4070,[N/A],Enabled,Enabled
1701911216.666466,0,GPU-93ae0c7f-c327-aee3-adae-bc0d1dae71ea,0.42,0.4541605601693535,12282.0,6447.0,546.29,NVIDIA GeForce RTX 4070,[N/A],Enabled,Enabled
1701911217.66583,0,GPU-93ae0c7f-c327-aee3-adae-bc0d1dae71ea,0.4,0.4541605601693535,12282.0,6447.0,546.29,NVIDIA GeForce RTX 4070,[N/A],Enabled,Enabled
1701911218.667222,0,GPU-93ae0c7f-c327-aee3-adae-bc0d1dae71ea,0.42,0.4541605601693535,12282.0,6447.0,546.29,NVIDIA GeForce RTX 4070,[N/A],Enabled,Enabled
1701911219.666143,0,GPU-93ae0c7f-c327-aee3-adae-bc0d1dae71ea,0.4,0.4541605601693535,12282.0,6447.0,546.29,NVIDIA GeForce RTX 4070,[N/A],Enabled,Enabled
1701911220.666101,0,GPU-93ae0c7f-c327-aee3-adae-bc0d1dae71ea,0.41,0.4541605601693535,12282.0,6447.0,546.29,NVIDIA GeForce RTX 4070,[N/A],Enabled,Enabled
1701911221.666077,0,GPU-93ae0c7f-c327-aee3-adae-bc0d1dae71ea,0.4,0.4541605601693535,12282.0,6447.0,546.29,NVIDIA GeForce RTX 4070,[N/A],Enabled,Enabled
1701911222.666887,0,GPU-93ae0c7f-c327-aee3-adae-bc0d1dae71ea,0.36,0.4541605601693535,12282.0,6447.0,546.29,NVIDIA GeForce RTX 4070,[N/A],Enabled,Enabled
1701911223.666742,0,GPU-93ae0c7f-c327-aee3-adae-bc0d1dae71ea,0.41,0.4541605601693535,12282.0,6447.0,546.29,NVIDIA GeForce RTX 4070,[N/A],Enabled,Enabled
1701911224.667204,0,GPU-93ae0c7f-c327-aee3-adae-bc0d1dae71ea,0.39,0.4541605601693535,12282.0,6447.0,546.29,NVIDIA GeForce RTX 4070,[N/A],Enabled,Enabled
1701911225.666171,0,GPU-93ae0c7f-c327-aee3-adae-bc0d1dae71ea,0.39,0.4541605601693535,12282.0,6447.0,546.29,NVIDIA GeForce RTX 4070,[N/A],Enabled,Enabled
1701911226.665827,0,GPU-93ae0c7f-c327-aee3-adae-bc0d1dae71ea,0.42,0.4541605601693535,12282.0,6447.0,546.29,NVIDIA GeForce RTX 4070,[N/A],Enabled,Enabled
1701911227.667388,0,GPU-93ae0c7f-c327-aee3-adae-bc0d1dae71ea,0.45,0.4541605601693535,12282.0,6447.0,546.29,NVIDIA GeForce RTX 4070,[N/A],Enabled,Enabled
1701911228.666679,0,GPU-93ae0c7f-c327-aee3-adae-bc0d1dae71ea,0.44,0.4541605601693535,12282.0,6447.0,546.29,NVIDIA GeForce RTX 4070,[N/A],Enabled,Enabled
1701911229.665988,0,GPU-93ae0c7f-c327-aee3-adae-bc0d1dae71ea,0.38,0.4541605601693535,12282.0,6447.0,546.29,NVIDIA GeForce RTX 4070,[N/A],Enabled,Enabled
1701911230.666391,0,GPU-93ae0c7f-c327-aee3-adae-bc0d1dae71ea,0.42,0.4541605601693535,12282.0,6447.0,546.29,NVIDIA GeForce RTX 4070,[N/A],Enabled,Enabled
1701911231.666693,0,GPU-93ae0c7f-c327-aee3-adae-bc0d1dae71ea,0.41,0.4541605601693535,12282.0,6447.0,546.29,NVIDIA GeForce RTX 4070,[N/A],Enabled,Enabled
1701911232.667057,0,GPU-93ae0c7f-c327-aee3-adae-bc0d1dae71ea,0.39,0.4541605601693535,12282.0,6447.0,546.29,NVIDIA GeForce RTX 4070,[N/A],Enabled,Enabled
1701911233.666591,0,GPU-93ae0c7f-c327-aee3-adae-bc0d1dae71ea,0.41,0.4541605601693535,12282.0,6447.0,546.29,NVIDIA GeForce RTX 4070,[N/A],Enabled,Enabled
1701911234.665736,0,GPU-93ae0c7f-c327-aee3-adae-bc0d1dae71ea,0.41,0.4541605601693535,12282.0,6447.0,546.29,NVIDIA GeForce RTX 4070,[N/A],Enabled,Enabled
1701911235.66658,0,GPU-93ae0c7f-c327-aee3-adae-bc0d1dae71ea,0.44,0.4541605601693535,12282.0,6447.0,546.29,NVIDIA GeForce RTX 4070,[N/A],Enabled,Enabled
1701911236.666761,0,GPU-93ae0c7f-c327-aee3-adae-bc0d1dae71ea,0.39,0.4541605601693535,12282.0,6447.0,546.29,NVIDIA GeForce RTX 4070,[N/A],Enabled,Enabled
1701911237.667011,0,GPU-93ae0c7f-c327-aee3-adae-bc0d1dae71ea,0.39,0.4541605601693535,12282.0,6447.0,546.29,NVIDIA GeForce RTX 4070,[N/A],Enabled,Enabled
1701911238.66661,0,GPU-93ae0c7f-c327-aee3-adae-bc0d1dae71ea,0.39,0.45375346034847747,12282.0,6452.0,546.29,NVIDIA GeForce RTX 4070,[N/A],Enabled,Enabled
1701911239.667125,0,GPU-93ae0c7f-c327-aee3-adae-bc0d1dae71ea,0.43,0.45375346034847747,12282.0,6452.0,546.29,NVIDIA GeForce RTX 4070,[N/A],Enabled,Enabled
1701911240.666742,0,GPU-93ae0c7f-c327-aee3-adae-bc0d1dae71ea,0.43,0.45375346034847747,12282.0,6452.0,546.29,NVIDIA GeForce RTX 4070,[N/A],Enabled,Enabled
1701911241.666222,0,GPU-93ae0c7f-c327-aee3-adae-bc0d1dae71ea,0.39,0.45375346034847747,12282.0,6452.0,546.29,NVIDIA GeForce RTX 4070,[N/A],Enabled,Enabled
1701911242.667294,0,GPU-93ae0c7f-c327-aee3-adae-bc0d1dae71ea,0.39,0.45375346034847747,12282.0,6452.0,546.29,NVIDIA GeForce RTX 4070,[N/A],Enabled,Enabled
1701911243.666473,0,GPU-93ae0c7f-c327-aee3-adae-bc0d1dae71ea,0.41,0.45375346034847747,12282.0,6452.0,546.29,NVIDIA GeForce RTX 4070,[N/A],Enabled,Enabled
1701911244.667083,0,GPU-93ae0c7f-c327-aee3-adae-bc0d1dae71ea,0.42,0.45375346034847747,12282.0,6452.0,546.29,NVIDIA GeForce RTX 4070,[N/A],Enabled,Enabled
1701911245.66717,0,GPU-93ae0c7f-c327-aee3-adae-bc0d1dae71ea,0.43,0.45375346034847747,12282.0,6452.0,546.29,NVIDIA GeForce RTX 4070,[N/A],Enabled,Enabled
1701911246.665997,0,GPU-93ae0c7f-c327-aee3-adae-bc0d1dae71ea,0.41,0.45375346034847747,12282.0,6452.0,546.29,NVIDIA GeForce RTX 4070,[N/A],Enabled,Enabled
1701911247.666128,0,GPU-93ae0c7f-c327-aee3-adae-bc0d1dae71ea,0.41,0.45375346034847747,12282.0,6452.0,546.29,NVIDIA GeForce RTX 4070,[N/A],Enabled,Enabled
1701911248.666802,0,GPU-93ae0c7f-c327-aee3-adae-bc0d1dae71ea,0.4,0.45375346034847747,12282.0,6452.0,546.29,NVIDIA GeForce RTX 4070,[N/A],Enabled,Enabled
1701911249.667118,0,GPU-93ae0c7f-c327-aee3-adae-bc0d1dae71ea,0.44,0.45375346034847747,12282.0,6452.0,546.29,NVIDIA GeForce RTX 4070,[N/A],Enabled,Enabled
1701911250.666421,0,GPU-93ae0c7f-c327-aee3-adae-bc0d1dae71ea,0.41,0.45375346034847747,12282.0,6452.0,546.29,NVIDIA GeForce RTX 4070,[N/A],Enabled,Enabled
1701911251.666647,0,GPU-93ae0c7f-c327-aee3-adae-bc0d1dae71ea,0.43,0.45375346034847747,12282.0,6452.0,546.29,NVIDIA GeForce RTX 4070,[N/A],Enabled,Enabled
1701911252.666691,0,GPU-93ae0c7f-c327-aee3-adae-bc0d1dae71ea,0.38,0.45375346034847747,12282.0,6452.0,546.29,NVIDIA GeForce RTX 4070,[N/A],Enabled,Enabled
1701911253.666104,0,GPU-93ae0c7f-c327-aee3-adae-bc0d1dae71ea,0.39,0.45375346034847747,12282.0,6452.0,546.29,NVIDIA GeForce RTX 4070,[N/A],Enabled,Enabled
1701911254.667289,0,GPU-93ae0c7f-c327-aee3-adae-bc0d1dae71ea,0.43,0.45375346034847747,12282.0,6452.0,546.29,NVIDIA GeForce RTX 4070,[N/A],Enabled,Enabled
1701911255.666925,0,GPU-93ae0c7f-c327-aee3-adae-bc0d1dae71ea,0.4,0.45375346034847747,12282.0,6452.0,546.29,NVIDIA GeForce RTX 4070,[N/A],Enabled,Enabled
1701911256.6669,0,GPU-93ae0c7f-c327-aee3-adae-bc0d1dae71ea,0.41,0.45375346034847747,12282.0,6452.0,546.29,NVIDIA GeForce RTX 4070,[N/A],Enabled,Enabled
1701911257.666484,0,GPU-93ae0c7f-c327-aee3-adae-bc0d1dae71ea,0.41,0.45375346034847747,12282.0,6452.0,546.29,NVIDIA GeForce RTX 4070,[N/A],Enabled,Enabled
1701911258.666986,0,GPU-93ae0c7f-c327-aee3-adae-bc0d1dae71ea,0.39,0.45375346034847747,12282.0,6452.0,546.29,NVIDIA GeForce RTX 4070,[N/A],Enabled,Enabled
1701911259.66572,0,GPU-93ae0c7f-c327-aee3-adae-bc0d1dae71ea,0.41,0.45375346034847747,12282.0,6452.0,546.29,NVIDIA GeForce RTX 4070,[N/A],Enabled,Enabled
1701911260.666821,0,GPU-93ae0c7f-c327-aee3-adae-bc0d1dae71ea,0.43,0.45375346034847747,12282.0,6452.0,546.29,NVIDIA GeForce RTX 4070,[N/A],Enabled,Enabled
1701911261.666644,0,GPU-93ae0c7f-c327-aee3-adae-bc0d1dae71ea,0.37,0.45375346034847747,12282.0,6452.0,546.29,NVIDIA GeForce RTX 4070,[N/A],Enabled,Enabled
1701911262.666994,0,GPU-93ae0c7f-c327-aee3-adae-bc0d1dae71ea,0.35,0.45375346034847747,12282.0,6452.0,546.29,NVIDIA GeForce RTX 4070,[N/A],Enabled,Enabled
1701911263.667248,0,GPU-93ae0c7f-c327-aee3-adae-bc0d1dae71ea,0.39,0.45375346034847747,12282.0,6452.0,546.29,NVIDIA GeForce RTX 4070,[N/A],Enabled,Enabled
1701911264.666116,0,GPU-93ae0c7f-c327-aee3-adae-bc0d1dae71ea,0.41,0.45375346034847747,12282.0,6452.0,546.29,NVIDIA GeForce RTX 4070,[N/A],Enabled,Enabled
1701911265.666264,0,GPU-93ae0c7f-c327-aee3-adae-bc0d1dae71ea,0.37,0.45375346034847747,12282.0,6452.0,546.29,NVIDIA GeForce RTX 4070,[N/A],Enabled,Enabled
1701911266.667043,0,GPU-93ae0c7f-c327-aee3-adae-bc0d1dae71ea,0.4,0.45375346034847747,12282.0,6452.0,546.29,NVIDIA GeForce RTX 4070,[N/A],Enabled,Enabled
1701911267.665928,0,GPU-93ae0c7f-c327-aee3-adae-bc0d1dae71ea,0.39,0.45375346034847747,12282.0,6452.0,546.29,NVIDIA GeForce RTX 4070,[N/A],Enabled,Enabled
1701911268.666158,0,GPU-93ae0c7f-c327-aee3-adae-bc0d1dae71ea,0.37,0.45375346034847747,12282.0,6452.0,546.29,NVIDIA GeForce RTX 4070,[N/A],Enabled,Enabled
1701911269.667386,0,GPU-93ae0c7f-c327-aee3-adae-bc0d1dae71ea,0.37,0.45375346034847747,12282.0,6452.0,546.29,NVIDIA GeForce RTX 4070,[N/A],Enabled,Enabled
1701911270.666181,0,GPU-93ae0c7f-c327-aee3-adae-bc0d1dae71ea,0.4,0.45375346034847747,12282.0,6452.0,546.29,NVIDIA GeForce RTX 4070,[N/A],Enabled,Enabled
1701911271.666227,0,GPU-93ae0c7f-c327-aee3-adae-bc0d1dae71ea,0.4,0.45375346034847747,12282.0,6452.0,546.29,NVIDIA GeForce RTX 4070,[N/A],Enabled,Enabled
1701911272.665982,0,GPU-93ae0c7f-c327-aee3-adae-bc0d1dae71ea,0.4,0.45375346034847747,12282.0,6452.0,546.29,NVIDIA GeForce RTX 4070,[N/A],Enabled,Enabled
1701911273.666408,0,GPU-93ae0c7f-c327-aee3-adae-bc0d1dae71ea,0.39,0.45375346034847747,12282.0,6452.0,546.29,NVIDIA GeForce RTX 4070,[N/A],Enabled,Enabled
1701911274.666891,0,GPU-93ae0c7f-c327-aee3-adae-bc0d1dae71ea,0.42,0.45375346034847747,12282.0,6452.0,546.29,NVIDIA GeForce RTX 4070,[N/A],Enabled,Enabled
1701911275.666322,0,GPU-93ae0c7f-c327-aee3-adae-bc0d1dae71ea,0.39,0.45375346034847747,12282.0,6452.0,546.29,NVIDIA GeForce RTX 4070,[N/A],Enabled,Enabled
1701911276.666755,0,GPU-93ae0c7f-c327-aee3-adae-bc0d1dae71ea,0.39,0.45375346034847747,12282.0,6452.0,546.29,NVIDIA GeForce RTX 4070,[N/A],Enabled,Enabled
1701911277.666427,0,GPU-93ae0c7f-c327-aee3-adae-bc0d1dae71ea,0.39,0.45375346034847747,12282.0,6452.0,546.29,NVIDIA GeForce RTX 4070,[N/A],Enabled,Enabled
1701911278.665883,0,GPU-93ae0c7f-c327-aee3-adae-bc0d1dae71ea,0.42,0.45375346034847747,12282.0,6452.0,546.29,NVIDIA GeForce RTX 4070,[N/A],Enabled,Enabled
1701911279.666528,0,GPU-93ae0c7f-c327-aee3-adae-bc0d1dae71ea,0.39,0.45375346034847747,12282.0,6452.0,546.29,NVIDIA GeForce RTX 4070,[N/A],Enabled,Enabled
1701911280.666423,0,GPU-93ae0c7f-c327-aee3-adae-bc0d1dae71ea,0.4,0.45375346034847747,12282.0,6452.0,546.29,NVIDIA GeForce RTX 4070,[N/A],Enabled,Enabled
1701911281.66645,0,GPU-93ae0c7f-c327-aee3-adae-bc0d1dae71ea,0.42,0.45375346034847747,12282.0,6452.0,546.29,NVIDIA GeForce RTX 4070,[N/A],Enabled,Enabled
1701911282.666365,0,GPU-93ae0c7f-c327-aee3-adae-bc0d1dae71ea,0.47,0.45375346034847747,12282.0,6452.0,546.29,NVIDIA GeForce RTX 4070,[N/A],Enabled,Enabled
1701911283.667243,0,GPU-93ae0c7f-c327-aee3-adae-bc0d1dae71ea,0.43,0.45375346034847747,12282.0,6452.0,546.29,NVIDIA GeForce RTX 4070,[N/A],Enabled,Enabled
1701911284.665805,0,GPU-93ae0c7f-c327-aee3-adae-bc0d1dae71ea,0.43,0.45375346034847747,12282.0,6452.0,546.29,NVIDIA GeForce RTX 4070,[N/A],Enabled,Enabled
1701911285.66672,0,GPU-93ae0c7f-c327-aee3-adae-bc0d1dae71ea,0.38,0.45375346034847747,12282.0,6452.0,546.29,NVIDIA GeForce RTX 4070,[N/A],Enabled,Enabled
1701911286.666322,0,GPU-93ae0c7f-c327-aee3-adae-bc0d1dae71ea,0.37,0.45375346034847747,12282.0,6452.0,546.29,NVIDIA GeForce RTX 4070,[N/A],Enabled,Enabled
1701911287.66689,0,GPU-93ae0c7f-c327-aee3-adae-bc0d1dae71ea,0.4,0.45375346034847747,12282.0,6452.0,546.29,NVIDIA GeForce RTX 4070,[N/A],Enabled,Enabled
1701911288.666892,0,GPU-93ae0c7f-c327-aee3-adae-bc0d1dae71ea,0.43,0.45375346034847747,12282.0,6452.0,546.29,NVIDIA GeForce RTX 4070,[N/A],Enabled,Enabled
1701911289.666495,0,GPU-93ae0c7f-c327-aee3-adae-bc0d1dae71ea,0.38,0.45375346034847747,12282.0,6452.0,546.29,NVIDIA GeForce RTX 4070,[N/A],Enabled,Enabled
1701911290.666642,0,GPU-93ae0c7f-c327-aee3-adae-bc0d1dae71ea,0.42,0.45375346034847747,12282.0,6452.0,546.29,NVIDIA GeForce RTX 4070,[N/A],Enabled,Enabled
1701911291.666706,0,GPU-93ae0c7f-c327-aee3-adae-bc0d1dae71ea,0.41,0.45375346034847747,12282.0,6452.0,546.29,NVIDIA GeForce RTX 4070,[N/A],Enabled,Enabled
1701911292.666508,0,GPU-93ae0c7f-c327-aee3-adae-bc0d1dae71ea,0.4,0.45375346034847747,12282.0,6452.0,546.29,NVIDIA GeForce RTX 4070,[N/A],Enabled,Enabled
1701911293.666224,0,GPU-93ae0c7f-c327-aee3-adae-bc0d1dae71ea,0.45,0.45375346034847747,12282.0,6452.0,546.29,NVIDIA GeForce RTX 4070,[N/A],Enabled,Enabled
1701911294.666583,0,GPU-93ae0c7f-c327-aee3-adae-bc0d1dae71ea,0.44,0.45375346034847747,12282.0,6452.0,546.29,NVIDIA GeForce RTX 4070,[N/A],Enabled,Enabled
1701911295.667132,0,GPU-93ae0c7f-c327-aee3-adae-bc0d1dae71ea,0.4,0.45375346034847747,12282.0,6452.0,546.29,NVIDIA GeForce RTX 4070,[N/A],Enabled,Enabled
1701911296.667322,0,GPU-93ae0c7f-c327-aee3-adae-bc0d1dae71ea,0.39,0.45375346034847747,12282.0,6452.0,546.29,NVIDIA GeForce RTX 4070,[N/A],Enabled,Enabled
1701911297.666461,0,GPU-93ae0c7f-c327-aee3-adae-bc0d1dae71ea,0.43,0.45375346034847747,12282.0,6452.0,546.29,NVIDIA GeForce RTX 4070,[N/A],Enabled,Enabled
1701911298.666379,0,GPU-93ae0c7f-c327-aee3-adae-bc0d1dae71ea,0.37,0.45375346034847747,12282.0,6452.0,546.29,NVIDIA GeForce RTX 4070,[N/A],Enabled,Enabled
1701911299.666102,0,GPU-93ae0c7f-c327-aee3-adae-bc0d1dae71ea,0.41,0.45375346034847747,12282.0,6452.0,546.29,NVIDIA GeForce RTX 4070,[N/A],Enabled,Enabled
1701911300.666162,0,GPU-93ae0c7f-c327-aee3-adae-bc0d1dae71ea,0.41,0.45375346034847747,12282.0,6452.0,546.29,NVIDIA GeForce RTX 4070,[N/A],Enabled,Enabled
1701911301.667112,0,GPU-93ae0c7f-c327-aee3-adae-bc0d1dae71ea,0.4,0.45375346034847747,12282.0,6452.0,546.29,NVIDIA GeForce RTX 4070,[N/A],Enabled,Enabled
1701911302.666497,0,GPU-93ae0c7f-c327-aee3-adae-bc0d1dae71ea,0.44,0.45375346034847747,12282.0,6452.0,546.29,NVIDIA GeForce RTX 4070,[N/A],Enabled,Enabled
1701911303.666587,0,GPU-93ae0c7f-c327-aee3-adae-bc0d1dae71ea,0.42,0.45375346034847747,12282.0,6452.0,546.29,NVIDIA GeForce RTX 4070,[N/A],Enabled,Enabled
1701911304.667263,0,GPU-93ae0c7f-c327-aee3-adae-bc0d1dae71ea,0.4,0.45375346034847747,12282.0,6452.0,546.29,NVIDIA GeForce RTX 4070,[N/A],Enabled,Enabled
1701911305.665767,0,GPU-93ae0c7f-c327-aee3-adae-bc0d1dae71ea,0.42,0.45375346034847747,12282.0,6452.0,546.29,NVIDIA GeForce RTX 4070,[N/A],Enabled,Enabled
1701911306.666671,0,GPU-93ae0c7f-c327-aee3-adae-bc0d1dae71ea,0.38,0.45375346034847747,12282.0,6452.0,546.29,NVIDIA GeForce RTX 4070,[N/A],Enabled,Enabled
1701911307.666489,0,GPU-93ae0c7f-c327-aee3-adae-bc0d1dae71ea,0.42,0.45375346034847747,12282.0,6452.0,546.29,NVIDIA GeForce RTX 4070,[N/A],Enabled,Enabled
1701911308.667453,0,GPU-93ae0c7f-c327-aee3-adae-bc0d1dae71ea,0.36,0.45375346034847747,12282.0,6452.0,546.29,NVIDIA GeForce RTX 4070,[N/A],Enabled,Enabled
1701911309.666351,0,GPU-93ae0c7f-c327-aee3-adae-bc0d1dae71ea,0.43,0.45375346034847747,12282.0,6452.0,546.29,NVIDIA GeForce RTX 4070,[N/A],Enabled,Enabled
1701911310.666729,0,GPU-93ae0c7f-c327-aee3-adae-bc0d1dae71ea,0.33,0.45375346034847747,12282.0,6452.0,546.29,NVIDIA GeForce RTX 4070,[N/A],Enabled,Enabled
1701911311.666244,0,GPU-93ae0c7f-c327-aee3-adae-bc0d1dae71ea,0.35,0.45375346034847747,12282.0,6452.0,546.29,NVIDIA GeForce RTX 4070,[N/A],Enabled,Enabled
1701911312.666964,0,GPU-93ae0c7f-c327-aee3-adae-bc0d1dae71ea,0.29,0.4519622211366227,12282.0,6474.0,546.29,NVIDIA GeForce RTX 4070,[N/A],Enabled,Enabled
1701911313.66659,0,GPU-93ae0c7f-c327-aee3-adae-bc0d1dae71ea,0.3,0.4519622211366227,12282.0,6474.0,546.29,NVIDIA GeForce RTX 4070,[N/A],Enabled,Enabled
1701911314.665854,0,GPU-93ae0c7f-c327-aee3-adae-bc0d1dae71ea,0.27,0.44764696303533624,12282.0,6527.0,546.29,NVIDIA GeForce RTX 4070,[N/A],Enabled,Enabled
1701911315.666954,0,GPU-93ae0c7f-c327-aee3-adae-bc0d1dae71ea,0.29,0.4519622211366227,12282.0,6474.0,546.29,NVIDIA GeForce RTX 4070,[N/A],Enabled,Enabled
1701911316.666133,0,GPU-93ae0c7f-c327-aee3-adae-bc0d1dae71ea,0.28,0.44764696303533624,12282.0,6527.0,546.29,NVIDIA GeForce RTX 4070,[N/A],Enabled,Enabled
1701911317.666782,0,GPU-93ae0c7f-c327-aee3-adae-bc0d1dae71ea,0.28,0.44764696303533624,12282.0,6527.0,546.29,NVIDIA GeForce RTX 4070,[N/A],Enabled,Enabled
1701911318.666259,0,GPU-93ae0c7f-c327-aee3-adae-bc0d1dae71ea,0.28,0.4519622211366227,12282.0,6474.0,546.29,NVIDIA GeForce RTX 4070,[N/A],Enabled,Enabled
1701911319.666932,0,GPU-93ae0c7f-c327-aee3-adae-bc0d1dae71ea,0.27,0.44764696303533624,12282.0,6527.0,546.29,NVIDIA GeForce RTX 4070,[N/A],Enabled,Enabled
1701911320.666611,0,GPU-93ae0c7f-c327-aee3-adae-bc0d1dae71ea,0.27,0.44764696303533624,12282.0,6527.0,546.29,NVIDIA GeForce RTX 4070,[N/A],Enabled,Enabled
1701911321.66678,0,GPU-93ae0c7f-c327-aee3-adae-bc0d1dae71ea,0.14,0.2632307441784726,12282.0,8792.0,546.29,NVIDIA GeForce RTX 4070,[N/A],Enabled,Enabled
1701911322.666426,0,GPU-93ae0c7f-c327-aee3-adae-bc0d1dae71ea,0.19,0.2632307441784726,12282.0,8792.0,546.29,NVIDIA GeForce RTX 4070,[N/A],Enabled,Enabled
1701911323.666983,0,GPU-93ae0c7f-c327-aee3-adae-bc0d1dae71ea,0.18,0.2632307441784726,12282.0,8792.0,546.29,NVIDIA GeForce RTX 4070,[N/A],Enabled,Enabled
1701911324.666614,0,GPU-93ae0c7f-c327-aee3-adae-bc0d1dae71ea,0.17,0.263393584106823,12282.0,8790.0,546.29,NVIDIA GeForce RTX 4070,[N/A],Enabled,Enabled
1701911325.66623,0,GPU-93ae0c7f-c327-aee3-adae-bc0d1dae71ea,0.17,0.2634750040709982,12282.0,8789.0,546.29,NVIDIA GeForce RTX 4070,[N/A],Enabled,Enabled
1701911326.666955,0,GPU-93ae0c7f-c327-aee3-adae-bc0d1dae71ea,0.17,0.263393584106823,12282.0,8790.0,546.29,NVIDIA GeForce RTX 4070,[N/A],Enabled,Enabled
1701911327.666173,0,GPU-93ae0c7f-c327-aee3-adae-bc0d1dae71ea,0.17,0.26917440156326333,12282.0,8719.0,546.29,NVIDIA GeForce RTX 4070,[N/A],Enabled,Enabled
1701911328.666747,0,GPU-93ae0c7f-c327-aee3-adae-bc0d1dae71ea,0.16,0.26917440156326333,12282.0,8719.0,546.29,NVIDIA GeForce RTX 4070,[N/A],Enabled,Enabled
1701911329.666257,0,GPU-93ae0c7f-c327-aee3-adae-bc0d1dae71ea,0.16,0.26917440156326333,12282.0,8719.0,546.29,NVIDIA GeForce RTX 4070,[N/A],Enabled,Enabled
