timestamp,id,uuid,load,memoryUtil,memoryTotal,memoryUsed,memoryFree,driver,name,serial,display_mode,display_active
1701798785.231279,0,GPU-93ae0c7f-c327-aee3-adae-bc0d1dae71ea,0.14,0.7432828529555447,12282.0,2896.0,546.29,NVIDIA GeForce RTX 4070,[N/A],Enabled,Enabled
1701798786.226604,0,GPU-93ae0c7f-c327-aee3-adae-bc0d1dae71ea,0.13,0.7522390490148184,12282.0,2786.0,546.29,NVIDIA GeForce RTX 4070,[N/A],Enabled,Enabled
1701798787.226504,0,GPU-93ae0c7f-c327-aee3-adae-bc0d1dae71ea,0.11,0.8454649079954405,12282.0,1641.0,546.29,NVIDIA GeForce RTX 4070,[N/A],Enabled,Enabled
1701798788.227593,0,GPU-93ae0c7f-c327-aee3-adae-bc0d1dae71ea,0.07,0.813955381859632,12282.0,2028.0,546.29,NVIDIA GeForce RTX 4070,[N/A],Enabled,Enabled
1701798789.226484,0,GPU-93ae0c7f-c327-aee3-adae-bc0d1dae71ea,0.07,0.813955381859632,12282.0,2028.0,546.29,NVIDIA GeForce RTX 4070,[N/A],Enabled,Enabled
1701798790.227051,0,GPU-93ae0c7f-c327-aee3-adae-bc0d1dae71ea,0.07,0.813955381859632,12282.0,2028.0,546.29,NVIDIA GeForce RTX 4070,[N/A],Enabled,Enabled
1701798791.226941,0,GPU-93ae0c7f-c327-aee3-adae-bc0d1dae71ea,0.56,0.919231395538186,12282.0,735.0,546.29,NVIDIA GeForce RTX 4070,[N/A],Enabled,Enabled
1701798792.227474,0,GPU-93ae0c7f-c327-aee3-adae-bc0d1dae71ea,0.29,0.9082397003745318,12282.0,870.0,546.29,NVIDIA GeForce RTX 4070,[N/A],Enabled,Enabled
1701798793.227124,0,GPU-93ae0c7f-c327-aee3-adae-bc0d1dae71ea,0.71,0.922651034033545,12282.0,693.0,546.29,NVIDIA GeForce RTX 4070,[N/A],Enabled,Enabled
1701798794.227055,0,GPU-93ae0c7f-c327-aee3-adae-bc0d1dae71ea,0.87,0.8560495033382185,12282.0,1511.0,546.29,NVIDIA GeForce RTX 4070,[N/A],Enabled,Enabled
1701798795.227134,0,GPU-93ae0c7f-c327-aee3-adae-bc0d1dae71ea,0.17,0.9184171958964338,12282.0,745.0,546.29,NVIDIA GeForce RTX 4070,[N/A],Enabled,Enabled
1701798796.227285,0,GPU-93ae0c7f-c327-aee3-adae-bc0d1dae71ea,0.17,0.9176844162188569,12282.0,754.0,546.29,NVIDIA GeForce RTX 4070,[N/A],Enabled,Enabled
1701798797.226592,0,GPU-93ae0c7f-c327-aee3-adae-bc0d1dae71ea,0.24,0.9190685556098356,12282.0,737.0,546.29,NVIDIA GeForce RTX 4070,[N/A],Enabled,Enabled
1701798798.227247,0,GPU-93ae0c7f-c327-aee3-adae-bc0d1dae71ea,0.27,0.9228952939260707,12282.0,690.0,546.29,NVIDIA GeForce RTX 4070,[N/A],Enabled,Enabled
1701798799.227441,0,GPU-93ae0c7f-c327-aee3-adae-bc0d1dae71ea,0.37,0.9189871356456604,12282.0,738.0,546.29,NVIDIA GeForce RTX 4070,[N/A],Enabled,Enabled
1701798800.227125,0,GPU-93ae0c7f-c327-aee3-adae-bc0d1dae71ea,1.0,0.9241980133528741,12282.0,674.0,546.29,NVIDIA GeForce RTX 4070,[N/A],Enabled,Enabled
1701798801.226695,0,GPU-93ae0c7f-c327-aee3-adae-bc0d1dae71ea,0.18,0.9240351734245237,12282.0,676.0,546.29,NVIDIA GeForce RTX 4070,[N/A],Enabled,Enabled
1701798802.227129,0,GPU-93ae0c7f-c327-aee3-adae-bc0d1dae71ea,0.2,0.9239537534603485,12282.0,677.0,546.29,NVIDIA GeForce RTX 4070,[N/A],Enabled,Enabled
1701798803.227309,0,GPU-93ae0c7f-c327-aee3-adae-bc0d1dae71ea,0.25,0.9196384953590621,12282.0,730.0,546.29,NVIDIA GeForce RTX 4070,[N/A],Enabled,Enabled
1701798804.226878,0,GPU-93ae0c7f-c327-aee3-adae-bc0d1dae71ea,0.25,0.9196384953590621,12282.0,730.0,546.29,NVIDIA GeForce RTX 4070,[N/A],Enabled,Enabled
1701798805.227039,0,GPU-93ae0c7f-c327-aee3-adae-bc0d1dae71ea,0.25,0.9197199153232373,12282.0,729.0,546.29,NVIDIA GeForce RTX 4070,[N/A],Enabled,Enabled
1701798806.226591,0,GPU-93ae0c7f-c327-aee3-adae-bc0d1dae71ea,0.29,0.9239537534603485,12282.0,677.0,546.29,NVIDIA GeForce RTX 4070,[N/A],Enabled,Enabled
1701798807.226506,0,GPU-93ae0c7f-c327-aee3-adae-bc0d1dae71ea,0.28,0.9236280736036476,12282.0,681.0,546.29,NVIDIA GeForce RTX 4070,[N/A],Enabled,Enabled
1701798808.226947,0,GPU-93ae0c7f-c327-aee3-adae-bc0d1dae71ea,0.27,0.9236280736036476,12282.0,681.0,546.29,NVIDIA GeForce RTX 4070,[N/A],Enabled,Enabled
1701798809.227094,0,GPU-93ae0c7f-c327-aee3-adae-bc0d1dae71ea,0.26,0.9193128155023612,12282.0,734.0,546.29,NVIDIA GeForce RTX 4070,[N/A],Enabled,Enabled
1701798810.227153,0,GPU-93ae0c7f-c327-aee3-adae-bc0d1dae71ea,0.29,0.9236280736036476,12282.0,681.0,546.29,NVIDIA GeForce RTX 4070,[N/A],Enabled,Enabled
1701798811.227049,0,GPU-93ae0c7f-c327-aee3-adae-bc0d1dae71ea,0.26,0.9236280736036476,12282.0,681.0,546.29,NVIDIA GeForce RTX 4070,[N/A],Enabled,Enabled
1701798812.227246,0,GPU-93ae0c7f-c327-aee3-adae-bc0d1dae71ea,0.36,0.9273733919557076,12282.0,635.0,546.29,NVIDIA GeForce RTX 4070,[N/A],Enabled,Enabled
1701798813.227413,0,GPU-93ae0c7f-c327-aee3-adae-bc0d1dae71ea,0.41,0.9273733919557076,12282.0,635.0,546.29,NVIDIA GeForce RTX 4070,[N/A],Enabled,Enabled
1701798814.227771,0,GPU-93ae0c7f-c327-aee3-adae-bc0d1dae71ea,0.38,0.9273733919557076,12282.0,635.0,546.29,NVIDIA GeForce RTX 4070,[N/A],Enabled,Enabled
1701798815.227113,0,GPU-93ae0c7f-c327-aee3-adae-bc0d1dae71ea,0.4,0.9273733919557076,12282.0,635.0,546.29,NVIDIA GeForce RTX 4070,[N/A],Enabled,Enabled
1701798816.227039,0,GPU-93ae0c7f-c327-aee3-adae-bc0d1dae71ea,0.4,0.9273733919557076,12282.0,635.0,546.29,NVIDIA GeForce RTX 4070,[N/A],Enabled,Enabled
1701798817.226918,0,GPU-93ae0c7f-c327-aee3-adae-bc0d1dae71ea,0.38,0.9273733919557076,12282.0,635.0,546.29,NVIDIA GeForce RTX 4070,[N/A],Enabled,Enabled
1701798818.22705,0,GPU-93ae0c7f-c327-aee3-adae-bc0d1dae71ea,0.35,0.9273733919557076,12282.0,635.0,546.29,NVIDIA GeForce RTX 4070,[N/A],Enabled,Enabled
1701798819.227775,0,GPU-93ae0c7f-c327-aee3-adae-bc0d1dae71ea,0.4,0.9273733919557076,12282.0,635.0,546.29,NVIDIA GeForce RTX 4070,[N/A],Enabled,Enabled
1701798820.227461,0,GPU-93ae0c7f-c327-aee3-adae-bc0d1dae71ea,0.36,0.9273733919557076,12282.0,635.0,546.29,NVIDIA GeForce RTX 4070,[N/A],Enabled,Enabled
1701798821.226759,0,GPU-93ae0c7f-c327-aee3-adae-bc0d1dae71ea,0.34,0.9273733919557076,12282.0,635.0,546.29,NVIDIA GeForce RTX 4070,[N/A],Enabled,Enabled
1701798822.227088,0,GPU-93ae0c7f-c327-aee3-adae-bc0d1dae71ea,0.36,0.9273733919557076,12282.0,635.0,546.29,NVIDIA GeForce RTX 4070,[N/A],Enabled,Enabled
1701798823.226735,0,GPU-93ae0c7f-c327-aee3-adae-bc0d1dae71ea,0.41,0.9273733919557076,12282.0,635.0,546.29,NVIDIA GeForce RTX 4070,[N/A],Enabled,Enabled
1701798824.227391,0,GPU-93ae0c7f-c327-aee3-adae-bc0d1dae71ea,0.37,0.9273733919557076,12282.0,635.0,546.29,NVIDIA GeForce RTX 4070,[N/A],Enabled,Enabled
1701798825.227353,0,GPU-93ae0c7f-c327-aee3-adae-bc0d1dae71ea,0.37,0.9273733919557076,12282.0,635.0,546.29,NVIDIA GeForce RTX 4070,[N/A],Enabled,Enabled
1701798826.22756,0,GPU-93ae0c7f-c327-aee3-adae-bc0d1dae71ea,0.38,0.9273733919557076,12282.0,635.0,546.29,NVIDIA GeForce RTX 4070,[N/A],Enabled,Enabled
1701798827.227223,0,GPU-93ae0c7f-c327-aee3-adae-bc0d1dae71ea,0.41,0.9273733919557076,12282.0,635.0,546.29,NVIDIA GeForce RTX 4070,[N/A],Enabled,Enabled
1701798828.226449,0,GPU-93ae0c7f-c327-aee3-adae-bc0d1dae71ea,0.36,0.9273733919557076,12282.0,635.0,546.29,NVIDIA GeForce RTX 4070,[N/A],Enabled,Enabled
1701798829.226719,0,GPU-93ae0c7f-c327-aee3-adae-bc0d1dae71ea,0.41,0.9273733919557076,12282.0,635.0,546.29,NVIDIA GeForce RTX 4070,[N/A],Enabled,Enabled
1701798830.227526,0,GPU-93ae0c7f-c327-aee3-adae-bc0d1dae71ea,0.34,0.9273733919557076,12282.0,635.0,546.29,NVIDIA GeForce RTX 4070,[N/A],Enabled,Enabled
1701798831.227707,0,GPU-93ae0c7f-c327-aee3-adae-bc0d1dae71ea,0.36,0.9273733919557076,12282.0,635.0,546.29,NVIDIA GeForce RTX 4070,[N/A],Enabled,Enabled
1701798832.226482,0,GPU-93ae0c7f-c327-aee3-adae-bc0d1dae71ea,0.35,0.9273733919557076,12282.0,635.0,546.29,NVIDIA GeForce RTX 4070,[N/A],Enabled,Enabled
1701798833.227321,0,GPU-93ae0c7f-c327-aee3-adae-bc0d1dae71ea,0.39,0.9273733919557076,12282.0,635.0,546.29,NVIDIA GeForce RTX 4070,[N/A],Enabled,Enabled
1701798834.227006,0,GPU-93ae0c7f-c327-aee3-adae-bc0d1dae71ea,0.41,0.9273733919557076,12282.0,635.0,546.29,NVIDIA GeForce RTX 4070,[N/A],Enabled,Enabled
1701798835.226456,0,GPU-93ae0c7f-c327-aee3-adae-bc0d1dae71ea,0.41,0.9273733919557076,12282.0,635.0,546.29,NVIDIA GeForce RTX 4070,[N/A],Enabled,Enabled
1701798836.226474,0,GPU-93ae0c7f-c327-aee3-adae-bc0d1dae71ea,0.39,0.9273733919557076,12282.0,635.0,546.29,NVIDIA GeForce RTX 4070,[N/A],Enabled,Enabled
1701798837.227657,0,GPU-93ae0c7f-c327-aee3-adae-bc0d1dae71ea,0.4,0.9273733919557076,12282.0,635.0,546.29,NVIDIA GeForce RTX 4070,[N/A],Enabled,Enabled
1701798838.227357,0,GPU-93ae0c7f-c327-aee3-adae-bc0d1dae71ea,0.39,0.9273733919557076,12282.0,635.0,546.29,NVIDIA GeForce RTX 4070,[N/A],Enabled,Enabled
1701798839.227752,0,GPU-93ae0c7f-c327-aee3-adae-bc0d1dae71ea,0.41,0.9273733919557076,12282.0,635.0,546.29,NVIDIA GeForce RTX 4070,[N/A],Enabled,Enabled
1701798840.226894,0,GPU-93ae0c7f-c327-aee3-adae-bc0d1dae71ea,0.39,0.9273733919557076,12282.0,635.0,546.29,NVIDIA GeForce RTX 4070,[N/A],Enabled,Enabled
1701798841.226881,0,GPU-93ae0c7f-c327-aee3-adae-bc0d1dae71ea,0.34,0.9273733919557076,12282.0,635.0,546.29,NVIDIA GeForce RTX 4070,[N/A],Enabled,Enabled
1701798842.226985,0,GPU-93ae0c7f-c327-aee3-adae-bc0d1dae71ea,0.37,0.9273733919557076,12282.0,635.0,546.29,NVIDIA GeForce RTX 4070,[N/A],Enabled,Enabled
1701798843.227022,0,GPU-93ae0c7f-c327-aee3-adae-bc0d1dae71ea,0.35,0.9273733919557076,12282.0,635.0,546.29,NVIDIA GeForce RTX 4070,[N/A],Enabled,Enabled
1701798844.227025,0,GPU-93ae0c7f-c327-aee3-adae-bc0d1dae71ea,0.38,0.9273733919557076,12282.0,635.0,546.29,NVIDIA GeForce RTX 4070,[N/A],Enabled,Enabled
1701798845.226947,0,GPU-93ae0c7f-c327-aee3-adae-bc0d1dae71ea,0.37,0.9273733919557076,12282.0,635.0,546.29,NVIDIA GeForce RTX 4070,[N/A],Enabled,Enabled
1701798846.227422,0,GPU-93ae0c7f-c327-aee3-adae-bc0d1dae71ea,0.37,0.9273733919557076,12282.0,635.0,546.29,NVIDIA GeForce RTX 4070,[N/A],Enabled,Enabled
1701798847.226719,0,GPU-93ae0c7f-c327-aee3-adae-bc0d1dae71ea,0.39,0.9273733919557076,12282.0,635.0,546.29,NVIDIA GeForce RTX 4070,[N/A],Enabled,Enabled
1701798848.226974,0,GPU-93ae0c7f-c327-aee3-adae-bc0d1dae71ea,0.34,0.9273733919557076,12282.0,635.0,546.29,NVIDIA GeForce RTX 4070,[N/A],Enabled,Enabled
1701798849.22737,0,GPU-93ae0c7f-c327-aee3-adae-bc0d1dae71ea,0.36,0.9273733919557076,12282.0,635.0,546.29,NVIDIA GeForce RTX 4070,[N/A],Enabled,Enabled
1701798850.227015,0,GPU-93ae0c7f-c327-aee3-adae-bc0d1dae71ea,0.37,0.9273733919557076,12282.0,635.0,546.29,NVIDIA GeForce RTX 4070,[N/A],Enabled,Enabled
1701798851.227085,0,GPU-93ae0c7f-c327-aee3-adae-bc0d1dae71ea,0.37,0.9273733919557076,12282.0,635.0,546.29,NVIDIA GeForce RTX 4070,[N/A],Enabled,Enabled
1701798852.227592,0,GPU-93ae0c7f-c327-aee3-adae-bc0d1dae71ea,0.37,0.9273733919557076,12282.0,635.0,546.29,NVIDIA GeForce RTX 4070,[N/A],Enabled,Enabled
1701798853.227205,0,GPU-93ae0c7f-c327-aee3-adae-bc0d1dae71ea,0.39,0.9273733919557076,12282.0,635.0,546.29,NVIDIA GeForce RTX 4070,[N/A],Enabled,Enabled
1701798854.226937,0,GPU-93ae0c7f-c327-aee3-adae-bc0d1dae71ea,0.36,0.9273733919557076,12282.0,635.0,546.29,NVIDIA GeForce RTX 4070,[N/A],Enabled,Enabled
1701798855.226724,0,GPU-93ae0c7f-c327-aee3-adae-bc0d1dae71ea,0.43,0.9273733919557076,12282.0,635.0,546.29,NVIDIA GeForce RTX 4070,[N/A],Enabled,Enabled
1701798856.226896,0,GPU-93ae0c7f-c327-aee3-adae-bc0d1dae71ea,0.35,0.9273733919557076,12282.0,635.0,546.29,NVIDIA GeForce RTX 4070,[N/A],Enabled,Enabled
1701798857.226765,0,GPU-93ae0c7f-c327-aee3-adae-bc0d1dae71ea,0.34,0.9273733919557076,12282.0,635.0,546.29,NVIDIA GeForce RTX 4070,[N/A],Enabled,Enabled
1701798858.227562,0,GPU-93ae0c7f-c327-aee3-adae-bc0d1dae71ea,0.34,0.9273733919557076,12282.0,635.0,546.29,NVIDIA GeForce RTX 4070,[N/A],Enabled,Enabled
1701798859.227389,0,GPU-93ae0c7f-c327-aee3-adae-bc0d1dae71ea,0.4,0.9273733919557076,12282.0,635.0,546.29,NVIDIA GeForce RTX 4070,[N/A],Enabled,Enabled
1701798860.226913,0,GPU-93ae0c7f-c327-aee3-adae-bc0d1dae71ea,0.34,0.9273733919557076,12282.0,635.0,546.29,NVIDIA GeForce RTX 4070,[N/A],Enabled,Enabled
1701798861.227222,0,GPU-93ae0c7f-c327-aee3-adae-bc0d1dae71ea,0.4,0.9273733919557076,12282.0,635.0,546.29,NVIDIA GeForce RTX 4070,[N/A],Enabled,Enabled
1701798862.227559,0,GPU-93ae0c7f-c327-aee3-adae-bc0d1dae71ea,0.36,0.9290832112033871,12282.0,614.0,546.29,NVIDIA GeForce RTX 4070,[N/A],Enabled,Enabled
1701798863.226925,0,GPU-93ae0c7f-c327-aee3-adae-bc0d1dae71ea,0.35,0.9290832112033871,12282.0,614.0,546.29,NVIDIA GeForce RTX 4070,[N/A],Enabled,Enabled
1701798864.226804,0,GPU-93ae0c7f-c327-aee3-adae-bc0d1dae71ea,0.37,0.9290832112033871,12282.0,614.0,546.29,NVIDIA GeForce RTX 4070,[N/A],Enabled,Enabled
1701798865.226797,0,GPU-93ae0c7f-c327-aee3-adae-bc0d1dae71ea,0.42,0.9290832112033871,12282.0,614.0,546.29,NVIDIA GeForce RTX 4070,[N/A],Enabled,Enabled
1701798866.227157,0,GPU-93ae0c7f-c327-aee3-adae-bc0d1dae71ea,0.39,0.9290832112033871,12282.0,614.0,546.29,NVIDIA GeForce RTX 4070,[N/A],Enabled,Enabled
1701798867.226898,0,GPU-93ae0c7f-c327-aee3-adae-bc0d1dae71ea,0.4,0.9290832112033871,12282.0,614.0,546.29,NVIDIA GeForce RTX 4070,[N/A],Enabled,Enabled
1701798868.226661,0,GPU-93ae0c7f-c327-aee3-adae-bc0d1dae71ea,0.38,0.9290832112033871,12282.0,614.0,546.29,NVIDIA GeForce RTX 4070,[N/A],Enabled,Enabled
1701798869.227438,0,GPU-93ae0c7f-c327-aee3-adae-bc0d1dae71ea,0.38,0.9290832112033871,12282.0,614.0,546.29,NVIDIA GeForce RTX 4070,[N/A],Enabled,Enabled
1701798870.227909,0,GPU-93ae0c7f-c327-aee3-adae-bc0d1dae71ea,0.37,0.9290832112033871,12282.0,614.0,546.29,NVIDIA GeForce RTX 4070,[N/A],Enabled,Enabled
1701798871.227123,0,GPU-93ae0c7f-c327-aee3-adae-bc0d1dae71ea,0.4,0.9290832112033871,12282.0,614.0,546.29,NVIDIA GeForce RTX 4070,[N/A],Enabled,Enabled
1701798872.226955,0,GPU-93ae0c7f-c327-aee3-adae-bc0d1dae71ea,0.38,0.9290832112033871,12282.0,614.0,546.29,NVIDIA GeForce RTX 4070,[N/A],Enabled,Enabled
1701798873.226752,0,GPU-93ae0c7f-c327-aee3-adae-bc0d1dae71ea,0.36,0.9290832112033871,12282.0,614.0,546.29,NVIDIA GeForce RTX 4070,[N/A],Enabled,Enabled
1701798874.226665,0,GPU-93ae0c7f-c327-aee3-adae-bc0d1dae71ea,0.38,0.9290832112033871,12282.0,614.0,546.29,NVIDIA GeForce RTX 4070,[N/A],Enabled,Enabled
1701798875.227532,0,GPU-93ae0c7f-c327-aee3-adae-bc0d1dae71ea,0.37,0.9290832112033871,12282.0,614.0,546.29,NVIDIA GeForce RTX 4070,[N/A],Enabled,Enabled
1701798876.227114,0,GPU-93ae0c7f-c327-aee3-adae-bc0d1dae71ea,0.4,0.9290017912392119,12282.0,615.0,546.29,NVIDIA GeForce RTX 4070,[N/A],Enabled,Enabled
1701798877.227506,0,GPU-93ae0c7f-c327-aee3-adae-bc0d1dae71ea,0.39,0.9290017912392119,12282.0,615.0,546.29,NVIDIA GeForce RTX 4070,[N/A],Enabled,Enabled
1701798878.227336,0,GPU-93ae0c7f-c327-aee3-adae-bc0d1dae71ea,0.38,0.9290017912392119,12282.0,615.0,546.29,NVIDIA GeForce RTX 4070,[N/A],Enabled,Enabled
1701798879.227424,0,GPU-93ae0c7f-c327-aee3-adae-bc0d1dae71ea,0.4,0.9290017912392119,12282.0,615.0,546.29,NVIDIA GeForce RTX 4070,[N/A],Enabled,Enabled
1701798880.227,0,GPU-93ae0c7f-c327-aee3-adae-bc0d1dae71ea,0.39,0.9290017912392119,12282.0,615.0,546.29,NVIDIA GeForce RTX 4070,[N/A],Enabled,Enabled
1701798881.226608,0,GPU-93ae0c7f-c327-aee3-adae-bc0d1dae71ea,0.37,0.9290017912392119,12282.0,615.0,546.29,NVIDIA GeForce RTX 4070,[N/A],Enabled,Enabled
1701798882.226624,0,GPU-93ae0c7f-c327-aee3-adae-bc0d1dae71ea,0.4,0.9290017912392119,12282.0,615.0,546.29,NVIDIA GeForce RTX 4070,[N/A],Enabled,Enabled
1701798883.226866,0,GPU-93ae0c7f-c327-aee3-adae-bc0d1dae71ea,0.41,0.9290017912392119,12282.0,615.0,546.29,NVIDIA GeForce RTX 4070,[N/A],Enabled,Enabled
1701798884.226646,0,GPU-93ae0c7f-c327-aee3-adae-bc0d1dae71ea,0.37,0.9290017912392119,12282.0,615.0,546.29,NVIDIA GeForce RTX 4070,[N/A],Enabled,Enabled
1701798885.226974,0,GPU-93ae0c7f-c327-aee3-adae-bc0d1dae71ea,0.45,0.9290017912392119,12282.0,615.0,546.29,NVIDIA GeForce RTX 4070,[N/A],Enabled,Enabled
1701798886.227961,0,GPU-93ae0c7f-c327-aee3-adae-bc0d1dae71ea,0.37,0.9290017912392119,12282.0,615.0,546.29,NVIDIA GeForce RTX 4070,[N/A],Enabled,Enabled
1701798887.227532,0,GPU-93ae0c7f-c327-aee3-adae-bc0d1dae71ea,0.35,0.9290017912392119,12282.0,615.0,546.29,NVIDIA GeForce RTX 4070,[N/A],Enabled,Enabled
1701798888.227009,0,GPU-93ae0c7f-c327-aee3-adae-bc0d1dae71ea,0.38,0.9290017912392119,12282.0,615.0,546.29,NVIDIA GeForce RTX 4070,[N/A],Enabled,Enabled
1701798889.228138,0,GPU-93ae0c7f-c327-aee3-adae-bc0d1dae71ea,0.4,0.9290017912392119,12282.0,615.0,546.29,NVIDIA GeForce RTX 4070,[N/A],Enabled,Enabled
1701798890.227188,0,GPU-93ae0c7f-c327-aee3-adae-bc0d1dae71ea,0.38,0.9290017912392119,12282.0,615.0,546.29,NVIDIA GeForce RTX 4070,[N/A],Enabled,Enabled
1701798891.227259,0,GPU-93ae0c7f-c327-aee3-adae-bc0d1dae71ea,0.38,0.9290017912392119,12282.0,615.0,546.29,NVIDIA GeForce RTX 4070,[N/A],Enabled,Enabled
1701798892.226892,0,GPU-93ae0c7f-c327-aee3-adae-bc0d1dae71ea,0.38,0.9290017912392119,12282.0,615.0,546.29,NVIDIA GeForce RTX 4070,[N/A],Enabled,Enabled
1701798893.227307,0,GPU-93ae0c7f-c327-aee3-adae-bc0d1dae71ea,0.38,0.9290017912392119,12282.0,615.0,546.29,NVIDIA GeForce RTX 4070,[N/A],Enabled,Enabled
1701798894.226674,0,GPU-93ae0c7f-c327-aee3-adae-bc0d1dae71ea,0.33,0.9290017912392119,12282.0,615.0,546.29,NVIDIA GeForce RTX 4070,[N/A],Enabled,Enabled
1701798895.227042,0,GPU-93ae0c7f-c327-aee3-adae-bc0d1dae71ea,0.42,0.9290017912392119,12282.0,615.0,546.29,NVIDIA GeForce RTX 4070,[N/A],Enabled,Enabled
1701798896.227559,0,GPU-93ae0c7f-c327-aee3-adae-bc0d1dae71ea,0.36,0.9290017912392119,12282.0,615.0,546.29,NVIDIA GeForce RTX 4070,[N/A],Enabled,Enabled
1701798897.226475,0,GPU-93ae0c7f-c327-aee3-adae-bc0d1dae71ea,0.37,0.9290017912392119,12282.0,615.0,546.29,NVIDIA GeForce RTX 4070,[N/A],Enabled,Enabled
1701798898.227987,0,GPU-93ae0c7f-c327-aee3-adae-bc0d1dae71ea,0.35,0.9290017912392119,12282.0,615.0,546.29,NVIDIA GeForce RTX 4070,[N/A],Enabled,Enabled
1701798899.227462,0,GPU-93ae0c7f-c327-aee3-adae-bc0d1dae71ea,0.36,0.9290017912392119,12282.0,615.0,546.29,NVIDIA GeForce RTX 4070,[N/A],Enabled,Enabled
1701798900.226692,0,GPU-93ae0c7f-c327-aee3-adae-bc0d1dae71ea,0.37,0.9290017912392119,12282.0,615.0,546.29,NVIDIA GeForce RTX 4070,[N/A],Enabled,Enabled
1701798901.227127,0,GPU-93ae0c7f-c327-aee3-adae-bc0d1dae71ea,0.36,0.9290017912392119,12282.0,615.0,546.29,NVIDIA GeForce RTX 4070,[N/A],Enabled,Enabled
1701798902.226465,0,GPU-93ae0c7f-c327-aee3-adae-bc0d1dae71ea,0.37,0.9290017912392119,12282.0,615.0,546.29,NVIDIA GeForce RTX 4070,[N/A],Enabled,Enabled
1701798903.227104,0,GPU-93ae0c7f-c327-aee3-adae-bc0d1dae71ea,0.42,0.9290017912392119,12282.0,615.0,546.29,NVIDIA GeForce RTX 4070,[N/A],Enabled,Enabled
1701798904.227404,0,GPU-93ae0c7f-c327-aee3-adae-bc0d1dae71ea,0.35,0.9290017912392119,12282.0,615.0,546.29,NVIDIA GeForce RTX 4070,[N/A],Enabled,Enabled
1701798905.226848,0,GPU-93ae0c7f-c327-aee3-adae-bc0d1dae71ea,0.44,0.9290017912392119,12282.0,615.0,546.29,NVIDIA GeForce RTX 4070,[N/A],Enabled,Enabled
1701798906.227059,0,GPU-93ae0c7f-c327-aee3-adae-bc0d1dae71ea,0.35,0.9290017912392119,12282.0,615.0,546.29,NVIDIA GeForce RTX 4070,[N/A],Enabled,Enabled
1701798907.227128,0,GPU-93ae0c7f-c327-aee3-adae-bc0d1dae71ea,0.42,0.9290017912392119,12282.0,615.0,546.29,NVIDIA GeForce RTX 4070,[N/A],Enabled,Enabled
1701798908.226516,0,GPU-93ae0c7f-c327-aee3-adae-bc0d1dae71ea,0.38,0.9290017912392119,12282.0,615.0,546.29,NVIDIA GeForce RTX 4070,[N/A],Enabled,Enabled
1701798909.227213,0,GPU-93ae0c7f-c327-aee3-adae-bc0d1dae71ea,0.41,0.9290017912392119,12282.0,615.0,546.29,NVIDIA GeForce RTX 4070,[N/A],Enabled,Enabled
1701798910.227389,0,GPU-93ae0c7f-c327-aee3-adae-bc0d1dae71ea,0.38,0.9290017912392119,12282.0,615.0,546.29,NVIDIA GeForce RTX 4070,[N/A],Enabled,Enabled
1701798911.226562,0,GPU-93ae0c7f-c327-aee3-adae-bc0d1dae71ea,0.37,0.9290017912392119,12282.0,615.0,546.29,NVIDIA GeForce RTX 4070,[N/A],Enabled,Enabled
1701798912.227201,0,GPU-93ae0c7f-c327-aee3-adae-bc0d1dae71ea,0.37,0.9290017912392119,12282.0,615.0,546.29,NVIDIA GeForce RTX 4070,[N/A],Enabled,Enabled
1701798913.227015,0,GPU-93ae0c7f-c327-aee3-adae-bc0d1dae71ea,0.36,0.9290017912392119,12282.0,615.0,546.29,NVIDIA GeForce RTX 4070,[N/A],Enabled,Enabled
1701798914.227408,0,GPU-93ae0c7f-c327-aee3-adae-bc0d1dae71ea,0.39,0.9290017912392119,12282.0,615.0,546.29,NVIDIA GeForce RTX 4070,[N/A],Enabled,Enabled
1701798915.226588,0,GPU-93ae0c7f-c327-aee3-adae-bc0d1dae71ea,0.38,0.9290017912392119,12282.0,615.0,546.29,NVIDIA GeForce RTX 4070,[N/A],Enabled,Enabled
1701798916.226609,0,GPU-93ae0c7f-c327-aee3-adae-bc0d1dae71ea,0.33,0.9289203712750367,12282.0,616.0,546.29,NVIDIA GeForce RTX 4070,[N/A],Enabled,Enabled
1701798917.227137,0,GPU-93ae0c7f-c327-aee3-adae-bc0d1dae71ea,0.43,0.9289203712750367,12282.0,616.0,546.29,NVIDIA GeForce RTX 4070,[N/A],Enabled,Enabled
1701798918.226688,0,GPU-93ae0c7f-c327-aee3-adae-bc0d1dae71ea,0.44,0.9289203712750367,12282.0,616.0,546.29,NVIDIA GeForce RTX 4070,[N/A],Enabled,Enabled
1701798919.22686,0,GPU-93ae0c7f-c327-aee3-adae-bc0d1dae71ea,0.42,0.9289203712750367,12282.0,616.0,546.29,NVIDIA GeForce RTX 4070,[N/A],Enabled,Enabled
1701798920.227525,0,GPU-93ae0c7f-c327-aee3-adae-bc0d1dae71ea,0.37,0.9289203712750367,12282.0,616.0,546.29,NVIDIA GeForce RTX 4070,[N/A],Enabled,Enabled
1701798921.227847,0,GPU-93ae0c7f-c327-aee3-adae-bc0d1dae71ea,0.4,0.9289203712750367,12282.0,616.0,546.29,NVIDIA GeForce RTX 4070,[N/A],Enabled,Enabled
1701798922.227145,0,GPU-93ae0c7f-c327-aee3-adae-bc0d1dae71ea,0.38,0.9289203712750367,12282.0,616.0,546.29,NVIDIA GeForce RTX 4070,[N/A],Enabled,Enabled
1701798923.226902,0,GPU-93ae0c7f-c327-aee3-adae-bc0d1dae71ea,0.4,0.9289203712750367,12282.0,616.0,546.29,NVIDIA GeForce RTX 4070,[N/A],Enabled,Enabled
1701798924.227424,0,GPU-93ae0c7f-c327-aee3-adae-bc0d1dae71ea,0.38,0.9289203712750367,12282.0,616.0,546.29,NVIDIA GeForce RTX 4070,[N/A],Enabled,Enabled
1701798925.227507,0,GPU-93ae0c7f-c327-aee3-adae-bc0d1dae71ea,0.41,0.9289203712750367,12282.0,616.0,546.29,NVIDIA GeForce RTX 4070,[N/A],Enabled,Enabled
1701798926.226807,0,GPU-93ae0c7f-c327-aee3-adae-bc0d1dae71ea,0.39,0.9289203712750367,12282.0,616.0,546.29,NVIDIA GeForce RTX 4070,[N/A],Enabled,Enabled
1701798927.227505,0,GPU-93ae0c7f-c327-aee3-adae-bc0d1dae71ea,0.41,0.9305487705585409,12282.0,596.0,546.29,NVIDIA GeForce RTX 4070,[N/A],Enabled,Enabled
1701798928.227865,0,GPU-93ae0c7f-c327-aee3-adae-bc0d1dae71ea,0.36,0.9305487705585409,12282.0,596.0,546.29,NVIDIA GeForce RTX 4070,[N/A],Enabled,Enabled
1701798929.226982,0,GPU-93ae0c7f-c327-aee3-adae-bc0d1dae71ea,0.44,0.9305487705585409,12282.0,596.0,546.29,NVIDIA GeForce RTX 4070,[N/A],Enabled,Enabled
1701798930.22693,0,GPU-93ae0c7f-c327-aee3-adae-bc0d1dae71ea,0.41,0.9305487705585409,12282.0,596.0,546.29,NVIDIA GeForce RTX 4070,[N/A],Enabled,Enabled
1701798931.227152,0,GPU-93ae0c7f-c327-aee3-adae-bc0d1dae71ea,0.41,0.9305487705585409,12282.0,596.0,546.29,NVIDIA GeForce RTX 4070,[N/A],Enabled,Enabled
1701798932.227162,0,GPU-93ae0c7f-c327-aee3-adae-bc0d1dae71ea,0.37,0.9305487705585409,12282.0,596.0,546.29,NVIDIA GeForce RTX 4070,[N/A],Enabled,Enabled
1701798933.227115,0,GPU-93ae0c7f-c327-aee3-adae-bc0d1dae71ea,0.41,0.9305487705585409,12282.0,596.0,546.29,NVIDIA GeForce RTX 4070,[N/A],Enabled,Enabled
1701798934.227404,0,GPU-93ae0c7f-c327-aee3-adae-bc0d1dae71ea,0.37,0.9305487705585409,12282.0,596.0,546.29,NVIDIA GeForce RTX 4070,[N/A],Enabled,Enabled
1701798935.22704,0,GPU-93ae0c7f-c327-aee3-adae-bc0d1dae71ea,0.42,0.9305487705585409,12282.0,596.0,546.29,NVIDIA GeForce RTX 4070,[N/A],Enabled,Enabled
1701798936.22664,0,GPU-93ae0c7f-c327-aee3-adae-bc0d1dae71ea,0.41,0.9305487705585409,12282.0,596.0,546.29,NVIDIA GeForce RTX 4070,[N/A],Enabled,Enabled
1701798937.226523,0,GPU-93ae0c7f-c327-aee3-adae-bc0d1dae71ea,0.41,0.9305487705585409,12282.0,596.0,546.29,NVIDIA GeForce RTX 4070,[N/A],Enabled,Enabled
1701798938.227207,0,GPU-93ae0c7f-c327-aee3-adae-bc0d1dae71ea,0.37,0.9305487705585409,12282.0,596.0,546.29,NVIDIA GeForce RTX 4070,[N/A],Enabled,Enabled
1701798939.226281,0,GPU-93ae0c7f-c327-aee3-adae-bc0d1dae71ea,0.42,0.9305487705585409,12282.0,596.0,546.29,NVIDIA GeForce RTX 4070,[N/A],Enabled,Enabled
1701798940.227901,0,GPU-93ae0c7f-c327-aee3-adae-bc0d1dae71ea,0.38,0.9305487705585409,12282.0,596.0,546.29,NVIDIA GeForce RTX 4070,[N/A],Enabled,Enabled
1701798941.227142,0,GPU-93ae0c7f-c327-aee3-adae-bc0d1dae71ea,0.38,0.9305487705585409,12282.0,596.0,546.29,NVIDIA GeForce RTX 4070,[N/A],Enabled,Enabled
1701798942.226964,0,GPU-93ae0c7f-c327-aee3-adae-bc0d1dae71ea,0.39,0.9305487705585409,12282.0,596.0,546.29,NVIDIA GeForce RTX 4070,[N/A],Enabled,Enabled
1701798943.226997,0,GPU-93ae0c7f-c327-aee3-adae-bc0d1dae71ea,0.44,0.9305487705585409,12282.0,596.0,546.29,NVIDIA GeForce RTX 4070,[N/A],Enabled,Enabled
1701798944.227159,0,GPU-93ae0c7f-c327-aee3-adae-bc0d1dae71ea,0.38,0.9305487705585409,12282.0,596.0,546.29,NVIDIA GeForce RTX 4070,[N/A],Enabled,Enabled
1701798945.227286,0,GPU-93ae0c7f-c327-aee3-adae-bc0d1dae71ea,0.41,0.9305487705585409,12282.0,596.0,546.29,NVIDIA GeForce RTX 4070,[N/A],Enabled,Enabled
1701798946.226393,0,GPU-93ae0c7f-c327-aee3-adae-bc0d1dae71ea,0.36,0.9305487705585409,12282.0,596.0,546.29,NVIDIA GeForce RTX 4070,[N/A],Enabled,Enabled
1701798947.227235,0,GPU-93ae0c7f-c327-aee3-adae-bc0d1dae71ea,0.35,0.9305487705585409,12282.0,596.0,546.29,NVIDIA GeForce RTX 4070,[N/A],Enabled,Enabled
1701798948.227718,0,GPU-93ae0c7f-c327-aee3-adae-bc0d1dae71ea,0.36,0.9305487705585409,12282.0,596.0,546.29,NVIDIA GeForce RTX 4070,[N/A],Enabled,Enabled
1701798949.227539,0,GPU-93ae0c7f-c327-aee3-adae-bc0d1dae71ea,0.4,0.9305487705585409,12282.0,596.0,546.29,NVIDIA GeForce RTX 4070,[N/A],Enabled,Enabled
1701798950.227424,0,GPU-93ae0c7f-c327-aee3-adae-bc0d1dae71ea,0.38,0.9305487705585409,12282.0,596.0,546.29,NVIDIA GeForce RTX 4070,[N/A],Enabled,Enabled
1701798951.227278,0,GPU-93ae0c7f-c327-aee3-adae-bc0d1dae71ea,0.4,0.9305487705585409,12282.0,596.0,546.29,NVIDIA GeForce RTX 4070,[N/A],Enabled,Enabled
1701798952.22671,0,GPU-93ae0c7f-c327-aee3-adae-bc0d1dae71ea,0.37,0.9305487705585409,12282.0,596.0,546.29,NVIDIA GeForce RTX 4070,[N/A],Enabled,Enabled
1701798953.226787,0,GPU-93ae0c7f-c327-aee3-adae-bc0d1dae71ea,0.39,0.9305487705585409,12282.0,596.0,546.29,NVIDIA GeForce RTX 4070,[N/A],Enabled,Enabled
1701798954.227555,0,GPU-93ae0c7f-c327-aee3-adae-bc0d1dae71ea,0.33,0.9305487705585409,12282.0,596.0,546.29,NVIDIA GeForce RTX 4070,[N/A],Enabled,Enabled
1701798955.227219,0,GPU-93ae0c7f-c327-aee3-adae-bc0d1dae71ea,0.35,0.9305487705585409,12282.0,596.0,546.29,NVIDIA GeForce RTX 4070,[N/A],Enabled,Enabled
1701798956.226641,0,GPU-93ae0c7f-c327-aee3-adae-bc0d1dae71ea,0.37,0.9305487705585409,12282.0,596.0,546.29,NVIDIA GeForce RTX 4070,[N/A],Enabled,Enabled
1701798957.227621,0,GPU-93ae0c7f-c327-aee3-adae-bc0d1dae71ea,0.37,0.9305487705585409,12282.0,596.0,546.29,NVIDIA GeForce RTX 4070,[N/A],Enabled,Enabled
1701798958.22721,0,GPU-93ae0c7f-c327-aee3-adae-bc0d1dae71ea,0.35,0.9305487705585409,12282.0,596.0,546.29,NVIDIA GeForce RTX 4070,[N/A],Enabled,Enabled
1701798959.22737,0,GPU-93ae0c7f-c327-aee3-adae-bc0d1dae71ea,0.36,0.9305487705585409,12282.0,596.0,546.29,NVIDIA GeForce RTX 4070,[N/A],Enabled,Enabled
1701798960.228049,0,GPU-93ae0c7f-c327-aee3-adae-bc0d1dae71ea,0.38,0.9305487705585409,12282.0,596.0,546.29,NVIDIA GeForce RTX 4070,[N/A],Enabled,Enabled
1701798961.226841,0,GPU-93ae0c7f-c327-aee3-adae-bc0d1dae71ea,0.36,0.9305487705585409,12282.0,596.0,546.29,NVIDIA GeForce RTX 4070,[N/A],Enabled,Enabled
1701798962.22757,0,GPU-93ae0c7f-c327-aee3-adae-bc0d1dae71ea,0.36,0.9305487705585409,12282.0,596.0,546.29,NVIDIA GeForce RTX 4070,[N/A],Enabled,Enabled
1701798963.227003,0,GPU-93ae0c7f-c327-aee3-adae-bc0d1dae71ea,0.4,0.9305487705585409,12282.0,596.0,546.29,NVIDIA GeForce RTX 4070,[N/A],Enabled,Enabled
1701798964.227602,0,GPU-93ae0c7f-c327-aee3-adae-bc0d1dae71ea,0.4,0.9305487705585409,12282.0,596.0,546.29,NVIDIA GeForce RTX 4070,[N/A],Enabled,Enabled
1701798965.227068,0,GPU-93ae0c7f-c327-aee3-adae-bc0d1dae71ea,0.36,0.9305487705585409,12282.0,596.0,546.29,NVIDIA GeForce RTX 4070,[N/A],Enabled,Enabled
1701798966.226555,0,GPU-93ae0c7f-c327-aee3-adae-bc0d1dae71ea,0.34,0.9305487705585409,12282.0,596.0,546.29,NVIDIA GeForce RTX 4070,[N/A],Enabled,Enabled
1701798967.226759,0,GPU-93ae0c7f-c327-aee3-adae-bc0d1dae71ea,0.44,0.9305487705585409,12282.0,596.0,546.29,NVIDIA GeForce RTX 4070,[N/A],Enabled,Enabled
1701798968.227695,0,GPU-93ae0c7f-c327-aee3-adae-bc0d1dae71ea,0.36,0.9305487705585409,12282.0,596.0,546.29,NVIDIA GeForce RTX 4070,[N/A],Enabled,Enabled
1701798969.226778,0,GPU-93ae0c7f-c327-aee3-adae-bc0d1dae71ea,0.37,0.9305487705585409,12282.0,596.0,546.29,NVIDIA GeForce RTX 4070,[N/A],Enabled,Enabled
1701798970.227088,0,GPU-93ae0c7f-c327-aee3-adae-bc0d1dae71ea,0.38,0.9305487705585409,12282.0,596.0,546.29,NVIDIA GeForce RTX 4070,[N/A],Enabled,Enabled
1701798971.226955,0,GPU-93ae0c7f-c327-aee3-adae-bc0d1dae71ea,0.44,0.9305487705585409,12282.0,596.0,546.29,NVIDIA GeForce RTX 4070,[N/A],Enabled,Enabled
1701798972.227511,0,GPU-93ae0c7f-c327-aee3-adae-bc0d1dae71ea,0.46,0.9305487705585409,12282.0,596.0,546.29,NVIDIA GeForce RTX 4070,[N/A],Enabled,Enabled
1701798973.227628,0,GPU-93ae0c7f-c327-aee3-adae-bc0d1dae71ea,0.43,0.9305487705585409,12282.0,596.0,546.29,NVIDIA GeForce RTX 4070,[N/A],Enabled,Enabled
1701798974.227041,0,GPU-93ae0c7f-c327-aee3-adae-bc0d1dae71ea,0.38,0.9305487705585409,12282.0,596.0,546.29,NVIDIA GeForce RTX 4070,[N/A],Enabled,Enabled
1701798975.226987,0,GPU-93ae0c7f-c327-aee3-adae-bc0d1dae71ea,0.42,0.9305487705585409,12282.0,596.0,546.29,NVIDIA GeForce RTX 4070,[N/A],Enabled,Enabled
1701798976.226888,0,GPU-93ae0c7f-c327-aee3-adae-bc0d1dae71ea,0.35,0.9305487705585409,12282.0,596.0,546.29,NVIDIA GeForce RTX 4070,[N/A],Enabled,Enabled
1701798977.226989,0,GPU-93ae0c7f-c327-aee3-adae-bc0d1dae71ea,0.42,0.9305487705585409,12282.0,596.0,546.29,NVIDIA GeForce RTX 4070,[N/A],Enabled,Enabled
1701798978.226313,0,GPU-93ae0c7f-c327-aee3-adae-bc0d1dae71ea,0.41,0.9305487705585409,12282.0,596.0,546.29,NVIDIA GeForce RTX 4070,[N/A],Enabled,Enabled
1701798979.227983,0,GPU-93ae0c7f-c327-aee3-adae-bc0d1dae71ea,0.42,0.9305487705585409,12282.0,596.0,546.29,NVIDIA GeForce RTX 4070,[N/A],Enabled,Enabled
1701798980.226801,0,GPU-93ae0c7f-c327-aee3-adae-bc0d1dae71ea,0.37,0.9305487705585409,12282.0,596.0,546.29,NVIDIA GeForce RTX 4070,[N/A],Enabled,Enabled
1701798981.226655,0,GPU-93ae0c7f-c327-aee3-adae-bc0d1dae71ea,0.41,0.9305487705585409,12282.0,596.0,546.29,NVIDIA GeForce RTX 4070,[N/A],Enabled,Enabled
1701798982.226566,0,GPU-93ae0c7f-c327-aee3-adae-bc0d1dae71ea,0.37,0.9305487705585409,12282.0,596.0,546.29,NVIDIA GeForce RTX 4070,[N/A],Enabled,Enabled
1701798983.22708,0,GPU-93ae0c7f-c327-aee3-adae-bc0d1dae71ea,0.46,0.9305487705585409,12282.0,596.0,546.29,NVIDIA GeForce RTX 4070,[N/A],Enabled,Enabled
1701798984.227871,0,GPU-93ae0c7f-c327-aee3-adae-bc0d1dae71ea,0.47,0.9305487705585409,12282.0,596.0,546.29,NVIDIA GeForce RTX 4070,[N/A],Enabled,Enabled
1701798985.226583,0,GPU-93ae0c7f-c327-aee3-adae-bc0d1dae71ea,0.41,0.9305487705585409,12282.0,596.0,546.29,NVIDIA GeForce RTX 4070,[N/A],Enabled,Enabled
1701798986.226553,0,GPU-93ae0c7f-c327-aee3-adae-bc0d1dae71ea,0.38,0.9305487705585409,12282.0,596.0,546.29,NVIDIA GeForce RTX 4070,[N/A],Enabled,Enabled
1701798987.227468,0,GPU-93ae0c7f-c327-aee3-adae-bc0d1dae71ea,0.39,0.9305487705585409,12282.0,596.0,546.29,NVIDIA GeForce RTX 4070,[N/A],Enabled,Enabled
1701798988.226416,0,GPU-93ae0c7f-c327-aee3-adae-bc0d1dae71ea,0.38,0.9305487705585409,12282.0,596.0,546.29,NVIDIA GeForce RTX 4070,[N/A],Enabled,Enabled
1701798989.227274,0,GPU-93ae0c7f-c327-aee3-adae-bc0d1dae71ea,0.42,0.9305487705585409,12282.0,596.0,546.29,NVIDIA GeForce RTX 4070,[N/A],Enabled,Enabled
1701798990.227034,0,GPU-93ae0c7f-c327-aee3-adae-bc0d1dae71ea,0.42,0.9305487705585409,12282.0,596.0,546.29,NVIDIA GeForce RTX 4070,[N/A],Enabled,Enabled
1701798991.22756,0,GPU-93ae0c7f-c327-aee3-adae-bc0d1dae71ea,0.41,0.9305487705585409,12282.0,596.0,546.29,NVIDIA GeForce RTX 4070,[N/A],Enabled,Enabled
1701798992.227307,0,GPU-93ae0c7f-c327-aee3-adae-bc0d1dae71ea,0.42,0.9322585898062205,12282.0,575.0,546.29,NVIDIA GeForce RTX 4070,[N/A],Enabled,Enabled
1701798993.226994,0,GPU-93ae0c7f-c327-aee3-adae-bc0d1dae71ea,0.44,0.9322585898062205,12282.0,575.0,546.29,NVIDIA GeForce RTX 4070,[N/A],Enabled,Enabled
1701798994.227983,0,GPU-93ae0c7f-c327-aee3-adae-bc0d1dae71ea,0.41,0.9322585898062205,12282.0,575.0,546.29,NVIDIA GeForce RTX 4070,[N/A],Enabled,Enabled
1701798995.226942,0,GPU-93ae0c7f-c327-aee3-adae-bc0d1dae71ea,0.37,0.9322585898062205,12282.0,575.0,546.29,NVIDIA GeForce RTX 4070,[N/A],Enabled,Enabled
1701798996.226455,0,GPU-93ae0c7f-c327-aee3-adae-bc0d1dae71ea,0.38,0.9322585898062205,12282.0,575.0,546.29,NVIDIA GeForce RTX 4070,[N/A],Enabled,Enabled
1701798997.227098,0,GPU-93ae0c7f-c327-aee3-adae-bc0d1dae71ea,0.41,0.9322585898062205,12282.0,575.0,546.29,NVIDIA GeForce RTX 4070,[N/A],Enabled,Enabled
1701798998.227277,0,GPU-93ae0c7f-c327-aee3-adae-bc0d1dae71ea,0.37,0.9322585898062205,12282.0,575.0,546.29,NVIDIA GeForce RTX 4070,[N/A],Enabled,Enabled
1701798999.227192,0,GPU-93ae0c7f-c327-aee3-adae-bc0d1dae71ea,0.37,0.9322585898062205,12282.0,575.0,546.29,NVIDIA GeForce RTX 4070,[N/A],Enabled,Enabled
1701799000.227357,0,GPU-93ae0c7f-c327-aee3-adae-bc0d1dae71ea,0.39,0.9322585898062205,12282.0,575.0,546.29,NVIDIA GeForce RTX 4070,[N/A],Enabled,Enabled
1701799001.22673,0,GPU-93ae0c7f-c327-aee3-adae-bc0d1dae71ea,0.34,0.9322585898062205,12282.0,575.0,546.29,NVIDIA GeForce RTX 4070,[N/A],Enabled,Enabled
1701799002.227699,0,GPU-93ae0c7f-c327-aee3-adae-bc0d1dae71ea,0.3,0.9322585898062205,12282.0,575.0,546.29,NVIDIA GeForce RTX 4070,[N/A],Enabled,Enabled
1701799003.226944,0,GPU-93ae0c7f-c327-aee3-adae-bc0d1dae71ea,0.27,0.9304673505943657,12282.0,597.0,546.29,NVIDIA GeForce RTX 4070,[N/A],Enabled,Enabled
1701799004.227291,0,GPU-93ae0c7f-c327-aee3-adae-bc0d1dae71ea,0.29,0.9304673505943657,12282.0,597.0,546.29,NVIDIA GeForce RTX 4070,[N/A],Enabled,Enabled
1701799005.226559,0,GPU-93ae0c7f-c327-aee3-adae-bc0d1dae71ea,0.27,0.9303859306301905,12282.0,598.0,546.29,NVIDIA GeForce RTX 4070,[N/A],Enabled,Enabled
1701799006.227698,0,GPU-93ae0c7f-c327-aee3-adae-bc0d1dae71ea,0.26,0.9303859306301905,12282.0,598.0,546.29,NVIDIA GeForce RTX 4070,[N/A],Enabled,Enabled
1701799007.226694,0,GPU-93ae0c7f-c327-aee3-adae-bc0d1dae71ea,0.24,0.9261520924930793,12282.0,650.0,546.29,NVIDIA GeForce RTX 4070,[N/A],Enabled,Enabled
1701799008.227025,0,GPU-93ae0c7f-c327-aee3-adae-bc0d1dae71ea,0.14,0.8991206643869076,12282.0,982.0,546.29,NVIDIA GeForce RTX 4070,[N/A],Enabled,Enabled
1701799009.226916,0,GPU-93ae0c7f-c327-aee3-adae-bc0d1dae71ea,0.15,0.7484123106985833,12282.0,2833.0,546.29,NVIDIA GeForce RTX 4070,[N/A],Enabled,Enabled
1701799010.226737,0,GPU-93ae0c7f-c327-aee3-adae-bc0d1dae71ea,0.13,0.7484123106985833,12282.0,2833.0,546.29,NVIDIA GeForce RTX 4070,[N/A],Enabled,Enabled
1701799011.227198,0,GPU-93ae0c7f-c327-aee3-adae-bc0d1dae71ea,0.13,0.7484123106985833,12282.0,2833.0,546.29,NVIDIA GeForce RTX 4070,[N/A],Enabled,Enabled
1701799012.227448,0,GPU-93ae0c7f-c327-aee3-adae-bc0d1dae71ea,0.13,0.7484123106985833,12282.0,2833.0,546.29,NVIDIA GeForce RTX 4070,[N/A],Enabled,Enabled
1701799013.227572,0,GPU-93ae0c7f-c327-aee3-adae-bc0d1dae71ea,0.12,0.7506106497313141,12282.0,2806.0,546.29,NVIDIA GeForce RTX 4070,[N/A],Enabled,Enabled
1701799014.226821,0,GPU-93ae0c7f-c327-aee3-adae-bc0d1dae71ea,0.13,0.7506106497313141,12282.0,2806.0,546.29,NVIDIA GeForce RTX 4070,[N/A],Enabled,Enabled
1701799015.227444,0,GPU-93ae0c7f-c327-aee3-adae-bc0d1dae71ea,0.12,0.7506106497313141,12282.0,2806.0,546.29,NVIDIA GeForce RTX 4070,[N/A],Enabled,Enabled
1701799016.227729,0,GPU-93ae0c7f-c327-aee3-adae-bc0d1dae71ea,0.13,0.7506106497313141,12282.0,2806.0,546.29,NVIDIA GeForce RTX 4070,[N/A],Enabled,Enabled
1701799017.227203,0,GPU-93ae0c7f-c327-aee3-adae-bc0d1dae71ea,0.12,0.7506106497313141,12282.0,2806.0,546.29,NVIDIA GeForce RTX 4070,[N/A],Enabled,Enabled
1701799018.227624,0,GPU-93ae0c7f-c327-aee3-adae-bc0d1dae71ea,0.12,0.7505292297671389,12282.0,2807.0,546.29,NVIDIA GeForce RTX 4070,[N/A],Enabled,Enabled
1701799019.226854,0,GPU-93ae0c7f-c327-aee3-adae-bc0d1dae71ea,0.12,0.7505292297671389,12282.0,2807.0,546.29,NVIDIA GeForce RTX 4070,[N/A],Enabled,Enabled
