timestamp,id,uuid,load,memoryUtil,memoryTotal,memoryUsed,memoryFree,driver,name,serial,display_mode,display_active
1702145023.071558,0,GPU-b342434c-f6b6-7627-333e-da750a9991e6,0.26,0.4212890625,10240.0,5752.0,546.17,NVIDIA GeForce RTX 3080,[N/A],Enabled,Enabled
1702145024.067392,0,GPU-b342434c-f6b6-7627-333e-da750a9991e6,0.2,0.460546875,10240.0,5350.0,546.17,NVIDIA GeForce RTX 3080,[N/A],Enabled,Enabled
1702145025.0673,0,GPU-b342434c-f6b6-7627-333e-da750a9991e6,0.28,0.55390625,10240.0,4394.0,546.17,NVIDIA GeForce RTX 3080,[N/A],Enabled,Enabled
1702145026.067011,0,GPU-b342434c-f6b6-7627-333e-da750a9991e6,0.15,0.50009765625,10240.0,4945.0,546.17,NVIDIA GeForce RTX 3080,[N/A],Enabled,Enabled
1702145027.067697,0,GPU-b342434c-f6b6-7627-333e-da750a9991e6,0.15,0.49990234375,10240.0,4947.0,546.17,NVIDIA GeForce RTX 3080,[N/A],Enabled,Enabled
1702145028.066661,0,GPU-b342434c-f6b6-7627-333e-da750a9991e6,0.14,0.49990234375,10240.0,4947.0,546.17,NVIDIA GeForce RTX 3080,[N/A],Enabled,Enabled
1702145029.067565,0,GPU-b342434c-f6b6-7627-333e-da750a9991e6,0.15,0.5,10240.0,4946.0,546.17,NVIDIA GeForce RTX 3080,[N/A],Enabled,Enabled
1702145030.066989,0,GPU-b342434c-f6b6-7627-333e-da750a9991e6,0.19,0.4994140625,10240.0,4952.0,546.17,NVIDIA GeForce RTX 3080,[N/A],Enabled,Enabled
1702145031.067423,0,GPU-b342434c-f6b6-7627-333e-da750a9991e6,0.17,0.49931640625,10240.0,4953.0,546.17,NVIDIA GeForce RTX 3080,[N/A],Enabled,Enabled
1702145032.067251,0,GPU-b342434c-f6b6-7627-333e-da750a9991e6,0.17,0.49921875,10240.0,4954.0,546.17,NVIDIA GeForce RTX 3080,[N/A],Enabled,Enabled
1702145033.067556,0,GPU-b342434c-f6b6-7627-333e-da750a9991e6,0.17,0.49912109375,10240.0,4955.0,546.17,NVIDIA GeForce RTX 3080,[N/A],Enabled,Enabled
1702145034.06692,0,GPU-b342434c-f6b6-7627-333e-da750a9991e6,0.17,0.49912109375,10240.0,4955.0,546.17,NVIDIA GeForce RTX 3080,[N/A],Enabled,Enabled
1702145035.067846,0,GPU-b342434c-f6b6-7627-333e-da750a9991e6,0.18,0.49912109375,10240.0,4955.0,546.17,NVIDIA GeForce RTX 3080,[N/A],Enabled,Enabled
1702145036.06721,0,GPU-b342434c-f6b6-7627-333e-da750a9991e6,0.18,0.4984375,10240.0,4962.0,546.17,NVIDIA GeForce RTX 3080,[N/A],Enabled,Enabled
1702145037.067114,0,GPU-b342434c-f6b6-7627-333e-da750a9991e6,0.17,0.4984375,10240.0,4962.0,546.17,NVIDIA GeForce RTX 3080,[N/A],Enabled,Enabled
1702145038.066923,0,GPU-b342434c-f6b6-7627-333e-da750a9991e6,0.18,0.4984375,10240.0,4962.0,546.17,NVIDIA GeForce RTX 3080,[N/A],Enabled,Enabled
1702145039.066976,0,GPU-b342434c-f6b6-7627-333e-da750a9991e6,0.17,0.49853515625,10240.0,4961.0,546.17,NVIDIA GeForce RTX 3080,[N/A],Enabled,Enabled
1702145040.067007,0,GPU-b342434c-f6b6-7627-333e-da750a9991e6,0.17,0.50439453125,10240.0,4901.0,546.17,NVIDIA GeForce RTX 3080,[N/A],Enabled,Enabled
1702145041.067115,0,GPU-b342434c-f6b6-7627-333e-da750a9991e6,0.17,0.51708984375,10240.0,4771.0,546.17,NVIDIA GeForce RTX 3080,[N/A],Enabled,Enabled
1702145042.067198,0,GPU-b342434c-f6b6-7627-333e-da750a9991e6,0.18,0.5361328125,10240.0,4576.0,546.17,NVIDIA GeForce RTX 3080,[N/A],Enabled,Enabled
1702145043.067663,0,GPU-b342434c-f6b6-7627-333e-da750a9991e6,0.1,0.5076171875,10240.0,4868.0,546.17,NVIDIA GeForce RTX 3080,[N/A],Enabled,Enabled
1702145044.067127,0,GPU-b342434c-f6b6-7627-333e-da750a9991e6,0.33,0.583984375,10240.0,4086.0,546.17,NVIDIA GeForce RTX 3080,[N/A],Enabled,Enabled
1702145045.067701,0,GPU-b342434c-f6b6-7627-333e-da750a9991e6,0.32,0.8240234375,10240.0,1628.0,546.17,NVIDIA GeForce RTX 3080,[N/A],Enabled,Enabled
1702145046.066918,0,GPU-b342434c-f6b6-7627-333e-da750a9991e6,0.29,0.8220703125,10240.0,1648.0,546.17,NVIDIA GeForce RTX 3080,[N/A],Enabled,Enabled
1702145047.067769,0,GPU-b342434c-f6b6-7627-333e-da750a9991e6,0.35,0.8130859375,10240.0,1740.0,546.17,NVIDIA GeForce RTX 3080,[N/A],Enabled,Enabled
1702145048.066912,0,GPU-b342434c-f6b6-7627-333e-da750a9991e6,0.37,0.8130859375,10240.0,1740.0,546.17,NVIDIA GeForce RTX 3080,[N/A],Enabled,Enabled
1702145049.06744,0,GPU-b342434c-f6b6-7627-333e-da750a9991e6,0.33,0.8130859375,10240.0,1740.0,546.17,NVIDIA GeForce RTX 3080,[N/A],Enabled,Enabled
1702145050.067391,0,GPU-b342434c-f6b6-7627-333e-da750a9991e6,0.34,0.8130859375,10240.0,1740.0,546.17,NVIDIA GeForce RTX 3080,[N/A],Enabled,Enabled
1702145051.066935,0,GPU-b342434c-f6b6-7627-333e-da750a9991e6,0.37,0.8130859375,10240.0,1740.0,546.17,NVIDIA GeForce RTX 3080,[N/A],Enabled,Enabled
1702145052.067268,0,GPU-b342434c-f6b6-7627-333e-da750a9991e6,0.36,0.8130859375,10240.0,1740.0,546.17,NVIDIA GeForce RTX 3080,[N/A],Enabled,Enabled
1702145053.067984,0,GPU-b342434c-f6b6-7627-333e-da750a9991e6,0.39,0.8130859375,10240.0,1740.0,546.17,NVIDIA GeForce RTX 3080,[N/A],Enabled,Enabled
1702145054.067637,0,GPU-b342434c-f6b6-7627-333e-da750a9991e6,0.3,0.8130859375,10240.0,1740.0,546.17,NVIDIA GeForce RTX 3080,[N/A],Enabled,Enabled
1702145055.067609,0,GPU-b342434c-f6b6-7627-333e-da750a9991e6,0.3,0.8130859375,10240.0,1740.0,546.17,NVIDIA GeForce RTX 3080,[N/A],Enabled,Enabled
1702145056.066884,0,GPU-b342434c-f6b6-7627-333e-da750a9991e6,0.34,0.81298828125,10240.0,1741.0,546.17,NVIDIA GeForce RTX 3080,[N/A],Enabled,Enabled
1702145057.067474,0,GPU-b342434c-f6b6-7627-333e-da750a9991e6,0.32,0.81298828125,10240.0,1741.0,546.17,NVIDIA GeForce RTX 3080,[N/A],Enabled,Enabled
1702145058.067117,0,GPU-b342434c-f6b6-7627-333e-da750a9991e6,0.32,0.81298828125,10240.0,1741.0,546.17,NVIDIA GeForce RTX 3080,[N/A],Enabled,Enabled
1702145059.066872,0,GPU-b342434c-f6b6-7627-333e-da750a9991e6,0.33,0.81298828125,10240.0,1741.0,546.17,NVIDIA GeForce RTX 3080,[N/A],Enabled,Enabled
1702145060.0676,0,GPU-b342434c-f6b6-7627-333e-da750a9991e6,0.32,0.81298828125,10240.0,1741.0,546.17,NVIDIA GeForce RTX 3080,[N/A],Enabled,Enabled
1702145061.067732,0,GPU-b342434c-f6b6-7627-333e-da750a9991e6,0.3,0.81298828125,10240.0,1741.0,546.17,NVIDIA GeForce RTX 3080,[N/A],Enabled,Enabled
1702145062.067332,0,GPU-b342434c-f6b6-7627-333e-da750a9991e6,0.31,0.81298828125,10240.0,1741.0,546.17,NVIDIA GeForce RTX 3080,[N/A],Enabled,Enabled
1702145063.067946,0,GPU-b342434c-f6b6-7627-333e-da750a9991e6,0.3,0.81298828125,10240.0,1741.0,546.17,NVIDIA GeForce RTX 3080,[N/A],Enabled,Enabled
1702145064.066983,0,GPU-b342434c-f6b6-7627-333e-da750a9991e6,0.3,0.81298828125,10240.0,1741.0,546.17,NVIDIA GeForce RTX 3080,[N/A],Enabled,Enabled
1702145065.067861,0,GPU-b342434c-f6b6-7627-333e-da750a9991e6,0.3,0.81298828125,10240.0,1741.0,546.17,NVIDIA GeForce RTX 3080,[N/A],Enabled,Enabled
1702145066.066875,0,GPU-b342434c-f6b6-7627-333e-da750a9991e6,0.3,0.81298828125,10240.0,1741.0,546.17,NVIDIA GeForce RTX 3080,[N/A],Enabled,Enabled
1702145067.067157,0,GPU-b342434c-f6b6-7627-333e-da750a9991e6,0.31,0.81298828125,10240.0,1741.0,546.17,NVIDIA GeForce RTX 3080,[N/A],Enabled,Enabled
1702145068.067179,0,GPU-b342434c-f6b6-7627-333e-da750a9991e6,0.31,0.81298828125,10240.0,1741.0,546.17,NVIDIA GeForce RTX 3080,[N/A],Enabled,Enabled
1702145069.067386,0,GPU-b342434c-f6b6-7627-333e-da750a9991e6,0.31,0.81298828125,10240.0,1741.0,546.17,NVIDIA GeForce RTX 3080,[N/A],Enabled,Enabled
1702145070.067995,0,GPU-b342434c-f6b6-7627-333e-da750a9991e6,0.34,0.81298828125,10240.0,1741.0,546.17,NVIDIA GeForce RTX 3080,[N/A],Enabled,Enabled
1702145071.067139,0,GPU-b342434c-f6b6-7627-333e-da750a9991e6,0.34,0.81298828125,10240.0,1741.0,546.17,NVIDIA GeForce RTX 3080,[N/A],Enabled,Enabled
1702145072.066978,0,GPU-b342434c-f6b6-7627-333e-da750a9991e6,0.33,0.81298828125,10240.0,1741.0,546.17,NVIDIA GeForce RTX 3080,[N/A],Enabled,Enabled
1702145073.067952,0,GPU-b342434c-f6b6-7627-333e-da750a9991e6,0.36,0.81298828125,10240.0,1741.0,546.17,NVIDIA GeForce RTX 3080,[N/A],Enabled,Enabled
1702145074.068238,0,GPU-b342434c-f6b6-7627-333e-da750a9991e6,0.36,0.81298828125,10240.0,1741.0,546.17,NVIDIA GeForce RTX 3080,[N/A],Enabled,Enabled
1702145075.068052,0,GPU-b342434c-f6b6-7627-333e-da750a9991e6,0.37,0.81298828125,10240.0,1741.0,546.17,NVIDIA GeForce RTX 3080,[N/A],Enabled,Enabled
1702145076.067911,0,GPU-b342434c-f6b6-7627-333e-da750a9991e6,0.37,0.81298828125,10240.0,1741.0,546.17,NVIDIA GeForce RTX 3080,[N/A],Enabled,Enabled
1702145077.06762,0,GPU-b342434c-f6b6-7627-333e-da750a9991e6,0.37,0.81298828125,10240.0,1741.0,546.17,NVIDIA GeForce RTX 3080,[N/A],Enabled,Enabled
1702145078.066847,0,GPU-b342434c-f6b6-7627-333e-da750a9991e6,0.36,0.81298828125,10240.0,1741.0,546.17,NVIDIA GeForce RTX 3080,[N/A],Enabled,Enabled
1702145079.06788,0,GPU-b342434c-f6b6-7627-333e-da750a9991e6,0.37,0.81298828125,10240.0,1741.0,546.17,NVIDIA GeForce RTX 3080,[N/A],Enabled,Enabled
1702145080.067606,0,GPU-b342434c-f6b6-7627-333e-da750a9991e6,0.37,0.81298828125,10240.0,1741.0,546.17,NVIDIA GeForce RTX 3080,[N/A],Enabled,Enabled
1702145081.067289,0,GPU-b342434c-f6b6-7627-333e-da750a9991e6,0.38,0.81318359375,10240.0,1739.0,546.17,NVIDIA GeForce RTX 3080,[N/A],Enabled,Enabled
1702145082.067062,0,GPU-b342434c-f6b6-7627-333e-da750a9991e6,0.4,0.8130859375,10240.0,1740.0,546.17,NVIDIA GeForce RTX 3080,[N/A],Enabled,Enabled
1702145083.067041,0,GPU-b342434c-f6b6-7627-333e-da750a9991e6,0.37,0.8130859375,10240.0,1740.0,546.17,NVIDIA GeForce RTX 3080,[N/A],Enabled,Enabled
1702145084.067617,0,GPU-b342434c-f6b6-7627-333e-da750a9991e6,0.36,0.8130859375,10240.0,1740.0,546.17,NVIDIA GeForce RTX 3080,[N/A],Enabled,Enabled
1702145085.067398,0,GPU-b342434c-f6b6-7627-333e-da750a9991e6,0.33,0.8130859375,10240.0,1740.0,546.17,NVIDIA GeForce RTX 3080,[N/A],Enabled,Enabled
1702145086.067102,0,GPU-b342434c-f6b6-7627-333e-da750a9991e6,0.33,0.8130859375,10240.0,1740.0,546.17,NVIDIA GeForce RTX 3080,[N/A],Enabled,Enabled
1702145087.067616,0,GPU-b342434c-f6b6-7627-333e-da750a9991e6,0.33,0.8130859375,10240.0,1740.0,546.17,NVIDIA GeForce RTX 3080,[N/A],Enabled,Enabled
1702145088.067403,0,GPU-b342434c-f6b6-7627-333e-da750a9991e6,0.32,0.8130859375,10240.0,1740.0,546.17,NVIDIA GeForce RTX 3080,[N/A],Enabled,Enabled
1702145089.067218,0,GPU-b342434c-f6b6-7627-333e-da750a9991e6,0.32,0.8130859375,10240.0,1740.0,546.17,NVIDIA GeForce RTX 3080,[N/A],Enabled,Enabled
1702145090.067506,0,GPU-b342434c-f6b6-7627-333e-da750a9991e6,0.31,0.8130859375,10240.0,1740.0,546.17,NVIDIA GeForce RTX 3080,[N/A],Enabled,Enabled
1702145091.067481,0,GPU-b342434c-f6b6-7627-333e-da750a9991e6,0.38,0.8130859375,10240.0,1740.0,546.17,NVIDIA GeForce RTX 3080,[N/A],Enabled,Enabled
1702145092.06745,0,GPU-b342434c-f6b6-7627-333e-da750a9991e6,0.37,0.8130859375,10240.0,1740.0,546.17,NVIDIA GeForce RTX 3080,[N/A],Enabled,Enabled
1702145093.067504,0,GPU-b342434c-f6b6-7627-333e-da750a9991e6,0.35,0.81318359375,10240.0,1739.0,546.17,NVIDIA GeForce RTX 3080,[N/A],Enabled,Enabled
1702145094.067534,0,GPU-b342434c-f6b6-7627-333e-da750a9991e6,0.35,0.81318359375,10240.0,1739.0,546.17,NVIDIA GeForce RTX 3080,[N/A],Enabled,Enabled
1702145095.066979,0,GPU-b342434c-f6b6-7627-333e-da750a9991e6,0.37,0.81318359375,10240.0,1739.0,546.17,NVIDIA GeForce RTX 3080,[N/A],Enabled,Enabled
1702145096.067507,0,GPU-b342434c-f6b6-7627-333e-da750a9991e6,0.31,0.81318359375,10240.0,1739.0,546.17,NVIDIA GeForce RTX 3080,[N/A],Enabled,Enabled
1702145097.067671,0,GPU-b342434c-f6b6-7627-333e-da750a9991e6,0.32,0.81318359375,10240.0,1739.0,546.17,NVIDIA GeForce RTX 3080,[N/A],Enabled,Enabled
1702145098.067559,0,GPU-b342434c-f6b6-7627-333e-da750a9991e6,0.32,0.81318359375,10240.0,1739.0,546.17,NVIDIA GeForce RTX 3080,[N/A],Enabled,Enabled
1702145099.0673,0,GPU-b342434c-f6b6-7627-333e-da750a9991e6,0.32,0.81318359375,10240.0,1739.0,546.17,NVIDIA GeForce RTX 3080,[N/A],Enabled,Enabled
1702145100.067662,0,GPU-b342434c-f6b6-7627-333e-da750a9991e6,0.32,0.81318359375,10240.0,1739.0,546.17,NVIDIA GeForce RTX 3080,[N/A],Enabled,Enabled
1702145101.06745,0,GPU-b342434c-f6b6-7627-333e-da750a9991e6,0.35,0.81318359375,10240.0,1739.0,546.17,NVIDIA GeForce RTX 3080,[N/A],Enabled,Enabled
1702145102.06724,0,GPU-b342434c-f6b6-7627-333e-da750a9991e6,0.35,0.81318359375,10240.0,1739.0,546.17,NVIDIA GeForce RTX 3080,[N/A],Enabled,Enabled
1702145103.067537,0,GPU-b342434c-f6b6-7627-333e-da750a9991e6,0.35,0.81318359375,10240.0,1739.0,546.17,NVIDIA GeForce RTX 3080,[N/A],Enabled,Enabled
1702145104.067514,0,GPU-b342434c-f6b6-7627-333e-da750a9991e6,0.33,0.81318359375,10240.0,1739.0,546.17,NVIDIA GeForce RTX 3080,[N/A],Enabled,Enabled
1702145105.067434,0,GPU-b342434c-f6b6-7627-333e-da750a9991e6,0.33,0.81318359375,10240.0,1739.0,546.17,NVIDIA GeForce RTX 3080,[N/A],Enabled,Enabled
1702145106.067254,0,GPU-b342434c-f6b6-7627-333e-da750a9991e6,0.31,0.81318359375,10240.0,1739.0,546.17,NVIDIA GeForce RTX 3080,[N/A],Enabled,Enabled
1702145107.067183,0,GPU-b342434c-f6b6-7627-333e-da750a9991e6,0.31,0.8130859375,10240.0,1740.0,546.17,NVIDIA GeForce RTX 3080,[N/A],Enabled,Enabled
1702145108.067572,0,GPU-b342434c-f6b6-7627-333e-da750a9991e6,0.31,0.8130859375,10240.0,1740.0,546.17,NVIDIA GeForce RTX 3080,[N/A],Enabled,Enabled
1702145109.067142,0,GPU-b342434c-f6b6-7627-333e-da750a9991e6,0.29,0.8130859375,10240.0,1740.0,546.17,NVIDIA GeForce RTX 3080,[N/A],Enabled,Enabled
1702145110.066853,0,GPU-b342434c-f6b6-7627-333e-da750a9991e6,0.31,0.8130859375,10240.0,1740.0,546.17,NVIDIA GeForce RTX 3080,[N/A],Enabled,Enabled
1702145111.067787,0,GPU-b342434c-f6b6-7627-333e-da750a9991e6,0.31,0.8130859375,10240.0,1740.0,546.17,NVIDIA GeForce RTX 3080,[N/A],Enabled,Enabled
1702145112.06737,0,GPU-b342434c-f6b6-7627-333e-da750a9991e6,0.31,0.8130859375,10240.0,1740.0,546.17,NVIDIA GeForce RTX 3080,[N/A],Enabled,Enabled
1702145113.067297,0,GPU-b342434c-f6b6-7627-333e-da750a9991e6,0.32,0.8130859375,10240.0,1740.0,546.17,NVIDIA GeForce RTX 3080,[N/A],Enabled,Enabled
1702145114.067971,0,GPU-b342434c-f6b6-7627-333e-da750a9991e6,0.3,0.8130859375,10240.0,1740.0,546.17,NVIDIA GeForce RTX 3080,[N/A],Enabled,Enabled
1702145115.067188,0,GPU-b342434c-f6b6-7627-333e-da750a9991e6,0.27,0.81298828125,10240.0,1741.0,546.17,NVIDIA GeForce RTX 3080,[N/A],Enabled,Enabled
1702145116.067183,0,GPU-b342434c-f6b6-7627-333e-da750a9991e6,0.3,0.81298828125,10240.0,1741.0,546.17,NVIDIA GeForce RTX 3080,[N/A],Enabled,Enabled
1702145117.067966,0,GPU-b342434c-f6b6-7627-333e-da750a9991e6,0.29,0.81298828125,10240.0,1741.0,546.17,NVIDIA GeForce RTX 3080,[N/A],Enabled,Enabled
1702145118.067539,0,GPU-b342434c-f6b6-7627-333e-da750a9991e6,0.3,0.81298828125,10240.0,1741.0,546.17,NVIDIA GeForce RTX 3080,[N/A],Enabled,Enabled
1702145119.067516,0,GPU-b342434c-f6b6-7627-333e-da750a9991e6,0.29,0.81298828125,10240.0,1741.0,546.17,NVIDIA GeForce RTX 3080,[N/A],Enabled,Enabled
1702145120.067453,0,GPU-b342434c-f6b6-7627-333e-da750a9991e6,0.32,0.8130859375,10240.0,1740.0,546.17,NVIDIA GeForce RTX 3080,[N/A],Enabled,Enabled
1702145121.067625,0,GPU-b342434c-f6b6-7627-333e-da750a9991e6,0.34,0.8130859375,10240.0,1740.0,546.17,NVIDIA GeForce RTX 3080,[N/A],Enabled,Enabled
1702145122.067046,0,GPU-b342434c-f6b6-7627-333e-da750a9991e6,0.34,0.8130859375,10240.0,1740.0,546.17,NVIDIA GeForce RTX 3080,[N/A],Enabled,Enabled
1702145123.067431,0,GPU-b342434c-f6b6-7627-333e-da750a9991e6,0.35,0.8130859375,10240.0,1740.0,546.17,NVIDIA GeForce RTX 3080,[N/A],Enabled,Enabled
1702145124.067585,0,GPU-b342434c-f6b6-7627-333e-da750a9991e6,0.33,0.8130859375,10240.0,1740.0,546.17,NVIDIA GeForce RTX 3080,[N/A],Enabled,Enabled
1702145125.067302,0,GPU-b342434c-f6b6-7627-333e-da750a9991e6,0.35,0.8130859375,10240.0,1740.0,546.17,NVIDIA GeForce RTX 3080,[N/A],Enabled,Enabled
1702145126.067476,0,GPU-b342434c-f6b6-7627-333e-da750a9991e6,0.33,0.8130859375,10240.0,1740.0,546.17,NVIDIA GeForce RTX 3080,[N/A],Enabled,Enabled
1702145127.067399,0,GPU-b342434c-f6b6-7627-333e-da750a9991e6,0.37,0.8130859375,10240.0,1740.0,546.17,NVIDIA GeForce RTX 3080,[N/A],Enabled,Enabled
1702145128.06769,0,GPU-b342434c-f6b6-7627-333e-da750a9991e6,0.36,0.8130859375,10240.0,1740.0,546.17,NVIDIA GeForce RTX 3080,[N/A],Enabled,Enabled
1702145129.067001,0,GPU-b342434c-f6b6-7627-333e-da750a9991e6,0.35,0.81298828125,10240.0,1741.0,546.17,NVIDIA GeForce RTX 3080,[N/A],Enabled,Enabled
1702145130.067569,0,GPU-b342434c-f6b6-7627-333e-da750a9991e6,0.35,0.81298828125,10240.0,1741.0,546.17,NVIDIA GeForce RTX 3080,[N/A],Enabled,Enabled
1702145131.06781,0,GPU-b342434c-f6b6-7627-333e-da750a9991e6,0.35,0.81298828125,10240.0,1741.0,546.17,NVIDIA GeForce RTX 3080,[N/A],Enabled,Enabled
1702145132.067514,0,GPU-b342434c-f6b6-7627-333e-da750a9991e6,0.33,0.81298828125,10240.0,1741.0,546.17,NVIDIA GeForce RTX 3080,[N/A],Enabled,Enabled
1702145133.066981,0,GPU-b342434c-f6b6-7627-333e-da750a9991e6,0.31,0.81298828125,10240.0,1741.0,546.17,NVIDIA GeForce RTX 3080,[N/A],Enabled,Enabled
1702145134.067258,0,GPU-b342434c-f6b6-7627-333e-da750a9991e6,0.27,0.81298828125,10240.0,1741.0,546.17,NVIDIA GeForce RTX 3080,[N/A],Enabled,Enabled
1702145135.06731,0,GPU-b342434c-f6b6-7627-333e-da750a9991e6,0.33,0.81298828125,10240.0,1741.0,546.17,NVIDIA GeForce RTX 3080,[N/A],Enabled,Enabled
1702145136.066714,0,GPU-b342434c-f6b6-7627-333e-da750a9991e6,0.34,0.81298828125,10240.0,1741.0,546.17,NVIDIA GeForce RTX 3080,[N/A],Enabled,Enabled
1702145137.067444,0,GPU-b342434c-f6b6-7627-333e-da750a9991e6,0.33,0.81298828125,10240.0,1741.0,546.17,NVIDIA GeForce RTX 3080,[N/A],Enabled,Enabled
1702145138.067817,0,GPU-b342434c-f6b6-7627-333e-da750a9991e6,0.33,0.81298828125,10240.0,1741.0,546.17,NVIDIA GeForce RTX 3080,[N/A],Enabled,Enabled
1702145139.067661,0,GPU-b342434c-f6b6-7627-333e-da750a9991e6,0.34,0.81298828125,10240.0,1741.0,546.17,NVIDIA GeForce RTX 3080,[N/A],Enabled,Enabled
1702145140.06767,0,GPU-b342434c-f6b6-7627-333e-da750a9991e6,0.34,0.81298828125,10240.0,1741.0,546.17,NVIDIA GeForce RTX 3080,[N/A],Enabled,Enabled
1702145141.067123,0,GPU-b342434c-f6b6-7627-333e-da750a9991e6,0.34,0.81298828125,10240.0,1741.0,546.17,NVIDIA GeForce RTX 3080,[N/A],Enabled,Enabled
1702145142.066913,0,GPU-b342434c-f6b6-7627-333e-da750a9991e6,0.33,0.81298828125,10240.0,1741.0,546.17,NVIDIA GeForce RTX 3080,[N/A],Enabled,Enabled
1702145143.067657,0,GPU-b342434c-f6b6-7627-333e-da750a9991e6,0.3,0.81298828125,10240.0,1741.0,546.17,NVIDIA GeForce RTX 3080,[N/A],Enabled,Enabled
1702145144.067108,0,GPU-b342434c-f6b6-7627-333e-da750a9991e6,0.3,0.81298828125,10240.0,1741.0,546.17,NVIDIA GeForce RTX 3080,[N/A],Enabled,Enabled
1702145145.067778,0,GPU-b342434c-f6b6-7627-333e-da750a9991e6,0.3,0.81298828125,10240.0,1741.0,546.17,NVIDIA GeForce RTX 3080,[N/A],Enabled,Enabled
1702145146.067464,0,GPU-b342434c-f6b6-7627-333e-da750a9991e6,0.27,0.81298828125,10240.0,1741.0,546.17,NVIDIA GeForce RTX 3080,[N/A],Enabled,Enabled
1702145147.067233,0,GPU-b342434c-f6b6-7627-333e-da750a9991e6,0.32,0.81298828125,10240.0,1741.0,546.17,NVIDIA GeForce RTX 3080,[N/A],Enabled,Enabled
1702145148.067129,0,GPU-b342434c-f6b6-7627-333e-da750a9991e6,0.33,0.81298828125,10240.0,1741.0,546.17,NVIDIA GeForce RTX 3080,[N/A],Enabled,Enabled
1702145149.067863,0,GPU-b342434c-f6b6-7627-333e-da750a9991e6,0.32,0.81298828125,10240.0,1741.0,546.17,NVIDIA GeForce RTX 3080,[N/A],Enabled,Enabled
1702145150.06789,0,GPU-b342434c-f6b6-7627-333e-da750a9991e6,0.32,0.81298828125,10240.0,1741.0,546.17,NVIDIA GeForce RTX 3080,[N/A],Enabled,Enabled
1702145151.067321,0,GPU-b342434c-f6b6-7627-333e-da750a9991e6,0.33,0.81298828125,10240.0,1741.0,546.17,NVIDIA GeForce RTX 3080,[N/A],Enabled,Enabled
1702145152.067582,0,GPU-b342434c-f6b6-7627-333e-da750a9991e6,0.3,0.81298828125,10240.0,1741.0,546.17,NVIDIA GeForce RTX 3080,[N/A],Enabled,Enabled
1702145153.067171,0,GPU-b342434c-f6b6-7627-333e-da750a9991e6,0.3,0.81298828125,10240.0,1741.0,546.17,NVIDIA GeForce RTX 3080,[N/A],Enabled,Enabled
1702145154.06819,0,GPU-b342434c-f6b6-7627-333e-da750a9991e6,0.32,0.81298828125,10240.0,1741.0,546.17,NVIDIA GeForce RTX 3080,[N/A],Enabled,Enabled
1702145155.067436,0,GPU-b342434c-f6b6-7627-333e-da750a9991e6,0.33,0.81298828125,10240.0,1741.0,546.17,NVIDIA GeForce RTX 3080,[N/A],Enabled,Enabled
1702145156.06789,0,GPU-b342434c-f6b6-7627-333e-da750a9991e6,0.31,0.81298828125,10240.0,1741.0,546.17,NVIDIA GeForce RTX 3080,[N/A],Enabled,Enabled
1702145157.067214,0,GPU-b342434c-f6b6-7627-333e-da750a9991e6,0.28,0.81298828125,10240.0,1741.0,546.17,NVIDIA GeForce RTX 3080,[N/A],Enabled,Enabled
1702145158.067539,0,GPU-b342434c-f6b6-7627-333e-da750a9991e6,0.31,0.81298828125,10240.0,1741.0,546.17,NVIDIA GeForce RTX 3080,[N/A],Enabled,Enabled
1702145159.067115,0,GPU-b342434c-f6b6-7627-333e-da750a9991e6,0.34,0.81298828125,10240.0,1741.0,546.17,NVIDIA GeForce RTX 3080,[N/A],Enabled,Enabled
1702145160.068097,0,GPU-b342434c-f6b6-7627-333e-da750a9991e6,0.34,0.81298828125,10240.0,1741.0,546.17,NVIDIA GeForce RTX 3080,[N/A],Enabled,Enabled
1702145161.067117,0,GPU-b342434c-f6b6-7627-333e-da750a9991e6,0.34,0.81298828125,10240.0,1741.0,546.17,NVIDIA GeForce RTX 3080,[N/A],Enabled,Enabled
1702145162.066885,0,GPU-b342434c-f6b6-7627-333e-da750a9991e6,0.35,0.81298828125,10240.0,1741.0,546.17,NVIDIA GeForce RTX 3080,[N/A],Enabled,Enabled
1702145163.067417,0,GPU-b342434c-f6b6-7627-333e-da750a9991e6,0.36,0.81298828125,10240.0,1741.0,546.17,NVIDIA GeForce RTX 3080,[N/A],Enabled,Enabled
1702145164.067689,0,GPU-b342434c-f6b6-7627-333e-da750a9991e6,0.35,0.81298828125,10240.0,1741.0,546.17,NVIDIA GeForce RTX 3080,[N/A],Enabled,Enabled
1702145165.067303,0,GPU-b342434c-f6b6-7627-333e-da750a9991e6,0.33,0.8130859375,10240.0,1740.0,546.17,NVIDIA GeForce RTX 3080,[N/A],Enabled,Enabled
1702145166.066827,0,GPU-b342434c-f6b6-7627-333e-da750a9991e6,0.32,0.8130859375,10240.0,1740.0,546.17,NVIDIA GeForce RTX 3080,[N/A],Enabled,Enabled
1702145167.067476,0,GPU-b342434c-f6b6-7627-333e-da750a9991e6,0.33,0.8130859375,10240.0,1740.0,546.17,NVIDIA GeForce RTX 3080,[N/A],Enabled,Enabled
1702145168.067739,0,GPU-b342434c-f6b6-7627-333e-da750a9991e6,0.33,0.8130859375,10240.0,1740.0,546.17,NVIDIA GeForce RTX 3080,[N/A],Enabled,Enabled
1702145169.067538,0,GPU-b342434c-f6b6-7627-333e-da750a9991e6,0.33,0.8130859375,10240.0,1740.0,546.17,NVIDIA GeForce RTX 3080,[N/A],Enabled,Enabled
1702145170.067472,0,GPU-b342434c-f6b6-7627-333e-da750a9991e6,0.33,0.8130859375,10240.0,1740.0,546.17,NVIDIA GeForce RTX 3080,[N/A],Enabled,Enabled
1702145171.067153,0,GPU-b342434c-f6b6-7627-333e-da750a9991e6,0.31,0.8130859375,10240.0,1740.0,546.17,NVIDIA GeForce RTX 3080,[N/A],Enabled,Enabled
1702145172.067202,0,GPU-b342434c-f6b6-7627-333e-da750a9991e6,0.31,0.8130859375,10240.0,1740.0,546.17,NVIDIA GeForce RTX 3080,[N/A],Enabled,Enabled
1702145173.06709,0,GPU-b342434c-f6b6-7627-333e-da750a9991e6,0.3,0.8130859375,10240.0,1740.0,546.17,NVIDIA GeForce RTX 3080,[N/A],Enabled,Enabled
1702145174.067814,0,GPU-b342434c-f6b6-7627-333e-da750a9991e6,0.31,0.8130859375,10240.0,1740.0,546.17,NVIDIA GeForce RTX 3080,[N/A],Enabled,Enabled
1702145175.067227,0,GPU-b342434c-f6b6-7627-333e-da750a9991e6,0.29,0.81298828125,10240.0,1741.0,546.17,NVIDIA GeForce RTX 3080,[N/A],Enabled,Enabled
1702145176.066762,0,GPU-b342434c-f6b6-7627-333e-da750a9991e6,0.34,0.81298828125,10240.0,1741.0,546.17,NVIDIA GeForce RTX 3080,[N/A],Enabled,Enabled
1702145177.067733,0,GPU-b342434c-f6b6-7627-333e-da750a9991e6,0.34,0.81298828125,10240.0,1741.0,546.17,NVIDIA GeForce RTX 3080,[N/A],Enabled,Enabled
1702145178.067645,0,GPU-b342434c-f6b6-7627-333e-da750a9991e6,0.32,0.81298828125,10240.0,1741.0,546.17,NVIDIA GeForce RTX 3080,[N/A],Enabled,Enabled
1702145179.067402,0,GPU-b342434c-f6b6-7627-333e-da750a9991e6,0.33,0.81298828125,10240.0,1741.0,546.17,NVIDIA GeForce RTX 3080,[N/A],Enabled,Enabled
1702145180.067924,0,GPU-b342434c-f6b6-7627-333e-da750a9991e6,0.32,0.81298828125,10240.0,1741.0,546.17,NVIDIA GeForce RTX 3080,[N/A],Enabled,Enabled
1702145181.067309,0,GPU-b342434c-f6b6-7627-333e-da750a9991e6,0.3,0.81298828125,10240.0,1741.0,546.17,NVIDIA GeForce RTX 3080,[N/A],Enabled,Enabled
1702145182.06742,0,GPU-b342434c-f6b6-7627-333e-da750a9991e6,0.33,0.81298828125,10240.0,1741.0,546.17,NVIDIA GeForce RTX 3080,[N/A],Enabled,Enabled
1702145183.067792,0,GPU-b342434c-f6b6-7627-333e-da750a9991e6,0.35,0.81298828125,10240.0,1741.0,546.17,NVIDIA GeForce RTX 3080,[N/A],Enabled,Enabled
1702145184.067074,0,GPU-b342434c-f6b6-7627-333e-da750a9991e6,0.32,0.81298828125,10240.0,1741.0,546.17,NVIDIA GeForce RTX 3080,[N/A],Enabled,Enabled
1702145185.067091,0,GPU-b342434c-f6b6-7627-333e-da750a9991e6,0.34,0.81298828125,10240.0,1741.0,546.17,NVIDIA GeForce RTX 3080,[N/A],Enabled,Enabled
1702145186.067119,0,GPU-b342434c-f6b6-7627-333e-da750a9991e6,0.33,0.81298828125,10240.0,1741.0,546.17,NVIDIA GeForce RTX 3080,[N/A],Enabled,Enabled
1702145187.067576,0,GPU-b342434c-f6b6-7627-333e-da750a9991e6,0.33,0.81298828125,10240.0,1741.0,546.17,NVIDIA GeForce RTX 3080,[N/A],Enabled,Enabled
1702145188.067571,0,GPU-b342434c-f6b6-7627-333e-da750a9991e6,0.32,0.81298828125,10240.0,1741.0,546.17,NVIDIA GeForce RTX 3080,[N/A],Enabled,Enabled
1702145189.066865,0,GPU-b342434c-f6b6-7627-333e-da750a9991e6,0.33,0.81298828125,10240.0,1741.0,546.17,NVIDIA GeForce RTX 3080,[N/A],Enabled,Enabled
1702145190.067059,0,GPU-b342434c-f6b6-7627-333e-da750a9991e6,0.34,0.81298828125,10240.0,1741.0,546.17,NVIDIA GeForce RTX 3080,[N/A],Enabled,Enabled
1702145191.067279,0,GPU-b342434c-f6b6-7627-333e-da750a9991e6,0.32,0.81298828125,10240.0,1741.0,546.17,NVIDIA GeForce RTX 3080,[N/A],Enabled,Enabled
1702145192.067258,0,GPU-b342434c-f6b6-7627-333e-da750a9991e6,0.3,0.81298828125,10240.0,1741.0,546.17,NVIDIA GeForce RTX 3080,[N/A],Enabled,Enabled
1702145193.067422,0,GPU-b342434c-f6b6-7627-333e-da750a9991e6,0.32,0.81298828125,10240.0,1741.0,546.17,NVIDIA GeForce RTX 3080,[N/A],Enabled,Enabled
1702145194.067309,0,GPU-b342434c-f6b6-7627-333e-da750a9991e6,0.31,0.81298828125,10240.0,1741.0,546.17,NVIDIA GeForce RTX 3080,[N/A],Enabled,Enabled
1702145195.067591,0,GPU-b342434c-f6b6-7627-333e-da750a9991e6,0.31,0.81298828125,10240.0,1741.0,546.17,NVIDIA GeForce RTX 3080,[N/A],Enabled,Enabled
1702145196.066853,0,GPU-b342434c-f6b6-7627-333e-da750a9991e6,0.31,0.81298828125,10240.0,1741.0,546.17,NVIDIA GeForce RTX 3080,[N/A],Enabled,Enabled
1702145197.067578,0,GPU-b342434c-f6b6-7627-333e-da750a9991e6,0.3,0.81298828125,10240.0,1741.0,546.17,NVIDIA GeForce RTX 3080,[N/A],Enabled,Enabled
1702145198.067189,0,GPU-b342434c-f6b6-7627-333e-da750a9991e6,0.3,0.81298828125,10240.0,1741.0,546.17,NVIDIA GeForce RTX 3080,[N/A],Enabled,Enabled
1702145199.067188,0,GPU-b342434c-f6b6-7627-333e-da750a9991e6,0.3,0.81298828125,10240.0,1741.0,546.17,NVIDIA GeForce RTX 3080,[N/A],Enabled,Enabled
1702145200.067153,0,GPU-b342434c-f6b6-7627-333e-da750a9991e6,0.31,0.81298828125,10240.0,1741.0,546.17,NVIDIA GeForce RTX 3080,[N/A],Enabled,Enabled
1702145201.067825,0,GPU-b342434c-f6b6-7627-333e-da750a9991e6,0.31,0.81298828125,10240.0,1741.0,546.17,NVIDIA GeForce RTX 3080,[N/A],Enabled,Enabled
1702145202.067173,0,GPU-b342434c-f6b6-7627-333e-da750a9991e6,0.31,0.81298828125,10240.0,1741.0,546.17,NVIDIA GeForce RTX 3080,[N/A],Enabled,Enabled
1702145203.06736,0,GPU-b342434c-f6b6-7627-333e-da750a9991e6,0.29,0.81298828125,10240.0,1741.0,546.17,NVIDIA GeForce RTX 3080,[N/A],Enabled,Enabled
1702145204.067399,0,GPU-b342434c-f6b6-7627-333e-da750a9991e6,0.3,0.81318359375,10240.0,1739.0,546.17,NVIDIA GeForce RTX 3080,[N/A],Enabled,Enabled
1702145205.066819,0,GPU-b342434c-f6b6-7627-333e-da750a9991e6,0.32,0.81298828125,10240.0,1741.0,546.17,NVIDIA GeForce RTX 3080,[N/A],Enabled,Enabled
1702145206.067854,0,GPU-b342434c-f6b6-7627-333e-da750a9991e6,0.32,0.8130859375,10240.0,1740.0,546.17,NVIDIA GeForce RTX 3080,[N/A],Enabled,Enabled
1702145207.068083,0,GPU-b342434c-f6b6-7627-333e-da750a9991e6,0.31,0.8130859375,10240.0,1740.0,546.17,NVIDIA GeForce RTX 3080,[N/A],Enabled,Enabled
1702145208.066999,0,GPU-b342434c-f6b6-7627-333e-da750a9991e6,0.32,0.8130859375,10240.0,1740.0,546.17,NVIDIA GeForce RTX 3080,[N/A],Enabled,Enabled
1702145209.067226,0,GPU-b342434c-f6b6-7627-333e-da750a9991e6,0.31,0.8130859375,10240.0,1740.0,546.17,NVIDIA GeForce RTX 3080,[N/A],Enabled,Enabled
1702145210.067951,0,GPU-b342434c-f6b6-7627-333e-da750a9991e6,0.31,0.8130859375,10240.0,1740.0,546.17,NVIDIA GeForce RTX 3080,[N/A],Enabled,Enabled
1702145211.06708,0,GPU-b342434c-f6b6-7627-333e-da750a9991e6,0.31,0.8130859375,10240.0,1740.0,546.17,NVIDIA GeForce RTX 3080,[N/A],Enabled,Enabled
1702145212.067259,0,GPU-b342434c-f6b6-7627-333e-da750a9991e6,0.28,0.8130859375,10240.0,1740.0,546.17,NVIDIA GeForce RTX 3080,[N/A],Enabled,Enabled
1702145213.067279,0,GPU-b342434c-f6b6-7627-333e-da750a9991e6,0.29,0.81298828125,10240.0,1741.0,546.17,NVIDIA GeForce RTX 3080,[N/A],Enabled,Enabled
1702145214.067984,0,GPU-b342434c-f6b6-7627-333e-da750a9991e6,0.26,0.8130859375,10240.0,1740.0,546.17,NVIDIA GeForce RTX 3080,[N/A],Enabled,Enabled
1702145215.067209,0,GPU-b342434c-f6b6-7627-333e-da750a9991e6,0.27,0.8130859375,10240.0,1740.0,546.17,NVIDIA GeForce RTX 3080,[N/A],Enabled,Enabled
1702145216.067107,0,GPU-b342434c-f6b6-7627-333e-da750a9991e6,0.29,0.81318359375,10240.0,1739.0,546.17,NVIDIA GeForce RTX 3080,[N/A],Enabled,Enabled
1702145217.066772,0,GPU-b342434c-f6b6-7627-333e-da750a9991e6,0.31,0.8130859375,10240.0,1740.0,546.17,NVIDIA GeForce RTX 3080,[N/A],Enabled,Enabled
1702145218.067223,0,GPU-b342434c-f6b6-7627-333e-da750a9991e6,0.31,0.8130859375,10240.0,1740.0,546.17,NVIDIA GeForce RTX 3080,[N/A],Enabled,Enabled
1702145219.067546,0,GPU-b342434c-f6b6-7627-333e-da750a9991e6,0.31,0.8130859375,10240.0,1740.0,546.17,NVIDIA GeForce RTX 3080,[N/A],Enabled,Enabled
1702145220.067708,0,GPU-b342434c-f6b6-7627-333e-da750a9991e6,0.32,0.8130859375,10240.0,1740.0,546.17,NVIDIA GeForce RTX 3080,[N/A],Enabled,Enabled
1702145221.067882,0,GPU-b342434c-f6b6-7627-333e-da750a9991e6,0.31,0.8130859375,10240.0,1740.0,546.17,NVIDIA GeForce RTX 3080,[N/A],Enabled,Enabled
1702145222.067894,0,GPU-b342434c-f6b6-7627-333e-da750a9991e6,0.31,0.8130859375,10240.0,1740.0,546.17,NVIDIA GeForce RTX 3080,[N/A],Enabled,Enabled
1702145223.067549,0,GPU-b342434c-f6b6-7627-333e-da750a9991e6,0.32,0.8130859375,10240.0,1740.0,546.17,NVIDIA GeForce RTX 3080,[N/A],Enabled,Enabled
1702145224.067661,0,GPU-b342434c-f6b6-7627-333e-da750a9991e6,0.32,0.8130859375,10240.0,1740.0,546.17,NVIDIA GeForce RTX 3080,[N/A],Enabled,Enabled
1702145225.066972,0,GPU-b342434c-f6b6-7627-333e-da750a9991e6,0.32,0.8130859375,10240.0,1740.0,546.17,NVIDIA GeForce RTX 3080,[N/A],Enabled,Enabled
1702145226.067617,0,GPU-b342434c-f6b6-7627-333e-da750a9991e6,0.33,0.8130859375,10240.0,1740.0,546.17,NVIDIA GeForce RTX 3080,[N/A],Enabled,Enabled
1702145227.067552,0,GPU-b342434c-f6b6-7627-333e-da750a9991e6,0.31,0.8130859375,10240.0,1740.0,546.17,NVIDIA GeForce RTX 3080,[N/A],Enabled,Enabled
1702145228.067505,0,GPU-b342434c-f6b6-7627-333e-da750a9991e6,0.06,0.8130859375,10240.0,1740.0,546.17,NVIDIA GeForce RTX 3080,[N/A],Enabled,Enabled
1702145229.067097,0,GPU-b342434c-f6b6-7627-333e-da750a9991e6,0.06,0.81318359375,10240.0,1739.0,546.17,NVIDIA GeForce RTX 3080,[N/A],Enabled,Enabled
1702145230.067689,0,GPU-b342434c-f6b6-7627-333e-da750a9991e6,0.17,0.84833984375,10240.0,1379.0,546.17,NVIDIA GeForce RTX 3080,[N/A],Enabled,Enabled
1702145231.067032,0,GPU-b342434c-f6b6-7627-333e-da750a9991e6,0.15,0.43876953125,10240.0,5573.0,546.17,NVIDIA GeForce RTX 3080,[N/A],Enabled,Enabled
1702145232.06701,0,GPU-b342434c-f6b6-7627-333e-da750a9991e6,0.19,0.4376953125,10240.0,5584.0,546.17,NVIDIA GeForce RTX 3080,[N/A],Enabled,Enabled
