timestamp,id,uuid,load,memoryUtil,memoryTotal,memoryUsed,memoryFree,driver,name,serial,display_mode,display_active
1701957916.026147,0,GPU-b342434c-f6b6-7627-333e-da750a9991e6,0.1,0.50400390625,10240.0,4905.0,546.17,NVIDIA GeForce RTX 3080,[N/A],Enabled,Enabled
1701957917.020949,0,GPU-b342434c-f6b6-7627-333e-da750a9991e6,0.09,0.5025390625,10240.0,4920.0,546.17,NVIDIA GeForce RTX 3080,[N/A],Enabled,Enabled
1701957918.020381,0,GPU-b342434c-f6b6-7627-333e-da750a9991e6,0.09,0.50234375,10240.0,4922.0,546.17,NVIDIA GeForce RTX 3080,[N/A],Enabled,Enabled
1701957919.020736,0,GPU-b342434c-f6b6-7627-333e-da750a9991e6,0.07,0.41298828125,10240.0,5837.0,546.17,NVIDIA GeForce RTX 3080,[N/A],Enabled,Enabled
1701957920.02068,0,GPU-b342434c-f6b6-7627-333e-da750a9991e6,0.15,0.4880859375,10240.0,5068.0,546.17,NVIDIA GeForce RTX 3080,[N/A],Enabled,Enabled
1701957921.020075,0,GPU-b342434c-f6b6-7627-333e-da750a9991e6,0.12,0.44482421875,10240.0,5511.0,546.17,NVIDIA GeForce RTX 3080,[N/A],Enabled,Enabled
1701957922.020559,0,GPU-b342434c-f6b6-7627-333e-da750a9991e6,0.11,0.441015625,10240.0,5550.0,546.17,NVIDIA GeForce RTX 3080,[N/A],Enabled,Enabled
1701957923.020479,0,GPU-b342434c-f6b6-7627-333e-da750a9991e6,0.11,0.441015625,10240.0,5550.0,546.17,NVIDIA GeForce RTX 3080,[N/A],Enabled,Enabled
1701957924.021279,0,GPU-b342434c-f6b6-7627-333e-da750a9991e6,0.12,0.441015625,10240.0,5550.0,546.17,NVIDIA GeForce RTX 3080,[N/A],Enabled,Enabled
1701957925.020362,0,GPU-b342434c-f6b6-7627-333e-da750a9991e6,0.12,0.446484375,10240.0,5494.0,546.17,NVIDIA GeForce RTX 3080,[N/A],Enabled,Enabled
1701957926.020687,0,GPU-b342434c-f6b6-7627-333e-da750a9991e6,0.15,0.446484375,10240.0,5494.0,546.17,NVIDIA GeForce RTX 3080,[N/A],Enabled,Enabled
1701957927.020803,0,GPU-b342434c-f6b6-7627-333e-da750a9991e6,0.12,0.4427734375,10240.0,5532.0,546.17,NVIDIA GeForce RTX 3080,[N/A],Enabled,Enabled
1701957928.02081,0,GPU-b342434c-f6b6-7627-333e-da750a9991e6,0.11,0.4427734375,10240.0,5532.0,546.17,NVIDIA GeForce RTX 3080,[N/A],Enabled,Enabled
1701957929.021144,0,GPU-b342434c-f6b6-7627-333e-da750a9991e6,0.11,0.4427734375,10240.0,5532.0,546.17,NVIDIA GeForce RTX 3080,[N/A],Enabled,Enabled
1701957930.020161,0,GPU-b342434c-f6b6-7627-333e-da750a9991e6,0.12,0.446484375,10240.0,5494.0,546.17,NVIDIA GeForce RTX 3080,[N/A],Enabled,Enabled
1701957931.020331,0,GPU-b342434c-f6b6-7627-333e-da750a9991e6,0.11,0.4427734375,10240.0,5532.0,546.17,NVIDIA GeForce RTX 3080,[N/A],Enabled,Enabled
1701957932.020447,0,GPU-b342434c-f6b6-7627-333e-da750a9991e6,0.11,0.4427734375,10240.0,5532.0,546.17,NVIDIA GeForce RTX 3080,[N/A],Enabled,Enabled
1701957933.021138,0,GPU-b342434c-f6b6-7627-333e-da750a9991e6,0.12,0.446484375,10240.0,5494.0,546.17,NVIDIA GeForce RTX 3080,[N/A],Enabled,Enabled
1701957934.020664,0,GPU-b342434c-f6b6-7627-333e-da750a9991e6,0.12,0.446484375,10240.0,5494.0,546.17,NVIDIA GeForce RTX 3080,[N/A],Enabled,Enabled
1701957935.021099,0,GPU-b342434c-f6b6-7627-333e-da750a9991e6,0.12,0.44658203125,10240.0,5493.0,546.17,NVIDIA GeForce RTX 3080,[N/A],Enabled,Enabled
1701957936.02073,0,GPU-b342434c-f6b6-7627-333e-da750a9991e6,0.11,0.4427734375,10240.0,5532.0,546.17,NVIDIA GeForce RTX 3080,[N/A],Enabled,Enabled
1701957937.020543,0,GPU-b342434c-f6b6-7627-333e-da750a9991e6,0.11,0.4427734375,10240.0,5532.0,546.17,NVIDIA GeForce RTX 3080,[N/A],Enabled,Enabled
1701957938.02048,0,GPU-b342434c-f6b6-7627-333e-da750a9991e6,0.12,0.4427734375,10240.0,5532.0,546.17,NVIDIA GeForce RTX 3080,[N/A],Enabled,Enabled
1701957939.020916,0,GPU-b342434c-f6b6-7627-333e-da750a9991e6,0.11,0.44658203125,10240.0,5493.0,546.17,NVIDIA GeForce RTX 3080,[N/A],Enabled,Enabled
1701957940.021402,0,GPU-b342434c-f6b6-7627-333e-da750a9991e6,0.11,0.44658203125,10240.0,5493.0,546.17,NVIDIA GeForce RTX 3080,[N/A],Enabled,Enabled
1701957941.020409,0,GPU-b342434c-f6b6-7627-333e-da750a9991e6,0.12,0.45595703125,10240.0,5397.0,546.17,NVIDIA GeForce RTX 3080,[N/A],Enabled,Enabled
1701957942.021376,0,GPU-b342434c-f6b6-7627-333e-da750a9991e6,0.15,0.45595703125,10240.0,5397.0,546.17,NVIDIA GeForce RTX 3080,[N/A],Enabled,Enabled
1701957943.021237,0,GPU-b342434c-f6b6-7627-333e-da750a9991e6,0.15,0.45595703125,10240.0,5397.0,546.17,NVIDIA GeForce RTX 3080,[N/A],Enabled,Enabled
1701957944.020652,0,GPU-b342434c-f6b6-7627-333e-da750a9991e6,0.15,0.45595703125,10240.0,5397.0,546.17,NVIDIA GeForce RTX 3080,[N/A],Enabled,Enabled
1701957945.02109,0,GPU-b342434c-f6b6-7627-333e-da750a9991e6,0.15,0.45595703125,10240.0,5397.0,546.17,NVIDIA GeForce RTX 3080,[N/A],Enabled,Enabled
1701957946.020494,0,GPU-b342434c-f6b6-7627-333e-da750a9991e6,0.16,0.45595703125,10240.0,5397.0,546.17,NVIDIA GeForce RTX 3080,[N/A],Enabled,Enabled
1701957947.021204,0,GPU-b342434c-f6b6-7627-333e-da750a9991e6,0.15,0.45595703125,10240.0,5397.0,546.17,NVIDIA GeForce RTX 3080,[N/A],Enabled,Enabled
1701957948.021253,0,GPU-b342434c-f6b6-7627-333e-da750a9991e6,0.15,0.45595703125,10240.0,5397.0,546.17,NVIDIA GeForce RTX 3080,[N/A],Enabled,Enabled
1701957949.020189,0,GPU-b342434c-f6b6-7627-333e-da750a9991e6,0.16,0.45595703125,10240.0,5397.0,546.17,NVIDIA GeForce RTX 3080,[N/A],Enabled,Enabled
1701957950.020672,0,GPU-b342434c-f6b6-7627-333e-da750a9991e6,0.15,0.45595703125,10240.0,5397.0,546.17,NVIDIA GeForce RTX 3080,[N/A],Enabled,Enabled
1701957951.021041,0,GPU-b342434c-f6b6-7627-333e-da750a9991e6,0.15,0.45595703125,10240.0,5397.0,546.17,NVIDIA GeForce RTX 3080,[N/A],Enabled,Enabled
1701957952.020698,0,GPU-b342434c-f6b6-7627-333e-da750a9991e6,0.15,0.45595703125,10240.0,5397.0,546.17,NVIDIA GeForce RTX 3080,[N/A],Enabled,Enabled
1701957953.020677,0,GPU-b342434c-f6b6-7627-333e-da750a9991e6,0.15,0.45595703125,10240.0,5397.0,546.17,NVIDIA GeForce RTX 3080,[N/A],Enabled,Enabled
1701957954.021087,0,GPU-b342434c-f6b6-7627-333e-da750a9991e6,0.15,0.45595703125,10240.0,5397.0,546.17,NVIDIA GeForce RTX 3080,[N/A],Enabled,Enabled
1701957955.020183,0,GPU-b342434c-f6b6-7627-333e-da750a9991e6,0.14,0.45595703125,10240.0,5397.0,546.17,NVIDIA GeForce RTX 3080,[N/A],Enabled,Enabled
1701957956.020176,0,GPU-b342434c-f6b6-7627-333e-da750a9991e6,0.15,0.45595703125,10240.0,5397.0,546.17,NVIDIA GeForce RTX 3080,[N/A],Enabled,Enabled
1701957957.020873,0,GPU-b342434c-f6b6-7627-333e-da750a9991e6,0.15,0.45595703125,10240.0,5397.0,546.17,NVIDIA GeForce RTX 3080,[N/A],Enabled,Enabled
1701957958.021042,0,GPU-b342434c-f6b6-7627-333e-da750a9991e6,0.14,0.45595703125,10240.0,5397.0,546.17,NVIDIA GeForce RTX 3080,[N/A],Enabled,Enabled
1701957959.020479,0,GPU-b342434c-f6b6-7627-333e-da750a9991e6,0.15,0.45595703125,10240.0,5397.0,546.17,NVIDIA GeForce RTX 3080,[N/A],Enabled,Enabled
1701957960.020428,0,GPU-b342434c-f6b6-7627-333e-da750a9991e6,0.15,0.45595703125,10240.0,5397.0,546.17,NVIDIA GeForce RTX 3080,[N/A],Enabled,Enabled
1701957961.020686,0,GPU-b342434c-f6b6-7627-333e-da750a9991e6,0.15,0.45595703125,10240.0,5397.0,546.17,NVIDIA GeForce RTX 3080,[N/A],Enabled,Enabled
1701957962.021173,0,GPU-b342434c-f6b6-7627-333e-da750a9991e6,0.14,0.45595703125,10240.0,5397.0,546.17,NVIDIA GeForce RTX 3080,[N/A],Enabled,Enabled
1701957963.02139,0,GPU-b342434c-f6b6-7627-333e-da750a9991e6,0.14,0.45595703125,10240.0,5397.0,546.17,NVIDIA GeForce RTX 3080,[N/A],Enabled,Enabled
1701957964.020285,0,GPU-b342434c-f6b6-7627-333e-da750a9991e6,0.15,0.45595703125,10240.0,5397.0,546.17,NVIDIA GeForce RTX 3080,[N/A],Enabled,Enabled
1701957965.020243,0,GPU-b342434c-f6b6-7627-333e-da750a9991e6,0.15,0.45595703125,10240.0,5397.0,546.17,NVIDIA GeForce RTX 3080,[N/A],Enabled,Enabled
1701957966.020157,0,GPU-b342434c-f6b6-7627-333e-da750a9991e6,0.15,0.45595703125,10240.0,5397.0,546.17,NVIDIA GeForce RTX 3080,[N/A],Enabled,Enabled
1701957967.020673,0,GPU-b342434c-f6b6-7627-333e-da750a9991e6,0.15,0.45595703125,10240.0,5397.0,546.17,NVIDIA GeForce RTX 3080,[N/A],Enabled,Enabled
1701957968.020812,0,GPU-b342434c-f6b6-7627-333e-da750a9991e6,0.16,0.45595703125,10240.0,5397.0,546.17,NVIDIA GeForce RTX 3080,[N/A],Enabled,Enabled
1701957969.021101,0,GPU-b342434c-f6b6-7627-333e-da750a9991e6,0.15,0.45595703125,10240.0,5397.0,546.17,NVIDIA GeForce RTX 3080,[N/A],Enabled,Enabled
1701957970.020474,0,GPU-b342434c-f6b6-7627-333e-da750a9991e6,0.15,0.45595703125,10240.0,5397.0,546.17,NVIDIA GeForce RTX 3080,[N/A],Enabled,Enabled
1701957971.020733,0,GPU-b342434c-f6b6-7627-333e-da750a9991e6,0.15,0.45595703125,10240.0,5397.0,546.17,NVIDIA GeForce RTX 3080,[N/A],Enabled,Enabled
1701957972.020882,0,GPU-b342434c-f6b6-7627-333e-da750a9991e6,0.15,0.45595703125,10240.0,5397.0,546.17,NVIDIA GeForce RTX 3080,[N/A],Enabled,Enabled
1701957973.020703,0,GPU-b342434c-f6b6-7627-333e-da750a9991e6,0.14,0.45595703125,10240.0,5397.0,546.17,NVIDIA GeForce RTX 3080,[N/A],Enabled,Enabled
1701957974.021034,0,GPU-b342434c-f6b6-7627-333e-da750a9991e6,0.15,0.45595703125,10240.0,5397.0,546.17,NVIDIA GeForce RTX 3080,[N/A],Enabled,Enabled
1701957975.020555,0,GPU-b342434c-f6b6-7627-333e-da750a9991e6,0.15,0.45595703125,10240.0,5397.0,546.17,NVIDIA GeForce RTX 3080,[N/A],Enabled,Enabled
1701957976.020349,0,GPU-b342434c-f6b6-7627-333e-da750a9991e6,0.14,0.45595703125,10240.0,5397.0,546.17,NVIDIA GeForce RTX 3080,[N/A],Enabled,Enabled
1701957977.020162,0,GPU-b342434c-f6b6-7627-333e-da750a9991e6,0.15,0.45595703125,10240.0,5397.0,546.17,NVIDIA GeForce RTX 3080,[N/A],Enabled,Enabled
1701957978.02121,0,GPU-b342434c-f6b6-7627-333e-da750a9991e6,0.14,0.45595703125,10240.0,5397.0,546.17,NVIDIA GeForce RTX 3080,[N/A],Enabled,Enabled
1701957979.020713,0,GPU-b342434c-f6b6-7627-333e-da750a9991e6,0.15,0.45595703125,10240.0,5397.0,546.17,NVIDIA GeForce RTX 3080,[N/A],Enabled,Enabled
1701957980.020883,0,GPU-b342434c-f6b6-7627-333e-da750a9991e6,0.15,0.45595703125,10240.0,5397.0,546.17,NVIDIA GeForce RTX 3080,[N/A],Enabled,Enabled
1701957981.020131,0,GPU-b342434c-f6b6-7627-333e-da750a9991e6,0.14,0.45595703125,10240.0,5397.0,546.17,NVIDIA GeForce RTX 3080,[N/A],Enabled,Enabled
1701957982.020104,0,GPU-b342434c-f6b6-7627-333e-da750a9991e6,0.14,0.45595703125,10240.0,5397.0,546.17,NVIDIA GeForce RTX 3080,[N/A],Enabled,Enabled
1701957983.020901,0,GPU-b342434c-f6b6-7627-333e-da750a9991e6,0.14,0.45595703125,10240.0,5397.0,546.17,NVIDIA GeForce RTX 3080,[N/A],Enabled,Enabled
1701957984.021286,0,GPU-b342434c-f6b6-7627-333e-da750a9991e6,0.14,0.45595703125,10240.0,5397.0,546.17,NVIDIA GeForce RTX 3080,[N/A],Enabled,Enabled
1701957985.020554,0,GPU-b342434c-f6b6-7627-333e-da750a9991e6,0.15,0.45595703125,10240.0,5397.0,546.17,NVIDIA GeForce RTX 3080,[N/A],Enabled,Enabled
1701957986.020826,0,GPU-b342434c-f6b6-7627-333e-da750a9991e6,0.15,0.45595703125,10240.0,5397.0,546.17,NVIDIA GeForce RTX 3080,[N/A],Enabled,Enabled
1701957987.020522,0,GPU-b342434c-f6b6-7627-333e-da750a9991e6,0.15,0.45595703125,10240.0,5397.0,546.17,NVIDIA GeForce RTX 3080,[N/A],Enabled,Enabled
1701957988.020308,0,GPU-b342434c-f6b6-7627-333e-da750a9991e6,0.15,0.45595703125,10240.0,5397.0,546.17,NVIDIA GeForce RTX 3080,[N/A],Enabled,Enabled
1701957989.020653,0,GPU-b342434c-f6b6-7627-333e-da750a9991e6,0.15,0.45595703125,10240.0,5397.0,546.17,NVIDIA GeForce RTX 3080,[N/A],Enabled,Enabled
1701957990.020208,0,GPU-b342434c-f6b6-7627-333e-da750a9991e6,0.15,0.45595703125,10240.0,5397.0,546.17,NVIDIA GeForce RTX 3080,[N/A],Enabled,Enabled
1701957991.021125,0,GPU-b342434c-f6b6-7627-333e-da750a9991e6,0.15,0.45595703125,10240.0,5397.0,546.17,NVIDIA GeForce RTX 3080,[N/A],Enabled,Enabled
1701957992.021056,0,GPU-b342434c-f6b6-7627-333e-da750a9991e6,0.15,0.45595703125,10240.0,5397.0,546.17,NVIDIA GeForce RTX 3080,[N/A],Enabled,Enabled
1701957993.020318,0,GPU-b342434c-f6b6-7627-333e-da750a9991e6,0.15,0.45595703125,10240.0,5397.0,546.17,NVIDIA GeForce RTX 3080,[N/A],Enabled,Enabled
1701957994.020719,0,GPU-b342434c-f6b6-7627-333e-da750a9991e6,0.15,0.45595703125,10240.0,5397.0,546.17,NVIDIA GeForce RTX 3080,[N/A],Enabled,Enabled
1701957995.021408,0,GPU-b342434c-f6b6-7627-333e-da750a9991e6,0.15,0.45595703125,10240.0,5397.0,546.17,NVIDIA GeForce RTX 3080,[N/A],Enabled,Enabled
1701957996.020218,0,GPU-b342434c-f6b6-7627-333e-da750a9991e6,0.16,0.45595703125,10240.0,5397.0,546.17,NVIDIA GeForce RTX 3080,[N/A],Enabled,Enabled
1701957997.020821,0,GPU-b342434c-f6b6-7627-333e-da750a9991e6,0.15,0.45595703125,10240.0,5397.0,546.17,NVIDIA GeForce RTX 3080,[N/A],Enabled,Enabled
1701957998.0203,0,GPU-b342434c-f6b6-7627-333e-da750a9991e6,0.15,0.45595703125,10240.0,5397.0,546.17,NVIDIA GeForce RTX 3080,[N/A],Enabled,Enabled
1701957999.020518,0,GPU-b342434c-f6b6-7627-333e-da750a9991e6,0.15,0.45595703125,10240.0,5397.0,546.17,NVIDIA GeForce RTX 3080,[N/A],Enabled,Enabled
1701958000.020313,0,GPU-b342434c-f6b6-7627-333e-da750a9991e6,0.15,0.45595703125,10240.0,5397.0,546.17,NVIDIA GeForce RTX 3080,[N/A],Enabled,Enabled
1701958001.020641,0,GPU-b342434c-f6b6-7627-333e-da750a9991e6,0.15,0.45595703125,10240.0,5397.0,546.17,NVIDIA GeForce RTX 3080,[N/A],Enabled,Enabled
1701958002.020803,0,GPU-b342434c-f6b6-7627-333e-da750a9991e6,0.15,0.45595703125,10240.0,5397.0,546.17,NVIDIA GeForce RTX 3080,[N/A],Enabled,Enabled
1701958003.021279,0,GPU-b342434c-f6b6-7627-333e-da750a9991e6,0.15,0.45595703125,10240.0,5397.0,546.17,NVIDIA GeForce RTX 3080,[N/A],Enabled,Enabled
1701958004.020832,0,GPU-b342434c-f6b6-7627-333e-da750a9991e6,0.15,0.45595703125,10240.0,5397.0,546.17,NVIDIA GeForce RTX 3080,[N/A],Enabled,Enabled
1701958005.020866,0,GPU-b342434c-f6b6-7627-333e-da750a9991e6,0.15,0.45595703125,10240.0,5397.0,546.17,NVIDIA GeForce RTX 3080,[N/A],Enabled,Enabled
1701958006.021133,0,GPU-b342434c-f6b6-7627-333e-da750a9991e6,0.15,0.45595703125,10240.0,5397.0,546.17,NVIDIA GeForce RTX 3080,[N/A],Enabled,Enabled
1701958007.020793,0,GPU-b342434c-f6b6-7627-333e-da750a9991e6,0.15,0.45595703125,10240.0,5397.0,546.17,NVIDIA GeForce RTX 3080,[N/A],Enabled,Enabled
1701958008.020698,0,GPU-b342434c-f6b6-7627-333e-da750a9991e6,0.14,0.45595703125,10240.0,5397.0,546.17,NVIDIA GeForce RTX 3080,[N/A],Enabled,Enabled
1701958009.021047,0,GPU-b342434c-f6b6-7627-333e-da750a9991e6,0.15,0.45595703125,10240.0,5397.0,546.17,NVIDIA GeForce RTX 3080,[N/A],Enabled,Enabled
1701958010.020327,0,GPU-b342434c-f6b6-7627-333e-da750a9991e6,0.15,0.45595703125,10240.0,5397.0,546.17,NVIDIA GeForce RTX 3080,[N/A],Enabled,Enabled
1701958011.020682,0,GPU-b342434c-f6b6-7627-333e-da750a9991e6,0.15,0.45595703125,10240.0,5397.0,546.17,NVIDIA GeForce RTX 3080,[N/A],Enabled,Enabled
1701958012.020303,0,GPU-b342434c-f6b6-7627-333e-da750a9991e6,0.15,0.45595703125,10240.0,5397.0,546.17,NVIDIA GeForce RTX 3080,[N/A],Enabled,Enabled
1701958013.020231,0,GPU-b342434c-f6b6-7627-333e-da750a9991e6,0.15,0.45595703125,10240.0,5397.0,546.17,NVIDIA GeForce RTX 3080,[N/A],Enabled,Enabled
1701958014.020392,0,GPU-b342434c-f6b6-7627-333e-da750a9991e6,0.15,0.45595703125,10240.0,5397.0,546.17,NVIDIA GeForce RTX 3080,[N/A],Enabled,Enabled
1701958015.02118,0,GPU-b342434c-f6b6-7627-333e-da750a9991e6,0.16,0.45595703125,10240.0,5397.0,546.17,NVIDIA GeForce RTX 3080,[N/A],Enabled,Enabled
1701958016.020964,0,GPU-b342434c-f6b6-7627-333e-da750a9991e6,0.15,0.45595703125,10240.0,5397.0,546.17,NVIDIA GeForce RTX 3080,[N/A],Enabled,Enabled
1701958017.021472,0,GPU-b342434c-f6b6-7627-333e-da750a9991e6,0.15,0.45595703125,10240.0,5397.0,546.17,NVIDIA GeForce RTX 3080,[N/A],Enabled,Enabled
1701958018.020275,0,GPU-b342434c-f6b6-7627-333e-da750a9991e6,0.15,0.45595703125,10240.0,5397.0,546.17,NVIDIA GeForce RTX 3080,[N/A],Enabled,Enabled
1701958019.020464,0,GPU-b342434c-f6b6-7627-333e-da750a9991e6,0.15,0.45595703125,10240.0,5397.0,546.17,NVIDIA GeForce RTX 3080,[N/A],Enabled,Enabled
1701958020.020238,0,GPU-b342434c-f6b6-7627-333e-da750a9991e6,0.14,0.45595703125,10240.0,5397.0,546.17,NVIDIA GeForce RTX 3080,[N/A],Enabled,Enabled
1701958021.020241,0,GPU-b342434c-f6b6-7627-333e-da750a9991e6,0.16,0.45595703125,10240.0,5397.0,546.17,NVIDIA GeForce RTX 3080,[N/A],Enabled,Enabled
1701958022.020655,0,GPU-b342434c-f6b6-7627-333e-da750a9991e6,0.14,0.45595703125,10240.0,5397.0,546.17,NVIDIA GeForce RTX 3080,[N/A],Enabled,Enabled
1701958023.021167,0,GPU-b342434c-f6b6-7627-333e-da750a9991e6,0.14,0.45595703125,10240.0,5397.0,546.17,NVIDIA GeForce RTX 3080,[N/A],Enabled,Enabled
1701958024.020677,0,GPU-b342434c-f6b6-7627-333e-da750a9991e6,0.14,0.45595703125,10240.0,5397.0,546.17,NVIDIA GeForce RTX 3080,[N/A],Enabled,Enabled
1701958025.02131,0,GPU-b342434c-f6b6-7627-333e-da750a9991e6,0.15,0.45595703125,10240.0,5397.0,546.17,NVIDIA GeForce RTX 3080,[N/A],Enabled,Enabled
1701958026.020531,0,GPU-b342434c-f6b6-7627-333e-da750a9991e6,0.14,0.45595703125,10240.0,5397.0,546.17,NVIDIA GeForce RTX 3080,[N/A],Enabled,Enabled
1701958027.020865,0,GPU-b342434c-f6b6-7627-333e-da750a9991e6,0.15,0.45595703125,10240.0,5397.0,546.17,NVIDIA GeForce RTX 3080,[N/A],Enabled,Enabled
1701958028.020256,0,GPU-b342434c-f6b6-7627-333e-da750a9991e6,0.15,0.45595703125,10240.0,5397.0,546.17,NVIDIA GeForce RTX 3080,[N/A],Enabled,Enabled
1701958029.020836,0,GPU-b342434c-f6b6-7627-333e-da750a9991e6,0.14,0.45595703125,10240.0,5397.0,546.17,NVIDIA GeForce RTX 3080,[N/A],Enabled,Enabled
1701958030.020417,0,GPU-b342434c-f6b6-7627-333e-da750a9991e6,0.14,0.45595703125,10240.0,5397.0,546.17,NVIDIA GeForce RTX 3080,[N/A],Enabled,Enabled
1701958031.021066,0,GPU-b342434c-f6b6-7627-333e-da750a9991e6,0.15,0.45595703125,10240.0,5397.0,546.17,NVIDIA GeForce RTX 3080,[N/A],Enabled,Enabled
1701958032.021205,0,GPU-b342434c-f6b6-7627-333e-da750a9991e6,0.14,0.45595703125,10240.0,5397.0,546.17,NVIDIA GeForce RTX 3080,[N/A],Enabled,Enabled
1701958033.021541,0,GPU-b342434c-f6b6-7627-333e-da750a9991e6,0.14,0.45595703125,10240.0,5397.0,546.17,NVIDIA GeForce RTX 3080,[N/A],Enabled,Enabled
1701958034.020961,0,GPU-b342434c-f6b6-7627-333e-da750a9991e6,0.15,0.45595703125,10240.0,5397.0,546.17,NVIDIA GeForce RTX 3080,[N/A],Enabled,Enabled
1701958035.020544,0,GPU-b342434c-f6b6-7627-333e-da750a9991e6,0.14,0.45595703125,10240.0,5397.0,546.17,NVIDIA GeForce RTX 3080,[N/A],Enabled,Enabled
1701958036.020289,0,GPU-b342434c-f6b6-7627-333e-da750a9991e6,0.14,0.45595703125,10240.0,5397.0,546.17,NVIDIA GeForce RTX 3080,[N/A],Enabled,Enabled
1701958037.020494,0,GPU-b342434c-f6b6-7627-333e-da750a9991e6,0.14,0.45595703125,10240.0,5397.0,546.17,NVIDIA GeForce RTX 3080,[N/A],Enabled,Enabled
1701958038.02073,0,GPU-b342434c-f6b6-7627-333e-da750a9991e6,0.15,0.45595703125,10240.0,5397.0,546.17,NVIDIA GeForce RTX 3080,[N/A],Enabled,Enabled
1701958039.020704,0,GPU-b342434c-f6b6-7627-333e-da750a9991e6,0.14,0.45595703125,10240.0,5397.0,546.17,NVIDIA GeForce RTX 3080,[N/A],Enabled,Enabled
1701958040.021172,0,GPU-b342434c-f6b6-7627-333e-da750a9991e6,0.14,0.45595703125,10240.0,5397.0,546.17,NVIDIA GeForce RTX 3080,[N/A],Enabled,Enabled
1701958041.020564,0,GPU-b342434c-f6b6-7627-333e-da750a9991e6,0.15,0.45595703125,10240.0,5397.0,546.17,NVIDIA GeForce RTX 3080,[N/A],Enabled,Enabled
1701958042.021181,0,GPU-b342434c-f6b6-7627-333e-da750a9991e6,0.15,0.45595703125,10240.0,5397.0,546.17,NVIDIA GeForce RTX 3080,[N/A],Enabled,Enabled
1701958043.021144,0,GPU-b342434c-f6b6-7627-333e-da750a9991e6,0.15,0.45595703125,10240.0,5397.0,546.17,NVIDIA GeForce RTX 3080,[N/A],Enabled,Enabled
1701958044.020361,0,GPU-b342434c-f6b6-7627-333e-da750a9991e6,0.15,0.45595703125,10240.0,5397.0,546.17,NVIDIA GeForce RTX 3080,[N/A],Enabled,Enabled
1701958045.020013,0,GPU-b342434c-f6b6-7627-333e-da750a9991e6,0.15,0.45595703125,10240.0,5397.0,546.17,NVIDIA GeForce RTX 3080,[N/A],Enabled,Enabled
1701958046.020582,0,GPU-b342434c-f6b6-7627-333e-da750a9991e6,0.15,0.45595703125,10240.0,5397.0,546.17,NVIDIA GeForce RTX 3080,[N/A],Enabled,Enabled
1701958047.020159,0,GPU-b342434c-f6b6-7627-333e-da750a9991e6,0.15,0.45595703125,10240.0,5397.0,546.17,NVIDIA GeForce RTX 3080,[N/A],Enabled,Enabled
1701958048.020585,0,GPU-b342434c-f6b6-7627-333e-da750a9991e6,0.16,0.45595703125,10240.0,5397.0,546.17,NVIDIA GeForce RTX 3080,[N/A],Enabled,Enabled
1701958049.020791,0,GPU-b342434c-f6b6-7627-333e-da750a9991e6,0.15,0.45595703125,10240.0,5397.0,546.17,NVIDIA GeForce RTX 3080,[N/A],Enabled,Enabled
1701958050.020661,0,GPU-b342434c-f6b6-7627-333e-da750a9991e6,0.15,0.45595703125,10240.0,5397.0,546.17,NVIDIA GeForce RTX 3080,[N/A],Enabled,Enabled
1701958051.020998,0,GPU-b342434c-f6b6-7627-333e-da750a9991e6,0.14,0.45595703125,10240.0,5397.0,546.17,NVIDIA GeForce RTX 3080,[N/A],Enabled,Enabled
1701958052.020462,0,GPU-b342434c-f6b6-7627-333e-da750a9991e6,0.14,0.45595703125,10240.0,5397.0,546.17,NVIDIA GeForce RTX 3080,[N/A],Enabled,Enabled
1701958053.021066,0,GPU-b342434c-f6b6-7627-333e-da750a9991e6,0.15,0.45595703125,10240.0,5397.0,546.17,NVIDIA GeForce RTX 3080,[N/A],Enabled,Enabled
1701958054.020774,0,GPU-b342434c-f6b6-7627-333e-da750a9991e6,0.15,0.45595703125,10240.0,5397.0,546.17,NVIDIA GeForce RTX 3080,[N/A],Enabled,Enabled
1701958055.02049,0,GPU-b342434c-f6b6-7627-333e-da750a9991e6,0.15,0.45595703125,10240.0,5397.0,546.17,NVIDIA GeForce RTX 3080,[N/A],Enabled,Enabled
1701958056.020654,0,GPU-b342434c-f6b6-7627-333e-da750a9991e6,0.15,0.45595703125,10240.0,5397.0,546.17,NVIDIA GeForce RTX 3080,[N/A],Enabled,Enabled
1701958057.020028,0,GPU-b342434c-f6b6-7627-333e-da750a9991e6,0.15,0.45595703125,10240.0,5397.0,546.17,NVIDIA GeForce RTX 3080,[N/A],Enabled,Enabled
1701958058.020798,0,GPU-b342434c-f6b6-7627-333e-da750a9991e6,0.14,0.45595703125,10240.0,5397.0,546.17,NVIDIA GeForce RTX 3080,[N/A],Enabled,Enabled
1701958059.020654,0,GPU-b342434c-f6b6-7627-333e-da750a9991e6,0.15,0.45595703125,10240.0,5397.0,546.17,NVIDIA GeForce RTX 3080,[N/A],Enabled,Enabled
1701958060.020777,0,GPU-b342434c-f6b6-7627-333e-da750a9991e6,0.15,0.45595703125,10240.0,5397.0,546.17,NVIDIA GeForce RTX 3080,[N/A],Enabled,Enabled
1701958061.020868,0,GPU-b342434c-f6b6-7627-333e-da750a9991e6,0.15,0.45595703125,10240.0,5397.0,546.17,NVIDIA GeForce RTX 3080,[N/A],Enabled,Enabled
1701958062.020937,0,GPU-b342434c-f6b6-7627-333e-da750a9991e6,0.15,0.45595703125,10240.0,5397.0,546.17,NVIDIA GeForce RTX 3080,[N/A],Enabled,Enabled
1701958063.02034,0,GPU-b342434c-f6b6-7627-333e-da750a9991e6,0.15,0.45595703125,10240.0,5397.0,546.17,NVIDIA GeForce RTX 3080,[N/A],Enabled,Enabled
1701958064.020736,0,GPU-b342434c-f6b6-7627-333e-da750a9991e6,0.15,0.45595703125,10240.0,5397.0,546.17,NVIDIA GeForce RTX 3080,[N/A],Enabled,Enabled
1701958065.019988,0,GPU-b342434c-f6b6-7627-333e-da750a9991e6,0.15,0.45595703125,10240.0,5397.0,546.17,NVIDIA GeForce RTX 3080,[N/A],Enabled,Enabled
1701958066.020411,0,GPU-b342434c-f6b6-7627-333e-da750a9991e6,0.15,0.45595703125,10240.0,5397.0,546.17,NVIDIA GeForce RTX 3080,[N/A],Enabled,Enabled
1701958067.02112,0,GPU-b342434c-f6b6-7627-333e-da750a9991e6,0.15,0.45595703125,10240.0,5397.0,546.17,NVIDIA GeForce RTX 3080,[N/A],Enabled,Enabled
1701958068.021082,0,GPU-b342434c-f6b6-7627-333e-da750a9991e6,0.15,0.45595703125,10240.0,5397.0,546.17,NVIDIA GeForce RTX 3080,[N/A],Enabled,Enabled
1701958069.020046,0,GPU-b342434c-f6b6-7627-333e-da750a9991e6,0.16,0.45595703125,10240.0,5397.0,546.17,NVIDIA GeForce RTX 3080,[N/A],Enabled,Enabled
1701958070.021281,0,GPU-b342434c-f6b6-7627-333e-da750a9991e6,0.15,0.45595703125,10240.0,5397.0,546.17,NVIDIA GeForce RTX 3080,[N/A],Enabled,Enabled
1701958071.020966,0,GPU-b342434c-f6b6-7627-333e-da750a9991e6,0.15,0.45595703125,10240.0,5397.0,546.17,NVIDIA GeForce RTX 3080,[N/A],Enabled,Enabled
1701958072.020386,0,GPU-b342434c-f6b6-7627-333e-da750a9991e6,0.15,0.45595703125,10240.0,5397.0,546.17,NVIDIA GeForce RTX 3080,[N/A],Enabled,Enabled
1701958073.020545,0,GPU-b342434c-f6b6-7627-333e-da750a9991e6,0.15,0.45595703125,10240.0,5397.0,546.17,NVIDIA GeForce RTX 3080,[N/A],Enabled,Enabled
1701958074.020434,0,GPU-b342434c-f6b6-7627-333e-da750a9991e6,0.15,0.45595703125,10240.0,5397.0,546.17,NVIDIA GeForce RTX 3080,[N/A],Enabled,Enabled
1701958075.020172,0,GPU-b342434c-f6b6-7627-333e-da750a9991e6,0.14,0.45595703125,10240.0,5397.0,546.17,NVIDIA GeForce RTX 3080,[N/A],Enabled,Enabled
1701958076.020538,0,GPU-b342434c-f6b6-7627-333e-da750a9991e6,0.15,0.45595703125,10240.0,5397.0,546.17,NVIDIA GeForce RTX 3080,[N/A],Enabled,Enabled
1701958077.021001,0,GPU-b342434c-f6b6-7627-333e-da750a9991e6,0.15,0.45595703125,10240.0,5397.0,546.17,NVIDIA GeForce RTX 3080,[N/A],Enabled,Enabled
1701958078.020563,0,GPU-b342434c-f6b6-7627-333e-da750a9991e6,0.15,0.45595703125,10240.0,5397.0,546.17,NVIDIA GeForce RTX 3080,[N/A],Enabled,Enabled
1701958079.020469,0,GPU-b342434c-f6b6-7627-333e-da750a9991e6,0.15,0.45595703125,10240.0,5397.0,546.17,NVIDIA GeForce RTX 3080,[N/A],Enabled,Enabled
1701958080.0203,0,GPU-b342434c-f6b6-7627-333e-da750a9991e6,0.15,0.45595703125,10240.0,5397.0,546.17,NVIDIA GeForce RTX 3080,[N/A],Enabled,Enabled
1701958081.020923,0,GPU-b342434c-f6b6-7627-333e-da750a9991e6,0.16,0.45595703125,10240.0,5397.0,546.17,NVIDIA GeForce RTX 3080,[N/A],Enabled,Enabled
1701958082.020878,0,GPU-b342434c-f6b6-7627-333e-da750a9991e6,0.15,0.45595703125,10240.0,5397.0,546.17,NVIDIA GeForce RTX 3080,[N/A],Enabled,Enabled
1701958083.021021,0,GPU-b342434c-f6b6-7627-333e-da750a9991e6,0.16,0.45595703125,10240.0,5397.0,546.17,NVIDIA GeForce RTX 3080,[N/A],Enabled,Enabled
1701958084.020629,0,GPU-b342434c-f6b6-7627-333e-da750a9991e6,0.15,0.45595703125,10240.0,5397.0,546.17,NVIDIA GeForce RTX 3080,[N/A],Enabled,Enabled
1701958085.020507,0,GPU-b342434c-f6b6-7627-333e-da750a9991e6,0.15,0.45595703125,10240.0,5397.0,546.17,NVIDIA GeForce RTX 3080,[N/A],Enabled,Enabled
1701958086.020942,0,GPU-b342434c-f6b6-7627-333e-da750a9991e6,0.15,0.45595703125,10240.0,5397.0,546.17,NVIDIA GeForce RTX 3080,[N/A],Enabled,Enabled
1701958087.021576,0,GPU-b342434c-f6b6-7627-333e-da750a9991e6,0.15,0.45595703125,10240.0,5397.0,546.17,NVIDIA GeForce RTX 3080,[N/A],Enabled,Enabled
1701958088.020667,0,GPU-b342434c-f6b6-7627-333e-da750a9991e6,0.15,0.45595703125,10240.0,5397.0,546.17,NVIDIA GeForce RTX 3080,[N/A],Enabled,Enabled
1701958089.020993,0,GPU-b342434c-f6b6-7627-333e-da750a9991e6,0.15,0.45595703125,10240.0,5397.0,546.17,NVIDIA GeForce RTX 3080,[N/A],Enabled,Enabled
1701958090.020516,0,GPU-b342434c-f6b6-7627-333e-da750a9991e6,0.15,0.45595703125,10240.0,5397.0,546.17,NVIDIA GeForce RTX 3080,[N/A],Enabled,Enabled
1701958091.020464,0,GPU-b342434c-f6b6-7627-333e-da750a9991e6,0.15,0.45595703125,10240.0,5397.0,546.17,NVIDIA GeForce RTX 3080,[N/A],Enabled,Enabled
1701958092.020979,0,GPU-b342434c-f6b6-7627-333e-da750a9991e6,0.15,0.45595703125,10240.0,5397.0,546.17,NVIDIA GeForce RTX 3080,[N/A],Enabled,Enabled
1701958093.020318,0,GPU-b342434c-f6b6-7627-333e-da750a9991e6,0.15,0.45595703125,10240.0,5397.0,546.17,NVIDIA GeForce RTX 3080,[N/A],Enabled,Enabled
1701958094.021195,0,GPU-b342434c-f6b6-7627-333e-da750a9991e6,0.15,0.45595703125,10240.0,5397.0,546.17,NVIDIA GeForce RTX 3080,[N/A],Enabled,Enabled
1701958095.020943,0,GPU-b342434c-f6b6-7627-333e-da750a9991e6,0.15,0.45595703125,10240.0,5397.0,546.17,NVIDIA GeForce RTX 3080,[N/A],Enabled,Enabled
1701958096.020564,0,GPU-b342434c-f6b6-7627-333e-da750a9991e6,0.15,0.45595703125,10240.0,5397.0,546.17,NVIDIA GeForce RTX 3080,[N/A],Enabled,Enabled
1701958097.020583,0,GPU-b342434c-f6b6-7627-333e-da750a9991e6,0.15,0.45595703125,10240.0,5397.0,546.17,NVIDIA GeForce RTX 3080,[N/A],Enabled,Enabled
1701958098.021024,0,GPU-b342434c-f6b6-7627-333e-da750a9991e6,0.15,0.45595703125,10240.0,5397.0,546.17,NVIDIA GeForce RTX 3080,[N/A],Enabled,Enabled
1701958099.020499,0,GPU-b342434c-f6b6-7627-333e-da750a9991e6,0.15,0.45595703125,10240.0,5397.0,546.17,NVIDIA GeForce RTX 3080,[N/A],Enabled,Enabled
1701958100.020871,0,GPU-b342434c-f6b6-7627-333e-da750a9991e6,0.15,0.45595703125,10240.0,5397.0,546.17,NVIDIA GeForce RTX 3080,[N/A],Enabled,Enabled
1701958101.020759,0,GPU-b342434c-f6b6-7627-333e-da750a9991e6,0.16,0.45595703125,10240.0,5397.0,546.17,NVIDIA GeForce RTX 3080,[N/A],Enabled,Enabled
1701958102.020076,0,GPU-b342434c-f6b6-7627-333e-da750a9991e6,0.16,0.45595703125,10240.0,5397.0,546.17,NVIDIA GeForce RTX 3080,[N/A],Enabled,Enabled
1701958103.021219,0,GPU-b342434c-f6b6-7627-333e-da750a9991e6,0.16,0.45595703125,10240.0,5397.0,546.17,NVIDIA GeForce RTX 3080,[N/A],Enabled,Enabled
1701958104.021364,0,GPU-b342434c-f6b6-7627-333e-da750a9991e6,0.16,0.45595703125,10240.0,5397.0,546.17,NVIDIA GeForce RTX 3080,[N/A],Enabled,Enabled
1701958105.02046,0,GPU-b342434c-f6b6-7627-333e-da750a9991e6,0.15,0.45595703125,10240.0,5397.0,546.17,NVIDIA GeForce RTX 3080,[N/A],Enabled,Enabled
1701958106.021107,0,GPU-b342434c-f6b6-7627-333e-da750a9991e6,0.15,0.45595703125,10240.0,5397.0,546.17,NVIDIA GeForce RTX 3080,[N/A],Enabled,Enabled
1701958107.020522,0,GPU-b342434c-f6b6-7627-333e-da750a9991e6,0.15,0.45595703125,10240.0,5397.0,546.17,NVIDIA GeForce RTX 3080,[N/A],Enabled,Enabled
1701958108.02051,0,GPU-b342434c-f6b6-7627-333e-da750a9991e6,0.15,0.45595703125,10240.0,5397.0,546.17,NVIDIA GeForce RTX 3080,[N/A],Enabled,Enabled
1701958109.02063,0,GPU-b342434c-f6b6-7627-333e-da750a9991e6,0.15,0.45595703125,10240.0,5397.0,546.17,NVIDIA GeForce RTX 3080,[N/A],Enabled,Enabled
1701958110.020406,0,GPU-b342434c-f6b6-7627-333e-da750a9991e6,0.15,0.45595703125,10240.0,5397.0,546.17,NVIDIA GeForce RTX 3080,[N/A],Enabled,Enabled
1701958111.020672,0,GPU-b342434c-f6b6-7627-333e-da750a9991e6,0.15,0.45595703125,10240.0,5397.0,546.17,NVIDIA GeForce RTX 3080,[N/A],Enabled,Enabled
1701958112.020822,0,GPU-b342434c-f6b6-7627-333e-da750a9991e6,0.15,0.45595703125,10240.0,5397.0,546.17,NVIDIA GeForce RTX 3080,[N/A],Enabled,Enabled
1701958113.020936,0,GPU-b342434c-f6b6-7627-333e-da750a9991e6,0.15,0.45595703125,10240.0,5397.0,546.17,NVIDIA GeForce RTX 3080,[N/A],Enabled,Enabled
1701958114.02038,0,GPU-b342434c-f6b6-7627-333e-da750a9991e6,0.15,0.45595703125,10240.0,5397.0,546.17,NVIDIA GeForce RTX 3080,[N/A],Enabled,Enabled
1701958115.02098,0,GPU-b342434c-f6b6-7627-333e-da750a9991e6,0.14,0.45595703125,10240.0,5397.0,546.17,NVIDIA GeForce RTX 3080,[N/A],Enabled,Enabled
1701958116.020729,0,GPU-b342434c-f6b6-7627-333e-da750a9991e6,0.14,0.45595703125,10240.0,5397.0,546.17,NVIDIA GeForce RTX 3080,[N/A],Enabled,Enabled
1701958117.021127,0,GPU-b342434c-f6b6-7627-333e-da750a9991e6,0.15,0.45595703125,10240.0,5397.0,546.17,NVIDIA GeForce RTX 3080,[N/A],Enabled,Enabled
1701958118.02022,0,GPU-b342434c-f6b6-7627-333e-da750a9991e6,0.14,0.45595703125,10240.0,5397.0,546.17,NVIDIA GeForce RTX 3080,[N/A],Enabled,Enabled
1701958119.020906,0,GPU-b342434c-f6b6-7627-333e-da750a9991e6,0.14,0.45595703125,10240.0,5397.0,546.17,NVIDIA GeForce RTX 3080,[N/A],Enabled,Enabled
1701958120.021015,0,GPU-b342434c-f6b6-7627-333e-da750a9991e6,0.15,0.45595703125,10240.0,5397.0,546.17,NVIDIA GeForce RTX 3080,[N/A],Enabled,Enabled
1701958121.020556,0,GPU-b342434c-f6b6-7627-333e-da750a9991e6,0.15,0.45595703125,10240.0,5397.0,546.17,NVIDIA GeForce RTX 3080,[N/A],Enabled,Enabled
1701958122.020929,0,GPU-b342434c-f6b6-7627-333e-da750a9991e6,0.15,0.45595703125,10240.0,5397.0,546.17,NVIDIA GeForce RTX 3080,[N/A],Enabled,Enabled
1701958123.020445,0,GPU-b342434c-f6b6-7627-333e-da750a9991e6,0.14,0.45595703125,10240.0,5397.0,546.17,NVIDIA GeForce RTX 3080,[N/A],Enabled,Enabled
1701958124.021028,0,GPU-b342434c-f6b6-7627-333e-da750a9991e6,0.14,0.45595703125,10240.0,5397.0,546.17,NVIDIA GeForce RTX 3080,[N/A],Enabled,Enabled
1701958125.020361,0,GPU-b342434c-f6b6-7627-333e-da750a9991e6,0.14,0.45595703125,10240.0,5397.0,546.17,NVIDIA GeForce RTX 3080,[N/A],Enabled,Enabled
1701958126.020479,0,GPU-b342434c-f6b6-7627-333e-da750a9991e6,0.15,0.45595703125,10240.0,5397.0,546.17,NVIDIA GeForce RTX 3080,[N/A],Enabled,Enabled
1701958127.021001,0,GPU-b342434c-f6b6-7627-333e-da750a9991e6,0.14,0.45595703125,10240.0,5397.0,546.17,NVIDIA GeForce RTX 3080,[N/A],Enabled,Enabled
1701958128.020388,0,GPU-b342434c-f6b6-7627-333e-da750a9991e6,0.15,0.45595703125,10240.0,5397.0,546.17,NVIDIA GeForce RTX 3080,[N/A],Enabled,Enabled
1701958129.020679,0,GPU-b342434c-f6b6-7627-333e-da750a9991e6,0.15,0.45595703125,10240.0,5397.0,546.17,NVIDIA GeForce RTX 3080,[N/A],Enabled,Enabled
1701958130.020633,0,GPU-b342434c-f6b6-7627-333e-da750a9991e6,0.14,0.45595703125,10240.0,5397.0,546.17,NVIDIA GeForce RTX 3080,[N/A],Enabled,Enabled
1701958131.020783,0,GPU-b342434c-f6b6-7627-333e-da750a9991e6,0.13,0.45595703125,10240.0,5397.0,546.17,NVIDIA GeForce RTX 3080,[N/A],Enabled,Enabled
1701958132.020981,0,GPU-b342434c-f6b6-7627-333e-da750a9991e6,0.11,0.4490234375,10240.0,5468.0,546.17,NVIDIA GeForce RTX 3080,[N/A],Enabled,Enabled
1701958133.021077,0,GPU-b342434c-f6b6-7627-333e-da750a9991e6,0.12,0.4490234375,10240.0,5468.0,546.17,NVIDIA GeForce RTX 3080,[N/A],Enabled,Enabled
1701958134.020967,0,GPU-b342434c-f6b6-7627-333e-da750a9991e6,0.11,0.44521484375,10240.0,5507.0,546.17,NVIDIA GeForce RTX 3080,[N/A],Enabled,Enabled
1701958135.021139,0,GPU-b342434c-f6b6-7627-333e-da750a9991e6,0.11,0.44892578125,10240.0,5469.0,546.17,NVIDIA GeForce RTX 3080,[N/A],Enabled,Enabled
1701958136.020822,0,GPU-b342434c-f6b6-7627-333e-da750a9991e6,0.11,0.44521484375,10240.0,5507.0,546.17,NVIDIA GeForce RTX 3080,[N/A],Enabled,Enabled
1701958137.020711,0,GPU-b342434c-f6b6-7627-333e-da750a9991e6,0.12,0.44892578125,10240.0,5469.0,546.17,NVIDIA GeForce RTX 3080,[N/A],Enabled,Enabled
1701958138.02086,0,GPU-b342434c-f6b6-7627-333e-da750a9991e6,0.11,0.44521484375,10240.0,5507.0,546.17,NVIDIA GeForce RTX 3080,[N/A],Enabled,Enabled
1701958139.0206,0,GPU-b342434c-f6b6-7627-333e-da750a9991e6,0.11,0.4453125,10240.0,5506.0,546.17,NVIDIA GeForce RTX 3080,[N/A],Enabled,Enabled
1701958140.021134,0,GPU-b342434c-f6b6-7627-333e-da750a9991e6,0.12,0.4453125,10240.0,5506.0,546.17,NVIDIA GeForce RTX 3080,[N/A],Enabled,Enabled
1701958141.021137,0,GPU-b342434c-f6b6-7627-333e-da750a9991e6,0.11,0.4453125,10240.0,5506.0,546.17,NVIDIA GeForce RTX 3080,[N/A],Enabled,Enabled
1701958142.021193,0,GPU-b342434c-f6b6-7627-333e-da750a9991e6,0.12,0.4453125,10240.0,5506.0,546.17,NVIDIA GeForce RTX 3080,[N/A],Enabled,Enabled
1701958143.020371,0,GPU-b342434c-f6b6-7627-333e-da750a9991e6,0.22,0.39521484375,10240.0,6019.0,546.17,NVIDIA GeForce RTX 3080,[N/A],Enabled,Enabled
1701958144.020626,0,GPU-b342434c-f6b6-7627-333e-da750a9991e6,0.16,0.39521484375,10240.0,6019.0,546.17,NVIDIA GeForce RTX 3080,[N/A],Enabled,Enabled
1701958145.020881,0,GPU-b342434c-f6b6-7627-333e-da750a9991e6,0.18,0.39287109375,10240.0,6043.0,546.17,NVIDIA GeForce RTX 3080,[N/A],Enabled,Enabled
1701958146.021204,0,GPU-b342434c-f6b6-7627-333e-da750a9991e6,0.15,0.3927734375,10240.0,6044.0,546.17,NVIDIA GeForce RTX 3080,[N/A],Enabled,Enabled
1701958147.020351,0,GPU-b342434c-f6b6-7627-333e-da750a9991e6,0.15,0.39267578125,10240.0,6045.0,546.17,NVIDIA GeForce RTX 3080,[N/A],Enabled,Enabled
1701958148.020209,0,GPU-b342434c-f6b6-7627-333e-da750a9991e6,0.15,0.39267578125,10240.0,6045.0,546.17,NVIDIA GeForce RTX 3080,[N/A],Enabled,Enabled
1701958149.02049,0,GPU-b342434c-f6b6-7627-333e-da750a9991e6,0.15,0.392578125,10240.0,6046.0,546.17,NVIDIA GeForce RTX 3080,[N/A],Enabled,Enabled
1701958150.021151,0,GPU-b342434c-f6b6-7627-333e-da750a9991e6,0.16,0.392578125,10240.0,6046.0,546.17,NVIDIA GeForce RTX 3080,[N/A],Enabled,Enabled
1701958151.020873,0,GPU-b342434c-f6b6-7627-333e-da750a9991e6,0.15,0.392578125,10240.0,6046.0,546.17,NVIDIA GeForce RTX 3080,[N/A],Enabled,Enabled
1701958152.021184,0,GPU-b342434c-f6b6-7627-333e-da750a9991e6,0.16,0.392578125,10240.0,6046.0,546.17,NVIDIA GeForce RTX 3080,[N/A],Enabled,Enabled
