timestamp,id,uuid,load,memoryUtil,memoryTotal,memoryUsed,memoryFree,driver,name,serial,display_mode,display_active
1702740697.924271,0,GPU-b342434c-f6b6-7627-333e-da750a9991e6,0.16,0.323828125,10240.0,6750.0,546.17,NVIDIA GeForce RTX 3080,[N/A],Enabled,Enabled
1702740698.919093,0,GPU-b342434c-f6b6-7627-333e-da750a9991e6,0.16,0.323828125,10240.0,6750.0,546.17,NVIDIA GeForce RTX 3080,[N/A],Enabled,Enabled
1702740699.919773,0,GPU-b342434c-f6b6-7627-333e-da750a9991e6,0.16,0.323828125,10240.0,6750.0,546.17,NVIDIA GeForce RTX 3080,[N/A],Enabled,Enabled
1702740700.919305,0,GPU-b342434c-f6b6-7627-333e-da750a9991e6,0.16,0.323828125,10240.0,6750.0,546.17,NVIDIA GeForce RTX 3080,[N/A],Enabled,Enabled
1702740701.919006,0,GPU-b342434c-f6b6-7627-333e-da750a9991e6,0.16,0.323828125,10240.0,6750.0,546.17,NVIDIA GeForce RTX 3080,[N/A],Enabled,Enabled
1702740702.919409,0,GPU-b342434c-f6b6-7627-333e-da750a9991e6,0.16,0.323828125,10240.0,6750.0,546.17,NVIDIA GeForce RTX 3080,[N/A],Enabled,Enabled
1702740703.919806,0,GPU-b342434c-f6b6-7627-333e-da750a9991e6,0.15,0.323828125,10240.0,6750.0,546.17,NVIDIA GeForce RTX 3080,[N/A],Enabled,Enabled
1702740704.919025,0,GPU-b342434c-f6b6-7627-333e-da750a9991e6,0.17,0.323828125,10240.0,6750.0,546.17,NVIDIA GeForce RTX 3080,[N/A],Enabled,Enabled
1702740705.919294,0,GPU-b342434c-f6b6-7627-333e-da750a9991e6,0.17,0.323828125,10240.0,6750.0,546.17,NVIDIA GeForce RTX 3080,[N/A],Enabled,Enabled
1702740706.918913,0,GPU-b342434c-f6b6-7627-333e-da750a9991e6,0.17,0.323828125,10240.0,6750.0,546.17,NVIDIA GeForce RTX 3080,[N/A],Enabled,Enabled
1702740707.919453,0,GPU-b342434c-f6b6-7627-333e-da750a9991e6,0.17,0.323828125,10240.0,6750.0,546.17,NVIDIA GeForce RTX 3080,[N/A],Enabled,Enabled
1702740708.91953,0,GPU-b342434c-f6b6-7627-333e-da750a9991e6,0.16,0.323828125,10240.0,6750.0,546.17,NVIDIA GeForce RTX 3080,[N/A],Enabled,Enabled
1702740709.919322,0,GPU-b342434c-f6b6-7627-333e-da750a9991e6,0.17,0.323828125,10240.0,6750.0,546.17,NVIDIA GeForce RTX 3080,[N/A],Enabled,Enabled
1702740710.91932,0,GPU-b342434c-f6b6-7627-333e-da750a9991e6,0.16,0.323828125,10240.0,6750.0,546.17,NVIDIA GeForce RTX 3080,[N/A],Enabled,Enabled
1702740711.918899,0,GPU-b342434c-f6b6-7627-333e-da750a9991e6,0.17,0.323828125,10240.0,6750.0,546.17,NVIDIA GeForce RTX 3080,[N/A],Enabled,Enabled
1702740712.919602,0,GPU-b342434c-f6b6-7627-333e-da750a9991e6,0.19,0.3234375,10240.0,6754.0,546.17,NVIDIA GeForce RTX 3080,[N/A],Enabled,Enabled
1702740713.919182,0,GPU-b342434c-f6b6-7627-333e-da750a9991e6,0.2,0.33720703125,10240.0,6613.0,546.17,NVIDIA GeForce RTX 3080,[N/A],Enabled,Enabled
1702740714.918912,0,GPU-b342434c-f6b6-7627-333e-da750a9991e6,0.15,0.50087890625,10240.0,4937.0,546.17,NVIDIA GeForce RTX 3080,[N/A],Enabled,Enabled
1702740715.918978,0,GPU-b342434c-f6b6-7627-333e-da750a9991e6,0.11,0.44326171875,10240.0,5527.0,546.17,NVIDIA GeForce RTX 3080,[N/A],Enabled,Enabled
1702740716.919107,0,GPU-b342434c-f6b6-7627-333e-da750a9991e6,0.11,0.44296875,10240.0,5530.0,546.17,NVIDIA GeForce RTX 3080,[N/A],Enabled,Enabled
1702740717.919105,0,GPU-b342434c-f6b6-7627-333e-da750a9991e6,0.11,0.44296875,10240.0,5530.0,546.17,NVIDIA GeForce RTX 3080,[N/A],Enabled,Enabled
1702740718.919739,0,GPU-b342434c-f6b6-7627-333e-da750a9991e6,0.15,0.37197265625,10240.0,6257.0,546.17,NVIDIA GeForce RTX 3080,[N/A],Enabled,Enabled
1702740719.918986,0,GPU-b342434c-f6b6-7627-333e-da750a9991e6,0.17,0.38544921875,10240.0,6119.0,546.17,NVIDIA GeForce RTX 3080,[N/A],Enabled,Enabled
1702740720.91892,0,GPU-b342434c-f6b6-7627-333e-da750a9991e6,0.14,0.3853515625,10240.0,6120.0,546.17,NVIDIA GeForce RTX 3080,[N/A],Enabled,Enabled
1702740721.918998,0,GPU-b342434c-f6b6-7627-333e-da750a9991e6,0.13,0.38154296875,10240.0,6159.0,546.17,NVIDIA GeForce RTX 3080,[N/A],Enabled,Enabled
1702740722.918541,0,GPU-b342434c-f6b6-7627-333e-da750a9991e6,0.15,0.3853515625,10240.0,6120.0,546.17,NVIDIA GeForce RTX 3080,[N/A],Enabled,Enabled
1702740723.919651,0,GPU-b342434c-f6b6-7627-333e-da750a9991e6,0.1,0.387109375,10240.0,6102.0,546.17,NVIDIA GeForce RTX 3080,[N/A],Enabled,Enabled
1702740724.91936,0,GPU-b342434c-f6b6-7627-333e-da750a9991e6,0.15,0.387109375,10240.0,6102.0,546.17,NVIDIA GeForce RTX 3080,[N/A],Enabled,Enabled
1702740725.91946,0,GPU-b342434c-f6b6-7627-333e-da750a9991e6,0.14,0.38330078125,10240.0,6141.0,546.17,NVIDIA GeForce RTX 3080,[N/A],Enabled,Enabled
1702740726.919019,0,GPU-b342434c-f6b6-7627-333e-da750a9991e6,0.13,0.387109375,10240.0,6102.0,546.17,NVIDIA GeForce RTX 3080,[N/A],Enabled,Enabled
1702740727.918636,0,GPU-b342434c-f6b6-7627-333e-da750a9991e6,0.13,0.3833984375,10240.0,6140.0,546.17,NVIDIA GeForce RTX 3080,[N/A],Enabled,Enabled
1702740728.919118,0,GPU-b342434c-f6b6-7627-333e-da750a9991e6,0.13,0.3833984375,10240.0,6140.0,546.17,NVIDIA GeForce RTX 3080,[N/A],Enabled,Enabled
1702740729.91902,0,GPU-b342434c-f6b6-7627-333e-da750a9991e6,0.14,0.3833984375,10240.0,6140.0,546.17,NVIDIA GeForce RTX 3080,[N/A],Enabled,Enabled
1702740730.918677,0,GPU-b342434c-f6b6-7627-333e-da750a9991e6,0.15,0.387109375,10240.0,6102.0,546.17,NVIDIA GeForce RTX 3080,[N/A],Enabled,Enabled
1702740731.919613,0,GPU-b342434c-f6b6-7627-333e-da750a9991e6,0.14,0.387109375,10240.0,6102.0,546.17,NVIDIA GeForce RTX 3080,[N/A],Enabled,Enabled
1702740732.919595,0,GPU-b342434c-f6b6-7627-333e-da750a9991e6,0.13,0.3833984375,10240.0,6140.0,546.17,NVIDIA GeForce RTX 3080,[N/A],Enabled,Enabled
1702740733.919291,0,GPU-b342434c-f6b6-7627-333e-da750a9991e6,0.13,0.3833984375,10240.0,6140.0,546.17,NVIDIA GeForce RTX 3080,[N/A],Enabled,Enabled
1702740734.919687,0,GPU-b342434c-f6b6-7627-333e-da750a9991e6,0.13,0.3833984375,10240.0,6140.0,546.17,NVIDIA GeForce RTX 3080,[N/A],Enabled,Enabled
1702740735.919138,0,GPU-b342434c-f6b6-7627-333e-da750a9991e6,0.15,0.387109375,10240.0,6102.0,546.17,NVIDIA GeForce RTX 3080,[N/A],Enabled,Enabled
1702740736.919788,0,GPU-b342434c-f6b6-7627-333e-da750a9991e6,0.13,0.38564453125,10240.0,6117.0,546.17,NVIDIA GeForce RTX 3080,[N/A],Enabled,Enabled
1702740737.919099,0,GPU-b342434c-f6b6-7627-333e-da750a9991e6,0.17,0.396484375,10240.0,6006.0,546.17,NVIDIA GeForce RTX 3080,[N/A],Enabled,Enabled
1702740738.919228,0,GPU-b342434c-f6b6-7627-333e-da750a9991e6,0.17,0.396484375,10240.0,6006.0,546.17,NVIDIA GeForce RTX 3080,[N/A],Enabled,Enabled
1702740739.919284,0,GPU-b342434c-f6b6-7627-333e-da750a9991e6,0.17,0.396484375,10240.0,6006.0,546.17,NVIDIA GeForce RTX 3080,[N/A],Enabled,Enabled
1702740740.919796,0,GPU-b342434c-f6b6-7627-333e-da750a9991e6,0.17,0.396484375,10240.0,6006.0,546.17,NVIDIA GeForce RTX 3080,[N/A],Enabled,Enabled
1702740741.91869,0,GPU-b342434c-f6b6-7627-333e-da750a9991e6,0.17,0.396484375,10240.0,6006.0,546.17,NVIDIA GeForce RTX 3080,[N/A],Enabled,Enabled
1702740742.918674,0,GPU-b342434c-f6b6-7627-333e-da750a9991e6,0.17,0.396484375,10240.0,6006.0,546.17,NVIDIA GeForce RTX 3080,[N/A],Enabled,Enabled
1702740743.919226,0,GPU-b342434c-f6b6-7627-333e-da750a9991e6,0.17,0.396484375,10240.0,6006.0,546.17,NVIDIA GeForce RTX 3080,[N/A],Enabled,Enabled
1702740744.919293,0,GPU-b342434c-f6b6-7627-333e-da750a9991e6,0.17,0.396484375,10240.0,6006.0,546.17,NVIDIA GeForce RTX 3080,[N/A],Enabled,Enabled
1702740745.919143,0,GPU-b342434c-f6b6-7627-333e-da750a9991e6,0.17,0.396484375,10240.0,6006.0,546.17,NVIDIA GeForce RTX 3080,[N/A],Enabled,Enabled
1702740746.919289,0,GPU-b342434c-f6b6-7627-333e-da750a9991e6,0.17,0.396484375,10240.0,6006.0,546.17,NVIDIA GeForce RTX 3080,[N/A],Enabled,Enabled
1702740747.918897,0,GPU-b342434c-f6b6-7627-333e-da750a9991e6,0.16,0.396484375,10240.0,6006.0,546.17,NVIDIA GeForce RTX 3080,[N/A],Enabled,Enabled
1702740748.919487,0,GPU-b342434c-f6b6-7627-333e-da750a9991e6,0.16,0.396484375,10240.0,6006.0,546.17,NVIDIA GeForce RTX 3080,[N/A],Enabled,Enabled
1702740749.919481,0,GPU-b342434c-f6b6-7627-333e-da750a9991e6,0.17,0.396484375,10240.0,6006.0,546.17,NVIDIA GeForce RTX 3080,[N/A],Enabled,Enabled
1702740750.919588,0,GPU-b342434c-f6b6-7627-333e-da750a9991e6,0.16,0.396484375,10240.0,6006.0,546.17,NVIDIA GeForce RTX 3080,[N/A],Enabled,Enabled
1702740751.919636,0,GPU-b342434c-f6b6-7627-333e-da750a9991e6,0.16,0.396484375,10240.0,6006.0,546.17,NVIDIA GeForce RTX 3080,[N/A],Enabled,Enabled
1702740752.91874,0,GPU-b342434c-f6b6-7627-333e-da750a9991e6,0.17,0.396484375,10240.0,6006.0,546.17,NVIDIA GeForce RTX 3080,[N/A],Enabled,Enabled
1702740753.919032,0,GPU-b342434c-f6b6-7627-333e-da750a9991e6,0.16,0.396484375,10240.0,6006.0,546.17,NVIDIA GeForce RTX 3080,[N/A],Enabled,Enabled
1702740754.919548,0,GPU-b342434c-f6b6-7627-333e-da750a9991e6,0.16,0.396484375,10240.0,6006.0,546.17,NVIDIA GeForce RTX 3080,[N/A],Enabled,Enabled
1702740755.919789,0,GPU-b342434c-f6b6-7627-333e-da750a9991e6,0.16,0.396484375,10240.0,6006.0,546.17,NVIDIA GeForce RTX 3080,[N/A],Enabled,Enabled
1702740756.918798,0,GPU-b342434c-f6b6-7627-333e-da750a9991e6,0.17,0.396484375,10240.0,6006.0,546.17,NVIDIA GeForce RTX 3080,[N/A],Enabled,Enabled
1702740757.919073,0,GPU-b342434c-f6b6-7627-333e-da750a9991e6,0.17,0.396484375,10240.0,6006.0,546.17,NVIDIA GeForce RTX 3080,[N/A],Enabled,Enabled
1702740758.918612,0,GPU-b342434c-f6b6-7627-333e-da750a9991e6,0.17,0.396484375,10240.0,6006.0,546.17,NVIDIA GeForce RTX 3080,[N/A],Enabled,Enabled
1702740759.919071,0,GPU-b342434c-f6b6-7627-333e-da750a9991e6,0.17,0.396484375,10240.0,6006.0,546.17,NVIDIA GeForce RTX 3080,[N/A],Enabled,Enabled
1702740760.919527,0,GPU-b342434c-f6b6-7627-333e-da750a9991e6,0.17,0.396484375,10240.0,6006.0,546.17,NVIDIA GeForce RTX 3080,[N/A],Enabled,Enabled
1702740761.919729,0,GPU-b342434c-f6b6-7627-333e-da750a9991e6,0.17,0.396484375,10240.0,6006.0,546.17,NVIDIA GeForce RTX 3080,[N/A],Enabled,Enabled
1702740762.919219,0,GPU-b342434c-f6b6-7627-333e-da750a9991e6,0.17,0.396484375,10240.0,6006.0,546.17,NVIDIA GeForce RTX 3080,[N/A],Enabled,Enabled
1702740763.919289,0,GPU-b342434c-f6b6-7627-333e-da750a9991e6,0.17,0.396484375,10240.0,6006.0,546.17,NVIDIA GeForce RTX 3080,[N/A],Enabled,Enabled
1702740764.919431,0,GPU-b342434c-f6b6-7627-333e-da750a9991e6,0.17,0.396484375,10240.0,6006.0,546.17,NVIDIA GeForce RTX 3080,[N/A],Enabled,Enabled
1702740765.918525,0,GPU-b342434c-f6b6-7627-333e-da750a9991e6,0.17,0.396484375,10240.0,6006.0,546.17,NVIDIA GeForce RTX 3080,[N/A],Enabled,Enabled
1702740766.919443,0,GPU-b342434c-f6b6-7627-333e-da750a9991e6,0.17,0.396484375,10240.0,6006.0,546.17,NVIDIA GeForce RTX 3080,[N/A],Enabled,Enabled
1702740767.919085,0,GPU-b342434c-f6b6-7627-333e-da750a9991e6,0.16,0.396484375,10240.0,6006.0,546.17,NVIDIA GeForce RTX 3080,[N/A],Enabled,Enabled
1702740768.919672,0,GPU-b342434c-f6b6-7627-333e-da750a9991e6,0.16,0.396484375,10240.0,6006.0,546.17,NVIDIA GeForce RTX 3080,[N/A],Enabled,Enabled
1702740769.919031,0,GPU-b342434c-f6b6-7627-333e-da750a9991e6,0.16,0.396484375,10240.0,6006.0,546.17,NVIDIA GeForce RTX 3080,[N/A],Enabled,Enabled
1702740770.919605,0,GPU-b342434c-f6b6-7627-333e-da750a9991e6,0.17,0.396484375,10240.0,6006.0,546.17,NVIDIA GeForce RTX 3080,[N/A],Enabled,Enabled
1702740771.919023,0,GPU-b342434c-f6b6-7627-333e-da750a9991e6,0.17,0.396484375,10240.0,6006.0,546.17,NVIDIA GeForce RTX 3080,[N/A],Enabled,Enabled
1702740772.919447,0,GPU-b342434c-f6b6-7627-333e-da750a9991e6,0.16,0.396484375,10240.0,6006.0,546.17,NVIDIA GeForce RTX 3080,[N/A],Enabled,Enabled
1702740773.919362,0,GPU-b342434c-f6b6-7627-333e-da750a9991e6,0.16,0.396484375,10240.0,6006.0,546.17,NVIDIA GeForce RTX 3080,[N/A],Enabled,Enabled
1702740774.919716,0,GPU-b342434c-f6b6-7627-333e-da750a9991e6,0.16,0.396484375,10240.0,6006.0,546.17,NVIDIA GeForce RTX 3080,[N/A],Enabled,Enabled
1702740775.919671,0,GPU-b342434c-f6b6-7627-333e-da750a9991e6,0.16,0.396484375,10240.0,6006.0,546.17,NVIDIA GeForce RTX 3080,[N/A],Enabled,Enabled
1702740776.919036,0,GPU-b342434c-f6b6-7627-333e-da750a9991e6,0.16,0.396484375,10240.0,6006.0,546.17,NVIDIA GeForce RTX 3080,[N/A],Enabled,Enabled
1702740777.919527,0,GPU-b342434c-f6b6-7627-333e-da750a9991e6,0.16,0.396484375,10240.0,6006.0,546.17,NVIDIA GeForce RTX 3080,[N/A],Enabled,Enabled
1702740778.919349,0,GPU-b342434c-f6b6-7627-333e-da750a9991e6,0.16,0.396484375,10240.0,6006.0,546.17,NVIDIA GeForce RTX 3080,[N/A],Enabled,Enabled
1702740779.919751,0,GPU-b342434c-f6b6-7627-333e-da750a9991e6,0.16,0.396484375,10240.0,6006.0,546.17,NVIDIA GeForce RTX 3080,[N/A],Enabled,Enabled
1702740780.918694,0,GPU-b342434c-f6b6-7627-333e-da750a9991e6,0.17,0.396484375,10240.0,6006.0,546.17,NVIDIA GeForce RTX 3080,[N/A],Enabled,Enabled
1702740781.919605,0,GPU-b342434c-f6b6-7627-333e-da750a9991e6,0.17,0.396484375,10240.0,6006.0,546.17,NVIDIA GeForce RTX 3080,[N/A],Enabled,Enabled
1702740782.919053,0,GPU-b342434c-f6b6-7627-333e-da750a9991e6,0.16,0.396484375,10240.0,6006.0,546.17,NVIDIA GeForce RTX 3080,[N/A],Enabled,Enabled
1702740783.919033,0,GPU-b342434c-f6b6-7627-333e-da750a9991e6,0.16,0.396484375,10240.0,6006.0,546.17,NVIDIA GeForce RTX 3080,[N/A],Enabled,Enabled
1702740784.919382,0,GPU-b342434c-f6b6-7627-333e-da750a9991e6,0.17,0.396484375,10240.0,6006.0,546.17,NVIDIA GeForce RTX 3080,[N/A],Enabled,Enabled
1702740785.919822,0,GPU-b342434c-f6b6-7627-333e-da750a9991e6,0.17,0.396484375,10240.0,6006.0,546.17,NVIDIA GeForce RTX 3080,[N/A],Enabled,Enabled
1702740786.918715,0,GPU-b342434c-f6b6-7627-333e-da750a9991e6,0.17,0.396484375,10240.0,6006.0,546.17,NVIDIA GeForce RTX 3080,[N/A],Enabled,Enabled
1702740787.918783,0,GPU-b342434c-f6b6-7627-333e-da750a9991e6,0.17,0.396484375,10240.0,6006.0,546.17,NVIDIA GeForce RTX 3080,[N/A],Enabled,Enabled
1702740788.919886,0,GPU-b342434c-f6b6-7627-333e-da750a9991e6,0.16,0.396484375,10240.0,6006.0,546.17,NVIDIA GeForce RTX 3080,[N/A],Enabled,Enabled
1702740789.919677,0,GPU-b342434c-f6b6-7627-333e-da750a9991e6,0.16,0.396484375,10240.0,6006.0,546.17,NVIDIA GeForce RTX 3080,[N/A],Enabled,Enabled
1702740790.919593,0,GPU-b342434c-f6b6-7627-333e-da750a9991e6,0.17,0.396484375,10240.0,6006.0,546.17,NVIDIA GeForce RTX 3080,[N/A],Enabled,Enabled
1702740791.919637,0,GPU-b342434c-f6b6-7627-333e-da750a9991e6,0.17,0.396484375,10240.0,6006.0,546.17,NVIDIA GeForce RTX 3080,[N/A],Enabled,Enabled
1702740792.919213,0,GPU-b342434c-f6b6-7627-333e-da750a9991e6,0.17,0.396484375,10240.0,6006.0,546.17,NVIDIA GeForce RTX 3080,[N/A],Enabled,Enabled
1702740793.919074,0,GPU-b342434c-f6b6-7627-333e-da750a9991e6,0.16,0.396484375,10240.0,6006.0,546.17,NVIDIA GeForce RTX 3080,[N/A],Enabled,Enabled
1702740794.919071,0,GPU-b342434c-f6b6-7627-333e-da750a9991e6,0.16,0.396484375,10240.0,6006.0,546.17,NVIDIA GeForce RTX 3080,[N/A],Enabled,Enabled
1702740795.919622,0,GPU-b342434c-f6b6-7627-333e-da750a9991e6,0.17,0.396484375,10240.0,6006.0,546.17,NVIDIA GeForce RTX 3080,[N/A],Enabled,Enabled
1702740796.919131,0,GPU-b342434c-f6b6-7627-333e-da750a9991e6,0.16,0.396484375,10240.0,6006.0,546.17,NVIDIA GeForce RTX 3080,[N/A],Enabled,Enabled
1702740797.91936,0,GPU-b342434c-f6b6-7627-333e-da750a9991e6,0.17,0.396484375,10240.0,6006.0,546.17,NVIDIA GeForce RTX 3080,[N/A],Enabled,Enabled
1702740798.919181,0,GPU-b342434c-f6b6-7627-333e-da750a9991e6,0.16,0.396484375,10240.0,6006.0,546.17,NVIDIA GeForce RTX 3080,[N/A],Enabled,Enabled
1702740799.919482,0,GPU-b342434c-f6b6-7627-333e-da750a9991e6,0.16,0.396484375,10240.0,6006.0,546.17,NVIDIA GeForce RTX 3080,[N/A],Enabled,Enabled
1702740800.91956,0,GPU-b342434c-f6b6-7627-333e-da750a9991e6,0.16,0.396484375,10240.0,6006.0,546.17,NVIDIA GeForce RTX 3080,[N/A],Enabled,Enabled
1702740801.919939,0,GPU-b342434c-f6b6-7627-333e-da750a9991e6,0.17,0.396484375,10240.0,6006.0,546.17,NVIDIA GeForce RTX 3080,[N/A],Enabled,Enabled
1702740802.919163,0,GPU-b342434c-f6b6-7627-333e-da750a9991e6,0.16,0.396484375,10240.0,6006.0,546.17,NVIDIA GeForce RTX 3080,[N/A],Enabled,Enabled
1702740803.919277,0,GPU-b342434c-f6b6-7627-333e-da750a9991e6,0.17,0.396484375,10240.0,6006.0,546.17,NVIDIA GeForce RTX 3080,[N/A],Enabled,Enabled
1702740804.919735,0,GPU-b342434c-f6b6-7627-333e-da750a9991e6,0.16,0.396484375,10240.0,6006.0,546.17,NVIDIA GeForce RTX 3080,[N/A],Enabled,Enabled
1702740805.919254,0,GPU-b342434c-f6b6-7627-333e-da750a9991e6,0.17,0.396484375,10240.0,6006.0,546.17,NVIDIA GeForce RTX 3080,[N/A],Enabled,Enabled
1702740806.919343,0,GPU-b342434c-f6b6-7627-333e-da750a9991e6,0.16,0.396484375,10240.0,6006.0,546.17,NVIDIA GeForce RTX 3080,[N/A],Enabled,Enabled
1702740807.919827,0,GPU-b342434c-f6b6-7627-333e-da750a9991e6,0.17,0.396484375,10240.0,6006.0,546.17,NVIDIA GeForce RTX 3080,[N/A],Enabled,Enabled
1702740808.919159,0,GPU-b342434c-f6b6-7627-333e-da750a9991e6,0.17,0.396484375,10240.0,6006.0,546.17,NVIDIA GeForce RTX 3080,[N/A],Enabled,Enabled
1702740809.919414,0,GPU-b342434c-f6b6-7627-333e-da750a9991e6,0.16,0.396484375,10240.0,6006.0,546.17,NVIDIA GeForce RTX 3080,[N/A],Enabled,Enabled
1702740810.919386,0,GPU-b342434c-f6b6-7627-333e-da750a9991e6,0.17,0.396484375,10240.0,6006.0,546.17,NVIDIA GeForce RTX 3080,[N/A],Enabled,Enabled
1702740811.919433,0,GPU-b342434c-f6b6-7627-333e-da750a9991e6,0.17,0.396484375,10240.0,6006.0,546.17,NVIDIA GeForce RTX 3080,[N/A],Enabled,Enabled
1702740812.918997,0,GPU-b342434c-f6b6-7627-333e-da750a9991e6,0.16,0.396484375,10240.0,6006.0,546.17,NVIDIA GeForce RTX 3080,[N/A],Enabled,Enabled
1702740813.918834,0,GPU-b342434c-f6b6-7627-333e-da750a9991e6,0.16,0.396484375,10240.0,6006.0,546.17,NVIDIA GeForce RTX 3080,[N/A],Enabled,Enabled
1702740814.919429,0,GPU-b342434c-f6b6-7627-333e-da750a9991e6,0.16,0.396484375,10240.0,6006.0,546.17,NVIDIA GeForce RTX 3080,[N/A],Enabled,Enabled
1702740815.91973,0,GPU-b342434c-f6b6-7627-333e-da750a9991e6,0.16,0.396484375,10240.0,6006.0,546.17,NVIDIA GeForce RTX 3080,[N/A],Enabled,Enabled
1702740816.919927,0,GPU-b342434c-f6b6-7627-333e-da750a9991e6,0.16,0.396484375,10240.0,6006.0,546.17,NVIDIA GeForce RTX 3080,[N/A],Enabled,Enabled
1702740817.919269,0,GPU-b342434c-f6b6-7627-333e-da750a9991e6,0.17,0.396484375,10240.0,6006.0,546.17,NVIDIA GeForce RTX 3080,[N/A],Enabled,Enabled
1702740818.919424,0,GPU-b342434c-f6b6-7627-333e-da750a9991e6,0.16,0.396484375,10240.0,6006.0,546.17,NVIDIA GeForce RTX 3080,[N/A],Enabled,Enabled
1702740819.918939,0,GPU-b342434c-f6b6-7627-333e-da750a9991e6,0.17,0.396484375,10240.0,6006.0,546.17,NVIDIA GeForce RTX 3080,[N/A],Enabled,Enabled
1702740820.919153,0,GPU-b342434c-f6b6-7627-333e-da750a9991e6,0.17,0.396484375,10240.0,6006.0,546.17,NVIDIA GeForce RTX 3080,[N/A],Enabled,Enabled
1702740821.919076,0,GPU-b342434c-f6b6-7627-333e-da750a9991e6,0.16,0.396484375,10240.0,6006.0,546.17,NVIDIA GeForce RTX 3080,[N/A],Enabled,Enabled
1702740822.919037,0,GPU-b342434c-f6b6-7627-333e-da750a9991e6,0.17,0.396484375,10240.0,6006.0,546.17,NVIDIA GeForce RTX 3080,[N/A],Enabled,Enabled
1702740823.919426,0,GPU-b342434c-f6b6-7627-333e-da750a9991e6,0.16,0.396484375,10240.0,6006.0,546.17,NVIDIA GeForce RTX 3080,[N/A],Enabled,Enabled
1702740824.919857,0,GPU-b342434c-f6b6-7627-333e-da750a9991e6,0.17,0.396484375,10240.0,6006.0,546.17,NVIDIA GeForce RTX 3080,[N/A],Enabled,Enabled
1702740825.918686,0,GPU-b342434c-f6b6-7627-333e-da750a9991e6,0.17,0.396484375,10240.0,6006.0,546.17,NVIDIA GeForce RTX 3080,[N/A],Enabled,Enabled
1702740826.919583,0,GPU-b342434c-f6b6-7627-333e-da750a9991e6,0.16,0.396484375,10240.0,6006.0,546.17,NVIDIA GeForce RTX 3080,[N/A],Enabled,Enabled
1702740827.918851,0,GPU-b342434c-f6b6-7627-333e-da750a9991e6,0.16,0.396484375,10240.0,6006.0,546.17,NVIDIA GeForce RTX 3080,[N/A],Enabled,Enabled
1702740828.918886,0,GPU-b342434c-f6b6-7627-333e-da750a9991e6,0.16,0.396484375,10240.0,6006.0,546.17,NVIDIA GeForce RTX 3080,[N/A],Enabled,Enabled
1702740829.918952,0,GPU-b342434c-f6b6-7627-333e-da750a9991e6,0.17,0.396484375,10240.0,6006.0,546.17,NVIDIA GeForce RTX 3080,[N/A],Enabled,Enabled
1702740830.919132,0,GPU-b342434c-f6b6-7627-333e-da750a9991e6,0.18,0.396484375,10240.0,6006.0,546.17,NVIDIA GeForce RTX 3080,[N/A],Enabled,Enabled
1702740831.919192,0,GPU-b342434c-f6b6-7627-333e-da750a9991e6,0.17,0.396484375,10240.0,6006.0,546.17,NVIDIA GeForce RTX 3080,[N/A],Enabled,Enabled
1702740832.918971,0,GPU-b342434c-f6b6-7627-333e-da750a9991e6,0.17,0.396484375,10240.0,6006.0,546.17,NVIDIA GeForce RTX 3080,[N/A],Enabled,Enabled
1702740833.919362,0,GPU-b342434c-f6b6-7627-333e-da750a9991e6,0.17,0.396484375,10240.0,6006.0,546.17,NVIDIA GeForce RTX 3080,[N/A],Enabled,Enabled
1702740834.919031,0,GPU-b342434c-f6b6-7627-333e-da750a9991e6,0.17,0.396484375,10240.0,6006.0,546.17,NVIDIA GeForce RTX 3080,[N/A],Enabled,Enabled
1702740835.919087,0,GPU-b342434c-f6b6-7627-333e-da750a9991e6,0.17,0.396484375,10240.0,6006.0,546.17,NVIDIA GeForce RTX 3080,[N/A],Enabled,Enabled
1702740836.919333,0,GPU-b342434c-f6b6-7627-333e-da750a9991e6,0.17,0.396484375,10240.0,6006.0,546.17,NVIDIA GeForce RTX 3080,[N/A],Enabled,Enabled
1702740837.919038,0,GPU-b342434c-f6b6-7627-333e-da750a9991e6,0.17,0.396484375,10240.0,6006.0,546.17,NVIDIA GeForce RTX 3080,[N/A],Enabled,Enabled
1702740838.9189,0,GPU-b342434c-f6b6-7627-333e-da750a9991e6,0.17,0.396484375,10240.0,6006.0,546.17,NVIDIA GeForce RTX 3080,[N/A],Enabled,Enabled
1702740839.918746,0,GPU-b342434c-f6b6-7627-333e-da750a9991e6,0.17,0.396484375,10240.0,6006.0,546.17,NVIDIA GeForce RTX 3080,[N/A],Enabled,Enabled
1702740840.918978,0,GPU-b342434c-f6b6-7627-333e-da750a9991e6,0.16,0.396484375,10240.0,6006.0,546.17,NVIDIA GeForce RTX 3080,[N/A],Enabled,Enabled
1702740841.918735,0,GPU-b342434c-f6b6-7627-333e-da750a9991e6,0.17,0.396484375,10240.0,6006.0,546.17,NVIDIA GeForce RTX 3080,[N/A],Enabled,Enabled
1702740842.918819,0,GPU-b342434c-f6b6-7627-333e-da750a9991e6,0.17,0.396484375,10240.0,6006.0,546.17,NVIDIA GeForce RTX 3080,[N/A],Enabled,Enabled
1702740843.919341,0,GPU-b342434c-f6b6-7627-333e-da750a9991e6,0.18,0.396484375,10240.0,6006.0,546.17,NVIDIA GeForce RTX 3080,[N/A],Enabled,Enabled
1702740844.919692,0,GPU-b342434c-f6b6-7627-333e-da750a9991e6,0.17,0.396484375,10240.0,6006.0,546.17,NVIDIA GeForce RTX 3080,[N/A],Enabled,Enabled
1702740845.919361,0,GPU-b342434c-f6b6-7627-333e-da750a9991e6,0.16,0.396484375,10240.0,6006.0,546.17,NVIDIA GeForce RTX 3080,[N/A],Enabled,Enabled
1702740846.919171,0,GPU-b342434c-f6b6-7627-333e-da750a9991e6,0.17,0.396484375,10240.0,6006.0,546.17,NVIDIA GeForce RTX 3080,[N/A],Enabled,Enabled
1702740847.919369,0,GPU-b342434c-f6b6-7627-333e-da750a9991e6,0.17,0.396484375,10240.0,6006.0,546.17,NVIDIA GeForce RTX 3080,[N/A],Enabled,Enabled
1702740848.918898,0,GPU-b342434c-f6b6-7627-333e-da750a9991e6,0.16,0.396484375,10240.0,6006.0,546.17,NVIDIA GeForce RTX 3080,[N/A],Enabled,Enabled
1702740849.919554,0,GPU-b342434c-f6b6-7627-333e-da750a9991e6,0.17,0.396484375,10240.0,6006.0,546.17,NVIDIA GeForce RTX 3080,[N/A],Enabled,Enabled
1702740850.918984,0,GPU-b342434c-f6b6-7627-333e-da750a9991e6,0.16,0.396484375,10240.0,6006.0,546.17,NVIDIA GeForce RTX 3080,[N/A],Enabled,Enabled
1702740851.919848,0,GPU-b342434c-f6b6-7627-333e-da750a9991e6,0.17,0.396484375,10240.0,6006.0,546.17,NVIDIA GeForce RTX 3080,[N/A],Enabled,Enabled
1702740852.919174,0,GPU-b342434c-f6b6-7627-333e-da750a9991e6,0.17,0.396484375,10240.0,6006.0,546.17,NVIDIA GeForce RTX 3080,[N/A],Enabled,Enabled
1702740853.91859,0,GPU-b342434c-f6b6-7627-333e-da750a9991e6,0.17,0.396484375,10240.0,6006.0,546.17,NVIDIA GeForce RTX 3080,[N/A],Enabled,Enabled
1702740854.919168,0,GPU-b342434c-f6b6-7627-333e-da750a9991e6,0.17,0.396484375,10240.0,6006.0,546.17,NVIDIA GeForce RTX 3080,[N/A],Enabled,Enabled
1702740855.919034,0,GPU-b342434c-f6b6-7627-333e-da750a9991e6,0.17,0.396484375,10240.0,6006.0,546.17,NVIDIA GeForce RTX 3080,[N/A],Enabled,Enabled
1702740856.91896,0,GPU-b342434c-f6b6-7627-333e-da750a9991e6,0.17,0.396484375,10240.0,6006.0,546.17,NVIDIA GeForce RTX 3080,[N/A],Enabled,Enabled
1702740857.919525,0,GPU-b342434c-f6b6-7627-333e-da750a9991e6,0.16,0.396484375,10240.0,6006.0,546.17,NVIDIA GeForce RTX 3080,[N/A],Enabled,Enabled
1702740858.919834,0,GPU-b342434c-f6b6-7627-333e-da750a9991e6,0.17,0.396484375,10240.0,6006.0,546.17,NVIDIA GeForce RTX 3080,[N/A],Enabled,Enabled
1702740859.919476,0,GPU-b342434c-f6b6-7627-333e-da750a9991e6,0.17,0.396484375,10240.0,6006.0,546.17,NVIDIA GeForce RTX 3080,[N/A],Enabled,Enabled
1702740860.919256,0,GPU-b342434c-f6b6-7627-333e-da750a9991e6,0.17,0.396484375,10240.0,6006.0,546.17,NVIDIA GeForce RTX 3080,[N/A],Enabled,Enabled
1702740861.920008,0,GPU-b342434c-f6b6-7627-333e-da750a9991e6,0.18,0.396484375,10240.0,6006.0,546.17,NVIDIA GeForce RTX 3080,[N/A],Enabled,Enabled
1702740862.919546,0,GPU-b342434c-f6b6-7627-333e-da750a9991e6,0.16,0.396484375,10240.0,6006.0,546.17,NVIDIA GeForce RTX 3080,[N/A],Enabled,Enabled
1702740863.91883,0,GPU-b342434c-f6b6-7627-333e-da750a9991e6,0.16,0.396484375,10240.0,6006.0,546.17,NVIDIA GeForce RTX 3080,[N/A],Enabled,Enabled
1702740864.919161,0,GPU-b342434c-f6b6-7627-333e-da750a9991e6,0.17,0.396484375,10240.0,6006.0,546.17,NVIDIA GeForce RTX 3080,[N/A],Enabled,Enabled
1702740865.919292,0,GPU-b342434c-f6b6-7627-333e-da750a9991e6,0.17,0.396484375,10240.0,6006.0,546.17,NVIDIA GeForce RTX 3080,[N/A],Enabled,Enabled
1702740866.919289,0,GPU-b342434c-f6b6-7627-333e-da750a9991e6,0.16,0.396484375,10240.0,6006.0,546.17,NVIDIA GeForce RTX 3080,[N/A],Enabled,Enabled
1702740867.919315,0,GPU-b342434c-f6b6-7627-333e-da750a9991e6,0.17,0.396484375,10240.0,6006.0,546.17,NVIDIA GeForce RTX 3080,[N/A],Enabled,Enabled
1702740868.919196,0,GPU-b342434c-f6b6-7627-333e-da750a9991e6,0.17,0.396484375,10240.0,6006.0,546.17,NVIDIA GeForce RTX 3080,[N/A],Enabled,Enabled
1702740869.918806,0,GPU-b342434c-f6b6-7627-333e-da750a9991e6,0.16,0.396484375,10240.0,6006.0,546.17,NVIDIA GeForce RTX 3080,[N/A],Enabled,Enabled
1702740870.919241,0,GPU-b342434c-f6b6-7627-333e-da750a9991e6,0.16,0.396484375,10240.0,6006.0,546.17,NVIDIA GeForce RTX 3080,[N/A],Enabled,Enabled
1702740871.919179,0,GPU-b342434c-f6b6-7627-333e-da750a9991e6,0.17,0.396484375,10240.0,6006.0,546.17,NVIDIA GeForce RTX 3080,[N/A],Enabled,Enabled
1702740872.919066,0,GPU-b342434c-f6b6-7627-333e-da750a9991e6,0.17,0.396484375,10240.0,6006.0,546.17,NVIDIA GeForce RTX 3080,[N/A],Enabled,Enabled
1702740873.919394,0,GPU-b342434c-f6b6-7627-333e-da750a9991e6,0.17,0.396484375,10240.0,6006.0,546.17,NVIDIA GeForce RTX 3080,[N/A],Enabled,Enabled
1702740874.918641,0,GPU-b342434c-f6b6-7627-333e-da750a9991e6,0.17,0.396484375,10240.0,6006.0,546.17,NVIDIA GeForce RTX 3080,[N/A],Enabled,Enabled
1702740875.919127,0,GPU-b342434c-f6b6-7627-333e-da750a9991e6,0.17,0.396484375,10240.0,6006.0,546.17,NVIDIA GeForce RTX 3080,[N/A],Enabled,Enabled
1702740876.91906,0,GPU-b342434c-f6b6-7627-333e-da750a9991e6,0.17,0.396484375,10240.0,6006.0,546.17,NVIDIA GeForce RTX 3080,[N/A],Enabled,Enabled
1702740877.919104,0,GPU-b342434c-f6b6-7627-333e-da750a9991e6,0.16,0.396484375,10240.0,6006.0,546.17,NVIDIA GeForce RTX 3080,[N/A],Enabled,Enabled
1702740878.919078,0,GPU-b342434c-f6b6-7627-333e-da750a9991e6,0.16,0.396484375,10240.0,6006.0,546.17,NVIDIA GeForce RTX 3080,[N/A],Enabled,Enabled
1702740879.919074,0,GPU-b342434c-f6b6-7627-333e-da750a9991e6,0.16,0.396484375,10240.0,6006.0,546.17,NVIDIA GeForce RTX 3080,[N/A],Enabled,Enabled
1702740880.918688,0,GPU-b342434c-f6b6-7627-333e-da750a9991e6,0.16,0.396484375,10240.0,6006.0,546.17,NVIDIA GeForce RTX 3080,[N/A],Enabled,Enabled
1702740881.919301,0,GPU-b342434c-f6b6-7627-333e-da750a9991e6,0.16,0.396484375,10240.0,6006.0,546.17,NVIDIA GeForce RTX 3080,[N/A],Enabled,Enabled
1702740882.919138,0,GPU-b342434c-f6b6-7627-333e-da750a9991e6,0.17,0.396484375,10240.0,6006.0,546.17,NVIDIA GeForce RTX 3080,[N/A],Enabled,Enabled
1702740883.919385,0,GPU-b342434c-f6b6-7627-333e-da750a9991e6,0.16,0.396484375,10240.0,6006.0,546.17,NVIDIA GeForce RTX 3080,[N/A],Enabled,Enabled
1702740884.919219,0,GPU-b342434c-f6b6-7627-333e-da750a9991e6,0.16,0.396484375,10240.0,6006.0,546.17,NVIDIA GeForce RTX 3080,[N/A],Enabled,Enabled
1702740885.919612,0,GPU-b342434c-f6b6-7627-333e-da750a9991e6,0.16,0.396484375,10240.0,6006.0,546.17,NVIDIA GeForce RTX 3080,[N/A],Enabled,Enabled
1702740886.91928,0,GPU-b342434c-f6b6-7627-333e-da750a9991e6,0.16,0.396484375,10240.0,6006.0,546.17,NVIDIA GeForce RTX 3080,[N/A],Enabled,Enabled
1702740887.919167,0,GPU-b342434c-f6b6-7627-333e-da750a9991e6,0.15,0.396484375,10240.0,6006.0,546.17,NVIDIA GeForce RTX 3080,[N/A],Enabled,Enabled
1702740888.919574,0,GPU-b342434c-f6b6-7627-333e-da750a9991e6,0.16,0.396484375,10240.0,6006.0,546.17,NVIDIA GeForce RTX 3080,[N/A],Enabled,Enabled
1702740889.91891,0,GPU-b342434c-f6b6-7627-333e-da750a9991e6,0.16,0.396484375,10240.0,6006.0,546.17,NVIDIA GeForce RTX 3080,[N/A],Enabled,Enabled
1702740890.918817,0,GPU-b342434c-f6b6-7627-333e-da750a9991e6,0.16,0.396484375,10240.0,6006.0,546.17,NVIDIA GeForce RTX 3080,[N/A],Enabled,Enabled
1702740891.919422,0,GPU-b342434c-f6b6-7627-333e-da750a9991e6,0.16,0.396484375,10240.0,6006.0,546.17,NVIDIA GeForce RTX 3080,[N/A],Enabled,Enabled
1702740892.918573,0,GPU-b342434c-f6b6-7627-333e-da750a9991e6,0.16,0.396484375,10240.0,6006.0,546.17,NVIDIA GeForce RTX 3080,[N/A],Enabled,Enabled
1702740893.919679,0,GPU-b342434c-f6b6-7627-333e-da750a9991e6,0.16,0.396484375,10240.0,6006.0,546.17,NVIDIA GeForce RTX 3080,[N/A],Enabled,Enabled
1702740894.918828,0,GPU-b342434c-f6b6-7627-333e-da750a9991e6,0.16,0.396484375,10240.0,6006.0,546.17,NVIDIA GeForce RTX 3080,[N/A],Enabled,Enabled
1702740895.91996,0,GPU-b342434c-f6b6-7627-333e-da750a9991e6,0.16,0.396484375,10240.0,6006.0,546.17,NVIDIA GeForce RTX 3080,[N/A],Enabled,Enabled
1702740896.918914,0,GPU-b342434c-f6b6-7627-333e-da750a9991e6,0.18,0.396484375,10240.0,6006.0,546.17,NVIDIA GeForce RTX 3080,[N/A],Enabled,Enabled
1702740897.919315,0,GPU-b342434c-f6b6-7627-333e-da750a9991e6,0.16,0.396484375,10240.0,6006.0,546.17,NVIDIA GeForce RTX 3080,[N/A],Enabled,Enabled
1702740898.918946,0,GPU-b342434c-f6b6-7627-333e-da750a9991e6,0.17,0.396484375,10240.0,6006.0,546.17,NVIDIA GeForce RTX 3080,[N/A],Enabled,Enabled
1702740899.918849,0,GPU-b342434c-f6b6-7627-333e-da750a9991e6,0.16,0.396484375,10240.0,6006.0,546.17,NVIDIA GeForce RTX 3080,[N/A],Enabled,Enabled
1702740900.91884,0,GPU-b342434c-f6b6-7627-333e-da750a9991e6,0.17,0.396484375,10240.0,6006.0,546.17,NVIDIA GeForce RTX 3080,[N/A],Enabled,Enabled
1702740901.918692,0,GPU-b342434c-f6b6-7627-333e-da750a9991e6,0.16,0.396484375,10240.0,6006.0,546.17,NVIDIA GeForce RTX 3080,[N/A],Enabled,Enabled
1702740902.919414,0,GPU-b342434c-f6b6-7627-333e-da750a9991e6,0.17,0.396484375,10240.0,6006.0,546.17,NVIDIA GeForce RTX 3080,[N/A],Enabled,Enabled
1702740903.919741,0,GPU-b342434c-f6b6-7627-333e-da750a9991e6,0.18,0.396484375,10240.0,6006.0,546.17,NVIDIA GeForce RTX 3080,[N/A],Enabled,Enabled
1702740904.918658,0,GPU-b342434c-f6b6-7627-333e-da750a9991e6,0.16,0.396484375,10240.0,6006.0,546.17,NVIDIA GeForce RTX 3080,[N/A],Enabled,Enabled
1702740905.919743,0,GPU-b342434c-f6b6-7627-333e-da750a9991e6,0.17,0.396484375,10240.0,6006.0,546.17,NVIDIA GeForce RTX 3080,[N/A],Enabled,Enabled
1702740906.918873,0,GPU-b342434c-f6b6-7627-333e-da750a9991e6,0.16,0.396484375,10240.0,6006.0,546.17,NVIDIA GeForce RTX 3080,[N/A],Enabled,Enabled
1702740907.919507,0,GPU-b342434c-f6b6-7627-333e-da750a9991e6,0.16,0.396484375,10240.0,6006.0,546.17,NVIDIA GeForce RTX 3080,[N/A],Enabled,Enabled
1702740908.918704,0,GPU-b342434c-f6b6-7627-333e-da750a9991e6,0.17,0.396484375,10240.0,6006.0,546.17,NVIDIA GeForce RTX 3080,[N/A],Enabled,Enabled
1702740909.919373,0,GPU-b342434c-f6b6-7627-333e-da750a9991e6,0.17,0.396484375,10240.0,6006.0,546.17,NVIDIA GeForce RTX 3080,[N/A],Enabled,Enabled
1702740910.918901,0,GPU-b342434c-f6b6-7627-333e-da750a9991e6,0.17,0.396484375,10240.0,6006.0,546.17,NVIDIA GeForce RTX 3080,[N/A],Enabled,Enabled
1702740911.919468,0,GPU-b342434c-f6b6-7627-333e-da750a9991e6,0.16,0.396484375,10240.0,6006.0,546.17,NVIDIA GeForce RTX 3080,[N/A],Enabled,Enabled
1702740912.918733,0,GPU-b342434c-f6b6-7627-333e-da750a9991e6,0.17,0.396484375,10240.0,6006.0,546.17,NVIDIA GeForce RTX 3080,[N/A],Enabled,Enabled
1702740913.919355,0,GPU-b342434c-f6b6-7627-333e-da750a9991e6,0.16,0.396484375,10240.0,6006.0,546.17,NVIDIA GeForce RTX 3080,[N/A],Enabled,Enabled
1702740914.919107,0,GPU-b342434c-f6b6-7627-333e-da750a9991e6,0.17,0.396484375,10240.0,6006.0,546.17,NVIDIA GeForce RTX 3080,[N/A],Enabled,Enabled
1702740915.919282,0,GPU-b342434c-f6b6-7627-333e-da750a9991e6,0.17,0.396484375,10240.0,6006.0,546.17,NVIDIA GeForce RTX 3080,[N/A],Enabled,Enabled
1702740916.918946,0,GPU-b342434c-f6b6-7627-333e-da750a9991e6,0.17,0.396484375,10240.0,6006.0,546.17,NVIDIA GeForce RTX 3080,[N/A],Enabled,Enabled
1702740917.919045,0,GPU-b342434c-f6b6-7627-333e-da750a9991e6,0.17,0.396484375,10240.0,6006.0,546.17,NVIDIA GeForce RTX 3080,[N/A],Enabled,Enabled
1702740918.919637,0,GPU-b342434c-f6b6-7627-333e-da750a9991e6,0.16,0.396484375,10240.0,6006.0,546.17,NVIDIA GeForce RTX 3080,[N/A],Enabled,Enabled
1702740919.919453,0,GPU-b342434c-f6b6-7627-333e-da750a9991e6,0.16,0.396484375,10240.0,6006.0,546.17,NVIDIA GeForce RTX 3080,[N/A],Enabled,Enabled
1702740920.919028,0,GPU-b342434c-f6b6-7627-333e-da750a9991e6,0.17,0.396484375,10240.0,6006.0,546.17,NVIDIA GeForce RTX 3080,[N/A],Enabled,Enabled
1702740921.919091,0,GPU-b342434c-f6b6-7627-333e-da750a9991e6,0.17,0.396484375,10240.0,6006.0,546.17,NVIDIA GeForce RTX 3080,[N/A],Enabled,Enabled
1702740922.919397,0,GPU-b342434c-f6b6-7627-333e-da750a9991e6,0.17,0.396484375,10240.0,6006.0,546.17,NVIDIA GeForce RTX 3080,[N/A],Enabled,Enabled
1702740923.918799,0,GPU-b342434c-f6b6-7627-333e-da750a9991e6,0.17,0.396484375,10240.0,6006.0,546.17,NVIDIA GeForce RTX 3080,[N/A],Enabled,Enabled
1702740924.91957,0,GPU-b342434c-f6b6-7627-333e-da750a9991e6,0.16,0.396484375,10240.0,6006.0,546.17,NVIDIA GeForce RTX 3080,[N/A],Enabled,Enabled
1702740925.91941,0,GPU-b342434c-f6b6-7627-333e-da750a9991e6,0.16,0.396484375,10240.0,6006.0,546.17,NVIDIA GeForce RTX 3080,[N/A],Enabled,Enabled
1702740926.919167,0,GPU-b342434c-f6b6-7627-333e-da750a9991e6,0.16,0.396484375,10240.0,6006.0,546.17,NVIDIA GeForce RTX 3080,[N/A],Enabled,Enabled
1702740927.919784,0,GPU-b342434c-f6b6-7627-333e-da750a9991e6,0.14,0.389453125,10240.0,6078.0,546.17,NVIDIA GeForce RTX 3080,[N/A],Enabled,Enabled
1702740928.919323,0,GPU-b342434c-f6b6-7627-333e-da750a9991e6,0.14,0.38955078125,10240.0,6077.0,546.17,NVIDIA GeForce RTX 3080,[N/A],Enabled,Enabled
1702740929.919165,0,GPU-b342434c-f6b6-7627-333e-da750a9991e6,0.14,0.38955078125,10240.0,6077.0,546.17,NVIDIA GeForce RTX 3080,[N/A],Enabled,Enabled
1702740930.918858,0,GPU-b342434c-f6b6-7627-333e-da750a9991e6,0.15,0.389453125,10240.0,6078.0,546.17,NVIDIA GeForce RTX 3080,[N/A],Enabled,Enabled
1702740931.919706,0,GPU-b342434c-f6b6-7627-333e-da750a9991e6,0.14,0.389453125,10240.0,6078.0,546.17,NVIDIA GeForce RTX 3080,[N/A],Enabled,Enabled
1702740932.919729,0,GPU-b342434c-f6b6-7627-333e-da750a9991e6,0.13,0.3857421875,10240.0,6116.0,546.17,NVIDIA GeForce RTX 3080,[N/A],Enabled,Enabled
1702740933.919059,0,GPU-b342434c-f6b6-7627-333e-da750a9991e6,0.13,0.3857421875,10240.0,6116.0,546.17,NVIDIA GeForce RTX 3080,[N/A],Enabled,Enabled
1702740934.919288,0,GPU-b342434c-f6b6-7627-333e-da750a9991e6,0.13,0.3857421875,10240.0,6116.0,546.17,NVIDIA GeForce RTX 3080,[N/A],Enabled,Enabled
1702740935.91964,0,GPU-b342434c-f6b6-7627-333e-da750a9991e6,0.13,0.3857421875,10240.0,6116.0,546.17,NVIDIA GeForce RTX 3080,[N/A],Enabled,Enabled
1702740936.919776,0,GPU-b342434c-f6b6-7627-333e-da750a9991e6,0.13,0.3857421875,10240.0,6116.0,546.17,NVIDIA GeForce RTX 3080,[N/A],Enabled,Enabled
1702740937.918929,0,GPU-b342434c-f6b6-7627-333e-da750a9991e6,0.13,0.3857421875,10240.0,6116.0,546.17,NVIDIA GeForce RTX 3080,[N/A],Enabled,Enabled
1702740938.919186,0,GPU-b342434c-f6b6-7627-333e-da750a9991e6,0.13,0.3857421875,10240.0,6116.0,546.17,NVIDIA GeForce RTX 3080,[N/A],Enabled,Enabled
1702740939.919471,0,GPU-b342434c-f6b6-7627-333e-da750a9991e6,0.13,0.3857421875,10240.0,6116.0,546.17,NVIDIA GeForce RTX 3080,[N/A],Enabled,Enabled
1702740940.919014,0,GPU-b342434c-f6b6-7627-333e-da750a9991e6,0.13,0.3857421875,10240.0,6116.0,546.17,NVIDIA GeForce RTX 3080,[N/A],Enabled,Enabled
1702740941.919776,0,GPU-b342434c-f6b6-7627-333e-da750a9991e6,0.14,0.3255859375,10240.0,6732.0,546.17,NVIDIA GeForce RTX 3080,[N/A],Enabled,Enabled
1702740942.919101,0,GPU-b342434c-f6b6-7627-333e-da750a9991e6,0.17,0.32509765625,10240.0,6737.0,546.17,NVIDIA GeForce RTX 3080,[N/A],Enabled,Enabled
1702740943.918967,0,GPU-b342434c-f6b6-7627-333e-da750a9991e6,0.17,0.32529296875,10240.0,6735.0,546.17,NVIDIA GeForce RTX 3080,[N/A],Enabled,Enabled
