timestamp,id,uuid,load,memoryUtil,memoryTotal,memoryUsed,memoryFree,driver,name,serial,display_mode,display_active
1709236314.335316,0,GPU-93ae0c7f-c327-aee3-adae-bc0d1dae71ea,0.13,0.2427129132063182,12282.0,9030.0,551.52,NVIDIA GeForce RTX 4070,[N/A],Enabled,Enabled
1709236315.332657,0,GPU-93ae0c7f-c327-aee3-adae-bc0d1dae71ea,0.15,0.24255007327796776,12282.0,9032.0,551.52,NVIDIA GeForce RTX 4070,[N/A],Enabled,Enabled
1709236316.33311,0,GPU-93ae0c7f-c327-aee3-adae-bc0d1dae71ea,0.14,0.24255007327796776,12282.0,9032.0,551.52,NVIDIA GeForce RTX 4070,[N/A],Enabled,Enabled
1709236317.332189,0,GPU-93ae0c7f-c327-aee3-adae-bc0d1dae71ea,0.14,0.24255007327796776,12282.0,9032.0,551.52,NVIDIA GeForce RTX 4070,[N/A],Enabled,Enabled
1709236318.332462,0,GPU-93ae0c7f-c327-aee3-adae-bc0d1dae71ea,0.13,0.24255007327796776,12282.0,9032.0,551.52,NVIDIA GeForce RTX 4070,[N/A],Enabled,Enabled
1709236319.331989,0,GPU-93ae0c7f-c327-aee3-adae-bc0d1dae71ea,0.13,0.24255007327796776,12282.0,9032.0,551.52,NVIDIA GeForce RTX 4070,[N/A],Enabled,Enabled
1709236320.33245,0,GPU-93ae0c7f-c327-aee3-adae-bc0d1dae71ea,0.14,0.24255007327796776,12282.0,9032.0,551.52,NVIDIA GeForce RTX 4070,[N/A],Enabled,Enabled
1709236321.332612,0,GPU-93ae0c7f-c327-aee3-adae-bc0d1dae71ea,0.14,0.24255007327796776,12282.0,9032.0,551.52,NVIDIA GeForce RTX 4070,[N/A],Enabled,Enabled
1709236322.332954,0,GPU-93ae0c7f-c327-aee3-adae-bc0d1dae71ea,0.13,0.24255007327796776,12282.0,9032.0,551.52,NVIDIA GeForce RTX 4070,[N/A],Enabled,Enabled
1709236323.332799,0,GPU-93ae0c7f-c327-aee3-adae-bc0d1dae71ea,0.13,0.24255007327796776,12282.0,9032.0,551.52,NVIDIA GeForce RTX 4070,[N/A],Enabled,Enabled
1709236324.332283,0,GPU-93ae0c7f-c327-aee3-adae-bc0d1dae71ea,0.13,0.24255007327796776,12282.0,9032.0,551.52,NVIDIA GeForce RTX 4070,[N/A],Enabled,Enabled
1709236325.332198,0,GPU-93ae0c7f-c327-aee3-adae-bc0d1dae71ea,0.13,0.24255007327796776,12282.0,9032.0,551.52,NVIDIA GeForce RTX 4070,[N/A],Enabled,Enabled
1709236326.332857,0,GPU-93ae0c7f-c327-aee3-adae-bc0d1dae71ea,0.14,0.24255007327796776,12282.0,9032.0,551.52,NVIDIA GeForce RTX 4070,[N/A],Enabled,Enabled
1709236327.332362,0,GPU-93ae0c7f-c327-aee3-adae-bc0d1dae71ea,0.14,0.24255007327796776,12282.0,9032.0,551.52,NVIDIA GeForce RTX 4070,[N/A],Enabled,Enabled
1709236328.333291,0,GPU-93ae0c7f-c327-aee3-adae-bc0d1dae71ea,0.13,0.24255007327796776,12282.0,9032.0,551.52,NVIDIA GeForce RTX 4070,[N/A],Enabled,Enabled
1709236329.332679,0,GPU-93ae0c7f-c327-aee3-adae-bc0d1dae71ea,0.15,0.24198013352874126,12282.0,9039.0,551.52,NVIDIA GeForce RTX 4070,[N/A],Enabled,Enabled
1709236330.332575,0,GPU-93ae0c7f-c327-aee3-adae-bc0d1dae71ea,0.14,0.24320143299136948,12282.0,9024.0,551.52,NVIDIA GeForce RTX 4070,[N/A],Enabled,Enabled
1709236331.332346,0,GPU-93ae0c7f-c327-aee3-adae-bc0d1dae71ea,0.16,0.24816805080605764,12282.0,8963.0,551.52,NVIDIA GeForce RTX 4070,[N/A],Enabled,Enabled
1709236332.332121,0,GPU-93ae0c7f-c327-aee3-adae-bc0d1dae71ea,0.11,0.31590946099983713,12282.0,8131.0,551.52,NVIDIA GeForce RTX 4070,[N/A],Enabled,Enabled
1709236333.332461,0,GPU-93ae0c7f-c327-aee3-adae-bc0d1dae71ea,0.08,0.31590946099983713,12282.0,8131.0,551.52,NVIDIA GeForce RTX 4070,[N/A],Enabled,Enabled
1709236334.332746,0,GPU-93ae0c7f-c327-aee3-adae-bc0d1dae71ea,0.08,0.3158280410356619,12282.0,8132.0,551.52,NVIDIA GeForce RTX 4070,[N/A],Enabled,Enabled
1709236335.331941,0,GPU-93ae0c7f-c327-aee3-adae-bc0d1dae71ea,0.13,0.29262335124572547,12282.0,8417.0,551.52,NVIDIA GeForce RTX 4070,[N/A],Enabled,Enabled
1709236336.332735,0,GPU-93ae0c7f-c327-aee3-adae-bc0d1dae71ea,0.09,0.24800521087770722,12282.0,8965.0,551.52,NVIDIA GeForce RTX 4070,[N/A],Enabled,Enabled
1709236337.332578,0,GPU-93ae0c7f-c327-aee3-adae-bc0d1dae71ea,0.33,0.444145904575802,12282.0,6556.0,551.52,NVIDIA GeForce RTX 4070,[N/A],Enabled,Enabled
1709236338.332259,0,GPU-93ae0c7f-c327-aee3-adae-bc0d1dae71ea,0.32,0.444145904575802,12282.0,6556.0,551.52,NVIDIA GeForce RTX 4070,[N/A],Enabled,Enabled
1709236339.332556,0,GPU-93ae0c7f-c327-aee3-adae-bc0d1dae71ea,0.29,0.4394235466536395,12282.0,6614.0,551.52,NVIDIA GeForce RTX 4070,[N/A],Enabled,Enabled
1709236340.332551,0,GPU-93ae0c7f-c327-aee3-adae-bc0d1dae71ea,0.3,0.444145904575802,12282.0,6556.0,551.52,NVIDIA GeForce RTX 4070,[N/A],Enabled,Enabled
1709236341.332666,0,GPU-93ae0c7f-c327-aee3-adae-bc0d1dae71ea,0.1,0.5570753948868262,12282.0,5169.0,551.52,NVIDIA GeForce RTX 4070,[N/A],Enabled,Enabled
1709236342.332324,0,GPU-93ae0c7f-c327-aee3-adae-bc0d1dae71ea,0.31,0.44496010421755416,12282.0,6546.0,551.52,NVIDIA GeForce RTX 4070,[N/A],Enabled,Enabled
1709236343.332435,0,GPU-93ae0c7f-c327-aee3-adae-bc0d1dae71ea,0.29,0.44496010421755416,12282.0,6546.0,551.52,NVIDIA GeForce RTX 4070,[N/A],Enabled,Enabled
1709236344.33318,0,GPU-93ae0c7f-c327-aee3-adae-bc0d1dae71ea,0.29,0.44031916625956685,12282.0,6603.0,551.52,NVIDIA GeForce RTX 4070,[N/A],Enabled,Enabled
1709236345.332229,0,GPU-93ae0c7f-c327-aee3-adae-bc0d1dae71ea,0.28,0.44031916625956685,12282.0,6603.0,551.52,NVIDIA GeForce RTX 4070,[N/A],Enabled,Enabled
1709236346.332033,0,GPU-93ae0c7f-c327-aee3-adae-bc0d1dae71ea,0.29,0.44031916625956685,12282.0,6603.0,551.52,NVIDIA GeForce RTX 4070,[N/A],Enabled,Enabled
1709236347.332986,0,GPU-93ae0c7f-c327-aee3-adae-bc0d1dae71ea,0.31,0.4450415241817294,12282.0,6545.0,551.52,NVIDIA GeForce RTX 4070,[N/A],Enabled,Enabled
1709236348.332886,0,GPU-93ae0c7f-c327-aee3-adae-bc0d1dae71ea,0.27,0.44031916625956685,12282.0,6603.0,551.52,NVIDIA GeForce RTX 4070,[N/A],Enabled,Enabled
1709236349.333008,0,GPU-93ae0c7f-c327-aee3-adae-bc0d1dae71ea,0.29,0.44031916625956685,12282.0,6603.0,551.52,NVIDIA GeForce RTX 4070,[N/A],Enabled,Enabled
1709236350.332392,0,GPU-93ae0c7f-c327-aee3-adae-bc0d1dae71ea,0.29,0.4450415241817294,12282.0,6545.0,551.52,NVIDIA GeForce RTX 4070,[N/A],Enabled,Enabled
1709236351.332725,0,GPU-93ae0c7f-c327-aee3-adae-bc0d1dae71ea,0.27,0.44031916625956685,12282.0,6603.0,551.52,NVIDIA GeForce RTX 4070,[N/A],Enabled,Enabled
1709236352.332249,0,GPU-93ae0c7f-c327-aee3-adae-bc0d1dae71ea,0.28,0.4450415241817294,12282.0,6545.0,551.52,NVIDIA GeForce RTX 4070,[N/A],Enabled,Enabled
1709236353.3318,0,GPU-93ae0c7f-c327-aee3-adae-bc0d1dae71ea,0.3,0.4450415241817294,12282.0,6545.0,551.52,NVIDIA GeForce RTX 4070,[N/A],Enabled,Enabled
1709236354.332902,0,GPU-93ae0c7f-c327-aee3-adae-bc0d1dae71ea,0.28,0.44031916625956685,12282.0,6603.0,551.52,NVIDIA GeForce RTX 4070,[N/A],Enabled,Enabled
1709236355.332229,0,GPU-93ae0c7f-c327-aee3-adae-bc0d1dae71ea,0.28,0.4450415241817294,12282.0,6545.0,551.52,NVIDIA GeForce RTX 4070,[N/A],Enabled,Enabled
1709236356.332223,0,GPU-93ae0c7f-c327-aee3-adae-bc0d1dae71ea,0.29,0.44031916625956685,12282.0,6603.0,551.52,NVIDIA GeForce RTX 4070,[N/A],Enabled,Enabled
1709236357.331914,0,GPU-93ae0c7f-c327-aee3-adae-bc0d1dae71ea,0.27,0.44031916625956685,12282.0,6603.0,551.52,NVIDIA GeForce RTX 4070,[N/A],Enabled,Enabled
1709236358.332033,0,GPU-93ae0c7f-c327-aee3-adae-bc0d1dae71ea,0.29,0.4450415241817294,12282.0,6545.0,551.52,NVIDIA GeForce RTX 4070,[N/A],Enabled,Enabled
1709236359.332301,0,GPU-93ae0c7f-c327-aee3-adae-bc0d1dae71ea,0.16,0.4426803452206481,12282.0,6574.0,551.52,NVIDIA GeForce RTX 4070,[N/A],Enabled,Enabled
1709236360.331846,0,GPU-93ae0c7f-c327-aee3-adae-bc0d1dae71ea,0.38,0.4487868425337893,12282.0,6499.0,551.52,NVIDIA GeForce RTX 4070,[N/A],Enabled,Enabled
1709236361.332844,0,GPU-93ae0c7f-c327-aee3-adae-bc0d1dae71ea,0.44,0.4487868425337893,12282.0,6499.0,551.52,NVIDIA GeForce RTX 4070,[N/A],Enabled,Enabled
1709236362.332442,0,GPU-93ae0c7f-c327-aee3-adae-bc0d1dae71ea,0.45,0.4487868425337893,12282.0,6499.0,551.52,NVIDIA GeForce RTX 4070,[N/A],Enabled,Enabled
1709236363.331971,0,GPU-93ae0c7f-c327-aee3-adae-bc0d1dae71ea,0.42,0.4487868425337893,12282.0,6499.0,551.52,NVIDIA GeForce RTX 4070,[N/A],Enabled,Enabled
1709236364.332592,0,GPU-93ae0c7f-c327-aee3-adae-bc0d1dae71ea,0.41,0.4487868425337893,12282.0,6499.0,551.52,NVIDIA GeForce RTX 4070,[N/A],Enabled,Enabled
1709236365.332809,0,GPU-93ae0c7f-c327-aee3-adae-bc0d1dae71ea,0.4,0.4487868425337893,12282.0,6499.0,551.52,NVIDIA GeForce RTX 4070,[N/A],Enabled,Enabled
1709236366.332225,0,GPU-93ae0c7f-c327-aee3-adae-bc0d1dae71ea,0.4,0.4487868425337893,12282.0,6499.0,551.52,NVIDIA GeForce RTX 4070,[N/A],Enabled,Enabled
1709236367.332664,0,GPU-93ae0c7f-c327-aee3-adae-bc0d1dae71ea,0.4,0.4487868425337893,12282.0,6499.0,551.52,NVIDIA GeForce RTX 4070,[N/A],Enabled,Enabled
1709236368.332138,0,GPU-93ae0c7f-c327-aee3-adae-bc0d1dae71ea,0.43,0.4487868425337893,12282.0,6499.0,551.52,NVIDIA GeForce RTX 4070,[N/A],Enabled,Enabled
1709236369.332127,0,GPU-93ae0c7f-c327-aee3-adae-bc0d1dae71ea,0.42,0.4487868425337893,12282.0,6499.0,551.52,NVIDIA GeForce RTX 4070,[N/A],Enabled,Enabled
1709236370.33233,0,GPU-93ae0c7f-c327-aee3-adae-bc0d1dae71ea,0.41,0.4487868425337893,12282.0,6499.0,551.52,NVIDIA GeForce RTX 4070,[N/A],Enabled,Enabled
1709236371.332283,0,GPU-93ae0c7f-c327-aee3-adae-bc0d1dae71ea,0.42,0.4487868425337893,12282.0,6499.0,551.52,NVIDIA GeForce RTX 4070,[N/A],Enabled,Enabled
1709236372.332646,0,GPU-93ae0c7f-c327-aee3-adae-bc0d1dae71ea,0.45,0.4487868425337893,12282.0,6499.0,551.52,NVIDIA GeForce RTX 4070,[N/A],Enabled,Enabled
1709236373.332102,0,GPU-93ae0c7f-c327-aee3-adae-bc0d1dae71ea,0.42,0.4487868425337893,12282.0,6499.0,551.52,NVIDIA GeForce RTX 4070,[N/A],Enabled,Enabled
1709236374.332443,0,GPU-93ae0c7f-c327-aee3-adae-bc0d1dae71ea,0.43,0.4487868425337893,12282.0,6499.0,551.52,NVIDIA GeForce RTX 4070,[N/A],Enabled,Enabled
1709236375.333027,0,GPU-93ae0c7f-c327-aee3-adae-bc0d1dae71ea,0.45,0.4487868425337893,12282.0,6499.0,551.52,NVIDIA GeForce RTX 4070,[N/A],Enabled,Enabled
1709236376.332283,0,GPU-93ae0c7f-c327-aee3-adae-bc0d1dae71ea,0.42,0.4487868425337893,12282.0,6499.0,551.52,NVIDIA GeForce RTX 4070,[N/A],Enabled,Enabled
1709236377.332225,0,GPU-93ae0c7f-c327-aee3-adae-bc0d1dae71ea,0.46,0.4487868425337893,12282.0,6499.0,551.52,NVIDIA GeForce RTX 4070,[N/A],Enabled,Enabled
1709236378.332484,0,GPU-93ae0c7f-c327-aee3-adae-bc0d1dae71ea,0.39,0.4487868425337893,12282.0,6499.0,551.52,NVIDIA GeForce RTX 4070,[N/A],Enabled,Enabled
1709236379.332125,0,GPU-93ae0c7f-c327-aee3-adae-bc0d1dae71ea,0.43,0.4487868425337893,12282.0,6499.0,551.52,NVIDIA GeForce RTX 4070,[N/A],Enabled,Enabled
1709236380.332131,0,GPU-93ae0c7f-c327-aee3-adae-bc0d1dae71ea,0.39,0.4487868425337893,12282.0,6499.0,551.52,NVIDIA GeForce RTX 4070,[N/A],Enabled,Enabled
1709236381.333074,0,GPU-93ae0c7f-c327-aee3-adae-bc0d1dae71ea,0.42,0.4487868425337893,12282.0,6499.0,551.52,NVIDIA GeForce RTX 4070,[N/A],Enabled,Enabled
1709236382.33312,0,GPU-93ae0c7f-c327-aee3-adae-bc0d1dae71ea,0.45,0.4487868425337893,12282.0,6499.0,551.52,NVIDIA GeForce RTX 4070,[N/A],Enabled,Enabled
1709236383.331855,0,GPU-93ae0c7f-c327-aee3-adae-bc0d1dae71ea,0.45,0.4487868425337893,12282.0,6499.0,551.52,NVIDIA GeForce RTX 4070,[N/A],Enabled,Enabled
1709236384.333251,0,GPU-93ae0c7f-c327-aee3-adae-bc0d1dae71ea,0.44,0.4487868425337893,12282.0,6499.0,551.52,NVIDIA GeForce RTX 4070,[N/A],Enabled,Enabled
1709236385.33209,0,GPU-93ae0c7f-c327-aee3-adae-bc0d1dae71ea,0.47,0.4487868425337893,12282.0,6499.0,551.52,NVIDIA GeForce RTX 4070,[N/A],Enabled,Enabled
1709236386.33247,0,GPU-93ae0c7f-c327-aee3-adae-bc0d1dae71ea,0.47,0.4487868425337893,12282.0,6499.0,551.52,NVIDIA GeForce RTX 4070,[N/A],Enabled,Enabled
1709236387.332371,0,GPU-93ae0c7f-c327-aee3-adae-bc0d1dae71ea,0.46,0.4487868425337893,12282.0,6499.0,551.52,NVIDIA GeForce RTX 4070,[N/A],Enabled,Enabled
1709236388.331633,0,GPU-93ae0c7f-c327-aee3-adae-bc0d1dae71ea,0.47,0.4487868425337893,12282.0,6499.0,551.52,NVIDIA GeForce RTX 4070,[N/A],Enabled,Enabled
1709236389.332397,0,GPU-93ae0c7f-c327-aee3-adae-bc0d1dae71ea,0.44,0.4487868425337893,12282.0,6499.0,551.52,NVIDIA GeForce RTX 4070,[N/A],Enabled,Enabled
1709236390.333413,0,GPU-93ae0c7f-c327-aee3-adae-bc0d1dae71ea,0.4,0.4487868425337893,12282.0,6499.0,551.52,NVIDIA GeForce RTX 4070,[N/A],Enabled,Enabled
1709236391.332026,0,GPU-93ae0c7f-c327-aee3-adae-bc0d1dae71ea,0.43,0.4487868425337893,12282.0,6499.0,551.52,NVIDIA GeForce RTX 4070,[N/A],Enabled,Enabled
1709236392.33178,0,GPU-93ae0c7f-c327-aee3-adae-bc0d1dae71ea,0.44,0.4487868425337893,12282.0,6499.0,551.52,NVIDIA GeForce RTX 4070,[N/A],Enabled,Enabled
1709236393.33257,0,GPU-93ae0c7f-c327-aee3-adae-bc0d1dae71ea,0.44,0.4487868425337893,12282.0,6499.0,551.52,NVIDIA GeForce RTX 4070,[N/A],Enabled,Enabled
1709236394.333209,0,GPU-93ae0c7f-c327-aee3-adae-bc0d1dae71ea,0.45,0.4487868425337893,12282.0,6499.0,551.52,NVIDIA GeForce RTX 4070,[N/A],Enabled,Enabled
1709236395.331918,0,GPU-93ae0c7f-c327-aee3-adae-bc0d1dae71ea,0.39,0.4487868425337893,12282.0,6499.0,551.52,NVIDIA GeForce RTX 4070,[N/A],Enabled,Enabled
1709236396.332588,0,GPU-93ae0c7f-c327-aee3-adae-bc0d1dae71ea,0.44,0.4487868425337893,12282.0,6499.0,551.52,NVIDIA GeForce RTX 4070,[N/A],Enabled,Enabled
1709236397.333254,0,GPU-93ae0c7f-c327-aee3-adae-bc0d1dae71ea,0.4,0.4487868425337893,12282.0,6499.0,551.52,NVIDIA GeForce RTX 4070,[N/A],Enabled,Enabled
1709236398.332064,0,GPU-93ae0c7f-c327-aee3-adae-bc0d1dae71ea,0.43,0.4487868425337893,12282.0,6499.0,551.52,NVIDIA GeForce RTX 4070,[N/A],Enabled,Enabled
1709236399.33216,0,GPU-93ae0c7f-c327-aee3-adae-bc0d1dae71ea,0.44,0.4487868425337893,12282.0,6499.0,551.52,NVIDIA GeForce RTX 4070,[N/A],Enabled,Enabled
1709236400.333007,0,GPU-93ae0c7f-c327-aee3-adae-bc0d1dae71ea,0.41,0.4487868425337893,12282.0,6499.0,551.52,NVIDIA GeForce RTX 4070,[N/A],Enabled,Enabled
1709236401.332397,0,GPU-93ae0c7f-c327-aee3-adae-bc0d1dae71ea,0.42,0.4487868425337893,12282.0,6499.0,551.52,NVIDIA GeForce RTX 4070,[N/A],Enabled,Enabled
1709236402.332799,0,GPU-93ae0c7f-c327-aee3-adae-bc0d1dae71ea,0.44,0.4487868425337893,12282.0,6499.0,551.52,NVIDIA GeForce RTX 4070,[N/A],Enabled,Enabled
1709236403.332897,0,GPU-93ae0c7f-c327-aee3-adae-bc0d1dae71ea,0.42,0.4487868425337893,12282.0,6499.0,551.52,NVIDIA GeForce RTX 4070,[N/A],Enabled,Enabled
1709236404.332922,0,GPU-93ae0c7f-c327-aee3-adae-bc0d1dae71ea,0.42,0.4487868425337893,12282.0,6499.0,551.52,NVIDIA GeForce RTX 4070,[N/A],Enabled,Enabled
1709236405.333167,0,GPU-93ae0c7f-c327-aee3-adae-bc0d1dae71ea,0.4,0.4487868425337893,12282.0,6499.0,551.52,NVIDIA GeForce RTX 4070,[N/A],Enabled,Enabled
1709236406.332699,0,GPU-93ae0c7f-c327-aee3-adae-bc0d1dae71ea,0.41,0.4487868425337893,12282.0,6499.0,551.52,NVIDIA GeForce RTX 4070,[N/A],Enabled,Enabled
1709236407.332645,0,GPU-93ae0c7f-c327-aee3-adae-bc0d1dae71ea,0.44,0.4487868425337893,12282.0,6499.0,551.52,NVIDIA GeForce RTX 4070,[N/A],Enabled,Enabled
1709236408.332628,0,GPU-93ae0c7f-c327-aee3-adae-bc0d1dae71ea,0.4,0.4487868425337893,12282.0,6499.0,551.52,NVIDIA GeForce RTX 4070,[N/A],Enabled,Enabled
1709236409.333088,0,GPU-93ae0c7f-c327-aee3-adae-bc0d1dae71ea,0.42,0.4487868425337893,12282.0,6499.0,551.52,NVIDIA GeForce RTX 4070,[N/A],Enabled,Enabled
1709236410.332095,0,GPU-93ae0c7f-c327-aee3-adae-bc0d1dae71ea,0.44,0.4487868425337893,12282.0,6499.0,551.52,NVIDIA GeForce RTX 4070,[N/A],Enabled,Enabled
1709236411.332537,0,GPU-93ae0c7f-c327-aee3-adae-bc0d1dae71ea,0.38,0.4487868425337893,12282.0,6499.0,551.52,NVIDIA GeForce RTX 4070,[N/A],Enabled,Enabled
1709236412.333343,0,GPU-93ae0c7f-c327-aee3-adae-bc0d1dae71ea,0.41,0.4487868425337893,12282.0,6499.0,551.52,NVIDIA GeForce RTX 4070,[N/A],Enabled,Enabled
1709236413.332149,0,GPU-93ae0c7f-c327-aee3-adae-bc0d1dae71ea,0.45,0.4487868425337893,12282.0,6499.0,551.52,NVIDIA GeForce RTX 4070,[N/A],Enabled,Enabled
1709236414.33298,0,GPU-93ae0c7f-c327-aee3-adae-bc0d1dae71ea,0.52,0.4487868425337893,12282.0,6499.0,551.52,NVIDIA GeForce RTX 4070,[N/A],Enabled,Enabled
1709236415.332848,0,GPU-93ae0c7f-c327-aee3-adae-bc0d1dae71ea,0.42,0.4487868425337893,12282.0,6499.0,551.52,NVIDIA GeForce RTX 4070,[N/A],Enabled,Enabled
1709236416.332384,0,GPU-93ae0c7f-c327-aee3-adae-bc0d1dae71ea,0.42,0.4487868425337893,12282.0,6499.0,551.52,NVIDIA GeForce RTX 4070,[N/A],Enabled,Enabled
1709236417.332205,0,GPU-93ae0c7f-c327-aee3-adae-bc0d1dae71ea,0.42,0.4487868425337893,12282.0,6499.0,551.52,NVIDIA GeForce RTX 4070,[N/A],Enabled,Enabled
1709236418.332503,0,GPU-93ae0c7f-c327-aee3-adae-bc0d1dae71ea,0.43,0.4487868425337893,12282.0,6499.0,551.52,NVIDIA GeForce RTX 4070,[N/A],Enabled,Enabled
1709236419.332111,0,GPU-93ae0c7f-c327-aee3-adae-bc0d1dae71ea,0.46,0.4487868425337893,12282.0,6499.0,551.52,NVIDIA GeForce RTX 4070,[N/A],Enabled,Enabled
1709236420.332943,0,GPU-93ae0c7f-c327-aee3-adae-bc0d1dae71ea,0.4,0.4487868425337893,12282.0,6499.0,551.52,NVIDIA GeForce RTX 4070,[N/A],Enabled,Enabled
1709236421.332329,0,GPU-93ae0c7f-c327-aee3-adae-bc0d1dae71ea,0.45,0.4487868425337893,12282.0,6499.0,551.52,NVIDIA GeForce RTX 4070,[N/A],Enabled,Enabled
1709236422.332088,0,GPU-93ae0c7f-c327-aee3-adae-bc0d1dae71ea,0.4,0.4487868425337893,12282.0,6499.0,551.52,NVIDIA GeForce RTX 4070,[N/A],Enabled,Enabled
1709236423.331959,0,GPU-93ae0c7f-c327-aee3-adae-bc0d1dae71ea,0.44,0.4487868425337893,12282.0,6499.0,551.52,NVIDIA GeForce RTX 4070,[N/A],Enabled,Enabled
1709236424.33228,0,GPU-93ae0c7f-c327-aee3-adae-bc0d1dae71ea,0.47,0.4487868425337893,12282.0,6499.0,551.52,NVIDIA GeForce RTX 4070,[N/A],Enabled,Enabled
1709236425.332806,0,GPU-93ae0c7f-c327-aee3-adae-bc0d1dae71ea,0.43,0.4487868425337893,12282.0,6499.0,551.52,NVIDIA GeForce RTX 4070,[N/A],Enabled,Enabled
1709236426.332364,0,GPU-93ae0c7f-c327-aee3-adae-bc0d1dae71ea,0.4,0.4487868425337893,12282.0,6499.0,551.52,NVIDIA GeForce RTX 4070,[N/A],Enabled,Enabled
1709236427.332201,0,GPU-93ae0c7f-c327-aee3-adae-bc0d1dae71ea,0.45,0.4487868425337893,12282.0,6499.0,551.52,NVIDIA GeForce RTX 4070,[N/A],Enabled,Enabled
1709236428.331906,0,GPU-93ae0c7f-c327-aee3-adae-bc0d1dae71ea,0.47,0.4487868425337893,12282.0,6499.0,551.52,NVIDIA GeForce RTX 4070,[N/A],Enabled,Enabled
1709236429.332509,0,GPU-93ae0c7f-c327-aee3-adae-bc0d1dae71ea,0.41,0.4487868425337893,12282.0,6499.0,551.52,NVIDIA GeForce RTX 4070,[N/A],Enabled,Enabled
1709236430.332492,0,GPU-93ae0c7f-c327-aee3-adae-bc0d1dae71ea,0.47,0.4487868425337893,12282.0,6499.0,551.52,NVIDIA GeForce RTX 4070,[N/A],Enabled,Enabled
1709236431.332506,0,GPU-93ae0c7f-c327-aee3-adae-bc0d1dae71ea,0.42,0.4487868425337893,12282.0,6499.0,551.52,NVIDIA GeForce RTX 4070,[N/A],Enabled,Enabled
1709236432.331852,0,GPU-93ae0c7f-c327-aee3-adae-bc0d1dae71ea,0.44,0.44870542256961404,12282.0,6500.0,551.52,NVIDIA GeForce RTX 4070,[N/A],Enabled,Enabled
1709236433.332332,0,GPU-93ae0c7f-c327-aee3-adae-bc0d1dae71ea,0.5,0.44870542256961404,12282.0,6500.0,551.52,NVIDIA GeForce RTX 4070,[N/A],Enabled,Enabled
1709236434.332528,0,GPU-93ae0c7f-c327-aee3-adae-bc0d1dae71ea,0.4,0.44870542256961404,12282.0,6500.0,551.52,NVIDIA GeForce RTX 4070,[N/A],Enabled,Enabled
1709236435.332716,0,GPU-93ae0c7f-c327-aee3-adae-bc0d1dae71ea,0.39,0.44870542256961404,12282.0,6500.0,551.52,NVIDIA GeForce RTX 4070,[N/A],Enabled,Enabled
1709236436.333283,0,GPU-93ae0c7f-c327-aee3-adae-bc0d1dae71ea,0.43,0.44870542256961404,12282.0,6500.0,551.52,NVIDIA GeForce RTX 4070,[N/A],Enabled,Enabled
1709236437.33223,0,GPU-93ae0c7f-c327-aee3-adae-bc0d1dae71ea,0.39,0.44870542256961404,12282.0,6500.0,551.52,NVIDIA GeForce RTX 4070,[N/A],Enabled,Enabled
1709236438.332331,0,GPU-93ae0c7f-c327-aee3-adae-bc0d1dae71ea,0.45,0.44870542256961404,12282.0,6500.0,551.52,NVIDIA GeForce RTX 4070,[N/A],Enabled,Enabled
1709236439.332136,0,GPU-93ae0c7f-c327-aee3-adae-bc0d1dae71ea,0.46,0.44870542256961404,12282.0,6500.0,551.52,NVIDIA GeForce RTX 4070,[N/A],Enabled,Enabled
1709236440.33321,0,GPU-93ae0c7f-c327-aee3-adae-bc0d1dae71ea,0.42,0.44870542256961404,12282.0,6500.0,551.52,NVIDIA GeForce RTX 4070,[N/A],Enabled,Enabled
1709236441.33283,0,GPU-93ae0c7f-c327-aee3-adae-bc0d1dae71ea,0.4,0.44870542256961404,12282.0,6500.0,551.52,NVIDIA GeForce RTX 4070,[N/A],Enabled,Enabled
1709236442.33264,0,GPU-93ae0c7f-c327-aee3-adae-bc0d1dae71ea,0.43,0.44870542256961404,12282.0,6500.0,551.52,NVIDIA GeForce RTX 4070,[N/A],Enabled,Enabled
1709236443.332446,0,GPU-93ae0c7f-c327-aee3-adae-bc0d1dae71ea,0.41,0.44870542256961404,12282.0,6500.0,551.52,NVIDIA GeForce RTX 4070,[N/A],Enabled,Enabled
1709236444.332373,0,GPU-93ae0c7f-c327-aee3-adae-bc0d1dae71ea,0.41,0.44870542256961404,12282.0,6500.0,551.52,NVIDIA GeForce RTX 4070,[N/A],Enabled,Enabled
1709236445.331865,0,GPU-93ae0c7f-c327-aee3-adae-bc0d1dae71ea,0.41,0.44870542256961404,12282.0,6500.0,551.52,NVIDIA GeForce RTX 4070,[N/A],Enabled,Enabled
1709236446.33267,0,GPU-93ae0c7f-c327-aee3-adae-bc0d1dae71ea,0.41,0.44870542256961404,12282.0,6500.0,551.52,NVIDIA GeForce RTX 4070,[N/A],Enabled,Enabled
1709236447.332377,0,GPU-93ae0c7f-c327-aee3-adae-bc0d1dae71ea,0.45,0.44870542256961404,12282.0,6500.0,551.52,NVIDIA GeForce RTX 4070,[N/A],Enabled,Enabled
1709236448.332268,0,GPU-93ae0c7f-c327-aee3-adae-bc0d1dae71ea,0.4,0.44870542256961404,12282.0,6500.0,551.52,NVIDIA GeForce RTX 4070,[N/A],Enabled,Enabled
1709236449.332015,0,GPU-93ae0c7f-c327-aee3-adae-bc0d1dae71ea,0.49,0.44870542256961404,12282.0,6500.0,551.52,NVIDIA GeForce RTX 4070,[N/A],Enabled,Enabled
1709236450.332765,0,GPU-93ae0c7f-c327-aee3-adae-bc0d1dae71ea,0.38,0.44870542256961404,12282.0,6500.0,551.52,NVIDIA GeForce RTX 4070,[N/A],Enabled,Enabled
1709236451.332311,0,GPU-93ae0c7f-c327-aee3-adae-bc0d1dae71ea,0.43,0.44870542256961404,12282.0,6500.0,551.52,NVIDIA GeForce RTX 4070,[N/A],Enabled,Enabled
1709236452.331729,0,GPU-93ae0c7f-c327-aee3-adae-bc0d1dae71ea,0.42,0.44870542256961404,12282.0,6500.0,551.52,NVIDIA GeForce RTX 4070,[N/A],Enabled,Enabled
1709236453.332561,0,GPU-93ae0c7f-c327-aee3-adae-bc0d1dae71ea,0.45,0.44870542256961404,12282.0,6500.0,551.52,NVIDIA GeForce RTX 4070,[N/A],Enabled,Enabled
1709236454.332219,0,GPU-93ae0c7f-c327-aee3-adae-bc0d1dae71ea,0.45,0.44870542256961404,12282.0,6500.0,551.52,NVIDIA GeForce RTX 4070,[N/A],Enabled,Enabled
1709236455.332329,0,GPU-93ae0c7f-c327-aee3-adae-bc0d1dae71ea,0.43,0.44870542256961404,12282.0,6500.0,551.52,NVIDIA GeForce RTX 4070,[N/A],Enabled,Enabled
1709236456.333307,0,GPU-93ae0c7f-c327-aee3-adae-bc0d1dae71ea,0.42,0.44870542256961404,12282.0,6500.0,551.52,NVIDIA GeForce RTX 4070,[N/A],Enabled,Enabled
1709236457.332178,0,GPU-93ae0c7f-c327-aee3-adae-bc0d1dae71ea,0.43,0.44870542256961404,12282.0,6500.0,551.52,NVIDIA GeForce RTX 4070,[N/A],Enabled,Enabled
1709236458.332824,0,GPU-93ae0c7f-c327-aee3-adae-bc0d1dae71ea,0.4,0.44870542256961404,12282.0,6500.0,551.52,NVIDIA GeForce RTX 4070,[N/A],Enabled,Enabled
1709236459.332621,0,GPU-93ae0c7f-c327-aee3-adae-bc0d1dae71ea,0.43,0.44870542256961404,12282.0,6500.0,551.52,NVIDIA GeForce RTX 4070,[N/A],Enabled,Enabled
1709236460.33271,0,GPU-93ae0c7f-c327-aee3-adae-bc0d1dae71ea,0.44,0.44870542256961404,12282.0,6500.0,551.52,NVIDIA GeForce RTX 4070,[N/A],Enabled,Enabled
1709236461.332657,0,GPU-93ae0c7f-c327-aee3-adae-bc0d1dae71ea,0.4,0.44870542256961404,12282.0,6500.0,551.52,NVIDIA GeForce RTX 4070,[N/A],Enabled,Enabled
1709236462.333045,0,GPU-93ae0c7f-c327-aee3-adae-bc0d1dae71ea,0.44,0.44870542256961404,12282.0,6500.0,551.52,NVIDIA GeForce RTX 4070,[N/A],Enabled,Enabled
1709236463.332869,0,GPU-93ae0c7f-c327-aee3-adae-bc0d1dae71ea,0.41,0.44870542256961404,12282.0,6500.0,551.52,NVIDIA GeForce RTX 4070,[N/A],Enabled,Enabled
1709236464.333318,0,GPU-93ae0c7f-c327-aee3-adae-bc0d1dae71ea,0.48,0.44870542256961404,12282.0,6500.0,551.52,NVIDIA GeForce RTX 4070,[N/A],Enabled,Enabled
1709236465.332275,0,GPU-93ae0c7f-c327-aee3-adae-bc0d1dae71ea,0.5,0.44870542256961404,12282.0,6500.0,551.52,NVIDIA GeForce RTX 4070,[N/A],Enabled,Enabled
1709236466.332654,0,GPU-93ae0c7f-c327-aee3-adae-bc0d1dae71ea,0.5,0.44870542256961404,12282.0,6500.0,551.52,NVIDIA GeForce RTX 4070,[N/A],Enabled,Enabled
1709236467.33226,0,GPU-93ae0c7f-c327-aee3-adae-bc0d1dae71ea,0.39,0.44870542256961404,12282.0,6500.0,551.52,NVIDIA GeForce RTX 4070,[N/A],Enabled,Enabled
1709236468.33231,0,GPU-93ae0c7f-c327-aee3-adae-bc0d1dae71ea,0.44,0.44870542256961404,12282.0,6500.0,551.52,NVIDIA GeForce RTX 4070,[N/A],Enabled,Enabled
1709236469.33213,0,GPU-93ae0c7f-c327-aee3-adae-bc0d1dae71ea,0.38,0.44870542256961404,12282.0,6500.0,551.52,NVIDIA GeForce RTX 4070,[N/A],Enabled,Enabled
1709236470.333209,0,GPU-93ae0c7f-c327-aee3-adae-bc0d1dae71ea,0.42,0.44870542256961404,12282.0,6500.0,551.52,NVIDIA GeForce RTX 4070,[N/A],Enabled,Enabled
1709236471.33213,0,GPU-93ae0c7f-c327-aee3-adae-bc0d1dae71ea,0.4,0.44870542256961404,12282.0,6500.0,551.52,NVIDIA GeForce RTX 4070,[N/A],Enabled,Enabled
1709236472.332112,0,GPU-93ae0c7f-c327-aee3-adae-bc0d1dae71ea,0.45,0.44870542256961404,12282.0,6500.0,551.52,NVIDIA GeForce RTX 4070,[N/A],Enabled,Enabled
1709236473.33226,0,GPU-93ae0c7f-c327-aee3-adae-bc0d1dae71ea,0.46,0.44870542256961404,12282.0,6500.0,551.52,NVIDIA GeForce RTX 4070,[N/A],Enabled,Enabled
1709236474.332082,0,GPU-93ae0c7f-c327-aee3-adae-bc0d1dae71ea,0.44,0.44870542256961404,12282.0,6500.0,551.52,NVIDIA GeForce RTX 4070,[N/A],Enabled,Enabled
1709236475.332694,0,GPU-93ae0c7f-c327-aee3-adae-bc0d1dae71ea,0.45,0.44870542256961404,12282.0,6500.0,551.52,NVIDIA GeForce RTX 4070,[N/A],Enabled,Enabled
1709236476.3326,0,GPU-93ae0c7f-c327-aee3-adae-bc0d1dae71ea,0.4,0.44870542256961404,12282.0,6500.0,551.52,NVIDIA GeForce RTX 4070,[N/A],Enabled,Enabled
1709236477.332851,0,GPU-93ae0c7f-c327-aee3-adae-bc0d1dae71ea,0.46,0.44870542256961404,12282.0,6500.0,551.52,NVIDIA GeForce RTX 4070,[N/A],Enabled,Enabled
1709236478.332374,0,GPU-93ae0c7f-c327-aee3-adae-bc0d1dae71ea,0.47,0.44870542256961404,12282.0,6500.0,551.52,NVIDIA GeForce RTX 4070,[N/A],Enabled,Enabled
1709236479.332506,0,GPU-93ae0c7f-c327-aee3-adae-bc0d1dae71ea,0.41,0.44870542256961404,12282.0,6500.0,551.52,NVIDIA GeForce RTX 4070,[N/A],Enabled,Enabled
1709236480.332259,0,GPU-93ae0c7f-c327-aee3-adae-bc0d1dae71ea,0.4,0.44870542256961404,12282.0,6500.0,551.52,NVIDIA GeForce RTX 4070,[N/A],Enabled,Enabled
1709236481.332919,0,GPU-93ae0c7f-c327-aee3-adae-bc0d1dae71ea,0.45,0.44870542256961404,12282.0,6500.0,551.52,NVIDIA GeForce RTX 4070,[N/A],Enabled,Enabled
1709236482.333104,0,GPU-93ae0c7f-c327-aee3-adae-bc0d1dae71ea,0.41,0.44870542256961404,12282.0,6500.0,551.52,NVIDIA GeForce RTX 4070,[N/A],Enabled,Enabled
1709236483.33256,0,GPU-93ae0c7f-c327-aee3-adae-bc0d1dae71ea,0.44,0.44870542256961404,12282.0,6500.0,551.52,NVIDIA GeForce RTX 4070,[N/A],Enabled,Enabled
1709236484.33219,0,GPU-93ae0c7f-c327-aee3-adae-bc0d1dae71ea,0.46,0.44870542256961404,12282.0,6500.0,551.52,NVIDIA GeForce RTX 4070,[N/A],Enabled,Enabled
1709236485.332198,0,GPU-93ae0c7f-c327-aee3-adae-bc0d1dae71ea,0.46,0.44870542256961404,12282.0,6500.0,551.52,NVIDIA GeForce RTX 4070,[N/A],Enabled,Enabled
1709236486.332855,0,GPU-93ae0c7f-c327-aee3-adae-bc0d1dae71ea,0.41,0.44870542256961404,12282.0,6500.0,551.52,NVIDIA GeForce RTX 4070,[N/A],Enabled,Enabled
1709236487.332965,0,GPU-93ae0c7f-c327-aee3-adae-bc0d1dae71ea,0.47,0.44870542256961404,12282.0,6500.0,551.52,NVIDIA GeForce RTX 4070,[N/A],Enabled,Enabled
1709236488.331837,0,GPU-93ae0c7f-c327-aee3-adae-bc0d1dae71ea,0.41,0.44870542256961404,12282.0,6500.0,551.52,NVIDIA GeForce RTX 4070,[N/A],Enabled,Enabled
1709236489.332242,0,GPU-93ae0c7f-c327-aee3-adae-bc0d1dae71ea,0.42,0.44870542256961404,12282.0,6500.0,551.52,NVIDIA GeForce RTX 4070,[N/A],Enabled,Enabled
1709236490.333057,0,GPU-93ae0c7f-c327-aee3-adae-bc0d1dae71ea,0.45,0.44870542256961404,12282.0,6500.0,551.52,NVIDIA GeForce RTX 4070,[N/A],Enabled,Enabled
1709236491.331932,0,GPU-93ae0c7f-c327-aee3-adae-bc0d1dae71ea,0.47,0.44870542256961404,12282.0,6500.0,551.52,NVIDIA GeForce RTX 4070,[N/A],Enabled,Enabled
1709236492.332358,0,GPU-93ae0c7f-c327-aee3-adae-bc0d1dae71ea,0.44,0.44870542256961404,12282.0,6500.0,551.52,NVIDIA GeForce RTX 4070,[N/A],Enabled,Enabled
1709236493.332508,0,GPU-93ae0c7f-c327-aee3-adae-bc0d1dae71ea,0.42,0.44870542256961404,12282.0,6500.0,551.52,NVIDIA GeForce RTX 4070,[N/A],Enabled,Enabled
1709236494.332069,0,GPU-93ae0c7f-c327-aee3-adae-bc0d1dae71ea,0.41,0.44870542256961404,12282.0,6500.0,551.52,NVIDIA GeForce RTX 4070,[N/A],Enabled,Enabled
1709236495.332788,0,GPU-93ae0c7f-c327-aee3-adae-bc0d1dae71ea,0.47,0.44870542256961404,12282.0,6500.0,551.52,NVIDIA GeForce RTX 4070,[N/A],Enabled,Enabled
1709236496.331985,0,GPU-93ae0c7f-c327-aee3-adae-bc0d1dae71ea,0.44,0.44870542256961404,12282.0,6500.0,551.52,NVIDIA GeForce RTX 4070,[N/A],Enabled,Enabled
1709236497.332834,0,GPU-93ae0c7f-c327-aee3-adae-bc0d1dae71ea,0.45,0.44870542256961404,12282.0,6500.0,551.52,NVIDIA GeForce RTX 4070,[N/A],Enabled,Enabled
1709236498.332112,0,GPU-93ae0c7f-c327-aee3-adae-bc0d1dae71ea,0.44,0.44870542256961404,12282.0,6500.0,551.52,NVIDIA GeForce RTX 4070,[N/A],Enabled,Enabled
1709236499.33275,0,GPU-93ae0c7f-c327-aee3-adae-bc0d1dae71ea,0.42,0.44870542256961404,12282.0,6500.0,551.52,NVIDIA GeForce RTX 4070,[N/A],Enabled,Enabled
1709236500.332722,0,GPU-93ae0c7f-c327-aee3-adae-bc0d1dae71ea,0.4,0.44870542256961404,12282.0,6500.0,551.52,NVIDIA GeForce RTX 4070,[N/A],Enabled,Enabled
1709236501.332809,0,GPU-93ae0c7f-c327-aee3-adae-bc0d1dae71ea,0.4,0.44870542256961404,12282.0,6500.0,551.52,NVIDIA GeForce RTX 4070,[N/A],Enabled,Enabled
1709236502.332075,0,GPU-93ae0c7f-c327-aee3-adae-bc0d1dae71ea,0.42,0.44870542256961404,12282.0,6500.0,551.52,NVIDIA GeForce RTX 4070,[N/A],Enabled,Enabled
1709236503.331973,0,GPU-93ae0c7f-c327-aee3-adae-bc0d1dae71ea,0.36,0.44870542256961404,12282.0,6500.0,551.52,NVIDIA GeForce RTX 4070,[N/A],Enabled,Enabled
1709236504.332227,0,GPU-93ae0c7f-c327-aee3-adae-bc0d1dae71ea,0.4,0.44870542256961404,12282.0,6500.0,551.52,NVIDIA GeForce RTX 4070,[N/A],Enabled,Enabled
1709236505.332909,0,GPU-93ae0c7f-c327-aee3-adae-bc0d1dae71ea,0.43,0.44870542256961404,12282.0,6500.0,551.52,NVIDIA GeForce RTX 4070,[N/A],Enabled,Enabled
1709236506.33259,0,GPU-93ae0c7f-c327-aee3-adae-bc0d1dae71ea,0.4,0.44870542256961404,12282.0,6500.0,551.52,NVIDIA GeForce RTX 4070,[N/A],Enabled,Enabled
1709236507.332613,0,GPU-93ae0c7f-c327-aee3-adae-bc0d1dae71ea,0.36,0.44870542256961404,12282.0,6500.0,551.52,NVIDIA GeForce RTX 4070,[N/A],Enabled,Enabled
1709236508.331953,0,GPU-93ae0c7f-c327-aee3-adae-bc0d1dae71ea,0.37,0.44870542256961404,12282.0,6500.0,551.52,NVIDIA GeForce RTX 4070,[N/A],Enabled,Enabled
1709236509.332771,0,GPU-93ae0c7f-c327-aee3-adae-bc0d1dae71ea,0.44,0.44870542256961404,12282.0,6500.0,551.52,NVIDIA GeForce RTX 4070,[N/A],Enabled,Enabled
1709236510.33218,0,GPU-93ae0c7f-c327-aee3-adae-bc0d1dae71ea,0.44,0.44870542256961404,12282.0,6500.0,551.52,NVIDIA GeForce RTX 4070,[N/A],Enabled,Enabled
1709236511.332058,0,GPU-93ae0c7f-c327-aee3-adae-bc0d1dae71ea,0.45,0.44870542256961404,12282.0,6500.0,551.52,NVIDIA GeForce RTX 4070,[N/A],Enabled,Enabled
1709236512.33222,0,GPU-93ae0c7f-c327-aee3-adae-bc0d1dae71ea,0.4,0.44870542256961404,12282.0,6500.0,551.52,NVIDIA GeForce RTX 4070,[N/A],Enabled,Enabled
1709236513.332556,0,GPU-93ae0c7f-c327-aee3-adae-bc0d1dae71ea,0.45,0.44870542256961404,12282.0,6500.0,551.52,NVIDIA GeForce RTX 4070,[N/A],Enabled,Enabled
1709236514.331952,0,GPU-93ae0c7f-c327-aee3-adae-bc0d1dae71ea,0.43,0.44870542256961404,12282.0,6500.0,551.52,NVIDIA GeForce RTX 4070,[N/A],Enabled,Enabled
1709236515.333181,0,GPU-93ae0c7f-c327-aee3-adae-bc0d1dae71ea,0.4,0.44870542256961404,12282.0,6500.0,551.52,NVIDIA GeForce RTX 4070,[N/A],Enabled,Enabled
1709236516.332759,0,GPU-93ae0c7f-c327-aee3-adae-bc0d1dae71ea,0.46,0.44870542256961404,12282.0,6500.0,551.52,NVIDIA GeForce RTX 4070,[N/A],Enabled,Enabled
1709236517.332533,0,GPU-93ae0c7f-c327-aee3-adae-bc0d1dae71ea,0.4,0.44870542256961404,12282.0,6500.0,551.52,NVIDIA GeForce RTX 4070,[N/A],Enabled,Enabled
1709236518.332894,0,GPU-93ae0c7f-c327-aee3-adae-bc0d1dae71ea,0.39,0.44870542256961404,12282.0,6500.0,551.52,NVIDIA GeForce RTX 4070,[N/A],Enabled,Enabled
1709236519.332826,0,GPU-93ae0c7f-c327-aee3-adae-bc0d1dae71ea,0.48,0.44870542256961404,12282.0,6500.0,551.52,NVIDIA GeForce RTX 4070,[N/A],Enabled,Enabled
1709236520.332405,0,GPU-93ae0c7f-c327-aee3-adae-bc0d1dae71ea,0.5,0.44870542256961404,12282.0,6500.0,551.52,NVIDIA GeForce RTX 4070,[N/A],Enabled,Enabled
1709236521.333037,0,GPU-93ae0c7f-c327-aee3-adae-bc0d1dae71ea,0.52,0.44870542256961404,12282.0,6500.0,551.52,NVIDIA GeForce RTX 4070,[N/A],Enabled,Enabled
1709236522.332399,0,GPU-93ae0c7f-c327-aee3-adae-bc0d1dae71ea,0.49,0.44870542256961404,12282.0,6500.0,551.52,NVIDIA GeForce RTX 4070,[N/A],Enabled,Enabled
1709236523.333055,0,GPU-93ae0c7f-c327-aee3-adae-bc0d1dae71ea,0.42,0.44870542256961404,12282.0,6500.0,551.52,NVIDIA GeForce RTX 4070,[N/A],Enabled,Enabled
1709236524.332559,0,GPU-93ae0c7f-c327-aee3-adae-bc0d1dae71ea,0.38,0.44870542256961404,12282.0,6500.0,551.52,NVIDIA GeForce RTX 4070,[N/A],Enabled,Enabled
1709236525.332134,0,GPU-93ae0c7f-c327-aee3-adae-bc0d1dae71ea,0.46,0.44870542256961404,12282.0,6500.0,551.52,NVIDIA GeForce RTX 4070,[N/A],Enabled,Enabled
1709236526.332836,0,GPU-93ae0c7f-c327-aee3-adae-bc0d1dae71ea,0.5,0.44870542256961404,12282.0,6500.0,551.52,NVIDIA GeForce RTX 4070,[N/A],Enabled,Enabled
1709236527.332833,0,GPU-93ae0c7f-c327-aee3-adae-bc0d1dae71ea,0.45,0.44870542256961404,12282.0,6500.0,551.52,NVIDIA GeForce RTX 4070,[N/A],Enabled,Enabled
1709236528.332716,0,GPU-93ae0c7f-c327-aee3-adae-bc0d1dae71ea,0.41,0.44870542256961404,12282.0,6500.0,551.52,NVIDIA GeForce RTX 4070,[N/A],Enabled,Enabled
1709236529.332795,0,GPU-93ae0c7f-c327-aee3-adae-bc0d1dae71ea,0.45,0.44870542256961404,12282.0,6500.0,551.52,NVIDIA GeForce RTX 4070,[N/A],Enabled,Enabled
1709236530.332654,0,GPU-93ae0c7f-c327-aee3-adae-bc0d1dae71ea,0.44,0.44870542256961404,12282.0,6500.0,551.52,NVIDIA GeForce RTX 4070,[N/A],Enabled,Enabled
1709236531.331979,0,GPU-93ae0c7f-c327-aee3-adae-bc0d1dae71ea,0.51,0.44870542256961404,12282.0,6500.0,551.52,NVIDIA GeForce RTX 4070,[N/A],Enabled,Enabled
1709236532.332339,0,GPU-93ae0c7f-c327-aee3-adae-bc0d1dae71ea,0.48,0.44870542256961404,12282.0,6500.0,551.52,NVIDIA GeForce RTX 4070,[N/A],Enabled,Enabled
1709236533.332807,0,GPU-93ae0c7f-c327-aee3-adae-bc0d1dae71ea,0.45,0.44870542256961404,12282.0,6500.0,551.52,NVIDIA GeForce RTX 4070,[N/A],Enabled,Enabled
1709236534.333017,0,GPU-93ae0c7f-c327-aee3-adae-bc0d1dae71ea,0.41,0.44870542256961404,12282.0,6500.0,551.52,NVIDIA GeForce RTX 4070,[N/A],Enabled,Enabled
1709236535.332422,0,GPU-93ae0c7f-c327-aee3-adae-bc0d1dae71ea,0.47,0.44870542256961404,12282.0,6500.0,551.52,NVIDIA GeForce RTX 4070,[N/A],Enabled,Enabled
1709236536.331903,0,GPU-93ae0c7f-c327-aee3-adae-bc0d1dae71ea,0.41,0.44870542256961404,12282.0,6500.0,551.52,NVIDIA GeForce RTX 4070,[N/A],Enabled,Enabled
1709236537.33208,0,GPU-93ae0c7f-c327-aee3-adae-bc0d1dae71ea,0.43,0.44870542256961404,12282.0,6500.0,551.52,NVIDIA GeForce RTX 4070,[N/A],Enabled,Enabled
1709236538.332595,0,GPU-93ae0c7f-c327-aee3-adae-bc0d1dae71ea,0.42,0.44870542256961404,12282.0,6500.0,551.52,NVIDIA GeForce RTX 4070,[N/A],Enabled,Enabled
1709236539.332148,0,GPU-93ae0c7f-c327-aee3-adae-bc0d1dae71ea,0.39,0.44870542256961404,12282.0,6500.0,551.52,NVIDIA GeForce RTX 4070,[N/A],Enabled,Enabled
1709236540.332124,0,GPU-93ae0c7f-c327-aee3-adae-bc0d1dae71ea,0.47,0.44870542256961404,12282.0,6500.0,551.52,NVIDIA GeForce RTX 4070,[N/A],Enabled,Enabled
1709236541.332455,0,GPU-93ae0c7f-c327-aee3-adae-bc0d1dae71ea,0.42,0.44870542256961404,12282.0,6500.0,551.52,NVIDIA GeForce RTX 4070,[N/A],Enabled,Enabled
1709236542.33295,0,GPU-93ae0c7f-c327-aee3-adae-bc0d1dae71ea,0.39,0.44870542256961404,12282.0,6500.0,551.52,NVIDIA GeForce RTX 4070,[N/A],Enabled,Enabled
1709236543.332087,0,GPU-93ae0c7f-c327-aee3-adae-bc0d1dae71ea,0.44,0.44870542256961404,12282.0,6500.0,551.52,NVIDIA GeForce RTX 4070,[N/A],Enabled,Enabled
1709236544.333036,0,GPU-93ae0c7f-c327-aee3-adae-bc0d1dae71ea,0.46,0.44870542256961404,12282.0,6500.0,551.52,NVIDIA GeForce RTX 4070,[N/A],Enabled,Enabled
1709236545.332581,0,GPU-93ae0c7f-c327-aee3-adae-bc0d1dae71ea,0.43,0.44870542256961404,12282.0,6500.0,551.52,NVIDIA GeForce RTX 4070,[N/A],Enabled,Enabled
1709236546.332699,0,GPU-93ae0c7f-c327-aee3-adae-bc0d1dae71ea,0.38,0.44870542256961404,12282.0,6500.0,551.52,NVIDIA GeForce RTX 4070,[N/A],Enabled,Enabled
1709236547.331755,0,GPU-93ae0c7f-c327-aee3-adae-bc0d1dae71ea,0.48,0.44870542256961404,12282.0,6500.0,551.52,NVIDIA GeForce RTX 4070,[N/A],Enabled,Enabled
1709236548.33209,0,GPU-93ae0c7f-c327-aee3-adae-bc0d1dae71ea,0.38,0.44870542256961404,12282.0,6500.0,551.52,NVIDIA GeForce RTX 4070,[N/A],Enabled,Enabled
1709236549.332634,0,GPU-93ae0c7f-c327-aee3-adae-bc0d1dae71ea,0.37,0.44870542256961404,12282.0,6500.0,551.52,NVIDIA GeForce RTX 4070,[N/A],Enabled,Enabled
1709236550.333173,0,GPU-93ae0c7f-c327-aee3-adae-bc0d1dae71ea,0.29,0.44553004396678064,12282.0,6539.0,551.52,NVIDIA GeForce RTX 4070,[N/A],Enabled,Enabled
1709236551.333567,0,GPU-93ae0c7f-c327-aee3-adae-bc0d1dae71ea,0.3,0.44553004396678064,12282.0,6539.0,551.52,NVIDIA GeForce RTX 4070,[N/A],Enabled,Enabled
1709236552.332865,0,GPU-93ae0c7f-c327-aee3-adae-bc0d1dae71ea,0.28,0.44088910600879333,12282.0,6596.0,551.52,NVIDIA GeForce RTX 4070,[N/A],Enabled,Enabled
1709236553.332482,0,GPU-93ae0c7f-c327-aee3-adae-bc0d1dae71ea,0.28,0.44088910600879333,12282.0,6596.0,551.52,NVIDIA GeForce RTX 4070,[N/A],Enabled,Enabled
1709236554.332148,0,GPU-93ae0c7f-c327-aee3-adae-bc0d1dae71ea,0.28,0.44088910600879333,12282.0,6596.0,551.52,NVIDIA GeForce RTX 4070,[N/A],Enabled,Enabled
1709236555.332456,0,GPU-93ae0c7f-c327-aee3-adae-bc0d1dae71ea,0.27,0.44088910600879333,12282.0,6596.0,551.52,NVIDIA GeForce RTX 4070,[N/A],Enabled,Enabled
1709236556.332488,0,GPU-93ae0c7f-c327-aee3-adae-bc0d1dae71ea,0.29,0.44088910600879333,12282.0,6596.0,551.52,NVIDIA GeForce RTX 4070,[N/A],Enabled,Enabled
1709236557.332751,0,GPU-93ae0c7f-c327-aee3-adae-bc0d1dae71ea,0.29,0.44088910600879333,12282.0,6596.0,551.52,NVIDIA GeForce RTX 4070,[N/A],Enabled,Enabled
1709236558.332385,0,GPU-93ae0c7f-c327-aee3-adae-bc0d1dae71ea,0.28,0.44088910600879333,12282.0,6596.0,551.52,NVIDIA GeForce RTX 4070,[N/A],Enabled,Enabled
1709236559.332348,0,GPU-93ae0c7f-c327-aee3-adae-bc0d1dae71ea,0.26,0.44088910600879333,12282.0,6596.0,551.52,NVIDIA GeForce RTX 4070,[N/A],Enabled,Enabled
1709236560.3327,0,GPU-93ae0c7f-c327-aee3-adae-bc0d1dae71ea,0.28,0.44088910600879333,12282.0,6596.0,551.52,NVIDIA GeForce RTX 4070,[N/A],Enabled,Enabled
1709236561.332362,0,GPU-93ae0c7f-c327-aee3-adae-bc0d1dae71ea,0.28,0.44088910600879333,12282.0,6596.0,551.52,NVIDIA GeForce RTX 4070,[N/A],Enabled,Enabled
1709236562.331969,0,GPU-93ae0c7f-c327-aee3-adae-bc0d1dae71ea,0.29,0.44088910600879333,12282.0,6596.0,551.52,NVIDIA GeForce RTX 4070,[N/A],Enabled,Enabled
1709236563.332062,0,GPU-93ae0c7f-c327-aee3-adae-bc0d1dae71ea,0.27,0.44088910600879333,12282.0,6596.0,551.52,NVIDIA GeForce RTX 4070,[N/A],Enabled,Enabled
1709236564.332827,0,GPU-93ae0c7f-c327-aee3-adae-bc0d1dae71ea,0.27,0.44088910600879333,12282.0,6596.0,551.52,NVIDIA GeForce RTX 4070,[N/A],Enabled,Enabled
1709236565.332381,0,GPU-93ae0c7f-c327-aee3-adae-bc0d1dae71ea,0.27,0.44088910600879333,12282.0,6596.0,551.52,NVIDIA GeForce RTX 4070,[N/A],Enabled,Enabled
1709236566.332286,0,GPU-93ae0c7f-c327-aee3-adae-bc0d1dae71ea,0.29,0.44088910600879333,12282.0,6596.0,551.52,NVIDIA GeForce RTX 4070,[N/A],Enabled,Enabled
1709236567.332734,0,GPU-93ae0c7f-c327-aee3-adae-bc0d1dae71ea,0.28,0.44088910600879333,12282.0,6596.0,551.52,NVIDIA GeForce RTX 4070,[N/A],Enabled,Enabled
1709236568.332911,0,GPU-93ae0c7f-c327-aee3-adae-bc0d1dae71ea,0.28,0.44088910600879333,12282.0,6596.0,551.52,NVIDIA GeForce RTX 4070,[N/A],Enabled,Enabled
1709236569.332661,0,GPU-93ae0c7f-c327-aee3-adae-bc0d1dae71ea,0.26,0.44088910600879333,12282.0,6596.0,551.52,NVIDIA GeForce RTX 4070,[N/A],Enabled,Enabled
1709236570.332003,0,GPU-93ae0c7f-c327-aee3-adae-bc0d1dae71ea,0.28,0.44088910600879333,12282.0,6596.0,551.52,NVIDIA GeForce RTX 4070,[N/A],Enabled,Enabled
1709236571.333025,0,GPU-93ae0c7f-c327-aee3-adae-bc0d1dae71ea,0.27,0.44088910600879333,12282.0,6596.0,551.52,NVIDIA GeForce RTX 4070,[N/A],Enabled,Enabled
1709236572.332647,0,GPU-93ae0c7f-c327-aee3-adae-bc0d1dae71ea,0.29,0.44088910600879333,12282.0,6596.0,551.52,NVIDIA GeForce RTX 4070,[N/A],Enabled,Enabled
1709236573.33227,0,GPU-93ae0c7f-c327-aee3-adae-bc0d1dae71ea,0.27,0.44088910600879333,12282.0,6596.0,551.52,NVIDIA GeForce RTX 4070,[N/A],Enabled,Enabled
1709236574.332503,0,GPU-93ae0c7f-c327-aee3-adae-bc0d1dae71ea,0.13,0.24344569288389514,12282.0,9021.0,551.52,NVIDIA GeForce RTX 4070,[N/A],Enabled,Enabled
1709236575.332393,0,GPU-93ae0c7f-c327-aee3-adae-bc0d1dae71ea,0.17,0.24344569288389514,12282.0,9021.0,551.52,NVIDIA GeForce RTX 4070,[N/A],Enabled,Enabled
