timestamp,id,uuid,load,memoryUtil,memoryTotal,memoryUsed,memoryFree,driver,name,serial,display_mode,display_active
1709238949.033715,0,GPU-93ae0c7f-c327-aee3-adae-bc0d1dae71ea,0.13,0.2544373880475493,12282.0,8886.0,551.52,NVIDIA GeForce RTX 4070,[N/A],Enabled,Enabled
1709238950.030336,0,GPU-93ae0c7f-c327-aee3-adae-bc0d1dae71ea,0.15,0.2541931281550236,12282.0,8889.0,551.52,NVIDIA GeForce RTX 4070,[N/A],Enabled,Enabled
1709238951.030407,0,GPU-93ae0c7f-c327-aee3-adae-bc0d1dae71ea,0.14,0.2541931281550236,12282.0,8889.0,551.52,NVIDIA GeForce RTX 4070,[N/A],Enabled,Enabled
1709238952.029919,0,GPU-93ae0c7f-c327-aee3-adae-bc0d1dae71ea,0.13,0.2541931281550236,12282.0,8889.0,551.52,NVIDIA GeForce RTX 4070,[N/A],Enabled,Enabled
1709238953.030412,0,GPU-93ae0c7f-c327-aee3-adae-bc0d1dae71ea,0.13,0.2541931281550236,12282.0,8889.0,551.52,NVIDIA GeForce RTX 4070,[N/A],Enabled,Enabled
1709238954.030934,0,GPU-93ae0c7f-c327-aee3-adae-bc0d1dae71ea,0.13,0.2541931281550236,12282.0,8889.0,551.52,NVIDIA GeForce RTX 4070,[N/A],Enabled,Enabled
1709238955.029807,0,GPU-93ae0c7f-c327-aee3-adae-bc0d1dae71ea,0.14,0.2541931281550236,12282.0,8889.0,551.52,NVIDIA GeForce RTX 4070,[N/A],Enabled,Enabled
1709238956.029922,0,GPU-93ae0c7f-c327-aee3-adae-bc0d1dae71ea,0.14,0.2541931281550236,12282.0,8889.0,551.52,NVIDIA GeForce RTX 4070,[N/A],Enabled,Enabled
1709238957.030261,0,GPU-93ae0c7f-c327-aee3-adae-bc0d1dae71ea,0.13,0.2541931281550236,12282.0,8889.0,551.52,NVIDIA GeForce RTX 4070,[N/A],Enabled,Enabled
1709238958.030166,0,GPU-93ae0c7f-c327-aee3-adae-bc0d1dae71ea,0.13,0.2541931281550236,12282.0,8889.0,551.52,NVIDIA GeForce RTX 4070,[N/A],Enabled,Enabled
1709238959.03019,0,GPU-93ae0c7f-c327-aee3-adae-bc0d1dae71ea,0.13,0.2541931281550236,12282.0,8889.0,551.52,NVIDIA GeForce RTX 4070,[N/A],Enabled,Enabled
1709238960.030397,0,GPU-93ae0c7f-c327-aee3-adae-bc0d1dae71ea,0.14,0.2541931281550236,12282.0,8889.0,551.52,NVIDIA GeForce RTX 4070,[N/A],Enabled,Enabled
1709238961.029575,0,GPU-93ae0c7f-c327-aee3-adae-bc0d1dae71ea,0.14,0.2541931281550236,12282.0,8889.0,551.52,NVIDIA GeForce RTX 4070,[N/A],Enabled,Enabled
1709238962.03005,0,GPU-93ae0c7f-c327-aee3-adae-bc0d1dae71ea,0.13,0.2541931281550236,12282.0,8889.0,551.52,NVIDIA GeForce RTX 4070,[N/A],Enabled,Enabled
1709238963.030563,0,GPU-93ae0c7f-c327-aee3-adae-bc0d1dae71ea,0.13,0.2541931281550236,12282.0,8889.0,551.52,NVIDIA GeForce RTX 4070,[N/A],Enabled,Enabled
1709238964.029671,0,GPU-93ae0c7f-c327-aee3-adae-bc0d1dae71ea,0.16,0.2532975085490962,12282.0,8900.0,551.52,NVIDIA GeForce RTX 4070,[N/A],Enabled,Enabled
1709238965.030859,0,GPU-93ae0c7f-c327-aee3-adae-bc0d1dae71ea,0.14,0.2555772675460023,12282.0,8872.0,551.52,NVIDIA GeForce RTX 4070,[N/A],Enabled,Enabled
1709238966.030734,0,GPU-93ae0c7f-c327-aee3-adae-bc0d1dae71ea,0.12,0.3606904412962058,12282.0,7581.0,551.52,NVIDIA GeForce RTX 4070,[N/A],Enabled,Enabled
1709238967.030437,0,GPU-93ae0c7f-c327-aee3-adae-bc0d1dae71ea,0.09,0.3255984367366878,12282.0,8012.0,551.52,NVIDIA GeForce RTX 4070,[N/A],Enabled,Enabled
1709238968.030885,0,GPU-93ae0c7f-c327-aee3-adae-bc0d1dae71ea,0.08,0.3255984367366878,12282.0,8012.0,551.52,NVIDIA GeForce RTX 4070,[N/A],Enabled,Enabled
1709238969.029816,0,GPU-93ae0c7f-c327-aee3-adae-bc0d1dae71ea,0.08,0.3255984367366878,12282.0,8012.0,551.52,NVIDIA GeForce RTX 4070,[N/A],Enabled,Enabled
1709238970.030503,0,GPU-93ae0c7f-c327-aee3-adae-bc0d1dae71ea,0.06,0.2521576290506432,12282.0,8914.0,551.52,NVIDIA GeForce RTX 4070,[N/A],Enabled,Enabled
1709238971.029494,0,GPU-93ae0c7f-c327-aee3-adae-bc0d1dae71ea,0.06,0.4870542256961407,12282.0,6029.0,551.52,NVIDIA GeForce RTX 4070,[N/A],Enabled,Enabled
1709238972.030468,0,GPU-93ae0c7f-c327-aee3-adae-bc0d1dae71ea,0.31,0.4538348803126527,12282.0,6437.0,551.52,NVIDIA GeForce RTX 4070,[N/A],Enabled,Enabled
1709238973.030137,0,GPU-93ae0c7f-c327-aee3-adae-bc0d1dae71ea,0.32,0.4538348803126527,12282.0,6437.0,551.52,NVIDIA GeForce RTX 4070,[N/A],Enabled,Enabled
1709238974.029507,0,GPU-93ae0c7f-c327-aee3-adae-bc0d1dae71ea,0.3,0.44911252239049015,12282.0,6495.0,551.52,NVIDIA GeForce RTX 4070,[N/A],Enabled,Enabled
1709238975.029476,0,GPU-93ae0c7f-c327-aee3-adae-bc0d1dae71ea,0.31,0.45375346034847747,12282.0,6438.0,551.52,NVIDIA GeForce RTX 4070,[N/A],Enabled,Enabled
1709238976.030905,0,GPU-93ae0c7f-c327-aee3-adae-bc0d1dae71ea,0.12,0.45464907995440484,12282.0,6427.0,551.52,NVIDIA GeForce RTX 4070,[N/A],Enabled,Enabled
1709238977.029827,0,GPU-93ae0c7f-c327-aee3-adae-bc0d1dae71ea,0.3,0.45464907995440484,12282.0,6427.0,551.52,NVIDIA GeForce RTX 4070,[N/A],Enabled,Enabled
1709238978.029535,0,GPU-93ae0c7f-c327-aee3-adae-bc0d1dae71ea,0.28,0.45000814199641753,12282.0,6484.0,551.52,NVIDIA GeForce RTX 4070,[N/A],Enabled,Enabled
1709238979.030212,0,GPU-93ae0c7f-c327-aee3-adae-bc0d1dae71ea,0.29,0.45000814199641753,12282.0,6484.0,551.52,NVIDIA GeForce RTX 4070,[N/A],Enabled,Enabled
1709238980.030872,0,GPU-93ae0c7f-c327-aee3-adae-bc0d1dae71ea,0.28,0.45464907995440484,12282.0,6427.0,551.52,NVIDIA GeForce RTX 4070,[N/A],Enabled,Enabled
1709238981.03005,0,GPU-93ae0c7f-c327-aee3-adae-bc0d1dae71ea,0.28,0.45000814199641753,12282.0,6484.0,551.52,NVIDIA GeForce RTX 4070,[N/A],Enabled,Enabled
1709238982.031072,0,GPU-93ae0c7f-c327-aee3-adae-bc0d1dae71ea,0.3,0.45464907995440484,12282.0,6427.0,551.52,NVIDIA GeForce RTX 4070,[N/A],Enabled,Enabled
1709238983.030034,0,GPU-93ae0c7f-c327-aee3-adae-bc0d1dae71ea,0.29,0.45464907995440484,12282.0,6427.0,551.52,NVIDIA GeForce RTX 4070,[N/A],Enabled,Enabled
1709238984.029573,0,GPU-93ae0c7f-c327-aee3-adae-bc0d1dae71ea,0.27,0.45464907995440484,12282.0,6427.0,551.52,NVIDIA GeForce RTX 4070,[N/A],Enabled,Enabled
1709238985.029994,0,GPU-93ae0c7f-c327-aee3-adae-bc0d1dae71ea,0.29,0.45464907995440484,12282.0,6427.0,551.52,NVIDIA GeForce RTX 4070,[N/A],Enabled,Enabled
1709238986.029912,0,GPU-93ae0c7f-c327-aee3-adae-bc0d1dae71ea,0.28,0.45000814199641753,12282.0,6484.0,551.52,NVIDIA GeForce RTX 4070,[N/A],Enabled,Enabled
1709238987.030262,0,GPU-93ae0c7f-c327-aee3-adae-bc0d1dae71ea,0.28,0.45000814199641753,12282.0,6484.0,551.52,NVIDIA GeForce RTX 4070,[N/A],Enabled,Enabled
1709238988.029833,0,GPU-93ae0c7f-c327-aee3-adae-bc0d1dae71ea,0.3,0.45464907995440484,12282.0,6427.0,551.52,NVIDIA GeForce RTX 4070,[N/A],Enabled,Enabled
1709238989.030164,0,GPU-93ae0c7f-c327-aee3-adae-bc0d1dae71ea,0.29,0.45000814199641753,12282.0,6484.0,551.52,NVIDIA GeForce RTX 4070,[N/A],Enabled,Enabled
1709238990.030435,0,GPU-93ae0c7f-c327-aee3-adae-bc0d1dae71ea,0.3,0.45464907995440484,12282.0,6427.0,551.52,NVIDIA GeForce RTX 4070,[N/A],Enabled,Enabled
1709238991.029945,0,GPU-93ae0c7f-c327-aee3-adae-bc0d1dae71ea,0.28,0.45000814199641753,12282.0,6484.0,551.52,NVIDIA GeForce RTX 4070,[N/A],Enabled,Enabled
1709238992.029679,0,GPU-93ae0c7f-c327-aee3-adae-bc0d1dae71ea,0.28,0.45000814199641753,12282.0,6484.0,551.52,NVIDIA GeForce RTX 4070,[N/A],Enabled,Enabled
1709238993.030248,0,GPU-93ae0c7f-c327-aee3-adae-bc0d1dae71ea,0.31,0.45473049991858006,12282.0,6426.0,551.52,NVIDIA GeForce RTX 4070,[N/A],Enabled,Enabled
1709238994.029787,0,GPU-93ae0c7f-c327-aee3-adae-bc0d1dae71ea,0.15,0.45847581827063993,12282.0,6380.0,551.52,NVIDIA GeForce RTX 4070,[N/A],Enabled,Enabled
1709238995.030039,0,GPU-93ae0c7f-c327-aee3-adae-bc0d1dae71ea,0.38,0.45847581827063993,12282.0,6380.0,551.52,NVIDIA GeForce RTX 4070,[N/A],Enabled,Enabled
1709238996.029962,0,GPU-93ae0c7f-c327-aee3-adae-bc0d1dae71ea,0.42,0.45847581827063993,12282.0,6380.0,551.52,NVIDIA GeForce RTX 4070,[N/A],Enabled,Enabled
1709238997.029686,0,GPU-93ae0c7f-c327-aee3-adae-bc0d1dae71ea,0.44,0.45847581827063993,12282.0,6380.0,551.52,NVIDIA GeForce RTX 4070,[N/A],Enabled,Enabled
1709238998.030006,0,GPU-93ae0c7f-c327-aee3-adae-bc0d1dae71ea,0.38,0.45847581827063993,12282.0,6380.0,551.52,NVIDIA GeForce RTX 4070,[N/A],Enabled,Enabled
1709238999.030648,0,GPU-93ae0c7f-c327-aee3-adae-bc0d1dae71ea,0.41,0.45847581827063993,12282.0,6380.0,551.52,NVIDIA GeForce RTX 4070,[N/A],Enabled,Enabled
1709239000.030627,0,GPU-93ae0c7f-c327-aee3-adae-bc0d1dae71ea,0.37,0.45847581827063993,12282.0,6380.0,551.52,NVIDIA GeForce RTX 4070,[N/A],Enabled,Enabled
1709239001.029651,0,GPU-93ae0c7f-c327-aee3-adae-bc0d1dae71ea,0.37,0.45847581827063993,12282.0,6380.0,551.52,NVIDIA GeForce RTX 4070,[N/A],Enabled,Enabled
1709239002.030136,0,GPU-93ae0c7f-c327-aee3-adae-bc0d1dae71ea,0.38,0.45847581827063993,12282.0,6380.0,551.52,NVIDIA GeForce RTX 4070,[N/A],Enabled,Enabled
1709239003.030444,0,GPU-93ae0c7f-c327-aee3-adae-bc0d1dae71ea,0.39,0.45847581827063993,12282.0,6380.0,551.52,NVIDIA GeForce RTX 4070,[N/A],Enabled,Enabled
1709239004.0296,0,GPU-93ae0c7f-c327-aee3-adae-bc0d1dae71ea,0.41,0.45847581827063993,12282.0,6380.0,551.52,NVIDIA GeForce RTX 4070,[N/A],Enabled,Enabled
1709239005.030584,0,GPU-93ae0c7f-c327-aee3-adae-bc0d1dae71ea,0.39,0.45847581827063993,12282.0,6380.0,551.52,NVIDIA GeForce RTX 4070,[N/A],Enabled,Enabled
1709239006.030351,0,GPU-93ae0c7f-c327-aee3-adae-bc0d1dae71ea,0.43,0.45847581827063993,12282.0,6380.0,551.52,NVIDIA GeForce RTX 4070,[N/A],Enabled,Enabled
1709239007.029857,0,GPU-93ae0c7f-c327-aee3-adae-bc0d1dae71ea,0.4,0.45847581827063993,12282.0,6380.0,551.52,NVIDIA GeForce RTX 4070,[N/A],Enabled,Enabled
1709239008.030531,0,GPU-93ae0c7f-c327-aee3-adae-bc0d1dae71ea,0.38,0.45847581827063993,12282.0,6380.0,551.52,NVIDIA GeForce RTX 4070,[N/A],Enabled,Enabled
1709239009.030767,0,GPU-93ae0c7f-c327-aee3-adae-bc0d1dae71ea,0.39,0.45847581827063993,12282.0,6380.0,551.52,NVIDIA GeForce RTX 4070,[N/A],Enabled,Enabled
1709239010.030764,0,GPU-93ae0c7f-c327-aee3-adae-bc0d1dae71ea,0.41,0.45847581827063993,12282.0,6380.0,551.52,NVIDIA GeForce RTX 4070,[N/A],Enabled,Enabled
1709239011.030502,0,GPU-93ae0c7f-c327-aee3-adae-bc0d1dae71ea,0.48,0.45847581827063993,12282.0,6380.0,551.52,NVIDIA GeForce RTX 4070,[N/A],Enabled,Enabled
1709239012.030135,0,GPU-93ae0c7f-c327-aee3-adae-bc0d1dae71ea,0.43,0.45847581827063993,12282.0,6380.0,551.52,NVIDIA GeForce RTX 4070,[N/A],Enabled,Enabled
1709239013.029976,0,GPU-93ae0c7f-c327-aee3-adae-bc0d1dae71ea,0.38,0.45847581827063993,12282.0,6380.0,551.52,NVIDIA GeForce RTX 4070,[N/A],Enabled,Enabled
1709239014.029534,0,GPU-93ae0c7f-c327-aee3-adae-bc0d1dae71ea,0.43,0.45847581827063993,12282.0,6380.0,551.52,NVIDIA GeForce RTX 4070,[N/A],Enabled,Enabled
1709239015.030183,0,GPU-93ae0c7f-c327-aee3-adae-bc0d1dae71ea,0.42,0.45847581827063993,12282.0,6380.0,551.52,NVIDIA GeForce RTX 4070,[N/A],Enabled,Enabled
1709239016.030184,0,GPU-93ae0c7f-c327-aee3-adae-bc0d1dae71ea,0.4,0.45847581827063993,12282.0,6380.0,551.52,NVIDIA GeForce RTX 4070,[N/A],Enabled,Enabled
1709239017.03008,0,GPU-93ae0c7f-c327-aee3-adae-bc0d1dae71ea,0.45,0.45847581827063993,12282.0,6380.0,551.52,NVIDIA GeForce RTX 4070,[N/A],Enabled,Enabled
1709239018.030302,0,GPU-93ae0c7f-c327-aee3-adae-bc0d1dae71ea,0.48,0.45847581827063993,12282.0,6380.0,551.52,NVIDIA GeForce RTX 4070,[N/A],Enabled,Enabled
1709239019.030534,0,GPU-93ae0c7f-c327-aee3-adae-bc0d1dae71ea,0.43,0.45847581827063993,12282.0,6380.0,551.52,NVIDIA GeForce RTX 4070,[N/A],Enabled,Enabled
1709239020.029551,0,GPU-93ae0c7f-c327-aee3-adae-bc0d1dae71ea,0.44,0.45847581827063993,12282.0,6380.0,551.52,NVIDIA GeForce RTX 4070,[N/A],Enabled,Enabled
1709239021.029647,0,GPU-93ae0c7f-c327-aee3-adae-bc0d1dae71ea,0.46,0.45847581827063993,12282.0,6380.0,551.52,NVIDIA GeForce RTX 4070,[N/A],Enabled,Enabled
1709239022.030348,0,GPU-93ae0c7f-c327-aee3-adae-bc0d1dae71ea,0.43,0.45847581827063993,12282.0,6380.0,551.52,NVIDIA GeForce RTX 4070,[N/A],Enabled,Enabled
1709239023.029978,0,GPU-93ae0c7f-c327-aee3-adae-bc0d1dae71ea,0.45,0.45847581827063993,12282.0,6380.0,551.52,NVIDIA GeForce RTX 4070,[N/A],Enabled,Enabled
1709239024.029474,0,GPU-93ae0c7f-c327-aee3-adae-bc0d1dae71ea,0.39,0.45847581827063993,12282.0,6380.0,551.52,NVIDIA GeForce RTX 4070,[N/A],Enabled,Enabled
1709239025.02973,0,GPU-93ae0c7f-c327-aee3-adae-bc0d1dae71ea,0.41,0.45847581827063993,12282.0,6380.0,551.52,NVIDIA GeForce RTX 4070,[N/A],Enabled,Enabled
1709239026.030064,0,GPU-93ae0c7f-c327-aee3-adae-bc0d1dae71ea,0.43,0.45847581827063993,12282.0,6380.0,551.52,NVIDIA GeForce RTX 4070,[N/A],Enabled,Enabled
1709239027.029671,0,GPU-93ae0c7f-c327-aee3-adae-bc0d1dae71ea,0.4,0.45847581827063993,12282.0,6380.0,551.52,NVIDIA GeForce RTX 4070,[N/A],Enabled,Enabled
1709239028.029995,0,GPU-93ae0c7f-c327-aee3-adae-bc0d1dae71ea,0.41,0.45847581827063993,12282.0,6380.0,551.52,NVIDIA GeForce RTX 4070,[N/A],Enabled,Enabled
1709239029.030217,0,GPU-93ae0c7f-c327-aee3-adae-bc0d1dae71ea,0.44,0.45847581827063993,12282.0,6380.0,551.52,NVIDIA GeForce RTX 4070,[N/A],Enabled,Enabled
1709239030.030318,0,GPU-93ae0c7f-c327-aee3-adae-bc0d1dae71ea,0.38,0.45847581827063993,12282.0,6380.0,551.52,NVIDIA GeForce RTX 4070,[N/A],Enabled,Enabled
1709239031.030347,0,GPU-93ae0c7f-c327-aee3-adae-bc0d1dae71ea,0.4,0.45847581827063993,12282.0,6380.0,551.52,NVIDIA GeForce RTX 4070,[N/A],Enabled,Enabled
1709239032.029227,0,GPU-93ae0c7f-c327-aee3-adae-bc0d1dae71ea,0.39,0.45847581827063993,12282.0,6380.0,551.52,NVIDIA GeForce RTX 4070,[N/A],Enabled,Enabled
1709239033.029814,0,GPU-93ae0c7f-c327-aee3-adae-bc0d1dae71ea,0.43,0.45847581827063993,12282.0,6380.0,551.52,NVIDIA GeForce RTX 4070,[N/A],Enabled,Enabled
1709239034.030089,0,GPU-93ae0c7f-c327-aee3-adae-bc0d1dae71ea,0.43,0.45847581827063993,12282.0,6380.0,551.52,NVIDIA GeForce RTX 4070,[N/A],Enabled,Enabled
1709239035.029256,0,GPU-93ae0c7f-c327-aee3-adae-bc0d1dae71ea,0.45,0.45847581827063993,12282.0,6380.0,551.52,NVIDIA GeForce RTX 4070,[N/A],Enabled,Enabled
1709239036.029884,0,GPU-93ae0c7f-c327-aee3-adae-bc0d1dae71ea,0.41,0.45847581827063993,12282.0,6380.0,551.52,NVIDIA GeForce RTX 4070,[N/A],Enabled,Enabled
1709239037.029997,0,GPU-93ae0c7f-c327-aee3-adae-bc0d1dae71ea,0.48,0.45847581827063993,12282.0,6380.0,551.52,NVIDIA GeForce RTX 4070,[N/A],Enabled,Enabled
1709239038.029815,0,GPU-93ae0c7f-c327-aee3-adae-bc0d1dae71ea,0.42,0.45847581827063993,12282.0,6380.0,551.52,NVIDIA GeForce RTX 4070,[N/A],Enabled,Enabled
1709239039.0295,0,GPU-93ae0c7f-c327-aee3-adae-bc0d1dae71ea,0.4,0.45847581827063993,12282.0,6380.0,551.52,NVIDIA GeForce RTX 4070,[N/A],Enabled,Enabled
1709239040.030015,0,GPU-93ae0c7f-c327-aee3-adae-bc0d1dae71ea,0.41,0.45847581827063993,12282.0,6380.0,551.52,NVIDIA GeForce RTX 4070,[N/A],Enabled,Enabled
1709239041.030407,0,GPU-93ae0c7f-c327-aee3-adae-bc0d1dae71ea,0.44,0.45847581827063993,12282.0,6380.0,551.52,NVIDIA GeForce RTX 4070,[N/A],Enabled,Enabled
1709239042.030275,0,GPU-93ae0c7f-c327-aee3-adae-bc0d1dae71ea,0.44,0.45847581827063993,12282.0,6380.0,551.52,NVIDIA GeForce RTX 4070,[N/A],Enabled,Enabled
1709239043.029978,0,GPU-93ae0c7f-c327-aee3-adae-bc0d1dae71ea,0.38,0.45847581827063993,12282.0,6380.0,551.52,NVIDIA GeForce RTX 4070,[N/A],Enabled,Enabled
1709239044.029725,0,GPU-93ae0c7f-c327-aee3-adae-bc0d1dae71ea,0.41,0.45847581827063993,12282.0,6380.0,551.52,NVIDIA GeForce RTX 4070,[N/A],Enabled,Enabled
1709239045.029566,0,GPU-93ae0c7f-c327-aee3-adae-bc0d1dae71ea,0.45,0.45847581827063993,12282.0,6380.0,551.52,NVIDIA GeForce RTX 4070,[N/A],Enabled,Enabled
1709239046.030014,0,GPU-93ae0c7f-c327-aee3-adae-bc0d1dae71ea,0.39,0.45847581827063993,12282.0,6380.0,551.52,NVIDIA GeForce RTX 4070,[N/A],Enabled,Enabled
1709239047.030323,0,GPU-93ae0c7f-c327-aee3-adae-bc0d1dae71ea,0.4,0.45847581827063993,12282.0,6380.0,551.52,NVIDIA GeForce RTX 4070,[N/A],Enabled,Enabled
1709239048.029973,0,GPU-93ae0c7f-c327-aee3-adae-bc0d1dae71ea,0.43,0.45847581827063993,12282.0,6380.0,551.52,NVIDIA GeForce RTX 4070,[N/A],Enabled,Enabled
1709239049.030239,0,GPU-93ae0c7f-c327-aee3-adae-bc0d1dae71ea,0.42,0.45847581827063993,12282.0,6380.0,551.52,NVIDIA GeForce RTX 4070,[N/A],Enabled,Enabled
1709239050.030685,0,GPU-93ae0c7f-c327-aee3-adae-bc0d1dae71ea,0.39,0.45847581827063993,12282.0,6380.0,551.52,NVIDIA GeForce RTX 4070,[N/A],Enabled,Enabled
1709239051.030058,0,GPU-93ae0c7f-c327-aee3-adae-bc0d1dae71ea,0.45,0.45847581827063993,12282.0,6380.0,551.52,NVIDIA GeForce RTX 4070,[N/A],Enabled,Enabled
1709239052.030493,0,GPU-93ae0c7f-c327-aee3-adae-bc0d1dae71ea,0.41,0.45847581827063993,12282.0,6380.0,551.52,NVIDIA GeForce RTX 4070,[N/A],Enabled,Enabled
1709239053.029482,0,GPU-93ae0c7f-c327-aee3-adae-bc0d1dae71ea,0.48,0.45847581827063993,12282.0,6380.0,551.52,NVIDIA GeForce RTX 4070,[N/A],Enabled,Enabled
1709239054.03071,0,GPU-93ae0c7f-c327-aee3-adae-bc0d1dae71ea,0.39,0.45847581827063993,12282.0,6380.0,551.52,NVIDIA GeForce RTX 4070,[N/A],Enabled,Enabled
1709239055.030113,0,GPU-93ae0c7f-c327-aee3-adae-bc0d1dae71ea,0.39,0.45847581827063993,12282.0,6380.0,551.52,NVIDIA GeForce RTX 4070,[N/A],Enabled,Enabled
1709239056.029867,0,GPU-93ae0c7f-c327-aee3-adae-bc0d1dae71ea,0.43,0.45847581827063993,12282.0,6380.0,551.52,NVIDIA GeForce RTX 4070,[N/A],Enabled,Enabled
1709239057.030598,0,GPU-93ae0c7f-c327-aee3-adae-bc0d1dae71ea,0.4,0.45847581827063993,12282.0,6380.0,551.52,NVIDIA GeForce RTX 4070,[N/A],Enabled,Enabled
1709239058.029837,0,GPU-93ae0c7f-c327-aee3-adae-bc0d1dae71ea,0.39,0.45847581827063993,12282.0,6380.0,551.52,NVIDIA GeForce RTX 4070,[N/A],Enabled,Enabled
1709239059.030246,0,GPU-93ae0c7f-c327-aee3-adae-bc0d1dae71ea,0.44,0.45847581827063993,12282.0,6380.0,551.52,NVIDIA GeForce RTX 4070,[N/A],Enabled,Enabled
1709239060.029474,0,GPU-93ae0c7f-c327-aee3-adae-bc0d1dae71ea,0.39,0.45847581827063993,12282.0,6380.0,551.52,NVIDIA GeForce RTX 4070,[N/A],Enabled,Enabled
1709239061.030748,0,GPU-93ae0c7f-c327-aee3-adae-bc0d1dae71ea,0.39,0.45847581827063993,12282.0,6380.0,551.52,NVIDIA GeForce RTX 4070,[N/A],Enabled,Enabled
1709239062.029435,0,GPU-93ae0c7f-c327-aee3-adae-bc0d1dae71ea,0.41,0.45847581827063993,12282.0,6380.0,551.52,NVIDIA GeForce RTX 4070,[N/A],Enabled,Enabled
1709239063.030953,0,GPU-93ae0c7f-c327-aee3-adae-bc0d1dae71ea,0.44,0.45847581827063993,12282.0,6380.0,551.52,NVIDIA GeForce RTX 4070,[N/A],Enabled,Enabled
1709239064.030391,0,GPU-93ae0c7f-c327-aee3-adae-bc0d1dae71ea,0.4,0.45847581827063993,12282.0,6380.0,551.52,NVIDIA GeForce RTX 4070,[N/A],Enabled,Enabled
1709239065.02975,0,GPU-93ae0c7f-c327-aee3-adae-bc0d1dae71ea,0.45,0.45847581827063993,12282.0,6380.0,551.52,NVIDIA GeForce RTX 4070,[N/A],Enabled,Enabled
1709239066.030878,0,GPU-93ae0c7f-c327-aee3-adae-bc0d1dae71ea,0.4,0.45847581827063993,12282.0,6380.0,551.52,NVIDIA GeForce RTX 4070,[N/A],Enabled,Enabled
1709239067.02975,0,GPU-93ae0c7f-c327-aee3-adae-bc0d1dae71ea,0.4,0.45847581827063993,12282.0,6380.0,551.52,NVIDIA GeForce RTX 4070,[N/A],Enabled,Enabled
1709239068.029251,0,GPU-93ae0c7f-c327-aee3-adae-bc0d1dae71ea,0.47,0.45847581827063993,12282.0,6380.0,551.52,NVIDIA GeForce RTX 4070,[N/A],Enabled,Enabled
1709239069.029428,0,GPU-93ae0c7f-c327-aee3-adae-bc0d1dae71ea,0.38,0.45847581827063993,12282.0,6380.0,551.52,NVIDIA GeForce RTX 4070,[N/A],Enabled,Enabled
1709239070.029504,0,GPU-93ae0c7f-c327-aee3-adae-bc0d1dae71ea,0.38,0.45847581827063993,12282.0,6380.0,551.52,NVIDIA GeForce RTX 4070,[N/A],Enabled,Enabled
1709239071.030175,0,GPU-93ae0c7f-c327-aee3-adae-bc0d1dae71ea,0.43,0.45847581827063993,12282.0,6380.0,551.52,NVIDIA GeForce RTX 4070,[N/A],Enabled,Enabled
1709239072.029909,0,GPU-93ae0c7f-c327-aee3-adae-bc0d1dae71ea,0.42,0.45847581827063993,12282.0,6380.0,551.52,NVIDIA GeForce RTX 4070,[N/A],Enabled,Enabled
1709239073.029601,0,GPU-93ae0c7f-c327-aee3-adae-bc0d1dae71ea,0.41,0.45847581827063993,12282.0,6380.0,551.52,NVIDIA GeForce RTX 4070,[N/A],Enabled,Enabled
1709239074.030149,0,GPU-93ae0c7f-c327-aee3-adae-bc0d1dae71ea,0.44,0.45847581827063993,12282.0,6380.0,551.52,NVIDIA GeForce RTX 4070,[N/A],Enabled,Enabled
1709239075.030674,0,GPU-93ae0c7f-c327-aee3-adae-bc0d1dae71ea,0.4,0.45847581827063993,12282.0,6380.0,551.52,NVIDIA GeForce RTX 4070,[N/A],Enabled,Enabled
1709239076.029676,0,GPU-93ae0c7f-c327-aee3-adae-bc0d1dae71ea,0.38,0.45847581827063993,12282.0,6380.0,551.52,NVIDIA GeForce RTX 4070,[N/A],Enabled,Enabled
1709239077.030165,0,GPU-93ae0c7f-c327-aee3-adae-bc0d1dae71ea,0.47,0.45847581827063993,12282.0,6380.0,551.52,NVIDIA GeForce RTX 4070,[N/A],Enabled,Enabled
1709239078.030394,0,GPU-93ae0c7f-c327-aee3-adae-bc0d1dae71ea,0.41,0.45847581827063993,12282.0,6380.0,551.52,NVIDIA GeForce RTX 4070,[N/A],Enabled,Enabled
1709239079.030512,0,GPU-93ae0c7f-c327-aee3-adae-bc0d1dae71ea,0.42,0.45847581827063993,12282.0,6380.0,551.52,NVIDIA GeForce RTX 4070,[N/A],Enabled,Enabled
1709239080.030732,0,GPU-93ae0c7f-c327-aee3-adae-bc0d1dae71ea,0.38,0.45847581827063993,12282.0,6380.0,551.52,NVIDIA GeForce RTX 4070,[N/A],Enabled,Enabled
1709239081.029722,0,GPU-93ae0c7f-c327-aee3-adae-bc0d1dae71ea,0.4,0.45847581827063993,12282.0,6380.0,551.52,NVIDIA GeForce RTX 4070,[N/A],Enabled,Enabled
1709239082.03002,0,GPU-93ae0c7f-c327-aee3-adae-bc0d1dae71ea,0.4,0.45847581827063993,12282.0,6380.0,551.52,NVIDIA GeForce RTX 4070,[N/A],Enabled,Enabled
1709239083.030564,0,GPU-93ae0c7f-c327-aee3-adae-bc0d1dae71ea,0.41,0.45847581827063993,12282.0,6380.0,551.52,NVIDIA GeForce RTX 4070,[N/A],Enabled,Enabled
1709239084.030117,0,GPU-93ae0c7f-c327-aee3-adae-bc0d1dae71ea,0.46,0.45847581827063993,12282.0,6380.0,551.52,NVIDIA GeForce RTX 4070,[N/A],Enabled,Enabled
1709239085.031076,0,GPU-93ae0c7f-c327-aee3-adae-bc0d1dae71ea,0.44,0.45847581827063993,12282.0,6380.0,551.52,NVIDIA GeForce RTX 4070,[N/A],Enabled,Enabled
1709239086.029829,0,GPU-93ae0c7f-c327-aee3-adae-bc0d1dae71ea,0.42,0.45847581827063993,12282.0,6380.0,551.52,NVIDIA GeForce RTX 4070,[N/A],Enabled,Enabled
1709239087.030415,0,GPU-93ae0c7f-c327-aee3-adae-bc0d1dae71ea,0.44,0.45847581827063993,12282.0,6380.0,551.52,NVIDIA GeForce RTX 4070,[N/A],Enabled,Enabled
1709239088.029849,0,GPU-93ae0c7f-c327-aee3-adae-bc0d1dae71ea,0.44,0.45847581827063993,12282.0,6380.0,551.52,NVIDIA GeForce RTX 4070,[N/A],Enabled,Enabled
1709239089.0301,0,GPU-93ae0c7f-c327-aee3-adae-bc0d1dae71ea,0.47,0.45847581827063993,12282.0,6380.0,551.52,NVIDIA GeForce RTX 4070,[N/A],Enabled,Enabled
1709239090.030403,0,GPU-93ae0c7f-c327-aee3-adae-bc0d1dae71ea,0.4,0.45847581827063993,12282.0,6380.0,551.52,NVIDIA GeForce RTX 4070,[N/A],Enabled,Enabled
1709239091.030455,0,GPU-93ae0c7f-c327-aee3-adae-bc0d1dae71ea,0.4,0.45847581827063993,12282.0,6380.0,551.52,NVIDIA GeForce RTX 4070,[N/A],Enabled,Enabled
1709239092.029576,0,GPU-93ae0c7f-c327-aee3-adae-bc0d1dae71ea,0.43,0.45847581827063993,12282.0,6380.0,551.52,NVIDIA GeForce RTX 4070,[N/A],Enabled,Enabled
1709239093.029926,0,GPU-93ae0c7f-c327-aee3-adae-bc0d1dae71ea,0.41,0.45847581827063993,12282.0,6380.0,551.52,NVIDIA GeForce RTX 4070,[N/A],Enabled,Enabled
1709239094.030009,0,GPU-93ae0c7f-c327-aee3-adae-bc0d1dae71ea,0.39,0.45847581827063993,12282.0,6380.0,551.52,NVIDIA GeForce RTX 4070,[N/A],Enabled,Enabled
1709239095.030841,0,GPU-93ae0c7f-c327-aee3-adae-bc0d1dae71ea,0.43,0.45847581827063993,12282.0,6380.0,551.52,NVIDIA GeForce RTX 4070,[N/A],Enabled,Enabled
1709239096.02933,0,GPU-93ae0c7f-c327-aee3-adae-bc0d1dae71ea,0.38,0.45847581827063993,12282.0,6380.0,551.52,NVIDIA GeForce RTX 4070,[N/A],Enabled,Enabled
1709239097.030744,0,GPU-93ae0c7f-c327-aee3-adae-bc0d1dae71ea,0.41,0.45847581827063993,12282.0,6380.0,551.52,NVIDIA GeForce RTX 4070,[N/A],Enabled,Enabled
1709239098.030352,0,GPU-93ae0c7f-c327-aee3-adae-bc0d1dae71ea,0.39,0.45847581827063993,12282.0,6380.0,551.52,NVIDIA GeForce RTX 4070,[N/A],Enabled,Enabled
1709239099.029429,0,GPU-93ae0c7f-c327-aee3-adae-bc0d1dae71ea,0.46,0.45847581827063993,12282.0,6380.0,551.52,NVIDIA GeForce RTX 4070,[N/A],Enabled,Enabled
1709239100.029595,0,GPU-93ae0c7f-c327-aee3-adae-bc0d1dae71ea,0.47,0.45847581827063993,12282.0,6380.0,551.52,NVIDIA GeForce RTX 4070,[N/A],Enabled,Enabled
1709239101.030029,0,GPU-93ae0c7f-c327-aee3-adae-bc0d1dae71ea,0.47,0.45847581827063993,12282.0,6380.0,551.52,NVIDIA GeForce RTX 4070,[N/A],Enabled,Enabled
1709239102.030518,0,GPU-93ae0c7f-c327-aee3-adae-bc0d1dae71ea,0.4,0.45847581827063993,12282.0,6380.0,551.52,NVIDIA GeForce RTX 4070,[N/A],Enabled,Enabled
1709239103.029996,0,GPU-93ae0c7f-c327-aee3-adae-bc0d1dae71ea,0.38,0.45847581827063993,12282.0,6380.0,551.52,NVIDIA GeForce RTX 4070,[N/A],Enabled,Enabled
1709239104.030087,0,GPU-93ae0c7f-c327-aee3-adae-bc0d1dae71ea,0.38,0.45847581827063993,12282.0,6380.0,551.52,NVIDIA GeForce RTX 4070,[N/A],Enabled,Enabled
1709239105.030232,0,GPU-93ae0c7f-c327-aee3-adae-bc0d1dae71ea,0.41,0.45847581827063993,12282.0,6380.0,551.52,NVIDIA GeForce RTX 4070,[N/A],Enabled,Enabled
1709239106.029792,0,GPU-93ae0c7f-c327-aee3-adae-bc0d1dae71ea,0.4,0.45847581827063993,12282.0,6380.0,551.52,NVIDIA GeForce RTX 4070,[N/A],Enabled,Enabled
1709239107.029926,0,GPU-93ae0c7f-c327-aee3-adae-bc0d1dae71ea,0.46,0.45847581827063993,12282.0,6380.0,551.52,NVIDIA GeForce RTX 4070,[N/A],Enabled,Enabled
1709239108.029706,0,GPU-93ae0c7f-c327-aee3-adae-bc0d1dae71ea,0.47,0.45847581827063993,12282.0,6380.0,551.52,NVIDIA GeForce RTX 4070,[N/A],Enabled,Enabled
1709239109.029465,0,GPU-93ae0c7f-c327-aee3-adae-bc0d1dae71ea,0.41,0.45847581827063993,12282.0,6380.0,551.52,NVIDIA GeForce RTX 4070,[N/A],Enabled,Enabled
1709239110.0299,0,GPU-93ae0c7f-c327-aee3-adae-bc0d1dae71ea,0.4,0.45847581827063993,12282.0,6380.0,551.52,NVIDIA GeForce RTX 4070,[N/A],Enabled,Enabled
1709239111.030659,0,GPU-93ae0c7f-c327-aee3-adae-bc0d1dae71ea,0.41,0.45847581827063993,12282.0,6380.0,551.52,NVIDIA GeForce RTX 4070,[N/A],Enabled,Enabled
1709239112.02971,0,GPU-93ae0c7f-c327-aee3-adae-bc0d1dae71ea,0.46,0.45847581827063993,12282.0,6380.0,551.52,NVIDIA GeForce RTX 4070,[N/A],Enabled,Enabled
1709239113.030764,0,GPU-93ae0c7f-c327-aee3-adae-bc0d1dae71ea,0.46,0.45847581827063993,12282.0,6380.0,551.52,NVIDIA GeForce RTX 4070,[N/A],Enabled,Enabled
1709239114.030271,0,GPU-93ae0c7f-c327-aee3-adae-bc0d1dae71ea,0.39,0.45847581827063993,12282.0,6380.0,551.52,NVIDIA GeForce RTX 4070,[N/A],Enabled,Enabled
1709239115.029447,0,GPU-93ae0c7f-c327-aee3-adae-bc0d1dae71ea,0.42,0.45847581827063993,12282.0,6380.0,551.52,NVIDIA GeForce RTX 4070,[N/A],Enabled,Enabled
1709239116.029856,0,GPU-93ae0c7f-c327-aee3-adae-bc0d1dae71ea,0.41,0.45847581827063993,12282.0,6380.0,551.52,NVIDIA GeForce RTX 4070,[N/A],Enabled,Enabled
1709239117.030236,0,GPU-93ae0c7f-c327-aee3-adae-bc0d1dae71ea,0.44,0.45847581827063993,12282.0,6380.0,551.52,NVIDIA GeForce RTX 4070,[N/A],Enabled,Enabled
1709239118.030295,0,GPU-93ae0c7f-c327-aee3-adae-bc0d1dae71ea,0.43,0.45847581827063993,12282.0,6380.0,551.52,NVIDIA GeForce RTX 4070,[N/A],Enabled,Enabled
1709239119.030034,0,GPU-93ae0c7f-c327-aee3-adae-bc0d1dae71ea,0.47,0.45847581827063993,12282.0,6380.0,551.52,NVIDIA GeForce RTX 4070,[N/A],Enabled,Enabled
1709239120.030893,0,GPU-93ae0c7f-c327-aee3-adae-bc0d1dae71ea,0.37,0.45847581827063993,12282.0,6380.0,551.52,NVIDIA GeForce RTX 4070,[N/A],Enabled,Enabled
1709239121.030774,0,GPU-93ae0c7f-c327-aee3-adae-bc0d1dae71ea,0.41,0.45847581827063993,12282.0,6380.0,551.52,NVIDIA GeForce RTX 4070,[N/A],Enabled,Enabled
1709239122.029473,0,GPU-93ae0c7f-c327-aee3-adae-bc0d1dae71ea,0.5,0.45847581827063993,12282.0,6380.0,551.52,NVIDIA GeForce RTX 4070,[N/A],Enabled,Enabled
1709239123.02974,0,GPU-93ae0c7f-c327-aee3-adae-bc0d1dae71ea,0.38,0.45847581827063993,12282.0,6380.0,551.52,NVIDIA GeForce RTX 4070,[N/A],Enabled,Enabled
1709239124.030297,0,GPU-93ae0c7f-c327-aee3-adae-bc0d1dae71ea,0.43,0.45847581827063993,12282.0,6380.0,551.52,NVIDIA GeForce RTX 4070,[N/A],Enabled,Enabled
1709239125.029417,0,GPU-93ae0c7f-c327-aee3-adae-bc0d1dae71ea,0.43,0.45847581827063993,12282.0,6380.0,551.52,NVIDIA GeForce RTX 4070,[N/A],Enabled,Enabled
1709239126.02983,0,GPU-93ae0c7f-c327-aee3-adae-bc0d1dae71ea,0.44,0.45847581827063993,12282.0,6380.0,551.52,NVIDIA GeForce RTX 4070,[N/A],Enabled,Enabled
1709239127.030423,0,GPU-93ae0c7f-c327-aee3-adae-bc0d1dae71ea,0.47,0.45847581827063993,12282.0,6380.0,551.52,NVIDIA GeForce RTX 4070,[N/A],Enabled,Enabled
1709239128.03011,0,GPU-93ae0c7f-c327-aee3-adae-bc0d1dae71ea,0.41,0.45847581827063993,12282.0,6380.0,551.52,NVIDIA GeForce RTX 4070,[N/A],Enabled,Enabled
1709239129.030249,0,GPU-93ae0c7f-c327-aee3-adae-bc0d1dae71ea,0.4,0.45847581827063993,12282.0,6380.0,551.52,NVIDIA GeForce RTX 4070,[N/A],Enabled,Enabled
1709239130.029941,0,GPU-93ae0c7f-c327-aee3-adae-bc0d1dae71ea,0.43,0.45847581827063993,12282.0,6380.0,551.52,NVIDIA GeForce RTX 4070,[N/A],Enabled,Enabled
1709239131.029703,0,GPU-93ae0c7f-c327-aee3-adae-bc0d1dae71ea,0.39,0.45847581827063993,12282.0,6380.0,551.52,NVIDIA GeForce RTX 4070,[N/A],Enabled,Enabled
1709239132.031058,0,GPU-93ae0c7f-c327-aee3-adae-bc0d1dae71ea,0.41,0.45847581827063993,12282.0,6380.0,551.52,NVIDIA GeForce RTX 4070,[N/A],Enabled,Enabled
1709239133.030167,0,GPU-93ae0c7f-c327-aee3-adae-bc0d1dae71ea,0.43,0.45847581827063993,12282.0,6380.0,551.52,NVIDIA GeForce RTX 4070,[N/A],Enabled,Enabled
1709239134.030565,0,GPU-93ae0c7f-c327-aee3-adae-bc0d1dae71ea,0.42,0.45847581827063993,12282.0,6380.0,551.52,NVIDIA GeForce RTX 4070,[N/A],Enabled,Enabled
1709239135.031087,0,GPU-93ae0c7f-c327-aee3-adae-bc0d1dae71ea,0.4,0.45847581827063993,12282.0,6380.0,551.52,NVIDIA GeForce RTX 4070,[N/A],Enabled,Enabled
1709239136.0298,0,GPU-93ae0c7f-c327-aee3-adae-bc0d1dae71ea,0.39,0.45847581827063993,12282.0,6380.0,551.52,NVIDIA GeForce RTX 4070,[N/A],Enabled,Enabled
1709239137.030291,0,GPU-93ae0c7f-c327-aee3-adae-bc0d1dae71ea,0.39,0.45847581827063993,12282.0,6380.0,551.52,NVIDIA GeForce RTX 4070,[N/A],Enabled,Enabled
1709239138.029764,0,GPU-93ae0c7f-c327-aee3-adae-bc0d1dae71ea,0.37,0.45847581827063993,12282.0,6380.0,551.52,NVIDIA GeForce RTX 4070,[N/A],Enabled,Enabled
1709239139.030306,0,GPU-93ae0c7f-c327-aee3-adae-bc0d1dae71ea,0.39,0.45847581827063993,12282.0,6380.0,551.52,NVIDIA GeForce RTX 4070,[N/A],Enabled,Enabled
1709239140.030198,0,GPU-93ae0c7f-c327-aee3-adae-bc0d1dae71ea,0.41,0.45847581827063993,12282.0,6380.0,551.52,NVIDIA GeForce RTX 4070,[N/A],Enabled,Enabled
1709239141.029784,0,GPU-93ae0c7f-c327-aee3-adae-bc0d1dae71ea,0.4,0.45847581827063993,12282.0,6380.0,551.52,NVIDIA GeForce RTX 4070,[N/A],Enabled,Enabled
1709239142.030186,0,GPU-93ae0c7f-c327-aee3-adae-bc0d1dae71ea,0.36,0.45847581827063993,12282.0,6380.0,551.52,NVIDIA GeForce RTX 4070,[N/A],Enabled,Enabled
1709239143.029939,0,GPU-93ae0c7f-c327-aee3-adae-bc0d1dae71ea,0.4,0.45847581827063993,12282.0,6380.0,551.52,NVIDIA GeForce RTX 4070,[N/A],Enabled,Enabled
1709239144.029718,0,GPU-93ae0c7f-c327-aee3-adae-bc0d1dae71ea,0.4,0.45847581827063993,12282.0,6380.0,551.52,NVIDIA GeForce RTX 4070,[N/A],Enabled,Enabled
1709239145.030096,0,GPU-93ae0c7f-c327-aee3-adae-bc0d1dae71ea,0.41,0.45847581827063993,12282.0,6380.0,551.52,NVIDIA GeForce RTX 4070,[N/A],Enabled,Enabled
1709239146.030893,0,GPU-93ae0c7f-c327-aee3-adae-bc0d1dae71ea,0.4,0.45847581827063993,12282.0,6380.0,551.52,NVIDIA GeForce RTX 4070,[N/A],Enabled,Enabled
1709239147.030721,0,GPU-93ae0c7f-c327-aee3-adae-bc0d1dae71ea,0.38,0.45847581827063993,12282.0,6380.0,551.52,NVIDIA GeForce RTX 4070,[N/A],Enabled,Enabled
1709239148.029854,0,GPU-93ae0c7f-c327-aee3-adae-bc0d1dae71ea,0.42,0.45847581827063993,12282.0,6380.0,551.52,NVIDIA GeForce RTX 4070,[N/A],Enabled,Enabled
1709239149.030346,0,GPU-93ae0c7f-c327-aee3-adae-bc0d1dae71ea,0.4,0.45847581827063993,12282.0,6380.0,551.52,NVIDIA GeForce RTX 4070,[N/A],Enabled,Enabled
1709239150.030406,0,GPU-93ae0c7f-c327-aee3-adae-bc0d1dae71ea,0.42,0.45847581827063993,12282.0,6380.0,551.52,NVIDIA GeForce RTX 4070,[N/A],Enabled,Enabled
1709239151.030121,0,GPU-93ae0c7f-c327-aee3-adae-bc0d1dae71ea,0.41,0.45847581827063993,12282.0,6380.0,551.52,NVIDIA GeForce RTX 4070,[N/A],Enabled,Enabled
1709239152.029876,0,GPU-93ae0c7f-c327-aee3-adae-bc0d1dae71ea,0.39,0.45847581827063993,12282.0,6380.0,551.52,NVIDIA GeForce RTX 4070,[N/A],Enabled,Enabled
1709239153.029952,0,GPU-93ae0c7f-c327-aee3-adae-bc0d1dae71ea,0.4,0.45847581827063993,12282.0,6380.0,551.52,NVIDIA GeForce RTX 4070,[N/A],Enabled,Enabled
1709239154.031055,0,GPU-93ae0c7f-c327-aee3-adae-bc0d1dae71ea,0.49,0.45847581827063993,12282.0,6380.0,551.52,NVIDIA GeForce RTX 4070,[N/A],Enabled,Enabled
1709239155.029517,0,GPU-93ae0c7f-c327-aee3-adae-bc0d1dae71ea,0.51,0.45847581827063993,12282.0,6380.0,551.52,NVIDIA GeForce RTX 4070,[N/A],Enabled,Enabled
1709239156.030023,0,GPU-93ae0c7f-c327-aee3-adae-bc0d1dae71ea,0.43,0.45847581827063993,12282.0,6380.0,551.52,NVIDIA GeForce RTX 4070,[N/A],Enabled,Enabled
1709239157.030369,0,GPU-93ae0c7f-c327-aee3-adae-bc0d1dae71ea,0.44,0.45847581827063993,12282.0,6380.0,551.52,NVIDIA GeForce RTX 4070,[N/A],Enabled,Enabled
1709239158.030864,0,GPU-93ae0c7f-c327-aee3-adae-bc0d1dae71ea,0.38,0.45847581827063993,12282.0,6380.0,551.52,NVIDIA GeForce RTX 4070,[N/A],Enabled,Enabled
1709239159.029412,0,GPU-93ae0c7f-c327-aee3-adae-bc0d1dae71ea,0.41,0.45847581827063993,12282.0,6380.0,551.52,NVIDIA GeForce RTX 4070,[N/A],Enabled,Enabled
1709239160.030124,0,GPU-93ae0c7f-c327-aee3-adae-bc0d1dae71ea,0.48,0.45847581827063993,12282.0,6380.0,551.52,NVIDIA GeForce RTX 4070,[N/A],Enabled,Enabled
1709239161.029643,0,GPU-93ae0c7f-c327-aee3-adae-bc0d1dae71ea,0.48,0.45847581827063993,12282.0,6380.0,551.52,NVIDIA GeForce RTX 4070,[N/A],Enabled,Enabled
1709239162.030423,0,GPU-93ae0c7f-c327-aee3-adae-bc0d1dae71ea,0.38,0.45847581827063993,12282.0,6380.0,551.52,NVIDIA GeForce RTX 4070,[N/A],Enabled,Enabled
1709239163.030665,0,GPU-93ae0c7f-c327-aee3-adae-bc0d1dae71ea,0.39,0.45847581827063993,12282.0,6380.0,551.52,NVIDIA GeForce RTX 4070,[N/A],Enabled,Enabled
1709239164.030381,0,GPU-93ae0c7f-c327-aee3-adae-bc0d1dae71ea,0.4,0.45847581827063993,12282.0,6380.0,551.52,NVIDIA GeForce RTX 4070,[N/A],Enabled,Enabled
1709239165.030386,0,GPU-93ae0c7f-c327-aee3-adae-bc0d1dae71ea,0.43,0.45847581827063993,12282.0,6380.0,551.52,NVIDIA GeForce RTX 4070,[N/A],Enabled,Enabled
1709239166.029558,0,GPU-93ae0c7f-c327-aee3-adae-bc0d1dae71ea,0.47,0.45847581827063993,12282.0,6380.0,551.52,NVIDIA GeForce RTX 4070,[N/A],Enabled,Enabled
1709239167.030469,0,GPU-93ae0c7f-c327-aee3-adae-bc0d1dae71ea,0.45,0.45847581827063993,12282.0,6380.0,551.52,NVIDIA GeForce RTX 4070,[N/A],Enabled,Enabled
1709239168.029994,0,GPU-93ae0c7f-c327-aee3-adae-bc0d1dae71ea,0.38,0.45847581827063993,12282.0,6380.0,551.52,NVIDIA GeForce RTX 4070,[N/A],Enabled,Enabled
1709239169.030161,0,GPU-93ae0c7f-c327-aee3-adae-bc0d1dae71ea,0.42,0.45847581827063993,12282.0,6380.0,551.52,NVIDIA GeForce RTX 4070,[N/A],Enabled,Enabled
1709239170.030921,0,GPU-93ae0c7f-c327-aee3-adae-bc0d1dae71ea,0.5,0.45847581827063993,12282.0,6380.0,551.52,NVIDIA GeForce RTX 4070,[N/A],Enabled,Enabled
1709239171.03012,0,GPU-93ae0c7f-c327-aee3-adae-bc0d1dae71ea,0.42,0.45847581827063993,12282.0,6380.0,551.52,NVIDIA GeForce RTX 4070,[N/A],Enabled,Enabled
1709239172.030302,0,GPU-93ae0c7f-c327-aee3-adae-bc0d1dae71ea,0.46,0.45847581827063993,12282.0,6380.0,551.52,NVIDIA GeForce RTX 4070,[N/A],Enabled,Enabled
1709239173.030064,0,GPU-93ae0c7f-c327-aee3-adae-bc0d1dae71ea,0.42,0.45847581827063993,12282.0,6380.0,551.52,NVIDIA GeForce RTX 4070,[N/A],Enabled,Enabled
1709239174.029471,0,GPU-93ae0c7f-c327-aee3-adae-bc0d1dae71ea,0.4,0.45847581827063993,12282.0,6380.0,551.52,NVIDIA GeForce RTX 4070,[N/A],Enabled,Enabled
1709239175.029433,0,GPU-93ae0c7f-c327-aee3-adae-bc0d1dae71ea,0.48,0.45847581827063993,12282.0,6380.0,551.52,NVIDIA GeForce RTX 4070,[N/A],Enabled,Enabled
1709239176.030435,0,GPU-93ae0c7f-c327-aee3-adae-bc0d1dae71ea,0.4,0.45847581827063993,12282.0,6380.0,551.52,NVIDIA GeForce RTX 4070,[N/A],Enabled,Enabled
1709239177.030437,0,GPU-93ae0c7f-c327-aee3-adae-bc0d1dae71ea,0.39,0.45847581827063993,12282.0,6380.0,551.52,NVIDIA GeForce RTX 4070,[N/A],Enabled,Enabled
1709239178.030191,0,GPU-93ae0c7f-c327-aee3-adae-bc0d1dae71ea,0.41,0.45847581827063993,12282.0,6380.0,551.52,NVIDIA GeForce RTX 4070,[N/A],Enabled,Enabled
1709239179.030115,0,GPU-93ae0c7f-c327-aee3-adae-bc0d1dae71ea,0.44,0.45847581827063993,12282.0,6380.0,551.52,NVIDIA GeForce RTX 4070,[N/A],Enabled,Enabled
1709239180.030189,0,GPU-93ae0c7f-c327-aee3-adae-bc0d1dae71ea,0.42,0.45847581827063993,12282.0,6380.0,551.52,NVIDIA GeForce RTX 4070,[N/A],Enabled,Enabled
1709239181.030321,0,GPU-93ae0c7f-c327-aee3-adae-bc0d1dae71ea,0.44,0.45847581827063993,12282.0,6380.0,551.52,NVIDIA GeForce RTX 4070,[N/A],Enabled,Enabled
1709239182.030128,0,GPU-93ae0c7f-c327-aee3-adae-bc0d1dae71ea,0.45,0.45847581827063993,12282.0,6380.0,551.52,NVIDIA GeForce RTX 4070,[N/A],Enabled,Enabled
1709239183.030638,0,GPU-93ae0c7f-c327-aee3-adae-bc0d1dae71ea,0.42,0.45847581827063993,12282.0,6380.0,551.52,NVIDIA GeForce RTX 4070,[N/A],Enabled,Enabled
1709239184.029872,0,GPU-93ae0c7f-c327-aee3-adae-bc0d1dae71ea,0.36,0.45847581827063993,12282.0,6380.0,551.52,NVIDIA GeForce RTX 4070,[N/A],Enabled,Enabled
1709239185.029794,0,GPU-93ae0c7f-c327-aee3-adae-bc0d1dae71ea,0.29,0.45538185963198174,12282.0,6418.0,551.52,NVIDIA GeForce RTX 4070,[N/A],Enabled,Enabled
1709239186.029768,0,GPU-93ae0c7f-c327-aee3-adae-bc0d1dae71ea,0.32,0.45538185963198174,12282.0,6418.0,551.52,NVIDIA GeForce RTX 4070,[N/A],Enabled,Enabled
1709239187.030275,0,GPU-93ae0c7f-c327-aee3-adae-bc0d1dae71ea,0.3,0.45538185963198174,12282.0,6418.0,551.52,NVIDIA GeForce RTX 4070,[N/A],Enabled,Enabled
1709239188.030163,0,GPU-93ae0c7f-c327-aee3-adae-bc0d1dae71ea,0.28,0.4506595017098192,12282.0,6476.0,551.52,NVIDIA GeForce RTX 4070,[N/A],Enabled,Enabled
1709239189.030651,0,GPU-93ae0c7f-c327-aee3-adae-bc0d1dae71ea,0.3,0.45538185963198174,12282.0,6418.0,551.52,NVIDIA GeForce RTX 4070,[N/A],Enabled,Enabled
1709239190.030045,0,GPU-93ae0c7f-c327-aee3-adae-bc0d1dae71ea,0.27,0.4506595017098192,12282.0,6476.0,551.52,NVIDIA GeForce RTX 4070,[N/A],Enabled,Enabled
1709239191.029409,0,GPU-93ae0c7f-c327-aee3-adae-bc0d1dae71ea,0.29,0.4506595017098192,12282.0,6476.0,551.52,NVIDIA GeForce RTX 4070,[N/A],Enabled,Enabled
1709239192.030645,0,GPU-93ae0c7f-c327-aee3-adae-bc0d1dae71ea,0.27,0.4506595017098192,12282.0,6476.0,551.52,NVIDIA GeForce RTX 4070,[N/A],Enabled,Enabled
1709239193.030067,0,GPU-93ae0c7f-c327-aee3-adae-bc0d1dae71ea,0.28,0.4506595017098192,12282.0,6476.0,551.52,NVIDIA GeForce RTX 4070,[N/A],Enabled,Enabled
1709239194.029502,0,GPU-93ae0c7f-c327-aee3-adae-bc0d1dae71ea,0.27,0.4506595017098192,12282.0,6476.0,551.52,NVIDIA GeForce RTX 4070,[N/A],Enabled,Enabled
1709239195.030309,0,GPU-93ae0c7f-c327-aee3-adae-bc0d1dae71ea,0.28,0.4506595017098192,12282.0,6476.0,551.52,NVIDIA GeForce RTX 4070,[N/A],Enabled,Enabled
1709239196.029599,0,GPU-93ae0c7f-c327-aee3-adae-bc0d1dae71ea,0.28,0.4506595017098192,12282.0,6476.0,551.52,NVIDIA GeForce RTX 4070,[N/A],Enabled,Enabled
1709239197.030519,0,GPU-93ae0c7f-c327-aee3-adae-bc0d1dae71ea,0.28,0.4506595017098192,12282.0,6476.0,551.52,NVIDIA GeForce RTX 4070,[N/A],Enabled,Enabled
1709239198.029385,0,GPU-93ae0c7f-c327-aee3-adae-bc0d1dae71ea,0.27,0.4506595017098192,12282.0,6476.0,551.52,NVIDIA GeForce RTX 4070,[N/A],Enabled,Enabled
1709239199.030051,0,GPU-93ae0c7f-c327-aee3-adae-bc0d1dae71ea,0.28,0.4506595017098192,12282.0,6476.0,551.52,NVIDIA GeForce RTX 4070,[N/A],Enabled,Enabled
1709239200.030134,0,GPU-93ae0c7f-c327-aee3-adae-bc0d1dae71ea,0.28,0.4506595017098192,12282.0,6476.0,551.52,NVIDIA GeForce RTX 4070,[N/A],Enabled,Enabled
1709239201.030498,0,GPU-93ae0c7f-c327-aee3-adae-bc0d1dae71ea,0.29,0.4506595017098192,12282.0,6476.0,551.52,NVIDIA GeForce RTX 4070,[N/A],Enabled,Enabled
1709239202.030505,0,GPU-93ae0c7f-c327-aee3-adae-bc0d1dae71ea,0.28,0.4506595017098192,12282.0,6476.0,551.52,NVIDIA GeForce RTX 4070,[N/A],Enabled,Enabled
1709239203.029744,0,GPU-93ae0c7f-c327-aee3-adae-bc0d1dae71ea,0.28,0.4506595017098192,12282.0,6476.0,551.52,NVIDIA GeForce RTX 4070,[N/A],Enabled,Enabled
1709239204.029564,0,GPU-93ae0c7f-c327-aee3-adae-bc0d1dae71ea,0.27,0.4506595017098192,12282.0,6476.0,551.52,NVIDIA GeForce RTX 4070,[N/A],Enabled,Enabled
1709239205.030408,0,GPU-93ae0c7f-c327-aee3-adae-bc0d1dae71ea,0.28,0.4506595017098192,12282.0,6476.0,551.52,NVIDIA GeForce RTX 4070,[N/A],Enabled,Enabled
1709239206.030492,0,GPU-93ae0c7f-c327-aee3-adae-bc0d1dae71ea,0.28,0.4506595017098192,12282.0,6476.0,551.52,NVIDIA GeForce RTX 4070,[N/A],Enabled,Enabled
1709239207.030545,0,GPU-93ae0c7f-c327-aee3-adae-bc0d1dae71ea,0.29,0.4506595017098192,12282.0,6476.0,551.52,NVIDIA GeForce RTX 4070,[N/A],Enabled,Enabled
1709239208.029888,0,GPU-93ae0c7f-c327-aee3-adae-bc0d1dae71ea,0.27,0.4506595017098192,12282.0,6476.0,551.52,NVIDIA GeForce RTX 4070,[N/A],Enabled,Enabled
1709239209.030043,0,GPU-93ae0c7f-c327-aee3-adae-bc0d1dae71ea,0.15,0.253216088584921,12282.0,8901.0,551.52,NVIDIA GeForce RTX 4070,[N/A],Enabled,Enabled
1709239210.030069,0,GPU-93ae0c7f-c327-aee3-adae-bc0d1dae71ea,0.14,0.253216088584921,12282.0,8901.0,551.52,NVIDIA GeForce RTX 4070,[N/A],Enabled,Enabled
1709239211.029779,0,GPU-93ae0c7f-c327-aee3-adae-bc0d1dae71ea,0.13,0.253216088584921,12282.0,8901.0,551.52,NVIDIA GeForce RTX 4070,[N/A],Enabled,Enabled
