timestamp,id,uuid,load,memoryUtil,memoryTotal,memoryUsed,memoryFree,driver,name,serial,display_mode,display_active
1701785606.014824,0,GPU-93ae0c7f-c327-aee3-adae-bc0d1dae71ea,0.13,0.5574824947077023,12282.0,5178.0,546.29,NVIDIA GeForce RTX 4070,[N/A],Enabled,Enabled
1701785607.011895,0,GPU-93ae0c7f-c327-aee3-adae-bc0d1dae71ea,0.12,0.5579710144927537,12282.0,5172.0,546.29,NVIDIA GeForce RTX 4070,[N/A],Enabled,Enabled
1701785608.012054,0,GPU-93ae0c7f-c327-aee3-adae-bc0d1dae71ea,0.17,0.5693698094772839,12282.0,5032.0,546.29,NVIDIA GeForce RTX 4070,[N/A],Enabled,Enabled
1701785609.011873,0,GPU-93ae0c7f-c327-aee3-adae-bc0d1dae71ea,0.11,0.6595017098192477,12282.0,3925.0,546.29,NVIDIA GeForce RTX 4070,[N/A],Enabled,Enabled
1701785610.011336,0,GPU-93ae0c7f-c327-aee3-adae-bc0d1dae71ea,0.07,0.6280736036476144,12282.0,4311.0,546.29,NVIDIA GeForce RTX 4070,[N/A],Enabled,Enabled
1701785611.011364,0,GPU-93ae0c7f-c327-aee3-adae-bc0d1dae71ea,0.08,0.6280736036476144,12282.0,4311.0,546.29,NVIDIA GeForce RTX 4070,[N/A],Enabled,Enabled
1701785612.012134,0,GPU-93ae0c7f-c327-aee3-adae-bc0d1dae71ea,0.08,0.6280736036476144,12282.0,4311.0,546.29,NVIDIA GeForce RTX 4070,[N/A],Enabled,Enabled
1701785613.01164,0,GPU-93ae0c7f-c327-aee3-adae-bc0d1dae71ea,0.22,0.7413287738153396,12282.0,2920.0,546.29,NVIDIA GeForce RTX 4070,[N/A],Enabled,Enabled
1701785614.011537,0,GPU-93ae0c7f-c327-aee3-adae-bc0d1dae71ea,0.29,0.7142159257449927,12282.0,3253.0,546.29,NVIDIA GeForce RTX 4070,[N/A],Enabled,Enabled
1701785615.011456,0,GPU-93ae0c7f-c327-aee3-adae-bc0d1dae71ea,0.24,0.7142159257449927,12282.0,3253.0,546.29,NVIDIA GeForce RTX 4070,[N/A],Enabled,Enabled
1701785616.011925,0,GPU-93ae0c7f-c327-aee3-adae-bc0d1dae71ea,0.2,0.7099006676437062,12282.0,3306.0,546.29,NVIDIA GeForce RTX 4070,[N/A],Enabled,Enabled
1701785617.0117,0,GPU-93ae0c7f-c327-aee3-adae-bc0d1dae71ea,0.23,0.7142159257449927,12282.0,3253.0,546.29,NVIDIA GeForce RTX 4070,[N/A],Enabled,Enabled
1701785618.011365,0,GPU-93ae0c7f-c327-aee3-adae-bc0d1dae71ea,0.26,0.7164142647777235,12282.0,3226.0,546.29,NVIDIA GeForce RTX 4070,[N/A],Enabled,Enabled
1701785619.011372,0,GPU-93ae0c7f-c327-aee3-adae-bc0d1dae71ea,0.25,0.7164956847418987,12282.0,3225.0,546.29,NVIDIA GeForce RTX 4070,[N/A],Enabled,Enabled
1701785620.012235,0,GPU-93ae0c7f-c327-aee3-adae-bc0d1dae71ea,0.25,0.7120990066764371,12282.0,3279.0,546.29,NVIDIA GeForce RTX 4070,[N/A],Enabled,Enabled
1701785621.01178,0,GPU-93ae0c7f-c327-aee3-adae-bc0d1dae71ea,0.25,0.7121804266406123,12282.0,3278.0,546.29,NVIDIA GeForce RTX 4070,[N/A],Enabled,Enabled
1701785622.010948,0,GPU-93ae0c7f-c327-aee3-adae-bc0d1dae71ea,0.26,0.7121804266406123,12282.0,3278.0,546.29,NVIDIA GeForce RTX 4070,[N/A],Enabled,Enabled
1701785623.011885,0,GPU-93ae0c7f-c327-aee3-adae-bc0d1dae71ea,0.29,0.7164142647777235,12282.0,3226.0,546.29,NVIDIA GeForce RTX 4070,[N/A],Enabled,Enabled
1701785624.011287,0,GPU-93ae0c7f-c327-aee3-adae-bc0d1dae71ea,0.24,0.7121804266406123,12282.0,3278.0,546.29,NVIDIA GeForce RTX 4070,[N/A],Enabled,Enabled
1701785625.011982,0,GPU-93ae0c7f-c327-aee3-adae-bc0d1dae71ea,0.25,0.7121804266406123,12282.0,3278.0,546.29,NVIDIA GeForce RTX 4070,[N/A],Enabled,Enabled
1701785626.012463,0,GPU-93ae0c7f-c327-aee3-adae-bc0d1dae71ea,0.24,0.7164142647777235,12282.0,3226.0,546.29,NVIDIA GeForce RTX 4070,[N/A],Enabled,Enabled
1701785627.011325,0,GPU-93ae0c7f-c327-aee3-adae-bc0d1dae71ea,0.26,0.7121804266406123,12282.0,3278.0,546.29,NVIDIA GeForce RTX 4070,[N/A],Enabled,Enabled
1701785628.011603,0,GPU-93ae0c7f-c327-aee3-adae-bc0d1dae71ea,0.26,0.7121804266406123,12282.0,3278.0,546.29,NVIDIA GeForce RTX 4070,[N/A],Enabled,Enabled
1701785629.012657,0,GPU-93ae0c7f-c327-aee3-adae-bc0d1dae71ea,0.28,0.7164956847418987,12282.0,3225.0,546.29,NVIDIA GeForce RTX 4070,[N/A],Enabled,Enabled
1701785630.012138,0,GPU-93ae0c7f-c327-aee3-adae-bc0d1dae71ea,0.31,0.7201595831297835,12282.0,3180.0,546.29,NVIDIA GeForce RTX 4070,[N/A],Enabled,Enabled
1701785631.01191,0,GPU-93ae0c7f-c327-aee3-adae-bc0d1dae71ea,0.37,0.7202410030939587,12282.0,3179.0,546.29,NVIDIA GeForce RTX 4070,[N/A],Enabled,Enabled
1701785632.011972,0,GPU-93ae0c7f-c327-aee3-adae-bc0d1dae71ea,0.38,0.7202410030939587,12282.0,3179.0,546.29,NVIDIA GeForce RTX 4070,[N/A],Enabled,Enabled
1701785633.011373,0,GPU-93ae0c7f-c327-aee3-adae-bc0d1dae71ea,0.41,0.7202410030939587,12282.0,3179.0,546.29,NVIDIA GeForce RTX 4070,[N/A],Enabled,Enabled
1701785634.011565,0,GPU-93ae0c7f-c327-aee3-adae-bc0d1dae71ea,0.38,0.7202410030939587,12282.0,3179.0,546.29,NVIDIA GeForce RTX 4070,[N/A],Enabled,Enabled
1701785635.011865,0,GPU-93ae0c7f-c327-aee3-adae-bc0d1dae71ea,0.38,0.7202410030939587,12282.0,3179.0,546.29,NVIDIA GeForce RTX 4070,[N/A],Enabled,Enabled
1701785636.01182,0,GPU-93ae0c7f-c327-aee3-adae-bc0d1dae71ea,0.33,0.7202410030939587,12282.0,3179.0,546.29,NVIDIA GeForce RTX 4070,[N/A],Enabled,Enabled
1701785637.011814,0,GPU-93ae0c7f-c327-aee3-adae-bc0d1dae71ea,0.37,0.7202410030939587,12282.0,3179.0,546.29,NVIDIA GeForce RTX 4070,[N/A],Enabled,Enabled
1701785638.011915,0,GPU-93ae0c7f-c327-aee3-adae-bc0d1dae71ea,0.37,0.7202410030939587,12282.0,3179.0,546.29,NVIDIA GeForce RTX 4070,[N/A],Enabled,Enabled
1701785639.011313,0,GPU-93ae0c7f-c327-aee3-adae-bc0d1dae71ea,0.36,0.7202410030939587,12282.0,3179.0,546.29,NVIDIA GeForce RTX 4070,[N/A],Enabled,Enabled
1701785640.011821,0,GPU-93ae0c7f-c327-aee3-adae-bc0d1dae71ea,0.39,0.7202410030939587,12282.0,3179.0,546.29,NVIDIA GeForce RTX 4070,[N/A],Enabled,Enabled
1701785641.012063,0,GPU-93ae0c7f-c327-aee3-adae-bc0d1dae71ea,0.35,0.7202410030939587,12282.0,3179.0,546.29,NVIDIA GeForce RTX 4070,[N/A],Enabled,Enabled
1701785642.011763,0,GPU-93ae0c7f-c327-aee3-adae-bc0d1dae71ea,0.39,0.7202410030939587,12282.0,3179.0,546.29,NVIDIA GeForce RTX 4070,[N/A],Enabled,Enabled
1701785643.011694,0,GPU-93ae0c7f-c327-aee3-adae-bc0d1dae71ea,0.4,0.7202410030939587,12282.0,3179.0,546.29,NVIDIA GeForce RTX 4070,[N/A],Enabled,Enabled
1701785644.011623,0,GPU-93ae0c7f-c327-aee3-adae-bc0d1dae71ea,0.38,0.7202410030939587,12282.0,3179.0,546.29,NVIDIA GeForce RTX 4070,[N/A],Enabled,Enabled
1701785645.011864,0,GPU-93ae0c7f-c327-aee3-adae-bc0d1dae71ea,0.39,0.7202410030939587,12282.0,3179.0,546.29,NVIDIA GeForce RTX 4070,[N/A],Enabled,Enabled
1701785646.011879,0,GPU-93ae0c7f-c327-aee3-adae-bc0d1dae71ea,0.37,0.7202410030939587,12282.0,3179.0,546.29,NVIDIA GeForce RTX 4070,[N/A],Enabled,Enabled
1701785647.01189,0,GPU-93ae0c7f-c327-aee3-adae-bc0d1dae71ea,0.39,0.7202410030939587,12282.0,3179.0,546.29,NVIDIA GeForce RTX 4070,[N/A],Enabled,Enabled
1701785648.011427,0,GPU-93ae0c7f-c327-aee3-adae-bc0d1dae71ea,0.38,0.7202410030939587,12282.0,3179.0,546.29,NVIDIA GeForce RTX 4070,[N/A],Enabled,Enabled
1701785649.012031,0,GPU-93ae0c7f-c327-aee3-adae-bc0d1dae71ea,0.4,0.7202410030939587,12282.0,3179.0,546.29,NVIDIA GeForce RTX 4070,[N/A],Enabled,Enabled
1701785650.01222,0,GPU-93ae0c7f-c327-aee3-adae-bc0d1dae71ea,0.38,0.7202410030939587,12282.0,3179.0,546.29,NVIDIA GeForce RTX 4070,[N/A],Enabled,Enabled
1701785651.011328,0,GPU-93ae0c7f-c327-aee3-adae-bc0d1dae71ea,0.39,0.7202410030939587,12282.0,3179.0,546.29,NVIDIA GeForce RTX 4070,[N/A],Enabled,Enabled
1701785652.011788,0,GPU-93ae0c7f-c327-aee3-adae-bc0d1dae71ea,0.37,0.7202410030939587,12282.0,3179.0,546.29,NVIDIA GeForce RTX 4070,[N/A],Enabled,Enabled
1701785653.011859,0,GPU-93ae0c7f-c327-aee3-adae-bc0d1dae71ea,0.44,0.7202410030939587,12282.0,3179.0,546.29,NVIDIA GeForce RTX 4070,[N/A],Enabled,Enabled
1701785654.012134,0,GPU-93ae0c7f-c327-aee3-adae-bc0d1dae71ea,0.42,0.7202410030939587,12282.0,3179.0,546.29,NVIDIA GeForce RTX 4070,[N/A],Enabled,Enabled
1701785655.011041,0,GPU-93ae0c7f-c327-aee3-adae-bc0d1dae71ea,0.39,0.7202410030939587,12282.0,3179.0,546.29,NVIDIA GeForce RTX 4070,[N/A],Enabled,Enabled
1701785656.011411,0,GPU-93ae0c7f-c327-aee3-adae-bc0d1dae71ea,0.42,0.7202410030939587,12282.0,3179.0,546.29,NVIDIA GeForce RTX 4070,[N/A],Enabled,Enabled
1701785657.011206,0,GPU-93ae0c7f-c327-aee3-adae-bc0d1dae71ea,0.41,0.7202410030939587,12282.0,3179.0,546.29,NVIDIA GeForce RTX 4070,[N/A],Enabled,Enabled
1701785658.01158,0,GPU-93ae0c7f-c327-aee3-adae-bc0d1dae71ea,0.43,0.7202410030939587,12282.0,3179.0,546.29,NVIDIA GeForce RTX 4070,[N/A],Enabled,Enabled
1701785659.011646,0,GPU-93ae0c7f-c327-aee3-adae-bc0d1dae71ea,0.44,0.7202410030939587,12282.0,3179.0,546.29,NVIDIA GeForce RTX 4070,[N/A],Enabled,Enabled
1701785660.012294,0,GPU-93ae0c7f-c327-aee3-adae-bc0d1dae71ea,0.37,0.7202410030939587,12282.0,3179.0,546.29,NVIDIA GeForce RTX 4070,[N/A],Enabled,Enabled
1701785661.012098,0,GPU-93ae0c7f-c327-aee3-adae-bc0d1dae71ea,0.4,0.7202410030939587,12282.0,3179.0,546.29,NVIDIA GeForce RTX 4070,[N/A],Enabled,Enabled
1701785662.01199,0,GPU-93ae0c7f-c327-aee3-adae-bc0d1dae71ea,0.37,0.7202410030939587,12282.0,3179.0,546.29,NVIDIA GeForce RTX 4070,[N/A],Enabled,Enabled
1701785663.01167,0,GPU-93ae0c7f-c327-aee3-adae-bc0d1dae71ea,0.38,0.721869402377463,12282.0,3159.0,546.29,NVIDIA GeForce RTX 4070,[N/A],Enabled,Enabled
1701785664.011749,0,GPU-93ae0c7f-c327-aee3-adae-bc0d1dae71ea,0.38,0.721869402377463,12282.0,3159.0,546.29,NVIDIA GeForce RTX 4070,[N/A],Enabled,Enabled
1701785665.011389,0,GPU-93ae0c7f-c327-aee3-adae-bc0d1dae71ea,0.42,0.721869402377463,12282.0,3159.0,546.29,NVIDIA GeForce RTX 4070,[N/A],Enabled,Enabled
1701785666.012574,0,GPU-93ae0c7f-c327-aee3-adae-bc0d1dae71ea,0.35,0.721869402377463,12282.0,3159.0,546.29,NVIDIA GeForce RTX 4070,[N/A],Enabled,Enabled
1701785667.011932,0,GPU-93ae0c7f-c327-aee3-adae-bc0d1dae71ea,0.38,0.721869402377463,12282.0,3159.0,546.29,NVIDIA GeForce RTX 4070,[N/A],Enabled,Enabled
1701785668.011652,0,GPU-93ae0c7f-c327-aee3-adae-bc0d1dae71ea,0.39,0.7213808825924116,12282.0,3165.0,546.29,NVIDIA GeForce RTX 4070,[N/A],Enabled,Enabled
1701785669.011376,0,GPU-93ae0c7f-c327-aee3-adae-bc0d1dae71ea,0.39,0.7213808825924116,12282.0,3165.0,546.29,NVIDIA GeForce RTX 4070,[N/A],Enabled,Enabled
1701785670.011723,0,GPU-93ae0c7f-c327-aee3-adae-bc0d1dae71ea,0.35,0.7213808825924116,12282.0,3165.0,546.29,NVIDIA GeForce RTX 4070,[N/A],Enabled,Enabled
1701785671.011331,0,GPU-93ae0c7f-c327-aee3-adae-bc0d1dae71ea,0.41,0.7213808825924116,12282.0,3165.0,546.29,NVIDIA GeForce RTX 4070,[N/A],Enabled,Enabled
1701785672.011177,0,GPU-93ae0c7f-c327-aee3-adae-bc0d1dae71ea,0.35,0.7213808825924116,12282.0,3165.0,546.29,NVIDIA GeForce RTX 4070,[N/A],Enabled,Enabled
1701785673.011642,0,GPU-93ae0c7f-c327-aee3-adae-bc0d1dae71ea,0.46,0.7213808825924116,12282.0,3165.0,546.29,NVIDIA GeForce RTX 4070,[N/A],Enabled,Enabled
1701785674.011639,0,GPU-93ae0c7f-c327-aee3-adae-bc0d1dae71ea,0.38,0.7213808825924116,12282.0,3165.0,546.29,NVIDIA GeForce RTX 4070,[N/A],Enabled,Enabled
1701785675.011586,0,GPU-93ae0c7f-c327-aee3-adae-bc0d1dae71ea,0.36,0.7213808825924116,12282.0,3165.0,546.29,NVIDIA GeForce RTX 4070,[N/A],Enabled,Enabled
1701785676.011181,0,GPU-93ae0c7f-c327-aee3-adae-bc0d1dae71ea,0.37,0.7212180426640612,12282.0,3167.0,546.29,NVIDIA GeForce RTX 4070,[N/A],Enabled,Enabled
1701785677.011039,0,GPU-93ae0c7f-c327-aee3-adae-bc0d1dae71ea,0.36,0.7205666829506595,12282.0,3175.0,546.29,NVIDIA GeForce RTX 4070,[N/A],Enabled,Enabled
1701785678.01189,0,GPU-93ae0c7f-c327-aee3-adae-bc0d1dae71ea,0.38,0.7205666829506595,12282.0,3175.0,546.29,NVIDIA GeForce RTX 4070,[N/A],Enabled,Enabled
1701785679.012104,0,GPU-93ae0c7f-c327-aee3-adae-bc0d1dae71ea,0.37,0.7202410030939587,12282.0,3179.0,546.29,NVIDIA GeForce RTX 4070,[N/A],Enabled,Enabled
1701785680.011512,0,GPU-93ae0c7f-c327-aee3-adae-bc0d1dae71ea,0.36,0.7202410030939587,12282.0,3179.0,546.29,NVIDIA GeForce RTX 4070,[N/A],Enabled,Enabled
1701785681.011608,0,GPU-93ae0c7f-c327-aee3-adae-bc0d1dae71ea,0.42,0.7202410030939587,12282.0,3179.0,546.29,NVIDIA GeForce RTX 4070,[N/A],Enabled,Enabled
1701785682.011311,0,GPU-93ae0c7f-c327-aee3-adae-bc0d1dae71ea,0.33,0.7202410030939587,12282.0,3179.0,546.29,NVIDIA GeForce RTX 4070,[N/A],Enabled,Enabled
1701785683.012356,0,GPU-93ae0c7f-c327-aee3-adae-bc0d1dae71ea,0.38,0.7202410030939587,12282.0,3179.0,546.29,NVIDIA GeForce RTX 4070,[N/A],Enabled,Enabled
1701785684.01175,0,GPU-93ae0c7f-c327-aee3-adae-bc0d1dae71ea,0.39,0.7202410030939587,12282.0,3179.0,546.29,NVIDIA GeForce RTX 4070,[N/A],Enabled,Enabled
1701785685.011795,0,GPU-93ae0c7f-c327-aee3-adae-bc0d1dae71ea,0.41,0.7202410030939587,12282.0,3179.0,546.29,NVIDIA GeForce RTX 4070,[N/A],Enabled,Enabled
1701785686.012354,0,GPU-93ae0c7f-c327-aee3-adae-bc0d1dae71ea,0.37,0.7202410030939587,12282.0,3179.0,546.29,NVIDIA GeForce RTX 4070,[N/A],Enabled,Enabled
1701785687.01175,0,GPU-93ae0c7f-c327-aee3-adae-bc0d1dae71ea,0.36,0.7202410030939587,12282.0,3179.0,546.29,NVIDIA GeForce RTX 4070,[N/A],Enabled,Enabled
1701785688.012259,0,GPU-93ae0c7f-c327-aee3-adae-bc0d1dae71ea,0.36,0.7202410030939587,12282.0,3179.0,546.29,NVIDIA GeForce RTX 4070,[N/A],Enabled,Enabled
1701785689.011545,0,GPU-93ae0c7f-c327-aee3-adae-bc0d1dae71ea,0.42,0.7202410030939587,12282.0,3179.0,546.29,NVIDIA GeForce RTX 4070,[N/A],Enabled,Enabled
1701785690.012053,0,GPU-93ae0c7f-c327-aee3-adae-bc0d1dae71ea,0.38,0.7202410030939587,12282.0,3179.0,546.29,NVIDIA GeForce RTX 4070,[N/A],Enabled,Enabled
1701785691.011343,0,GPU-93ae0c7f-c327-aee3-adae-bc0d1dae71ea,0.4,0.7202410030939587,12282.0,3179.0,546.29,NVIDIA GeForce RTX 4070,[N/A],Enabled,Enabled
1701785692.012426,0,GPU-93ae0c7f-c327-aee3-adae-bc0d1dae71ea,0.35,0.7202410030939587,12282.0,3179.0,546.29,NVIDIA GeForce RTX 4070,[N/A],Enabled,Enabled
1701785693.011229,0,GPU-93ae0c7f-c327-aee3-adae-bc0d1dae71ea,0.39,0.7202410030939587,12282.0,3179.0,546.29,NVIDIA GeForce RTX 4070,[N/A],Enabled,Enabled
1701785694.011856,0,GPU-93ae0c7f-c327-aee3-adae-bc0d1dae71ea,0.37,0.7202410030939587,12282.0,3179.0,546.29,NVIDIA GeForce RTX 4070,[N/A],Enabled,Enabled
1701785695.01133,0,GPU-93ae0c7f-c327-aee3-adae-bc0d1dae71ea,0.45,0.7202410030939587,12282.0,3179.0,546.29,NVIDIA GeForce RTX 4070,[N/A],Enabled,Enabled
1701785696.011299,0,GPU-93ae0c7f-c327-aee3-adae-bc0d1dae71ea,0.36,0.7202410030939587,12282.0,3179.0,546.29,NVIDIA GeForce RTX 4070,[N/A],Enabled,Enabled
1701785697.011972,0,GPU-93ae0c7f-c327-aee3-adae-bc0d1dae71ea,0.39,0.7202410030939587,12282.0,3179.0,546.29,NVIDIA GeForce RTX 4070,[N/A],Enabled,Enabled
1701785698.011087,0,GPU-93ae0c7f-c327-aee3-adae-bc0d1dae71ea,0.38,0.7202410030939587,12282.0,3179.0,546.29,NVIDIA GeForce RTX 4070,[N/A],Enabled,Enabled
1701785699.011611,0,GPU-93ae0c7f-c327-aee3-adae-bc0d1dae71ea,0.38,0.7202410030939587,12282.0,3179.0,546.29,NVIDIA GeForce RTX 4070,[N/A],Enabled,Enabled
1701785700.012025,0,GPU-93ae0c7f-c327-aee3-adae-bc0d1dae71ea,0.39,0.7202410030939587,12282.0,3179.0,546.29,NVIDIA GeForce RTX 4070,[N/A],Enabled,Enabled
1701785701.011346,0,GPU-93ae0c7f-c327-aee3-adae-bc0d1dae71ea,0.45,0.7202410030939587,12282.0,3179.0,546.29,NVIDIA GeForce RTX 4070,[N/A],Enabled,Enabled
1701785702.011918,0,GPU-93ae0c7f-c327-aee3-adae-bc0d1dae71ea,0.36,0.7202410030939587,12282.0,3179.0,546.29,NVIDIA GeForce RTX 4070,[N/A],Enabled,Enabled
1701785703.011982,0,GPU-93ae0c7f-c327-aee3-adae-bc0d1dae71ea,0.42,0.7202410030939587,12282.0,3179.0,546.29,NVIDIA GeForce RTX 4070,[N/A],Enabled,Enabled
1701785704.011824,0,GPU-93ae0c7f-c327-aee3-adae-bc0d1dae71ea,0.43,0.7202410030939587,12282.0,3179.0,546.29,NVIDIA GeForce RTX 4070,[N/A],Enabled,Enabled
1701785705.011966,0,GPU-93ae0c7f-c327-aee3-adae-bc0d1dae71ea,0.39,0.7202410030939587,12282.0,3179.0,546.29,NVIDIA GeForce RTX 4070,[N/A],Enabled,Enabled
1701785706.011646,0,GPU-93ae0c7f-c327-aee3-adae-bc0d1dae71ea,0.37,0.7202410030939587,12282.0,3179.0,546.29,NVIDIA GeForce RTX 4070,[N/A],Enabled,Enabled
1701785707.012196,0,GPU-93ae0c7f-c327-aee3-adae-bc0d1dae71ea,0.39,0.7202410030939587,12282.0,3179.0,546.29,NVIDIA GeForce RTX 4070,[N/A],Enabled,Enabled
1701785708.011256,0,GPU-93ae0c7f-c327-aee3-adae-bc0d1dae71ea,0.36,0.7202410030939587,12282.0,3179.0,546.29,NVIDIA GeForce RTX 4070,[N/A],Enabled,Enabled
1701785709.011598,0,GPU-93ae0c7f-c327-aee3-adae-bc0d1dae71ea,0.4,0.7202410030939587,12282.0,3179.0,546.29,NVIDIA GeForce RTX 4070,[N/A],Enabled,Enabled
1701785710.011264,0,GPU-93ae0c7f-c327-aee3-adae-bc0d1dae71ea,0.39,0.7202410030939587,12282.0,3179.0,546.29,NVIDIA GeForce RTX 4070,[N/A],Enabled,Enabled
1701785711.011913,0,GPU-93ae0c7f-c327-aee3-adae-bc0d1dae71ea,0.41,0.7202410030939587,12282.0,3179.0,546.29,NVIDIA GeForce RTX 4070,[N/A],Enabled,Enabled
1701785712.012152,0,GPU-93ae0c7f-c327-aee3-adae-bc0d1dae71ea,0.34,0.7202410030939587,12282.0,3179.0,546.29,NVIDIA GeForce RTX 4070,[N/A],Enabled,Enabled
1701785713.011849,0,GPU-93ae0c7f-c327-aee3-adae-bc0d1dae71ea,0.39,0.7202410030939587,12282.0,3179.0,546.29,NVIDIA GeForce RTX 4070,[N/A],Enabled,Enabled
1701785714.011913,0,GPU-93ae0c7f-c327-aee3-adae-bc0d1dae71ea,0.38,0.7202410030939587,12282.0,3179.0,546.29,NVIDIA GeForce RTX 4070,[N/A],Enabled,Enabled
1701785715.01196,0,GPU-93ae0c7f-c327-aee3-adae-bc0d1dae71ea,0.39,0.7202410030939587,12282.0,3179.0,546.29,NVIDIA GeForce RTX 4070,[N/A],Enabled,Enabled
1701785716.012067,0,GPU-93ae0c7f-c327-aee3-adae-bc0d1dae71ea,0.39,0.7202410030939587,12282.0,3179.0,546.29,NVIDIA GeForce RTX 4070,[N/A],Enabled,Enabled
1701785717.012309,0,GPU-93ae0c7f-c327-aee3-adae-bc0d1dae71ea,0.41,0.7202410030939587,12282.0,3179.0,546.29,NVIDIA GeForce RTX 4070,[N/A],Enabled,Enabled
1701785718.011224,0,GPU-93ae0c7f-c327-aee3-adae-bc0d1dae71ea,0.38,0.7202410030939587,12282.0,3179.0,546.29,NVIDIA GeForce RTX 4070,[N/A],Enabled,Enabled
1701785719.012426,0,GPU-93ae0c7f-c327-aee3-adae-bc0d1dae71ea,0.38,0.7202410030939587,12282.0,3179.0,546.29,NVIDIA GeForce RTX 4070,[N/A],Enabled,Enabled
1701785720.011956,0,GPU-93ae0c7f-c327-aee3-adae-bc0d1dae71ea,0.38,0.7202410030939587,12282.0,3179.0,546.29,NVIDIA GeForce RTX 4070,[N/A],Enabled,Enabled
1701785721.011963,0,GPU-93ae0c7f-c327-aee3-adae-bc0d1dae71ea,0.42,0.7202410030939587,12282.0,3179.0,546.29,NVIDIA GeForce RTX 4070,[N/A],Enabled,Enabled
1701785722.011378,0,GPU-93ae0c7f-c327-aee3-adae-bc0d1dae71ea,0.36,0.7202410030939587,12282.0,3179.0,546.29,NVIDIA GeForce RTX 4070,[N/A],Enabled,Enabled
1701785723.010861,0,GPU-93ae0c7f-c327-aee3-adae-bc0d1dae71ea,0.4,0.7202410030939587,12282.0,3179.0,546.29,NVIDIA GeForce RTX 4070,[N/A],Enabled,Enabled
1701785724.011416,0,GPU-93ae0c7f-c327-aee3-adae-bc0d1dae71ea,0.39,0.7202410030939587,12282.0,3179.0,546.29,NVIDIA GeForce RTX 4070,[N/A],Enabled,Enabled
1701785725.011704,0,GPU-93ae0c7f-c327-aee3-adae-bc0d1dae71ea,0.39,0.7202410030939587,12282.0,3179.0,546.29,NVIDIA GeForce RTX 4070,[N/A],Enabled,Enabled
1701785726.012053,0,GPU-93ae0c7f-c327-aee3-adae-bc0d1dae71ea,0.4,0.7202410030939587,12282.0,3179.0,546.29,NVIDIA GeForce RTX 4070,[N/A],Enabled,Enabled
1701785727.01173,0,GPU-93ae0c7f-c327-aee3-adae-bc0d1dae71ea,0.41,0.7202410030939587,12282.0,3179.0,546.29,NVIDIA GeForce RTX 4070,[N/A],Enabled,Enabled
1701785728.011907,0,GPU-93ae0c7f-c327-aee3-adae-bc0d1dae71ea,0.35,0.721869402377463,12282.0,3159.0,546.29,NVIDIA GeForce RTX 4070,[N/A],Enabled,Enabled
1701785729.011763,0,GPU-93ae0c7f-c327-aee3-adae-bc0d1dae71ea,0.4,0.721869402377463,12282.0,3159.0,546.29,NVIDIA GeForce RTX 4070,[N/A],Enabled,Enabled
1701785730.011236,0,GPU-93ae0c7f-c327-aee3-adae-bc0d1dae71ea,0.38,0.721869402377463,12282.0,3159.0,546.29,NVIDIA GeForce RTX 4070,[N/A],Enabled,Enabled
1701785731.011968,0,GPU-93ae0c7f-c327-aee3-adae-bc0d1dae71ea,0.4,0.721869402377463,12282.0,3159.0,546.29,NVIDIA GeForce RTX 4070,[N/A],Enabled,Enabled
1701785732.011467,0,GPU-93ae0c7f-c327-aee3-adae-bc0d1dae71ea,0.38,0.721869402377463,12282.0,3159.0,546.29,NVIDIA GeForce RTX 4070,[N/A],Enabled,Enabled
1701785733.011261,0,GPU-93ae0c7f-c327-aee3-adae-bc0d1dae71ea,0.37,0.721869402377463,12282.0,3159.0,546.29,NVIDIA GeForce RTX 4070,[N/A],Enabled,Enabled
1701785734.011128,0,GPU-93ae0c7f-c327-aee3-adae-bc0d1dae71ea,0.35,0.721869402377463,12282.0,3159.0,546.29,NVIDIA GeForce RTX 4070,[N/A],Enabled,Enabled
1701785735.012065,0,GPU-93ae0c7f-c327-aee3-adae-bc0d1dae71ea,0.39,0.721869402377463,12282.0,3159.0,546.29,NVIDIA GeForce RTX 4070,[N/A],Enabled,Enabled
1701785736.011514,0,GPU-93ae0c7f-c327-aee3-adae-bc0d1dae71ea,0.45,0.721869402377463,12282.0,3159.0,546.29,NVIDIA GeForce RTX 4070,[N/A],Enabled,Enabled
1701785737.011736,0,GPU-93ae0c7f-c327-aee3-adae-bc0d1dae71ea,0.47,0.721869402377463,12282.0,3159.0,546.29,NVIDIA GeForce RTX 4070,[N/A],Enabled,Enabled
1701785738.011177,0,GPU-93ae0c7f-c327-aee3-adae-bc0d1dae71ea,0.35,0.721869402377463,12282.0,3159.0,546.29,NVIDIA GeForce RTX 4070,[N/A],Enabled,Enabled
1701785739.012065,0,GPU-93ae0c7f-c327-aee3-adae-bc0d1dae71ea,0.39,0.721869402377463,12282.0,3159.0,546.29,NVIDIA GeForce RTX 4070,[N/A],Enabled,Enabled
1701785740.012884,0,GPU-93ae0c7f-c327-aee3-adae-bc0d1dae71ea,0.33,0.721869402377463,12282.0,3159.0,546.29,NVIDIA GeForce RTX 4070,[N/A],Enabled,Enabled
1701785741.012096,0,GPU-93ae0c7f-c327-aee3-adae-bc0d1dae71ea,0.4,0.721869402377463,12282.0,3159.0,546.29,NVIDIA GeForce RTX 4070,[N/A],Enabled,Enabled
1701785742.011554,0,GPU-93ae0c7f-c327-aee3-adae-bc0d1dae71ea,0.36,0.721869402377463,12282.0,3159.0,546.29,NVIDIA GeForce RTX 4070,[N/A],Enabled,Enabled
1701785743.011752,0,GPU-93ae0c7f-c327-aee3-adae-bc0d1dae71ea,0.39,0.721869402377463,12282.0,3159.0,546.29,NVIDIA GeForce RTX 4070,[N/A],Enabled,Enabled
1701785744.011804,0,GPU-93ae0c7f-c327-aee3-adae-bc0d1dae71ea,0.46,0.721869402377463,12282.0,3159.0,546.29,NVIDIA GeForce RTX 4070,[N/A],Enabled,Enabled
1701785745.01142,0,GPU-93ae0c7f-c327-aee3-adae-bc0d1dae71ea,0.39,0.721869402377463,12282.0,3159.0,546.29,NVIDIA GeForce RTX 4070,[N/A],Enabled,Enabled
1701785746.01087,0,GPU-93ae0c7f-c327-aee3-adae-bc0d1dae71ea,0.36,0.721869402377463,12282.0,3159.0,546.29,NVIDIA GeForce RTX 4070,[N/A],Enabled,Enabled
1701785747.011914,0,GPU-93ae0c7f-c327-aee3-adae-bc0d1dae71ea,0.43,0.721869402377463,12282.0,3159.0,546.29,NVIDIA GeForce RTX 4070,[N/A],Enabled,Enabled
1701785748.011782,0,GPU-93ae0c7f-c327-aee3-adae-bc0d1dae71ea,0.42,0.721869402377463,12282.0,3159.0,546.29,NVIDIA GeForce RTX 4070,[N/A],Enabled,Enabled
1701785749.011814,0,GPU-93ae0c7f-c327-aee3-adae-bc0d1dae71ea,0.42,0.721869402377463,12282.0,3159.0,546.29,NVIDIA GeForce RTX 4070,[N/A],Enabled,Enabled
1701785750.011352,0,GPU-93ae0c7f-c327-aee3-adae-bc0d1dae71ea,0.34,0.721869402377463,12282.0,3159.0,546.29,NVIDIA GeForce RTX 4070,[N/A],Enabled,Enabled
1701785751.011907,0,GPU-93ae0c7f-c327-aee3-adae-bc0d1dae71ea,0.36,0.721869402377463,12282.0,3159.0,546.29,NVIDIA GeForce RTX 4070,[N/A],Enabled,Enabled
1701785752.012537,0,GPU-93ae0c7f-c327-aee3-adae-bc0d1dae71ea,0.38,0.721869402377463,12282.0,3159.0,546.29,NVIDIA GeForce RTX 4070,[N/A],Enabled,Enabled
1701785753.011703,0,GPU-93ae0c7f-c327-aee3-adae-bc0d1dae71ea,0.4,0.721869402377463,12282.0,3159.0,546.29,NVIDIA GeForce RTX 4070,[N/A],Enabled,Enabled
1701785754.011683,0,GPU-93ae0c7f-c327-aee3-adae-bc0d1dae71ea,0.41,0.721869402377463,12282.0,3159.0,546.29,NVIDIA GeForce RTX 4070,[N/A],Enabled,Enabled
1701785755.011475,0,GPU-93ae0c7f-c327-aee3-adae-bc0d1dae71ea,0.4,0.721869402377463,12282.0,3159.0,546.29,NVIDIA GeForce RTX 4070,[N/A],Enabled,Enabled
1701785756.011543,0,GPU-93ae0c7f-c327-aee3-adae-bc0d1dae71ea,0.37,0.721869402377463,12282.0,3159.0,546.29,NVIDIA GeForce RTX 4070,[N/A],Enabled,Enabled
1701785757.011777,0,GPU-93ae0c7f-c327-aee3-adae-bc0d1dae71ea,0.38,0.721869402377463,12282.0,3159.0,546.29,NVIDIA GeForce RTX 4070,[N/A],Enabled,Enabled
1701785758.011957,0,GPU-93ae0c7f-c327-aee3-adae-bc0d1dae71ea,0.46,0.721869402377463,12282.0,3159.0,546.29,NVIDIA GeForce RTX 4070,[N/A],Enabled,Enabled
1701785759.011631,0,GPU-93ae0c7f-c327-aee3-adae-bc0d1dae71ea,0.38,0.721869402377463,12282.0,3159.0,546.29,NVIDIA GeForce RTX 4070,[N/A],Enabled,Enabled
1701785760.012136,0,GPU-93ae0c7f-c327-aee3-adae-bc0d1dae71ea,0.38,0.721869402377463,12282.0,3159.0,546.29,NVIDIA GeForce RTX 4070,[N/A],Enabled,Enabled
1701785761.011924,0,GPU-93ae0c7f-c327-aee3-adae-bc0d1dae71ea,0.41,0.721869402377463,12282.0,3159.0,546.29,NVIDIA GeForce RTX 4070,[N/A],Enabled,Enabled
1701785762.011915,0,GPU-93ae0c7f-c327-aee3-adae-bc0d1dae71ea,0.4,0.721869402377463,12282.0,3159.0,546.29,NVIDIA GeForce RTX 4070,[N/A],Enabled,Enabled
1701785763.011833,0,GPU-93ae0c7f-c327-aee3-adae-bc0d1dae71ea,0.41,0.721869402377463,12282.0,3159.0,546.29,NVIDIA GeForce RTX 4070,[N/A],Enabled,Enabled
1701785764.011416,0,GPU-93ae0c7f-c327-aee3-adae-bc0d1dae71ea,0.35,0.721869402377463,12282.0,3159.0,546.29,NVIDIA GeForce RTX 4070,[N/A],Enabled,Enabled
1701785765.011984,0,GPU-93ae0c7f-c327-aee3-adae-bc0d1dae71ea,0.39,0.721869402377463,12282.0,3159.0,546.29,NVIDIA GeForce RTX 4070,[N/A],Enabled,Enabled
1701785766.011943,0,GPU-93ae0c7f-c327-aee3-adae-bc0d1dae71ea,0.39,0.721869402377463,12282.0,3159.0,546.29,NVIDIA GeForce RTX 4070,[N/A],Enabled,Enabled
1701785767.012037,0,GPU-93ae0c7f-c327-aee3-adae-bc0d1dae71ea,0.41,0.721869402377463,12282.0,3159.0,546.29,NVIDIA GeForce RTX 4070,[N/A],Enabled,Enabled
1701785768.011588,0,GPU-93ae0c7f-c327-aee3-adae-bc0d1dae71ea,0.38,0.721869402377463,12282.0,3159.0,546.29,NVIDIA GeForce RTX 4070,[N/A],Enabled,Enabled
1701785769.012025,0,GPU-93ae0c7f-c327-aee3-adae-bc0d1dae71ea,0.41,0.721869402377463,12282.0,3159.0,546.29,NVIDIA GeForce RTX 4070,[N/A],Enabled,Enabled
1701785770.012096,0,GPU-93ae0c7f-c327-aee3-adae-bc0d1dae71ea,0.39,0.721869402377463,12282.0,3159.0,546.29,NVIDIA GeForce RTX 4070,[N/A],Enabled,Enabled
1701785771.011267,0,GPU-93ae0c7f-c327-aee3-adae-bc0d1dae71ea,0.37,0.721869402377463,12282.0,3159.0,546.29,NVIDIA GeForce RTX 4070,[N/A],Enabled,Enabled
1701785772.011013,0,GPU-93ae0c7f-c327-aee3-adae-bc0d1dae71ea,0.36,0.721869402377463,12282.0,3159.0,546.29,NVIDIA GeForce RTX 4070,[N/A],Enabled,Enabled
1701785773.011994,0,GPU-93ae0c7f-c327-aee3-adae-bc0d1dae71ea,0.39,0.721869402377463,12282.0,3159.0,546.29,NVIDIA GeForce RTX 4070,[N/A],Enabled,Enabled
1701785774.01176,0,GPU-93ae0c7f-c327-aee3-adae-bc0d1dae71ea,0.35,0.721869402377463,12282.0,3159.0,546.29,NVIDIA GeForce RTX 4070,[N/A],Enabled,Enabled
1701785775.012331,0,GPU-93ae0c7f-c327-aee3-adae-bc0d1dae71ea,0.36,0.721869402377463,12282.0,3159.0,546.29,NVIDIA GeForce RTX 4070,[N/A],Enabled,Enabled
1701785776.011907,0,GPU-93ae0c7f-c327-aee3-adae-bc0d1dae71ea,0.35,0.721869402377463,12282.0,3159.0,546.29,NVIDIA GeForce RTX 4070,[N/A],Enabled,Enabled
1701785777.011013,0,GPU-93ae0c7f-c327-aee3-adae-bc0d1dae71ea,0.41,0.721869402377463,12282.0,3159.0,546.29,NVIDIA GeForce RTX 4070,[N/A],Enabled,Enabled
1701785778.011703,0,GPU-93ae0c7f-c327-aee3-adae-bc0d1dae71ea,0.34,0.721869402377463,12282.0,3159.0,546.29,NVIDIA GeForce RTX 4070,[N/A],Enabled,Enabled
1701785779.011843,0,GPU-93ae0c7f-c327-aee3-adae-bc0d1dae71ea,0.38,0.721869402377463,12282.0,3159.0,546.29,NVIDIA GeForce RTX 4070,[N/A],Enabled,Enabled
1701785780.011851,0,GPU-93ae0c7f-c327-aee3-adae-bc0d1dae71ea,0.36,0.721869402377463,12282.0,3159.0,546.29,NVIDIA GeForce RTX 4070,[N/A],Enabled,Enabled
1701785781.012279,0,GPU-93ae0c7f-c327-aee3-adae-bc0d1dae71ea,0.37,0.721869402377463,12282.0,3159.0,546.29,NVIDIA GeForce RTX 4070,[N/A],Enabled,Enabled
1701785782.010899,0,GPU-93ae0c7f-c327-aee3-adae-bc0d1dae71ea,0.38,0.721869402377463,12282.0,3159.0,546.29,NVIDIA GeForce RTX 4070,[N/A],Enabled,Enabled
1701785783.011556,0,GPU-93ae0c7f-c327-aee3-adae-bc0d1dae71ea,0.37,0.721869402377463,12282.0,3159.0,546.29,NVIDIA GeForce RTX 4070,[N/A],Enabled,Enabled
1701785784.012,0,GPU-93ae0c7f-c327-aee3-adae-bc0d1dae71ea,0.39,0.721869402377463,12282.0,3159.0,546.29,NVIDIA GeForce RTX 4070,[N/A],Enabled,Enabled
1701785785.012617,0,GPU-93ae0c7f-c327-aee3-adae-bc0d1dae71ea,0.37,0.721869402377463,12282.0,3159.0,546.29,NVIDIA GeForce RTX 4070,[N/A],Enabled,Enabled
1701785786.011218,0,GPU-93ae0c7f-c327-aee3-adae-bc0d1dae71ea,0.37,0.721869402377463,12282.0,3159.0,546.29,NVIDIA GeForce RTX 4070,[N/A],Enabled,Enabled
1701785787.012455,0,GPU-93ae0c7f-c327-aee3-adae-bc0d1dae71ea,0.36,0.721869402377463,12282.0,3159.0,546.29,NVIDIA GeForce RTX 4070,[N/A],Enabled,Enabled
1701785788.012162,0,GPU-93ae0c7f-c327-aee3-adae-bc0d1dae71ea,0.39,0.721869402377463,12282.0,3159.0,546.29,NVIDIA GeForce RTX 4070,[N/A],Enabled,Enabled
1701785789.011268,0,GPU-93ae0c7f-c327-aee3-adae-bc0d1dae71ea,0.38,0.721869402377463,12282.0,3159.0,546.29,NVIDIA GeForce RTX 4070,[N/A],Enabled,Enabled
1701785790.011159,0,GPU-93ae0c7f-c327-aee3-adae-bc0d1dae71ea,0.38,0.721869402377463,12282.0,3159.0,546.29,NVIDIA GeForce RTX 4070,[N/A],Enabled,Enabled
1701785791.012894,0,GPU-93ae0c7f-c327-aee3-adae-bc0d1dae71ea,0.5,0.721869402377463,12282.0,3159.0,546.29,NVIDIA GeForce RTX 4070,[N/A],Enabled,Enabled
1701785792.011654,0,GPU-93ae0c7f-c327-aee3-adae-bc0d1dae71ea,0.38,0.721869402377463,12282.0,3159.0,546.29,NVIDIA GeForce RTX 4070,[N/A],Enabled,Enabled
1701785793.011834,0,GPU-93ae0c7f-c327-aee3-adae-bc0d1dae71ea,0.42,0.7234978016609672,12282.0,3139.0,546.29,NVIDIA GeForce RTX 4070,[N/A],Enabled,Enabled
1701785794.011928,0,GPU-93ae0c7f-c327-aee3-adae-bc0d1dae71ea,0.35,0.7234978016609672,12282.0,3139.0,546.29,NVIDIA GeForce RTX 4070,[N/A],Enabled,Enabled
1701785795.012021,0,GPU-93ae0c7f-c327-aee3-adae-bc0d1dae71ea,0.35,0.7234978016609672,12282.0,3139.0,546.29,NVIDIA GeForce RTX 4070,[N/A],Enabled,Enabled
1701785796.011827,0,GPU-93ae0c7f-c327-aee3-adae-bc0d1dae71ea,0.41,0.7234978016609672,12282.0,3139.0,546.29,NVIDIA GeForce RTX 4070,[N/A],Enabled,Enabled
1701785797.011523,0,GPU-93ae0c7f-c327-aee3-adae-bc0d1dae71ea,0.42,0.7234978016609672,12282.0,3139.0,546.29,NVIDIA GeForce RTX 4070,[N/A],Enabled,Enabled
1701785798.011779,0,GPU-93ae0c7f-c327-aee3-adae-bc0d1dae71ea,0.38,0.7234978016609672,12282.0,3139.0,546.29,NVIDIA GeForce RTX 4070,[N/A],Enabled,Enabled
1701785799.011708,0,GPU-93ae0c7f-c327-aee3-adae-bc0d1dae71ea,0.42,0.7234978016609672,12282.0,3139.0,546.29,NVIDIA GeForce RTX 4070,[N/A],Enabled,Enabled
1701785800.011933,0,GPU-93ae0c7f-c327-aee3-adae-bc0d1dae71ea,0.37,0.7234978016609672,12282.0,3139.0,546.29,NVIDIA GeForce RTX 4070,[N/A],Enabled,Enabled
1701785801.011563,0,GPU-93ae0c7f-c327-aee3-adae-bc0d1dae71ea,0.43,0.7234978016609672,12282.0,3139.0,546.29,NVIDIA GeForce RTX 4070,[N/A],Enabled,Enabled
1701785802.011808,0,GPU-93ae0c7f-c327-aee3-adae-bc0d1dae71ea,0.43,0.7234978016609672,12282.0,3139.0,546.29,NVIDIA GeForce RTX 4070,[N/A],Enabled,Enabled
1701785803.011758,0,GPU-93ae0c7f-c327-aee3-adae-bc0d1dae71ea,0.41,0.7234978016609672,12282.0,3139.0,546.29,NVIDIA GeForce RTX 4070,[N/A],Enabled,Enabled
1701785804.011747,0,GPU-93ae0c7f-c327-aee3-adae-bc0d1dae71ea,0.4,0.7234978016609672,12282.0,3139.0,546.29,NVIDIA GeForce RTX 4070,[N/A],Enabled,Enabled
1701785805.011386,0,GPU-93ae0c7f-c327-aee3-adae-bc0d1dae71ea,0.36,0.7234978016609672,12282.0,3139.0,546.29,NVIDIA GeForce RTX 4070,[N/A],Enabled,Enabled
1701785806.012171,0,GPU-93ae0c7f-c327-aee3-adae-bc0d1dae71ea,0.42,0.7234978016609672,12282.0,3139.0,546.29,NVIDIA GeForce RTX 4070,[N/A],Enabled,Enabled
1701785807.01116,0,GPU-93ae0c7f-c327-aee3-adae-bc0d1dae71ea,0.38,0.7234978016609672,12282.0,3139.0,546.29,NVIDIA GeForce RTX 4070,[N/A],Enabled,Enabled
1701785808.011557,0,GPU-93ae0c7f-c327-aee3-adae-bc0d1dae71ea,0.43,0.7234978016609672,12282.0,3139.0,546.29,NVIDIA GeForce RTX 4070,[N/A],Enabled,Enabled
1701785809.012195,0,GPU-93ae0c7f-c327-aee3-adae-bc0d1dae71ea,0.4,0.7234978016609672,12282.0,3139.0,546.29,NVIDIA GeForce RTX 4070,[N/A],Enabled,Enabled
1701785810.011633,0,GPU-93ae0c7f-c327-aee3-adae-bc0d1dae71ea,0.37,0.7234978016609672,12282.0,3139.0,546.29,NVIDIA GeForce RTX 4070,[N/A],Enabled,Enabled
1701785811.012212,0,GPU-93ae0c7f-c327-aee3-adae-bc0d1dae71ea,0.44,0.7234978016609672,12282.0,3139.0,546.29,NVIDIA GeForce RTX 4070,[N/A],Enabled,Enabled
1701785812.011791,0,GPU-93ae0c7f-c327-aee3-adae-bc0d1dae71ea,0.36,0.7234978016609672,12282.0,3139.0,546.29,NVIDIA GeForce RTX 4070,[N/A],Enabled,Enabled
1701785813.012006,0,GPU-93ae0c7f-c327-aee3-adae-bc0d1dae71ea,0.38,0.7234978016609672,12282.0,3139.0,546.29,NVIDIA GeForce RTX 4070,[N/A],Enabled,Enabled
1701785814.011484,0,GPU-93ae0c7f-c327-aee3-adae-bc0d1dae71ea,0.37,0.7234978016609672,12282.0,3139.0,546.29,NVIDIA GeForce RTX 4070,[N/A],Enabled,Enabled
1701785815.012849,0,GPU-93ae0c7f-c327-aee3-adae-bc0d1dae71ea,0.4,0.7234978016609672,12282.0,3139.0,546.29,NVIDIA GeForce RTX 4070,[N/A],Enabled,Enabled
1701785816.011652,0,GPU-93ae0c7f-c327-aee3-adae-bc0d1dae71ea,0.37,0.7234978016609672,12282.0,3139.0,546.29,NVIDIA GeForce RTX 4070,[N/A],Enabled,Enabled
1701785817.011064,0,GPU-93ae0c7f-c327-aee3-adae-bc0d1dae71ea,0.34,0.7234978016609672,12282.0,3139.0,546.29,NVIDIA GeForce RTX 4070,[N/A],Enabled,Enabled
1701785818.011675,0,GPU-93ae0c7f-c327-aee3-adae-bc0d1dae71ea,0.39,0.7234978016609672,12282.0,3139.0,546.29,NVIDIA GeForce RTX 4070,[N/A],Enabled,Enabled
1701785819.011983,0,GPU-93ae0c7f-c327-aee3-adae-bc0d1dae71ea,0.36,0.7234978016609672,12282.0,3139.0,546.29,NVIDIA GeForce RTX 4070,[N/A],Enabled,Enabled
1701785820.011079,0,GPU-93ae0c7f-c327-aee3-adae-bc0d1dae71ea,0.32,0.7234978016609672,12282.0,3139.0,546.29,NVIDIA GeForce RTX 4070,[N/A],Enabled,Enabled
1701785821.011347,0,GPU-93ae0c7f-c327-aee3-adae-bc0d1dae71ea,0.26,0.7217065624491126,12282.0,3161.0,546.29,NVIDIA GeForce RTX 4070,[N/A],Enabled,Enabled
1701785822.011238,0,GPU-93ae0c7f-c327-aee3-adae-bc0d1dae71ea,0.26,0.7217065624491126,12282.0,3161.0,546.29,NVIDIA GeForce RTX 4070,[N/A],Enabled,Enabled
1701785823.012076,0,GPU-93ae0c7f-c327-aee3-adae-bc0d1dae71ea,0.24,0.717391304347826,12282.0,3214.0,546.29,NVIDIA GeForce RTX 4070,[N/A],Enabled,Enabled
1701785824.011696,0,GPU-93ae0c7f-c327-aee3-adae-bc0d1dae71ea,0.26,0.7217065624491126,12282.0,3161.0,546.29,NVIDIA GeForce RTX 4070,[N/A],Enabled,Enabled
1701785825.012389,0,GPU-93ae0c7f-c327-aee3-adae-bc0d1dae71ea,0.25,0.717391304347826,12282.0,3214.0,546.29,NVIDIA GeForce RTX 4070,[N/A],Enabled,Enabled
1701785826.011867,0,GPU-93ae0c7f-c327-aee3-adae-bc0d1dae71ea,0.27,0.7217065624491126,12282.0,3161.0,546.29,NVIDIA GeForce RTX 4070,[N/A],Enabled,Enabled
1701785827.011996,0,GPU-93ae0c7f-c327-aee3-adae-bc0d1dae71ea,0.23,0.717391304347826,12282.0,3214.0,546.29,NVIDIA GeForce RTX 4070,[N/A],Enabled,Enabled
1701785828.012441,0,GPU-93ae0c7f-c327-aee3-adae-bc0d1dae71ea,0.24,0.6801823807197525,12282.0,3671.0,546.29,NVIDIA GeForce RTX 4070,[N/A],Enabled,Enabled
1701785829.011476,0,GPU-93ae0c7f-c327-aee3-adae-bc0d1dae71ea,0.14,0.5613906529881126,12282.0,5130.0,546.29,NVIDIA GeForce RTX 4070,[N/A],Enabled,Enabled
1701785830.012541,0,GPU-93ae0c7f-c327-aee3-adae-bc0d1dae71ea,0.12,0.5620420127015144,12282.0,5122.0,546.29,NVIDIA GeForce RTX 4070,[N/A],Enabled,Enabled
1701785831.011746,0,GPU-93ae0c7f-c327-aee3-adae-bc0d1dae71ea,0.12,0.5620420127015144,12282.0,5122.0,546.29,NVIDIA GeForce RTX 4070,[N/A],Enabled,Enabled
1701785832.011704,0,GPU-93ae0c7f-c327-aee3-adae-bc0d1dae71ea,0.13,0.5620420127015144,12282.0,5122.0,546.29,NVIDIA GeForce RTX 4070,[N/A],Enabled,Enabled
1701785833.011981,0,GPU-93ae0c7f-c327-aee3-adae-bc0d1dae71ea,0.13,0.5620420127015144,12282.0,5122.0,546.29,NVIDIA GeForce RTX 4070,[N/A],Enabled,Enabled
1701785834.011374,0,GPU-93ae0c7f-c327-aee3-adae-bc0d1dae71ea,0.13,0.5639146718775444,12282.0,5099.0,546.29,NVIDIA GeForce RTX 4070,[N/A],Enabled,Enabled
1701785835.012172,0,GPU-93ae0c7f-c327-aee3-adae-bc0d1dae71ea,0.12,0.5638332519133692,12282.0,5100.0,546.29,NVIDIA GeForce RTX 4070,[N/A],Enabled,Enabled
1701785836.011664,0,GPU-93ae0c7f-c327-aee3-adae-bc0d1dae71ea,0.12,0.5638332519133692,12282.0,5100.0,546.29,NVIDIA GeForce RTX 4070,[N/A],Enabled,Enabled
1701785837.022182,0,GPU-93ae0c7f-c327-aee3-adae-bc0d1dae71ea,0.13,0.5638332519133692,12282.0,5100.0,546.29,NVIDIA GeForce RTX 4070,[N/A],Enabled,Enabled
1701785838.011664,0,GPU-93ae0c7f-c327-aee3-adae-bc0d1dae71ea,0.13,0.5638332519133692,12282.0,5100.0,546.29,NVIDIA GeForce RTX 4070,[N/A],Enabled,Enabled
1701785839.01123,0,GPU-93ae0c7f-c327-aee3-adae-bc0d1dae71ea,0.12,0.5638332519133692,12282.0,5100.0,546.29,NVIDIA GeForce RTX 4070,[N/A],Enabled,Enabled
1701785840.01137,0,GPU-93ae0c7f-c327-aee3-adae-bc0d1dae71ea,0.12,0.5638332519133692,12282.0,5100.0,546.29,NVIDIA GeForce RTX 4070,[N/A],Enabled,Enabled
