timestamp,id,uuid,load,memoryUtil,memoryTotal,memoryUsed,memoryFree,driver,name,serial,display_mode,display_active
1709238664.16217,0,GPU-93ae0c7f-c327-aee3-adae-bc0d1dae71ea,0.14,0.24963361016121152,12282.0,8945.0,551.52,NVIDIA GeForce RTX 4070,[N/A],Enabled,Enabled
1709238665.159563,0,GPU-93ae0c7f-c327-aee3-adae-bc0d1dae71ea,0.15,0.24930793030451068,12282.0,8949.0,551.52,NVIDIA GeForce RTX 4070,[N/A],Enabled,Enabled
1709238666.159673,0,GPU-93ae0c7f-c327-aee3-adae-bc0d1dae71ea,0.13,0.24930793030451068,12282.0,8949.0,551.52,NVIDIA GeForce RTX 4070,[N/A],Enabled,Enabled
1709238667.159202,0,GPU-93ae0c7f-c327-aee3-adae-bc0d1dae71ea,0.13,0.24930793030451068,12282.0,8949.0,551.52,NVIDIA GeForce RTX 4070,[N/A],Enabled,Enabled
1709238668.159769,0,GPU-93ae0c7f-c327-aee3-adae-bc0d1dae71ea,0.14,0.24930793030451068,12282.0,8949.0,551.52,NVIDIA GeForce RTX 4070,[N/A],Enabled,Enabled
1709238669.159117,0,GPU-93ae0c7f-c327-aee3-adae-bc0d1dae71ea,0.14,0.24930793030451068,12282.0,8949.0,551.52,NVIDIA GeForce RTX 4070,[N/A],Enabled,Enabled
1709238670.159468,0,GPU-93ae0c7f-c327-aee3-adae-bc0d1dae71ea,0.14,0.24930793030451068,12282.0,8949.0,551.52,NVIDIA GeForce RTX 4070,[N/A],Enabled,Enabled
1709238671.159498,0,GPU-93ae0c7f-c327-aee3-adae-bc0d1dae71ea,0.13,0.24930793030451068,12282.0,8949.0,551.52,NVIDIA GeForce RTX 4070,[N/A],Enabled,Enabled
1709238672.159796,0,GPU-93ae0c7f-c327-aee3-adae-bc0d1dae71ea,0.13,0.24930793030451068,12282.0,8949.0,551.52,NVIDIA GeForce RTX 4070,[N/A],Enabled,Enabled
1709238673.159624,0,GPU-93ae0c7f-c327-aee3-adae-bc0d1dae71ea,0.13,0.24930793030451068,12282.0,8949.0,551.52,NVIDIA GeForce RTX 4070,[N/A],Enabled,Enabled
1709238674.159274,0,GPU-93ae0c7f-c327-aee3-adae-bc0d1dae71ea,0.14,0.24930793030451068,12282.0,8949.0,551.52,NVIDIA GeForce RTX 4070,[N/A],Enabled,Enabled
1709238675.159143,0,GPU-93ae0c7f-c327-aee3-adae-bc0d1dae71ea,0.14,0.24930793030451068,12282.0,8949.0,551.52,NVIDIA GeForce RTX 4070,[N/A],Enabled,Enabled
1709238676.15892,0,GPU-93ae0c7f-c327-aee3-adae-bc0d1dae71ea,0.13,0.24930793030451068,12282.0,8949.0,551.52,NVIDIA GeForce RTX 4070,[N/A],Enabled,Enabled
1709238677.159846,0,GPU-93ae0c7f-c327-aee3-adae-bc0d1dae71ea,0.13,0.24930793030451068,12282.0,8949.0,551.52,NVIDIA GeForce RTX 4070,[N/A],Enabled,Enabled
1709238678.159161,0,GPU-93ae0c7f-c327-aee3-adae-bc0d1dae71ea,0.13,0.24930793030451068,12282.0,8949.0,551.52,NVIDIA GeForce RTX 4070,[N/A],Enabled,Enabled
1709238679.159123,0,GPU-93ae0c7f-c327-aee3-adae-bc0d1dae71ea,0.16,0.24808663084188243,12282.0,8964.0,551.52,NVIDIA GeForce RTX 4070,[N/A],Enabled,Enabled
1709238680.159757,0,GPU-93ae0c7f-c327-aee3-adae-bc0d1dae71ea,0.15,0.2500407099820876,12282.0,8940.0,551.52,NVIDIA GeForce RTX 4070,[N/A],Enabled,Enabled
1709238681.159359,0,GPU-93ae0c7f-c327-aee3-adae-bc0d1dae71ea,0.21,0.356212343266569,12282.0,7636.0,551.52,NVIDIA GeForce RTX 4070,[N/A],Enabled,Enabled
1709238682.159414,0,GPU-93ae0c7f-c327-aee3-adae-bc0d1dae71ea,0.08,0.3212017586712262,12282.0,8066.0,551.52,NVIDIA GeForce RTX 4070,[N/A],Enabled,Enabled
1709238683.159315,0,GPU-93ae0c7f-c327-aee3-adae-bc0d1dae71ea,0.08,0.3212017586712262,12282.0,8066.0,551.52,NVIDIA GeForce RTX 4070,[N/A],Enabled,Enabled
1709238684.158912,0,GPU-93ae0c7f-c327-aee3-adae-bc0d1dae71ea,0.08,0.321120338707051,12282.0,8067.0,551.52,NVIDIA GeForce RTX 4070,[N/A],Enabled,Enabled
1709238685.159172,0,GPU-93ae0c7f-c327-aee3-adae-bc0d1dae71ea,0.05,0.24198013352874126,12282.0,9039.0,551.52,NVIDIA GeForce RTX 4070,[N/A],Enabled,Enabled
1709238686.158823,0,GPU-93ae0c7f-c327-aee3-adae-bc0d1dae71ea,0.3,0.4825761276665038,12282.0,6084.0,551.52,NVIDIA GeForce RTX 4070,[N/A],Enabled,Enabled
1709238687.159459,0,GPU-93ae0c7f-c327-aee3-adae-bc0d1dae71ea,0.31,0.449438202247191,12282.0,6491.0,551.52,NVIDIA GeForce RTX 4070,[N/A],Enabled,Enabled
1709238688.159704,0,GPU-93ae0c7f-c327-aee3-adae-bc0d1dae71ea,0.35,0.45448624002605437,12282.0,6429.0,551.52,NVIDIA GeForce RTX 4070,[N/A],Enabled,Enabled
1709238689.160346,0,GPU-93ae0c7f-c327-aee3-adae-bc0d1dae71ea,0.29,0.44911252239049015,12282.0,6495.0,551.52,NVIDIA GeForce RTX 4070,[N/A],Enabled,Enabled
1709238690.159887,0,GPU-93ae0c7f-c327-aee3-adae-bc0d1dae71ea,0.3,0.45375346034847747,12282.0,6438.0,551.52,NVIDIA GeForce RTX 4070,[N/A],Enabled,Enabled
1709238691.159215,0,GPU-93ae0c7f-c327-aee3-adae-bc0d1dae71ea,0.24,0.5665201107311513,12282.0,5053.0,551.52,NVIDIA GeForce RTX 4070,[N/A],Enabled,Enabled
1709238692.159572,0,GPU-93ae0c7f-c327-aee3-adae-bc0d1dae71ea,0.32,0.45530043966780653,12282.0,6419.0,551.52,NVIDIA GeForce RTX 4070,[N/A],Enabled,Enabled
1709238693.158782,0,GPU-93ae0c7f-c327-aee3-adae-bc0d1dae71ea,0.28,0.450578081745644,12282.0,6477.0,551.52,NVIDIA GeForce RTX 4070,[N/A],Enabled,Enabled
1709238694.159339,0,GPU-93ae0c7f-c327-aee3-adae-bc0d1dae71ea,0.28,0.450578081745644,12282.0,6477.0,551.52,NVIDIA GeForce RTX 4070,[N/A],Enabled,Enabled
1709238695.159912,0,GPU-93ae0c7f-c327-aee3-adae-bc0d1dae71ea,0.29,0.45530043966780653,12282.0,6419.0,551.52,NVIDIA GeForce RTX 4070,[N/A],Enabled,Enabled
1709238696.159178,0,GPU-93ae0c7f-c327-aee3-adae-bc0d1dae71ea,0.28,0.45114802149487054,12282.0,6470.0,551.52,NVIDIA GeForce RTX 4070,[N/A],Enabled,Enabled
1709238697.158799,0,GPU-93ae0c7f-c327-aee3-adae-bc0d1dae71ea,0.31,0.45578895945285786,12282.0,6413.0,551.52,NVIDIA GeForce RTX 4070,[N/A],Enabled,Enabled
1709238698.158868,0,GPU-93ae0c7f-c327-aee3-adae-bc0d1dae71ea,0.28,0.45562611952450743,12282.0,6415.0,551.52,NVIDIA GeForce RTX 4070,[N/A],Enabled,Enabled
1709238699.159451,0,GPU-93ae0c7f-c327-aee3-adae-bc0d1dae71ea,0.29,0.45562611952450743,12282.0,6415.0,551.52,NVIDIA GeForce RTX 4070,[N/A],Enabled,Enabled
1709238700.159123,0,GPU-93ae0c7f-c327-aee3-adae-bc0d1dae71ea,0.3,0.45562611952450743,12282.0,6415.0,551.52,NVIDIA GeForce RTX 4070,[N/A],Enabled,Enabled
1709238701.159369,0,GPU-93ae0c7f-c327-aee3-adae-bc0d1dae71ea,0.28,0.4509037616023449,12282.0,6473.0,551.52,NVIDIA GeForce RTX 4070,[N/A],Enabled,Enabled
1709238702.15917,0,GPU-93ae0c7f-c327-aee3-adae-bc0d1dae71ea,0.29,0.4509037616023449,12282.0,6473.0,551.52,NVIDIA GeForce RTX 4070,[N/A],Enabled,Enabled
1709238703.159768,0,GPU-93ae0c7f-c327-aee3-adae-bc0d1dae71ea,0.31,0.45562611952450743,12282.0,6415.0,551.52,NVIDIA GeForce RTX 4070,[N/A],Enabled,Enabled
1709238704.159754,0,GPU-93ae0c7f-c327-aee3-adae-bc0d1dae71ea,0.28,0.4509851815665201,12282.0,6472.0,551.52,NVIDIA GeForce RTX 4070,[N/A],Enabled,Enabled
1709238705.160065,0,GPU-93ae0c7f-c327-aee3-adae-bc0d1dae71ea,0.3,0.45562611952450743,12282.0,6415.0,551.52,NVIDIA GeForce RTX 4070,[N/A],Enabled,Enabled
1709238706.159285,0,GPU-93ae0c7f-c327-aee3-adae-bc0d1dae71ea,0.29,0.4509851815665201,12282.0,6472.0,551.52,NVIDIA GeForce RTX 4070,[N/A],Enabled,Enabled
1709238707.160573,0,GPU-93ae0c7f-c327-aee3-adae-bc0d1dae71ea,0.29,0.4509851815665201,12282.0,6472.0,551.52,NVIDIA GeForce RTX 4070,[N/A],Enabled,Enabled
1709238708.159884,0,GPU-93ae0c7f-c327-aee3-adae-bc0d1dae71ea,0.31,0.45562611952450743,12282.0,6415.0,551.52,NVIDIA GeForce RTX 4070,[N/A],Enabled,Enabled
1709238709.160144,0,GPU-93ae0c7f-c327-aee3-adae-bc0d1dae71ea,0.15,0.4594528578407425,12282.0,6368.0,551.52,NVIDIA GeForce RTX 4070,[N/A],Enabled,Enabled
1709238710.159128,0,GPU-93ae0c7f-c327-aee3-adae-bc0d1dae71ea,0.37,0.4594528578407425,12282.0,6368.0,551.52,NVIDIA GeForce RTX 4070,[N/A],Enabled,Enabled
1709238711.159597,0,GPU-93ae0c7f-c327-aee3-adae-bc0d1dae71ea,0.42,0.4594528578407425,12282.0,6368.0,551.52,NVIDIA GeForce RTX 4070,[N/A],Enabled,Enabled
1709238712.159551,0,GPU-93ae0c7f-c327-aee3-adae-bc0d1dae71ea,0.46,0.4594528578407425,12282.0,6368.0,551.52,NVIDIA GeForce RTX 4070,[N/A],Enabled,Enabled
1709238713.159987,0,GPU-93ae0c7f-c327-aee3-adae-bc0d1dae71ea,0.38,0.4594528578407425,12282.0,6368.0,551.52,NVIDIA GeForce RTX 4070,[N/A],Enabled,Enabled
1709238714.159064,0,GPU-93ae0c7f-c327-aee3-adae-bc0d1dae71ea,0.41,0.4594528578407425,12282.0,6368.0,551.52,NVIDIA GeForce RTX 4070,[N/A],Enabled,Enabled
1709238715.159882,0,GPU-93ae0c7f-c327-aee3-adae-bc0d1dae71ea,0.37,0.4594528578407425,12282.0,6368.0,551.52,NVIDIA GeForce RTX 4070,[N/A],Enabled,Enabled
1709238716.160451,0,GPU-93ae0c7f-c327-aee3-adae-bc0d1dae71ea,0.38,0.4594528578407425,12282.0,6368.0,551.52,NVIDIA GeForce RTX 4070,[N/A],Enabled,Enabled
1709238717.15926,0,GPU-93ae0c7f-c327-aee3-adae-bc0d1dae71ea,0.37,0.4594528578407425,12282.0,6368.0,551.52,NVIDIA GeForce RTX 4070,[N/A],Enabled,Enabled
1709238718.16038,0,GPU-93ae0c7f-c327-aee3-adae-bc0d1dae71ea,0.4,0.4594528578407425,12282.0,6368.0,551.52,NVIDIA GeForce RTX 4070,[N/A],Enabled,Enabled
1709238719.158952,0,GPU-93ae0c7f-c327-aee3-adae-bc0d1dae71ea,0.43,0.4594528578407425,12282.0,6368.0,551.52,NVIDIA GeForce RTX 4070,[N/A],Enabled,Enabled
1709238720.159725,0,GPU-93ae0c7f-c327-aee3-adae-bc0d1dae71ea,0.38,0.4594528578407425,12282.0,6368.0,551.52,NVIDIA GeForce RTX 4070,[N/A],Enabled,Enabled
1709238721.159286,0,GPU-93ae0c7f-c327-aee3-adae-bc0d1dae71ea,0.39,0.4594528578407425,12282.0,6368.0,551.52,NVIDIA GeForce RTX 4070,[N/A],Enabled,Enabled
1709238722.159044,0,GPU-93ae0c7f-c327-aee3-adae-bc0d1dae71ea,0.4,0.4594528578407425,12282.0,6368.0,551.52,NVIDIA GeForce RTX 4070,[N/A],Enabled,Enabled
1709238723.159085,0,GPU-93ae0c7f-c327-aee3-adae-bc0d1dae71ea,0.39,0.4594528578407425,12282.0,6368.0,551.52,NVIDIA GeForce RTX 4070,[N/A],Enabled,Enabled
1709238724.160158,0,GPU-93ae0c7f-c327-aee3-adae-bc0d1dae71ea,0.39,0.4594528578407425,12282.0,6368.0,551.52,NVIDIA GeForce RTX 4070,[N/A],Enabled,Enabled
1709238725.15951,0,GPU-93ae0c7f-c327-aee3-adae-bc0d1dae71ea,0.4,0.4594528578407425,12282.0,6368.0,551.52,NVIDIA GeForce RTX 4070,[N/A],Enabled,Enabled
1709238726.159551,0,GPU-93ae0c7f-c327-aee3-adae-bc0d1dae71ea,0.44,0.4594528578407425,12282.0,6368.0,551.52,NVIDIA GeForce RTX 4070,[N/A],Enabled,Enabled
1709238727.159321,0,GPU-93ae0c7f-c327-aee3-adae-bc0d1dae71ea,0.42,0.4594528578407425,12282.0,6368.0,551.52,NVIDIA GeForce RTX 4070,[N/A],Enabled,Enabled
1709238728.159466,0,GPU-93ae0c7f-c327-aee3-adae-bc0d1dae71ea,0.39,0.4594528578407425,12282.0,6368.0,551.52,NVIDIA GeForce RTX 4070,[N/A],Enabled,Enabled
1709238729.159224,0,GPU-93ae0c7f-c327-aee3-adae-bc0d1dae71ea,0.44,0.4594528578407425,12282.0,6368.0,551.52,NVIDIA GeForce RTX 4070,[N/A],Enabled,Enabled
1709238730.159432,0,GPU-93ae0c7f-c327-aee3-adae-bc0d1dae71ea,0.39,0.4594528578407425,12282.0,6368.0,551.52,NVIDIA GeForce RTX 4070,[N/A],Enabled,Enabled
1709238731.160333,0,GPU-93ae0c7f-c327-aee3-adae-bc0d1dae71ea,0.4,0.4594528578407425,12282.0,6368.0,551.52,NVIDIA GeForce RTX 4070,[N/A],Enabled,Enabled
1709238732.159435,0,GPU-93ae0c7f-c327-aee3-adae-bc0d1dae71ea,0.44,0.4594528578407425,12282.0,6368.0,551.52,NVIDIA GeForce RTX 4070,[N/A],Enabled,Enabled
1709238733.159711,0,GPU-93ae0c7f-c327-aee3-adae-bc0d1dae71ea,0.45,0.4594528578407425,12282.0,6368.0,551.52,NVIDIA GeForce RTX 4070,[N/A],Enabled,Enabled
1709238734.159485,0,GPU-93ae0c7f-c327-aee3-adae-bc0d1dae71ea,0.45,0.4594528578407425,12282.0,6368.0,551.52,NVIDIA GeForce RTX 4070,[N/A],Enabled,Enabled
1709238735.159254,0,GPU-93ae0c7f-c327-aee3-adae-bc0d1dae71ea,0.43,0.4594528578407425,12282.0,6368.0,551.52,NVIDIA GeForce RTX 4070,[N/A],Enabled,Enabled
1709238736.159486,0,GPU-93ae0c7f-c327-aee3-adae-bc0d1dae71ea,0.44,0.4594528578407425,12282.0,6368.0,551.52,NVIDIA GeForce RTX 4070,[N/A],Enabled,Enabled
1709238737.159657,0,GPU-93ae0c7f-c327-aee3-adae-bc0d1dae71ea,0.44,0.4594528578407425,12282.0,6368.0,551.52,NVIDIA GeForce RTX 4070,[N/A],Enabled,Enabled
1709238738.159548,0,GPU-93ae0c7f-c327-aee3-adae-bc0d1dae71ea,0.48,0.4594528578407425,12282.0,6368.0,551.52,NVIDIA GeForce RTX 4070,[N/A],Enabled,Enabled
1709238739.159409,0,GPU-93ae0c7f-c327-aee3-adae-bc0d1dae71ea,0.39,0.4594528578407425,12282.0,6368.0,551.52,NVIDIA GeForce RTX 4070,[N/A],Enabled,Enabled
1709238740.159913,0,GPU-93ae0c7f-c327-aee3-adae-bc0d1dae71ea,0.38,0.4594528578407425,12282.0,6368.0,551.52,NVIDIA GeForce RTX 4070,[N/A],Enabled,Enabled
1709238741.160294,0,GPU-93ae0c7f-c327-aee3-adae-bc0d1dae71ea,0.42,0.4594528578407425,12282.0,6368.0,551.52,NVIDIA GeForce RTX 4070,[N/A],Enabled,Enabled
1709238742.159056,0,GPU-93ae0c7f-c327-aee3-adae-bc0d1dae71ea,0.39,0.4594528578407425,12282.0,6368.0,551.52,NVIDIA GeForce RTX 4070,[N/A],Enabled,Enabled
1709238743.158913,0,GPU-93ae0c7f-c327-aee3-adae-bc0d1dae71ea,0.44,0.4594528578407425,12282.0,6368.0,551.52,NVIDIA GeForce RTX 4070,[N/A],Enabled,Enabled
1709238744.159711,0,GPU-93ae0c7f-c327-aee3-adae-bc0d1dae71ea,0.43,0.4594528578407425,12282.0,6368.0,551.52,NVIDIA GeForce RTX 4070,[N/A],Enabled,Enabled
1709238745.159361,0,GPU-93ae0c7f-c327-aee3-adae-bc0d1dae71ea,0.37,0.4594528578407425,12282.0,6368.0,551.52,NVIDIA GeForce RTX 4070,[N/A],Enabled,Enabled
1709238746.159553,0,GPU-93ae0c7f-c327-aee3-adae-bc0d1dae71ea,0.39,0.4594528578407425,12282.0,6368.0,551.52,NVIDIA GeForce RTX 4070,[N/A],Enabled,Enabled
1709238747.159245,0,GPU-93ae0c7f-c327-aee3-adae-bc0d1dae71ea,0.38,0.4594528578407425,12282.0,6368.0,551.52,NVIDIA GeForce RTX 4070,[N/A],Enabled,Enabled
1709238748.15978,0,GPU-93ae0c7f-c327-aee3-adae-bc0d1dae71ea,0.44,0.4594528578407425,12282.0,6368.0,551.52,NVIDIA GeForce RTX 4070,[N/A],Enabled,Enabled
1709238749.160365,0,GPU-93ae0c7f-c327-aee3-adae-bc0d1dae71ea,0.45,0.4594528578407425,12282.0,6368.0,551.52,NVIDIA GeForce RTX 4070,[N/A],Enabled,Enabled
1709238750.159284,0,GPU-93ae0c7f-c327-aee3-adae-bc0d1dae71ea,0.4,0.4594528578407425,12282.0,6368.0,551.52,NVIDIA GeForce RTX 4070,[N/A],Enabled,Enabled
1709238751.159366,0,GPU-93ae0c7f-c327-aee3-adae-bc0d1dae71ea,0.38,0.4594528578407425,12282.0,6368.0,551.52,NVIDIA GeForce RTX 4070,[N/A],Enabled,Enabled
1709238752.160067,0,GPU-93ae0c7f-c327-aee3-adae-bc0d1dae71ea,0.43,0.4594528578407425,12282.0,6368.0,551.52,NVIDIA GeForce RTX 4070,[N/A],Enabled,Enabled
1709238753.160173,0,GPU-93ae0c7f-c327-aee3-adae-bc0d1dae71ea,0.41,0.4594528578407425,12282.0,6368.0,551.52,NVIDIA GeForce RTX 4070,[N/A],Enabled,Enabled
1709238754.159733,0,GPU-93ae0c7f-c327-aee3-adae-bc0d1dae71ea,0.44,0.4594528578407425,12282.0,6368.0,551.52,NVIDIA GeForce RTX 4070,[N/A],Enabled,Enabled
1709238755.159416,0,GPU-93ae0c7f-c327-aee3-adae-bc0d1dae71ea,0.39,0.4594528578407425,12282.0,6368.0,551.52,NVIDIA GeForce RTX 4070,[N/A],Enabled,Enabled
1709238756.159147,0,GPU-93ae0c7f-c327-aee3-adae-bc0d1dae71ea,0.42,0.4594528578407425,12282.0,6368.0,551.52,NVIDIA GeForce RTX 4070,[N/A],Enabled,Enabled
1709238757.159718,0,GPU-93ae0c7f-c327-aee3-adae-bc0d1dae71ea,0.43,0.4594528578407425,12282.0,6368.0,551.52,NVIDIA GeForce RTX 4070,[N/A],Enabled,Enabled
1709238758.159029,0,GPU-93ae0c7f-c327-aee3-adae-bc0d1dae71ea,0.39,0.4594528578407425,12282.0,6368.0,551.52,NVIDIA GeForce RTX 4070,[N/A],Enabled,Enabled
1709238759.159662,0,GPU-93ae0c7f-c327-aee3-adae-bc0d1dae71ea,0.43,0.4594528578407425,12282.0,6368.0,551.52,NVIDIA GeForce RTX 4070,[N/A],Enabled,Enabled
1709238760.159679,0,GPU-93ae0c7f-c327-aee3-adae-bc0d1dae71ea,0.44,0.4594528578407425,12282.0,6368.0,551.52,NVIDIA GeForce RTX 4070,[N/A],Enabled,Enabled
1709238761.159208,0,GPU-93ae0c7f-c327-aee3-adae-bc0d1dae71ea,0.37,0.4594528578407425,12282.0,6368.0,551.52,NVIDIA GeForce RTX 4070,[N/A],Enabled,Enabled
1709238762.158775,0,GPU-93ae0c7f-c327-aee3-adae-bc0d1dae71ea,0.4,0.4594528578407425,12282.0,6368.0,551.52,NVIDIA GeForce RTX 4070,[N/A],Enabled,Enabled
1709238763.159745,0,GPU-93ae0c7f-c327-aee3-adae-bc0d1dae71ea,0.43,0.4594528578407425,12282.0,6368.0,551.52,NVIDIA GeForce RTX 4070,[N/A],Enabled,Enabled
1709238764.159159,0,GPU-93ae0c7f-c327-aee3-adae-bc0d1dae71ea,0.43,0.4594528578407425,12282.0,6368.0,551.52,NVIDIA GeForce RTX 4070,[N/A],Enabled,Enabled
1709238765.159576,0,GPU-93ae0c7f-c327-aee3-adae-bc0d1dae71ea,0.39,0.4594528578407425,12282.0,6368.0,551.52,NVIDIA GeForce RTX 4070,[N/A],Enabled,Enabled
1709238766.159448,0,GPU-93ae0c7f-c327-aee3-adae-bc0d1dae71ea,0.43,0.4594528578407425,12282.0,6368.0,551.52,NVIDIA GeForce RTX 4070,[N/A],Enabled,Enabled
1709238767.160463,0,GPU-93ae0c7f-c327-aee3-adae-bc0d1dae71ea,0.38,0.4594528578407425,12282.0,6368.0,551.52,NVIDIA GeForce RTX 4070,[N/A],Enabled,Enabled
1709238768.159925,0,GPU-93ae0c7f-c327-aee3-adae-bc0d1dae71ea,0.43,0.4594528578407425,12282.0,6368.0,551.52,NVIDIA GeForce RTX 4070,[N/A],Enabled,Enabled
1709238769.159293,0,GPU-93ae0c7f-c327-aee3-adae-bc0d1dae71ea,0.42,0.4594528578407425,12282.0,6368.0,551.52,NVIDIA GeForce RTX 4070,[N/A],Enabled,Enabled
1709238770.159034,0,GPU-93ae0c7f-c327-aee3-adae-bc0d1dae71ea,0.39,0.4594528578407425,12282.0,6368.0,551.52,NVIDIA GeForce RTX 4070,[N/A],Enabled,Enabled
1709238771.159951,0,GPU-93ae0c7f-c327-aee3-adae-bc0d1dae71ea,0.41,0.4594528578407425,12282.0,6368.0,551.52,NVIDIA GeForce RTX 4070,[N/A],Enabled,Enabled
1709238772.159413,0,GPU-93ae0c7f-c327-aee3-adae-bc0d1dae71ea,0.38,0.4594528578407425,12282.0,6368.0,551.52,NVIDIA GeForce RTX 4070,[N/A],Enabled,Enabled
1709238773.160173,0,GPU-93ae0c7f-c327-aee3-adae-bc0d1dae71ea,0.4,0.4594528578407425,12282.0,6368.0,551.52,NVIDIA GeForce RTX 4070,[N/A],Enabled,Enabled
1709238774.159862,0,GPU-93ae0c7f-c327-aee3-adae-bc0d1dae71ea,0.43,0.4594528578407425,12282.0,6368.0,551.52,NVIDIA GeForce RTX 4070,[N/A],Enabled,Enabled
1709238775.159514,0,GPU-93ae0c7f-c327-aee3-adae-bc0d1dae71ea,0.42,0.4594528578407425,12282.0,6368.0,551.52,NVIDIA GeForce RTX 4070,[N/A],Enabled,Enabled
1709238776.159077,0,GPU-93ae0c7f-c327-aee3-adae-bc0d1dae71ea,0.37,0.4594528578407425,12282.0,6368.0,551.52,NVIDIA GeForce RTX 4070,[N/A],Enabled,Enabled
1709238777.159393,0,GPU-93ae0c7f-c327-aee3-adae-bc0d1dae71ea,0.43,0.4594528578407425,12282.0,6368.0,551.52,NVIDIA GeForce RTX 4070,[N/A],Enabled,Enabled
1709238778.15971,0,GPU-93ae0c7f-c327-aee3-adae-bc0d1dae71ea,0.47,0.4594528578407425,12282.0,6368.0,551.52,NVIDIA GeForce RTX 4070,[N/A],Enabled,Enabled
1709238779.160137,0,GPU-93ae0c7f-c327-aee3-adae-bc0d1dae71ea,0.4,0.4594528578407425,12282.0,6368.0,551.52,NVIDIA GeForce RTX 4070,[N/A],Enabled,Enabled
1709238780.16012,0,GPU-93ae0c7f-c327-aee3-adae-bc0d1dae71ea,0.47,0.4594528578407425,12282.0,6368.0,551.52,NVIDIA GeForce RTX 4070,[N/A],Enabled,Enabled
1709238781.159045,0,GPU-93ae0c7f-c327-aee3-adae-bc0d1dae71ea,0.41,0.4594528578407425,12282.0,6368.0,551.52,NVIDIA GeForce RTX 4070,[N/A],Enabled,Enabled
1709238782.158971,0,GPU-93ae0c7f-c327-aee3-adae-bc0d1dae71ea,0.42,0.4594528578407425,12282.0,6368.0,551.52,NVIDIA GeForce RTX 4070,[N/A],Enabled,Enabled
1709238783.158897,0,GPU-93ae0c7f-c327-aee3-adae-bc0d1dae71ea,0.45,0.4594528578407425,12282.0,6368.0,551.52,NVIDIA GeForce RTX 4070,[N/A],Enabled,Enabled
1709238784.159371,0,GPU-93ae0c7f-c327-aee3-adae-bc0d1dae71ea,0.38,0.4594528578407425,12282.0,6368.0,551.52,NVIDIA GeForce RTX 4070,[N/A],Enabled,Enabled
1709238785.159409,0,GPU-93ae0c7f-c327-aee3-adae-bc0d1dae71ea,0.39,0.4594528578407425,12282.0,6368.0,551.52,NVIDIA GeForce RTX 4070,[N/A],Enabled,Enabled
1709238786.159568,0,GPU-93ae0c7f-c327-aee3-adae-bc0d1dae71ea,0.45,0.4594528578407425,12282.0,6368.0,551.52,NVIDIA GeForce RTX 4070,[N/A],Enabled,Enabled
1709238787.15904,0,GPU-93ae0c7f-c327-aee3-adae-bc0d1dae71ea,0.4,0.4594528578407425,12282.0,6368.0,551.52,NVIDIA GeForce RTX 4070,[N/A],Enabled,Enabled
1709238788.159634,0,GPU-93ae0c7f-c327-aee3-adae-bc0d1dae71ea,0.39,0.4594528578407425,12282.0,6368.0,551.52,NVIDIA GeForce RTX 4070,[N/A],Enabled,Enabled
1709238789.158797,0,GPU-93ae0c7f-c327-aee3-adae-bc0d1dae71ea,0.44,0.4594528578407425,12282.0,6368.0,551.52,NVIDIA GeForce RTX 4070,[N/A],Enabled,Enabled
1709238790.159295,0,GPU-93ae0c7f-c327-aee3-adae-bc0d1dae71ea,0.43,0.4594528578407425,12282.0,6368.0,551.52,NVIDIA GeForce RTX 4070,[N/A],Enabled,Enabled
1709238791.16015,0,GPU-93ae0c7f-c327-aee3-adae-bc0d1dae71ea,0.39,0.4594528578407425,12282.0,6368.0,551.52,NVIDIA GeForce RTX 4070,[N/A],Enabled,Enabled
1709238792.159259,0,GPU-93ae0c7f-c327-aee3-adae-bc0d1dae71ea,0.46,0.4594528578407425,12282.0,6368.0,551.52,NVIDIA GeForce RTX 4070,[N/A],Enabled,Enabled
1709238793.159856,0,GPU-93ae0c7f-c327-aee3-adae-bc0d1dae71ea,0.39,0.4594528578407425,12282.0,6368.0,551.52,NVIDIA GeForce RTX 4070,[N/A],Enabled,Enabled
1709238794.159737,0,GPU-93ae0c7f-c327-aee3-adae-bc0d1dae71ea,0.4,0.4594528578407425,12282.0,6368.0,551.52,NVIDIA GeForce RTX 4070,[N/A],Enabled,Enabled
1709238795.159495,0,GPU-93ae0c7f-c327-aee3-adae-bc0d1dae71ea,0.42,0.4594528578407425,12282.0,6368.0,551.52,NVIDIA GeForce RTX 4070,[N/A],Enabled,Enabled
1709238796.159819,0,GPU-93ae0c7f-c327-aee3-adae-bc0d1dae71ea,0.41,0.4594528578407425,12282.0,6368.0,551.52,NVIDIA GeForce RTX 4070,[N/A],Enabled,Enabled
1709238797.159135,0,GPU-93ae0c7f-c327-aee3-adae-bc0d1dae71ea,0.42,0.4594528578407425,12282.0,6368.0,551.52,NVIDIA GeForce RTX 4070,[N/A],Enabled,Enabled
1709238798.159095,0,GPU-93ae0c7f-c327-aee3-adae-bc0d1dae71ea,0.39,0.4594528578407425,12282.0,6368.0,551.52,NVIDIA GeForce RTX 4070,[N/A],Enabled,Enabled
1709238799.159307,0,GPU-93ae0c7f-c327-aee3-adae-bc0d1dae71ea,0.42,0.4594528578407425,12282.0,6368.0,551.52,NVIDIA GeForce RTX 4070,[N/A],Enabled,Enabled
1709238800.159982,0,GPU-93ae0c7f-c327-aee3-adae-bc0d1dae71ea,0.41,0.4594528578407425,12282.0,6368.0,551.52,NVIDIA GeForce RTX 4070,[N/A],Enabled,Enabled
1709238801.158886,0,GPU-93ae0c7f-c327-aee3-adae-bc0d1dae71ea,0.45,0.4594528578407425,12282.0,6368.0,551.52,NVIDIA GeForce RTX 4070,[N/A],Enabled,Enabled
1709238802.159174,0,GPU-93ae0c7f-c327-aee3-adae-bc0d1dae71ea,0.42,0.4594528578407425,12282.0,6368.0,551.52,NVIDIA GeForce RTX 4070,[N/A],Enabled,Enabled
1709238803.159824,0,GPU-93ae0c7f-c327-aee3-adae-bc0d1dae71ea,0.41,0.4594528578407425,12282.0,6368.0,551.52,NVIDIA GeForce RTX 4070,[N/A],Enabled,Enabled
1709238804.158991,0,GPU-93ae0c7f-c327-aee3-adae-bc0d1dae71ea,0.45,0.4594528578407425,12282.0,6368.0,551.52,NVIDIA GeForce RTX 4070,[N/A],Enabled,Enabled
1709238805.159776,0,GPU-93ae0c7f-c327-aee3-adae-bc0d1dae71ea,0.42,0.4594528578407425,12282.0,6368.0,551.52,NVIDIA GeForce RTX 4070,[N/A],Enabled,Enabled
1709238806.158976,0,GPU-93ae0c7f-c327-aee3-adae-bc0d1dae71ea,0.39,0.4594528578407425,12282.0,6368.0,551.52,NVIDIA GeForce RTX 4070,[N/A],Enabled,Enabled
1709238807.159802,0,GPU-93ae0c7f-c327-aee3-adae-bc0d1dae71ea,0.41,0.4594528578407425,12282.0,6368.0,551.52,NVIDIA GeForce RTX 4070,[N/A],Enabled,Enabled
1709238808.159718,0,GPU-93ae0c7f-c327-aee3-adae-bc0d1dae71ea,0.39,0.4594528578407425,12282.0,6368.0,551.52,NVIDIA GeForce RTX 4070,[N/A],Enabled,Enabled
1709238809.159064,0,GPU-93ae0c7f-c327-aee3-adae-bc0d1dae71ea,0.38,0.4594528578407425,12282.0,6368.0,551.52,NVIDIA GeForce RTX 4070,[N/A],Enabled,Enabled
1709238810.159336,0,GPU-93ae0c7f-c327-aee3-adae-bc0d1dae71ea,0.43,0.4594528578407425,12282.0,6368.0,551.52,NVIDIA GeForce RTX 4070,[N/A],Enabled,Enabled
1709238811.159617,0,GPU-93ae0c7f-c327-aee3-adae-bc0d1dae71ea,0.38,0.4594528578407425,12282.0,6368.0,551.52,NVIDIA GeForce RTX 4070,[N/A],Enabled,Enabled
1709238812.159623,0,GPU-93ae0c7f-c327-aee3-adae-bc0d1dae71ea,0.42,0.4594528578407425,12282.0,6368.0,551.52,NVIDIA GeForce RTX 4070,[N/A],Enabled,Enabled
1709238813.160162,0,GPU-93ae0c7f-c327-aee3-adae-bc0d1dae71ea,0.38,0.4594528578407425,12282.0,6368.0,551.52,NVIDIA GeForce RTX 4070,[N/A],Enabled,Enabled
1709238814.159193,0,GPU-93ae0c7f-c327-aee3-adae-bc0d1dae71ea,0.44,0.4594528578407425,12282.0,6368.0,551.52,NVIDIA GeForce RTX 4070,[N/A],Enabled,Enabled
1709238815.159549,0,GPU-93ae0c7f-c327-aee3-adae-bc0d1dae71ea,0.48,0.4594528578407425,12282.0,6368.0,551.52,NVIDIA GeForce RTX 4070,[N/A],Enabled,Enabled
1709238816.159835,0,GPU-93ae0c7f-c327-aee3-adae-bc0d1dae71ea,0.47,0.4594528578407425,12282.0,6368.0,551.52,NVIDIA GeForce RTX 4070,[N/A],Enabled,Enabled
1709238817.159394,0,GPU-93ae0c7f-c327-aee3-adae-bc0d1dae71ea,0.37,0.4594528578407425,12282.0,6368.0,551.52,NVIDIA GeForce RTX 4070,[N/A],Enabled,Enabled
1709238818.159398,0,GPU-93ae0c7f-c327-aee3-adae-bc0d1dae71ea,0.41,0.4594528578407425,12282.0,6368.0,551.52,NVIDIA GeForce RTX 4070,[N/A],Enabled,Enabled
1709238819.158941,0,GPU-93ae0c7f-c327-aee3-adae-bc0d1dae71ea,0.37,0.4594528578407425,12282.0,6368.0,551.52,NVIDIA GeForce RTX 4070,[N/A],Enabled,Enabled
1709238820.15926,0,GPU-93ae0c7f-c327-aee3-adae-bc0d1dae71ea,0.41,0.4594528578407425,12282.0,6368.0,551.52,NVIDIA GeForce RTX 4070,[N/A],Enabled,Enabled
1709238821.159703,0,GPU-93ae0c7f-c327-aee3-adae-bc0d1dae71ea,0.4,0.4594528578407425,12282.0,6368.0,551.52,NVIDIA GeForce RTX 4070,[N/A],Enabled,Enabled
1709238822.158991,0,GPU-93ae0c7f-c327-aee3-adae-bc0d1dae71ea,0.47,0.4594528578407425,12282.0,6368.0,551.52,NVIDIA GeForce RTX 4070,[N/A],Enabled,Enabled
1709238823.159082,0,GPU-93ae0c7f-c327-aee3-adae-bc0d1dae71ea,0.42,0.4594528578407425,12282.0,6368.0,551.52,NVIDIA GeForce RTX 4070,[N/A],Enabled,Enabled
1709238824.159766,0,GPU-93ae0c7f-c327-aee3-adae-bc0d1dae71ea,0.41,0.4594528578407425,12282.0,6368.0,551.52,NVIDIA GeForce RTX 4070,[N/A],Enabled,Enabled
1709238825.159805,0,GPU-93ae0c7f-c327-aee3-adae-bc0d1dae71ea,0.4,0.4594528578407425,12282.0,6368.0,551.52,NVIDIA GeForce RTX 4070,[N/A],Enabled,Enabled
1709238826.158898,0,GPU-93ae0c7f-c327-aee3-adae-bc0d1dae71ea,0.41,0.4594528578407425,12282.0,6368.0,551.52,NVIDIA GeForce RTX 4070,[N/A],Enabled,Enabled
1709238827.158985,0,GPU-93ae0c7f-c327-aee3-adae-bc0d1dae71ea,0.45,0.4594528578407425,12282.0,6368.0,551.52,NVIDIA GeForce RTX 4070,[N/A],Enabled,Enabled
1709238828.159431,0,GPU-93ae0c7f-c327-aee3-adae-bc0d1dae71ea,0.43,0.4594528578407425,12282.0,6368.0,551.52,NVIDIA GeForce RTX 4070,[N/A],Enabled,Enabled
1709238829.159132,0,GPU-93ae0c7f-c327-aee3-adae-bc0d1dae71ea,0.37,0.4594528578407425,12282.0,6368.0,551.52,NVIDIA GeForce RTX 4070,[N/A],Enabled,Enabled
1709238830.159299,0,GPU-93ae0c7f-c327-aee3-adae-bc0d1dae71ea,0.39,0.4594528578407425,12282.0,6368.0,551.52,NVIDIA GeForce RTX 4070,[N/A],Enabled,Enabled
1709238831.159685,0,GPU-93ae0c7f-c327-aee3-adae-bc0d1dae71ea,0.44,0.4594528578407425,12282.0,6368.0,551.52,NVIDIA GeForce RTX 4070,[N/A],Enabled,Enabled
1709238832.15959,0,GPU-93ae0c7f-c327-aee3-adae-bc0d1dae71ea,0.45,0.4594528578407425,12282.0,6368.0,551.52,NVIDIA GeForce RTX 4070,[N/A],Enabled,Enabled
1709238833.159643,0,GPU-93ae0c7f-c327-aee3-adae-bc0d1dae71ea,0.42,0.4594528578407425,12282.0,6368.0,551.52,NVIDIA GeForce RTX 4070,[N/A],Enabled,Enabled
1709238834.159816,0,GPU-93ae0c7f-c327-aee3-adae-bc0d1dae71ea,0.44,0.4594528578407425,12282.0,6368.0,551.52,NVIDIA GeForce RTX 4070,[N/A],Enabled,Enabled
1709238835.16033,0,GPU-93ae0c7f-c327-aee3-adae-bc0d1dae71ea,0.38,0.4594528578407425,12282.0,6368.0,551.52,NVIDIA GeForce RTX 4070,[N/A],Enabled,Enabled
1709238836.159043,0,GPU-93ae0c7f-c327-aee3-adae-bc0d1dae71ea,0.42,0.4594528578407425,12282.0,6368.0,551.52,NVIDIA GeForce RTX 4070,[N/A],Enabled,Enabled
1709238837.160064,0,GPU-93ae0c7f-c327-aee3-adae-bc0d1dae71ea,0.49,0.4594528578407425,12282.0,6368.0,551.52,NVIDIA GeForce RTX 4070,[N/A],Enabled,Enabled
1709238838.159766,0,GPU-93ae0c7f-c327-aee3-adae-bc0d1dae71ea,0.38,0.4594528578407425,12282.0,6368.0,551.52,NVIDIA GeForce RTX 4070,[N/A],Enabled,Enabled
1709238839.159372,0,GPU-93ae0c7f-c327-aee3-adae-bc0d1dae71ea,0.39,0.4594528578407425,12282.0,6368.0,551.52,NVIDIA GeForce RTX 4070,[N/A],Enabled,Enabled
1709238840.159694,0,GPU-93ae0c7f-c327-aee3-adae-bc0d1dae71ea,0.43,0.4594528578407425,12282.0,6368.0,551.52,NVIDIA GeForce RTX 4070,[N/A],Enabled,Enabled
1709238841.159437,0,GPU-93ae0c7f-c327-aee3-adae-bc0d1dae71ea,0.45,0.4594528578407425,12282.0,6368.0,551.52,NVIDIA GeForce RTX 4070,[N/A],Enabled,Enabled
1709238842.159504,0,GPU-93ae0c7f-c327-aee3-adae-bc0d1dae71ea,0.47,0.4594528578407425,12282.0,6368.0,551.52,NVIDIA GeForce RTX 4070,[N/A],Enabled,Enabled
1709238843.160108,0,GPU-93ae0c7f-c327-aee3-adae-bc0d1dae71ea,0.41,0.4594528578407425,12282.0,6368.0,551.52,NVIDIA GeForce RTX 4070,[N/A],Enabled,Enabled
1709238844.159405,0,GPU-93ae0c7f-c327-aee3-adae-bc0d1dae71ea,0.39,0.4594528578407425,12282.0,6368.0,551.52,NVIDIA GeForce RTX 4070,[N/A],Enabled,Enabled
1709238845.159374,0,GPU-93ae0c7f-c327-aee3-adae-bc0d1dae71ea,0.44,0.4594528578407425,12282.0,6368.0,551.52,NVIDIA GeForce RTX 4070,[N/A],Enabled,Enabled
1709238846.159674,0,GPU-93ae0c7f-c327-aee3-adae-bc0d1dae71ea,0.4,0.4594528578407425,12282.0,6368.0,551.52,NVIDIA GeForce RTX 4070,[N/A],Enabled,Enabled
1709238847.159957,0,GPU-93ae0c7f-c327-aee3-adae-bc0d1dae71ea,0.45,0.4594528578407425,12282.0,6368.0,551.52,NVIDIA GeForce RTX 4070,[N/A],Enabled,Enabled
1709238848.159748,0,GPU-93ae0c7f-c327-aee3-adae-bc0d1dae71ea,0.4,0.4594528578407425,12282.0,6368.0,551.52,NVIDIA GeForce RTX 4070,[N/A],Enabled,Enabled
1709238849.159567,0,GPU-93ae0c7f-c327-aee3-adae-bc0d1dae71ea,0.42,0.4594528578407425,12282.0,6368.0,551.52,NVIDIA GeForce RTX 4070,[N/A],Enabled,Enabled
1709238850.159654,0,GPU-93ae0c7f-c327-aee3-adae-bc0d1dae71ea,0.37,0.4594528578407425,12282.0,6368.0,551.52,NVIDIA GeForce RTX 4070,[N/A],Enabled,Enabled
1709238851.158942,0,GPU-93ae0c7f-c327-aee3-adae-bc0d1dae71ea,0.4,0.4594528578407425,12282.0,6368.0,551.52,NVIDIA GeForce RTX 4070,[N/A],Enabled,Enabled
1709238852.159226,0,GPU-93ae0c7f-c327-aee3-adae-bc0d1dae71ea,0.4,0.4594528578407425,12282.0,6368.0,551.52,NVIDIA GeForce RTX 4070,[N/A],Enabled,Enabled
1709238853.159262,0,GPU-93ae0c7f-c327-aee3-adae-bc0d1dae71ea,0.37,0.4594528578407425,12282.0,6368.0,551.52,NVIDIA GeForce RTX 4070,[N/A],Enabled,Enabled
1709238854.159032,0,GPU-93ae0c7f-c327-aee3-adae-bc0d1dae71ea,0.38,0.4594528578407425,12282.0,6368.0,551.52,NVIDIA GeForce RTX 4070,[N/A],Enabled,Enabled
1709238855.159323,0,GPU-93ae0c7f-c327-aee3-adae-bc0d1dae71ea,0.39,0.4594528578407425,12282.0,6368.0,551.52,NVIDIA GeForce RTX 4070,[N/A],Enabled,Enabled
1709238856.160041,0,GPU-93ae0c7f-c327-aee3-adae-bc0d1dae71ea,0.39,0.4594528578407425,12282.0,6368.0,551.52,NVIDIA GeForce RTX 4070,[N/A],Enabled,Enabled
1709238857.158899,0,GPU-93ae0c7f-c327-aee3-adae-bc0d1dae71ea,0.38,0.4594528578407425,12282.0,6368.0,551.52,NVIDIA GeForce RTX 4070,[N/A],Enabled,Enabled
1709238858.15993,0,GPU-93ae0c7f-c327-aee3-adae-bc0d1dae71ea,0.4,0.4594528578407425,12282.0,6368.0,551.52,NVIDIA GeForce RTX 4070,[N/A],Enabled,Enabled
1709238859.159303,0,GPU-93ae0c7f-c327-aee3-adae-bc0d1dae71ea,0.4,0.4594528578407425,12282.0,6368.0,551.52,NVIDIA GeForce RTX 4070,[N/A],Enabled,Enabled
1709238860.159522,0,GPU-93ae0c7f-c327-aee3-adae-bc0d1dae71ea,0.37,0.4594528578407425,12282.0,6368.0,551.52,NVIDIA GeForce RTX 4070,[N/A],Enabled,Enabled
1709238861.159598,0,GPU-93ae0c7f-c327-aee3-adae-bc0d1dae71ea,0.41,0.4594528578407425,12282.0,6368.0,551.52,NVIDIA GeForce RTX 4070,[N/A],Enabled,Enabled
1709238862.159313,0,GPU-93ae0c7f-c327-aee3-adae-bc0d1dae71ea,0.4,0.4594528578407425,12282.0,6368.0,551.52,NVIDIA GeForce RTX 4070,[N/A],Enabled,Enabled
1709238863.159262,0,GPU-93ae0c7f-c327-aee3-adae-bc0d1dae71ea,0.41,0.4594528578407425,12282.0,6368.0,551.52,NVIDIA GeForce RTX 4070,[N/A],Enabled,Enabled
1709238864.159904,0,GPU-93ae0c7f-c327-aee3-adae-bc0d1dae71ea,0.39,0.4594528578407425,12282.0,6368.0,551.52,NVIDIA GeForce RTX 4070,[N/A],Enabled,Enabled
1709238865.159619,0,GPU-93ae0c7f-c327-aee3-adae-bc0d1dae71ea,0.39,0.4594528578407425,12282.0,6368.0,551.52,NVIDIA GeForce RTX 4070,[N/A],Enabled,Enabled
1709238866.159277,0,GPU-93ae0c7f-c327-aee3-adae-bc0d1dae71ea,0.41,0.4594528578407425,12282.0,6368.0,551.52,NVIDIA GeForce RTX 4070,[N/A],Enabled,Enabled
1709238867.160123,0,GPU-93ae0c7f-c327-aee3-adae-bc0d1dae71ea,0.42,0.4594528578407425,12282.0,6368.0,551.52,NVIDIA GeForce RTX 4070,[N/A],Enabled,Enabled
1709238868.16054,0,GPU-93ae0c7f-c327-aee3-adae-bc0d1dae71ea,0.4,0.4594528578407425,12282.0,6368.0,551.52,NVIDIA GeForce RTX 4070,[N/A],Enabled,Enabled
1709238869.160215,0,GPU-93ae0c7f-c327-aee3-adae-bc0d1dae71ea,0.46,0.4594528578407425,12282.0,6368.0,551.52,NVIDIA GeForce RTX 4070,[N/A],Enabled,Enabled
1709238870.159299,0,GPU-93ae0c7f-c327-aee3-adae-bc0d1dae71ea,0.44,0.4594528578407425,12282.0,6368.0,551.52,NVIDIA GeForce RTX 4070,[N/A],Enabled,Enabled
1709238871.160257,0,GPU-93ae0c7f-c327-aee3-adae-bc0d1dae71ea,0.45,0.4594528578407425,12282.0,6368.0,551.52,NVIDIA GeForce RTX 4070,[N/A],Enabled,Enabled
1709238872.159764,0,GPU-93ae0c7f-c327-aee3-adae-bc0d1dae71ea,0.47,0.4594528578407425,12282.0,6368.0,551.52,NVIDIA GeForce RTX 4070,[N/A],Enabled,Enabled
1709238873.160144,0,GPU-93ae0c7f-c327-aee3-adae-bc0d1dae71ea,0.39,0.4594528578407425,12282.0,6368.0,551.52,NVIDIA GeForce RTX 4070,[N/A],Enabled,Enabled
1709238874.158903,0,GPU-93ae0c7f-c327-aee3-adae-bc0d1dae71ea,0.39,0.4594528578407425,12282.0,6368.0,551.52,NVIDIA GeForce RTX 4070,[N/A],Enabled,Enabled
1709238875.160041,0,GPU-93ae0c7f-c327-aee3-adae-bc0d1dae71ea,0.48,0.4594528578407425,12282.0,6368.0,551.52,NVIDIA GeForce RTX 4070,[N/A],Enabled,Enabled
1709238876.159983,0,GPU-93ae0c7f-c327-aee3-adae-bc0d1dae71ea,0.46,0.4594528578407425,12282.0,6368.0,551.52,NVIDIA GeForce RTX 4070,[N/A],Enabled,Enabled
1709238877.159379,0,GPU-93ae0c7f-c327-aee3-adae-bc0d1dae71ea,0.43,0.4594528578407425,12282.0,6368.0,551.52,NVIDIA GeForce RTX 4070,[N/A],Enabled,Enabled
1709238878.15922,0,GPU-93ae0c7f-c327-aee3-adae-bc0d1dae71ea,0.39,0.4594528578407425,12282.0,6368.0,551.52,NVIDIA GeForce RTX 4070,[N/A],Enabled,Enabled
1709238879.159402,0,GPU-93ae0c7f-c327-aee3-adae-bc0d1dae71ea,0.41,0.4594528578407425,12282.0,6368.0,551.52,NVIDIA GeForce RTX 4070,[N/A],Enabled,Enabled
1709238880.16016,0,GPU-93ae0c7f-c327-aee3-adae-bc0d1dae71ea,0.43,0.4594528578407425,12282.0,6368.0,551.52,NVIDIA GeForce RTX 4070,[N/A],Enabled,Enabled
1709238881.15942,0,GPU-93ae0c7f-c327-aee3-adae-bc0d1dae71ea,0.45,0.4594528578407425,12282.0,6368.0,551.52,NVIDIA GeForce RTX 4070,[N/A],Enabled,Enabled
1709238882.159916,0,GPU-93ae0c7f-c327-aee3-adae-bc0d1dae71ea,0.48,0.4594528578407425,12282.0,6368.0,551.52,NVIDIA GeForce RTX 4070,[N/A],Enabled,Enabled
1709238883.159972,0,GPU-93ae0c7f-c327-aee3-adae-bc0d1dae71ea,0.4,0.4594528578407425,12282.0,6368.0,551.52,NVIDIA GeForce RTX 4070,[N/A],Enabled,Enabled
1709238884.15965,0,GPU-93ae0c7f-c327-aee3-adae-bc0d1dae71ea,0.39,0.4594528578407425,12282.0,6368.0,551.52,NVIDIA GeForce RTX 4070,[N/A],Enabled,Enabled
1709238885.159688,0,GPU-93ae0c7f-c327-aee3-adae-bc0d1dae71ea,0.47,0.4594528578407425,12282.0,6368.0,551.52,NVIDIA GeForce RTX 4070,[N/A],Enabled,Enabled
1709238886.159734,0,GPU-93ae0c7f-c327-aee3-adae-bc0d1dae71ea,0.4,0.4594528578407425,12282.0,6368.0,551.52,NVIDIA GeForce RTX 4070,[N/A],Enabled,Enabled
1709238887.159924,0,GPU-93ae0c7f-c327-aee3-adae-bc0d1dae71ea,0.45,0.4594528578407425,12282.0,6368.0,551.52,NVIDIA GeForce RTX 4070,[N/A],Enabled,Enabled
1709238888.15882,0,GPU-93ae0c7f-c327-aee3-adae-bc0d1dae71ea,0.45,0.4594528578407425,12282.0,6368.0,551.52,NVIDIA GeForce RTX 4070,[N/A],Enabled,Enabled
1709238889.160031,0,GPU-93ae0c7f-c327-aee3-adae-bc0d1dae71ea,0.4,0.4594528578407425,12282.0,6368.0,551.52,NVIDIA GeForce RTX 4070,[N/A],Enabled,Enabled
1709238890.160458,0,GPU-93ae0c7f-c327-aee3-adae-bc0d1dae71ea,0.46,0.4594528578407425,12282.0,6368.0,551.52,NVIDIA GeForce RTX 4070,[N/A],Enabled,Enabled
1709238891.158862,0,GPU-93ae0c7f-c327-aee3-adae-bc0d1dae71ea,0.38,0.4594528578407425,12282.0,6368.0,551.52,NVIDIA GeForce RTX 4070,[N/A],Enabled,Enabled
1709238892.1599,0,GPU-93ae0c7f-c327-aee3-adae-bc0d1dae71ea,0.39,0.4594528578407425,12282.0,6368.0,551.52,NVIDIA GeForce RTX 4070,[N/A],Enabled,Enabled
1709238893.158999,0,GPU-93ae0c7f-c327-aee3-adae-bc0d1dae71ea,0.45,0.4594528578407425,12282.0,6368.0,551.52,NVIDIA GeForce RTX 4070,[N/A],Enabled,Enabled
1709238894.15922,0,GPU-93ae0c7f-c327-aee3-adae-bc0d1dae71ea,0.43,0.4594528578407425,12282.0,6368.0,551.52,NVIDIA GeForce RTX 4070,[N/A],Enabled,Enabled
1709238895.159961,0,GPU-93ae0c7f-c327-aee3-adae-bc0d1dae71ea,0.42,0.4594528578407425,12282.0,6368.0,551.52,NVIDIA GeForce RTX 4070,[N/A],Enabled,Enabled
1709238896.159292,0,GPU-93ae0c7f-c327-aee3-adae-bc0d1dae71ea,0.38,0.4594528578407425,12282.0,6368.0,551.52,NVIDIA GeForce RTX 4070,[N/A],Enabled,Enabled
1709238897.159207,0,GPU-93ae0c7f-c327-aee3-adae-bc0d1dae71ea,0.44,0.4594528578407425,12282.0,6368.0,551.52,NVIDIA GeForce RTX 4070,[N/A],Enabled,Enabled
1709238898.159292,0,GPU-93ae0c7f-c327-aee3-adae-bc0d1dae71ea,0.44,0.4594528578407425,12282.0,6368.0,551.52,NVIDIA GeForce RTX 4070,[N/A],Enabled,Enabled
1709238899.159955,0,GPU-93ae0c7f-c327-aee3-adae-bc0d1dae71ea,0.37,0.4594528578407425,12282.0,6368.0,551.52,NVIDIA GeForce RTX 4070,[N/A],Enabled,Enabled
1709238900.159343,0,GPU-93ae0c7f-c327-aee3-adae-bc0d1dae71ea,0.29,0.4562774792379091,12282.0,6407.0,551.52,NVIDIA GeForce RTX 4070,[N/A],Enabled,Enabled
1709238901.159345,0,GPU-93ae0c7f-c327-aee3-adae-bc0d1dae71ea,0.3,0.4562774792379091,12282.0,6407.0,551.52,NVIDIA GeForce RTX 4070,[N/A],Enabled,Enabled
1709238902.159596,0,GPU-93ae0c7f-c327-aee3-adae-bc0d1dae71ea,0.27,0.4562774792379091,12282.0,6407.0,551.52,NVIDIA GeForce RTX 4070,[N/A],Enabled,Enabled
1709238903.16016,0,GPU-93ae0c7f-c327-aee3-adae-bc0d1dae71ea,0.29,0.4516365412799218,12282.0,6464.0,551.52,NVIDIA GeForce RTX 4070,[N/A],Enabled,Enabled
1709238904.159222,0,GPU-93ae0c7f-c327-aee3-adae-bc0d1dae71ea,0.28,0.4562774792379091,12282.0,6407.0,551.52,NVIDIA GeForce RTX 4070,[N/A],Enabled,Enabled
1709238905.159325,0,GPU-93ae0c7f-c327-aee3-adae-bc0d1dae71ea,0.25,0.4516365412799218,12282.0,6464.0,551.52,NVIDIA GeForce RTX 4070,[N/A],Enabled,Enabled
1709238906.160388,0,GPU-93ae0c7f-c327-aee3-adae-bc0d1dae71ea,0.28,0.4516365412799218,12282.0,6464.0,551.52,NVIDIA GeForce RTX 4070,[N/A],Enabled,Enabled
1709238907.159143,0,GPU-93ae0c7f-c327-aee3-adae-bc0d1dae71ea,0.27,0.4516365412799218,12282.0,6464.0,551.52,NVIDIA GeForce RTX 4070,[N/A],Enabled,Enabled
1709238908.159122,0,GPU-93ae0c7f-c327-aee3-adae-bc0d1dae71ea,0.29,0.4516365412799218,12282.0,6464.0,551.52,NVIDIA GeForce RTX 4070,[N/A],Enabled,Enabled
1709238909.159211,0,GPU-93ae0c7f-c327-aee3-adae-bc0d1dae71ea,0.27,0.4516365412799218,12282.0,6464.0,551.52,NVIDIA GeForce RTX 4070,[N/A],Enabled,Enabled
1709238910.159175,0,GPU-93ae0c7f-c327-aee3-adae-bc0d1dae71ea,0.28,0.4516365412799218,12282.0,6464.0,551.52,NVIDIA GeForce RTX 4070,[N/A],Enabled,Enabled
1709238911.158884,0,GPU-93ae0c7f-c327-aee3-adae-bc0d1dae71ea,0.27,0.4516365412799218,12282.0,6464.0,551.52,NVIDIA GeForce RTX 4070,[N/A],Enabled,Enabled
1709238912.159026,0,GPU-93ae0c7f-c327-aee3-adae-bc0d1dae71ea,0.29,0.4516365412799218,12282.0,6464.0,551.52,NVIDIA GeForce RTX 4070,[N/A],Enabled,Enabled
1709238913.159518,0,GPU-93ae0c7f-c327-aee3-adae-bc0d1dae71ea,0.28,0.4516365412799218,12282.0,6464.0,551.52,NVIDIA GeForce RTX 4070,[N/A],Enabled,Enabled
1709238914.159711,0,GPU-93ae0c7f-c327-aee3-adae-bc0d1dae71ea,0.29,0.4516365412799218,12282.0,6464.0,551.52,NVIDIA GeForce RTX 4070,[N/A],Enabled,Enabled
1709238915.159417,0,GPU-93ae0c7f-c327-aee3-adae-bc0d1dae71ea,0.27,0.4516365412799218,12282.0,6464.0,551.52,NVIDIA GeForce RTX 4070,[N/A],Enabled,Enabled
1709238916.159923,0,GPU-93ae0c7f-c327-aee3-adae-bc0d1dae71ea,0.28,0.4516365412799218,12282.0,6464.0,551.52,NVIDIA GeForce RTX 4070,[N/A],Enabled,Enabled
1709238917.159011,0,GPU-93ae0c7f-c327-aee3-adae-bc0d1dae71ea,0.28,0.4516365412799218,12282.0,6464.0,551.52,NVIDIA GeForce RTX 4070,[N/A],Enabled,Enabled
1709238918.15968,0,GPU-93ae0c7f-c327-aee3-adae-bc0d1dae71ea,0.29,0.4516365412799218,12282.0,6464.0,551.52,NVIDIA GeForce RTX 4070,[N/A],Enabled,Enabled
1709238919.159008,0,GPU-93ae0c7f-c327-aee3-adae-bc0d1dae71ea,0.27,0.4516365412799218,12282.0,6464.0,551.52,NVIDIA GeForce RTX 4070,[N/A],Enabled,Enabled
1709238920.159651,0,GPU-93ae0c7f-c327-aee3-adae-bc0d1dae71ea,0.28,0.4516365412799218,12282.0,6464.0,551.52,NVIDIA GeForce RTX 4070,[N/A],Enabled,Enabled
1709238921.160217,0,GPU-93ae0c7f-c327-aee3-adae-bc0d1dae71ea,0.27,0.4516365412799218,12282.0,6464.0,551.52,NVIDIA GeForce RTX 4070,[N/A],Enabled,Enabled
1709238922.159517,0,GPU-93ae0c7f-c327-aee3-adae-bc0d1dae71ea,0.28,0.4516365412799218,12282.0,6464.0,551.52,NVIDIA GeForce RTX 4070,[N/A],Enabled,Enabled
1709238923.159679,0,GPU-93ae0c7f-c327-aee3-adae-bc0d1dae71ea,0.29,0.4516365412799218,12282.0,6464.0,551.52,NVIDIA GeForce RTX 4070,[N/A],Enabled,Enabled
1709238924.159113,0,GPU-93ae0c7f-c327-aee3-adae-bc0d1dae71ea,0.13,0.2541931281550236,12282.0,8889.0,551.52,NVIDIA GeForce RTX 4070,[N/A],Enabled,Enabled
1709238925.15948,0,GPU-93ae0c7f-c327-aee3-adae-bc0d1dae71ea,0.14,0.2541931281550236,12282.0,8889.0,551.52,NVIDIA GeForce RTX 4070,[N/A],Enabled,Enabled
1709238926.159585,0,GPU-93ae0c7f-c327-aee3-adae-bc0d1dae71ea,0.14,0.2541931281550236,12282.0,8889.0,551.52,NVIDIA GeForce RTX 4070,[N/A],Enabled,Enabled
