timestamp,id,uuid,load,memoryUtil,memoryTotal,memoryUsed,memoryFree,driver,name,serial,display_mode,display_active
1709252246.431829,0,GPU-93ae0c7f-c327-aee3-adae-bc0d1dae71ea,0.15,0.24466699234652337,12282.0,9006.0,551.52,NVIDIA GeForce RTX 4070,[N/A],Enabled,Enabled
1709252247.428403,0,GPU-93ae0c7f-c327-aee3-adae-bc0d1dae71ea,0.15,0.24466699234652337,12282.0,9006.0,551.52,NVIDIA GeForce RTX 4070,[N/A],Enabled,Enabled
1709252248.428263,0,GPU-93ae0c7f-c327-aee3-adae-bc0d1dae71ea,0.15,0.24466699234652337,12282.0,9006.0,551.52,NVIDIA GeForce RTX 4070,[N/A],Enabled,Enabled
1709252249.428882,0,GPU-93ae0c7f-c327-aee3-adae-bc0d1dae71ea,0.15,0.24466699234652337,12282.0,9006.0,551.52,NVIDIA GeForce RTX 4070,[N/A],Enabled,Enabled
1709252250.428263,0,GPU-93ae0c7f-c327-aee3-adae-bc0d1dae71ea,0.14,0.24466699234652337,12282.0,9006.0,551.52,NVIDIA GeForce RTX 4070,[N/A],Enabled,Enabled
1709252251.428723,0,GPU-93ae0c7f-c327-aee3-adae-bc0d1dae71ea,0.15,0.24466699234652337,12282.0,9006.0,551.52,NVIDIA GeForce RTX 4070,[N/A],Enabled,Enabled
1709252252.428515,0,GPU-93ae0c7f-c327-aee3-adae-bc0d1dae71ea,0.14,0.24466699234652337,12282.0,9006.0,551.52,NVIDIA GeForce RTX 4070,[N/A],Enabled,Enabled
1709252253.428163,0,GPU-93ae0c7f-c327-aee3-adae-bc0d1dae71ea,0.14,0.24466699234652337,12282.0,9006.0,551.52,NVIDIA GeForce RTX 4070,[N/A],Enabled,Enabled
1709252254.428006,0,GPU-93ae0c7f-c327-aee3-adae-bc0d1dae71ea,0.15,0.24466699234652337,12282.0,9006.0,551.52,NVIDIA GeForce RTX 4070,[N/A],Enabled,Enabled
1709252255.429527,0,GPU-93ae0c7f-c327-aee3-adae-bc0d1dae71ea,0.15,0.24466699234652337,12282.0,9006.0,551.52,NVIDIA GeForce RTX 4070,[N/A],Enabled,Enabled
1709252256.428873,0,GPU-93ae0c7f-c327-aee3-adae-bc0d1dae71ea,0.15,0.24466699234652337,12282.0,9006.0,551.52,NVIDIA GeForce RTX 4070,[N/A],Enabled,Enabled
1709252257.428764,0,GPU-93ae0c7f-c327-aee3-adae-bc0d1dae71ea,0.15,0.24466699234652337,12282.0,9006.0,551.52,NVIDIA GeForce RTX 4070,[N/A],Enabled,Enabled
1709252258.428146,0,GPU-93ae0c7f-c327-aee3-adae-bc0d1dae71ea,0.14,0.24466699234652337,12282.0,9006.0,551.52,NVIDIA GeForce RTX 4070,[N/A],Enabled,Enabled
1709252259.428943,0,GPU-93ae0c7f-c327-aee3-adae-bc0d1dae71ea,0.14,0.24466699234652337,12282.0,9006.0,551.52,NVIDIA GeForce RTX 4070,[N/A],Enabled,Enabled
1709252260.42873,0,GPU-93ae0c7f-c327-aee3-adae-bc0d1dae71ea,0.14,0.24466699234652337,12282.0,9006.0,551.52,NVIDIA GeForce RTX 4070,[N/A],Enabled,Enabled
1709252261.428251,0,GPU-93ae0c7f-c327-aee3-adae-bc0d1dae71ea,0.16,0.2427943331704934,12282.0,9029.0,551.52,NVIDIA GeForce RTX 4070,[N/A],Enabled,Enabled
1709252262.428082,0,GPU-93ae0c7f-c327-aee3-adae-bc0d1dae71ea,0.16,0.24515551213157466,12282.0,9000.0,551.52,NVIDIA GeForce RTX 4070,[N/A],Enabled,Enabled
1709252263.428744,0,GPU-93ae0c7f-c327-aee3-adae-bc0d1dae71ea,0.21,0.34921022634750043,12282.0,7722.0,551.52,NVIDIA GeForce RTX 4070,[N/A],Enabled,Enabled
1709252264.429294,0,GPU-93ae0c7f-c327-aee3-adae-bc0d1dae71ea,0.09,0.31395538185963195,12282.0,8155.0,551.52,NVIDIA GeForce RTX 4070,[N/A],Enabled,Enabled
1709252265.428539,0,GPU-93ae0c7f-c327-aee3-adae-bc0d1dae71ea,0.09,0.31387396189545674,12282.0,8156.0,551.52,NVIDIA GeForce RTX 4070,[N/A],Enabled,Enabled
1709252266.428865,0,GPU-93ae0c7f-c327-aee3-adae-bc0d1dae71ea,0.09,0.3137111219671063,12282.0,8158.0,551.52,NVIDIA GeForce RTX 4070,[N/A],Enabled,Enabled
1709252267.427936,0,GPU-93ae0c7f-c327-aee3-adae-bc0d1dae71ea,0.05,0.23676925582152744,12282.0,9103.0,551.52,NVIDIA GeForce RTX 4070,[N/A],Enabled,Enabled
1709252268.428251,0,GPU-93ae0c7f-c327-aee3-adae-bc0d1dae71ea,0.28,0.4735385116430549,12282.0,6195.0,551.52,NVIDIA GeForce RTX 4070,[N/A],Enabled,Enabled
1709252269.428552,0,GPU-93ae0c7f-c327-aee3-adae-bc0d1dae71ea,0.31,0.4418661455788959,12282.0,6584.0,551.52,NVIDIA GeForce RTX 4070,[N/A],Enabled,Enabled
1709252270.428094,0,GPU-93ae0c7f-c327-aee3-adae-bc0d1dae71ea,0.31,0.4416218856863703,12282.0,6587.0,551.52,NVIDIA GeForce RTX 4070,[N/A],Enabled,Enabled
1709252271.428797,0,GPU-93ae0c7f-c327-aee3-adae-bc0d1dae71ea,0.29,0.43689952776420776,12282.0,6645.0,551.52,NVIDIA GeForce RTX 4070,[N/A],Enabled,Enabled
1709252272.428475,0,GPU-93ae0c7f-c327-aee3-adae-bc0d1dae71ea,0.3,0.43689952776420776,12282.0,6645.0,551.52,NVIDIA GeForce RTX 4070,[N/A],Enabled,Enabled
1709252273.429398,0,GPU-93ae0c7f-c327-aee3-adae-bc0d1dae71ea,0.3,0.43689952776420776,12282.0,6645.0,551.52,NVIDIA GeForce RTX 4070,[N/A],Enabled,Enabled
1709252274.428594,0,GPU-93ae0c7f-c327-aee3-adae-bc0d1dae71ea,0.33,0.4416218856863703,12282.0,6587.0,551.52,NVIDIA GeForce RTX 4070,[N/A],Enabled,Enabled
1709252275.42921,0,GPU-93ae0c7f-c327-aee3-adae-bc0d1dae71ea,0.13,0.5543885360690441,12282.0,5202.0,551.52,NVIDIA GeForce RTX 4070,[N/A],Enabled,Enabled
1709252276.428373,0,GPU-93ae0c7f-c327-aee3-adae-bc0d1dae71ea,0.31,0.44243608532812245,12282.0,6577.0,551.52,NVIDIA GeForce RTX 4070,[N/A],Enabled,Enabled
1709252277.428982,0,GPU-93ae0c7f-c327-aee3-adae-bc0d1dae71ea,0.31,0.44235466536394724,12282.0,6578.0,551.52,NVIDIA GeForce RTX 4070,[N/A],Enabled,Enabled
1709252278.429564,0,GPU-93ae0c7f-c327-aee3-adae-bc0d1dae71ea,0.31,0.43771372740595993,12282.0,6635.0,551.52,NVIDIA GeForce RTX 4070,[N/A],Enabled,Enabled
1709252279.428978,0,GPU-93ae0c7f-c327-aee3-adae-bc0d1dae71ea,0.27,0.44243608532812245,12282.0,6577.0,551.52,NVIDIA GeForce RTX 4070,[N/A],Enabled,Enabled
1709252280.428833,0,GPU-93ae0c7f-c327-aee3-adae-bc0d1dae71ea,0.3,0.43779514737013514,12282.0,6634.0,551.52,NVIDIA GeForce RTX 4070,[N/A],Enabled,Enabled
1709252281.428565,0,GPU-93ae0c7f-c327-aee3-adae-bc0d1dae71ea,0.33,0.44243608532812245,12282.0,6577.0,551.52,NVIDIA GeForce RTX 4070,[N/A],Enabled,Enabled
1709252282.429154,0,GPU-93ae0c7f-c327-aee3-adae-bc0d1dae71ea,0.33,0.44243608532812245,12282.0,6577.0,551.52,NVIDIA GeForce RTX 4070,[N/A],Enabled,Enabled
1709252283.428657,0,GPU-93ae0c7f-c327-aee3-adae-bc0d1dae71ea,0.29,0.43779514737013514,12282.0,6634.0,551.52,NVIDIA GeForce RTX 4070,[N/A],Enabled,Enabled
1709252284.428895,0,GPU-93ae0c7f-c327-aee3-adae-bc0d1dae71ea,0.33,0.44243608532812245,12282.0,6577.0,551.52,NVIDIA GeForce RTX 4070,[N/A],Enabled,Enabled
1709252285.42947,0,GPU-93ae0c7f-c327-aee3-adae-bc0d1dae71ea,0.33,0.44243608532812245,12282.0,6577.0,551.52,NVIDIA GeForce RTX 4070,[N/A],Enabled,Enabled
1709252286.428558,0,GPU-93ae0c7f-c327-aee3-adae-bc0d1dae71ea,0.3,0.43779514737013514,12282.0,6634.0,551.52,NVIDIA GeForce RTX 4070,[N/A],Enabled,Enabled
1709252287.428774,0,GPU-93ae0c7f-c327-aee3-adae-bc0d1dae71ea,0.29,0.43779514737013514,12282.0,6634.0,551.52,NVIDIA GeForce RTX 4070,[N/A],Enabled,Enabled
1709252288.428834,0,GPU-93ae0c7f-c327-aee3-adae-bc0d1dae71ea,0.3,0.43779514737013514,12282.0,6634.0,551.52,NVIDIA GeForce RTX 4070,[N/A],Enabled,Enabled
1709252289.428995,0,GPU-93ae0c7f-c327-aee3-adae-bc0d1dae71ea,0.32,0.44251750529229766,12282.0,6576.0,551.52,NVIDIA GeForce RTX 4070,[N/A],Enabled,Enabled
1709252290.429703,0,GPU-93ae0c7f-c327-aee3-adae-bc0d1dae71ea,0.29,0.44251750529229766,12282.0,6576.0,551.52,NVIDIA GeForce RTX 4070,[N/A],Enabled,Enabled
1709252291.428773,0,GPU-93ae0c7f-c327-aee3-adae-bc0d1dae71ea,0.24,0.43983064647451553,12282.0,6609.0,551.52,NVIDIA GeForce RTX 4070,[N/A],Enabled,Enabled
1709252292.42882,0,GPU-93ae0c7f-c327-aee3-adae-bc0d1dae71ea,0.42,0.4462628236443576,12282.0,6530.0,551.52,NVIDIA GeForce RTX 4070,[N/A],Enabled,Enabled
1709252293.428743,0,GPU-93ae0c7f-c327-aee3-adae-bc0d1dae71ea,0.45,0.4462628236443576,12282.0,6530.0,551.52,NVIDIA GeForce RTX 4070,[N/A],Enabled,Enabled
1709252294.428565,0,GPU-93ae0c7f-c327-aee3-adae-bc0d1dae71ea,0.4,0.4462628236443576,12282.0,6530.0,551.52,NVIDIA GeForce RTX 4070,[N/A],Enabled,Enabled
1709252295.429063,0,GPU-93ae0c7f-c327-aee3-adae-bc0d1dae71ea,0.42,0.4462628236443576,12282.0,6530.0,551.52,NVIDIA GeForce RTX 4070,[N/A],Enabled,Enabled
1709252296.428953,0,GPU-93ae0c7f-c327-aee3-adae-bc0d1dae71ea,0.41,0.4462628236443576,12282.0,6530.0,551.52,NVIDIA GeForce RTX 4070,[N/A],Enabled,Enabled
1709252297.42875,0,GPU-93ae0c7f-c327-aee3-adae-bc0d1dae71ea,0.41,0.4462628236443576,12282.0,6530.0,551.52,NVIDIA GeForce RTX 4070,[N/A],Enabled,Enabled
1709252298.428937,0,GPU-93ae0c7f-c327-aee3-adae-bc0d1dae71ea,0.38,0.4462628236443576,12282.0,6530.0,551.52,NVIDIA GeForce RTX 4070,[N/A],Enabled,Enabled
1709252299.428596,0,GPU-93ae0c7f-c327-aee3-adae-bc0d1dae71ea,0.43,0.4462628236443576,12282.0,6530.0,551.52,NVIDIA GeForce RTX 4070,[N/A],Enabled,Enabled
1709252300.428696,0,GPU-93ae0c7f-c327-aee3-adae-bc0d1dae71ea,0.4,0.4462628236443576,12282.0,6530.0,551.52,NVIDIA GeForce RTX 4070,[N/A],Enabled,Enabled
1709252301.429127,0,GPU-93ae0c7f-c327-aee3-adae-bc0d1dae71ea,0.42,0.4462628236443576,12282.0,6530.0,551.52,NVIDIA GeForce RTX 4070,[N/A],Enabled,Enabled
1709252302.428552,0,GPU-93ae0c7f-c327-aee3-adae-bc0d1dae71ea,0.4,0.4462628236443576,12282.0,6530.0,551.52,NVIDIA GeForce RTX 4070,[N/A],Enabled,Enabled
1709252303.428158,0,GPU-93ae0c7f-c327-aee3-adae-bc0d1dae71ea,0.42,0.4462628236443576,12282.0,6530.0,551.52,NVIDIA GeForce RTX 4070,[N/A],Enabled,Enabled
1709252304.428725,0,GPU-93ae0c7f-c327-aee3-adae-bc0d1dae71ea,0.4,0.4462628236443576,12282.0,6530.0,551.52,NVIDIA GeForce RTX 4070,[N/A],Enabled,Enabled
1709252305.428585,0,GPU-93ae0c7f-c327-aee3-adae-bc0d1dae71ea,0.42,0.4462628236443576,12282.0,6530.0,551.52,NVIDIA GeForce RTX 4070,[N/A],Enabled,Enabled
1709252306.428693,0,GPU-93ae0c7f-c327-aee3-adae-bc0d1dae71ea,0.4,0.4462628236443576,12282.0,6530.0,551.52,NVIDIA GeForce RTX 4070,[N/A],Enabled,Enabled
1709252307.428237,0,GPU-93ae0c7f-c327-aee3-adae-bc0d1dae71ea,0.42,0.4462628236443576,12282.0,6530.0,551.52,NVIDIA GeForce RTX 4070,[N/A],Enabled,Enabled
1709252308.428565,0,GPU-93ae0c7f-c327-aee3-adae-bc0d1dae71ea,0.4,0.4462628236443576,12282.0,6530.0,551.52,NVIDIA GeForce RTX 4070,[N/A],Enabled,Enabled
1709252309.428488,0,GPU-93ae0c7f-c327-aee3-adae-bc0d1dae71ea,0.42,0.4462628236443576,12282.0,6530.0,551.52,NVIDIA GeForce RTX 4070,[N/A],Enabled,Enabled
1709252310.428272,0,GPU-93ae0c7f-c327-aee3-adae-bc0d1dae71ea,0.4,0.4462628236443576,12282.0,6530.0,551.52,NVIDIA GeForce RTX 4070,[N/A],Enabled,Enabled
1709252311.428623,0,GPU-93ae0c7f-c327-aee3-adae-bc0d1dae71ea,0.42,0.4462628236443576,12282.0,6530.0,551.52,NVIDIA GeForce RTX 4070,[N/A],Enabled,Enabled
1709252312.429387,0,GPU-93ae0c7f-c327-aee3-adae-bc0d1dae71ea,0.4,0.4462628236443576,12282.0,6530.0,551.52,NVIDIA GeForce RTX 4070,[N/A],Enabled,Enabled
1709252313.429696,0,GPU-93ae0c7f-c327-aee3-adae-bc0d1dae71ea,0.43,0.4462628236443576,12282.0,6530.0,551.52,NVIDIA GeForce RTX 4070,[N/A],Enabled,Enabled
1709252314.428118,0,GPU-93ae0c7f-c327-aee3-adae-bc0d1dae71ea,0.42,0.4462628236443576,12282.0,6530.0,551.52,NVIDIA GeForce RTX 4070,[N/A],Enabled,Enabled
1709252315.42822,0,GPU-93ae0c7f-c327-aee3-adae-bc0d1dae71ea,0.43,0.4462628236443576,12282.0,6530.0,551.52,NVIDIA GeForce RTX 4070,[N/A],Enabled,Enabled
1709252316.430156,0,GPU-93ae0c7f-c327-aee3-adae-bc0d1dae71ea,0.43,0.4462628236443576,12282.0,6530.0,551.52,NVIDIA GeForce RTX 4070,[N/A],Enabled,Enabled
1709252317.428416,0,GPU-93ae0c7f-c327-aee3-adae-bc0d1dae71ea,0.44,0.4462628236443576,12282.0,6530.0,551.52,NVIDIA GeForce RTX 4070,[N/A],Enabled,Enabled
1709252318.428579,0,GPU-93ae0c7f-c327-aee3-adae-bc0d1dae71ea,0.41,0.4462628236443576,12282.0,6530.0,551.52,NVIDIA GeForce RTX 4070,[N/A],Enabled,Enabled
1709252319.428966,0,GPU-93ae0c7f-c327-aee3-adae-bc0d1dae71ea,0.46,0.4462628236443576,12282.0,6530.0,551.52,NVIDIA GeForce RTX 4070,[N/A],Enabled,Enabled
1709252320.428919,0,GPU-93ae0c7f-c327-aee3-adae-bc0d1dae71ea,0.45,0.4462628236443576,12282.0,6530.0,551.52,NVIDIA GeForce RTX 4070,[N/A],Enabled,Enabled
1709252321.428547,0,GPU-93ae0c7f-c327-aee3-adae-bc0d1dae71ea,0.42,0.4462628236443576,12282.0,6530.0,551.52,NVIDIA GeForce RTX 4070,[N/A],Enabled,Enabled
1709252322.428965,0,GPU-93ae0c7f-c327-aee3-adae-bc0d1dae71ea,0.4,0.4462628236443576,12282.0,6530.0,551.52,NVIDIA GeForce RTX 4070,[N/A],Enabled,Enabled
1709252323.428395,0,GPU-93ae0c7f-c327-aee3-adae-bc0d1dae71ea,0.42,0.4462628236443576,12282.0,6530.0,551.52,NVIDIA GeForce RTX 4070,[N/A],Enabled,Enabled
1709252324.42831,0,GPU-93ae0c7f-c327-aee3-adae-bc0d1dae71ea,0.4,0.4462628236443576,12282.0,6530.0,551.52,NVIDIA GeForce RTX 4070,[N/A],Enabled,Enabled
1709252325.428797,0,GPU-93ae0c7f-c327-aee3-adae-bc0d1dae71ea,0.42,0.4462628236443576,12282.0,6530.0,551.52,NVIDIA GeForce RTX 4070,[N/A],Enabled,Enabled
1709252326.428277,0,GPU-93ae0c7f-c327-aee3-adae-bc0d1dae71ea,0.4,0.4462628236443576,12282.0,6530.0,551.52,NVIDIA GeForce RTX 4070,[N/A],Enabled,Enabled
1709252327.42868,0,GPU-93ae0c7f-c327-aee3-adae-bc0d1dae71ea,0.42,0.4462628236443576,12282.0,6530.0,551.52,NVIDIA GeForce RTX 4070,[N/A],Enabled,Enabled
1709252328.428033,0,GPU-93ae0c7f-c327-aee3-adae-bc0d1dae71ea,0.38,0.4462628236443576,12282.0,6530.0,551.52,NVIDIA GeForce RTX 4070,[N/A],Enabled,Enabled
1709252329.429361,0,GPU-93ae0c7f-c327-aee3-adae-bc0d1dae71ea,0.41,0.4462628236443576,12282.0,6530.0,551.52,NVIDIA GeForce RTX 4070,[N/A],Enabled,Enabled
1709252330.428265,0,GPU-93ae0c7f-c327-aee3-adae-bc0d1dae71ea,0.4,0.4462628236443576,12282.0,6530.0,551.52,NVIDIA GeForce RTX 4070,[N/A],Enabled,Enabled
1709252331.429322,0,GPU-93ae0c7f-c327-aee3-adae-bc0d1dae71ea,0.42,0.4462628236443576,12282.0,6530.0,551.52,NVIDIA GeForce RTX 4070,[N/A],Enabled,Enabled
1709252332.428265,0,GPU-93ae0c7f-c327-aee3-adae-bc0d1dae71ea,0.4,0.4462628236443576,12282.0,6530.0,551.52,NVIDIA GeForce RTX 4070,[N/A],Enabled,Enabled
1709252333.428852,0,GPU-93ae0c7f-c327-aee3-adae-bc0d1dae71ea,0.43,0.4462628236443576,12282.0,6530.0,551.52,NVIDIA GeForce RTX 4070,[N/A],Enabled,Enabled
1709252334.42911,0,GPU-93ae0c7f-c327-aee3-adae-bc0d1dae71ea,0.41,0.4462628236443576,12282.0,6530.0,551.52,NVIDIA GeForce RTX 4070,[N/A],Enabled,Enabled
1709252335.429155,0,GPU-93ae0c7f-c327-aee3-adae-bc0d1dae71ea,0.45,0.4462628236443576,12282.0,6530.0,551.52,NVIDIA GeForce RTX 4070,[N/A],Enabled,Enabled
1709252336.42893,0,GPU-93ae0c7f-c327-aee3-adae-bc0d1dae71ea,0.41,0.4462628236443576,12282.0,6530.0,551.52,NVIDIA GeForce RTX 4070,[N/A],Enabled,Enabled
1709252337.42845,0,GPU-93ae0c7f-c327-aee3-adae-bc0d1dae71ea,0.41,0.4462628236443576,12282.0,6530.0,551.52,NVIDIA GeForce RTX 4070,[N/A],Enabled,Enabled
1709252338.428251,0,GPU-93ae0c7f-c327-aee3-adae-bc0d1dae71ea,0.4,0.4462628236443576,12282.0,6530.0,551.52,NVIDIA GeForce RTX 4070,[N/A],Enabled,Enabled
1709252339.428738,0,GPU-93ae0c7f-c327-aee3-adae-bc0d1dae71ea,0.43,0.4462628236443576,12282.0,6530.0,551.52,NVIDIA GeForce RTX 4070,[N/A],Enabled,Enabled
1709252340.428833,0,GPU-93ae0c7f-c327-aee3-adae-bc0d1dae71ea,0.42,0.4462628236443576,12282.0,6530.0,551.52,NVIDIA GeForce RTX 4070,[N/A],Enabled,Enabled
1709252341.428502,0,GPU-93ae0c7f-c327-aee3-adae-bc0d1dae71ea,0.44,0.4462628236443576,12282.0,6530.0,551.52,NVIDIA GeForce RTX 4070,[N/A],Enabled,Enabled
1709252342.428959,0,GPU-93ae0c7f-c327-aee3-adae-bc0d1dae71ea,0.41,0.4462628236443576,12282.0,6530.0,551.52,NVIDIA GeForce RTX 4070,[N/A],Enabled,Enabled
1709252343.428116,0,GPU-93ae0c7f-c327-aee3-adae-bc0d1dae71ea,0.43,0.4462628236443576,12282.0,6530.0,551.52,NVIDIA GeForce RTX 4070,[N/A],Enabled,Enabled
1709252344.428479,0,GPU-93ae0c7f-c327-aee3-adae-bc0d1dae71ea,0.41,0.4462628236443576,12282.0,6530.0,551.52,NVIDIA GeForce RTX 4070,[N/A],Enabled,Enabled
1709252345.428068,0,GPU-93ae0c7f-c327-aee3-adae-bc0d1dae71ea,0.44,0.4462628236443576,12282.0,6530.0,551.52,NVIDIA GeForce RTX 4070,[N/A],Enabled,Enabled
1709252346.428746,0,GPU-93ae0c7f-c327-aee3-adae-bc0d1dae71ea,0.44,0.4462628236443576,12282.0,6530.0,551.52,NVIDIA GeForce RTX 4070,[N/A],Enabled,Enabled
1709252347.428324,0,GPU-93ae0c7f-c327-aee3-adae-bc0d1dae71ea,0.43,0.4462628236443576,12282.0,6530.0,551.52,NVIDIA GeForce RTX 4070,[N/A],Enabled,Enabled
1709252348.429549,0,GPU-93ae0c7f-c327-aee3-adae-bc0d1dae71ea,0.42,0.4462628236443576,12282.0,6530.0,551.52,NVIDIA GeForce RTX 4070,[N/A],Enabled,Enabled
1709252349.428953,0,GPU-93ae0c7f-c327-aee3-adae-bc0d1dae71ea,0.42,0.4462628236443576,12282.0,6530.0,551.52,NVIDIA GeForce RTX 4070,[N/A],Enabled,Enabled
1709252350.42873,0,GPU-93ae0c7f-c327-aee3-adae-bc0d1dae71ea,0.42,0.4462628236443576,12282.0,6530.0,551.52,NVIDIA GeForce RTX 4070,[N/A],Enabled,Enabled
1709252351.428385,0,GPU-93ae0c7f-c327-aee3-adae-bc0d1dae71ea,0.44,0.4462628236443576,12282.0,6530.0,551.52,NVIDIA GeForce RTX 4070,[N/A],Enabled,Enabled
1709252352.427979,0,GPU-93ae0c7f-c327-aee3-adae-bc0d1dae71ea,0.42,0.4462628236443576,12282.0,6530.0,551.52,NVIDIA GeForce RTX 4070,[N/A],Enabled,Enabled
1709252353.429568,0,GPU-93ae0c7f-c327-aee3-adae-bc0d1dae71ea,0.44,0.4462628236443576,12282.0,6530.0,551.52,NVIDIA GeForce RTX 4070,[N/A],Enabled,Enabled
1709252354.428368,0,GPU-93ae0c7f-c327-aee3-adae-bc0d1dae71ea,0.42,0.4462628236443576,12282.0,6530.0,551.52,NVIDIA GeForce RTX 4070,[N/A],Enabled,Enabled
1709252355.429379,0,GPU-93ae0c7f-c327-aee3-adae-bc0d1dae71ea,0.44,0.4462628236443576,12282.0,6530.0,551.52,NVIDIA GeForce RTX 4070,[N/A],Enabled,Enabled
1709252356.4283,0,GPU-93ae0c7f-c327-aee3-adae-bc0d1dae71ea,0.42,0.4462628236443576,12282.0,6530.0,551.52,NVIDIA GeForce RTX 4070,[N/A],Enabled,Enabled
1709252357.429753,0,GPU-93ae0c7f-c327-aee3-adae-bc0d1dae71ea,0.44,0.4462628236443576,12282.0,6530.0,551.52,NVIDIA GeForce RTX 4070,[N/A],Enabled,Enabled
1709252358.428701,0,GPU-93ae0c7f-c327-aee3-adae-bc0d1dae71ea,0.43,0.4462628236443576,12282.0,6530.0,551.52,NVIDIA GeForce RTX 4070,[N/A],Enabled,Enabled
1709252359.428783,0,GPU-93ae0c7f-c327-aee3-adae-bc0d1dae71ea,0.45,0.4462628236443576,12282.0,6530.0,551.52,NVIDIA GeForce RTX 4070,[N/A],Enabled,Enabled
1709252360.428749,0,GPU-93ae0c7f-c327-aee3-adae-bc0d1dae71ea,0.46,0.4462628236443576,12282.0,6530.0,551.52,NVIDIA GeForce RTX 4070,[N/A],Enabled,Enabled
1709252361.428346,0,GPU-93ae0c7f-c327-aee3-adae-bc0d1dae71ea,0.44,0.4462628236443576,12282.0,6530.0,551.52,NVIDIA GeForce RTX 4070,[N/A],Enabled,Enabled
1709252362.428623,0,GPU-93ae0c7f-c327-aee3-adae-bc0d1dae71ea,0.44,0.4462628236443576,12282.0,6530.0,551.52,NVIDIA GeForce RTX 4070,[N/A],Enabled,Enabled
1709252363.428894,0,GPU-93ae0c7f-c327-aee3-adae-bc0d1dae71ea,0.44,0.4462628236443576,12282.0,6530.0,551.52,NVIDIA GeForce RTX 4070,[N/A],Enabled,Enabled
1709252364.42812,0,GPU-93ae0c7f-c327-aee3-adae-bc0d1dae71ea,0.42,0.4462628236443576,12282.0,6530.0,551.52,NVIDIA GeForce RTX 4070,[N/A],Enabled,Enabled
1709252365.428678,0,GPU-93ae0c7f-c327-aee3-adae-bc0d1dae71ea,0.48,0.4462628236443576,12282.0,6530.0,551.52,NVIDIA GeForce RTX 4070,[N/A],Enabled,Enabled
1709252366.42853,0,GPU-93ae0c7f-c327-aee3-adae-bc0d1dae71ea,0.42,0.4462628236443576,12282.0,6530.0,551.52,NVIDIA GeForce RTX 4070,[N/A],Enabled,Enabled
1709252367.429393,0,GPU-93ae0c7f-c327-aee3-adae-bc0d1dae71ea,0.45,0.4462628236443576,12282.0,6530.0,551.52,NVIDIA GeForce RTX 4070,[N/A],Enabled,Enabled
1709252368.42849,0,GPU-93ae0c7f-c327-aee3-adae-bc0d1dae71ea,0.42,0.4462628236443576,12282.0,6530.0,551.52,NVIDIA GeForce RTX 4070,[N/A],Enabled,Enabled
1709252369.427965,0,GPU-93ae0c7f-c327-aee3-adae-bc0d1dae71ea,0.43,0.4462628236443576,12282.0,6530.0,551.52,NVIDIA GeForce RTX 4070,[N/A],Enabled,Enabled
1709252370.42858,0,GPU-93ae0c7f-c327-aee3-adae-bc0d1dae71ea,0.42,0.4462628236443576,12282.0,6530.0,551.52,NVIDIA GeForce RTX 4070,[N/A],Enabled,Enabled
1709252371.428781,0,GPU-93ae0c7f-c327-aee3-adae-bc0d1dae71ea,0.44,0.4462628236443576,12282.0,6530.0,551.52,NVIDIA GeForce RTX 4070,[N/A],Enabled,Enabled
1709252372.429203,0,GPU-93ae0c7f-c327-aee3-adae-bc0d1dae71ea,0.43,0.4462628236443576,12282.0,6530.0,551.52,NVIDIA GeForce RTX 4070,[N/A],Enabled,Enabled
1709252373.428507,0,GPU-93ae0c7f-c327-aee3-adae-bc0d1dae71ea,0.42,0.4462628236443576,12282.0,6530.0,551.52,NVIDIA GeForce RTX 4070,[N/A],Enabled,Enabled
1709252374.428817,0,GPU-93ae0c7f-c327-aee3-adae-bc0d1dae71ea,0.42,0.4462628236443576,12282.0,6530.0,551.52,NVIDIA GeForce RTX 4070,[N/A],Enabled,Enabled
1709252375.428286,0,GPU-93ae0c7f-c327-aee3-adae-bc0d1dae71ea,0.44,0.4462628236443576,12282.0,6530.0,551.52,NVIDIA GeForce RTX 4070,[N/A],Enabled,Enabled
1709252376.428885,0,GPU-93ae0c7f-c327-aee3-adae-bc0d1dae71ea,0.42,0.4462628236443576,12282.0,6530.0,551.52,NVIDIA GeForce RTX 4070,[N/A],Enabled,Enabled
1709252377.428097,0,GPU-93ae0c7f-c327-aee3-adae-bc0d1dae71ea,0.45,0.4462628236443576,12282.0,6530.0,551.52,NVIDIA GeForce RTX 4070,[N/A],Enabled,Enabled
1709252378.428157,0,GPU-93ae0c7f-c327-aee3-adae-bc0d1dae71ea,0.42,0.4462628236443576,12282.0,6530.0,551.52,NVIDIA GeForce RTX 4070,[N/A],Enabled,Enabled
1709252379.428806,0,GPU-93ae0c7f-c327-aee3-adae-bc0d1dae71ea,0.44,0.4462628236443576,12282.0,6530.0,551.52,NVIDIA GeForce RTX 4070,[N/A],Enabled,Enabled
1709252380.429757,0,GPU-93ae0c7f-c327-aee3-adae-bc0d1dae71ea,0.42,0.4462628236443576,12282.0,6530.0,551.52,NVIDIA GeForce RTX 4070,[N/A],Enabled,Enabled
1709252381.429165,0,GPU-93ae0c7f-c327-aee3-adae-bc0d1dae71ea,0.44,0.4462628236443576,12282.0,6530.0,551.52,NVIDIA GeForce RTX 4070,[N/A],Enabled,Enabled
1709252382.428455,0,GPU-93ae0c7f-c327-aee3-adae-bc0d1dae71ea,0.41,0.4462628236443576,12282.0,6530.0,551.52,NVIDIA GeForce RTX 4070,[N/A],Enabled,Enabled
1709252383.428202,0,GPU-93ae0c7f-c327-aee3-adae-bc0d1dae71ea,0.45,0.4462628236443576,12282.0,6530.0,551.52,NVIDIA GeForce RTX 4070,[N/A],Enabled,Enabled
1709252384.428688,0,GPU-93ae0c7f-c327-aee3-adae-bc0d1dae71ea,0.43,0.4462628236443576,12282.0,6530.0,551.52,NVIDIA GeForce RTX 4070,[N/A],Enabled,Enabled
1709252385.428596,0,GPU-93ae0c7f-c327-aee3-adae-bc0d1dae71ea,0.48,0.4462628236443576,12282.0,6530.0,551.52,NVIDIA GeForce RTX 4070,[N/A],Enabled,Enabled
1709252386.428423,0,GPU-93ae0c7f-c327-aee3-adae-bc0d1dae71ea,0.42,0.4462628236443576,12282.0,6530.0,551.52,NVIDIA GeForce RTX 4070,[N/A],Enabled,Enabled
1709252387.428203,0,GPU-93ae0c7f-c327-aee3-adae-bc0d1dae71ea,0.42,0.4462628236443576,12282.0,6530.0,551.52,NVIDIA GeForce RTX 4070,[N/A],Enabled,Enabled
1709252388.42888,0,GPU-93ae0c7f-c327-aee3-adae-bc0d1dae71ea,0.4,0.4462628236443576,12282.0,6530.0,551.52,NVIDIA GeForce RTX 4070,[N/A],Enabled,Enabled
1709252389.428846,0,GPU-93ae0c7f-c327-aee3-adae-bc0d1dae71ea,0.43,0.4462628236443576,12282.0,6530.0,551.52,NVIDIA GeForce RTX 4070,[N/A],Enabled,Enabled
1709252390.428311,0,GPU-93ae0c7f-c327-aee3-adae-bc0d1dae71ea,0.4,0.4462628236443576,12282.0,6530.0,551.52,NVIDIA GeForce RTX 4070,[N/A],Enabled,Enabled
1709252391.428994,0,GPU-93ae0c7f-c327-aee3-adae-bc0d1dae71ea,0.42,0.4462628236443576,12282.0,6530.0,551.52,NVIDIA GeForce RTX 4070,[N/A],Enabled,Enabled
1709252392.429444,0,GPU-93ae0c7f-c327-aee3-adae-bc0d1dae71ea,0.41,0.4462628236443576,12282.0,6530.0,551.52,NVIDIA GeForce RTX 4070,[N/A],Enabled,Enabled
1709252393.428769,0,GPU-93ae0c7f-c327-aee3-adae-bc0d1dae71ea,0.42,0.4462628236443576,12282.0,6530.0,551.52,NVIDIA GeForce RTX 4070,[N/A],Enabled,Enabled
1709252394.428205,0,GPU-93ae0c7f-c327-aee3-adae-bc0d1dae71ea,0.4,0.4462628236443576,12282.0,6530.0,551.52,NVIDIA GeForce RTX 4070,[N/A],Enabled,Enabled
1709252395.429276,0,GPU-93ae0c7f-c327-aee3-adae-bc0d1dae71ea,0.42,0.4462628236443576,12282.0,6530.0,551.52,NVIDIA GeForce RTX 4070,[N/A],Enabled,Enabled
1709252396.428573,0,GPU-93ae0c7f-c327-aee3-adae-bc0d1dae71ea,0.4,0.4462628236443576,12282.0,6530.0,551.52,NVIDIA GeForce RTX 4070,[N/A],Enabled,Enabled
1709252397.428342,0,GPU-93ae0c7f-c327-aee3-adae-bc0d1dae71ea,0.44,0.4462628236443576,12282.0,6530.0,551.52,NVIDIA GeForce RTX 4070,[N/A],Enabled,Enabled
1709252398.428893,0,GPU-93ae0c7f-c327-aee3-adae-bc0d1dae71ea,0.47,0.4462628236443576,12282.0,6530.0,551.52,NVIDIA GeForce RTX 4070,[N/A],Enabled,Enabled
1709252399.428933,0,GPU-93ae0c7f-c327-aee3-adae-bc0d1dae71ea,0.41,0.4462628236443576,12282.0,6530.0,551.52,NVIDIA GeForce RTX 4070,[N/A],Enabled,Enabled
1709252400.429068,0,GPU-93ae0c7f-c327-aee3-adae-bc0d1dae71ea,0.4,0.4462628236443576,12282.0,6530.0,551.52,NVIDIA GeForce RTX 4070,[N/A],Enabled,Enabled
1709252401.428975,0,GPU-93ae0c7f-c327-aee3-adae-bc0d1dae71ea,0.4,0.4462628236443576,12282.0,6530.0,551.52,NVIDIA GeForce RTX 4070,[N/A],Enabled,Enabled
1709252402.42831,0,GPU-93ae0c7f-c327-aee3-adae-bc0d1dae71ea,0.4,0.4462628236443576,12282.0,6530.0,551.52,NVIDIA GeForce RTX 4070,[N/A],Enabled,Enabled
1709252403.429077,0,GPU-93ae0c7f-c327-aee3-adae-bc0d1dae71ea,0.42,0.4462628236443576,12282.0,6530.0,551.52,NVIDIA GeForce RTX 4070,[N/A],Enabled,Enabled
1709252404.428433,0,GPU-93ae0c7f-c327-aee3-adae-bc0d1dae71ea,0.39,0.4462628236443576,12282.0,6530.0,551.52,NVIDIA GeForce RTX 4070,[N/A],Enabled,Enabled
1709252405.42883,0,GPU-93ae0c7f-c327-aee3-adae-bc0d1dae71ea,0.4,0.4462628236443576,12282.0,6530.0,551.52,NVIDIA GeForce RTX 4070,[N/A],Enabled,Enabled
1709252406.429386,0,GPU-93ae0c7f-c327-aee3-adae-bc0d1dae71ea,0.4,0.4462628236443576,12282.0,6530.0,551.52,NVIDIA GeForce RTX 4070,[N/A],Enabled,Enabled
1709252407.429633,0,GPU-93ae0c7f-c327-aee3-adae-bc0d1dae71ea,0.42,0.4462628236443576,12282.0,6530.0,551.52,NVIDIA GeForce RTX 4070,[N/A],Enabled,Enabled
1709252408.429066,0,GPU-93ae0c7f-c327-aee3-adae-bc0d1dae71ea,0.4,0.4462628236443576,12282.0,6530.0,551.52,NVIDIA GeForce RTX 4070,[N/A],Enabled,Enabled
1709252409.428194,0,GPU-93ae0c7f-c327-aee3-adae-bc0d1dae71ea,0.45,0.4462628236443576,12282.0,6530.0,551.52,NVIDIA GeForce RTX 4070,[N/A],Enabled,Enabled
1709252410.429382,0,GPU-93ae0c7f-c327-aee3-adae-bc0d1dae71ea,0.44,0.4462628236443576,12282.0,6530.0,551.52,NVIDIA GeForce RTX 4070,[N/A],Enabled,Enabled
1709252411.429395,0,GPU-93ae0c7f-c327-aee3-adae-bc0d1dae71ea,0.42,0.4462628236443576,12282.0,6530.0,551.52,NVIDIA GeForce RTX 4070,[N/A],Enabled,Enabled
1709252412.428853,0,GPU-93ae0c7f-c327-aee3-adae-bc0d1dae71ea,0.4,0.4462628236443576,12282.0,6530.0,551.52,NVIDIA GeForce RTX 4070,[N/A],Enabled,Enabled
1709252413.428572,0,GPU-93ae0c7f-c327-aee3-adae-bc0d1dae71ea,0.43,0.4462628236443576,12282.0,6530.0,551.52,NVIDIA GeForce RTX 4070,[N/A],Enabled,Enabled
1709252414.429212,0,GPU-93ae0c7f-c327-aee3-adae-bc0d1dae71ea,0.42,0.4462628236443576,12282.0,6530.0,551.52,NVIDIA GeForce RTX 4070,[N/A],Enabled,Enabled
1709252415.428799,0,GPU-93ae0c7f-c327-aee3-adae-bc0d1dae71ea,0.43,0.4462628236443576,12282.0,6530.0,551.52,NVIDIA GeForce RTX 4070,[N/A],Enabled,Enabled
1709252416.428282,0,GPU-93ae0c7f-c327-aee3-adae-bc0d1dae71ea,0.42,0.4462628236443576,12282.0,6530.0,551.52,NVIDIA GeForce RTX 4070,[N/A],Enabled,Enabled
1709252417.428892,0,GPU-93ae0c7f-c327-aee3-adae-bc0d1dae71ea,0.42,0.4462628236443576,12282.0,6530.0,551.52,NVIDIA GeForce RTX 4070,[N/A],Enabled,Enabled
1709252418.429366,0,GPU-93ae0c7f-c327-aee3-adae-bc0d1dae71ea,0.4,0.4462628236443576,12282.0,6530.0,551.52,NVIDIA GeForce RTX 4070,[N/A],Enabled,Enabled
1709252419.427992,0,GPU-93ae0c7f-c327-aee3-adae-bc0d1dae71ea,0.44,0.4462628236443576,12282.0,6530.0,551.52,NVIDIA GeForce RTX 4070,[N/A],Enabled,Enabled
1709252420.428166,0,GPU-93ae0c7f-c327-aee3-adae-bc0d1dae71ea,0.41,0.4462628236443576,12282.0,6530.0,551.52,NVIDIA GeForce RTX 4070,[N/A],Enabled,Enabled
1709252421.428842,0,GPU-93ae0c7f-c327-aee3-adae-bc0d1dae71ea,0.4,0.4462628236443576,12282.0,6530.0,551.52,NVIDIA GeForce RTX 4070,[N/A],Enabled,Enabled
1709252422.428426,0,GPU-93ae0c7f-c327-aee3-adae-bc0d1dae71ea,0.41,0.4462628236443576,12282.0,6530.0,551.52,NVIDIA GeForce RTX 4070,[N/A],Enabled,Enabled
1709252423.428889,0,GPU-93ae0c7f-c327-aee3-adae-bc0d1dae71ea,0.47,0.4462628236443576,12282.0,6530.0,551.52,NVIDIA GeForce RTX 4070,[N/A],Enabled,Enabled
1709252424.428311,0,GPU-93ae0c7f-c327-aee3-adae-bc0d1dae71ea,0.39,0.4462628236443576,12282.0,6530.0,551.52,NVIDIA GeForce RTX 4070,[N/A],Enabled,Enabled
1709252425.42892,0,GPU-93ae0c7f-c327-aee3-adae-bc0d1dae71ea,0.43,0.4462628236443576,12282.0,6530.0,551.52,NVIDIA GeForce RTX 4070,[N/A],Enabled,Enabled
1709252426.428851,0,GPU-93ae0c7f-c327-aee3-adae-bc0d1dae71ea,0.4,0.4462628236443576,12282.0,6530.0,551.52,NVIDIA GeForce RTX 4070,[N/A],Enabled,Enabled
1709252427.428731,0,GPU-93ae0c7f-c327-aee3-adae-bc0d1dae71ea,0.43,0.4462628236443576,12282.0,6530.0,551.52,NVIDIA GeForce RTX 4070,[N/A],Enabled,Enabled
1709252428.428418,0,GPU-93ae0c7f-c327-aee3-adae-bc0d1dae71ea,0.4,0.4462628236443576,12282.0,6530.0,551.52,NVIDIA GeForce RTX 4070,[N/A],Enabled,Enabled
1709252429.429549,0,GPU-93ae0c7f-c327-aee3-adae-bc0d1dae71ea,0.43,0.4462628236443576,12282.0,6530.0,551.52,NVIDIA GeForce RTX 4070,[N/A],Enabled,Enabled
1709252430.429471,0,GPU-93ae0c7f-c327-aee3-adae-bc0d1dae71ea,0.41,0.4462628236443576,12282.0,6530.0,551.52,NVIDIA GeForce RTX 4070,[N/A],Enabled,Enabled
1709252431.428365,0,GPU-93ae0c7f-c327-aee3-adae-bc0d1dae71ea,0.43,0.4462628236443576,12282.0,6530.0,551.52,NVIDIA GeForce RTX 4070,[N/A],Enabled,Enabled
1709252432.429532,0,GPU-93ae0c7f-c327-aee3-adae-bc0d1dae71ea,0.4,0.4462628236443576,12282.0,6530.0,551.52,NVIDIA GeForce RTX 4070,[N/A],Enabled,Enabled
1709252433.428966,0,GPU-93ae0c7f-c327-aee3-adae-bc0d1dae71ea,0.42,0.4462628236443576,12282.0,6530.0,551.52,NVIDIA GeForce RTX 4070,[N/A],Enabled,Enabled
1709252434.428415,0,GPU-93ae0c7f-c327-aee3-adae-bc0d1dae71ea,0.4,0.4462628236443576,12282.0,6530.0,551.52,NVIDIA GeForce RTX 4070,[N/A],Enabled,Enabled
1709252435.4287,0,GPU-93ae0c7f-c327-aee3-adae-bc0d1dae71ea,0.4,0.4462628236443576,12282.0,6530.0,551.52,NVIDIA GeForce RTX 4070,[N/A],Enabled,Enabled
1709252436.428167,0,GPU-93ae0c7f-c327-aee3-adae-bc0d1dae71ea,0.41,0.4462628236443576,12282.0,6530.0,551.52,NVIDIA GeForce RTX 4070,[N/A],Enabled,Enabled
1709252437.428283,0,GPU-93ae0c7f-c327-aee3-adae-bc0d1dae71ea,0.43,0.4462628236443576,12282.0,6530.0,551.52,NVIDIA GeForce RTX 4070,[N/A],Enabled,Enabled
1709252438.428014,0,GPU-93ae0c7f-c327-aee3-adae-bc0d1dae71ea,0.39,0.4462628236443576,12282.0,6530.0,551.52,NVIDIA GeForce RTX 4070,[N/A],Enabled,Enabled
1709252439.428819,0,GPU-93ae0c7f-c327-aee3-adae-bc0d1dae71ea,0.42,0.4462628236443576,12282.0,6530.0,551.52,NVIDIA GeForce RTX 4070,[N/A],Enabled,Enabled
1709252440.428069,0,GPU-93ae0c7f-c327-aee3-adae-bc0d1dae71ea,0.41,0.4462628236443576,12282.0,6530.0,551.52,NVIDIA GeForce RTX 4070,[N/A],Enabled,Enabled
1709252441.428927,0,GPU-93ae0c7f-c327-aee3-adae-bc0d1dae71ea,0.41,0.4462628236443576,12282.0,6530.0,551.52,NVIDIA GeForce RTX 4070,[N/A],Enabled,Enabled
1709252442.428424,0,GPU-93ae0c7f-c327-aee3-adae-bc0d1dae71ea,0.39,0.4462628236443576,12282.0,6530.0,551.52,NVIDIA GeForce RTX 4070,[N/A],Enabled,Enabled
1709252443.42843,0,GPU-93ae0c7f-c327-aee3-adae-bc0d1dae71ea,0.43,0.4462628236443576,12282.0,6530.0,551.52,NVIDIA GeForce RTX 4070,[N/A],Enabled,Enabled
1709252444.428601,0,GPU-93ae0c7f-c327-aee3-adae-bc0d1dae71ea,0.42,0.4462628236443576,12282.0,6530.0,551.52,NVIDIA GeForce RTX 4070,[N/A],Enabled,Enabled
1709252445.429029,0,GPU-93ae0c7f-c327-aee3-adae-bc0d1dae71ea,0.44,0.4462628236443576,12282.0,6530.0,551.52,NVIDIA GeForce RTX 4070,[N/A],Enabled,Enabled
1709252446.428866,0,GPU-93ae0c7f-c327-aee3-adae-bc0d1dae71ea,0.41,0.4462628236443576,12282.0,6530.0,551.52,NVIDIA GeForce RTX 4070,[N/A],Enabled,Enabled
1709252447.428883,0,GPU-93ae0c7f-c327-aee3-adae-bc0d1dae71ea,0.44,0.4462628236443576,12282.0,6530.0,551.52,NVIDIA GeForce RTX 4070,[N/A],Enabled,Enabled
1709252448.428657,0,GPU-93ae0c7f-c327-aee3-adae-bc0d1dae71ea,0.42,0.4462628236443576,12282.0,6530.0,551.52,NVIDIA GeForce RTX 4070,[N/A],Enabled,Enabled
1709252449.428632,0,GPU-93ae0c7f-c327-aee3-adae-bc0d1dae71ea,0.45,0.4462628236443576,12282.0,6530.0,551.52,NVIDIA GeForce RTX 4070,[N/A],Enabled,Enabled
1709252450.428672,0,GPU-93ae0c7f-c327-aee3-adae-bc0d1dae71ea,0.42,0.4462628236443576,12282.0,6530.0,551.52,NVIDIA GeForce RTX 4070,[N/A],Enabled,Enabled
1709252451.428937,0,GPU-93ae0c7f-c327-aee3-adae-bc0d1dae71ea,0.5,0.4462628236443576,12282.0,6530.0,551.52,NVIDIA GeForce RTX 4070,[N/A],Enabled,Enabled
1709252452.428896,0,GPU-93ae0c7f-c327-aee3-adae-bc0d1dae71ea,0.48,0.4462628236443576,12282.0,6530.0,551.52,NVIDIA GeForce RTX 4070,[N/A],Enabled,Enabled
1709252453.428054,0,GPU-93ae0c7f-c327-aee3-adae-bc0d1dae71ea,0.49,0.4462628236443576,12282.0,6530.0,551.52,NVIDIA GeForce RTX 4070,[N/A],Enabled,Enabled
1709252454.42927,0,GPU-93ae0c7f-c327-aee3-adae-bc0d1dae71ea,0.41,0.4462628236443576,12282.0,6530.0,551.52,NVIDIA GeForce RTX 4070,[N/A],Enabled,Enabled
1709252455.428852,0,GPU-93ae0c7f-c327-aee3-adae-bc0d1dae71ea,0.47,0.4462628236443576,12282.0,6530.0,551.52,NVIDIA GeForce RTX 4070,[N/A],Enabled,Enabled
1709252456.428973,0,GPU-93ae0c7f-c327-aee3-adae-bc0d1dae71ea,0.4,0.4462628236443576,12282.0,6530.0,551.52,NVIDIA GeForce RTX 4070,[N/A],Enabled,Enabled
1709252457.429078,0,GPU-93ae0c7f-c327-aee3-adae-bc0d1dae71ea,0.44,0.4462628236443576,12282.0,6530.0,551.52,NVIDIA GeForce RTX 4070,[N/A],Enabled,Enabled
1709252458.429066,0,GPU-93ae0c7f-c327-aee3-adae-bc0d1dae71ea,0.45,0.4462628236443576,12282.0,6530.0,551.52,NVIDIA GeForce RTX 4070,[N/A],Enabled,Enabled
1709252459.428274,0,GPU-93ae0c7f-c327-aee3-adae-bc0d1dae71ea,0.44,0.4462628236443576,12282.0,6530.0,551.52,NVIDIA GeForce RTX 4070,[N/A],Enabled,Enabled
1709252460.428361,0,GPU-93ae0c7f-c327-aee3-adae-bc0d1dae71ea,0.41,0.4462628236443576,12282.0,6530.0,551.52,NVIDIA GeForce RTX 4070,[N/A],Enabled,Enabled
1709252461.429154,0,GPU-93ae0c7f-c327-aee3-adae-bc0d1dae71ea,0.44,0.4462628236443576,12282.0,6530.0,551.52,NVIDIA GeForce RTX 4070,[N/A],Enabled,Enabled
1709252462.428419,0,GPU-93ae0c7f-c327-aee3-adae-bc0d1dae71ea,0.42,0.4462628236443576,12282.0,6530.0,551.52,NVIDIA GeForce RTX 4070,[N/A],Enabled,Enabled
1709252463.428561,0,GPU-93ae0c7f-c327-aee3-adae-bc0d1dae71ea,0.48,0.4462628236443576,12282.0,6530.0,551.52,NVIDIA GeForce RTX 4070,[N/A],Enabled,Enabled
1709252464.42961,0,GPU-93ae0c7f-c327-aee3-adae-bc0d1dae71ea,0.46,0.4462628236443576,12282.0,6530.0,551.52,NVIDIA GeForce RTX 4070,[N/A],Enabled,Enabled
1709252465.428747,0,GPU-93ae0c7f-c327-aee3-adae-bc0d1dae71ea,0.44,0.4462628236443576,12282.0,6530.0,551.52,NVIDIA GeForce RTX 4070,[N/A],Enabled,Enabled
1709252466.429205,0,GPU-93ae0c7f-c327-aee3-adae-bc0d1dae71ea,0.42,0.4462628236443576,12282.0,6530.0,551.52,NVIDIA GeForce RTX 4070,[N/A],Enabled,Enabled
1709252467.428797,0,GPU-93ae0c7f-c327-aee3-adae-bc0d1dae71ea,0.46,0.4462628236443576,12282.0,6530.0,551.52,NVIDIA GeForce RTX 4070,[N/A],Enabled,Enabled
1709252468.428495,0,GPU-93ae0c7f-c327-aee3-adae-bc0d1dae71ea,0.43,0.4462628236443576,12282.0,6530.0,551.52,NVIDIA GeForce RTX 4070,[N/A],Enabled,Enabled
1709252469.428317,0,GPU-93ae0c7f-c327-aee3-adae-bc0d1dae71ea,0.45,0.4462628236443576,12282.0,6530.0,551.52,NVIDIA GeForce RTX 4070,[N/A],Enabled,Enabled
1709252470.428566,0,GPU-93ae0c7f-c327-aee3-adae-bc0d1dae71ea,0.45,0.4462628236443576,12282.0,6530.0,551.52,NVIDIA GeForce RTX 4070,[N/A],Enabled,Enabled
1709252471.429125,0,GPU-93ae0c7f-c327-aee3-adae-bc0d1dae71ea,0.45,0.4462628236443576,12282.0,6530.0,551.52,NVIDIA GeForce RTX 4070,[N/A],Enabled,Enabled
1709252472.428953,0,GPU-93ae0c7f-c327-aee3-adae-bc0d1dae71ea,0.43,0.4462628236443576,12282.0,6530.0,551.52,NVIDIA GeForce RTX 4070,[N/A],Enabled,Enabled
1709252473.428871,0,GPU-93ae0c7f-c327-aee3-adae-bc0d1dae71ea,0.47,0.4462628236443576,12282.0,6530.0,551.52,NVIDIA GeForce RTX 4070,[N/A],Enabled,Enabled
1709252474.429038,0,GPU-93ae0c7f-c327-aee3-adae-bc0d1dae71ea,0.42,0.4462628236443576,12282.0,6530.0,551.52,NVIDIA GeForce RTX 4070,[N/A],Enabled,Enabled
1709252475.428112,0,GPU-93ae0c7f-c327-aee3-adae-bc0d1dae71ea,0.42,0.4462628236443576,12282.0,6530.0,551.52,NVIDIA GeForce RTX 4070,[N/A],Enabled,Enabled
1709252476.428062,0,GPU-93ae0c7f-c327-aee3-adae-bc0d1dae71ea,0.41,0.4462628236443576,12282.0,6530.0,551.52,NVIDIA GeForce RTX 4070,[N/A],Enabled,Enabled
1709252477.429213,0,GPU-93ae0c7f-c327-aee3-adae-bc0d1dae71ea,0.43,0.4462628236443576,12282.0,6530.0,551.52,NVIDIA GeForce RTX 4070,[N/A],Enabled,Enabled
1709252478.42837,0,GPU-93ae0c7f-c327-aee3-adae-bc0d1dae71ea,0.4,0.4462628236443576,12282.0,6530.0,551.52,NVIDIA GeForce RTX 4070,[N/A],Enabled,Enabled
1709252479.428251,0,GPU-93ae0c7f-c327-aee3-adae-bc0d1dae71ea,0.43,0.44650708353688323,12282.0,6527.0,551.52,NVIDIA GeForce RTX 4070,[N/A],Enabled,Enabled
1709252480.428986,0,GPU-93ae0c7f-c327-aee3-adae-bc0d1dae71ea,0.39,0.44650708353688323,12282.0,6527.0,551.52,NVIDIA GeForce RTX 4070,[N/A],Enabled,Enabled
1709252481.429063,0,GPU-93ae0c7f-c327-aee3-adae-bc0d1dae71ea,0.4,0.44650708353688323,12282.0,6527.0,551.52,NVIDIA GeForce RTX 4070,[N/A],Enabled,Enabled
1709252482.428377,0,GPU-93ae0c7f-c327-aee3-adae-bc0d1dae71ea,0.32,0.446425663572708,12282.0,6528.0,551.52,NVIDIA GeForce RTX 4070,[N/A],Enabled,Enabled
1709252483.428221,0,GPU-93ae0c7f-c327-aee3-adae-bc0d1dae71ea,0.32,0.44333170493404983,12282.0,6566.0,551.52,NVIDIA GeForce RTX 4070,[N/A],Enabled,Enabled
1709252484.429025,0,GPU-93ae0c7f-c327-aee3-adae-bc0d1dae71ea,0.32,0.44333170493404983,12282.0,6566.0,551.52,NVIDIA GeForce RTX 4070,[N/A],Enabled,Enabled
1709252485.429218,0,GPU-93ae0c7f-c327-aee3-adae-bc0d1dae71ea,0.31,0.44333170493404983,12282.0,6566.0,551.52,NVIDIA GeForce RTX 4070,[N/A],Enabled,Enabled
1709252486.428947,0,GPU-93ae0c7f-c327-aee3-adae-bc0d1dae71ea,0.28,0.4386907669760625,12282.0,6623.0,551.52,NVIDIA GeForce RTX 4070,[N/A],Enabled,Enabled
1709252487.428515,0,GPU-93ae0c7f-c327-aee3-adae-bc0d1dae71ea,0.3,0.44333170493404983,12282.0,6566.0,551.52,NVIDIA GeForce RTX 4070,[N/A],Enabled,Enabled
1709252488.429175,0,GPU-93ae0c7f-c327-aee3-adae-bc0d1dae71ea,0.29,0.4386907669760625,12282.0,6623.0,551.52,NVIDIA GeForce RTX 4070,[N/A],Enabled,Enabled
1709252489.428693,0,GPU-93ae0c7f-c327-aee3-adae-bc0d1dae71ea,0.29,0.4386907669760625,12282.0,6623.0,551.52,NVIDIA GeForce RTX 4070,[N/A],Enabled,Enabled
1709252490.429007,0,GPU-93ae0c7f-c327-aee3-adae-bc0d1dae71ea,0.3,0.4386907669760625,12282.0,6623.0,551.52,NVIDIA GeForce RTX 4070,[N/A],Enabled,Enabled
1709252491.428283,0,GPU-93ae0c7f-c327-aee3-adae-bc0d1dae71ea,0.29,0.4386907669760625,12282.0,6623.0,551.52,NVIDIA GeForce RTX 4070,[N/A],Enabled,Enabled
1709252492.42857,0,GPU-93ae0c7f-c327-aee3-adae-bc0d1dae71ea,0.29,0.4386907669760625,12282.0,6623.0,551.52,NVIDIA GeForce RTX 4070,[N/A],Enabled,Enabled
1709252493.428922,0,GPU-93ae0c7f-c327-aee3-adae-bc0d1dae71ea,0.29,0.4386907669760625,12282.0,6623.0,551.52,NVIDIA GeForce RTX 4070,[N/A],Enabled,Enabled
1709252494.428203,0,GPU-93ae0c7f-c327-aee3-adae-bc0d1dae71ea,0.29,0.4386907669760625,12282.0,6623.0,551.52,NVIDIA GeForce RTX 4070,[N/A],Enabled,Enabled
1709252495.428526,0,GPU-93ae0c7f-c327-aee3-adae-bc0d1dae71ea,0.29,0.4386907669760625,12282.0,6623.0,551.52,NVIDIA GeForce RTX 4070,[N/A],Enabled,Enabled
1709252496.428486,0,GPU-93ae0c7f-c327-aee3-adae-bc0d1dae71ea,0.3,0.4386907669760625,12282.0,6623.0,551.52,NVIDIA GeForce RTX 4070,[N/A],Enabled,Enabled
1709252497.428621,0,GPU-93ae0c7f-c327-aee3-adae-bc0d1dae71ea,0.3,0.4386907669760625,12282.0,6623.0,551.52,NVIDIA GeForce RTX 4070,[N/A],Enabled,Enabled
1709252498.429188,0,GPU-93ae0c7f-c327-aee3-adae-bc0d1dae71ea,0.29,0.4386907669760625,12282.0,6623.0,551.52,NVIDIA GeForce RTX 4070,[N/A],Enabled,Enabled
1709252499.427943,0,GPU-93ae0c7f-c327-aee3-adae-bc0d1dae71ea,0.29,0.4386907669760625,12282.0,6623.0,551.52,NVIDIA GeForce RTX 4070,[N/A],Enabled,Enabled
1709252500.42925,0,GPU-93ae0c7f-c327-aee3-adae-bc0d1dae71ea,0.29,0.4386907669760625,12282.0,6623.0,551.52,NVIDIA GeForce RTX 4070,[N/A],Enabled,Enabled
1709252501.428483,0,GPU-93ae0c7f-c327-aee3-adae-bc0d1dae71ea,0.29,0.4386907669760625,12282.0,6623.0,551.52,NVIDIA GeForce RTX 4070,[N/A],Enabled,Enabled
1709252502.428366,0,GPU-93ae0c7f-c327-aee3-adae-bc0d1dae71ea,0.29,0.4386907669760625,12282.0,6623.0,551.52,NVIDIA GeForce RTX 4070,[N/A],Enabled,Enabled
1709252503.429304,0,GPU-93ae0c7f-c327-aee3-adae-bc0d1dae71ea,0.29,0.4386907669760625,12282.0,6623.0,551.52,NVIDIA GeForce RTX 4070,[N/A],Enabled,Enabled
1709252504.428092,0,GPU-93ae0c7f-c327-aee3-adae-bc0d1dae71ea,0.3,0.4386907669760625,12282.0,6623.0,551.52,NVIDIA GeForce RTX 4070,[N/A],Enabled,Enabled
1709252505.42836,0,GPU-93ae0c7f-c327-aee3-adae-bc0d1dae71ea,0.3,0.4386907669760625,12282.0,6623.0,551.52,NVIDIA GeForce RTX 4070,[N/A],Enabled,Enabled
1709252506.429385,0,GPU-93ae0c7f-c327-aee3-adae-bc0d1dae71ea,0.3,0.4386907669760625,12282.0,6623.0,551.52,NVIDIA GeForce RTX 4070,[N/A],Enabled,Enabled
1709252507.429117,0,GPU-93ae0c7f-c327-aee3-adae-bc0d1dae71ea,0.3,0.4386907669760625,12282.0,6623.0,551.52,NVIDIA GeForce RTX 4070,[N/A],Enabled,Enabled
1709252508.428587,0,GPU-93ae0c7f-c327-aee3-adae-bc0d1dae71ea,0.3,0.4386907669760625,12282.0,6623.0,551.52,NVIDIA GeForce RTX 4070,[N/A],Enabled,Enabled
1709252509.42886,0,GPU-93ae0c7f-c327-aee3-adae-bc0d1dae71ea,0.15,0.23986321446018563,12282.0,9065.0,551.52,NVIDIA GeForce RTX 4070,[N/A],Enabled,Enabled
1709252510.429488,0,GPU-93ae0c7f-c327-aee3-adae-bc0d1dae71ea,0.15,0.2412473538511643,12282.0,9048.0,551.52,NVIDIA GeForce RTX 4070,[N/A],Enabled,Enabled
