timestamp,id,uuid,load,memoryUtil,memoryTotal,memoryUsed,memoryFree,driver,name,serial,display_mode,display_active
1709167456.144449,0,GPU-b342434c-f6b6-7627-333e-da750a9991e6,0.16,0.30517578125,10240.0,6941.0,546.33,NVIDIA GeForce RTX 3080,[N/A],Enabled,Enabled
1709167457.139694,0,GPU-b342434c-f6b6-7627-333e-da750a9991e6,0.17,0.3078125,10240.0,6914.0,546.33,NVIDIA GeForce RTX 3080,[N/A],Enabled,Enabled
1709167458.139787,0,GPU-b342434c-f6b6-7627-333e-da750a9991e6,0.16,0.310546875,10240.0,6886.0,546.33,NVIDIA GeForce RTX 3080,[N/A],Enabled,Enabled
1709167459.14009,0,GPU-b342434c-f6b6-7627-333e-da750a9991e6,0.16,0.4759765625,10240.0,5192.0,546.33,NVIDIA GeForce RTX 3080,[N/A],Enabled,Enabled
1709167460.140127,0,GPU-b342434c-f6b6-7627-333e-da750a9991e6,0.11,0.422265625,10240.0,5742.0,546.33,NVIDIA GeForce RTX 3080,[N/A],Enabled,Enabled
1709167461.140641,0,GPU-b342434c-f6b6-7627-333e-da750a9991e6,0.11,0.422265625,10240.0,5742.0,546.33,NVIDIA GeForce RTX 3080,[N/A],Enabled,Enabled
1709167462.139714,0,GPU-b342434c-f6b6-7627-333e-da750a9991e6,0.11,0.42216796875,10240.0,5743.0,546.33,NVIDIA GeForce RTX 3080,[N/A],Enabled,Enabled
1709167463.139807,0,GPU-b342434c-f6b6-7627-333e-da750a9991e6,0.11,0.31083984375,10240.0,6883.0,546.33,NVIDIA GeForce RTX 3080,[N/A],Enabled,Enabled
1709167464.140198,0,GPU-b342434c-f6b6-7627-333e-da750a9991e6,0.09,0.4138671875,10240.0,5828.0,546.33,NVIDIA GeForce RTX 3080,[N/A],Enabled,Enabled
1709167465.140043,0,GPU-b342434c-f6b6-7627-333e-da750a9991e6,0.15,0.3681640625,10240.0,6296.0,546.33,NVIDIA GeForce RTX 3080,[N/A],Enabled,Enabled
1709167466.139996,0,GPU-b342434c-f6b6-7627-333e-da750a9991e6,0.13,0.36435546875,10240.0,6335.0,546.33,NVIDIA GeForce RTX 3080,[N/A],Enabled,Enabled
1709167467.139948,0,GPU-b342434c-f6b6-7627-333e-da750a9991e6,0.13,0.36435546875,10240.0,6335.0,546.33,NVIDIA GeForce RTX 3080,[N/A],Enabled,Enabled
1709167468.139677,0,GPU-b342434c-f6b6-7627-333e-da750a9991e6,0.16,0.40810546875,10240.0,5887.0,546.33,NVIDIA GeForce RTX 3080,[N/A],Enabled,Enabled
1709167469.140773,0,GPU-b342434c-f6b6-7627-333e-da750a9991e6,0.17,0.369140625,10240.0,6286.0,546.33,NVIDIA GeForce RTX 3080,[N/A],Enabled,Enabled
1709167470.139976,0,GPU-b342434c-f6b6-7627-333e-da750a9991e6,0.14,0.369140625,10240.0,6286.0,546.33,NVIDIA GeForce RTX 3080,[N/A],Enabled,Enabled
1709167471.139871,0,GPU-b342434c-f6b6-7627-333e-da750a9991e6,0.14,0.369140625,10240.0,6286.0,546.33,NVIDIA GeForce RTX 3080,[N/A],Enabled,Enabled
1709167472.13973,0,GPU-b342434c-f6b6-7627-333e-da750a9991e6,0.13,0.3654296875,10240.0,6324.0,546.33,NVIDIA GeForce RTX 3080,[N/A],Enabled,Enabled
1709167473.140183,0,GPU-b342434c-f6b6-7627-333e-da750a9991e6,0.14,0.369140625,10240.0,6286.0,546.33,NVIDIA GeForce RTX 3080,[N/A],Enabled,Enabled
1709167474.139982,0,GPU-b342434c-f6b6-7627-333e-da750a9991e6,0.13,0.3654296875,10240.0,6324.0,546.33,NVIDIA GeForce RTX 3080,[N/A],Enabled,Enabled
1709167475.139797,0,GPU-b342434c-f6b6-7627-333e-da750a9991e6,0.14,0.3654296875,10240.0,6324.0,546.33,NVIDIA GeForce RTX 3080,[N/A],Enabled,Enabled
1709167476.140246,0,GPU-b342434c-f6b6-7627-333e-da750a9991e6,0.15,0.369140625,10240.0,6286.0,546.33,NVIDIA GeForce RTX 3080,[N/A],Enabled,Enabled
1709167477.139966,0,GPU-b342434c-f6b6-7627-333e-da750a9991e6,0.14,0.369140625,10240.0,6286.0,546.33,NVIDIA GeForce RTX 3080,[N/A],Enabled,Enabled
1709167478.140281,0,GPU-b342434c-f6b6-7627-333e-da750a9991e6,0.14,0.369140625,10240.0,6286.0,546.33,NVIDIA GeForce RTX 3080,[N/A],Enabled,Enabled
1709167479.140201,0,GPU-b342434c-f6b6-7627-333e-da750a9991e6,0.14,0.369140625,10240.0,6286.0,546.33,NVIDIA GeForce RTX 3080,[N/A],Enabled,Enabled
1709167480.139888,0,GPU-b342434c-f6b6-7627-333e-da750a9991e6,0.13,0.3654296875,10240.0,6324.0,546.33,NVIDIA GeForce RTX 3080,[N/A],Enabled,Enabled
1709167481.139604,0,GPU-b342434c-f6b6-7627-333e-da750a9991e6,0.13,0.3654296875,10240.0,6324.0,546.33,NVIDIA GeForce RTX 3080,[N/A],Enabled,Enabled
1709167482.139954,0,GPU-b342434c-f6b6-7627-333e-da750a9991e6,0.13,0.3654296875,10240.0,6324.0,546.33,NVIDIA GeForce RTX 3080,[N/A],Enabled,Enabled
1709167483.14015,0,GPU-b342434c-f6b6-7627-333e-da750a9991e6,0.13,0.369140625,10240.0,6286.0,546.33,NVIDIA GeForce RTX 3080,[N/A],Enabled,Enabled
1709167484.14062,0,GPU-b342434c-f6b6-7627-333e-da750a9991e6,0.13,0.3654296875,10240.0,6324.0,546.33,NVIDIA GeForce RTX 3080,[N/A],Enabled,Enabled
1709167485.140839,0,GPU-b342434c-f6b6-7627-333e-da750a9991e6,0.13,0.3654296875,10240.0,6324.0,546.33,NVIDIA GeForce RTX 3080,[N/A],Enabled,Enabled
1709167486.13948,0,GPU-b342434c-f6b6-7627-333e-da750a9991e6,0.13,0.3666015625,10240.0,6312.0,546.33,NVIDIA GeForce RTX 3080,[N/A],Enabled,Enabled
1709167487.140023,0,GPU-b342434c-f6b6-7627-333e-da750a9991e6,0.16,0.378515625,10240.0,6190.0,546.33,NVIDIA GeForce RTX 3080,[N/A],Enabled,Enabled
1709167488.140114,0,GPU-b342434c-f6b6-7627-333e-da750a9991e6,0.16,0.378515625,10240.0,6190.0,546.33,NVIDIA GeForce RTX 3080,[N/A],Enabled,Enabled
1709167489.140044,0,GPU-b342434c-f6b6-7627-333e-da750a9991e6,0.16,0.378515625,10240.0,6190.0,546.33,NVIDIA GeForce RTX 3080,[N/A],Enabled,Enabled
1709167490.139756,0,GPU-b342434c-f6b6-7627-333e-da750a9991e6,0.16,0.378515625,10240.0,6190.0,546.33,NVIDIA GeForce RTX 3080,[N/A],Enabled,Enabled
1709167491.14072,0,GPU-b342434c-f6b6-7627-333e-da750a9991e6,0.16,0.37841796875,10240.0,6191.0,546.33,NVIDIA GeForce RTX 3080,[N/A],Enabled,Enabled
1709167492.140409,0,GPU-b342434c-f6b6-7627-333e-da750a9991e6,0.16,0.37841796875,10240.0,6191.0,546.33,NVIDIA GeForce RTX 3080,[N/A],Enabled,Enabled
1709167493.140053,0,GPU-b342434c-f6b6-7627-333e-da750a9991e6,0.16,0.37841796875,10240.0,6191.0,546.33,NVIDIA GeForce RTX 3080,[N/A],Enabled,Enabled
1709167494.140256,0,GPU-b342434c-f6b6-7627-333e-da750a9991e6,0.16,0.37841796875,10240.0,6191.0,546.33,NVIDIA GeForce RTX 3080,[N/A],Enabled,Enabled
1709167495.140461,0,GPU-b342434c-f6b6-7627-333e-da750a9991e6,0.17,0.37841796875,10240.0,6191.0,546.33,NVIDIA GeForce RTX 3080,[N/A],Enabled,Enabled
1709167496.139881,0,GPU-b342434c-f6b6-7627-333e-da750a9991e6,0.17,0.37841796875,10240.0,6191.0,546.33,NVIDIA GeForce RTX 3080,[N/A],Enabled,Enabled
1709167497.140039,0,GPU-b342434c-f6b6-7627-333e-da750a9991e6,0.16,0.37841796875,10240.0,6191.0,546.33,NVIDIA GeForce RTX 3080,[N/A],Enabled,Enabled
1709167498.140352,0,GPU-b342434c-f6b6-7627-333e-da750a9991e6,0.17,0.37841796875,10240.0,6191.0,546.33,NVIDIA GeForce RTX 3080,[N/A],Enabled,Enabled
1709167499.140184,0,GPU-b342434c-f6b6-7627-333e-da750a9991e6,0.17,0.37841796875,10240.0,6191.0,546.33,NVIDIA GeForce RTX 3080,[N/A],Enabled,Enabled
1709167500.140486,0,GPU-b342434c-f6b6-7627-333e-da750a9991e6,0.16,0.37841796875,10240.0,6191.0,546.33,NVIDIA GeForce RTX 3080,[N/A],Enabled,Enabled
1709167501.140699,0,GPU-b342434c-f6b6-7627-333e-da750a9991e6,0.17,0.37841796875,10240.0,6191.0,546.33,NVIDIA GeForce RTX 3080,[N/A],Enabled,Enabled
1709167502.140098,0,GPU-b342434c-f6b6-7627-333e-da750a9991e6,0.17,0.37841796875,10240.0,6191.0,546.33,NVIDIA GeForce RTX 3080,[N/A],Enabled,Enabled
1709167503.140543,0,GPU-b342434c-f6b6-7627-333e-da750a9991e6,0.17,0.37841796875,10240.0,6191.0,546.33,NVIDIA GeForce RTX 3080,[N/A],Enabled,Enabled
1709167504.140165,0,GPU-b342434c-f6b6-7627-333e-da750a9991e6,0.17,0.37841796875,10240.0,6191.0,546.33,NVIDIA GeForce RTX 3080,[N/A],Enabled,Enabled
1709167505.140128,0,GPU-b342434c-f6b6-7627-333e-da750a9991e6,0.17,0.37841796875,10240.0,6191.0,546.33,NVIDIA GeForce RTX 3080,[N/A],Enabled,Enabled
1709167506.140162,0,GPU-b342434c-f6b6-7627-333e-da750a9991e6,0.16,0.37841796875,10240.0,6191.0,546.33,NVIDIA GeForce RTX 3080,[N/A],Enabled,Enabled
1709167507.139974,0,GPU-b342434c-f6b6-7627-333e-da750a9991e6,0.16,0.37841796875,10240.0,6191.0,546.33,NVIDIA GeForce RTX 3080,[N/A],Enabled,Enabled
1709167508.140034,0,GPU-b342434c-f6b6-7627-333e-da750a9991e6,0.16,0.37841796875,10240.0,6191.0,546.33,NVIDIA GeForce RTX 3080,[N/A],Enabled,Enabled
1709167509.139619,0,GPU-b342434c-f6b6-7627-333e-da750a9991e6,0.17,0.37841796875,10240.0,6191.0,546.33,NVIDIA GeForce RTX 3080,[N/A],Enabled,Enabled
1709167510.140205,0,GPU-b342434c-f6b6-7627-333e-da750a9991e6,0.16,0.37841796875,10240.0,6191.0,546.33,NVIDIA GeForce RTX 3080,[N/A],Enabled,Enabled
1709167511.140541,0,GPU-b342434c-f6b6-7627-333e-da750a9991e6,0.17,0.37841796875,10240.0,6191.0,546.33,NVIDIA GeForce RTX 3080,[N/A],Enabled,Enabled
1709167512.140317,0,GPU-b342434c-f6b6-7627-333e-da750a9991e6,0.17,0.37841796875,10240.0,6191.0,546.33,NVIDIA GeForce RTX 3080,[N/A],Enabled,Enabled
1709167513.139888,0,GPU-b342434c-f6b6-7627-333e-da750a9991e6,0.16,0.37841796875,10240.0,6191.0,546.33,NVIDIA GeForce RTX 3080,[N/A],Enabled,Enabled
1709167514.140352,0,GPU-b342434c-f6b6-7627-333e-da750a9991e6,0.17,0.37841796875,10240.0,6191.0,546.33,NVIDIA GeForce RTX 3080,[N/A],Enabled,Enabled
1709167515.140398,0,GPU-b342434c-f6b6-7627-333e-da750a9991e6,0.17,0.37841796875,10240.0,6191.0,546.33,NVIDIA GeForce RTX 3080,[N/A],Enabled,Enabled
1709167516.140039,0,GPU-b342434c-f6b6-7627-333e-da750a9991e6,0.17,0.37841796875,10240.0,6191.0,546.33,NVIDIA GeForce RTX 3080,[N/A],Enabled,Enabled
1709167517.140508,0,GPU-b342434c-f6b6-7627-333e-da750a9991e6,0.16,0.37841796875,10240.0,6191.0,546.33,NVIDIA GeForce RTX 3080,[N/A],Enabled,Enabled
1709167518.140703,0,GPU-b342434c-f6b6-7627-333e-da750a9991e6,0.16,0.37841796875,10240.0,6191.0,546.33,NVIDIA GeForce RTX 3080,[N/A],Enabled,Enabled
1709167519.139973,0,GPU-b342434c-f6b6-7627-333e-da750a9991e6,0.16,0.37841796875,10240.0,6191.0,546.33,NVIDIA GeForce RTX 3080,[N/A],Enabled,Enabled
1709167520.140235,0,GPU-b342434c-f6b6-7627-333e-da750a9991e6,0.16,0.37841796875,10240.0,6191.0,546.33,NVIDIA GeForce RTX 3080,[N/A],Enabled,Enabled
1709167521.140283,0,GPU-b342434c-f6b6-7627-333e-da750a9991e6,0.16,0.37841796875,10240.0,6191.0,546.33,NVIDIA GeForce RTX 3080,[N/A],Enabled,Enabled
1709167522.140555,0,GPU-b342434c-f6b6-7627-333e-da750a9991e6,0.17,0.37841796875,10240.0,6191.0,546.33,NVIDIA GeForce RTX 3080,[N/A],Enabled,Enabled
1709167523.14024,0,GPU-b342434c-f6b6-7627-333e-da750a9991e6,0.16,0.37841796875,10240.0,6191.0,546.33,NVIDIA GeForce RTX 3080,[N/A],Enabled,Enabled
1709167524.140222,0,GPU-b342434c-f6b6-7627-333e-da750a9991e6,0.16,0.37841796875,10240.0,6191.0,546.33,NVIDIA GeForce RTX 3080,[N/A],Enabled,Enabled
1709167525.140756,0,GPU-b342434c-f6b6-7627-333e-da750a9991e6,0.16,0.37841796875,10240.0,6191.0,546.33,NVIDIA GeForce RTX 3080,[N/A],Enabled,Enabled
1709167526.139504,0,GPU-b342434c-f6b6-7627-333e-da750a9991e6,0.15,0.37841796875,10240.0,6191.0,546.33,NVIDIA GeForce RTX 3080,[N/A],Enabled,Enabled
1709167527.14018,0,GPU-b342434c-f6b6-7627-333e-da750a9991e6,0.16,0.37841796875,10240.0,6191.0,546.33,NVIDIA GeForce RTX 3080,[N/A],Enabled,Enabled
1709167528.140142,0,GPU-b342434c-f6b6-7627-333e-da750a9991e6,0.16,0.37841796875,10240.0,6191.0,546.33,NVIDIA GeForce RTX 3080,[N/A],Enabled,Enabled
1709167529.14007,0,GPU-b342434c-f6b6-7627-333e-da750a9991e6,0.17,0.37841796875,10240.0,6191.0,546.33,NVIDIA GeForce RTX 3080,[N/A],Enabled,Enabled
1709167530.140068,0,GPU-b342434c-f6b6-7627-333e-da750a9991e6,0.17,0.37841796875,10240.0,6191.0,546.33,NVIDIA GeForce RTX 3080,[N/A],Enabled,Enabled
1709167531.139569,0,GPU-b342434c-f6b6-7627-333e-da750a9991e6,0.17,0.37841796875,10240.0,6191.0,546.33,NVIDIA GeForce RTX 3080,[N/A],Enabled,Enabled
1709167532.140373,0,GPU-b342434c-f6b6-7627-333e-da750a9991e6,0.17,0.37841796875,10240.0,6191.0,546.33,NVIDIA GeForce RTX 3080,[N/A],Enabled,Enabled
1709167533.140355,0,GPU-b342434c-f6b6-7627-333e-da750a9991e6,0.16,0.37841796875,10240.0,6191.0,546.33,NVIDIA GeForce RTX 3080,[N/A],Enabled,Enabled
1709167534.140382,0,GPU-b342434c-f6b6-7627-333e-da750a9991e6,0.17,0.37841796875,10240.0,6191.0,546.33,NVIDIA GeForce RTX 3080,[N/A],Enabled,Enabled
1709167535.140605,0,GPU-b342434c-f6b6-7627-333e-da750a9991e6,0.17,0.37841796875,10240.0,6191.0,546.33,NVIDIA GeForce RTX 3080,[N/A],Enabled,Enabled
1709167536.140344,0,GPU-b342434c-f6b6-7627-333e-da750a9991e6,0.17,0.37841796875,10240.0,6191.0,546.33,NVIDIA GeForce RTX 3080,[N/A],Enabled,Enabled
1709167537.139698,0,GPU-b342434c-f6b6-7627-333e-da750a9991e6,0.17,0.37841796875,10240.0,6191.0,546.33,NVIDIA GeForce RTX 3080,[N/A],Enabled,Enabled
1709167538.139771,0,GPU-b342434c-f6b6-7627-333e-da750a9991e6,0.17,0.37841796875,10240.0,6191.0,546.33,NVIDIA GeForce RTX 3080,[N/A],Enabled,Enabled
1709167539.140394,0,GPU-b342434c-f6b6-7627-333e-da750a9991e6,0.16,0.37841796875,10240.0,6191.0,546.33,NVIDIA GeForce RTX 3080,[N/A],Enabled,Enabled
1709167540.140071,0,GPU-b342434c-f6b6-7627-333e-da750a9991e6,0.17,0.37841796875,10240.0,6191.0,546.33,NVIDIA GeForce RTX 3080,[N/A],Enabled,Enabled
1709167541.140145,0,GPU-b342434c-f6b6-7627-333e-da750a9991e6,0.16,0.37841796875,10240.0,6191.0,546.33,NVIDIA GeForce RTX 3080,[N/A],Enabled,Enabled
1709167542.139835,0,GPU-b342434c-f6b6-7627-333e-da750a9991e6,0.17,0.37841796875,10240.0,6191.0,546.33,NVIDIA GeForce RTX 3080,[N/A],Enabled,Enabled
1709167543.140684,0,GPU-b342434c-f6b6-7627-333e-da750a9991e6,0.17,0.37841796875,10240.0,6191.0,546.33,NVIDIA GeForce RTX 3080,[N/A],Enabled,Enabled
1709167544.140323,0,GPU-b342434c-f6b6-7627-333e-da750a9991e6,0.15,0.37841796875,10240.0,6191.0,546.33,NVIDIA GeForce RTX 3080,[N/A],Enabled,Enabled
1709167545.139998,0,GPU-b342434c-f6b6-7627-333e-da750a9991e6,0.16,0.37841796875,10240.0,6191.0,546.33,NVIDIA GeForce RTX 3080,[N/A],Enabled,Enabled
1709167546.140459,0,GPU-b342434c-f6b6-7627-333e-da750a9991e6,0.16,0.37841796875,10240.0,6191.0,546.33,NVIDIA GeForce RTX 3080,[N/A],Enabled,Enabled
1709167547.140589,0,GPU-b342434c-f6b6-7627-333e-da750a9991e6,0.16,0.37841796875,10240.0,6191.0,546.33,NVIDIA GeForce RTX 3080,[N/A],Enabled,Enabled
1709167548.140126,0,GPU-b342434c-f6b6-7627-333e-da750a9991e6,0.16,0.37841796875,10240.0,6191.0,546.33,NVIDIA GeForce RTX 3080,[N/A],Enabled,Enabled
1709167549.141051,0,GPU-b342434c-f6b6-7627-333e-da750a9991e6,0.16,0.37841796875,10240.0,6191.0,546.33,NVIDIA GeForce RTX 3080,[N/A],Enabled,Enabled
1709167550.139912,0,GPU-b342434c-f6b6-7627-333e-da750a9991e6,0.16,0.37841796875,10240.0,6191.0,546.33,NVIDIA GeForce RTX 3080,[N/A],Enabled,Enabled
1709167551.140455,0,GPU-b342434c-f6b6-7627-333e-da750a9991e6,0.16,0.37841796875,10240.0,6191.0,546.33,NVIDIA GeForce RTX 3080,[N/A],Enabled,Enabled
1709167552.140443,0,GPU-b342434c-f6b6-7627-333e-da750a9991e6,0.16,0.37841796875,10240.0,6191.0,546.33,NVIDIA GeForce RTX 3080,[N/A],Enabled,Enabled
1709167553.140177,0,GPU-b342434c-f6b6-7627-333e-da750a9991e6,0.15,0.37841796875,10240.0,6191.0,546.33,NVIDIA GeForce RTX 3080,[N/A],Enabled,Enabled
1709167554.139497,0,GPU-b342434c-f6b6-7627-333e-da750a9991e6,0.16,0.37841796875,10240.0,6191.0,546.33,NVIDIA GeForce RTX 3080,[N/A],Enabled,Enabled
1709167555.139765,0,GPU-b342434c-f6b6-7627-333e-da750a9991e6,0.16,0.37841796875,10240.0,6191.0,546.33,NVIDIA GeForce RTX 3080,[N/A],Enabled,Enabled
1709167556.140322,0,GPU-b342434c-f6b6-7627-333e-da750a9991e6,0.16,0.37841796875,10240.0,6191.0,546.33,NVIDIA GeForce RTX 3080,[N/A],Enabled,Enabled
1709167557.13982,0,GPU-b342434c-f6b6-7627-333e-da750a9991e6,0.16,0.37841796875,10240.0,6191.0,546.33,NVIDIA GeForce RTX 3080,[N/A],Enabled,Enabled
1709167558.140336,0,GPU-b342434c-f6b6-7627-333e-da750a9991e6,0.16,0.37841796875,10240.0,6191.0,546.33,NVIDIA GeForce RTX 3080,[N/A],Enabled,Enabled
1709167559.139907,0,GPU-b342434c-f6b6-7627-333e-da750a9991e6,0.16,0.37841796875,10240.0,6191.0,546.33,NVIDIA GeForce RTX 3080,[N/A],Enabled,Enabled
1709167560.140409,0,GPU-b342434c-f6b6-7627-333e-da750a9991e6,0.16,0.37841796875,10240.0,6191.0,546.33,NVIDIA GeForce RTX 3080,[N/A],Enabled,Enabled
1709167561.140308,0,GPU-b342434c-f6b6-7627-333e-da750a9991e6,0.16,0.37841796875,10240.0,6191.0,546.33,NVIDIA GeForce RTX 3080,[N/A],Enabled,Enabled
1709167562.139979,0,GPU-b342434c-f6b6-7627-333e-da750a9991e6,0.16,0.37841796875,10240.0,6191.0,546.33,NVIDIA GeForce RTX 3080,[N/A],Enabled,Enabled
1709167563.139787,0,GPU-b342434c-f6b6-7627-333e-da750a9991e6,0.16,0.37841796875,10240.0,6191.0,546.33,NVIDIA GeForce RTX 3080,[N/A],Enabled,Enabled
1709167564.140096,0,GPU-b342434c-f6b6-7627-333e-da750a9991e6,0.16,0.37841796875,10240.0,6191.0,546.33,NVIDIA GeForce RTX 3080,[N/A],Enabled,Enabled
1709167565.13989,0,GPU-b342434c-f6b6-7627-333e-da750a9991e6,0.16,0.37841796875,10240.0,6191.0,546.33,NVIDIA GeForce RTX 3080,[N/A],Enabled,Enabled
1709167566.140128,0,GPU-b342434c-f6b6-7627-333e-da750a9991e6,0.16,0.37841796875,10240.0,6191.0,546.33,NVIDIA GeForce RTX 3080,[N/A],Enabled,Enabled
1709167567.139834,0,GPU-b342434c-f6b6-7627-333e-da750a9991e6,0.17,0.37841796875,10240.0,6191.0,546.33,NVIDIA GeForce RTX 3080,[N/A],Enabled,Enabled
1709167568.140604,0,GPU-b342434c-f6b6-7627-333e-da750a9991e6,0.15,0.37841796875,10240.0,6191.0,546.33,NVIDIA GeForce RTX 3080,[N/A],Enabled,Enabled
1709167569.140364,0,GPU-b342434c-f6b6-7627-333e-da750a9991e6,0.16,0.37841796875,10240.0,6191.0,546.33,NVIDIA GeForce RTX 3080,[N/A],Enabled,Enabled
1709167570.140347,0,GPU-b342434c-f6b6-7627-333e-da750a9991e6,0.16,0.37841796875,10240.0,6191.0,546.33,NVIDIA GeForce RTX 3080,[N/A],Enabled,Enabled
1709167571.140429,0,GPU-b342434c-f6b6-7627-333e-da750a9991e6,0.16,0.37841796875,10240.0,6191.0,546.33,NVIDIA GeForce RTX 3080,[N/A],Enabled,Enabled
1709167572.140468,0,GPU-b342434c-f6b6-7627-333e-da750a9991e6,0.16,0.37841796875,10240.0,6191.0,546.33,NVIDIA GeForce RTX 3080,[N/A],Enabled,Enabled
1709167573.13975,0,GPU-b342434c-f6b6-7627-333e-da750a9991e6,0.16,0.37841796875,10240.0,6191.0,546.33,NVIDIA GeForce RTX 3080,[N/A],Enabled,Enabled
1709167574.139685,0,GPU-b342434c-f6b6-7627-333e-da750a9991e6,0.16,0.37841796875,10240.0,6191.0,546.33,NVIDIA GeForce RTX 3080,[N/A],Enabled,Enabled
1709167575.140068,0,GPU-b342434c-f6b6-7627-333e-da750a9991e6,0.16,0.37841796875,10240.0,6191.0,546.33,NVIDIA GeForce RTX 3080,[N/A],Enabled,Enabled
1709167576.140868,0,GPU-b342434c-f6b6-7627-333e-da750a9991e6,0.16,0.37841796875,10240.0,6191.0,546.33,NVIDIA GeForce RTX 3080,[N/A],Enabled,Enabled
1709167577.139801,0,GPU-b342434c-f6b6-7627-333e-da750a9991e6,0.16,0.37841796875,10240.0,6191.0,546.33,NVIDIA GeForce RTX 3080,[N/A],Enabled,Enabled
1709167578.140358,0,GPU-b342434c-f6b6-7627-333e-da750a9991e6,0.16,0.37841796875,10240.0,6191.0,546.33,NVIDIA GeForce RTX 3080,[N/A],Enabled,Enabled
1709167579.140258,0,GPU-b342434c-f6b6-7627-333e-da750a9991e6,0.16,0.37841796875,10240.0,6191.0,546.33,NVIDIA GeForce RTX 3080,[N/A],Enabled,Enabled
1709167580.141019,0,GPU-b342434c-f6b6-7627-333e-da750a9991e6,0.16,0.37841796875,10240.0,6191.0,546.33,NVIDIA GeForce RTX 3080,[N/A],Enabled,Enabled
1709167581.140194,0,GPU-b342434c-f6b6-7627-333e-da750a9991e6,0.16,0.37841796875,10240.0,6191.0,546.33,NVIDIA GeForce RTX 3080,[N/A],Enabled,Enabled
1709167582.139578,0,GPU-b342434c-f6b6-7627-333e-da750a9991e6,0.17,0.37841796875,10240.0,6191.0,546.33,NVIDIA GeForce RTX 3080,[N/A],Enabled,Enabled
1709167583.139544,0,GPU-b342434c-f6b6-7627-333e-da750a9991e6,0.16,0.37841796875,10240.0,6191.0,546.33,NVIDIA GeForce RTX 3080,[N/A],Enabled,Enabled
1709167584.140101,0,GPU-b342434c-f6b6-7627-333e-da750a9991e6,0.17,0.37841796875,10240.0,6191.0,546.33,NVIDIA GeForce RTX 3080,[N/A],Enabled,Enabled
1709167585.140097,0,GPU-b342434c-f6b6-7627-333e-da750a9991e6,0.16,0.37841796875,10240.0,6191.0,546.33,NVIDIA GeForce RTX 3080,[N/A],Enabled,Enabled
1709167586.140147,0,GPU-b342434c-f6b6-7627-333e-da750a9991e6,0.16,0.37841796875,10240.0,6191.0,546.33,NVIDIA GeForce RTX 3080,[N/A],Enabled,Enabled
1709167587.140365,0,GPU-b342434c-f6b6-7627-333e-da750a9991e6,0.17,0.37841796875,10240.0,6191.0,546.33,NVIDIA GeForce RTX 3080,[N/A],Enabled,Enabled
1709167588.140151,0,GPU-b342434c-f6b6-7627-333e-da750a9991e6,0.16,0.37841796875,10240.0,6191.0,546.33,NVIDIA GeForce RTX 3080,[N/A],Enabled,Enabled
1709167589.140395,0,GPU-b342434c-f6b6-7627-333e-da750a9991e6,0.17,0.37841796875,10240.0,6191.0,546.33,NVIDIA GeForce RTX 3080,[N/A],Enabled,Enabled
1709167590.139576,0,GPU-b342434c-f6b6-7627-333e-da750a9991e6,0.17,0.37841796875,10240.0,6191.0,546.33,NVIDIA GeForce RTX 3080,[N/A],Enabled,Enabled
1709167591.140139,0,GPU-b342434c-f6b6-7627-333e-da750a9991e6,0.16,0.37841796875,10240.0,6191.0,546.33,NVIDIA GeForce RTX 3080,[N/A],Enabled,Enabled
1709167592.139943,0,GPU-b342434c-f6b6-7627-333e-da750a9991e6,0.17,0.37841796875,10240.0,6191.0,546.33,NVIDIA GeForce RTX 3080,[N/A],Enabled,Enabled
1709167593.140552,0,GPU-b342434c-f6b6-7627-333e-da750a9991e6,0.18,0.37841796875,10240.0,6191.0,546.33,NVIDIA GeForce RTX 3080,[N/A],Enabled,Enabled
1709167594.139594,0,GPU-b342434c-f6b6-7627-333e-da750a9991e6,0.17,0.37841796875,10240.0,6191.0,546.33,NVIDIA GeForce RTX 3080,[N/A],Enabled,Enabled
1709167595.139708,0,GPU-b342434c-f6b6-7627-333e-da750a9991e6,0.17,0.37841796875,10240.0,6191.0,546.33,NVIDIA GeForce RTX 3080,[N/A],Enabled,Enabled
1709167596.140131,0,GPU-b342434c-f6b6-7627-333e-da750a9991e6,0.16,0.37841796875,10240.0,6191.0,546.33,NVIDIA GeForce RTX 3080,[N/A],Enabled,Enabled
1709167597.139754,0,GPU-b342434c-f6b6-7627-333e-da750a9991e6,0.16,0.37841796875,10240.0,6191.0,546.33,NVIDIA GeForce RTX 3080,[N/A],Enabled,Enabled
1709167598.139848,0,GPU-b342434c-f6b6-7627-333e-da750a9991e6,0.16,0.37841796875,10240.0,6191.0,546.33,NVIDIA GeForce RTX 3080,[N/A],Enabled,Enabled
1709167599.14009,0,GPU-b342434c-f6b6-7627-333e-da750a9991e6,0.17,0.37841796875,10240.0,6191.0,546.33,NVIDIA GeForce RTX 3080,[N/A],Enabled,Enabled
1709167600.139724,0,GPU-b342434c-f6b6-7627-333e-da750a9991e6,0.16,0.37841796875,10240.0,6191.0,546.33,NVIDIA GeForce RTX 3080,[N/A],Enabled,Enabled
1709167601.14047,0,GPU-b342434c-f6b6-7627-333e-da750a9991e6,0.17,0.37841796875,10240.0,6191.0,546.33,NVIDIA GeForce RTX 3080,[N/A],Enabled,Enabled
1709167602.139855,0,GPU-b342434c-f6b6-7627-333e-da750a9991e6,0.17,0.37841796875,10240.0,6191.0,546.33,NVIDIA GeForce RTX 3080,[N/A],Enabled,Enabled
1709167603.140309,0,GPU-b342434c-f6b6-7627-333e-da750a9991e6,0.16,0.37841796875,10240.0,6191.0,546.33,NVIDIA GeForce RTX 3080,[N/A],Enabled,Enabled
1709167604.140374,0,GPU-b342434c-f6b6-7627-333e-da750a9991e6,0.17,0.37841796875,10240.0,6191.0,546.33,NVIDIA GeForce RTX 3080,[N/A],Enabled,Enabled
1709167605.14069,0,GPU-b342434c-f6b6-7627-333e-da750a9991e6,0.17,0.37841796875,10240.0,6191.0,546.33,NVIDIA GeForce RTX 3080,[N/A],Enabled,Enabled
1709167606.140459,0,GPU-b342434c-f6b6-7627-333e-da750a9991e6,0.17,0.37841796875,10240.0,6191.0,546.33,NVIDIA GeForce RTX 3080,[N/A],Enabled,Enabled
1709167607.14051,0,GPU-b342434c-f6b6-7627-333e-da750a9991e6,0.16,0.37841796875,10240.0,6191.0,546.33,NVIDIA GeForce RTX 3080,[N/A],Enabled,Enabled
1709167608.1407,0,GPU-b342434c-f6b6-7627-333e-da750a9991e6,0.16,0.37841796875,10240.0,6191.0,546.33,NVIDIA GeForce RTX 3080,[N/A],Enabled,Enabled
1709167609.140999,0,GPU-b342434c-f6b6-7627-333e-da750a9991e6,0.16,0.37841796875,10240.0,6191.0,546.33,NVIDIA GeForce RTX 3080,[N/A],Enabled,Enabled
1709167610.139833,0,GPU-b342434c-f6b6-7627-333e-da750a9991e6,0.17,0.37841796875,10240.0,6191.0,546.33,NVIDIA GeForce RTX 3080,[N/A],Enabled,Enabled
1709167611.139705,0,GPU-b342434c-f6b6-7627-333e-da750a9991e6,0.17,0.37841796875,10240.0,6191.0,546.33,NVIDIA GeForce RTX 3080,[N/A],Enabled,Enabled
1709167612.139976,0,GPU-b342434c-f6b6-7627-333e-da750a9991e6,0.17,0.37841796875,10240.0,6191.0,546.33,NVIDIA GeForce RTX 3080,[N/A],Enabled,Enabled
1709167613.139793,0,GPU-b342434c-f6b6-7627-333e-da750a9991e6,0.16,0.37841796875,10240.0,6191.0,546.33,NVIDIA GeForce RTX 3080,[N/A],Enabled,Enabled
1709167614.139824,0,GPU-b342434c-f6b6-7627-333e-da750a9991e6,0.16,0.37841796875,10240.0,6191.0,546.33,NVIDIA GeForce RTX 3080,[N/A],Enabled,Enabled
1709167615.140724,0,GPU-b342434c-f6b6-7627-333e-da750a9991e6,0.17,0.37841796875,10240.0,6191.0,546.33,NVIDIA GeForce RTX 3080,[N/A],Enabled,Enabled
1709167616.140379,0,GPU-b342434c-f6b6-7627-333e-da750a9991e6,0.16,0.37841796875,10240.0,6191.0,546.33,NVIDIA GeForce RTX 3080,[N/A],Enabled,Enabled
1709167617.140936,0,GPU-b342434c-f6b6-7627-333e-da750a9991e6,0.16,0.37841796875,10240.0,6191.0,546.33,NVIDIA GeForce RTX 3080,[N/A],Enabled,Enabled
1709167618.139696,0,GPU-b342434c-f6b6-7627-333e-da750a9991e6,0.17,0.37841796875,10240.0,6191.0,546.33,NVIDIA GeForce RTX 3080,[N/A],Enabled,Enabled
1709167619.140138,0,GPU-b342434c-f6b6-7627-333e-da750a9991e6,0.16,0.37841796875,10240.0,6191.0,546.33,NVIDIA GeForce RTX 3080,[N/A],Enabled,Enabled
1709167620.139693,0,GPU-b342434c-f6b6-7627-333e-da750a9991e6,0.16,0.37841796875,10240.0,6191.0,546.33,NVIDIA GeForce RTX 3080,[N/A],Enabled,Enabled
1709167621.140459,0,GPU-b342434c-f6b6-7627-333e-da750a9991e6,0.16,0.37841796875,10240.0,6191.0,546.33,NVIDIA GeForce RTX 3080,[N/A],Enabled,Enabled
1709167622.140471,0,GPU-b342434c-f6b6-7627-333e-da750a9991e6,0.16,0.37841796875,10240.0,6191.0,546.33,NVIDIA GeForce RTX 3080,[N/A],Enabled,Enabled
1709167623.140089,0,GPU-b342434c-f6b6-7627-333e-da750a9991e6,0.16,0.37841796875,10240.0,6191.0,546.33,NVIDIA GeForce RTX 3080,[N/A],Enabled,Enabled
1709167624.140668,0,GPU-b342434c-f6b6-7627-333e-da750a9991e6,0.16,0.37841796875,10240.0,6191.0,546.33,NVIDIA GeForce RTX 3080,[N/A],Enabled,Enabled
1709167625.139746,0,GPU-b342434c-f6b6-7627-333e-da750a9991e6,0.16,0.37841796875,10240.0,6191.0,546.33,NVIDIA GeForce RTX 3080,[N/A],Enabled,Enabled
1709167626.140108,0,GPU-b342434c-f6b6-7627-333e-da750a9991e6,0.16,0.37841796875,10240.0,6191.0,546.33,NVIDIA GeForce RTX 3080,[N/A],Enabled,Enabled
1709167627.139909,0,GPU-b342434c-f6b6-7627-333e-da750a9991e6,0.16,0.37841796875,10240.0,6191.0,546.33,NVIDIA GeForce RTX 3080,[N/A],Enabled,Enabled
1709167628.140753,0,GPU-b342434c-f6b6-7627-333e-da750a9991e6,0.15,0.37841796875,10240.0,6191.0,546.33,NVIDIA GeForce RTX 3080,[N/A],Enabled,Enabled
1709167629.139814,0,GPU-b342434c-f6b6-7627-333e-da750a9991e6,0.15,0.37841796875,10240.0,6191.0,546.33,NVIDIA GeForce RTX 3080,[N/A],Enabled,Enabled
1709167630.14083,0,GPU-b342434c-f6b6-7627-333e-da750a9991e6,0.16,0.37841796875,10240.0,6191.0,546.33,NVIDIA GeForce RTX 3080,[N/A],Enabled,Enabled
1709167631.140516,0,GPU-b342434c-f6b6-7627-333e-da750a9991e6,0.16,0.37841796875,10240.0,6191.0,546.33,NVIDIA GeForce RTX 3080,[N/A],Enabled,Enabled
1709167632.140535,0,GPU-b342434c-f6b6-7627-333e-da750a9991e6,0.15,0.37841796875,10240.0,6191.0,546.33,NVIDIA GeForce RTX 3080,[N/A],Enabled,Enabled
1709167633.140353,0,GPU-b342434c-f6b6-7627-333e-da750a9991e6,0.15,0.37841796875,10240.0,6191.0,546.33,NVIDIA GeForce RTX 3080,[N/A],Enabled,Enabled
1709167634.140253,0,GPU-b342434c-f6b6-7627-333e-da750a9991e6,0.16,0.37841796875,10240.0,6191.0,546.33,NVIDIA GeForce RTX 3080,[N/A],Enabled,Enabled
1709167635.140202,0,GPU-b342434c-f6b6-7627-333e-da750a9991e6,0.16,0.37841796875,10240.0,6191.0,546.33,NVIDIA GeForce RTX 3080,[N/A],Enabled,Enabled
1709167636.140491,0,GPU-b342434c-f6b6-7627-333e-da750a9991e6,0.15,0.37841796875,10240.0,6191.0,546.33,NVIDIA GeForce RTX 3080,[N/A],Enabled,Enabled
1709167637.139652,0,GPU-b342434c-f6b6-7627-333e-da750a9991e6,0.15,0.37841796875,10240.0,6191.0,546.33,NVIDIA GeForce RTX 3080,[N/A],Enabled,Enabled
1709167638.139939,0,GPU-b342434c-f6b6-7627-333e-da750a9991e6,0.16,0.37841796875,10240.0,6191.0,546.33,NVIDIA GeForce RTX 3080,[N/A],Enabled,Enabled
1709167639.140434,0,GPU-b342434c-f6b6-7627-333e-da750a9991e6,0.16,0.37841796875,10240.0,6191.0,546.33,NVIDIA GeForce RTX 3080,[N/A],Enabled,Enabled
1709167640.139866,0,GPU-b342434c-f6b6-7627-333e-da750a9991e6,0.16,0.37841796875,10240.0,6191.0,546.33,NVIDIA GeForce RTX 3080,[N/A],Enabled,Enabled
1709167641.140544,0,GPU-b342434c-f6b6-7627-333e-da750a9991e6,0.16,0.37841796875,10240.0,6191.0,546.33,NVIDIA GeForce RTX 3080,[N/A],Enabled,Enabled
1709167642.140556,0,GPU-b342434c-f6b6-7627-333e-da750a9991e6,0.16,0.37841796875,10240.0,6191.0,546.33,NVIDIA GeForce RTX 3080,[N/A],Enabled,Enabled
1709167643.140501,0,GPU-b342434c-f6b6-7627-333e-da750a9991e6,0.16,0.37841796875,10240.0,6191.0,546.33,NVIDIA GeForce RTX 3080,[N/A],Enabled,Enabled
1709167644.140308,0,GPU-b342434c-f6b6-7627-333e-da750a9991e6,0.16,0.37841796875,10240.0,6191.0,546.33,NVIDIA GeForce RTX 3080,[N/A],Enabled,Enabled
1709167645.139671,0,GPU-b342434c-f6b6-7627-333e-da750a9991e6,0.16,0.37841796875,10240.0,6191.0,546.33,NVIDIA GeForce RTX 3080,[N/A],Enabled,Enabled
1709167646.140685,0,GPU-b342434c-f6b6-7627-333e-da750a9991e6,0.16,0.37841796875,10240.0,6191.0,546.33,NVIDIA GeForce RTX 3080,[N/A],Enabled,Enabled
1709167647.140061,0,GPU-b342434c-f6b6-7627-333e-da750a9991e6,0.17,0.37841796875,10240.0,6191.0,546.33,NVIDIA GeForce RTX 3080,[N/A],Enabled,Enabled
1709167648.139827,0,GPU-b342434c-f6b6-7627-333e-da750a9991e6,0.16,0.37841796875,10240.0,6191.0,546.33,NVIDIA GeForce RTX 3080,[N/A],Enabled,Enabled
1709167649.139582,0,GPU-b342434c-f6b6-7627-333e-da750a9991e6,0.16,0.37841796875,10240.0,6191.0,546.33,NVIDIA GeForce RTX 3080,[N/A],Enabled,Enabled
1709167650.139644,0,GPU-b342434c-f6b6-7627-333e-da750a9991e6,0.16,0.37841796875,10240.0,6191.0,546.33,NVIDIA GeForce RTX 3080,[N/A],Enabled,Enabled
1709167651.140129,0,GPU-b342434c-f6b6-7627-333e-da750a9991e6,0.15,0.37841796875,10240.0,6191.0,546.33,NVIDIA GeForce RTX 3080,[N/A],Enabled,Enabled
1709167652.14027,0,GPU-b342434c-f6b6-7627-333e-da750a9991e6,0.16,0.37841796875,10240.0,6191.0,546.33,NVIDIA GeForce RTX 3080,[N/A],Enabled,Enabled
1709167653.140533,0,GPU-b342434c-f6b6-7627-333e-da750a9991e6,0.17,0.37841796875,10240.0,6191.0,546.33,NVIDIA GeForce RTX 3080,[N/A],Enabled,Enabled
1709167654.14009,0,GPU-b342434c-f6b6-7627-333e-da750a9991e6,0.17,0.37841796875,10240.0,6191.0,546.33,NVIDIA GeForce RTX 3080,[N/A],Enabled,Enabled
1709167655.140123,0,GPU-b342434c-f6b6-7627-333e-da750a9991e6,0.16,0.37841796875,10240.0,6191.0,546.33,NVIDIA GeForce RTX 3080,[N/A],Enabled,Enabled
1709167656.140387,0,GPU-b342434c-f6b6-7627-333e-da750a9991e6,0.16,0.37841796875,10240.0,6191.0,546.33,NVIDIA GeForce RTX 3080,[N/A],Enabled,Enabled
1709167657.140291,0,GPU-b342434c-f6b6-7627-333e-da750a9991e6,0.16,0.37841796875,10240.0,6191.0,546.33,NVIDIA GeForce RTX 3080,[N/A],Enabled,Enabled
1709167658.14043,0,GPU-b342434c-f6b6-7627-333e-da750a9991e6,0.16,0.37841796875,10240.0,6191.0,546.33,NVIDIA GeForce RTX 3080,[N/A],Enabled,Enabled
1709167659.140028,0,GPU-b342434c-f6b6-7627-333e-da750a9991e6,0.17,0.37841796875,10240.0,6191.0,546.33,NVIDIA GeForce RTX 3080,[N/A],Enabled,Enabled
1709167660.140259,0,GPU-b342434c-f6b6-7627-333e-da750a9991e6,0.16,0.37841796875,10240.0,6191.0,546.33,NVIDIA GeForce RTX 3080,[N/A],Enabled,Enabled
1709167661.140612,0,GPU-b342434c-f6b6-7627-333e-da750a9991e6,0.16,0.37841796875,10240.0,6191.0,546.33,NVIDIA GeForce RTX 3080,[N/A],Enabled,Enabled
1709167662.140386,0,GPU-b342434c-f6b6-7627-333e-da750a9991e6,0.16,0.37841796875,10240.0,6191.0,546.33,NVIDIA GeForce RTX 3080,[N/A],Enabled,Enabled
1709167663.140596,0,GPU-b342434c-f6b6-7627-333e-da750a9991e6,0.16,0.37841796875,10240.0,6191.0,546.33,NVIDIA GeForce RTX 3080,[N/A],Enabled,Enabled
1709167664.140962,0,GPU-b342434c-f6b6-7627-333e-da750a9991e6,0.15,0.37841796875,10240.0,6191.0,546.33,NVIDIA GeForce RTX 3080,[N/A],Enabled,Enabled
1709167665.139749,0,GPU-b342434c-f6b6-7627-333e-da750a9991e6,0.16,0.37841796875,10240.0,6191.0,546.33,NVIDIA GeForce RTX 3080,[N/A],Enabled,Enabled
1709167666.139885,0,GPU-b342434c-f6b6-7627-333e-da750a9991e6,0.15,0.37841796875,10240.0,6191.0,546.33,NVIDIA GeForce RTX 3080,[N/A],Enabled,Enabled
1709167667.140235,0,GPU-b342434c-f6b6-7627-333e-da750a9991e6,0.16,0.37841796875,10240.0,6191.0,546.33,NVIDIA GeForce RTX 3080,[N/A],Enabled,Enabled
1709167668.139997,0,GPU-b342434c-f6b6-7627-333e-da750a9991e6,0.16,0.37841796875,10240.0,6191.0,546.33,NVIDIA GeForce RTX 3080,[N/A],Enabled,Enabled
1709167669.140624,0,GPU-b342434c-f6b6-7627-333e-da750a9991e6,0.16,0.37841796875,10240.0,6191.0,546.33,NVIDIA GeForce RTX 3080,[N/A],Enabled,Enabled
1709167670.140388,0,GPU-b342434c-f6b6-7627-333e-da750a9991e6,0.15,0.37841796875,10240.0,6191.0,546.33,NVIDIA GeForce RTX 3080,[N/A],Enabled,Enabled
1709167671.140157,0,GPU-b342434c-f6b6-7627-333e-da750a9991e6,0.16,0.37841796875,10240.0,6191.0,546.33,NVIDIA GeForce RTX 3080,[N/A],Enabled,Enabled
1709167672.139721,0,GPU-b342434c-f6b6-7627-333e-da750a9991e6,0.16,0.37841796875,10240.0,6191.0,546.33,NVIDIA GeForce RTX 3080,[N/A],Enabled,Enabled
1709167673.139825,0,GPU-b342434c-f6b6-7627-333e-da750a9991e6,0.16,0.37841796875,10240.0,6191.0,546.33,NVIDIA GeForce RTX 3080,[N/A],Enabled,Enabled
1709167674.139817,0,GPU-b342434c-f6b6-7627-333e-da750a9991e6,0.16,0.37841796875,10240.0,6191.0,546.33,NVIDIA GeForce RTX 3080,[N/A],Enabled,Enabled
1709167675.140321,0,GPU-b342434c-f6b6-7627-333e-da750a9991e6,0.16,0.37841796875,10240.0,6191.0,546.33,NVIDIA GeForce RTX 3080,[N/A],Enabled,Enabled
1709167676.140607,0,GPU-b342434c-f6b6-7627-333e-da750a9991e6,0.15,0.37841796875,10240.0,6191.0,546.33,NVIDIA GeForce RTX 3080,[N/A],Enabled,Enabled
1709167677.140474,0,GPU-b342434c-f6b6-7627-333e-da750a9991e6,0.14,0.37841796875,10240.0,6191.0,546.33,NVIDIA GeForce RTX 3080,[N/A],Enabled,Enabled
1709167678.140198,0,GPU-b342434c-f6b6-7627-333e-da750a9991e6,0.14,0.36982421875,10240.0,6279.0,546.33,NVIDIA GeForce RTX 3080,[N/A],Enabled,Enabled
1709167679.140727,0,GPU-b342434c-f6b6-7627-333e-da750a9991e6,0.14,0.36982421875,10240.0,6279.0,546.33,NVIDIA GeForce RTX 3080,[N/A],Enabled,Enabled
1709167680.139825,0,GPU-b342434c-f6b6-7627-333e-da750a9991e6,0.15,0.36982421875,10240.0,6279.0,546.33,NVIDIA GeForce RTX 3080,[N/A],Enabled,Enabled
1709167681.139634,0,GPU-b342434c-f6b6-7627-333e-da750a9991e6,0.13,0.36611328125,10240.0,6317.0,546.33,NVIDIA GeForce RTX 3080,[N/A],Enabled,Enabled
1709167682.140048,0,GPU-b342434c-f6b6-7627-333e-da750a9991e6,0.14,0.36982421875,10240.0,6279.0,546.33,NVIDIA GeForce RTX 3080,[N/A],Enabled,Enabled
1709167683.139779,0,GPU-b342434c-f6b6-7627-333e-da750a9991e6,0.13,0.36611328125,10240.0,6317.0,546.33,NVIDIA GeForce RTX 3080,[N/A],Enabled,Enabled
1709167684.14001,0,GPU-b342434c-f6b6-7627-333e-da750a9991e6,0.13,0.36611328125,10240.0,6317.0,546.33,NVIDIA GeForce RTX 3080,[N/A],Enabled,Enabled
1709167685.140799,0,GPU-b342434c-f6b6-7627-333e-da750a9991e6,0.13,0.36611328125,10240.0,6317.0,546.33,NVIDIA GeForce RTX 3080,[N/A],Enabled,Enabled
1709167686.14005,0,GPU-b342434c-f6b6-7627-333e-da750a9991e6,0.13,0.36611328125,10240.0,6317.0,546.33,NVIDIA GeForce RTX 3080,[N/A],Enabled,Enabled
1709167687.139492,0,GPU-b342434c-f6b6-7627-333e-da750a9991e6,0.13,0.36611328125,10240.0,6317.0,546.33,NVIDIA GeForce RTX 3080,[N/A],Enabled,Enabled
1709167688.14006,0,GPU-b342434c-f6b6-7627-333e-da750a9991e6,0.14,0.36611328125,10240.0,6317.0,546.33,NVIDIA GeForce RTX 3080,[N/A],Enabled,Enabled
1709167689.140297,0,GPU-b342434c-f6b6-7627-333e-da750a9991e6,0.14,0.36611328125,10240.0,6317.0,546.33,NVIDIA GeForce RTX 3080,[N/A],Enabled,Enabled
1709167690.140122,0,GPU-b342434c-f6b6-7627-333e-da750a9991e6,0.13,0.36611328125,10240.0,6317.0,546.33,NVIDIA GeForce RTX 3080,[N/A],Enabled,Enabled
1709167691.139698,0,GPU-b342434c-f6b6-7627-333e-da750a9991e6,0.13,0.36611328125,10240.0,6317.0,546.33,NVIDIA GeForce RTX 3080,[N/A],Enabled,Enabled
1709167692.139907,0,GPU-b342434c-f6b6-7627-333e-da750a9991e6,0.14,0.36611328125,10240.0,6317.0,546.33,NVIDIA GeForce RTX 3080,[N/A],Enabled,Enabled
1709167693.140395,0,GPU-b342434c-f6b6-7627-333e-da750a9991e6,0.14,0.36611328125,10240.0,6317.0,546.33,NVIDIA GeForce RTX 3080,[N/A],Enabled,Enabled
1709167694.139814,0,GPU-b342434c-f6b6-7627-333e-da750a9991e6,0.13,0.36611328125,10240.0,6317.0,546.33,NVIDIA GeForce RTX 3080,[N/A],Enabled,Enabled
1709167695.140753,0,GPU-b342434c-f6b6-7627-333e-da750a9991e6,0.13,0.36611328125,10240.0,6317.0,546.33,NVIDIA GeForce RTX 3080,[N/A],Enabled,Enabled
1709167696.140394,0,GPU-b342434c-f6b6-7627-333e-da750a9991e6,0.13,0.36611328125,10240.0,6317.0,546.33,NVIDIA GeForce RTX 3080,[N/A],Enabled,Enabled
1709167697.140266,0,GPU-b342434c-f6b6-7627-333e-da750a9991e6,0.13,0.36611328125,10240.0,6317.0,546.33,NVIDIA GeForce RTX 3080,[N/A],Enabled,Enabled
1709167698.140355,0,GPU-b342434c-f6b6-7627-333e-da750a9991e6,0.13,0.36611328125,10240.0,6317.0,546.33,NVIDIA GeForce RTX 3080,[N/A],Enabled,Enabled
1709167699.140245,0,GPU-b342434c-f6b6-7627-333e-da750a9991e6,0.13,0.36611328125,10240.0,6317.0,546.33,NVIDIA GeForce RTX 3080,[N/A],Enabled,Enabled
1709167700.140084,0,GPU-b342434c-f6b6-7627-333e-da750a9991e6,0.13,0.36611328125,10240.0,6317.0,546.33,NVIDIA GeForce RTX 3080,[N/A],Enabled,Enabled
1709167701.139845,0,GPU-b342434c-f6b6-7627-333e-da750a9991e6,0.12,0.3068359375,10240.0,6924.0,546.33,NVIDIA GeForce RTX 3080,[N/A],Enabled,Enabled
1709167702.14075,0,GPU-b342434c-f6b6-7627-333e-da750a9991e6,0.16,0.306640625,10240.0,6926.0,546.33,NVIDIA GeForce RTX 3080,[N/A],Enabled,Enabled
1709167703.140615,0,GPU-b342434c-f6b6-7627-333e-da750a9991e6,0.16,0.306640625,10240.0,6926.0,546.33,NVIDIA GeForce RTX 3080,[N/A],Enabled,Enabled
1709167704.139914,0,GPU-b342434c-f6b6-7627-333e-da750a9991e6,0.16,0.306640625,10240.0,6926.0,546.33,NVIDIA GeForce RTX 3080,[N/A],Enabled,Enabled
