timestamp,id,uuid,load,memoryUtil,memoryTotal,memoryUsed,memoryFree,driver,name,serial,display_mode,display_active
1709237808.508834,0,GPU-93ae0c7f-c327-aee3-adae-bc0d1dae71ea,0.14,0.2540302882266732,12282.0,8891.0,551.52,NVIDIA GeForce RTX 4070,[N/A],Enabled,Enabled
1709237809.505889,0,GPU-93ae0c7f-c327-aee3-adae-bc0d1dae71ea,0.15,0.2532975085490962,12282.0,8900.0,551.52,NVIDIA GeForce RTX 4070,[N/A],Enabled,Enabled
1709237810.504983,0,GPU-93ae0c7f-c327-aee3-adae-bc0d1dae71ea,0.14,0.253216088584921,12282.0,8901.0,551.52,NVIDIA GeForce RTX 4070,[N/A],Enabled,Enabled
1709237811.505285,0,GPU-93ae0c7f-c327-aee3-adae-bc0d1dae71ea,0.13,0.2531346686207458,12282.0,8902.0,551.52,NVIDIA GeForce RTX 4070,[N/A],Enabled,Enabled
1709237812.505081,0,GPU-93ae0c7f-c327-aee3-adae-bc0d1dae71ea,0.15,0.25378602833414754,12282.0,8894.0,551.52,NVIDIA GeForce RTX 4070,[N/A],Enabled,Enabled
1709237813.505391,0,GPU-93ae0c7f-c327-aee3-adae-bc0d1dae71ea,0.14,0.25394886826249796,12282.0,8892.0,551.52,NVIDIA GeForce RTX 4070,[N/A],Enabled,Enabled
1709237814.504873,0,GPU-93ae0c7f-c327-aee3-adae-bc0d1dae71ea,0.14,0.25394886826249796,12282.0,8892.0,551.52,NVIDIA GeForce RTX 4070,[N/A],Enabled,Enabled
1709237815.504841,0,GPU-93ae0c7f-c327-aee3-adae-bc0d1dae71ea,0.14,0.25394886826249796,12282.0,8892.0,551.52,NVIDIA GeForce RTX 4070,[N/A],Enabled,Enabled
1709237816.505548,0,GPU-93ae0c7f-c327-aee3-adae-bc0d1dae71ea,0.13,0.25394886826249796,12282.0,8892.0,551.52,NVIDIA GeForce RTX 4070,[N/A],Enabled,Enabled
1709237817.505457,0,GPU-93ae0c7f-c327-aee3-adae-bc0d1dae71ea,0.13,0.25394886826249796,12282.0,8892.0,551.52,NVIDIA GeForce RTX 4070,[N/A],Enabled,Enabled
1709237818.505432,0,GPU-93ae0c7f-c327-aee3-adae-bc0d1dae71ea,0.13,0.25394886826249796,12282.0,8892.0,551.52,NVIDIA GeForce RTX 4070,[N/A],Enabled,Enabled
1709237819.5046,0,GPU-93ae0c7f-c327-aee3-adae-bc0d1dae71ea,0.14,0.25394886826249796,12282.0,8892.0,551.52,NVIDIA GeForce RTX 4070,[N/A],Enabled,Enabled
1709237820.505371,0,GPU-93ae0c7f-c327-aee3-adae-bc0d1dae71ea,0.14,0.25394886826249796,12282.0,8892.0,551.52,NVIDIA GeForce RTX 4070,[N/A],Enabled,Enabled
1709237821.50517,0,GPU-93ae0c7f-c327-aee3-adae-bc0d1dae71ea,0.13,0.25394886826249796,12282.0,8892.0,551.52,NVIDIA GeForce RTX 4070,[N/A],Enabled,Enabled
1709237822.505471,0,GPU-93ae0c7f-c327-aee3-adae-bc0d1dae71ea,0.13,0.25394886826249796,12282.0,8892.0,551.52,NVIDIA GeForce RTX 4070,[N/A],Enabled,Enabled
1709237823.505018,0,GPU-93ae0c7f-c327-aee3-adae-bc0d1dae71ea,0.15,0.2529718286923954,12282.0,8904.0,551.52,NVIDIA GeForce RTX 4070,[N/A],Enabled,Enabled
1709237824.505463,0,GPU-93ae0c7f-c327-aee3-adae-bc0d1dae71ea,0.15,0.2536231884057971,12282.0,8896.0,551.52,NVIDIA GeForce RTX 4070,[N/A],Enabled,Enabled
1709237825.505347,0,GPU-93ae0c7f-c327-aee3-adae-bc0d1dae71ea,0.11,0.36020192151115454,12282.0,7587.0,551.52,NVIDIA GeForce RTX 4070,[N/A],Enabled,Enabled
1709237826.504831,0,GPU-93ae0c7f-c327-aee3-adae-bc0d1dae71ea,0.09,0.32502849698746133,12282.0,8019.0,551.52,NVIDIA GeForce RTX 4070,[N/A],Enabled,Enabled
1709237827.504846,0,GPU-93ae0c7f-c327-aee3-adae-bc0d1dae71ea,0.08,0.3248656570591109,12282.0,8021.0,551.52,NVIDIA GeForce RTX 4070,[N/A],Enabled,Enabled
1709237828.505505,0,GPU-93ae0c7f-c327-aee3-adae-bc0d1dae71ea,0.08,0.32470281713076043,12282.0,8023.0,551.52,NVIDIA GeForce RTX 4070,[N/A],Enabled,Enabled
1709237829.505547,0,GPU-93ae0c7f-c327-aee3-adae-bc0d1dae71ea,0.06,0.247923790913532,12282.0,8966.0,551.52,NVIDIA GeForce RTX 4070,[N/A],Enabled,Enabled
1709237830.505114,0,GPU-93ae0c7f-c327-aee3-adae-bc0d1dae71ea,0.11,0.4859957661618629,12282.0,6042.0,551.52,NVIDIA GeForce RTX 4070,[N/A],Enabled,Enabled
1709237831.505207,0,GPU-93ae0c7f-c327-aee3-adae-bc0d1dae71ea,0.31,0.45269500081419967,12282.0,6451.0,551.52,NVIDIA GeForce RTX 4070,[N/A],Enabled,Enabled
1709237832.505075,0,GPU-93ae0c7f-c327-aee3-adae-bc0d1dae71ea,0.32,0.4526135808500244,12282.0,6452.0,551.52,NVIDIA GeForce RTX 4070,[N/A],Enabled,Enabled
1709237833.504925,0,GPU-93ae0c7f-c327-aee3-adae-bc0d1dae71ea,0.3,0.44789122292786193,12282.0,6510.0,551.52,NVIDIA GeForce RTX 4070,[N/A],Enabled,Enabled
1709237834.504933,0,GPU-93ae0c7f-c327-aee3-adae-bc0d1dae71ea,0.31,0.4525321608858492,12282.0,6453.0,551.52,NVIDIA GeForce RTX 4070,[N/A],Enabled,Enabled
1709237835.504515,0,GPU-93ae0c7f-c327-aee3-adae-bc0d1dae71ea,0.12,0.45342778049177657,12282.0,6442.0,551.52,NVIDIA GeForce RTX 4070,[N/A],Enabled,Enabled
1709237836.504641,0,GPU-93ae0c7f-c327-aee3-adae-bc0d1dae71ea,0.3,0.45342778049177657,12282.0,6442.0,551.52,NVIDIA GeForce RTX 4070,[N/A],Enabled,Enabled
1709237837.505081,0,GPU-93ae0c7f-c327-aee3-adae-bc0d1dae71ea,0.28,0.4487868425337893,12282.0,6499.0,551.52,NVIDIA GeForce RTX 4070,[N/A],Enabled,Enabled
1709237838.504906,0,GPU-93ae0c7f-c327-aee3-adae-bc0d1dae71ea,0.29,0.4487868425337893,12282.0,6499.0,551.52,NVIDIA GeForce RTX 4070,[N/A],Enabled,Enabled
1709237839.505018,0,GPU-93ae0c7f-c327-aee3-adae-bc0d1dae71ea,0.28,0.45342778049177657,12282.0,6442.0,551.52,NVIDIA GeForce RTX 4070,[N/A],Enabled,Enabled
1709237840.505263,0,GPU-93ae0c7f-c327-aee3-adae-bc0d1dae71ea,0.28,0.4487868425337893,12282.0,6499.0,551.52,NVIDIA GeForce RTX 4070,[N/A],Enabled,Enabled
1709237841.504523,0,GPU-93ae0c7f-c327-aee3-adae-bc0d1dae71ea,0.31,0.45342778049177657,12282.0,6442.0,551.52,NVIDIA GeForce RTX 4070,[N/A],Enabled,Enabled
1709237842.505591,0,GPU-93ae0c7f-c327-aee3-adae-bc0d1dae71ea,0.29,0.45342778049177657,12282.0,6442.0,551.52,NVIDIA GeForce RTX 4070,[N/A],Enabled,Enabled
1709237843.50527,0,GPU-93ae0c7f-c327-aee3-adae-bc0d1dae71ea,0.28,0.45342778049177657,12282.0,6442.0,551.52,NVIDIA GeForce RTX 4070,[N/A],Enabled,Enabled
1709237844.504652,0,GPU-93ae0c7f-c327-aee3-adae-bc0d1dae71ea,0.29,0.45342778049177657,12282.0,6442.0,551.52,NVIDIA GeForce RTX 4070,[N/A],Enabled,Enabled
1709237845.50511,0,GPU-93ae0c7f-c327-aee3-adae-bc0d1dae71ea,0.27,0.4487868425337893,12282.0,6499.0,551.52,NVIDIA GeForce RTX 4070,[N/A],Enabled,Enabled
1709237846.504837,0,GPU-93ae0c7f-c327-aee3-adae-bc0d1dae71ea,0.27,0.4487868425337893,12282.0,6499.0,551.52,NVIDIA GeForce RTX 4070,[N/A],Enabled,Enabled
1709237847.505134,0,GPU-93ae0c7f-c327-aee3-adae-bc0d1dae71ea,0.3,0.45342778049177657,12282.0,6442.0,551.52,NVIDIA GeForce RTX 4070,[N/A],Enabled,Enabled
1709237848.50569,0,GPU-93ae0c7f-c327-aee3-adae-bc0d1dae71ea,0.29,0.4487868425337893,12282.0,6499.0,551.52,NVIDIA GeForce RTX 4070,[N/A],Enabled,Enabled
1709237849.505455,0,GPU-93ae0c7f-c327-aee3-adae-bc0d1dae71ea,0.31,0.45342778049177657,12282.0,6442.0,551.52,NVIDIA GeForce RTX 4070,[N/A],Enabled,Enabled
1709237850.504894,0,GPU-93ae0c7f-c327-aee3-adae-bc0d1dae71ea,0.28,0.4487868425337893,12282.0,6499.0,551.52,NVIDIA GeForce RTX 4070,[N/A],Enabled,Enabled
1709237851.50482,0,GPU-93ae0c7f-c327-aee3-adae-bc0d1dae71ea,0.27,0.4487868425337893,12282.0,6499.0,551.52,NVIDIA GeForce RTX 4070,[N/A],Enabled,Enabled
1709237852.504774,0,GPU-93ae0c7f-c327-aee3-adae-bc0d1dae71ea,0.31,0.4535092004559518,12282.0,6441.0,551.52,NVIDIA GeForce RTX 4070,[N/A],Enabled,Enabled
1709237853.504548,0,GPU-93ae0c7f-c327-aee3-adae-bc0d1dae71ea,0.14,0.4572545188080117,12282.0,6395.0,551.52,NVIDIA GeForce RTX 4070,[N/A],Enabled,Enabled
1709237854.504957,0,GPU-93ae0c7f-c327-aee3-adae-bc0d1dae71ea,0.38,0.4572545188080117,12282.0,6395.0,551.52,NVIDIA GeForce RTX 4070,[N/A],Enabled,Enabled
1709237855.50506,0,GPU-93ae0c7f-c327-aee3-adae-bc0d1dae71ea,0.43,0.4572545188080117,12282.0,6395.0,551.52,NVIDIA GeForce RTX 4070,[N/A],Enabled,Enabled
1709237856.505374,0,GPU-93ae0c7f-c327-aee3-adae-bc0d1dae71ea,0.44,0.4572545188080117,12282.0,6395.0,551.52,NVIDIA GeForce RTX 4070,[N/A],Enabled,Enabled
1709237857.505392,0,GPU-93ae0c7f-c327-aee3-adae-bc0d1dae71ea,0.38,0.4572545188080117,12282.0,6395.0,551.52,NVIDIA GeForce RTX 4070,[N/A],Enabled,Enabled
1709237858.505703,0,GPU-93ae0c7f-c327-aee3-adae-bc0d1dae71ea,0.42,0.4572545188080117,12282.0,6395.0,551.52,NVIDIA GeForce RTX 4070,[N/A],Enabled,Enabled
1709237859.505112,0,GPU-93ae0c7f-c327-aee3-adae-bc0d1dae71ea,0.38,0.4572545188080117,12282.0,6395.0,551.52,NVIDIA GeForce RTX 4070,[N/A],Enabled,Enabled
1709237860.505196,0,GPU-93ae0c7f-c327-aee3-adae-bc0d1dae71ea,0.37,0.4572545188080117,12282.0,6395.0,551.52,NVIDIA GeForce RTX 4070,[N/A],Enabled,Enabled
1709237861.504663,0,GPU-93ae0c7f-c327-aee3-adae-bc0d1dae71ea,0.38,0.4572545188080117,12282.0,6395.0,551.52,NVIDIA GeForce RTX 4070,[N/A],Enabled,Enabled
1709237862.504744,0,GPU-93ae0c7f-c327-aee3-adae-bc0d1dae71ea,0.39,0.4572545188080117,12282.0,6395.0,551.52,NVIDIA GeForce RTX 4070,[N/A],Enabled,Enabled
1709237863.505233,0,GPU-93ae0c7f-c327-aee3-adae-bc0d1dae71ea,0.43,0.4572545188080117,12282.0,6395.0,551.52,NVIDIA GeForce RTX 4070,[N/A],Enabled,Enabled
1709237864.504616,0,GPU-93ae0c7f-c327-aee3-adae-bc0d1dae71ea,0.39,0.4572545188080117,12282.0,6395.0,551.52,NVIDIA GeForce RTX 4070,[N/A],Enabled,Enabled
1709237865.505164,0,GPU-93ae0c7f-c327-aee3-adae-bc0d1dae71ea,0.38,0.4572545188080117,12282.0,6395.0,551.52,NVIDIA GeForce RTX 4070,[N/A],Enabled,Enabled
1709237866.505286,0,GPU-93ae0c7f-c327-aee3-adae-bc0d1dae71ea,0.39,0.4572545188080117,12282.0,6395.0,551.52,NVIDIA GeForce RTX 4070,[N/A],Enabled,Enabled
1709237867.504691,0,GPU-93ae0c7f-c327-aee3-adae-bc0d1dae71ea,0.39,0.4572545188080117,12282.0,6395.0,551.52,NVIDIA GeForce RTX 4070,[N/A],Enabled,Enabled
1709237868.505424,0,GPU-93ae0c7f-c327-aee3-adae-bc0d1dae71ea,0.4,0.4572545188080117,12282.0,6395.0,551.52,NVIDIA GeForce RTX 4070,[N/A],Enabled,Enabled
1709237869.505149,0,GPU-93ae0c7f-c327-aee3-adae-bc0d1dae71ea,0.44,0.4572545188080117,12282.0,6395.0,551.52,NVIDIA GeForce RTX 4070,[N/A],Enabled,Enabled
1709237870.504447,0,GPU-93ae0c7f-c327-aee3-adae-bc0d1dae71ea,0.42,0.4572545188080117,12282.0,6395.0,551.52,NVIDIA GeForce RTX 4070,[N/A],Enabled,Enabled
1709237871.504506,0,GPU-93ae0c7f-c327-aee3-adae-bc0d1dae71ea,0.42,0.4572545188080117,12282.0,6395.0,551.52,NVIDIA GeForce RTX 4070,[N/A],Enabled,Enabled
1709237872.505144,0,GPU-93ae0c7f-c327-aee3-adae-bc0d1dae71ea,0.38,0.4572545188080117,12282.0,6395.0,551.52,NVIDIA GeForce RTX 4070,[N/A],Enabled,Enabled
1709237873.505388,0,GPU-93ae0c7f-c327-aee3-adae-bc0d1dae71ea,0.45,0.4572545188080117,12282.0,6395.0,551.52,NVIDIA GeForce RTX 4070,[N/A],Enabled,Enabled
1709237874.505248,0,GPU-93ae0c7f-c327-aee3-adae-bc0d1dae71ea,0.39,0.4572545188080117,12282.0,6395.0,551.52,NVIDIA GeForce RTX 4070,[N/A],Enabled,Enabled
1709237875.505457,0,GPU-93ae0c7f-c327-aee3-adae-bc0d1dae71ea,0.4,0.4572545188080117,12282.0,6395.0,551.52,NVIDIA GeForce RTX 4070,[N/A],Enabled,Enabled
1709237876.505118,0,GPU-93ae0c7f-c327-aee3-adae-bc0d1dae71ea,0.42,0.4572545188080117,12282.0,6395.0,551.52,NVIDIA GeForce RTX 4070,[N/A],Enabled,Enabled
1709237877.505294,0,GPU-93ae0c7f-c327-aee3-adae-bc0d1dae71ea,0.48,0.4572545188080117,12282.0,6395.0,551.52,NVIDIA GeForce RTX 4070,[N/A],Enabled,Enabled
1709237878.505457,0,GPU-93ae0c7f-c327-aee3-adae-bc0d1dae71ea,0.45,0.4572545188080117,12282.0,6395.0,551.52,NVIDIA GeForce RTX 4070,[N/A],Enabled,Enabled
1709237879.504595,0,GPU-93ae0c7f-c327-aee3-adae-bc0d1dae71ea,0.46,0.4572545188080117,12282.0,6395.0,551.52,NVIDIA GeForce RTX 4070,[N/A],Enabled,Enabled
1709237880.504702,0,GPU-93ae0c7f-c327-aee3-adae-bc0d1dae71ea,0.44,0.4575801986647126,12282.0,6391.0,551.52,NVIDIA GeForce RTX 4070,[N/A],Enabled,Enabled
1709237881.505057,0,GPU-93ae0c7f-c327-aee3-adae-bc0d1dae71ea,0.43,0.4575801986647126,12282.0,6391.0,551.52,NVIDIA GeForce RTX 4070,[N/A],Enabled,Enabled
1709237882.505077,0,GPU-93ae0c7f-c327-aee3-adae-bc0d1dae71ea,0.46,0.4575801986647126,12282.0,6391.0,551.52,NVIDIA GeForce RTX 4070,[N/A],Enabled,Enabled
1709237883.504496,0,GPU-93ae0c7f-c327-aee3-adae-bc0d1dae71ea,0.4,0.4575801986647126,12282.0,6391.0,551.52,NVIDIA GeForce RTX 4070,[N/A],Enabled,Enabled
1709237884.50546,0,GPU-93ae0c7f-c327-aee3-adae-bc0d1dae71ea,0.4,0.4575801986647126,12282.0,6391.0,551.52,NVIDIA GeForce RTX 4070,[N/A],Enabled,Enabled
1709237885.505301,0,GPU-93ae0c7f-c327-aee3-adae-bc0d1dae71ea,0.43,0.4575801986647126,12282.0,6391.0,551.52,NVIDIA GeForce RTX 4070,[N/A],Enabled,Enabled
1709237886.504512,0,GPU-93ae0c7f-c327-aee3-adae-bc0d1dae71ea,0.4,0.4575801986647126,12282.0,6391.0,551.52,NVIDIA GeForce RTX 4070,[N/A],Enabled,Enabled
1709237887.505975,0,GPU-93ae0c7f-c327-aee3-adae-bc0d1dae71ea,0.4,0.4575801986647126,12282.0,6391.0,551.52,NVIDIA GeForce RTX 4070,[N/A],Enabled,Enabled
1709237888.505361,0,GPU-93ae0c7f-c327-aee3-adae-bc0d1dae71ea,0.42,0.4575801986647126,12282.0,6391.0,551.52,NVIDIA GeForce RTX 4070,[N/A],Enabled,Enabled
1709237889.50456,0,GPU-93ae0c7f-c327-aee3-adae-bc0d1dae71ea,0.39,0.4575801986647126,12282.0,6391.0,551.52,NVIDIA GeForce RTX 4070,[N/A],Enabled,Enabled
1709237890.505228,0,GPU-93ae0c7f-c327-aee3-adae-bc0d1dae71ea,0.41,0.4575801986647126,12282.0,6391.0,551.52,NVIDIA GeForce RTX 4070,[N/A],Enabled,Enabled
1709237891.504693,0,GPU-93ae0c7f-c327-aee3-adae-bc0d1dae71ea,0.37,0.4575801986647126,12282.0,6391.0,551.52,NVIDIA GeForce RTX 4070,[N/A],Enabled,Enabled
1709237892.505131,0,GPU-93ae0c7f-c327-aee3-adae-bc0d1dae71ea,0.42,0.4575801986647126,12282.0,6391.0,551.52,NVIDIA GeForce RTX 4070,[N/A],Enabled,Enabled
1709237893.505341,0,GPU-93ae0c7f-c327-aee3-adae-bc0d1dae71ea,0.45,0.4575801986647126,12282.0,6391.0,551.52,NVIDIA GeForce RTX 4070,[N/A],Enabled,Enabled
1709237894.504866,0,GPU-93ae0c7f-c327-aee3-adae-bc0d1dae71ea,0.39,0.4575801986647126,12282.0,6391.0,551.52,NVIDIA GeForce RTX 4070,[N/A],Enabled,Enabled
1709237895.505056,0,GPU-93ae0c7f-c327-aee3-adae-bc0d1dae71ea,0.41,0.4575801986647126,12282.0,6391.0,551.52,NVIDIA GeForce RTX 4070,[N/A],Enabled,Enabled
1709237896.505338,0,GPU-93ae0c7f-c327-aee3-adae-bc0d1dae71ea,0.41,0.4575801986647126,12282.0,6391.0,551.52,NVIDIA GeForce RTX 4070,[N/A],Enabled,Enabled
1709237897.504686,0,GPU-93ae0c7f-c327-aee3-adae-bc0d1dae71ea,0.39,0.4575801986647126,12282.0,6391.0,551.52,NVIDIA GeForce RTX 4070,[N/A],Enabled,Enabled
1709237898.505361,0,GPU-93ae0c7f-c327-aee3-adae-bc0d1dae71ea,0.43,0.4575801986647126,12282.0,6391.0,551.52,NVIDIA GeForce RTX 4070,[N/A],Enabled,Enabled
1709237899.505518,0,GPU-93ae0c7f-c327-aee3-adae-bc0d1dae71ea,0.42,0.4575801986647126,12282.0,6391.0,551.52,NVIDIA GeForce RTX 4070,[N/A],Enabled,Enabled
1709237900.504527,0,GPU-93ae0c7f-c327-aee3-adae-bc0d1dae71ea,0.43,0.4575801986647126,12282.0,6391.0,551.52,NVIDIA GeForce RTX 4070,[N/A],Enabled,Enabled
1709237901.505011,0,GPU-93ae0c7f-c327-aee3-adae-bc0d1dae71ea,0.42,0.4575801986647126,12282.0,6391.0,551.52,NVIDIA GeForce RTX 4070,[N/A],Enabled,Enabled
1709237902.504589,0,GPU-93ae0c7f-c327-aee3-adae-bc0d1dae71ea,0.37,0.4575801986647126,12282.0,6391.0,551.52,NVIDIA GeForce RTX 4070,[N/A],Enabled,Enabled
1709237903.505142,0,GPU-93ae0c7f-c327-aee3-adae-bc0d1dae71ea,0.4,0.4575801986647126,12282.0,6391.0,551.52,NVIDIA GeForce RTX 4070,[N/A],Enabled,Enabled
1709237904.504539,0,GPU-93ae0c7f-c327-aee3-adae-bc0d1dae71ea,0.43,0.4575801986647126,12282.0,6391.0,551.52,NVIDIA GeForce RTX 4070,[N/A],Enabled,Enabled
1709237905.505124,0,GPU-93ae0c7f-c327-aee3-adae-bc0d1dae71ea,0.38,0.4575801986647126,12282.0,6391.0,551.52,NVIDIA GeForce RTX 4070,[N/A],Enabled,Enabled
1709237906.505523,0,GPU-93ae0c7f-c327-aee3-adae-bc0d1dae71ea,0.37,0.4575801986647126,12282.0,6391.0,551.52,NVIDIA GeForce RTX 4070,[N/A],Enabled,Enabled
1709237907.505043,0,GPU-93ae0c7f-c327-aee3-adae-bc0d1dae71ea,0.4,0.4575801986647126,12282.0,6391.0,551.52,NVIDIA GeForce RTX 4070,[N/A],Enabled,Enabled
1709237908.505113,0,GPU-93ae0c7f-c327-aee3-adae-bc0d1dae71ea,0.44,0.4575801986647126,12282.0,6391.0,551.52,NVIDIA GeForce RTX 4070,[N/A],Enabled,Enabled
1709237909.504694,0,GPU-93ae0c7f-c327-aee3-adae-bc0d1dae71ea,0.42,0.4575801986647126,12282.0,6391.0,551.52,NVIDIA GeForce RTX 4070,[N/A],Enabled,Enabled
1709237910.504888,0,GPU-93ae0c7f-c327-aee3-adae-bc0d1dae71ea,0.45,0.4575801986647126,12282.0,6391.0,551.52,NVIDIA GeForce RTX 4070,[N/A],Enabled,Enabled
1709237911.505224,0,GPU-93ae0c7f-c327-aee3-adae-bc0d1dae71ea,0.42,0.4575801986647126,12282.0,6391.0,551.52,NVIDIA GeForce RTX 4070,[N/A],Enabled,Enabled
1709237912.505392,0,GPU-93ae0c7f-c327-aee3-adae-bc0d1dae71ea,0.43,0.4575801986647126,12282.0,6391.0,551.52,NVIDIA GeForce RTX 4070,[N/A],Enabled,Enabled
1709237913.505278,0,GPU-93ae0c7f-c327-aee3-adae-bc0d1dae71ea,0.42,0.4575801986647126,12282.0,6391.0,551.52,NVIDIA GeForce RTX 4070,[N/A],Enabled,Enabled
1709237914.505357,0,GPU-93ae0c7f-c327-aee3-adae-bc0d1dae71ea,0.38,0.4575801986647126,12282.0,6391.0,551.52,NVIDIA GeForce RTX 4070,[N/A],Enabled,Enabled
1709237915.504795,0,GPU-93ae0c7f-c327-aee3-adae-bc0d1dae71ea,0.45,0.4575801986647126,12282.0,6391.0,551.52,NVIDIA GeForce RTX 4070,[N/A],Enabled,Enabled
1709237916.505185,0,GPU-93ae0c7f-c327-aee3-adae-bc0d1dae71ea,0.4,0.4575801986647126,12282.0,6391.0,551.52,NVIDIA GeForce RTX 4070,[N/A],Enabled,Enabled
1709237917.505335,0,GPU-93ae0c7f-c327-aee3-adae-bc0d1dae71ea,0.42,0.4575801986647126,12282.0,6391.0,551.52,NVIDIA GeForce RTX 4070,[N/A],Enabled,Enabled
1709237918.50535,0,GPU-93ae0c7f-c327-aee3-adae-bc0d1dae71ea,0.4,0.4575801986647126,12282.0,6391.0,551.52,NVIDIA GeForce RTX 4070,[N/A],Enabled,Enabled
1709237919.505614,0,GPU-93ae0c7f-c327-aee3-adae-bc0d1dae71ea,0.41,0.4575801986647126,12282.0,6391.0,551.52,NVIDIA GeForce RTX 4070,[N/A],Enabled,Enabled
1709237920.504828,0,GPU-93ae0c7f-c327-aee3-adae-bc0d1dae71ea,0.39,0.4575801986647126,12282.0,6391.0,551.52,NVIDIA GeForce RTX 4070,[N/A],Enabled,Enabled
1709237921.505414,0,GPU-93ae0c7f-c327-aee3-adae-bc0d1dae71ea,0.44,0.4575801986647126,12282.0,6391.0,551.52,NVIDIA GeForce RTX 4070,[N/A],Enabled,Enabled
1709237922.505655,0,GPU-93ae0c7f-c327-aee3-adae-bc0d1dae71ea,0.47,0.4575801986647126,12282.0,6391.0,551.52,NVIDIA GeForce RTX 4070,[N/A],Enabled,Enabled
1709237923.50576,0,GPU-93ae0c7f-c327-aee3-adae-bc0d1dae71ea,0.38,0.4575801986647126,12282.0,6391.0,551.52,NVIDIA GeForce RTX 4070,[N/A],Enabled,Enabled
1709237924.505108,0,GPU-93ae0c7f-c327-aee3-adae-bc0d1dae71ea,0.45,0.4575801986647126,12282.0,6391.0,551.52,NVIDIA GeForce RTX 4070,[N/A],Enabled,Enabled
1709237925.504989,0,GPU-93ae0c7f-c327-aee3-adae-bc0d1dae71ea,0.43,0.4575801986647126,12282.0,6391.0,551.52,NVIDIA GeForce RTX 4070,[N/A],Enabled,Enabled
1709237926.505348,0,GPU-93ae0c7f-c327-aee3-adae-bc0d1dae71ea,0.42,0.4575801986647126,12282.0,6391.0,551.52,NVIDIA GeForce RTX 4070,[N/A],Enabled,Enabled
1709237927.505442,0,GPU-93ae0c7f-c327-aee3-adae-bc0d1dae71ea,0.47,0.4575801986647126,12282.0,6391.0,551.52,NVIDIA GeForce RTX 4070,[N/A],Enabled,Enabled
1709237928.505748,0,GPU-93ae0c7f-c327-aee3-adae-bc0d1dae71ea,0.38,0.4575801986647126,12282.0,6391.0,551.52,NVIDIA GeForce RTX 4070,[N/A],Enabled,Enabled
1709237929.505393,0,GPU-93ae0c7f-c327-aee3-adae-bc0d1dae71ea,0.39,0.4575801986647126,12282.0,6391.0,551.52,NVIDIA GeForce RTX 4070,[N/A],Enabled,Enabled
1709237930.505584,0,GPU-93ae0c7f-c327-aee3-adae-bc0d1dae71ea,0.43,0.4575801986647126,12282.0,6391.0,551.52,NVIDIA GeForce RTX 4070,[N/A],Enabled,Enabled
1709237931.50605,0,GPU-93ae0c7f-c327-aee3-adae-bc0d1dae71ea,0.4,0.4575801986647126,12282.0,6391.0,551.52,NVIDIA GeForce RTX 4070,[N/A],Enabled,Enabled
1709237932.505023,0,GPU-93ae0c7f-c327-aee3-adae-bc0d1dae71ea,0.41,0.4575801986647126,12282.0,6391.0,551.52,NVIDIA GeForce RTX 4070,[N/A],Enabled,Enabled
1709237933.505309,0,GPU-93ae0c7f-c327-aee3-adae-bc0d1dae71ea,0.43,0.4575801986647126,12282.0,6391.0,551.52,NVIDIA GeForce RTX 4070,[N/A],Enabled,Enabled
1709237934.506005,0,GPU-93ae0c7f-c327-aee3-adae-bc0d1dae71ea,0.41,0.4575801986647126,12282.0,6391.0,551.52,NVIDIA GeForce RTX 4070,[N/A],Enabled,Enabled
1709237935.50476,0,GPU-93ae0c7f-c327-aee3-adae-bc0d1dae71ea,0.42,0.4575801986647126,12282.0,6391.0,551.52,NVIDIA GeForce RTX 4070,[N/A],Enabled,Enabled
1709237936.505198,0,GPU-93ae0c7f-c327-aee3-adae-bc0d1dae71ea,0.46,0.4575801986647126,12282.0,6391.0,551.52,NVIDIA GeForce RTX 4070,[N/A],Enabled,Enabled
1709237937.505707,0,GPU-93ae0c7f-c327-aee3-adae-bc0d1dae71ea,0.39,0.4575801986647126,12282.0,6391.0,551.52,NVIDIA GeForce RTX 4070,[N/A],Enabled,Enabled
1709237938.505459,0,GPU-93ae0c7f-c327-aee3-adae-bc0d1dae71ea,0.4,0.4575801986647126,12282.0,6391.0,551.52,NVIDIA GeForce RTX 4070,[N/A],Enabled,Enabled
1709237939.506225,0,GPU-93ae0c7f-c327-aee3-adae-bc0d1dae71ea,0.39,0.4575801986647126,12282.0,6391.0,551.52,NVIDIA GeForce RTX 4070,[N/A],Enabled,Enabled
1709237940.505228,0,GPU-93ae0c7f-c327-aee3-adae-bc0d1dae71ea,0.41,0.4575801986647126,12282.0,6391.0,551.52,NVIDIA GeForce RTX 4070,[N/A],Enabled,Enabled
1709237941.505621,0,GPU-93ae0c7f-c327-aee3-adae-bc0d1dae71ea,0.45,0.4575801986647126,12282.0,6391.0,551.52,NVIDIA GeForce RTX 4070,[N/A],Enabled,Enabled
1709237942.504747,0,GPU-93ae0c7f-c327-aee3-adae-bc0d1dae71ea,0.39,0.4575801986647126,12282.0,6391.0,551.52,NVIDIA GeForce RTX 4070,[N/A],Enabled,Enabled
1709237943.505196,0,GPU-93ae0c7f-c327-aee3-adae-bc0d1dae71ea,0.46,0.4575801986647126,12282.0,6391.0,551.52,NVIDIA GeForce RTX 4070,[N/A],Enabled,Enabled
1709237944.505684,0,GPU-93ae0c7f-c327-aee3-adae-bc0d1dae71ea,0.45,0.4575801986647126,12282.0,6391.0,551.52,NVIDIA GeForce RTX 4070,[N/A],Enabled,Enabled
1709237945.505033,0,GPU-93ae0c7f-c327-aee3-adae-bc0d1dae71ea,0.44,0.4575801986647126,12282.0,6391.0,551.52,NVIDIA GeForce RTX 4070,[N/A],Enabled,Enabled
1709237946.505476,0,GPU-93ae0c7f-c327-aee3-adae-bc0d1dae71ea,0.43,0.4575801986647126,12282.0,6391.0,551.52,NVIDIA GeForce RTX 4070,[N/A],Enabled,Enabled
1709237947.505221,0,GPU-93ae0c7f-c327-aee3-adae-bc0d1dae71ea,0.43,0.4575801986647126,12282.0,6391.0,551.52,NVIDIA GeForce RTX 4070,[N/A],Enabled,Enabled
1709237948.504525,0,GPU-93ae0c7f-c327-aee3-adae-bc0d1dae71ea,0.47,0.4575801986647126,12282.0,6391.0,551.52,NVIDIA GeForce RTX 4070,[N/A],Enabled,Enabled
1709237949.505116,0,GPU-93ae0c7f-c327-aee3-adae-bc0d1dae71ea,0.43,0.4575801986647126,12282.0,6391.0,551.52,NVIDIA GeForce RTX 4070,[N/A],Enabled,Enabled
1709237950.505684,0,GPU-93ae0c7f-c327-aee3-adae-bc0d1dae71ea,0.4,0.4575801986647126,12282.0,6391.0,551.52,NVIDIA GeForce RTX 4070,[N/A],Enabled,Enabled
1709237951.505349,0,GPU-93ae0c7f-c327-aee3-adae-bc0d1dae71ea,0.45,0.4575801986647126,12282.0,6391.0,551.52,NVIDIA GeForce RTX 4070,[N/A],Enabled,Enabled
1709237952.505021,0,GPU-93ae0c7f-c327-aee3-adae-bc0d1dae71ea,0.39,0.4575801986647126,12282.0,6391.0,551.52,NVIDIA GeForce RTX 4070,[N/A],Enabled,Enabled
1709237953.5056,0,GPU-93ae0c7f-c327-aee3-adae-bc0d1dae71ea,0.36,0.4575801986647126,12282.0,6391.0,551.52,NVIDIA GeForce RTX 4070,[N/A],Enabled,Enabled
1709237954.505175,0,GPU-93ae0c7f-c327-aee3-adae-bc0d1dae71ea,0.44,0.4575801986647126,12282.0,6391.0,551.52,NVIDIA GeForce RTX 4070,[N/A],Enabled,Enabled
1709237955.505438,0,GPU-93ae0c7f-c327-aee3-adae-bc0d1dae71ea,0.39,0.4575801986647126,12282.0,6391.0,551.52,NVIDIA GeForce RTX 4070,[N/A],Enabled,Enabled
1709237956.505076,0,GPU-93ae0c7f-c327-aee3-adae-bc0d1dae71ea,0.41,0.4575801986647126,12282.0,6391.0,551.52,NVIDIA GeForce RTX 4070,[N/A],Enabled,Enabled
1709237957.504869,0,GPU-93ae0c7f-c327-aee3-adae-bc0d1dae71ea,0.4,0.4575801986647126,12282.0,6391.0,551.52,NVIDIA GeForce RTX 4070,[N/A],Enabled,Enabled
1709237958.505263,0,GPU-93ae0c7f-c327-aee3-adae-bc0d1dae71ea,0.32,0.4575801986647126,12282.0,6391.0,551.52,NVIDIA GeForce RTX 4070,[N/A],Enabled,Enabled
1709237959.505252,0,GPU-93ae0c7f-c327-aee3-adae-bc0d1dae71ea,0.46,0.4575801986647126,12282.0,6391.0,551.52,NVIDIA GeForce RTX 4070,[N/A],Enabled,Enabled
1709237960.505282,0,GPU-93ae0c7f-c327-aee3-adae-bc0d1dae71ea,0.49,0.4575801986647126,12282.0,6391.0,551.52,NVIDIA GeForce RTX 4070,[N/A],Enabled,Enabled
1709237961.50566,0,GPU-93ae0c7f-c327-aee3-adae-bc0d1dae71ea,0.41,0.4575801986647126,12282.0,6391.0,551.52,NVIDIA GeForce RTX 4070,[N/A],Enabled,Enabled
1709237962.505037,0,GPU-93ae0c7f-c327-aee3-adae-bc0d1dae71ea,0.41,0.4575801986647126,12282.0,6391.0,551.52,NVIDIA GeForce RTX 4070,[N/A],Enabled,Enabled
1709237963.505347,0,GPU-93ae0c7f-c327-aee3-adae-bc0d1dae71ea,0.38,0.4575801986647126,12282.0,6391.0,551.52,NVIDIA GeForce RTX 4070,[N/A],Enabled,Enabled
1709237964.504582,0,GPU-93ae0c7f-c327-aee3-adae-bc0d1dae71ea,0.4,0.4575801986647126,12282.0,6391.0,551.52,NVIDIA GeForce RTX 4070,[N/A],Enabled,Enabled
1709237965.505332,0,GPU-93ae0c7f-c327-aee3-adae-bc0d1dae71ea,0.4,0.4575801986647126,12282.0,6391.0,551.52,NVIDIA GeForce RTX 4070,[N/A],Enabled,Enabled
1709237966.504787,0,GPU-93ae0c7f-c327-aee3-adae-bc0d1dae71ea,0.46,0.4575801986647126,12282.0,6391.0,551.52,NVIDIA GeForce RTX 4070,[N/A],Enabled,Enabled
1709237967.50494,0,GPU-93ae0c7f-c327-aee3-adae-bc0d1dae71ea,0.46,0.4575801986647126,12282.0,6391.0,551.52,NVIDIA GeForce RTX 4070,[N/A],Enabled,Enabled
1709237968.504963,0,GPU-93ae0c7f-c327-aee3-adae-bc0d1dae71ea,0.42,0.4575801986647126,12282.0,6391.0,551.52,NVIDIA GeForce RTX 4070,[N/A],Enabled,Enabled
1709237969.505614,0,GPU-93ae0c7f-c327-aee3-adae-bc0d1dae71ea,0.4,0.4575801986647126,12282.0,6391.0,551.52,NVIDIA GeForce RTX 4070,[N/A],Enabled,Enabled
1709237970.505471,0,GPU-93ae0c7f-c327-aee3-adae-bc0d1dae71ea,0.4,0.4575801986647126,12282.0,6391.0,551.52,NVIDIA GeForce RTX 4070,[N/A],Enabled,Enabled
1709237971.505468,0,GPU-93ae0c7f-c327-aee3-adae-bc0d1dae71ea,0.47,0.4575801986647126,12282.0,6391.0,551.52,NVIDIA GeForce RTX 4070,[N/A],Enabled,Enabled
1709237972.506188,0,GPU-93ae0c7f-c327-aee3-adae-bc0d1dae71ea,0.44,0.4575801986647126,12282.0,6391.0,551.52,NVIDIA GeForce RTX 4070,[N/A],Enabled,Enabled
1709237973.505191,0,GPU-93ae0c7f-c327-aee3-adae-bc0d1dae71ea,0.37,0.4575801986647126,12282.0,6391.0,551.52,NVIDIA GeForce RTX 4070,[N/A],Enabled,Enabled
1709237974.50534,0,GPU-93ae0c7f-c327-aee3-adae-bc0d1dae71ea,0.41,0.4575801986647126,12282.0,6391.0,551.52,NVIDIA GeForce RTX 4070,[N/A],Enabled,Enabled
1709237975.505117,0,GPU-93ae0c7f-c327-aee3-adae-bc0d1dae71ea,0.4,0.4575801986647126,12282.0,6391.0,551.52,NVIDIA GeForce RTX 4070,[N/A],Enabled,Enabled
1709237976.505103,0,GPU-93ae0c7f-c327-aee3-adae-bc0d1dae71ea,0.43,0.4575801986647126,12282.0,6391.0,551.52,NVIDIA GeForce RTX 4070,[N/A],Enabled,Enabled
1709237977.506159,0,GPU-93ae0c7f-c327-aee3-adae-bc0d1dae71ea,0.43,0.4575801986647126,12282.0,6391.0,551.52,NVIDIA GeForce RTX 4070,[N/A],Enabled,Enabled
1709237978.50599,0,GPU-93ae0c7f-c327-aee3-adae-bc0d1dae71ea,0.42,0.4575801986647126,12282.0,6391.0,551.52,NVIDIA GeForce RTX 4070,[N/A],Enabled,Enabled
1709237979.505126,0,GPU-93ae0c7f-c327-aee3-adae-bc0d1dae71ea,0.37,0.4575801986647126,12282.0,6391.0,551.52,NVIDIA GeForce RTX 4070,[N/A],Enabled,Enabled
1709237980.505061,0,GPU-93ae0c7f-c327-aee3-adae-bc0d1dae71ea,0.4,0.4575801986647126,12282.0,6391.0,551.52,NVIDIA GeForce RTX 4070,[N/A],Enabled,Enabled
1709237981.505163,0,GPU-93ae0c7f-c327-aee3-adae-bc0d1dae71ea,0.51,0.4575801986647126,12282.0,6391.0,551.52,NVIDIA GeForce RTX 4070,[N/A],Enabled,Enabled
1709237982.504879,0,GPU-93ae0c7f-c327-aee3-adae-bc0d1dae71ea,0.39,0.4575801986647126,12282.0,6391.0,551.52,NVIDIA GeForce RTX 4070,[N/A],Enabled,Enabled
1709237983.505334,0,GPU-93ae0c7f-c327-aee3-adae-bc0d1dae71ea,0.44,0.4575801986647126,12282.0,6391.0,551.52,NVIDIA GeForce RTX 4070,[N/A],Enabled,Enabled
1709237984.505266,0,GPU-93ae0c7f-c327-aee3-adae-bc0d1dae71ea,0.42,0.4575801986647126,12282.0,6391.0,551.52,NVIDIA GeForce RTX 4070,[N/A],Enabled,Enabled
1709237985.505319,0,GPU-93ae0c7f-c327-aee3-adae-bc0d1dae71ea,0.42,0.4575801986647126,12282.0,6391.0,551.52,NVIDIA GeForce RTX 4070,[N/A],Enabled,Enabled
1709237986.505298,0,GPU-93ae0c7f-c327-aee3-adae-bc0d1dae71ea,0.46,0.4575801986647126,12282.0,6391.0,551.52,NVIDIA GeForce RTX 4070,[N/A],Enabled,Enabled
1709237987.505285,0,GPU-93ae0c7f-c327-aee3-adae-bc0d1dae71ea,0.41,0.4575801986647126,12282.0,6391.0,551.52,NVIDIA GeForce RTX 4070,[N/A],Enabled,Enabled
1709237988.50504,0,GPU-93ae0c7f-c327-aee3-adae-bc0d1dae71ea,0.41,0.4575801986647126,12282.0,6391.0,551.52,NVIDIA GeForce RTX 4070,[N/A],Enabled,Enabled
1709237989.505409,0,GPU-93ae0c7f-c327-aee3-adae-bc0d1dae71ea,0.43,0.4575801986647126,12282.0,6391.0,551.52,NVIDIA GeForce RTX 4070,[N/A],Enabled,Enabled
1709237990.505698,0,GPU-93ae0c7f-c327-aee3-adae-bc0d1dae71ea,0.39,0.4575801986647126,12282.0,6391.0,551.52,NVIDIA GeForce RTX 4070,[N/A],Enabled,Enabled
1709237991.505185,0,GPU-93ae0c7f-c327-aee3-adae-bc0d1dae71ea,0.41,0.4575801986647126,12282.0,6391.0,551.52,NVIDIA GeForce RTX 4070,[N/A],Enabled,Enabled
1709237992.504991,0,GPU-93ae0c7f-c327-aee3-adae-bc0d1dae71ea,0.43,0.4575801986647126,12282.0,6391.0,551.52,NVIDIA GeForce RTX 4070,[N/A],Enabled,Enabled
1709237993.504847,0,GPU-93ae0c7f-c327-aee3-adae-bc0d1dae71ea,0.4,0.4575801986647126,12282.0,6391.0,551.52,NVIDIA GeForce RTX 4070,[N/A],Enabled,Enabled
1709237994.50513,0,GPU-93ae0c7f-c327-aee3-adae-bc0d1dae71ea,0.39,0.4575801986647126,12282.0,6391.0,551.52,NVIDIA GeForce RTX 4070,[N/A],Enabled,Enabled
1709237995.505061,0,GPU-93ae0c7f-c327-aee3-adae-bc0d1dae71ea,0.38,0.4575801986647126,12282.0,6391.0,551.52,NVIDIA GeForce RTX 4070,[N/A],Enabled,Enabled
1709237996.504984,0,GPU-93ae0c7f-c327-aee3-adae-bc0d1dae71ea,0.39,0.4575801986647126,12282.0,6391.0,551.52,NVIDIA GeForce RTX 4070,[N/A],Enabled,Enabled
1709237997.506037,0,GPU-93ae0c7f-c327-aee3-adae-bc0d1dae71ea,0.38,0.4575801986647126,12282.0,6391.0,551.52,NVIDIA GeForce RTX 4070,[N/A],Enabled,Enabled
1709237998.505211,0,GPU-93ae0c7f-c327-aee3-adae-bc0d1dae71ea,0.38,0.4575801986647126,12282.0,6391.0,551.52,NVIDIA GeForce RTX 4070,[N/A],Enabled,Enabled
1709237999.505016,0,GPU-93ae0c7f-c327-aee3-adae-bc0d1dae71ea,0.4,0.4575801986647126,12282.0,6391.0,551.52,NVIDIA GeForce RTX 4070,[N/A],Enabled,Enabled
1709238000.505381,0,GPU-93ae0c7f-c327-aee3-adae-bc0d1dae71ea,0.38,0.4575801986647126,12282.0,6391.0,551.52,NVIDIA GeForce RTX 4070,[N/A],Enabled,Enabled
1709238001.505772,0,GPU-93ae0c7f-c327-aee3-adae-bc0d1dae71ea,0.36,0.4575801986647126,12282.0,6391.0,551.52,NVIDIA GeForce RTX 4070,[N/A],Enabled,Enabled
1709238002.505394,0,GPU-93ae0c7f-c327-aee3-adae-bc0d1dae71ea,0.39,0.4575801986647126,12282.0,6391.0,551.52,NVIDIA GeForce RTX 4070,[N/A],Enabled,Enabled
1709238003.505054,0,GPU-93ae0c7f-c327-aee3-adae-bc0d1dae71ea,0.41,0.4575801986647126,12282.0,6391.0,551.52,NVIDIA GeForce RTX 4070,[N/A],Enabled,Enabled
1709238004.50484,0,GPU-93ae0c7f-c327-aee3-adae-bc0d1dae71ea,0.42,0.4575801986647126,12282.0,6391.0,551.52,NVIDIA GeForce RTX 4070,[N/A],Enabled,Enabled
1709238005.505602,0,GPU-93ae0c7f-c327-aee3-adae-bc0d1dae71ea,0.38,0.4575801986647126,12282.0,6391.0,551.52,NVIDIA GeForce RTX 4070,[N/A],Enabled,Enabled
1709238006.50503,0,GPU-93ae0c7f-c327-aee3-adae-bc0d1dae71ea,0.39,0.4575801986647126,12282.0,6391.0,551.52,NVIDIA GeForce RTX 4070,[N/A],Enabled,Enabled
1709238007.50514,0,GPU-93ae0c7f-c327-aee3-adae-bc0d1dae71ea,0.41,0.4575801986647126,12282.0,6391.0,551.52,NVIDIA GeForce RTX 4070,[N/A],Enabled,Enabled
1709238008.505253,0,GPU-93ae0c7f-c327-aee3-adae-bc0d1dae71ea,0.42,0.4575801986647126,12282.0,6391.0,551.52,NVIDIA GeForce RTX 4070,[N/A],Enabled,Enabled
1709238009.505346,0,GPU-93ae0c7f-c327-aee3-adae-bc0d1dae71ea,0.43,0.4575801986647126,12282.0,6391.0,551.52,NVIDIA GeForce RTX 4070,[N/A],Enabled,Enabled
1709238010.505582,0,GPU-93ae0c7f-c327-aee3-adae-bc0d1dae71ea,0.41,0.4575801986647126,12282.0,6391.0,551.52,NVIDIA GeForce RTX 4070,[N/A],Enabled,Enabled
1709238011.505025,0,GPU-93ae0c7f-c327-aee3-adae-bc0d1dae71ea,0.39,0.4575801986647126,12282.0,6391.0,551.52,NVIDIA GeForce RTX 4070,[N/A],Enabled,Enabled
1709238012.505237,0,GPU-93ae0c7f-c327-aee3-adae-bc0d1dae71ea,0.4,0.4575801986647126,12282.0,6391.0,551.52,NVIDIA GeForce RTX 4070,[N/A],Enabled,Enabled
1709238013.504577,0,GPU-93ae0c7f-c327-aee3-adae-bc0d1dae71ea,0.45,0.4575801986647126,12282.0,6391.0,551.52,NVIDIA GeForce RTX 4070,[N/A],Enabled,Enabled
1709238014.50559,0,GPU-93ae0c7f-c327-aee3-adae-bc0d1dae71ea,0.52,0.4575801986647126,12282.0,6391.0,551.52,NVIDIA GeForce RTX 4070,[N/A],Enabled,Enabled
1709238015.504551,0,GPU-93ae0c7f-c327-aee3-adae-bc0d1dae71ea,0.44,0.4575801986647126,12282.0,6391.0,551.52,NVIDIA GeForce RTX 4070,[N/A],Enabled,Enabled
1709238016.505931,0,GPU-93ae0c7f-c327-aee3-adae-bc0d1dae71ea,0.45,0.4575801986647126,12282.0,6391.0,551.52,NVIDIA GeForce RTX 4070,[N/A],Enabled,Enabled
1709238017.505217,0,GPU-93ae0c7f-c327-aee3-adae-bc0d1dae71ea,0.38,0.4575801986647126,12282.0,6391.0,551.52,NVIDIA GeForce RTX 4070,[N/A],Enabled,Enabled
1709238018.505192,0,GPU-93ae0c7f-c327-aee3-adae-bc0d1dae71ea,0.41,0.4575801986647126,12282.0,6391.0,551.52,NVIDIA GeForce RTX 4070,[N/A],Enabled,Enabled
1709238019.504996,0,GPU-93ae0c7f-c327-aee3-adae-bc0d1dae71ea,0.5,0.4575801986647126,12282.0,6391.0,551.52,NVIDIA GeForce RTX 4070,[N/A],Enabled,Enabled
1709238020.505028,0,GPU-93ae0c7f-c327-aee3-adae-bc0d1dae71ea,0.47,0.4575801986647126,12282.0,6391.0,551.52,NVIDIA GeForce RTX 4070,[N/A],Enabled,Enabled
1709238021.505301,0,GPU-93ae0c7f-c327-aee3-adae-bc0d1dae71ea,0.38,0.4575801986647126,12282.0,6391.0,551.52,NVIDIA GeForce RTX 4070,[N/A],Enabled,Enabled
1709238022.504941,0,GPU-93ae0c7f-c327-aee3-adae-bc0d1dae71ea,0.39,0.4575801986647126,12282.0,6391.0,551.52,NVIDIA GeForce RTX 4070,[N/A],Enabled,Enabled
1709238023.505074,0,GPU-93ae0c7f-c327-aee3-adae-bc0d1dae71ea,0.41,0.4575801986647126,12282.0,6391.0,551.52,NVIDIA GeForce RTX 4070,[N/A],Enabled,Enabled
1709238024.505168,0,GPU-93ae0c7f-c327-aee3-adae-bc0d1dae71ea,0.44,0.4575801986647126,12282.0,6391.0,551.52,NVIDIA GeForce RTX 4070,[N/A],Enabled,Enabled
1709238025.505218,0,GPU-93ae0c7f-c327-aee3-adae-bc0d1dae71ea,0.45,0.4575801986647126,12282.0,6391.0,551.52,NVIDIA GeForce RTX 4070,[N/A],Enabled,Enabled
1709238026.505047,0,GPU-93ae0c7f-c327-aee3-adae-bc0d1dae71ea,0.43,0.4575801986647126,12282.0,6391.0,551.52,NVIDIA GeForce RTX 4070,[N/A],Enabled,Enabled
1709238027.504905,0,GPU-93ae0c7f-c327-aee3-adae-bc0d1dae71ea,0.38,0.4575801986647126,12282.0,6391.0,551.52,NVIDIA GeForce RTX 4070,[N/A],Enabled,Enabled
1709238028.50524,0,GPU-93ae0c7f-c327-aee3-adae-bc0d1dae71ea,0.41,0.4575801986647126,12282.0,6391.0,551.52,NVIDIA GeForce RTX 4070,[N/A],Enabled,Enabled
1709238029.50446,0,GPU-93ae0c7f-c327-aee3-adae-bc0d1dae71ea,0.51,0.4575801986647126,12282.0,6391.0,551.52,NVIDIA GeForce RTX 4070,[N/A],Enabled,Enabled
1709238030.505784,0,GPU-93ae0c7f-c327-aee3-adae-bc0d1dae71ea,0.4,0.4575801986647126,12282.0,6391.0,551.52,NVIDIA GeForce RTX 4070,[N/A],Enabled,Enabled
1709238031.505191,0,GPU-93ae0c7f-c327-aee3-adae-bc0d1dae71ea,0.47,0.4575801986647126,12282.0,6391.0,551.52,NVIDIA GeForce RTX 4070,[N/A],Enabled,Enabled
1709238032.506182,0,GPU-93ae0c7f-c327-aee3-adae-bc0d1dae71ea,0.44,0.4575801986647126,12282.0,6391.0,551.52,NVIDIA GeForce RTX 4070,[N/A],Enabled,Enabled
1709238033.505465,0,GPU-93ae0c7f-c327-aee3-adae-bc0d1dae71ea,0.4,0.4575801986647126,12282.0,6391.0,551.52,NVIDIA GeForce RTX 4070,[N/A],Enabled,Enabled
1709238034.504741,0,GPU-93ae0c7f-c327-aee3-adae-bc0d1dae71ea,0.47,0.4575801986647126,12282.0,6391.0,551.52,NVIDIA GeForce RTX 4070,[N/A],Enabled,Enabled
1709238035.505099,0,GPU-93ae0c7f-c327-aee3-adae-bc0d1dae71ea,0.41,0.4575801986647126,12282.0,6391.0,551.52,NVIDIA GeForce RTX 4070,[N/A],Enabled,Enabled
1709238036.505164,0,GPU-93ae0c7f-c327-aee3-adae-bc0d1dae71ea,0.39,0.4575801986647126,12282.0,6391.0,551.52,NVIDIA GeForce RTX 4070,[N/A],Enabled,Enabled
1709238037.505507,0,GPU-93ae0c7f-c327-aee3-adae-bc0d1dae71ea,0.41,0.4575801986647126,12282.0,6391.0,551.52,NVIDIA GeForce RTX 4070,[N/A],Enabled,Enabled
1709238038.504707,0,GPU-93ae0c7f-c327-aee3-adae-bc0d1dae71ea,0.45,0.4575801986647126,12282.0,6391.0,551.52,NVIDIA GeForce RTX 4070,[N/A],Enabled,Enabled
1709238039.505817,0,GPU-93ae0c7f-c327-aee3-adae-bc0d1dae71ea,0.43,0.4575801986647126,12282.0,6391.0,551.52,NVIDIA GeForce RTX 4070,[N/A],Enabled,Enabled
1709238040.505708,0,GPU-93ae0c7f-c327-aee3-adae-bc0d1dae71ea,0.44,0.4575801986647126,12282.0,6391.0,551.52,NVIDIA GeForce RTX 4070,[N/A],Enabled,Enabled
1709238041.504995,0,GPU-93ae0c7f-c327-aee3-adae-bc0d1dae71ea,0.44,0.4575801986647126,12282.0,6391.0,551.52,NVIDIA GeForce RTX 4070,[N/A],Enabled,Enabled
1709238042.506431,0,GPU-93ae0c7f-c327-aee3-adae-bc0d1dae71ea,0.42,0.4575801986647126,12282.0,6391.0,551.52,NVIDIA GeForce RTX 4070,[N/A],Enabled,Enabled
1709238043.505102,0,GPU-93ae0c7f-c327-aee3-adae-bc0d1dae71ea,0.36,0.4575801986647126,12282.0,6391.0,551.52,NVIDIA GeForce RTX 4070,[N/A],Enabled,Enabled
1709238044.504878,0,GPU-93ae0c7f-c327-aee3-adae-bc0d1dae71ea,0.3,0.45440482006187916,12282.0,6430.0,551.52,NVIDIA GeForce RTX 4070,[N/A],Enabled,Enabled
1709238045.505232,0,GPU-93ae0c7f-c327-aee3-adae-bc0d1dae71ea,0.32,0.45440482006187916,12282.0,6430.0,551.52,NVIDIA GeForce RTX 4070,[N/A],Enabled,Enabled
1709238046.505506,0,GPU-93ae0c7f-c327-aee3-adae-bc0d1dae71ea,0.3,0.45440482006187916,12282.0,6430.0,551.52,NVIDIA GeForce RTX 4070,[N/A],Enabled,Enabled
1709238047.505126,0,GPU-93ae0c7f-c327-aee3-adae-bc0d1dae71ea,0.28,0.4497638821038919,12282.0,6487.0,551.52,NVIDIA GeForce RTX 4070,[N/A],Enabled,Enabled
1709238048.504626,0,GPU-93ae0c7f-c327-aee3-adae-bc0d1dae71ea,0.31,0.45440482006187916,12282.0,6430.0,551.52,NVIDIA GeForce RTX 4070,[N/A],Enabled,Enabled
1709238049.504638,0,GPU-93ae0c7f-c327-aee3-adae-bc0d1dae71ea,0.27,0.4497638821038919,12282.0,6487.0,551.52,NVIDIA GeForce RTX 4070,[N/A],Enabled,Enabled
1709238050.504958,0,GPU-93ae0c7f-c327-aee3-adae-bc0d1dae71ea,0.29,0.4497638821038919,12282.0,6487.0,551.52,NVIDIA GeForce RTX 4070,[N/A],Enabled,Enabled
1709238051.505626,0,GPU-93ae0c7f-c327-aee3-adae-bc0d1dae71ea,0.27,0.4497638821038919,12282.0,6487.0,551.52,NVIDIA GeForce RTX 4070,[N/A],Enabled,Enabled
1709238052.504859,0,GPU-93ae0c7f-c327-aee3-adae-bc0d1dae71ea,0.27,0.4497638821038919,12282.0,6487.0,551.52,NVIDIA GeForce RTX 4070,[N/A],Enabled,Enabled
1709238053.50515,0,GPU-93ae0c7f-c327-aee3-adae-bc0d1dae71ea,0.26,0.4497638821038919,12282.0,6487.0,551.52,NVIDIA GeForce RTX 4070,[N/A],Enabled,Enabled
1709238054.50511,0,GPU-93ae0c7f-c327-aee3-adae-bc0d1dae71ea,0.27,0.4497638821038919,12282.0,6487.0,551.52,NVIDIA GeForce RTX 4070,[N/A],Enabled,Enabled
1709238055.505137,0,GPU-93ae0c7f-c327-aee3-adae-bc0d1dae71ea,0.28,0.4497638821038919,12282.0,6487.0,551.52,NVIDIA GeForce RTX 4070,[N/A],Enabled,Enabled
1709238056.505177,0,GPU-93ae0c7f-c327-aee3-adae-bc0d1dae71ea,0.27,0.4497638821038919,12282.0,6487.0,551.52,NVIDIA GeForce RTX 4070,[N/A],Enabled,Enabled
1709238057.505497,0,GPU-93ae0c7f-c327-aee3-adae-bc0d1dae71ea,0.26,0.4497638821038919,12282.0,6487.0,551.52,NVIDIA GeForce RTX 4070,[N/A],Enabled,Enabled
1709238058.505727,0,GPU-93ae0c7f-c327-aee3-adae-bc0d1dae71ea,0.27,0.4497638821038919,12282.0,6487.0,551.52,NVIDIA GeForce RTX 4070,[N/A],Enabled,Enabled
1709238059.50552,0,GPU-93ae0c7f-c327-aee3-adae-bc0d1dae71ea,0.28,0.4497638821038919,12282.0,6487.0,551.52,NVIDIA GeForce RTX 4070,[N/A],Enabled,Enabled
1709238060.50502,0,GPU-93ae0c7f-c327-aee3-adae-bc0d1dae71ea,0.29,0.4497638821038919,12282.0,6487.0,551.52,NVIDIA GeForce RTX 4070,[N/A],Enabled,Enabled
1709238061.504838,0,GPU-93ae0c7f-c327-aee3-adae-bc0d1dae71ea,0.27,0.4497638821038919,12282.0,6487.0,551.52,NVIDIA GeForce RTX 4070,[N/A],Enabled,Enabled
1709238062.505592,0,GPU-93ae0c7f-c327-aee3-adae-bc0d1dae71ea,0.27,0.4497638821038919,12282.0,6487.0,551.52,NVIDIA GeForce RTX 4070,[N/A],Enabled,Enabled
1709238063.505832,0,GPU-93ae0c7f-c327-aee3-adae-bc0d1dae71ea,0.26,0.4497638821038919,12282.0,6487.0,551.52,NVIDIA GeForce RTX 4070,[N/A],Enabled,Enabled
1709238064.506002,0,GPU-93ae0c7f-c327-aee3-adae-bc0d1dae71ea,0.28,0.4497638821038919,12282.0,6487.0,551.52,NVIDIA GeForce RTX 4070,[N/A],Enabled,Enabled
1709238065.50503,0,GPU-93ae0c7f-c327-aee3-adae-bc0d1dae71ea,0.28,0.4497638821038919,12282.0,6487.0,551.52,NVIDIA GeForce RTX 4070,[N/A],Enabled,Enabled
1709238066.504957,0,GPU-93ae0c7f-c327-aee3-adae-bc0d1dae71ea,0.28,0.4497638821038919,12282.0,6487.0,551.52,NVIDIA GeForce RTX 4070,[N/A],Enabled,Enabled
1709238067.50528,0,GPU-93ae0c7f-c327-aee3-adae-bc0d1dae71ea,0.26,0.4497638821038919,12282.0,6487.0,551.52,NVIDIA GeForce RTX 4070,[N/A],Enabled,Enabled
1709238068.505349,0,GPU-93ae0c7f-c327-aee3-adae-bc0d1dae71ea,0.11,0.25232046897899363,12282.0,8912.0,551.52,NVIDIA GeForce RTX 4070,[N/A],Enabled,Enabled
1709238069.505265,0,GPU-93ae0c7f-c327-aee3-adae-bc0d1dae71ea,0.15,0.25232046897899363,12282.0,8912.0,551.52,NVIDIA GeForce RTX 4070,[N/A],Enabled,Enabled
1709238070.505378,0,GPU-93ae0c7f-c327-aee3-adae-bc0d1dae71ea,0.13,0.25232046897899363,12282.0,8912.0,551.52,NVIDIA GeForce RTX 4070,[N/A],Enabled,Enabled
