timestamp,id,uuid,load,memoryUtil,memoryTotal,memoryUsed,memoryFree,driver,name,serial,display_mode,display_active
1701813817.171383,0,GPU-93ae0c7f-c327-aee3-adae-bc0d1dae71ea,0.13,0.38251099169516367,12282.0,7327.0,546.29,NVIDIA GeForce RTX 4070,[N/A],Enabled,Enabled
1701813818.167622,0,GPU-93ae0c7f-c327-aee3-adae-bc0d1dae71ea,0.09,0.36337730011398794,12282.0,7562.0,546.29,NVIDIA GeForce RTX 4070,[N/A],Enabled,Enabled
1701813819.167219,0,GPU-93ae0c7f-c327-aee3-adae-bc0d1dae71ea,0.09,0.3620745806871845,12282.0,7578.0,546.29,NVIDIA GeForce RTX 4070,[N/A],Enabled,Enabled
1701813820.167815,0,GPU-93ae0c7f-c327-aee3-adae-bc0d1dae71ea,0.09,0.29107637192639635,12282.0,8450.0,546.29,NVIDIA GeForce RTX 4070,[N/A],Enabled,Enabled
1701813821.167548,0,GPU-93ae0c7f-c327-aee3-adae-bc0d1dae71ea,0.1,0.4541605601693535,12282.0,6447.0,546.29,NVIDIA GeForce RTX 4070,[N/A],Enabled,Enabled
1701813822.16693,0,GPU-93ae0c7f-c327-aee3-adae-bc0d1dae71ea,0.29,0.47736524995929003,12282.0,6162.0,546.29,NVIDIA GeForce RTX 4070,[N/A],Enabled,Enabled
1701813823.167018,0,GPU-93ae0c7f-c327-aee3-adae-bc0d1dae71ea,0.28,0.4771209900667644,12282.0,6165.0,546.29,NVIDIA GeForce RTX 4070,[N/A],Enabled,Enabled
1701813824.166816,0,GPU-93ae0c7f-c327-aee3-adae-bc0d1dae71ea,0.26,0.47288715192965314,12282.0,6217.0,546.29,NVIDIA GeForce RTX 4070,[N/A],Enabled,Enabled
1701813825.166753,0,GPU-93ae0c7f-c327-aee3-adae-bc0d1dae71ea,0.3,0.4761439504966618,12282.0,6177.0,546.29,NVIDIA GeForce RTX 4070,[N/A],Enabled,Enabled
1701813826.166576,0,GPU-93ae0c7f-c327-aee3-adae-bc0d1dae71ea,0.1,0.5775118058948054,12282.0,4932.0,546.29,NVIDIA GeForce RTX 4070,[N/A],Enabled,Enabled
1701813827.167154,0,GPU-93ae0c7f-c327-aee3-adae-bc0d1dae71ea,0.29,0.4783422895293926,12282.0,6150.0,546.29,NVIDIA GeForce RTX 4070,[N/A],Enabled,Enabled
1701813828.167479,0,GPU-93ae0c7f-c327-aee3-adae-bc0d1dae71ea,0.31,0.4783422895293926,12282.0,6150.0,546.29,NVIDIA GeForce RTX 4070,[N/A],Enabled,Enabled
1701813829.167212,0,GPU-93ae0c7f-c327-aee3-adae-bc0d1dae71ea,0.28,0.47337567171470446,12282.0,6211.0,546.29,NVIDIA GeForce RTX 4070,[N/A],Enabled,Enabled
1701813830.167431,0,GPU-93ae0c7f-c327-aee3-adae-bc0d1dae71ea,0.29,0.47760950985181566,12282.0,6159.0,546.29,NVIDIA GeForce RTX 4070,[N/A],Enabled,Enabled
1701813831.166968,0,GPU-93ae0c7f-c327-aee3-adae-bc0d1dae71ea,0.31,0.47752808988764045,12282.0,6160.0,546.29,NVIDIA GeForce RTX 4070,[N/A],Enabled,Enabled
1701813832.167689,0,GPU-93ae0c7f-c327-aee3-adae-bc0d1dae71ea,0.33,0.47736524995929003,12282.0,6162.0,546.29,NVIDIA GeForce RTX 4070,[N/A],Enabled,Enabled
1701813833.166856,0,GPU-93ae0c7f-c327-aee3-adae-bc0d1dae71ea,0.32,0.47744666992346524,12282.0,6161.0,546.29,NVIDIA GeForce RTX 4070,[N/A],Enabled,Enabled
1701813834.167026,0,GPU-93ae0c7f-c327-aee3-adae-bc0d1dae71ea,0.29,0.4737827715355805,12282.0,6206.0,546.29,NVIDIA GeForce RTX 4070,[N/A],Enabled,Enabled
1701813835.1675,0,GPU-93ae0c7f-c327-aee3-adae-bc0d1dae71ea,0.28,0.4737827715355805,12282.0,6206.0,546.29,NVIDIA GeForce RTX 4070,[N/A],Enabled,Enabled
1701813836.166662,0,GPU-93ae0c7f-c327-aee3-adae-bc0d1dae71ea,0.28,0.4737013515714053,12282.0,6207.0,546.29,NVIDIA GeForce RTX 4070,[N/A],Enabled,Enabled
1701813837.166883,0,GPU-93ae0c7f-c327-aee3-adae-bc0d1dae71ea,0.28,0.4737013515714053,12282.0,6207.0,546.29,NVIDIA GeForce RTX 4070,[N/A],Enabled,Enabled
1701813838.16668,0,GPU-93ae0c7f-c327-aee3-adae-bc0d1dae71ea,0.28,0.4737827715355805,12282.0,6206.0,546.29,NVIDIA GeForce RTX 4070,[N/A],Enabled,Enabled
1701813839.167022,0,GPU-93ae0c7f-c327-aee3-adae-bc0d1dae71ea,0.29,0.478098029636867,12282.0,6153.0,546.29,NVIDIA GeForce RTX 4070,[N/A],Enabled,Enabled
1701813840.167053,0,GPU-93ae0c7f-c327-aee3-adae-bc0d1dae71ea,0.12,0.48184334798892686,12282.0,6107.0,546.29,NVIDIA GeForce RTX 4070,[N/A],Enabled,Enabled
1701813841.167449,0,GPU-93ae0c7f-c327-aee3-adae-bc0d1dae71ea,0.36,0.4814362481680508,12282.0,6112.0,546.29,NVIDIA GeForce RTX 4070,[N/A],Enabled,Enabled
1701813842.167106,0,GPU-93ae0c7f-c327-aee3-adae-bc0d1dae71ea,0.39,0.48184334798892686,12282.0,6107.0,546.29,NVIDIA GeForce RTX 4070,[N/A],Enabled,Enabled
1701813843.168255,0,GPU-93ae0c7f-c327-aee3-adae-bc0d1dae71ea,0.44,0.4814362481680508,12282.0,6112.0,546.29,NVIDIA GeForce RTX 4070,[N/A],Enabled,Enabled
1701813844.167163,0,GPU-93ae0c7f-c327-aee3-adae-bc0d1dae71ea,0.4,0.4814362481680508,12282.0,6112.0,546.29,NVIDIA GeForce RTX 4070,[N/A],Enabled,Enabled
1701813845.167604,0,GPU-93ae0c7f-c327-aee3-adae-bc0d1dae71ea,0.42,0.4814362481680508,12282.0,6112.0,546.29,NVIDIA GeForce RTX 4070,[N/A],Enabled,Enabled
1701813846.166896,0,GPU-93ae0c7f-c327-aee3-adae-bc0d1dae71ea,0.39,0.48102914834717475,12282.0,6117.0,546.29,NVIDIA GeForce RTX 4070,[N/A],Enabled,Enabled
1701813847.167896,0,GPU-93ae0c7f-c327-aee3-adae-bc0d1dae71ea,0.44,0.48102914834717475,12282.0,6117.0,546.29,NVIDIA GeForce RTX 4070,[N/A],Enabled,Enabled
1701813848.16767,0,GPU-93ae0c7f-c327-aee3-adae-bc0d1dae71ea,0.41,0.482250447809803,12282.0,6102.0,546.29,NVIDIA GeForce RTX 4070,[N/A],Enabled,Enabled
1701813849.166657,0,GPU-93ae0c7f-c327-aee3-adae-bc0d1dae71ea,0.41,0.482250447809803,12282.0,6102.0,546.29,NVIDIA GeForce RTX 4070,[N/A],Enabled,Enabled
1701813850.167209,0,GPU-93ae0c7f-c327-aee3-adae-bc0d1dae71ea,0.41,0.482250447809803,12282.0,6102.0,546.29,NVIDIA GeForce RTX 4070,[N/A],Enabled,Enabled
1701813851.167,0,GPU-93ae0c7f-c327-aee3-adae-bc0d1dae71ea,0.45,0.482250447809803,12282.0,6102.0,546.29,NVIDIA GeForce RTX 4070,[N/A],Enabled,Enabled
1701813852.167545,0,GPU-93ae0c7f-c327-aee3-adae-bc0d1dae71ea,0.42,0.48216902784562776,12282.0,6103.0,546.29,NVIDIA GeForce RTX 4070,[N/A],Enabled,Enabled
1701813853.167434,0,GPU-93ae0c7f-c327-aee3-adae-bc0d1dae71ea,0.4,0.48216902784562776,12282.0,6103.0,546.29,NVIDIA GeForce RTX 4070,[N/A],Enabled,Enabled
1701813854.166859,0,GPU-93ae0c7f-c327-aee3-adae-bc0d1dae71ea,0.43,0.48168050806057644,12282.0,6109.0,546.29,NVIDIA GeForce RTX 4070,[N/A],Enabled,Enabled
1701813855.166931,0,GPU-93ae0c7f-c327-aee3-adae-bc0d1dae71ea,0.43,0.48168050806057644,12282.0,6109.0,546.29,NVIDIA GeForce RTX 4070,[N/A],Enabled,Enabled
1701813856.166992,0,GPU-93ae0c7f-c327-aee3-adae-bc0d1dae71ea,0.41,0.48168050806057644,12282.0,6109.0,546.29,NVIDIA GeForce RTX 4070,[N/A],Enabled,Enabled
1701813857.166822,0,GPU-93ae0c7f-c327-aee3-adae-bc0d1dae71ea,0.45,0.48159908809640123,12282.0,6110.0,546.29,NVIDIA GeForce RTX 4070,[N/A],Enabled,Enabled
1701813858.166564,0,GPU-93ae0c7f-c327-aee3-adae-bc0d1dae71ea,0.39,0.48159908809640123,12282.0,6110.0,546.29,NVIDIA GeForce RTX 4070,[N/A],Enabled,Enabled
1701813859.167572,0,GPU-93ae0c7f-c327-aee3-adae-bc0d1dae71ea,0.42,0.482250447809803,12282.0,6102.0,546.29,NVIDIA GeForce RTX 4070,[N/A],Enabled,Enabled
1701813860.166954,0,GPU-93ae0c7f-c327-aee3-adae-bc0d1dae71ea,0.42,0.482250447809803,12282.0,6102.0,546.29,NVIDIA GeForce RTX 4070,[N/A],Enabled,Enabled
1701813861.167012,0,GPU-93ae0c7f-c327-aee3-adae-bc0d1dae71ea,0.42,0.482250447809803,12282.0,6102.0,546.29,NVIDIA GeForce RTX 4070,[N/A],Enabled,Enabled
1701813862.166806,0,GPU-93ae0c7f-c327-aee3-adae-bc0d1dae71ea,0.4,0.482250447809803,12282.0,6102.0,546.29,NVIDIA GeForce RTX 4070,[N/A],Enabled,Enabled
1701813863.166669,0,GPU-93ae0c7f-c327-aee3-adae-bc0d1dae71ea,0.42,0.482250447809803,12282.0,6102.0,546.29,NVIDIA GeForce RTX 4070,[N/A],Enabled,Enabled
1701813864.167251,0,GPU-93ae0c7f-c327-aee3-adae-bc0d1dae71ea,0.41,0.482250447809803,12282.0,6102.0,546.29,NVIDIA GeForce RTX 4070,[N/A],Enabled,Enabled
1701813865.167382,0,GPU-93ae0c7f-c327-aee3-adae-bc0d1dae71ea,0.46,0.4846116267708842,12282.0,6073.0,546.29,NVIDIA GeForce RTX 4070,[N/A],Enabled,Enabled
1701813866.167645,0,GPU-93ae0c7f-c327-aee3-adae-bc0d1dae71ea,0.46,0.4846116267708842,12282.0,6073.0,546.29,NVIDIA GeForce RTX 4070,[N/A],Enabled,Enabled
1701813867.167075,0,GPU-93ae0c7f-c327-aee3-adae-bc0d1dae71ea,0.47,0.4846116267708842,12282.0,6073.0,546.29,NVIDIA GeForce RTX 4070,[N/A],Enabled,Enabled
1701813868.168248,0,GPU-93ae0c7f-c327-aee3-adae-bc0d1dae71ea,0.49,0.4846116267708842,12282.0,6073.0,546.29,NVIDIA GeForce RTX 4070,[N/A],Enabled,Enabled
1701813869.167948,0,GPU-93ae0c7f-c327-aee3-adae-bc0d1dae71ea,0.48,0.4846116267708842,12282.0,6073.0,546.29,NVIDIA GeForce RTX 4070,[N/A],Enabled,Enabled
1701813870.16764,0,GPU-93ae0c7f-c327-aee3-adae-bc0d1dae71ea,0.43,0.48428594691418336,12282.0,6077.0,546.29,NVIDIA GeForce RTX 4070,[N/A],Enabled,Enabled
1701813871.167258,0,GPU-93ae0c7f-c327-aee3-adae-bc0d1dae71ea,0.43,0.48412310698583294,12282.0,6079.0,546.29,NVIDIA GeForce RTX 4070,[N/A],Enabled,Enabled
1701813872.167089,0,GPU-93ae0c7f-c327-aee3-adae-bc0d1dae71ea,0.42,0.48428594691418336,12282.0,6077.0,546.29,NVIDIA GeForce RTX 4070,[N/A],Enabled,Enabled
1701813873.168122,0,GPU-93ae0c7f-c327-aee3-adae-bc0d1dae71ea,0.43,0.48428594691418336,12282.0,6077.0,546.29,NVIDIA GeForce RTX 4070,[N/A],Enabled,Enabled
1701813874.167792,0,GPU-93ae0c7f-c327-aee3-adae-bc0d1dae71ea,0.43,0.48428594691418336,12282.0,6077.0,546.29,NVIDIA GeForce RTX 4070,[N/A],Enabled,Enabled
1701813875.166809,0,GPU-93ae0c7f-c327-aee3-adae-bc0d1dae71ea,0.41,0.48420452695000815,12282.0,6078.0,546.29,NVIDIA GeForce RTX 4070,[N/A],Enabled,Enabled
1701813876.16719,0,GPU-93ae0c7f-c327-aee3-adae-bc0d1dae71ea,0.39,0.48428594691418336,12282.0,6077.0,546.29,NVIDIA GeForce RTX 4070,[N/A],Enabled,Enabled
1701813877.167626,0,GPU-93ae0c7f-c327-aee3-adae-bc0d1dae71ea,0.42,0.48298322748737993,12282.0,6093.0,546.29,NVIDIA GeForce RTX 4070,[N/A],Enabled,Enabled
1701813878.167194,0,GPU-93ae0c7f-c327-aee3-adae-bc0d1dae71ea,0.42,0.4843673668783586,12282.0,6076.0,546.29,NVIDIA GeForce RTX 4070,[N/A],Enabled,Enabled
1701813879.167465,0,GPU-93ae0c7f-c327-aee3-adae-bc0d1dae71ea,0.42,0.4843673668783586,12282.0,6076.0,546.29,NVIDIA GeForce RTX 4070,[N/A],Enabled,Enabled
1701813880.167356,0,GPU-93ae0c7f-c327-aee3-adae-bc0d1dae71ea,0.41,0.4857515062693372,12282.0,6059.0,546.29,NVIDIA GeForce RTX 4070,[N/A],Enabled,Enabled
1701813881.167048,0,GPU-93ae0c7f-c327-aee3-adae-bc0d1dae71ea,0.38,0.4843673668783586,12282.0,6076.0,546.29,NVIDIA GeForce RTX 4070,[N/A],Enabled,Enabled
1701813882.166589,0,GPU-93ae0c7f-c327-aee3-adae-bc0d1dae71ea,0.39,0.4843673668783586,12282.0,6076.0,546.29,NVIDIA GeForce RTX 4070,[N/A],Enabled,Enabled
1701813883.167245,0,GPU-93ae0c7f-c327-aee3-adae-bc0d1dae71ea,0.39,0.48428594691418336,12282.0,6077.0,546.29,NVIDIA GeForce RTX 4070,[N/A],Enabled,Enabled
1701813884.166913,0,GPU-93ae0c7f-c327-aee3-adae-bc0d1dae71ea,0.41,0.48428594691418336,12282.0,6077.0,546.29,NVIDIA GeForce RTX 4070,[N/A],Enabled,Enabled
1701813885.167075,0,GPU-93ae0c7f-c327-aee3-adae-bc0d1dae71ea,0.4,0.48322748737990556,12282.0,6090.0,546.29,NVIDIA GeForce RTX 4070,[N/A],Enabled,Enabled
1701813886.16696,0,GPU-93ae0c7f-c327-aee3-adae-bc0d1dae71ea,0.38,0.4824132877381534,12282.0,6100.0,546.29,NVIDIA GeForce RTX 4070,[N/A],Enabled,Enabled
1701813887.167053,0,GPU-93ae0c7f-c327-aee3-adae-bc0d1dae71ea,0.37,0.4824132877381534,12282.0,6100.0,546.29,NVIDIA GeForce RTX 4070,[N/A],Enabled,Enabled
1701813888.167229,0,GPU-93ae0c7f-c327-aee3-adae-bc0d1dae71ea,0.44,0.4824132877381534,12282.0,6100.0,546.29,NVIDIA GeForce RTX 4070,[N/A],Enabled,Enabled
1701813889.167431,0,GPU-93ae0c7f-c327-aee3-adae-bc0d1dae71ea,0.42,0.482250447809803,12282.0,6102.0,546.29,NVIDIA GeForce RTX 4070,[N/A],Enabled,Enabled
1701813890.167192,0,GPU-93ae0c7f-c327-aee3-adae-bc0d1dae71ea,0.4,0.482250447809803,12282.0,6102.0,546.29,NVIDIA GeForce RTX 4070,[N/A],Enabled,Enabled
1701813891.167419,0,GPU-93ae0c7f-c327-aee3-adae-bc0d1dae71ea,0.42,0.482250447809803,12282.0,6102.0,546.29,NVIDIA GeForce RTX 4070,[N/A],Enabled,Enabled
1701813892.166921,0,GPU-93ae0c7f-c327-aee3-adae-bc0d1dae71ea,0.41,0.482250447809803,12282.0,6102.0,546.29,NVIDIA GeForce RTX 4070,[N/A],Enabled,Enabled
1701813893.168112,0,GPU-93ae0c7f-c327-aee3-adae-bc0d1dae71ea,0.45,0.482250447809803,12282.0,6102.0,546.29,NVIDIA GeForce RTX 4070,[N/A],Enabled,Enabled
1701813894.167368,0,GPU-93ae0c7f-c327-aee3-adae-bc0d1dae71ea,0.45,0.482250447809803,12282.0,6102.0,546.29,NVIDIA GeForce RTX 4070,[N/A],Enabled,Enabled
1701813895.167329,0,GPU-93ae0c7f-c327-aee3-adae-bc0d1dae71ea,0.5,0.482250447809803,12282.0,6102.0,546.29,NVIDIA GeForce RTX 4070,[N/A],Enabled,Enabled
1701813896.166732,0,GPU-93ae0c7f-c327-aee3-adae-bc0d1dae71ea,0.43,0.482250447809803,12282.0,6102.0,546.29,NVIDIA GeForce RTX 4070,[N/A],Enabled,Enabled
1701813897.166942,0,GPU-93ae0c7f-c327-aee3-adae-bc0d1dae71ea,0.41,0.482250447809803,12282.0,6102.0,546.29,NVIDIA GeForce RTX 4070,[N/A],Enabled,Enabled
1701813898.1668,0,GPU-93ae0c7f-c327-aee3-adae-bc0d1dae71ea,0.43,0.482250447809803,12282.0,6102.0,546.29,NVIDIA GeForce RTX 4070,[N/A],Enabled,Enabled
1701813899.167808,0,GPU-93ae0c7f-c327-aee3-adae-bc0d1dae71ea,0.43,0.482250447809803,12282.0,6102.0,546.29,NVIDIA GeForce RTX 4070,[N/A],Enabled,Enabled
1701813900.167308,0,GPU-93ae0c7f-c327-aee3-adae-bc0d1dae71ea,0.43,0.482250447809803,12282.0,6102.0,546.29,NVIDIA GeForce RTX 4070,[N/A],Enabled,Enabled
1701813901.166779,0,GPU-93ae0c7f-c327-aee3-adae-bc0d1dae71ea,0.43,0.482250447809803,12282.0,6102.0,546.29,NVIDIA GeForce RTX 4070,[N/A],Enabled,Enabled
1701813902.167564,0,GPU-93ae0c7f-c327-aee3-adae-bc0d1dae71ea,0.4,0.482250447809803,12282.0,6102.0,546.29,NVIDIA GeForce RTX 4070,[N/A],Enabled,Enabled
1701813903.166629,0,GPU-93ae0c7f-c327-aee3-adae-bc0d1dae71ea,0.41,0.482250447809803,12282.0,6102.0,546.29,NVIDIA GeForce RTX 4070,[N/A],Enabled,Enabled
1701813904.167785,0,GPU-93ae0c7f-c327-aee3-adae-bc0d1dae71ea,0.43,0.482250447809803,12282.0,6102.0,546.29,NVIDIA GeForce RTX 4070,[N/A],Enabled,Enabled
1701813905.167433,0,GPU-93ae0c7f-c327-aee3-adae-bc0d1dae71ea,0.44,0.482250447809803,12282.0,6102.0,546.29,NVIDIA GeForce RTX 4070,[N/A],Enabled,Enabled
1701813906.167057,0,GPU-93ae0c7f-c327-aee3-adae-bc0d1dae71ea,0.44,0.482250447809803,12282.0,6102.0,546.29,NVIDIA GeForce RTX 4070,[N/A],Enabled,Enabled
1701813907.167202,0,GPU-93ae0c7f-c327-aee3-adae-bc0d1dae71ea,0.41,0.482250447809803,12282.0,6102.0,546.29,NVIDIA GeForce RTX 4070,[N/A],Enabled,Enabled
1701813908.166926,0,GPU-93ae0c7f-c327-aee3-adae-bc0d1dae71ea,0.41,0.482250447809803,12282.0,6102.0,546.29,NVIDIA GeForce RTX 4070,[N/A],Enabled,Enabled
1701813909.166951,0,GPU-93ae0c7f-c327-aee3-adae-bc0d1dae71ea,0.47,0.482250447809803,12282.0,6102.0,546.29,NVIDIA GeForce RTX 4070,[N/A],Enabled,Enabled
1701813910.167771,0,GPU-93ae0c7f-c327-aee3-adae-bc0d1dae71ea,0.4,0.482250447809803,12282.0,6102.0,546.29,NVIDIA GeForce RTX 4070,[N/A],Enabled,Enabled
1701813911.167172,0,GPU-93ae0c7f-c327-aee3-adae-bc0d1dae71ea,0.42,0.482250447809803,12282.0,6102.0,546.29,NVIDIA GeForce RTX 4070,[N/A],Enabled,Enabled
1701813912.167001,0,GPU-93ae0c7f-c327-aee3-adae-bc0d1dae71ea,0.44,0.482250447809803,12282.0,6102.0,546.29,NVIDIA GeForce RTX 4070,[N/A],Enabled,Enabled
1701813913.166559,0,GPU-93ae0c7f-c327-aee3-adae-bc0d1dae71ea,0.44,0.482250447809803,12282.0,6102.0,546.29,NVIDIA GeForce RTX 4070,[N/A],Enabled,Enabled
1701813914.16683,0,GPU-93ae0c7f-c327-aee3-adae-bc0d1dae71ea,0.4,0.482250447809803,12282.0,6102.0,546.29,NVIDIA GeForce RTX 4070,[N/A],Enabled,Enabled
1701813915.166968,0,GPU-93ae0c7f-c327-aee3-adae-bc0d1dae71ea,0.4,0.482250447809803,12282.0,6102.0,546.29,NVIDIA GeForce RTX 4070,[N/A],Enabled,Enabled
1701813916.167116,0,GPU-93ae0c7f-c327-aee3-adae-bc0d1dae71ea,0.39,0.482250447809803,12282.0,6102.0,546.29,NVIDIA GeForce RTX 4070,[N/A],Enabled,Enabled
1701813917.167944,0,GPU-93ae0c7f-c327-aee3-adae-bc0d1dae71ea,0.42,0.482250447809803,12282.0,6102.0,546.29,NVIDIA GeForce RTX 4070,[N/A],Enabled,Enabled
1701813918.16641,0,GPU-93ae0c7f-c327-aee3-adae-bc0d1dae71ea,0.39,0.482250447809803,12282.0,6102.0,546.29,NVIDIA GeForce RTX 4070,[N/A],Enabled,Enabled
1701813919.167246,0,GPU-93ae0c7f-c327-aee3-adae-bc0d1dae71ea,0.43,0.482250447809803,12282.0,6102.0,546.29,NVIDIA GeForce RTX 4070,[N/A],Enabled,Enabled
1701813920.167738,0,GPU-93ae0c7f-c327-aee3-adae-bc0d1dae71ea,0.51,0.482250447809803,12282.0,6102.0,546.29,NVIDIA GeForce RTX 4070,[N/A],Enabled,Enabled
1701813921.167214,0,GPU-93ae0c7f-c327-aee3-adae-bc0d1dae71ea,0.4,0.4825761276665038,12282.0,6098.0,546.29,NVIDIA GeForce RTX 4070,[N/A],Enabled,Enabled
1701813922.167751,0,GPU-93ae0c7f-c327-aee3-adae-bc0d1dae71ea,0.41,0.4825761276665038,12282.0,6098.0,546.29,NVIDIA GeForce RTX 4070,[N/A],Enabled,Enabled
1701813923.167677,0,GPU-93ae0c7f-c327-aee3-adae-bc0d1dae71ea,0.4,0.482250447809803,12282.0,6102.0,546.29,NVIDIA GeForce RTX 4070,[N/A],Enabled,Enabled
1701813924.166849,0,GPU-93ae0c7f-c327-aee3-adae-bc0d1dae71ea,0.42,0.48273896759485424,12282.0,6096.0,546.29,NVIDIA GeForce RTX 4070,[N/A],Enabled,Enabled
1701813925.166919,0,GPU-93ae0c7f-c327-aee3-adae-bc0d1dae71ea,0.39,0.48216902784562776,12282.0,6103.0,546.29,NVIDIA GeForce RTX 4070,[N/A],Enabled,Enabled
1701813926.167094,0,GPU-93ae0c7f-c327-aee3-adae-bc0d1dae71ea,0.41,0.48216902784562776,12282.0,6103.0,546.29,NVIDIA GeForce RTX 4070,[N/A],Enabled,Enabled
1701813927.167116,0,GPU-93ae0c7f-c327-aee3-adae-bc0d1dae71ea,0.42,0.48216902784562776,12282.0,6103.0,546.29,NVIDIA GeForce RTX 4070,[N/A],Enabled,Enabled
1701813928.166799,0,GPU-93ae0c7f-c327-aee3-adae-bc0d1dae71ea,0.42,0.48216902784562776,12282.0,6103.0,546.29,NVIDIA GeForce RTX 4070,[N/A],Enabled,Enabled
1701813929.167172,0,GPU-93ae0c7f-c327-aee3-adae-bc0d1dae71ea,0.4,0.48216902784562776,12282.0,6103.0,546.29,NVIDIA GeForce RTX 4070,[N/A],Enabled,Enabled
1701813930.166934,0,GPU-93ae0c7f-c327-aee3-adae-bc0d1dae71ea,0.44,0.48216902784562776,12282.0,6103.0,546.29,NVIDIA GeForce RTX 4070,[N/A],Enabled,Enabled
1701813931.167326,0,GPU-93ae0c7f-c327-aee3-adae-bc0d1dae71ea,0.43,0.48216902784562776,12282.0,6103.0,546.29,NVIDIA GeForce RTX 4070,[N/A],Enabled,Enabled
1701813932.167282,0,GPU-93ae0c7f-c327-aee3-adae-bc0d1dae71ea,0.41,0.48176192802475165,12282.0,6108.0,546.29,NVIDIA GeForce RTX 4070,[N/A],Enabled,Enabled
1701813933.16657,0,GPU-93ae0c7f-c327-aee3-adae-bc0d1dae71ea,0.42,0.48176192802475165,12282.0,6108.0,546.29,NVIDIA GeForce RTX 4070,[N/A],Enabled,Enabled
1701813934.167714,0,GPU-93ae0c7f-c327-aee3-adae-bc0d1dae71ea,0.44,0.48159908809640123,12282.0,6110.0,546.29,NVIDIA GeForce RTX 4070,[N/A],Enabled,Enabled
1701813935.167001,0,GPU-93ae0c7f-c327-aee3-adae-bc0d1dae71ea,0.42,0.48159908809640123,12282.0,6110.0,546.29,NVIDIA GeForce RTX 4070,[N/A],Enabled,Enabled
1701813936.166815,0,GPU-93ae0c7f-c327-aee3-adae-bc0d1dae71ea,0.42,0.48159908809640123,12282.0,6110.0,546.29,NVIDIA GeForce RTX 4070,[N/A],Enabled,Enabled
1701813937.167854,0,GPU-93ae0c7f-c327-aee3-adae-bc0d1dae71ea,0.42,0.48159908809640123,12282.0,6110.0,546.29,NVIDIA GeForce RTX 4070,[N/A],Enabled,Enabled
1701813938.167503,0,GPU-93ae0c7f-c327-aee3-adae-bc0d1dae71ea,0.39,0.48159908809640123,12282.0,6110.0,546.29,NVIDIA GeForce RTX 4070,[N/A],Enabled,Enabled
1701813939.16678,0,GPU-93ae0c7f-c327-aee3-adae-bc0d1dae71ea,0.42,0.48314606741573035,12282.0,6091.0,546.29,NVIDIA GeForce RTX 4070,[N/A],Enabled,Enabled
1701813940.166948,0,GPU-93ae0c7f-c327-aee3-adae-bc0d1dae71ea,0.38,0.48314606741573035,12282.0,6091.0,546.29,NVIDIA GeForce RTX 4070,[N/A],Enabled,Enabled
1701813941.167487,0,GPU-93ae0c7f-c327-aee3-adae-bc0d1dae71ea,0.4,0.48314606741573035,12282.0,6091.0,546.29,NVIDIA GeForce RTX 4070,[N/A],Enabled,Enabled
1701813942.167843,0,GPU-93ae0c7f-c327-aee3-adae-bc0d1dae71ea,0.43,0.48314606741573035,12282.0,6091.0,546.29,NVIDIA GeForce RTX 4070,[N/A],Enabled,Enabled
1701813943.166994,0,GPU-93ae0c7f-c327-aee3-adae-bc0d1dae71ea,0.43,0.48314606741573035,12282.0,6091.0,546.29,NVIDIA GeForce RTX 4070,[N/A],Enabled,Enabled
1701813944.166975,0,GPU-93ae0c7f-c327-aee3-adae-bc0d1dae71ea,0.44,0.48314606741573035,12282.0,6091.0,546.29,NVIDIA GeForce RTX 4070,[N/A],Enabled,Enabled
1701813945.167591,0,GPU-93ae0c7f-c327-aee3-adae-bc0d1dae71ea,0.42,0.48314606741573035,12282.0,6091.0,546.29,NVIDIA GeForce RTX 4070,[N/A],Enabled,Enabled
1701813946.166749,0,GPU-93ae0c7f-c327-aee3-adae-bc0d1dae71ea,0.46,0.48314606741573035,12282.0,6091.0,546.29,NVIDIA GeForce RTX 4070,[N/A],Enabled,Enabled
1701813947.167017,0,GPU-93ae0c7f-c327-aee3-adae-bc0d1dae71ea,0.46,0.48314606741573035,12282.0,6091.0,546.29,NVIDIA GeForce RTX 4070,[N/A],Enabled,Enabled
1701813948.167197,0,GPU-93ae0c7f-c327-aee3-adae-bc0d1dae71ea,0.37,0.48314606741573035,12282.0,6091.0,546.29,NVIDIA GeForce RTX 4070,[N/A],Enabled,Enabled
1701813949.166918,0,GPU-93ae0c7f-c327-aee3-adae-bc0d1dae71ea,0.45,0.48314606741573035,12282.0,6091.0,546.29,NVIDIA GeForce RTX 4070,[N/A],Enabled,Enabled
1701813950.167201,0,GPU-93ae0c7f-c327-aee3-adae-bc0d1dae71ea,0.36,0.48314606741573035,12282.0,6091.0,546.29,NVIDIA GeForce RTX 4070,[N/A],Enabled,Enabled
1701813951.167127,0,GPU-93ae0c7f-c327-aee3-adae-bc0d1dae71ea,0.39,0.48314606741573035,12282.0,6091.0,546.29,NVIDIA GeForce RTX 4070,[N/A],Enabled,Enabled
1701813952.168197,0,GPU-93ae0c7f-c327-aee3-adae-bc0d1dae71ea,0.39,0.48314606741573035,12282.0,6091.0,546.29,NVIDIA GeForce RTX 4070,[N/A],Enabled,Enabled
1701813953.167015,0,GPU-93ae0c7f-c327-aee3-adae-bc0d1dae71ea,0.43,0.48314606741573035,12282.0,6091.0,546.29,NVIDIA GeForce RTX 4070,[N/A],Enabled,Enabled
1701813954.166894,0,GPU-93ae0c7f-c327-aee3-adae-bc0d1dae71ea,0.42,0.48314606741573035,12282.0,6091.0,546.29,NVIDIA GeForce RTX 4070,[N/A],Enabled,Enabled
1701813955.167089,0,GPU-93ae0c7f-c327-aee3-adae-bc0d1dae71ea,0.45,0.48314606741573035,12282.0,6091.0,546.29,NVIDIA GeForce RTX 4070,[N/A],Enabled,Enabled
1701813956.166572,0,GPU-93ae0c7f-c327-aee3-adae-bc0d1dae71ea,0.42,0.48314606741573035,12282.0,6091.0,546.29,NVIDIA GeForce RTX 4070,[N/A],Enabled,Enabled
1701813957.167665,0,GPU-93ae0c7f-c327-aee3-adae-bc0d1dae71ea,0.4,0.48314606741573035,12282.0,6091.0,546.29,NVIDIA GeForce RTX 4070,[N/A],Enabled,Enabled
1701813958.166646,0,GPU-93ae0c7f-c327-aee3-adae-bc0d1dae71ea,0.47,0.48314606741573035,12282.0,6091.0,546.29,NVIDIA GeForce RTX 4070,[N/A],Enabled,Enabled
1701813959.166992,0,GPU-93ae0c7f-c327-aee3-adae-bc0d1dae71ea,0.46,0.48314606741573035,12282.0,6091.0,546.29,NVIDIA GeForce RTX 4070,[N/A],Enabled,Enabled
1701813960.166686,0,GPU-93ae0c7f-c327-aee3-adae-bc0d1dae71ea,0.41,0.48314606741573035,12282.0,6091.0,546.29,NVIDIA GeForce RTX 4070,[N/A],Enabled,Enabled
1701813961.167219,0,GPU-93ae0c7f-c327-aee3-adae-bc0d1dae71ea,0.41,0.48314606741573035,12282.0,6091.0,546.29,NVIDIA GeForce RTX 4070,[N/A],Enabled,Enabled
1701813962.167703,0,GPU-93ae0c7f-c327-aee3-adae-bc0d1dae71ea,0.41,0.48314606741573035,12282.0,6091.0,546.29,NVIDIA GeForce RTX 4070,[N/A],Enabled,Enabled
1701813963.167236,0,GPU-93ae0c7f-c327-aee3-adae-bc0d1dae71ea,0.43,0.48314606741573035,12282.0,6091.0,546.29,NVIDIA GeForce RTX 4070,[N/A],Enabled,Enabled
1701813964.166892,0,GPU-93ae0c7f-c327-aee3-adae-bc0d1dae71ea,0.44,0.48314606741573035,12282.0,6091.0,546.29,NVIDIA GeForce RTX 4070,[N/A],Enabled,Enabled
1701813965.167135,0,GPU-93ae0c7f-c327-aee3-adae-bc0d1dae71ea,0.45,0.48314606741573035,12282.0,6091.0,546.29,NVIDIA GeForce RTX 4070,[N/A],Enabled,Enabled
1701813966.16709,0,GPU-93ae0c7f-c327-aee3-adae-bc0d1dae71ea,0.42,0.48314606741573035,12282.0,6091.0,546.29,NVIDIA GeForce RTX 4070,[N/A],Enabled,Enabled
1701813967.167617,0,GPU-93ae0c7f-c327-aee3-adae-bc0d1dae71ea,0.42,0.48314606741573035,12282.0,6091.0,546.29,NVIDIA GeForce RTX 4070,[N/A],Enabled,Enabled
1701813968.167332,0,GPU-93ae0c7f-c327-aee3-adae-bc0d1dae71ea,0.38,0.48314606741573035,12282.0,6091.0,546.29,NVIDIA GeForce RTX 4070,[N/A],Enabled,Enabled
1701813969.166777,0,GPU-93ae0c7f-c327-aee3-adae-bc0d1dae71ea,0.4,0.48314606741573035,12282.0,6091.0,546.29,NVIDIA GeForce RTX 4070,[N/A],Enabled,Enabled
1701813970.167041,0,GPU-93ae0c7f-c327-aee3-adae-bc0d1dae71ea,0.43,0.48314606741573035,12282.0,6091.0,546.29,NVIDIA GeForce RTX 4070,[N/A],Enabled,Enabled
1701813971.167257,0,GPU-93ae0c7f-c327-aee3-adae-bc0d1dae71ea,0.44,0.48314606741573035,12282.0,6091.0,546.29,NVIDIA GeForce RTX 4070,[N/A],Enabled,Enabled
1701813972.167576,0,GPU-93ae0c7f-c327-aee3-adae-bc0d1dae71ea,0.44,0.48314606741573035,12282.0,6091.0,546.29,NVIDIA GeForce RTX 4070,[N/A],Enabled,Enabled
1701813973.166754,0,GPU-93ae0c7f-c327-aee3-adae-bc0d1dae71ea,0.42,0.48314606741573035,12282.0,6091.0,546.29,NVIDIA GeForce RTX 4070,[N/A],Enabled,Enabled
1701813974.167162,0,GPU-93ae0c7f-c327-aee3-adae-bc0d1dae71ea,0.42,0.48314606741573035,12282.0,6091.0,546.29,NVIDIA GeForce RTX 4070,[N/A],Enabled,Enabled
1701813975.167459,0,GPU-93ae0c7f-c327-aee3-adae-bc0d1dae71ea,0.42,0.48314606741573035,12282.0,6091.0,546.29,NVIDIA GeForce RTX 4070,[N/A],Enabled,Enabled
1701813976.167245,0,GPU-93ae0c7f-c327-aee3-adae-bc0d1dae71ea,0.4,0.48314606741573035,12282.0,6091.0,546.29,NVIDIA GeForce RTX 4070,[N/A],Enabled,Enabled
1701813977.167461,0,GPU-93ae0c7f-c327-aee3-adae-bc0d1dae71ea,0.39,0.48314606741573035,12282.0,6091.0,546.29,NVIDIA GeForce RTX 4070,[N/A],Enabled,Enabled
1701813978.167162,0,GPU-93ae0c7f-c327-aee3-adae-bc0d1dae71ea,0.43,0.48314606741573035,12282.0,6091.0,546.29,NVIDIA GeForce RTX 4070,[N/A],Enabled,Enabled
1701813979.168189,0,GPU-93ae0c7f-c327-aee3-adae-bc0d1dae71ea,0.46,0.48314606741573035,12282.0,6091.0,546.29,NVIDIA GeForce RTX 4070,[N/A],Enabled,Enabled
1701813980.166755,0,GPU-93ae0c7f-c327-aee3-adae-bc0d1dae71ea,0.47,0.48314606741573035,12282.0,6091.0,546.29,NVIDIA GeForce RTX 4070,[N/A],Enabled,Enabled
1701813981.167854,0,GPU-93ae0c7f-c327-aee3-adae-bc0d1dae71ea,0.46,0.48314606741573035,12282.0,6091.0,546.29,NVIDIA GeForce RTX 4070,[N/A],Enabled,Enabled
1701813982.167612,0,GPU-93ae0c7f-c327-aee3-adae-bc0d1dae71ea,0.45,0.48314606741573035,12282.0,6091.0,546.29,NVIDIA GeForce RTX 4070,[N/A],Enabled,Enabled
1701813983.1675,0,GPU-93ae0c7f-c327-aee3-adae-bc0d1dae71ea,0.47,0.48314606741573035,12282.0,6091.0,546.29,NVIDIA GeForce RTX 4070,[N/A],Enabled,Enabled
1701813984.167337,0,GPU-93ae0c7f-c327-aee3-adae-bc0d1dae71ea,0.45,0.48314606741573035,12282.0,6091.0,546.29,NVIDIA GeForce RTX 4070,[N/A],Enabled,Enabled
1701813985.167195,0,GPU-93ae0c7f-c327-aee3-adae-bc0d1dae71ea,0.45,0.48314606741573035,12282.0,6091.0,546.29,NVIDIA GeForce RTX 4070,[N/A],Enabled,Enabled
1701813986.167282,0,GPU-93ae0c7f-c327-aee3-adae-bc0d1dae71ea,0.47,0.48314606741573035,12282.0,6091.0,546.29,NVIDIA GeForce RTX 4070,[N/A],Enabled,Enabled
1701813987.166822,0,GPU-93ae0c7f-c327-aee3-adae-bc0d1dae71ea,0.48,0.48314606741573035,12282.0,6091.0,546.29,NVIDIA GeForce RTX 4070,[N/A],Enabled,Enabled
1701813988.167044,0,GPU-93ae0c7f-c327-aee3-adae-bc0d1dae71ea,0.45,0.48314606741573035,12282.0,6091.0,546.29,NVIDIA GeForce RTX 4070,[N/A],Enabled,Enabled
1701813989.167709,0,GPU-93ae0c7f-c327-aee3-adae-bc0d1dae71ea,0.46,0.48314606741573035,12282.0,6091.0,546.29,NVIDIA GeForce RTX 4070,[N/A],Enabled,Enabled
1701813990.167997,0,GPU-93ae0c7f-c327-aee3-adae-bc0d1dae71ea,0.47,0.48314606741573035,12282.0,6091.0,546.29,NVIDIA GeForce RTX 4070,[N/A],Enabled,Enabled
1701813991.16752,0,GPU-93ae0c7f-c327-aee3-adae-bc0d1dae71ea,0.5,0.48314606741573035,12282.0,6091.0,546.29,NVIDIA GeForce RTX 4070,[N/A],Enabled,Enabled
1701813992.166711,0,GPU-93ae0c7f-c327-aee3-adae-bc0d1dae71ea,0.41,0.48314606741573035,12282.0,6091.0,546.29,NVIDIA GeForce RTX 4070,[N/A],Enabled,Enabled
1701813993.166751,0,GPU-93ae0c7f-c327-aee3-adae-bc0d1dae71ea,0.39,0.48314606741573035,12282.0,6091.0,546.29,NVIDIA GeForce RTX 4070,[N/A],Enabled,Enabled
1701813994.167084,0,GPU-93ae0c7f-c327-aee3-adae-bc0d1dae71ea,0.38,0.48314606741573035,12282.0,6091.0,546.29,NVIDIA GeForce RTX 4070,[N/A],Enabled,Enabled
1701813995.16756,0,GPU-93ae0c7f-c327-aee3-adae-bc0d1dae71ea,0.4,0.48314606741573035,12282.0,6091.0,546.29,NVIDIA GeForce RTX 4070,[N/A],Enabled,Enabled
1701813996.167013,0,GPU-93ae0c7f-c327-aee3-adae-bc0d1dae71ea,0.4,0.48314606741573035,12282.0,6091.0,546.29,NVIDIA GeForce RTX 4070,[N/A],Enabled,Enabled
1701813997.167007,0,GPU-93ae0c7f-c327-aee3-adae-bc0d1dae71ea,0.41,0.48314606741573035,12282.0,6091.0,546.29,NVIDIA GeForce RTX 4070,[N/A],Enabled,Enabled
1701813998.167411,0,GPU-93ae0c7f-c327-aee3-adae-bc0d1dae71ea,0.41,0.48314606741573035,12282.0,6091.0,546.29,NVIDIA GeForce RTX 4070,[N/A],Enabled,Enabled
1701813999.166961,0,GPU-93ae0c7f-c327-aee3-adae-bc0d1dae71ea,0.44,0.48314606741573035,12282.0,6091.0,546.29,NVIDIA GeForce RTX 4070,[N/A],Enabled,Enabled
1701814000.166851,0,GPU-93ae0c7f-c327-aee3-adae-bc0d1dae71ea,0.46,0.48314606741573035,12282.0,6091.0,546.29,NVIDIA GeForce RTX 4070,[N/A],Enabled,Enabled
1701814001.167139,0,GPU-93ae0c7f-c327-aee3-adae-bc0d1dae71ea,0.46,0.48314606741573035,12282.0,6091.0,546.29,NVIDIA GeForce RTX 4070,[N/A],Enabled,Enabled
1701814002.167321,0,GPU-93ae0c7f-c327-aee3-adae-bc0d1dae71ea,0.49,0.48314606741573035,12282.0,6091.0,546.29,NVIDIA GeForce RTX 4070,[N/A],Enabled,Enabled
1701814003.166452,0,GPU-93ae0c7f-c327-aee3-adae-bc0d1dae71ea,0.38,0.48314606741573035,12282.0,6091.0,546.29,NVIDIA GeForce RTX 4070,[N/A],Enabled,Enabled
1701814004.167624,0,GPU-93ae0c7f-c327-aee3-adae-bc0d1dae71ea,0.37,0.48314606741573035,12282.0,6091.0,546.29,NVIDIA GeForce RTX 4070,[N/A],Enabled,Enabled
1701814005.1676,0,GPU-93ae0c7f-c327-aee3-adae-bc0d1dae71ea,0.42,0.48314606741573035,12282.0,6091.0,546.29,NVIDIA GeForce RTX 4070,[N/A],Enabled,Enabled
1701814006.16713,0,GPU-93ae0c7f-c327-aee3-adae-bc0d1dae71ea,0.43,0.48314606741573035,12282.0,6091.0,546.29,NVIDIA GeForce RTX 4070,[N/A],Enabled,Enabled
1701814007.166905,0,GPU-93ae0c7f-c327-aee3-adae-bc0d1dae71ea,0.44,0.48314606741573035,12282.0,6091.0,546.29,NVIDIA GeForce RTX 4070,[N/A],Enabled,Enabled
1701814008.167517,0,GPU-93ae0c7f-c327-aee3-adae-bc0d1dae71ea,0.42,0.48314606741573035,12282.0,6091.0,546.29,NVIDIA GeForce RTX 4070,[N/A],Enabled,Enabled
1701814009.167052,0,GPU-93ae0c7f-c327-aee3-adae-bc0d1dae71ea,0.43,0.48314606741573035,12282.0,6091.0,546.29,NVIDIA GeForce RTX 4070,[N/A],Enabled,Enabled
1701814010.167121,0,GPU-93ae0c7f-c327-aee3-adae-bc0d1dae71ea,0.38,0.48314606741573035,12282.0,6091.0,546.29,NVIDIA GeForce RTX 4070,[N/A],Enabled,Enabled
1701814011.167012,0,GPU-93ae0c7f-c327-aee3-adae-bc0d1dae71ea,0.42,0.48314606741573035,12282.0,6091.0,546.29,NVIDIA GeForce RTX 4070,[N/A],Enabled,Enabled
1701814012.166984,0,GPU-93ae0c7f-c327-aee3-adae-bc0d1dae71ea,0.44,0.48314606741573035,12282.0,6091.0,546.29,NVIDIA GeForce RTX 4070,[N/A],Enabled,Enabled
1701814013.166787,0,GPU-93ae0c7f-c327-aee3-adae-bc0d1dae71ea,0.46,0.48314606741573035,12282.0,6091.0,546.29,NVIDIA GeForce RTX 4070,[N/A],Enabled,Enabled
1701814014.166759,0,GPU-93ae0c7f-c327-aee3-adae-bc0d1dae71ea,0.41,0.48314606741573035,12282.0,6091.0,546.29,NVIDIA GeForce RTX 4070,[N/A],Enabled,Enabled
1701814015.166556,0,GPU-93ae0c7f-c327-aee3-adae-bc0d1dae71ea,0.42,0.48314606741573035,12282.0,6091.0,546.29,NVIDIA GeForce RTX 4070,[N/A],Enabled,Enabled
1701814016.167454,0,GPU-93ae0c7f-c327-aee3-adae-bc0d1dae71ea,0.43,0.48314606741573035,12282.0,6091.0,546.29,NVIDIA GeForce RTX 4070,[N/A],Enabled,Enabled
1701814017.167029,0,GPU-93ae0c7f-c327-aee3-adae-bc0d1dae71ea,0.41,0.48314606741573035,12282.0,6091.0,546.29,NVIDIA GeForce RTX 4070,[N/A],Enabled,Enabled
1701814018.166429,0,GPU-93ae0c7f-c327-aee3-adae-bc0d1dae71ea,0.39,0.48314606741573035,12282.0,6091.0,546.29,NVIDIA GeForce RTX 4070,[N/A],Enabled,Enabled
1701814019.166591,0,GPU-93ae0c7f-c327-aee3-adae-bc0d1dae71ea,0.43,0.48314606741573035,12282.0,6091.0,546.29,NVIDIA GeForce RTX 4070,[N/A],Enabled,Enabled
1701814020.167465,0,GPU-93ae0c7f-c327-aee3-adae-bc0d1dae71ea,0.45,0.48314606741573035,12282.0,6091.0,546.29,NVIDIA GeForce RTX 4070,[N/A],Enabled,Enabled
1701814021.167168,0,GPU-93ae0c7f-c327-aee3-adae-bc0d1dae71ea,0.41,0.48314606741573035,12282.0,6091.0,546.29,NVIDIA GeForce RTX 4070,[N/A],Enabled,Enabled
1701814022.167487,0,GPU-93ae0c7f-c327-aee3-adae-bc0d1dae71ea,0.38,0.48314606741573035,12282.0,6091.0,546.29,NVIDIA GeForce RTX 4070,[N/A],Enabled,Enabled
1701814023.167747,0,GPU-93ae0c7f-c327-aee3-adae-bc0d1dae71ea,0.41,0.48314606741573035,12282.0,6091.0,546.29,NVIDIA GeForce RTX 4070,[N/A],Enabled,Enabled
1701814024.167202,0,GPU-93ae0c7f-c327-aee3-adae-bc0d1dae71ea,0.41,0.48314606741573035,12282.0,6091.0,546.29,NVIDIA GeForce RTX 4070,[N/A],Enabled,Enabled
1701814025.16784,0,GPU-93ae0c7f-c327-aee3-adae-bc0d1dae71ea,0.36,0.48314606741573035,12282.0,6091.0,546.29,NVIDIA GeForce RTX 4070,[N/A],Enabled,Enabled
1701814026.167336,0,GPU-93ae0c7f-c327-aee3-adae-bc0d1dae71ea,0.41,0.48314606741573035,12282.0,6091.0,546.29,NVIDIA GeForce RTX 4070,[N/A],Enabled,Enabled
1701814027.167711,0,GPU-93ae0c7f-c327-aee3-adae-bc0d1dae71ea,0.43,0.48314606741573035,12282.0,6091.0,546.29,NVIDIA GeForce RTX 4070,[N/A],Enabled,Enabled
1701814028.167123,0,GPU-93ae0c7f-c327-aee3-adae-bc0d1dae71ea,0.4,0.48314606741573035,12282.0,6091.0,546.29,NVIDIA GeForce RTX 4070,[N/A],Enabled,Enabled
1701814029.166667,0,GPU-93ae0c7f-c327-aee3-adae-bc0d1dae71ea,0.38,0.48314606741573035,12282.0,6091.0,546.29,NVIDIA GeForce RTX 4070,[N/A],Enabled,Enabled
1701814030.166752,0,GPU-93ae0c7f-c327-aee3-adae-bc0d1dae71ea,0.37,0.48314606741573035,12282.0,6091.0,546.29,NVIDIA GeForce RTX 4070,[N/A],Enabled,Enabled
1701814031.166961,0,GPU-93ae0c7f-c327-aee3-adae-bc0d1dae71ea,0.28,0.4813548282038756,12282.0,6113.0,546.29,NVIDIA GeForce RTX 4070,[N/A],Enabled,Enabled
1701814032.167673,0,GPU-93ae0c7f-c327-aee3-adae-bc0d1dae71ea,0.3,0.4813548282038756,12282.0,6113.0,546.29,NVIDIA GeForce RTX 4070,[N/A],Enabled,Enabled
1701814033.167356,0,GPU-93ae0c7f-c327-aee3-adae-bc0d1dae71ea,0.27,0.4770395701025891,12282.0,6166.0,546.29,NVIDIA GeForce RTX 4070,[N/A],Enabled,Enabled
1701814034.167127,0,GPU-93ae0c7f-c327-aee3-adae-bc0d1dae71ea,0.27,0.4770395701025891,12282.0,6166.0,546.29,NVIDIA GeForce RTX 4070,[N/A],Enabled,Enabled
1701814035.1679,0,GPU-93ae0c7f-c327-aee3-adae-bc0d1dae71ea,0.27,0.4813548282038756,12282.0,6113.0,546.29,NVIDIA GeForce RTX 4070,[N/A],Enabled,Enabled
1701814036.1674,0,GPU-93ae0c7f-c327-aee3-adae-bc0d1dae71ea,0.28,0.4770395701025891,12282.0,6166.0,546.29,NVIDIA GeForce RTX 4070,[N/A],Enabled,Enabled
1701814037.166645,0,GPU-93ae0c7f-c327-aee3-adae-bc0d1dae71ea,0.27,0.4770395701025891,12282.0,6166.0,546.29,NVIDIA GeForce RTX 4070,[N/A],Enabled,Enabled
1701814038.167193,0,GPU-93ae0c7f-c327-aee3-adae-bc0d1dae71ea,0.27,0.4229767138902459,12282.0,6830.0,546.29,NVIDIA GeForce RTX 4070,[N/A],Enabled,Enabled
1701814039.166761,0,GPU-93ae0c7f-c327-aee3-adae-bc0d1dae71ea,0.18,0.29229767138902457,12282.0,8435.0,546.29,NVIDIA GeForce RTX 4070,[N/A],Enabled,Enabled
1701814040.16775,0,GPU-93ae0c7f-c327-aee3-adae-bc0d1dae71ea,0.15,0.29254193128155026,12282.0,8432.0,546.29,NVIDIA GeForce RTX 4070,[N/A],Enabled,Enabled
1701814041.166734,0,GPU-93ae0c7f-c327-aee3-adae-bc0d1dae71ea,0.16,0.292460511317375,12282.0,8433.0,546.29,NVIDIA GeForce RTX 4070,[N/A],Enabled,Enabled
1701814042.166916,0,GPU-93ae0c7f-c327-aee3-adae-bc0d1dae71ea,0.15,0.29889268848721706,12282.0,8354.0,546.29,NVIDIA GeForce RTX 4070,[N/A],Enabled,Enabled
1701814043.166705,0,GPU-93ae0c7f-c327-aee3-adae-bc0d1dae71ea,0.16,0.29783422895293926,12282.0,8367.0,546.29,NVIDIA GeForce RTX 4070,[N/A],Enabled,Enabled
1701814044.167542,0,GPU-93ae0c7f-c327-aee3-adae-bc0d1dae71ea,0.16,0.2975085490962384,12282.0,8371.0,546.29,NVIDIA GeForce RTX 4070,[N/A],Enabled,Enabled
1701814045.167284,0,GPU-93ae0c7f-c327-aee3-adae-bc0d1dae71ea,0.15,0.2974271291320632,12282.0,8372.0,546.29,NVIDIA GeForce RTX 4070,[N/A],Enabled,Enabled
1701814046.166758,0,GPU-93ae0c7f-c327-aee3-adae-bc0d1dae71ea,0.16,0.2974271291320632,12282.0,8372.0,546.29,NVIDIA GeForce RTX 4070,[N/A],Enabled,Enabled
1701814047.167471,0,GPU-93ae0c7f-c327-aee3-adae-bc0d1dae71ea,0.15,0.2974271291320632,12282.0,8372.0,546.29,NVIDIA GeForce RTX 4070,[N/A],Enabled,Enabled
1701814048.167011,0,GPU-93ae0c7f-c327-aee3-adae-bc0d1dae71ea,0.16,0.29734570916788794,12282.0,8373.0,546.29,NVIDIA GeForce RTX 4070,[N/A],Enabled,Enabled
1701814049.167635,0,GPU-93ae0c7f-c327-aee3-adae-bc0d1dae71ea,0.15,0.2971014492753623,12282.0,8376.0,546.29,NVIDIA GeForce RTX 4070,[N/A],Enabled,Enabled
