timestamp,id,uuid,load,memoryUtil,memoryTotal,memoryUsed,memoryFree,driver,name,serial,display_mode,display_active
1702737358.863122,0,GPU-93ae0c7f-c327-aee3-adae-bc0d1dae71ea,0.13,0.22512620094447158,12282.0,9260.0,546.33,NVIDIA GeForce RTX 4070,[N/A],Enabled,Enabled
1702737359.860544,0,GPU-93ae0c7f-c327-aee3-adae-bc0d1dae71ea,0.13,0.22512620094447158,12282.0,9260.0,546.33,NVIDIA GeForce RTX 4070,[N/A],Enabled,Enabled
1702737360.860616,0,GPU-93ae0c7f-c327-aee3-adae-bc0d1dae71ea,0.13,0.22512620094447158,12282.0,9260.0,546.33,NVIDIA GeForce RTX 4070,[N/A],Enabled,Enabled
1702737361.859998,0,GPU-93ae0c7f-c327-aee3-adae-bc0d1dae71ea,0.13,0.22512620094447158,12282.0,9260.0,546.33,NVIDIA GeForce RTX 4070,[N/A],Enabled,Enabled
1702737362.860495,0,GPU-93ae0c7f-c327-aee3-adae-bc0d1dae71ea,0.13,0.22512620094447158,12282.0,9260.0,546.33,NVIDIA GeForce RTX 4070,[N/A],Enabled,Enabled
1702737363.860115,0,GPU-93ae0c7f-c327-aee3-adae-bc0d1dae71ea,0.13,0.22512620094447158,12282.0,9260.0,546.33,NVIDIA GeForce RTX 4070,[N/A],Enabled,Enabled
1702737364.860309,0,GPU-93ae0c7f-c327-aee3-adae-bc0d1dae71ea,0.13,0.22512620094447158,12282.0,9260.0,546.33,NVIDIA GeForce RTX 4070,[N/A],Enabled,Enabled
1702737365.86001,0,GPU-93ae0c7f-c327-aee3-adae-bc0d1dae71ea,0.13,0.22512620094447158,12282.0,9260.0,546.33,NVIDIA GeForce RTX 4070,[N/A],Enabled,Enabled
1702737366.860625,0,GPU-93ae0c7f-c327-aee3-adae-bc0d1dae71ea,0.13,0.22512620094447158,12282.0,9260.0,546.33,NVIDIA GeForce RTX 4070,[N/A],Enabled,Enabled
1702737367.859845,0,GPU-93ae0c7f-c327-aee3-adae-bc0d1dae71ea,0.13,0.22512620094447158,12282.0,9260.0,546.33,NVIDIA GeForce RTX 4070,[N/A],Enabled,Enabled
1702737368.861151,0,GPU-93ae0c7f-c327-aee3-adae-bc0d1dae71ea,0.13,0.22512620094447158,12282.0,9260.0,546.33,NVIDIA GeForce RTX 4070,[N/A],Enabled,Enabled
1702737369.860836,0,GPU-93ae0c7f-c327-aee3-adae-bc0d1dae71ea,0.13,0.22512620094447158,12282.0,9260.0,546.33,NVIDIA GeForce RTX 4070,[N/A],Enabled,Enabled
1702737370.86025,0,GPU-93ae0c7f-c327-aee3-adae-bc0d1dae71ea,0.13,0.22512620094447158,12282.0,9260.0,546.33,NVIDIA GeForce RTX 4070,[N/A],Enabled,Enabled
1702737371.861044,0,GPU-93ae0c7f-c327-aee3-adae-bc0d1dae71ea,0.13,0.22512620094447158,12282.0,9260.0,546.33,NVIDIA GeForce RTX 4070,[N/A],Enabled,Enabled
1702737372.860311,0,GPU-93ae0c7f-c327-aee3-adae-bc0d1dae71ea,0.13,0.22512620094447158,12282.0,9260.0,546.33,NVIDIA GeForce RTX 4070,[N/A],Enabled,Enabled
1702737373.860368,0,GPU-93ae0c7f-c327-aee3-adae-bc0d1dae71ea,0.14,0.22537046083699724,12282.0,9257.0,546.33,NVIDIA GeForce RTX 4070,[N/A],Enabled,Enabled
1702737374.86097,0,GPU-93ae0c7f-c327-aee3-adae-bc0d1dae71ea,0.16,0.22732453997720242,12282.0,9233.0,546.33,NVIDIA GeForce RTX 4070,[N/A],Enabled,Enabled
1702737375.860179,0,GPU-93ae0c7f-c327-aee3-adae-bc0d1dae71ea,0.13,0.23546653639472398,12282.0,9133.0,546.33,NVIDIA GeForce RTX 4070,[N/A],Enabled,Enabled
1702737376.860268,0,GPU-93ae0c7f-c327-aee3-adae-bc0d1dae71ea,0.1,0.29620582966943493,12282.0,8387.0,546.33,NVIDIA GeForce RTX 4070,[N/A],Enabled,Enabled
1702737377.860454,0,GPU-93ae0c7f-c327-aee3-adae-bc0d1dae71ea,0.07,0.2961244097052597,12282.0,8388.0,546.33,NVIDIA GeForce RTX 4070,[N/A],Enabled,Enabled
1702737378.86108,0,GPU-93ae0c7f-c327-aee3-adae-bc0d1dae71ea,0.07,0.2961244097052597,12282.0,8388.0,546.33,NVIDIA GeForce RTX 4070,[N/A],Enabled,Enabled
1702737379.86093,0,GPU-93ae0c7f-c327-aee3-adae-bc0d1dae71ea,0.05,0.228301579547305,12282.0,9221.0,546.33,NVIDIA GeForce RTX 4070,[N/A],Enabled,Enabled
1702737380.860392,0,GPU-93ae0c7f-c327-aee3-adae-bc0d1dae71ea,0.23,0.5106660153069532,12282.0,5753.0,546.33,NVIDIA GeForce RTX 4070,[N/A],Enabled,Enabled
1702737381.859967,0,GPU-93ae0c7f-c327-aee3-adae-bc0d1dae71ea,0.27,0.41076371926396354,12282.0,6980.0,546.33,NVIDIA GeForce RTX 4070,[N/A],Enabled,Enabled
1702737382.860187,0,GPU-93ae0c7f-c327-aee3-adae-bc0d1dae71ea,0.26,0.4064484611626771,12282.0,7033.0,546.33,NVIDIA GeForce RTX 4070,[N/A],Enabled,Enabled
1702737383.860729,0,GPU-93ae0c7f-c327-aee3-adae-bc0d1dae71ea,0.15,0.4064484611626771,12282.0,7033.0,546.33,NVIDIA GeForce RTX 4070,[N/A],Enabled,Enabled
1702737384.860155,0,GPU-93ae0c7f-c327-aee3-adae-bc0d1dae71ea,0.24,0.4064484611626771,12282.0,7033.0,546.33,NVIDIA GeForce RTX 4070,[N/A],Enabled,Enabled
1702737385.860953,0,GPU-93ae0c7f-c327-aee3-adae-bc0d1dae71ea,0.25,0.41068229929978833,12282.0,6981.0,546.33,NVIDIA GeForce RTX 4070,[N/A],Enabled,Enabled
1702737386.860161,0,GPU-93ae0c7f-c327-aee3-adae-bc0d1dae71ea,0.27,0.4121478586549422,12282.0,6963.0,546.33,NVIDIA GeForce RTX 4070,[N/A],Enabled,Enabled
1702737387.860058,0,GPU-93ae0c7f-c327-aee3-adae-bc0d1dae71ea,0.27,0.4121478586549422,12282.0,6963.0,546.33,NVIDIA GeForce RTX 4070,[N/A],Enabled,Enabled
1702737388.860175,0,GPU-93ae0c7f-c327-aee3-adae-bc0d1dae71ea,0.29,0.4122292786191174,12282.0,6962.0,546.33,NVIDIA GeForce RTX 4070,[N/A],Enabled,Enabled
1702737389.86064,0,GPU-93ae0c7f-c327-aee3-adae-bc0d1dae71ea,0.27,0.407914020517831,12282.0,7015.0,546.33,NVIDIA GeForce RTX 4070,[N/A],Enabled,Enabled
1702737390.86038,0,GPU-93ae0c7f-c327-aee3-adae-bc0d1dae71ea,0.27,0.407914020517831,12282.0,7015.0,546.33,NVIDIA GeForce RTX 4070,[N/A],Enabled,Enabled
1702737391.860647,0,GPU-93ae0c7f-c327-aee3-adae-bc0d1dae71ea,0.29,0.4121478586549422,12282.0,6963.0,546.33,NVIDIA GeForce RTX 4070,[N/A],Enabled,Enabled
1702737392.861407,0,GPU-93ae0c7f-c327-aee3-adae-bc0d1dae71ea,0.25,0.4121478586549422,12282.0,6963.0,546.33,NVIDIA GeForce RTX 4070,[N/A],Enabled,Enabled
1702737393.860475,0,GPU-93ae0c7f-c327-aee3-adae-bc0d1dae71ea,0.28,0.4122292786191174,12282.0,6962.0,546.33,NVIDIA GeForce RTX 4070,[N/A],Enabled,Enabled
1702737394.859961,0,GPU-93ae0c7f-c327-aee3-adae-bc0d1dae71ea,0.25,0.407914020517831,12282.0,7015.0,546.33,NVIDIA GeForce RTX 4070,[N/A],Enabled,Enabled
1702737395.860903,0,GPU-93ae0c7f-c327-aee3-adae-bc0d1dae71ea,0.27,0.4121478586549422,12282.0,6963.0,546.33,NVIDIA GeForce RTX 4070,[N/A],Enabled,Enabled
1702737396.860122,0,GPU-93ae0c7f-c327-aee3-adae-bc0d1dae71ea,0.27,0.4121478586549422,12282.0,6963.0,546.33,NVIDIA GeForce RTX 4070,[N/A],Enabled,Enabled
1702737397.861146,0,GPU-93ae0c7f-c327-aee3-adae-bc0d1dae71ea,0.27,0.4121478586549422,12282.0,6963.0,546.33,NVIDIA GeForce RTX 4070,[N/A],Enabled,Enabled
1702737398.859832,0,GPU-93ae0c7f-c327-aee3-adae-bc0d1dae71ea,0.25,0.4122292786191174,12282.0,6962.0,546.33,NVIDIA GeForce RTX 4070,[N/A],Enabled,Enabled
1702737399.860176,0,GPU-93ae0c7f-c327-aee3-adae-bc0d1dae71ea,0.24,0.41597459697117734,12282.0,6916.0,546.33,NVIDIA GeForce RTX 4070,[N/A],Enabled,Enabled
1702737400.861119,0,GPU-93ae0c7f-c327-aee3-adae-bc0d1dae71ea,0.33,0.41597459697117734,12282.0,6916.0,546.33,NVIDIA GeForce RTX 4070,[N/A],Enabled,Enabled
1702737401.860389,0,GPU-93ae0c7f-c327-aee3-adae-bc0d1dae71ea,0.35,0.41597459697117734,12282.0,6916.0,546.33,NVIDIA GeForce RTX 4070,[N/A],Enabled,Enabled
1702737402.860681,0,GPU-93ae0c7f-c327-aee3-adae-bc0d1dae71ea,0.38,0.41597459697117734,12282.0,6916.0,546.33,NVIDIA GeForce RTX 4070,[N/A],Enabled,Enabled
1702737403.860555,0,GPU-93ae0c7f-c327-aee3-adae-bc0d1dae71ea,0.38,0.41597459697117734,12282.0,6916.0,546.33,NVIDIA GeForce RTX 4070,[N/A],Enabled,Enabled
1702737404.861571,0,GPU-93ae0c7f-c327-aee3-adae-bc0d1dae71ea,0.37,0.41597459697117734,12282.0,6916.0,546.33,NVIDIA GeForce RTX 4070,[N/A],Enabled,Enabled
1702737405.860443,0,GPU-93ae0c7f-c327-aee3-adae-bc0d1dae71ea,0.37,0.41597459697117734,12282.0,6916.0,546.33,NVIDIA GeForce RTX 4070,[N/A],Enabled,Enabled
1702737406.860729,0,GPU-93ae0c7f-c327-aee3-adae-bc0d1dae71ea,0.32,0.41597459697117734,12282.0,6916.0,546.33,NVIDIA GeForce RTX 4070,[N/A],Enabled,Enabled
1702737407.860186,0,GPU-93ae0c7f-c327-aee3-adae-bc0d1dae71ea,0.41,0.41597459697117734,12282.0,6916.0,546.33,NVIDIA GeForce RTX 4070,[N/A],Enabled,Enabled
1702737408.860254,0,GPU-93ae0c7f-c327-aee3-adae-bc0d1dae71ea,0.36,0.41597459697117734,12282.0,6916.0,546.33,NVIDIA GeForce RTX 4070,[N/A],Enabled,Enabled
1702737409.860691,0,GPU-93ae0c7f-c327-aee3-adae-bc0d1dae71ea,0.05,0.41597459697117734,12282.0,6916.0,546.33,NVIDIA GeForce RTX 4070,[N/A],Enabled,Enabled
1702737410.860176,0,GPU-93ae0c7f-c327-aee3-adae-bc0d1dae71ea,0.27,0.41597459697117734,12282.0,6916.0,546.33,NVIDIA GeForce RTX 4070,[N/A],Enabled,Enabled
1702737411.860312,0,GPU-93ae0c7f-c327-aee3-adae-bc0d1dae71ea,0.35,0.41597459697117734,12282.0,6916.0,546.33,NVIDIA GeForce RTX 4070,[N/A],Enabled,Enabled
1702737412.860567,0,GPU-93ae0c7f-c327-aee3-adae-bc0d1dae71ea,0.32,0.41597459697117734,12282.0,6916.0,546.33,NVIDIA GeForce RTX 4070,[N/A],Enabled,Enabled
1702737413.860407,0,GPU-93ae0c7f-c327-aee3-adae-bc0d1dae71ea,0.34,0.41597459697117734,12282.0,6916.0,546.33,NVIDIA GeForce RTX 4070,[N/A],Enabled,Enabled
1702737414.860292,0,GPU-93ae0c7f-c327-aee3-adae-bc0d1dae71ea,0.28,0.4141833577593226,12282.0,6938.0,546.33,NVIDIA GeForce RTX 4070,[N/A],Enabled,Enabled
1702737415.861304,0,GPU-93ae0c7f-c327-aee3-adae-bc0d1dae71ea,0.29,0.4141833577593226,12282.0,6938.0,546.33,NVIDIA GeForce RTX 4070,[N/A],Enabled,Enabled
1702737416.86067,0,GPU-93ae0c7f-c327-aee3-adae-bc0d1dae71ea,0.25,0.40986809965803617,12282.0,6991.0,546.33,NVIDIA GeForce RTX 4070,[N/A],Enabled,Enabled
1702737417.860266,0,GPU-93ae0c7f-c327-aee3-adae-bc0d1dae71ea,0.25,0.40986809965803617,12282.0,6991.0,546.33,NVIDIA GeForce RTX 4070,[N/A],Enabled,Enabled
1702737418.861101,0,GPU-93ae0c7f-c327-aee3-adae-bc0d1dae71ea,0.05,0.40986809965803617,12282.0,6991.0,546.33,NVIDIA GeForce RTX 4070,[N/A],Enabled,Enabled
1702737419.860959,0,GPU-93ae0c7f-c327-aee3-adae-bc0d1dae71ea,0.05,0.40986809965803617,12282.0,6991.0,546.33,NVIDIA GeForce RTX 4070,[N/A],Enabled,Enabled
1702737420.860433,0,GPU-93ae0c7f-c327-aee3-adae-bc0d1dae71ea,0.05,0.40986809965803617,12282.0,6991.0,546.33,NVIDIA GeForce RTX 4070,[N/A],Enabled,Enabled
1702737421.86074,0,GPU-93ae0c7f-c327-aee3-adae-bc0d1dae71ea,0.05,0.40986809965803617,12282.0,6991.0,546.33,NVIDIA GeForce RTX 4070,[N/A],Enabled,Enabled
1702737422.860284,0,GPU-93ae0c7f-c327-aee3-adae-bc0d1dae71ea,0.05,0.40986809965803617,12282.0,6991.0,546.33,NVIDIA GeForce RTX 4070,[N/A],Enabled,Enabled
1702737423.860549,0,GPU-93ae0c7f-c327-aee3-adae-bc0d1dae71ea,0.26,0.40986809965803617,12282.0,6991.0,546.33,NVIDIA GeForce RTX 4070,[N/A],Enabled,Enabled
1702737424.860002,0,GPU-93ae0c7f-c327-aee3-adae-bc0d1dae71ea,0.27,0.40986809965803617,12282.0,6991.0,546.33,NVIDIA GeForce RTX 4070,[N/A],Enabled,Enabled
1702737425.860249,0,GPU-93ae0c7f-c327-aee3-adae-bc0d1dae71ea,0.26,0.40986809965803617,12282.0,6991.0,546.33,NVIDIA GeForce RTX 4070,[N/A],Enabled,Enabled
1702737426.860341,0,GPU-93ae0c7f-c327-aee3-adae-bc0d1dae71ea,0.26,0.40986809965803617,12282.0,6991.0,546.33,NVIDIA GeForce RTX 4070,[N/A],Enabled,Enabled
1702737427.860233,0,GPU-93ae0c7f-c327-aee3-adae-bc0d1dae71ea,0.05,0.40986809965803617,12282.0,6991.0,546.33,NVIDIA GeForce RTX 4070,[N/A],Enabled,Enabled
1702737428.860535,0,GPU-93ae0c7f-c327-aee3-adae-bc0d1dae71ea,0.08,0.40986809965803617,12282.0,6991.0,546.33,NVIDIA GeForce RTX 4070,[N/A],Enabled,Enabled
1702737429.860921,0,GPU-93ae0c7f-c327-aee3-adae-bc0d1dae71ea,0.05,0.40986809965803617,12282.0,6991.0,546.33,NVIDIA GeForce RTX 4070,[N/A],Enabled,Enabled
1702737430.860359,0,GPU-93ae0c7f-c327-aee3-adae-bc0d1dae71ea,0.11,0.40986809965803617,12282.0,6991.0,546.33,NVIDIA GeForce RTX 4070,[N/A],Enabled,Enabled
1702737431.859795,0,GPU-93ae0c7f-c327-aee3-adae-bc0d1dae71ea,0.26,0.40986809965803617,12282.0,6991.0,546.33,NVIDIA GeForce RTX 4070,[N/A],Enabled,Enabled
1702737432.860448,0,GPU-93ae0c7f-c327-aee3-adae-bc0d1dae71ea,0.24,0.40986809965803617,12282.0,6991.0,546.33,NVIDIA GeForce RTX 4070,[N/A],Enabled,Enabled
1702737433.860225,0,GPU-93ae0c7f-c327-aee3-adae-bc0d1dae71ea,0.26,0.40986809965803617,12282.0,6991.0,546.33,NVIDIA GeForce RTX 4070,[N/A],Enabled,Enabled
1702737434.860991,0,GPU-93ae0c7f-c327-aee3-adae-bc0d1dae71ea,0.1,0.40986809965803617,12282.0,6991.0,546.33,NVIDIA GeForce RTX 4070,[N/A],Enabled,Enabled
1702737435.861286,0,GPU-93ae0c7f-c327-aee3-adae-bc0d1dae71ea,0.24,0.40986809965803617,12282.0,6991.0,546.33,NVIDIA GeForce RTX 4070,[N/A],Enabled,Enabled
1702737436.860314,0,GPU-93ae0c7f-c327-aee3-adae-bc0d1dae71ea,0.25,0.40986809965803617,12282.0,6991.0,546.33,NVIDIA GeForce RTX 4070,[N/A],Enabled,Enabled
1702737437.860959,0,GPU-93ae0c7f-c327-aee3-adae-bc0d1dae71ea,0.26,0.40986809965803617,12282.0,6991.0,546.33,NVIDIA GeForce RTX 4070,[N/A],Enabled,Enabled
1702737438.860245,0,GPU-93ae0c7f-c327-aee3-adae-bc0d1dae71ea,0.05,0.40986809965803617,12282.0,6991.0,546.33,NVIDIA GeForce RTX 4070,[N/A],Enabled,Enabled
1702737439.859971,0,GPU-93ae0c7f-c327-aee3-adae-bc0d1dae71ea,0.05,0.40986809965803617,12282.0,6991.0,546.33,NVIDIA GeForce RTX 4070,[N/A],Enabled,Enabled
1702737440.860449,0,GPU-93ae0c7f-c327-aee3-adae-bc0d1dae71ea,0.05,0.40986809965803617,12282.0,6991.0,546.33,NVIDIA GeForce RTX 4070,[N/A],Enabled,Enabled
1702737441.860477,0,GPU-93ae0c7f-c327-aee3-adae-bc0d1dae71ea,0.05,0.40986809965803617,12282.0,6991.0,546.33,NVIDIA GeForce RTX 4070,[N/A],Enabled,Enabled
1702737442.860113,0,GPU-93ae0c7f-c327-aee3-adae-bc0d1dae71ea,0.05,0.40986809965803617,12282.0,6991.0,546.33,NVIDIA GeForce RTX 4070,[N/A],Enabled,Enabled
1702737443.860677,0,GPU-93ae0c7f-c327-aee3-adae-bc0d1dae71ea,0.07,0.40986809965803617,12282.0,6991.0,546.33,NVIDIA GeForce RTX 4070,[N/A],Enabled,Enabled
1702737444.86063,0,GPU-93ae0c7f-c327-aee3-adae-bc0d1dae71ea,0.11,0.40986809965803617,12282.0,6991.0,546.33,NVIDIA GeForce RTX 4070,[N/A],Enabled,Enabled
1702737445.860203,0,GPU-93ae0c7f-c327-aee3-adae-bc0d1dae71ea,0.05,0.40986809965803617,12282.0,6991.0,546.33,NVIDIA GeForce RTX 4070,[N/A],Enabled,Enabled
1702737446.860812,0,GPU-93ae0c7f-c327-aee3-adae-bc0d1dae71ea,0.05,0.40986809965803617,12282.0,6991.0,546.33,NVIDIA GeForce RTX 4070,[N/A],Enabled,Enabled
1702737447.860699,0,GPU-93ae0c7f-c327-aee3-adae-bc0d1dae71ea,0.1,0.40986809965803617,12282.0,6991.0,546.33,NVIDIA GeForce RTX 4070,[N/A],Enabled,Enabled
1702737448.860688,0,GPU-93ae0c7f-c327-aee3-adae-bc0d1dae71ea,0.29,0.40986809965803617,12282.0,6991.0,546.33,NVIDIA GeForce RTX 4070,[N/A],Enabled,Enabled
1702737449.860915,0,GPU-93ae0c7f-c327-aee3-adae-bc0d1dae71ea,0.26,0.40986809965803617,12282.0,6991.0,546.33,NVIDIA GeForce RTX 4070,[N/A],Enabled,Enabled
1702737450.86061,0,GPU-93ae0c7f-c327-aee3-adae-bc0d1dae71ea,0.26,0.40986809965803617,12282.0,6991.0,546.33,NVIDIA GeForce RTX 4070,[N/A],Enabled,Enabled
1702737451.860423,0,GPU-93ae0c7f-c327-aee3-adae-bc0d1dae71ea,0.05,0.40986809965803617,12282.0,6991.0,546.33,NVIDIA GeForce RTX 4070,[N/A],Enabled,Enabled
1702737452.860503,0,GPU-93ae0c7f-c327-aee3-adae-bc0d1dae71ea,0.06,0.40986809965803617,12282.0,6991.0,546.33,NVIDIA GeForce RTX 4070,[N/A],Enabled,Enabled
1702737453.860257,0,GPU-93ae0c7f-c327-aee3-adae-bc0d1dae71ea,0.27,0.40986809965803617,12282.0,6991.0,546.33,NVIDIA GeForce RTX 4070,[N/A],Enabled,Enabled
1702737454.860474,0,GPU-93ae0c7f-c327-aee3-adae-bc0d1dae71ea,0.25,0.40986809965803617,12282.0,6991.0,546.33,NVIDIA GeForce RTX 4070,[N/A],Enabled,Enabled
1702737455.860298,0,GPU-93ae0c7f-c327-aee3-adae-bc0d1dae71ea,0.26,0.40986809965803617,12282.0,6991.0,546.33,NVIDIA GeForce RTX 4070,[N/A],Enabled,Enabled
1702737456.860906,0,GPU-93ae0c7f-c327-aee3-adae-bc0d1dae71ea,0.25,0.40986809965803617,12282.0,6991.0,546.33,NVIDIA GeForce RTX 4070,[N/A],Enabled,Enabled
1702737457.861177,0,GPU-93ae0c7f-c327-aee3-adae-bc0d1dae71ea,0.26,0.40986809965803617,12282.0,6991.0,546.33,NVIDIA GeForce RTX 4070,[N/A],Enabled,Enabled
1702737458.861239,0,GPU-93ae0c7f-c327-aee3-adae-bc0d1dae71ea,0.26,0.40986809965803617,12282.0,6991.0,546.33,NVIDIA GeForce RTX 4070,[N/A],Enabled,Enabled
1702737459.860479,0,GPU-93ae0c7f-c327-aee3-adae-bc0d1dae71ea,0.26,0.40986809965803617,12282.0,6991.0,546.33,NVIDIA GeForce RTX 4070,[N/A],Enabled,Enabled
1702737460.86082,0,GPU-93ae0c7f-c327-aee3-adae-bc0d1dae71ea,0.05,0.40986809965803617,12282.0,6991.0,546.33,NVIDIA GeForce RTX 4070,[N/A],Enabled,Enabled
1702737461.860006,0,GPU-93ae0c7f-c327-aee3-adae-bc0d1dae71ea,0.04,0.40986809965803617,12282.0,6991.0,546.33,NVIDIA GeForce RTX 4070,[N/A],Enabled,Enabled
1702737462.860492,0,GPU-93ae0c7f-c327-aee3-adae-bc0d1dae71ea,0.13,0.40986809965803617,12282.0,6991.0,546.33,NVIDIA GeForce RTX 4070,[N/A],Enabled,Enabled
1702737463.860926,0,GPU-93ae0c7f-c327-aee3-adae-bc0d1dae71ea,0.25,0.40986809965803617,12282.0,6991.0,546.33,NVIDIA GeForce RTX 4070,[N/A],Enabled,Enabled
1702737464.860266,0,GPU-93ae0c7f-c327-aee3-adae-bc0d1dae71ea,0.26,0.40986809965803617,12282.0,6991.0,546.33,NVIDIA GeForce RTX 4070,[N/A],Enabled,Enabled
1702737465.860109,0,GPU-93ae0c7f-c327-aee3-adae-bc0d1dae71ea,0.25,0.40986809965803617,12282.0,6991.0,546.33,NVIDIA GeForce RTX 4070,[N/A],Enabled,Enabled
1702737466.860928,0,GPU-93ae0c7f-c327-aee3-adae-bc0d1dae71ea,0.2,0.40986809965803617,12282.0,6991.0,546.33,NVIDIA GeForce RTX 4070,[N/A],Enabled,Enabled
1702737467.860505,0,GPU-93ae0c7f-c327-aee3-adae-bc0d1dae71ea,0.05,0.40986809965803617,12282.0,6991.0,546.33,NVIDIA GeForce RTX 4070,[N/A],Enabled,Enabled
1702737468.860378,0,GPU-93ae0c7f-c327-aee3-adae-bc0d1dae71ea,0.09,0.40986809965803617,12282.0,6991.0,546.33,NVIDIA GeForce RTX 4070,[N/A],Enabled,Enabled
1702737469.860313,0,GPU-93ae0c7f-c327-aee3-adae-bc0d1dae71ea,0.05,0.40986809965803617,12282.0,6991.0,546.33,NVIDIA GeForce RTX 4070,[N/A],Enabled,Enabled
1702737470.860154,0,GPU-93ae0c7f-c327-aee3-adae-bc0d1dae71ea,0.05,0.40986809965803617,12282.0,6991.0,546.33,NVIDIA GeForce RTX 4070,[N/A],Enabled,Enabled
1702737471.860683,0,GPU-93ae0c7f-c327-aee3-adae-bc0d1dae71ea,0.04,0.40986809965803617,12282.0,6991.0,546.33,NVIDIA GeForce RTX 4070,[N/A],Enabled,Enabled
1702737472.860218,0,GPU-93ae0c7f-c327-aee3-adae-bc0d1dae71ea,0.04,0.40986809965803617,12282.0,6991.0,546.33,NVIDIA GeForce RTX 4070,[N/A],Enabled,Enabled
1702737473.861226,0,GPU-93ae0c7f-c327-aee3-adae-bc0d1dae71ea,0.08,0.40986809965803617,12282.0,6991.0,546.33,NVIDIA GeForce RTX 4070,[N/A],Enabled,Enabled
1702737474.860209,0,GPU-93ae0c7f-c327-aee3-adae-bc0d1dae71ea,0.05,0.40986809965803617,12282.0,6991.0,546.33,NVIDIA GeForce RTX 4070,[N/A],Enabled,Enabled
1702737475.860428,0,GPU-93ae0c7f-c327-aee3-adae-bc0d1dae71ea,0.05,0.40986809965803617,12282.0,6991.0,546.33,NVIDIA GeForce RTX 4070,[N/A],Enabled,Enabled
1702737476.860425,0,GPU-93ae0c7f-c327-aee3-adae-bc0d1dae71ea,0.04,0.40986809965803617,12282.0,6991.0,546.33,NVIDIA GeForce RTX 4070,[N/A],Enabled,Enabled
1702737477.860537,0,GPU-93ae0c7f-c327-aee3-adae-bc0d1dae71ea,0.09,0.40986809965803617,12282.0,6991.0,546.33,NVIDIA GeForce RTX 4070,[N/A],Enabled,Enabled
1702737478.860044,0,GPU-93ae0c7f-c327-aee3-adae-bc0d1dae71ea,0.04,0.40986809965803617,12282.0,6991.0,546.33,NVIDIA GeForce RTX 4070,[N/A],Enabled,Enabled
1702737479.861144,0,GPU-93ae0c7f-c327-aee3-adae-bc0d1dae71ea,0.05,0.40986809965803617,12282.0,6991.0,546.33,NVIDIA GeForce RTX 4070,[N/A],Enabled,Enabled
1702737480.860065,0,GPU-93ae0c7f-c327-aee3-adae-bc0d1dae71ea,0.05,0.40986809965803617,12282.0,6991.0,546.33,NVIDIA GeForce RTX 4070,[N/A],Enabled,Enabled
1702737481.860722,0,GPU-93ae0c7f-c327-aee3-adae-bc0d1dae71ea,0.05,0.40986809965803617,12282.0,6991.0,546.33,NVIDIA GeForce RTX 4070,[N/A],Enabled,Enabled
1702737482.860484,0,GPU-93ae0c7f-c327-aee3-adae-bc0d1dae71ea,0.04,0.40986809965803617,12282.0,6991.0,546.33,NVIDIA GeForce RTX 4070,[N/A],Enabled,Enabled
1702737483.860568,0,GPU-93ae0c7f-c327-aee3-adae-bc0d1dae71ea,0.27,0.40986809965803617,12282.0,6991.0,546.33,NVIDIA GeForce RTX 4070,[N/A],Enabled,Enabled
1702737484.860495,0,GPU-93ae0c7f-c327-aee3-adae-bc0d1dae71ea,0.25,0.40986809965803617,12282.0,6991.0,546.33,NVIDIA GeForce RTX 4070,[N/A],Enabled,Enabled
1702737485.860303,0,GPU-93ae0c7f-c327-aee3-adae-bc0d1dae71ea,0.11,0.40986809965803617,12282.0,6991.0,546.33,NVIDIA GeForce RTX 4070,[N/A],Enabled,Enabled
1702737486.859914,0,GPU-93ae0c7f-c327-aee3-adae-bc0d1dae71ea,0.24,0.40986809965803617,12282.0,6991.0,546.33,NVIDIA GeForce RTX 4070,[N/A],Enabled,Enabled
1702737487.861132,0,GPU-93ae0c7f-c327-aee3-adae-bc0d1dae71ea,0.25,0.40986809965803617,12282.0,6991.0,546.33,NVIDIA GeForce RTX 4070,[N/A],Enabled,Enabled
1702737488.860548,0,GPU-93ae0c7f-c327-aee3-adae-bc0d1dae71ea,0.26,0.40986809965803617,12282.0,6991.0,546.33,NVIDIA GeForce RTX 4070,[N/A],Enabled,Enabled
1702737489.860199,0,GPU-93ae0c7f-c327-aee3-adae-bc0d1dae71ea,0.05,0.40986809965803617,12282.0,6991.0,546.33,NVIDIA GeForce RTX 4070,[N/A],Enabled,Enabled
1702737490.860022,0,GPU-93ae0c7f-c327-aee3-adae-bc0d1dae71ea,0.05,0.40986809965803617,12282.0,6991.0,546.33,NVIDIA GeForce RTX 4070,[N/A],Enabled,Enabled
1702737491.860726,0,GPU-93ae0c7f-c327-aee3-adae-bc0d1dae71ea,0.05,0.40986809965803617,12282.0,6991.0,546.33,NVIDIA GeForce RTX 4070,[N/A],Enabled,Enabled
1702737492.860737,0,GPU-93ae0c7f-c327-aee3-adae-bc0d1dae71ea,0.05,0.40986809965803617,12282.0,6991.0,546.33,NVIDIA GeForce RTX 4070,[N/A],Enabled,Enabled
1702737493.860487,0,GPU-93ae0c7f-c327-aee3-adae-bc0d1dae71ea,0.05,0.40986809965803617,12282.0,6991.0,546.33,NVIDIA GeForce RTX 4070,[N/A],Enabled,Enabled
1702737494.86049,0,GPU-93ae0c7f-c327-aee3-adae-bc0d1dae71ea,0.05,0.40986809965803617,12282.0,6991.0,546.33,NVIDIA GeForce RTX 4070,[N/A],Enabled,Enabled
1702737495.860244,0,GPU-93ae0c7f-c327-aee3-adae-bc0d1dae71ea,0.05,0.40986809965803617,12282.0,6991.0,546.33,NVIDIA GeForce RTX 4070,[N/A],Enabled,Enabled
1702737496.860299,0,GPU-93ae0c7f-c327-aee3-adae-bc0d1dae71ea,0.07,0.40986809965803617,12282.0,6991.0,546.33,NVIDIA GeForce RTX 4070,[N/A],Enabled,Enabled
1702737497.860416,0,GPU-93ae0c7f-c327-aee3-adae-bc0d1dae71ea,0.05,0.40986809965803617,12282.0,6991.0,546.33,NVIDIA GeForce RTX 4070,[N/A],Enabled,Enabled
1702737498.860843,0,GPU-93ae0c7f-c327-aee3-adae-bc0d1dae71ea,0.05,0.40986809965803617,12282.0,6991.0,546.33,NVIDIA GeForce RTX 4070,[N/A],Enabled,Enabled
1702737499.860306,0,GPU-93ae0c7f-c327-aee3-adae-bc0d1dae71ea,0.05,0.40986809965803617,12282.0,6991.0,546.33,NVIDIA GeForce RTX 4070,[N/A],Enabled,Enabled
1702737500.86018,0,GPU-93ae0c7f-c327-aee3-adae-bc0d1dae71ea,0.05,0.40986809965803617,12282.0,6991.0,546.33,NVIDIA GeForce RTX 4070,[N/A],Enabled,Enabled
1702737501.860331,0,GPU-93ae0c7f-c327-aee3-adae-bc0d1dae71ea,0.05,0.40986809965803617,12282.0,6991.0,546.33,NVIDIA GeForce RTX 4070,[N/A],Enabled,Enabled
1702737502.860066,0,GPU-93ae0c7f-c327-aee3-adae-bc0d1dae71ea,0.05,0.40986809965803617,12282.0,6991.0,546.33,NVIDIA GeForce RTX 4070,[N/A],Enabled,Enabled
1702737503.860828,0,GPU-93ae0c7f-c327-aee3-adae-bc0d1dae71ea,0.05,0.40986809965803617,12282.0,6991.0,546.33,NVIDIA GeForce RTX 4070,[N/A],Enabled,Enabled
1702737504.860525,0,GPU-93ae0c7f-c327-aee3-adae-bc0d1dae71ea,0.04,0.40986809965803617,12282.0,6991.0,546.33,NVIDIA GeForce RTX 4070,[N/A],Enabled,Enabled
1702737505.860354,0,GPU-93ae0c7f-c327-aee3-adae-bc0d1dae71ea,0.05,0.40986809965803617,12282.0,6991.0,546.33,NVIDIA GeForce RTX 4070,[N/A],Enabled,Enabled
1702737506.860566,0,GPU-93ae0c7f-c327-aee3-adae-bc0d1dae71ea,0.05,0.40986809965803617,12282.0,6991.0,546.33,NVIDIA GeForce RTX 4070,[N/A],Enabled,Enabled
1702737507.86038,0,GPU-93ae0c7f-c327-aee3-adae-bc0d1dae71ea,0.05,0.40986809965803617,12282.0,6991.0,546.33,NVIDIA GeForce RTX 4070,[N/A],Enabled,Enabled
1702737508.860496,0,GPU-93ae0c7f-c327-aee3-adae-bc0d1dae71ea,0.05,0.40986809965803617,12282.0,6991.0,546.33,NVIDIA GeForce RTX 4070,[N/A],Enabled,Enabled
1702737509.86037,0,GPU-93ae0c7f-c327-aee3-adae-bc0d1dae71ea,0.04,0.40986809965803617,12282.0,6991.0,546.33,NVIDIA GeForce RTX 4070,[N/A],Enabled,Enabled
1702737510.859968,0,GPU-93ae0c7f-c327-aee3-adae-bc0d1dae71ea,0.11,0.40986809965803617,12282.0,6991.0,546.33,NVIDIA GeForce RTX 4070,[N/A],Enabled,Enabled
1702737511.860357,0,GPU-93ae0c7f-c327-aee3-adae-bc0d1dae71ea,0.04,0.40986809965803617,12282.0,6991.0,546.33,NVIDIA GeForce RTX 4070,[N/A],Enabled,Enabled
1702737512.860299,0,GPU-93ae0c7f-c327-aee3-adae-bc0d1dae71ea,0.27,0.40986809965803617,12282.0,6991.0,546.33,NVIDIA GeForce RTX 4070,[N/A],Enabled,Enabled
1702737513.860394,0,GPU-93ae0c7f-c327-aee3-adae-bc0d1dae71ea,0.27,0.40986809965803617,12282.0,6991.0,546.33,NVIDIA GeForce RTX 4070,[N/A],Enabled,Enabled
1702737514.859885,0,GPU-93ae0c7f-c327-aee3-adae-bc0d1dae71ea,0.26,0.40986809965803617,12282.0,6991.0,546.33,NVIDIA GeForce RTX 4070,[N/A],Enabled,Enabled
1702737515.860136,0,GPU-93ae0c7f-c327-aee3-adae-bc0d1dae71ea,0.26,0.40986809965803617,12282.0,6991.0,546.33,NVIDIA GeForce RTX 4070,[N/A],Enabled,Enabled
1702737516.860268,0,GPU-93ae0c7f-c327-aee3-adae-bc0d1dae71ea,0.25,0.40986809965803617,12282.0,6991.0,546.33,NVIDIA GeForce RTX 4070,[N/A],Enabled,Enabled
1702737517.861015,0,GPU-93ae0c7f-c327-aee3-adae-bc0d1dae71ea,0.26,0.40986809965803617,12282.0,6991.0,546.33,NVIDIA GeForce RTX 4070,[N/A],Enabled,Enabled
1702737518.859927,0,GPU-93ae0c7f-c327-aee3-adae-bc0d1dae71ea,0.25,0.40986809965803617,12282.0,6991.0,546.33,NVIDIA GeForce RTX 4070,[N/A],Enabled,Enabled
1702737519.860226,0,GPU-93ae0c7f-c327-aee3-adae-bc0d1dae71ea,0.05,0.40986809965803617,12282.0,6991.0,546.33,NVIDIA GeForce RTX 4070,[N/A],Enabled,Enabled
1702737520.860222,0,GPU-93ae0c7f-c327-aee3-adae-bc0d1dae71ea,0.25,0.40986809965803617,12282.0,6991.0,546.33,NVIDIA GeForce RTX 4070,[N/A],Enabled,Enabled
1702737521.859991,0,GPU-93ae0c7f-c327-aee3-adae-bc0d1dae71ea,0.26,0.40986809965803617,12282.0,6991.0,546.33,NVIDIA GeForce RTX 4070,[N/A],Enabled,Enabled
1702737522.860831,0,GPU-93ae0c7f-c327-aee3-adae-bc0d1dae71ea,0.11,0.40986809965803617,12282.0,6991.0,546.33,NVIDIA GeForce RTX 4070,[N/A],Enabled,Enabled
1702737523.860856,0,GPU-93ae0c7f-c327-aee3-adae-bc0d1dae71ea,0.06,0.40986809965803617,12282.0,6991.0,546.33,NVIDIA GeForce RTX 4070,[N/A],Enabled,Enabled
1702737524.86045,0,GPU-93ae0c7f-c327-aee3-adae-bc0d1dae71ea,0.05,0.40986809965803617,12282.0,6991.0,546.33,NVIDIA GeForce RTX 4070,[N/A],Enabled,Enabled
1702737525.860549,0,GPU-93ae0c7f-c327-aee3-adae-bc0d1dae71ea,0.07,0.40986809965803617,12282.0,6991.0,546.33,NVIDIA GeForce RTX 4070,[N/A],Enabled,Enabled
1702737526.860441,0,GPU-93ae0c7f-c327-aee3-adae-bc0d1dae71ea,0.05,0.40986809965803617,12282.0,6991.0,546.33,NVIDIA GeForce RTX 4070,[N/A],Enabled,Enabled
1702737527.860522,0,GPU-93ae0c7f-c327-aee3-adae-bc0d1dae71ea,0.05,0.40986809965803617,12282.0,6991.0,546.33,NVIDIA GeForce RTX 4070,[N/A],Enabled,Enabled
1702737528.860349,0,GPU-93ae0c7f-c327-aee3-adae-bc0d1dae71ea,0.05,0.40986809965803617,12282.0,6991.0,546.33,NVIDIA GeForce RTX 4070,[N/A],Enabled,Enabled
1702737529.861222,0,GPU-93ae0c7f-c327-aee3-adae-bc0d1dae71ea,0.12,0.40986809965803617,12282.0,6991.0,546.33,NVIDIA GeForce RTX 4070,[N/A],Enabled,Enabled
1702737530.859758,0,GPU-93ae0c7f-c327-aee3-adae-bc0d1dae71ea,0.27,0.40986809965803617,12282.0,6991.0,546.33,NVIDIA GeForce RTX 4070,[N/A],Enabled,Enabled
1702737531.860574,0,GPU-93ae0c7f-c327-aee3-adae-bc0d1dae71ea,0.25,0.40986809965803617,12282.0,6991.0,546.33,NVIDIA GeForce RTX 4070,[N/A],Enabled,Enabled
1702737532.860285,0,GPU-93ae0c7f-c327-aee3-adae-bc0d1dae71ea,0.26,0.40986809965803617,12282.0,6991.0,546.33,NVIDIA GeForce RTX 4070,[N/A],Enabled,Enabled
1702737533.860208,0,GPU-93ae0c7f-c327-aee3-adae-bc0d1dae71ea,0.25,0.40986809965803617,12282.0,6991.0,546.33,NVIDIA GeForce RTX 4070,[N/A],Enabled,Enabled
1702737534.860652,0,GPU-93ae0c7f-c327-aee3-adae-bc0d1dae71ea,0.26,0.40986809965803617,12282.0,6991.0,546.33,NVIDIA GeForce RTX 4070,[N/A],Enabled,Enabled
1702737535.860499,0,GPU-93ae0c7f-c327-aee3-adae-bc0d1dae71ea,0.25,0.40986809965803617,12282.0,6991.0,546.33,NVIDIA GeForce RTX 4070,[N/A],Enabled,Enabled
1702737536.860054,0,GPU-93ae0c7f-c327-aee3-adae-bc0d1dae71ea,0.06,0.40986809965803617,12282.0,6991.0,546.33,NVIDIA GeForce RTX 4070,[N/A],Enabled,Enabled
1702737537.860866,0,GPU-93ae0c7f-c327-aee3-adae-bc0d1dae71ea,0.25,0.40986809965803617,12282.0,6991.0,546.33,NVIDIA GeForce RTX 4070,[N/A],Enabled,Enabled
1702737538.860216,0,GPU-93ae0c7f-c327-aee3-adae-bc0d1dae71ea,0.25,0.40986809965803617,12282.0,6991.0,546.33,NVIDIA GeForce RTX 4070,[N/A],Enabled,Enabled
1702737539.860129,0,GPU-93ae0c7f-c327-aee3-adae-bc0d1dae71ea,0.25,0.40986809965803617,12282.0,6991.0,546.33,NVIDIA GeForce RTX 4070,[N/A],Enabled,Enabled
1702737540.860522,0,GPU-93ae0c7f-c327-aee3-adae-bc0d1dae71ea,0.24,0.40986809965803617,12282.0,6991.0,546.33,NVIDIA GeForce RTX 4070,[N/A],Enabled,Enabled
1702737541.860916,0,GPU-93ae0c7f-c327-aee3-adae-bc0d1dae71ea,0.25,0.40986809965803617,12282.0,6991.0,546.33,NVIDIA GeForce RTX 4070,[N/A],Enabled,Enabled
1702737542.86028,0,GPU-93ae0c7f-c327-aee3-adae-bc0d1dae71ea,0.26,0.40986809965803617,12282.0,6991.0,546.33,NVIDIA GeForce RTX 4070,[N/A],Enabled,Enabled
1702737543.860464,0,GPU-93ae0c7f-c327-aee3-adae-bc0d1dae71ea,0.26,0.40986809965803617,12282.0,6991.0,546.33,NVIDIA GeForce RTX 4070,[N/A],Enabled,Enabled
1702737544.860525,0,GPU-93ae0c7f-c327-aee3-adae-bc0d1dae71ea,0.26,0.40986809965803617,12282.0,6991.0,546.33,NVIDIA GeForce RTX 4070,[N/A],Enabled,Enabled
1702737545.86091,0,GPU-93ae0c7f-c327-aee3-adae-bc0d1dae71ea,0.22,0.40986809965803617,12282.0,6991.0,546.33,NVIDIA GeForce RTX 4070,[N/A],Enabled,Enabled
1702737546.860706,0,GPU-93ae0c7f-c327-aee3-adae-bc0d1dae71ea,0.25,0.40986809965803617,12282.0,6991.0,546.33,NVIDIA GeForce RTX 4070,[N/A],Enabled,Enabled
1702737547.861187,0,GPU-93ae0c7f-c327-aee3-adae-bc0d1dae71ea,0.25,0.40986809965803617,12282.0,6991.0,546.33,NVIDIA GeForce RTX 4070,[N/A],Enabled,Enabled
1702737548.860105,0,GPU-93ae0c7f-c327-aee3-adae-bc0d1dae71ea,0.08,0.40986809965803617,12282.0,6991.0,546.33,NVIDIA GeForce RTX 4070,[N/A],Enabled,Enabled
1702737549.860288,0,GPU-93ae0c7f-c327-aee3-adae-bc0d1dae71ea,0.09,0.40986809965803617,12282.0,6991.0,546.33,NVIDIA GeForce RTX 4070,[N/A],Enabled,Enabled
1702737550.860034,0,GPU-93ae0c7f-c327-aee3-adae-bc0d1dae71ea,0.27,0.40986809965803617,12282.0,6991.0,546.33,NVIDIA GeForce RTX 4070,[N/A],Enabled,Enabled
1702737551.859982,0,GPU-93ae0c7f-c327-aee3-adae-bc0d1dae71ea,0.25,0.40986809965803617,12282.0,6991.0,546.33,NVIDIA GeForce RTX 4070,[N/A],Enabled,Enabled
1702737552.860409,0,GPU-93ae0c7f-c327-aee3-adae-bc0d1dae71ea,0.25,0.40986809965803617,12282.0,6991.0,546.33,NVIDIA GeForce RTX 4070,[N/A],Enabled,Enabled
1702737553.86114,0,GPU-93ae0c7f-c327-aee3-adae-bc0d1dae71ea,0.26,0.40986809965803617,12282.0,6991.0,546.33,NVIDIA GeForce RTX 4070,[N/A],Enabled,Enabled
1702737554.861281,0,GPU-93ae0c7f-c327-aee3-adae-bc0d1dae71ea,0.07,0.40986809965803617,12282.0,6991.0,546.33,NVIDIA GeForce RTX 4070,[N/A],Enabled,Enabled
1702737555.861024,0,GPU-93ae0c7f-c327-aee3-adae-bc0d1dae71ea,0.05,0.40986809965803617,12282.0,6991.0,546.33,NVIDIA GeForce RTX 4070,[N/A],Enabled,Enabled
1702737556.860531,0,GPU-93ae0c7f-c327-aee3-adae-bc0d1dae71ea,0.27,0.40986809965803617,12282.0,6991.0,546.33,NVIDIA GeForce RTX 4070,[N/A],Enabled,Enabled
1702737557.860649,0,GPU-93ae0c7f-c327-aee3-adae-bc0d1dae71ea,0.25,0.40986809965803617,12282.0,6991.0,546.33,NVIDIA GeForce RTX 4070,[N/A],Enabled,Enabled
1702737558.861048,0,GPU-93ae0c7f-c327-aee3-adae-bc0d1dae71ea,0.05,0.40986809965803617,12282.0,6991.0,546.33,NVIDIA GeForce RTX 4070,[N/A],Enabled,Enabled
1702737559.860173,0,GPU-93ae0c7f-c327-aee3-adae-bc0d1dae71ea,0.25,0.40986809965803617,12282.0,6991.0,546.33,NVIDIA GeForce RTX 4070,[N/A],Enabled,Enabled
1702737560.859911,0,GPU-93ae0c7f-c327-aee3-adae-bc0d1dae71ea,0.25,0.40986809965803617,12282.0,6991.0,546.33,NVIDIA GeForce RTX 4070,[N/A],Enabled,Enabled
1702737561.86108,0,GPU-93ae0c7f-c327-aee3-adae-bc0d1dae71ea,0.26,0.40986809965803617,12282.0,6991.0,546.33,NVIDIA GeForce RTX 4070,[N/A],Enabled,Enabled
1702737562.860387,0,GPU-93ae0c7f-c327-aee3-adae-bc0d1dae71ea,0.26,0.40986809965803617,12282.0,6991.0,546.33,NVIDIA GeForce RTX 4070,[N/A],Enabled,Enabled
1702737563.860642,0,GPU-93ae0c7f-c327-aee3-adae-bc0d1dae71ea,0.25,0.40986809965803617,12282.0,6991.0,546.33,NVIDIA GeForce RTX 4070,[N/A],Enabled,Enabled
1702737564.859843,0,GPU-93ae0c7f-c327-aee3-adae-bc0d1dae71ea,0.14,0.40986809965803617,12282.0,6991.0,546.33,NVIDIA GeForce RTX 4070,[N/A],Enabled,Enabled
1702737565.860541,0,GPU-93ae0c7f-c327-aee3-adae-bc0d1dae71ea,0.05,0.40986809965803617,12282.0,6991.0,546.33,NVIDIA GeForce RTX 4070,[N/A],Enabled,Enabled
1702737566.860096,0,GPU-93ae0c7f-c327-aee3-adae-bc0d1dae71ea,0.05,0.40986809965803617,12282.0,6991.0,546.33,NVIDIA GeForce RTX 4070,[N/A],Enabled,Enabled
1702737567.861081,0,GPU-93ae0c7f-c327-aee3-adae-bc0d1dae71ea,0.04,0.40986809965803617,12282.0,6991.0,546.33,NVIDIA GeForce RTX 4070,[N/A],Enabled,Enabled
1702737568.861545,0,GPU-93ae0c7f-c327-aee3-adae-bc0d1dae71ea,0.27,0.40986809965803617,12282.0,6991.0,546.33,NVIDIA GeForce RTX 4070,[N/A],Enabled,Enabled
1702737569.860261,0,GPU-93ae0c7f-c327-aee3-adae-bc0d1dae71ea,0.25,0.40986809965803617,12282.0,6991.0,546.33,NVIDIA GeForce RTX 4070,[N/A],Enabled,Enabled
1702737570.860184,0,GPU-93ae0c7f-c327-aee3-adae-bc0d1dae71ea,0.05,0.40986809965803617,12282.0,6991.0,546.33,NVIDIA GeForce RTX 4070,[N/A],Enabled,Enabled
1702737571.860631,0,GPU-93ae0c7f-c327-aee3-adae-bc0d1dae71ea,0.05,0.40986809965803617,12282.0,6991.0,546.33,NVIDIA GeForce RTX 4070,[N/A],Enabled,Enabled
1702737572.860382,0,GPU-93ae0c7f-c327-aee3-adae-bc0d1dae71ea,0.05,0.40986809965803617,12282.0,6991.0,546.33,NVIDIA GeForce RTX 4070,[N/A],Enabled,Enabled
1702737573.860959,0,GPU-93ae0c7f-c327-aee3-adae-bc0d1dae71ea,0.05,0.40986809965803617,12282.0,6991.0,546.33,NVIDIA GeForce RTX 4070,[N/A],Enabled,Enabled
1702737574.860253,0,GPU-93ae0c7f-c327-aee3-adae-bc0d1dae71ea,0.05,0.40986809965803617,12282.0,6991.0,546.33,NVIDIA GeForce RTX 4070,[N/A],Enabled,Enabled
1702737575.860169,0,GPU-93ae0c7f-c327-aee3-adae-bc0d1dae71ea,0.1,0.40986809965803617,12282.0,6991.0,546.33,NVIDIA GeForce RTX 4070,[N/A],Enabled,Enabled
1702737576.860225,0,GPU-93ae0c7f-c327-aee3-adae-bc0d1dae71ea,0.1,0.40986809965803617,12282.0,6991.0,546.33,NVIDIA GeForce RTX 4070,[N/A],Enabled,Enabled
1702737577.860209,0,GPU-93ae0c7f-c327-aee3-adae-bc0d1dae71ea,0.05,0.40986809965803617,12282.0,6991.0,546.33,NVIDIA GeForce RTX 4070,[N/A],Enabled,Enabled
1702737578.860761,0,GPU-93ae0c7f-c327-aee3-adae-bc0d1dae71ea,0.05,0.40986809965803617,12282.0,6991.0,546.33,NVIDIA GeForce RTX 4070,[N/A],Enabled,Enabled
1702737579.86127,0,GPU-93ae0c7f-c327-aee3-adae-bc0d1dae71ea,0.04,0.40986809965803617,12282.0,6991.0,546.33,NVIDIA GeForce RTX 4070,[N/A],Enabled,Enabled
1702737580.860244,0,GPU-93ae0c7f-c327-aee3-adae-bc0d1dae71ea,0.05,0.40986809965803617,12282.0,6991.0,546.33,NVIDIA GeForce RTX 4070,[N/A],Enabled,Enabled
1702737581.860582,0,GPU-93ae0c7f-c327-aee3-adae-bc0d1dae71ea,0.05,0.40986809965803617,12282.0,6991.0,546.33,NVIDIA GeForce RTX 4070,[N/A],Enabled,Enabled
1702737582.86045,0,GPU-93ae0c7f-c327-aee3-adae-bc0d1dae71ea,0.06,0.40986809965803617,12282.0,6991.0,546.33,NVIDIA GeForce RTX 4070,[N/A],Enabled,Enabled
1702737583.859953,0,GPU-93ae0c7f-c327-aee3-adae-bc0d1dae71ea,0.05,0.40986809965803617,12282.0,6991.0,546.33,NVIDIA GeForce RTX 4070,[N/A],Enabled,Enabled
1702737584.860255,0,GPU-93ae0c7f-c327-aee3-adae-bc0d1dae71ea,0.12,0.40986809965803617,12282.0,6991.0,546.33,NVIDIA GeForce RTX 4070,[N/A],Enabled,Enabled
1702737585.861034,0,GPU-93ae0c7f-c327-aee3-adae-bc0d1dae71ea,0.13,0.40986809965803617,12282.0,6991.0,546.33,NVIDIA GeForce RTX 4070,[N/A],Enabled,Enabled
1702737586.859901,0,GPU-93ae0c7f-c327-aee3-adae-bc0d1dae71ea,0.27,0.40986809965803617,12282.0,6991.0,546.33,NVIDIA GeForce RTX 4070,[N/A],Enabled,Enabled
1702737587.860272,0,GPU-93ae0c7f-c327-aee3-adae-bc0d1dae71ea,0.25,0.40986809965803617,12282.0,6991.0,546.33,NVIDIA GeForce RTX 4070,[N/A],Enabled,Enabled
1702737588.860351,0,GPU-93ae0c7f-c327-aee3-adae-bc0d1dae71ea,0.23,0.40986809965803617,12282.0,6991.0,546.33,NVIDIA GeForce RTX 4070,[N/A],Enabled,Enabled
1702737589.860139,0,GPU-93ae0c7f-c327-aee3-adae-bc0d1dae71ea,0.05,0.40986809965803617,12282.0,6991.0,546.33,NVIDIA GeForce RTX 4070,[N/A],Enabled,Enabled
1702737590.861144,0,GPU-93ae0c7f-c327-aee3-adae-bc0d1dae71ea,0.1,0.40986809965803617,12282.0,6991.0,546.33,NVIDIA GeForce RTX 4070,[N/A],Enabled,Enabled
1702737591.860392,0,GPU-93ae0c7f-c327-aee3-adae-bc0d1dae71ea,0.05,0.40986809965803617,12282.0,6991.0,546.33,NVIDIA GeForce RTX 4070,[N/A],Enabled,Enabled
1702737592.860956,0,GPU-93ae0c7f-c327-aee3-adae-bc0d1dae71ea,0.27,0.40986809965803617,12282.0,6991.0,546.33,NVIDIA GeForce RTX 4070,[N/A],Enabled,Enabled
1702737593.860789,0,GPU-93ae0c7f-c327-aee3-adae-bc0d1dae71ea,0.26,0.40986809965803617,12282.0,6991.0,546.33,NVIDIA GeForce RTX 4070,[N/A],Enabled,Enabled
1702737594.860586,0,GPU-93ae0c7f-c327-aee3-adae-bc0d1dae71ea,0.11,0.40986809965803617,12282.0,6991.0,546.33,NVIDIA GeForce RTX 4070,[N/A],Enabled,Enabled
1702737595.860462,0,GPU-93ae0c7f-c327-aee3-adae-bc0d1dae71ea,0.26,0.40986809965803617,12282.0,6991.0,546.33,NVIDIA GeForce RTX 4070,[N/A],Enabled,Enabled
1702737596.860315,0,GPU-93ae0c7f-c327-aee3-adae-bc0d1dae71ea,0.25,0.40986809965803617,12282.0,6991.0,546.33,NVIDIA GeForce RTX 4070,[N/A],Enabled,Enabled
1702737597.860202,0,GPU-93ae0c7f-c327-aee3-adae-bc0d1dae71ea,0.25,0.40986809965803617,12282.0,6991.0,546.33,NVIDIA GeForce RTX 4070,[N/A],Enabled,Enabled
1702737598.861192,0,GPU-93ae0c7f-c327-aee3-adae-bc0d1dae71ea,0.05,0.40986809965803617,12282.0,6991.0,546.33,NVIDIA GeForce RTX 4070,[N/A],Enabled,Enabled
1702737599.860403,0,GPU-93ae0c7f-c327-aee3-adae-bc0d1dae71ea,0.04,0.40986809965803617,12282.0,6991.0,546.33,NVIDIA GeForce RTX 4070,[N/A],Enabled,Enabled
1702737600.860335,0,GPU-93ae0c7f-c327-aee3-adae-bc0d1dae71ea,0.04,0.40986809965803617,12282.0,6991.0,546.33,NVIDIA GeForce RTX 4070,[N/A],Enabled,Enabled
1702737601.86075,0,GPU-93ae0c7f-c327-aee3-adae-bc0d1dae71ea,0.04,0.40986809965803617,12282.0,6991.0,546.33,NVIDIA GeForce RTX 4070,[N/A],Enabled,Enabled
1702737602.86066,0,GPU-93ae0c7f-c327-aee3-adae-bc0d1dae71ea,0.04,0.40986809965803617,12282.0,6991.0,546.33,NVIDIA GeForce RTX 4070,[N/A],Enabled,Enabled
1702737603.860183,0,GPU-93ae0c7f-c327-aee3-adae-bc0d1dae71ea,0.04,0.40986809965803617,12282.0,6991.0,546.33,NVIDIA GeForce RTX 4070,[N/A],Enabled,Enabled
1702737604.86018,0,GPU-93ae0c7f-c327-aee3-adae-bc0d1dae71ea,0.03,0.40986809965803617,12282.0,6991.0,546.33,NVIDIA GeForce RTX 4070,[N/A],Enabled,Enabled
1702737605.860765,0,GPU-93ae0c7f-c327-aee3-adae-bc0d1dae71ea,0.05,0.40986809965803617,12282.0,6991.0,546.33,NVIDIA GeForce RTX 4070,[N/A],Enabled,Enabled
1702737606.86028,0,GPU-93ae0c7f-c327-aee3-adae-bc0d1dae71ea,0.04,0.40986809965803617,12282.0,6991.0,546.33,NVIDIA GeForce RTX 4070,[N/A],Enabled,Enabled
1702737607.860484,0,GPU-93ae0c7f-c327-aee3-adae-bc0d1dae71ea,0.05,0.40986809965803617,12282.0,6991.0,546.33,NVIDIA GeForce RTX 4070,[N/A],Enabled,Enabled
1702737608.860427,0,GPU-93ae0c7f-c327-aee3-adae-bc0d1dae71ea,0.05,0.40986809965803617,12282.0,6991.0,546.33,NVIDIA GeForce RTX 4070,[N/A],Enabled,Enabled
1702737609.859984,0,GPU-93ae0c7f-c327-aee3-adae-bc0d1dae71ea,0.05,0.40986809965803617,12282.0,6991.0,546.33,NVIDIA GeForce RTX 4070,[N/A],Enabled,Enabled
1702737610.860842,0,GPU-93ae0c7f-c327-aee3-adae-bc0d1dae71ea,0.05,0.40986809965803617,12282.0,6991.0,546.33,NVIDIA GeForce RTX 4070,[N/A],Enabled,Enabled
1702737611.860181,0,GPU-93ae0c7f-c327-aee3-adae-bc0d1dae71ea,0.05,0.40986809965803617,12282.0,6991.0,546.33,NVIDIA GeForce RTX 4070,[N/A],Enabled,Enabled
1702737612.860124,0,GPU-93ae0c7f-c327-aee3-adae-bc0d1dae71ea,0.13,0.22512620094447158,12282.0,9260.0,546.33,NVIDIA GeForce RTX 4070,[N/A],Enabled,Enabled
1702737613.860352,0,GPU-93ae0c7f-c327-aee3-adae-bc0d1dae71ea,0.15,0.22512620094447158,12282.0,9260.0,546.33,NVIDIA GeForce RTX 4070,[N/A],Enabled,Enabled
