timestamp,id,uuid,load,memoryUtil,memoryTotal,memoryUsed,memoryFree,driver,name,serial,display_mode,display_active
1701954288.449731,0,GPU-b342434c-f6b6-7627-333e-da750a9991e6,0.08,0.39287109375,10240.0,6043.0,546.17,NVIDIA GeForce RTX 3080,[N/A],Enabled,Enabled
1701954289.445086,0,GPU-b342434c-f6b6-7627-333e-da750a9991e6,0.08,0.39287109375,10240.0,6043.0,546.17,NVIDIA GeForce RTX 3080,[N/A],Enabled,Enabled
1701954290.445532,0,GPU-b342434c-f6b6-7627-333e-da750a9991e6,0.3,0.49833984375,10240.0,4963.0,546.17,NVIDIA GeForce RTX 3080,[N/A],Enabled,Enabled
1701954291.444823,0,GPU-b342434c-f6b6-7627-333e-da750a9991e6,0.21,0.61591796875,10240.0,3759.0,546.17,NVIDIA GeForce RTX 3080,[N/A],Enabled,Enabled
1701954292.44536,0,GPU-b342434c-f6b6-7627-333e-da750a9991e6,0.16,0.615625,10240.0,3762.0,546.17,NVIDIA GeForce RTX 3080,[N/A],Enabled,Enabled
1701954293.444253,0,GPU-b342434c-f6b6-7627-333e-da750a9991e6,0.16,0.615625,10240.0,3762.0,546.17,NVIDIA GeForce RTX 3080,[N/A],Enabled,Enabled
1701954294.445118,0,GPU-b342434c-f6b6-7627-333e-da750a9991e6,0.16,0.615625,10240.0,3762.0,546.17,NVIDIA GeForce RTX 3080,[N/A],Enabled,Enabled
1701954295.445095,0,GPU-b342434c-f6b6-7627-333e-da750a9991e6,0.17,0.615625,10240.0,3762.0,546.17,NVIDIA GeForce RTX 3080,[N/A],Enabled,Enabled
1701954296.444529,0,GPU-b342434c-f6b6-7627-333e-da750a9991e6,0.16,0.61484375,10240.0,3770.0,546.17,NVIDIA GeForce RTX 3080,[N/A],Enabled,Enabled
1701954297.444722,0,GPU-b342434c-f6b6-7627-333e-da750a9991e6,0.19,0.61484375,10240.0,3770.0,546.17,NVIDIA GeForce RTX 3080,[N/A],Enabled,Enabled
1701954298.445047,0,GPU-b342434c-f6b6-7627-333e-da750a9991e6,0.18,0.61484375,10240.0,3770.0,546.17,NVIDIA GeForce RTX 3080,[N/A],Enabled,Enabled
1701954299.444549,0,GPU-b342434c-f6b6-7627-333e-da750a9991e6,0.17,0.61484375,10240.0,3770.0,546.17,NVIDIA GeForce RTX 3080,[N/A],Enabled,Enabled
1701954300.445104,0,GPU-b342434c-f6b6-7627-333e-da750a9991e6,0.21,0.61484375,10240.0,3770.0,546.17,NVIDIA GeForce RTX 3080,[N/A],Enabled,Enabled
1701954301.444944,0,GPU-b342434c-f6b6-7627-333e-da750a9991e6,0.19,0.61484375,10240.0,3770.0,546.17,NVIDIA GeForce RTX 3080,[N/A],Enabled,Enabled
1701954302.44526,0,GPU-b342434c-f6b6-7627-333e-da750a9991e6,0.19,0.61474609375,10240.0,3771.0,546.17,NVIDIA GeForce RTX 3080,[N/A],Enabled,Enabled
1701954303.444974,0,GPU-b342434c-f6b6-7627-333e-da750a9991e6,0.19,0.61474609375,10240.0,3771.0,546.17,NVIDIA GeForce RTX 3080,[N/A],Enabled,Enabled
1701954304.44453,0,GPU-b342434c-f6b6-7627-333e-da750a9991e6,0.18,0.61474609375,10240.0,3771.0,546.17,NVIDIA GeForce RTX 3080,[N/A],Enabled,Enabled
1701954305.444948,0,GPU-b342434c-f6b6-7627-333e-da750a9991e6,0.19,0.61474609375,10240.0,3771.0,546.17,NVIDIA GeForce RTX 3080,[N/A],Enabled,Enabled
1701954306.445273,0,GPU-b342434c-f6b6-7627-333e-da750a9991e6,0.19,0.61474609375,10240.0,3771.0,546.17,NVIDIA GeForce RTX 3080,[N/A],Enabled,Enabled
1701954307.444745,0,GPU-b342434c-f6b6-7627-333e-da750a9991e6,0.18,0.61474609375,10240.0,3771.0,546.17,NVIDIA GeForce RTX 3080,[N/A],Enabled,Enabled
1701954308.445103,0,GPU-b342434c-f6b6-7627-333e-da750a9991e6,0.19,0.61474609375,10240.0,3771.0,546.17,NVIDIA GeForce RTX 3080,[N/A],Enabled,Enabled
1701954309.444774,0,GPU-b342434c-f6b6-7627-333e-da750a9991e6,0.19,0.61474609375,10240.0,3771.0,546.17,NVIDIA GeForce RTX 3080,[N/A],Enabled,Enabled
1701954310.445574,0,GPU-b342434c-f6b6-7627-333e-da750a9991e6,0.18,0.61474609375,10240.0,3771.0,546.17,NVIDIA GeForce RTX 3080,[N/A],Enabled,Enabled
1701954311.444484,0,GPU-b342434c-f6b6-7627-333e-da750a9991e6,0.18,0.61474609375,10240.0,3771.0,546.17,NVIDIA GeForce RTX 3080,[N/A],Enabled,Enabled
1701954312.445292,0,GPU-b342434c-f6b6-7627-333e-da750a9991e6,0.19,0.6146484375,10240.0,3772.0,546.17,NVIDIA GeForce RTX 3080,[N/A],Enabled,Enabled
1701954313.44443,0,GPU-b342434c-f6b6-7627-333e-da750a9991e6,0.21,0.6146484375,10240.0,3772.0,546.17,NVIDIA GeForce RTX 3080,[N/A],Enabled,Enabled
1701954314.44558,0,GPU-b342434c-f6b6-7627-333e-da750a9991e6,0.2,0.62294921875,10240.0,3687.0,546.17,NVIDIA GeForce RTX 3080,[N/A],Enabled,Enabled
1701954315.444883,0,GPU-b342434c-f6b6-7627-333e-da750a9991e6,0.19,0.62294921875,10240.0,3687.0,546.17,NVIDIA GeForce RTX 3080,[N/A],Enabled,Enabled
1701954316.445165,0,GPU-b342434c-f6b6-7627-333e-da750a9991e6,0.19,0.62353515625,10240.0,3681.0,546.17,NVIDIA GeForce RTX 3080,[N/A],Enabled,Enabled
1701954317.444598,0,GPU-b342434c-f6b6-7627-333e-da750a9991e6,0.19,0.62353515625,10240.0,3681.0,546.17,NVIDIA GeForce RTX 3080,[N/A],Enabled,Enabled
1701954318.444968,0,GPU-b342434c-f6b6-7627-333e-da750a9991e6,0.19,0.62353515625,10240.0,3681.0,546.17,NVIDIA GeForce RTX 3080,[N/A],Enabled,Enabled
1701954319.445267,0,GPU-b342434c-f6b6-7627-333e-da750a9991e6,0.18,0.62353515625,10240.0,3681.0,546.17,NVIDIA GeForce RTX 3080,[N/A],Enabled,Enabled
1701954320.44563,0,GPU-b342434c-f6b6-7627-333e-da750a9991e6,0.18,0.62353515625,10240.0,3681.0,546.17,NVIDIA GeForce RTX 3080,[N/A],Enabled,Enabled
1701954321.444879,0,GPU-b342434c-f6b6-7627-333e-da750a9991e6,0.18,0.6232421875,10240.0,3684.0,546.17,NVIDIA GeForce RTX 3080,[N/A],Enabled,Enabled
1701954322.444977,0,GPU-b342434c-f6b6-7627-333e-da750a9991e6,0.19,0.62314453125,10240.0,3685.0,546.17,NVIDIA GeForce RTX 3080,[N/A],Enabled,Enabled
1701954323.445296,0,GPU-b342434c-f6b6-7627-333e-da750a9991e6,0.2,0.62333984375,10240.0,3683.0,546.17,NVIDIA GeForce RTX 3080,[N/A],Enabled,Enabled
1701954324.444728,0,GPU-b342434c-f6b6-7627-333e-da750a9991e6,0.19,0.62373046875,10240.0,3679.0,546.17,NVIDIA GeForce RTX 3080,[N/A],Enabled,Enabled
1701954325.444517,0,GPU-b342434c-f6b6-7627-333e-da750a9991e6,0.18,0.62373046875,10240.0,3679.0,546.17,NVIDIA GeForce RTX 3080,[N/A],Enabled,Enabled
1701954326.44522,0,GPU-b342434c-f6b6-7627-333e-da750a9991e6,0.18,0.62373046875,10240.0,3679.0,546.17,NVIDIA GeForce RTX 3080,[N/A],Enabled,Enabled
1701954327.445158,0,GPU-b342434c-f6b6-7627-333e-da750a9991e6,0.19,0.62373046875,10240.0,3679.0,546.17,NVIDIA GeForce RTX 3080,[N/A],Enabled,Enabled
1701954328.444442,0,GPU-b342434c-f6b6-7627-333e-da750a9991e6,0.19,0.62373046875,10240.0,3679.0,546.17,NVIDIA GeForce RTX 3080,[N/A],Enabled,Enabled
1701954329.444847,0,GPU-b342434c-f6b6-7627-333e-da750a9991e6,0.19,0.62333984375,10240.0,3683.0,546.17,NVIDIA GeForce RTX 3080,[N/A],Enabled,Enabled
1701954330.444644,0,GPU-b342434c-f6b6-7627-333e-da750a9991e6,0.18,0.62373046875,10240.0,3679.0,546.17,NVIDIA GeForce RTX 3080,[N/A],Enabled,Enabled
1701954331.444857,0,GPU-b342434c-f6b6-7627-333e-da750a9991e6,0.19,0.62666015625,10240.0,3649.0,546.17,NVIDIA GeForce RTX 3080,[N/A],Enabled,Enabled
1701954332.445164,0,GPU-b342434c-f6b6-7627-333e-da750a9991e6,0.18,0.62666015625,10240.0,3649.0,546.17,NVIDIA GeForce RTX 3080,[N/A],Enabled,Enabled
1701954333.44485,0,GPU-b342434c-f6b6-7627-333e-da750a9991e6,0.18,0.62666015625,10240.0,3649.0,546.17,NVIDIA GeForce RTX 3080,[N/A],Enabled,Enabled
1701954334.445163,0,GPU-b342434c-f6b6-7627-333e-da750a9991e6,0.18,0.62666015625,10240.0,3649.0,546.17,NVIDIA GeForce RTX 3080,[N/A],Enabled,Enabled
1701954335.445006,0,GPU-b342434c-f6b6-7627-333e-da750a9991e6,0.18,0.62666015625,10240.0,3649.0,546.17,NVIDIA GeForce RTX 3080,[N/A],Enabled,Enabled
1701954336.444844,0,GPU-b342434c-f6b6-7627-333e-da750a9991e6,0.19,0.62578125,10240.0,3658.0,546.17,NVIDIA GeForce RTX 3080,[N/A],Enabled,Enabled
1701954337.444531,0,GPU-b342434c-f6b6-7627-333e-da750a9991e6,0.18,0.625390625,10240.0,3662.0,546.17,NVIDIA GeForce RTX 3080,[N/A],Enabled,Enabled
1701954338.444703,0,GPU-b342434c-f6b6-7627-333e-da750a9991e6,0.18,0.625390625,10240.0,3662.0,546.17,NVIDIA GeForce RTX 3080,[N/A],Enabled,Enabled
1701954339.444411,0,GPU-b342434c-f6b6-7627-333e-da750a9991e6,0.18,0.625390625,10240.0,3662.0,546.17,NVIDIA GeForce RTX 3080,[N/A],Enabled,Enabled
1701954340.44483,0,GPU-b342434c-f6b6-7627-333e-da750a9991e6,0.18,0.625390625,10240.0,3662.0,546.17,NVIDIA GeForce RTX 3080,[N/A],Enabled,Enabled
1701954341.445236,0,GPU-b342434c-f6b6-7627-333e-da750a9991e6,0.18,0.62451171875,10240.0,3671.0,546.17,NVIDIA GeForce RTX 3080,[N/A],Enabled,Enabled
1701954342.445105,0,GPU-b342434c-f6b6-7627-333e-da750a9991e6,0.18,0.6240234375,10240.0,3676.0,546.17,NVIDIA GeForce RTX 3080,[N/A],Enabled,Enabled
1701954343.445216,0,GPU-b342434c-f6b6-7627-333e-da750a9991e6,0.18,0.6240234375,10240.0,3676.0,546.17,NVIDIA GeForce RTX 3080,[N/A],Enabled,Enabled
1701954344.444507,0,GPU-b342434c-f6b6-7627-333e-da750a9991e6,0.18,0.6240234375,10240.0,3676.0,546.17,NVIDIA GeForce RTX 3080,[N/A],Enabled,Enabled
1701954345.445172,0,GPU-b342434c-f6b6-7627-333e-da750a9991e6,0.18,0.6240234375,10240.0,3676.0,546.17,NVIDIA GeForce RTX 3080,[N/A],Enabled,Enabled
1701954346.444709,0,GPU-b342434c-f6b6-7627-333e-da750a9991e6,0.18,0.6240234375,10240.0,3676.0,546.17,NVIDIA GeForce RTX 3080,[N/A],Enabled,Enabled
1701954347.444714,0,GPU-b342434c-f6b6-7627-333e-da750a9991e6,0.19,0.6240234375,10240.0,3676.0,546.17,NVIDIA GeForce RTX 3080,[N/A],Enabled,Enabled
1701954348.444805,0,GPU-b342434c-f6b6-7627-333e-da750a9991e6,0.18,0.6240234375,10240.0,3676.0,546.17,NVIDIA GeForce RTX 3080,[N/A],Enabled,Enabled
1701954349.444466,0,GPU-b342434c-f6b6-7627-333e-da750a9991e6,0.18,0.62412109375,10240.0,3675.0,546.17,NVIDIA GeForce RTX 3080,[N/A],Enabled,Enabled
1701954350.445,0,GPU-b342434c-f6b6-7627-333e-da750a9991e6,0.18,0.62412109375,10240.0,3675.0,546.17,NVIDIA GeForce RTX 3080,[N/A],Enabled,Enabled
1701954351.444659,0,GPU-b342434c-f6b6-7627-333e-da750a9991e6,0.19,0.62412109375,10240.0,3675.0,546.17,NVIDIA GeForce RTX 3080,[N/A],Enabled,Enabled
1701954352.445347,0,GPU-b342434c-f6b6-7627-333e-da750a9991e6,0.19,0.62412109375,10240.0,3675.0,546.17,NVIDIA GeForce RTX 3080,[N/A],Enabled,Enabled
1701954353.444753,0,GPU-b342434c-f6b6-7627-333e-da750a9991e6,0.19,0.62412109375,10240.0,3675.0,546.17,NVIDIA GeForce RTX 3080,[N/A],Enabled,Enabled
1701954354.445456,0,GPU-b342434c-f6b6-7627-333e-da750a9991e6,0.2,0.62412109375,10240.0,3675.0,546.17,NVIDIA GeForce RTX 3080,[N/A],Enabled,Enabled
1701954355.44463,0,GPU-b342434c-f6b6-7627-333e-da750a9991e6,0.18,0.62412109375,10240.0,3675.0,546.17,NVIDIA GeForce RTX 3080,[N/A],Enabled,Enabled
1701954356.444772,0,GPU-b342434c-f6b6-7627-333e-da750a9991e6,0.19,0.62412109375,10240.0,3675.0,546.17,NVIDIA GeForce RTX 3080,[N/A],Enabled,Enabled
1701954357.444526,0,GPU-b342434c-f6b6-7627-333e-da750a9991e6,0.21,0.62412109375,10240.0,3675.0,546.17,NVIDIA GeForce RTX 3080,[N/A],Enabled,Enabled
1701954358.444882,0,GPU-b342434c-f6b6-7627-333e-da750a9991e6,0.19,0.62412109375,10240.0,3675.0,546.17,NVIDIA GeForce RTX 3080,[N/A],Enabled,Enabled
1701954359.444474,0,GPU-b342434c-f6b6-7627-333e-da750a9991e6,0.19,0.62412109375,10240.0,3675.0,546.17,NVIDIA GeForce RTX 3080,[N/A],Enabled,Enabled
1701954360.445041,0,GPU-b342434c-f6b6-7627-333e-da750a9991e6,0.19,0.62412109375,10240.0,3675.0,546.17,NVIDIA GeForce RTX 3080,[N/A],Enabled,Enabled
1701954361.44458,0,GPU-b342434c-f6b6-7627-333e-da750a9991e6,0.19,0.62412109375,10240.0,3675.0,546.17,NVIDIA GeForce RTX 3080,[N/A],Enabled,Enabled
1701954362.444388,0,GPU-b342434c-f6b6-7627-333e-da750a9991e6,0.2,0.62412109375,10240.0,3675.0,546.17,NVIDIA GeForce RTX 3080,[N/A],Enabled,Enabled
1701954363.444796,0,GPU-b342434c-f6b6-7627-333e-da750a9991e6,0.19,0.62412109375,10240.0,3675.0,546.17,NVIDIA GeForce RTX 3080,[N/A],Enabled,Enabled
1701954364.44568,0,GPU-b342434c-f6b6-7627-333e-da750a9991e6,0.19,0.62412109375,10240.0,3675.0,546.17,NVIDIA GeForce RTX 3080,[N/A],Enabled,Enabled
1701954365.444561,0,GPU-b342434c-f6b6-7627-333e-da750a9991e6,0.18,0.62412109375,10240.0,3675.0,546.17,NVIDIA GeForce RTX 3080,[N/A],Enabled,Enabled
1701954366.445015,0,GPU-b342434c-f6b6-7627-333e-da750a9991e6,0.19,0.62412109375,10240.0,3675.0,546.17,NVIDIA GeForce RTX 3080,[N/A],Enabled,Enabled
1701954367.445187,0,GPU-b342434c-f6b6-7627-333e-da750a9991e6,0.19,0.62412109375,10240.0,3675.0,546.17,NVIDIA GeForce RTX 3080,[N/A],Enabled,Enabled
1701954368.445581,0,GPU-b342434c-f6b6-7627-333e-da750a9991e6,0.19,0.62421875,10240.0,3674.0,546.17,NVIDIA GeForce RTX 3080,[N/A],Enabled,Enabled
1701954369.445136,0,GPU-b342434c-f6b6-7627-333e-da750a9991e6,0.17,0.62421875,10240.0,3674.0,546.17,NVIDIA GeForce RTX 3080,[N/A],Enabled,Enabled
1701954370.44482,0,GPU-b342434c-f6b6-7627-333e-da750a9991e6,0.18,0.62412109375,10240.0,3675.0,546.17,NVIDIA GeForce RTX 3080,[N/A],Enabled,Enabled
1701954371.445183,0,GPU-b342434c-f6b6-7627-333e-da750a9991e6,0.19,0.62421875,10240.0,3674.0,546.17,NVIDIA GeForce RTX 3080,[N/A],Enabled,Enabled
1701954372.44452,0,GPU-b342434c-f6b6-7627-333e-da750a9991e6,0.19,0.62421875,10240.0,3674.0,546.17,NVIDIA GeForce RTX 3080,[N/A],Enabled,Enabled
1701954373.444436,0,GPU-b342434c-f6b6-7627-333e-da750a9991e6,0.19,0.62421875,10240.0,3674.0,546.17,NVIDIA GeForce RTX 3080,[N/A],Enabled,Enabled
1701954374.444515,0,GPU-b342434c-f6b6-7627-333e-da750a9991e6,0.2,0.62421875,10240.0,3674.0,546.17,NVIDIA GeForce RTX 3080,[N/A],Enabled,Enabled
1701954375.445079,0,GPU-b342434c-f6b6-7627-333e-da750a9991e6,0.19,0.62421875,10240.0,3674.0,546.17,NVIDIA GeForce RTX 3080,[N/A],Enabled,Enabled
1701954376.445024,0,GPU-b342434c-f6b6-7627-333e-da750a9991e6,0.19,0.62421875,10240.0,3674.0,546.17,NVIDIA GeForce RTX 3080,[N/A],Enabled,Enabled
1701954377.444875,0,GPU-b342434c-f6b6-7627-333e-da750a9991e6,0.19,0.62421875,10240.0,3674.0,546.17,NVIDIA GeForce RTX 3080,[N/A],Enabled,Enabled
1701954378.444559,0,GPU-b342434c-f6b6-7627-333e-da750a9991e6,0.19,0.62421875,10240.0,3674.0,546.17,NVIDIA GeForce RTX 3080,[N/A],Enabled,Enabled
1701954379.44503,0,GPU-b342434c-f6b6-7627-333e-da750a9991e6,0.19,0.62421875,10240.0,3674.0,546.17,NVIDIA GeForce RTX 3080,[N/A],Enabled,Enabled
1701954380.445362,0,GPU-b342434c-f6b6-7627-333e-da750a9991e6,0.18,0.62421875,10240.0,3674.0,546.17,NVIDIA GeForce RTX 3080,[N/A],Enabled,Enabled
1701954381.445255,0,GPU-b342434c-f6b6-7627-333e-da750a9991e6,0.17,0.62421875,10240.0,3674.0,546.17,NVIDIA GeForce RTX 3080,[N/A],Enabled,Enabled
1701954382.444769,0,GPU-b342434c-f6b6-7627-333e-da750a9991e6,0.18,0.62421875,10240.0,3674.0,546.17,NVIDIA GeForce RTX 3080,[N/A],Enabled,Enabled
1701954383.444918,0,GPU-b342434c-f6b6-7627-333e-da750a9991e6,0.2,0.62421875,10240.0,3674.0,546.17,NVIDIA GeForce RTX 3080,[N/A],Enabled,Enabled
1701954384.444927,0,GPU-b342434c-f6b6-7627-333e-da750a9991e6,0.19,0.62421875,10240.0,3674.0,546.17,NVIDIA GeForce RTX 3080,[N/A],Enabled,Enabled
1701954385.445159,0,GPU-b342434c-f6b6-7627-333e-da750a9991e6,0.18,0.62421875,10240.0,3674.0,546.17,NVIDIA GeForce RTX 3080,[N/A],Enabled,Enabled
1701954386.445008,0,GPU-b342434c-f6b6-7627-333e-da750a9991e6,0.18,0.62421875,10240.0,3674.0,546.17,NVIDIA GeForce RTX 3080,[N/A],Enabled,Enabled
1701954387.444931,0,GPU-b342434c-f6b6-7627-333e-da750a9991e6,0.18,0.62421875,10240.0,3674.0,546.17,NVIDIA GeForce RTX 3080,[N/A],Enabled,Enabled
1701954388.445388,0,GPU-b342434c-f6b6-7627-333e-da750a9991e6,0.18,0.62421875,10240.0,3674.0,546.17,NVIDIA GeForce RTX 3080,[N/A],Enabled,Enabled
1701954389.445571,0,GPU-b342434c-f6b6-7627-333e-da750a9991e6,0.18,0.62421875,10240.0,3674.0,546.17,NVIDIA GeForce RTX 3080,[N/A],Enabled,Enabled
1701954390.44528,0,GPU-b342434c-f6b6-7627-333e-da750a9991e6,0.16,0.62421875,10240.0,3674.0,546.17,NVIDIA GeForce RTX 3080,[N/A],Enabled,Enabled
1701954391.445189,0,GPU-b342434c-f6b6-7627-333e-da750a9991e6,0.17,0.62421875,10240.0,3674.0,546.17,NVIDIA GeForce RTX 3080,[N/A],Enabled,Enabled
1701954392.445199,0,GPU-b342434c-f6b6-7627-333e-da750a9991e6,0.19,0.62421875,10240.0,3674.0,546.17,NVIDIA GeForce RTX 3080,[N/A],Enabled,Enabled
1701954393.445136,0,GPU-b342434c-f6b6-7627-333e-da750a9991e6,0.18,0.62421875,10240.0,3674.0,546.17,NVIDIA GeForce RTX 3080,[N/A],Enabled,Enabled
1701954394.445192,0,GPU-b342434c-f6b6-7627-333e-da750a9991e6,0.17,0.62421875,10240.0,3674.0,546.17,NVIDIA GeForce RTX 3080,[N/A],Enabled,Enabled
1701954395.445262,0,GPU-b342434c-f6b6-7627-333e-da750a9991e6,0.18,0.62421875,10240.0,3674.0,546.17,NVIDIA GeForce RTX 3080,[N/A],Enabled,Enabled
1701954396.445379,0,GPU-b342434c-f6b6-7627-333e-da750a9991e6,0.18,0.62421875,10240.0,3674.0,546.17,NVIDIA GeForce RTX 3080,[N/A],Enabled,Enabled
1701954397.444742,0,GPU-b342434c-f6b6-7627-333e-da750a9991e6,0.18,0.62421875,10240.0,3674.0,546.17,NVIDIA GeForce RTX 3080,[N/A],Enabled,Enabled
1701954398.445492,0,GPU-b342434c-f6b6-7627-333e-da750a9991e6,0.18,0.62421875,10240.0,3674.0,546.17,NVIDIA GeForce RTX 3080,[N/A],Enabled,Enabled
1701954399.445234,0,GPU-b342434c-f6b6-7627-333e-da750a9991e6,0.17,0.62421875,10240.0,3674.0,546.17,NVIDIA GeForce RTX 3080,[N/A],Enabled,Enabled
1701954400.445264,0,GPU-b342434c-f6b6-7627-333e-da750a9991e6,0.18,0.62421875,10240.0,3674.0,546.17,NVIDIA GeForce RTX 3080,[N/A],Enabled,Enabled
1701954401.44497,0,GPU-b342434c-f6b6-7627-333e-da750a9991e6,0.17,0.62421875,10240.0,3674.0,546.17,NVIDIA GeForce RTX 3080,[N/A],Enabled,Enabled
1701954402.444779,0,GPU-b342434c-f6b6-7627-333e-da750a9991e6,0.17,0.62421875,10240.0,3674.0,546.17,NVIDIA GeForce RTX 3080,[N/A],Enabled,Enabled
1701954403.444841,0,GPU-b342434c-f6b6-7627-333e-da750a9991e6,0.17,0.62421875,10240.0,3674.0,546.17,NVIDIA GeForce RTX 3080,[N/A],Enabled,Enabled
1701954404.445135,0,GPU-b342434c-f6b6-7627-333e-da750a9991e6,0.17,0.62421875,10240.0,3674.0,546.17,NVIDIA GeForce RTX 3080,[N/A],Enabled,Enabled
1701954405.44486,0,GPU-b342434c-f6b6-7627-333e-da750a9991e6,0.17,0.62421875,10240.0,3674.0,546.17,NVIDIA GeForce RTX 3080,[N/A],Enabled,Enabled
1701954406.44481,0,GPU-b342434c-f6b6-7627-333e-da750a9991e6,0.17,0.62421875,10240.0,3674.0,546.17,NVIDIA GeForce RTX 3080,[N/A],Enabled,Enabled
1701954407.445493,0,GPU-b342434c-f6b6-7627-333e-da750a9991e6,0.18,0.62421875,10240.0,3674.0,546.17,NVIDIA GeForce RTX 3080,[N/A],Enabled,Enabled
1701954408.445132,0,GPU-b342434c-f6b6-7627-333e-da750a9991e6,0.19,0.62421875,10240.0,3674.0,546.17,NVIDIA GeForce RTX 3080,[N/A],Enabled,Enabled
1701954409.444592,0,GPU-b342434c-f6b6-7627-333e-da750a9991e6,0.19,0.62421875,10240.0,3674.0,546.17,NVIDIA GeForce RTX 3080,[N/A],Enabled,Enabled
1701954410.445156,0,GPU-b342434c-f6b6-7627-333e-da750a9991e6,0.18,0.62421875,10240.0,3674.0,546.17,NVIDIA GeForce RTX 3080,[N/A],Enabled,Enabled
1701954411.445155,0,GPU-b342434c-f6b6-7627-333e-da750a9991e6,0.19,0.62421875,10240.0,3674.0,546.17,NVIDIA GeForce RTX 3080,[N/A],Enabled,Enabled
1701954412.444371,0,GPU-b342434c-f6b6-7627-333e-da750a9991e6,0.18,0.62421875,10240.0,3674.0,546.17,NVIDIA GeForce RTX 3080,[N/A],Enabled,Enabled
1701954413.44506,0,GPU-b342434c-f6b6-7627-333e-da750a9991e6,0.18,0.62421875,10240.0,3674.0,546.17,NVIDIA GeForce RTX 3080,[N/A],Enabled,Enabled
1701954414.44494,0,GPU-b342434c-f6b6-7627-333e-da750a9991e6,0.2,0.62421875,10240.0,3674.0,546.17,NVIDIA GeForce RTX 3080,[N/A],Enabled,Enabled
1701954415.445081,0,GPU-b342434c-f6b6-7627-333e-da750a9991e6,0.19,0.62421875,10240.0,3674.0,546.17,NVIDIA GeForce RTX 3080,[N/A],Enabled,Enabled
1701954416.445125,0,GPU-b342434c-f6b6-7627-333e-da750a9991e6,0.19,0.62421875,10240.0,3674.0,546.17,NVIDIA GeForce RTX 3080,[N/A],Enabled,Enabled
1701954417.444462,0,GPU-b342434c-f6b6-7627-333e-da750a9991e6,0.18,0.62421875,10240.0,3674.0,546.17,NVIDIA GeForce RTX 3080,[N/A],Enabled,Enabled
1701954418.44493,0,GPU-b342434c-f6b6-7627-333e-da750a9991e6,0.18,0.62421875,10240.0,3674.0,546.17,NVIDIA GeForce RTX 3080,[N/A],Enabled,Enabled
1701954419.444769,0,GPU-b342434c-f6b6-7627-333e-da750a9991e6,0.18,0.62421875,10240.0,3674.0,546.17,NVIDIA GeForce RTX 3080,[N/A],Enabled,Enabled
1701954420.445375,0,GPU-b342434c-f6b6-7627-333e-da750a9991e6,0.19,0.62421875,10240.0,3674.0,546.17,NVIDIA GeForce RTX 3080,[N/A],Enabled,Enabled
1701954421.444751,0,GPU-b342434c-f6b6-7627-333e-da750a9991e6,0.18,0.62421875,10240.0,3674.0,546.17,NVIDIA GeForce RTX 3080,[N/A],Enabled,Enabled
1701954422.445291,0,GPU-b342434c-f6b6-7627-333e-da750a9991e6,0.18,0.62421875,10240.0,3674.0,546.17,NVIDIA GeForce RTX 3080,[N/A],Enabled,Enabled
1701954423.444524,0,GPU-b342434c-f6b6-7627-333e-da750a9991e6,0.18,0.62421875,10240.0,3674.0,546.17,NVIDIA GeForce RTX 3080,[N/A],Enabled,Enabled
1701954424.444731,0,GPU-b342434c-f6b6-7627-333e-da750a9991e6,0.18,0.62421875,10240.0,3674.0,546.17,NVIDIA GeForce RTX 3080,[N/A],Enabled,Enabled
1701954425.444557,0,GPU-b342434c-f6b6-7627-333e-da750a9991e6,0.17,0.62421875,10240.0,3674.0,546.17,NVIDIA GeForce RTX 3080,[N/A],Enabled,Enabled
1701954426.444555,0,GPU-b342434c-f6b6-7627-333e-da750a9991e6,0.19,0.62421875,10240.0,3674.0,546.17,NVIDIA GeForce RTX 3080,[N/A],Enabled,Enabled
1701954427.445766,0,GPU-b342434c-f6b6-7627-333e-da750a9991e6,0.19,0.62421875,10240.0,3674.0,546.17,NVIDIA GeForce RTX 3080,[N/A],Enabled,Enabled
1701954428.44458,0,GPU-b342434c-f6b6-7627-333e-da750a9991e6,0.2,0.62421875,10240.0,3674.0,546.17,NVIDIA GeForce RTX 3080,[N/A],Enabled,Enabled
1701954429.444927,0,GPU-b342434c-f6b6-7627-333e-da750a9991e6,0.18,0.62421875,10240.0,3674.0,546.17,NVIDIA GeForce RTX 3080,[N/A],Enabled,Enabled
1701954430.445411,0,GPU-b342434c-f6b6-7627-333e-da750a9991e6,0.19,0.62421875,10240.0,3674.0,546.17,NVIDIA GeForce RTX 3080,[N/A],Enabled,Enabled
1701954431.445313,0,GPU-b342434c-f6b6-7627-333e-da750a9991e6,0.19,0.62421875,10240.0,3674.0,546.17,NVIDIA GeForce RTX 3080,[N/A],Enabled,Enabled
1701954432.44523,0,GPU-b342434c-f6b6-7627-333e-da750a9991e6,0.18,0.62421875,10240.0,3674.0,546.17,NVIDIA GeForce RTX 3080,[N/A],Enabled,Enabled
1701954433.444935,0,GPU-b342434c-f6b6-7627-333e-da750a9991e6,0.18,0.62421875,10240.0,3674.0,546.17,NVIDIA GeForce RTX 3080,[N/A],Enabled,Enabled
1701954434.444659,0,GPU-b342434c-f6b6-7627-333e-da750a9991e6,0.19,0.62421875,10240.0,3674.0,546.17,NVIDIA GeForce RTX 3080,[N/A],Enabled,Enabled
1701954435.445131,0,GPU-b342434c-f6b6-7627-333e-da750a9991e6,0.19,0.62421875,10240.0,3674.0,546.17,NVIDIA GeForce RTX 3080,[N/A],Enabled,Enabled
1701954436.445054,0,GPU-b342434c-f6b6-7627-333e-da750a9991e6,0.19,0.62421875,10240.0,3674.0,546.17,NVIDIA GeForce RTX 3080,[N/A],Enabled,Enabled
1701954437.445225,0,GPU-b342434c-f6b6-7627-333e-da750a9991e6,0.19,0.62421875,10240.0,3674.0,546.17,NVIDIA GeForce RTX 3080,[N/A],Enabled,Enabled
1701954438.445271,0,GPU-b342434c-f6b6-7627-333e-da750a9991e6,0.19,0.62421875,10240.0,3674.0,546.17,NVIDIA GeForce RTX 3080,[N/A],Enabled,Enabled
1701954439.444717,0,GPU-b342434c-f6b6-7627-333e-da750a9991e6,0.18,0.62421875,10240.0,3674.0,546.17,NVIDIA GeForce RTX 3080,[N/A],Enabled,Enabled
1701954440.444679,0,GPU-b342434c-f6b6-7627-333e-da750a9991e6,0.19,0.62421875,10240.0,3674.0,546.17,NVIDIA GeForce RTX 3080,[N/A],Enabled,Enabled
1701954441.444969,0,GPU-b342434c-f6b6-7627-333e-da750a9991e6,0.19,0.62421875,10240.0,3674.0,546.17,NVIDIA GeForce RTX 3080,[N/A],Enabled,Enabled
1701954442.444585,0,GPU-b342434c-f6b6-7627-333e-da750a9991e6,0.17,0.62421875,10240.0,3674.0,546.17,NVIDIA GeForce RTX 3080,[N/A],Enabled,Enabled
1701954443.444651,0,GPU-b342434c-f6b6-7627-333e-da750a9991e6,0.19,0.62421875,10240.0,3674.0,546.17,NVIDIA GeForce RTX 3080,[N/A],Enabled,Enabled
1701954444.445534,0,GPU-b342434c-f6b6-7627-333e-da750a9991e6,0.17,0.62421875,10240.0,3674.0,546.17,NVIDIA GeForce RTX 3080,[N/A],Enabled,Enabled
1701954445.444694,0,GPU-b342434c-f6b6-7627-333e-da750a9991e6,0.18,0.62421875,10240.0,3674.0,546.17,NVIDIA GeForce RTX 3080,[N/A],Enabled,Enabled
1701954446.444689,0,GPU-b342434c-f6b6-7627-333e-da750a9991e6,0.19,0.62421875,10240.0,3674.0,546.17,NVIDIA GeForce RTX 3080,[N/A],Enabled,Enabled
1701954447.444991,0,GPU-b342434c-f6b6-7627-333e-da750a9991e6,0.19,0.62421875,10240.0,3674.0,546.17,NVIDIA GeForce RTX 3080,[N/A],Enabled,Enabled
1701954448.445071,0,GPU-b342434c-f6b6-7627-333e-da750a9991e6,0.18,0.62421875,10240.0,3674.0,546.17,NVIDIA GeForce RTX 3080,[N/A],Enabled,Enabled
1701954449.444628,0,GPU-b342434c-f6b6-7627-333e-da750a9991e6,0.19,0.62421875,10240.0,3674.0,546.17,NVIDIA GeForce RTX 3080,[N/A],Enabled,Enabled
1701954450.444377,0,GPU-b342434c-f6b6-7627-333e-da750a9991e6,0.19,0.62421875,10240.0,3674.0,546.17,NVIDIA GeForce RTX 3080,[N/A],Enabled,Enabled
1701954451.445187,0,GPU-b342434c-f6b6-7627-333e-da750a9991e6,0.19,0.62568359375,10240.0,3659.0,546.17,NVIDIA GeForce RTX 3080,[N/A],Enabled,Enabled
1701954452.445313,0,GPU-b342434c-f6b6-7627-333e-da750a9991e6,0.19,0.62568359375,10240.0,3659.0,546.17,NVIDIA GeForce RTX 3080,[N/A],Enabled,Enabled
1701954453.445406,0,GPU-b342434c-f6b6-7627-333e-da750a9991e6,0.19,0.62568359375,10240.0,3659.0,546.17,NVIDIA GeForce RTX 3080,[N/A],Enabled,Enabled
1701954454.444901,0,GPU-b342434c-f6b6-7627-333e-da750a9991e6,0.19,0.62568359375,10240.0,3659.0,546.17,NVIDIA GeForce RTX 3080,[N/A],Enabled,Enabled
1701954455.44521,0,GPU-b342434c-f6b6-7627-333e-da750a9991e6,0.18,0.62568359375,10240.0,3659.0,546.17,NVIDIA GeForce RTX 3080,[N/A],Enabled,Enabled
1701954456.44506,0,GPU-b342434c-f6b6-7627-333e-da750a9991e6,0.19,0.62529296875,10240.0,3663.0,546.17,NVIDIA GeForce RTX 3080,[N/A],Enabled,Enabled
1701954457.444783,0,GPU-b342434c-f6b6-7627-333e-da750a9991e6,0.19,0.62509765625,10240.0,3665.0,546.17,NVIDIA GeForce RTX 3080,[N/A],Enabled,Enabled
1701954458.445113,0,GPU-b342434c-f6b6-7627-333e-da750a9991e6,0.18,0.62509765625,10240.0,3665.0,546.17,NVIDIA GeForce RTX 3080,[N/A],Enabled,Enabled
1701954459.445535,0,GPU-b342434c-f6b6-7627-333e-da750a9991e6,0.18,0.62509765625,10240.0,3665.0,546.17,NVIDIA GeForce RTX 3080,[N/A],Enabled,Enabled
1701954460.444977,0,GPU-b342434c-f6b6-7627-333e-da750a9991e6,0.18,0.62509765625,10240.0,3665.0,546.17,NVIDIA GeForce RTX 3080,[N/A],Enabled,Enabled
1701954461.444759,0,GPU-b342434c-f6b6-7627-333e-da750a9991e6,0.18,0.62431640625,10240.0,3673.0,546.17,NVIDIA GeForce RTX 3080,[N/A],Enabled,Enabled
1701954462.445019,0,GPU-b342434c-f6b6-7627-333e-da750a9991e6,0.18,0.62421875,10240.0,3674.0,546.17,NVIDIA GeForce RTX 3080,[N/A],Enabled,Enabled
1701954463.445025,0,GPU-b342434c-f6b6-7627-333e-da750a9991e6,0.18,0.62421875,10240.0,3674.0,546.17,NVIDIA GeForce RTX 3080,[N/A],Enabled,Enabled
1701954464.444844,0,GPU-b342434c-f6b6-7627-333e-da750a9991e6,0.18,0.62568359375,10240.0,3659.0,546.17,NVIDIA GeForce RTX 3080,[N/A],Enabled,Enabled
1701954465.445744,0,GPU-b342434c-f6b6-7627-333e-da750a9991e6,0.18,0.62568359375,10240.0,3659.0,546.17,NVIDIA GeForce RTX 3080,[N/A],Enabled,Enabled
1701954466.444436,0,GPU-b342434c-f6b6-7627-333e-da750a9991e6,0.18,0.62568359375,10240.0,3659.0,546.17,NVIDIA GeForce RTX 3080,[N/A],Enabled,Enabled
1701954467.444779,0,GPU-b342434c-f6b6-7627-333e-da750a9991e6,0.18,0.62568359375,10240.0,3659.0,546.17,NVIDIA GeForce RTX 3080,[N/A],Enabled,Enabled
1701954468.445124,0,GPU-b342434c-f6b6-7627-333e-da750a9991e6,0.17,0.62568359375,10240.0,3659.0,546.17,NVIDIA GeForce RTX 3080,[N/A],Enabled,Enabled
1701954469.445254,0,GPU-b342434c-f6b6-7627-333e-da750a9991e6,0.17,0.62529296875,10240.0,3663.0,546.17,NVIDIA GeForce RTX 3080,[N/A],Enabled,Enabled
1701954470.445273,0,GPU-b342434c-f6b6-7627-333e-da750a9991e6,0.18,0.62509765625,10240.0,3665.0,546.17,NVIDIA GeForce RTX 3080,[N/A],Enabled,Enabled
1701954471.445187,0,GPU-b342434c-f6b6-7627-333e-da750a9991e6,0.19,0.62509765625,10240.0,3665.0,546.17,NVIDIA GeForce RTX 3080,[N/A],Enabled,Enabled
1701954472.445503,0,GPU-b342434c-f6b6-7627-333e-da750a9991e6,0.18,0.62509765625,10240.0,3665.0,546.17,NVIDIA GeForce RTX 3080,[N/A],Enabled,Enabled
1701954473.445368,0,GPU-b342434c-f6b6-7627-333e-da750a9991e6,0.17,0.62509765625,10240.0,3665.0,546.17,NVIDIA GeForce RTX 3080,[N/A],Enabled,Enabled
1701954474.445177,0,GPU-b342434c-f6b6-7627-333e-da750a9991e6,0.17,0.62431640625,10240.0,3673.0,546.17,NVIDIA GeForce RTX 3080,[N/A],Enabled,Enabled
1701954475.445265,0,GPU-b342434c-f6b6-7627-333e-da750a9991e6,0.17,0.62421875,10240.0,3674.0,546.17,NVIDIA GeForce RTX 3080,[N/A],Enabled,Enabled
1701954476.444653,0,GPU-b342434c-f6b6-7627-333e-da750a9991e6,0.19,0.62421875,10240.0,3674.0,546.17,NVIDIA GeForce RTX 3080,[N/A],Enabled,Enabled
1701954477.444629,0,GPU-b342434c-f6b6-7627-333e-da750a9991e6,0.18,0.62421875,10240.0,3674.0,546.17,NVIDIA GeForce RTX 3080,[N/A],Enabled,Enabled
1701954478.445278,0,GPU-b342434c-f6b6-7627-333e-da750a9991e6,0.16,0.62431640625,10240.0,3673.0,546.17,NVIDIA GeForce RTX 3080,[N/A],Enabled,Enabled
1701954479.44518,0,GPU-b342434c-f6b6-7627-333e-da750a9991e6,0.16,0.62431640625,10240.0,3673.0,546.17,NVIDIA GeForce RTX 3080,[N/A],Enabled,Enabled
1701954480.444721,0,GPU-b342434c-f6b6-7627-333e-da750a9991e6,0.17,0.62431640625,10240.0,3673.0,546.17,NVIDIA GeForce RTX 3080,[N/A],Enabled,Enabled
1701954481.44441,0,GPU-b342434c-f6b6-7627-333e-da750a9991e6,0.17,0.62421875,10240.0,3674.0,546.17,NVIDIA GeForce RTX 3080,[N/A],Enabled,Enabled
1701954482.445045,0,GPU-b342434c-f6b6-7627-333e-da750a9991e6,0.19,0.62421875,10240.0,3674.0,546.17,NVIDIA GeForce RTX 3080,[N/A],Enabled,Enabled
1701954483.444847,0,GPU-b342434c-f6b6-7627-333e-da750a9991e6,0.14,0.62421875,10240.0,3674.0,546.17,NVIDIA GeForce RTX 3080,[N/A],Enabled,Enabled
1701954484.444623,0,GPU-b342434c-f6b6-7627-333e-da750a9991e6,0.21,0.6171875,10240.0,3746.0,546.17,NVIDIA GeForce RTX 3080,[N/A],Enabled,Enabled
1701954485.444713,0,GPU-b342434c-f6b6-7627-333e-da750a9991e6,0.18,0.6171875,10240.0,3746.0,546.17,NVIDIA GeForce RTX 3080,[N/A],Enabled,Enabled
1701954486.444564,0,GPU-b342434c-f6b6-7627-333e-da750a9991e6,0.18,0.6171875,10240.0,3746.0,546.17,NVIDIA GeForce RTX 3080,[N/A],Enabled,Enabled
1701954487.445477,0,GPU-b342434c-f6b6-7627-333e-da750a9991e6,0.19,0.6171875,10240.0,3746.0,546.17,NVIDIA GeForce RTX 3080,[N/A],Enabled,Enabled
1701954488.444815,0,GPU-b342434c-f6b6-7627-333e-da750a9991e6,0.2,0.61826171875,10240.0,3735.0,546.17,NVIDIA GeForce RTX 3080,[N/A],Enabled,Enabled
1701954489.444872,0,GPU-b342434c-f6b6-7627-333e-da750a9991e6,0.18,0.61826171875,10240.0,3735.0,546.17,NVIDIA GeForce RTX 3080,[N/A],Enabled,Enabled
1701954490.445264,0,GPU-b342434c-f6b6-7627-333e-da750a9991e6,0.18,0.61826171875,10240.0,3735.0,546.17,NVIDIA GeForce RTX 3080,[N/A],Enabled,Enabled
1701954491.444565,0,GPU-b342434c-f6b6-7627-333e-da750a9991e6,0.17,0.61826171875,10240.0,3735.0,546.17,NVIDIA GeForce RTX 3080,[N/A],Enabled,Enabled
1701954492.445024,0,GPU-b342434c-f6b6-7627-333e-da750a9991e6,0.18,0.61826171875,10240.0,3735.0,546.17,NVIDIA GeForce RTX 3080,[N/A],Enabled,Enabled
1701954493.44516,0,GPU-b342434c-f6b6-7627-333e-da750a9991e6,0.17,0.6177734375,10240.0,3740.0,546.17,NVIDIA GeForce RTX 3080,[N/A],Enabled,Enabled
1701954494.444895,0,GPU-b342434c-f6b6-7627-333e-da750a9991e6,0.11,0.62509765625,10240.0,3665.0,546.17,NVIDIA GeForce RTX 3080,[N/A],Enabled,Enabled
1701954495.444681,0,GPU-b342434c-f6b6-7627-333e-da750a9991e6,0.17,0.65380859375,10240.0,3371.0,546.17,NVIDIA GeForce RTX 3080,[N/A],Enabled,Enabled
1701954496.444825,0,GPU-b342434c-f6b6-7627-333e-da750a9991e6,0.19,0.38779296875,10240.0,6095.0,546.17,NVIDIA GeForce RTX 3080,[N/A],Enabled,Enabled
1701954497.445435,0,GPU-b342434c-f6b6-7627-333e-da750a9991e6,0.16,0.38759765625,10240.0,6097.0,546.17,NVIDIA GeForce RTX 3080,[N/A],Enabled,Enabled
1701954498.444823,0,GPU-b342434c-f6b6-7627-333e-da750a9991e6,0.16,0.38779296875,10240.0,6095.0,546.17,NVIDIA GeForce RTX 3080,[N/A],Enabled,Enabled
1701954499.444718,0,GPU-b342434c-f6b6-7627-333e-da750a9991e6,0.16,0.3876953125,10240.0,6096.0,546.17,NVIDIA GeForce RTX 3080,[N/A],Enabled,Enabled
1701954500.444842,0,GPU-b342434c-f6b6-7627-333e-da750a9991e6,0.18,0.3880859375,10240.0,6092.0,546.17,NVIDIA GeForce RTX 3080,[N/A],Enabled,Enabled
1701954501.445729,0,GPU-b342434c-f6b6-7627-333e-da750a9991e6,0.17,0.3880859375,10240.0,6092.0,546.17,NVIDIA GeForce RTX 3080,[N/A],Enabled,Enabled
1701954502.44478,0,GPU-b342434c-f6b6-7627-333e-da750a9991e6,0.16,0.3875,10240.0,6098.0,546.17,NVIDIA GeForce RTX 3080,[N/A],Enabled,Enabled
1701954503.444616,0,GPU-b342434c-f6b6-7627-333e-da750a9991e6,0.16,0.3876953125,10240.0,6096.0,546.17,NVIDIA GeForce RTX 3080,[N/A],Enabled,Enabled
1701954504.444678,0,GPU-b342434c-f6b6-7627-333e-da750a9991e6,0.17,0.3876953125,10240.0,6096.0,546.17,NVIDIA GeForce RTX 3080,[N/A],Enabled,Enabled
1701954505.445233,0,GPU-b342434c-f6b6-7627-333e-da750a9991e6,0.17,0.3876953125,10240.0,6096.0,546.17,NVIDIA GeForce RTX 3080,[N/A],Enabled,Enabled
1701954506.444277,0,GPU-b342434c-f6b6-7627-333e-da750a9991e6,0.17,0.38701171875,10240.0,6103.0,546.17,NVIDIA GeForce RTX 3080,[N/A],Enabled,Enabled
1701954507.445602,0,GPU-b342434c-f6b6-7627-333e-da750a9991e6,0.17,0.38701171875,10240.0,6103.0,546.17,NVIDIA GeForce RTX 3080,[N/A],Enabled,Enabled
1701954508.444507,0,GPU-b342434c-f6b6-7627-333e-da750a9991e6,0.16,0.38701171875,10240.0,6103.0,546.17,NVIDIA GeForce RTX 3080,[N/A],Enabled,Enabled
1701954509.444723,0,GPU-b342434c-f6b6-7627-333e-da750a9991e6,0.16,0.38701171875,10240.0,6103.0,546.17,NVIDIA GeForce RTX 3080,[N/A],Enabled,Enabled
1701954510.445458,0,GPU-b342434c-f6b6-7627-333e-da750a9991e6,0.16,0.38701171875,10240.0,6103.0,546.17,NVIDIA GeForce RTX 3080,[N/A],Enabled,Enabled
1701954511.444847,0,GPU-b342434c-f6b6-7627-333e-da750a9991e6,0.17,0.3865234375,10240.0,6108.0,546.17,NVIDIA GeForce RTX 3080,[N/A],Enabled,Enabled
