timestamp,id,uuid,load,memoryUtil,memoryTotal,memoryUsed,memoryFree,driver,name,serial,display_mode,display_active
1702145440.463038,0,GPU-b342434c-f6b6-7627-333e-da750a9991e6,0.2,0.48662109375,10240.0,5083.0,546.17,NVIDIA GeForce RTX 3080,[N/A],Enabled,Enabled
1702145441.457849,0,GPU-b342434c-f6b6-7627-333e-da750a9991e6,0.19,0.4869140625,10240.0,5080.0,546.17,NVIDIA GeForce RTX 3080,[N/A],Enabled,Enabled
1702145442.457095,0,GPU-b342434c-f6b6-7627-333e-da750a9991e6,0.19,0.48671875,10240.0,5082.0,546.17,NVIDIA GeForce RTX 3080,[N/A],Enabled,Enabled
1702145443.457951,0,GPU-b342434c-f6b6-7627-333e-da750a9991e6,0.19,0.48671875,10240.0,5082.0,546.17,NVIDIA GeForce RTX 3080,[N/A],Enabled,Enabled
1702145444.457068,0,GPU-b342434c-f6b6-7627-333e-da750a9991e6,0.17,0.48076171875,10240.0,5143.0,546.17,NVIDIA GeForce RTX 3080,[N/A],Enabled,Enabled
1702145445.457416,0,GPU-b342434c-f6b6-7627-333e-da750a9991e6,0.24,0.51171875,10240.0,4826.0,546.17,NVIDIA GeForce RTX 3080,[N/A],Enabled,Enabled
1702145446.457331,0,GPU-b342434c-f6b6-7627-333e-da750a9991e6,0.16,0.51171875,10240.0,4826.0,546.17,NVIDIA GeForce RTX 3080,[N/A],Enabled,Enabled
1702145447.457136,0,GPU-b342434c-f6b6-7627-333e-da750a9991e6,0.16,0.51171875,10240.0,4826.0,546.17,NVIDIA GeForce RTX 3080,[N/A],Enabled,Enabled
1702145448.457643,0,GPU-b342434c-f6b6-7627-333e-da750a9991e6,0.16,0.51083984375,10240.0,4835.0,546.17,NVIDIA GeForce RTX 3080,[N/A],Enabled,Enabled
1702145449.45787,0,GPU-b342434c-f6b6-7627-333e-da750a9991e6,0.16,0.51083984375,10240.0,4835.0,546.17,NVIDIA GeForce RTX 3080,[N/A],Enabled,Enabled
1702145450.45709,0,GPU-b342434c-f6b6-7627-333e-da750a9991e6,0.16,0.51083984375,10240.0,4835.0,546.17,NVIDIA GeForce RTX 3080,[N/A],Enabled,Enabled
1702145451.457108,0,GPU-b342434c-f6b6-7627-333e-da750a9991e6,0.19,0.51083984375,10240.0,4835.0,546.17,NVIDIA GeForce RTX 3080,[N/A],Enabled,Enabled
1702145452.457376,0,GPU-b342434c-f6b6-7627-333e-da750a9991e6,0.16,0.51083984375,10240.0,4835.0,546.17,NVIDIA GeForce RTX 3080,[N/A],Enabled,Enabled
1702145453.457306,0,GPU-b342434c-f6b6-7627-333e-da750a9991e6,0.17,0.51083984375,10240.0,4835.0,546.17,NVIDIA GeForce RTX 3080,[N/A],Enabled,Enabled
1702145454.457223,0,GPU-b342434c-f6b6-7627-333e-da750a9991e6,0.16,0.51083984375,10240.0,4835.0,546.17,NVIDIA GeForce RTX 3080,[N/A],Enabled,Enabled
1702145455.456817,0,GPU-b342434c-f6b6-7627-333e-da750a9991e6,0.16,0.51083984375,10240.0,4835.0,546.17,NVIDIA GeForce RTX 3080,[N/A],Enabled,Enabled
1702145456.468629,0,GPU-b342434c-f6b6-7627-333e-da750a9991e6,0.19,0.52939453125,10240.0,4645.0,546.17,NVIDIA GeForce RTX 3080,[N/A],Enabled,Enabled
1702145457.457572,0,GPU-b342434c-f6b6-7627-333e-da750a9991e6,0.18,0.53564453125,10240.0,4581.0,546.17,NVIDIA GeForce RTX 3080,[N/A],Enabled,Enabled
1702145458.45722,0,GPU-b342434c-f6b6-7627-333e-da750a9991e6,0.08,0.5353515625,10240.0,4584.0,546.17,NVIDIA GeForce RTX 3080,[N/A],Enabled,Enabled
1702145459.457484,0,GPU-b342434c-f6b6-7627-333e-da750a9991e6,0.1,0.6044921875,10240.0,3876.0,546.17,NVIDIA GeForce RTX 3080,[N/A],Enabled,Enabled
1702145460.456795,0,GPU-b342434c-f6b6-7627-333e-da750a9991e6,0.62,0.8353515625,10240.0,1512.0,546.17,NVIDIA GeForce RTX 3080,[N/A],Enabled,Enabled
1702145461.457173,0,GPU-b342434c-f6b6-7627-333e-da750a9991e6,0.34,0.8333984375,10240.0,1532.0,546.17,NVIDIA GeForce RTX 3080,[N/A],Enabled,Enabled
1702145462.456904,0,GPU-b342434c-f6b6-7627-333e-da750a9991e6,0.34,0.82412109375,10240.0,1627.0,546.17,NVIDIA GeForce RTX 3080,[N/A],Enabled,Enabled
1702145463.457852,0,GPU-b342434c-f6b6-7627-333e-da750a9991e6,0.33,0.8228515625,10240.0,1640.0,546.17,NVIDIA GeForce RTX 3080,[N/A],Enabled,Enabled
1702145464.457132,0,GPU-b342434c-f6b6-7627-333e-da750a9991e6,0.32,0.8228515625,10240.0,1640.0,546.17,NVIDIA GeForce RTX 3080,[N/A],Enabled,Enabled
1702145465.457593,0,GPU-b342434c-f6b6-7627-333e-da750a9991e6,0.33,0.82275390625,10240.0,1641.0,546.17,NVIDIA GeForce RTX 3080,[N/A],Enabled,Enabled
1702145466.456961,0,GPU-b342434c-f6b6-7627-333e-da750a9991e6,0.33,0.82275390625,10240.0,1641.0,546.17,NVIDIA GeForce RTX 3080,[N/A],Enabled,Enabled
1702145467.45759,0,GPU-b342434c-f6b6-7627-333e-da750a9991e6,0.34,0.82275390625,10240.0,1641.0,546.17,NVIDIA GeForce RTX 3080,[N/A],Enabled,Enabled
1702145468.457454,0,GPU-b342434c-f6b6-7627-333e-da750a9991e6,0.34,0.8228515625,10240.0,1640.0,546.17,NVIDIA GeForce RTX 3080,[N/A],Enabled,Enabled
1702145469.457317,0,GPU-b342434c-f6b6-7627-333e-da750a9991e6,0.34,0.8228515625,10240.0,1640.0,546.17,NVIDIA GeForce RTX 3080,[N/A],Enabled,Enabled
1702145470.457542,0,GPU-b342434c-f6b6-7627-333e-da750a9991e6,0.35,0.8228515625,10240.0,1640.0,546.17,NVIDIA GeForce RTX 3080,[N/A],Enabled,Enabled
1702145471.45758,0,GPU-b342434c-f6b6-7627-333e-da750a9991e6,0.34,0.8228515625,10240.0,1640.0,546.17,NVIDIA GeForce RTX 3080,[N/A],Enabled,Enabled
1702145472.457329,0,GPU-b342434c-f6b6-7627-333e-da750a9991e6,0.39,0.8228515625,10240.0,1640.0,546.17,NVIDIA GeForce RTX 3080,[N/A],Enabled,Enabled
1702145473.45677,0,GPU-b342434c-f6b6-7627-333e-da750a9991e6,0.31,0.8228515625,10240.0,1640.0,546.17,NVIDIA GeForce RTX 3080,[N/A],Enabled,Enabled
1702145474.457238,0,GPU-b342434c-f6b6-7627-333e-da750a9991e6,0.3,0.8228515625,10240.0,1640.0,546.17,NVIDIA GeForce RTX 3080,[N/A],Enabled,Enabled
1702145475.457364,0,GPU-b342434c-f6b6-7627-333e-da750a9991e6,0.33,0.8228515625,10240.0,1640.0,546.17,NVIDIA GeForce RTX 3080,[N/A],Enabled,Enabled
1702145476.457355,0,GPU-b342434c-f6b6-7627-333e-da750a9991e6,0.31,0.8228515625,10240.0,1640.0,546.17,NVIDIA GeForce RTX 3080,[N/A],Enabled,Enabled
1702145477.457321,0,GPU-b342434c-f6b6-7627-333e-da750a9991e6,0.31,0.8228515625,10240.0,1640.0,546.17,NVIDIA GeForce RTX 3080,[N/A],Enabled,Enabled
1702145478.456885,0,GPU-b342434c-f6b6-7627-333e-da750a9991e6,0.32,0.8228515625,10240.0,1640.0,546.17,NVIDIA GeForce RTX 3080,[N/A],Enabled,Enabled
1702145479.457674,0,GPU-b342434c-f6b6-7627-333e-da750a9991e6,0.31,0.8228515625,10240.0,1640.0,546.17,NVIDIA GeForce RTX 3080,[N/A],Enabled,Enabled
1702145480.456734,0,GPU-b342434c-f6b6-7627-333e-da750a9991e6,0.33,0.8228515625,10240.0,1640.0,546.17,NVIDIA GeForce RTX 3080,[N/A],Enabled,Enabled
1702145481.457589,0,GPU-b342434c-f6b6-7627-333e-da750a9991e6,0.33,0.8228515625,10240.0,1640.0,546.17,NVIDIA GeForce RTX 3080,[N/A],Enabled,Enabled
1702145482.456953,0,GPU-b342434c-f6b6-7627-333e-da750a9991e6,0.29,0.8228515625,10240.0,1640.0,546.17,NVIDIA GeForce RTX 3080,[N/A],Enabled,Enabled
1702145483.457343,0,GPU-b342434c-f6b6-7627-333e-da750a9991e6,0.29,0.8228515625,10240.0,1640.0,546.17,NVIDIA GeForce RTX 3080,[N/A],Enabled,Enabled
1702145484.456936,0,GPU-b342434c-f6b6-7627-333e-da750a9991e6,0.3,0.8228515625,10240.0,1640.0,546.17,NVIDIA GeForce RTX 3080,[N/A],Enabled,Enabled
1702145485.45706,0,GPU-b342434c-f6b6-7627-333e-da750a9991e6,0.31,0.82216796875,10240.0,1647.0,546.17,NVIDIA GeForce RTX 3080,[N/A],Enabled,Enabled
1702145486.457413,0,GPU-b342434c-f6b6-7627-333e-da750a9991e6,0.31,0.82216796875,10240.0,1647.0,546.17,NVIDIA GeForce RTX 3080,[N/A],Enabled,Enabled
1702145487.457154,0,GPU-b342434c-f6b6-7627-333e-da750a9991e6,0.29,0.82216796875,10240.0,1647.0,546.17,NVIDIA GeForce RTX 3080,[N/A],Enabled,Enabled
1702145488.456968,0,GPU-b342434c-f6b6-7627-333e-da750a9991e6,0.3,0.82216796875,10240.0,1647.0,546.17,NVIDIA GeForce RTX 3080,[N/A],Enabled,Enabled
1702145489.457247,0,GPU-b342434c-f6b6-7627-333e-da750a9991e6,0.34,0.82216796875,10240.0,1647.0,546.17,NVIDIA GeForce RTX 3080,[N/A],Enabled,Enabled
1702145490.457623,0,GPU-b342434c-f6b6-7627-333e-da750a9991e6,0.39,0.82216796875,10240.0,1647.0,546.17,NVIDIA GeForce RTX 3080,[N/A],Enabled,Enabled
1702145491.456916,0,GPU-b342434c-f6b6-7627-333e-da750a9991e6,0.39,0.82216796875,10240.0,1647.0,546.17,NVIDIA GeForce RTX 3080,[N/A],Enabled,Enabled
1702145492.457415,0,GPU-b342434c-f6b6-7627-333e-da750a9991e6,0.38,0.82216796875,10240.0,1647.0,546.17,NVIDIA GeForce RTX 3080,[N/A],Enabled,Enabled
1702145493.457312,0,GPU-b342434c-f6b6-7627-333e-da750a9991e6,0.37,0.82333984375,10240.0,1635.0,546.17,NVIDIA GeForce RTX 3080,[N/A],Enabled,Enabled
1702145494.45765,0,GPU-b342434c-f6b6-7627-333e-da750a9991e6,0.37,0.82421875,10240.0,1626.0,546.17,NVIDIA GeForce RTX 3080,[N/A],Enabled,Enabled
1702145495.456938,0,GPU-b342434c-f6b6-7627-333e-da750a9991e6,0.36,0.82421875,10240.0,1626.0,546.17,NVIDIA GeForce RTX 3080,[N/A],Enabled,Enabled
1702145496.457691,0,GPU-b342434c-f6b6-7627-333e-da750a9991e6,0.39,0.82421875,10240.0,1626.0,546.17,NVIDIA GeForce RTX 3080,[N/A],Enabled,Enabled
1702145497.456907,0,GPU-b342434c-f6b6-7627-333e-da750a9991e6,0.37,0.82421875,10240.0,1626.0,546.17,NVIDIA GeForce RTX 3080,[N/A],Enabled,Enabled
1702145498.457222,0,GPU-b342434c-f6b6-7627-333e-da750a9991e6,0.36,0.82421875,10240.0,1626.0,546.17,NVIDIA GeForce RTX 3080,[N/A],Enabled,Enabled
1702145499.457669,0,GPU-b342434c-f6b6-7627-333e-da750a9991e6,0.35,0.82412109375,10240.0,1627.0,546.17,NVIDIA GeForce RTX 3080,[N/A],Enabled,Enabled
1702145500.457319,0,GPU-b342434c-f6b6-7627-333e-da750a9991e6,0.37,0.82412109375,10240.0,1627.0,546.17,NVIDIA GeForce RTX 3080,[N/A],Enabled,Enabled
1702145501.45783,0,GPU-b342434c-f6b6-7627-333e-da750a9991e6,0.42,0.82412109375,10240.0,1628.0,546.17,NVIDIA GeForce RTX 3080,[N/A],Enabled,Enabled
1702145502.457087,0,GPU-b342434c-f6b6-7627-333e-da750a9991e6,0.43,0.82333984375,10240.0,1635.0,546.17,NVIDIA GeForce RTX 3080,[N/A],Enabled,Enabled
1702145503.45733,0,GPU-b342434c-f6b6-7627-333e-da750a9991e6,0.39,0.82333984375,10240.0,1635.0,546.17,NVIDIA GeForce RTX 3080,[N/A],Enabled,Enabled
1702145504.456896,0,GPU-b342434c-f6b6-7627-333e-da750a9991e6,0.37,0.82333984375,10240.0,1635.0,546.17,NVIDIA GeForce RTX 3080,[N/A],Enabled,Enabled
1702145505.457075,0,GPU-b342434c-f6b6-7627-333e-da750a9991e6,0.36,0.82333984375,10240.0,1635.0,546.17,NVIDIA GeForce RTX 3080,[N/A],Enabled,Enabled
1702145506.457935,0,GPU-b342434c-f6b6-7627-333e-da750a9991e6,0.38,0.82333984375,10240.0,1635.0,546.17,NVIDIA GeForce RTX 3080,[N/A],Enabled,Enabled
1702145507.457821,0,GPU-b342434c-f6b6-7627-333e-da750a9991e6,0.36,0.82333984375,10240.0,1635.0,546.17,NVIDIA GeForce RTX 3080,[N/A],Enabled,Enabled
1702145508.45708,0,GPU-b342434c-f6b6-7627-333e-da750a9991e6,0.33,0.82333984375,10240.0,1635.0,546.17,NVIDIA GeForce RTX 3080,[N/A],Enabled,Enabled
1702145509.457056,0,GPU-b342434c-f6b6-7627-333e-da750a9991e6,0.33,0.82333984375,10240.0,1635.0,546.17,NVIDIA GeForce RTX 3080,[N/A],Enabled,Enabled
1702145510.457407,0,GPU-b342434c-f6b6-7627-333e-da750a9991e6,0.36,0.82333984375,10240.0,1635.0,546.17,NVIDIA GeForce RTX 3080,[N/A],Enabled,Enabled
1702145511.457093,0,GPU-b342434c-f6b6-7627-333e-da750a9991e6,0.38,0.82333984375,10240.0,1635.0,546.17,NVIDIA GeForce RTX 3080,[N/A],Enabled,Enabled
1702145512.457408,0,GPU-b342434c-f6b6-7627-333e-da750a9991e6,0.4,0.82333984375,10240.0,1635.0,546.17,NVIDIA GeForce RTX 3080,[N/A],Enabled,Enabled
1702145513.457405,0,GPU-b342434c-f6b6-7627-333e-da750a9991e6,0.38,0.82333984375,10240.0,1635.0,546.17,NVIDIA GeForce RTX 3080,[N/A],Enabled,Enabled
1702145514.456947,0,GPU-b342434c-f6b6-7627-333e-da750a9991e6,0.38,0.82333984375,10240.0,1635.0,546.17,NVIDIA GeForce RTX 3080,[N/A],Enabled,Enabled
1702145515.457825,0,GPU-b342434c-f6b6-7627-333e-da750a9991e6,0.39,0.8234375,10240.0,1634.0,546.17,NVIDIA GeForce RTX 3080,[N/A],Enabled,Enabled
1702145516.457246,0,GPU-b342434c-f6b6-7627-333e-da750a9991e6,0.36,0.8234375,10240.0,1634.0,546.17,NVIDIA GeForce RTX 3080,[N/A],Enabled,Enabled
1702145517.457399,0,GPU-b342434c-f6b6-7627-333e-da750a9991e6,0.35,0.8234375,10240.0,1634.0,546.17,NVIDIA GeForce RTX 3080,[N/A],Enabled,Enabled
1702145518.456963,0,GPU-b342434c-f6b6-7627-333e-da750a9991e6,0.35,0.8234375,10240.0,1634.0,546.17,NVIDIA GeForce RTX 3080,[N/A],Enabled,Enabled
1702145519.45672,0,GPU-b342434c-f6b6-7627-333e-da750a9991e6,0.36,0.8234375,10240.0,1634.0,546.17,NVIDIA GeForce RTX 3080,[N/A],Enabled,Enabled
1702145520.457787,0,GPU-b342434c-f6b6-7627-333e-da750a9991e6,0.37,0.8234375,10240.0,1634.0,546.17,NVIDIA GeForce RTX 3080,[N/A],Enabled,Enabled
1702145521.458011,0,GPU-b342434c-f6b6-7627-333e-da750a9991e6,0.39,0.8234375,10240.0,1634.0,546.17,NVIDIA GeForce RTX 3080,[N/A],Enabled,Enabled
1702145522.457047,0,GPU-b342434c-f6b6-7627-333e-da750a9991e6,0.38,0.8234375,10240.0,1634.0,546.17,NVIDIA GeForce RTX 3080,[N/A],Enabled,Enabled
1702145523.457614,0,GPU-b342434c-f6b6-7627-333e-da750a9991e6,0.38,0.8234375,10240.0,1634.0,546.17,NVIDIA GeForce RTX 3080,[N/A],Enabled,Enabled
1702145524.456801,0,GPU-b342434c-f6b6-7627-333e-da750a9991e6,0.36,0.8234375,10240.0,1634.0,546.17,NVIDIA GeForce RTX 3080,[N/A],Enabled,Enabled
1702145525.456891,0,GPU-b342434c-f6b6-7627-333e-da750a9991e6,0.36,0.8234375,10240.0,1634.0,546.17,NVIDIA GeForce RTX 3080,[N/A],Enabled,Enabled
1702145526.456589,0,GPU-b342434c-f6b6-7627-333e-da750a9991e6,0.35,0.8234375,10240.0,1634.0,546.17,NVIDIA GeForce RTX 3080,[N/A],Enabled,Enabled
1702145527.457406,0,GPU-b342434c-f6b6-7627-333e-da750a9991e6,0.36,0.8234375,10240.0,1634.0,546.17,NVIDIA GeForce RTX 3080,[N/A],Enabled,Enabled
1702145528.456842,0,GPU-b342434c-f6b6-7627-333e-da750a9991e6,0.34,0.8234375,10240.0,1634.0,546.17,NVIDIA GeForce RTX 3080,[N/A],Enabled,Enabled
1702145529.456943,0,GPU-b342434c-f6b6-7627-333e-da750a9991e6,0.32,0.8234375,10240.0,1634.0,546.17,NVIDIA GeForce RTX 3080,[N/A],Enabled,Enabled
1702145530.457498,0,GPU-b342434c-f6b6-7627-333e-da750a9991e6,0.33,0.8234375,10240.0,1634.0,546.17,NVIDIA GeForce RTX 3080,[N/A],Enabled,Enabled
1702145531.45736,0,GPU-b342434c-f6b6-7627-333e-da750a9991e6,0.33,0.8234375,10240.0,1634.0,546.17,NVIDIA GeForce RTX 3080,[N/A],Enabled,Enabled
1702145532.45752,0,GPU-b342434c-f6b6-7627-333e-da750a9991e6,0.33,0.8234375,10240.0,1634.0,546.17,NVIDIA GeForce RTX 3080,[N/A],Enabled,Enabled
1702145533.457325,0,GPU-b342434c-f6b6-7627-333e-da750a9991e6,0.33,0.8234375,10240.0,1634.0,546.17,NVIDIA GeForce RTX 3080,[N/A],Enabled,Enabled
1702145534.457171,0,GPU-b342434c-f6b6-7627-333e-da750a9991e6,0.31,0.8234375,10240.0,1634.0,546.17,NVIDIA GeForce RTX 3080,[N/A],Enabled,Enabled
1702145535.457002,0,GPU-b342434c-f6b6-7627-333e-da750a9991e6,0.29,0.82333984375,10240.0,1635.0,546.17,NVIDIA GeForce RTX 3080,[N/A],Enabled,Enabled
1702145536.457101,0,GPU-b342434c-f6b6-7627-333e-da750a9991e6,0.31,0.82333984375,10240.0,1635.0,546.17,NVIDIA GeForce RTX 3080,[N/A],Enabled,Enabled
1702145537.457599,0,GPU-b342434c-f6b6-7627-333e-da750a9991e6,0.29,0.82333984375,10240.0,1635.0,546.17,NVIDIA GeForce RTX 3080,[N/A],Enabled,Enabled
1702145538.457097,0,GPU-b342434c-f6b6-7627-333e-da750a9991e6,0.29,0.82333984375,10240.0,1635.0,546.17,NVIDIA GeForce RTX 3080,[N/A],Enabled,Enabled
1702145539.457288,0,GPU-b342434c-f6b6-7627-333e-da750a9991e6,0.32,0.8234375,10240.0,1634.0,546.17,NVIDIA GeForce RTX 3080,[N/A],Enabled,Enabled
1702145540.457349,0,GPU-b342434c-f6b6-7627-333e-da750a9991e6,0.34,0.8234375,10240.0,1634.0,546.17,NVIDIA GeForce RTX 3080,[N/A],Enabled,Enabled
1702145541.456951,0,GPU-b342434c-f6b6-7627-333e-da750a9991e6,0.35,0.8234375,10240.0,1634.0,546.17,NVIDIA GeForce RTX 3080,[N/A],Enabled,Enabled
1702145542.456824,0,GPU-b342434c-f6b6-7627-333e-da750a9991e6,0.36,0.8234375,10240.0,1634.0,546.17,NVIDIA GeForce RTX 3080,[N/A],Enabled,Enabled
1702145543.457428,0,GPU-b342434c-f6b6-7627-333e-da750a9991e6,0.36,0.8234375,10240.0,1634.0,546.17,NVIDIA GeForce RTX 3080,[N/A],Enabled,Enabled
1702145544.457091,0,GPU-b342434c-f6b6-7627-333e-da750a9991e6,0.35,0.8234375,10240.0,1634.0,546.17,NVIDIA GeForce RTX 3080,[N/A],Enabled,Enabled
1702145545.457094,0,GPU-b342434c-f6b6-7627-333e-da750a9991e6,0.36,0.8234375,10240.0,1634.0,546.17,NVIDIA GeForce RTX 3080,[N/A],Enabled,Enabled
1702145546.45724,0,GPU-b342434c-f6b6-7627-333e-da750a9991e6,0.33,0.8234375,10240.0,1634.0,546.17,NVIDIA GeForce RTX 3080,[N/A],Enabled,Enabled
1702145547.457328,0,GPU-b342434c-f6b6-7627-333e-da750a9991e6,0.38,0.8234375,10240.0,1634.0,546.17,NVIDIA GeForce RTX 3080,[N/A],Enabled,Enabled
1702145548.457889,0,GPU-b342434c-f6b6-7627-333e-da750a9991e6,0.38,0.82333984375,10240.0,1635.0,546.17,NVIDIA GeForce RTX 3080,[N/A],Enabled,Enabled
1702145549.457569,0,GPU-b342434c-f6b6-7627-333e-da750a9991e6,0.34,0.8232421875,10240.0,1636.0,546.17,NVIDIA GeForce RTX 3080,[N/A],Enabled,Enabled
1702145550.456932,0,GPU-b342434c-f6b6-7627-333e-da750a9991e6,0.35,0.8232421875,10240.0,1636.0,546.17,NVIDIA GeForce RTX 3080,[N/A],Enabled,Enabled
1702145551.45756,0,GPU-b342434c-f6b6-7627-333e-da750a9991e6,0.35,0.8232421875,10240.0,1636.0,546.17,NVIDIA GeForce RTX 3080,[N/A],Enabled,Enabled
1702145552.456845,0,GPU-b342434c-f6b6-7627-333e-da750a9991e6,0.34,0.8232421875,10240.0,1636.0,546.17,NVIDIA GeForce RTX 3080,[N/A],Enabled,Enabled
1702145553.457228,0,GPU-b342434c-f6b6-7627-333e-da750a9991e6,0.33,0.8232421875,10240.0,1636.0,546.17,NVIDIA GeForce RTX 3080,[N/A],Enabled,Enabled
1702145554.457527,0,GPU-b342434c-f6b6-7627-333e-da750a9991e6,0.28,0.8232421875,10240.0,1636.0,546.17,NVIDIA GeForce RTX 3080,[N/A],Enabled,Enabled
1702145555.457296,0,GPU-b342434c-f6b6-7627-333e-da750a9991e6,0.33,0.8232421875,10240.0,1636.0,546.17,NVIDIA GeForce RTX 3080,[N/A],Enabled,Enabled
1702145556.457111,0,GPU-b342434c-f6b6-7627-333e-da750a9991e6,0.35,0.8232421875,10240.0,1636.0,546.17,NVIDIA GeForce RTX 3080,[N/A],Enabled,Enabled
1702145557.457203,0,GPU-b342434c-f6b6-7627-333e-da750a9991e6,0.35,0.8232421875,10240.0,1636.0,546.17,NVIDIA GeForce RTX 3080,[N/A],Enabled,Enabled
1702145558.457085,0,GPU-b342434c-f6b6-7627-333e-da750a9991e6,0.37,0.8232421875,10240.0,1636.0,546.17,NVIDIA GeForce RTX 3080,[N/A],Enabled,Enabled
1702145559.457043,0,GPU-b342434c-f6b6-7627-333e-da750a9991e6,0.36,0.8232421875,10240.0,1636.0,546.17,NVIDIA GeForce RTX 3080,[N/A],Enabled,Enabled
1702145560.457202,0,GPU-b342434c-f6b6-7627-333e-da750a9991e6,0.35,0.8232421875,10240.0,1636.0,546.17,NVIDIA GeForce RTX 3080,[N/A],Enabled,Enabled
1702145561.457374,0,GPU-b342434c-f6b6-7627-333e-da750a9991e6,0.37,0.8232421875,10240.0,1636.0,546.17,NVIDIA GeForce RTX 3080,[N/A],Enabled,Enabled
1702145562.457197,0,GPU-b342434c-f6b6-7627-333e-da750a9991e6,0.33,0.8232421875,10240.0,1636.0,546.17,NVIDIA GeForce RTX 3080,[N/A],Enabled,Enabled
1702145563.457341,0,GPU-b342434c-f6b6-7627-333e-da750a9991e6,0.32,0.8232421875,10240.0,1636.0,546.17,NVIDIA GeForce RTX 3080,[N/A],Enabled,Enabled
1702145564.45691,0,GPU-b342434c-f6b6-7627-333e-da750a9991e6,0.32,0.8232421875,10240.0,1636.0,546.17,NVIDIA GeForce RTX 3080,[N/A],Enabled,Enabled
1702145565.456984,0,GPU-b342434c-f6b6-7627-333e-da750a9991e6,0.32,0.8232421875,10240.0,1636.0,546.17,NVIDIA GeForce RTX 3080,[N/A],Enabled,Enabled
1702145566.45668,0,GPU-b342434c-f6b6-7627-333e-da750a9991e6,0.32,0.8232421875,10240.0,1636.0,546.17,NVIDIA GeForce RTX 3080,[N/A],Enabled,Enabled
1702145567.456839,0,GPU-b342434c-f6b6-7627-333e-da750a9991e6,0.36,0.8232421875,10240.0,1636.0,546.17,NVIDIA GeForce RTX 3080,[N/A],Enabled,Enabled
1702145568.457502,0,GPU-b342434c-f6b6-7627-333e-da750a9991e6,0.36,0.8232421875,10240.0,1636.0,546.17,NVIDIA GeForce RTX 3080,[N/A],Enabled,Enabled
1702145569.457336,0,GPU-b342434c-f6b6-7627-333e-da750a9991e6,0.35,0.8232421875,10240.0,1636.0,546.17,NVIDIA GeForce RTX 3080,[N/A],Enabled,Enabled
1702145570.457069,0,GPU-b342434c-f6b6-7627-333e-da750a9991e6,0.33,0.8232421875,10240.0,1636.0,546.17,NVIDIA GeForce RTX 3080,[N/A],Enabled,Enabled
1702145571.457202,0,GPU-b342434c-f6b6-7627-333e-da750a9991e6,0.32,0.8232421875,10240.0,1636.0,546.17,NVIDIA GeForce RTX 3080,[N/A],Enabled,Enabled
1702145572.457702,0,GPU-b342434c-f6b6-7627-333e-da750a9991e6,0.32,0.8232421875,10240.0,1636.0,546.17,NVIDIA GeForce RTX 3080,[N/A],Enabled,Enabled
1702145573.457386,0,GPU-b342434c-f6b6-7627-333e-da750a9991e6,0.34,0.8232421875,10240.0,1636.0,546.17,NVIDIA GeForce RTX 3080,[N/A],Enabled,Enabled
1702145574.457195,0,GPU-b342434c-f6b6-7627-333e-da750a9991e6,0.35,0.8232421875,10240.0,1636.0,546.17,NVIDIA GeForce RTX 3080,[N/A],Enabled,Enabled
1702145575.456686,0,GPU-b342434c-f6b6-7627-333e-da750a9991e6,0.34,0.8232421875,10240.0,1636.0,546.17,NVIDIA GeForce RTX 3080,[N/A],Enabled,Enabled
1702145576.457628,0,GPU-b342434c-f6b6-7627-333e-da750a9991e6,0.3,0.8232421875,10240.0,1636.0,546.17,NVIDIA GeForce RTX 3080,[N/A],Enabled,Enabled
1702145577.457019,0,GPU-b342434c-f6b6-7627-333e-da750a9991e6,0.29,0.8232421875,10240.0,1636.0,546.17,NVIDIA GeForce RTX 3080,[N/A],Enabled,Enabled
1702145578.45716,0,GPU-b342434c-f6b6-7627-333e-da750a9991e6,0.36,0.8232421875,10240.0,1636.0,546.17,NVIDIA GeForce RTX 3080,[N/A],Enabled,Enabled
1702145579.457056,0,GPU-b342434c-f6b6-7627-333e-da750a9991e6,0.36,0.8232421875,10240.0,1636.0,546.17,NVIDIA GeForce RTX 3080,[N/A],Enabled,Enabled
1702145580.457388,0,GPU-b342434c-f6b6-7627-333e-da750a9991e6,0.34,0.8232421875,10240.0,1636.0,546.17,NVIDIA GeForce RTX 3080,[N/A],Enabled,Enabled
1702145581.456775,0,GPU-b342434c-f6b6-7627-333e-da750a9991e6,0.35,0.8232421875,10240.0,1636.0,546.17,NVIDIA GeForce RTX 3080,[N/A],Enabled,Enabled
1702145582.457578,0,GPU-b342434c-f6b6-7627-333e-da750a9991e6,0.37,0.8232421875,10240.0,1636.0,546.17,NVIDIA GeForce RTX 3080,[N/A],Enabled,Enabled
1702145583.457191,0,GPU-b342434c-f6b6-7627-333e-da750a9991e6,0.38,0.8232421875,10240.0,1636.0,546.17,NVIDIA GeForce RTX 3080,[N/A],Enabled,Enabled
1702145584.457443,0,GPU-b342434c-f6b6-7627-333e-da750a9991e6,0.34,0.8234375,10240.0,1634.0,546.17,NVIDIA GeForce RTX 3080,[N/A],Enabled,Enabled
1702145585.457269,0,GPU-b342434c-f6b6-7627-333e-da750a9991e6,0.32,0.82333984375,10240.0,1635.0,546.17,NVIDIA GeForce RTX 3080,[N/A],Enabled,Enabled
1702145586.456881,0,GPU-b342434c-f6b6-7627-333e-da750a9991e6,0.33,0.82333984375,10240.0,1635.0,546.17,NVIDIA GeForce RTX 3080,[N/A],Enabled,Enabled
1702145587.457764,0,GPU-b342434c-f6b6-7627-333e-da750a9991e6,0.33,0.82333984375,10240.0,1635.0,546.17,NVIDIA GeForce RTX 3080,[N/A],Enabled,Enabled
1702145588.457612,0,GPU-b342434c-f6b6-7627-333e-da750a9991e6,0.36,0.82333984375,10240.0,1635.0,546.17,NVIDIA GeForce RTX 3080,[N/A],Enabled,Enabled
1702145589.457152,0,GPU-b342434c-f6b6-7627-333e-da750a9991e6,0.35,0.82333984375,10240.0,1635.0,546.17,NVIDIA GeForce RTX 3080,[N/A],Enabled,Enabled
1702145590.457581,0,GPU-b342434c-f6b6-7627-333e-da750a9991e6,0.33,0.82333984375,10240.0,1635.0,546.17,NVIDIA GeForce RTX 3080,[N/A],Enabled,Enabled
1702145591.457251,0,GPU-b342434c-f6b6-7627-333e-da750a9991e6,0.35,0.82333984375,10240.0,1635.0,546.17,NVIDIA GeForce RTX 3080,[N/A],Enabled,Enabled
1702145592.45704,0,GPU-b342434c-f6b6-7627-333e-da750a9991e6,0.34,0.82333984375,10240.0,1635.0,546.17,NVIDIA GeForce RTX 3080,[N/A],Enabled,Enabled
1702145593.456961,0,GPU-b342434c-f6b6-7627-333e-da750a9991e6,0.33,0.82333984375,10240.0,1635.0,546.17,NVIDIA GeForce RTX 3080,[N/A],Enabled,Enabled
1702145594.457238,0,GPU-b342434c-f6b6-7627-333e-da750a9991e6,0.34,0.82333984375,10240.0,1635.0,546.17,NVIDIA GeForce RTX 3080,[N/A],Enabled,Enabled
1702145595.456708,0,GPU-b342434c-f6b6-7627-333e-da750a9991e6,0.31,0.8232421875,10240.0,1636.0,546.17,NVIDIA GeForce RTX 3080,[N/A],Enabled,Enabled
1702145596.457387,0,GPU-b342434c-f6b6-7627-333e-da750a9991e6,0.36,0.8232421875,10240.0,1636.0,546.17,NVIDIA GeForce RTX 3080,[N/A],Enabled,Enabled
1702145597.456811,0,GPU-b342434c-f6b6-7627-333e-da750a9991e6,0.35,0.8232421875,10240.0,1636.0,546.17,NVIDIA GeForce RTX 3080,[N/A],Enabled,Enabled
1702145598.457325,0,GPU-b342434c-f6b6-7627-333e-da750a9991e6,0.35,0.8232421875,10240.0,1636.0,546.17,NVIDIA GeForce RTX 3080,[N/A],Enabled,Enabled
1702145599.457263,0,GPU-b342434c-f6b6-7627-333e-da750a9991e6,0.37,0.8232421875,10240.0,1636.0,546.17,NVIDIA GeForce RTX 3080,[N/A],Enabled,Enabled
1702145600.456895,0,GPU-b342434c-f6b6-7627-333e-da750a9991e6,0.33,0.8232421875,10240.0,1636.0,546.17,NVIDIA GeForce RTX 3080,[N/A],Enabled,Enabled
1702145601.457444,0,GPU-b342434c-f6b6-7627-333e-da750a9991e6,0.34,0.8232421875,10240.0,1636.0,546.17,NVIDIA GeForce RTX 3080,[N/A],Enabled,Enabled
1702145602.457187,0,GPU-b342434c-f6b6-7627-333e-da750a9991e6,0.34,0.8232421875,10240.0,1636.0,546.17,NVIDIA GeForce RTX 3080,[N/A],Enabled,Enabled
1702145603.45735,0,GPU-b342434c-f6b6-7627-333e-da750a9991e6,0.36,0.8232421875,10240.0,1636.0,546.17,NVIDIA GeForce RTX 3080,[N/A],Enabled,Enabled
1702145604.456674,0,GPU-b342434c-f6b6-7627-333e-da750a9991e6,0.34,0.8232421875,10240.0,1636.0,546.17,NVIDIA GeForce RTX 3080,[N/A],Enabled,Enabled
1702145605.457777,0,GPU-b342434c-f6b6-7627-333e-da750a9991e6,0.35,0.8232421875,10240.0,1636.0,546.17,NVIDIA GeForce RTX 3080,[N/A],Enabled,Enabled
1702145606.458091,0,GPU-b342434c-f6b6-7627-333e-da750a9991e6,0.33,0.8232421875,10240.0,1636.0,546.17,NVIDIA GeForce RTX 3080,[N/A],Enabled,Enabled
1702145607.457425,0,GPU-b342434c-f6b6-7627-333e-da750a9991e6,0.33,0.8232421875,10240.0,1636.0,546.17,NVIDIA GeForce RTX 3080,[N/A],Enabled,Enabled
1702145608.457356,0,GPU-b342434c-f6b6-7627-333e-da750a9991e6,0.35,0.8232421875,10240.0,1636.0,546.17,NVIDIA GeForce RTX 3080,[N/A],Enabled,Enabled
1702145609.457436,0,GPU-b342434c-f6b6-7627-333e-da750a9991e6,0.34,0.8232421875,10240.0,1636.0,546.17,NVIDIA GeForce RTX 3080,[N/A],Enabled,Enabled
1702145610.457262,0,GPU-b342434c-f6b6-7627-333e-da750a9991e6,0.33,0.8232421875,10240.0,1636.0,546.17,NVIDIA GeForce RTX 3080,[N/A],Enabled,Enabled
1702145611.457358,0,GPU-b342434c-f6b6-7627-333e-da750a9991e6,0.33,0.8232421875,10240.0,1636.0,546.17,NVIDIA GeForce RTX 3080,[N/A],Enabled,Enabled
1702145612.457363,0,GPU-b342434c-f6b6-7627-333e-da750a9991e6,0.32,0.8232421875,10240.0,1636.0,546.17,NVIDIA GeForce RTX 3080,[N/A],Enabled,Enabled
1702145613.45732,0,GPU-b342434c-f6b6-7627-333e-da750a9991e6,0.34,0.8232421875,10240.0,1636.0,546.17,NVIDIA GeForce RTX 3080,[N/A],Enabled,Enabled
1702145614.45679,0,GPU-b342434c-f6b6-7627-333e-da750a9991e6,0.33,0.8232421875,10240.0,1636.0,546.17,NVIDIA GeForce RTX 3080,[N/A],Enabled,Enabled
1702145615.457302,0,GPU-b342434c-f6b6-7627-333e-da750a9991e6,0.32,0.8232421875,10240.0,1636.0,546.17,NVIDIA GeForce RTX 3080,[N/A],Enabled,Enabled
1702145616.457482,0,GPU-b342434c-f6b6-7627-333e-da750a9991e6,0.32,0.8232421875,10240.0,1636.0,546.17,NVIDIA GeForce RTX 3080,[N/A],Enabled,Enabled
1702145617.456881,0,GPU-b342434c-f6b6-7627-333e-da750a9991e6,0.32,0.8232421875,10240.0,1636.0,546.17,NVIDIA GeForce RTX 3080,[N/A],Enabled,Enabled
1702145618.457845,0,GPU-b342434c-f6b6-7627-333e-da750a9991e6,0.32,0.8232421875,10240.0,1636.0,546.17,NVIDIA GeForce RTX 3080,[N/A],Enabled,Enabled
1702145619.457316,0,GPU-b342434c-f6b6-7627-333e-da750a9991e6,0.33,0.8232421875,10240.0,1636.0,546.17,NVIDIA GeForce RTX 3080,[N/A],Enabled,Enabled
1702145620.457342,0,GPU-b342434c-f6b6-7627-333e-da750a9991e6,0.33,0.8232421875,10240.0,1636.0,546.17,NVIDIA GeForce RTX 3080,[N/A],Enabled,Enabled
1702145621.456695,0,GPU-b342434c-f6b6-7627-333e-da750a9991e6,0.32,0.8232421875,10240.0,1636.0,546.17,NVIDIA GeForce RTX 3080,[N/A],Enabled,Enabled
1702145622.45705,0,GPU-b342434c-f6b6-7627-333e-da750a9991e6,0.34,0.8232421875,10240.0,1636.0,546.17,NVIDIA GeForce RTX 3080,[N/A],Enabled,Enabled
1702145623.456932,0,GPU-b342434c-f6b6-7627-333e-da750a9991e6,0.32,0.8232421875,10240.0,1636.0,546.17,NVIDIA GeForce RTX 3080,[N/A],Enabled,Enabled
1702145624.456867,0,GPU-b342434c-f6b6-7627-333e-da750a9991e6,0.32,0.8232421875,10240.0,1636.0,546.17,NVIDIA GeForce RTX 3080,[N/A],Enabled,Enabled
1702145625.45716,0,GPU-b342434c-f6b6-7627-333e-da750a9991e6,0.33,0.8232421875,10240.0,1636.0,546.17,NVIDIA GeForce RTX 3080,[N/A],Enabled,Enabled
1702145626.457068,0,GPU-b342434c-f6b6-7627-333e-da750a9991e6,0.31,0.82333984375,10240.0,1635.0,546.17,NVIDIA GeForce RTX 3080,[N/A],Enabled,Enabled
1702145627.457165,0,GPU-b342434c-f6b6-7627-333e-da750a9991e6,0.33,0.82333984375,10240.0,1635.0,546.17,NVIDIA GeForce RTX 3080,[N/A],Enabled,Enabled
1702145628.457599,0,GPU-b342434c-f6b6-7627-333e-da750a9991e6,0.34,0.82333984375,10240.0,1635.0,546.17,NVIDIA GeForce RTX 3080,[N/A],Enabled,Enabled
1702145629.457278,0,GPU-b342434c-f6b6-7627-333e-da750a9991e6,0.33,0.82333984375,10240.0,1635.0,546.17,NVIDIA GeForce RTX 3080,[N/A],Enabled,Enabled
1702145630.457148,0,GPU-b342434c-f6b6-7627-333e-da750a9991e6,0.34,0.82333984375,10240.0,1635.0,546.17,NVIDIA GeForce RTX 3080,[N/A],Enabled,Enabled
1702145631.457127,0,GPU-b342434c-f6b6-7627-333e-da750a9991e6,0.32,0.82333984375,10240.0,1635.0,546.17,NVIDIA GeForce RTX 3080,[N/A],Enabled,Enabled
1702145632.456867,0,GPU-b342434c-f6b6-7627-333e-da750a9991e6,0.3,0.82333984375,10240.0,1635.0,546.17,NVIDIA GeForce RTX 3080,[N/A],Enabled,Enabled
1702145633.457454,0,GPU-b342434c-f6b6-7627-333e-da750a9991e6,0.28,0.82333984375,10240.0,1635.0,546.17,NVIDIA GeForce RTX 3080,[N/A],Enabled,Enabled
1702145634.457637,0,GPU-b342434c-f6b6-7627-333e-da750a9991e6,0.29,0.82333984375,10240.0,1635.0,546.17,NVIDIA GeForce RTX 3080,[N/A],Enabled,Enabled
1702145635.45806,0,GPU-b342434c-f6b6-7627-333e-da750a9991e6,0.27,0.82333984375,10240.0,1635.0,546.17,NVIDIA GeForce RTX 3080,[N/A],Enabled,Enabled
1702145636.456955,0,GPU-b342434c-f6b6-7627-333e-da750a9991e6,0.29,0.8234375,10240.0,1634.0,546.17,NVIDIA GeForce RTX 3080,[N/A],Enabled,Enabled
1702145637.457509,0,GPU-b342434c-f6b6-7627-333e-da750a9991e6,0.34,0.8234375,10240.0,1634.0,546.17,NVIDIA GeForce RTX 3080,[N/A],Enabled,Enabled
1702145638.456876,0,GPU-b342434c-f6b6-7627-333e-da750a9991e6,0.33,0.8234375,10240.0,1634.0,546.17,NVIDIA GeForce RTX 3080,[N/A],Enabled,Enabled
1702145639.457435,0,GPU-b342434c-f6b6-7627-333e-da750a9991e6,0.34,0.8234375,10240.0,1634.0,546.17,NVIDIA GeForce RTX 3080,[N/A],Enabled,Enabled
1702145640.457633,0,GPU-b342434c-f6b6-7627-333e-da750a9991e6,0.35,0.8234375,10240.0,1634.0,546.17,NVIDIA GeForce RTX 3080,[N/A],Enabled,Enabled
1702145641.457423,0,GPU-b342434c-f6b6-7627-333e-da750a9991e6,0.34,0.8234375,10240.0,1634.0,546.17,NVIDIA GeForce RTX 3080,[N/A],Enabled,Enabled
1702145642.457273,0,GPU-b342434c-f6b6-7627-333e-da750a9991e6,0.32,0.8234375,10240.0,1634.0,546.17,NVIDIA GeForce RTX 3080,[N/A],Enabled,Enabled
1702145643.457172,0,GPU-b342434c-f6b6-7627-333e-da750a9991e6,0.32,0.8234375,10240.0,1634.0,546.17,NVIDIA GeForce RTX 3080,[N/A],Enabled,Enabled
1702145644.457647,0,GPU-b342434c-f6b6-7627-333e-da750a9991e6,0.34,0.8234375,10240.0,1634.0,546.17,NVIDIA GeForce RTX 3080,[N/A],Enabled,Enabled
1702145645.457043,0,GPU-b342434c-f6b6-7627-333e-da750a9991e6,0.34,0.8234375,10240.0,1634.0,546.17,NVIDIA GeForce RTX 3080,[N/A],Enabled,Enabled
1702145646.457425,0,GPU-b342434c-f6b6-7627-333e-da750a9991e6,0.33,0.8234375,10240.0,1634.0,546.17,NVIDIA GeForce RTX 3080,[N/A],Enabled,Enabled
1702145647.462496,0,GPU-b342434c-f6b6-7627-333e-da750a9991e6,0.33,0.8224609375,10240.0,1644.0,546.17,NVIDIA GeForce RTX 3080,[N/A],Enabled,Enabled
1702145648.456966,0,GPU-b342434c-f6b6-7627-333e-da750a9991e6,0.31,0.8224609375,10240.0,1644.0,546.17,NVIDIA GeForce RTX 3080,[N/A],Enabled,Enabled
1702145649.45745,0,GPU-b342434c-f6b6-7627-333e-da750a9991e6,0.31,0.8240234375,10240.0,1628.0,546.17,NVIDIA GeForce RTX 3080,[N/A],Enabled,Enabled
1702145650.457356,0,GPU-b342434c-f6b6-7627-333e-da750a9991e6,0.33,0.8240234375,10240.0,1628.0,546.17,NVIDIA GeForce RTX 3080,[N/A],Enabled,Enabled
1702145651.457483,0,GPU-b342434c-f6b6-7627-333e-da750a9991e6,0.32,0.8240234375,10240.0,1628.0,546.17,NVIDIA GeForce RTX 3080,[N/A],Enabled,Enabled
1702145652.457501,0,GPU-b342434c-f6b6-7627-333e-da750a9991e6,0.3,0.8240234375,10240.0,1628.0,546.17,NVIDIA GeForce RTX 3080,[N/A],Enabled,Enabled
1702145653.457442,0,GPU-b342434c-f6b6-7627-333e-da750a9991e6,0.31,0.8240234375,10240.0,1628.0,546.17,NVIDIA GeForce RTX 3080,[N/A],Enabled,Enabled
1702145654.45722,0,GPU-b342434c-f6b6-7627-333e-da750a9991e6,0.31,0.82373046875,10240.0,1631.0,546.17,NVIDIA GeForce RTX 3080,[N/A],Enabled,Enabled
1702145655.456747,0,GPU-b342434c-f6b6-7627-333e-da750a9991e6,0.32,0.82314453125,10240.0,1637.0,546.17,NVIDIA GeForce RTX 3080,[N/A],Enabled,Enabled
1702145656.457186,0,GPU-b342434c-f6b6-7627-333e-da750a9991e6,0.32,0.82314453125,10240.0,1637.0,546.17,NVIDIA GeForce RTX 3080,[N/A],Enabled,Enabled
1702145657.456951,0,GPU-b342434c-f6b6-7627-333e-da750a9991e6,0.31,0.82236328125,10240.0,1645.0,546.17,NVIDIA GeForce RTX 3080,[N/A],Enabled,Enabled
1702145658.456894,0,GPU-b342434c-f6b6-7627-333e-da750a9991e6,0.33,0.82236328125,10240.0,1645.0,546.17,NVIDIA GeForce RTX 3080,[N/A],Enabled,Enabled
1702145659.457656,0,GPU-b342434c-f6b6-7627-333e-da750a9991e6,0.37,0.823828125,10240.0,1630.0,546.17,NVIDIA GeForce RTX 3080,[N/A],Enabled,Enabled
1702145660.456983,0,GPU-b342434c-f6b6-7627-333e-da750a9991e6,0.36,0.82421875,10240.0,1626.0,546.17,NVIDIA GeForce RTX 3080,[N/A],Enabled,Enabled
