timestamp,id,uuid,load,memoryUtil,memoryTotal,memoryUsed,memoryFree,driver,name,serial,display_mode,display_active
1709239235.02173,0,GPU-93ae0c7f-c327-aee3-adae-bc0d1dae71ea,0.14,0.2535417684416219,12282.0,8897.0,551.52,NVIDIA GeForce RTX 4070,[N/A],Enabled,Enabled
1709239236.018779,0,GPU-93ae0c7f-c327-aee3-adae-bc0d1dae71ea,0.15,0.253216088584921,12282.0,8901.0,551.52,NVIDIA GeForce RTX 4070,[N/A],Enabled,Enabled
1709239237.018757,0,GPU-93ae0c7f-c327-aee3-adae-bc0d1dae71ea,0.13,0.253216088584921,12282.0,8901.0,551.52,NVIDIA GeForce RTX 4070,[N/A],Enabled,Enabled
1709239238.018951,0,GPU-93ae0c7f-c327-aee3-adae-bc0d1dae71ea,0.13,0.253216088584921,12282.0,8901.0,551.52,NVIDIA GeForce RTX 4070,[N/A],Enabled,Enabled
1709239239.018785,0,GPU-93ae0c7f-c327-aee3-adae-bc0d1dae71ea,0.13,0.253216088584921,12282.0,8901.0,551.52,NVIDIA GeForce RTX 4070,[N/A],Enabled,Enabled
1709239240.018989,0,GPU-93ae0c7f-c327-aee3-adae-bc0d1dae71ea,0.14,0.253216088584921,12282.0,8901.0,551.52,NVIDIA GeForce RTX 4070,[N/A],Enabled,Enabled
1709239241.019246,0,GPU-93ae0c7f-c327-aee3-adae-bc0d1dae71ea,0.14,0.253216088584921,12282.0,8901.0,551.52,NVIDIA GeForce RTX 4070,[N/A],Enabled,Enabled
1709239242.019838,0,GPU-93ae0c7f-c327-aee3-adae-bc0d1dae71ea,0.13,0.253216088584921,12282.0,8901.0,551.52,NVIDIA GeForce RTX 4070,[N/A],Enabled,Enabled
1709239243.018701,0,GPU-93ae0c7f-c327-aee3-adae-bc0d1dae71ea,0.13,0.253216088584921,12282.0,8901.0,551.52,NVIDIA GeForce RTX 4070,[N/A],Enabled,Enabled
1709239244.01851,0,GPU-93ae0c7f-c327-aee3-adae-bc0d1dae71ea,0.13,0.2535417684416219,12282.0,8897.0,551.52,NVIDIA GeForce RTX 4070,[N/A],Enabled,Enabled
1709239245.019261,0,GPU-93ae0c7f-c327-aee3-adae-bc0d1dae71ea,0.16,0.2535417684416219,12282.0,8897.0,551.52,NVIDIA GeForce RTX 4070,[N/A],Enabled,Enabled
1709239246.019378,0,GPU-93ae0c7f-c327-aee3-adae-bc0d1dae71ea,0.14,0.2582641263637844,12282.0,8839.0,551.52,NVIDIA GeForce RTX 4070,[N/A],Enabled,Enabled
1709239247.019485,0,GPU-93ae0c7f-c327-aee3-adae-bc0d1dae71ea,0.13,0.2576941866145579,12282.0,8846.0,551.52,NVIDIA GeForce RTX 4070,[N/A],Enabled,Enabled
1709239248.018265,0,GPU-93ae0c7f-c327-aee3-adae-bc0d1dae71ea,0.13,0.25834554632795964,12282.0,8838.0,551.52,NVIDIA GeForce RTX 4070,[N/A],Enabled,Enabled
1709239249.019266,0,GPU-93ae0c7f-c327-aee3-adae-bc0d1dae71ea,0.13,0.2578570265429083,12282.0,8844.0,551.52,NVIDIA GeForce RTX 4070,[N/A],Enabled,Enabled
1709239250.019302,0,GPU-93ae0c7f-c327-aee3-adae-bc0d1dae71ea,0.16,0.2556586875101775,12282.0,8871.0,551.52,NVIDIA GeForce RTX 4070,[N/A],Enabled,Enabled
1709239251.019058,0,GPU-93ae0c7f-c327-aee3-adae-bc0d1dae71ea,0.17,0.2567171470444553,12282.0,8858.0,551.52,NVIDIA GeForce RTX 4070,[N/A],Enabled,Enabled
1709239252.01884,0,GPU-93ae0c7f-c327-aee3-adae-bc0d1dae71ea,0.21,0.362644520436411,12282.0,7557.0,551.52,NVIDIA GeForce RTX 4070,[N/A],Enabled,Enabled
1709239253.018855,0,GPU-93ae0c7f-c327-aee3-adae-bc0d1dae71ea,0.08,0.3276339358410682,12282.0,7987.0,551.52,NVIDIA GeForce RTX 4070,[N/A],Enabled,Enabled
1709239254.019436,0,GPU-93ae0c7f-c327-aee3-adae-bc0d1dae71ea,0.08,0.3274710959127178,12282.0,7989.0,551.52,NVIDIA GeForce RTX 4070,[N/A],Enabled,Enabled
1709239255.018913,0,GPU-93ae0c7f-c327-aee3-adae-bc0d1dae71ea,0.08,0.32738967594854257,12282.0,7990.0,551.52,NVIDIA GeForce RTX 4070,[N/A],Enabled,Enabled
1709239256.019285,0,GPU-93ae0c7f-c327-aee3-adae-bc0d1dae71ea,0.06,0.25606578733105356,12282.0,8866.0,551.52,NVIDIA GeForce RTX 4070,[N/A],Enabled,Enabled
1709239257.019267,0,GPU-93ae0c7f-c327-aee3-adae-bc0d1dae71ea,0.3,0.488682624979645,12282.0,6009.0,551.52,NVIDIA GeForce RTX 4070,[N/A],Enabled,Enabled
1709239258.019198,0,GPU-93ae0c7f-c327-aee3-adae-bc0d1dae71ea,0.31,0.45554469956033217,12282.0,6416.0,551.52,NVIDIA GeForce RTX 4070,[N/A],Enabled,Enabled
1709239259.019555,0,GPU-93ae0c7f-c327-aee3-adae-bc0d1dae71ea,0.33,0.45546327959615696,12282.0,6417.0,551.52,NVIDIA GeForce RTX 4070,[N/A],Enabled,Enabled
1709239260.019817,0,GPU-93ae0c7f-c327-aee3-adae-bc0d1dae71ea,0.29,0.4507409216739945,12282.0,6475.0,551.52,NVIDIA GeForce RTX 4070,[N/A],Enabled,Enabled
1709239261.018503,0,GPU-93ae0c7f-c327-aee3-adae-bc0d1dae71ea,0.3,0.45538185963198174,12282.0,6418.0,551.52,NVIDIA GeForce RTX 4070,[N/A],Enabled,Enabled
1709239262.018512,0,GPU-93ae0c7f-c327-aee3-adae-bc0d1dae71ea,0.28,0.4562774792379091,12282.0,6407.0,551.52,NVIDIA GeForce RTX 4070,[N/A],Enabled,Enabled
1709239263.019444,0,GPU-93ae0c7f-c327-aee3-adae-bc0d1dae71ea,0.3,0.4562774792379091,12282.0,6407.0,551.52,NVIDIA GeForce RTX 4070,[N/A],Enabled,Enabled
1709239264.018971,0,GPU-93ae0c7f-c327-aee3-adae-bc0d1dae71ea,0.25,0.4562774792379091,12282.0,6407.0,551.52,NVIDIA GeForce RTX 4070,[N/A],Enabled,Enabled
1709239265.019317,0,GPU-93ae0c7f-c327-aee3-adae-bc0d1dae71ea,0.29,0.4515551213157466,12282.0,6465.0,551.52,NVIDIA GeForce RTX 4070,[N/A],Enabled,Enabled
1709239266.019746,0,GPU-93ae0c7f-c327-aee3-adae-bc0d1dae71ea,0.3,0.4562774792379091,12282.0,6407.0,551.52,NVIDIA GeForce RTX 4070,[N/A],Enabled,Enabled
1709239267.018836,0,GPU-93ae0c7f-c327-aee3-adae-bc0d1dae71ea,0.28,0.4515551213157466,12282.0,6465.0,551.52,NVIDIA GeForce RTX 4070,[N/A],Enabled,Enabled
1709239268.019314,0,GPU-93ae0c7f-c327-aee3-adae-bc0d1dae71ea,0.29,0.4562774792379091,12282.0,6407.0,551.52,NVIDIA GeForce RTX 4070,[N/A],Enabled,Enabled
1709239269.019152,0,GPU-93ae0c7f-c327-aee3-adae-bc0d1dae71ea,0.3,0.4562774792379091,12282.0,6407.0,551.52,NVIDIA GeForce RTX 4070,[N/A],Enabled,Enabled
1709239270.018759,0,GPU-93ae0c7f-c327-aee3-adae-bc0d1dae71ea,0.3,0.4562774792379091,12282.0,6407.0,551.52,NVIDIA GeForce RTX 4070,[N/A],Enabled,Enabled
1709239271.019424,0,GPU-93ae0c7f-c327-aee3-adae-bc0d1dae71ea,0.31,0.4562774792379091,12282.0,6407.0,551.52,NVIDIA GeForce RTX 4070,[N/A],Enabled,Enabled
1709239272.019809,0,GPU-93ae0c7f-c327-aee3-adae-bc0d1dae71ea,0.28,0.4516365412799218,12282.0,6464.0,551.52,NVIDIA GeForce RTX 4070,[N/A],Enabled,Enabled
1709239273.019362,0,GPU-93ae0c7f-c327-aee3-adae-bc0d1dae71ea,0.29,0.4516365412799218,12282.0,6464.0,551.52,NVIDIA GeForce RTX 4070,[N/A],Enabled,Enabled
1709239274.019104,0,GPU-93ae0c7f-c327-aee3-adae-bc0d1dae71ea,0.3,0.4562774792379091,12282.0,6407.0,551.52,NVIDIA GeForce RTX 4070,[N/A],Enabled,Enabled
1709239275.019169,0,GPU-93ae0c7f-c327-aee3-adae-bc0d1dae71ea,0.28,0.4516365412799218,12282.0,6464.0,551.52,NVIDIA GeForce RTX 4070,[N/A],Enabled,Enabled
1709239276.01917,0,GPU-93ae0c7f-c327-aee3-adae-bc0d1dae71ea,0.31,0.4562774792379091,12282.0,6407.0,551.52,NVIDIA GeForce RTX 4070,[N/A],Enabled,Enabled
1709239277.019632,0,GPU-93ae0c7f-c327-aee3-adae-bc0d1dae71ea,0.28,0.4516365412799218,12282.0,6464.0,551.52,NVIDIA GeForce RTX 4070,[N/A],Enabled,Enabled
1709239278.018817,0,GPU-93ae0c7f-c327-aee3-adae-bc0d1dae71ea,0.28,0.4516365412799218,12282.0,6464.0,551.52,NVIDIA GeForce RTX 4070,[N/A],Enabled,Enabled
1709239279.019003,0,GPU-93ae0c7f-c327-aee3-adae-bc0d1dae71ea,0.32,0.4562774792379091,12282.0,6407.0,551.52,NVIDIA GeForce RTX 4070,[N/A],Enabled,Enabled
1709239280.018963,0,GPU-93ae0c7f-c327-aee3-adae-bc0d1dae71ea,0.25,0.46010421755414427,12282.0,6360.0,551.52,NVIDIA GeForce RTX 4070,[N/A],Enabled,Enabled
1709239281.019155,0,GPU-93ae0c7f-c327-aee3-adae-bc0d1dae71ea,0.37,0.46010421755414427,12282.0,6360.0,551.52,NVIDIA GeForce RTX 4070,[N/A],Enabled,Enabled
1709239282.018829,0,GPU-93ae0c7f-c327-aee3-adae-bc0d1dae71ea,0.4,0.46010421755414427,12282.0,6360.0,551.52,NVIDIA GeForce RTX 4070,[N/A],Enabled,Enabled
1709239283.018712,0,GPU-93ae0c7f-c327-aee3-adae-bc0d1dae71ea,0.46,0.46010421755414427,12282.0,6360.0,551.52,NVIDIA GeForce RTX 4070,[N/A],Enabled,Enabled
1709239284.018938,0,GPU-93ae0c7f-c327-aee3-adae-bc0d1dae71ea,0.4,0.46010421755414427,12282.0,6360.0,551.52,NVIDIA GeForce RTX 4070,[N/A],Enabled,Enabled
1709239285.019533,0,GPU-93ae0c7f-c327-aee3-adae-bc0d1dae71ea,0.41,0.46010421755414427,12282.0,6360.0,551.52,NVIDIA GeForce RTX 4070,[N/A],Enabled,Enabled
1709239286.018517,0,GPU-93ae0c7f-c327-aee3-adae-bc0d1dae71ea,0.36,0.46010421755414427,12282.0,6360.0,551.52,NVIDIA GeForce RTX 4070,[N/A],Enabled,Enabled
1709239287.019255,0,GPU-93ae0c7f-c327-aee3-adae-bc0d1dae71ea,0.4,0.46010421755414427,12282.0,6360.0,551.52,NVIDIA GeForce RTX 4070,[N/A],Enabled,Enabled
1709239288.019396,0,GPU-93ae0c7f-c327-aee3-adae-bc0d1dae71ea,0.38,0.46010421755414427,12282.0,6360.0,551.52,NVIDIA GeForce RTX 4070,[N/A],Enabled,Enabled
1709239289.018985,0,GPU-93ae0c7f-c327-aee3-adae-bc0d1dae71ea,0.4,0.46010421755414427,12282.0,6360.0,551.52,NVIDIA GeForce RTX 4070,[N/A],Enabled,Enabled
1709239290.018879,0,GPU-93ae0c7f-c327-aee3-adae-bc0d1dae71ea,0.44,0.46010421755414427,12282.0,6360.0,551.52,NVIDIA GeForce RTX 4070,[N/A],Enabled,Enabled
1709239291.018852,0,GPU-93ae0c7f-c327-aee3-adae-bc0d1dae71ea,0.38,0.46010421755414427,12282.0,6360.0,551.52,NVIDIA GeForce RTX 4070,[N/A],Enabled,Enabled
1709239292.019398,0,GPU-93ae0c7f-c327-aee3-adae-bc0d1dae71ea,0.41,0.46010421755414427,12282.0,6360.0,551.52,NVIDIA GeForce RTX 4070,[N/A],Enabled,Enabled
1709239293.018935,0,GPU-93ae0c7f-c327-aee3-adae-bc0d1dae71ea,0.4,0.46010421755414427,12282.0,6360.0,551.52,NVIDIA GeForce RTX 4070,[N/A],Enabled,Enabled
1709239294.019056,0,GPU-93ae0c7f-c327-aee3-adae-bc0d1dae71ea,0.4,0.46010421755414427,12282.0,6360.0,551.52,NVIDIA GeForce RTX 4070,[N/A],Enabled,Enabled
1709239295.019883,0,GPU-93ae0c7f-c327-aee3-adae-bc0d1dae71ea,0.41,0.46010421755414427,12282.0,6360.0,551.52,NVIDIA GeForce RTX 4070,[N/A],Enabled,Enabled
1709239296.019012,0,GPU-93ae0c7f-c327-aee3-adae-bc0d1dae71ea,0.4,0.46010421755414427,12282.0,6360.0,551.52,NVIDIA GeForce RTX 4070,[N/A],Enabled,Enabled
1709239297.018944,0,GPU-93ae0c7f-c327-aee3-adae-bc0d1dae71ea,0.45,0.46010421755414427,12282.0,6360.0,551.52,NVIDIA GeForce RTX 4070,[N/A],Enabled,Enabled
1709239298.019484,0,GPU-93ae0c7f-c327-aee3-adae-bc0d1dae71ea,0.41,0.46010421755414427,12282.0,6360.0,551.52,NVIDIA GeForce RTX 4070,[N/A],Enabled,Enabled
1709239299.019247,0,GPU-93ae0c7f-c327-aee3-adae-bc0d1dae71ea,0.4,0.46010421755414427,12282.0,6360.0,551.52,NVIDIA GeForce RTX 4070,[N/A],Enabled,Enabled
1709239300.019336,0,GPU-93ae0c7f-c327-aee3-adae-bc0d1dae71ea,0.45,0.46010421755414427,12282.0,6360.0,551.52,NVIDIA GeForce RTX 4070,[N/A],Enabled,Enabled
1709239301.019057,0,GPU-93ae0c7f-c327-aee3-adae-bc0d1dae71ea,0.38,0.46010421755414427,12282.0,6360.0,551.52,NVIDIA GeForce RTX 4070,[N/A],Enabled,Enabled
1709239302.019698,0,GPU-93ae0c7f-c327-aee3-adae-bc0d1dae71ea,0.4,0.46010421755414427,12282.0,6360.0,551.52,NVIDIA GeForce RTX 4070,[N/A],Enabled,Enabled
1709239303.019087,0,GPU-93ae0c7f-c327-aee3-adae-bc0d1dae71ea,0.42,0.46010421755414427,12282.0,6360.0,551.52,NVIDIA GeForce RTX 4070,[N/A],Enabled,Enabled
1709239304.019353,0,GPU-93ae0c7f-c327-aee3-adae-bc0d1dae71ea,0.45,0.46010421755414427,12282.0,6360.0,551.52,NVIDIA GeForce RTX 4070,[N/A],Enabled,Enabled
1709239305.019282,0,GPU-93ae0c7f-c327-aee3-adae-bc0d1dae71ea,0.46,0.46010421755414427,12282.0,6360.0,551.52,NVIDIA GeForce RTX 4070,[N/A],Enabled,Enabled
1709239306.019038,0,GPU-93ae0c7f-c327-aee3-adae-bc0d1dae71ea,0.44,0.46010421755414427,12282.0,6360.0,551.52,NVIDIA GeForce RTX 4070,[N/A],Enabled,Enabled
1709239307.019128,0,GPU-93ae0c7f-c327-aee3-adae-bc0d1dae71ea,0.44,0.46010421755414427,12282.0,6360.0,551.52,NVIDIA GeForce RTX 4070,[N/A],Enabled,Enabled
1709239308.018845,0,GPU-93ae0c7f-c327-aee3-adae-bc0d1dae71ea,0.43,0.46010421755414427,12282.0,6360.0,551.52,NVIDIA GeForce RTX 4070,[N/A],Enabled,Enabled
1709239309.018786,0,GPU-93ae0c7f-c327-aee3-adae-bc0d1dae71ea,0.49,0.46010421755414427,12282.0,6360.0,551.52,NVIDIA GeForce RTX 4070,[N/A],Enabled,Enabled
1709239310.019225,0,GPU-93ae0c7f-c327-aee3-adae-bc0d1dae71ea,0.4,0.46010421755414427,12282.0,6360.0,551.52,NVIDIA GeForce RTX 4070,[N/A],Enabled,Enabled
1709239311.019087,0,GPU-93ae0c7f-c327-aee3-adae-bc0d1dae71ea,0.39,0.46010421755414427,12282.0,6360.0,551.52,NVIDIA GeForce RTX 4070,[N/A],Enabled,Enabled
1709239312.018691,0,GPU-93ae0c7f-c327-aee3-adae-bc0d1dae71ea,0.42,0.46010421755414427,12282.0,6360.0,551.52,NVIDIA GeForce RTX 4070,[N/A],Enabled,Enabled
1709239313.018402,0,GPU-93ae0c7f-c327-aee3-adae-bc0d1dae71ea,0.38,0.46010421755414427,12282.0,6360.0,551.52,NVIDIA GeForce RTX 4070,[N/A],Enabled,Enabled
1709239314.019069,0,GPU-93ae0c7f-c327-aee3-adae-bc0d1dae71ea,0.42,0.46010421755414427,12282.0,6360.0,551.52,NVIDIA GeForce RTX 4070,[N/A],Enabled,Enabled
1709239315.019387,0,GPU-93ae0c7f-c327-aee3-adae-bc0d1dae71ea,0.46,0.46010421755414427,12282.0,6360.0,551.52,NVIDIA GeForce RTX 4070,[N/A],Enabled,Enabled
1709239316.018961,0,GPU-93ae0c7f-c327-aee3-adae-bc0d1dae71ea,0.38,0.46010421755414427,12282.0,6360.0,551.52,NVIDIA GeForce RTX 4070,[N/A],Enabled,Enabled
1709239317.018937,0,GPU-93ae0c7f-c327-aee3-adae-bc0d1dae71ea,0.39,0.46010421755414427,12282.0,6360.0,551.52,NVIDIA GeForce RTX 4070,[N/A],Enabled,Enabled
1709239318.018655,0,GPU-93ae0c7f-c327-aee3-adae-bc0d1dae71ea,0.38,0.46010421755414427,12282.0,6360.0,551.52,NVIDIA GeForce RTX 4070,[N/A],Enabled,Enabled
1709239319.018901,0,GPU-93ae0c7f-c327-aee3-adae-bc0d1dae71ea,0.44,0.46010421755414427,12282.0,6360.0,551.52,NVIDIA GeForce RTX 4070,[N/A],Enabled,Enabled
1709239320.020025,0,GPU-93ae0c7f-c327-aee3-adae-bc0d1dae71ea,0.44,0.46010421755414427,12282.0,6360.0,551.52,NVIDIA GeForce RTX 4070,[N/A],Enabled,Enabled
1709239321.018563,0,GPU-93ae0c7f-c327-aee3-adae-bc0d1dae71ea,0.42,0.46010421755414427,12282.0,6360.0,551.52,NVIDIA GeForce RTX 4070,[N/A],Enabled,Enabled
1709239322.019926,0,GPU-93ae0c7f-c327-aee3-adae-bc0d1dae71ea,0.4,0.46010421755414427,12282.0,6360.0,551.52,NVIDIA GeForce RTX 4070,[N/A],Enabled,Enabled
1709239323.019208,0,GPU-93ae0c7f-c327-aee3-adae-bc0d1dae71ea,0.45,0.46010421755414427,12282.0,6360.0,551.52,NVIDIA GeForce RTX 4070,[N/A],Enabled,Enabled
1709239324.019012,0,GPU-93ae0c7f-c327-aee3-adae-bc0d1dae71ea,0.42,0.46010421755414427,12282.0,6360.0,551.52,NVIDIA GeForce RTX 4070,[N/A],Enabled,Enabled
1709239325.019235,0,GPU-93ae0c7f-c327-aee3-adae-bc0d1dae71ea,0.42,0.46010421755414427,12282.0,6360.0,551.52,NVIDIA GeForce RTX 4070,[N/A],Enabled,Enabled
1709239326.01854,0,GPU-93ae0c7f-c327-aee3-adae-bc0d1dae71ea,0.41,0.46010421755414427,12282.0,6360.0,551.52,NVIDIA GeForce RTX 4070,[N/A],Enabled,Enabled
1709239327.019017,0,GPU-93ae0c7f-c327-aee3-adae-bc0d1dae71ea,0.38,0.46010421755414427,12282.0,6360.0,551.52,NVIDIA GeForce RTX 4070,[N/A],Enabled,Enabled
1709239328.018767,0,GPU-93ae0c7f-c327-aee3-adae-bc0d1dae71ea,0.41,0.46010421755414427,12282.0,6360.0,551.52,NVIDIA GeForce RTX 4070,[N/A],Enabled,Enabled
1709239329.018685,0,GPU-93ae0c7f-c327-aee3-adae-bc0d1dae71ea,0.38,0.46010421755414427,12282.0,6360.0,551.52,NVIDIA GeForce RTX 4070,[N/A],Enabled,Enabled
1709239330.01954,0,GPU-93ae0c7f-c327-aee3-adae-bc0d1dae71ea,0.43,0.46010421755414427,12282.0,6360.0,551.52,NVIDIA GeForce RTX 4070,[N/A],Enabled,Enabled
1709239331.018664,0,GPU-93ae0c7f-c327-aee3-adae-bc0d1dae71ea,0.45,0.46010421755414427,12282.0,6360.0,551.52,NVIDIA GeForce RTX 4070,[N/A],Enabled,Enabled
1709239332.019488,0,GPU-93ae0c7f-c327-aee3-adae-bc0d1dae71ea,0.39,0.46010421755414427,12282.0,6360.0,551.52,NVIDIA GeForce RTX 4070,[N/A],Enabled,Enabled
1709239333.01961,0,GPU-93ae0c7f-c327-aee3-adae-bc0d1dae71ea,0.38,0.46010421755414427,12282.0,6360.0,551.52,NVIDIA GeForce RTX 4070,[N/A],Enabled,Enabled
1709239334.018806,0,GPU-93ae0c7f-c327-aee3-adae-bc0d1dae71ea,0.42,0.46010421755414427,12282.0,6360.0,551.52,NVIDIA GeForce RTX 4070,[N/A],Enabled,Enabled
1709239335.019537,0,GPU-93ae0c7f-c327-aee3-adae-bc0d1dae71ea,0.45,0.46010421755414427,12282.0,6360.0,551.52,NVIDIA GeForce RTX 4070,[N/A],Enabled,Enabled
1709239336.018765,0,GPU-93ae0c7f-c327-aee3-adae-bc0d1dae71ea,0.39,0.46010421755414427,12282.0,6360.0,551.52,NVIDIA GeForce RTX 4070,[N/A],Enabled,Enabled
1709239337.018905,0,GPU-93ae0c7f-c327-aee3-adae-bc0d1dae71ea,0.43,0.46010421755414427,12282.0,6360.0,551.52,NVIDIA GeForce RTX 4070,[N/A],Enabled,Enabled
1709239338.019281,0,GPU-93ae0c7f-c327-aee3-adae-bc0d1dae71ea,0.39,0.46010421755414427,12282.0,6360.0,551.52,NVIDIA GeForce RTX 4070,[N/A],Enabled,Enabled
1709239339.018991,0,GPU-93ae0c7f-c327-aee3-adae-bc0d1dae71ea,0.44,0.46010421755414427,12282.0,6360.0,551.52,NVIDIA GeForce RTX 4070,[N/A],Enabled,Enabled
1709239340.01956,0,GPU-93ae0c7f-c327-aee3-adae-bc0d1dae71ea,0.41,0.46010421755414427,12282.0,6360.0,551.52,NVIDIA GeForce RTX 4070,[N/A],Enabled,Enabled
1709239341.020018,0,GPU-93ae0c7f-c327-aee3-adae-bc0d1dae71ea,0.4,0.46010421755414427,12282.0,6360.0,551.52,NVIDIA GeForce RTX 4070,[N/A],Enabled,Enabled
1709239342.019078,0,GPU-93ae0c7f-c327-aee3-adae-bc0d1dae71ea,0.43,0.46010421755414427,12282.0,6360.0,551.52,NVIDIA GeForce RTX 4070,[N/A],Enabled,Enabled
1709239343.018747,0,GPU-93ae0c7f-c327-aee3-adae-bc0d1dae71ea,0.38,0.46010421755414427,12282.0,6360.0,551.52,NVIDIA GeForce RTX 4070,[N/A],Enabled,Enabled
1709239344.019064,0,GPU-93ae0c7f-c327-aee3-adae-bc0d1dae71ea,0.37,0.46010421755414427,12282.0,6360.0,551.52,NVIDIA GeForce RTX 4070,[N/A],Enabled,Enabled
1709239345.019169,0,GPU-93ae0c7f-c327-aee3-adae-bc0d1dae71ea,0.44,0.46010421755414427,12282.0,6360.0,551.52,NVIDIA GeForce RTX 4070,[N/A],Enabled,Enabled
1709239346.018467,0,GPU-93ae0c7f-c327-aee3-adae-bc0d1dae71ea,0.39,0.46010421755414427,12282.0,6360.0,551.52,NVIDIA GeForce RTX 4070,[N/A],Enabled,Enabled
1709239347.019045,0,GPU-93ae0c7f-c327-aee3-adae-bc0d1dae71ea,0.39,0.46010421755414427,12282.0,6360.0,551.52,NVIDIA GeForce RTX 4070,[N/A],Enabled,Enabled
1709239348.018426,0,GPU-93ae0c7f-c327-aee3-adae-bc0d1dae71ea,0.4,0.46010421755414427,12282.0,6360.0,551.52,NVIDIA GeForce RTX 4070,[N/A],Enabled,Enabled
1709239349.019043,0,GPU-93ae0c7f-c327-aee3-adae-bc0d1dae71ea,0.44,0.46010421755414427,12282.0,6360.0,551.52,NVIDIA GeForce RTX 4070,[N/A],Enabled,Enabled
1709239350.018607,0,GPU-93ae0c7f-c327-aee3-adae-bc0d1dae71ea,0.41,0.46010421755414427,12282.0,6360.0,551.52,NVIDIA GeForce RTX 4070,[N/A],Enabled,Enabled
1709239351.018702,0,GPU-93ae0c7f-c327-aee3-adae-bc0d1dae71ea,0.47,0.46010421755414427,12282.0,6360.0,551.52,NVIDIA GeForce RTX 4070,[N/A],Enabled,Enabled
1709239352.019172,0,GPU-93ae0c7f-c327-aee3-adae-bc0d1dae71ea,0.41,0.46010421755414427,12282.0,6360.0,551.52,NVIDIA GeForce RTX 4070,[N/A],Enabled,Enabled
1709239353.018968,0,GPU-93ae0c7f-c327-aee3-adae-bc0d1dae71ea,0.39,0.46010421755414427,12282.0,6360.0,551.52,NVIDIA GeForce RTX 4070,[N/A],Enabled,Enabled
1709239354.019403,0,GPU-93ae0c7f-c327-aee3-adae-bc0d1dae71ea,0.45,0.46010421755414427,12282.0,6360.0,551.52,NVIDIA GeForce RTX 4070,[N/A],Enabled,Enabled
1709239355.018873,0,GPU-93ae0c7f-c327-aee3-adae-bc0d1dae71ea,0.39,0.46010421755414427,12282.0,6360.0,551.52,NVIDIA GeForce RTX 4070,[N/A],Enabled,Enabled
1709239356.019153,0,GPU-93ae0c7f-c327-aee3-adae-bc0d1dae71ea,0.39,0.46010421755414427,12282.0,6360.0,551.52,NVIDIA GeForce RTX 4070,[N/A],Enabled,Enabled
1709239357.020113,0,GPU-93ae0c7f-c327-aee3-adae-bc0d1dae71ea,0.45,0.46010421755414427,12282.0,6360.0,551.52,NVIDIA GeForce RTX 4070,[N/A],Enabled,Enabled
1709239358.019118,0,GPU-93ae0c7f-c327-aee3-adae-bc0d1dae71ea,0.41,0.46010421755414427,12282.0,6360.0,551.52,NVIDIA GeForce RTX 4070,[N/A],Enabled,Enabled
1709239359.019426,0,GPU-93ae0c7f-c327-aee3-adae-bc0d1dae71ea,0.39,0.46010421755414427,12282.0,6360.0,551.52,NVIDIA GeForce RTX 4070,[N/A],Enabled,Enabled
1709239360.018812,0,GPU-93ae0c7f-c327-aee3-adae-bc0d1dae71ea,0.43,0.46010421755414427,12282.0,6360.0,551.52,NVIDIA GeForce RTX 4070,[N/A],Enabled,Enabled
1709239361.019171,0,GPU-93ae0c7f-c327-aee3-adae-bc0d1dae71ea,0.4,0.46010421755414427,12282.0,6360.0,551.52,NVIDIA GeForce RTX 4070,[N/A],Enabled,Enabled
1709239362.019095,0,GPU-93ae0c7f-c327-aee3-adae-bc0d1dae71ea,0.39,0.46010421755414427,12282.0,6360.0,551.52,NVIDIA GeForce RTX 4070,[N/A],Enabled,Enabled
1709239363.019309,0,GPU-93ae0c7f-c327-aee3-adae-bc0d1dae71ea,0.45,0.46010421755414427,12282.0,6360.0,551.52,NVIDIA GeForce RTX 4070,[N/A],Enabled,Enabled
1709239364.019347,0,GPU-93ae0c7f-c327-aee3-adae-bc0d1dae71ea,0.39,0.46010421755414427,12282.0,6360.0,551.52,NVIDIA GeForce RTX 4070,[N/A],Enabled,Enabled
1709239365.019284,0,GPU-93ae0c7f-c327-aee3-adae-bc0d1dae71ea,0.41,0.46010421755414427,12282.0,6360.0,551.52,NVIDIA GeForce RTX 4070,[N/A],Enabled,Enabled
1709239366.018956,0,GPU-93ae0c7f-c327-aee3-adae-bc0d1dae71ea,0.39,0.46010421755414427,12282.0,6360.0,551.52,NVIDIA GeForce RTX 4070,[N/A],Enabled,Enabled
1709239367.0183,0,GPU-93ae0c7f-c327-aee3-adae-bc0d1dae71ea,0.41,0.46010421755414427,12282.0,6360.0,551.52,NVIDIA GeForce RTX 4070,[N/A],Enabled,Enabled
1709239368.019135,0,GPU-93ae0c7f-c327-aee3-adae-bc0d1dae71ea,0.4,0.46010421755414427,12282.0,6360.0,551.52,NVIDIA GeForce RTX 4070,[N/A],Enabled,Enabled
1709239369.019318,0,GPU-93ae0c7f-c327-aee3-adae-bc0d1dae71ea,0.39,0.46010421755414427,12282.0,6360.0,551.52,NVIDIA GeForce RTX 4070,[N/A],Enabled,Enabled
1709239370.019256,0,GPU-93ae0c7f-c327-aee3-adae-bc0d1dae71ea,0.44,0.46010421755414427,12282.0,6360.0,551.52,NVIDIA GeForce RTX 4070,[N/A],Enabled,Enabled
1709239371.019244,0,GPU-93ae0c7f-c327-aee3-adae-bc0d1dae71ea,0.45,0.46010421755414427,12282.0,6360.0,551.52,NVIDIA GeForce RTX 4070,[N/A],Enabled,Enabled
1709239372.019165,0,GPU-93ae0c7f-c327-aee3-adae-bc0d1dae71ea,0.44,0.46010421755414427,12282.0,6360.0,551.52,NVIDIA GeForce RTX 4070,[N/A],Enabled,Enabled
1709239373.018851,0,GPU-93ae0c7f-c327-aee3-adae-bc0d1dae71ea,0.42,0.46010421755414427,12282.0,6360.0,551.52,NVIDIA GeForce RTX 4070,[N/A],Enabled,Enabled
1709239374.018714,0,GPU-93ae0c7f-c327-aee3-adae-bc0d1dae71ea,0.43,0.46010421755414427,12282.0,6360.0,551.52,NVIDIA GeForce RTX 4070,[N/A],Enabled,Enabled
1709239375.019231,0,GPU-93ae0c7f-c327-aee3-adae-bc0d1dae71ea,0.46,0.46010421755414427,12282.0,6360.0,551.52,NVIDIA GeForce RTX 4070,[N/A],Enabled,Enabled
1709239376.01948,0,GPU-93ae0c7f-c327-aee3-adae-bc0d1dae71ea,0.41,0.46010421755414427,12282.0,6360.0,551.52,NVIDIA GeForce RTX 4070,[N/A],Enabled,Enabled
1709239377.019195,0,GPU-93ae0c7f-c327-aee3-adae-bc0d1dae71ea,0.41,0.46010421755414427,12282.0,6360.0,551.52,NVIDIA GeForce RTX 4070,[N/A],Enabled,Enabled
1709239378.019025,0,GPU-93ae0c7f-c327-aee3-adae-bc0d1dae71ea,0.41,0.46010421755414427,12282.0,6360.0,551.52,NVIDIA GeForce RTX 4070,[N/A],Enabled,Enabled
1709239379.019156,0,GPU-93ae0c7f-c327-aee3-adae-bc0d1dae71ea,0.4,0.46010421755414427,12282.0,6360.0,551.52,NVIDIA GeForce RTX 4070,[N/A],Enabled,Enabled
1709239380.019512,0,GPU-93ae0c7f-c327-aee3-adae-bc0d1dae71ea,0.38,0.46010421755414427,12282.0,6360.0,551.52,NVIDIA GeForce RTX 4070,[N/A],Enabled,Enabled
1709239381.018963,0,GPU-93ae0c7f-c327-aee3-adae-bc0d1dae71ea,0.44,0.46010421755414427,12282.0,6360.0,551.52,NVIDIA GeForce RTX 4070,[N/A],Enabled,Enabled
1709239382.018643,0,GPU-93ae0c7f-c327-aee3-adae-bc0d1dae71ea,0.4,0.46010421755414427,12282.0,6360.0,551.52,NVIDIA GeForce RTX 4070,[N/A],Enabled,Enabled
1709239383.019019,0,GPU-93ae0c7f-c327-aee3-adae-bc0d1dae71ea,0.41,0.46010421755414427,12282.0,6360.0,551.52,NVIDIA GeForce RTX 4070,[N/A],Enabled,Enabled
1709239384.019439,0,GPU-93ae0c7f-c327-aee3-adae-bc0d1dae71ea,0.38,0.46010421755414427,12282.0,6360.0,551.52,NVIDIA GeForce RTX 4070,[N/A],Enabled,Enabled
1709239385.019315,0,GPU-93ae0c7f-c327-aee3-adae-bc0d1dae71ea,0.42,0.46010421755414427,12282.0,6360.0,551.52,NVIDIA GeForce RTX 4070,[N/A],Enabled,Enabled
1709239386.018648,0,GPU-93ae0c7f-c327-aee3-adae-bc0d1dae71ea,0.49,0.46010421755414427,12282.0,6360.0,551.52,NVIDIA GeForce RTX 4070,[N/A],Enabled,Enabled
1709239387.019153,0,GPU-93ae0c7f-c327-aee3-adae-bc0d1dae71ea,0.49,0.46010421755414427,12282.0,6360.0,551.52,NVIDIA GeForce RTX 4070,[N/A],Enabled,Enabled
1709239388.018713,0,GPU-93ae0c7f-c327-aee3-adae-bc0d1dae71ea,0.4,0.46010421755414427,12282.0,6360.0,551.52,NVIDIA GeForce RTX 4070,[N/A],Enabled,Enabled
1709239389.019688,0,GPU-93ae0c7f-c327-aee3-adae-bc0d1dae71ea,0.38,0.46010421755414427,12282.0,6360.0,551.52,NVIDIA GeForce RTX 4070,[N/A],Enabled,Enabled
1709239390.019013,0,GPU-93ae0c7f-c327-aee3-adae-bc0d1dae71ea,0.38,0.46010421755414427,12282.0,6360.0,551.52,NVIDIA GeForce RTX 4070,[N/A],Enabled,Enabled
1709239391.018995,0,GPU-93ae0c7f-c327-aee3-adae-bc0d1dae71ea,0.41,0.46010421755414427,12282.0,6360.0,551.52,NVIDIA GeForce RTX 4070,[N/A],Enabled,Enabled
1709239392.01959,0,GPU-93ae0c7f-c327-aee3-adae-bc0d1dae71ea,0.41,0.46010421755414427,12282.0,6360.0,551.52,NVIDIA GeForce RTX 4070,[N/A],Enabled,Enabled
1709239393.018762,0,GPU-93ae0c7f-c327-aee3-adae-bc0d1dae71ea,0.48,0.46010421755414427,12282.0,6360.0,551.52,NVIDIA GeForce RTX 4070,[N/A],Enabled,Enabled
1709239394.01907,0,GPU-93ae0c7f-c327-aee3-adae-bc0d1dae71ea,0.44,0.46010421755414427,12282.0,6360.0,551.52,NVIDIA GeForce RTX 4070,[N/A],Enabled,Enabled
1709239395.019221,0,GPU-93ae0c7f-c327-aee3-adae-bc0d1dae71ea,0.4,0.46010421755414427,12282.0,6360.0,551.52,NVIDIA GeForce RTX 4070,[N/A],Enabled,Enabled
1709239396.019019,0,GPU-93ae0c7f-c327-aee3-adae-bc0d1dae71ea,0.41,0.46010421755414427,12282.0,6360.0,551.52,NVIDIA GeForce RTX 4070,[N/A],Enabled,Enabled
1709239397.018689,0,GPU-93ae0c7f-c327-aee3-adae-bc0d1dae71ea,0.42,0.46010421755414427,12282.0,6360.0,551.52,NVIDIA GeForce RTX 4070,[N/A],Enabled,Enabled
1709239398.019131,0,GPU-93ae0c7f-c327-aee3-adae-bc0d1dae71ea,0.47,0.46010421755414427,12282.0,6360.0,551.52,NVIDIA GeForce RTX 4070,[N/A],Enabled,Enabled
1709239399.01905,0,GPU-93ae0c7f-c327-aee3-adae-bc0d1dae71ea,0.45,0.46010421755414427,12282.0,6360.0,551.52,NVIDIA GeForce RTX 4070,[N/A],Enabled,Enabled
1709239400.019963,0,GPU-93ae0c7f-c327-aee3-adae-bc0d1dae71ea,0.37,0.46010421755414427,12282.0,6360.0,551.52,NVIDIA GeForce RTX 4070,[N/A],Enabled,Enabled
1709239401.019067,0,GPU-93ae0c7f-c327-aee3-adae-bc0d1dae71ea,0.4,0.46010421755414427,12282.0,6360.0,551.52,NVIDIA GeForce RTX 4070,[N/A],Enabled,Enabled
1709239402.018857,0,GPU-93ae0c7f-c327-aee3-adae-bc0d1dae71ea,0.43,0.46010421755414427,12282.0,6360.0,551.52,NVIDIA GeForce RTX 4070,[N/A],Enabled,Enabled
1709239403.018697,0,GPU-93ae0c7f-c327-aee3-adae-bc0d1dae71ea,0.46,0.46010421755414427,12282.0,6360.0,551.52,NVIDIA GeForce RTX 4070,[N/A],Enabled,Enabled
1709239404.019372,0,GPU-93ae0c7f-c327-aee3-adae-bc0d1dae71ea,0.42,0.46010421755414427,12282.0,6360.0,551.52,NVIDIA GeForce RTX 4070,[N/A],Enabled,Enabled
1709239405.019001,0,GPU-93ae0c7f-c327-aee3-adae-bc0d1dae71ea,0.44,0.46010421755414427,12282.0,6360.0,551.52,NVIDIA GeForce RTX 4070,[N/A],Enabled,Enabled
1709239406.018912,0,GPU-93ae0c7f-c327-aee3-adae-bc0d1dae71ea,0.4,0.46010421755414427,12282.0,6360.0,551.52,NVIDIA GeForce RTX 4070,[N/A],Enabled,Enabled
1709239407.019263,0,GPU-93ae0c7f-c327-aee3-adae-bc0d1dae71ea,0.42,0.46010421755414427,12282.0,6360.0,551.52,NVIDIA GeForce RTX 4070,[N/A],Enabled,Enabled
1709239408.019539,0,GPU-93ae0c7f-c327-aee3-adae-bc0d1dae71ea,0.51,0.46010421755414427,12282.0,6360.0,551.52,NVIDIA GeForce RTX 4070,[N/A],Enabled,Enabled
1709239409.019104,0,GPU-93ae0c7f-c327-aee3-adae-bc0d1dae71ea,0.38,0.46010421755414427,12282.0,6360.0,551.52,NVIDIA GeForce RTX 4070,[N/A],Enabled,Enabled
1709239410.018401,0,GPU-93ae0c7f-c327-aee3-adae-bc0d1dae71ea,0.4,0.46010421755414427,12282.0,6360.0,551.52,NVIDIA GeForce RTX 4070,[N/A],Enabled,Enabled
1709239411.019264,0,GPU-93ae0c7f-c327-aee3-adae-bc0d1dae71ea,0.4,0.46010421755414427,12282.0,6360.0,551.52,NVIDIA GeForce RTX 4070,[N/A],Enabled,Enabled
1709239412.019068,0,GPU-93ae0c7f-c327-aee3-adae-bc0d1dae71ea,0.44,0.46010421755414427,12282.0,6360.0,551.52,NVIDIA GeForce RTX 4070,[N/A],Enabled,Enabled
1709239413.019348,0,GPU-93ae0c7f-c327-aee3-adae-bc0d1dae71ea,0.49,0.46010421755414427,12282.0,6360.0,551.52,NVIDIA GeForce RTX 4070,[N/A],Enabled,Enabled
1709239414.01952,0,GPU-93ae0c7f-c327-aee3-adae-bc0d1dae71ea,0.41,0.46010421755414427,12282.0,6360.0,551.52,NVIDIA GeForce RTX 4070,[N/A],Enabled,Enabled
1709239415.019388,0,GPU-93ae0c7f-c327-aee3-adae-bc0d1dae71ea,0.39,0.46010421755414427,12282.0,6360.0,551.52,NVIDIA GeForce RTX 4070,[N/A],Enabled,Enabled
1709239416.019024,0,GPU-93ae0c7f-c327-aee3-adae-bc0d1dae71ea,0.43,0.46010421755414427,12282.0,6360.0,551.52,NVIDIA GeForce RTX 4070,[N/A],Enabled,Enabled
1709239417.019088,0,GPU-93ae0c7f-c327-aee3-adae-bc0d1dae71ea,0.41,0.46010421755414427,12282.0,6360.0,551.52,NVIDIA GeForce RTX 4070,[N/A],Enabled,Enabled
1709239418.018415,0,GPU-93ae0c7f-c327-aee3-adae-bc0d1dae71ea,0.44,0.46010421755414427,12282.0,6360.0,551.52,NVIDIA GeForce RTX 4070,[N/A],Enabled,Enabled
1709239419.01961,0,GPU-93ae0c7f-c327-aee3-adae-bc0d1dae71ea,0.42,0.46010421755414427,12282.0,6360.0,551.52,NVIDIA GeForce RTX 4070,[N/A],Enabled,Enabled
1709239420.018741,0,GPU-93ae0c7f-c327-aee3-adae-bc0d1dae71ea,0.42,0.46010421755414427,12282.0,6360.0,551.52,NVIDIA GeForce RTX 4070,[N/A],Enabled,Enabled
1709239421.018772,0,GPU-93ae0c7f-c327-aee3-adae-bc0d1dae71ea,0.38,0.46010421755414427,12282.0,6360.0,551.52,NVIDIA GeForce RTX 4070,[N/A],Enabled,Enabled
1709239422.018472,0,GPU-93ae0c7f-c327-aee3-adae-bc0d1dae71ea,0.39,0.46010421755414427,12282.0,6360.0,551.52,NVIDIA GeForce RTX 4070,[N/A],Enabled,Enabled
1709239423.019693,0,GPU-93ae0c7f-c327-aee3-adae-bc0d1dae71ea,0.4,0.46010421755414427,12282.0,6360.0,551.52,NVIDIA GeForce RTX 4070,[N/A],Enabled,Enabled
1709239424.018815,0,GPU-93ae0c7f-c327-aee3-adae-bc0d1dae71ea,0.37,0.46010421755414427,12282.0,6360.0,551.52,NVIDIA GeForce RTX 4070,[N/A],Enabled,Enabled
1709239425.019349,0,GPU-93ae0c7f-c327-aee3-adae-bc0d1dae71ea,0.37,0.46010421755414427,12282.0,6360.0,551.52,NVIDIA GeForce RTX 4070,[N/A],Enabled,Enabled
1709239426.019252,0,GPU-93ae0c7f-c327-aee3-adae-bc0d1dae71ea,0.39,0.46010421755414427,12282.0,6360.0,551.52,NVIDIA GeForce RTX 4070,[N/A],Enabled,Enabled
1709239427.019313,0,GPU-93ae0c7f-c327-aee3-adae-bc0d1dae71ea,0.41,0.46010421755414427,12282.0,6360.0,551.52,NVIDIA GeForce RTX 4070,[N/A],Enabled,Enabled
1709239428.019452,0,GPU-93ae0c7f-c327-aee3-adae-bc0d1dae71ea,0.38,0.46010421755414427,12282.0,6360.0,551.52,NVIDIA GeForce RTX 4070,[N/A],Enabled,Enabled
1709239429.019104,0,GPU-93ae0c7f-c327-aee3-adae-bc0d1dae71ea,0.4,0.46010421755414427,12282.0,6360.0,551.52,NVIDIA GeForce RTX 4070,[N/A],Enabled,Enabled
1709239430.018876,0,GPU-93ae0c7f-c327-aee3-adae-bc0d1dae71ea,0.42,0.46010421755414427,12282.0,6360.0,551.52,NVIDIA GeForce RTX 4070,[N/A],Enabled,Enabled
1709239431.018786,0,GPU-93ae0c7f-c327-aee3-adae-bc0d1dae71ea,0.38,0.46010421755414427,12282.0,6360.0,551.52,NVIDIA GeForce RTX 4070,[N/A],Enabled,Enabled
1709239432.018321,0,GPU-93ae0c7f-c327-aee3-adae-bc0d1dae71ea,0.42,0.46010421755414427,12282.0,6360.0,551.52,NVIDIA GeForce RTX 4070,[N/A],Enabled,Enabled
1709239433.018996,0,GPU-93ae0c7f-c327-aee3-adae-bc0d1dae71ea,0.41,0.46010421755414427,12282.0,6360.0,551.52,NVIDIA GeForce RTX 4070,[N/A],Enabled,Enabled
1709239434.019184,0,GPU-93ae0c7f-c327-aee3-adae-bc0d1dae71ea,0.44,0.46010421755414427,12282.0,6360.0,551.52,NVIDIA GeForce RTX 4070,[N/A],Enabled,Enabled
1709239435.019134,0,GPU-93ae0c7f-c327-aee3-adae-bc0d1dae71ea,0.41,0.4601856375183195,12282.0,6359.0,551.52,NVIDIA GeForce RTX 4070,[N/A],Enabled,Enabled
1709239436.019177,0,GPU-93ae0c7f-c327-aee3-adae-bc0d1dae71ea,0.43,0.46099983716007165,12282.0,6349.0,551.52,NVIDIA GeForce RTX 4070,[N/A],Enabled,Enabled
1709239437.01911,0,GPU-93ae0c7f-c327-aee3-adae-bc0d1dae71ea,0.43,0.4602670574824947,12282.0,6358.0,551.52,NVIDIA GeForce RTX 4070,[N/A],Enabled,Enabled
1709239438.019121,0,GPU-93ae0c7f-c327-aee3-adae-bc0d1dae71ea,0.43,0.4606741573033708,12282.0,6353.0,551.52,NVIDIA GeForce RTX 4070,[N/A],Enabled,Enabled
1709239439.019938,0,GPU-93ae0c7f-c327-aee3-adae-bc0d1dae71ea,0.41,0.4606741573033708,12282.0,6353.0,551.52,NVIDIA GeForce RTX 4070,[N/A],Enabled,Enabled
1709239440.019021,0,GPU-93ae0c7f-c327-aee3-adae-bc0d1dae71ea,0.48,0.4606741573033708,12282.0,6353.0,551.52,NVIDIA GeForce RTX 4070,[N/A],Enabled,Enabled
1709239441.019211,0,GPU-93ae0c7f-c327-aee3-adae-bc0d1dae71ea,0.48,0.4606741573033708,12282.0,6353.0,551.52,NVIDIA GeForce RTX 4070,[N/A],Enabled,Enabled
1709239442.018413,0,GPU-93ae0c7f-c327-aee3-adae-bc0d1dae71ea,0.45,0.4606741573033708,12282.0,6353.0,551.52,NVIDIA GeForce RTX 4070,[N/A],Enabled,Enabled
1709239443.02041,0,GPU-93ae0c7f-c327-aee3-adae-bc0d1dae71ea,0.45,0.460755577267546,12282.0,6352.0,551.52,NVIDIA GeForce RTX 4070,[N/A],Enabled,Enabled
1709239444.020017,0,GPU-93ae0c7f-c327-aee3-adae-bc0d1dae71ea,0.4,0.460755577267546,12282.0,6352.0,551.52,NVIDIA GeForce RTX 4070,[N/A],Enabled,Enabled
1709239445.018752,0,GPU-93ae0c7f-c327-aee3-adae-bc0d1dae71ea,0.4,0.460755577267546,12282.0,6352.0,551.52,NVIDIA GeForce RTX 4070,[N/A],Enabled,Enabled
1709239446.018692,0,GPU-93ae0c7f-c327-aee3-adae-bc0d1dae71ea,0.46,0.460755577267546,12282.0,6352.0,551.52,NVIDIA GeForce RTX 4070,[N/A],Enabled,Enabled
1709239447.019336,0,GPU-93ae0c7f-c327-aee3-adae-bc0d1dae71ea,0.47,0.460755577267546,12282.0,6352.0,551.52,NVIDIA GeForce RTX 4070,[N/A],Enabled,Enabled
1709239448.01874,0,GPU-93ae0c7f-c327-aee3-adae-bc0d1dae71ea,0.41,0.460755577267546,12282.0,6352.0,551.52,NVIDIA GeForce RTX 4070,[N/A],Enabled,Enabled
1709239449.018833,0,GPU-93ae0c7f-c327-aee3-adae-bc0d1dae71ea,0.4,0.460755577267546,12282.0,6352.0,551.52,NVIDIA GeForce RTX 4070,[N/A],Enabled,Enabled
1709239450.018816,0,GPU-93ae0c7f-c327-aee3-adae-bc0d1dae71ea,0.41,0.460755577267546,12282.0,6352.0,551.52,NVIDIA GeForce RTX 4070,[N/A],Enabled,Enabled
1709239451.01883,0,GPU-93ae0c7f-c327-aee3-adae-bc0d1dae71ea,0.44,0.460755577267546,12282.0,6352.0,551.52,NVIDIA GeForce RTX 4070,[N/A],Enabled,Enabled
1709239452.018505,0,GPU-93ae0c7f-c327-aee3-adae-bc0d1dae71ea,0.46,0.460755577267546,12282.0,6352.0,551.52,NVIDIA GeForce RTX 4070,[N/A],Enabled,Enabled
1709239453.019166,0,GPU-93ae0c7f-c327-aee3-adae-bc0d1dae71ea,0.45,0.460755577267546,12282.0,6352.0,551.52,NVIDIA GeForce RTX 4070,[N/A],Enabled,Enabled
1709239454.019214,0,GPU-93ae0c7f-c327-aee3-adae-bc0d1dae71ea,0.39,0.460755577267546,12282.0,6352.0,551.52,NVIDIA GeForce RTX 4070,[N/A],Enabled,Enabled
1709239455.01846,0,GPU-93ae0c7f-c327-aee3-adae-bc0d1dae71ea,0.41,0.460755577267546,12282.0,6352.0,551.52,NVIDIA GeForce RTX 4070,[N/A],Enabled,Enabled
1709239456.01885,0,GPU-93ae0c7f-c327-aee3-adae-bc0d1dae71ea,0.49,0.460755577267546,12282.0,6352.0,551.52,NVIDIA GeForce RTX 4070,[N/A],Enabled,Enabled
1709239457.019711,0,GPU-93ae0c7f-c327-aee3-adae-bc0d1dae71ea,0.38,0.460755577267546,12282.0,6352.0,551.52,NVIDIA GeForce RTX 4070,[N/A],Enabled,Enabled
1709239458.018496,0,GPU-93ae0c7f-c327-aee3-adae-bc0d1dae71ea,0.47,0.460755577267546,12282.0,6352.0,551.52,NVIDIA GeForce RTX 4070,[N/A],Enabled,Enabled
1709239459.019379,0,GPU-93ae0c7f-c327-aee3-adae-bc0d1dae71ea,0.44,0.460755577267546,12282.0,6352.0,551.52,NVIDIA GeForce RTX 4070,[N/A],Enabled,Enabled
1709239460.019469,0,GPU-93ae0c7f-c327-aee3-adae-bc0d1dae71ea,0.42,0.460755577267546,12282.0,6352.0,551.52,NVIDIA GeForce RTX 4070,[N/A],Enabled,Enabled
1709239461.018986,0,GPU-93ae0c7f-c327-aee3-adae-bc0d1dae71ea,0.46,0.460755577267546,12282.0,6352.0,551.52,NVIDIA GeForce RTX 4070,[N/A],Enabled,Enabled
1709239462.019546,0,GPU-93ae0c7f-c327-aee3-adae-bc0d1dae71ea,0.4,0.460755577267546,12282.0,6352.0,551.52,NVIDIA GeForce RTX 4070,[N/A],Enabled,Enabled
1709239463.018733,0,GPU-93ae0c7f-c327-aee3-adae-bc0d1dae71ea,0.38,0.460755577267546,12282.0,6352.0,551.52,NVIDIA GeForce RTX 4070,[N/A],Enabled,Enabled
1709239464.019244,0,GPU-93ae0c7f-c327-aee3-adae-bc0d1dae71ea,0.43,0.460755577267546,12282.0,6352.0,551.52,NVIDIA GeForce RTX 4070,[N/A],Enabled,Enabled
1709239465.019427,0,GPU-93ae0c7f-c327-aee3-adae-bc0d1dae71ea,0.45,0.460755577267546,12282.0,6352.0,551.52,NVIDIA GeForce RTX 4070,[N/A],Enabled,Enabled
1709239466.019063,0,GPU-93ae0c7f-c327-aee3-adae-bc0d1dae71ea,0.41,0.460755577267546,12282.0,6352.0,551.52,NVIDIA GeForce RTX 4070,[N/A],Enabled,Enabled
1709239467.019396,0,GPU-93ae0c7f-c327-aee3-adae-bc0d1dae71ea,0.4,0.460755577267546,12282.0,6352.0,551.52,NVIDIA GeForce RTX 4070,[N/A],Enabled,Enabled
1709239468.018685,0,GPU-93ae0c7f-c327-aee3-adae-bc0d1dae71ea,0.44,0.460755577267546,12282.0,6352.0,551.52,NVIDIA GeForce RTX 4070,[N/A],Enabled,Enabled
1709239469.018526,0,GPU-93ae0c7f-c327-aee3-adae-bc0d1dae71ea,0.44,0.460755577267546,12282.0,6352.0,551.52,NVIDIA GeForce RTX 4070,[N/A],Enabled,Enabled
1709239470.018528,0,GPU-93ae0c7f-c327-aee3-adae-bc0d1dae71ea,0.37,0.460755577267546,12282.0,6352.0,551.52,NVIDIA GeForce RTX 4070,[N/A],Enabled,Enabled
1709239471.018834,0,GPU-93ae0c7f-c327-aee3-adae-bc0d1dae71ea,0.29,0.4576616186288878,12282.0,6390.0,551.52,NVIDIA GeForce RTX 4070,[N/A],Enabled,Enabled
1709239472.019349,0,GPU-93ae0c7f-c327-aee3-adae-bc0d1dae71ea,0.3,0.4576616186288878,12282.0,6390.0,551.52,NVIDIA GeForce RTX 4070,[N/A],Enabled,Enabled
1709239473.019578,0,GPU-93ae0c7f-c327-aee3-adae-bc0d1dae71ea,0.29,0.4575801986647126,12282.0,6391.0,551.52,NVIDIA GeForce RTX 4070,[N/A],Enabled,Enabled
1709239474.018541,0,GPU-93ae0c7f-c327-aee3-adae-bc0d1dae71ea,0.29,0.4529392607067253,12282.0,6448.0,551.52,NVIDIA GeForce RTX 4070,[N/A],Enabled,Enabled
1709239475.019254,0,GPU-93ae0c7f-c327-aee3-adae-bc0d1dae71ea,0.3,0.4575801986647126,12282.0,6391.0,551.52,NVIDIA GeForce RTX 4070,[N/A],Enabled,Enabled
1709239476.01939,0,GPU-93ae0c7f-c327-aee3-adae-bc0d1dae71ea,0.26,0.4529392607067253,12282.0,6448.0,551.52,NVIDIA GeForce RTX 4070,[N/A],Enabled,Enabled
1709239477.019376,0,GPU-93ae0c7f-c327-aee3-adae-bc0d1dae71ea,0.28,0.4529392607067253,12282.0,6448.0,551.52,NVIDIA GeForce RTX 4070,[N/A],Enabled,Enabled
1709239478.01839,0,GPU-93ae0c7f-c327-aee3-adae-bc0d1dae71ea,0.28,0.4529392607067253,12282.0,6448.0,551.52,NVIDIA GeForce RTX 4070,[N/A],Enabled,Enabled
1709239479.019265,0,GPU-93ae0c7f-c327-aee3-adae-bc0d1dae71ea,0.29,0.4529392607067253,12282.0,6448.0,551.52,NVIDIA GeForce RTX 4070,[N/A],Enabled,Enabled
1709239480.01914,0,GPU-93ae0c7f-c327-aee3-adae-bc0d1dae71ea,0.28,0.4529392607067253,12282.0,6448.0,551.52,NVIDIA GeForce RTX 4070,[N/A],Enabled,Enabled
1709239481.018855,0,GPU-93ae0c7f-c327-aee3-adae-bc0d1dae71ea,0.27,0.4529392607067253,12282.0,6448.0,551.52,NVIDIA GeForce RTX 4070,[N/A],Enabled,Enabled
1709239482.019476,0,GPU-93ae0c7f-c327-aee3-adae-bc0d1dae71ea,0.27,0.4529392607067253,12282.0,6448.0,551.52,NVIDIA GeForce RTX 4070,[N/A],Enabled,Enabled
1709239483.01907,0,GPU-93ae0c7f-c327-aee3-adae-bc0d1dae71ea,0.28,0.4529392607067253,12282.0,6448.0,551.52,NVIDIA GeForce RTX 4070,[N/A],Enabled,Enabled
1709239484.018909,0,GPU-93ae0c7f-c327-aee3-adae-bc0d1dae71ea,0.28,0.4529392607067253,12282.0,6448.0,551.52,NVIDIA GeForce RTX 4070,[N/A],Enabled,Enabled
1709239485.019087,0,GPU-93ae0c7f-c327-aee3-adae-bc0d1dae71ea,0.29,0.4529392607067253,12282.0,6448.0,551.52,NVIDIA GeForce RTX 4070,[N/A],Enabled,Enabled
1709239486.018582,0,GPU-93ae0c7f-c327-aee3-adae-bc0d1dae71ea,0.27,0.4529392607067253,12282.0,6448.0,551.52,NVIDIA GeForce RTX 4070,[N/A],Enabled,Enabled
1709239487.018941,0,GPU-93ae0c7f-c327-aee3-adae-bc0d1dae71ea,0.28,0.4529392607067253,12282.0,6448.0,551.52,NVIDIA GeForce RTX 4070,[N/A],Enabled,Enabled
1709239488.019206,0,GPU-93ae0c7f-c327-aee3-adae-bc0d1dae71ea,0.27,0.4529392607067253,12282.0,6448.0,551.52,NVIDIA GeForce RTX 4070,[N/A],Enabled,Enabled
1709239489.019684,0,GPU-93ae0c7f-c327-aee3-adae-bc0d1dae71ea,0.29,0.4529392607067253,12282.0,6448.0,551.52,NVIDIA GeForce RTX 4070,[N/A],Enabled,Enabled
1709239490.018895,0,GPU-93ae0c7f-c327-aee3-adae-bc0d1dae71ea,0.29,0.4529392607067253,12282.0,6448.0,551.52,NVIDIA GeForce RTX 4070,[N/A],Enabled,Enabled
1709239491.019168,0,GPU-93ae0c7f-c327-aee3-adae-bc0d1dae71ea,0.28,0.4529392607067253,12282.0,6448.0,551.52,NVIDIA GeForce RTX 4070,[N/A],Enabled,Enabled
1709239492.019393,0,GPU-93ae0c7f-c327-aee3-adae-bc0d1dae71ea,0.27,0.4529392607067253,12282.0,6448.0,551.52,NVIDIA GeForce RTX 4070,[N/A],Enabled,Enabled
1709239493.019303,0,GPU-93ae0c7f-c327-aee3-adae-bc0d1dae71ea,0.28,0.4529392607067253,12282.0,6448.0,551.52,NVIDIA GeForce RTX 4070,[N/A],Enabled,Enabled
1709239494.01968,0,GPU-93ae0c7f-c327-aee3-adae-bc0d1dae71ea,0.28,0.4529392607067253,12282.0,6448.0,551.52,NVIDIA GeForce RTX 4070,[N/A],Enabled,Enabled
1709239495.019821,0,GPU-93ae0c7f-c327-aee3-adae-bc0d1dae71ea,0.15,0.2554958475818271,12282.0,8873.0,551.52,NVIDIA GeForce RTX 4070,[N/A],Enabled,Enabled
1709239496.019374,0,GPU-93ae0c7f-c327-aee3-adae-bc0d1dae71ea,0.14,0.2554958475818271,12282.0,8873.0,551.52,NVIDIA GeForce RTX 4070,[N/A],Enabled,Enabled
1709239497.018774,0,GPU-93ae0c7f-c327-aee3-adae-bc0d1dae71ea,0.14,0.2554958475818271,12282.0,8873.0,551.52,NVIDIA GeForce RTX 4070,[N/A],Enabled,Enabled
