timestamp,id,uuid,load,memoryUtil,memoryTotal,memoryUsed,memoryFree,driver,name,serial,display_mode,display_active
1702734557.680441,0,GPU-93ae0c7f-c327-aee3-adae-bc0d1dae71ea,0.13,0.21877544373880475,12282.0,9338.0,546.33,NVIDIA GeForce RTX 4070,[N/A],Enabled,Enabled
1702734558.676664,0,GPU-93ae0c7f-c327-aee3-adae-bc0d1dae71ea,0.13,0.21861260381045433,12282.0,9340.0,546.33,NVIDIA GeForce RTX 4070,[N/A],Enabled,Enabled
1702734559.676742,0,GPU-93ae0c7f-c327-aee3-adae-bc0d1dae71ea,0.13,0.21861260381045433,12282.0,9340.0,546.33,NVIDIA GeForce RTX 4070,[N/A],Enabled,Enabled
1702734560.677154,0,GPU-93ae0c7f-c327-aee3-adae-bc0d1dae71ea,0.13,0.21861260381045433,12282.0,9340.0,546.33,NVIDIA GeForce RTX 4070,[N/A],Enabled,Enabled
1702734561.676394,0,GPU-93ae0c7f-c327-aee3-adae-bc0d1dae71ea,0.13,0.21861260381045433,12282.0,9340.0,546.33,NVIDIA GeForce RTX 4070,[N/A],Enabled,Enabled
1702734562.676895,0,GPU-93ae0c7f-c327-aee3-adae-bc0d1dae71ea,0.12,0.21861260381045433,12282.0,9340.0,546.33,NVIDIA GeForce RTX 4070,[N/A],Enabled,Enabled
1702734563.676938,0,GPU-93ae0c7f-c327-aee3-adae-bc0d1dae71ea,0.13,0.21861260381045433,12282.0,9340.0,546.33,NVIDIA GeForce RTX 4070,[N/A],Enabled,Enabled
1702734564.676363,0,GPU-93ae0c7f-c327-aee3-adae-bc0d1dae71ea,0.13,0.21861260381045433,12282.0,9340.0,546.33,NVIDIA GeForce RTX 4070,[N/A],Enabled,Enabled
1702734565.676605,0,GPU-93ae0c7f-c327-aee3-adae-bc0d1dae71ea,0.13,0.21861260381045433,12282.0,9340.0,546.33,NVIDIA GeForce RTX 4070,[N/A],Enabled,Enabled
1702734566.677092,0,GPU-93ae0c7f-c327-aee3-adae-bc0d1dae71ea,0.13,0.21861260381045433,12282.0,9340.0,546.33,NVIDIA GeForce RTX 4070,[N/A],Enabled,Enabled
1702734567.676487,0,GPU-93ae0c7f-c327-aee3-adae-bc0d1dae71ea,0.12,0.21861260381045433,12282.0,9340.0,546.33,NVIDIA GeForce RTX 4070,[N/A],Enabled,Enabled
1702734568.676493,0,GPU-93ae0c7f-c327-aee3-adae-bc0d1dae71ea,0.13,0.21861260381045433,12282.0,9340.0,546.33,NVIDIA GeForce RTX 4070,[N/A],Enabled,Enabled
1702734569.677453,0,GPU-93ae0c7f-c327-aee3-adae-bc0d1dae71ea,0.13,0.21861260381045433,12282.0,9340.0,546.33,NVIDIA GeForce RTX 4070,[N/A],Enabled,Enabled
1702734570.676536,0,GPU-93ae0c7f-c327-aee3-adae-bc0d1dae71ea,0.12,0.21861260381045433,12282.0,9340.0,546.33,NVIDIA GeForce RTX 4070,[N/A],Enabled,Enabled
1702734571.676715,0,GPU-93ae0c7f-c327-aee3-adae-bc0d1dae71ea,0.14,0.20884220810942844,12282.0,9460.0,546.33,NVIDIA GeForce RTX 4070,[N/A],Enabled,Enabled
1702734572.677316,0,GPU-93ae0c7f-c327-aee3-adae-bc0d1dae71ea,0.14,0.20884220810942844,12282.0,9460.0,546.33,NVIDIA GeForce RTX 4070,[N/A],Enabled,Enabled
1702734573.677655,0,GPU-93ae0c7f-c327-aee3-adae-bc0d1dae71ea,0.14,0.20884220810942844,12282.0,9460.0,546.33,NVIDIA GeForce RTX 4070,[N/A],Enabled,Enabled
1702734574.677414,0,GPU-93ae0c7f-c327-aee3-adae-bc0d1dae71ea,0.14,0.208679368181078,12282.0,9462.0,546.33,NVIDIA GeForce RTX 4070,[N/A],Enabled,Enabled
1702734575.6774,0,GPU-93ae0c7f-c327-aee3-adae-bc0d1dae71ea,0.13,0.208679368181078,12282.0,9462.0,546.33,NVIDIA GeForce RTX 4070,[N/A],Enabled,Enabled
1702734576.676266,0,GPU-93ae0c7f-c327-aee3-adae-bc0d1dae71ea,0.14,0.208679368181078,12282.0,9462.0,546.33,NVIDIA GeForce RTX 4070,[N/A],Enabled,Enabled
1702734577.676605,0,GPU-93ae0c7f-c327-aee3-adae-bc0d1dae71ea,0.14,0.20941214785865495,12282.0,9453.0,546.33,NVIDIA GeForce RTX 4070,[N/A],Enabled,Enabled
1702734578.677243,0,GPU-93ae0c7f-c327-aee3-adae-bc0d1dae71ea,0.14,0.20941214785865495,12282.0,9453.0,546.33,NVIDIA GeForce RTX 4070,[N/A],Enabled,Enabled
1702734579.67642,0,GPU-93ae0c7f-c327-aee3-adae-bc0d1dae71ea,0.14,0.20941214785865495,12282.0,9453.0,546.33,NVIDIA GeForce RTX 4070,[N/A],Enabled,Enabled
1702734580.676371,0,GPU-93ae0c7f-c327-aee3-adae-bc0d1dae71ea,0.15,0.21063344732128317,12282.0,9438.0,546.33,NVIDIA GeForce RTX 4070,[N/A],Enabled,Enabled
1702734581.676411,0,GPU-93ae0c7f-c327-aee3-adae-bc0d1dae71ea,0.13,0.21006350757205666,12282.0,9445.0,546.33,NVIDIA GeForce RTX 4070,[N/A],Enabled,Enabled
1702734582.676762,0,GPU-93ae0c7f-c327-aee3-adae-bc0d1dae71ea,0.2,0.32087607881452535,12282.0,8084.0,546.33,NVIDIA GeForce RTX 4070,[N/A],Enabled,Enabled
1702734583.676341,0,GPU-93ae0c7f-c327-aee3-adae-bc0d1dae71ea,0.1,0.29262335124572547,12282.0,8431.0,546.33,NVIDIA GeForce RTX 4070,[N/A],Enabled,Enabled
1702734584.677631,0,GPU-93ae0c7f-c327-aee3-adae-bc0d1dae71ea,0.07,0.29262335124572547,12282.0,8431.0,546.33,NVIDIA GeForce RTX 4070,[N/A],Enabled,Enabled
1702734585.677164,0,GPU-93ae0c7f-c327-aee3-adae-bc0d1dae71ea,0.07,0.29262335124572547,12282.0,8431.0,546.33,NVIDIA GeForce RTX 4070,[N/A],Enabled,Enabled
1702734586.676314,0,GPU-93ae0c7f-c327-aee3-adae-bc0d1dae71ea,0.03,0.2248005210877707,12282.0,9264.0,546.33,NVIDIA GeForce RTX 4070,[N/A],Enabled,Enabled
1702734587.676978,0,GPU-93ae0c7f-c327-aee3-adae-bc0d1dae71ea,0.2,0.507164956847419,12282.0,5796.0,546.33,NVIDIA GeForce RTX 4070,[N/A],Enabled,Enabled
1702734588.677608,0,GPU-93ae0c7f-c327-aee3-adae-bc0d1dae71ea,0.04,0.40726266080442924,12282.0,7023.0,546.33,NVIDIA GeForce RTX 4070,[N/A],Enabled,Enabled
1702734589.676659,0,GPU-93ae0c7f-c327-aee3-adae-bc0d1dae71ea,0.27,0.40726266080442924,12282.0,7023.0,546.33,NVIDIA GeForce RTX 4070,[N/A],Enabled,Enabled
1702734590.676077,0,GPU-93ae0c7f-c327-aee3-adae-bc0d1dae71ea,0.24,0.40294740270314283,12282.0,7076.0,546.33,NVIDIA GeForce RTX 4070,[N/A],Enabled,Enabled
1702734591.677623,0,GPU-93ae0c7f-c327-aee3-adae-bc0d1dae71ea,0.25,0.40294740270314283,12282.0,7076.0,546.33,NVIDIA GeForce RTX 4070,[N/A],Enabled,Enabled
1702734592.676566,0,GPU-93ae0c7f-c327-aee3-adae-bc0d1dae71ea,0.24,0.40294740270314283,12282.0,7076.0,546.33,NVIDIA GeForce RTX 4070,[N/A],Enabled,Enabled
1702734593.676304,0,GPU-93ae0c7f-c327-aee3-adae-bc0d1dae71ea,0.24,0.40294740270314283,12282.0,7076.0,546.33,NVIDIA GeForce RTX 4070,[N/A],Enabled,Enabled
1702734594.676476,0,GPU-93ae0c7f-c327-aee3-adae-bc0d1dae71ea,0.24,0.40294740270314283,12282.0,7076.0,546.33,NVIDIA GeForce RTX 4070,[N/A],Enabled,Enabled
1702734595.676452,0,GPU-93ae0c7f-c327-aee3-adae-bc0d1dae71ea,0.24,0.40294740270314283,12282.0,7076.0,546.33,NVIDIA GeForce RTX 4070,[N/A],Enabled,Enabled
1702734596.676774,0,GPU-93ae0c7f-c327-aee3-adae-bc0d1dae71ea,0.24,0.40294740270314283,12282.0,7076.0,546.33,NVIDIA GeForce RTX 4070,[N/A],Enabled,Enabled
1702734597.677007,0,GPU-93ae0c7f-c327-aee3-adae-bc0d1dae71ea,0.24,0.40294740270314283,12282.0,7076.0,546.33,NVIDIA GeForce RTX 4070,[N/A],Enabled,Enabled
1702734598.676657,0,GPU-93ae0c7f-c327-aee3-adae-bc0d1dae71ea,0.11,0.40294740270314283,12282.0,7076.0,546.33,NVIDIA GeForce RTX 4070,[N/A],Enabled,Enabled
1702734599.676389,0,GPU-93ae0c7f-c327-aee3-adae-bc0d1dae71ea,0.24,0.40294740270314283,12282.0,7076.0,546.33,NVIDIA GeForce RTX 4070,[N/A],Enabled,Enabled
1702734600.676414,0,GPU-93ae0c7f-c327-aee3-adae-bc0d1dae71ea,0.24,0.40294740270314283,12282.0,7076.0,546.33,NVIDIA GeForce RTX 4070,[N/A],Enabled,Enabled
1702734601.676569,0,GPU-93ae0c7f-c327-aee3-adae-bc0d1dae71ea,0.14,0.40294740270314283,12282.0,7076.0,546.33,NVIDIA GeForce RTX 4070,[N/A],Enabled,Enabled
1702734602.67723,0,GPU-93ae0c7f-c327-aee3-adae-bc0d1dae71ea,0.24,0.40294740270314283,12282.0,7076.0,546.33,NVIDIA GeForce RTX 4070,[N/A],Enabled,Enabled
1702734603.676531,0,GPU-93ae0c7f-c327-aee3-adae-bc0d1dae71ea,0.11,0.40294740270314283,12282.0,7076.0,546.33,NVIDIA GeForce RTX 4070,[N/A],Enabled,Enabled
1702734604.676957,0,GPU-93ae0c7f-c327-aee3-adae-bc0d1dae71ea,0.05,0.40294740270314283,12282.0,7076.0,546.33,NVIDIA GeForce RTX 4070,[N/A],Enabled,Enabled
1702734605.676319,0,GPU-93ae0c7f-c327-aee3-adae-bc0d1dae71ea,0.24,0.40294740270314283,12282.0,7076.0,546.33,NVIDIA GeForce RTX 4070,[N/A],Enabled,Enabled
1702734606.67708,0,GPU-93ae0c7f-c327-aee3-adae-bc0d1dae71ea,0.23,0.40294740270314283,12282.0,7076.0,546.33,NVIDIA GeForce RTX 4070,[N/A],Enabled,Enabled
1702734607.676448,0,GPU-93ae0c7f-c327-aee3-adae-bc0d1dae71ea,0.05,0.40294740270314283,12282.0,7076.0,546.33,NVIDIA GeForce RTX 4070,[N/A],Enabled,Enabled
1702734608.676515,0,GPU-93ae0c7f-c327-aee3-adae-bc0d1dae71ea,0.04,0.40294740270314283,12282.0,7076.0,546.33,NVIDIA GeForce RTX 4070,[N/A],Enabled,Enabled
1702734609.677048,0,GPU-93ae0c7f-c327-aee3-adae-bc0d1dae71ea,0.08,0.40294740270314283,12282.0,7076.0,546.33,NVIDIA GeForce RTX 4070,[N/A],Enabled,Enabled
1702734610.676512,0,GPU-93ae0c7f-c327-aee3-adae-bc0d1dae71ea,0.22,0.40294740270314283,12282.0,7076.0,546.33,NVIDIA GeForce RTX 4070,[N/A],Enabled,Enabled
1702734611.677472,0,GPU-93ae0c7f-c327-aee3-adae-bc0d1dae71ea,0.23,0.40294740270314283,12282.0,7076.0,546.33,NVIDIA GeForce RTX 4070,[N/A],Enabled,Enabled
1702734612.677699,0,GPU-93ae0c7f-c327-aee3-adae-bc0d1dae71ea,0.24,0.40294740270314283,12282.0,7076.0,546.33,NVIDIA GeForce RTX 4070,[N/A],Enabled,Enabled
1702734613.67659,0,GPU-93ae0c7f-c327-aee3-adae-bc0d1dae71ea,0.15,0.40294740270314283,12282.0,7076.0,546.33,NVIDIA GeForce RTX 4070,[N/A],Enabled,Enabled
1702734614.676931,0,GPU-93ae0c7f-c327-aee3-adae-bc0d1dae71ea,0.24,0.40294740270314283,12282.0,7076.0,546.33,NVIDIA GeForce RTX 4070,[N/A],Enabled,Enabled
1702734615.676145,0,GPU-93ae0c7f-c327-aee3-adae-bc0d1dae71ea,0.23,0.40294740270314283,12282.0,7076.0,546.33,NVIDIA GeForce RTX 4070,[N/A],Enabled,Enabled
1702734616.676806,0,GPU-93ae0c7f-c327-aee3-adae-bc0d1dae71ea,0.05,0.40294740270314283,12282.0,7076.0,546.33,NVIDIA GeForce RTX 4070,[N/A],Enabled,Enabled
1702734617.676362,0,GPU-93ae0c7f-c327-aee3-adae-bc0d1dae71ea,0.24,0.40294740270314283,12282.0,7076.0,546.33,NVIDIA GeForce RTX 4070,[N/A],Enabled,Enabled
1702734618.677414,0,GPU-93ae0c7f-c327-aee3-adae-bc0d1dae71ea,0.23,0.40294740270314283,12282.0,7076.0,546.33,NVIDIA GeForce RTX 4070,[N/A],Enabled,Enabled
1702734619.676256,0,GPU-93ae0c7f-c327-aee3-adae-bc0d1dae71ea,0.11,0.40294740270314283,12282.0,7076.0,546.33,NVIDIA GeForce RTX 4070,[N/A],Enabled,Enabled
1702734620.676983,0,GPU-93ae0c7f-c327-aee3-adae-bc0d1dae71ea,0.05,0.40294740270314283,12282.0,7076.0,546.33,NVIDIA GeForce RTX 4070,[N/A],Enabled,Enabled
1702734621.676517,0,GPU-93ae0c7f-c327-aee3-adae-bc0d1dae71ea,0.05,0.40294740270314283,12282.0,7076.0,546.33,NVIDIA GeForce RTX 4070,[N/A],Enabled,Enabled
1702734622.677356,0,GPU-93ae0c7f-c327-aee3-adae-bc0d1dae71ea,0.05,0.40294740270314283,12282.0,7076.0,546.33,NVIDIA GeForce RTX 4070,[N/A],Enabled,Enabled
1702734623.676424,0,GPU-93ae0c7f-c327-aee3-adae-bc0d1dae71ea,0.05,0.40294740270314283,12282.0,7076.0,546.33,NVIDIA GeForce RTX 4070,[N/A],Enabled,Enabled
1702734624.67754,0,GPU-93ae0c7f-c327-aee3-adae-bc0d1dae71ea,0.04,0.40294740270314283,12282.0,7076.0,546.33,NVIDIA GeForce RTX 4070,[N/A],Enabled,Enabled
1702734625.677539,0,GPU-93ae0c7f-c327-aee3-adae-bc0d1dae71ea,0.05,0.40294740270314283,12282.0,7076.0,546.33,NVIDIA GeForce RTX 4070,[N/A],Enabled,Enabled
1702734626.677326,0,GPU-93ae0c7f-c327-aee3-adae-bc0d1dae71ea,0.05,0.40294740270314283,12282.0,7076.0,546.33,NVIDIA GeForce RTX 4070,[N/A],Enabled,Enabled
1702734627.677085,0,GPU-93ae0c7f-c327-aee3-adae-bc0d1dae71ea,0.05,0.40294740270314283,12282.0,7076.0,546.33,NVIDIA GeForce RTX 4070,[N/A],Enabled,Enabled
1702734628.67698,0,GPU-93ae0c7f-c327-aee3-adae-bc0d1dae71ea,0.05,0.40294740270314283,12282.0,7076.0,546.33,NVIDIA GeForce RTX 4070,[N/A],Enabled,Enabled
1702734629.676262,0,GPU-93ae0c7f-c327-aee3-adae-bc0d1dae71ea,0.05,0.40294740270314283,12282.0,7076.0,546.33,NVIDIA GeForce RTX 4070,[N/A],Enabled,Enabled
1702734630.676451,0,GPU-93ae0c7f-c327-aee3-adae-bc0d1dae71ea,0.08,0.40294740270314283,12282.0,7076.0,546.33,NVIDIA GeForce RTX 4070,[N/A],Enabled,Enabled
1702734631.676492,0,GPU-93ae0c7f-c327-aee3-adae-bc0d1dae71ea,0.12,0.40294740270314283,12282.0,7076.0,546.33,NVIDIA GeForce RTX 4070,[N/A],Enabled,Enabled
1702734632.676423,0,GPU-93ae0c7f-c327-aee3-adae-bc0d1dae71ea,0.09,0.40294740270314283,12282.0,7076.0,546.33,NVIDIA GeForce RTX 4070,[N/A],Enabled,Enabled
1702734633.677113,0,GPU-93ae0c7f-c327-aee3-adae-bc0d1dae71ea,0.05,0.40294740270314283,12282.0,7076.0,546.33,NVIDIA GeForce RTX 4070,[N/A],Enabled,Enabled
1702734634.676499,0,GPU-93ae0c7f-c327-aee3-adae-bc0d1dae71ea,0.07,0.40294740270314283,12282.0,7076.0,546.33,NVIDIA GeForce RTX 4070,[N/A],Enabled,Enabled
1702734635.676465,0,GPU-93ae0c7f-c327-aee3-adae-bc0d1dae71ea,0.26,0.40294740270314283,12282.0,7076.0,546.33,NVIDIA GeForce RTX 4070,[N/A],Enabled,Enabled
1702734636.677006,0,GPU-93ae0c7f-c327-aee3-adae-bc0d1dae71ea,0.24,0.40294740270314283,12282.0,7076.0,546.33,NVIDIA GeForce RTX 4070,[N/A],Enabled,Enabled
1702734637.677126,0,GPU-93ae0c7f-c327-aee3-adae-bc0d1dae71ea,0.24,0.40294740270314283,12282.0,7076.0,546.33,NVIDIA GeForce RTX 4070,[N/A],Enabled,Enabled
1702734638.676851,0,GPU-93ae0c7f-c327-aee3-adae-bc0d1dae71ea,0.24,0.40294740270314283,12282.0,7076.0,546.33,NVIDIA GeForce RTX 4070,[N/A],Enabled,Enabled
1702734639.67666,0,GPU-93ae0c7f-c327-aee3-adae-bc0d1dae71ea,0.08,0.40294740270314283,12282.0,7076.0,546.33,NVIDIA GeForce RTX 4070,[N/A],Enabled,Enabled
1702734640.676223,0,GPU-93ae0c7f-c327-aee3-adae-bc0d1dae71ea,0.1,0.40294740270314283,12282.0,7076.0,546.33,NVIDIA GeForce RTX 4070,[N/A],Enabled,Enabled
1702734641.676408,0,GPU-93ae0c7f-c327-aee3-adae-bc0d1dae71ea,0.24,0.40294740270314283,12282.0,7076.0,546.33,NVIDIA GeForce RTX 4070,[N/A],Enabled,Enabled
1702734642.677296,0,GPU-93ae0c7f-c327-aee3-adae-bc0d1dae71ea,0.24,0.40294740270314283,12282.0,7076.0,546.33,NVIDIA GeForce RTX 4070,[N/A],Enabled,Enabled
1702734643.676542,0,GPU-93ae0c7f-c327-aee3-adae-bc0d1dae71ea,0.04,0.40294740270314283,12282.0,7076.0,546.33,NVIDIA GeForce RTX 4070,[N/A],Enabled,Enabled
1702734644.6767,0,GPU-93ae0c7f-c327-aee3-adae-bc0d1dae71ea,0.05,0.40294740270314283,12282.0,7076.0,546.33,NVIDIA GeForce RTX 4070,[N/A],Enabled,Enabled
1702734645.676661,0,GPU-93ae0c7f-c327-aee3-adae-bc0d1dae71ea,0.11,0.40294740270314283,12282.0,7076.0,546.33,NVIDIA GeForce RTX 4070,[N/A],Enabled,Enabled
1702734646.676602,0,GPU-93ae0c7f-c327-aee3-adae-bc0d1dae71ea,0.05,0.40294740270314283,12282.0,7076.0,546.33,NVIDIA GeForce RTX 4070,[N/A],Enabled,Enabled
1702734647.67659,0,GPU-93ae0c7f-c327-aee3-adae-bc0d1dae71ea,0.05,0.40294740270314283,12282.0,7076.0,546.33,NVIDIA GeForce RTX 4070,[N/A],Enabled,Enabled
1702734648.677229,0,GPU-93ae0c7f-c327-aee3-adae-bc0d1dae71ea,0.05,0.40294740270314283,12282.0,7076.0,546.33,NVIDIA GeForce RTX 4070,[N/A],Enabled,Enabled
1702734649.676538,0,GPU-93ae0c7f-c327-aee3-adae-bc0d1dae71ea,0.05,0.40294740270314283,12282.0,7076.0,546.33,NVIDIA GeForce RTX 4070,[N/A],Enabled,Enabled
1702734650.676616,0,GPU-93ae0c7f-c327-aee3-adae-bc0d1dae71ea,0.05,0.40294740270314283,12282.0,7076.0,546.33,NVIDIA GeForce RTX 4070,[N/A],Enabled,Enabled
1702734651.677509,0,GPU-93ae0c7f-c327-aee3-adae-bc0d1dae71ea,0.05,0.40294740270314283,12282.0,7076.0,546.33,NVIDIA GeForce RTX 4070,[N/A],Enabled,Enabled
1702734652.676167,0,GPU-93ae0c7f-c327-aee3-adae-bc0d1dae71ea,0.05,0.40294740270314283,12282.0,7076.0,546.33,NVIDIA GeForce RTX 4070,[N/A],Enabled,Enabled
1702734653.676429,0,GPU-93ae0c7f-c327-aee3-adae-bc0d1dae71ea,0.05,0.40294740270314283,12282.0,7076.0,546.33,NVIDIA GeForce RTX 4070,[N/A],Enabled,Enabled
1702734654.676732,0,GPU-93ae0c7f-c327-aee3-adae-bc0d1dae71ea,0.05,0.40294740270314283,12282.0,7076.0,546.33,NVIDIA GeForce RTX 4070,[N/A],Enabled,Enabled
1702734655.676442,0,GPU-93ae0c7f-c327-aee3-adae-bc0d1dae71ea,0.04,0.40294740270314283,12282.0,7076.0,546.33,NVIDIA GeForce RTX 4070,[N/A],Enabled,Enabled
1702734656.676403,0,GPU-93ae0c7f-c327-aee3-adae-bc0d1dae71ea,0.05,0.40294740270314283,12282.0,7076.0,546.33,NVIDIA GeForce RTX 4070,[N/A],Enabled,Enabled
1702734657.676599,0,GPU-93ae0c7f-c327-aee3-adae-bc0d1dae71ea,0.05,0.40294740270314283,12282.0,7076.0,546.33,NVIDIA GeForce RTX 4070,[N/A],Enabled,Enabled
1702734658.677277,0,GPU-93ae0c7f-c327-aee3-adae-bc0d1dae71ea,0.05,0.40294740270314283,12282.0,7076.0,546.33,NVIDIA GeForce RTX 4070,[N/A],Enabled,Enabled
1702734659.676491,0,GPU-93ae0c7f-c327-aee3-adae-bc0d1dae71ea,0.04,0.40294740270314283,12282.0,7076.0,546.33,NVIDIA GeForce RTX 4070,[N/A],Enabled,Enabled
1702734660.677031,0,GPU-93ae0c7f-c327-aee3-adae-bc0d1dae71ea,0.12,0.40294740270314283,12282.0,7076.0,546.33,NVIDIA GeForce RTX 4070,[N/A],Enabled,Enabled
1702734661.676714,0,GPU-93ae0c7f-c327-aee3-adae-bc0d1dae71ea,0.04,0.40294740270314283,12282.0,7076.0,546.33,NVIDIA GeForce RTX 4070,[N/A],Enabled,Enabled
1702734662.676547,0,GPU-93ae0c7f-c327-aee3-adae-bc0d1dae71ea,0.05,0.40294740270314283,12282.0,7076.0,546.33,NVIDIA GeForce RTX 4070,[N/A],Enabled,Enabled
1702734663.676545,0,GPU-93ae0c7f-c327-aee3-adae-bc0d1dae71ea,0.1,0.40294740270314283,12282.0,7076.0,546.33,NVIDIA GeForce RTX 4070,[N/A],Enabled,Enabled
1702734664.676868,0,GPU-93ae0c7f-c327-aee3-adae-bc0d1dae71ea,0.04,0.40294740270314283,12282.0,7076.0,546.33,NVIDIA GeForce RTX 4070,[N/A],Enabled,Enabled
1702734665.676368,0,GPU-93ae0c7f-c327-aee3-adae-bc0d1dae71ea,0.04,0.40294740270314283,12282.0,7076.0,546.33,NVIDIA GeForce RTX 4070,[N/A],Enabled,Enabled
1702734666.676524,0,GPU-93ae0c7f-c327-aee3-adae-bc0d1dae71ea,0.05,0.40294740270314283,12282.0,7076.0,546.33,NVIDIA GeForce RTX 4070,[N/A],Enabled,Enabled
1702734667.677117,0,GPU-93ae0c7f-c327-aee3-adae-bc0d1dae71ea,0.04,0.40294740270314283,12282.0,7076.0,546.33,NVIDIA GeForce RTX 4070,[N/A],Enabled,Enabled
1702734668.676425,0,GPU-93ae0c7f-c327-aee3-adae-bc0d1dae71ea,0.05,0.40294740270314283,12282.0,7076.0,546.33,NVIDIA GeForce RTX 4070,[N/A],Enabled,Enabled
1702734669.67632,0,GPU-93ae0c7f-c327-aee3-adae-bc0d1dae71ea,0.12,0.40294740270314283,12282.0,7076.0,546.33,NVIDIA GeForce RTX 4070,[N/A],Enabled,Enabled
1702734670.67645,0,GPU-93ae0c7f-c327-aee3-adae-bc0d1dae71ea,0.12,0.40294740270314283,12282.0,7076.0,546.33,NVIDIA GeForce RTX 4070,[N/A],Enabled,Enabled
1702734671.676281,0,GPU-93ae0c7f-c327-aee3-adae-bc0d1dae71ea,0.11,0.40294740270314283,12282.0,7076.0,546.33,NVIDIA GeForce RTX 4070,[N/A],Enabled,Enabled
1702734672.676796,0,GPU-93ae0c7f-c327-aee3-adae-bc0d1dae71ea,0.1,0.40294740270314283,12282.0,7076.0,546.33,NVIDIA GeForce RTX 4070,[N/A],Enabled,Enabled
1702734673.676213,0,GPU-93ae0c7f-c327-aee3-adae-bc0d1dae71ea,0.04,0.40294740270314283,12282.0,7076.0,546.33,NVIDIA GeForce RTX 4070,[N/A],Enabled,Enabled
1702734674.676274,0,GPU-93ae0c7f-c327-aee3-adae-bc0d1dae71ea,0.05,0.40294740270314283,12282.0,7076.0,546.33,NVIDIA GeForce RTX 4070,[N/A],Enabled,Enabled
1702734675.676723,0,GPU-93ae0c7f-c327-aee3-adae-bc0d1dae71ea,0.04,0.40294740270314283,12282.0,7076.0,546.33,NVIDIA GeForce RTX 4070,[N/A],Enabled,Enabled
1702734676.676887,0,GPU-93ae0c7f-c327-aee3-adae-bc0d1dae71ea,0.05,0.40294740270314283,12282.0,7076.0,546.33,NVIDIA GeForce RTX 4070,[N/A],Enabled,Enabled
1702734677.676381,0,GPU-93ae0c7f-c327-aee3-adae-bc0d1dae71ea,0.11,0.40294740270314283,12282.0,7076.0,546.33,NVIDIA GeForce RTX 4070,[N/A],Enabled,Enabled
1702734678.676758,0,GPU-93ae0c7f-c327-aee3-adae-bc0d1dae71ea,0.12,0.40294740270314283,12282.0,7076.0,546.33,NVIDIA GeForce RTX 4070,[N/A],Enabled,Enabled
1702734679.676352,0,GPU-93ae0c7f-c327-aee3-adae-bc0d1dae71ea,0.1,0.40294740270314283,12282.0,7076.0,546.33,NVIDIA GeForce RTX 4070,[N/A],Enabled,Enabled
1702734680.676342,0,GPU-93ae0c7f-c327-aee3-adae-bc0d1dae71ea,0.12,0.40294740270314283,12282.0,7076.0,546.33,NVIDIA GeForce RTX 4070,[N/A],Enabled,Enabled
1702734681.676718,0,GPU-93ae0c7f-c327-aee3-adae-bc0d1dae71ea,0.05,0.40294740270314283,12282.0,7076.0,546.33,NVIDIA GeForce RTX 4070,[N/A],Enabled,Enabled
1702734682.67682,0,GPU-93ae0c7f-c327-aee3-adae-bc0d1dae71ea,0.09,0.40294740270314283,12282.0,7076.0,546.33,NVIDIA GeForce RTX 4070,[N/A],Enabled,Enabled
1702734683.676855,0,GPU-93ae0c7f-c327-aee3-adae-bc0d1dae71ea,0.05,0.40294740270314283,12282.0,7076.0,546.33,NVIDIA GeForce RTX 4070,[N/A],Enabled,Enabled
1702734684.676925,0,GPU-93ae0c7f-c327-aee3-adae-bc0d1dae71ea,0.05,0.40294740270314283,12282.0,7076.0,546.33,NVIDIA GeForce RTX 4070,[N/A],Enabled,Enabled
1702734685.676271,0,GPU-93ae0c7f-c327-aee3-adae-bc0d1dae71ea,0.04,0.40294740270314283,12282.0,7076.0,546.33,NVIDIA GeForce RTX 4070,[N/A],Enabled,Enabled
1702734686.677294,0,GPU-93ae0c7f-c327-aee3-adae-bc0d1dae71ea,0.11,0.40294740270314283,12282.0,7076.0,546.33,NVIDIA GeForce RTX 4070,[N/A],Enabled,Enabled
1702734687.676949,0,GPU-93ae0c7f-c327-aee3-adae-bc0d1dae71ea,0.25,0.40294740270314283,12282.0,7076.0,546.33,NVIDIA GeForce RTX 4070,[N/A],Enabled,Enabled
1702734688.677833,0,GPU-93ae0c7f-c327-aee3-adae-bc0d1dae71ea,0.25,0.40294740270314283,12282.0,7076.0,546.33,NVIDIA GeForce RTX 4070,[N/A],Enabled,Enabled
1702734689.6772,0,GPU-93ae0c7f-c327-aee3-adae-bc0d1dae71ea,0.24,0.40294740270314283,12282.0,7076.0,546.33,NVIDIA GeForce RTX 4070,[N/A],Enabled,Enabled
1702734690.676312,0,GPU-93ae0c7f-c327-aee3-adae-bc0d1dae71ea,0.2,0.40294740270314283,12282.0,7076.0,546.33,NVIDIA GeForce RTX 4070,[N/A],Enabled,Enabled
1702734691.677164,0,GPU-93ae0c7f-c327-aee3-adae-bc0d1dae71ea,0.05,0.40294740270314283,12282.0,7076.0,546.33,NVIDIA GeForce RTX 4070,[N/A],Enabled,Enabled
1702734692.67623,0,GPU-93ae0c7f-c327-aee3-adae-bc0d1dae71ea,0.11,0.40294740270314283,12282.0,7076.0,546.33,NVIDIA GeForce RTX 4070,[N/A],Enabled,Enabled
1702734693.676116,0,GPU-93ae0c7f-c327-aee3-adae-bc0d1dae71ea,0.12,0.40294740270314283,12282.0,7076.0,546.33,NVIDIA GeForce RTX 4070,[N/A],Enabled,Enabled
1702734694.676428,0,GPU-93ae0c7f-c327-aee3-adae-bc0d1dae71ea,0.12,0.40294740270314283,12282.0,7076.0,546.33,NVIDIA GeForce RTX 4070,[N/A],Enabled,Enabled
1702734695.677665,0,GPU-93ae0c7f-c327-aee3-adae-bc0d1dae71ea,0.22,0.40294740270314283,12282.0,7076.0,546.33,NVIDIA GeForce RTX 4070,[N/A],Enabled,Enabled
1702734696.676614,0,GPU-93ae0c7f-c327-aee3-adae-bc0d1dae71ea,0.2,0.40294740270314283,12282.0,7076.0,546.33,NVIDIA GeForce RTX 4070,[N/A],Enabled,Enabled
1702734697.676294,0,GPU-93ae0c7f-c327-aee3-adae-bc0d1dae71ea,0.1,0.40294740270314283,12282.0,7076.0,546.33,NVIDIA GeForce RTX 4070,[N/A],Enabled,Enabled
1702734698.676875,0,GPU-93ae0c7f-c327-aee3-adae-bc0d1dae71ea,0.06,0.40294740270314283,12282.0,7076.0,546.33,NVIDIA GeForce RTX 4070,[N/A],Enabled,Enabled
1702734699.677153,0,GPU-93ae0c7f-c327-aee3-adae-bc0d1dae71ea,0.11,0.40294740270314283,12282.0,7076.0,546.33,NVIDIA GeForce RTX 4070,[N/A],Enabled,Enabled
1702734700.676692,0,GPU-93ae0c7f-c327-aee3-adae-bc0d1dae71ea,0.07,0.40294740270314283,12282.0,7076.0,546.33,NVIDIA GeForce RTX 4070,[N/A],Enabled,Enabled
1702734701.676996,0,GPU-93ae0c7f-c327-aee3-adae-bc0d1dae71ea,0.04,0.40294740270314283,12282.0,7076.0,546.33,NVIDIA GeForce RTX 4070,[N/A],Enabled,Enabled
1702734702.676844,0,GPU-93ae0c7f-c327-aee3-adae-bc0d1dae71ea,0.04,0.40294740270314283,12282.0,7076.0,546.33,NVIDIA GeForce RTX 4070,[N/A],Enabled,Enabled
1702734703.676972,0,GPU-93ae0c7f-c327-aee3-adae-bc0d1dae71ea,0.05,0.40294740270314283,12282.0,7076.0,546.33,NVIDIA GeForce RTX 4070,[N/A],Enabled,Enabled
1702734704.676394,0,GPU-93ae0c7f-c327-aee3-adae-bc0d1dae71ea,0.25,0.40294740270314283,12282.0,7076.0,546.33,NVIDIA GeForce RTX 4070,[N/A],Enabled,Enabled
1702734705.676898,0,GPU-93ae0c7f-c327-aee3-adae-bc0d1dae71ea,0.24,0.40294740270314283,12282.0,7076.0,546.33,NVIDIA GeForce RTX 4070,[N/A],Enabled,Enabled
1702734706.676882,0,GPU-93ae0c7f-c327-aee3-adae-bc0d1dae71ea,0.24,0.40294740270314283,12282.0,7076.0,546.33,NVIDIA GeForce RTX 4070,[N/A],Enabled,Enabled
1702734707.676613,0,GPU-93ae0c7f-c327-aee3-adae-bc0d1dae71ea,0.24,0.40294740270314283,12282.0,7076.0,546.33,NVIDIA GeForce RTX 4070,[N/A],Enabled,Enabled
1702734708.676651,0,GPU-93ae0c7f-c327-aee3-adae-bc0d1dae71ea,0.25,0.40294740270314283,12282.0,7076.0,546.33,NVIDIA GeForce RTX 4070,[N/A],Enabled,Enabled
1702734709.676618,0,GPU-93ae0c7f-c327-aee3-adae-bc0d1dae71ea,0.23,0.40294740270314283,12282.0,7076.0,546.33,NVIDIA GeForce RTX 4070,[N/A],Enabled,Enabled
1702734710.676698,0,GPU-93ae0c7f-c327-aee3-adae-bc0d1dae71ea,0.05,0.40294740270314283,12282.0,7076.0,546.33,NVIDIA GeForce RTX 4070,[N/A],Enabled,Enabled
1702734711.676493,0,GPU-93ae0c7f-c327-aee3-adae-bc0d1dae71ea,0.09,0.40294740270314283,12282.0,7076.0,546.33,NVIDIA GeForce RTX 4070,[N/A],Enabled,Enabled
1702734712.676614,0,GPU-93ae0c7f-c327-aee3-adae-bc0d1dae71ea,0.05,0.40294740270314283,12282.0,7076.0,546.33,NVIDIA GeForce RTX 4070,[N/A],Enabled,Enabled
1702734713.676679,0,GPU-93ae0c7f-c327-aee3-adae-bc0d1dae71ea,0.05,0.40294740270314283,12282.0,7076.0,546.33,NVIDIA GeForce RTX 4070,[N/A],Enabled,Enabled
1702734714.676326,0,GPU-93ae0c7f-c327-aee3-adae-bc0d1dae71ea,0.04,0.40294740270314283,12282.0,7076.0,546.33,NVIDIA GeForce RTX 4070,[N/A],Enabled,Enabled
1702734715.676325,0,GPU-93ae0c7f-c327-aee3-adae-bc0d1dae71ea,0.05,0.40294740270314283,12282.0,7076.0,546.33,NVIDIA GeForce RTX 4070,[N/A],Enabled,Enabled
1702734716.676552,0,GPU-93ae0c7f-c327-aee3-adae-bc0d1dae71ea,0.05,0.40294740270314283,12282.0,7076.0,546.33,NVIDIA GeForce RTX 4070,[N/A],Enabled,Enabled
1702734717.676756,0,GPU-93ae0c7f-c327-aee3-adae-bc0d1dae71ea,0.04,0.40294740270314283,12282.0,7076.0,546.33,NVIDIA GeForce RTX 4070,[N/A],Enabled,Enabled
1702734718.676157,0,GPU-93ae0c7f-c327-aee3-adae-bc0d1dae71ea,0.04,0.40294740270314283,12282.0,7076.0,546.33,NVIDIA GeForce RTX 4070,[N/A],Enabled,Enabled
1702734719.676183,0,GPU-93ae0c7f-c327-aee3-adae-bc0d1dae71ea,0.04,0.40294740270314283,12282.0,7076.0,546.33,NVIDIA GeForce RTX 4070,[N/A],Enabled,Enabled
1702734720.677157,0,GPU-93ae0c7f-c327-aee3-adae-bc0d1dae71ea,0.04,0.40294740270314283,12282.0,7076.0,546.33,NVIDIA GeForce RTX 4070,[N/A],Enabled,Enabled
1702734721.677032,0,GPU-93ae0c7f-c327-aee3-adae-bc0d1dae71ea,0.05,0.40294740270314283,12282.0,7076.0,546.33,NVIDIA GeForce RTX 4070,[N/A],Enabled,Enabled
1702734722.677464,0,GPU-93ae0c7f-c327-aee3-adae-bc0d1dae71ea,0.04,0.40294740270314283,12282.0,7076.0,546.33,NVIDIA GeForce RTX 4070,[N/A],Enabled,Enabled
1702734723.677484,0,GPU-93ae0c7f-c327-aee3-adae-bc0d1dae71ea,0.05,0.40294740270314283,12282.0,7076.0,546.33,NVIDIA GeForce RTX 4070,[N/A],Enabled,Enabled
1702734724.676582,0,GPU-93ae0c7f-c327-aee3-adae-bc0d1dae71ea,0.23,0.40294740270314283,12282.0,7076.0,546.33,NVIDIA GeForce RTX 4070,[N/A],Enabled,Enabled
1702734725.67653,0,GPU-93ae0c7f-c327-aee3-adae-bc0d1dae71ea,0.13,0.40294740270314283,12282.0,7076.0,546.33,NVIDIA GeForce RTX 4070,[N/A],Enabled,Enabled
1702734726.677122,0,GPU-93ae0c7f-c327-aee3-adae-bc0d1dae71ea,0.05,0.40294740270314283,12282.0,7076.0,546.33,NVIDIA GeForce RTX 4070,[N/A],Enabled,Enabled
1702734727.676256,0,GPU-93ae0c7f-c327-aee3-adae-bc0d1dae71ea,0.05,0.40294740270314283,12282.0,7076.0,546.33,NVIDIA GeForce RTX 4070,[N/A],Enabled,Enabled
1702734728.676672,0,GPU-93ae0c7f-c327-aee3-adae-bc0d1dae71ea,0.05,0.40294740270314283,12282.0,7076.0,546.33,NVIDIA GeForce RTX 4070,[N/A],Enabled,Enabled
1702734729.676383,0,GPU-93ae0c7f-c327-aee3-adae-bc0d1dae71ea,0.05,0.40294740270314283,12282.0,7076.0,546.33,NVIDIA GeForce RTX 4070,[N/A],Enabled,Enabled
1702734730.676385,0,GPU-93ae0c7f-c327-aee3-adae-bc0d1dae71ea,0.15,0.40294740270314283,12282.0,7076.0,546.33,NVIDIA GeForce RTX 4070,[N/A],Enabled,Enabled
1702734731.676542,0,GPU-93ae0c7f-c327-aee3-adae-bc0d1dae71ea,0.25,0.40294740270314283,12282.0,7076.0,546.33,NVIDIA GeForce RTX 4070,[N/A],Enabled,Enabled
1702734732.676676,0,GPU-93ae0c7f-c327-aee3-adae-bc0d1dae71ea,0.12,0.40294740270314283,12282.0,7076.0,546.33,NVIDIA GeForce RTX 4070,[N/A],Enabled,Enabled
1702734733.676674,0,GPU-93ae0c7f-c327-aee3-adae-bc0d1dae71ea,0.12,0.40294740270314283,12282.0,7076.0,546.33,NVIDIA GeForce RTX 4070,[N/A],Enabled,Enabled
1702734734.676445,0,GPU-93ae0c7f-c327-aee3-adae-bc0d1dae71ea,0.25,0.40294740270314283,12282.0,7076.0,546.33,NVIDIA GeForce RTX 4070,[N/A],Enabled,Enabled
1702734735.676758,0,GPU-93ae0c7f-c327-aee3-adae-bc0d1dae71ea,0.24,0.40294740270314283,12282.0,7076.0,546.33,NVIDIA GeForce RTX 4070,[N/A],Enabled,Enabled
1702734736.677043,0,GPU-93ae0c7f-c327-aee3-adae-bc0d1dae71ea,0.24,0.40294740270314283,12282.0,7076.0,546.33,NVIDIA GeForce RTX 4070,[N/A],Enabled,Enabled
1702734737.676672,0,GPU-93ae0c7f-c327-aee3-adae-bc0d1dae71ea,0.24,0.40294740270314283,12282.0,7076.0,546.33,NVIDIA GeForce RTX 4070,[N/A],Enabled,Enabled
1702734738.676425,0,GPU-93ae0c7f-c327-aee3-adae-bc0d1dae71ea,0.05,0.40294740270314283,12282.0,7076.0,546.33,NVIDIA GeForce RTX 4070,[N/A],Enabled,Enabled
1702734739.677155,0,GPU-93ae0c7f-c327-aee3-adae-bc0d1dae71ea,0.05,0.40294740270314283,12282.0,7076.0,546.33,NVIDIA GeForce RTX 4070,[N/A],Enabled,Enabled
1702734740.676762,0,GPU-93ae0c7f-c327-aee3-adae-bc0d1dae71ea,0.11,0.40294740270314283,12282.0,7076.0,546.33,NVIDIA GeForce RTX 4070,[N/A],Enabled,Enabled
1702734741.676453,0,GPU-93ae0c7f-c327-aee3-adae-bc0d1dae71ea,0.25,0.40294740270314283,12282.0,7076.0,546.33,NVIDIA GeForce RTX 4070,[N/A],Enabled,Enabled
1702734742.676337,0,GPU-93ae0c7f-c327-aee3-adae-bc0d1dae71ea,0.24,0.40294740270314283,12282.0,7076.0,546.33,NVIDIA GeForce RTX 4070,[N/A],Enabled,Enabled
1702734743.676626,0,GPU-93ae0c7f-c327-aee3-adae-bc0d1dae71ea,0.11,0.40294740270314283,12282.0,7076.0,546.33,NVIDIA GeForce RTX 4070,[N/A],Enabled,Enabled
1702734744.677126,0,GPU-93ae0c7f-c327-aee3-adae-bc0d1dae71ea,0.06,0.40294740270314283,12282.0,7076.0,546.33,NVIDIA GeForce RTX 4070,[N/A],Enabled,Enabled
1702734745.677134,0,GPU-93ae0c7f-c327-aee3-adae-bc0d1dae71ea,0.05,0.40294740270314283,12282.0,7076.0,546.33,NVIDIA GeForce RTX 4070,[N/A],Enabled,Enabled
1702734746.676408,0,GPU-93ae0c7f-c327-aee3-adae-bc0d1dae71ea,0.05,0.40294740270314283,12282.0,7076.0,546.33,NVIDIA GeForce RTX 4070,[N/A],Enabled,Enabled
1702734747.676787,0,GPU-93ae0c7f-c327-aee3-adae-bc0d1dae71ea,0.05,0.40294740270314283,12282.0,7076.0,546.33,NVIDIA GeForce RTX 4070,[N/A],Enabled,Enabled
1702734748.676816,0,GPU-93ae0c7f-c327-aee3-adae-bc0d1dae71ea,0.05,0.40294740270314283,12282.0,7076.0,546.33,NVIDIA GeForce RTX 4070,[N/A],Enabled,Enabled
1702734749.677179,0,GPU-93ae0c7f-c327-aee3-adae-bc0d1dae71ea,0.11,0.40294740270314283,12282.0,7076.0,546.33,NVIDIA GeForce RTX 4070,[N/A],Enabled,Enabled
1702734750.677447,0,GPU-93ae0c7f-c327-aee3-adae-bc0d1dae71ea,0.07,0.40294740270314283,12282.0,7076.0,546.33,NVIDIA GeForce RTX 4070,[N/A],Enabled,Enabled
1702734751.676862,0,GPU-93ae0c7f-c327-aee3-adae-bc0d1dae71ea,0.05,0.40294740270314283,12282.0,7076.0,546.33,NVIDIA GeForce RTX 4070,[N/A],Enabled,Enabled
1702734752.676925,0,GPU-93ae0c7f-c327-aee3-adae-bc0d1dae71ea,0.08,0.40294740270314283,12282.0,7076.0,546.33,NVIDIA GeForce RTX 4070,[N/A],Enabled,Enabled
1702734753.677042,0,GPU-93ae0c7f-c327-aee3-adae-bc0d1dae71ea,0.05,0.40294740270314283,12282.0,7076.0,546.33,NVIDIA GeForce RTX 4070,[N/A],Enabled,Enabled
1702734754.676124,0,GPU-93ae0c7f-c327-aee3-adae-bc0d1dae71ea,0.08,0.40294740270314283,12282.0,7076.0,546.33,NVIDIA GeForce RTX 4070,[N/A],Enabled,Enabled
1702734755.676814,0,GPU-93ae0c7f-c327-aee3-adae-bc0d1dae71ea,0.05,0.40294740270314283,12282.0,7076.0,546.33,NVIDIA GeForce RTX 4070,[N/A],Enabled,Enabled
1702734756.676524,0,GPU-93ae0c7f-c327-aee3-adae-bc0d1dae71ea,0.05,0.40294740270314283,12282.0,7076.0,546.33,NVIDIA GeForce RTX 4070,[N/A],Enabled,Enabled
1702734757.676379,0,GPU-93ae0c7f-c327-aee3-adae-bc0d1dae71ea,0.05,0.40294740270314283,12282.0,7076.0,546.33,NVIDIA GeForce RTX 4070,[N/A],Enabled,Enabled
1702734758.676826,0,GPU-93ae0c7f-c327-aee3-adae-bc0d1dae71ea,0.12,0.40294740270314283,12282.0,7076.0,546.33,NVIDIA GeForce RTX 4070,[N/A],Enabled,Enabled
1702734759.676241,0,GPU-93ae0c7f-c327-aee3-adae-bc0d1dae71ea,0.05,0.40294740270314283,12282.0,7076.0,546.33,NVIDIA GeForce RTX 4070,[N/A],Enabled,Enabled
1702734760.67651,0,GPU-93ae0c7f-c327-aee3-adae-bc0d1dae71ea,0.05,0.40294740270314283,12282.0,7076.0,546.33,NVIDIA GeForce RTX 4070,[N/A],Enabled,Enabled
1702734761.677205,0,GPU-93ae0c7f-c327-aee3-adae-bc0d1dae71ea,0.05,0.40294740270314283,12282.0,7076.0,546.33,NVIDIA GeForce RTX 4070,[N/A],Enabled,Enabled
1702734762.676433,0,GPU-93ae0c7f-c327-aee3-adae-bc0d1dae71ea,0.05,0.40294740270314283,12282.0,7076.0,546.33,NVIDIA GeForce RTX 4070,[N/A],Enabled,Enabled
1702734763.676947,0,GPU-93ae0c7f-c327-aee3-adae-bc0d1dae71ea,0.04,0.40294740270314283,12282.0,7076.0,546.33,NVIDIA GeForce RTX 4070,[N/A],Enabled,Enabled
1702734764.677333,0,GPU-93ae0c7f-c327-aee3-adae-bc0d1dae71ea,0.04,0.40294740270314283,12282.0,7076.0,546.33,NVIDIA GeForce RTX 4070,[N/A],Enabled,Enabled
1702734765.676592,0,GPU-93ae0c7f-c327-aee3-adae-bc0d1dae71ea,0.04,0.40294740270314283,12282.0,7076.0,546.33,NVIDIA GeForce RTX 4070,[N/A],Enabled,Enabled
1702734766.677005,0,GPU-93ae0c7f-c327-aee3-adae-bc0d1dae71ea,0.11,0.40294740270314283,12282.0,7076.0,546.33,NVIDIA GeForce RTX 4070,[N/A],Enabled,Enabled
1702734767.676617,0,GPU-93ae0c7f-c327-aee3-adae-bc0d1dae71ea,0.04,0.40294740270314283,12282.0,7076.0,546.33,NVIDIA GeForce RTX 4070,[N/A],Enabled,Enabled
1702734768.676532,0,GPU-93ae0c7f-c327-aee3-adae-bc0d1dae71ea,0.04,0.40294740270314283,12282.0,7076.0,546.33,NVIDIA GeForce RTX 4070,[N/A],Enabled,Enabled
1702734769.67658,0,GPU-93ae0c7f-c327-aee3-adae-bc0d1dae71ea,0.04,0.40294740270314283,12282.0,7076.0,546.33,NVIDIA GeForce RTX 4070,[N/A],Enabled,Enabled
1702734770.676331,0,GPU-93ae0c7f-c327-aee3-adae-bc0d1dae71ea,0.08,0.40294740270314283,12282.0,7076.0,546.33,NVIDIA GeForce RTX 4070,[N/A],Enabled,Enabled
1702734771.676396,0,GPU-93ae0c7f-c327-aee3-adae-bc0d1dae71ea,0.04,0.40294740270314283,12282.0,7076.0,546.33,NVIDIA GeForce RTX 4070,[N/A],Enabled,Enabled
1702734772.676097,0,GPU-93ae0c7f-c327-aee3-adae-bc0d1dae71ea,0.04,0.40294740270314283,12282.0,7076.0,546.33,NVIDIA GeForce RTX 4070,[N/A],Enabled,Enabled
1702734773.676252,0,GPU-93ae0c7f-c327-aee3-adae-bc0d1dae71ea,0.11,0.40294740270314283,12282.0,7076.0,546.33,NVIDIA GeForce RTX 4070,[N/A],Enabled,Enabled
1702734774.676957,0,GPU-93ae0c7f-c327-aee3-adae-bc0d1dae71ea,0.04,0.40294740270314283,12282.0,7076.0,546.33,NVIDIA GeForce RTX 4070,[N/A],Enabled,Enabled
1702734775.676959,0,GPU-93ae0c7f-c327-aee3-adae-bc0d1dae71ea,0.11,0.40294740270314283,12282.0,7076.0,546.33,NVIDIA GeForce RTX 4070,[N/A],Enabled,Enabled
1702734776.676377,0,GPU-93ae0c7f-c327-aee3-adae-bc0d1dae71ea,0.05,0.40294740270314283,12282.0,7076.0,546.33,NVIDIA GeForce RTX 4070,[N/A],Enabled,Enabled
1702734777.676382,0,GPU-93ae0c7f-c327-aee3-adae-bc0d1dae71ea,0.04,0.40294740270314283,12282.0,7076.0,546.33,NVIDIA GeForce RTX 4070,[N/A],Enabled,Enabled
1702734778.677219,0,GPU-93ae0c7f-c327-aee3-adae-bc0d1dae71ea,0.04,0.40294740270314283,12282.0,7076.0,546.33,NVIDIA GeForce RTX 4070,[N/A],Enabled,Enabled
1702734779.676233,0,GPU-93ae0c7f-c327-aee3-adae-bc0d1dae71ea,0.04,0.40294740270314283,12282.0,7076.0,546.33,NVIDIA GeForce RTX 4070,[N/A],Enabled,Enabled
1702734780.676421,0,GPU-93ae0c7f-c327-aee3-adae-bc0d1dae71ea,0.04,0.40294740270314283,12282.0,7076.0,546.33,NVIDIA GeForce RTX 4070,[N/A],Enabled,Enabled
1702734781.676905,0,GPU-93ae0c7f-c327-aee3-adae-bc0d1dae71ea,0.06,0.40294740270314283,12282.0,7076.0,546.33,NVIDIA GeForce RTX 4070,[N/A],Enabled,Enabled
1702734782.676725,0,GPU-93ae0c7f-c327-aee3-adae-bc0d1dae71ea,0.05,0.40294740270314283,12282.0,7076.0,546.33,NVIDIA GeForce RTX 4070,[N/A],Enabled,Enabled
1702734783.676578,0,GPU-93ae0c7f-c327-aee3-adae-bc0d1dae71ea,0.05,0.40294740270314283,12282.0,7076.0,546.33,NVIDIA GeForce RTX 4070,[N/A],Enabled,Enabled
1702734784.677016,0,GPU-93ae0c7f-c327-aee3-adae-bc0d1dae71ea,0.12,0.40294740270314283,12282.0,7076.0,546.33,NVIDIA GeForce RTX 4070,[N/A],Enabled,Enabled
1702734785.676327,0,GPU-93ae0c7f-c327-aee3-adae-bc0d1dae71ea,0.09,0.40294740270314283,12282.0,7076.0,546.33,NVIDIA GeForce RTX 4070,[N/A],Enabled,Enabled
1702734786.676794,0,GPU-93ae0c7f-c327-aee3-adae-bc0d1dae71ea,0.04,0.40294740270314283,12282.0,7076.0,546.33,NVIDIA GeForce RTX 4070,[N/A],Enabled,Enabled
1702734787.676858,0,GPU-93ae0c7f-c327-aee3-adae-bc0d1dae71ea,0.04,0.40294740270314283,12282.0,7076.0,546.33,NVIDIA GeForce RTX 4070,[N/A],Enabled,Enabled
1702734788.67647,0,GPU-93ae0c7f-c327-aee3-adae-bc0d1dae71ea,0.25,0.40294740270314283,12282.0,7076.0,546.33,NVIDIA GeForce RTX 4070,[N/A],Enabled,Enabled
1702734789.677575,0,GPU-93ae0c7f-c327-aee3-adae-bc0d1dae71ea,0.24,0.40294740270314283,12282.0,7076.0,546.33,NVIDIA GeForce RTX 4070,[N/A],Enabled,Enabled
1702734790.676824,0,GPU-93ae0c7f-c327-aee3-adae-bc0d1dae71ea,0.05,0.40294740270314283,12282.0,7076.0,546.33,NVIDIA GeForce RTX 4070,[N/A],Enabled,Enabled
1702734791.676629,0,GPU-93ae0c7f-c327-aee3-adae-bc0d1dae71ea,0.05,0.40294740270314283,12282.0,7076.0,546.33,NVIDIA GeForce RTX 4070,[N/A],Enabled,Enabled
1702734792.676577,0,GPU-93ae0c7f-c327-aee3-adae-bc0d1dae71ea,0.11,0.40294740270314283,12282.0,7076.0,546.33,NVIDIA GeForce RTX 4070,[N/A],Enabled,Enabled
1702734793.677564,0,GPU-93ae0c7f-c327-aee3-adae-bc0d1dae71ea,0.24,0.40294740270314283,12282.0,7076.0,546.33,NVIDIA GeForce RTX 4070,[N/A],Enabled,Enabled
1702734794.676658,0,GPU-93ae0c7f-c327-aee3-adae-bc0d1dae71ea,0.11,0.40294740270314283,12282.0,7076.0,546.33,NVIDIA GeForce RTX 4070,[N/A],Enabled,Enabled
1702734795.677131,0,GPU-93ae0c7f-c327-aee3-adae-bc0d1dae71ea,0.04,0.40294740270314283,12282.0,7076.0,546.33,NVIDIA GeForce RTX 4070,[N/A],Enabled,Enabled
1702734796.676365,0,GPU-93ae0c7f-c327-aee3-adae-bc0d1dae71ea,0.04,0.40294740270314283,12282.0,7076.0,546.33,NVIDIA GeForce RTX 4070,[N/A],Enabled,Enabled
1702734797.676056,0,GPU-93ae0c7f-c327-aee3-adae-bc0d1dae71ea,0.05,0.40294740270314283,12282.0,7076.0,546.33,NVIDIA GeForce RTX 4070,[N/A],Enabled,Enabled
1702734798.676423,0,GPU-93ae0c7f-c327-aee3-adae-bc0d1dae71ea,0.18,0.40294740270314283,12282.0,7076.0,546.33,NVIDIA GeForce RTX 4070,[N/A],Enabled,Enabled
1702734799.677371,0,GPU-93ae0c7f-c327-aee3-adae-bc0d1dae71ea,0.25,0.40294740270314283,12282.0,7076.0,546.33,NVIDIA GeForce RTX 4070,[N/A],Enabled,Enabled
1702734800.67673,0,GPU-93ae0c7f-c327-aee3-adae-bc0d1dae71ea,0.23,0.40294740270314283,12282.0,7076.0,546.33,NVIDIA GeForce RTX 4070,[N/A],Enabled,Enabled
1702734801.676222,0,GPU-93ae0c7f-c327-aee3-adae-bc0d1dae71ea,0.04,0.40294740270314283,12282.0,7076.0,546.33,NVIDIA GeForce RTX 4070,[N/A],Enabled,Enabled
1702734802.676322,0,GPU-93ae0c7f-c327-aee3-adae-bc0d1dae71ea,0.04,0.40294740270314283,12282.0,7076.0,546.33,NVIDIA GeForce RTX 4070,[N/A],Enabled,Enabled
1702734803.676318,0,GPU-93ae0c7f-c327-aee3-adae-bc0d1dae71ea,0.06,0.4032730825598437,12282.0,7072.0,546.33,NVIDIA GeForce RTX 4070,[N/A],Enabled,Enabled
1702734804.6768,0,GPU-93ae0c7f-c327-aee3-adae-bc0d1dae71ea,0.07,0.4032730825598437,12282.0,7072.0,546.33,NVIDIA GeForce RTX 4070,[N/A],Enabled,Enabled
1702734805.676943,0,GPU-93ae0c7f-c327-aee3-adae-bc0d1dae71ea,0.04,0.4032730825598437,12282.0,7072.0,546.33,NVIDIA GeForce RTX 4070,[N/A],Enabled,Enabled
1702734806.676858,0,GPU-93ae0c7f-c327-aee3-adae-bc0d1dae71ea,0.04,0.4032730825598437,12282.0,7072.0,546.33,NVIDIA GeForce RTX 4070,[N/A],Enabled,Enabled
1702734807.677052,0,GPU-93ae0c7f-c327-aee3-adae-bc0d1dae71ea,0.03,0.4032730825598437,12282.0,7072.0,546.33,NVIDIA GeForce RTX 4070,[N/A],Enabled,Enabled
1702734808.677195,0,GPU-93ae0c7f-c327-aee3-adae-bc0d1dae71ea,0.04,0.4032730825598437,12282.0,7072.0,546.33,NVIDIA GeForce RTX 4070,[N/A],Enabled,Enabled
1702734809.67643,0,GPU-93ae0c7f-c327-aee3-adae-bc0d1dae71ea,0.05,0.4032730825598437,12282.0,7072.0,546.33,NVIDIA GeForce RTX 4070,[N/A],Enabled,Enabled
1702734810.676703,0,GPU-93ae0c7f-c327-aee3-adae-bc0d1dae71ea,0.07,0.2205666829506595,12282.0,9316.0,546.33,NVIDIA GeForce RTX 4070,[N/A],Enabled,Enabled
1702734811.676755,0,GPU-93ae0c7f-c327-aee3-adae-bc0d1dae71ea,0.16,0.22195082234163818,12282.0,9299.0,546.33,NVIDIA GeForce RTX 4070,[N/A],Enabled,Enabled
1702734812.676269,0,GPU-93ae0c7f-c327-aee3-adae-bc0d1dae71ea,0.14,0.22195082234163818,12282.0,9299.0,546.33,NVIDIA GeForce RTX 4070,[N/A],Enabled,Enabled
