timestamp,id,uuid,load,memoryUtil,memoryTotal,memoryUsed,memoryFree,driver,name,serial,display_mode,display_active
1701797044.896182,0,GPU-93ae0c7f-c327-aee3-adae-bc0d1dae71ea,0.17,0.7918091516039732,12282.0,2300.0,546.29,NVIDIA GeForce RTX 4070,[N/A],Enabled,Enabled
1701797045.892287,0,GPU-93ae0c7f-c327-aee3-adae-bc0d1dae71ea,0.13,0.8820224719101124,12282.0,1192.0,546.29,NVIDIA GeForce RTX 4070,[N/A],Enabled,Enabled
1701797046.892342,0,GPU-93ae0c7f-c327-aee3-adae-bc0d1dae71ea,0.07,0.8497801660967269,12282.0,1588.0,546.29,NVIDIA GeForce RTX 4070,[N/A],Enabled,Enabled
1701797047.892272,0,GPU-93ae0c7f-c327-aee3-adae-bc0d1dae71ea,0.07,0.8497801660967269,12282.0,1588.0,546.29,NVIDIA GeForce RTX 4070,[N/A],Enabled,Enabled
1701797048.892796,0,GPU-93ae0c7f-c327-aee3-adae-bc0d1dae71ea,0.08,0.778130597622537,12282.0,2468.0,546.29,NVIDIA GeForce RTX 4070,[N/A],Enabled,Enabled
1701797049.89243,0,GPU-93ae0c7f-c327-aee3-adae-bc0d1dae71ea,0.26,0.9322585898062205,12282.0,575.0,546.29,NVIDIA GeForce RTX 4070,[N/A],Enabled,Enabled
1701797050.892316,0,GPU-93ae0c7f-c327-aee3-adae-bc0d1dae71ea,0.49,0.8849535906204201,12282.0,1156.0,546.29,NVIDIA GeForce RTX 4070,[N/A],Enabled,Enabled
1701797051.892553,0,GPU-93ae0c7f-c327-aee3-adae-bc0d1dae71ea,0.7,0.932828529555447,12282.0,568.0,546.29,NVIDIA GeForce RTX 4070,[N/A],Enabled,Enabled
1701797052.892002,0,GPU-93ae0c7f-c327-aee3-adae-bc0d1dae71ea,0.81,0.8662269988601206,12282.0,1386.0,546.29,NVIDIA GeForce RTX 4070,[N/A],Enabled,Enabled
1701797053.893025,0,GPU-93ae0c7f-c327-aee3-adae-bc0d1dae71ea,0.17,0.9285132714541605,12282.0,621.0,546.29,NVIDIA GeForce RTX 4070,[N/A],Enabled,Enabled
1701797054.891916,0,GPU-93ae0c7f-c327-aee3-adae-bc0d1dae71ea,0.18,0.9284318514899853,12282.0,622.0,546.29,NVIDIA GeForce RTX 4070,[N/A],Enabled,Enabled
1701797055.892487,0,GPU-93ae0c7f-c327-aee3-adae-bc0d1dae71ea,0.18,0.9282690115616349,12282.0,624.0,546.29,NVIDIA GeForce RTX 4070,[N/A],Enabled,Enabled
1701797056.892022,0,GPU-93ae0c7f-c327-aee3-adae-bc0d1dae71ea,0.16,0.9282690115616349,12282.0,624.0,546.29,NVIDIA GeForce RTX 4070,[N/A],Enabled,Enabled
1701797057.891942,0,GPU-93ae0c7f-c327-aee3-adae-bc0d1dae71ea,0.17,0.9282690115616349,12282.0,624.0,546.29,NVIDIA GeForce RTX 4070,[N/A],Enabled,Enabled
1701797058.892148,0,GPU-93ae0c7f-c327-aee3-adae-bc0d1dae71ea,0.22,0.9282690115616349,12282.0,624.0,546.29,NVIDIA GeForce RTX 4070,[N/A],Enabled,Enabled
1701797059.892927,0,GPU-93ae0c7f-c327-aee3-adae-bc0d1dae71ea,0.24,0.9282690115616349,12282.0,624.0,546.29,NVIDIA GeForce RTX 4070,[N/A],Enabled,Enabled
1701797060.892276,0,GPU-93ae0c7f-c327-aee3-adae-bc0d1dae71ea,0.29,0.9285946914183357,12282.0,620.0,546.29,NVIDIA GeForce RTX 4070,[N/A],Enabled,Enabled
1701797061.892791,0,GPU-93ae0c7f-c327-aee3-adae-bc0d1dae71ea,1.0,0.9341312489822504,12282.0,552.0,546.29,NVIDIA GeForce RTX 4070,[N/A],Enabled,Enabled
1701797062.892182,0,GPU-93ae0c7f-c327-aee3-adae-bc0d1dae71ea,0.18,0.9339684090539,12282.0,554.0,546.29,NVIDIA GeForce RTX 4070,[N/A],Enabled,Enabled
1701797063.892996,0,GPU-93ae0c7f-c327-aee3-adae-bc0d1dae71ea,0.17,0.9339684090539,12282.0,554.0,546.29,NVIDIA GeForce RTX 4070,[N/A],Enabled,Enabled
1701797064.892977,0,GPU-93ae0c7f-c327-aee3-adae-bc0d1dae71ea,0.25,0.9339684090539,12282.0,554.0,546.29,NVIDIA GeForce RTX 4070,[N/A],Enabled,Enabled
1701797065.891867,0,GPU-93ae0c7f-c327-aee3-adae-bc0d1dae71ea,0.26,0.9297345709167888,12282.0,606.0,546.29,NVIDIA GeForce RTX 4070,[N/A],Enabled,Enabled
1701797066.892834,0,GPU-93ae0c7f-c327-aee3-adae-bc0d1dae71ea,0.26,0.9296531509526136,12282.0,607.0,546.29,NVIDIA GeForce RTX 4070,[N/A],Enabled,Enabled
1701797067.892891,0,GPU-93ae0c7f-c327-aee3-adae-bc0d1dae71ea,0.28,0.9293274710959127,12282.0,611.0,546.29,NVIDIA GeForce RTX 4070,[N/A],Enabled,Enabled
1701797068.892882,0,GPU-93ae0c7f-c327-aee3-adae-bc0d1dae71ea,0.26,0.9336427291971992,12282.0,558.0,546.29,NVIDIA GeForce RTX 4070,[N/A],Enabled,Enabled
1701797069.893115,0,GPU-93ae0c7f-c327-aee3-adae-bc0d1dae71ea,0.27,0.9293274710959127,12282.0,611.0,546.29,NVIDIA GeForce RTX 4070,[N/A],Enabled,Enabled
1701797070.892999,0,GPU-93ae0c7f-c327-aee3-adae-bc0d1dae71ea,0.25,0.9293274710959127,12282.0,611.0,546.29,NVIDIA GeForce RTX 4070,[N/A],Enabled,Enabled
1701797071.892702,0,GPU-93ae0c7f-c327-aee3-adae-bc0d1dae71ea,0.27,0.9293274710959127,12282.0,611.0,546.29,NVIDIA GeForce RTX 4070,[N/A],Enabled,Enabled
1701797072.892686,0,GPU-93ae0c7f-c327-aee3-adae-bc0d1dae71ea,0.27,0.9336427291971992,12282.0,558.0,546.29,NVIDIA GeForce RTX 4070,[N/A],Enabled,Enabled
1701797073.892825,0,GPU-93ae0c7f-c327-aee3-adae-bc0d1dae71ea,0.25,0.9293274710959127,12282.0,611.0,546.29,NVIDIA GeForce RTX 4070,[N/A],Enabled,Enabled
1701797074.892435,0,GPU-93ae0c7f-c327-aee3-adae-bc0d1dae71ea,0.25,0.9293274710959127,12282.0,611.0,546.29,NVIDIA GeForce RTX 4070,[N/A],Enabled,Enabled
1701797075.892733,0,GPU-93ae0c7f-c327-aee3-adae-bc0d1dae71ea,0.26,0.9293274710959127,12282.0,611.0,546.29,NVIDIA GeForce RTX 4070,[N/A],Enabled,Enabled
1701797076.892552,0,GPU-93ae0c7f-c327-aee3-adae-bc0d1dae71ea,0.29,0.9333984693046735,12282.0,561.0,546.29,NVIDIA GeForce RTX 4070,[N/A],Enabled,Enabled
1701797077.8923,0,GPU-93ae0c7f-c327-aee3-adae-bc0d1dae71ea,0.28,0.9333984693046735,12282.0,561.0,546.29,NVIDIA GeForce RTX 4070,[N/A],Enabled,Enabled
1701797078.892693,0,GPU-93ae0c7f-c327-aee3-adae-bc0d1dae71ea,0.31,0.9334798892688487,12282.0,560.0,546.29,NVIDIA GeForce RTX 4070,[N/A],Enabled,Enabled
1701797079.892598,0,GPU-93ae0c7f-c327-aee3-adae-bc0d1dae71ea,0.35,0.9334798892688487,12282.0,560.0,546.29,NVIDIA GeForce RTX 4070,[N/A],Enabled,Enabled
1701797080.892853,0,GPU-93ae0c7f-c327-aee3-adae-bc0d1dae71ea,0.38,0.9334798892688487,12282.0,560.0,546.29,NVIDIA GeForce RTX 4070,[N/A],Enabled,Enabled
1701797081.891861,0,GPU-93ae0c7f-c327-aee3-adae-bc0d1dae71ea,0.42,0.9334798892688487,12282.0,560.0,546.29,NVIDIA GeForce RTX 4070,[N/A],Enabled,Enabled
1701797082.893017,0,GPU-93ae0c7f-c327-aee3-adae-bc0d1dae71ea,0.39,0.9334798892688487,12282.0,560.0,546.29,NVIDIA GeForce RTX 4070,[N/A],Enabled,Enabled
1701797083.891925,0,GPU-93ae0c7f-c327-aee3-adae-bc0d1dae71ea,0.39,0.9334798892688487,12282.0,560.0,546.29,NVIDIA GeForce RTX 4070,[N/A],Enabled,Enabled
1701797084.89347,0,GPU-93ae0c7f-c327-aee3-adae-bc0d1dae71ea,0.34,0.9334798892688487,12282.0,560.0,546.29,NVIDIA GeForce RTX 4070,[N/A],Enabled,Enabled
1701797085.893043,0,GPU-93ae0c7f-c327-aee3-adae-bc0d1dae71ea,0.4,0.9334798892688487,12282.0,560.0,546.29,NVIDIA GeForce RTX 4070,[N/A],Enabled,Enabled
1701797086.893087,0,GPU-93ae0c7f-c327-aee3-adae-bc0d1dae71ea,0.37,0.9334798892688487,12282.0,560.0,546.29,NVIDIA GeForce RTX 4070,[N/A],Enabled,Enabled
1701797087.892096,0,GPU-93ae0c7f-c327-aee3-adae-bc0d1dae71ea,0.39,0.9334798892688487,12282.0,560.0,546.29,NVIDIA GeForce RTX 4070,[N/A],Enabled,Enabled
1701797088.892965,0,GPU-93ae0c7f-c327-aee3-adae-bc0d1dae71ea,0.38,0.9331542094121479,12282.0,564.0,546.29,NVIDIA GeForce RTX 4070,[N/A],Enabled,Enabled
1701797089.892433,0,GPU-93ae0c7f-c327-aee3-adae-bc0d1dae71ea,0.35,0.9330727894479727,12282.0,565.0,546.29,NVIDIA GeForce RTX 4070,[N/A],Enabled,Enabled
1701797090.89284,0,GPU-93ae0c7f-c327-aee3-adae-bc0d1dae71ea,0.37,0.9330727894479727,12282.0,565.0,546.29,NVIDIA GeForce RTX 4070,[N/A],Enabled,Enabled
1701797091.892231,0,GPU-93ae0c7f-c327-aee3-adae-bc0d1dae71ea,0.36,0.9330727894479727,12282.0,565.0,546.29,NVIDIA GeForce RTX 4070,[N/A],Enabled,Enabled
1701797092.892529,0,GPU-93ae0c7f-c327-aee3-adae-bc0d1dae71ea,0.38,0.932828529555447,12282.0,568.0,546.29,NVIDIA GeForce RTX 4070,[N/A],Enabled,Enabled
1701797093.892075,0,GPU-93ae0c7f-c327-aee3-adae-bc0d1dae71ea,0.37,0.932828529555447,12282.0,568.0,546.29,NVIDIA GeForce RTX 4070,[N/A],Enabled,Enabled
1701797094.892105,0,GPU-93ae0c7f-c327-aee3-adae-bc0d1dae71ea,0.36,0.932828529555447,12282.0,568.0,546.29,NVIDIA GeForce RTX 4070,[N/A],Enabled,Enabled
1701797095.892727,0,GPU-93ae0c7f-c327-aee3-adae-bc0d1dae71ea,0.4,0.932828529555447,12282.0,568.0,546.29,NVIDIA GeForce RTX 4070,[N/A],Enabled,Enabled
1701797096.89298,0,GPU-93ae0c7f-c327-aee3-adae-bc0d1dae71ea,0.38,0.932828529555447,12282.0,568.0,546.29,NVIDIA GeForce RTX 4070,[N/A],Enabled,Enabled
1701797097.893051,0,GPU-93ae0c7f-c327-aee3-adae-bc0d1dae71ea,0.4,0.932828529555447,12282.0,568.0,546.29,NVIDIA GeForce RTX 4070,[N/A],Enabled,Enabled
1701797098.892595,0,GPU-93ae0c7f-c327-aee3-adae-bc0d1dae71ea,0.38,0.932828529555447,12282.0,568.0,546.29,NVIDIA GeForce RTX 4070,[N/A],Enabled,Enabled
1701797099.892995,0,GPU-93ae0c7f-c327-aee3-adae-bc0d1dae71ea,0.41,0.932828529555447,12282.0,568.0,546.29,NVIDIA GeForce RTX 4070,[N/A],Enabled,Enabled
1701797100.893437,0,GPU-93ae0c7f-c327-aee3-adae-bc0d1dae71ea,0.36,0.932828529555447,12282.0,568.0,546.29,NVIDIA GeForce RTX 4070,[N/A],Enabled,Enabled
1701797101.892207,0,GPU-93ae0c7f-c327-aee3-adae-bc0d1dae71ea,0.4,0.932828529555447,12282.0,568.0,546.29,NVIDIA GeForce RTX 4070,[N/A],Enabled,Enabled
1701797102.892533,0,GPU-93ae0c7f-c327-aee3-adae-bc0d1dae71ea,0.39,0.932828529555447,12282.0,568.0,546.29,NVIDIA GeForce RTX 4070,[N/A],Enabled,Enabled
1701797103.892673,0,GPU-93ae0c7f-c327-aee3-adae-bc0d1dae71ea,0.39,0.932828529555447,12282.0,568.0,546.29,NVIDIA GeForce RTX 4070,[N/A],Enabled,Enabled
1701797104.892161,0,GPU-93ae0c7f-c327-aee3-adae-bc0d1dae71ea,0.4,0.932828529555447,12282.0,568.0,546.29,NVIDIA GeForce RTX 4070,[N/A],Enabled,Enabled
1701797105.892728,0,GPU-93ae0c7f-c327-aee3-adae-bc0d1dae71ea,0.41,0.9333170493404983,12282.0,562.0,546.29,NVIDIA GeForce RTX 4070,[N/A],Enabled,Enabled
1701797106.892509,0,GPU-93ae0c7f-c327-aee3-adae-bc0d1dae71ea,0.42,0.9345383488031265,12282.0,547.0,546.29,NVIDIA GeForce RTX 4070,[N/A],Enabled,Enabled
1701797107.892138,0,GPU-93ae0c7f-c327-aee3-adae-bc0d1dae71ea,0.43,0.9345383488031265,12282.0,547.0,546.29,NVIDIA GeForce RTX 4070,[N/A],Enabled,Enabled
1701797108.892649,0,GPU-93ae0c7f-c327-aee3-adae-bc0d1dae71ea,0.36,0.9353525484448787,12282.0,537.0,546.29,NVIDIA GeForce RTX 4070,[N/A],Enabled,Enabled
1701797109.892928,0,GPU-93ae0c7f-c327-aee3-adae-bc0d1dae71ea,0.39,0.9353525484448787,12282.0,537.0,546.29,NVIDIA GeForce RTX 4070,[N/A],Enabled,Enabled
1701797110.892765,0,GPU-93ae0c7f-c327-aee3-adae-bc0d1dae71ea,0.37,0.9350268685881779,12282.0,541.0,546.29,NVIDIA GeForce RTX 4070,[N/A],Enabled,Enabled
1701797111.892503,0,GPU-93ae0c7f-c327-aee3-adae-bc0d1dae71ea,0.38,0.9350268685881779,12282.0,541.0,546.29,NVIDIA GeForce RTX 4070,[N/A],Enabled,Enabled
1701797112.893333,0,GPU-93ae0c7f-c327-aee3-adae-bc0d1dae71ea,0.37,0.9350268685881779,12282.0,541.0,546.29,NVIDIA GeForce RTX 4070,[N/A],Enabled,Enabled
1701797113.892688,0,GPU-93ae0c7f-c327-aee3-adae-bc0d1dae71ea,0.41,0.9350268685881779,12282.0,541.0,546.29,NVIDIA GeForce RTX 4070,[N/A],Enabled,Enabled
1701797114.891958,0,GPU-93ae0c7f-c327-aee3-adae-bc0d1dae71ea,0.35,0.9350268685881779,12282.0,541.0,546.29,NVIDIA GeForce RTX 4070,[N/A],Enabled,Enabled
1701797115.892284,0,GPU-93ae0c7f-c327-aee3-adae-bc0d1dae71ea,0.38,0.9350268685881779,12282.0,541.0,546.29,NVIDIA GeForce RTX 4070,[N/A],Enabled,Enabled
1701797116.892083,0,GPU-93ae0c7f-c327-aee3-adae-bc0d1dae71ea,0.38,0.9350268685881779,12282.0,541.0,546.29,NVIDIA GeForce RTX 4070,[N/A],Enabled,Enabled
1701797117.892934,0,GPU-93ae0c7f-c327-aee3-adae-bc0d1dae71ea,0.39,0.9350268685881779,12282.0,541.0,546.29,NVIDIA GeForce RTX 4070,[N/A],Enabled,Enabled
1701797118.892414,0,GPU-93ae0c7f-c327-aee3-adae-bc0d1dae71ea,0.36,0.9349454486240026,12282.0,542.0,546.29,NVIDIA GeForce RTX 4070,[N/A],Enabled,Enabled
1701797119.892842,0,GPU-93ae0c7f-c327-aee3-adae-bc0d1dae71ea,0.42,0.9349454486240026,12282.0,542.0,546.29,NVIDIA GeForce RTX 4070,[N/A],Enabled,Enabled
1701797120.893379,0,GPU-93ae0c7f-c327-aee3-adae-bc0d1dae71ea,0.35,0.9349454486240026,12282.0,542.0,546.29,NVIDIA GeForce RTX 4070,[N/A],Enabled,Enabled
1701797121.893527,0,GPU-93ae0c7f-c327-aee3-adae-bc0d1dae71ea,0.44,0.9348640286598274,12282.0,543.0,546.29,NVIDIA GeForce RTX 4070,[N/A],Enabled,Enabled
1701797122.892149,0,GPU-93ae0c7f-c327-aee3-adae-bc0d1dae71ea,0.37,0.9348640286598274,12282.0,543.0,546.29,NVIDIA GeForce RTX 4070,[N/A],Enabled,Enabled
1701797123.892057,0,GPU-93ae0c7f-c327-aee3-adae-bc0d1dae71ea,0.36,0.9348640286598274,12282.0,543.0,546.29,NVIDIA GeForce RTX 4070,[N/A],Enabled,Enabled
1701797124.892878,0,GPU-93ae0c7f-c327-aee3-adae-bc0d1dae71ea,0.34,0.9348640286598274,12282.0,543.0,546.29,NVIDIA GeForce RTX 4070,[N/A],Enabled,Enabled
1701797125.892093,0,GPU-93ae0c7f-c327-aee3-adae-bc0d1dae71ea,0.35,0.9353525484448787,12282.0,537.0,546.29,NVIDIA GeForce RTX 4070,[N/A],Enabled,Enabled
1701797126.892864,0,GPU-93ae0c7f-c327-aee3-adae-bc0d1dae71ea,0.38,0.9353525484448787,12282.0,537.0,546.29,NVIDIA GeForce RTX 4070,[N/A],Enabled,Enabled
1701797127.893051,0,GPU-93ae0c7f-c327-aee3-adae-bc0d1dae71ea,0.36,0.9353525484448787,12282.0,537.0,546.29,NVIDIA GeForce RTX 4070,[N/A],Enabled,Enabled
1701797128.893215,0,GPU-93ae0c7f-c327-aee3-adae-bc0d1dae71ea,0.37,0.9353525484448787,12282.0,537.0,546.29,NVIDIA GeForce RTX 4070,[N/A],Enabled,Enabled
1701797129.892067,0,GPU-93ae0c7f-c327-aee3-adae-bc0d1dae71ea,0.41,0.9353525484448787,12282.0,537.0,546.29,NVIDIA GeForce RTX 4070,[N/A],Enabled,Enabled
1701797130.892036,0,GPU-93ae0c7f-c327-aee3-adae-bc0d1dae71ea,0.34,0.9353525484448787,12282.0,537.0,546.29,NVIDIA GeForce RTX 4070,[N/A],Enabled,Enabled
1701797131.892828,0,GPU-93ae0c7f-c327-aee3-adae-bc0d1dae71ea,0.39,0.9353525484448787,12282.0,537.0,546.29,NVIDIA GeForce RTX 4070,[N/A],Enabled,Enabled
1701797132.892574,0,GPU-93ae0c7f-c327-aee3-adae-bc0d1dae71ea,0.39,0.9353525484448787,12282.0,537.0,546.29,NVIDIA GeForce RTX 4070,[N/A],Enabled,Enabled
1701797133.892045,0,GPU-93ae0c7f-c327-aee3-adae-bc0d1dae71ea,0.4,0.9350268685881779,12282.0,541.0,546.29,NVIDIA GeForce RTX 4070,[N/A],Enabled,Enabled
1701797134.892065,0,GPU-93ae0c7f-c327-aee3-adae-bc0d1dae71ea,0.38,0.9350268685881779,12282.0,541.0,546.29,NVIDIA GeForce RTX 4070,[N/A],Enabled,Enabled
1701797135.892804,0,GPU-93ae0c7f-c327-aee3-adae-bc0d1dae71ea,0.37,0.9346197687673018,12282.0,546.0,546.29,NVIDIA GeForce RTX 4070,[N/A],Enabled,Enabled
1701797136.892962,0,GPU-93ae0c7f-c327-aee3-adae-bc0d1dae71ea,0.36,0.9346197687673018,12282.0,546.0,546.29,NVIDIA GeForce RTX 4070,[N/A],Enabled,Enabled
1701797137.891919,0,GPU-93ae0c7f-c327-aee3-adae-bc0d1dae71ea,0.39,0.9346197687673018,12282.0,546.0,546.29,NVIDIA GeForce RTX 4070,[N/A],Enabled,Enabled
1701797138.892975,0,GPU-93ae0c7f-c327-aee3-adae-bc0d1dae71ea,0.37,0.9346197687673018,12282.0,546.0,546.29,NVIDIA GeForce RTX 4070,[N/A],Enabled,Enabled
1701797139.8926,0,GPU-93ae0c7f-c327-aee3-adae-bc0d1dae71ea,0.39,0.9346197687673018,12282.0,546.0,546.29,NVIDIA GeForce RTX 4070,[N/A],Enabled,Enabled
1701797140.892866,0,GPU-93ae0c7f-c327-aee3-adae-bc0d1dae71ea,0.35,0.9345383488031265,12282.0,547.0,546.29,NVIDIA GeForce RTX 4070,[N/A],Enabled,Enabled
1701797141.892535,0,GPU-93ae0c7f-c327-aee3-adae-bc0d1dae71ea,0.4,0.9345383488031265,12282.0,547.0,546.29,NVIDIA GeForce RTX 4070,[N/A],Enabled,Enabled
1701797142.891835,0,GPU-93ae0c7f-c327-aee3-adae-bc0d1dae71ea,0.37,0.9345383488031265,12282.0,547.0,546.29,NVIDIA GeForce RTX 4070,[N/A],Enabled,Enabled
1701797143.893044,0,GPU-93ae0c7f-c327-aee3-adae-bc0d1dae71ea,0.42,0.9345383488031265,12282.0,547.0,546.29,NVIDIA GeForce RTX 4070,[N/A],Enabled,Enabled
1701797144.892913,0,GPU-93ae0c7f-c327-aee3-adae-bc0d1dae71ea,0.36,0.9345383488031265,12282.0,547.0,546.29,NVIDIA GeForce RTX 4070,[N/A],Enabled,Enabled
1701797145.891794,0,GPU-93ae0c7f-c327-aee3-adae-bc0d1dae71ea,0.37,0.9345383488031265,12282.0,547.0,546.29,NVIDIA GeForce RTX 4070,[N/A],Enabled,Enabled
1701797146.893315,0,GPU-93ae0c7f-c327-aee3-adae-bc0d1dae71ea,0.38,0.9345383488031265,12282.0,547.0,546.29,NVIDIA GeForce RTX 4070,[N/A],Enabled,Enabled
1701797147.892464,0,GPU-93ae0c7f-c327-aee3-adae-bc0d1dae71ea,0.37,0.9345383488031265,12282.0,547.0,546.29,NVIDIA GeForce RTX 4070,[N/A],Enabled,Enabled
1701797148.8931,0,GPU-93ae0c7f-c327-aee3-adae-bc0d1dae71ea,0.38,0.9345383488031265,12282.0,547.0,546.29,NVIDIA GeForce RTX 4070,[N/A],Enabled,Enabled
1701797149.892655,0,GPU-93ae0c7f-c327-aee3-adae-bc0d1dae71ea,0.45,0.9345383488031265,12282.0,547.0,546.29,NVIDIA GeForce RTX 4070,[N/A],Enabled,Enabled
1701797150.892621,0,GPU-93ae0c7f-c327-aee3-adae-bc0d1dae71ea,0.35,0.9345383488031265,12282.0,547.0,546.29,NVIDIA GeForce RTX 4070,[N/A],Enabled,Enabled
1701797151.892687,0,GPU-93ae0c7f-c327-aee3-adae-bc0d1dae71ea,0.39,0.9345383488031265,12282.0,547.0,546.29,NVIDIA GeForce RTX 4070,[N/A],Enabled,Enabled
1701797152.892598,0,GPU-93ae0c7f-c327-aee3-adae-bc0d1dae71ea,0.43,0.9345383488031265,12282.0,547.0,546.29,NVIDIA GeForce RTX 4070,[N/A],Enabled,Enabled
1701797153.892999,0,GPU-93ae0c7f-c327-aee3-adae-bc0d1dae71ea,0.36,0.9345383488031265,12282.0,547.0,546.29,NVIDIA GeForce RTX 4070,[N/A],Enabled,Enabled
1701797154.892299,0,GPU-93ae0c7f-c327-aee3-adae-bc0d1dae71ea,0.39,0.9345383488031265,12282.0,547.0,546.29,NVIDIA GeForce RTX 4070,[N/A],Enabled,Enabled
1701797155.892101,0,GPU-93ae0c7f-c327-aee3-adae-bc0d1dae71ea,0.4,0.9345383488031265,12282.0,547.0,546.29,NVIDIA GeForce RTX 4070,[N/A],Enabled,Enabled
1701797156.892994,0,GPU-93ae0c7f-c327-aee3-adae-bc0d1dae71ea,0.38,0.9345383488031265,12282.0,547.0,546.29,NVIDIA GeForce RTX 4070,[N/A],Enabled,Enabled
1701797157.892767,0,GPU-93ae0c7f-c327-aee3-adae-bc0d1dae71ea,0.39,0.9345383488031265,12282.0,547.0,546.29,NVIDIA GeForce RTX 4070,[N/A],Enabled,Enabled
1701797158.892096,0,GPU-93ae0c7f-c327-aee3-adae-bc0d1dae71ea,0.38,0.9345383488031265,12282.0,547.0,546.29,NVIDIA GeForce RTX 4070,[N/A],Enabled,Enabled
1701797159.892302,0,GPU-93ae0c7f-c327-aee3-adae-bc0d1dae71ea,0.4,0.9345383488031265,12282.0,547.0,546.29,NVIDIA GeForce RTX 4070,[N/A],Enabled,Enabled
1701797160.892411,0,GPU-93ae0c7f-c327-aee3-adae-bc0d1dae71ea,0.35,0.9345383488031265,12282.0,547.0,546.29,NVIDIA GeForce RTX 4070,[N/A],Enabled,Enabled
1701797161.892844,0,GPU-93ae0c7f-c327-aee3-adae-bc0d1dae71ea,0.38,0.9345383488031265,12282.0,547.0,546.29,NVIDIA GeForce RTX 4070,[N/A],Enabled,Enabled
1701797162.892641,0,GPU-93ae0c7f-c327-aee3-adae-bc0d1dae71ea,0.35,0.9345383488031265,12282.0,547.0,546.29,NVIDIA GeForce RTX 4070,[N/A],Enabled,Enabled
1701797163.892499,0,GPU-93ae0c7f-c327-aee3-adae-bc0d1dae71ea,0.38,0.9345383488031265,12282.0,547.0,546.29,NVIDIA GeForce RTX 4070,[N/A],Enabled,Enabled
1701797164.892399,0,GPU-93ae0c7f-c327-aee3-adae-bc0d1dae71ea,0.37,0.9345383488031265,12282.0,547.0,546.29,NVIDIA GeForce RTX 4070,[N/A],Enabled,Enabled
1701797165.892913,0,GPU-93ae0c7f-c327-aee3-adae-bc0d1dae71ea,0.36,0.9345383488031265,12282.0,547.0,546.29,NVIDIA GeForce RTX 4070,[N/A],Enabled,Enabled
1701797166.891811,0,GPU-93ae0c7f-c327-aee3-adae-bc0d1dae71ea,0.38,0.9345383488031265,12282.0,547.0,546.29,NVIDIA GeForce RTX 4070,[N/A],Enabled,Enabled
1701797167.891786,0,GPU-93ae0c7f-c327-aee3-adae-bc0d1dae71ea,0.35,0.9345383488031265,12282.0,547.0,546.29,NVIDIA GeForce RTX 4070,[N/A],Enabled,Enabled
1701797168.892791,0,GPU-93ae0c7f-c327-aee3-adae-bc0d1dae71ea,0.36,0.9353525484448787,12282.0,537.0,546.29,NVIDIA GeForce RTX 4070,[N/A],Enabled,Enabled
1701797169.893193,0,GPU-93ae0c7f-c327-aee3-adae-bc0d1dae71ea,0.42,0.9353525484448787,12282.0,537.0,546.29,NVIDIA GeForce RTX 4070,[N/A],Enabled,Enabled
1701797170.891937,0,GPU-93ae0c7f-c327-aee3-adae-bc0d1dae71ea,0.38,0.9353525484448787,12282.0,537.0,546.29,NVIDIA GeForce RTX 4070,[N/A],Enabled,Enabled
1701797171.89306,0,GPU-93ae0c7f-c327-aee3-adae-bc0d1dae71ea,0.39,0.9370623676925582,12282.0,516.0,546.29,NVIDIA GeForce RTX 4070,[N/A],Enabled,Enabled
1701797172.89293,0,GPU-93ae0c7f-c327-aee3-adae-bc0d1dae71ea,0.39,0.9370623676925582,12282.0,516.0,546.29,NVIDIA GeForce RTX 4070,[N/A],Enabled,Enabled
1701797173.891857,0,GPU-93ae0c7f-c327-aee3-adae-bc0d1dae71ea,0.4,0.9368181078000326,12282.0,519.0,546.29,NVIDIA GeForce RTX 4070,[N/A],Enabled,Enabled
1701797174.891967,0,GPU-93ae0c7f-c327-aee3-adae-bc0d1dae71ea,0.41,0.936248168050806,12282.0,526.0,546.29,NVIDIA GeForce RTX 4070,[N/A],Enabled,Enabled
1701797175.892958,0,GPU-93ae0c7f-c327-aee3-adae-bc0d1dae71ea,0.4,0.936248168050806,12282.0,526.0,546.29,NVIDIA GeForce RTX 4070,[N/A],Enabled,Enabled
1701797176.892425,0,GPU-93ae0c7f-c327-aee3-adae-bc0d1dae71ea,0.35,0.936248168050806,12282.0,526.0,546.29,NVIDIA GeForce RTX 4070,[N/A],Enabled,Enabled
1701797177.892505,0,GPU-93ae0c7f-c327-aee3-adae-bc0d1dae71ea,0.4,0.936248168050806,12282.0,526.0,546.29,NVIDIA GeForce RTX 4070,[N/A],Enabled,Enabled
1701797178.891994,0,GPU-93ae0c7f-c327-aee3-adae-bc0d1dae71ea,0.36,0.936248168050806,12282.0,526.0,546.29,NVIDIA GeForce RTX 4070,[N/A],Enabled,Enabled
1701797179.892687,0,GPU-93ae0c7f-c327-aee3-adae-bc0d1dae71ea,0.41,0.936248168050806,12282.0,526.0,546.29,NVIDIA GeForce RTX 4070,[N/A],Enabled,Enabled
1701797180.892346,0,GPU-93ae0c7f-c327-aee3-adae-bc0d1dae71ea,0.36,0.936248168050806,12282.0,526.0,546.29,NVIDIA GeForce RTX 4070,[N/A],Enabled,Enabled
1701797181.891969,0,GPU-93ae0c7f-c327-aee3-adae-bc0d1dae71ea,0.39,0.936248168050806,12282.0,526.0,546.29,NVIDIA GeForce RTX 4070,[N/A],Enabled,Enabled
1701797182.892137,0,GPU-93ae0c7f-c327-aee3-adae-bc0d1dae71ea,0.36,0.936248168050806,12282.0,526.0,546.29,NVIDIA GeForce RTX 4070,[N/A],Enabled,Enabled
1701797183.891969,0,GPU-93ae0c7f-c327-aee3-adae-bc0d1dae71ea,0.41,0.936248168050806,12282.0,526.0,546.29,NVIDIA GeForce RTX 4070,[N/A],Enabled,Enabled
1701797184.892829,0,GPU-93ae0c7f-c327-aee3-adae-bc0d1dae71ea,0.42,0.936248168050806,12282.0,526.0,546.29,NVIDIA GeForce RTX 4070,[N/A],Enabled,Enabled
1701797185.892987,0,GPU-93ae0c7f-c327-aee3-adae-bc0d1dae71ea,0.42,0.936248168050806,12282.0,526.0,546.29,NVIDIA GeForce RTX 4070,[N/A],Enabled,Enabled
1701797186.892735,0,GPU-93ae0c7f-c327-aee3-adae-bc0d1dae71ea,0.33,0.936248168050806,12282.0,526.0,546.29,NVIDIA GeForce RTX 4070,[N/A],Enabled,Enabled
1701797187.892896,0,GPU-93ae0c7f-c327-aee3-adae-bc0d1dae71ea,0.38,0.936248168050806,12282.0,526.0,546.29,NVIDIA GeForce RTX 4070,[N/A],Enabled,Enabled
1701797188.892164,0,GPU-93ae0c7f-c327-aee3-adae-bc0d1dae71ea,0.37,0.936248168050806,12282.0,526.0,546.29,NVIDIA GeForce RTX 4070,[N/A],Enabled,Enabled
1701797189.892917,0,GPU-93ae0c7f-c327-aee3-adae-bc0d1dae71ea,0.4,0.936248168050806,12282.0,526.0,546.29,NVIDIA GeForce RTX 4070,[N/A],Enabled,Enabled
1701797190.892966,0,GPU-93ae0c7f-c327-aee3-adae-bc0d1dae71ea,0.35,0.936248168050806,12282.0,526.0,546.29,NVIDIA GeForce RTX 4070,[N/A],Enabled,Enabled
1701797191.892446,0,GPU-93ae0c7f-c327-aee3-adae-bc0d1dae71ea,0.41,0.9361667480866308,12282.0,527.0,546.29,NVIDIA GeForce RTX 4070,[N/A],Enabled,Enabled
1701797192.892677,0,GPU-93ae0c7f-c327-aee3-adae-bc0d1dae71ea,0.42,0.9361667480866308,12282.0,527.0,546.29,NVIDIA GeForce RTX 4070,[N/A],Enabled,Enabled
1701797193.892033,0,GPU-93ae0c7f-c327-aee3-adae-bc0d1dae71ea,0.39,0.9361667480866308,12282.0,527.0,546.29,NVIDIA GeForce RTX 4070,[N/A],Enabled,Enabled
1701797194.892318,0,GPU-93ae0c7f-c327-aee3-adae-bc0d1dae71ea,0.35,0.9361667480866308,12282.0,527.0,546.29,NVIDIA GeForce RTX 4070,[N/A],Enabled,Enabled
1701797195.893038,0,GPU-93ae0c7f-c327-aee3-adae-bc0d1dae71ea,0.42,0.9361667480866308,12282.0,527.0,546.29,NVIDIA GeForce RTX 4070,[N/A],Enabled,Enabled
1701797196.892736,0,GPU-93ae0c7f-c327-aee3-adae-bc0d1dae71ea,0.44,0.9361667480866308,12282.0,527.0,546.29,NVIDIA GeForce RTX 4070,[N/A],Enabled,Enabled
1701797197.893208,0,GPU-93ae0c7f-c327-aee3-adae-bc0d1dae71ea,0.42,0.9361667480866308,12282.0,527.0,546.29,NVIDIA GeForce RTX 4070,[N/A],Enabled,Enabled
1701797198.892467,0,GPU-93ae0c7f-c327-aee3-adae-bc0d1dae71ea,0.36,0.9361667480866308,12282.0,527.0,546.29,NVIDIA GeForce RTX 4070,[N/A],Enabled,Enabled
1701797199.892635,0,GPU-93ae0c7f-c327-aee3-adae-bc0d1dae71ea,0.38,0.9361667480866308,12282.0,527.0,546.29,NVIDIA GeForce RTX 4070,[N/A],Enabled,Enabled
1701797200.892001,0,GPU-93ae0c7f-c327-aee3-adae-bc0d1dae71ea,0.36,0.9370623676925582,12282.0,516.0,546.29,NVIDIA GeForce RTX 4070,[N/A],Enabled,Enabled
1701797201.892537,0,GPU-93ae0c7f-c327-aee3-adae-bc0d1dae71ea,0.43,0.9370623676925582,12282.0,516.0,546.29,NVIDIA GeForce RTX 4070,[N/A],Enabled,Enabled
1701797202.891932,0,GPU-93ae0c7f-c327-aee3-adae-bc0d1dae71ea,0.38,0.9370623676925582,12282.0,516.0,546.29,NVIDIA GeForce RTX 4070,[N/A],Enabled,Enabled
1701797203.893008,0,GPU-93ae0c7f-c327-aee3-adae-bc0d1dae71ea,0.4,0.9370623676925582,12282.0,516.0,546.29,NVIDIA GeForce RTX 4070,[N/A],Enabled,Enabled
1701797204.892232,0,GPU-93ae0c7f-c327-aee3-adae-bc0d1dae71ea,0.37,0.9370623676925582,12282.0,516.0,546.29,NVIDIA GeForce RTX 4070,[N/A],Enabled,Enabled
1701797205.892545,0,GPU-93ae0c7f-c327-aee3-adae-bc0d1dae71ea,0.41,0.9368181078000326,12282.0,519.0,546.29,NVIDIA GeForce RTX 4070,[N/A],Enabled,Enabled
1701797206.892187,0,GPU-93ae0c7f-c327-aee3-adae-bc0d1dae71ea,0.46,0.9368181078000326,12282.0,519.0,546.29,NVIDIA GeForce RTX 4070,[N/A],Enabled,Enabled
1701797207.892449,0,GPU-93ae0c7f-c327-aee3-adae-bc0d1dae71ea,0.41,0.9368181078000326,12282.0,519.0,546.29,NVIDIA GeForce RTX 4070,[N/A],Enabled,Enabled
1701797208.89258,0,GPU-93ae0c7f-c327-aee3-adae-bc0d1dae71ea,0.39,0.936248168050806,12282.0,526.0,546.29,NVIDIA GeForce RTX 4070,[N/A],Enabled,Enabled
1701797209.891954,0,GPU-93ae0c7f-c327-aee3-adae-bc0d1dae71ea,0.42,0.936248168050806,12282.0,526.0,546.29,NVIDIA GeForce RTX 4070,[N/A],Enabled,Enabled
1701797210.892836,0,GPU-93ae0c7f-c327-aee3-adae-bc0d1dae71ea,0.36,0.936248168050806,12282.0,526.0,546.29,NVIDIA GeForce RTX 4070,[N/A],Enabled,Enabled
1701797211.89284,0,GPU-93ae0c7f-c327-aee3-adae-bc0d1dae71ea,0.42,0.936248168050806,12282.0,526.0,546.29,NVIDIA GeForce RTX 4070,[N/A],Enabled,Enabled
1701797212.892121,0,GPU-93ae0c7f-c327-aee3-adae-bc0d1dae71ea,0.38,0.9368181078000326,12282.0,519.0,546.29,NVIDIA GeForce RTX 4070,[N/A],Enabled,Enabled
1701797213.89203,0,GPU-93ae0c7f-c327-aee3-adae-bc0d1dae71ea,0.36,0.9368181078000326,12282.0,519.0,546.29,NVIDIA GeForce RTX 4070,[N/A],Enabled,Enabled
1701797214.893107,0,GPU-93ae0c7f-c327-aee3-adae-bc0d1dae71ea,0.38,0.9368181078000326,12282.0,519.0,546.29,NVIDIA GeForce RTX 4070,[N/A],Enabled,Enabled
1701797215.89311,0,GPU-93ae0c7f-c327-aee3-adae-bc0d1dae71ea,0.37,0.9368181078000326,12282.0,519.0,546.29,NVIDIA GeForce RTX 4070,[N/A],Enabled,Enabled
1701797216.893445,0,GPU-93ae0c7f-c327-aee3-adae-bc0d1dae71ea,0.38,0.9368181078000326,12282.0,519.0,546.29,NVIDIA GeForce RTX 4070,[N/A],Enabled,Enabled
1701797217.892818,0,GPU-93ae0c7f-c327-aee3-adae-bc0d1dae71ea,0.42,0.9368181078000326,12282.0,519.0,546.29,NVIDIA GeForce RTX 4070,[N/A],Enabled,Enabled
1701797218.892136,0,GPU-93ae0c7f-c327-aee3-adae-bc0d1dae71ea,0.37,0.9368181078000326,12282.0,519.0,546.29,NVIDIA GeForce RTX 4070,[N/A],Enabled,Enabled
1701797219.89335,0,GPU-93ae0c7f-c327-aee3-adae-bc0d1dae71ea,0.38,0.936980947728383,12282.0,517.0,546.29,NVIDIA GeForce RTX 4070,[N/A],Enabled,Enabled
1701797220.892764,0,GPU-93ae0c7f-c327-aee3-adae-bc0d1dae71ea,0.32,0.9368181078000326,12282.0,519.0,546.29,NVIDIA GeForce RTX 4070,[N/A],Enabled,Enabled
1701797221.892609,0,GPU-93ae0c7f-c327-aee3-adae-bc0d1dae71ea,0.34,0.9368181078000326,12282.0,519.0,546.29,NVIDIA GeForce RTX 4070,[N/A],Enabled,Enabled
1701797222.892994,0,GPU-93ae0c7f-c327-aee3-adae-bc0d1dae71ea,0.39,0.9368181078000326,12282.0,519.0,546.29,NVIDIA GeForce RTX 4070,[N/A],Enabled,Enabled
1701797223.892953,0,GPU-93ae0c7f-c327-aee3-adae-bc0d1dae71ea,0.35,0.9368181078000326,12282.0,519.0,546.29,NVIDIA GeForce RTX 4070,[N/A],Enabled,Enabled
1701797224.892107,0,GPU-93ae0c7f-c327-aee3-adae-bc0d1dae71ea,0.36,0.9368181078000326,12282.0,519.0,546.29,NVIDIA GeForce RTX 4070,[N/A],Enabled,Enabled
1701797225.893011,0,GPU-93ae0c7f-c327-aee3-adae-bc0d1dae71ea,0.37,0.9368181078000326,12282.0,519.0,546.29,NVIDIA GeForce RTX 4070,[N/A],Enabled,Enabled
1701797226.892855,0,GPU-93ae0c7f-c327-aee3-adae-bc0d1dae71ea,0.38,0.9368181078000326,12282.0,519.0,546.29,NVIDIA GeForce RTX 4070,[N/A],Enabled,Enabled
1701797227.892236,0,GPU-93ae0c7f-c327-aee3-adae-bc0d1dae71ea,0.34,0.9368181078000326,12282.0,519.0,546.29,NVIDIA GeForce RTX 4070,[N/A],Enabled,Enabled
1701797228.892933,0,GPU-93ae0c7f-c327-aee3-adae-bc0d1dae71ea,0.35,0.9368181078000326,12282.0,519.0,546.29,NVIDIA GeForce RTX 4070,[N/A],Enabled,Enabled
1701797229.891885,0,GPU-93ae0c7f-c327-aee3-adae-bc0d1dae71ea,0.4,0.9368181078000326,12282.0,519.0,546.29,NVIDIA GeForce RTX 4070,[N/A],Enabled,Enabled
1701797230.893049,0,GPU-93ae0c7f-c327-aee3-adae-bc0d1dae71ea,0.36,0.9364110079791564,12282.0,524.0,546.29,NVIDIA GeForce RTX 4070,[N/A],Enabled,Enabled
1701797231.892202,0,GPU-93ae0c7f-c327-aee3-adae-bc0d1dae71ea,0.36,0.9364110079791564,12282.0,524.0,546.29,NVIDIA GeForce RTX 4070,[N/A],Enabled,Enabled
1701797232.892789,0,GPU-93ae0c7f-c327-aee3-adae-bc0d1dae71ea,0.34,0.9364110079791564,12282.0,524.0,546.29,NVIDIA GeForce RTX 4070,[N/A],Enabled,Enabled
1701797233.892978,0,GPU-93ae0c7f-c327-aee3-adae-bc0d1dae71ea,0.44,0.9364110079791564,12282.0,524.0,546.29,NVIDIA GeForce RTX 4070,[N/A],Enabled,Enabled
1701797234.892482,0,GPU-93ae0c7f-c327-aee3-adae-bc0d1dae71ea,0.38,0.9364110079791564,12282.0,524.0,546.29,NVIDIA GeForce RTX 4070,[N/A],Enabled,Enabled
1701797235.892485,0,GPU-93ae0c7f-c327-aee3-adae-bc0d1dae71ea,0.35,0.9364110079791564,12282.0,524.0,546.29,NVIDIA GeForce RTX 4070,[N/A],Enabled,Enabled
1701797236.893045,0,GPU-93ae0c7f-c327-aee3-adae-bc0d1dae71ea,0.37,0.9380394072626608,12282.0,504.0,546.29,NVIDIA GeForce RTX 4070,[N/A],Enabled,Enabled
1701797237.892787,0,GPU-93ae0c7f-c327-aee3-adae-bc0d1dae71ea,0.39,0.9380394072626608,12282.0,504.0,546.29,NVIDIA GeForce RTX 4070,[N/A],Enabled,Enabled
1701797238.892506,0,GPU-93ae0c7f-c327-aee3-adae-bc0d1dae71ea,0.47,0.9384465070835368,12282.0,499.0,546.29,NVIDIA GeForce RTX 4070,[N/A],Enabled,Enabled
1701797239.892317,0,GPU-93ae0c7f-c327-aee3-adae-bc0d1dae71ea,0.41,0.9384465070835368,12282.0,499.0,546.29,NVIDIA GeForce RTX 4070,[N/A],Enabled,Enabled
1701797240.892487,0,GPU-93ae0c7f-c327-aee3-adae-bc0d1dae71ea,0.36,0.9384465070835368,12282.0,499.0,546.29,NVIDIA GeForce RTX 4070,[N/A],Enabled,Enabled
1701797241.892909,0,GPU-93ae0c7f-c327-aee3-adae-bc0d1dae71ea,0.42,0.9384465070835368,12282.0,499.0,546.29,NVIDIA GeForce RTX 4070,[N/A],Enabled,Enabled
1701797242.893217,0,GPU-93ae0c7f-c327-aee3-adae-bc0d1dae71ea,0.34,0.9384465070835368,12282.0,499.0,546.29,NVIDIA GeForce RTX 4070,[N/A],Enabled,Enabled
1701797243.891986,0,GPU-93ae0c7f-c327-aee3-adae-bc0d1dae71ea,0.44,0.9384465070835368,12282.0,499.0,546.29,NVIDIA GeForce RTX 4070,[N/A],Enabled,Enabled
1701797244.892693,0,GPU-93ae0c7f-c327-aee3-adae-bc0d1dae71ea,0.45,0.9384465070835368,12282.0,499.0,546.29,NVIDIA GeForce RTX 4070,[N/A],Enabled,Enabled
1701797245.89287,0,GPU-93ae0c7f-c327-aee3-adae-bc0d1dae71ea,0.41,0.9386907669760626,12282.0,496.0,546.29,NVIDIA GeForce RTX 4070,[N/A],Enabled,Enabled
1701797246.892777,0,GPU-93ae0c7f-c327-aee3-adae-bc0d1dae71ea,0.38,0.9386907669760626,12282.0,496.0,546.29,NVIDIA GeForce RTX 4070,[N/A],Enabled,Enabled
1701797247.892883,0,GPU-93ae0c7f-c327-aee3-adae-bc0d1dae71ea,0.37,0.9382836671551864,12282.0,501.0,546.29,NVIDIA GeForce RTX 4070,[N/A],Enabled,Enabled
1701797248.891973,0,GPU-93ae0c7f-c327-aee3-adae-bc0d1dae71ea,0.38,0.9382836671551864,12282.0,501.0,546.29,NVIDIA GeForce RTX 4070,[N/A],Enabled,Enabled
1701797249.892425,0,GPU-93ae0c7f-c327-aee3-adae-bc0d1dae71ea,0.47,0.9382836671551864,12282.0,501.0,546.29,NVIDIA GeForce RTX 4070,[N/A],Enabled,Enabled
1701797250.892715,0,GPU-93ae0c7f-c327-aee3-adae-bc0d1dae71ea,0.41,0.9382836671551864,12282.0,501.0,546.29,NVIDIA GeForce RTX 4070,[N/A],Enabled,Enabled
1701797251.892742,0,GPU-93ae0c7f-c327-aee3-adae-bc0d1dae71ea,0.4,0.9382836671551864,12282.0,501.0,546.29,NVIDIA GeForce RTX 4070,[N/A],Enabled,Enabled
1701797252.892528,0,GPU-93ae0c7f-c327-aee3-adae-bc0d1dae71ea,0.34,0.9382836671551864,12282.0,501.0,546.29,NVIDIA GeForce RTX 4070,[N/A],Enabled,Enabled
1701797253.892938,0,GPU-93ae0c7f-c327-aee3-adae-bc0d1dae71ea,0.44,0.9382836671551864,12282.0,501.0,546.29,NVIDIA GeForce RTX 4070,[N/A],Enabled,Enabled
1701797254.893009,0,GPU-93ae0c7f-c327-aee3-adae-bc0d1dae71ea,0.46,0.9382836671551864,12282.0,501.0,546.29,NVIDIA GeForce RTX 4070,[N/A],Enabled,Enabled
1701797255.893054,0,GPU-93ae0c7f-c327-aee3-adae-bc0d1dae71ea,0.39,0.9382836671551864,12282.0,501.0,546.29,NVIDIA GeForce RTX 4070,[N/A],Enabled,Enabled
1701797256.893055,0,GPU-93ae0c7f-c327-aee3-adae-bc0d1dae71ea,0.4,0.9391792867611138,12282.0,490.0,546.29,NVIDIA GeForce RTX 4070,[N/A],Enabled,Enabled
1701797257.892394,0,GPU-93ae0c7f-c327-aee3-adae-bc0d1dae71ea,0.35,0.9391792867611138,12282.0,490.0,546.29,NVIDIA GeForce RTX 4070,[N/A],Enabled,Enabled
1701797258.892896,0,GPU-93ae0c7f-c327-aee3-adae-bc0d1dae71ea,0.39,0.9391792867611138,12282.0,490.0,546.29,NVIDIA GeForce RTX 4070,[N/A],Enabled,Enabled
1701797259.891847,0,GPU-93ae0c7f-c327-aee3-adae-bc0d1dae71ea,0.46,0.9391792867611138,12282.0,490.0,546.29,NVIDIA GeForce RTX 4070,[N/A],Enabled,Enabled
1701797260.892135,0,GPU-93ae0c7f-c327-aee3-adae-bc0d1dae71ea,0.39,0.9387721869402378,12282.0,495.0,546.29,NVIDIA GeForce RTX 4070,[N/A],Enabled,Enabled
1701797261.893107,0,GPU-93ae0c7f-c327-aee3-adae-bc0d1dae71ea,0.35,0.9387721869402378,12282.0,495.0,546.29,NVIDIA GeForce RTX 4070,[N/A],Enabled,Enabled
1701797262.892961,0,GPU-93ae0c7f-c327-aee3-adae-bc0d1dae71ea,0.35,0.9387721869402378,12282.0,495.0,546.29,NVIDIA GeForce RTX 4070,[N/A],Enabled,Enabled
1701797263.892497,0,GPU-93ae0c7f-c327-aee3-adae-bc0d1dae71ea,0.37,0.9387721869402378,12282.0,495.0,546.29,NVIDIA GeForce RTX 4070,[N/A],Enabled,Enabled
1701797264.892783,0,GPU-93ae0c7f-c327-aee3-adae-bc0d1dae71ea,0.37,0.9383650871193616,12282.0,500.0,546.29,NVIDIA GeForce RTX 4070,[N/A],Enabled,Enabled
1701797265.893494,0,GPU-93ae0c7f-c327-aee3-adae-bc0d1dae71ea,0.35,0.9383650871193616,12282.0,500.0,546.29,NVIDIA GeForce RTX 4070,[N/A],Enabled,Enabled
1701797266.89275,0,GPU-93ae0c7f-c327-aee3-adae-bc0d1dae71ea,0.36,0.9382836671551864,12282.0,501.0,546.29,NVIDIA GeForce RTX 4070,[N/A],Enabled,Enabled
1701797267.892572,0,GPU-93ae0c7f-c327-aee3-adae-bc0d1dae71ea,0.36,0.9382836671551864,12282.0,501.0,546.29,NVIDIA GeForce RTX 4070,[N/A],Enabled,Enabled
1701797268.891792,0,GPU-93ae0c7f-c327-aee3-adae-bc0d1dae71ea,0.35,0.9380394072626608,12282.0,504.0,546.29,NVIDIA GeForce RTX 4070,[N/A],Enabled,Enabled
1701797269.892425,0,GPU-93ae0c7f-c327-aee3-adae-bc0d1dae71ea,0.29,0.936248168050806,12282.0,526.0,546.29,NVIDIA GeForce RTX 4070,[N/A],Enabled,Enabled
1701797270.892708,0,GPU-93ae0c7f-c327-aee3-adae-bc0d1dae71ea,0.28,0.936248168050806,12282.0,526.0,546.29,NVIDIA GeForce RTX 4070,[N/A],Enabled,Enabled
1701797271.892618,0,GPU-93ae0c7f-c327-aee3-adae-bc0d1dae71ea,0.25,0.9319329099495196,12282.0,579.0,546.29,NVIDIA GeForce RTX 4070,[N/A],Enabled,Enabled
1701797272.89209,0,GPU-93ae0c7f-c327-aee3-adae-bc0d1dae71ea,0.25,0.9325842696629213,12282.0,571.0,546.29,NVIDIA GeForce RTX 4070,[N/A],Enabled,Enabled
1701797273.892759,0,GPU-93ae0c7f-c327-aee3-adae-bc0d1dae71ea,0.25,0.9325842696629213,12282.0,571.0,546.29,NVIDIA GeForce RTX 4070,[N/A],Enabled,Enabled
1701797274.892772,0,GPU-93ae0c7f-c327-aee3-adae-bc0d1dae71ea,0.26,0.9325842696629213,12282.0,571.0,546.29,NVIDIA GeForce RTX 4070,[N/A],Enabled,Enabled
1701797275.89298,0,GPU-93ae0c7f-c327-aee3-adae-bc0d1dae71ea,0.25,0.9325842696629213,12282.0,571.0,546.29,NVIDIA GeForce RTX 4070,[N/A],Enabled,Enabled
1701797276.89289,0,GPU-93ae0c7f-c327-aee3-adae-bc0d1dae71ea,0.27,0.9324214297345709,12282.0,573.0,546.29,NVIDIA GeForce RTX 4070,[N/A],Enabled,Enabled
1701797277.891834,0,GPU-93ae0c7f-c327-aee3-adae-bc0d1dae71ea,0.28,0.93209574987787,12282.0,577.0,546.29,NVIDIA GeForce RTX 4070,[N/A],Enabled,Enabled
1701797278.892915,0,GPU-93ae0c7f-c327-aee3-adae-bc0d1dae71ea,0.24,0.9277804917765836,12282.0,630.0,546.29,NVIDIA GeForce RTX 4070,[N/A],Enabled,Enabled
1701797279.892106,0,GPU-93ae0c7f-c327-aee3-adae-bc0d1dae71ea,0.12,0.9051457417358736,12282.0,908.0,546.29,NVIDIA GeForce RTX 4070,[N/A],Enabled,Enabled
1701797280.893091,0,GPU-93ae0c7f-c327-aee3-adae-bc0d1dae71ea,0.15,0.7544373880475492,12282.0,2759.0,546.29,NVIDIA GeForce RTX 4070,[N/A],Enabled,Enabled
1701797281.892561,0,GPU-93ae0c7f-c327-aee3-adae-bc0d1dae71ea,0.12,0.7544373880475492,12282.0,2759.0,546.29,NVIDIA GeForce RTX 4070,[N/A],Enabled,Enabled
1701797282.893098,0,GPU-93ae0c7f-c327-aee3-adae-bc0d1dae71ea,0.13,0.7544373880475492,12282.0,2759.0,546.29,NVIDIA GeForce RTX 4070,[N/A],Enabled,Enabled
1701797283.89289,0,GPU-93ae0c7f-c327-aee3-adae-bc0d1dae71ea,0.13,0.7544373880475492,12282.0,2759.0,546.29,NVIDIA GeForce RTX 4070,[N/A],Enabled,Enabled
1701797284.892239,0,GPU-93ae0c7f-c327-aee3-adae-bc0d1dae71ea,0.13,0.755088747760951,12282.0,2751.0,546.29,NVIDIA GeForce RTX 4070,[N/A],Enabled,Enabled
1701797285.892805,0,GPU-93ae0c7f-c327-aee3-adae-bc0d1dae71ea,0.13,0.7547630679042501,12282.0,2755.0,546.29,NVIDIA GeForce RTX 4070,[N/A],Enabled,Enabled
1701797286.892507,0,GPU-93ae0c7f-c327-aee3-adae-bc0d1dae71ea,0.13,0.7547630679042501,12282.0,2755.0,546.29,NVIDIA GeForce RTX 4070,[N/A],Enabled,Enabled
1701797287.892837,0,GPU-93ae0c7f-c327-aee3-adae-bc0d1dae71ea,0.13,0.7547630679042501,12282.0,2755.0,546.29,NVIDIA GeForce RTX 4070,[N/A],Enabled,Enabled
1701797288.892159,0,GPU-93ae0c7f-c327-aee3-adae-bc0d1dae71ea,0.12,0.7544373880475492,12282.0,2759.0,546.29,NVIDIA GeForce RTX 4070,[N/A],Enabled,Enabled
1701797289.892979,0,GPU-93ae0c7f-c327-aee3-adae-bc0d1dae71ea,0.12,0.7544373880475492,12282.0,2759.0,546.29,NVIDIA GeForce RTX 4070,[N/A],Enabled,Enabled
1701797290.891808,0,GPU-93ae0c7f-c327-aee3-adae-bc0d1dae71ea,0.12,0.7544373880475492,12282.0,2759.0,546.29,NVIDIA GeForce RTX 4070,[N/A],Enabled,Enabled
1701797291.892247,0,GPU-93ae0c7f-c327-aee3-adae-bc0d1dae71ea,0.13,0.7540302882266732,12282.0,2764.0,546.29,NVIDIA GeForce RTX 4070,[N/A],Enabled,Enabled
