timestamp,id,uuid,load,memoryUtil,memoryTotal,memoryUsed,memoryFree,driver,name,serial,display_mode,display_active
1702742648.811023,0,GPU-b342434c-f6b6-7627-333e-da750a9991e6,0.16,0.325,10240.0,6738.0,546.17,NVIDIA GeForce RTX 3080,[N/A],Enabled,Enabled
1702742649.804519,0,GPU-b342434c-f6b6-7627-333e-da750a9991e6,0.16,0.325,10240.0,6738.0,546.17,NVIDIA GeForce RTX 3080,[N/A],Enabled,Enabled
1702742650.804933,0,GPU-b342434c-f6b6-7627-333e-da750a9991e6,0.16,0.325,10240.0,6738.0,546.17,NVIDIA GeForce RTX 3080,[N/A],Enabled,Enabled
1702742651.80449,0,GPU-b342434c-f6b6-7627-333e-da750a9991e6,0.16,0.325,10240.0,6738.0,546.17,NVIDIA GeForce RTX 3080,[N/A],Enabled,Enabled
1702742652.805376,0,GPU-b342434c-f6b6-7627-333e-da750a9991e6,0.16,0.325,10240.0,6738.0,546.17,NVIDIA GeForce RTX 3080,[N/A],Enabled,Enabled
1702742653.804767,0,GPU-b342434c-f6b6-7627-333e-da750a9991e6,0.16,0.325,10240.0,6738.0,546.17,NVIDIA GeForce RTX 3080,[N/A],Enabled,Enabled
1702742654.805018,0,GPU-b342434c-f6b6-7627-333e-da750a9991e6,0.16,0.325,10240.0,6738.0,546.17,NVIDIA GeForce RTX 3080,[N/A],Enabled,Enabled
1702742655.804806,0,GPU-b342434c-f6b6-7627-333e-da750a9991e6,0.16,0.325,10240.0,6738.0,546.17,NVIDIA GeForce RTX 3080,[N/A],Enabled,Enabled
1702742656.805023,0,GPU-b342434c-f6b6-7627-333e-da750a9991e6,0.16,0.325,10240.0,6738.0,546.17,NVIDIA GeForce RTX 3080,[N/A],Enabled,Enabled
1702742657.804814,0,GPU-b342434c-f6b6-7627-333e-da750a9991e6,0.16,0.325,10240.0,6738.0,546.17,NVIDIA GeForce RTX 3080,[N/A],Enabled,Enabled
1702742658.804607,0,GPU-b342434c-f6b6-7627-333e-da750a9991e6,0.16,0.325,10240.0,6738.0,546.17,NVIDIA GeForce RTX 3080,[N/A],Enabled,Enabled
1702742659.805161,0,GPU-b342434c-f6b6-7627-333e-da750a9991e6,0.17,0.325,10240.0,6738.0,546.17,NVIDIA GeForce RTX 3080,[N/A],Enabled,Enabled
1702742660.804855,0,GPU-b342434c-f6b6-7627-333e-da750a9991e6,0.16,0.325,10240.0,6738.0,546.17,NVIDIA GeForce RTX 3080,[N/A],Enabled,Enabled
1702742661.805215,0,GPU-b342434c-f6b6-7627-333e-da750a9991e6,0.16,0.325,10240.0,6738.0,546.17,NVIDIA GeForce RTX 3080,[N/A],Enabled,Enabled
1702742662.804816,0,GPU-b342434c-f6b6-7627-333e-da750a9991e6,0.15,0.325,10240.0,6738.0,546.17,NVIDIA GeForce RTX 3080,[N/A],Enabled,Enabled
1702742663.805632,0,GPU-b342434c-f6b6-7627-333e-da750a9991e6,0.17,0.32353515625,10240.0,6753.0,546.17,NVIDIA GeForce RTX 3080,[N/A],Enabled,Enabled
1702742664.805081,0,GPU-b342434c-f6b6-7627-333e-da750a9991e6,0.18,0.3265625,10240.0,6722.0,546.17,NVIDIA GeForce RTX 3080,[N/A],Enabled,Enabled
1702742665.804585,0,GPU-b342434c-f6b6-7627-333e-da750a9991e6,0.16,0.50146484375,10240.0,4931.0,546.17,NVIDIA GeForce RTX 3080,[N/A],Enabled,Enabled
1702742666.805015,0,GPU-b342434c-f6b6-7627-333e-da750a9991e6,0.11,0.44384765625,10240.0,5521.0,546.17,NVIDIA GeForce RTX 3080,[N/A],Enabled,Enabled
1702742667.805051,0,GPU-b342434c-f6b6-7627-333e-da750a9991e6,0.11,0.44306640625,10240.0,5529.0,546.17,NVIDIA GeForce RTX 3080,[N/A],Enabled,Enabled
1702742668.804893,0,GPU-b342434c-f6b6-7627-333e-da750a9991e6,0.11,0.44306640625,10240.0,5529.0,546.17,NVIDIA GeForce RTX 3080,[N/A],Enabled,Enabled
1702742669.804809,0,GPU-b342434c-f6b6-7627-333e-da750a9991e6,0.06,0.4548828125,10240.0,5408.0,546.17,NVIDIA GeForce RTX 3080,[N/A],Enabled,Enabled
1702742670.804389,0,GPU-b342434c-f6b6-7627-333e-da750a9991e6,0.17,0.385546875,10240.0,6118.0,546.17,NVIDIA GeForce RTX 3080,[N/A],Enabled,Enabled
1702742671.805,0,GPU-b342434c-f6b6-7627-333e-da750a9991e6,0.14,0.385546875,10240.0,6118.0,546.17,NVIDIA GeForce RTX 3080,[N/A],Enabled,Enabled
1702742672.805356,0,GPU-b342434c-f6b6-7627-333e-da750a9991e6,0.13,0.38173828125,10240.0,6157.0,546.17,NVIDIA GeForce RTX 3080,[N/A],Enabled,Enabled
1702742673.8051,0,GPU-b342434c-f6b6-7627-333e-da750a9991e6,0.14,0.38544921875,10240.0,6119.0,546.17,NVIDIA GeForce RTX 3080,[N/A],Enabled,Enabled
1702742674.804505,0,GPU-b342434c-f6b6-7627-333e-da750a9991e6,0.08,0.43046875,10240.0,5658.0,546.17,NVIDIA GeForce RTX 3080,[N/A],Enabled,Enabled
1702742675.805808,0,GPU-b342434c-f6b6-7627-333e-da750a9991e6,0.14,0.38720703125,10240.0,6101.0,546.17,NVIDIA GeForce RTX 3080,[N/A],Enabled,Enabled
1702742676.804828,0,GPU-b342434c-f6b6-7627-333e-da750a9991e6,0.16,0.3833984375,10240.0,6140.0,546.17,NVIDIA GeForce RTX 3080,[N/A],Enabled,Enabled
1702742677.805275,0,GPU-b342434c-f6b6-7627-333e-da750a9991e6,0.13,0.3833984375,10240.0,6140.0,546.17,NVIDIA GeForce RTX 3080,[N/A],Enabled,Enabled
1702742678.805718,0,GPU-b342434c-f6b6-7627-333e-da750a9991e6,0.13,0.38349609375,10240.0,6139.0,546.17,NVIDIA GeForce RTX 3080,[N/A],Enabled,Enabled
1702742679.804254,0,GPU-b342434c-f6b6-7627-333e-da750a9991e6,0.13,0.38720703125,10240.0,6101.0,546.17,NVIDIA GeForce RTX 3080,[N/A],Enabled,Enabled
1702742680.80486,0,GPU-b342434c-f6b6-7627-333e-da750a9991e6,0.14,0.38720703125,10240.0,6101.0,546.17,NVIDIA GeForce RTX 3080,[N/A],Enabled,Enabled
1702742681.805397,0,GPU-b342434c-f6b6-7627-333e-da750a9991e6,0.14,0.38720703125,10240.0,6101.0,546.17,NVIDIA GeForce RTX 3080,[N/A],Enabled,Enabled
1702742682.80572,0,GPU-b342434c-f6b6-7627-333e-da750a9991e6,0.14,0.387109375,10240.0,6102.0,546.17,NVIDIA GeForce RTX 3080,[N/A],Enabled,Enabled
1702742683.804508,0,GPU-b342434c-f6b6-7627-333e-da750a9991e6,0.13,0.38330078125,10240.0,6141.0,546.17,NVIDIA GeForce RTX 3080,[N/A],Enabled,Enabled
1702742684.805227,0,GPU-b342434c-f6b6-7627-333e-da750a9991e6,0.14,0.387109375,10240.0,6102.0,546.17,NVIDIA GeForce RTX 3080,[N/A],Enabled,Enabled
1702742685.804694,0,GPU-b342434c-f6b6-7627-333e-da750a9991e6,0.13,0.3833984375,10240.0,6140.0,546.17,NVIDIA GeForce RTX 3080,[N/A],Enabled,Enabled
1702742686.805243,0,GPU-b342434c-f6b6-7627-333e-da750a9991e6,0.14,0.387109375,10240.0,6102.0,546.17,NVIDIA GeForce RTX 3080,[N/A],Enabled,Enabled
1702742687.804958,0,GPU-b342434c-f6b6-7627-333e-da750a9991e6,0.14,0.387109375,10240.0,6102.0,546.17,NVIDIA GeForce RTX 3080,[N/A],Enabled,Enabled
1702742688.805238,0,GPU-b342434c-f6b6-7627-333e-da750a9991e6,0.17,0.396484375,10240.0,6006.0,546.17,NVIDIA GeForce RTX 3080,[N/A],Enabled,Enabled
1702742689.804968,0,GPU-b342434c-f6b6-7627-333e-da750a9991e6,0.17,0.396484375,10240.0,6006.0,546.17,NVIDIA GeForce RTX 3080,[N/A],Enabled,Enabled
1702742690.804777,0,GPU-b342434c-f6b6-7627-333e-da750a9991e6,0.16,0.396484375,10240.0,6006.0,546.17,NVIDIA GeForce RTX 3080,[N/A],Enabled,Enabled
1702742691.805318,0,GPU-b342434c-f6b6-7627-333e-da750a9991e6,0.17,0.396484375,10240.0,6006.0,546.17,NVIDIA GeForce RTX 3080,[N/A],Enabled,Enabled
1702742692.804897,0,GPU-b342434c-f6b6-7627-333e-da750a9991e6,0.17,0.396484375,10240.0,6006.0,546.17,NVIDIA GeForce RTX 3080,[N/A],Enabled,Enabled
1702742693.805198,0,GPU-b342434c-f6b6-7627-333e-da750a9991e6,0.16,0.396484375,10240.0,6006.0,546.17,NVIDIA GeForce RTX 3080,[N/A],Enabled,Enabled
1702742694.80539,0,GPU-b342434c-f6b6-7627-333e-da750a9991e6,0.16,0.396484375,10240.0,6006.0,546.17,NVIDIA GeForce RTX 3080,[N/A],Enabled,Enabled
1702742695.804982,0,GPU-b342434c-f6b6-7627-333e-da750a9991e6,0.18,0.396484375,10240.0,6006.0,546.17,NVIDIA GeForce RTX 3080,[N/A],Enabled,Enabled
1702742696.804182,0,GPU-b342434c-f6b6-7627-333e-da750a9991e6,0.17,0.396484375,10240.0,6006.0,546.17,NVIDIA GeForce RTX 3080,[N/A],Enabled,Enabled
1702742697.805592,0,GPU-b342434c-f6b6-7627-333e-da750a9991e6,0.17,0.396484375,10240.0,6006.0,546.17,NVIDIA GeForce RTX 3080,[N/A],Enabled,Enabled
1702742698.805207,0,GPU-b342434c-f6b6-7627-333e-da750a9991e6,0.18,0.396484375,10240.0,6006.0,546.17,NVIDIA GeForce RTX 3080,[N/A],Enabled,Enabled
1702742699.804985,0,GPU-b342434c-f6b6-7627-333e-da750a9991e6,0.17,0.396484375,10240.0,6006.0,546.17,NVIDIA GeForce RTX 3080,[N/A],Enabled,Enabled
1702742700.804465,0,GPU-b342434c-f6b6-7627-333e-da750a9991e6,0.18,0.396484375,10240.0,6006.0,546.17,NVIDIA GeForce RTX 3080,[N/A],Enabled,Enabled
1702742701.804875,0,GPU-b342434c-f6b6-7627-333e-da750a9991e6,0.17,0.396484375,10240.0,6006.0,546.17,NVIDIA GeForce RTX 3080,[N/A],Enabled,Enabled
1702742702.804716,0,GPU-b342434c-f6b6-7627-333e-da750a9991e6,0.17,0.396484375,10240.0,6006.0,546.17,NVIDIA GeForce RTX 3080,[N/A],Enabled,Enabled
1702742703.805544,0,GPU-b342434c-f6b6-7627-333e-da750a9991e6,0.17,0.396484375,10240.0,6006.0,546.17,NVIDIA GeForce RTX 3080,[N/A],Enabled,Enabled
1702742704.805122,0,GPU-b342434c-f6b6-7627-333e-da750a9991e6,0.17,0.396484375,10240.0,6006.0,546.17,NVIDIA GeForce RTX 3080,[N/A],Enabled,Enabled
1702742705.805121,0,GPU-b342434c-f6b6-7627-333e-da750a9991e6,0.17,0.396484375,10240.0,6006.0,546.17,NVIDIA GeForce RTX 3080,[N/A],Enabled,Enabled
1702742706.804675,0,GPU-b342434c-f6b6-7627-333e-da750a9991e6,0.18,0.396484375,10240.0,6006.0,546.17,NVIDIA GeForce RTX 3080,[N/A],Enabled,Enabled
1702742707.805489,0,GPU-b342434c-f6b6-7627-333e-da750a9991e6,0.17,0.396484375,10240.0,6006.0,546.17,NVIDIA GeForce RTX 3080,[N/A],Enabled,Enabled
1702742708.805456,0,GPU-b342434c-f6b6-7627-333e-da750a9991e6,0.18,0.396484375,10240.0,6006.0,546.17,NVIDIA GeForce RTX 3080,[N/A],Enabled,Enabled
1702742709.805189,0,GPU-b342434c-f6b6-7627-333e-da750a9991e6,0.17,0.396484375,10240.0,6006.0,546.17,NVIDIA GeForce RTX 3080,[N/A],Enabled,Enabled
1702742710.804558,0,GPU-b342434c-f6b6-7627-333e-da750a9991e6,0.17,0.396484375,10240.0,6006.0,546.17,NVIDIA GeForce RTX 3080,[N/A],Enabled,Enabled
1702742711.804841,0,GPU-b342434c-f6b6-7627-333e-da750a9991e6,0.17,0.396484375,10240.0,6006.0,546.17,NVIDIA GeForce RTX 3080,[N/A],Enabled,Enabled
1702742712.805024,0,GPU-b342434c-f6b6-7627-333e-da750a9991e6,0.17,0.396484375,10240.0,6006.0,546.17,NVIDIA GeForce RTX 3080,[N/A],Enabled,Enabled
1702742713.804803,0,GPU-b342434c-f6b6-7627-333e-da750a9991e6,0.18,0.396484375,10240.0,6006.0,546.17,NVIDIA GeForce RTX 3080,[N/A],Enabled,Enabled
1702742714.80542,0,GPU-b342434c-f6b6-7627-333e-da750a9991e6,0.16,0.396484375,10240.0,6006.0,546.17,NVIDIA GeForce RTX 3080,[N/A],Enabled,Enabled
1702742715.804731,0,GPU-b342434c-f6b6-7627-333e-da750a9991e6,0.17,0.396484375,10240.0,6006.0,546.17,NVIDIA GeForce RTX 3080,[N/A],Enabled,Enabled
1702742716.804311,0,GPU-b342434c-f6b6-7627-333e-da750a9991e6,0.17,0.396484375,10240.0,6006.0,546.17,NVIDIA GeForce RTX 3080,[N/A],Enabled,Enabled
1702742717.805253,0,GPU-b342434c-f6b6-7627-333e-da750a9991e6,0.17,0.396484375,10240.0,6006.0,546.17,NVIDIA GeForce RTX 3080,[N/A],Enabled,Enabled
1702742718.805111,0,GPU-b342434c-f6b6-7627-333e-da750a9991e6,0.17,0.396484375,10240.0,6006.0,546.17,NVIDIA GeForce RTX 3080,[N/A],Enabled,Enabled
1702742719.804949,0,GPU-b342434c-f6b6-7627-333e-da750a9991e6,0.17,0.396484375,10240.0,6006.0,546.17,NVIDIA GeForce RTX 3080,[N/A],Enabled,Enabled
1702742720.804744,0,GPU-b342434c-f6b6-7627-333e-da750a9991e6,0.17,0.396484375,10240.0,6006.0,546.17,NVIDIA GeForce RTX 3080,[N/A],Enabled,Enabled
1702742721.804791,0,GPU-b342434c-f6b6-7627-333e-da750a9991e6,0.17,0.396484375,10240.0,6006.0,546.17,NVIDIA GeForce RTX 3080,[N/A],Enabled,Enabled
1702742722.805016,0,GPU-b342434c-f6b6-7627-333e-da750a9991e6,0.17,0.396484375,10240.0,6006.0,546.17,NVIDIA GeForce RTX 3080,[N/A],Enabled,Enabled
1702742723.80453,0,GPU-b342434c-f6b6-7627-333e-da750a9991e6,0.17,0.396484375,10240.0,6006.0,546.17,NVIDIA GeForce RTX 3080,[N/A],Enabled,Enabled
1702742724.805248,0,GPU-b342434c-f6b6-7627-333e-da750a9991e6,0.17,0.396484375,10240.0,6006.0,546.17,NVIDIA GeForce RTX 3080,[N/A],Enabled,Enabled
1702742725.804796,0,GPU-b342434c-f6b6-7627-333e-da750a9991e6,0.17,0.396484375,10240.0,6006.0,546.17,NVIDIA GeForce RTX 3080,[N/A],Enabled,Enabled
1702742726.804659,0,GPU-b342434c-f6b6-7627-333e-da750a9991e6,0.17,0.396484375,10240.0,6006.0,546.17,NVIDIA GeForce RTX 3080,[N/A],Enabled,Enabled
1702742727.805181,0,GPU-b342434c-f6b6-7627-333e-da750a9991e6,0.17,0.396484375,10240.0,6006.0,546.17,NVIDIA GeForce RTX 3080,[N/A],Enabled,Enabled
1702742728.80588,0,GPU-b342434c-f6b6-7627-333e-da750a9991e6,0.16,0.396484375,10240.0,6006.0,546.17,NVIDIA GeForce RTX 3080,[N/A],Enabled,Enabled
1702742729.805129,0,GPU-b342434c-f6b6-7627-333e-da750a9991e6,0.17,0.396484375,10240.0,6006.0,546.17,NVIDIA GeForce RTX 3080,[N/A],Enabled,Enabled
1702742730.805221,0,GPU-b342434c-f6b6-7627-333e-da750a9991e6,0.17,0.396484375,10240.0,6006.0,546.17,NVIDIA GeForce RTX 3080,[N/A],Enabled,Enabled
1702742731.80537,0,GPU-b342434c-f6b6-7627-333e-da750a9991e6,0.17,0.396484375,10240.0,6006.0,546.17,NVIDIA GeForce RTX 3080,[N/A],Enabled,Enabled
1702742732.804849,0,GPU-b342434c-f6b6-7627-333e-da750a9991e6,0.17,0.396484375,10240.0,6006.0,546.17,NVIDIA GeForce RTX 3080,[N/A],Enabled,Enabled
1702742733.804941,0,GPU-b342434c-f6b6-7627-333e-da750a9991e6,0.16,0.396484375,10240.0,6006.0,546.17,NVIDIA GeForce RTX 3080,[N/A],Enabled,Enabled
1702742734.805036,0,GPU-b342434c-f6b6-7627-333e-da750a9991e6,0.16,0.396484375,10240.0,6006.0,546.17,NVIDIA GeForce RTX 3080,[N/A],Enabled,Enabled
1702742735.805112,0,GPU-b342434c-f6b6-7627-333e-da750a9991e6,0.16,0.396484375,10240.0,6006.0,546.17,NVIDIA GeForce RTX 3080,[N/A],Enabled,Enabled
1702742736.805298,0,GPU-b342434c-f6b6-7627-333e-da750a9991e6,0.17,0.396484375,10240.0,6006.0,546.17,NVIDIA GeForce RTX 3080,[N/A],Enabled,Enabled
1702742737.80487,0,GPU-b342434c-f6b6-7627-333e-da750a9991e6,0.16,0.396484375,10240.0,6006.0,546.17,NVIDIA GeForce RTX 3080,[N/A],Enabled,Enabled
1702742738.804398,0,GPU-b342434c-f6b6-7627-333e-da750a9991e6,0.16,0.396484375,10240.0,6006.0,546.17,NVIDIA GeForce RTX 3080,[N/A],Enabled,Enabled
1702742739.804557,0,GPU-b342434c-f6b6-7627-333e-da750a9991e6,0.16,0.396484375,10240.0,6006.0,546.17,NVIDIA GeForce RTX 3080,[N/A],Enabled,Enabled
1702742740.80541,0,GPU-b342434c-f6b6-7627-333e-da750a9991e6,0.16,0.396484375,10240.0,6006.0,546.17,NVIDIA GeForce RTX 3080,[N/A],Enabled,Enabled
1702742741.80478,0,GPU-b342434c-f6b6-7627-333e-da750a9991e6,0.16,0.396484375,10240.0,6006.0,546.17,NVIDIA GeForce RTX 3080,[N/A],Enabled,Enabled
1702742742.805271,0,GPU-b342434c-f6b6-7627-333e-da750a9991e6,0.16,0.396484375,10240.0,6006.0,546.17,NVIDIA GeForce RTX 3080,[N/A],Enabled,Enabled
1702742743.805075,0,GPU-b342434c-f6b6-7627-333e-da750a9991e6,0.16,0.396484375,10240.0,6006.0,546.17,NVIDIA GeForce RTX 3080,[N/A],Enabled,Enabled
1702742744.804667,0,GPU-b342434c-f6b6-7627-333e-da750a9991e6,0.16,0.396484375,10240.0,6006.0,546.17,NVIDIA GeForce RTX 3080,[N/A],Enabled,Enabled
1702742745.805032,0,GPU-b342434c-f6b6-7627-333e-da750a9991e6,0.16,0.396484375,10240.0,6006.0,546.17,NVIDIA GeForce RTX 3080,[N/A],Enabled,Enabled
1702742746.805678,0,GPU-b342434c-f6b6-7627-333e-da750a9991e6,0.16,0.396484375,10240.0,6006.0,546.17,NVIDIA GeForce RTX 3080,[N/A],Enabled,Enabled
1702742747.805712,0,GPU-b342434c-f6b6-7627-333e-da750a9991e6,0.16,0.396484375,10240.0,6006.0,546.17,NVIDIA GeForce RTX 3080,[N/A],Enabled,Enabled
1702742748.805354,0,GPU-b342434c-f6b6-7627-333e-da750a9991e6,0.17,0.396484375,10240.0,6006.0,546.17,NVIDIA GeForce RTX 3080,[N/A],Enabled,Enabled
1702742749.804496,0,GPU-b342434c-f6b6-7627-333e-da750a9991e6,0.16,0.396484375,10240.0,6006.0,546.17,NVIDIA GeForce RTX 3080,[N/A],Enabled,Enabled
1702742750.804772,0,GPU-b342434c-f6b6-7627-333e-da750a9991e6,0.16,0.396484375,10240.0,6006.0,546.17,NVIDIA GeForce RTX 3080,[N/A],Enabled,Enabled
1702742751.805294,0,GPU-b342434c-f6b6-7627-333e-da750a9991e6,0.16,0.396484375,10240.0,6006.0,546.17,NVIDIA GeForce RTX 3080,[N/A],Enabled,Enabled
1702742752.804288,0,GPU-b342434c-f6b6-7627-333e-da750a9991e6,0.16,0.396484375,10240.0,6006.0,546.17,NVIDIA GeForce RTX 3080,[N/A],Enabled,Enabled
1702742753.805272,0,GPU-b342434c-f6b6-7627-333e-da750a9991e6,0.16,0.396484375,10240.0,6006.0,546.17,NVIDIA GeForce RTX 3080,[N/A],Enabled,Enabled
1702742754.805279,0,GPU-b342434c-f6b6-7627-333e-da750a9991e6,0.17,0.396484375,10240.0,6006.0,546.17,NVIDIA GeForce RTX 3080,[N/A],Enabled,Enabled
1702742755.80503,0,GPU-b342434c-f6b6-7627-333e-da750a9991e6,0.16,0.396484375,10240.0,6006.0,546.17,NVIDIA GeForce RTX 3080,[N/A],Enabled,Enabled
1702742756.804652,0,GPU-b342434c-f6b6-7627-333e-da750a9991e6,0.16,0.396484375,10240.0,6006.0,546.17,NVIDIA GeForce RTX 3080,[N/A],Enabled,Enabled
1702742757.804417,0,GPU-b342434c-f6b6-7627-333e-da750a9991e6,0.16,0.396484375,10240.0,6006.0,546.17,NVIDIA GeForce RTX 3080,[N/A],Enabled,Enabled
1702742758.805432,0,GPU-b342434c-f6b6-7627-333e-da750a9991e6,0.16,0.396484375,10240.0,6006.0,546.17,NVIDIA GeForce RTX 3080,[N/A],Enabled,Enabled
1702742759.805395,0,GPU-b342434c-f6b6-7627-333e-da750a9991e6,0.16,0.396484375,10240.0,6006.0,546.17,NVIDIA GeForce RTX 3080,[N/A],Enabled,Enabled
1702742760.804651,0,GPU-b342434c-f6b6-7627-333e-da750a9991e6,0.16,0.396484375,10240.0,6006.0,546.17,NVIDIA GeForce RTX 3080,[N/A],Enabled,Enabled
1702742761.805003,0,GPU-b342434c-f6b6-7627-333e-da750a9991e6,0.16,0.396484375,10240.0,6006.0,546.17,NVIDIA GeForce RTX 3080,[N/A],Enabled,Enabled
1702742762.804978,0,GPU-b342434c-f6b6-7627-333e-da750a9991e6,0.16,0.396484375,10240.0,6006.0,546.17,NVIDIA GeForce RTX 3080,[N/A],Enabled,Enabled
1702742763.805529,0,GPU-b342434c-f6b6-7627-333e-da750a9991e6,0.15,0.396484375,10240.0,6006.0,546.17,NVIDIA GeForce RTX 3080,[N/A],Enabled,Enabled
1702742764.80486,0,GPU-b342434c-f6b6-7627-333e-da750a9991e6,0.16,0.396484375,10240.0,6006.0,546.17,NVIDIA GeForce RTX 3080,[N/A],Enabled,Enabled
1702742765.804864,0,GPU-b342434c-f6b6-7627-333e-da750a9991e6,0.16,0.396484375,10240.0,6006.0,546.17,NVIDIA GeForce RTX 3080,[N/A],Enabled,Enabled
1702742766.80433,0,GPU-b342434c-f6b6-7627-333e-da750a9991e6,0.16,0.396484375,10240.0,6006.0,546.17,NVIDIA GeForce RTX 3080,[N/A],Enabled,Enabled
1702742767.805226,0,GPU-b342434c-f6b6-7627-333e-da750a9991e6,0.16,0.396484375,10240.0,6006.0,546.17,NVIDIA GeForce RTX 3080,[N/A],Enabled,Enabled
1702742768.805684,0,GPU-b342434c-f6b6-7627-333e-da750a9991e6,0.16,0.396484375,10240.0,6006.0,546.17,NVIDIA GeForce RTX 3080,[N/A],Enabled,Enabled
1702742769.804754,0,GPU-b342434c-f6b6-7627-333e-da750a9991e6,0.16,0.396484375,10240.0,6006.0,546.17,NVIDIA GeForce RTX 3080,[N/A],Enabled,Enabled
1702742770.804755,0,GPU-b342434c-f6b6-7627-333e-da750a9991e6,0.16,0.396484375,10240.0,6006.0,546.17,NVIDIA GeForce RTX 3080,[N/A],Enabled,Enabled
1702742771.804624,0,GPU-b342434c-f6b6-7627-333e-da750a9991e6,0.16,0.396484375,10240.0,6006.0,546.17,NVIDIA GeForce RTX 3080,[N/A],Enabled,Enabled
1702742772.805471,0,GPU-b342434c-f6b6-7627-333e-da750a9991e6,0.17,0.396484375,10240.0,6006.0,546.17,NVIDIA GeForce RTX 3080,[N/A],Enabled,Enabled
1702742773.804689,0,GPU-b342434c-f6b6-7627-333e-da750a9991e6,0.16,0.396484375,10240.0,6006.0,546.17,NVIDIA GeForce RTX 3080,[N/A],Enabled,Enabled
1702742774.805049,0,GPU-b342434c-f6b6-7627-333e-da750a9991e6,0.17,0.396484375,10240.0,6006.0,546.17,NVIDIA GeForce RTX 3080,[N/A],Enabled,Enabled
1702742775.80443,0,GPU-b342434c-f6b6-7627-333e-da750a9991e6,0.16,0.396484375,10240.0,6006.0,546.17,NVIDIA GeForce RTX 3080,[N/A],Enabled,Enabled
1702742776.804788,0,GPU-b342434c-f6b6-7627-333e-da750a9991e6,0.17,0.396484375,10240.0,6006.0,546.17,NVIDIA GeForce RTX 3080,[N/A],Enabled,Enabled
1702742777.804896,0,GPU-b342434c-f6b6-7627-333e-da750a9991e6,0.16,0.396484375,10240.0,6006.0,546.17,NVIDIA GeForce RTX 3080,[N/A],Enabled,Enabled
1702742778.804681,0,GPU-b342434c-f6b6-7627-333e-da750a9991e6,0.17,0.396484375,10240.0,6006.0,546.17,NVIDIA GeForce RTX 3080,[N/A],Enabled,Enabled
1702742779.805215,0,GPU-b342434c-f6b6-7627-333e-da750a9991e6,0.16,0.396484375,10240.0,6006.0,546.17,NVIDIA GeForce RTX 3080,[N/A],Enabled,Enabled
1702742780.804906,0,GPU-b342434c-f6b6-7627-333e-da750a9991e6,0.17,0.396484375,10240.0,6006.0,546.17,NVIDIA GeForce RTX 3080,[N/A],Enabled,Enabled
1702742781.805197,0,GPU-b342434c-f6b6-7627-333e-da750a9991e6,0.17,0.396484375,10240.0,6006.0,546.17,NVIDIA GeForce RTX 3080,[N/A],Enabled,Enabled
1702742782.805103,0,GPU-b342434c-f6b6-7627-333e-da750a9991e6,0.17,0.396484375,10240.0,6006.0,546.17,NVIDIA GeForce RTX 3080,[N/A],Enabled,Enabled
1702742783.805103,0,GPU-b342434c-f6b6-7627-333e-da750a9991e6,0.17,0.396484375,10240.0,6006.0,546.17,NVIDIA GeForce RTX 3080,[N/A],Enabled,Enabled
1702742784.805088,0,GPU-b342434c-f6b6-7627-333e-da750a9991e6,0.16,0.396484375,10240.0,6006.0,546.17,NVIDIA GeForce RTX 3080,[N/A],Enabled,Enabled
1702742785.804815,0,GPU-b342434c-f6b6-7627-333e-da750a9991e6,0.17,0.396484375,10240.0,6006.0,546.17,NVIDIA GeForce RTX 3080,[N/A],Enabled,Enabled
1702742786.804896,0,GPU-b342434c-f6b6-7627-333e-da750a9991e6,0.17,0.396484375,10240.0,6006.0,546.17,NVIDIA GeForce RTX 3080,[N/A],Enabled,Enabled
1702742787.804274,0,GPU-b342434c-f6b6-7627-333e-da750a9991e6,0.16,0.396484375,10240.0,6006.0,546.17,NVIDIA GeForce RTX 3080,[N/A],Enabled,Enabled
1702742788.804904,0,GPU-b342434c-f6b6-7627-333e-da750a9991e6,0.17,0.396484375,10240.0,6006.0,546.17,NVIDIA GeForce RTX 3080,[N/A],Enabled,Enabled
1702742789.80486,0,GPU-b342434c-f6b6-7627-333e-da750a9991e6,0.17,0.396484375,10240.0,6006.0,546.17,NVIDIA GeForce RTX 3080,[N/A],Enabled,Enabled
1702742790.80503,0,GPU-b342434c-f6b6-7627-333e-da750a9991e6,0.17,0.396484375,10240.0,6006.0,546.17,NVIDIA GeForce RTX 3080,[N/A],Enabled,Enabled
1702742791.805351,0,GPU-b342434c-f6b6-7627-333e-da750a9991e6,0.17,0.396484375,10240.0,6006.0,546.17,NVIDIA GeForce RTX 3080,[N/A],Enabled,Enabled
1702742792.804847,0,GPU-b342434c-f6b6-7627-333e-da750a9991e6,0.16,0.396484375,10240.0,6006.0,546.17,NVIDIA GeForce RTX 3080,[N/A],Enabled,Enabled
1702742793.804938,0,GPU-b342434c-f6b6-7627-333e-da750a9991e6,0.17,0.396484375,10240.0,6006.0,546.17,NVIDIA GeForce RTX 3080,[N/A],Enabled,Enabled
1702742794.804656,0,GPU-b342434c-f6b6-7627-333e-da750a9991e6,0.18,0.396484375,10240.0,6006.0,546.17,NVIDIA GeForce RTX 3080,[N/A],Enabled,Enabled
1702742795.804938,0,GPU-b342434c-f6b6-7627-333e-da750a9991e6,0.17,0.396484375,10240.0,6006.0,546.17,NVIDIA GeForce RTX 3080,[N/A],Enabled,Enabled
1702742796.805154,0,GPU-b342434c-f6b6-7627-333e-da750a9991e6,0.17,0.396484375,10240.0,6006.0,546.17,NVIDIA GeForce RTX 3080,[N/A],Enabled,Enabled
1702742797.804512,0,GPU-b342434c-f6b6-7627-333e-da750a9991e6,0.17,0.396484375,10240.0,6006.0,546.17,NVIDIA GeForce RTX 3080,[N/A],Enabled,Enabled
1702742798.804501,0,GPU-b342434c-f6b6-7627-333e-da750a9991e6,0.17,0.396484375,10240.0,6006.0,546.17,NVIDIA GeForce RTX 3080,[N/A],Enabled,Enabled
1702742799.805289,0,GPU-b342434c-f6b6-7627-333e-da750a9991e6,0.17,0.396484375,10240.0,6006.0,546.17,NVIDIA GeForce RTX 3080,[N/A],Enabled,Enabled
1702742800.805073,0,GPU-b342434c-f6b6-7627-333e-da750a9991e6,0.17,0.396484375,10240.0,6006.0,546.17,NVIDIA GeForce RTX 3080,[N/A],Enabled,Enabled
1702742801.805513,0,GPU-b342434c-f6b6-7627-333e-da750a9991e6,0.17,0.396484375,10240.0,6006.0,546.17,NVIDIA GeForce RTX 3080,[N/A],Enabled,Enabled
1702742802.805273,0,GPU-b342434c-f6b6-7627-333e-da750a9991e6,0.17,0.396484375,10240.0,6006.0,546.17,NVIDIA GeForce RTX 3080,[N/A],Enabled,Enabled
1702742803.805305,0,GPU-b342434c-f6b6-7627-333e-da750a9991e6,0.17,0.396484375,10240.0,6006.0,546.17,NVIDIA GeForce RTX 3080,[N/A],Enabled,Enabled
1702742804.804302,0,GPU-b342434c-f6b6-7627-333e-da750a9991e6,0.16,0.396484375,10240.0,6006.0,546.17,NVIDIA GeForce RTX 3080,[N/A],Enabled,Enabled
1702742805.804956,0,GPU-b342434c-f6b6-7627-333e-da750a9991e6,0.17,0.396484375,10240.0,6006.0,546.17,NVIDIA GeForce RTX 3080,[N/A],Enabled,Enabled
1702742806.804844,0,GPU-b342434c-f6b6-7627-333e-da750a9991e6,0.17,0.396484375,10240.0,6006.0,546.17,NVIDIA GeForce RTX 3080,[N/A],Enabled,Enabled
1702742807.804777,0,GPU-b342434c-f6b6-7627-333e-da750a9991e6,0.17,0.396484375,10240.0,6006.0,546.17,NVIDIA GeForce RTX 3080,[N/A],Enabled,Enabled
1702742808.804785,0,GPU-b342434c-f6b6-7627-333e-da750a9991e6,0.16,0.396484375,10240.0,6006.0,546.17,NVIDIA GeForce RTX 3080,[N/A],Enabled,Enabled
1702742809.805527,0,GPU-b342434c-f6b6-7627-333e-da750a9991e6,0.17,0.396484375,10240.0,6006.0,546.17,NVIDIA GeForce RTX 3080,[N/A],Enabled,Enabled
1702742810.804639,0,GPU-b342434c-f6b6-7627-333e-da750a9991e6,0.17,0.396484375,10240.0,6006.0,546.17,NVIDIA GeForce RTX 3080,[N/A],Enabled,Enabled
1702742811.805215,0,GPU-b342434c-f6b6-7627-333e-da750a9991e6,0.17,0.396484375,10240.0,6006.0,546.17,NVIDIA GeForce RTX 3080,[N/A],Enabled,Enabled
1702742812.805114,0,GPU-b342434c-f6b6-7627-333e-da750a9991e6,0.17,0.396484375,10240.0,6006.0,546.17,NVIDIA GeForce RTX 3080,[N/A],Enabled,Enabled
1702742813.804914,0,GPU-b342434c-f6b6-7627-333e-da750a9991e6,0.16,0.396484375,10240.0,6006.0,546.17,NVIDIA GeForce RTX 3080,[N/A],Enabled,Enabled
1702742814.804582,0,GPU-b342434c-f6b6-7627-333e-da750a9991e6,0.16,0.396484375,10240.0,6006.0,546.17,NVIDIA GeForce RTX 3080,[N/A],Enabled,Enabled
1702742815.805271,0,GPU-b342434c-f6b6-7627-333e-da750a9991e6,0.17,0.396484375,10240.0,6006.0,546.17,NVIDIA GeForce RTX 3080,[N/A],Enabled,Enabled
1702742816.805267,0,GPU-b342434c-f6b6-7627-333e-da750a9991e6,0.17,0.396484375,10240.0,6006.0,546.17,NVIDIA GeForce RTX 3080,[N/A],Enabled,Enabled
1702742817.804613,0,GPU-b342434c-f6b6-7627-333e-da750a9991e6,0.16,0.396484375,10240.0,6006.0,546.17,NVIDIA GeForce RTX 3080,[N/A],Enabled,Enabled
1702742818.804945,0,GPU-b342434c-f6b6-7627-333e-da750a9991e6,0.17,0.396484375,10240.0,6006.0,546.17,NVIDIA GeForce RTX 3080,[N/A],Enabled,Enabled
1702742819.804757,0,GPU-b342434c-f6b6-7627-333e-da750a9991e6,0.18,0.396484375,10240.0,6006.0,546.17,NVIDIA GeForce RTX 3080,[N/A],Enabled,Enabled
1702742820.804442,0,GPU-b342434c-f6b6-7627-333e-da750a9991e6,0.17,0.396484375,10240.0,6006.0,546.17,NVIDIA GeForce RTX 3080,[N/A],Enabled,Enabled
1702742821.805043,0,GPU-b342434c-f6b6-7627-333e-da750a9991e6,0.17,0.396484375,10240.0,6006.0,546.17,NVIDIA GeForce RTX 3080,[N/A],Enabled,Enabled
1702742822.804553,0,GPU-b342434c-f6b6-7627-333e-da750a9991e6,0.17,0.396484375,10240.0,6006.0,546.17,NVIDIA GeForce RTX 3080,[N/A],Enabled,Enabled
1702742823.804627,0,GPU-b342434c-f6b6-7627-333e-da750a9991e6,0.18,0.396484375,10240.0,6006.0,546.17,NVIDIA GeForce RTX 3080,[N/A],Enabled,Enabled
1702742824.805055,0,GPU-b342434c-f6b6-7627-333e-da750a9991e6,0.18,0.396484375,10240.0,6006.0,546.17,NVIDIA GeForce RTX 3080,[N/A],Enabled,Enabled
1702742825.804703,0,GPU-b342434c-f6b6-7627-333e-da750a9991e6,0.17,0.396484375,10240.0,6006.0,546.17,NVIDIA GeForce RTX 3080,[N/A],Enabled,Enabled
1702742826.804404,0,GPU-b342434c-f6b6-7627-333e-da750a9991e6,0.17,0.396484375,10240.0,6006.0,546.17,NVIDIA GeForce RTX 3080,[N/A],Enabled,Enabled
1702742827.805236,0,GPU-b342434c-f6b6-7627-333e-da750a9991e6,0.17,0.396484375,10240.0,6006.0,546.17,NVIDIA GeForce RTX 3080,[N/A],Enabled,Enabled
1702742828.805048,0,GPU-b342434c-f6b6-7627-333e-da750a9991e6,0.16,0.396484375,10240.0,6006.0,546.17,NVIDIA GeForce RTX 3080,[N/A],Enabled,Enabled
1702742829.804741,0,GPU-b342434c-f6b6-7627-333e-da750a9991e6,0.17,0.396484375,10240.0,6006.0,546.17,NVIDIA GeForce RTX 3080,[N/A],Enabled,Enabled
1702742830.804908,0,GPU-b342434c-f6b6-7627-333e-da750a9991e6,0.16,0.396484375,10240.0,6006.0,546.17,NVIDIA GeForce RTX 3080,[N/A],Enabled,Enabled
1702742831.804465,0,GPU-b342434c-f6b6-7627-333e-da750a9991e6,0.16,0.396484375,10240.0,6006.0,546.17,NVIDIA GeForce RTX 3080,[N/A],Enabled,Enabled
1702742832.804883,0,GPU-b342434c-f6b6-7627-333e-da750a9991e6,0.17,0.396484375,10240.0,6006.0,546.17,NVIDIA GeForce RTX 3080,[N/A],Enabled,Enabled
1702742833.80484,0,GPU-b342434c-f6b6-7627-333e-da750a9991e6,0.16,0.396484375,10240.0,6006.0,546.17,NVIDIA GeForce RTX 3080,[N/A],Enabled,Enabled
1702742834.804415,0,GPU-b342434c-f6b6-7627-333e-da750a9991e6,0.16,0.396484375,10240.0,6006.0,546.17,NVIDIA GeForce RTX 3080,[N/A],Enabled,Enabled
1702742835.804967,0,GPU-b342434c-f6b6-7627-333e-da750a9991e6,0.16,0.396484375,10240.0,6006.0,546.17,NVIDIA GeForce RTX 3080,[N/A],Enabled,Enabled
1702742836.804748,0,GPU-b342434c-f6b6-7627-333e-da750a9991e6,0.16,0.396484375,10240.0,6006.0,546.17,NVIDIA GeForce RTX 3080,[N/A],Enabled,Enabled
1702742837.80479,0,GPU-b342434c-f6b6-7627-333e-da750a9991e6,0.16,0.396484375,10240.0,6006.0,546.17,NVIDIA GeForce RTX 3080,[N/A],Enabled,Enabled
1702742838.804653,0,GPU-b342434c-f6b6-7627-333e-da750a9991e6,0.16,0.396484375,10240.0,6006.0,546.17,NVIDIA GeForce RTX 3080,[N/A],Enabled,Enabled
1702742839.804981,0,GPU-b342434c-f6b6-7627-333e-da750a9991e6,0.16,0.396484375,10240.0,6006.0,546.17,NVIDIA GeForce RTX 3080,[N/A],Enabled,Enabled
1702742840.804341,0,GPU-b342434c-f6b6-7627-333e-da750a9991e6,0.16,0.396484375,10240.0,6006.0,546.17,NVIDIA GeForce RTX 3080,[N/A],Enabled,Enabled
1702742841.80463,0,GPU-b342434c-f6b6-7627-333e-da750a9991e6,0.16,0.396484375,10240.0,6006.0,546.17,NVIDIA GeForce RTX 3080,[N/A],Enabled,Enabled
1702742842.804978,0,GPU-b342434c-f6b6-7627-333e-da750a9991e6,0.16,0.396484375,10240.0,6006.0,546.17,NVIDIA GeForce RTX 3080,[N/A],Enabled,Enabled
1702742843.804435,0,GPU-b342434c-f6b6-7627-333e-da750a9991e6,0.16,0.396484375,10240.0,6006.0,546.17,NVIDIA GeForce RTX 3080,[N/A],Enabled,Enabled
1702742844.805018,0,GPU-b342434c-f6b6-7627-333e-da750a9991e6,0.16,0.396484375,10240.0,6006.0,546.17,NVIDIA GeForce RTX 3080,[N/A],Enabled,Enabled
1702742845.804589,0,GPU-b342434c-f6b6-7627-333e-da750a9991e6,0.16,0.396484375,10240.0,6006.0,546.17,NVIDIA GeForce RTX 3080,[N/A],Enabled,Enabled
1702742846.805179,0,GPU-b342434c-f6b6-7627-333e-da750a9991e6,0.16,0.396484375,10240.0,6006.0,546.17,NVIDIA GeForce RTX 3080,[N/A],Enabled,Enabled
1702742847.804648,0,GPU-b342434c-f6b6-7627-333e-da750a9991e6,0.17,0.396484375,10240.0,6006.0,546.17,NVIDIA GeForce RTX 3080,[N/A],Enabled,Enabled
1702742848.805042,0,GPU-b342434c-f6b6-7627-333e-da750a9991e6,0.17,0.396484375,10240.0,6006.0,546.17,NVIDIA GeForce RTX 3080,[N/A],Enabled,Enabled
1702742849.805229,0,GPU-b342434c-f6b6-7627-333e-da750a9991e6,0.17,0.396484375,10240.0,6006.0,546.17,NVIDIA GeForce RTX 3080,[N/A],Enabled,Enabled
1702742850.805423,0,GPU-b342434c-f6b6-7627-333e-da750a9991e6,0.17,0.396484375,10240.0,6006.0,546.17,NVIDIA GeForce RTX 3080,[N/A],Enabled,Enabled
1702742851.804928,0,GPU-b342434c-f6b6-7627-333e-da750a9991e6,0.17,0.396484375,10240.0,6006.0,546.17,NVIDIA GeForce RTX 3080,[N/A],Enabled,Enabled
1702742852.805177,0,GPU-b342434c-f6b6-7627-333e-da750a9991e6,0.16,0.396484375,10240.0,6006.0,546.17,NVIDIA GeForce RTX 3080,[N/A],Enabled,Enabled
1702742853.804678,0,GPU-b342434c-f6b6-7627-333e-da750a9991e6,0.16,0.396484375,10240.0,6006.0,546.17,NVIDIA GeForce RTX 3080,[N/A],Enabled,Enabled
1702742854.805278,0,GPU-b342434c-f6b6-7627-333e-da750a9991e6,0.17,0.396484375,10240.0,6006.0,546.17,NVIDIA GeForce RTX 3080,[N/A],Enabled,Enabled
1702742855.805234,0,GPU-b342434c-f6b6-7627-333e-da750a9991e6,0.17,0.396484375,10240.0,6006.0,546.17,NVIDIA GeForce RTX 3080,[N/A],Enabled,Enabled
1702742856.805492,0,GPU-b342434c-f6b6-7627-333e-da750a9991e6,0.16,0.396484375,10240.0,6006.0,546.17,NVIDIA GeForce RTX 3080,[N/A],Enabled,Enabled
1702742857.805546,0,GPU-b342434c-f6b6-7627-333e-da750a9991e6,0.16,0.396484375,10240.0,6006.0,546.17,NVIDIA GeForce RTX 3080,[N/A],Enabled,Enabled
1702742858.80467,0,GPU-b342434c-f6b6-7627-333e-da750a9991e6,0.16,0.396484375,10240.0,6006.0,546.17,NVIDIA GeForce RTX 3080,[N/A],Enabled,Enabled
1702742859.804739,0,GPU-b342434c-f6b6-7627-333e-da750a9991e6,0.17,0.396484375,10240.0,6006.0,546.17,NVIDIA GeForce RTX 3080,[N/A],Enabled,Enabled
1702742860.805058,0,GPU-b342434c-f6b6-7627-333e-da750a9991e6,0.17,0.396484375,10240.0,6006.0,546.17,NVIDIA GeForce RTX 3080,[N/A],Enabled,Enabled
1702742861.805079,0,GPU-b342434c-f6b6-7627-333e-da750a9991e6,0.16,0.396484375,10240.0,6006.0,546.17,NVIDIA GeForce RTX 3080,[N/A],Enabled,Enabled
1702742862.804815,0,GPU-b342434c-f6b6-7627-333e-da750a9991e6,0.17,0.396484375,10240.0,6006.0,546.17,NVIDIA GeForce RTX 3080,[N/A],Enabled,Enabled
1702742863.805388,0,GPU-b342434c-f6b6-7627-333e-da750a9991e6,0.16,0.396484375,10240.0,6006.0,546.17,NVIDIA GeForce RTX 3080,[N/A],Enabled,Enabled
1702742864.804956,0,GPU-b342434c-f6b6-7627-333e-da750a9991e6,0.16,0.396484375,10240.0,6006.0,546.17,NVIDIA GeForce RTX 3080,[N/A],Enabled,Enabled
1702742865.804808,0,GPU-b342434c-f6b6-7627-333e-da750a9991e6,0.16,0.396484375,10240.0,6006.0,546.17,NVIDIA GeForce RTX 3080,[N/A],Enabled,Enabled
1702742866.804853,0,GPU-b342434c-f6b6-7627-333e-da750a9991e6,0.17,0.396484375,10240.0,6006.0,546.17,NVIDIA GeForce RTX 3080,[N/A],Enabled,Enabled
1702742867.805449,0,GPU-b342434c-f6b6-7627-333e-da750a9991e6,0.16,0.396484375,10240.0,6006.0,546.17,NVIDIA GeForce RTX 3080,[N/A],Enabled,Enabled
1702742868.804806,0,GPU-b342434c-f6b6-7627-333e-da750a9991e6,0.16,0.396484375,10240.0,6006.0,546.17,NVIDIA GeForce RTX 3080,[N/A],Enabled,Enabled
1702742869.80501,0,GPU-b342434c-f6b6-7627-333e-da750a9991e6,0.17,0.396484375,10240.0,6006.0,546.17,NVIDIA GeForce RTX 3080,[N/A],Enabled,Enabled
1702742870.804591,0,GPU-b342434c-f6b6-7627-333e-da750a9991e6,0.16,0.396484375,10240.0,6006.0,546.17,NVIDIA GeForce RTX 3080,[N/A],Enabled,Enabled
1702742871.804489,0,GPU-b342434c-f6b6-7627-333e-da750a9991e6,0.16,0.396484375,10240.0,6006.0,546.17,NVIDIA GeForce RTX 3080,[N/A],Enabled,Enabled
1702742872.805122,0,GPU-b342434c-f6b6-7627-333e-da750a9991e6,0.17,0.396484375,10240.0,6006.0,546.17,NVIDIA GeForce RTX 3080,[N/A],Enabled,Enabled
1702742873.805314,0,GPU-b342434c-f6b6-7627-333e-da750a9991e6,0.16,0.396484375,10240.0,6006.0,546.17,NVIDIA GeForce RTX 3080,[N/A],Enabled,Enabled
1702742874.805079,0,GPU-b342434c-f6b6-7627-333e-da750a9991e6,0.15,0.396484375,10240.0,6006.0,546.17,NVIDIA GeForce RTX 3080,[N/A],Enabled,Enabled
1702742875.804659,0,GPU-b342434c-f6b6-7627-333e-da750a9991e6,0.15,0.396484375,10240.0,6006.0,546.17,NVIDIA GeForce RTX 3080,[N/A],Enabled,Enabled
1702742876.805249,0,GPU-b342434c-f6b6-7627-333e-da750a9991e6,0.16,0.396484375,10240.0,6006.0,546.17,NVIDIA GeForce RTX 3080,[N/A],Enabled,Enabled
1702742877.805044,0,GPU-b342434c-f6b6-7627-333e-da750a9991e6,0.16,0.396484375,10240.0,6006.0,546.17,NVIDIA GeForce RTX 3080,[N/A],Enabled,Enabled
1702742878.80569,0,GPU-b342434c-f6b6-7627-333e-da750a9991e6,0.15,0.396484375,10240.0,6006.0,546.17,NVIDIA GeForce RTX 3080,[N/A],Enabled,Enabled
1702742879.804875,0,GPU-b342434c-f6b6-7627-333e-da750a9991e6,0.15,0.396484375,10240.0,6006.0,546.17,NVIDIA GeForce RTX 3080,[N/A],Enabled,Enabled
1702742880.804858,0,GPU-b342434c-f6b6-7627-333e-da750a9991e6,0.15,0.396484375,10240.0,6006.0,546.17,NVIDIA GeForce RTX 3080,[N/A],Enabled,Enabled
1702742881.805204,0,GPU-b342434c-f6b6-7627-333e-da750a9991e6,0.16,0.396484375,10240.0,6006.0,546.17,NVIDIA GeForce RTX 3080,[N/A],Enabled,Enabled
1702742882.8052,0,GPU-b342434c-f6b6-7627-333e-da750a9991e6,0.15,0.396484375,10240.0,6006.0,546.17,NVIDIA GeForce RTX 3080,[N/A],Enabled,Enabled
1702742883.804926,0,GPU-b342434c-f6b6-7627-333e-da750a9991e6,0.15,0.396484375,10240.0,6006.0,546.17,NVIDIA GeForce RTX 3080,[N/A],Enabled,Enabled
1702742884.804632,0,GPU-b342434c-f6b6-7627-333e-da750a9991e6,0.15,0.396484375,10240.0,6006.0,546.17,NVIDIA GeForce RTX 3080,[N/A],Enabled,Enabled
1702742885.804551,0,GPU-b342434c-f6b6-7627-333e-da750a9991e6,0.15,0.396484375,10240.0,6006.0,546.17,NVIDIA GeForce RTX 3080,[N/A],Enabled,Enabled
1702742886.804663,0,GPU-b342434c-f6b6-7627-333e-da750a9991e6,0.16,0.396484375,10240.0,6006.0,546.17,NVIDIA GeForce RTX 3080,[N/A],Enabled,Enabled
1702742887.804789,0,GPU-b342434c-f6b6-7627-333e-da750a9991e6,0.16,0.396484375,10240.0,6006.0,546.17,NVIDIA GeForce RTX 3080,[N/A],Enabled,Enabled
1702742888.804713,0,GPU-b342434c-f6b6-7627-333e-da750a9991e6,0.16,0.396484375,10240.0,6006.0,546.17,NVIDIA GeForce RTX 3080,[N/A],Enabled,Enabled
1702742889.804444,0,GPU-b342434c-f6b6-7627-333e-da750a9991e6,0.16,0.396484375,10240.0,6006.0,546.17,NVIDIA GeForce RTX 3080,[N/A],Enabled,Enabled
1702742890.804729,0,GPU-b342434c-f6b6-7627-333e-da750a9991e6,0.16,0.396484375,10240.0,6006.0,546.17,NVIDIA GeForce RTX 3080,[N/A],Enabled,Enabled
1702742891.804786,0,GPU-b342434c-f6b6-7627-333e-da750a9991e6,0.16,0.396484375,10240.0,6006.0,546.17,NVIDIA GeForce RTX 3080,[N/A],Enabled,Enabled
1702742892.804818,0,GPU-b342434c-f6b6-7627-333e-da750a9991e6,0.18,0.32548828125,10240.0,6733.0,546.17,NVIDIA GeForce RTX 3080,[N/A],Enabled,Enabled
1702742893.804462,0,GPU-b342434c-f6b6-7627-333e-da750a9991e6,0.18,0.32529296875,10240.0,6735.0,546.17,NVIDIA GeForce RTX 3080,[N/A],Enabled,Enabled
1702742894.805142,0,GPU-b342434c-f6b6-7627-333e-da750a9991e6,0.17,0.325390625,10240.0,6734.0,546.17,NVIDIA GeForce RTX 3080,[N/A],Enabled,Enabled
