timestamp,id,uuid,load,memoryUtil,memoryTotal,memoryUsed,memoryFree,driver,name,serial,display_mode,display_active
1701974511.451776,0,GPU-93ae0c7f-c327-aee3-adae-bc0d1dae71ea,0.14,0.29547304999185803,12282.0,8396.0,546.29,NVIDIA GeForce RTX 4070,[N/A],Enabled,Enabled
1701974512.448716,0,GPU-93ae0c7f-c327-aee3-adae-bc0d1dae71ea,0.15,0.29539163002768276,12282.0,8397.0,546.29,NVIDIA GeForce RTX 4070,[N/A],Enabled,Enabled
1701974513.44823,0,GPU-93ae0c7f-c327-aee3-adae-bc0d1dae71ea,0.15,0.3155023611789611,12282.0,8150.0,546.29,NVIDIA GeForce RTX 4070,[N/A],Enabled,Enabled
1701974514.448723,0,GPU-93ae0c7f-c327-aee3-adae-bc0d1dae71ea,0.17,0.36549421918254354,12282.0,7536.0,546.29,NVIDIA GeForce RTX 4070,[N/A],Enabled,Enabled
1701974515.448907,0,GPU-93ae0c7f-c327-aee3-adae-bc0d1dae71ea,0.1,0.33186777397817946,12282.0,7949.0,546.29,NVIDIA GeForce RTX 4070,[N/A],Enabled,Enabled
1701974516.448058,0,GPU-93ae0c7f-c327-aee3-adae-bc0d1dae71ea,0.1,0.33178635401400425,12282.0,7950.0,546.29,NVIDIA GeForce RTX 4070,[N/A],Enabled,Enabled
1701974517.448261,0,GPU-93ae0c7f-c327-aee3-adae-bc0d1dae71ea,0.09,0.33170493404982904,12282.0,7951.0,546.29,NVIDIA GeForce RTX 4070,[N/A],Enabled,Enabled
1701974518.448936,0,GPU-93ae0c7f-c327-aee3-adae-bc0d1dae71ea,0.09,0.33178635401400425,12282.0,7950.0,546.29,NVIDIA GeForce RTX 4070,[N/A],Enabled,Enabled
1701974519.4505,0,GPU-93ae0c7f-c327-aee3-adae-bc0d1dae71ea,0.12,0.33170493404982904,12282.0,7951.0,546.29,NVIDIA GeForce RTX 4070,[N/A],Enabled,Enabled
1701974520.447989,0,GPU-93ae0c7f-c327-aee3-adae-bc0d1dae71ea,0.1,0.33170493404982904,12282.0,7951.0,546.29,NVIDIA GeForce RTX 4070,[N/A],Enabled,Enabled
1701974521.448139,0,GPU-93ae0c7f-c327-aee3-adae-bc0d1dae71ea,0.1,0.33170493404982904,12282.0,7951.0,546.29,NVIDIA GeForce RTX 4070,[N/A],Enabled,Enabled
1701974522.448163,0,GPU-93ae0c7f-c327-aee3-adae-bc0d1dae71ea,0.1,0.33170493404982904,12282.0,7951.0,546.29,NVIDIA GeForce RTX 4070,[N/A],Enabled,Enabled
1701974523.448834,0,GPU-93ae0c7f-c327-aee3-adae-bc0d1dae71ea,0.09,0.33170493404982904,12282.0,7951.0,546.29,NVIDIA GeForce RTX 4070,[N/A],Enabled,Enabled
1701974524.448775,0,GPU-93ae0c7f-c327-aee3-adae-bc0d1dae71ea,0.1,0.33170493404982904,12282.0,7951.0,546.29,NVIDIA GeForce RTX 4070,[N/A],Enabled,Enabled
1701974525.448927,0,GPU-93ae0c7f-c327-aee3-adae-bc0d1dae71ea,0.1,0.33170493404982904,12282.0,7951.0,546.29,NVIDIA GeForce RTX 4070,[N/A],Enabled,Enabled
1701974526.448524,0,GPU-93ae0c7f-c327-aee3-adae-bc0d1dae71ea,0.1,0.33170493404982904,12282.0,7951.0,546.29,NVIDIA GeForce RTX 4070,[N/A],Enabled,Enabled
1701974527.449044,0,GPU-93ae0c7f-c327-aee3-adae-bc0d1dae71ea,0.09,0.33170493404982904,12282.0,7951.0,546.29,NVIDIA GeForce RTX 4070,[N/A],Enabled,Enabled
1701974528.448737,0,GPU-93ae0c7f-c327-aee3-adae-bc0d1dae71ea,0.09,0.33170493404982904,12282.0,7951.0,546.29,NVIDIA GeForce RTX 4070,[N/A],Enabled,Enabled
1701974529.448234,0,GPU-93ae0c7f-c327-aee3-adae-bc0d1dae71ea,0.09,0.3331704934049829,12282.0,7933.0,546.29,NVIDIA GeForce RTX 4070,[N/A],Enabled,Enabled
1701974530.448697,0,GPU-93ae0c7f-c327-aee3-adae-bc0d1dae71ea,0.1,0.34725614720729525,12282.0,7760.0,546.29,NVIDIA GeForce RTX 4070,[N/A],Enabled,Enabled
1701974531.448033,0,GPU-93ae0c7f-c327-aee3-adae-bc0d1dae71ea,0.05,0.3660641589317701,12282.0,7529.0,546.29,NVIDIA GeForce RTX 4070,[N/A],Enabled,Enabled
1701974532.448085,0,GPU-93ae0c7f-c327-aee3-adae-bc0d1dae71ea,0.04,0.3501058459534278,12282.0,7725.0,546.29,NVIDIA GeForce RTX 4070,[N/A],Enabled,Enabled
1701974533.448819,0,GPU-93ae0c7f-c327-aee3-adae-bc0d1dae71ea,0.3,0.48957824458557236,12282.0,6012.0,546.29,NVIDIA GeForce RTX 4070,[N/A],Enabled,Enabled
1701974534.449113,0,GPU-93ae0c7f-c327-aee3-adae-bc0d1dae71ea,0.27,0.6225370460836998,12282.0,4379.0,546.29,NVIDIA GeForce RTX 4070,[N/A],Enabled,Enabled
1701974535.448057,0,GPU-93ae0c7f-c327-aee3-adae-bc0d1dae71ea,0.28,0.6134994300602508,12282.0,4490.0,546.29,NVIDIA GeForce RTX 4070,[N/A],Enabled,Enabled
1701974536.44816,0,GPU-93ae0c7f-c327-aee3-adae-bc0d1dae71ea,0.29,0.6134994300602508,12282.0,4490.0,546.29,NVIDIA GeForce RTX 4070,[N/A],Enabled,Enabled
1701974537.449037,0,GPU-93ae0c7f-c327-aee3-adae-bc0d1dae71ea,0.33,0.6134994300602508,12282.0,4490.0,546.29,NVIDIA GeForce RTX 4070,[N/A],Enabled,Enabled
1701974538.44901,0,GPU-93ae0c7f-c327-aee3-adae-bc0d1dae71ea,0.33,0.6134994300602508,12282.0,4490.0,546.29,NVIDIA GeForce RTX 4070,[N/A],Enabled,Enabled
1701974539.448603,0,GPU-93ae0c7f-c327-aee3-adae-bc0d1dae71ea,0.27,0.6134994300602508,12282.0,4490.0,546.29,NVIDIA GeForce RTX 4070,[N/A],Enabled,Enabled
1701974540.448791,0,GPU-93ae0c7f-c327-aee3-adae-bc0d1dae71ea,0.3,0.613580850024426,12282.0,4489.0,546.29,NVIDIA GeForce RTX 4070,[N/A],Enabled,Enabled
1701974541.448429,0,GPU-93ae0c7f-c327-aee3-adae-bc0d1dae71ea,0.3,0.613580850024426,12282.0,4489.0,546.29,NVIDIA GeForce RTX 4070,[N/A],Enabled,Enabled
1701974542.448205,0,GPU-93ae0c7f-c327-aee3-adae-bc0d1dae71ea,0.29,0.613580850024426,12282.0,4489.0,546.29,NVIDIA GeForce RTX 4070,[N/A],Enabled,Enabled
1701974543.448796,0,GPU-93ae0c7f-c327-aee3-adae-bc0d1dae71ea,0.29,0.613580850024426,12282.0,4489.0,546.29,NVIDIA GeForce RTX 4070,[N/A],Enabled,Enabled
1701974544.448955,0,GPU-93ae0c7f-c327-aee3-adae-bc0d1dae71ea,0.29,0.613580850024426,12282.0,4489.0,546.29,NVIDIA GeForce RTX 4070,[N/A],Enabled,Enabled
1701974545.449166,0,GPU-93ae0c7f-c327-aee3-adae-bc0d1dae71ea,0.31,0.613580850024426,12282.0,4489.0,546.29,NVIDIA GeForce RTX 4070,[N/A],Enabled,Enabled
1701974546.449138,0,GPU-93ae0c7f-c327-aee3-adae-bc0d1dae71ea,0.39,0.613580850024426,12282.0,4489.0,546.29,NVIDIA GeForce RTX 4070,[N/A],Enabled,Enabled
1701974547.449055,0,GPU-93ae0c7f-c327-aee3-adae-bc0d1dae71ea,0.49,0.613580850024426,12282.0,4489.0,546.29,NVIDIA GeForce RTX 4070,[N/A],Enabled,Enabled
1701974548.449019,0,GPU-93ae0c7f-c327-aee3-adae-bc0d1dae71ea,0.48,0.613580850024426,12282.0,4489.0,546.29,NVIDIA GeForce RTX 4070,[N/A],Enabled,Enabled
1701974549.448876,0,GPU-93ae0c7f-c327-aee3-adae-bc0d1dae71ea,0.49,0.613580850024426,12282.0,4489.0,546.29,NVIDIA GeForce RTX 4070,[N/A],Enabled,Enabled
1701974550.448992,0,GPU-93ae0c7f-c327-aee3-adae-bc0d1dae71ea,0.48,0.613580850024426,12282.0,4489.0,546.29,NVIDIA GeForce RTX 4070,[N/A],Enabled,Enabled
1701974551.448412,0,GPU-93ae0c7f-c327-aee3-adae-bc0d1dae71ea,0.44,0.613580850024426,12282.0,4489.0,546.29,NVIDIA GeForce RTX 4070,[N/A],Enabled,Enabled
1701974552.448132,0,GPU-93ae0c7f-c327-aee3-adae-bc0d1dae71ea,0.35,0.613580850024426,12282.0,4489.0,546.29,NVIDIA GeForce RTX 4070,[N/A],Enabled,Enabled
1701974553.448607,0,GPU-93ae0c7f-c327-aee3-adae-bc0d1dae71ea,0.34,0.613580850024426,12282.0,4489.0,546.29,NVIDIA GeForce RTX 4070,[N/A],Enabled,Enabled
1701974554.448886,0,GPU-93ae0c7f-c327-aee3-adae-bc0d1dae71ea,0.34,0.613580850024426,12282.0,4489.0,546.29,NVIDIA GeForce RTX 4070,[N/A],Enabled,Enabled
1701974555.448966,0,GPU-93ae0c7f-c327-aee3-adae-bc0d1dae71ea,0.31,0.6133365901319003,12282.0,4492.0,546.29,NVIDIA GeForce RTX 4070,[N/A],Enabled,Enabled
1701974556.449021,0,GPU-93ae0c7f-c327-aee3-adae-bc0d1dae71ea,0.32,0.6133365901319003,12282.0,4492.0,546.29,NVIDIA GeForce RTX 4070,[N/A],Enabled,Enabled
1701974557.448628,0,GPU-93ae0c7f-c327-aee3-adae-bc0d1dae71ea,0.32,0.6133365901319003,12282.0,4492.0,546.29,NVIDIA GeForce RTX 4070,[N/A],Enabled,Enabled
1701974558.447973,0,GPU-93ae0c7f-c327-aee3-adae-bc0d1dae71ea,0.32,0.6133365901319003,12282.0,4492.0,546.29,NVIDIA GeForce RTX 4070,[N/A],Enabled,Enabled
1701974559.448827,0,GPU-93ae0c7f-c327-aee3-adae-bc0d1dae71ea,0.33,0.6133365901319003,12282.0,4492.0,546.29,NVIDIA GeForce RTX 4070,[N/A],Enabled,Enabled
1701974560.448967,0,GPU-93ae0c7f-c327-aee3-adae-bc0d1dae71ea,0.33,0.6133365901319003,12282.0,4492.0,546.29,NVIDIA GeForce RTX 4070,[N/A],Enabled,Enabled
1701974561.448416,0,GPU-93ae0c7f-c327-aee3-adae-bc0d1dae71ea,0.33,0.6133365901319003,12282.0,4492.0,546.29,NVIDIA GeForce RTX 4070,[N/A],Enabled,Enabled
1701974562.44856,0,GPU-93ae0c7f-c327-aee3-adae-bc0d1dae71ea,0.36,0.6136622699886012,12282.0,4488.0,546.29,NVIDIA GeForce RTX 4070,[N/A],Enabled,Enabled
1701974563.449107,0,GPU-93ae0c7f-c327-aee3-adae-bc0d1dae71ea,0.33,0.6136622699886012,12282.0,4488.0,546.29,NVIDIA GeForce RTX 4070,[N/A],Enabled,Enabled
1701974564.448156,0,GPU-93ae0c7f-c327-aee3-adae-bc0d1dae71ea,0.33,0.6136622699886012,12282.0,4488.0,546.29,NVIDIA GeForce RTX 4070,[N/A],Enabled,Enabled
1701974565.447892,0,GPU-93ae0c7f-c327-aee3-adae-bc0d1dae71ea,0.32,0.6136622699886012,12282.0,4488.0,546.29,NVIDIA GeForce RTX 4070,[N/A],Enabled,Enabled
1701974566.449123,0,GPU-93ae0c7f-c327-aee3-adae-bc0d1dae71ea,0.3,0.6136622699886012,12282.0,4488.0,546.29,NVIDIA GeForce RTX 4070,[N/A],Enabled,Enabled
1701974567.448214,0,GPU-93ae0c7f-c327-aee3-adae-bc0d1dae71ea,0.31,0.6137436899527764,12282.0,4487.0,546.29,NVIDIA GeForce RTX 4070,[N/A],Enabled,Enabled
1701974568.448855,0,GPU-93ae0c7f-c327-aee3-adae-bc0d1dae71ea,0.28,0.6137436899527764,12282.0,4487.0,546.29,NVIDIA GeForce RTX 4070,[N/A],Enabled,Enabled
1701974569.44804,0,GPU-93ae0c7f-c327-aee3-adae-bc0d1dae71ea,0.28,0.6137436899527764,12282.0,4487.0,546.29,NVIDIA GeForce RTX 4070,[N/A],Enabled,Enabled
1701974570.448962,0,GPU-93ae0c7f-c327-aee3-adae-bc0d1dae71ea,0.32,0.6137436899527764,12282.0,4487.0,546.29,NVIDIA GeForce RTX 4070,[N/A],Enabled,Enabled
1701974571.448844,0,GPU-93ae0c7f-c327-aee3-adae-bc0d1dae71ea,0.32,0.6137436899527764,12282.0,4487.0,546.29,NVIDIA GeForce RTX 4070,[N/A],Enabled,Enabled
1701974572.448825,0,GPU-93ae0c7f-c327-aee3-adae-bc0d1dae71ea,0.32,0.6137436899527764,12282.0,4487.0,546.29,NVIDIA GeForce RTX 4070,[N/A],Enabled,Enabled
1701974573.44869,0,GPU-93ae0c7f-c327-aee3-adae-bc0d1dae71ea,0.32,0.6137436899527764,12282.0,4487.0,546.29,NVIDIA GeForce RTX 4070,[N/A],Enabled,Enabled
1701974574.448915,0,GPU-93ae0c7f-c327-aee3-adae-bc0d1dae71ea,0.33,0.6137436899527764,12282.0,4487.0,546.29,NVIDIA GeForce RTX 4070,[N/A],Enabled,Enabled
1701974575.448726,0,GPU-93ae0c7f-c327-aee3-adae-bc0d1dae71ea,0.31,0.6137436899527764,12282.0,4487.0,546.29,NVIDIA GeForce RTX 4070,[N/A],Enabled,Enabled
1701974576.448962,0,GPU-93ae0c7f-c327-aee3-adae-bc0d1dae71ea,0.32,0.6137436899527764,12282.0,4487.0,546.29,NVIDIA GeForce RTX 4070,[N/A],Enabled,Enabled
1701974577.448225,0,GPU-93ae0c7f-c327-aee3-adae-bc0d1dae71ea,0.34,0.6137436899527764,12282.0,4487.0,546.29,NVIDIA GeForce RTX 4070,[N/A],Enabled,Enabled
1701974578.448595,0,GPU-93ae0c7f-c327-aee3-adae-bc0d1dae71ea,0.32,0.6140693698094772,12282.0,4483.0,546.29,NVIDIA GeForce RTX 4070,[N/A],Enabled,Enabled
1701974579.448305,0,GPU-93ae0c7f-c327-aee3-adae-bc0d1dae71ea,0.32,0.6137436899527764,12282.0,4487.0,546.29,NVIDIA GeForce RTX 4070,[N/A],Enabled,Enabled
1701974580.449132,0,GPU-93ae0c7f-c327-aee3-adae-bc0d1dae71ea,0.32,0.6137436899527764,12282.0,4487.0,546.29,NVIDIA GeForce RTX 4070,[N/A],Enabled,Enabled
1701974581.449216,0,GPU-93ae0c7f-c327-aee3-adae-bc0d1dae71ea,0.32,0.6137436899527764,12282.0,4487.0,546.29,NVIDIA GeForce RTX 4070,[N/A],Enabled,Enabled
1701974582.448994,0,GPU-93ae0c7f-c327-aee3-adae-bc0d1dae71ea,0.32,0.6137436899527764,12282.0,4487.0,546.29,NVIDIA GeForce RTX 4070,[N/A],Enabled,Enabled
1701974583.448492,0,GPU-93ae0c7f-c327-aee3-adae-bc0d1dae71ea,0.31,0.6137436899527764,12282.0,4487.0,546.29,NVIDIA GeForce RTX 4070,[N/A],Enabled,Enabled
1701974584.448675,0,GPU-93ae0c7f-c327-aee3-adae-bc0d1dae71ea,0.3,0.6137436899527764,12282.0,4487.0,546.29,NVIDIA GeForce RTX 4070,[N/A],Enabled,Enabled
1701974585.448925,0,GPU-93ae0c7f-c327-aee3-adae-bc0d1dae71ea,0.29,0.6137436899527764,12282.0,4487.0,546.29,NVIDIA GeForce RTX 4070,[N/A],Enabled,Enabled
1701974586.449055,0,GPU-93ae0c7f-c327-aee3-adae-bc0d1dae71ea,0.29,0.6137436899527764,12282.0,4487.0,546.29,NVIDIA GeForce RTX 4070,[N/A],Enabled,Enabled
1701974587.449317,0,GPU-93ae0c7f-c327-aee3-adae-bc0d1dae71ea,0.29,0.6137436899527764,12282.0,4487.0,546.29,NVIDIA GeForce RTX 4070,[N/A],Enabled,Enabled
1701974588.448486,0,GPU-93ae0c7f-c327-aee3-adae-bc0d1dae71ea,0.28,0.6137436899527764,12282.0,4487.0,546.29,NVIDIA GeForce RTX 4070,[N/A],Enabled,Enabled
1701974589.448297,0,GPU-93ae0c7f-c327-aee3-adae-bc0d1dae71ea,0.29,0.6137436899527764,12282.0,4487.0,546.29,NVIDIA GeForce RTX 4070,[N/A],Enabled,Enabled
1701974590.448289,0,GPU-93ae0c7f-c327-aee3-adae-bc0d1dae71ea,0.29,0.6137436899527764,12282.0,4487.0,546.29,NVIDIA GeForce RTX 4070,[N/A],Enabled,Enabled
1701974591.44837,0,GPU-93ae0c7f-c327-aee3-adae-bc0d1dae71ea,0.27,0.6137436899527764,12282.0,4487.0,546.29,NVIDIA GeForce RTX 4070,[N/A],Enabled,Enabled
1701974592.447962,0,GPU-93ae0c7f-c327-aee3-adae-bc0d1dae71ea,0.25,0.6134180100960755,12282.0,4491.0,546.29,NVIDIA GeForce RTX 4070,[N/A],Enabled,Enabled
1701974593.448405,0,GPU-93ae0c7f-c327-aee3-adae-bc0d1dae71ea,0.25,0.6134180100960755,12282.0,4491.0,546.29,NVIDIA GeForce RTX 4070,[N/A],Enabled,Enabled
1701974594.44961,0,GPU-93ae0c7f-c327-aee3-adae-bc0d1dae71ea,0.26,0.6140693698094772,12282.0,4483.0,546.29,NVIDIA GeForce RTX 4070,[N/A],Enabled,Enabled
1701974595.447907,0,GPU-93ae0c7f-c327-aee3-adae-bc0d1dae71ea,0.29,0.6137436899527764,12282.0,4487.0,546.29,NVIDIA GeForce RTX 4070,[N/A],Enabled,Enabled
1701974596.448479,0,GPU-93ae0c7f-c327-aee3-adae-bc0d1dae71ea,0.3,0.6137436899527764,12282.0,4487.0,546.29,NVIDIA GeForce RTX 4070,[N/A],Enabled,Enabled
1701974597.448309,0,GPU-93ae0c7f-c327-aee3-adae-bc0d1dae71ea,0.3,0.6137436899527764,12282.0,4487.0,546.29,NVIDIA GeForce RTX 4070,[N/A],Enabled,Enabled
1701974598.448526,0,GPU-93ae0c7f-c327-aee3-adae-bc0d1dae71ea,0.3,0.6137436899527764,12282.0,4487.0,546.29,NVIDIA GeForce RTX 4070,[N/A],Enabled,Enabled
1701974599.449116,0,GPU-93ae0c7f-c327-aee3-adae-bc0d1dae71ea,0.29,0.6137436899527764,12282.0,4487.0,546.29,NVIDIA GeForce RTX 4070,[N/A],Enabled,Enabled
1701974600.448813,0,GPU-93ae0c7f-c327-aee3-adae-bc0d1dae71ea,0.36,0.6137436899527764,12282.0,4487.0,546.29,NVIDIA GeForce RTX 4070,[N/A],Enabled,Enabled
1701974601.448927,0,GPU-93ae0c7f-c327-aee3-adae-bc0d1dae71ea,0.34,0.6137436899527764,12282.0,4487.0,546.29,NVIDIA GeForce RTX 4070,[N/A],Enabled,Enabled
1701974602.449007,0,GPU-93ae0c7f-c327-aee3-adae-bc0d1dae71ea,0.31,0.6134180100960755,12282.0,4491.0,546.29,NVIDIA GeForce RTX 4070,[N/A],Enabled,Enabled
1701974603.44919,0,GPU-93ae0c7f-c327-aee3-adae-bc0d1dae71ea,0.34,0.6134180100960755,12282.0,4491.0,546.29,NVIDIA GeForce RTX 4070,[N/A],Enabled,Enabled
1701974604.448573,0,GPU-93ae0c7f-c327-aee3-adae-bc0d1dae71ea,0.34,0.6134180100960755,12282.0,4491.0,546.29,NVIDIA GeForce RTX 4070,[N/A],Enabled,Enabled
1701974605.449032,0,GPU-93ae0c7f-c327-aee3-adae-bc0d1dae71ea,0.34,0.6134180100960755,12282.0,4491.0,546.29,NVIDIA GeForce RTX 4070,[N/A],Enabled,Enabled
1701974606.448124,0,GPU-93ae0c7f-c327-aee3-adae-bc0d1dae71ea,0.32,0.6134180100960755,12282.0,4491.0,546.29,NVIDIA GeForce RTX 4070,[N/A],Enabled,Enabled
1701974607.448397,0,GPU-93ae0c7f-c327-aee3-adae-bc0d1dae71ea,0.28,0.6134180100960755,12282.0,4491.0,546.29,NVIDIA GeForce RTX 4070,[N/A],Enabled,Enabled
1701974608.448824,0,GPU-93ae0c7f-c327-aee3-adae-bc0d1dae71ea,0.31,0.6134180100960755,12282.0,4491.0,546.29,NVIDIA GeForce RTX 4070,[N/A],Enabled,Enabled
1701974609.44842,0,GPU-93ae0c7f-c327-aee3-adae-bc0d1dae71ea,0.27,0.6134180100960755,12282.0,4491.0,546.29,NVIDIA GeForce RTX 4070,[N/A],Enabled,Enabled
1701974610.448764,0,GPU-93ae0c7f-c327-aee3-adae-bc0d1dae71ea,0.29,0.6134180100960755,12282.0,4491.0,546.29,NVIDIA GeForce RTX 4070,[N/A],Enabled,Enabled
1701974611.448964,0,GPU-93ae0c7f-c327-aee3-adae-bc0d1dae71ea,0.34,0.6134180100960755,12282.0,4491.0,546.29,NVIDIA GeForce RTX 4070,[N/A],Enabled,Enabled
1701974612.449319,0,GPU-93ae0c7f-c327-aee3-adae-bc0d1dae71ea,0.34,0.6134180100960755,12282.0,4491.0,546.29,NVIDIA GeForce RTX 4070,[N/A],Enabled,Enabled
1701974613.448685,0,GPU-93ae0c7f-c327-aee3-adae-bc0d1dae71ea,0.34,0.6134180100960755,12282.0,4491.0,546.29,NVIDIA GeForce RTX 4070,[N/A],Enabled,Enabled
1701974614.449222,0,GPU-93ae0c7f-c327-aee3-adae-bc0d1dae71ea,0.35,0.6134180100960755,12282.0,4491.0,546.29,NVIDIA GeForce RTX 4070,[N/A],Enabled,Enabled
1701974615.448844,0,GPU-93ae0c7f-c327-aee3-adae-bc0d1dae71ea,0.34,0.6134180100960755,12282.0,4491.0,546.29,NVIDIA GeForce RTX 4070,[N/A],Enabled,Enabled
1701974616.448664,0,GPU-93ae0c7f-c327-aee3-adae-bc0d1dae71ea,0.35,0.6134180100960755,12282.0,4491.0,546.29,NVIDIA GeForce RTX 4070,[N/A],Enabled,Enabled
1701974617.448329,0,GPU-93ae0c7f-c327-aee3-adae-bc0d1dae71ea,0.35,0.6134180100960755,12282.0,4491.0,546.29,NVIDIA GeForce RTX 4070,[N/A],Enabled,Enabled
1701974618.448822,0,GPU-93ae0c7f-c327-aee3-adae-bc0d1dae71ea,0.36,0.6134180100960755,12282.0,4491.0,546.29,NVIDIA GeForce RTX 4070,[N/A],Enabled,Enabled
1701974619.448818,0,GPU-93ae0c7f-c327-aee3-adae-bc0d1dae71ea,0.32,0.6134180100960755,12282.0,4491.0,546.29,NVIDIA GeForce RTX 4070,[N/A],Enabled,Enabled
1701974620.448629,0,GPU-93ae0c7f-c327-aee3-adae-bc0d1dae71ea,0.31,0.6134180100960755,12282.0,4491.0,546.29,NVIDIA GeForce RTX 4070,[N/A],Enabled,Enabled
1701974621.44828,0,GPU-93ae0c7f-c327-aee3-adae-bc0d1dae71ea,0.29,0.6134180100960755,12282.0,4491.0,546.29,NVIDIA GeForce RTX 4070,[N/A],Enabled,Enabled
1701974622.448801,0,GPU-93ae0c7f-c327-aee3-adae-bc0d1dae71ea,0.3,0.6134180100960755,12282.0,4491.0,546.29,NVIDIA GeForce RTX 4070,[N/A],Enabled,Enabled
1701974623.448247,0,GPU-93ae0c7f-c327-aee3-adae-bc0d1dae71ea,0.29,0.6134180100960755,12282.0,4491.0,546.29,NVIDIA GeForce RTX 4070,[N/A],Enabled,Enabled
1701974624.448346,0,GPU-93ae0c7f-c327-aee3-adae-bc0d1dae71ea,0.33,0.6134180100960755,12282.0,4491.0,546.29,NVIDIA GeForce RTX 4070,[N/A],Enabled,Enabled
1701974625.448347,0,GPU-93ae0c7f-c327-aee3-adae-bc0d1dae71ea,0.34,0.6134180100960755,12282.0,4491.0,546.29,NVIDIA GeForce RTX 4070,[N/A],Enabled,Enabled
1701974626.448485,0,GPU-93ae0c7f-c327-aee3-adae-bc0d1dae71ea,0.34,0.6134180100960755,12282.0,4491.0,546.29,NVIDIA GeForce RTX 4070,[N/A],Enabled,Enabled
1701974627.448971,0,GPU-93ae0c7f-c327-aee3-adae-bc0d1dae71ea,0.33,0.6134180100960755,12282.0,4491.0,546.29,NVIDIA GeForce RTX 4070,[N/A],Enabled,Enabled
1701974628.448834,0,GPU-93ae0c7f-c327-aee3-adae-bc0d1dae71ea,0.33,0.6134180100960755,12282.0,4491.0,546.29,NVIDIA GeForce RTX 4070,[N/A],Enabled,Enabled
1701974629.44953,0,GPU-93ae0c7f-c327-aee3-adae-bc0d1dae71ea,0.34,0.6134180100960755,12282.0,4491.0,546.29,NVIDIA GeForce RTX 4070,[N/A],Enabled,Enabled
1701974630.44954,0,GPU-93ae0c7f-c327-aee3-adae-bc0d1dae71ea,0.34,0.6134180100960755,12282.0,4491.0,546.29,NVIDIA GeForce RTX 4070,[N/A],Enabled,Enabled
1701974631.448013,0,GPU-93ae0c7f-c327-aee3-adae-bc0d1dae71ea,0.34,0.6134180100960755,12282.0,4491.0,546.29,NVIDIA GeForce RTX 4070,[N/A],Enabled,Enabled
1701974632.449168,0,GPU-93ae0c7f-c327-aee3-adae-bc0d1dae71ea,0.32,0.6134180100960755,12282.0,4491.0,546.29,NVIDIA GeForce RTX 4070,[N/A],Enabled,Enabled
1701974633.448855,0,GPU-93ae0c7f-c327-aee3-adae-bc0d1dae71ea,0.3,0.6134180100960755,12282.0,4491.0,546.29,NVIDIA GeForce RTX 4070,[N/A],Enabled,Enabled
1701974634.449231,0,GPU-93ae0c7f-c327-aee3-adae-bc0d1dae71ea,0.27,0.6134180100960755,12282.0,4491.0,546.29,NVIDIA GeForce RTX 4070,[N/A],Enabled,Enabled
1701974635.448754,0,GPU-93ae0c7f-c327-aee3-adae-bc0d1dae71ea,0.34,0.6134180100960755,12282.0,4491.0,546.29,NVIDIA GeForce RTX 4070,[N/A],Enabled,Enabled
1701974636.448465,0,GPU-93ae0c7f-c327-aee3-adae-bc0d1dae71ea,0.33,0.6134180100960755,12282.0,4491.0,546.29,NVIDIA GeForce RTX 4070,[N/A],Enabled,Enabled
1701974637.44826,0,GPU-93ae0c7f-c327-aee3-adae-bc0d1dae71ea,0.34,0.6134180100960755,12282.0,4491.0,546.29,NVIDIA GeForce RTX 4070,[N/A],Enabled,Enabled
1701974638.448108,0,GPU-93ae0c7f-c327-aee3-adae-bc0d1dae71ea,0.34,0.6134180100960755,12282.0,4491.0,546.29,NVIDIA GeForce RTX 4070,[N/A],Enabled,Enabled
1701974639.447968,0,GPU-93ae0c7f-c327-aee3-adae-bc0d1dae71ea,0.29,0.6140693698094772,12282.0,4483.0,546.29,NVIDIA GeForce RTX 4070,[N/A],Enabled,Enabled
1701974640.44847,0,GPU-93ae0c7f-c327-aee3-adae-bc0d1dae71ea,0.29,0.6137436899527764,12282.0,4487.0,546.29,NVIDIA GeForce RTX 4070,[N/A],Enabled,Enabled
1701974641.448318,0,GPU-93ae0c7f-c327-aee3-adae-bc0d1dae71ea,0.29,0.6137436899527764,12282.0,4487.0,546.29,NVIDIA GeForce RTX 4070,[N/A],Enabled,Enabled
1701974642.448793,0,GPU-93ae0c7f-c327-aee3-adae-bc0d1dae71ea,0.3,0.6137436899527764,12282.0,4487.0,546.29,NVIDIA GeForce RTX 4070,[N/A],Enabled,Enabled
1701974643.448343,0,GPU-93ae0c7f-c327-aee3-adae-bc0d1dae71ea,0.3,0.6137436899527764,12282.0,4487.0,546.29,NVIDIA GeForce RTX 4070,[N/A],Enabled,Enabled
1701974644.449084,0,GPU-93ae0c7f-c327-aee3-adae-bc0d1dae71ea,0.3,0.6137436899527764,12282.0,4487.0,546.29,NVIDIA GeForce RTX 4070,[N/A],Enabled,Enabled
1701974645.448932,0,GPU-93ae0c7f-c327-aee3-adae-bc0d1dae71ea,0.3,0.6137436899527764,12282.0,4487.0,546.29,NVIDIA GeForce RTX 4070,[N/A],Enabled,Enabled
1701974646.448587,0,GPU-93ae0c7f-c327-aee3-adae-bc0d1dae71ea,0.3,0.6137436899527764,12282.0,4487.0,546.29,NVIDIA GeForce RTX 4070,[N/A],Enabled,Enabled
1701974647.44867,0,GPU-93ae0c7f-c327-aee3-adae-bc0d1dae71ea,0.3,0.6137436899527764,12282.0,4487.0,546.29,NVIDIA GeForce RTX 4070,[N/A],Enabled,Enabled
1701974648.448762,0,GPU-93ae0c7f-c327-aee3-adae-bc0d1dae71ea,0.3,0.6137436899527764,12282.0,4487.0,546.29,NVIDIA GeForce RTX 4070,[N/A],Enabled,Enabled
1701974649.448221,0,GPU-93ae0c7f-c327-aee3-adae-bc0d1dae71ea,0.28,0.6137436899527764,12282.0,4487.0,546.29,NVIDIA GeForce RTX 4070,[N/A],Enabled,Enabled
1701974650.449004,0,GPU-93ae0c7f-c327-aee3-adae-bc0d1dae71ea,0.28,0.6134180100960755,12282.0,4491.0,546.29,NVIDIA GeForce RTX 4070,[N/A],Enabled,Enabled
1701974651.44901,0,GPU-93ae0c7f-c327-aee3-adae-bc0d1dae71ea,0.34,0.6134180100960755,12282.0,4491.0,546.29,NVIDIA GeForce RTX 4070,[N/A],Enabled,Enabled
1701974652.448172,0,GPU-93ae0c7f-c327-aee3-adae-bc0d1dae71ea,0.34,0.6134180100960755,12282.0,4491.0,546.29,NVIDIA GeForce RTX 4070,[N/A],Enabled,Enabled
1701974653.448744,0,GPU-93ae0c7f-c327-aee3-adae-bc0d1dae71ea,0.33,0.6134180100960755,12282.0,4491.0,546.29,NVIDIA GeForce RTX 4070,[N/A],Enabled,Enabled
1701974654.448339,0,GPU-93ae0c7f-c327-aee3-adae-bc0d1dae71ea,0.32,0.6134180100960755,12282.0,4491.0,546.29,NVIDIA GeForce RTX 4070,[N/A],Enabled,Enabled
1701974655.449054,0,GPU-93ae0c7f-c327-aee3-adae-bc0d1dae71ea,0.32,0.6134180100960755,12282.0,4491.0,546.29,NVIDIA GeForce RTX 4070,[N/A],Enabled,Enabled
1701974656.44892,0,GPU-93ae0c7f-c327-aee3-adae-bc0d1dae71ea,0.31,0.6134180100960755,12282.0,4491.0,546.29,NVIDIA GeForce RTX 4070,[N/A],Enabled,Enabled
1701974657.448639,0,GPU-93ae0c7f-c327-aee3-adae-bc0d1dae71ea,0.32,0.6134180100960755,12282.0,4491.0,546.29,NVIDIA GeForce RTX 4070,[N/A],Enabled,Enabled
1701974658.44828,0,GPU-93ae0c7f-c327-aee3-adae-bc0d1dae71ea,0.31,0.6134180100960755,12282.0,4491.0,546.29,NVIDIA GeForce RTX 4070,[N/A],Enabled,Enabled
1701974659.44925,0,GPU-93ae0c7f-c327-aee3-adae-bc0d1dae71ea,0.31,0.6134180100960755,12282.0,4491.0,546.29,NVIDIA GeForce RTX 4070,[N/A],Enabled,Enabled
1701974660.448968,0,GPU-93ae0c7f-c327-aee3-adae-bc0d1dae71ea,0.32,0.6134180100960755,12282.0,4491.0,546.29,NVIDIA GeForce RTX 4070,[N/A],Enabled,Enabled
1701974661.448491,0,GPU-93ae0c7f-c327-aee3-adae-bc0d1dae71ea,0.32,0.6134180100960755,12282.0,4491.0,546.29,NVIDIA GeForce RTX 4070,[N/A],Enabled,Enabled
1701974662.448709,0,GPU-93ae0c7f-c327-aee3-adae-bc0d1dae71ea,0.32,0.6134180100960755,12282.0,4491.0,546.29,NVIDIA GeForce RTX 4070,[N/A],Enabled,Enabled
1701974663.448273,0,GPU-93ae0c7f-c327-aee3-adae-bc0d1dae71ea,0.3,0.6134180100960755,12282.0,4491.0,546.29,NVIDIA GeForce RTX 4070,[N/A],Enabled,Enabled
1701974664.448692,0,GPU-93ae0c7f-c327-aee3-adae-bc0d1dae71ea,0.3,0.6134180100960755,12282.0,4491.0,546.29,NVIDIA GeForce RTX 4070,[N/A],Enabled,Enabled
1701974665.448344,0,GPU-93ae0c7f-c327-aee3-adae-bc0d1dae71ea,0.31,0.6134180100960755,12282.0,4491.0,546.29,NVIDIA GeForce RTX 4070,[N/A],Enabled,Enabled
1701974666.448315,0,GPU-93ae0c7f-c327-aee3-adae-bc0d1dae71ea,0.31,0.6134180100960755,12282.0,4491.0,546.29,NVIDIA GeForce RTX 4070,[N/A],Enabled,Enabled
1701974667.448989,0,GPU-93ae0c7f-c327-aee3-adae-bc0d1dae71ea,0.32,0.6134180100960755,12282.0,4491.0,546.29,NVIDIA GeForce RTX 4070,[N/A],Enabled,Enabled
1701974668.449171,0,GPU-93ae0c7f-c327-aee3-adae-bc0d1dae71ea,0.32,0.6134180100960755,12282.0,4491.0,546.29,NVIDIA GeForce RTX 4070,[N/A],Enabled,Enabled
1701974669.449089,0,GPU-93ae0c7f-c327-aee3-adae-bc0d1dae71ea,0.33,0.6134180100960755,12282.0,4491.0,546.29,NVIDIA GeForce RTX 4070,[N/A],Enabled,Enabled
1701974670.448346,0,GPU-93ae0c7f-c327-aee3-adae-bc0d1dae71ea,0.32,0.6134180100960755,12282.0,4491.0,546.29,NVIDIA GeForce RTX 4070,[N/A],Enabled,Enabled
1701974671.449036,0,GPU-93ae0c7f-c327-aee3-adae-bc0d1dae71ea,0.33,0.6134180100960755,12282.0,4491.0,546.29,NVIDIA GeForce RTX 4070,[N/A],Enabled,Enabled
1701974672.448137,0,GPU-93ae0c7f-c327-aee3-adae-bc0d1dae71ea,0.32,0.6134180100960755,12282.0,4491.0,546.29,NVIDIA GeForce RTX 4070,[N/A],Enabled,Enabled
1701974673.448066,0,GPU-93ae0c7f-c327-aee3-adae-bc0d1dae71ea,0.32,0.6134180100960755,12282.0,4491.0,546.29,NVIDIA GeForce RTX 4070,[N/A],Enabled,Enabled
1701974674.449284,0,GPU-93ae0c7f-c327-aee3-adae-bc0d1dae71ea,0.32,0.6134180100960755,12282.0,4491.0,546.29,NVIDIA GeForce RTX 4070,[N/A],Enabled,Enabled
1701974675.449177,0,GPU-93ae0c7f-c327-aee3-adae-bc0d1dae71ea,0.3,0.6134180100960755,12282.0,4491.0,546.29,NVIDIA GeForce RTX 4070,[N/A],Enabled,Enabled
1701974676.448348,0,GPU-93ae0c7f-c327-aee3-adae-bc0d1dae71ea,0.32,0.6134180100960755,12282.0,4491.0,546.29,NVIDIA GeForce RTX 4070,[N/A],Enabled,Enabled
1701974677.448782,0,GPU-93ae0c7f-c327-aee3-adae-bc0d1dae71ea,0.31,0.6134180100960755,12282.0,4491.0,546.29,NVIDIA GeForce RTX 4070,[N/A],Enabled,Enabled
1701974678.449301,0,GPU-93ae0c7f-c327-aee3-adae-bc0d1dae71ea,0.31,0.6134180100960755,12282.0,4491.0,546.29,NVIDIA GeForce RTX 4070,[N/A],Enabled,Enabled
1701974679.448631,0,GPU-93ae0c7f-c327-aee3-adae-bc0d1dae71ea,0.32,0.6134180100960755,12282.0,4491.0,546.29,NVIDIA GeForce RTX 4070,[N/A],Enabled,Enabled
1701974680.44892,0,GPU-93ae0c7f-c327-aee3-adae-bc0d1dae71ea,0.32,0.6134180100960755,12282.0,4491.0,546.29,NVIDIA GeForce RTX 4070,[N/A],Enabled,Enabled
1701974681.448695,0,GPU-93ae0c7f-c327-aee3-adae-bc0d1dae71ea,0.31,0.6134180100960755,12282.0,4491.0,546.29,NVIDIA GeForce RTX 4070,[N/A],Enabled,Enabled
1701974682.449379,0,GPU-93ae0c7f-c327-aee3-adae-bc0d1dae71ea,0.31,0.6134180100960755,12282.0,4491.0,546.29,NVIDIA GeForce RTX 4070,[N/A],Enabled,Enabled
1701974683.448627,0,GPU-93ae0c7f-c327-aee3-adae-bc0d1dae71ea,0.3,0.6134180100960755,12282.0,4491.0,546.29,NVIDIA GeForce RTX 4070,[N/A],Enabled,Enabled
1701974684.449169,0,GPU-93ae0c7f-c327-aee3-adae-bc0d1dae71ea,0.31,0.6134180100960755,12282.0,4491.0,546.29,NVIDIA GeForce RTX 4070,[N/A],Enabled,Enabled
1701974685.447971,0,GPU-93ae0c7f-c327-aee3-adae-bc0d1dae71ea,0.31,0.6134180100960755,12282.0,4491.0,546.29,NVIDIA GeForce RTX 4070,[N/A],Enabled,Enabled
1701974686.44852,0,GPU-93ae0c7f-c327-aee3-adae-bc0d1dae71ea,0.29,0.6134180100960755,12282.0,4491.0,546.29,NVIDIA GeForce RTX 4070,[N/A],Enabled,Enabled
1701974687.449063,0,GPU-93ae0c7f-c327-aee3-adae-bc0d1dae71ea,0.3,0.6137436899527764,12282.0,4487.0,546.29,NVIDIA GeForce RTX 4070,[N/A],Enabled,Enabled
1701974688.448881,0,GPU-93ae0c7f-c327-aee3-adae-bc0d1dae71ea,0.28,0.6137436899527764,12282.0,4487.0,546.29,NVIDIA GeForce RTX 4070,[N/A],Enabled,Enabled
1701974689.449077,0,GPU-93ae0c7f-c327-aee3-adae-bc0d1dae71ea,0.28,0.6137436899527764,12282.0,4487.0,546.29,NVIDIA GeForce RTX 4070,[N/A],Enabled,Enabled
1701974690.449073,0,GPU-93ae0c7f-c327-aee3-adae-bc0d1dae71ea,0.29,0.6137436899527764,12282.0,4487.0,546.29,NVIDIA GeForce RTX 4070,[N/A],Enabled,Enabled
1701974691.4486,0,GPU-93ae0c7f-c327-aee3-adae-bc0d1dae71ea,0.28,0.6137436899527764,12282.0,4487.0,546.29,NVIDIA GeForce RTX 4070,[N/A],Enabled,Enabled
1701974692.448035,0,GPU-93ae0c7f-c327-aee3-adae-bc0d1dae71ea,0.28,0.6137436899527764,12282.0,4487.0,546.29,NVIDIA GeForce RTX 4070,[N/A],Enabled,Enabled
1701974693.448775,0,GPU-93ae0c7f-c327-aee3-adae-bc0d1dae71ea,0.26,0.6137436899527764,12282.0,4487.0,546.29,NVIDIA GeForce RTX 4070,[N/A],Enabled,Enabled
1701974694.449361,0,GPU-93ae0c7f-c327-aee3-adae-bc0d1dae71ea,0.24,0.6130923302393747,12282.0,4495.0,546.29,NVIDIA GeForce RTX 4070,[N/A],Enabled,Enabled
1701974695.448752,0,GPU-93ae0c7f-c327-aee3-adae-bc0d1dae71ea,0.24,0.6130923302393747,12282.0,4495.0,546.29,NVIDIA GeForce RTX 4070,[N/A],Enabled,Enabled
1701974696.448387,0,GPU-93ae0c7f-c327-aee3-adae-bc0d1dae71ea,0.23,0.6130923302393747,12282.0,4495.0,546.29,NVIDIA GeForce RTX 4070,[N/A],Enabled,Enabled
1701974697.448742,0,GPU-93ae0c7f-c327-aee3-adae-bc0d1dae71ea,0.23,0.6134180100960755,12282.0,4491.0,546.29,NVIDIA GeForce RTX 4070,[N/A],Enabled,Enabled
1701974698.449449,0,GPU-93ae0c7f-c327-aee3-adae-bc0d1dae71ea,0.28,0.6137436899527764,12282.0,4487.0,546.29,NVIDIA GeForce RTX 4070,[N/A],Enabled,Enabled
1701974699.448812,0,GPU-93ae0c7f-c327-aee3-adae-bc0d1dae71ea,0.29,0.6137436899527764,12282.0,4487.0,546.29,NVIDIA GeForce RTX 4070,[N/A],Enabled,Enabled
1701974700.448898,0,GPU-93ae0c7f-c327-aee3-adae-bc0d1dae71ea,0.27,0.6137436899527764,12282.0,4487.0,546.29,NVIDIA GeForce RTX 4070,[N/A],Enabled,Enabled
1701974701.449001,0,GPU-93ae0c7f-c327-aee3-adae-bc0d1dae71ea,0.25,0.6137436899527764,12282.0,4487.0,546.29,NVIDIA GeForce RTX 4070,[N/A],Enabled,Enabled
1701974702.448222,0,GPU-93ae0c7f-c327-aee3-adae-bc0d1dae71ea,0.27,0.6137436899527764,12282.0,4487.0,546.29,NVIDIA GeForce RTX 4070,[N/A],Enabled,Enabled
1701974703.448463,0,GPU-93ae0c7f-c327-aee3-adae-bc0d1dae71ea,0.26,0.6137436899527764,12282.0,4487.0,546.29,NVIDIA GeForce RTX 4070,[N/A],Enabled,Enabled
1701974704.448068,0,GPU-93ae0c7f-c327-aee3-adae-bc0d1dae71ea,0.27,0.6137436899527764,12282.0,4487.0,546.29,NVIDIA GeForce RTX 4070,[N/A],Enabled,Enabled
1701974705.448825,0,GPU-93ae0c7f-c327-aee3-adae-bc0d1dae71ea,0.27,0.6137436899527764,12282.0,4487.0,546.29,NVIDIA GeForce RTX 4070,[N/A],Enabled,Enabled
1701974706.448404,0,GPU-93ae0c7f-c327-aee3-adae-bc0d1dae71ea,0.27,0.6137436899527764,12282.0,4487.0,546.29,NVIDIA GeForce RTX 4070,[N/A],Enabled,Enabled
1701974707.448855,0,GPU-93ae0c7f-c327-aee3-adae-bc0d1dae71ea,0.26,0.6137436899527764,12282.0,4487.0,546.29,NVIDIA GeForce RTX 4070,[N/A],Enabled,Enabled
1701974708.448805,0,GPU-93ae0c7f-c327-aee3-adae-bc0d1dae71ea,0.26,0.6137436899527764,12282.0,4487.0,546.29,NVIDIA GeForce RTX 4070,[N/A],Enabled,Enabled
1701974709.447962,0,GPU-93ae0c7f-c327-aee3-adae-bc0d1dae71ea,0.26,0.6137436899527764,12282.0,4487.0,546.29,NVIDIA GeForce RTX 4070,[N/A],Enabled,Enabled
1701974710.448278,0,GPU-93ae0c7f-c327-aee3-adae-bc0d1dae71ea,0.04,0.6137436899527764,12282.0,4487.0,546.29,NVIDIA GeForce RTX 4070,[N/A],Enabled,Enabled
1701974711.448612,0,GPU-93ae0c7f-c327-aee3-adae-bc0d1dae71ea,0.11,0.639635238560495,12282.0,4169.0,546.29,NVIDIA GeForce RTX 4070,[N/A],Enabled,Enabled
1701974712.448015,0,GPU-93ae0c7f-c327-aee3-adae-bc0d1dae71ea,0.15,0.6191988275525159,12282.0,4420.0,546.29,NVIDIA GeForce RTX 4070,[N/A],Enabled,Enabled
1701974713.448864,0,GPU-93ae0c7f-c327-aee3-adae-bc0d1dae71ea,0.16,0.2960429897410845,12282.0,8389.0,546.29,NVIDIA GeForce RTX 4070,[N/A],Enabled,Enabled
1701974714.449425,0,GPU-93ae0c7f-c327-aee3-adae-bc0d1dae71ea,0.16,0.2961244097052597,12282.0,8388.0,546.29,NVIDIA GeForce RTX 4070,[N/A],Enabled,Enabled
1701974715.448558,0,GPU-93ae0c7f-c327-aee3-adae-bc0d1dae71ea,0.17,0.2949031102426315,12282.0,8403.0,546.29,NVIDIA GeForce RTX 4070,[N/A],Enabled,Enabled
1701974716.44844,0,GPU-93ae0c7f-c327-aee3-adae-bc0d1dae71ea,0.16,0.2949845302068067,12282.0,8402.0,546.29,NVIDIA GeForce RTX 4070,[N/A],Enabled,Enabled
