timestamp,id,uuid,load,memoryUtil,memoryTotal,memoryUsed,memoryFree,driver,name,serial,display_mode,display_active
1709486166.370949,0,GPU-93ae0c7f-c327-aee3-adae-bc0d1dae71ea,0.14,0.22007816316560821,12282.0,9308.0,551.52,NVIDIA GeForce RTX 4070,[N/A],Enabled,Enabled
1709486167.367789,0,GPU-93ae0c7f-c327-aee3-adae-bc0d1dae71ea,0.16,0.22007816316560821,12282.0,9308.0,551.52,NVIDIA GeForce RTX 4070,[N/A],Enabled,Enabled
1709486168.368047,0,GPU-93ae0c7f-c327-aee3-adae-bc0d1dae71ea,0.13,0.22007816316560821,12282.0,9308.0,551.52,NVIDIA GeForce RTX 4070,[N/A],Enabled,Enabled
1709486169.36795,0,GPU-93ae0c7f-c327-aee3-adae-bc0d1dae71ea,0.14,0.22007816316560821,12282.0,9308.0,551.52,NVIDIA GeForce RTX 4070,[N/A],Enabled,Enabled
1709486170.367633,0,GPU-93ae0c7f-c327-aee3-adae-bc0d1dae71ea,0.14,0.22007816316560821,12282.0,9308.0,551.52,NVIDIA GeForce RTX 4070,[N/A],Enabled,Enabled
1709486171.368365,0,GPU-93ae0c7f-c327-aee3-adae-bc0d1dae71ea,0.14,0.22007816316560821,12282.0,9308.0,551.52,NVIDIA GeForce RTX 4070,[N/A],Enabled,Enabled
1709486172.368796,0,GPU-93ae0c7f-c327-aee3-adae-bc0d1dae71ea,0.13,0.22007816316560821,12282.0,9308.0,551.52,NVIDIA GeForce RTX 4070,[N/A],Enabled,Enabled
1709486173.368463,0,GPU-93ae0c7f-c327-aee3-adae-bc0d1dae71ea,0.13,0.22007816316560821,12282.0,9308.0,551.52,NVIDIA GeForce RTX 4070,[N/A],Enabled,Enabled
1709486174.367747,0,GPU-93ae0c7f-c327-aee3-adae-bc0d1dae71ea,0.13,0.22007816316560821,12282.0,9308.0,551.52,NVIDIA GeForce RTX 4070,[N/A],Enabled,Enabled
1709486175.369068,0,GPU-93ae0c7f-c327-aee3-adae-bc0d1dae71ea,0.14,0.22007816316560821,12282.0,9308.0,551.52,NVIDIA GeForce RTX 4070,[N/A],Enabled,Enabled
1709486176.36886,0,GPU-93ae0c7f-c327-aee3-adae-bc0d1dae71ea,0.13,0.22007816316560821,12282.0,9308.0,551.52,NVIDIA GeForce RTX 4070,[N/A],Enabled,Enabled
1709486177.368634,0,GPU-93ae0c7f-c327-aee3-adae-bc0d1dae71ea,0.14,0.22007816316560821,12282.0,9308.0,551.52,NVIDIA GeForce RTX 4070,[N/A],Enabled,Enabled
1709486178.368573,0,GPU-93ae0c7f-c327-aee3-adae-bc0d1dae71ea,0.14,0.22007816316560821,12282.0,9308.0,551.52,NVIDIA GeForce RTX 4070,[N/A],Enabled,Enabled
1709486179.368295,0,GPU-93ae0c7f-c327-aee3-adae-bc0d1dae71ea,0.14,0.22007816316560821,12282.0,9308.0,551.52,NVIDIA GeForce RTX 4070,[N/A],Enabled,Enabled
1709486180.368593,0,GPU-93ae0c7f-c327-aee3-adae-bc0d1dae71ea,0.14,0.22007816316560821,12282.0,9308.0,551.52,NVIDIA GeForce RTX 4070,[N/A],Enabled,Enabled
1709486181.367818,0,GPU-93ae0c7f-c327-aee3-adae-bc0d1dae71ea,0.15,0.21975248330890734,12282.0,9312.0,551.52,NVIDIA GeForce RTX 4070,[N/A],Enabled,Enabled
1709486182.368463,0,GPU-93ae0c7f-c327-aee3-adae-bc0d1dae71ea,0.16,0.2220322423058134,12282.0,9284.0,551.52,NVIDIA GeForce RTX 4070,[N/A],Enabled,Enabled
1709486183.368427,0,GPU-93ae0c7f-c327-aee3-adae-bc0d1dae71ea,0.13,0.21869402377462954,12282.0,9325.0,551.52,NVIDIA GeForce RTX 4070,[N/A],Enabled,Enabled
1709486184.368044,0,GPU-93ae0c7f-c327-aee3-adae-bc0d1dae71ea,0.12,0.21844976388210388,12282.0,9328.0,551.52,NVIDIA GeForce RTX 4070,[N/A],Enabled,Enabled
1709486185.368146,0,GPU-93ae0c7f-c327-aee3-adae-bc0d1dae71ea,0.12,0.21844976388210388,12282.0,9328.0,551.52,NVIDIA GeForce RTX 4070,[N/A],Enabled,Enabled
1709486186.3681,0,GPU-93ae0c7f-c327-aee3-adae-bc0d1dae71ea,0.12,0.21844976388210388,12282.0,9328.0,551.52,NVIDIA GeForce RTX 4070,[N/A],Enabled,Enabled
1709486187.36878,0,GPU-93ae0c7f-c327-aee3-adae-bc0d1dae71ea,0.12,0.21844976388210388,12282.0,9328.0,551.52,NVIDIA GeForce RTX 4070,[N/A],Enabled,Enabled
1709486188.368389,0,GPU-93ae0c7f-c327-aee3-adae-bc0d1dae71ea,0.12,0.21844976388210388,12282.0,9328.0,551.52,NVIDIA GeForce RTX 4070,[N/A],Enabled,Enabled
1709486189.368061,0,GPU-93ae0c7f-c327-aee3-adae-bc0d1dae71ea,0.12,0.21844976388210388,12282.0,9328.0,551.52,NVIDIA GeForce RTX 4070,[N/A],Enabled,Enabled
1709486190.368625,0,GPU-93ae0c7f-c327-aee3-adae-bc0d1dae71ea,0.12,0.21844976388210388,12282.0,9328.0,551.52,NVIDIA GeForce RTX 4070,[N/A],Enabled,Enabled
1709486191.367845,0,GPU-93ae0c7f-c327-aee3-adae-bc0d1dae71ea,0.12,0.21844976388210388,12282.0,9328.0,551.52,NVIDIA GeForce RTX 4070,[N/A],Enabled,Enabled
1709486192.3684,0,GPU-93ae0c7f-c327-aee3-adae-bc0d1dae71ea,0.12,0.21844976388210388,12282.0,9328.0,551.52,NVIDIA GeForce RTX 4070,[N/A],Enabled,Enabled
1709486193.368864,0,GPU-93ae0c7f-c327-aee3-adae-bc0d1dae71ea,0.12,0.21844976388210388,12282.0,9328.0,551.52,NVIDIA GeForce RTX 4070,[N/A],Enabled,Enabled
1709486194.368258,0,GPU-93ae0c7f-c327-aee3-adae-bc0d1dae71ea,0.12,0.21844976388210388,12282.0,9328.0,551.52,NVIDIA GeForce RTX 4070,[N/A],Enabled,Enabled
1709486195.367601,0,GPU-93ae0c7f-c327-aee3-adae-bc0d1dae71ea,0.12,0.21844976388210388,12282.0,9328.0,551.52,NVIDIA GeForce RTX 4070,[N/A],Enabled,Enabled
1709486196.367668,0,GPU-93ae0c7f-c327-aee3-adae-bc0d1dae71ea,0.12,0.21844976388210388,12282.0,9328.0,551.52,NVIDIA GeForce RTX 4070,[N/A],Enabled,Enabled
1709486197.368685,0,GPU-93ae0c7f-c327-aee3-adae-bc0d1dae71ea,0.12,0.21844976388210388,12282.0,9328.0,551.52,NVIDIA GeForce RTX 4070,[N/A],Enabled,Enabled
1709486198.368281,0,GPU-93ae0c7f-c327-aee3-adae-bc0d1dae71ea,0.12,0.21844976388210388,12282.0,9328.0,551.52,NVIDIA GeForce RTX 4070,[N/A],Enabled,Enabled
1709486199.368868,0,GPU-93ae0c7f-c327-aee3-adae-bc0d1dae71ea,0.12,0.21844976388210388,12282.0,9328.0,551.52,NVIDIA GeForce RTX 4070,[N/A],Enabled,Enabled
1709486200.36835,0,GPU-93ae0c7f-c327-aee3-adae-bc0d1dae71ea,0.12,0.21844976388210388,12282.0,9328.0,551.52,NVIDIA GeForce RTX 4070,[N/A],Enabled,Enabled
1709486201.367761,0,GPU-93ae0c7f-c327-aee3-adae-bc0d1dae71ea,0.12,0.21844976388210388,12282.0,9328.0,551.52,NVIDIA GeForce RTX 4070,[N/A],Enabled,Enabled
1709486202.369191,0,GPU-93ae0c7f-c327-aee3-adae-bc0d1dae71ea,0.13,0.2216251424849373,12282.0,9289.0,551.52,NVIDIA GeForce RTX 4070,[N/A],Enabled,Enabled
1709486203.36789,0,GPU-93ae0c7f-c327-aee3-adae-bc0d1dae71ea,0.14,0.3161537208923628,12282.0,8128.0,551.52,NVIDIA GeForce RTX 4070,[N/A],Enabled,Enabled
1709486204.368125,0,GPU-93ae0c7f-c327-aee3-adae-bc0d1dae71ea,0.08,0.284155674971503,12282.0,8521.0,551.52,NVIDIA GeForce RTX 4070,[N/A],Enabled,Enabled
1709486205.368106,0,GPU-93ae0c7f-c327-aee3-adae-bc0d1dae71ea,0.08,0.284155674971503,12282.0,8521.0,551.52,NVIDIA GeForce RTX 4070,[N/A],Enabled,Enabled
1709486206.367695,0,GPU-93ae0c7f-c327-aee3-adae-bc0d1dae71ea,0.08,0.284155674971503,12282.0,8521.0,551.52,NVIDIA GeForce RTX 4070,[N/A],Enabled,Enabled
1709486207.367682,0,GPU-93ae0c7f-c327-aee3-adae-bc0d1dae71ea,0.08,0.21967106334473213,12282.0,9313.0,551.52,NVIDIA GeForce RTX 4070,[N/A],Enabled,Enabled
1709486208.367506,0,GPU-93ae0c7f-c327-aee3-adae-bc0d1dae71ea,0.07,0.41825435596808336,12282.0,6874.0,551.52,NVIDIA GeForce RTX 4070,[N/A],Enabled,Enabled
1709486209.368381,0,GPU-93ae0c7f-c327-aee3-adae-bc0d1dae71ea,0.28,0.3993649242794333,12282.0,7106.0,551.52,NVIDIA GeForce RTX 4070,[N/A],Enabled,Enabled
1709486210.368594,0,GPU-93ae0c7f-c327-aee3-adae-bc0d1dae71ea,0.26,0.3993649242794333,12282.0,7106.0,551.52,NVIDIA GeForce RTX 4070,[N/A],Enabled,Enabled
1709486211.368374,0,GPU-93ae0c7f-c327-aee3-adae-bc0d1dae71ea,0.25,0.3950496661781469,12282.0,7159.0,551.52,NVIDIA GeForce RTX 4070,[N/A],Enabled,Enabled
1709486212.368779,0,GPU-93ae0c7f-c327-aee3-adae-bc0d1dae71ea,0.25,0.3950496661781469,12282.0,7159.0,551.52,NVIDIA GeForce RTX 4070,[N/A],Enabled,Enabled
1709486213.369074,0,GPU-93ae0c7f-c327-aee3-adae-bc0d1dae71ea,0.25,0.3950496661781469,12282.0,7159.0,551.52,NVIDIA GeForce RTX 4070,[N/A],Enabled,Enabled
1709486214.36865,0,GPU-93ae0c7f-c327-aee3-adae-bc0d1dae71ea,0.27,0.3992835043152581,12282.0,7107.0,551.52,NVIDIA GeForce RTX 4070,[N/A],Enabled,Enabled
1709486215.368185,0,GPU-93ae0c7f-c327-aee3-adae-bc0d1dae71ea,0.23,0.43347988926884873,12282.0,6687.0,551.52,NVIDIA GeForce RTX 4070,[N/A],Enabled,Enabled
1709486216.368193,0,GPU-93ae0c7f-c327-aee3-adae-bc0d1dae71ea,0.28,0.4001791239211855,12282.0,7096.0,551.52,NVIDIA GeForce RTX 4070,[N/A],Enabled,Enabled
1709486217.367825,0,GPU-93ae0c7f-c327-aee3-adae-bc0d1dae71ea,0.28,0.4001791239211855,12282.0,7096.0,551.52,NVIDIA GeForce RTX 4070,[N/A],Enabled,Enabled
1709486218.368771,0,GPU-93ae0c7f-c327-aee3-adae-bc0d1dae71ea,0.28,0.4001791239211855,12282.0,7096.0,551.52,NVIDIA GeForce RTX 4070,[N/A],Enabled,Enabled
1709486219.368095,0,GPU-93ae0c7f-c327-aee3-adae-bc0d1dae71ea,0.27,0.4001791239211855,12282.0,7096.0,551.52,NVIDIA GeForce RTX 4070,[N/A],Enabled,Enabled
1709486220.368253,0,GPU-93ae0c7f-c327-aee3-adae-bc0d1dae71ea,0.28,0.4001791239211855,12282.0,7096.0,551.52,NVIDIA GeForce RTX 4070,[N/A],Enabled,Enabled
1709486221.369245,0,GPU-93ae0c7f-c327-aee3-adae-bc0d1dae71ea,0.26,0.4002605438853607,12282.0,7095.0,551.52,NVIDIA GeForce RTX 4070,[N/A],Enabled,Enabled
1709486222.368561,0,GPU-93ae0c7f-c327-aee3-adae-bc0d1dae71ea,0.26,0.39594528578407423,12282.0,7148.0,551.52,NVIDIA GeForce RTX 4070,[N/A],Enabled,Enabled
1709486223.368234,0,GPU-93ae0c7f-c327-aee3-adae-bc0d1dae71ea,0.26,0.4001791239211855,12282.0,7096.0,551.52,NVIDIA GeForce RTX 4070,[N/A],Enabled,Enabled
1709486224.368611,0,GPU-93ae0c7f-c327-aee3-adae-bc0d1dae71ea,0.28,0.4001791239211855,12282.0,7096.0,551.52,NVIDIA GeForce RTX 4070,[N/A],Enabled,Enabled
1709486225.368082,0,GPU-93ae0c7f-c327-aee3-adae-bc0d1dae71ea,0.28,0.4001791239211855,12282.0,7096.0,551.52,NVIDIA GeForce RTX 4070,[N/A],Enabled,Enabled
1709486226.368512,0,GPU-93ae0c7f-c327-aee3-adae-bc0d1dae71ea,0.26,0.39594528578407423,12282.0,7148.0,551.52,NVIDIA GeForce RTX 4070,[N/A],Enabled,Enabled
1709486227.368756,0,GPU-93ae0c7f-c327-aee3-adae-bc0d1dae71ea,0.21,0.3979807848884547,12282.0,7123.0,551.52,NVIDIA GeForce RTX 4070,[N/A],Enabled,Enabled
1709486228.368078,0,GPU-93ae0c7f-c327-aee3-adae-bc0d1dae71ea,0.35,0.40400586223742063,12282.0,7049.0,551.52,NVIDIA GeForce RTX 4070,[N/A],Enabled,Enabled
1709486229.367765,0,GPU-93ae0c7f-c327-aee3-adae-bc0d1dae71ea,0.4,0.40400586223742063,12282.0,7049.0,551.52,NVIDIA GeForce RTX 4070,[N/A],Enabled,Enabled
1709486230.367884,0,GPU-93ae0c7f-c327-aee3-adae-bc0d1dae71ea,0.33,0.40400586223742063,12282.0,7049.0,551.52,NVIDIA GeForce RTX 4070,[N/A],Enabled,Enabled
1709486231.367579,0,GPU-93ae0c7f-c327-aee3-adae-bc0d1dae71ea,0.35,0.40400586223742063,12282.0,7049.0,551.52,NVIDIA GeForce RTX 4070,[N/A],Enabled,Enabled
1709486232.368713,0,GPU-93ae0c7f-c327-aee3-adae-bc0d1dae71ea,0.37,0.40400586223742063,12282.0,7049.0,551.52,NVIDIA GeForce RTX 4070,[N/A],Enabled,Enabled
1709486233.367754,0,GPU-93ae0c7f-c327-aee3-adae-bc0d1dae71ea,0.33,0.40400586223742063,12282.0,7049.0,551.52,NVIDIA GeForce RTX 4070,[N/A],Enabled,Enabled
1709486234.36818,0,GPU-93ae0c7f-c327-aee3-adae-bc0d1dae71ea,0.32,0.40400586223742063,12282.0,7049.0,551.52,NVIDIA GeForce RTX 4070,[N/A],Enabled,Enabled
1709486235.367591,0,GPU-93ae0c7f-c327-aee3-adae-bc0d1dae71ea,0.34,0.40400586223742063,12282.0,7049.0,551.52,NVIDIA GeForce RTX 4070,[N/A],Enabled,Enabled
1709486236.368563,0,GPU-93ae0c7f-c327-aee3-adae-bc0d1dae71ea,0.34,0.40400586223742063,12282.0,7049.0,551.52,NVIDIA GeForce RTX 4070,[N/A],Enabled,Enabled
1709486237.367776,0,GPU-93ae0c7f-c327-aee3-adae-bc0d1dae71ea,0.34,0.40400586223742063,12282.0,7049.0,551.52,NVIDIA GeForce RTX 4070,[N/A],Enabled,Enabled
1709486238.368084,0,GPU-93ae0c7f-c327-aee3-adae-bc0d1dae71ea,0.34,0.40400586223742063,12282.0,7049.0,551.52,NVIDIA GeForce RTX 4070,[N/A],Enabled,Enabled
1709486239.368657,0,GPU-93ae0c7f-c327-aee3-adae-bc0d1dae71ea,0.37,0.40400586223742063,12282.0,7049.0,551.52,NVIDIA GeForce RTX 4070,[N/A],Enabled,Enabled
1709486240.368342,0,GPU-93ae0c7f-c327-aee3-adae-bc0d1dae71ea,0.34,0.40400586223742063,12282.0,7049.0,551.52,NVIDIA GeForce RTX 4070,[N/A],Enabled,Enabled
1709486241.368264,0,GPU-93ae0c7f-c327-aee3-adae-bc0d1dae71ea,0.34,0.40400586223742063,12282.0,7049.0,551.52,NVIDIA GeForce RTX 4070,[N/A],Enabled,Enabled
1709486242.368007,0,GPU-93ae0c7f-c327-aee3-adae-bc0d1dae71ea,0.33,0.40400586223742063,12282.0,7049.0,551.52,NVIDIA GeForce RTX 4070,[N/A],Enabled,Enabled
1709486243.36811,0,GPU-93ae0c7f-c327-aee3-adae-bc0d1dae71ea,0.37,0.40400586223742063,12282.0,7049.0,551.52,NVIDIA GeForce RTX 4070,[N/A],Enabled,Enabled
1709486244.36899,0,GPU-93ae0c7f-c327-aee3-adae-bc0d1dae71ea,0.35,0.40400586223742063,12282.0,7049.0,551.52,NVIDIA GeForce RTX 4070,[N/A],Enabled,Enabled
1709486245.36912,0,GPU-93ae0c7f-c327-aee3-adae-bc0d1dae71ea,0.37,0.40400586223742063,12282.0,7049.0,551.52,NVIDIA GeForce RTX 4070,[N/A],Enabled,Enabled
1709486246.367539,0,GPU-93ae0c7f-c327-aee3-adae-bc0d1dae71ea,0.34,0.40400586223742063,12282.0,7049.0,551.52,NVIDIA GeForce RTX 4070,[N/A],Enabled,Enabled
1709486247.368634,0,GPU-93ae0c7f-c327-aee3-adae-bc0d1dae71ea,0.33,0.40400586223742063,12282.0,7049.0,551.52,NVIDIA GeForce RTX 4070,[N/A],Enabled,Enabled
1709486248.368493,0,GPU-93ae0c7f-c327-aee3-adae-bc0d1dae71ea,0.35,0.40400586223742063,12282.0,7049.0,551.52,NVIDIA GeForce RTX 4070,[N/A],Enabled,Enabled
1709486249.368538,0,GPU-93ae0c7f-c327-aee3-adae-bc0d1dae71ea,0.34,0.40400586223742063,12282.0,7049.0,551.52,NVIDIA GeForce RTX 4070,[N/A],Enabled,Enabled
1709486250.368097,0,GPU-93ae0c7f-c327-aee3-adae-bc0d1dae71ea,0.35,0.40400586223742063,12282.0,7049.0,551.52,NVIDIA GeForce RTX 4070,[N/A],Enabled,Enabled
1709486251.368421,0,GPU-93ae0c7f-c327-aee3-adae-bc0d1dae71ea,0.36,0.40400586223742063,12282.0,7049.0,551.52,NVIDIA GeForce RTX 4070,[N/A],Enabled,Enabled
1709486252.368414,0,GPU-93ae0c7f-c327-aee3-adae-bc0d1dae71ea,0.37,0.40400586223742063,12282.0,7049.0,551.52,NVIDIA GeForce RTX 4070,[N/A],Enabled,Enabled
1709486253.367633,0,GPU-93ae0c7f-c327-aee3-adae-bc0d1dae71ea,0.37,0.40400586223742063,12282.0,7049.0,551.52,NVIDIA GeForce RTX 4070,[N/A],Enabled,Enabled
1709486254.368782,0,GPU-93ae0c7f-c327-aee3-adae-bc0d1dae71ea,0.36,0.40400586223742063,12282.0,7049.0,551.52,NVIDIA GeForce RTX 4070,[N/A],Enabled,Enabled
1709486255.368123,0,GPU-93ae0c7f-c327-aee3-adae-bc0d1dae71ea,0.4,0.40400586223742063,12282.0,7049.0,551.52,NVIDIA GeForce RTX 4070,[N/A],Enabled,Enabled
1709486256.368393,0,GPU-93ae0c7f-c327-aee3-adae-bc0d1dae71ea,0.4,0.40400586223742063,12282.0,7049.0,551.52,NVIDIA GeForce RTX 4070,[N/A],Enabled,Enabled
1709486257.368046,0,GPU-93ae0c7f-c327-aee3-adae-bc0d1dae71ea,0.34,0.40400586223742063,12282.0,7049.0,551.52,NVIDIA GeForce RTX 4070,[N/A],Enabled,Enabled
1709486258.368957,0,GPU-93ae0c7f-c327-aee3-adae-bc0d1dae71ea,0.36,0.40400586223742063,12282.0,7049.0,551.52,NVIDIA GeForce RTX 4070,[N/A],Enabled,Enabled
1709486259.368163,0,GPU-93ae0c7f-c327-aee3-adae-bc0d1dae71ea,0.34,0.40400586223742063,12282.0,7049.0,551.52,NVIDIA GeForce RTX 4070,[N/A],Enabled,Enabled
1709486260.368586,0,GPU-93ae0c7f-c327-aee3-adae-bc0d1dae71ea,0.35,0.40400586223742063,12282.0,7049.0,551.52,NVIDIA GeForce RTX 4070,[N/A],Enabled,Enabled
1709486261.368708,0,GPU-93ae0c7f-c327-aee3-adae-bc0d1dae71ea,0.35,0.40400586223742063,12282.0,7049.0,551.52,NVIDIA GeForce RTX 4070,[N/A],Enabled,Enabled
1709486262.367962,0,GPU-93ae0c7f-c327-aee3-adae-bc0d1dae71ea,0.33,0.40400586223742063,12282.0,7049.0,551.52,NVIDIA GeForce RTX 4070,[N/A],Enabled,Enabled
1709486263.368234,0,GPU-93ae0c7f-c327-aee3-adae-bc0d1dae71ea,0.34,0.40400586223742063,12282.0,7049.0,551.52,NVIDIA GeForce RTX 4070,[N/A],Enabled,Enabled
1709486264.368072,0,GPU-93ae0c7f-c327-aee3-adae-bc0d1dae71ea,0.31,0.40400586223742063,12282.0,7049.0,551.52,NVIDIA GeForce RTX 4070,[N/A],Enabled,Enabled
1709486265.368895,0,GPU-93ae0c7f-c327-aee3-adae-bc0d1dae71ea,0.34,0.40400586223742063,12282.0,7049.0,551.52,NVIDIA GeForce RTX 4070,[N/A],Enabled,Enabled
1709486266.368626,0,GPU-93ae0c7f-c327-aee3-adae-bc0d1dae71ea,0.33,0.40400586223742063,12282.0,7049.0,551.52,NVIDIA GeForce RTX 4070,[N/A],Enabled,Enabled
1709486267.368547,0,GPU-93ae0c7f-c327-aee3-adae-bc0d1dae71ea,0.34,0.40400586223742063,12282.0,7049.0,551.52,NVIDIA GeForce RTX 4070,[N/A],Enabled,Enabled
1709486268.36807,0,GPU-93ae0c7f-c327-aee3-adae-bc0d1dae71ea,0.32,0.40400586223742063,12282.0,7049.0,551.52,NVIDIA GeForce RTX 4070,[N/A],Enabled,Enabled
1709486269.368128,0,GPU-93ae0c7f-c327-aee3-adae-bc0d1dae71ea,0.35,0.40400586223742063,12282.0,7049.0,551.52,NVIDIA GeForce RTX 4070,[N/A],Enabled,Enabled
1709486270.368128,0,GPU-93ae0c7f-c327-aee3-adae-bc0d1dae71ea,0.35,0.40400586223742063,12282.0,7049.0,551.52,NVIDIA GeForce RTX 4070,[N/A],Enabled,Enabled
1709486271.368039,0,GPU-93ae0c7f-c327-aee3-adae-bc0d1dae71ea,0.35,0.40400586223742063,12282.0,7049.0,551.52,NVIDIA GeForce RTX 4070,[N/A],Enabled,Enabled
1709486272.367633,0,GPU-93ae0c7f-c327-aee3-adae-bc0d1dae71ea,0.37,0.40400586223742063,12282.0,7049.0,551.52,NVIDIA GeForce RTX 4070,[N/A],Enabled,Enabled
1709486273.369281,0,GPU-93ae0c7f-c327-aee3-adae-bc0d1dae71ea,0.33,0.40400586223742063,12282.0,7049.0,551.52,NVIDIA GeForce RTX 4070,[N/A],Enabled,Enabled
1709486274.368229,0,GPU-93ae0c7f-c327-aee3-adae-bc0d1dae71ea,0.32,0.40400586223742063,12282.0,7049.0,551.52,NVIDIA GeForce RTX 4070,[N/A],Enabled,Enabled
1709486275.367798,0,GPU-93ae0c7f-c327-aee3-adae-bc0d1dae71ea,0.35,0.40400586223742063,12282.0,7049.0,551.52,NVIDIA GeForce RTX 4070,[N/A],Enabled,Enabled
1709486276.368416,0,GPU-93ae0c7f-c327-aee3-adae-bc0d1dae71ea,0.34,0.40400586223742063,12282.0,7049.0,551.52,NVIDIA GeForce RTX 4070,[N/A],Enabled,Enabled
1709486277.368192,0,GPU-93ae0c7f-c327-aee3-adae-bc0d1dae71ea,0.37,0.40400586223742063,12282.0,7049.0,551.52,NVIDIA GeForce RTX 4070,[N/A],Enabled,Enabled
1709486278.368045,0,GPU-93ae0c7f-c327-aee3-adae-bc0d1dae71ea,0.34,0.40400586223742063,12282.0,7049.0,551.52,NVIDIA GeForce RTX 4070,[N/A],Enabled,Enabled
1709486279.369223,0,GPU-93ae0c7f-c327-aee3-adae-bc0d1dae71ea,0.37,0.40400586223742063,12282.0,7049.0,551.52,NVIDIA GeForce RTX 4070,[N/A],Enabled,Enabled
1709486280.368709,0,GPU-93ae0c7f-c327-aee3-adae-bc0d1dae71ea,0.35,0.40400586223742063,12282.0,7049.0,551.52,NVIDIA GeForce RTX 4070,[N/A],Enabled,Enabled
1709486281.368232,0,GPU-93ae0c7f-c327-aee3-adae-bc0d1dae71ea,0.36,0.40400586223742063,12282.0,7049.0,551.52,NVIDIA GeForce RTX 4070,[N/A],Enabled,Enabled
1709486282.368053,0,GPU-93ae0c7f-c327-aee3-adae-bc0d1dae71ea,0.37,0.40400586223742063,12282.0,7049.0,551.52,NVIDIA GeForce RTX 4070,[N/A],Enabled,Enabled
1709486283.368437,0,GPU-93ae0c7f-c327-aee3-adae-bc0d1dae71ea,0.37,0.40400586223742063,12282.0,7049.0,551.52,NVIDIA GeForce RTX 4070,[N/A],Enabled,Enabled
1709486284.369176,0,GPU-93ae0c7f-c327-aee3-adae-bc0d1dae71ea,0.35,0.40400586223742063,12282.0,7049.0,551.52,NVIDIA GeForce RTX 4070,[N/A],Enabled,Enabled
1709486285.368564,0,GPU-93ae0c7f-c327-aee3-adae-bc0d1dae71ea,0.33,0.40400586223742063,12282.0,7049.0,551.52,NVIDIA GeForce RTX 4070,[N/A],Enabled,Enabled
1709486286.368634,0,GPU-93ae0c7f-c327-aee3-adae-bc0d1dae71ea,0.34,0.40400586223742063,12282.0,7049.0,551.52,NVIDIA GeForce RTX 4070,[N/A],Enabled,Enabled
1709486287.368672,0,GPU-93ae0c7f-c327-aee3-adae-bc0d1dae71ea,0.37,0.40400586223742063,12282.0,7049.0,551.52,NVIDIA GeForce RTX 4070,[N/A],Enabled,Enabled
1709486288.3684,0,GPU-93ae0c7f-c327-aee3-adae-bc0d1dae71ea,0.33,0.40400586223742063,12282.0,7049.0,551.52,NVIDIA GeForce RTX 4070,[N/A],Enabled,Enabled
1709486289.368176,0,GPU-93ae0c7f-c327-aee3-adae-bc0d1dae71ea,0.38,0.40400586223742063,12282.0,7049.0,551.52,NVIDIA GeForce RTX 4070,[N/A],Enabled,Enabled
1709486290.367873,0,GPU-93ae0c7f-c327-aee3-adae-bc0d1dae71ea,0.33,0.40400586223742063,12282.0,7049.0,551.52,NVIDIA GeForce RTX 4070,[N/A],Enabled,Enabled
1709486291.36921,0,GPU-93ae0c7f-c327-aee3-adae-bc0d1dae71ea,0.35,0.40400586223742063,12282.0,7049.0,551.52,NVIDIA GeForce RTX 4070,[N/A],Enabled,Enabled
1709486292.368609,0,GPU-93ae0c7f-c327-aee3-adae-bc0d1dae71ea,0.35,0.40400586223742063,12282.0,7049.0,551.52,NVIDIA GeForce RTX 4070,[N/A],Enabled,Enabled
1709486293.367819,0,GPU-93ae0c7f-c327-aee3-adae-bc0d1dae71ea,0.37,0.40400586223742063,12282.0,7049.0,551.52,NVIDIA GeForce RTX 4070,[N/A],Enabled,Enabled
1709486294.368501,0,GPU-93ae0c7f-c327-aee3-adae-bc0d1dae71ea,0.34,0.40400586223742063,12282.0,7049.0,551.52,NVIDIA GeForce RTX 4070,[N/A],Enabled,Enabled
1709486295.368468,0,GPU-93ae0c7f-c327-aee3-adae-bc0d1dae71ea,0.37,0.40400586223742063,12282.0,7049.0,551.52,NVIDIA GeForce RTX 4070,[N/A],Enabled,Enabled
1709486296.368483,0,GPU-93ae0c7f-c327-aee3-adae-bc0d1dae71ea,0.37,0.40400586223742063,12282.0,7049.0,551.52,NVIDIA GeForce RTX 4070,[N/A],Enabled,Enabled
1709486297.368588,0,GPU-93ae0c7f-c327-aee3-adae-bc0d1dae71ea,0.37,0.40400586223742063,12282.0,7049.0,551.52,NVIDIA GeForce RTX 4070,[N/A],Enabled,Enabled
1709486298.368315,0,GPU-93ae0c7f-c327-aee3-adae-bc0d1dae71ea,0.36,0.40400586223742063,12282.0,7049.0,551.52,NVIDIA GeForce RTX 4070,[N/A],Enabled,Enabled
1709486299.36817,0,GPU-93ae0c7f-c327-aee3-adae-bc0d1dae71ea,0.38,0.40400586223742063,12282.0,7049.0,551.52,NVIDIA GeForce RTX 4070,[N/A],Enabled,Enabled
1709486300.367895,0,GPU-93ae0c7f-c327-aee3-adae-bc0d1dae71ea,0.33,0.40400586223742063,12282.0,7049.0,551.52,NVIDIA GeForce RTX 4070,[N/A],Enabled,Enabled
1709486301.367854,0,GPU-93ae0c7f-c327-aee3-adae-bc0d1dae71ea,0.4,0.40400586223742063,12282.0,7049.0,551.52,NVIDIA GeForce RTX 4070,[N/A],Enabled,Enabled
1709486302.368735,0,GPU-93ae0c7f-c327-aee3-adae-bc0d1dae71ea,0.34,0.40400586223742063,12282.0,7049.0,551.52,NVIDIA GeForce RTX 4070,[N/A],Enabled,Enabled
1709486303.367916,0,GPU-93ae0c7f-c327-aee3-adae-bc0d1dae71ea,0.35,0.40400586223742063,12282.0,7049.0,551.52,NVIDIA GeForce RTX 4070,[N/A],Enabled,Enabled
1709486304.368365,0,GPU-93ae0c7f-c327-aee3-adae-bc0d1dae71ea,0.39,0.40400586223742063,12282.0,7049.0,551.52,NVIDIA GeForce RTX 4070,[N/A],Enabled,Enabled
1709486305.368453,0,GPU-93ae0c7f-c327-aee3-adae-bc0d1dae71ea,0.36,0.40400586223742063,12282.0,7049.0,551.52,NVIDIA GeForce RTX 4070,[N/A],Enabled,Enabled
1709486306.368822,0,GPU-93ae0c7f-c327-aee3-adae-bc0d1dae71ea,0.34,0.40400586223742063,12282.0,7049.0,551.52,NVIDIA GeForce RTX 4070,[N/A],Enabled,Enabled
1709486307.368514,0,GPU-93ae0c7f-c327-aee3-adae-bc0d1dae71ea,0.38,0.40400586223742063,12282.0,7049.0,551.52,NVIDIA GeForce RTX 4070,[N/A],Enabled,Enabled
1709486308.368083,0,GPU-93ae0c7f-c327-aee3-adae-bc0d1dae71ea,0.36,0.40400586223742063,12282.0,7049.0,551.52,NVIDIA GeForce RTX 4070,[N/A],Enabled,Enabled
1709486309.368302,0,GPU-93ae0c7f-c327-aee3-adae-bc0d1dae71ea,0.33,0.40400586223742063,12282.0,7049.0,551.52,NVIDIA GeForce RTX 4070,[N/A],Enabled,Enabled
1709486310.367849,0,GPU-93ae0c7f-c327-aee3-adae-bc0d1dae71ea,0.33,0.40400586223742063,12282.0,7049.0,551.52,NVIDIA GeForce RTX 4070,[N/A],Enabled,Enabled
1709486311.36789,0,GPU-93ae0c7f-c327-aee3-adae-bc0d1dae71ea,0.34,0.40400586223742063,12282.0,7049.0,551.52,NVIDIA GeForce RTX 4070,[N/A],Enabled,Enabled
1709486312.367801,0,GPU-93ae0c7f-c327-aee3-adae-bc0d1dae71ea,0.35,0.40400586223742063,12282.0,7049.0,551.52,NVIDIA GeForce RTX 4070,[N/A],Enabled,Enabled
1709486313.36843,0,GPU-93ae0c7f-c327-aee3-adae-bc0d1dae71ea,0.34,0.40400586223742063,12282.0,7049.0,551.52,NVIDIA GeForce RTX 4070,[N/A],Enabled,Enabled
1709486314.368398,0,GPU-93ae0c7f-c327-aee3-adae-bc0d1dae71ea,0.33,0.40400586223742063,12282.0,7049.0,551.52,NVIDIA GeForce RTX 4070,[N/A],Enabled,Enabled
1709486315.368169,0,GPU-93ae0c7f-c327-aee3-adae-bc0d1dae71ea,0.35,0.40400586223742063,12282.0,7049.0,551.52,NVIDIA GeForce RTX 4070,[N/A],Enabled,Enabled
1709486316.368404,0,GPU-93ae0c7f-c327-aee3-adae-bc0d1dae71ea,0.33,0.40400586223742063,12282.0,7049.0,551.52,NVIDIA GeForce RTX 4070,[N/A],Enabled,Enabled
1709486317.368396,0,GPU-93ae0c7f-c327-aee3-adae-bc0d1dae71ea,0.34,0.40400586223742063,12282.0,7049.0,551.52,NVIDIA GeForce RTX 4070,[N/A],Enabled,Enabled
1709486318.367544,0,GPU-93ae0c7f-c327-aee3-adae-bc0d1dae71ea,0.35,0.40400586223742063,12282.0,7049.0,551.52,NVIDIA GeForce RTX 4070,[N/A],Enabled,Enabled
1709486319.367881,0,GPU-93ae0c7f-c327-aee3-adae-bc0d1dae71ea,0.36,0.40400586223742063,12282.0,7049.0,551.52,NVIDIA GeForce RTX 4070,[N/A],Enabled,Enabled
1709486320.367908,0,GPU-93ae0c7f-c327-aee3-adae-bc0d1dae71ea,0.36,0.40400586223742063,12282.0,7049.0,551.52,NVIDIA GeForce RTX 4070,[N/A],Enabled,Enabled
1709486321.367557,0,GPU-93ae0c7f-c327-aee3-adae-bc0d1dae71ea,0.37,0.40400586223742063,12282.0,7049.0,551.52,NVIDIA GeForce RTX 4070,[N/A],Enabled,Enabled
1709486322.367603,0,GPU-93ae0c7f-c327-aee3-adae-bc0d1dae71ea,0.34,0.40400586223742063,12282.0,7049.0,551.52,NVIDIA GeForce RTX 4070,[N/A],Enabled,Enabled
1709486323.368214,0,GPU-93ae0c7f-c327-aee3-adae-bc0d1dae71ea,0.38,0.40400586223742063,12282.0,7049.0,551.52,NVIDIA GeForce RTX 4070,[N/A],Enabled,Enabled
1709486324.368393,0,GPU-93ae0c7f-c327-aee3-adae-bc0d1dae71ea,0.34,0.40400586223742063,12282.0,7049.0,551.52,NVIDIA GeForce RTX 4070,[N/A],Enabled,Enabled
1709486325.368243,0,GPU-93ae0c7f-c327-aee3-adae-bc0d1dae71ea,0.39,0.40400586223742063,12282.0,7049.0,551.52,NVIDIA GeForce RTX 4070,[N/A],Enabled,Enabled
1709486326.368856,0,GPU-93ae0c7f-c327-aee3-adae-bc0d1dae71ea,0.36,0.40400586223742063,12282.0,7049.0,551.52,NVIDIA GeForce RTX 4070,[N/A],Enabled,Enabled
1709486327.368095,0,GPU-93ae0c7f-c327-aee3-adae-bc0d1dae71ea,0.35,0.40400586223742063,12282.0,7049.0,551.52,NVIDIA GeForce RTX 4070,[N/A],Enabled,Enabled
1709486328.368762,0,GPU-93ae0c7f-c327-aee3-adae-bc0d1dae71ea,0.36,0.40400586223742063,12282.0,7049.0,551.52,NVIDIA GeForce RTX 4070,[N/A],Enabled,Enabled
1709486329.368373,0,GPU-93ae0c7f-c327-aee3-adae-bc0d1dae71ea,0.34,0.40400586223742063,12282.0,7049.0,551.52,NVIDIA GeForce RTX 4070,[N/A],Enabled,Enabled
1709486330.368262,0,GPU-93ae0c7f-c327-aee3-adae-bc0d1dae71ea,0.36,0.40400586223742063,12282.0,7049.0,551.52,NVIDIA GeForce RTX 4070,[N/A],Enabled,Enabled
1709486331.368788,0,GPU-93ae0c7f-c327-aee3-adae-bc0d1dae71ea,0.33,0.40400586223742063,12282.0,7049.0,551.52,NVIDIA GeForce RTX 4070,[N/A],Enabled,Enabled
1709486332.368295,0,GPU-93ae0c7f-c327-aee3-adae-bc0d1dae71ea,0.35,0.40400586223742063,12282.0,7049.0,551.52,NVIDIA GeForce RTX 4070,[N/A],Enabled,Enabled
1709486333.368233,0,GPU-93ae0c7f-c327-aee3-adae-bc0d1dae71ea,0.4,0.40400586223742063,12282.0,7049.0,551.52,NVIDIA GeForce RTX 4070,[N/A],Enabled,Enabled
1709486334.367875,0,GPU-93ae0c7f-c327-aee3-adae-bc0d1dae71ea,0.38,0.40400586223742063,12282.0,7049.0,551.52,NVIDIA GeForce RTX 4070,[N/A],Enabled,Enabled
1709486335.368425,0,GPU-93ae0c7f-c327-aee3-adae-bc0d1dae71ea,0.33,0.40400586223742063,12282.0,7049.0,551.52,NVIDIA GeForce RTX 4070,[N/A],Enabled,Enabled
1709486336.368447,0,GPU-93ae0c7f-c327-aee3-adae-bc0d1dae71ea,0.32,0.40400586223742063,12282.0,7049.0,551.52,NVIDIA GeForce RTX 4070,[N/A],Enabled,Enabled
1709486337.368392,0,GPU-93ae0c7f-c327-aee3-adae-bc0d1dae71ea,0.34,0.40400586223742063,12282.0,7049.0,551.52,NVIDIA GeForce RTX 4070,[N/A],Enabled,Enabled
1709486338.368611,0,GPU-93ae0c7f-c327-aee3-adae-bc0d1dae71ea,0.32,0.40400586223742063,12282.0,7049.0,551.52,NVIDIA GeForce RTX 4070,[N/A],Enabled,Enabled
1709486339.368687,0,GPU-93ae0c7f-c327-aee3-adae-bc0d1dae71ea,0.34,0.40400586223742063,12282.0,7049.0,551.52,NVIDIA GeForce RTX 4070,[N/A],Enabled,Enabled
1709486340.369,0,GPU-93ae0c7f-c327-aee3-adae-bc0d1dae71ea,0.33,0.40400586223742063,12282.0,7049.0,551.52,NVIDIA GeForce RTX 4070,[N/A],Enabled,Enabled
1709486341.367548,0,GPU-93ae0c7f-c327-aee3-adae-bc0d1dae71ea,0.38,0.40400586223742063,12282.0,7049.0,551.52,NVIDIA GeForce RTX 4070,[N/A],Enabled,Enabled
1709486342.368595,0,GPU-93ae0c7f-c327-aee3-adae-bc0d1dae71ea,0.38,0.40400586223742063,12282.0,7049.0,551.52,NVIDIA GeForce RTX 4070,[N/A],Enabled,Enabled
1709486343.368176,0,GPU-93ae0c7f-c327-aee3-adae-bc0d1dae71ea,0.37,0.40400586223742063,12282.0,7049.0,551.52,NVIDIA GeForce RTX 4070,[N/A],Enabled,Enabled
1709486344.369252,0,GPU-93ae0c7f-c327-aee3-adae-bc0d1dae71ea,0.33,0.40400586223742063,12282.0,7049.0,551.52,NVIDIA GeForce RTX 4070,[N/A],Enabled,Enabled
1709486345.368265,0,GPU-93ae0c7f-c327-aee3-adae-bc0d1dae71ea,0.41,0.40400586223742063,12282.0,7049.0,551.52,NVIDIA GeForce RTX 4070,[N/A],Enabled,Enabled
1709486346.368701,0,GPU-93ae0c7f-c327-aee3-adae-bc0d1dae71ea,0.39,0.40400586223742063,12282.0,7049.0,551.52,NVIDIA GeForce RTX 4070,[N/A],Enabled,Enabled
1709486347.368472,0,GPU-93ae0c7f-c327-aee3-adae-bc0d1dae71ea,0.34,0.40400586223742063,12282.0,7049.0,551.52,NVIDIA GeForce RTX 4070,[N/A],Enabled,Enabled
1709486348.36849,0,GPU-93ae0c7f-c327-aee3-adae-bc0d1dae71ea,0.34,0.40400586223742063,12282.0,7049.0,551.52,NVIDIA GeForce RTX 4070,[N/A],Enabled,Enabled
1709486349.368421,0,GPU-93ae0c7f-c327-aee3-adae-bc0d1dae71ea,0.38,0.40400586223742063,12282.0,7049.0,551.52,NVIDIA GeForce RTX 4070,[N/A],Enabled,Enabled
1709486350.368124,0,GPU-93ae0c7f-c327-aee3-adae-bc0d1dae71ea,0.34,0.40400586223742063,12282.0,7049.0,551.52,NVIDIA GeForce RTX 4070,[N/A],Enabled,Enabled
1709486351.367812,0,GPU-93ae0c7f-c327-aee3-adae-bc0d1dae71ea,0.38,0.40400586223742063,12282.0,7049.0,551.52,NVIDIA GeForce RTX 4070,[N/A],Enabled,Enabled
1709486352.368504,0,GPU-93ae0c7f-c327-aee3-adae-bc0d1dae71ea,0.37,0.40400586223742063,12282.0,7049.0,551.52,NVIDIA GeForce RTX 4070,[N/A],Enabled,Enabled
1709486353.368041,0,GPU-93ae0c7f-c327-aee3-adae-bc0d1dae71ea,0.35,0.40400586223742063,12282.0,7049.0,551.52,NVIDIA GeForce RTX 4070,[N/A],Enabled,Enabled
1709486354.369256,0,GPU-93ae0c7f-c327-aee3-adae-bc0d1dae71ea,0.34,0.40400586223742063,12282.0,7049.0,551.52,NVIDIA GeForce RTX 4070,[N/A],Enabled,Enabled
1709486355.368825,0,GPU-93ae0c7f-c327-aee3-adae-bc0d1dae71ea,0.38,0.40400586223742063,12282.0,7049.0,551.52,NVIDIA GeForce RTX 4070,[N/A],Enabled,Enabled
1709486356.368429,0,GPU-93ae0c7f-c327-aee3-adae-bc0d1dae71ea,0.37,0.40400586223742063,12282.0,7049.0,551.52,NVIDIA GeForce RTX 4070,[N/A],Enabled,Enabled
1709486357.368494,0,GPU-93ae0c7f-c327-aee3-adae-bc0d1dae71ea,0.36,0.40400586223742063,12282.0,7049.0,551.52,NVIDIA GeForce RTX 4070,[N/A],Enabled,Enabled
1709486358.368312,0,GPU-93ae0c7f-c327-aee3-adae-bc0d1dae71ea,0.36,0.40400586223742063,12282.0,7049.0,551.52,NVIDIA GeForce RTX 4070,[N/A],Enabled,Enabled
1709486359.368756,0,GPU-93ae0c7f-c327-aee3-adae-bc0d1dae71ea,0.42,0.40400586223742063,12282.0,7049.0,551.52,NVIDIA GeForce RTX 4070,[N/A],Enabled,Enabled
1709486360.36817,0,GPU-93ae0c7f-c327-aee3-adae-bc0d1dae71ea,0.35,0.40400586223742063,12282.0,7049.0,551.52,NVIDIA GeForce RTX 4070,[N/A],Enabled,Enabled
1709486361.368547,0,GPU-93ae0c7f-c327-aee3-adae-bc0d1dae71ea,0.39,0.40400586223742063,12282.0,7049.0,551.52,NVIDIA GeForce RTX 4070,[N/A],Enabled,Enabled
1709486362.367706,0,GPU-93ae0c7f-c327-aee3-adae-bc0d1dae71ea,0.33,0.40400586223742063,12282.0,7049.0,551.52,NVIDIA GeForce RTX 4070,[N/A],Enabled,Enabled
1709486363.368316,0,GPU-93ae0c7f-c327-aee3-adae-bc0d1dae71ea,0.35,0.40400586223742063,12282.0,7049.0,551.52,NVIDIA GeForce RTX 4070,[N/A],Enabled,Enabled
1709486364.368287,0,GPU-93ae0c7f-c327-aee3-adae-bc0d1dae71ea,0.37,0.40400586223742063,12282.0,7049.0,551.52,NVIDIA GeForce RTX 4070,[N/A],Enabled,Enabled
1709486365.367644,0,GPU-93ae0c7f-c327-aee3-adae-bc0d1dae71ea,0.35,0.40400586223742063,12282.0,7049.0,551.52,NVIDIA GeForce RTX 4070,[N/A],Enabled,Enabled
1709486366.367957,0,GPU-93ae0c7f-c327-aee3-adae-bc0d1dae71ea,0.36,0.40400586223742063,12282.0,7049.0,551.52,NVIDIA GeForce RTX 4070,[N/A],Enabled,Enabled
1709486367.368528,0,GPU-93ae0c7f-c327-aee3-adae-bc0d1dae71ea,0.39,0.40400586223742063,12282.0,7049.0,551.52,NVIDIA GeForce RTX 4070,[N/A],Enabled,Enabled
1709486368.368649,0,GPU-93ae0c7f-c327-aee3-adae-bc0d1dae71ea,0.35,0.40400586223742063,12282.0,7049.0,551.52,NVIDIA GeForce RTX 4070,[N/A],Enabled,Enabled
1709486369.367838,0,GPU-93ae0c7f-c327-aee3-adae-bc0d1dae71ea,0.34,0.40400586223742063,12282.0,7049.0,551.52,NVIDIA GeForce RTX 4070,[N/A],Enabled,Enabled
1709486370.36895,0,GPU-93ae0c7f-c327-aee3-adae-bc0d1dae71ea,0.32,0.40400586223742063,12282.0,7049.0,551.52,NVIDIA GeForce RTX 4070,[N/A],Enabled,Enabled
1709486371.368462,0,GPU-93ae0c7f-c327-aee3-adae-bc0d1dae71ea,0.34,0.40400586223742063,12282.0,7049.0,551.52,NVIDIA GeForce RTX 4070,[N/A],Enabled,Enabled
1709486372.367989,0,GPU-93ae0c7f-c327-aee3-adae-bc0d1dae71ea,0.33,0.40400586223742063,12282.0,7049.0,551.52,NVIDIA GeForce RTX 4070,[N/A],Enabled,Enabled
1709486373.367801,0,GPU-93ae0c7f-c327-aee3-adae-bc0d1dae71ea,0.35,0.40400586223742063,12282.0,7049.0,551.52,NVIDIA GeForce RTX 4070,[N/A],Enabled,Enabled
1709486374.367884,0,GPU-93ae0c7f-c327-aee3-adae-bc0d1dae71ea,0.32,0.40400586223742063,12282.0,7049.0,551.52,NVIDIA GeForce RTX 4070,[N/A],Enabled,Enabled
1709486375.368339,0,GPU-93ae0c7f-c327-aee3-adae-bc0d1dae71ea,0.35,0.40400586223742063,12282.0,7049.0,551.52,NVIDIA GeForce RTX 4070,[N/A],Enabled,Enabled
1709486376.367996,0,GPU-93ae0c7f-c327-aee3-adae-bc0d1dae71ea,0.34,0.40400586223742063,12282.0,7049.0,551.52,NVIDIA GeForce RTX 4070,[N/A],Enabled,Enabled
1709486377.367978,0,GPU-93ae0c7f-c327-aee3-adae-bc0d1dae71ea,0.33,0.40400586223742063,12282.0,7049.0,551.52,NVIDIA GeForce RTX 4070,[N/A],Enabled,Enabled
1709486378.368358,0,GPU-93ae0c7f-c327-aee3-adae-bc0d1dae71ea,0.33,0.40400586223742063,12282.0,7049.0,551.52,NVIDIA GeForce RTX 4070,[N/A],Enabled,Enabled
1709486379.368203,0,GPU-93ae0c7f-c327-aee3-adae-bc0d1dae71ea,0.36,0.40400586223742063,12282.0,7049.0,551.52,NVIDIA GeForce RTX 4070,[N/A],Enabled,Enabled
1709486380.367693,0,GPU-93ae0c7f-c327-aee3-adae-bc0d1dae71ea,0.35,0.40400586223742063,12282.0,7049.0,551.52,NVIDIA GeForce RTX 4070,[N/A],Enabled,Enabled
1709486381.368147,0,GPU-93ae0c7f-c327-aee3-adae-bc0d1dae71ea,0.34,0.40400586223742063,12282.0,7049.0,551.52,NVIDIA GeForce RTX 4070,[N/A],Enabled,Enabled
1709486382.368259,0,GPU-93ae0c7f-c327-aee3-adae-bc0d1dae71ea,0.34,0.40400586223742063,12282.0,7049.0,551.52,NVIDIA GeForce RTX 4070,[N/A],Enabled,Enabled
1709486383.368269,0,GPU-93ae0c7f-c327-aee3-adae-bc0d1dae71ea,0.36,0.40400586223742063,12282.0,7049.0,551.52,NVIDIA GeForce RTX 4070,[N/A],Enabled,Enabled
1709486384.367745,0,GPU-93ae0c7f-c327-aee3-adae-bc0d1dae71ea,0.35,0.40400586223742063,12282.0,7049.0,551.52,NVIDIA GeForce RTX 4070,[N/A],Enabled,Enabled
1709486385.367829,0,GPU-93ae0c7f-c327-aee3-adae-bc0d1dae71ea,0.35,0.40400586223742063,12282.0,7049.0,551.52,NVIDIA GeForce RTX 4070,[N/A],Enabled,Enabled
1709486386.368491,0,GPU-93ae0c7f-c327-aee3-adae-bc0d1dae71ea,0.34,0.40400586223742063,12282.0,7049.0,551.52,NVIDIA GeForce RTX 4070,[N/A],Enabled,Enabled
1709486387.368559,0,GPU-93ae0c7f-c327-aee3-adae-bc0d1dae71ea,0.41,0.40400586223742063,12282.0,7049.0,551.52,NVIDIA GeForce RTX 4070,[N/A],Enabled,Enabled
1709486388.368339,0,GPU-93ae0c7f-c327-aee3-adae-bc0d1dae71ea,0.44,0.40400586223742063,12282.0,7049.0,551.52,NVIDIA GeForce RTX 4070,[N/A],Enabled,Enabled
1709486389.368819,0,GPU-93ae0c7f-c327-aee3-adae-bc0d1dae71ea,0.42,0.40400586223742063,12282.0,7049.0,551.52,NVIDIA GeForce RTX 4070,[N/A],Enabled,Enabled
1709486390.368164,0,GPU-93ae0c7f-c327-aee3-adae-bc0d1dae71ea,0.35,0.40400586223742063,12282.0,7049.0,551.52,NVIDIA GeForce RTX 4070,[N/A],Enabled,Enabled
1709486391.368349,0,GPU-93ae0c7f-c327-aee3-adae-bc0d1dae71ea,0.37,0.40400586223742063,12282.0,7049.0,551.52,NVIDIA GeForce RTX 4070,[N/A],Enabled,Enabled
1709486392.368214,0,GPU-93ae0c7f-c327-aee3-adae-bc0d1dae71ea,0.31,0.40400586223742063,12282.0,7049.0,551.52,NVIDIA GeForce RTX 4070,[N/A],Enabled,Enabled
1709486393.367609,0,GPU-93ae0c7f-c327-aee3-adae-bc0d1dae71ea,0.38,0.40400586223742063,12282.0,7049.0,551.52,NVIDIA GeForce RTX 4070,[N/A],Enabled,Enabled
1709486394.367931,0,GPU-93ae0c7f-c327-aee3-adae-bc0d1dae71ea,0.4,0.40400586223742063,12282.0,7049.0,551.52,NVIDIA GeForce RTX 4070,[N/A],Enabled,Enabled
1709486395.368473,0,GPU-93ae0c7f-c327-aee3-adae-bc0d1dae71ea,0.38,0.40400586223742063,12282.0,7049.0,551.52,NVIDIA GeForce RTX 4070,[N/A],Enabled,Enabled
1709486396.368723,0,GPU-93ae0c7f-c327-aee3-adae-bc0d1dae71ea,0.35,0.40400586223742063,12282.0,7049.0,551.52,NVIDIA GeForce RTX 4070,[N/A],Enabled,Enabled
1709486397.368429,0,GPU-93ae0c7f-c327-aee3-adae-bc0d1dae71ea,0.38,0.40400586223742063,12282.0,7049.0,551.52,NVIDIA GeForce RTX 4070,[N/A],Enabled,Enabled
1709486398.367721,0,GPU-93ae0c7f-c327-aee3-adae-bc0d1dae71ea,0.34,0.40400586223742063,12282.0,7049.0,551.52,NVIDIA GeForce RTX 4070,[N/A],Enabled,Enabled
1709486399.367844,0,GPU-93ae0c7f-c327-aee3-adae-bc0d1dae71ea,0.42,0.40400586223742063,12282.0,7049.0,551.52,NVIDIA GeForce RTX 4070,[N/A],Enabled,Enabled
1709486400.368371,0,GPU-93ae0c7f-c327-aee3-adae-bc0d1dae71ea,0.41,0.40400586223742063,12282.0,7049.0,551.52,NVIDIA GeForce RTX 4070,[N/A],Enabled,Enabled
1709486401.368099,0,GPU-93ae0c7f-c327-aee3-adae-bc0d1dae71ea,0.37,0.40400586223742063,12282.0,7049.0,551.52,NVIDIA GeForce RTX 4070,[N/A],Enabled,Enabled
1709486402.367694,0,GPU-93ae0c7f-c327-aee3-adae-bc0d1dae71ea,0.36,0.40400586223742063,12282.0,7049.0,551.52,NVIDIA GeForce RTX 4070,[N/A],Enabled,Enabled
1709486403.368531,0,GPU-93ae0c7f-c327-aee3-adae-bc0d1dae71ea,0.38,0.40400586223742063,12282.0,7049.0,551.52,NVIDIA GeForce RTX 4070,[N/A],Enabled,Enabled
1709486404.368721,0,GPU-93ae0c7f-c327-aee3-adae-bc0d1dae71ea,0.37,0.40400586223742063,12282.0,7049.0,551.52,NVIDIA GeForce RTX 4070,[N/A],Enabled,Enabled
1709486405.368405,0,GPU-93ae0c7f-c327-aee3-adae-bc0d1dae71ea,0.38,0.40400586223742063,12282.0,7049.0,551.52,NVIDIA GeForce RTX 4070,[N/A],Enabled,Enabled
1709486406.36822,0,GPU-93ae0c7f-c327-aee3-adae-bc0d1dae71ea,0.38,0.40400586223742063,12282.0,7049.0,551.52,NVIDIA GeForce RTX 4070,[N/A],Enabled,Enabled
1709486407.367788,0,GPU-93ae0c7f-c327-aee3-adae-bc0d1dae71ea,0.38,0.40400586223742063,12282.0,7049.0,551.52,NVIDIA GeForce RTX 4070,[N/A],Enabled,Enabled
1709486408.36808,0,GPU-93ae0c7f-c327-aee3-adae-bc0d1dae71ea,0.35,0.40400586223742063,12282.0,7049.0,551.52,NVIDIA GeForce RTX 4070,[N/A],Enabled,Enabled
1709486409.368781,0,GPU-93ae0c7f-c327-aee3-adae-bc0d1dae71ea,0.42,0.40400586223742063,12282.0,7049.0,551.52,NVIDIA GeForce RTX 4070,[N/A],Enabled,Enabled
1709486410.367891,0,GPU-93ae0c7f-c327-aee3-adae-bc0d1dae71ea,0.35,0.40400586223742063,12282.0,7049.0,551.52,NVIDIA GeForce RTX 4070,[N/A],Enabled,Enabled
1709486411.368253,0,GPU-93ae0c7f-c327-aee3-adae-bc0d1dae71ea,0.35,0.40400586223742063,12282.0,7049.0,551.52,NVIDIA GeForce RTX 4070,[N/A],Enabled,Enabled
1709486412.368045,0,GPU-93ae0c7f-c327-aee3-adae-bc0d1dae71ea,0.42,0.40400586223742063,12282.0,7049.0,551.52,NVIDIA GeForce RTX 4070,[N/A],Enabled,Enabled
1709486413.368889,0,GPU-93ae0c7f-c327-aee3-adae-bc0d1dae71ea,0.37,0.40400586223742063,12282.0,7049.0,551.52,NVIDIA GeForce RTX 4070,[N/A],Enabled,Enabled
1709486414.368488,0,GPU-93ae0c7f-c327-aee3-adae-bc0d1dae71ea,0.36,0.40400586223742063,12282.0,7049.0,551.52,NVIDIA GeForce RTX 4070,[N/A],Enabled,Enabled
1709486415.368493,0,GPU-93ae0c7f-c327-aee3-adae-bc0d1dae71ea,0.35,0.40400586223742063,12282.0,7049.0,551.52,NVIDIA GeForce RTX 4070,[N/A],Enabled,Enabled
1709486416.368026,0,GPU-93ae0c7f-c327-aee3-adae-bc0d1dae71ea,0.38,0.40400586223742063,12282.0,7049.0,551.52,NVIDIA GeForce RTX 4070,[N/A],Enabled,Enabled
1709486417.368504,0,GPU-93ae0c7f-c327-aee3-adae-bc0d1dae71ea,0.34,0.40400586223742063,12282.0,7049.0,551.52,NVIDIA GeForce RTX 4070,[N/A],Enabled,Enabled
1709486418.368123,0,GPU-93ae0c7f-c327-aee3-adae-bc0d1dae71ea,0.31,0.40400586223742063,12282.0,7049.0,551.52,NVIDIA GeForce RTX 4070,[N/A],Enabled,Enabled
1709486419.367871,0,GPU-93ae0c7f-c327-aee3-adae-bc0d1dae71ea,0.28,0.40091190359876244,12282.0,7087.0,551.52,NVIDIA GeForce RTX 4070,[N/A],Enabled,Enabled
1709486420.367963,0,GPU-93ae0c7f-c327-aee3-adae-bc0d1dae71ea,0.28,0.40091190359876244,12282.0,7087.0,551.52,NVIDIA GeForce RTX 4070,[N/A],Enabled,Enabled
1709486421.368376,0,GPU-93ae0c7f-c327-aee3-adae-bc0d1dae71ea,0.25,0.396596645497476,12282.0,7140.0,551.52,NVIDIA GeForce RTX 4070,[N/A],Enabled,Enabled
1709486422.367576,0,GPU-93ae0c7f-c327-aee3-adae-bc0d1dae71ea,0.26,0.396596645497476,12282.0,7140.0,551.52,NVIDIA GeForce RTX 4070,[N/A],Enabled,Enabled
1709486423.367832,0,GPU-93ae0c7f-c327-aee3-adae-bc0d1dae71ea,0.25,0.396596645497476,12282.0,7140.0,551.52,NVIDIA GeForce RTX 4070,[N/A],Enabled,Enabled
1709486424.368138,0,GPU-93ae0c7f-c327-aee3-adae-bc0d1dae71ea,0.29,0.40091190359876244,12282.0,7087.0,551.52,NVIDIA GeForce RTX 4070,[N/A],Enabled,Enabled
1709486425.368686,0,GPU-93ae0c7f-c327-aee3-adae-bc0d1dae71ea,0.25,0.396596645497476,12282.0,7140.0,551.52,NVIDIA GeForce RTX 4070,[N/A],Enabled,Enabled
1709486426.368442,0,GPU-93ae0c7f-c327-aee3-adae-bc0d1dae71ea,0.29,0.40091190359876244,12282.0,7087.0,551.52,NVIDIA GeForce RTX 4070,[N/A],Enabled,Enabled
1709486427.368552,0,GPU-93ae0c7f-c327-aee3-adae-bc0d1dae71ea,0.25,0.396596645497476,12282.0,7140.0,551.52,NVIDIA GeForce RTX 4070,[N/A],Enabled,Enabled
1709486428.368756,0,GPU-93ae0c7f-c327-aee3-adae-bc0d1dae71ea,0.25,0.396596645497476,12282.0,7140.0,551.52,NVIDIA GeForce RTX 4070,[N/A],Enabled,Enabled
1709486429.369228,0,GPU-93ae0c7f-c327-aee3-adae-bc0d1dae71ea,0.25,0.396596645497476,12282.0,7140.0,551.52,NVIDIA GeForce RTX 4070,[N/A],Enabled,Enabled
1709486430.368415,0,GPU-93ae0c7f-c327-aee3-adae-bc0d1dae71ea,0.26,0.396596645497476,12282.0,7140.0,551.52,NVIDIA GeForce RTX 4070,[N/A],Enabled,Enabled
1709486431.368088,0,GPU-93ae0c7f-c327-aee3-adae-bc0d1dae71ea,0.25,0.396596645497476,12282.0,7140.0,551.52,NVIDIA GeForce RTX 4070,[N/A],Enabled,Enabled
1709486432.367944,0,GPU-93ae0c7f-c327-aee3-adae-bc0d1dae71ea,0.25,0.396596645497476,12282.0,7140.0,551.52,NVIDIA GeForce RTX 4070,[N/A],Enabled,Enabled
1709486433.367691,0,GPU-93ae0c7f-c327-aee3-adae-bc0d1dae71ea,0.26,0.396596645497476,12282.0,7140.0,551.52,NVIDIA GeForce RTX 4070,[N/A],Enabled,Enabled
1709486434.368559,0,GPU-93ae0c7f-c327-aee3-adae-bc0d1dae71ea,0.12,0.21910112359550563,12282.0,9320.0,551.52,NVIDIA GeForce RTX 4070,[N/A],Enabled,Enabled
1709486435.368461,0,GPU-93ae0c7f-c327-aee3-adae-bc0d1dae71ea,0.15,0.21910112359550563,12282.0,9320.0,551.52,NVIDIA GeForce RTX 4070,[N/A],Enabled,Enabled
1709486436.368158,0,GPU-93ae0c7f-c327-aee3-adae-bc0d1dae71ea,0.13,0.21910112359550563,12282.0,9320.0,551.52,NVIDIA GeForce RTX 4070,[N/A],Enabled,Enabled
