timestamp,id,uuid,load,memoryUtil,memoryTotal,memoryUsed,memoryFree,driver,name,serial,display_mode,display_active
1709643771.308079,0,GPU-93ae0c7f-c327-aee3-adae-bc0d1dae71ea,0.18,0.2309070184009119,12282.0,9175.0,551.61,NVIDIA GeForce RTX 4070,[N/A],Enabled,Enabled
1709643772.304814,0,GPU-93ae0c7f-c327-aee3-adae-bc0d1dae71ea,0.18,0.23155837811431362,12282.0,9167.0,551.61,NVIDIA GeForce RTX 4070,[N/A],Enabled,Enabled
1709643773.304947,0,GPU-93ae0c7f-c327-aee3-adae-bc0d1dae71ea,0.17,0.23155837811431362,12282.0,9167.0,551.61,NVIDIA GeForce RTX 4070,[N/A],Enabled,Enabled
1709643774.305395,0,GPU-93ae0c7f-c327-aee3-adae-bc0d1dae71ea,0.17,0.2309070184009119,12282.0,9175.0,551.61,NVIDIA GeForce RTX 4070,[N/A],Enabled,Enabled
1709643775.30559,0,GPU-93ae0c7f-c327-aee3-adae-bc0d1dae71ea,0.18,0.2309070184009119,12282.0,9175.0,551.61,NVIDIA GeForce RTX 4070,[N/A],Enabled,Enabled
1709643776.305111,0,GPU-93ae0c7f-c327-aee3-adae-bc0d1dae71ea,0.17,0.2309070184009119,12282.0,9175.0,551.61,NVIDIA GeForce RTX 4070,[N/A],Enabled,Enabled
1709643777.304928,0,GPU-93ae0c7f-c327-aee3-adae-bc0d1dae71ea,0.17,0.22992997883080932,12282.0,9187.0,551.61,NVIDIA GeForce RTX 4070,[N/A],Enabled,Enabled
1709643778.305021,0,GPU-93ae0c7f-c327-aee3-adae-bc0d1dae71ea,0.17,0.22992997883080932,12282.0,9187.0,551.61,NVIDIA GeForce RTX 4070,[N/A],Enabled,Enabled
1709643779.30506,0,GPU-93ae0c7f-c327-aee3-adae-bc0d1dae71ea,0.17,0.22992997883080932,12282.0,9187.0,551.61,NVIDIA GeForce RTX 4070,[N/A],Enabled,Enabled
1709643780.305575,0,GPU-93ae0c7f-c327-aee3-adae-bc0d1dae71ea,0.18,0.22992997883080932,12282.0,9187.0,551.61,NVIDIA GeForce RTX 4070,[N/A],Enabled,Enabled
1709643781.305796,0,GPU-93ae0c7f-c327-aee3-adae-bc0d1dae71ea,0.17,0.22992997883080932,12282.0,9187.0,551.61,NVIDIA GeForce RTX 4070,[N/A],Enabled,Enabled
1709643782.30466,0,GPU-93ae0c7f-c327-aee3-adae-bc0d1dae71ea,0.17,0.22992997883080932,12282.0,9187.0,551.61,NVIDIA GeForce RTX 4070,[N/A],Enabled,Enabled
1709643783.306377,0,GPU-93ae0c7f-c327-aee3-adae-bc0d1dae71ea,0.17,0.22992997883080932,12282.0,9187.0,551.61,NVIDIA GeForce RTX 4070,[N/A],Enabled,Enabled
1709643784.305845,0,GPU-93ae0c7f-c327-aee3-adae-bc0d1dae71ea,0.17,0.22992997883080932,12282.0,9187.0,551.61,NVIDIA GeForce RTX 4070,[N/A],Enabled,Enabled
1709643785.305997,0,GPU-93ae0c7f-c327-aee3-adae-bc0d1dae71ea,0.17,0.22992997883080932,12282.0,9187.0,551.61,NVIDIA GeForce RTX 4070,[N/A],Enabled,Enabled
1709643786.30527,0,GPU-93ae0c7f-c327-aee3-adae-bc0d1dae71ea,0.2,0.22944145904575802,12282.0,9193.0,551.61,NVIDIA GeForce RTX 4070,[N/A],Enabled,Enabled
1709643787.305934,0,GPU-93ae0c7f-c327-aee3-adae-bc0d1dae71ea,0.2,0.23172121804266407,12282.0,9165.0,551.61,NVIDIA GeForce RTX 4070,[N/A],Enabled,Enabled
1709643788.305537,0,GPU-93ae0c7f-c327-aee3-adae-bc0d1dae71ea,0.16,0.23058133854421103,12282.0,9179.0,551.61,NVIDIA GeForce RTX 4070,[N/A],Enabled,Enabled
1709643789.304878,0,GPU-93ae0c7f-c327-aee3-adae-bc0d1dae71ea,0.16,0.2303370786516854,12282.0,9182.0,551.61,NVIDIA GeForce RTX 4070,[N/A],Enabled,Enabled
1709643790.305115,0,GPU-93ae0c7f-c327-aee3-adae-bc0d1dae71ea,0.15,0.2303370786516854,12282.0,9182.0,551.61,NVIDIA GeForce RTX 4070,[N/A],Enabled,Enabled
1709643791.305701,0,GPU-93ae0c7f-c327-aee3-adae-bc0d1dae71ea,0.16,0.2303370786516854,12282.0,9182.0,551.61,NVIDIA GeForce RTX 4070,[N/A],Enabled,Enabled
1709643792.305905,0,GPU-93ae0c7f-c327-aee3-adae-bc0d1dae71ea,0.16,0.2303370786516854,12282.0,9182.0,551.61,NVIDIA GeForce RTX 4070,[N/A],Enabled,Enabled
1709643793.305389,0,GPU-93ae0c7f-c327-aee3-adae-bc0d1dae71ea,0.16,0.2303370786516854,12282.0,9182.0,551.61,NVIDIA GeForce RTX 4070,[N/A],Enabled,Enabled
1709643794.305358,0,GPU-93ae0c7f-c327-aee3-adae-bc0d1dae71ea,0.15,0.2303370786516854,12282.0,9182.0,551.61,NVIDIA GeForce RTX 4070,[N/A],Enabled,Enabled
1709643795.305269,0,GPU-93ae0c7f-c327-aee3-adae-bc0d1dae71ea,0.15,0.2303370786516854,12282.0,9182.0,551.61,NVIDIA GeForce RTX 4070,[N/A],Enabled,Enabled
1709643796.305788,0,GPU-93ae0c7f-c327-aee3-adae-bc0d1dae71ea,0.15,0.2303370786516854,12282.0,9182.0,551.61,NVIDIA GeForce RTX 4070,[N/A],Enabled,Enabled
1709643797.304918,0,GPU-93ae0c7f-c327-aee3-adae-bc0d1dae71ea,0.15,0.2303370786516854,12282.0,9182.0,551.61,NVIDIA GeForce RTX 4070,[N/A],Enabled,Enabled
1709643798.305528,0,GPU-93ae0c7f-c327-aee3-adae-bc0d1dae71ea,0.15,0.2303370786516854,12282.0,9182.0,551.61,NVIDIA GeForce RTX 4070,[N/A],Enabled,Enabled
1709643799.305218,0,GPU-93ae0c7f-c327-aee3-adae-bc0d1dae71ea,0.15,0.2303370786516854,12282.0,9182.0,551.61,NVIDIA GeForce RTX 4070,[N/A],Enabled,Enabled
1709643800.305735,0,GPU-93ae0c7f-c327-aee3-adae-bc0d1dae71ea,0.15,0.2303370786516854,12282.0,9182.0,551.61,NVIDIA GeForce RTX 4070,[N/A],Enabled,Enabled
1709643801.304752,0,GPU-93ae0c7f-c327-aee3-adae-bc0d1dae71ea,0.16,0.2303370786516854,12282.0,9182.0,551.61,NVIDIA GeForce RTX 4070,[N/A],Enabled,Enabled
1709643802.305101,0,GPU-93ae0c7f-c327-aee3-adae-bc0d1dae71ea,0.16,0.2303370786516854,12282.0,9182.0,551.61,NVIDIA GeForce RTX 4070,[N/A],Enabled,Enabled
1709643803.30544,0,GPU-93ae0c7f-c327-aee3-adae-bc0d1dae71ea,0.16,0.2303370786516854,12282.0,9182.0,551.61,NVIDIA GeForce RTX 4070,[N/A],Enabled,Enabled
1709643804.306337,0,GPU-93ae0c7f-c327-aee3-adae-bc0d1dae71ea,0.16,0.2303370786516854,12282.0,9182.0,551.61,NVIDIA GeForce RTX 4070,[N/A],Enabled,Enabled
1709643805.305087,0,GPU-93ae0c7f-c327-aee3-adae-bc0d1dae71ea,0.15,0.2303370786516854,12282.0,9182.0,551.61,NVIDIA GeForce RTX 4070,[N/A],Enabled,Enabled
1709643806.305837,0,GPU-93ae0c7f-c327-aee3-adae-bc0d1dae71ea,0.15,0.2303370786516854,12282.0,9182.0,551.61,NVIDIA GeForce RTX 4070,[N/A],Enabled,Enabled
1709643807.305729,0,GPU-93ae0c7f-c327-aee3-adae-bc0d1dae71ea,0.15,0.2345709167887966,12282.0,9130.0,551.61,NVIDIA GeForce RTX 4070,[N/A],Enabled,Enabled
1709643808.306368,0,GPU-93ae0c7f-c327-aee3-adae-bc0d1dae71ea,0.25,0.3311349943006025,12282.0,7944.0,551.61,NVIDIA GeForce RTX 4070,[N/A],Enabled,Enabled
1709643809.306222,0,GPU-93ae0c7f-c327-aee3-adae-bc0d1dae71ea,0.1,0.2990555284155675,12282.0,8338.0,551.61,NVIDIA GeForce RTX 4070,[N/A],Enabled,Enabled
1709643810.305832,0,GPU-93ae0c7f-c327-aee3-adae-bc0d1dae71ea,0.1,0.2989741084513923,12282.0,8339.0,551.61,NVIDIA GeForce RTX 4070,[N/A],Enabled,Enabled
1709643811.305886,0,GPU-93ae0c7f-c327-aee3-adae-bc0d1dae71ea,0.1,0.29872984855886664,12282.0,8342.0,551.61,NVIDIA GeForce RTX 4070,[N/A],Enabled,Enabled
1709643812.30495,0,GPU-93ae0c7f-c327-aee3-adae-bc0d1dae71ea,0.08,0.23424523693209576,12282.0,9134.0,551.61,NVIDIA GeForce RTX 4070,[N/A],Enabled,Enabled
1709643813.305374,0,GPU-93ae0c7f-c327-aee3-adae-bc0d1dae71ea,0.14,0.5133528741247354,12282.0,5706.0,551.61,NVIDIA GeForce RTX 4070,[N/A],Enabled,Enabled
1709643814.305127,0,GPU-93ae0c7f-c327-aee3-adae-bc0d1dae71ea,0.31,0.4133691581175704,12282.0,6934.0,551.61,NVIDIA GeForce RTX 4070,[N/A],Enabled,Enabled
1709643815.305722,0,GPU-93ae0c7f-c327-aee3-adae-bc0d1dae71ea,0.3,0.41320631818922,12282.0,6936.0,551.61,NVIDIA GeForce RTX 4070,[N/A],Enabled,Enabled
1709643816.305164,0,GPU-93ae0c7f-c327-aee3-adae-bc0d1dae71ea,0.27,0.4088910600879336,12282.0,6989.0,551.61,NVIDIA GeForce RTX 4070,[N/A],Enabled,Enabled
1709643817.305622,0,GPU-93ae0c7f-c327-aee3-adae-bc0d1dae71ea,0.27,0.4088910600879336,12282.0,6989.0,551.61,NVIDIA GeForce RTX 4070,[N/A],Enabled,Enabled
1709643818.305255,0,GPU-93ae0c7f-c327-aee3-adae-bc0d1dae71ea,0.26,0.4088910600879336,12282.0,6989.0,551.61,NVIDIA GeForce RTX 4070,[N/A],Enabled,Enabled
1709643819.305487,0,GPU-93ae0c7f-c327-aee3-adae-bc0d1dae71ea,0.29,0.41320631818922,12282.0,6936.0,551.61,NVIDIA GeForce RTX 4070,[N/A],Enabled,Enabled
1709643820.306757,0,GPU-93ae0c7f-c327-aee3-adae-bc0d1dae71ea,0.1,0.5140042338381371,12282.0,5698.0,551.61,NVIDIA GeForce RTX 4070,[N/A],Enabled,Enabled
1709643821.305206,0,GPU-93ae0c7f-c327-aee3-adae-bc0d1dae71ea,0.3,0.41402051783097216,12282.0,6926.0,551.61,NVIDIA GeForce RTX 4070,[N/A],Enabled,Enabled
1709643822.305046,0,GPU-93ae0c7f-c327-aee3-adae-bc0d1dae71ea,0.31,0.41402051783097216,12282.0,6926.0,551.61,NVIDIA GeForce RTX 4070,[N/A],Enabled,Enabled
1709643823.305162,0,GPU-93ae0c7f-c327-aee3-adae-bc0d1dae71ea,0.3,0.41402051783097216,12282.0,6926.0,551.61,NVIDIA GeForce RTX 4070,[N/A],Enabled,Enabled
1709643824.30507,0,GPU-93ae0c7f-c327-aee3-adae-bc0d1dae71ea,0.3,0.41410193779514737,12282.0,6925.0,551.61,NVIDIA GeForce RTX 4070,[N/A],Enabled,Enabled
1709643825.304852,0,GPU-93ae0c7f-c327-aee3-adae-bc0d1dae71ea,0.29,0.41410193779514737,12282.0,6925.0,551.61,NVIDIA GeForce RTX 4070,[N/A],Enabled,Enabled
1709643826.305469,0,GPU-93ae0c7f-c327-aee3-adae-bc0d1dae71ea,0.3,0.41410193779514737,12282.0,6925.0,551.61,NVIDIA GeForce RTX 4070,[N/A],Enabled,Enabled
1709643827.30546,0,GPU-93ae0c7f-c327-aee3-adae-bc0d1dae71ea,0.27,0.40978667969386096,12282.0,6978.0,551.61,NVIDIA GeForce RTX 4070,[N/A],Enabled,Enabled
1709643828.305257,0,GPU-93ae0c7f-c327-aee3-adae-bc0d1dae71ea,0.29,0.41410193779514737,12282.0,6925.0,551.61,NVIDIA GeForce RTX 4070,[N/A],Enabled,Enabled
1709643829.305146,0,GPU-93ae0c7f-c327-aee3-adae-bc0d1dae71ea,0.3,0.41410193779514737,12282.0,6925.0,551.61,NVIDIA GeForce RTX 4070,[N/A],Enabled,Enabled
1709643830.305119,0,GPU-93ae0c7f-c327-aee3-adae-bc0d1dae71ea,0.29,0.41410193779514737,12282.0,6925.0,551.61,NVIDIA GeForce RTX 4070,[N/A],Enabled,Enabled
1709643831.305958,0,GPU-93ae0c7f-c327-aee3-adae-bc0d1dae71ea,0.27,0.40978667969386096,12282.0,6978.0,551.61,NVIDIA GeForce RTX 4070,[N/A],Enabled,Enabled
1709643832.305852,0,GPU-93ae0c7f-c327-aee3-adae-bc0d1dae71ea,0.25,0.41182217879824135,12282.0,6953.0,551.61,NVIDIA GeForce RTX 4070,[N/A],Enabled,Enabled
1709643833.305244,0,GPU-93ae0c7f-c327-aee3-adae-bc0d1dae71ea,0.34,0.4178472561472073,12282.0,6879.0,551.61,NVIDIA GeForce RTX 4070,[N/A],Enabled,Enabled
1709643834.305261,0,GPU-93ae0c7f-c327-aee3-adae-bc0d1dae71ea,0.34,0.4178472561472073,12282.0,6879.0,551.61,NVIDIA GeForce RTX 4070,[N/A],Enabled,Enabled
1709643835.305476,0,GPU-93ae0c7f-c327-aee3-adae-bc0d1dae71ea,0.35,0.4178472561472073,12282.0,6879.0,551.61,NVIDIA GeForce RTX 4070,[N/A],Enabled,Enabled
1709643836.305275,0,GPU-93ae0c7f-c327-aee3-adae-bc0d1dae71ea,0.36,0.4178472561472073,12282.0,6879.0,551.61,NVIDIA GeForce RTX 4070,[N/A],Enabled,Enabled
1709643837.304811,0,GPU-93ae0c7f-c327-aee3-adae-bc0d1dae71ea,0.36,0.4178472561472073,12282.0,6879.0,551.61,NVIDIA GeForce RTX 4070,[N/A],Enabled,Enabled
1709643838.304816,0,GPU-93ae0c7f-c327-aee3-adae-bc0d1dae71ea,0.33,0.4178472561472073,12282.0,6879.0,551.61,NVIDIA GeForce RTX 4070,[N/A],Enabled,Enabled
1709643839.305492,0,GPU-93ae0c7f-c327-aee3-adae-bc0d1dae71ea,0.32,0.4178472561472073,12282.0,6879.0,551.61,NVIDIA GeForce RTX 4070,[N/A],Enabled,Enabled
1709643840.305241,0,GPU-93ae0c7f-c327-aee3-adae-bc0d1dae71ea,0.35,0.4178472561472073,12282.0,6879.0,551.61,NVIDIA GeForce RTX 4070,[N/A],Enabled,Enabled
1709643841.305239,0,GPU-93ae0c7f-c327-aee3-adae-bc0d1dae71ea,0.33,0.4178472561472073,12282.0,6879.0,551.61,NVIDIA GeForce RTX 4070,[N/A],Enabled,Enabled
1709643842.305126,0,GPU-93ae0c7f-c327-aee3-adae-bc0d1dae71ea,0.32,0.4178472561472073,12282.0,6879.0,551.61,NVIDIA GeForce RTX 4070,[N/A],Enabled,Enabled
1709643843.305552,0,GPU-93ae0c7f-c327-aee3-adae-bc0d1dae71ea,0.32,0.4178472561472073,12282.0,6879.0,551.61,NVIDIA GeForce RTX 4070,[N/A],Enabled,Enabled
1709643844.305098,0,GPU-93ae0c7f-c327-aee3-adae-bc0d1dae71ea,0.36,0.4178472561472073,12282.0,6879.0,551.61,NVIDIA GeForce RTX 4070,[N/A],Enabled,Enabled
1709643845.304924,0,GPU-93ae0c7f-c327-aee3-adae-bc0d1dae71ea,0.35,0.4178472561472073,12282.0,6879.0,551.61,NVIDIA GeForce RTX 4070,[N/A],Enabled,Enabled
1709643846.305079,0,GPU-93ae0c7f-c327-aee3-adae-bc0d1dae71ea,0.33,0.4178472561472073,12282.0,6879.0,551.61,NVIDIA GeForce RTX 4070,[N/A],Enabled,Enabled
1709643847.305979,0,GPU-93ae0c7f-c327-aee3-adae-bc0d1dae71ea,0.35,0.4178472561472073,12282.0,6879.0,551.61,NVIDIA GeForce RTX 4070,[N/A],Enabled,Enabled
1709643848.305365,0,GPU-93ae0c7f-c327-aee3-adae-bc0d1dae71ea,0.35,0.4178472561472073,12282.0,6879.0,551.61,NVIDIA GeForce RTX 4070,[N/A],Enabled,Enabled
1709643849.30493,0,GPU-93ae0c7f-c327-aee3-adae-bc0d1dae71ea,0.35,0.4178472561472073,12282.0,6879.0,551.61,NVIDIA GeForce RTX 4070,[N/A],Enabled,Enabled
1709643850.304909,0,GPU-93ae0c7f-c327-aee3-adae-bc0d1dae71ea,0.36,0.4178472561472073,12282.0,6879.0,551.61,NVIDIA GeForce RTX 4070,[N/A],Enabled,Enabled
1709643851.305109,0,GPU-93ae0c7f-c327-aee3-adae-bc0d1dae71ea,0.34,0.4178472561472073,12282.0,6879.0,551.61,NVIDIA GeForce RTX 4070,[N/A],Enabled,Enabled
1709643852.305157,0,GPU-93ae0c7f-c327-aee3-adae-bc0d1dae71ea,0.36,0.4178472561472073,12282.0,6879.0,551.61,NVIDIA GeForce RTX 4070,[N/A],Enabled,Enabled
1709643853.305955,0,GPU-93ae0c7f-c327-aee3-adae-bc0d1dae71ea,0.35,0.4178472561472073,12282.0,6879.0,551.61,NVIDIA GeForce RTX 4070,[N/A],Enabled,Enabled
1709643854.305202,0,GPU-93ae0c7f-c327-aee3-adae-bc0d1dae71ea,0.37,0.4178472561472073,12282.0,6879.0,551.61,NVIDIA GeForce RTX 4070,[N/A],Enabled,Enabled
1709643855.304871,0,GPU-93ae0c7f-c327-aee3-adae-bc0d1dae71ea,0.35,0.4178472561472073,12282.0,6879.0,551.61,NVIDIA GeForce RTX 4070,[N/A],Enabled,Enabled
1709643856.305835,0,GPU-93ae0c7f-c327-aee3-adae-bc0d1dae71ea,0.36,0.4178472561472073,12282.0,6879.0,551.61,NVIDIA GeForce RTX 4070,[N/A],Enabled,Enabled
1709643857.304846,0,GPU-93ae0c7f-c327-aee3-adae-bc0d1dae71ea,0.34,0.4178472561472073,12282.0,6879.0,551.61,NVIDIA GeForce RTX 4070,[N/A],Enabled,Enabled
1709643858.30548,0,GPU-93ae0c7f-c327-aee3-adae-bc0d1dae71ea,0.33,0.4178472561472073,12282.0,6879.0,551.61,NVIDIA GeForce RTX 4070,[N/A],Enabled,Enabled
1709643859.305886,0,GPU-93ae0c7f-c327-aee3-adae-bc0d1dae71ea,0.35,0.4178472561472073,12282.0,6879.0,551.61,NVIDIA GeForce RTX 4070,[N/A],Enabled,Enabled
1709643860.30598,0,GPU-93ae0c7f-c327-aee3-adae-bc0d1dae71ea,0.35,0.4178472561472073,12282.0,6879.0,551.61,NVIDIA GeForce RTX 4070,[N/A],Enabled,Enabled
1709643861.305412,0,GPU-93ae0c7f-c327-aee3-adae-bc0d1dae71ea,0.38,0.4178472561472073,12282.0,6879.0,551.61,NVIDIA GeForce RTX 4070,[N/A],Enabled,Enabled
1709643862.305095,0,GPU-93ae0c7f-c327-aee3-adae-bc0d1dae71ea,0.35,0.4178472561472073,12282.0,6879.0,551.61,NVIDIA GeForce RTX 4070,[N/A],Enabled,Enabled
1709643863.304903,0,GPU-93ae0c7f-c327-aee3-adae-bc0d1dae71ea,0.34,0.4178472561472073,12282.0,6879.0,551.61,NVIDIA GeForce RTX 4070,[N/A],Enabled,Enabled
1709643864.30556,0,GPU-93ae0c7f-c327-aee3-adae-bc0d1dae71ea,0.35,0.4178472561472073,12282.0,6879.0,551.61,NVIDIA GeForce RTX 4070,[N/A],Enabled,Enabled
1709643865.305036,0,GPU-93ae0c7f-c327-aee3-adae-bc0d1dae71ea,0.35,0.41833577593225857,12282.0,6873.0,551.61,NVIDIA GeForce RTX 4070,[N/A],Enabled,Enabled
1709643866.305601,0,GPU-93ae0c7f-c327-aee3-adae-bc0d1dae71ea,0.36,0.41833577593225857,12282.0,6873.0,551.61,NVIDIA GeForce RTX 4070,[N/A],Enabled,Enabled
1709643867.306266,0,GPU-93ae0c7f-c327-aee3-adae-bc0d1dae71ea,0.33,0.4180100960755577,12282.0,6877.0,551.61,NVIDIA GeForce RTX 4070,[N/A],Enabled,Enabled
1709643868.305663,0,GPU-93ae0c7f-c327-aee3-adae-bc0d1dae71ea,0.35,0.4180100960755577,12282.0,6877.0,551.61,NVIDIA GeForce RTX 4070,[N/A],Enabled,Enabled
1709643869.304978,0,GPU-93ae0c7f-c327-aee3-adae-bc0d1dae71ea,0.34,0.4180100960755577,12282.0,6877.0,551.61,NVIDIA GeForce RTX 4070,[N/A],Enabled,Enabled
1709643870.306272,0,GPU-93ae0c7f-c327-aee3-adae-bc0d1dae71ea,0.34,0.4180100960755577,12282.0,6877.0,551.61,NVIDIA GeForce RTX 4070,[N/A],Enabled,Enabled
1709643871.305216,0,GPU-93ae0c7f-c327-aee3-adae-bc0d1dae71ea,0.35,0.4180100960755577,12282.0,6877.0,551.61,NVIDIA GeForce RTX 4070,[N/A],Enabled,Enabled
1709643872.305233,0,GPU-93ae0c7f-c327-aee3-adae-bc0d1dae71ea,0.33,0.4180100960755577,12282.0,6877.0,551.61,NVIDIA GeForce RTX 4070,[N/A],Enabled,Enabled
1709643873.305126,0,GPU-93ae0c7f-c327-aee3-adae-bc0d1dae71ea,0.34,0.4180100960755577,12282.0,6877.0,551.61,NVIDIA GeForce RTX 4070,[N/A],Enabled,Enabled
1709643874.305475,0,GPU-93ae0c7f-c327-aee3-adae-bc0d1dae71ea,0.39,0.4180100960755577,12282.0,6877.0,551.61,NVIDIA GeForce RTX 4070,[N/A],Enabled,Enabled
1709643875.305382,0,GPU-93ae0c7f-c327-aee3-adae-bc0d1dae71ea,0.35,0.4180100960755577,12282.0,6877.0,551.61,NVIDIA GeForce RTX 4070,[N/A],Enabled,Enabled
1709643876.304969,0,GPU-93ae0c7f-c327-aee3-adae-bc0d1dae71ea,0.37,0.4180100960755577,12282.0,6877.0,551.61,NVIDIA GeForce RTX 4070,[N/A],Enabled,Enabled
1709643877.305484,0,GPU-93ae0c7f-c327-aee3-adae-bc0d1dae71ea,0.38,0.4180100960755577,12282.0,6877.0,551.61,NVIDIA GeForce RTX 4070,[N/A],Enabled,Enabled
1709643878.305309,0,GPU-93ae0c7f-c327-aee3-adae-bc0d1dae71ea,0.33,0.4180100960755577,12282.0,6877.0,551.61,NVIDIA GeForce RTX 4070,[N/A],Enabled,Enabled
1709643879.305595,0,GPU-93ae0c7f-c327-aee3-adae-bc0d1dae71ea,0.33,0.4180100960755577,12282.0,6877.0,551.61,NVIDIA GeForce RTX 4070,[N/A],Enabled,Enabled
1709643880.305523,0,GPU-93ae0c7f-c327-aee3-adae-bc0d1dae71ea,0.37,0.4180100960755577,12282.0,6877.0,551.61,NVIDIA GeForce RTX 4070,[N/A],Enabled,Enabled
1709643881.305552,0,GPU-93ae0c7f-c327-aee3-adae-bc0d1dae71ea,0.35,0.4180100960755577,12282.0,6877.0,551.61,NVIDIA GeForce RTX 4070,[N/A],Enabled,Enabled
1709643882.305347,0,GPU-93ae0c7f-c327-aee3-adae-bc0d1dae71ea,0.37,0.4180100960755577,12282.0,6877.0,551.61,NVIDIA GeForce RTX 4070,[N/A],Enabled,Enabled
1709643883.304935,0,GPU-93ae0c7f-c327-aee3-adae-bc0d1dae71ea,0.34,0.4180100960755577,12282.0,6877.0,551.61,NVIDIA GeForce RTX 4070,[N/A],Enabled,Enabled
1709643884.30534,0,GPU-93ae0c7f-c327-aee3-adae-bc0d1dae71ea,0.32,0.4180100960755577,12282.0,6877.0,551.61,NVIDIA GeForce RTX 4070,[N/A],Enabled,Enabled
1709643885.305864,0,GPU-93ae0c7f-c327-aee3-adae-bc0d1dae71ea,0.34,0.4180100960755577,12282.0,6877.0,551.61,NVIDIA GeForce RTX 4070,[N/A],Enabled,Enabled
1709643886.305374,0,GPU-93ae0c7f-c327-aee3-adae-bc0d1dae71ea,0.36,0.4180100960755577,12282.0,6877.0,551.61,NVIDIA GeForce RTX 4070,[N/A],Enabled,Enabled
1709643887.30626,0,GPU-93ae0c7f-c327-aee3-adae-bc0d1dae71ea,0.37,0.4180100960755577,12282.0,6877.0,551.61,NVIDIA GeForce RTX 4070,[N/A],Enabled,Enabled
1709643888.305267,0,GPU-93ae0c7f-c327-aee3-adae-bc0d1dae71ea,0.36,0.4180100960755577,12282.0,6877.0,551.61,NVIDIA GeForce RTX 4070,[N/A],Enabled,Enabled
1709643889.305388,0,GPU-93ae0c7f-c327-aee3-adae-bc0d1dae71ea,0.37,0.4180100960755577,12282.0,6877.0,551.61,NVIDIA GeForce RTX 4070,[N/A],Enabled,Enabled
1709643890.304929,0,GPU-93ae0c7f-c327-aee3-adae-bc0d1dae71ea,0.34,0.4180100960755577,12282.0,6877.0,551.61,NVIDIA GeForce RTX 4070,[N/A],Enabled,Enabled
1709643891.305247,0,GPU-93ae0c7f-c327-aee3-adae-bc0d1dae71ea,0.36,0.4180100960755577,12282.0,6877.0,551.61,NVIDIA GeForce RTX 4070,[N/A],Enabled,Enabled
1709643892.30548,0,GPU-93ae0c7f-c327-aee3-adae-bc0d1dae71ea,0.35,0.4180100960755577,12282.0,6877.0,551.61,NVIDIA GeForce RTX 4070,[N/A],Enabled,Enabled
1709643893.305537,0,GPU-93ae0c7f-c327-aee3-adae-bc0d1dae71ea,0.35,0.4180100960755577,12282.0,6877.0,551.61,NVIDIA GeForce RTX 4070,[N/A],Enabled,Enabled
1709643894.304966,0,GPU-93ae0c7f-c327-aee3-adae-bc0d1dae71ea,0.34,0.4180100960755577,12282.0,6877.0,551.61,NVIDIA GeForce RTX 4070,[N/A],Enabled,Enabled
1709643895.305334,0,GPU-93ae0c7f-c327-aee3-adae-bc0d1dae71ea,0.34,0.4180100960755577,12282.0,6877.0,551.61,NVIDIA GeForce RTX 4070,[N/A],Enabled,Enabled
1709643896.305079,0,GPU-93ae0c7f-c327-aee3-adae-bc0d1dae71ea,0.37,0.4180100960755577,12282.0,6877.0,551.61,NVIDIA GeForce RTX 4070,[N/A],Enabled,Enabled
1709643897.30515,0,GPU-93ae0c7f-c327-aee3-adae-bc0d1dae71ea,0.36,0.4180100960755577,12282.0,6877.0,551.61,NVIDIA GeForce RTX 4070,[N/A],Enabled,Enabled
1709643898.305075,0,GPU-93ae0c7f-c327-aee3-adae-bc0d1dae71ea,0.37,0.4180100960755577,12282.0,6877.0,551.61,NVIDIA GeForce RTX 4070,[N/A],Enabled,Enabled
1709643899.305333,0,GPU-93ae0c7f-c327-aee3-adae-bc0d1dae71ea,0.35,0.4180100960755577,12282.0,6877.0,551.61,NVIDIA GeForce RTX 4070,[N/A],Enabled,Enabled
1709643900.305723,0,GPU-93ae0c7f-c327-aee3-adae-bc0d1dae71ea,0.38,0.4180100960755577,12282.0,6877.0,551.61,NVIDIA GeForce RTX 4070,[N/A],Enabled,Enabled
1709643901.304793,0,GPU-93ae0c7f-c327-aee3-adae-bc0d1dae71ea,0.34,0.4180100960755577,12282.0,6877.0,551.61,NVIDIA GeForce RTX 4070,[N/A],Enabled,Enabled
1709643902.305806,0,GPU-93ae0c7f-c327-aee3-adae-bc0d1dae71ea,0.34,0.4180100960755577,12282.0,6877.0,551.61,NVIDIA GeForce RTX 4070,[N/A],Enabled,Enabled
1709643903.305644,0,GPU-93ae0c7f-c327-aee3-adae-bc0d1dae71ea,0.36,0.4180100960755577,12282.0,6877.0,551.61,NVIDIA GeForce RTX 4070,[N/A],Enabled,Enabled
1709643904.305387,0,GPU-93ae0c7f-c327-aee3-adae-bc0d1dae71ea,0.38,0.4180100960755577,12282.0,6877.0,551.61,NVIDIA GeForce RTX 4070,[N/A],Enabled,Enabled
1709643905.305595,0,GPU-93ae0c7f-c327-aee3-adae-bc0d1dae71ea,0.34,0.4180100960755577,12282.0,6877.0,551.61,NVIDIA GeForce RTX 4070,[N/A],Enabled,Enabled
1709643906.305959,0,GPU-93ae0c7f-c327-aee3-adae-bc0d1dae71ea,0.37,0.4180100960755577,12282.0,6877.0,551.61,NVIDIA GeForce RTX 4070,[N/A],Enabled,Enabled
1709643907.305187,0,GPU-93ae0c7f-c327-aee3-adae-bc0d1dae71ea,0.35,0.4180100960755577,12282.0,6877.0,551.61,NVIDIA GeForce RTX 4070,[N/A],Enabled,Enabled
1709643908.304865,0,GPU-93ae0c7f-c327-aee3-adae-bc0d1dae71ea,0.37,0.4180100960755577,12282.0,6877.0,551.61,NVIDIA GeForce RTX 4070,[N/A],Enabled,Enabled
1709643909.305226,0,GPU-93ae0c7f-c327-aee3-adae-bc0d1dae71ea,0.38,0.4180100960755577,12282.0,6877.0,551.61,NVIDIA GeForce RTX 4070,[N/A],Enabled,Enabled
1709643910.305389,0,GPU-93ae0c7f-c327-aee3-adae-bc0d1dae71ea,0.37,0.4180100960755577,12282.0,6877.0,551.61,NVIDIA GeForce RTX 4070,[N/A],Enabled,Enabled
1709643911.305049,0,GPU-93ae0c7f-c327-aee3-adae-bc0d1dae71ea,0.36,0.4180100960755577,12282.0,6877.0,551.61,NVIDIA GeForce RTX 4070,[N/A],Enabled,Enabled
1709643912.305371,0,GPU-93ae0c7f-c327-aee3-adae-bc0d1dae71ea,0.39,0.4180100960755577,12282.0,6877.0,551.61,NVIDIA GeForce RTX 4070,[N/A],Enabled,Enabled
1709643913.305579,0,GPU-93ae0c7f-c327-aee3-adae-bc0d1dae71ea,0.36,0.4180100960755577,12282.0,6877.0,551.61,NVIDIA GeForce RTX 4070,[N/A],Enabled,Enabled
1709643914.304947,0,GPU-93ae0c7f-c327-aee3-adae-bc0d1dae71ea,0.34,0.4180100960755577,12282.0,6877.0,551.61,NVIDIA GeForce RTX 4070,[N/A],Enabled,Enabled
1709643915.306526,0,GPU-93ae0c7f-c327-aee3-adae-bc0d1dae71ea,0.35,0.4180100960755577,12282.0,6877.0,551.61,NVIDIA GeForce RTX 4070,[N/A],Enabled,Enabled
1709643916.304741,0,GPU-93ae0c7f-c327-aee3-adae-bc0d1dae71ea,0.34,0.4180100960755577,12282.0,6877.0,551.61,NVIDIA GeForce RTX 4070,[N/A],Enabled,Enabled
1709643917.305574,0,GPU-93ae0c7f-c327-aee3-adae-bc0d1dae71ea,0.35,0.4180100960755577,12282.0,6877.0,551.61,NVIDIA GeForce RTX 4070,[N/A],Enabled,Enabled
1709643918.305849,0,GPU-93ae0c7f-c327-aee3-adae-bc0d1dae71ea,0.36,0.4180100960755577,12282.0,6877.0,551.61,NVIDIA GeForce RTX 4070,[N/A],Enabled,Enabled
1709643919.305339,0,GPU-93ae0c7f-c327-aee3-adae-bc0d1dae71ea,0.35,0.4180100960755577,12282.0,6877.0,551.61,NVIDIA GeForce RTX 4070,[N/A],Enabled,Enabled
1709643920.305531,0,GPU-93ae0c7f-c327-aee3-adae-bc0d1dae71ea,0.37,0.4180100960755577,12282.0,6877.0,551.61,NVIDIA GeForce RTX 4070,[N/A],Enabled,Enabled
1709643921.305323,0,GPU-93ae0c7f-c327-aee3-adae-bc0d1dae71ea,0.35,0.4180100960755577,12282.0,6877.0,551.61,NVIDIA GeForce RTX 4070,[N/A],Enabled,Enabled
1709643922.305388,0,GPU-93ae0c7f-c327-aee3-adae-bc0d1dae71ea,0.35,0.4180100960755577,12282.0,6877.0,551.61,NVIDIA GeForce RTX 4070,[N/A],Enabled,Enabled
1709643923.306341,0,GPU-93ae0c7f-c327-aee3-adae-bc0d1dae71ea,0.36,0.4180100960755577,12282.0,6877.0,551.61,NVIDIA GeForce RTX 4070,[N/A],Enabled,Enabled
1709643924.305182,0,GPU-93ae0c7f-c327-aee3-adae-bc0d1dae71ea,0.36,0.4180100960755577,12282.0,6877.0,551.61,NVIDIA GeForce RTX 4070,[N/A],Enabled,Enabled
1709643925.305909,0,GPU-93ae0c7f-c327-aee3-adae-bc0d1dae71ea,0.37,0.4180100960755577,12282.0,6877.0,551.61,NVIDIA GeForce RTX 4070,[N/A],Enabled,Enabled
1709643926.305703,0,GPU-93ae0c7f-c327-aee3-adae-bc0d1dae71ea,0.35,0.4180100960755577,12282.0,6877.0,551.61,NVIDIA GeForce RTX 4070,[N/A],Enabled,Enabled
1709643927.305516,0,GPU-93ae0c7f-c327-aee3-adae-bc0d1dae71ea,0.35,0.4180100960755577,12282.0,6877.0,551.61,NVIDIA GeForce RTX 4070,[N/A],Enabled,Enabled
1709643928.306159,0,GPU-93ae0c7f-c327-aee3-adae-bc0d1dae71ea,0.37,0.4180100960755577,12282.0,6877.0,551.61,NVIDIA GeForce RTX 4070,[N/A],Enabled,Enabled
1709643929.305081,0,GPU-93ae0c7f-c327-aee3-adae-bc0d1dae71ea,0.35,0.4180100960755577,12282.0,6877.0,551.61,NVIDIA GeForce RTX 4070,[N/A],Enabled,Enabled
1709643930.305664,0,GPU-93ae0c7f-c327-aee3-adae-bc0d1dae71ea,0.38,0.4180100960755577,12282.0,6877.0,551.61,NVIDIA GeForce RTX 4070,[N/A],Enabled,Enabled
1709643931.305508,0,GPU-93ae0c7f-c327-aee3-adae-bc0d1dae71ea,0.35,0.4180100960755577,12282.0,6877.0,551.61,NVIDIA GeForce RTX 4070,[N/A],Enabled,Enabled
1709643932.305514,0,GPU-93ae0c7f-c327-aee3-adae-bc0d1dae71ea,0.35,0.4180100960755577,12282.0,6877.0,551.61,NVIDIA GeForce RTX 4070,[N/A],Enabled,Enabled
1709643933.304948,0,GPU-93ae0c7f-c327-aee3-adae-bc0d1dae71ea,0.36,0.4180100960755577,12282.0,6877.0,551.61,NVIDIA GeForce RTX 4070,[N/A],Enabled,Enabled
1709643934.305098,0,GPU-93ae0c7f-c327-aee3-adae-bc0d1dae71ea,0.34,0.4180100960755577,12282.0,6877.0,551.61,NVIDIA GeForce RTX 4070,[N/A],Enabled,Enabled
1709643935.304868,0,GPU-93ae0c7f-c327-aee3-adae-bc0d1dae71ea,0.36,0.4180100960755577,12282.0,6877.0,551.61,NVIDIA GeForce RTX 4070,[N/A],Enabled,Enabled
1709643936.305262,0,GPU-93ae0c7f-c327-aee3-adae-bc0d1dae71ea,0.33,0.4180100960755577,12282.0,6877.0,551.61,NVIDIA GeForce RTX 4070,[N/A],Enabled,Enabled
1709643937.305027,0,GPU-93ae0c7f-c327-aee3-adae-bc0d1dae71ea,0.36,0.4180100960755577,12282.0,6877.0,551.61,NVIDIA GeForce RTX 4070,[N/A],Enabled,Enabled
1709643938.305381,0,GPU-93ae0c7f-c327-aee3-adae-bc0d1dae71ea,0.39,0.4180100960755577,12282.0,6877.0,551.61,NVIDIA GeForce RTX 4070,[N/A],Enabled,Enabled
1709643939.305137,0,GPU-93ae0c7f-c327-aee3-adae-bc0d1dae71ea,0.36,0.4180100960755577,12282.0,6877.0,551.61,NVIDIA GeForce RTX 4070,[N/A],Enabled,Enabled
1709643940.305641,0,GPU-93ae0c7f-c327-aee3-adae-bc0d1dae71ea,0.38,0.4180100960755577,12282.0,6877.0,551.61,NVIDIA GeForce RTX 4070,[N/A],Enabled,Enabled
1709643941.30547,0,GPU-93ae0c7f-c327-aee3-adae-bc0d1dae71ea,0.33,0.4180100960755577,12282.0,6877.0,551.61,NVIDIA GeForce RTX 4070,[N/A],Enabled,Enabled
1709643942.304953,0,GPU-93ae0c7f-c327-aee3-adae-bc0d1dae71ea,0.36,0.4180100960755577,12282.0,6877.0,551.61,NVIDIA GeForce RTX 4070,[N/A],Enabled,Enabled
1709643943.305289,0,GPU-93ae0c7f-c327-aee3-adae-bc0d1dae71ea,0.33,0.4180100960755577,12282.0,6877.0,551.61,NVIDIA GeForce RTX 4070,[N/A],Enabled,Enabled
1709643944.306183,0,GPU-93ae0c7f-c327-aee3-adae-bc0d1dae71ea,0.34,0.4180100960755577,12282.0,6877.0,551.61,NVIDIA GeForce RTX 4070,[N/A],Enabled,Enabled
1709643945.306494,0,GPU-93ae0c7f-c327-aee3-adae-bc0d1dae71ea,0.36,0.4180100960755577,12282.0,6877.0,551.61,NVIDIA GeForce RTX 4070,[N/A],Enabled,Enabled
1709643946.30545,0,GPU-93ae0c7f-c327-aee3-adae-bc0d1dae71ea,0.38,0.4180100960755577,12282.0,6877.0,551.61,NVIDIA GeForce RTX 4070,[N/A],Enabled,Enabled
1709643947.30485,0,GPU-93ae0c7f-c327-aee3-adae-bc0d1dae71ea,0.35,0.4180100960755577,12282.0,6877.0,551.61,NVIDIA GeForce RTX 4070,[N/A],Enabled,Enabled
1709643948.305603,0,GPU-93ae0c7f-c327-aee3-adae-bc0d1dae71ea,0.36,0.4180100960755577,12282.0,6877.0,551.61,NVIDIA GeForce RTX 4070,[N/A],Enabled,Enabled
1709643949.305628,0,GPU-93ae0c7f-c327-aee3-adae-bc0d1dae71ea,0.34,0.4180100960755577,12282.0,6877.0,551.61,NVIDIA GeForce RTX 4070,[N/A],Enabled,Enabled
1709643950.305516,0,GPU-93ae0c7f-c327-aee3-adae-bc0d1dae71ea,0.39,0.4180100960755577,12282.0,6877.0,551.61,NVIDIA GeForce RTX 4070,[N/A],Enabled,Enabled
1709643951.305328,0,GPU-93ae0c7f-c327-aee3-adae-bc0d1dae71ea,0.37,0.4180100960755577,12282.0,6877.0,551.61,NVIDIA GeForce RTX 4070,[N/A],Enabled,Enabled
1709643952.305163,0,GPU-93ae0c7f-c327-aee3-adae-bc0d1dae71ea,0.35,0.4180100960755577,12282.0,6877.0,551.61,NVIDIA GeForce RTX 4070,[N/A],Enabled,Enabled
1709643953.306515,0,GPU-93ae0c7f-c327-aee3-adae-bc0d1dae71ea,0.34,0.4180100960755577,12282.0,6877.0,551.61,NVIDIA GeForce RTX 4070,[N/A],Enabled,Enabled
1709643954.305929,0,GPU-93ae0c7f-c327-aee3-adae-bc0d1dae71ea,0.38,0.4180100960755577,12282.0,6877.0,551.61,NVIDIA GeForce RTX 4070,[N/A],Enabled,Enabled
1709643955.306162,0,GPU-93ae0c7f-c327-aee3-adae-bc0d1dae71ea,0.34,0.4180100960755577,12282.0,6877.0,551.61,NVIDIA GeForce RTX 4070,[N/A],Enabled,Enabled
1709643956.305602,0,GPU-93ae0c7f-c327-aee3-adae-bc0d1dae71ea,0.37,0.4180100960755577,12282.0,6877.0,551.61,NVIDIA GeForce RTX 4070,[N/A],Enabled,Enabled
1709643957.305567,0,GPU-93ae0c7f-c327-aee3-adae-bc0d1dae71ea,0.36,0.4180100960755577,12282.0,6877.0,551.61,NVIDIA GeForce RTX 4070,[N/A],Enabled,Enabled
1709643958.304891,0,GPU-93ae0c7f-c327-aee3-adae-bc0d1dae71ea,0.35,0.4180100960755577,12282.0,6877.0,551.61,NVIDIA GeForce RTX 4070,[N/A],Enabled,Enabled
1709643959.304808,0,GPU-93ae0c7f-c327-aee3-adae-bc0d1dae71ea,0.34,0.4180100960755577,12282.0,6877.0,551.61,NVIDIA GeForce RTX 4070,[N/A],Enabled,Enabled
1709643960.305465,0,GPU-93ae0c7f-c327-aee3-adae-bc0d1dae71ea,0.36,0.4180100960755577,12282.0,6877.0,551.61,NVIDIA GeForce RTX 4070,[N/A],Enabled,Enabled
1709643961.305533,0,GPU-93ae0c7f-c327-aee3-adae-bc0d1dae71ea,0.36,0.4180100960755577,12282.0,6877.0,551.61,NVIDIA GeForce RTX 4070,[N/A],Enabled,Enabled
1709643962.305995,0,GPU-93ae0c7f-c327-aee3-adae-bc0d1dae71ea,0.36,0.4180100960755577,12282.0,6877.0,551.61,NVIDIA GeForce RTX 4070,[N/A],Enabled,Enabled
1709643963.305474,0,GPU-93ae0c7f-c327-aee3-adae-bc0d1dae71ea,0.36,0.4180100960755577,12282.0,6877.0,551.61,NVIDIA GeForce RTX 4070,[N/A],Enabled,Enabled
1709643964.305153,0,GPU-93ae0c7f-c327-aee3-adae-bc0d1dae71ea,0.37,0.4180100960755577,12282.0,6877.0,551.61,NVIDIA GeForce RTX 4070,[N/A],Enabled,Enabled
1709643965.305411,0,GPU-93ae0c7f-c327-aee3-adae-bc0d1dae71ea,0.35,0.4180100960755577,12282.0,6877.0,551.61,NVIDIA GeForce RTX 4070,[N/A],Enabled,Enabled
1709643966.305273,0,GPU-93ae0c7f-c327-aee3-adae-bc0d1dae71ea,0.38,0.4180100960755577,12282.0,6877.0,551.61,NVIDIA GeForce RTX 4070,[N/A],Enabled,Enabled
1709643967.305324,0,GPU-93ae0c7f-c327-aee3-adae-bc0d1dae71ea,0.33,0.4180100960755577,12282.0,6877.0,551.61,NVIDIA GeForce RTX 4070,[N/A],Enabled,Enabled
1709643968.304739,0,GPU-93ae0c7f-c327-aee3-adae-bc0d1dae71ea,0.36,0.4180100960755577,12282.0,6877.0,551.61,NVIDIA GeForce RTX 4070,[N/A],Enabled,Enabled
1709643969.306176,0,GPU-93ae0c7f-c327-aee3-adae-bc0d1dae71ea,0.36,0.4180100960755577,12282.0,6877.0,551.61,NVIDIA GeForce RTX 4070,[N/A],Enabled,Enabled
1709643970.306397,0,GPU-93ae0c7f-c327-aee3-adae-bc0d1dae71ea,0.35,0.4180100960755577,12282.0,6877.0,551.61,NVIDIA GeForce RTX 4070,[N/A],Enabled,Enabled
1709643971.304671,0,GPU-93ae0c7f-c327-aee3-adae-bc0d1dae71ea,0.35,0.4180100960755577,12282.0,6877.0,551.61,NVIDIA GeForce RTX 4070,[N/A],Enabled,Enabled
1709643972.305864,0,GPU-93ae0c7f-c327-aee3-adae-bc0d1dae71ea,0.37,0.4180100960755577,12282.0,6877.0,551.61,NVIDIA GeForce RTX 4070,[N/A],Enabled,Enabled
1709643973.305358,0,GPU-93ae0c7f-c327-aee3-adae-bc0d1dae71ea,0.34,0.4180100960755577,12282.0,6877.0,551.61,NVIDIA GeForce RTX 4070,[N/A],Enabled,Enabled
1709643974.305769,0,GPU-93ae0c7f-c327-aee3-adae-bc0d1dae71ea,0.33,0.4180100960755577,12282.0,6877.0,551.61,NVIDIA GeForce RTX 4070,[N/A],Enabled,Enabled
1709643975.305202,0,GPU-93ae0c7f-c327-aee3-adae-bc0d1dae71ea,0.33,0.4180100960755577,12282.0,6877.0,551.61,NVIDIA GeForce RTX 4070,[N/A],Enabled,Enabled
1709643976.306194,0,GPU-93ae0c7f-c327-aee3-adae-bc0d1dae71ea,0.34,0.4180100960755577,12282.0,6877.0,551.61,NVIDIA GeForce RTX 4070,[N/A],Enabled,Enabled
1709643977.305715,0,GPU-93ae0c7f-c327-aee3-adae-bc0d1dae71ea,0.33,0.4180100960755577,12282.0,6877.0,551.61,NVIDIA GeForce RTX 4070,[N/A],Enabled,Enabled
1709643978.305186,0,GPU-93ae0c7f-c327-aee3-adae-bc0d1dae71ea,0.36,0.4180100960755577,12282.0,6877.0,551.61,NVIDIA GeForce RTX 4070,[N/A],Enabled,Enabled
1709643979.305684,0,GPU-93ae0c7f-c327-aee3-adae-bc0d1dae71ea,0.33,0.4180100960755577,12282.0,6877.0,551.61,NVIDIA GeForce RTX 4070,[N/A],Enabled,Enabled
1709643980.305001,0,GPU-93ae0c7f-c327-aee3-adae-bc0d1dae71ea,0.34,0.4180100960755577,12282.0,6877.0,551.61,NVIDIA GeForce RTX 4070,[N/A],Enabled,Enabled
1709643981.305921,0,GPU-93ae0c7f-c327-aee3-adae-bc0d1dae71ea,0.33,0.4180100960755577,12282.0,6877.0,551.61,NVIDIA GeForce RTX 4070,[N/A],Enabled,Enabled
1709643982.305056,0,GPU-93ae0c7f-c327-aee3-adae-bc0d1dae71ea,0.34,0.4180100960755577,12282.0,6877.0,551.61,NVIDIA GeForce RTX 4070,[N/A],Enabled,Enabled
1709643983.305801,0,GPU-93ae0c7f-c327-aee3-adae-bc0d1dae71ea,0.34,0.4180100960755577,12282.0,6877.0,551.61,NVIDIA GeForce RTX 4070,[N/A],Enabled,Enabled
1709643984.305344,0,GPU-93ae0c7f-c327-aee3-adae-bc0d1dae71ea,0.34,0.4180100960755577,12282.0,6877.0,551.61,NVIDIA GeForce RTX 4070,[N/A],Enabled,Enabled
1709643985.305023,0,GPU-93ae0c7f-c327-aee3-adae-bc0d1dae71ea,0.35,0.4180100960755577,12282.0,6877.0,551.61,NVIDIA GeForce RTX 4070,[N/A],Enabled,Enabled
1709643986.30496,0,GPU-93ae0c7f-c327-aee3-adae-bc0d1dae71ea,0.34,0.4180100960755577,12282.0,6877.0,551.61,NVIDIA GeForce RTX 4070,[N/A],Enabled,Enabled
1709643987.306275,0,GPU-93ae0c7f-c327-aee3-adae-bc0d1dae71ea,0.35,0.4180100960755577,12282.0,6877.0,551.61,NVIDIA GeForce RTX 4070,[N/A],Enabled,Enabled
1709643988.305355,0,GPU-93ae0c7f-c327-aee3-adae-bc0d1dae71ea,0.36,0.4180100960755577,12282.0,6877.0,551.61,NVIDIA GeForce RTX 4070,[N/A],Enabled,Enabled
1709643989.305054,0,GPU-93ae0c7f-c327-aee3-adae-bc0d1dae71ea,0.35,0.4180100960755577,12282.0,6877.0,551.61,NVIDIA GeForce RTX 4070,[N/A],Enabled,Enabled
1709643990.305492,0,GPU-93ae0c7f-c327-aee3-adae-bc0d1dae71ea,0.36,0.4180100960755577,12282.0,6877.0,551.61,NVIDIA GeForce RTX 4070,[N/A],Enabled,Enabled
1709643991.30587,0,GPU-93ae0c7f-c327-aee3-adae-bc0d1dae71ea,0.34,0.4180100960755577,12282.0,6877.0,551.61,NVIDIA GeForce RTX 4070,[N/A],Enabled,Enabled
1709643992.304778,0,GPU-93ae0c7f-c327-aee3-adae-bc0d1dae71ea,0.38,0.4180100960755577,12282.0,6877.0,551.61,NVIDIA GeForce RTX 4070,[N/A],Enabled,Enabled
1709643993.30597,0,GPU-93ae0c7f-c327-aee3-adae-bc0d1dae71ea,0.37,0.4180100960755577,12282.0,6877.0,551.61,NVIDIA GeForce RTX 4070,[N/A],Enabled,Enabled
1709643994.305614,0,GPU-93ae0c7f-c327-aee3-adae-bc0d1dae71ea,0.4,0.4180100960755577,12282.0,6877.0,551.61,NVIDIA GeForce RTX 4070,[N/A],Enabled,Enabled
1709643995.305288,0,GPU-93ae0c7f-c327-aee3-adae-bc0d1dae71ea,0.35,0.4180100960755577,12282.0,6877.0,551.61,NVIDIA GeForce RTX 4070,[N/A],Enabled,Enabled
1709643996.306377,0,GPU-93ae0c7f-c327-aee3-adae-bc0d1dae71ea,0.35,0.4180100960755577,12282.0,6877.0,551.61,NVIDIA GeForce RTX 4070,[N/A],Enabled,Enabled
1709643997.305828,0,GPU-93ae0c7f-c327-aee3-adae-bc0d1dae71ea,0.33,0.4180100960755577,12282.0,6877.0,551.61,NVIDIA GeForce RTX 4070,[N/A],Enabled,Enabled
1709643998.305236,0,GPU-93ae0c7f-c327-aee3-adae-bc0d1dae71ea,0.36,0.4180100960755577,12282.0,6877.0,551.61,NVIDIA GeForce RTX 4070,[N/A],Enabled,Enabled
1709643999.305058,0,GPU-93ae0c7f-c327-aee3-adae-bc0d1dae71ea,0.39,0.4180100960755577,12282.0,6877.0,551.61,NVIDIA GeForce RTX 4070,[N/A],Enabled,Enabled
1709644000.305489,0,GPU-93ae0c7f-c327-aee3-adae-bc0d1dae71ea,0.37,0.4180100960755577,12282.0,6877.0,551.61,NVIDIA GeForce RTX 4070,[N/A],Enabled,Enabled
1709644001.305455,0,GPU-93ae0c7f-c327-aee3-adae-bc0d1dae71ea,0.34,0.4180100960755577,12282.0,6877.0,551.61,NVIDIA GeForce RTX 4070,[N/A],Enabled,Enabled
1709644002.305443,0,GPU-93ae0c7f-c327-aee3-adae-bc0d1dae71ea,0.36,0.4180100960755577,12282.0,6877.0,551.61,NVIDIA GeForce RTX 4070,[N/A],Enabled,Enabled
1709644003.305373,0,GPU-93ae0c7f-c327-aee3-adae-bc0d1dae71ea,0.34,0.4180100960755577,12282.0,6877.0,551.61,NVIDIA GeForce RTX 4070,[N/A],Enabled,Enabled
1709644004.305749,0,GPU-93ae0c7f-c327-aee3-adae-bc0d1dae71ea,0.39,0.4180100960755577,12282.0,6877.0,551.61,NVIDIA GeForce RTX 4070,[N/A],Enabled,Enabled
1709644005.305065,0,GPU-93ae0c7f-c327-aee3-adae-bc0d1dae71ea,0.36,0.4180100960755577,12282.0,6877.0,551.61,NVIDIA GeForce RTX 4070,[N/A],Enabled,Enabled
1709644006.305483,0,GPU-93ae0c7f-c327-aee3-adae-bc0d1dae71ea,0.35,0.4180100960755577,12282.0,6877.0,551.61,NVIDIA GeForce RTX 4070,[N/A],Enabled,Enabled
1709644007.305916,0,GPU-93ae0c7f-c327-aee3-adae-bc0d1dae71ea,0.35,0.4180100960755577,12282.0,6877.0,551.61,NVIDIA GeForce RTX 4070,[N/A],Enabled,Enabled
1709644008.306168,0,GPU-93ae0c7f-c327-aee3-adae-bc0d1dae71ea,0.34,0.4180100960755577,12282.0,6877.0,551.61,NVIDIA GeForce RTX 4070,[N/A],Enabled,Enabled
1709644009.30595,0,GPU-93ae0c7f-c327-aee3-adae-bc0d1dae71ea,0.35,0.4180100960755577,12282.0,6877.0,551.61,NVIDIA GeForce RTX 4070,[N/A],Enabled,Enabled
1709644010.304902,0,GPU-93ae0c7f-c327-aee3-adae-bc0d1dae71ea,0.37,0.4180100960755577,12282.0,6877.0,551.61,NVIDIA GeForce RTX 4070,[N/A],Enabled,Enabled
1709644011.304888,0,GPU-93ae0c7f-c327-aee3-adae-bc0d1dae71ea,0.36,0.4180100960755577,12282.0,6877.0,551.61,NVIDIA GeForce RTX 4070,[N/A],Enabled,Enabled
1709644012.305078,0,GPU-93ae0c7f-c327-aee3-adae-bc0d1dae71ea,0.37,0.4180100960755577,12282.0,6877.0,551.61,NVIDIA GeForce RTX 4070,[N/A],Enabled,Enabled
1709644013.304861,0,GPU-93ae0c7f-c327-aee3-adae-bc0d1dae71ea,0.35,0.4180100960755577,12282.0,6877.0,551.61,NVIDIA GeForce RTX 4070,[N/A],Enabled,Enabled
1709644014.306307,0,GPU-93ae0c7f-c327-aee3-adae-bc0d1dae71ea,0.37,0.4180100960755577,12282.0,6877.0,551.61,NVIDIA GeForce RTX 4070,[N/A],Enabled,Enabled
1709644015.305917,0,GPU-93ae0c7f-c327-aee3-adae-bc0d1dae71ea,0.34,0.4180100960755577,12282.0,6877.0,551.61,NVIDIA GeForce RTX 4070,[N/A],Enabled,Enabled
1709644016.305981,0,GPU-93ae0c7f-c327-aee3-adae-bc0d1dae71ea,0.34,0.4180100960755577,12282.0,6877.0,551.61,NVIDIA GeForce RTX 4070,[N/A],Enabled,Enabled
1709644017.305296,0,GPU-93ae0c7f-c327-aee3-adae-bc0d1dae71ea,0.36,0.4180100960755577,12282.0,6877.0,551.61,NVIDIA GeForce RTX 4070,[N/A],Enabled,Enabled
1709644018.305799,0,GPU-93ae0c7f-c327-aee3-adae-bc0d1dae71ea,0.35,0.4180100960755577,12282.0,6877.0,551.61,NVIDIA GeForce RTX 4070,[N/A],Enabled,Enabled
1709644019.305042,0,GPU-93ae0c7f-c327-aee3-adae-bc0d1dae71ea,0.34,0.4180100960755577,12282.0,6877.0,551.61,NVIDIA GeForce RTX 4070,[N/A],Enabled,Enabled
1709644020.304881,0,GPU-93ae0c7f-c327-aee3-adae-bc0d1dae71ea,0.33,0.4180100960755577,12282.0,6877.0,551.61,NVIDIA GeForce RTX 4070,[N/A],Enabled,Enabled
1709644021.304985,0,GPU-93ae0c7f-c327-aee3-adae-bc0d1dae71ea,0.36,0.4180100960755577,12282.0,6877.0,551.61,NVIDIA GeForce RTX 4070,[N/A],Enabled,Enabled
1709644022.305624,0,GPU-93ae0c7f-c327-aee3-adae-bc0d1dae71ea,0.34,0.4180100960755577,12282.0,6877.0,551.61,NVIDIA GeForce RTX 4070,[N/A],Enabled,Enabled
1709644023.305668,0,GPU-93ae0c7f-c327-aee3-adae-bc0d1dae71ea,0.29,0.4180100960755577,12282.0,6877.0,551.61,NVIDIA GeForce RTX 4070,[N/A],Enabled,Enabled
1709644024.30527,0,GPU-93ae0c7f-c327-aee3-adae-bc0d1dae71ea,0.29,0.4148347174727243,12282.0,6916.0,551.61,NVIDIA GeForce RTX 4070,[N/A],Enabled,Enabled
1709644025.305881,0,GPU-93ae0c7f-c327-aee3-adae-bc0d1dae71ea,0.29,0.41491613743689953,12282.0,6915.0,551.61,NVIDIA GeForce RTX 4070,[N/A],Enabled,Enabled
1709644026.305085,0,GPU-93ae0c7f-c327-aee3-adae-bc0d1dae71ea,0.27,0.41060087933561307,12282.0,6968.0,551.61,NVIDIA GeForce RTX 4070,[N/A],Enabled,Enabled
1709644027.305861,0,GPU-93ae0c7f-c327-aee3-adae-bc0d1dae71ea,0.27,0.41060087933561307,12282.0,6968.0,551.61,NVIDIA GeForce RTX 4070,[N/A],Enabled,Enabled
1709644028.305049,0,GPU-93ae0c7f-c327-aee3-adae-bc0d1dae71ea,0.27,0.41060087933561307,12282.0,6968.0,551.61,NVIDIA GeForce RTX 4070,[N/A],Enabled,Enabled
1709644029.304995,0,GPU-93ae0c7f-c327-aee3-adae-bc0d1dae71ea,0.3,0.4148347174727243,12282.0,6916.0,551.61,NVIDIA GeForce RTX 4070,[N/A],Enabled,Enabled
1709644030.306516,0,GPU-93ae0c7f-c327-aee3-adae-bc0d1dae71ea,0.27,0.41060087933561307,12282.0,6968.0,551.61,NVIDIA GeForce RTX 4070,[N/A],Enabled,Enabled
1709644031.304941,0,GPU-93ae0c7f-c327-aee3-adae-bc0d1dae71ea,0.3,0.4148347174727243,12282.0,6916.0,551.61,NVIDIA GeForce RTX 4070,[N/A],Enabled,Enabled
1709644032.305518,0,GPU-93ae0c7f-c327-aee3-adae-bc0d1dae71ea,0.27,0.41060087933561307,12282.0,6968.0,551.61,NVIDIA GeForce RTX 4070,[N/A],Enabled,Enabled
1709644033.305323,0,GPU-93ae0c7f-c327-aee3-adae-bc0d1dae71ea,0.28,0.41060087933561307,12282.0,6968.0,551.61,NVIDIA GeForce RTX 4070,[N/A],Enabled,Enabled
1709644034.305264,0,GPU-93ae0c7f-c327-aee3-adae-bc0d1dae71ea,0.27,0.41060087933561307,12282.0,6968.0,551.61,NVIDIA GeForce RTX 4070,[N/A],Enabled,Enabled
1709644035.305406,0,GPU-93ae0c7f-c327-aee3-adae-bc0d1dae71ea,0.27,0.41060087933561307,12282.0,6968.0,551.61,NVIDIA GeForce RTX 4070,[N/A],Enabled,Enabled
1709644036.305288,0,GPU-93ae0c7f-c327-aee3-adae-bc0d1dae71ea,0.27,0.41060087933561307,12282.0,6968.0,551.61,NVIDIA GeForce RTX 4070,[N/A],Enabled,Enabled
1709644037.305021,0,GPU-93ae0c7f-c327-aee3-adae-bc0d1dae71ea,0.26,0.41060087933561307,12282.0,6968.0,551.61,NVIDIA GeForce RTX 4070,[N/A],Enabled,Enabled
1709644038.305473,0,GPU-93ae0c7f-c327-aee3-adae-bc0d1dae71ea,0.27,0.41060087933561307,12282.0,6968.0,551.61,NVIDIA GeForce RTX 4070,[N/A],Enabled,Enabled
1709644039.305055,0,GPU-93ae0c7f-c327-aee3-adae-bc0d1dae71ea,0.15,0.22862725940400586,12282.0,9203.0,551.61,NVIDIA GeForce RTX 4070,[N/A],Enabled,Enabled
1709644040.305268,0,GPU-93ae0c7f-c327-aee3-adae-bc0d1dae71ea,0.2,0.23001139879498453,12282.0,9186.0,551.61,NVIDIA GeForce RTX 4070,[N/A],Enabled,Enabled
1709644041.305865,0,GPU-93ae0c7f-c327-aee3-adae-bc0d1dae71ea,0.18,0.2298485588666341,12282.0,9188.0,551.61,NVIDIA GeForce RTX 4070,[N/A],Enabled,Enabled
