timestamp,id,uuid,load,memoryUtil,memoryTotal,memoryUsed,memoryFree,driver,name,serial,display_mode,display_active
1709252548.30636,0,GPU-93ae0c7f-c327-aee3-adae-bc0d1dae71ea,0.14,0.2412473538511643,12282.0,9048.0,551.52,NVIDIA GeForce RTX 4070,[N/A],Enabled,Enabled
1709252549.303252,0,GPU-93ae0c7f-c327-aee3-adae-bc0d1dae71ea,0.14,0.2412473538511643,12282.0,9048.0,551.52,NVIDIA GeForce RTX 4070,[N/A],Enabled,Enabled
1709252550.302944,0,GPU-93ae0c7f-c327-aee3-adae-bc0d1dae71ea,0.14,0.2412473538511643,12282.0,9048.0,551.52,NVIDIA GeForce RTX 4070,[N/A],Enabled,Enabled
1709252551.30382,0,GPU-93ae0c7f-c327-aee3-adae-bc0d1dae71ea,0.14,0.2412473538511643,12282.0,9048.0,551.52,NVIDIA GeForce RTX 4070,[N/A],Enabled,Enabled
1709252552.302938,0,GPU-93ae0c7f-c327-aee3-adae-bc0d1dae71ea,0.14,0.2412473538511643,12282.0,9048.0,551.52,NVIDIA GeForce RTX 4070,[N/A],Enabled,Enabled
1709252553.302839,0,GPU-93ae0c7f-c327-aee3-adae-bc0d1dae71ea,0.14,0.2412473538511643,12282.0,9048.0,551.52,NVIDIA GeForce RTX 4070,[N/A],Enabled,Enabled
1709252554.303599,0,GPU-93ae0c7f-c327-aee3-adae-bc0d1dae71ea,0.14,0.2412473538511643,12282.0,9048.0,551.52,NVIDIA GeForce RTX 4070,[N/A],Enabled,Enabled
1709252555.302517,0,GPU-93ae0c7f-c327-aee3-adae-bc0d1dae71ea,0.14,0.2412473538511643,12282.0,9048.0,551.52,NVIDIA GeForce RTX 4070,[N/A],Enabled,Enabled
1709252556.303313,0,GPU-93ae0c7f-c327-aee3-adae-bc0d1dae71ea,0.14,0.2412473538511643,12282.0,9048.0,551.52,NVIDIA GeForce RTX 4070,[N/A],Enabled,Enabled
1709252557.303553,0,GPU-93ae0c7f-c327-aee3-adae-bc0d1dae71ea,0.14,0.2412473538511643,12282.0,9048.0,551.52,NVIDIA GeForce RTX 4070,[N/A],Enabled,Enabled
1709252558.303698,0,GPU-93ae0c7f-c327-aee3-adae-bc0d1dae71ea,0.14,0.2412473538511643,12282.0,9048.0,551.52,NVIDIA GeForce RTX 4070,[N/A],Enabled,Enabled
1709252559.302742,0,GPU-93ae0c7f-c327-aee3-adae-bc0d1dae71ea,0.14,0.2412473538511643,12282.0,9048.0,551.52,NVIDIA GeForce RTX 4070,[N/A],Enabled,Enabled
1709252560.303388,0,GPU-93ae0c7f-c327-aee3-adae-bc0d1dae71ea,0.14,0.2412473538511643,12282.0,9048.0,551.52,NVIDIA GeForce RTX 4070,[N/A],Enabled,Enabled
1709252561.303279,0,GPU-93ae0c7f-c327-aee3-adae-bc0d1dae71ea,0.14,0.2412473538511643,12282.0,9048.0,551.52,NVIDIA GeForce RTX 4070,[N/A],Enabled,Enabled
1709252562.303031,0,GPU-93ae0c7f-c327-aee3-adae-bc0d1dae71ea,0.14,0.2412473538511643,12282.0,9048.0,551.52,NVIDIA GeForce RTX 4070,[N/A],Enabled,Enabled
1709252563.30339,0,GPU-93ae0c7f-c327-aee3-adae-bc0d1dae71ea,0.16,0.23986321446018563,12282.0,9065.0,551.52,NVIDIA GeForce RTX 4070,[N/A],Enabled,Enabled
1709252564.303508,0,GPU-93ae0c7f-c327-aee3-adae-bc0d1dae71ea,0.17,0.2427129132063182,12282.0,9030.0,551.52,NVIDIA GeForce RTX 4070,[N/A],Enabled,Enabled
1709252565.303387,0,GPU-93ae0c7f-c327-aee3-adae-bc0d1dae71ea,0.13,0.34684904738641914,12282.0,7751.0,551.52,NVIDIA GeForce RTX 4070,[N/A],Enabled,Enabled
1709252566.303388,0,GPU-93ae0c7f-c327-aee3-adae-bc0d1dae71ea,0.09,0.31183846279107635,12282.0,8181.0,551.52,NVIDIA GeForce RTX 4070,[N/A],Enabled,Enabled
1709252567.303525,0,GPU-93ae0c7f-c327-aee3-adae-bc0d1dae71ea,0.09,0.31183846279107635,12282.0,8181.0,551.52,NVIDIA GeForce RTX 4070,[N/A],Enabled,Enabled
1709252568.302447,0,GPU-93ae0c7f-c327-aee3-adae-bc0d1dae71ea,0.09,0.31175704282690114,12282.0,8182.0,551.52,NVIDIA GeForce RTX 4070,[N/A],Enabled,Enabled
1709252569.303782,0,GPU-93ae0c7f-c327-aee3-adae-bc0d1dae71ea,0.1,0.24141019377951473,12282.0,9046.0,551.52,NVIDIA GeForce RTX 4070,[N/A],Enabled,Enabled
1709252570.303044,0,GPU-93ae0c7f-c327-aee3-adae-bc0d1dae71ea,0.12,0.4148347174727243,12282.0,6916.0,551.52,NVIDIA GeForce RTX 4070,[N/A],Enabled,Enabled
1709252571.30346,0,GPU-93ae0c7f-c327-aee3-adae-bc0d1dae71ea,0.32,0.4400749063670412,12282.0,6606.0,551.52,NVIDIA GeForce RTX 4070,[N/A],Enabled,Enabled
1709252572.303322,0,GPU-93ae0c7f-c327-aee3-adae-bc0d1dae71ea,0.31,0.4400749063670412,12282.0,6606.0,551.52,NVIDIA GeForce RTX 4070,[N/A],Enabled,Enabled
1709252573.303029,0,GPU-93ae0c7f-c327-aee3-adae-bc0d1dae71ea,0.28,0.4353525484448787,12282.0,6664.0,551.52,NVIDIA GeForce RTX 4070,[N/A],Enabled,Enabled
1709252574.302828,0,GPU-93ae0c7f-c327-aee3-adae-bc0d1dae71ea,0.29,0.4353525484448787,12282.0,6664.0,551.52,NVIDIA GeForce RTX 4070,[N/A],Enabled,Enabled
1709252575.303158,0,GPU-93ae0c7f-c327-aee3-adae-bc0d1dae71ea,0.3,0.4353525484448787,12282.0,6664.0,551.52,NVIDIA GeForce RTX 4070,[N/A],Enabled,Enabled
1709252576.30285,0,GPU-93ae0c7f-c327-aee3-adae-bc0d1dae71ea,0.34,0.4400749063670412,12282.0,6606.0,551.52,NVIDIA GeForce RTX 4070,[N/A],Enabled,Enabled
1709252577.303034,0,GPU-93ae0c7f-c327-aee3-adae-bc0d1dae71ea,0.14,0.44088910600879333,12282.0,6596.0,551.52,NVIDIA GeForce RTX 4070,[N/A],Enabled,Enabled
1709252578.303641,0,GPU-93ae0c7f-c327-aee3-adae-bc0d1dae71ea,0.32,0.44088910600879333,12282.0,6596.0,551.52,NVIDIA GeForce RTX 4070,[N/A],Enabled,Enabled
1709252579.303541,0,GPU-93ae0c7f-c327-aee3-adae-bc0d1dae71ea,0.29,0.43616674808663086,12282.0,6654.0,551.52,NVIDIA GeForce RTX 4070,[N/A],Enabled,Enabled
1709252580.304126,0,GPU-93ae0c7f-c327-aee3-adae-bc0d1dae71ea,0.31,0.43616674808663086,12282.0,6654.0,551.52,NVIDIA GeForce RTX 4070,[N/A],Enabled,Enabled
1709252581.303292,0,GPU-93ae0c7f-c327-aee3-adae-bc0d1dae71ea,0.34,0.44088910600879333,12282.0,6596.0,551.52,NVIDIA GeForce RTX 4070,[N/A],Enabled,Enabled
1709252582.303253,0,GPU-93ae0c7f-c327-aee3-adae-bc0d1dae71ea,0.29,0.4362481680508061,12282.0,6653.0,551.52,NVIDIA GeForce RTX 4070,[N/A],Enabled,Enabled
1709252583.303199,0,GPU-93ae0c7f-c327-aee3-adae-bc0d1dae71ea,0.31,0.44088910600879333,12282.0,6596.0,551.52,NVIDIA GeForce RTX 4070,[N/A],Enabled,Enabled
1709252584.302714,0,GPU-93ae0c7f-c327-aee3-adae-bc0d1dae71ea,0.33,0.44088910600879333,12282.0,6596.0,551.52,NVIDIA GeForce RTX 4070,[N/A],Enabled,Enabled
1709252585.302983,0,GPU-93ae0c7f-c327-aee3-adae-bc0d1dae71ea,0.3,0.4409705259729686,12282.0,6595.0,551.52,NVIDIA GeForce RTX 4070,[N/A],Enabled,Enabled
1709252586.303017,0,GPU-93ae0c7f-c327-aee3-adae-bc0d1dae71ea,0.32,0.4409705259729686,12282.0,6595.0,551.52,NVIDIA GeForce RTX 4070,[N/A],Enabled,Enabled
1709252587.303535,0,GPU-93ae0c7f-c327-aee3-adae-bc0d1dae71ea,0.31,0.44088910600879333,12282.0,6596.0,551.52,NVIDIA GeForce RTX 4070,[N/A],Enabled,Enabled
1709252588.303724,0,GPU-93ae0c7f-c327-aee3-adae-bc0d1dae71ea,0.31,0.44088910600879333,12282.0,6596.0,551.52,NVIDIA GeForce RTX 4070,[N/A],Enabled,Enabled
1709252589.303332,0,GPU-93ae0c7f-c327-aee3-adae-bc0d1dae71ea,0.28,0.4362481680508061,12282.0,6653.0,551.52,NVIDIA GeForce RTX 4070,[N/A],Enabled,Enabled
1709252590.303891,0,GPU-93ae0c7f-c327-aee3-adae-bc0d1dae71ea,0.28,0.4362481680508061,12282.0,6653.0,551.52,NVIDIA GeForce RTX 4070,[N/A],Enabled,Enabled
1709252591.302937,0,GPU-93ae0c7f-c327-aee3-adae-bc0d1dae71ea,0.32,0.4409705259729686,12282.0,6595.0,551.52,NVIDIA GeForce RTX 4070,[N/A],Enabled,Enabled
1709252592.303188,0,GPU-93ae0c7f-c327-aee3-adae-bc0d1dae71ea,0.29,0.4409705259729686,12282.0,6595.0,551.52,NVIDIA GeForce RTX 4070,[N/A],Enabled,Enabled
1709252593.30321,0,GPU-93ae0c7f-c327-aee3-adae-bc0d1dae71ea,0.26,0.43828366715518646,12282.0,6628.0,551.52,NVIDIA GeForce RTX 4070,[N/A],Enabled,Enabled
1709252594.303378,0,GPU-93ae0c7f-c327-aee3-adae-bc0d1dae71ea,0.4,0.4447158443250285,12282.0,6549.0,551.52,NVIDIA GeForce RTX 4070,[N/A],Enabled,Enabled
1709252595.303626,0,GPU-93ae0c7f-c327-aee3-adae-bc0d1dae71ea,0.43,0.4447158443250285,12282.0,6549.0,551.52,NVIDIA GeForce RTX 4070,[N/A],Enabled,Enabled
1709252596.30274,0,GPU-93ae0c7f-c327-aee3-adae-bc0d1dae71ea,0.4,0.4447158443250285,12282.0,6549.0,551.52,NVIDIA GeForce RTX 4070,[N/A],Enabled,Enabled
1709252597.30287,0,GPU-93ae0c7f-c327-aee3-adae-bc0d1dae71ea,0.39,0.4447158443250285,12282.0,6549.0,551.52,NVIDIA GeForce RTX 4070,[N/A],Enabled,Enabled
1709252598.303197,0,GPU-93ae0c7f-c327-aee3-adae-bc0d1dae71ea,0.41,0.4447158443250285,12282.0,6549.0,551.52,NVIDIA GeForce RTX 4070,[N/A],Enabled,Enabled
1709252599.303601,0,GPU-93ae0c7f-c327-aee3-adae-bc0d1dae71ea,0.41,0.4447158443250285,12282.0,6549.0,551.52,NVIDIA GeForce RTX 4070,[N/A],Enabled,Enabled
1709252600.303505,0,GPU-93ae0c7f-c327-aee3-adae-bc0d1dae71ea,0.38,0.4447158443250285,12282.0,6549.0,551.52,NVIDIA GeForce RTX 4070,[N/A],Enabled,Enabled
1709252601.30328,0,GPU-93ae0c7f-c327-aee3-adae-bc0d1dae71ea,0.42,0.44447158443250284,12282.0,6552.0,551.52,NVIDIA GeForce RTX 4070,[N/A],Enabled,Enabled
1709252602.30364,0,GPU-93ae0c7f-c327-aee3-adae-bc0d1dae71ea,0.41,0.44447158443250284,12282.0,6552.0,551.52,NVIDIA GeForce RTX 4070,[N/A],Enabled,Enabled
1709252603.302903,0,GPU-93ae0c7f-c327-aee3-adae-bc0d1dae71ea,0.42,0.44447158443250284,12282.0,6552.0,551.52,NVIDIA GeForce RTX 4070,[N/A],Enabled,Enabled
1709252604.303192,0,GPU-93ae0c7f-c327-aee3-adae-bc0d1dae71ea,0.4,0.44447158443250284,12282.0,6552.0,551.52,NVIDIA GeForce RTX 4070,[N/A],Enabled,Enabled
1709252605.302893,0,GPU-93ae0c7f-c327-aee3-adae-bc0d1dae71ea,0.42,0.44447158443250284,12282.0,6552.0,551.52,NVIDIA GeForce RTX 4070,[N/A],Enabled,Enabled
1709252606.303439,0,GPU-93ae0c7f-c327-aee3-adae-bc0d1dae71ea,0.4,0.44447158443250284,12282.0,6552.0,551.52,NVIDIA GeForce RTX 4070,[N/A],Enabled,Enabled
1709252607.303042,0,GPU-93ae0c7f-c327-aee3-adae-bc0d1dae71ea,0.42,0.44447158443250284,12282.0,6552.0,551.52,NVIDIA GeForce RTX 4070,[N/A],Enabled,Enabled
1709252608.302813,0,GPU-93ae0c7f-c327-aee3-adae-bc0d1dae71ea,0.4,0.44447158443250284,12282.0,6552.0,551.52,NVIDIA GeForce RTX 4070,[N/A],Enabled,Enabled
1709252609.303213,0,GPU-93ae0c7f-c327-aee3-adae-bc0d1dae71ea,0.42,0.44447158443250284,12282.0,6552.0,551.52,NVIDIA GeForce RTX 4070,[N/A],Enabled,Enabled
1709252610.30283,0,GPU-93ae0c7f-c327-aee3-adae-bc0d1dae71ea,0.41,0.44447158443250284,12282.0,6552.0,551.52,NVIDIA GeForce RTX 4070,[N/A],Enabled,Enabled
1709252611.304301,0,GPU-93ae0c7f-c327-aee3-adae-bc0d1dae71ea,0.42,0.44390164468327636,12282.0,6559.0,551.52,NVIDIA GeForce RTX 4070,[N/A],Enabled,Enabled
1709252612.303926,0,GPU-93ae0c7f-c327-aee3-adae-bc0d1dae71ea,0.4,0.44390164468327636,12282.0,6559.0,551.52,NVIDIA GeForce RTX 4070,[N/A],Enabled,Enabled
1709252613.303436,0,GPU-93ae0c7f-c327-aee3-adae-bc0d1dae71ea,0.42,0.44390164468327636,12282.0,6559.0,551.52,NVIDIA GeForce RTX 4070,[N/A],Enabled,Enabled
1709252614.303311,0,GPU-93ae0c7f-c327-aee3-adae-bc0d1dae71ea,0.4,0.44390164468327636,12282.0,6559.0,551.52,NVIDIA GeForce RTX 4070,[N/A],Enabled,Enabled
1709252615.303086,0,GPU-93ae0c7f-c327-aee3-adae-bc0d1dae71ea,0.42,0.44390164468327636,12282.0,6559.0,551.52,NVIDIA GeForce RTX 4070,[N/A],Enabled,Enabled
1709252616.302806,0,GPU-93ae0c7f-c327-aee3-adae-bc0d1dae71ea,0.41,0.44390164468327636,12282.0,6559.0,551.52,NVIDIA GeForce RTX 4070,[N/A],Enabled,Enabled
1709252617.303167,0,GPU-93ae0c7f-c327-aee3-adae-bc0d1dae71ea,0.43,0.44390164468327636,12282.0,6559.0,551.52,NVIDIA GeForce RTX 4070,[N/A],Enabled,Enabled
1709252618.303269,0,GPU-93ae0c7f-c327-aee3-adae-bc0d1dae71ea,0.46,0.44390164468327636,12282.0,6559.0,551.52,NVIDIA GeForce RTX 4070,[N/A],Enabled,Enabled
1709252619.303134,0,GPU-93ae0c7f-c327-aee3-adae-bc0d1dae71ea,0.46,0.44390164468327636,12282.0,6559.0,551.52,NVIDIA GeForce RTX 4070,[N/A],Enabled,Enabled
1709252620.303572,0,GPU-93ae0c7f-c327-aee3-adae-bc0d1dae71ea,0.42,0.44390164468327636,12282.0,6559.0,551.52,NVIDIA GeForce RTX 4070,[N/A],Enabled,Enabled
1709252621.302845,0,GPU-93ae0c7f-c327-aee3-adae-bc0d1dae71ea,0.47,0.44390164468327636,12282.0,6559.0,551.52,NVIDIA GeForce RTX 4070,[N/A],Enabled,Enabled
1709252622.30341,0,GPU-93ae0c7f-c327-aee3-adae-bc0d1dae71ea,0.47,0.44390164468327636,12282.0,6559.0,551.52,NVIDIA GeForce RTX 4070,[N/A],Enabled,Enabled
1709252623.303047,0,GPU-93ae0c7f-c327-aee3-adae-bc0d1dae71ea,0.43,0.44390164468327636,12282.0,6559.0,551.52,NVIDIA GeForce RTX 4070,[N/A],Enabled,Enabled
1709252624.303465,0,GPU-93ae0c7f-c327-aee3-adae-bc0d1dae71ea,0.41,0.44390164468327636,12282.0,6559.0,551.52,NVIDIA GeForce RTX 4070,[N/A],Enabled,Enabled
1709252625.303225,0,GPU-93ae0c7f-c327-aee3-adae-bc0d1dae71ea,0.42,0.44390164468327636,12282.0,6559.0,551.52,NVIDIA GeForce RTX 4070,[N/A],Enabled,Enabled
1709252626.303429,0,GPU-93ae0c7f-c327-aee3-adae-bc0d1dae71ea,0.41,0.44390164468327636,12282.0,6559.0,551.52,NVIDIA GeForce RTX 4070,[N/A],Enabled,Enabled
1709252627.30393,0,GPU-93ae0c7f-c327-aee3-adae-bc0d1dae71ea,0.44,0.44390164468327636,12282.0,6559.0,551.52,NVIDIA GeForce RTX 4070,[N/A],Enabled,Enabled
1709252628.303898,0,GPU-93ae0c7f-c327-aee3-adae-bc0d1dae71ea,0.42,0.44390164468327636,12282.0,6559.0,551.52,NVIDIA GeForce RTX 4070,[N/A],Enabled,Enabled
1709252629.30353,0,GPU-93ae0c7f-c327-aee3-adae-bc0d1dae71ea,0.42,0.44390164468327636,12282.0,6559.0,551.52,NVIDIA GeForce RTX 4070,[N/A],Enabled,Enabled
1709252630.303213,0,GPU-93ae0c7f-c327-aee3-adae-bc0d1dae71ea,0.41,0.44390164468327636,12282.0,6559.0,551.52,NVIDIA GeForce RTX 4070,[N/A],Enabled,Enabled
1709252631.303458,0,GPU-93ae0c7f-c327-aee3-adae-bc0d1dae71ea,0.42,0.44390164468327636,12282.0,6559.0,551.52,NVIDIA GeForce RTX 4070,[N/A],Enabled,Enabled
1709252632.303207,0,GPU-93ae0c7f-c327-aee3-adae-bc0d1dae71ea,0.41,0.44390164468327636,12282.0,6559.0,551.52,NVIDIA GeForce RTX 4070,[N/A],Enabled,Enabled
1709252633.303347,0,GPU-93ae0c7f-c327-aee3-adae-bc0d1dae71ea,0.43,0.44390164468327636,12282.0,6559.0,551.52,NVIDIA GeForce RTX 4070,[N/A],Enabled,Enabled
1709252634.302899,0,GPU-93ae0c7f-c327-aee3-adae-bc0d1dae71ea,0.41,0.44390164468327636,12282.0,6559.0,551.52,NVIDIA GeForce RTX 4070,[N/A],Enabled,Enabled
1709252635.302753,0,GPU-93ae0c7f-c327-aee3-adae-bc0d1dae71ea,0.43,0.44390164468327636,12282.0,6559.0,551.52,NVIDIA GeForce RTX 4070,[N/A],Enabled,Enabled
1709252636.303726,0,GPU-93ae0c7f-c327-aee3-adae-bc0d1dae71ea,0.42,0.44390164468327636,12282.0,6559.0,551.52,NVIDIA GeForce RTX 4070,[N/A],Enabled,Enabled
1709252637.303736,0,GPU-93ae0c7f-c327-aee3-adae-bc0d1dae71ea,0.44,0.44390164468327636,12282.0,6559.0,551.52,NVIDIA GeForce RTX 4070,[N/A],Enabled,Enabled
1709252638.302942,0,GPU-93ae0c7f-c327-aee3-adae-bc0d1dae71ea,0.42,0.44390164468327636,12282.0,6559.0,551.52,NVIDIA GeForce RTX 4070,[N/A],Enabled,Enabled
1709252639.302727,0,GPU-93ae0c7f-c327-aee3-adae-bc0d1dae71ea,0.42,0.44390164468327636,12282.0,6559.0,551.52,NVIDIA GeForce RTX 4070,[N/A],Enabled,Enabled
1709252640.303328,0,GPU-93ae0c7f-c327-aee3-adae-bc0d1dae71ea,0.43,0.44390164468327636,12282.0,6559.0,551.52,NVIDIA GeForce RTX 4070,[N/A],Enabled,Enabled
1709252641.303311,0,GPU-93ae0c7f-c327-aee3-adae-bc0d1dae71ea,0.44,0.44390164468327636,12282.0,6559.0,551.52,NVIDIA GeForce RTX 4070,[N/A],Enabled,Enabled
1709252642.303122,0,GPU-93ae0c7f-c327-aee3-adae-bc0d1dae71ea,0.42,0.44390164468327636,12282.0,6559.0,551.52,NVIDIA GeForce RTX 4070,[N/A],Enabled,Enabled
1709252643.303334,0,GPU-93ae0c7f-c327-aee3-adae-bc0d1dae71ea,0.44,0.44390164468327636,12282.0,6559.0,551.52,NVIDIA GeForce RTX 4070,[N/A],Enabled,Enabled
1709252644.302785,0,GPU-93ae0c7f-c327-aee3-adae-bc0d1dae71ea,0.42,0.44390164468327636,12282.0,6559.0,551.52,NVIDIA GeForce RTX 4070,[N/A],Enabled,Enabled
1709252645.303645,0,GPU-93ae0c7f-c327-aee3-adae-bc0d1dae71ea,0.44,0.44390164468327636,12282.0,6559.0,551.52,NVIDIA GeForce RTX 4070,[N/A],Enabled,Enabled
1709252646.303374,0,GPU-93ae0c7f-c327-aee3-adae-bc0d1dae71ea,0.42,0.44390164468327636,12282.0,6559.0,551.52,NVIDIA GeForce RTX 4070,[N/A],Enabled,Enabled
1709252647.302952,0,GPU-93ae0c7f-c327-aee3-adae-bc0d1dae71ea,0.44,0.44390164468327636,12282.0,6559.0,551.52,NVIDIA GeForce RTX 4070,[N/A],Enabled,Enabled
1709252648.303098,0,GPU-93ae0c7f-c327-aee3-adae-bc0d1dae71ea,0.48,0.44390164468327636,12282.0,6559.0,551.52,NVIDIA GeForce RTX 4070,[N/A],Enabled,Enabled
1709252649.303133,0,GPU-93ae0c7f-c327-aee3-adae-bc0d1dae71ea,0.44,0.44390164468327636,12282.0,6559.0,551.52,NVIDIA GeForce RTX 4070,[N/A],Enabled,Enabled
1709252650.3028,0,GPU-93ae0c7f-c327-aee3-adae-bc0d1dae71ea,0.43,0.44390164468327636,12282.0,6559.0,551.52,NVIDIA GeForce RTX 4070,[N/A],Enabled,Enabled
1709252651.30308,0,GPU-93ae0c7f-c327-aee3-adae-bc0d1dae71ea,0.43,0.44390164468327636,12282.0,6559.0,551.52,NVIDIA GeForce RTX 4070,[N/A],Enabled,Enabled
1709252652.303053,0,GPU-93ae0c7f-c327-aee3-adae-bc0d1dae71ea,0.43,0.44390164468327636,12282.0,6559.0,551.52,NVIDIA GeForce RTX 4070,[N/A],Enabled,Enabled
1709252653.303091,0,GPU-93ae0c7f-c327-aee3-adae-bc0d1dae71ea,0.45,0.44390164468327636,12282.0,6559.0,551.52,NVIDIA GeForce RTX 4070,[N/A],Enabled,Enabled
1709252654.3029,0,GPU-93ae0c7f-c327-aee3-adae-bc0d1dae71ea,0.42,0.44390164468327636,12282.0,6559.0,551.52,NVIDIA GeForce RTX 4070,[N/A],Enabled,Enabled
1709252655.303448,0,GPU-93ae0c7f-c327-aee3-adae-bc0d1dae71ea,0.44,0.44390164468327636,12282.0,6559.0,551.52,NVIDIA GeForce RTX 4070,[N/A],Enabled,Enabled
1709252656.302821,0,GPU-93ae0c7f-c327-aee3-adae-bc0d1dae71ea,0.42,0.44390164468327636,12282.0,6559.0,551.52,NVIDIA GeForce RTX 4070,[N/A],Enabled,Enabled
1709252657.303765,0,GPU-93ae0c7f-c327-aee3-adae-bc0d1dae71ea,0.45,0.44390164468327636,12282.0,6559.0,551.52,NVIDIA GeForce RTX 4070,[N/A],Enabled,Enabled
1709252658.303685,0,GPU-93ae0c7f-c327-aee3-adae-bc0d1dae71ea,0.43,0.44390164468327636,12282.0,6559.0,551.52,NVIDIA GeForce RTX 4070,[N/A],Enabled,Enabled
1709252659.302926,0,GPU-93ae0c7f-c327-aee3-adae-bc0d1dae71ea,0.45,0.44390164468327636,12282.0,6559.0,551.52,NVIDIA GeForce RTX 4070,[N/A],Enabled,Enabled
1709252660.302713,0,GPU-93ae0c7f-c327-aee3-adae-bc0d1dae71ea,0.42,0.44390164468327636,12282.0,6559.0,551.52,NVIDIA GeForce RTX 4070,[N/A],Enabled,Enabled
1709252661.303378,0,GPU-93ae0c7f-c327-aee3-adae-bc0d1dae71ea,0.45,0.4438202247191011,12282.0,6560.0,551.52,NVIDIA GeForce RTX 4070,[N/A],Enabled,Enabled
1709252662.302718,0,GPU-93ae0c7f-c327-aee3-adae-bc0d1dae71ea,0.49,0.4431688650056994,12282.0,6568.0,551.52,NVIDIA GeForce RTX 4070,[N/A],Enabled,Enabled
1709252663.303446,0,GPU-93ae0c7f-c327-aee3-adae-bc0d1dae71ea,0.44,0.4431688650056994,12282.0,6568.0,551.52,NVIDIA GeForce RTX 4070,[N/A],Enabled,Enabled
1709252664.302981,0,GPU-93ae0c7f-c327-aee3-adae-bc0d1dae71ea,0.47,0.4431688650056994,12282.0,6568.0,551.52,NVIDIA GeForce RTX 4070,[N/A],Enabled,Enabled
1709252665.302883,0,GPU-93ae0c7f-c327-aee3-adae-bc0d1dae71ea,0.44,0.4431688650056994,12282.0,6568.0,551.52,NVIDIA GeForce RTX 4070,[N/A],Enabled,Enabled
1709252666.302732,0,GPU-93ae0c7f-c327-aee3-adae-bc0d1dae71ea,0.43,0.4431688650056994,12282.0,6568.0,551.52,NVIDIA GeForce RTX 4070,[N/A],Enabled,Enabled
1709252667.302622,0,GPU-93ae0c7f-c327-aee3-adae-bc0d1dae71ea,0.49,0.4431688650056994,12282.0,6568.0,551.52,NVIDIA GeForce RTX 4070,[N/A],Enabled,Enabled
1709252668.30302,0,GPU-93ae0c7f-c327-aee3-adae-bc0d1dae71ea,0.41,0.4431688650056994,12282.0,6568.0,551.52,NVIDIA GeForce RTX 4070,[N/A],Enabled,Enabled
1709252669.303216,0,GPU-93ae0c7f-c327-aee3-adae-bc0d1dae71ea,0.43,0.4431688650056994,12282.0,6568.0,551.52,NVIDIA GeForce RTX 4070,[N/A],Enabled,Enabled
1709252670.303041,0,GPU-93ae0c7f-c327-aee3-adae-bc0d1dae71ea,0.41,0.4431688650056994,12282.0,6568.0,551.52,NVIDIA GeForce RTX 4070,[N/A],Enabled,Enabled
1709252671.302837,0,GPU-93ae0c7f-c327-aee3-adae-bc0d1dae71ea,0.43,0.4431688650056994,12282.0,6568.0,551.52,NVIDIA GeForce RTX 4070,[N/A],Enabled,Enabled
1709252672.303109,0,GPU-93ae0c7f-c327-aee3-adae-bc0d1dae71ea,0.41,0.4431688650056994,12282.0,6568.0,551.52,NVIDIA GeForce RTX 4070,[N/A],Enabled,Enabled
1709252673.302656,0,GPU-93ae0c7f-c327-aee3-adae-bc0d1dae71ea,0.43,0.4431688650056994,12282.0,6568.0,551.52,NVIDIA GeForce RTX 4070,[N/A],Enabled,Enabled
1709252674.303556,0,GPU-93ae0c7f-c327-aee3-adae-bc0d1dae71ea,0.41,0.4431688650056994,12282.0,6568.0,551.52,NVIDIA GeForce RTX 4070,[N/A],Enabled,Enabled
1709252675.303544,0,GPU-93ae0c7f-c327-aee3-adae-bc0d1dae71ea,0.4,0.4431688650056994,12282.0,6568.0,551.52,NVIDIA GeForce RTX 4070,[N/A],Enabled,Enabled
1709252676.303755,0,GPU-93ae0c7f-c327-aee3-adae-bc0d1dae71ea,0.41,0.4431688650056994,12282.0,6568.0,551.52,NVIDIA GeForce RTX 4070,[N/A],Enabled,Enabled
1709252677.303637,0,GPU-93ae0c7f-c327-aee3-adae-bc0d1dae71ea,0.42,0.4431688650056994,12282.0,6568.0,551.52,NVIDIA GeForce RTX 4070,[N/A],Enabled,Enabled
1709252678.303469,0,GPU-93ae0c7f-c327-aee3-adae-bc0d1dae71ea,0.4,0.4431688650056994,12282.0,6568.0,551.52,NVIDIA GeForce RTX 4070,[N/A],Enabled,Enabled
1709252679.303418,0,GPU-93ae0c7f-c327-aee3-adae-bc0d1dae71ea,0.42,0.4431688650056994,12282.0,6568.0,551.52,NVIDIA GeForce RTX 4070,[N/A],Enabled,Enabled
1709252680.302804,0,GPU-93ae0c7f-c327-aee3-adae-bc0d1dae71ea,0.4,0.4431688650056994,12282.0,6568.0,551.52,NVIDIA GeForce RTX 4070,[N/A],Enabled,Enabled
1709252681.302822,0,GPU-93ae0c7f-c327-aee3-adae-bc0d1dae71ea,0.42,0.4431688650056994,12282.0,6568.0,551.52,NVIDIA GeForce RTX 4070,[N/A],Enabled,Enabled
1709252682.303159,0,GPU-93ae0c7f-c327-aee3-adae-bc0d1dae71ea,0.4,0.4431688650056994,12282.0,6568.0,551.52,NVIDIA GeForce RTX 4070,[N/A],Enabled,Enabled
1709252683.303116,0,GPU-93ae0c7f-c327-aee3-adae-bc0d1dae71ea,0.46,0.4431688650056994,12282.0,6568.0,551.52,NVIDIA GeForce RTX 4070,[N/A],Enabled,Enabled
1709252684.303143,0,GPU-93ae0c7f-c327-aee3-adae-bc0d1dae71ea,0.39,0.4431688650056994,12282.0,6568.0,551.52,NVIDIA GeForce RTX 4070,[N/A],Enabled,Enabled
1709252685.303774,0,GPU-93ae0c7f-c327-aee3-adae-bc0d1dae71ea,0.42,0.4431688650056994,12282.0,6568.0,551.52,NVIDIA GeForce RTX 4070,[N/A],Enabled,Enabled
1709252686.303049,0,GPU-93ae0c7f-c327-aee3-adae-bc0d1dae71ea,0.41,0.4431688650056994,12282.0,6568.0,551.52,NVIDIA GeForce RTX 4070,[N/A],Enabled,Enabled
1709252687.303502,0,GPU-93ae0c7f-c327-aee3-adae-bc0d1dae71ea,0.43,0.4431688650056994,12282.0,6568.0,551.52,NVIDIA GeForce RTX 4070,[N/A],Enabled,Enabled
1709252688.303039,0,GPU-93ae0c7f-c327-aee3-adae-bc0d1dae71ea,0.41,0.4431688650056994,12282.0,6568.0,551.52,NVIDIA GeForce RTX 4070,[N/A],Enabled,Enabled
1709252689.303384,0,GPU-93ae0c7f-c327-aee3-adae-bc0d1dae71ea,0.42,0.4431688650056994,12282.0,6568.0,551.52,NVIDIA GeForce RTX 4070,[N/A],Enabled,Enabled
1709252690.303737,0,GPU-93ae0c7f-c327-aee3-adae-bc0d1dae71ea,0.41,0.4430874450415242,12282.0,6569.0,551.52,NVIDIA GeForce RTX 4070,[N/A],Enabled,Enabled
1709252691.303308,0,GPU-93ae0c7f-c327-aee3-adae-bc0d1dae71ea,0.43,0.4430874450415242,12282.0,6569.0,551.52,NVIDIA GeForce RTX 4070,[N/A],Enabled,Enabled
1709252692.303662,0,GPU-93ae0c7f-c327-aee3-adae-bc0d1dae71ea,0.4,0.4430874450415242,12282.0,6569.0,551.52,NVIDIA GeForce RTX 4070,[N/A],Enabled,Enabled
1709252693.303321,0,GPU-93ae0c7f-c327-aee3-adae-bc0d1dae71ea,0.43,0.4430874450415242,12282.0,6569.0,551.52,NVIDIA GeForce RTX 4070,[N/A],Enabled,Enabled
1709252694.303385,0,GPU-93ae0c7f-c327-aee3-adae-bc0d1dae71ea,0.41,0.4430874450415242,12282.0,6569.0,551.52,NVIDIA GeForce RTX 4070,[N/A],Enabled,Enabled
1709252695.30244,0,GPU-93ae0c7f-c327-aee3-adae-bc0d1dae71ea,0.42,0.4430874450415242,12282.0,6569.0,551.52,NVIDIA GeForce RTX 4070,[N/A],Enabled,Enabled
1709252696.303402,0,GPU-93ae0c7f-c327-aee3-adae-bc0d1dae71ea,0.41,0.4430874450415242,12282.0,6569.0,551.52,NVIDIA GeForce RTX 4070,[N/A],Enabled,Enabled
1709252697.303249,0,GPU-93ae0c7f-c327-aee3-adae-bc0d1dae71ea,0.42,0.4430874450415242,12282.0,6569.0,551.52,NVIDIA GeForce RTX 4070,[N/A],Enabled,Enabled
1709252698.303832,0,GPU-93ae0c7f-c327-aee3-adae-bc0d1dae71ea,0.41,0.4430874450415242,12282.0,6569.0,551.52,NVIDIA GeForce RTX 4070,[N/A],Enabled,Enabled
1709252699.303216,0,GPU-93ae0c7f-c327-aee3-adae-bc0d1dae71ea,0.44,0.4430874450415242,12282.0,6569.0,551.52,NVIDIA GeForce RTX 4070,[N/A],Enabled,Enabled
1709252700.303509,0,GPU-93ae0c7f-c327-aee3-adae-bc0d1dae71ea,0.45,0.4430874450415242,12282.0,6569.0,551.52,NVIDIA GeForce RTX 4070,[N/A],Enabled,Enabled
1709252701.303067,0,GPU-93ae0c7f-c327-aee3-adae-bc0d1dae71ea,0.4,0.4430874450415242,12282.0,6569.0,551.52,NVIDIA GeForce RTX 4070,[N/A],Enabled,Enabled
1709252702.30326,0,GPU-93ae0c7f-c327-aee3-adae-bc0d1dae71ea,0.4,0.4430874450415242,12282.0,6569.0,551.52,NVIDIA GeForce RTX 4070,[N/A],Enabled,Enabled
1709252703.303095,0,GPU-93ae0c7f-c327-aee3-adae-bc0d1dae71ea,0.39,0.4430874450415242,12282.0,6569.0,551.52,NVIDIA GeForce RTX 4070,[N/A],Enabled,Enabled
1709252704.303078,0,GPU-93ae0c7f-c327-aee3-adae-bc0d1dae71ea,0.39,0.4430874450415242,12282.0,6569.0,551.52,NVIDIA GeForce RTX 4070,[N/A],Enabled,Enabled
1709252705.302793,0,GPU-93ae0c7f-c327-aee3-adae-bc0d1dae71ea,0.39,0.4430874450415242,12282.0,6569.0,551.52,NVIDIA GeForce RTX 4070,[N/A],Enabled,Enabled
1709252706.302796,0,GPU-93ae0c7f-c327-aee3-adae-bc0d1dae71ea,0.41,0.4430874450415242,12282.0,6569.0,551.52,NVIDIA GeForce RTX 4070,[N/A],Enabled,Enabled
1709252707.302762,0,GPU-93ae0c7f-c327-aee3-adae-bc0d1dae71ea,0.4,0.4430874450415242,12282.0,6569.0,551.52,NVIDIA GeForce RTX 4070,[N/A],Enabled,Enabled
1709252708.303216,0,GPU-93ae0c7f-c327-aee3-adae-bc0d1dae71ea,0.4,0.4430874450415242,12282.0,6569.0,551.52,NVIDIA GeForce RTX 4070,[N/A],Enabled,Enabled
1709252709.30299,0,GPU-93ae0c7f-c327-aee3-adae-bc0d1dae71ea,0.42,0.4430874450415242,12282.0,6569.0,551.52,NVIDIA GeForce RTX 4070,[N/A],Enabled,Enabled
1709252710.302939,0,GPU-93ae0c7f-c327-aee3-adae-bc0d1dae71ea,0.42,0.4430874450415242,12282.0,6569.0,551.52,NVIDIA GeForce RTX 4070,[N/A],Enabled,Enabled
1709252711.302991,0,GPU-93ae0c7f-c327-aee3-adae-bc0d1dae71ea,0.47,0.4430874450415242,12282.0,6569.0,551.52,NVIDIA GeForce RTX 4070,[N/A],Enabled,Enabled
1709252712.302758,0,GPU-93ae0c7f-c327-aee3-adae-bc0d1dae71ea,0.46,0.4430874450415242,12282.0,6569.0,551.52,NVIDIA GeForce RTX 4070,[N/A],Enabled,Enabled
1709252713.303049,0,GPU-93ae0c7f-c327-aee3-adae-bc0d1dae71ea,0.43,0.4430874450415242,12282.0,6569.0,551.52,NVIDIA GeForce RTX 4070,[N/A],Enabled,Enabled
1709252714.303468,0,GPU-93ae0c7f-c327-aee3-adae-bc0d1dae71ea,0.42,0.4430874450415242,12282.0,6569.0,551.52,NVIDIA GeForce RTX 4070,[N/A],Enabled,Enabled
1709252715.303504,0,GPU-93ae0c7f-c327-aee3-adae-bc0d1dae71ea,0.44,0.4430874450415242,12282.0,6569.0,551.52,NVIDIA GeForce RTX 4070,[N/A],Enabled,Enabled
1709252716.302881,0,GPU-93ae0c7f-c327-aee3-adae-bc0d1dae71ea,0.42,0.4430874450415242,12282.0,6569.0,551.52,NVIDIA GeForce RTX 4070,[N/A],Enabled,Enabled
1709252717.304108,0,GPU-93ae0c7f-c327-aee3-adae-bc0d1dae71ea,0.45,0.4430874450415242,12282.0,6569.0,551.52,NVIDIA GeForce RTX 4070,[N/A],Enabled,Enabled
1709252718.303182,0,GPU-93ae0c7f-c327-aee3-adae-bc0d1dae71ea,0.44,0.4430874450415242,12282.0,6569.0,551.52,NVIDIA GeForce RTX 4070,[N/A],Enabled,Enabled
1709252719.302728,0,GPU-93ae0c7f-c327-aee3-adae-bc0d1dae71ea,0.43,0.4430874450415242,12282.0,6569.0,551.52,NVIDIA GeForce RTX 4070,[N/A],Enabled,Enabled
1709252720.303275,0,GPU-93ae0c7f-c327-aee3-adae-bc0d1dae71ea,0.42,0.4430874450415242,12282.0,6569.0,551.52,NVIDIA GeForce RTX 4070,[N/A],Enabled,Enabled
1709252721.303157,0,GPU-93ae0c7f-c327-aee3-adae-bc0d1dae71ea,0.46,0.4430874450415242,12282.0,6569.0,551.52,NVIDIA GeForce RTX 4070,[N/A],Enabled,Enabled
1709252722.303148,0,GPU-93ae0c7f-c327-aee3-adae-bc0d1dae71ea,0.42,0.4430874450415242,12282.0,6569.0,551.52,NVIDIA GeForce RTX 4070,[N/A],Enabled,Enabled
1709252723.302807,0,GPU-93ae0c7f-c327-aee3-adae-bc0d1dae71ea,0.41,0.4430874450415242,12282.0,6569.0,551.52,NVIDIA GeForce RTX 4070,[N/A],Enabled,Enabled
1709252724.302903,0,GPU-93ae0c7f-c327-aee3-adae-bc0d1dae71ea,0.42,0.4430874450415242,12282.0,6569.0,551.52,NVIDIA GeForce RTX 4070,[N/A],Enabled,Enabled
1709252725.303187,0,GPU-93ae0c7f-c327-aee3-adae-bc0d1dae71ea,0.46,0.4430874450415242,12282.0,6569.0,551.52,NVIDIA GeForce RTX 4070,[N/A],Enabled,Enabled
1709252726.303034,0,GPU-93ae0c7f-c327-aee3-adae-bc0d1dae71ea,0.41,0.4430874450415242,12282.0,6569.0,551.52,NVIDIA GeForce RTX 4070,[N/A],Enabled,Enabled
1709252727.303002,0,GPU-93ae0c7f-c327-aee3-adae-bc0d1dae71ea,0.42,0.4430874450415242,12282.0,6569.0,551.52,NVIDIA GeForce RTX 4070,[N/A],Enabled,Enabled
1709252728.303273,0,GPU-93ae0c7f-c327-aee3-adae-bc0d1dae71ea,0.4,0.4430874450415242,12282.0,6569.0,551.52,NVIDIA GeForce RTX 4070,[N/A],Enabled,Enabled
1709252729.303344,0,GPU-93ae0c7f-c327-aee3-adae-bc0d1dae71ea,0.42,0.4430874450415242,12282.0,6569.0,551.52,NVIDIA GeForce RTX 4070,[N/A],Enabled,Enabled
1709252730.302862,0,GPU-93ae0c7f-c327-aee3-adae-bc0d1dae71ea,0.4,0.4430874450415242,12282.0,6569.0,551.52,NVIDIA GeForce RTX 4070,[N/A],Enabled,Enabled
1709252731.303752,0,GPU-93ae0c7f-c327-aee3-adae-bc0d1dae71ea,0.42,0.4430874450415242,12282.0,6569.0,551.52,NVIDIA GeForce RTX 4070,[N/A],Enabled,Enabled
1709252732.302908,0,GPU-93ae0c7f-c327-aee3-adae-bc0d1dae71ea,0.41,0.4430874450415242,12282.0,6569.0,551.52,NVIDIA GeForce RTX 4070,[N/A],Enabled,Enabled
1709252733.302781,0,GPU-93ae0c7f-c327-aee3-adae-bc0d1dae71ea,0.43,0.4430874450415242,12282.0,6569.0,551.52,NVIDIA GeForce RTX 4070,[N/A],Enabled,Enabled
1709252734.302913,0,GPU-93ae0c7f-c327-aee3-adae-bc0d1dae71ea,0.38,0.4430874450415242,12282.0,6569.0,551.52,NVIDIA GeForce RTX 4070,[N/A],Enabled,Enabled
1709252735.303267,0,GPU-93ae0c7f-c327-aee3-adae-bc0d1dae71ea,0.41,0.4430874450415242,12282.0,6569.0,551.52,NVIDIA GeForce RTX 4070,[N/A],Enabled,Enabled
1709252736.302583,0,GPU-93ae0c7f-c327-aee3-adae-bc0d1dae71ea,0.4,0.4430874450415242,12282.0,6569.0,551.52,NVIDIA GeForce RTX 4070,[N/A],Enabled,Enabled
1709252737.302603,0,GPU-93ae0c7f-c327-aee3-adae-bc0d1dae71ea,0.4,0.4430874450415242,12282.0,6569.0,551.52,NVIDIA GeForce RTX 4070,[N/A],Enabled,Enabled
1709252738.303139,0,GPU-93ae0c7f-c327-aee3-adae-bc0d1dae71ea,0.4,0.4430874450415242,12282.0,6569.0,551.52,NVIDIA GeForce RTX 4070,[N/A],Enabled,Enabled
1709252739.303328,0,GPU-93ae0c7f-c327-aee3-adae-bc0d1dae71ea,0.41,0.4430874450415242,12282.0,6569.0,551.52,NVIDIA GeForce RTX 4070,[N/A],Enabled,Enabled
1709252740.302721,0,GPU-93ae0c7f-c327-aee3-adae-bc0d1dae71ea,0.38,0.4430874450415242,12282.0,6569.0,551.52,NVIDIA GeForce RTX 4070,[N/A],Enabled,Enabled
1709252741.303181,0,GPU-93ae0c7f-c327-aee3-adae-bc0d1dae71ea,0.42,0.4430874450415242,12282.0,6569.0,551.52,NVIDIA GeForce RTX 4070,[N/A],Enabled,Enabled
1709252742.302686,0,GPU-93ae0c7f-c327-aee3-adae-bc0d1dae71ea,0.42,0.4430874450415242,12282.0,6569.0,551.52,NVIDIA GeForce RTX 4070,[N/A],Enabled,Enabled
1709252743.303938,0,GPU-93ae0c7f-c327-aee3-adae-bc0d1dae71ea,0.43,0.4430874450415242,12282.0,6569.0,551.52,NVIDIA GeForce RTX 4070,[N/A],Enabled,Enabled
1709252744.303531,0,GPU-93ae0c7f-c327-aee3-adae-bc0d1dae71ea,0.39,0.4430874450415242,12282.0,6569.0,551.52,NVIDIA GeForce RTX 4070,[N/A],Enabled,Enabled
1709252745.303442,0,GPU-93ae0c7f-c327-aee3-adae-bc0d1dae71ea,0.44,0.4430874450415242,12282.0,6569.0,551.52,NVIDIA GeForce RTX 4070,[N/A],Enabled,Enabled
1709252746.302781,0,GPU-93ae0c7f-c327-aee3-adae-bc0d1dae71ea,0.43,0.4430874450415242,12282.0,6569.0,551.52,NVIDIA GeForce RTX 4070,[N/A],Enabled,Enabled
1709252747.303066,0,GPU-93ae0c7f-c327-aee3-adae-bc0d1dae71ea,0.44,0.4430874450415242,12282.0,6569.0,551.52,NVIDIA GeForce RTX 4070,[N/A],Enabled,Enabled
1709252748.302923,0,GPU-93ae0c7f-c327-aee3-adae-bc0d1dae71ea,0.42,0.4430874450415242,12282.0,6569.0,551.52,NVIDIA GeForce RTX 4070,[N/A],Enabled,Enabled
1709252749.303243,0,GPU-93ae0c7f-c327-aee3-adae-bc0d1dae71ea,0.43,0.4430874450415242,12282.0,6569.0,551.52,NVIDIA GeForce RTX 4070,[N/A],Enabled,Enabled
1709252750.302915,0,GPU-93ae0c7f-c327-aee3-adae-bc0d1dae71ea,0.43,0.443006025077349,12282.0,6570.0,551.52,NVIDIA GeForce RTX 4070,[N/A],Enabled,Enabled
1709252751.302546,0,GPU-93ae0c7f-c327-aee3-adae-bc0d1dae71ea,0.44,0.443006025077349,12282.0,6570.0,551.52,NVIDIA GeForce RTX 4070,[N/A],Enabled,Enabled
1709252752.302842,0,GPU-93ae0c7f-c327-aee3-adae-bc0d1dae71ea,0.42,0.443006025077349,12282.0,6570.0,551.52,NVIDIA GeForce RTX 4070,[N/A],Enabled,Enabled
1709252753.302507,0,GPU-93ae0c7f-c327-aee3-adae-bc0d1dae71ea,0.51,0.443006025077349,12282.0,6570.0,551.52,NVIDIA GeForce RTX 4070,[N/A],Enabled,Enabled
1709252754.303599,0,GPU-93ae0c7f-c327-aee3-adae-bc0d1dae71ea,0.45,0.443006025077349,12282.0,6570.0,551.52,NVIDIA GeForce RTX 4070,[N/A],Enabled,Enabled
1709252755.303503,0,GPU-93ae0c7f-c327-aee3-adae-bc0d1dae71ea,0.52,0.4474841231069858,12282.0,6515.0,551.52,NVIDIA GeForce RTX 4070,[N/A],Enabled,Enabled
1709252756.302844,0,GPU-93ae0c7f-c327-aee3-adae-bc0d1dae71ea,0.45,0.4474841231069858,12282.0,6515.0,551.52,NVIDIA GeForce RTX 4070,[N/A],Enabled,Enabled
1709252757.3032,0,GPU-93ae0c7f-c327-aee3-adae-bc0d1dae71ea,0.48,0.4474027031428106,12282.0,6516.0,551.52,NVIDIA GeForce RTX 4070,[N/A],Enabled,Enabled
1709252758.302783,0,GPU-93ae0c7f-c327-aee3-adae-bc0d1dae71ea,0.41,0.4473212831786354,12282.0,6517.0,551.52,NVIDIA GeForce RTX 4070,[N/A],Enabled,Enabled
1709252759.303072,0,GPU-93ae0c7f-c327-aee3-adae-bc0d1dae71ea,0.47,0.4473212831786354,12282.0,6517.0,551.52,NVIDIA GeForce RTX 4070,[N/A],Enabled,Enabled
1709252760.303655,0,GPU-93ae0c7f-c327-aee3-adae-bc0d1dae71ea,0.46,0.4473212831786354,12282.0,6517.0,551.52,NVIDIA GeForce RTX 4070,[N/A],Enabled,Enabled
1709252761.302924,0,GPU-93ae0c7f-c327-aee3-adae-bc0d1dae71ea,0.44,0.4473212831786354,12282.0,6517.0,551.52,NVIDIA GeForce RTX 4070,[N/A],Enabled,Enabled
1709252762.302751,0,GPU-93ae0c7f-c327-aee3-adae-bc0d1dae71ea,0.42,0.4473212831786354,12282.0,6517.0,551.52,NVIDIA GeForce RTX 4070,[N/A],Enabled,Enabled
1709252763.303081,0,GPU-93ae0c7f-c327-aee3-adae-bc0d1dae71ea,0.45,0.4473212831786354,12282.0,6517.0,551.52,NVIDIA GeForce RTX 4070,[N/A],Enabled,Enabled
1709252764.303019,0,GPU-93ae0c7f-c327-aee3-adae-bc0d1dae71ea,0.42,0.4473212831786354,12282.0,6517.0,551.52,NVIDIA GeForce RTX 4070,[N/A],Enabled,Enabled
1709252765.302789,0,GPU-93ae0c7f-c327-aee3-adae-bc0d1dae71ea,0.49,0.4473212831786354,12282.0,6517.0,551.52,NVIDIA GeForce RTX 4070,[N/A],Enabled,Enabled
1709252766.303009,0,GPU-93ae0c7f-c327-aee3-adae-bc0d1dae71ea,0.47,0.4473212831786354,12282.0,6517.0,551.52,NVIDIA GeForce RTX 4070,[N/A],Enabled,Enabled
1709252767.303618,0,GPU-93ae0c7f-c327-aee3-adae-bc0d1dae71ea,0.44,0.4473212831786354,12282.0,6517.0,551.52,NVIDIA GeForce RTX 4070,[N/A],Enabled,Enabled
1709252768.303046,0,GPU-93ae0c7f-c327-aee3-adae-bc0d1dae71ea,0.42,0.4473212831786354,12282.0,6517.0,551.52,NVIDIA GeForce RTX 4070,[N/A],Enabled,Enabled
1709252769.30273,0,GPU-93ae0c7f-c327-aee3-adae-bc0d1dae71ea,0.46,0.4473212831786354,12282.0,6517.0,551.52,NVIDIA GeForce RTX 4070,[N/A],Enabled,Enabled
1709252770.302955,0,GPU-93ae0c7f-c327-aee3-adae-bc0d1dae71ea,0.43,0.4473212831786354,12282.0,6517.0,551.52,NVIDIA GeForce RTX 4070,[N/A],Enabled,Enabled
1709252771.303015,0,GPU-93ae0c7f-c327-aee3-adae-bc0d1dae71ea,0.44,0.4473212831786354,12282.0,6517.0,551.52,NVIDIA GeForce RTX 4070,[N/A],Enabled,Enabled
1709252772.303055,0,GPU-93ae0c7f-c327-aee3-adae-bc0d1dae71ea,0.43,0.4473212831786354,12282.0,6517.0,551.52,NVIDIA GeForce RTX 4070,[N/A],Enabled,Enabled
1709252773.302867,0,GPU-93ae0c7f-c327-aee3-adae-bc0d1dae71ea,0.43,0.4473212831786354,12282.0,6517.0,551.52,NVIDIA GeForce RTX 4070,[N/A],Enabled,Enabled
1709252774.303128,0,GPU-93ae0c7f-c327-aee3-adae-bc0d1dae71ea,0.43,0.4473212831786354,12282.0,6517.0,551.52,NVIDIA GeForce RTX 4070,[N/A],Enabled,Enabled
1709252775.303585,0,GPU-93ae0c7f-c327-aee3-adae-bc0d1dae71ea,0.43,0.4473212831786354,12282.0,6517.0,551.52,NVIDIA GeForce RTX 4070,[N/A],Enabled,Enabled
1709252776.30314,0,GPU-93ae0c7f-c327-aee3-adae-bc0d1dae71ea,0.41,0.4473212831786354,12282.0,6517.0,551.52,NVIDIA GeForce RTX 4070,[N/A],Enabled,Enabled
1709252777.303349,0,GPU-93ae0c7f-c327-aee3-adae-bc0d1dae71ea,0.43,0.44903110242631494,12282.0,6496.0,551.52,NVIDIA GeForce RTX 4070,[N/A],Enabled,Enabled
1709252778.303058,0,GPU-93ae0c7f-c327-aee3-adae-bc0d1dae71ea,0.42,0.44903110242631494,12282.0,6496.0,551.52,NVIDIA GeForce RTX 4070,[N/A],Enabled,Enabled
1709252779.302824,0,GPU-93ae0c7f-c327-aee3-adae-bc0d1dae71ea,0.44,0.44903110242631494,12282.0,6496.0,551.52,NVIDIA GeForce RTX 4070,[N/A],Enabled,Enabled
1709252780.303055,0,GPU-93ae0c7f-c327-aee3-adae-bc0d1dae71ea,0.42,0.44903110242631494,12282.0,6496.0,551.52,NVIDIA GeForce RTX 4070,[N/A],Enabled,Enabled
1709252781.302994,0,GPU-93ae0c7f-c327-aee3-adae-bc0d1dae71ea,0.43,0.44903110242631494,12282.0,6496.0,551.52,NVIDIA GeForce RTX 4070,[N/A],Enabled,Enabled
1709252782.303212,0,GPU-93ae0c7f-c327-aee3-adae-bc0d1dae71ea,0.39,0.44903110242631494,12282.0,6496.0,551.52,NVIDIA GeForce RTX 4070,[N/A],Enabled,Enabled
1709252783.303155,0,GPU-93ae0c7f-c327-aee3-adae-bc0d1dae71ea,0.41,0.44903110242631494,12282.0,6496.0,551.52,NVIDIA GeForce RTX 4070,[N/A],Enabled,Enabled
1709252784.303397,0,GPU-93ae0c7f-c327-aee3-adae-bc0d1dae71ea,0.27,0.44585572382348154,12282.0,6535.0,551.52,NVIDIA GeForce RTX 4070,[N/A],Enabled,Enabled
1709252785.303011,0,GPU-93ae0c7f-c327-aee3-adae-bc0d1dae71ea,0.34,0.44585572382348154,12282.0,6535.0,551.52,NVIDIA GeForce RTX 4070,[N/A],Enabled,Enabled
1709252786.303146,0,GPU-93ae0c7f-c327-aee3-adae-bc0d1dae71ea,0.3,0.44121478586549423,12282.0,6592.0,551.52,NVIDIA GeForce RTX 4070,[N/A],Enabled,Enabled
1709252787.30272,0,GPU-93ae0c7f-c327-aee3-adae-bc0d1dae71ea,0.3,0.44121478586549423,12282.0,6592.0,551.52,NVIDIA GeForce RTX 4070,[N/A],Enabled,Enabled
1709252788.303169,0,GPU-93ae0c7f-c327-aee3-adae-bc0d1dae71ea,0.29,0.44121478586549423,12282.0,6592.0,551.52,NVIDIA GeForce RTX 4070,[N/A],Enabled,Enabled
1709252789.303276,0,GPU-93ae0c7f-c327-aee3-adae-bc0d1dae71ea,0.33,0.44585572382348154,12282.0,6535.0,551.52,NVIDIA GeForce RTX 4070,[N/A],Enabled,Enabled
1709252790.303256,0,GPU-93ae0c7f-c327-aee3-adae-bc0d1dae71ea,0.3,0.44121478586549423,12282.0,6592.0,551.52,NVIDIA GeForce RTX 4070,[N/A],Enabled,Enabled
1709252791.303483,0,GPU-93ae0c7f-c327-aee3-adae-bc0d1dae71ea,0.31,0.44121478586549423,12282.0,6592.0,551.52,NVIDIA GeForce RTX 4070,[N/A],Enabled,Enabled
1709252792.303114,0,GPU-93ae0c7f-c327-aee3-adae-bc0d1dae71ea,0.3,0.44121478586549423,12282.0,6592.0,551.52,NVIDIA GeForce RTX 4070,[N/A],Enabled,Enabled
1709252793.304197,0,GPU-93ae0c7f-c327-aee3-adae-bc0d1dae71ea,0.31,0.44121478586549423,12282.0,6592.0,551.52,NVIDIA GeForce RTX 4070,[N/A],Enabled,Enabled
1709252794.302687,0,GPU-93ae0c7f-c327-aee3-adae-bc0d1dae71ea,0.31,0.44121478586549423,12282.0,6592.0,551.52,NVIDIA GeForce RTX 4070,[N/A],Enabled,Enabled
1709252795.303483,0,GPU-93ae0c7f-c327-aee3-adae-bc0d1dae71ea,0.31,0.44121478586549423,12282.0,6592.0,551.52,NVIDIA GeForce RTX 4070,[N/A],Enabled,Enabled
1709252796.303825,0,GPU-93ae0c7f-c327-aee3-adae-bc0d1dae71ea,0.3,0.44121478586549423,12282.0,6592.0,551.52,NVIDIA GeForce RTX 4070,[N/A],Enabled,Enabled
1709252797.303007,0,GPU-93ae0c7f-c327-aee3-adae-bc0d1dae71ea,0.31,0.44121478586549423,12282.0,6592.0,551.52,NVIDIA GeForce RTX 4070,[N/A],Enabled,Enabled
1709252798.302554,0,GPU-93ae0c7f-c327-aee3-adae-bc0d1dae71ea,0.3,0.44121478586549423,12282.0,6592.0,551.52,NVIDIA GeForce RTX 4070,[N/A],Enabled,Enabled
1709252799.303658,0,GPU-93ae0c7f-c327-aee3-adae-bc0d1dae71ea,0.31,0.44121478586549423,12282.0,6592.0,551.52,NVIDIA GeForce RTX 4070,[N/A],Enabled,Enabled
1709252800.303301,0,GPU-93ae0c7f-c327-aee3-adae-bc0d1dae71ea,0.3,0.44121478586549423,12282.0,6592.0,551.52,NVIDIA GeForce RTX 4070,[N/A],Enabled,Enabled
1709252801.302489,0,GPU-93ae0c7f-c327-aee3-adae-bc0d1dae71ea,0.31,0.44121478586549423,12282.0,6592.0,551.52,NVIDIA GeForce RTX 4070,[N/A],Enabled,Enabled
1709252802.303293,0,GPU-93ae0c7f-c327-aee3-adae-bc0d1dae71ea,0.3,0.44121478586549423,12282.0,6592.0,551.52,NVIDIA GeForce RTX 4070,[N/A],Enabled,Enabled
1709252803.303782,0,GPU-93ae0c7f-c327-aee3-adae-bc0d1dae71ea,0.31,0.44121478586549423,12282.0,6592.0,551.52,NVIDIA GeForce RTX 4070,[N/A],Enabled,Enabled
1709252804.303474,0,GPU-93ae0c7f-c327-aee3-adae-bc0d1dae71ea,0.3,0.44121478586549423,12282.0,6592.0,551.52,NVIDIA GeForce RTX 4070,[N/A],Enabled,Enabled
1709252805.3026,0,GPU-93ae0c7f-c327-aee3-adae-bc0d1dae71ea,0.31,0.44121478586549423,12282.0,6592.0,551.52,NVIDIA GeForce RTX 4070,[N/A],Enabled,Enabled
1709252806.302799,0,GPU-93ae0c7f-c327-aee3-adae-bc0d1dae71ea,0.31,0.44121478586549423,12282.0,6592.0,551.52,NVIDIA GeForce RTX 4070,[N/A],Enabled,Enabled
1709252807.303025,0,GPU-93ae0c7f-c327-aee3-adae-bc0d1dae71ea,0.31,0.44121478586549423,12282.0,6592.0,551.52,NVIDIA GeForce RTX 4070,[N/A],Enabled,Enabled
1709252808.303777,0,GPU-93ae0c7f-c327-aee3-adae-bc0d1dae71ea,0.31,0.44121478586549423,12282.0,6592.0,551.52,NVIDIA GeForce RTX 4070,[N/A],Enabled,Enabled
1709252809.303092,0,GPU-93ae0c7f-c327-aee3-adae-bc0d1dae71ea,0.32,0.44121478586549423,12282.0,6592.0,551.52,NVIDIA GeForce RTX 4070,[N/A],Enabled,Enabled
1709252810.303624,0,GPU-93ae0c7f-c327-aee3-adae-bc0d1dae71ea,0.31,0.441133365901319,12282.0,6593.0,551.52,NVIDIA GeForce RTX 4070,[N/A],Enabled,Enabled
1709252811.303224,0,GPU-93ae0c7f-c327-aee3-adae-bc0d1dae71ea,0.12,0.2423058133854421,12282.0,9035.0,551.52,NVIDIA GeForce RTX 4070,[N/A],Enabled,Enabled
1709252812.302714,0,GPU-93ae0c7f-c327-aee3-adae-bc0d1dae71ea,0.14,0.24360853281224557,12282.0,9019.0,551.52,NVIDIA GeForce RTX 4070,[N/A],Enabled,Enabled
1709252813.303268,0,GPU-93ae0c7f-c327-aee3-adae-bc0d1dae71ea,0.14,0.24360853281224557,12282.0,9019.0,551.52,NVIDIA GeForce RTX 4070,[N/A],Enabled,Enabled
