timestamp,id,uuid,load,memoryUtil,memoryTotal,memoryUsed,memoryFree,driver,name,serial,display_mode,display_active
1702843569.319183,0,GPU-b342434c-f6b6-7627-333e-da750a9991e6,0.16,0.29228515625,10240.0,7073.0,546.17,NVIDIA GeForce RTX 3080,[N/A],Enabled,Enabled
1702843570.314105,0,GPU-b342434c-f6b6-7627-333e-da750a9991e6,0.16,0.29228515625,10240.0,7073.0,546.17,NVIDIA GeForce RTX 3080,[N/A],Enabled,Enabled
1702843571.314421,0,GPU-b342434c-f6b6-7627-333e-da750a9991e6,0.16,0.29228515625,10240.0,7073.0,546.17,NVIDIA GeForce RTX 3080,[N/A],Enabled,Enabled
1702843572.314371,0,GPU-b342434c-f6b6-7627-333e-da750a9991e6,0.16,0.29228515625,10240.0,7073.0,546.17,NVIDIA GeForce RTX 3080,[N/A],Enabled,Enabled
1702843573.313569,0,GPU-b342434c-f6b6-7627-333e-da750a9991e6,0.16,0.29228515625,10240.0,7073.0,546.17,NVIDIA GeForce RTX 3080,[N/A],Enabled,Enabled
1702843574.314327,0,GPU-b342434c-f6b6-7627-333e-da750a9991e6,0.16,0.29228515625,10240.0,7073.0,546.17,NVIDIA GeForce RTX 3080,[N/A],Enabled,Enabled
1702843575.314039,0,GPU-b342434c-f6b6-7627-333e-da750a9991e6,0.17,0.29462890625,10240.0,7049.0,546.17,NVIDIA GeForce RTX 3080,[N/A],Enabled,Enabled
1702843576.314365,0,GPU-b342434c-f6b6-7627-333e-da750a9991e6,0.16,0.29462890625,10240.0,7049.0,546.17,NVIDIA GeForce RTX 3080,[N/A],Enabled,Enabled
1702843577.314246,0,GPU-b342434c-f6b6-7627-333e-da750a9991e6,0.17,0.2958984375,10240.0,7036.0,546.17,NVIDIA GeForce RTX 3080,[N/A],Enabled,Enabled
1702843578.314107,0,GPU-b342434c-f6b6-7627-333e-da750a9991e6,0.17,0.294921875,10240.0,7046.0,546.17,NVIDIA GeForce RTX 3080,[N/A],Enabled,Enabled
1702843579.31382,0,GPU-b342434c-f6b6-7627-333e-da750a9991e6,0.17,0.2951171875,10240.0,7044.0,546.17,NVIDIA GeForce RTX 3080,[N/A],Enabled,Enabled
1702843580.314586,0,GPU-b342434c-f6b6-7627-333e-da750a9991e6,0.17,0.2953125,10240.0,7042.0,546.17,NVIDIA GeForce RTX 3080,[N/A],Enabled,Enabled
1702843581.314489,0,GPU-b342434c-f6b6-7627-333e-da750a9991e6,0.18,0.29453125,10240.0,7050.0,546.17,NVIDIA GeForce RTX 3080,[N/A],Enabled,Enabled
1702843582.31377,0,GPU-b342434c-f6b6-7627-333e-da750a9991e6,0.17,0.29453125,10240.0,7050.0,546.17,NVIDIA GeForce RTX 3080,[N/A],Enabled,Enabled
1702843583.314499,0,GPU-b342434c-f6b6-7627-333e-da750a9991e6,0.16,0.29453125,10240.0,7050.0,546.17,NVIDIA GeForce RTX 3080,[N/A],Enabled,Enabled
1702843584.314067,0,GPU-b342434c-f6b6-7627-333e-da750a9991e6,0.18,0.29384765625,10240.0,7057.0,546.17,NVIDIA GeForce RTX 3080,[N/A],Enabled,Enabled
1702843585.314066,0,GPU-b342434c-f6b6-7627-333e-da750a9991e6,0.2,0.30146484375,10240.0,6979.0,546.17,NVIDIA GeForce RTX 3080,[N/A],Enabled,Enabled
1702843586.314103,0,GPU-b342434c-f6b6-7627-333e-da750a9991e6,0.3,0.451953125,10240.0,5438.0,546.17,NVIDIA GeForce RTX 3080,[N/A],Enabled,Enabled
1702843587.314455,0,GPU-b342434c-f6b6-7627-333e-da750a9991e6,0.11,0.39873046875,10240.0,5983.0,546.17,NVIDIA GeForce RTX 3080,[N/A],Enabled,Enabled
1702843588.314181,0,GPU-b342434c-f6b6-7627-333e-da750a9991e6,0.11,0.398046875,10240.0,5990.0,546.17,NVIDIA GeForce RTX 3080,[N/A],Enabled,Enabled
1702843589.314067,0,GPU-b342434c-f6b6-7627-333e-da750a9991e6,0.11,0.3978515625,10240.0,5992.0,546.17,NVIDIA GeForce RTX 3080,[N/A],Enabled,Enabled
1702843590.314577,0,GPU-b342434c-f6b6-7627-333e-da750a9991e6,0.21,0.334765625,10240.0,6638.0,546.17,NVIDIA GeForce RTX 3080,[N/A],Enabled,Enabled
1702843591.314356,0,GPU-b342434c-f6b6-7627-333e-da750a9991e6,0.17,0.34716796875,10240.0,6511.0,546.17,NVIDIA GeForce RTX 3080,[N/A],Enabled,Enabled
1702843592.313845,0,GPU-b342434c-f6b6-7627-333e-da750a9991e6,0.14,0.34716796875,10240.0,6511.0,546.17,NVIDIA GeForce RTX 3080,[N/A],Enabled,Enabled
1702843593.31412,0,GPU-b342434c-f6b6-7627-333e-da750a9991e6,0.12,0.34375,10240.0,6546.0,546.17,NVIDIA GeForce RTX 3080,[N/A],Enabled,Enabled
1702843594.314764,0,GPU-b342434c-f6b6-7627-333e-da750a9991e6,0.13,0.34375,10240.0,6546.0,546.17,NVIDIA GeForce RTX 3080,[N/A],Enabled,Enabled
1702843595.313926,0,GPU-b342434c-f6b6-7627-333e-da750a9991e6,0.12,0.34375,10240.0,6546.0,546.17,NVIDIA GeForce RTX 3080,[N/A],Enabled,Enabled
1702843596.3145,0,GPU-b342434c-f6b6-7627-333e-da750a9991e6,0.13,0.34375,10240.0,6546.0,546.17,NVIDIA GeForce RTX 3080,[N/A],Enabled,Enabled
1702843597.313707,0,GPU-b342434c-f6b6-7627-333e-da750a9991e6,0.15,0.3470703125,10240.0,6512.0,546.17,NVIDIA GeForce RTX 3080,[N/A],Enabled,Enabled
1702843598.314407,0,GPU-b342434c-f6b6-7627-333e-da750a9991e6,0.14,0.348828125,10240.0,6494.0,546.17,NVIDIA GeForce RTX 3080,[N/A],Enabled,Enabled
1702843599.314071,0,GPU-b342434c-f6b6-7627-333e-da750a9991e6,0.13,0.348828125,10240.0,6494.0,546.17,NVIDIA GeForce RTX 3080,[N/A],Enabled,Enabled
1702843600.314293,0,GPU-b342434c-f6b6-7627-333e-da750a9991e6,0.14,0.348828125,10240.0,6494.0,546.17,NVIDIA GeForce RTX 3080,[N/A],Enabled,Enabled
1702843601.314235,0,GPU-b342434c-f6b6-7627-333e-da750a9991e6,0.14,0.348828125,10240.0,6494.0,546.17,NVIDIA GeForce RTX 3080,[N/A],Enabled,Enabled
1702843602.316132,0,GPU-b342434c-f6b6-7627-333e-da750a9991e6,0.14,0.348828125,10240.0,6494.0,546.17,NVIDIA GeForce RTX 3080,[N/A],Enabled,Enabled
1702843603.313868,0,GPU-b342434c-f6b6-7627-333e-da750a9991e6,0.13,0.3455078125,10240.0,6528.0,546.17,NVIDIA GeForce RTX 3080,[N/A],Enabled,Enabled
1702843604.313762,0,GPU-b342434c-f6b6-7627-333e-da750a9991e6,0.14,0.348828125,10240.0,6494.0,546.17,NVIDIA GeForce RTX 3080,[N/A],Enabled,Enabled
1702843605.314424,0,GPU-b342434c-f6b6-7627-333e-da750a9991e6,0.14,0.348828125,10240.0,6494.0,546.17,NVIDIA GeForce RTX 3080,[N/A],Enabled,Enabled
1702843606.314371,0,GPU-b342434c-f6b6-7627-333e-da750a9991e6,0.14,0.348828125,10240.0,6494.0,546.17,NVIDIA GeForce RTX 3080,[N/A],Enabled,Enabled
1702843607.314571,0,GPU-b342434c-f6b6-7627-333e-da750a9991e6,0.13,0.348828125,10240.0,6494.0,546.17,NVIDIA GeForce RTX 3080,[N/A],Enabled,Enabled
1702843608.313956,0,GPU-b342434c-f6b6-7627-333e-da750a9991e6,0.13,0.3455078125,10240.0,6528.0,546.17,NVIDIA GeForce RTX 3080,[N/A],Enabled,Enabled
1702843609.31378,0,GPU-b342434c-f6b6-7627-333e-da750a9991e6,0.12,0.3455078125,10240.0,6528.0,546.17,NVIDIA GeForce RTX 3080,[N/A],Enabled,Enabled
1702843610.314665,0,GPU-b342434c-f6b6-7627-333e-da750a9991e6,0.13,0.348828125,10240.0,6494.0,546.17,NVIDIA GeForce RTX 3080,[N/A],Enabled,Enabled
1702843611.313654,0,GPU-b342434c-f6b6-7627-333e-da750a9991e6,0.13,0.34833984375,10240.0,6499.0,546.17,NVIDIA GeForce RTX 3080,[N/A],Enabled,Enabled
1702843612.314022,0,GPU-b342434c-f6b6-7627-333e-da750a9991e6,0.14,0.358203125,10240.0,6398.0,546.17,NVIDIA GeForce RTX 3080,[N/A],Enabled,Enabled
1702843613.314297,0,GPU-b342434c-f6b6-7627-333e-da750a9991e6,0.15,0.358203125,10240.0,6398.0,546.17,NVIDIA GeForce RTX 3080,[N/A],Enabled,Enabled
1702843614.314185,0,GPU-b342434c-f6b6-7627-333e-da750a9991e6,0.15,0.358203125,10240.0,6398.0,546.17,NVIDIA GeForce RTX 3080,[N/A],Enabled,Enabled
1702843615.314207,0,GPU-b342434c-f6b6-7627-333e-da750a9991e6,0.15,0.358203125,10240.0,6398.0,546.17,NVIDIA GeForce RTX 3080,[N/A],Enabled,Enabled
1702843616.3143,0,GPU-b342434c-f6b6-7627-333e-da750a9991e6,0.16,0.358203125,10240.0,6398.0,546.17,NVIDIA GeForce RTX 3080,[N/A],Enabled,Enabled
1702843617.314781,0,GPU-b342434c-f6b6-7627-333e-da750a9991e6,0.15,0.358203125,10240.0,6398.0,546.17,NVIDIA GeForce RTX 3080,[N/A],Enabled,Enabled
1702843618.314401,0,GPU-b342434c-f6b6-7627-333e-da750a9991e6,0.15,0.358203125,10240.0,6398.0,546.17,NVIDIA GeForce RTX 3080,[N/A],Enabled,Enabled
1702843619.314224,0,GPU-b342434c-f6b6-7627-333e-da750a9991e6,0.15,0.358203125,10240.0,6398.0,546.17,NVIDIA GeForce RTX 3080,[N/A],Enabled,Enabled
1702843620.314005,0,GPU-b342434c-f6b6-7627-333e-da750a9991e6,0.15,0.358203125,10240.0,6398.0,546.17,NVIDIA GeForce RTX 3080,[N/A],Enabled,Enabled
1702843621.31374,0,GPU-b342434c-f6b6-7627-333e-da750a9991e6,0.15,0.358203125,10240.0,6398.0,546.17,NVIDIA GeForce RTX 3080,[N/A],Enabled,Enabled
1702843622.314272,0,GPU-b342434c-f6b6-7627-333e-da750a9991e6,0.16,0.358203125,10240.0,6398.0,546.17,NVIDIA GeForce RTX 3080,[N/A],Enabled,Enabled
1702843623.313792,0,GPU-b342434c-f6b6-7627-333e-da750a9991e6,0.15,0.358203125,10240.0,6398.0,546.17,NVIDIA GeForce RTX 3080,[N/A],Enabled,Enabled
1702843624.314094,0,GPU-b342434c-f6b6-7627-333e-da750a9991e6,0.15,0.358203125,10240.0,6398.0,546.17,NVIDIA GeForce RTX 3080,[N/A],Enabled,Enabled
1702843625.314572,0,GPU-b342434c-f6b6-7627-333e-da750a9991e6,0.15,0.358203125,10240.0,6398.0,546.17,NVIDIA GeForce RTX 3080,[N/A],Enabled,Enabled
1702843626.314453,0,GPU-b342434c-f6b6-7627-333e-da750a9991e6,0.15,0.358203125,10240.0,6398.0,546.17,NVIDIA GeForce RTX 3080,[N/A],Enabled,Enabled
1702843627.313747,0,GPU-b342434c-f6b6-7627-333e-da750a9991e6,0.15,0.358203125,10240.0,6398.0,546.17,NVIDIA GeForce RTX 3080,[N/A],Enabled,Enabled
1702843628.314249,0,GPU-b342434c-f6b6-7627-333e-da750a9991e6,0.16,0.358203125,10240.0,6398.0,546.17,NVIDIA GeForce RTX 3080,[N/A],Enabled,Enabled
1702843629.313971,0,GPU-b342434c-f6b6-7627-333e-da750a9991e6,0.16,0.358203125,10240.0,6398.0,546.17,NVIDIA GeForce RTX 3080,[N/A],Enabled,Enabled
1702843630.314337,0,GPU-b342434c-f6b6-7627-333e-da750a9991e6,0.16,0.358203125,10240.0,6398.0,546.17,NVIDIA GeForce RTX 3080,[N/A],Enabled,Enabled
1702843631.314564,0,GPU-b342434c-f6b6-7627-333e-da750a9991e6,0.16,0.358203125,10240.0,6398.0,546.17,NVIDIA GeForce RTX 3080,[N/A],Enabled,Enabled
1702843632.314905,0,GPU-b342434c-f6b6-7627-333e-da750a9991e6,0.16,0.358203125,10240.0,6398.0,546.17,NVIDIA GeForce RTX 3080,[N/A],Enabled,Enabled
1702843633.314216,0,GPU-b342434c-f6b6-7627-333e-da750a9991e6,0.15,0.358203125,10240.0,6398.0,546.17,NVIDIA GeForce RTX 3080,[N/A],Enabled,Enabled
1702843634.313866,0,GPU-b342434c-f6b6-7627-333e-da750a9991e6,0.16,0.358203125,10240.0,6398.0,546.17,NVIDIA GeForce RTX 3080,[N/A],Enabled,Enabled
1702843635.314274,0,GPU-b342434c-f6b6-7627-333e-da750a9991e6,0.16,0.358203125,10240.0,6398.0,546.17,NVIDIA GeForce RTX 3080,[N/A],Enabled,Enabled
1702843636.314209,0,GPU-b342434c-f6b6-7627-333e-da750a9991e6,0.17,0.358203125,10240.0,6398.0,546.17,NVIDIA GeForce RTX 3080,[N/A],Enabled,Enabled
1702843637.313824,0,GPU-b342434c-f6b6-7627-333e-da750a9991e6,0.16,0.358203125,10240.0,6398.0,546.17,NVIDIA GeForce RTX 3080,[N/A],Enabled,Enabled
1702843638.313922,0,GPU-b342434c-f6b6-7627-333e-da750a9991e6,0.17,0.358203125,10240.0,6398.0,546.17,NVIDIA GeForce RTX 3080,[N/A],Enabled,Enabled
1702843639.314449,0,GPU-b342434c-f6b6-7627-333e-da750a9991e6,0.16,0.358203125,10240.0,6398.0,546.17,NVIDIA GeForce RTX 3080,[N/A],Enabled,Enabled
1702843640.314076,0,GPU-b342434c-f6b6-7627-333e-da750a9991e6,0.16,0.358203125,10240.0,6398.0,546.17,NVIDIA GeForce RTX 3080,[N/A],Enabled,Enabled
1702843641.314136,0,GPU-b342434c-f6b6-7627-333e-da750a9991e6,0.15,0.358203125,10240.0,6398.0,546.17,NVIDIA GeForce RTX 3080,[N/A],Enabled,Enabled
1702843642.314591,0,GPU-b342434c-f6b6-7627-333e-da750a9991e6,0.16,0.358203125,10240.0,6398.0,546.17,NVIDIA GeForce RTX 3080,[N/A],Enabled,Enabled
1702843643.314886,0,GPU-b342434c-f6b6-7627-333e-da750a9991e6,0.16,0.358203125,10240.0,6398.0,546.17,NVIDIA GeForce RTX 3080,[N/A],Enabled,Enabled
1702843644.313687,0,GPU-b342434c-f6b6-7627-333e-da750a9991e6,0.15,0.358203125,10240.0,6398.0,546.17,NVIDIA GeForce RTX 3080,[N/A],Enabled,Enabled
1702843645.314686,0,GPU-b342434c-f6b6-7627-333e-da750a9991e6,0.15,0.358203125,10240.0,6398.0,546.17,NVIDIA GeForce RTX 3080,[N/A],Enabled,Enabled
1702843646.314222,0,GPU-b342434c-f6b6-7627-333e-da750a9991e6,0.16,0.358203125,10240.0,6398.0,546.17,NVIDIA GeForce RTX 3080,[N/A],Enabled,Enabled
1702843647.31431,0,GPU-b342434c-f6b6-7627-333e-da750a9991e6,0.15,0.358203125,10240.0,6398.0,546.17,NVIDIA GeForce RTX 3080,[N/A],Enabled,Enabled
1702843648.314246,0,GPU-b342434c-f6b6-7627-333e-da750a9991e6,0.15,0.358203125,10240.0,6398.0,546.17,NVIDIA GeForce RTX 3080,[N/A],Enabled,Enabled
1702843649.313852,0,GPU-b342434c-f6b6-7627-333e-da750a9991e6,0.15,0.358203125,10240.0,6398.0,546.17,NVIDIA GeForce RTX 3080,[N/A],Enabled,Enabled
1702843650.314437,0,GPU-b342434c-f6b6-7627-333e-da750a9991e6,0.15,0.358203125,10240.0,6398.0,546.17,NVIDIA GeForce RTX 3080,[N/A],Enabled,Enabled
1702843651.314641,0,GPU-b342434c-f6b6-7627-333e-da750a9991e6,0.15,0.358203125,10240.0,6398.0,546.17,NVIDIA GeForce RTX 3080,[N/A],Enabled,Enabled
1702843652.314241,0,GPU-b342434c-f6b6-7627-333e-da750a9991e6,0.15,0.358203125,10240.0,6398.0,546.17,NVIDIA GeForce RTX 3080,[N/A],Enabled,Enabled
1702843653.31367,0,GPU-b342434c-f6b6-7627-333e-da750a9991e6,0.15,0.358203125,10240.0,6398.0,546.17,NVIDIA GeForce RTX 3080,[N/A],Enabled,Enabled
1702843654.315253,0,GPU-b342434c-f6b6-7627-333e-da750a9991e6,0.15,0.358203125,10240.0,6398.0,546.17,NVIDIA GeForce RTX 3080,[N/A],Enabled,Enabled
1702843655.314708,0,GPU-b342434c-f6b6-7627-333e-da750a9991e6,0.15,0.358203125,10240.0,6398.0,546.17,NVIDIA GeForce RTX 3080,[N/A],Enabled,Enabled
1702843656.314179,0,GPU-b342434c-f6b6-7627-333e-da750a9991e6,0.15,0.358203125,10240.0,6398.0,546.17,NVIDIA GeForce RTX 3080,[N/A],Enabled,Enabled
1702843657.3139,0,GPU-b342434c-f6b6-7627-333e-da750a9991e6,0.15,0.358203125,10240.0,6398.0,546.17,NVIDIA GeForce RTX 3080,[N/A],Enabled,Enabled
1702843658.313958,0,GPU-b342434c-f6b6-7627-333e-da750a9991e6,0.15,0.358203125,10240.0,6398.0,546.17,NVIDIA GeForce RTX 3080,[N/A],Enabled,Enabled
1702843659.314128,0,GPU-b342434c-f6b6-7627-333e-da750a9991e6,0.15,0.358203125,10240.0,6398.0,546.17,NVIDIA GeForce RTX 3080,[N/A],Enabled,Enabled
1702843660.314599,0,GPU-b342434c-f6b6-7627-333e-da750a9991e6,0.15,0.358203125,10240.0,6398.0,546.17,NVIDIA GeForce RTX 3080,[N/A],Enabled,Enabled
1702843661.314119,0,GPU-b342434c-f6b6-7627-333e-da750a9991e6,0.15,0.358203125,10240.0,6398.0,546.17,NVIDIA GeForce RTX 3080,[N/A],Enabled,Enabled
1702843662.314109,0,GPU-b342434c-f6b6-7627-333e-da750a9991e6,0.15,0.358203125,10240.0,6398.0,546.17,NVIDIA GeForce RTX 3080,[N/A],Enabled,Enabled
1702843663.313691,0,GPU-b342434c-f6b6-7627-333e-da750a9991e6,0.15,0.358203125,10240.0,6398.0,546.17,NVIDIA GeForce RTX 3080,[N/A],Enabled,Enabled
1702843664.314905,0,GPU-b342434c-f6b6-7627-333e-da750a9991e6,0.15,0.358203125,10240.0,6398.0,546.17,NVIDIA GeForce RTX 3080,[N/A],Enabled,Enabled
1702843665.314378,0,GPU-b342434c-f6b6-7627-333e-da750a9991e6,0.15,0.358203125,10240.0,6398.0,546.17,NVIDIA GeForce RTX 3080,[N/A],Enabled,Enabled
1702843666.313878,0,GPU-b342434c-f6b6-7627-333e-da750a9991e6,0.16,0.358203125,10240.0,6398.0,546.17,NVIDIA GeForce RTX 3080,[N/A],Enabled,Enabled
1702843667.314183,0,GPU-b342434c-f6b6-7627-333e-da750a9991e6,0.15,0.358203125,10240.0,6398.0,546.17,NVIDIA GeForce RTX 3080,[N/A],Enabled,Enabled
1702843668.314031,0,GPU-b342434c-f6b6-7627-333e-da750a9991e6,0.15,0.358203125,10240.0,6398.0,546.17,NVIDIA GeForce RTX 3080,[N/A],Enabled,Enabled
1702843669.314072,0,GPU-b342434c-f6b6-7627-333e-da750a9991e6,0.14,0.358203125,10240.0,6398.0,546.17,NVIDIA GeForce RTX 3080,[N/A],Enabled,Enabled
1702843670.314089,0,GPU-b342434c-f6b6-7627-333e-da750a9991e6,0.15,0.358203125,10240.0,6398.0,546.17,NVIDIA GeForce RTX 3080,[N/A],Enabled,Enabled
1702843671.314309,0,GPU-b342434c-f6b6-7627-333e-da750a9991e6,0.15,0.358203125,10240.0,6398.0,546.17,NVIDIA GeForce RTX 3080,[N/A],Enabled,Enabled
1702843672.314158,0,GPU-b342434c-f6b6-7627-333e-da750a9991e6,0.15,0.358203125,10240.0,6398.0,546.17,NVIDIA GeForce RTX 3080,[N/A],Enabled,Enabled
1702843673.314144,0,GPU-b342434c-f6b6-7627-333e-da750a9991e6,0.15,0.358203125,10240.0,6398.0,546.17,NVIDIA GeForce RTX 3080,[N/A],Enabled,Enabled
1702843674.314355,0,GPU-b342434c-f6b6-7627-333e-da750a9991e6,0.15,0.358203125,10240.0,6398.0,546.17,NVIDIA GeForce RTX 3080,[N/A],Enabled,Enabled
1702843675.314694,0,GPU-b342434c-f6b6-7627-333e-da750a9991e6,0.15,0.358203125,10240.0,6398.0,546.17,NVIDIA GeForce RTX 3080,[N/A],Enabled,Enabled
1702843676.313547,0,GPU-b342434c-f6b6-7627-333e-da750a9991e6,0.16,0.358203125,10240.0,6398.0,546.17,NVIDIA GeForce RTX 3080,[N/A],Enabled,Enabled
1702843677.313857,0,GPU-b342434c-f6b6-7627-333e-da750a9991e6,0.15,0.358203125,10240.0,6398.0,546.17,NVIDIA GeForce RTX 3080,[N/A],Enabled,Enabled
1702843678.314575,0,GPU-b342434c-f6b6-7627-333e-da750a9991e6,0.15,0.358203125,10240.0,6398.0,546.17,NVIDIA GeForce RTX 3080,[N/A],Enabled,Enabled
1702843679.314093,0,GPU-b342434c-f6b6-7627-333e-da750a9991e6,0.15,0.358203125,10240.0,6398.0,546.17,NVIDIA GeForce RTX 3080,[N/A],Enabled,Enabled
1702843680.314209,0,GPU-b342434c-f6b6-7627-333e-da750a9991e6,0.15,0.358203125,10240.0,6398.0,546.17,NVIDIA GeForce RTX 3080,[N/A],Enabled,Enabled
1702843681.314829,0,GPU-b342434c-f6b6-7627-333e-da750a9991e6,0.15,0.358203125,10240.0,6398.0,546.17,NVIDIA GeForce RTX 3080,[N/A],Enabled,Enabled
1702843682.313928,0,GPU-b342434c-f6b6-7627-333e-da750a9991e6,0.16,0.358203125,10240.0,6398.0,546.17,NVIDIA GeForce RTX 3080,[N/A],Enabled,Enabled
1702843683.313822,0,GPU-b342434c-f6b6-7627-333e-da750a9991e6,0.15,0.358203125,10240.0,6398.0,546.17,NVIDIA GeForce RTX 3080,[N/A],Enabled,Enabled
1702843684.314355,0,GPU-b342434c-f6b6-7627-333e-da750a9991e6,0.15,0.358203125,10240.0,6398.0,546.17,NVIDIA GeForce RTX 3080,[N/A],Enabled,Enabled
1702843685.313999,0,GPU-b342434c-f6b6-7627-333e-da750a9991e6,0.16,0.358203125,10240.0,6398.0,546.17,NVIDIA GeForce RTX 3080,[N/A],Enabled,Enabled
1702843686.315092,0,GPU-b342434c-f6b6-7627-333e-da750a9991e6,0.15,0.358203125,10240.0,6398.0,546.17,NVIDIA GeForce RTX 3080,[N/A],Enabled,Enabled
1702843687.314513,0,GPU-b342434c-f6b6-7627-333e-da750a9991e6,0.15,0.358203125,10240.0,6398.0,546.17,NVIDIA GeForce RTX 3080,[N/A],Enabled,Enabled
1702843688.314292,0,GPU-b342434c-f6b6-7627-333e-da750a9991e6,0.15,0.358203125,10240.0,6398.0,546.17,NVIDIA GeForce RTX 3080,[N/A],Enabled,Enabled
1702843689.31444,0,GPU-b342434c-f6b6-7627-333e-da750a9991e6,0.15,0.358203125,10240.0,6398.0,546.17,NVIDIA GeForce RTX 3080,[N/A],Enabled,Enabled
1702843690.314405,0,GPU-b342434c-f6b6-7627-333e-da750a9991e6,0.15,0.358203125,10240.0,6398.0,546.17,NVIDIA GeForce RTX 3080,[N/A],Enabled,Enabled
1702843691.314181,0,GPU-b342434c-f6b6-7627-333e-da750a9991e6,0.15,0.358203125,10240.0,6398.0,546.17,NVIDIA GeForce RTX 3080,[N/A],Enabled,Enabled
1702843692.314994,0,GPU-b342434c-f6b6-7627-333e-da750a9991e6,0.16,0.358203125,10240.0,6398.0,546.17,NVIDIA GeForce RTX 3080,[N/A],Enabled,Enabled
1702843693.314598,0,GPU-b342434c-f6b6-7627-333e-da750a9991e6,0.15,0.358203125,10240.0,6398.0,546.17,NVIDIA GeForce RTX 3080,[N/A],Enabled,Enabled
1702843694.314312,0,GPU-b342434c-f6b6-7627-333e-da750a9991e6,0.16,0.358203125,10240.0,6398.0,546.17,NVIDIA GeForce RTX 3080,[N/A],Enabled,Enabled
1702843695.314236,0,GPU-b342434c-f6b6-7627-333e-da750a9991e6,0.15,0.358203125,10240.0,6398.0,546.17,NVIDIA GeForce RTX 3080,[N/A],Enabled,Enabled
1702843696.314693,0,GPU-b342434c-f6b6-7627-333e-da750a9991e6,0.15,0.358203125,10240.0,6398.0,546.17,NVIDIA GeForce RTX 3080,[N/A],Enabled,Enabled
1702843697.313919,0,GPU-b342434c-f6b6-7627-333e-da750a9991e6,0.15,0.358203125,10240.0,6398.0,546.17,NVIDIA GeForce RTX 3080,[N/A],Enabled,Enabled
1702843698.313978,0,GPU-b342434c-f6b6-7627-333e-da750a9991e6,0.15,0.358203125,10240.0,6398.0,546.17,NVIDIA GeForce RTX 3080,[N/A],Enabled,Enabled
1702843699.314302,0,GPU-b342434c-f6b6-7627-333e-da750a9991e6,0.15,0.358203125,10240.0,6398.0,546.17,NVIDIA GeForce RTX 3080,[N/A],Enabled,Enabled
1702843700.31475,0,GPU-b342434c-f6b6-7627-333e-da750a9991e6,0.15,0.358203125,10240.0,6398.0,546.17,NVIDIA GeForce RTX 3080,[N/A],Enabled,Enabled
1702843701.31423,0,GPU-b342434c-f6b6-7627-333e-da750a9991e6,0.16,0.358203125,10240.0,6398.0,546.17,NVIDIA GeForce RTX 3080,[N/A],Enabled,Enabled
1702843702.313863,0,GPU-b342434c-f6b6-7627-333e-da750a9991e6,0.15,0.358203125,10240.0,6398.0,546.17,NVIDIA GeForce RTX 3080,[N/A],Enabled,Enabled
1702843703.314472,0,GPU-b342434c-f6b6-7627-333e-da750a9991e6,0.16,0.358203125,10240.0,6398.0,546.17,NVIDIA GeForce RTX 3080,[N/A],Enabled,Enabled
1702843704.314427,0,GPU-b342434c-f6b6-7627-333e-da750a9991e6,0.15,0.358203125,10240.0,6398.0,546.17,NVIDIA GeForce RTX 3080,[N/A],Enabled,Enabled
1702843705.31418,0,GPU-b342434c-f6b6-7627-333e-da750a9991e6,0.15,0.358203125,10240.0,6398.0,546.17,NVIDIA GeForce RTX 3080,[N/A],Enabled,Enabled
1702843706.314512,0,GPU-b342434c-f6b6-7627-333e-da750a9991e6,0.16,0.358203125,10240.0,6398.0,546.17,NVIDIA GeForce RTX 3080,[N/A],Enabled,Enabled
1702843707.313967,0,GPU-b342434c-f6b6-7627-333e-da750a9991e6,0.15,0.358203125,10240.0,6398.0,546.17,NVIDIA GeForce RTX 3080,[N/A],Enabled,Enabled
1702843708.314729,0,GPU-b342434c-f6b6-7627-333e-da750a9991e6,0.15,0.358203125,10240.0,6398.0,546.17,NVIDIA GeForce RTX 3080,[N/A],Enabled,Enabled
1702843709.314555,0,GPU-b342434c-f6b6-7627-333e-da750a9991e6,0.15,0.358203125,10240.0,6398.0,546.17,NVIDIA GeForce RTX 3080,[N/A],Enabled,Enabled
1702843710.314221,0,GPU-b342434c-f6b6-7627-333e-da750a9991e6,0.15,0.358203125,10240.0,6398.0,546.17,NVIDIA GeForce RTX 3080,[N/A],Enabled,Enabled
1702843711.314846,0,GPU-b342434c-f6b6-7627-333e-da750a9991e6,0.15,0.358203125,10240.0,6398.0,546.17,NVIDIA GeForce RTX 3080,[N/A],Enabled,Enabled
1702843712.314562,0,GPU-b342434c-f6b6-7627-333e-da750a9991e6,0.15,0.358203125,10240.0,6398.0,546.17,NVIDIA GeForce RTX 3080,[N/A],Enabled,Enabled
1702843713.314011,0,GPU-b342434c-f6b6-7627-333e-da750a9991e6,0.15,0.358203125,10240.0,6398.0,546.17,NVIDIA GeForce RTX 3080,[N/A],Enabled,Enabled
1702843714.314272,0,GPU-b342434c-f6b6-7627-333e-da750a9991e6,0.15,0.358203125,10240.0,6398.0,546.17,NVIDIA GeForce RTX 3080,[N/A],Enabled,Enabled
1702843715.314392,0,GPU-b342434c-f6b6-7627-333e-da750a9991e6,0.15,0.358203125,10240.0,6398.0,546.17,NVIDIA GeForce RTX 3080,[N/A],Enabled,Enabled
1702843716.313962,0,GPU-b342434c-f6b6-7627-333e-da750a9991e6,0.15,0.358203125,10240.0,6398.0,546.17,NVIDIA GeForce RTX 3080,[N/A],Enabled,Enabled
1702843717.31389,0,GPU-b342434c-f6b6-7627-333e-da750a9991e6,0.16,0.358203125,10240.0,6398.0,546.17,NVIDIA GeForce RTX 3080,[N/A],Enabled,Enabled
1702843718.314906,0,GPU-b342434c-f6b6-7627-333e-da750a9991e6,0.16,0.358203125,10240.0,6398.0,546.17,NVIDIA GeForce RTX 3080,[N/A],Enabled,Enabled
1702843719.314457,0,GPU-b342434c-f6b6-7627-333e-da750a9991e6,0.15,0.358203125,10240.0,6398.0,546.17,NVIDIA GeForce RTX 3080,[N/A],Enabled,Enabled
1702843720.314705,0,GPU-b342434c-f6b6-7627-333e-da750a9991e6,0.15,0.358203125,10240.0,6398.0,546.17,NVIDIA GeForce RTX 3080,[N/A],Enabled,Enabled
1702843721.313851,0,GPU-b342434c-f6b6-7627-333e-da750a9991e6,0.15,0.358203125,10240.0,6398.0,546.17,NVIDIA GeForce RTX 3080,[N/A],Enabled,Enabled
1702843722.31418,0,GPU-b342434c-f6b6-7627-333e-da750a9991e6,0.15,0.358203125,10240.0,6398.0,546.17,NVIDIA GeForce RTX 3080,[N/A],Enabled,Enabled
1702843723.31445,0,GPU-b342434c-f6b6-7627-333e-da750a9991e6,0.15,0.358203125,10240.0,6398.0,546.17,NVIDIA GeForce RTX 3080,[N/A],Enabled,Enabled
1702843724.314283,0,GPU-b342434c-f6b6-7627-333e-da750a9991e6,0.15,0.358203125,10240.0,6398.0,546.17,NVIDIA GeForce RTX 3080,[N/A],Enabled,Enabled
1702843725.314242,0,GPU-b342434c-f6b6-7627-333e-da750a9991e6,0.15,0.358203125,10240.0,6398.0,546.17,NVIDIA GeForce RTX 3080,[N/A],Enabled,Enabled
1702843726.314634,0,GPU-b342434c-f6b6-7627-333e-da750a9991e6,0.15,0.358203125,10240.0,6398.0,546.17,NVIDIA GeForce RTX 3080,[N/A],Enabled,Enabled
1702843727.314529,0,GPU-b342434c-f6b6-7627-333e-da750a9991e6,0.15,0.358203125,10240.0,6398.0,546.17,NVIDIA GeForce RTX 3080,[N/A],Enabled,Enabled
1702843728.313864,0,GPU-b342434c-f6b6-7627-333e-da750a9991e6,0.15,0.358203125,10240.0,6398.0,546.17,NVIDIA GeForce RTX 3080,[N/A],Enabled,Enabled
1702843729.313783,0,GPU-b342434c-f6b6-7627-333e-da750a9991e6,0.15,0.358203125,10240.0,6398.0,546.17,NVIDIA GeForce RTX 3080,[N/A],Enabled,Enabled
1702843730.314135,0,GPU-b342434c-f6b6-7627-333e-da750a9991e6,0.15,0.358203125,10240.0,6398.0,546.17,NVIDIA GeForce RTX 3080,[N/A],Enabled,Enabled
1702843731.314153,0,GPU-b342434c-f6b6-7627-333e-da750a9991e6,0.15,0.358203125,10240.0,6398.0,546.17,NVIDIA GeForce RTX 3080,[N/A],Enabled,Enabled
1702843732.314286,0,GPU-b342434c-f6b6-7627-333e-da750a9991e6,0.15,0.358203125,10240.0,6398.0,546.17,NVIDIA GeForce RTX 3080,[N/A],Enabled,Enabled
1702843733.314494,0,GPU-b342434c-f6b6-7627-333e-da750a9991e6,0.15,0.358203125,10240.0,6398.0,546.17,NVIDIA GeForce RTX 3080,[N/A],Enabled,Enabled
1702843734.314024,0,GPU-b342434c-f6b6-7627-333e-da750a9991e6,0.15,0.358203125,10240.0,6398.0,546.17,NVIDIA GeForce RTX 3080,[N/A],Enabled,Enabled
1702843735.314584,0,GPU-b342434c-f6b6-7627-333e-da750a9991e6,0.16,0.358203125,10240.0,6398.0,546.17,NVIDIA GeForce RTX 3080,[N/A],Enabled,Enabled
1702843736.314514,0,GPU-b342434c-f6b6-7627-333e-da750a9991e6,0.16,0.358203125,10240.0,6398.0,546.17,NVIDIA GeForce RTX 3080,[N/A],Enabled,Enabled
1702843737.31466,0,GPU-b342434c-f6b6-7627-333e-da750a9991e6,0.15,0.358203125,10240.0,6398.0,546.17,NVIDIA GeForce RTX 3080,[N/A],Enabled,Enabled
1702843738.313876,0,GPU-b342434c-f6b6-7627-333e-da750a9991e6,0.15,0.358203125,10240.0,6398.0,546.17,NVIDIA GeForce RTX 3080,[N/A],Enabled,Enabled
1702843739.31422,0,GPU-b342434c-f6b6-7627-333e-da750a9991e6,0.15,0.358203125,10240.0,6398.0,546.17,NVIDIA GeForce RTX 3080,[N/A],Enabled,Enabled
1702843740.314109,0,GPU-b342434c-f6b6-7627-333e-da750a9991e6,0.15,0.358203125,10240.0,6398.0,546.17,NVIDIA GeForce RTX 3080,[N/A],Enabled,Enabled
1702843741.314309,0,GPU-b342434c-f6b6-7627-333e-da750a9991e6,0.15,0.358203125,10240.0,6398.0,546.17,NVIDIA GeForce RTX 3080,[N/A],Enabled,Enabled
1702843742.313997,0,GPU-b342434c-f6b6-7627-333e-da750a9991e6,0.15,0.358203125,10240.0,6398.0,546.17,NVIDIA GeForce RTX 3080,[N/A],Enabled,Enabled
1702843743.314213,0,GPU-b342434c-f6b6-7627-333e-da750a9991e6,0.15,0.358203125,10240.0,6398.0,546.17,NVIDIA GeForce RTX 3080,[N/A],Enabled,Enabled
1702843744.314498,0,GPU-b342434c-f6b6-7627-333e-da750a9991e6,0.14,0.358203125,10240.0,6398.0,546.17,NVIDIA GeForce RTX 3080,[N/A],Enabled,Enabled
1702843745.314034,0,GPU-b342434c-f6b6-7627-333e-da750a9991e6,0.15,0.358203125,10240.0,6398.0,546.17,NVIDIA GeForce RTX 3080,[N/A],Enabled,Enabled
1702843746.314723,0,GPU-b342434c-f6b6-7627-333e-da750a9991e6,0.15,0.358203125,10240.0,6398.0,546.17,NVIDIA GeForce RTX 3080,[N/A],Enabled,Enabled
1702843747.313838,0,GPU-b342434c-f6b6-7627-333e-da750a9991e6,0.15,0.358203125,10240.0,6398.0,546.17,NVIDIA GeForce RTX 3080,[N/A],Enabled,Enabled
1702843748.31418,0,GPU-b342434c-f6b6-7627-333e-da750a9991e6,0.15,0.358203125,10240.0,6398.0,546.17,NVIDIA GeForce RTX 3080,[N/A],Enabled,Enabled
1702843749.314715,0,GPU-b342434c-f6b6-7627-333e-da750a9991e6,0.15,0.358203125,10240.0,6398.0,546.17,NVIDIA GeForce RTX 3080,[N/A],Enabled,Enabled
1702843750.31388,0,GPU-b342434c-f6b6-7627-333e-da750a9991e6,0.15,0.358203125,10240.0,6398.0,546.17,NVIDIA GeForce RTX 3080,[N/A],Enabled,Enabled
1702843751.314303,0,GPU-b342434c-f6b6-7627-333e-da750a9991e6,0.16,0.358203125,10240.0,6398.0,546.17,NVIDIA GeForce RTX 3080,[N/A],Enabled,Enabled
1702843752.314161,0,GPU-b342434c-f6b6-7627-333e-da750a9991e6,0.15,0.358203125,10240.0,6398.0,546.17,NVIDIA GeForce RTX 3080,[N/A],Enabled,Enabled
1702843753.314499,0,GPU-b342434c-f6b6-7627-333e-da750a9991e6,0.14,0.358203125,10240.0,6398.0,546.17,NVIDIA GeForce RTX 3080,[N/A],Enabled,Enabled
1702843754.31417,0,GPU-b342434c-f6b6-7627-333e-da750a9991e6,0.15,0.358203125,10240.0,6398.0,546.17,NVIDIA GeForce RTX 3080,[N/A],Enabled,Enabled
1702843755.314144,0,GPU-b342434c-f6b6-7627-333e-da750a9991e6,0.15,0.358203125,10240.0,6398.0,546.17,NVIDIA GeForce RTX 3080,[N/A],Enabled,Enabled
1702843756.31398,0,GPU-b342434c-f6b6-7627-333e-da750a9991e6,0.15,0.358203125,10240.0,6398.0,546.17,NVIDIA GeForce RTX 3080,[N/A],Enabled,Enabled
1702843757.314265,0,GPU-b342434c-f6b6-7627-333e-da750a9991e6,0.15,0.358203125,10240.0,6398.0,546.17,NVIDIA GeForce RTX 3080,[N/A],Enabled,Enabled
1702843758.314523,0,GPU-b342434c-f6b6-7627-333e-da750a9991e6,0.14,0.358203125,10240.0,6398.0,546.17,NVIDIA GeForce RTX 3080,[N/A],Enabled,Enabled
1702843759.313902,0,GPU-b342434c-f6b6-7627-333e-da750a9991e6,0.15,0.358203125,10240.0,6398.0,546.17,NVIDIA GeForce RTX 3080,[N/A],Enabled,Enabled
1702843760.314083,0,GPU-b342434c-f6b6-7627-333e-da750a9991e6,0.15,0.358203125,10240.0,6398.0,546.17,NVIDIA GeForce RTX 3080,[N/A],Enabled,Enabled
1702843761.314417,0,GPU-b342434c-f6b6-7627-333e-da750a9991e6,0.15,0.358203125,10240.0,6398.0,546.17,NVIDIA GeForce RTX 3080,[N/A],Enabled,Enabled
1702843762.313939,0,GPU-b342434c-f6b6-7627-333e-da750a9991e6,0.14,0.358203125,10240.0,6398.0,546.17,NVIDIA GeForce RTX 3080,[N/A],Enabled,Enabled
1702843763.314268,0,GPU-b342434c-f6b6-7627-333e-da750a9991e6,0.15,0.358203125,10240.0,6398.0,546.17,NVIDIA GeForce RTX 3080,[N/A],Enabled,Enabled
1702843764.314342,0,GPU-b342434c-f6b6-7627-333e-da750a9991e6,0.15,0.358203125,10240.0,6398.0,546.17,NVIDIA GeForce RTX 3080,[N/A],Enabled,Enabled
1702843765.314787,0,GPU-b342434c-f6b6-7627-333e-da750a9991e6,0.15,0.358203125,10240.0,6398.0,546.17,NVIDIA GeForce RTX 3080,[N/A],Enabled,Enabled
1702843766.314128,0,GPU-b342434c-f6b6-7627-333e-da750a9991e6,0.15,0.358203125,10240.0,6398.0,546.17,NVIDIA GeForce RTX 3080,[N/A],Enabled,Enabled
1702843767.314753,0,GPU-b342434c-f6b6-7627-333e-da750a9991e6,0.15,0.358203125,10240.0,6398.0,546.17,NVIDIA GeForce RTX 3080,[N/A],Enabled,Enabled
1702843768.313956,0,GPU-b342434c-f6b6-7627-333e-da750a9991e6,0.15,0.358203125,10240.0,6398.0,546.17,NVIDIA GeForce RTX 3080,[N/A],Enabled,Enabled
1702843769.314166,0,GPU-b342434c-f6b6-7627-333e-da750a9991e6,0.15,0.358203125,10240.0,6398.0,546.17,NVIDIA GeForce RTX 3080,[N/A],Enabled,Enabled
1702843770.314685,0,GPU-b342434c-f6b6-7627-333e-da750a9991e6,0.15,0.358203125,10240.0,6398.0,546.17,NVIDIA GeForce RTX 3080,[N/A],Enabled,Enabled
1702843771.313942,0,GPU-b342434c-f6b6-7627-333e-da750a9991e6,0.16,0.358203125,10240.0,6398.0,546.17,NVIDIA GeForce RTX 3080,[N/A],Enabled,Enabled
1702843772.313693,0,GPU-b342434c-f6b6-7627-333e-da750a9991e6,0.15,0.358203125,10240.0,6398.0,546.17,NVIDIA GeForce RTX 3080,[N/A],Enabled,Enabled
1702843773.314189,0,GPU-b342434c-f6b6-7627-333e-da750a9991e6,0.16,0.358203125,10240.0,6398.0,546.17,NVIDIA GeForce RTX 3080,[N/A],Enabled,Enabled
1702843774.314053,0,GPU-b342434c-f6b6-7627-333e-da750a9991e6,0.15,0.358203125,10240.0,6398.0,546.17,NVIDIA GeForce RTX 3080,[N/A],Enabled,Enabled
1702843775.314138,0,GPU-b342434c-f6b6-7627-333e-da750a9991e6,0.16,0.358203125,10240.0,6398.0,546.17,NVIDIA GeForce RTX 3080,[N/A],Enabled,Enabled
1702843776.314465,0,GPU-b342434c-f6b6-7627-333e-da750a9991e6,0.15,0.358203125,10240.0,6398.0,546.17,NVIDIA GeForce RTX 3080,[N/A],Enabled,Enabled
1702843777.314458,0,GPU-b342434c-f6b6-7627-333e-da750a9991e6,0.16,0.358203125,10240.0,6398.0,546.17,NVIDIA GeForce RTX 3080,[N/A],Enabled,Enabled
1702843778.314025,0,GPU-b342434c-f6b6-7627-333e-da750a9991e6,0.16,0.358203125,10240.0,6398.0,546.17,NVIDIA GeForce RTX 3080,[N/A],Enabled,Enabled
1702843779.314702,0,GPU-b342434c-f6b6-7627-333e-da750a9991e6,0.15,0.358203125,10240.0,6398.0,546.17,NVIDIA GeForce RTX 3080,[N/A],Enabled,Enabled
1702843780.313813,0,GPU-b342434c-f6b6-7627-333e-da750a9991e6,0.15,0.358203125,10240.0,6398.0,546.17,NVIDIA GeForce RTX 3080,[N/A],Enabled,Enabled
1702843781.314122,0,GPU-b342434c-f6b6-7627-333e-da750a9991e6,0.15,0.358203125,10240.0,6398.0,546.17,NVIDIA GeForce RTX 3080,[N/A],Enabled,Enabled
1702843782.314145,0,GPU-b342434c-f6b6-7627-333e-da750a9991e6,0.15,0.358203125,10240.0,6398.0,546.17,NVIDIA GeForce RTX 3080,[N/A],Enabled,Enabled
1702843783.314626,0,GPU-b342434c-f6b6-7627-333e-da750a9991e6,0.16,0.358203125,10240.0,6398.0,546.17,NVIDIA GeForce RTX 3080,[N/A],Enabled,Enabled
1702843784.314621,0,GPU-b342434c-f6b6-7627-333e-da750a9991e6,0.16,0.358203125,10240.0,6398.0,546.17,NVIDIA GeForce RTX 3080,[N/A],Enabled,Enabled
1702843785.314578,0,GPU-b342434c-f6b6-7627-333e-da750a9991e6,0.15,0.358203125,10240.0,6398.0,546.17,NVIDIA GeForce RTX 3080,[N/A],Enabled,Enabled
1702843786.314405,0,GPU-b342434c-f6b6-7627-333e-da750a9991e6,0.15,0.358203125,10240.0,6398.0,546.17,NVIDIA GeForce RTX 3080,[N/A],Enabled,Enabled
1702843787.314354,0,GPU-b342434c-f6b6-7627-333e-da750a9991e6,0.16,0.358203125,10240.0,6398.0,546.17,NVIDIA GeForce RTX 3080,[N/A],Enabled,Enabled
1702843788.314942,0,GPU-b342434c-f6b6-7627-333e-da750a9991e6,0.15,0.358203125,10240.0,6398.0,546.17,NVIDIA GeForce RTX 3080,[N/A],Enabled,Enabled
1702843789.313921,0,GPU-b342434c-f6b6-7627-333e-da750a9991e6,0.15,0.358203125,10240.0,6398.0,546.17,NVIDIA GeForce RTX 3080,[N/A],Enabled,Enabled
1702843790.314679,0,GPU-b342434c-f6b6-7627-333e-da750a9991e6,0.15,0.358203125,10240.0,6398.0,546.17,NVIDIA GeForce RTX 3080,[N/A],Enabled,Enabled
1702843791.314003,0,GPU-b342434c-f6b6-7627-333e-da750a9991e6,0.15,0.358203125,10240.0,6398.0,546.17,NVIDIA GeForce RTX 3080,[N/A],Enabled,Enabled
1702843792.314561,0,GPU-b342434c-f6b6-7627-333e-da750a9991e6,0.15,0.358203125,10240.0,6398.0,546.17,NVIDIA GeForce RTX 3080,[N/A],Enabled,Enabled
1702843793.313808,0,GPU-b342434c-f6b6-7627-333e-da750a9991e6,0.15,0.358203125,10240.0,6398.0,546.17,NVIDIA GeForce RTX 3080,[N/A],Enabled,Enabled
1702843794.314431,0,GPU-b342434c-f6b6-7627-333e-da750a9991e6,0.15,0.358203125,10240.0,6398.0,546.17,NVIDIA GeForce RTX 3080,[N/A],Enabled,Enabled
1702843795.314716,0,GPU-b342434c-f6b6-7627-333e-da750a9991e6,0.15,0.358203125,10240.0,6398.0,546.17,NVIDIA GeForce RTX 3080,[N/A],Enabled,Enabled
1702843796.314023,0,GPU-b342434c-f6b6-7627-333e-da750a9991e6,0.15,0.358203125,10240.0,6398.0,546.17,NVIDIA GeForce RTX 3080,[N/A],Enabled,Enabled
1702843797.314159,0,GPU-b342434c-f6b6-7627-333e-da750a9991e6,0.15,0.358203125,10240.0,6398.0,546.17,NVIDIA GeForce RTX 3080,[N/A],Enabled,Enabled
1702843798.314257,0,GPU-b342434c-f6b6-7627-333e-da750a9991e6,0.15,0.358203125,10240.0,6398.0,546.17,NVIDIA GeForce RTX 3080,[N/A],Enabled,Enabled
1702843799.314587,0,GPU-b342434c-f6b6-7627-333e-da750a9991e6,0.15,0.358203125,10240.0,6398.0,546.17,NVIDIA GeForce RTX 3080,[N/A],Enabled,Enabled
1702843800.313545,0,GPU-b342434c-f6b6-7627-333e-da750a9991e6,0.14,0.358203125,10240.0,6398.0,546.17,NVIDIA GeForce RTX 3080,[N/A],Enabled,Enabled
1702843801.314064,0,GPU-b342434c-f6b6-7627-333e-da750a9991e6,0.14,0.358203125,10240.0,6398.0,546.17,NVIDIA GeForce RTX 3080,[N/A],Enabled,Enabled
1702843802.313894,0,GPU-b342434c-f6b6-7627-333e-da750a9991e6,0.11,0.35126953125,10240.0,6469.0,546.17,NVIDIA GeForce RTX 3080,[N/A],Enabled,Enabled
1702843803.31491,0,GPU-b342434c-f6b6-7627-333e-da750a9991e6,0.13,0.35126953125,10240.0,6469.0,546.17,NVIDIA GeForce RTX 3080,[N/A],Enabled,Enabled
1702843804.314288,0,GPU-b342434c-f6b6-7627-333e-da750a9991e6,0.13,0.35126953125,10240.0,6469.0,546.17,NVIDIA GeForce RTX 3080,[N/A],Enabled,Enabled
1702843805.313858,0,GPU-b342434c-f6b6-7627-333e-da750a9991e6,0.12,0.3478515625,10240.0,6504.0,546.17,NVIDIA GeForce RTX 3080,[N/A],Enabled,Enabled
1702843806.313986,0,GPU-b342434c-f6b6-7627-333e-da750a9991e6,0.14,0.35126953125,10240.0,6469.0,546.17,NVIDIA GeForce RTX 3080,[N/A],Enabled,Enabled
1702843807.314048,0,GPU-b342434c-f6b6-7627-333e-da750a9991e6,0.12,0.3478515625,10240.0,6504.0,546.17,NVIDIA GeForce RTX 3080,[N/A],Enabled,Enabled
1702843808.313887,0,GPU-b342434c-f6b6-7627-333e-da750a9991e6,0.13,0.3478515625,10240.0,6504.0,546.17,NVIDIA GeForce RTX 3080,[N/A],Enabled,Enabled
1702843809.314687,0,GPU-b342434c-f6b6-7627-333e-da750a9991e6,0.13,0.3478515625,10240.0,6504.0,546.17,NVIDIA GeForce RTX 3080,[N/A],Enabled,Enabled
1702843810.314794,0,GPU-b342434c-f6b6-7627-333e-da750a9991e6,0.13,0.3478515625,10240.0,6504.0,546.17,NVIDIA GeForce RTX 3080,[N/A],Enabled,Enabled
1702843811.314219,0,GPU-b342434c-f6b6-7627-333e-da750a9991e6,0.13,0.3478515625,10240.0,6504.0,546.17,NVIDIA GeForce RTX 3080,[N/A],Enabled,Enabled
1702843812.314954,0,GPU-b342434c-f6b6-7627-333e-da750a9991e6,0.13,0.3478515625,10240.0,6504.0,546.17,NVIDIA GeForce RTX 3080,[N/A],Enabled,Enabled
1702843813.313881,0,GPU-b342434c-f6b6-7627-333e-da750a9991e6,0.13,0.3478515625,10240.0,6504.0,546.17,NVIDIA GeForce RTX 3080,[N/A],Enabled,Enabled
1702843814.31397,0,GPU-b342434c-f6b6-7627-333e-da750a9991e6,0.13,0.3478515625,10240.0,6504.0,546.17,NVIDIA GeForce RTX 3080,[N/A],Enabled,Enabled
1702843815.314341,0,GPU-b342434c-f6b6-7627-333e-da750a9991e6,0.13,0.3478515625,10240.0,6504.0,546.17,NVIDIA GeForce RTX 3080,[N/A],Enabled,Enabled
1702843816.314399,0,GPU-b342434c-f6b6-7627-333e-da750a9991e6,0.19,0.29033203125,10240.0,7093.0,546.17,NVIDIA GeForce RTX 3080,[N/A],Enabled,Enabled
1702843817.314236,0,GPU-b342434c-f6b6-7627-333e-da750a9991e6,0.18,0.29033203125,10240.0,7093.0,546.17,NVIDIA GeForce RTX 3080,[N/A],Enabled,Enabled
1702843818.314554,0,GPU-b342434c-f6b6-7627-333e-da750a9991e6,0.17,0.29013671875,10240.0,7095.0,546.17,NVIDIA GeForce RTX 3080,[N/A],Enabled,Enabled
1702843819.313602,0,GPU-b342434c-f6b6-7627-333e-da750a9991e6,0.17,0.29013671875,10240.0,7095.0,546.17,NVIDIA GeForce RTX 3080,[N/A],Enabled,Enabled
