timestamp,id,uuid,load,memoryUtil,memoryTotal,memoryUsed,memoryFree,driver,name,serial,display_mode,display_active
1709637149.367058,0,GPU-93ae0c7f-c327-aee3-adae-bc0d1dae71ea,0.14,0.2411659338869891,12282.0,9049.0,551.61,NVIDIA GeForce RTX 4070,[N/A],Enabled,Enabled
1709637150.364683,0,GPU-93ae0c7f-c327-aee3-adae-bc0d1dae71ea,0.13,0.2411659338869891,12282.0,9049.0,551.61,NVIDIA GeForce RTX 4070,[N/A],Enabled,Enabled
1709637151.364376,0,GPU-93ae0c7f-c327-aee3-adae-bc0d1dae71ea,0.13,0.2411659338869891,12282.0,9049.0,551.61,NVIDIA GeForce RTX 4070,[N/A],Enabled,Enabled
1709637152.363886,0,GPU-93ae0c7f-c327-aee3-adae-bc0d1dae71ea,0.13,0.2411659338869891,12282.0,9049.0,551.61,NVIDIA GeForce RTX 4070,[N/A],Enabled,Enabled
1709637153.364351,0,GPU-93ae0c7f-c327-aee3-adae-bc0d1dae71ea,0.13,0.2411659338869891,12282.0,9049.0,551.61,NVIDIA GeForce RTX 4070,[N/A],Enabled,Enabled
1709637154.364211,0,GPU-93ae0c7f-c327-aee3-adae-bc0d1dae71ea,0.13,0.2411659338869891,12282.0,9049.0,551.61,NVIDIA GeForce RTX 4070,[N/A],Enabled,Enabled
1709637155.364723,0,GPU-93ae0c7f-c327-aee3-adae-bc0d1dae71ea,0.13,0.2411659338869891,12282.0,9049.0,551.61,NVIDIA GeForce RTX 4070,[N/A],Enabled,Enabled
1709637156.364925,0,GPU-93ae0c7f-c327-aee3-adae-bc0d1dae71ea,0.13,0.2411659338869891,12282.0,9049.0,551.61,NVIDIA GeForce RTX 4070,[N/A],Enabled,Enabled
1709637157.364722,0,GPU-93ae0c7f-c327-aee3-adae-bc0d1dae71ea,0.13,0.2411659338869891,12282.0,9049.0,551.61,NVIDIA GeForce RTX 4070,[N/A],Enabled,Enabled
1709637158.364462,0,GPU-93ae0c7f-c327-aee3-adae-bc0d1dae71ea,0.13,0.2411659338869891,12282.0,9049.0,551.61,NVIDIA GeForce RTX 4070,[N/A],Enabled,Enabled
1709637159.364773,0,GPU-93ae0c7f-c327-aee3-adae-bc0d1dae71ea,0.13,0.2411659338869891,12282.0,9049.0,551.61,NVIDIA GeForce RTX 4070,[N/A],Enabled,Enabled
1709637160.364533,0,GPU-93ae0c7f-c327-aee3-adae-bc0d1dae71ea,0.13,0.2411659338869891,12282.0,9049.0,551.61,NVIDIA GeForce RTX 4070,[N/A],Enabled,Enabled
1709637161.364612,0,GPU-93ae0c7f-c327-aee3-adae-bc0d1dae71ea,0.13,0.2411659338869891,12282.0,9049.0,551.61,NVIDIA GeForce RTX 4070,[N/A],Enabled,Enabled
1709637162.364724,0,GPU-93ae0c7f-c327-aee3-adae-bc0d1dae71ea,0.13,0.2411659338869891,12282.0,9049.0,551.61,NVIDIA GeForce RTX 4070,[N/A],Enabled,Enabled
1709637163.364793,0,GPU-93ae0c7f-c327-aee3-adae-bc0d1dae71ea,0.13,0.2411659338869891,12282.0,9049.0,551.61,NVIDIA GeForce RTX 4070,[N/A],Enabled,Enabled
1709637164.364594,0,GPU-93ae0c7f-c327-aee3-adae-bc0d1dae71ea,0.17,0.24100309395863867,12282.0,9051.0,551.61,NVIDIA GeForce RTX 4070,[N/A],Enabled,Enabled
1709637165.364489,0,GPU-93ae0c7f-c327-aee3-adae-bc0d1dae71ea,0.14,0.2418172936003908,12282.0,9041.0,551.61,NVIDIA GeForce RTX 4070,[N/A],Enabled,Enabled
1709637166.364377,0,GPU-93ae0c7f-c327-aee3-adae-bc0d1dae71ea,0.14,0.2417358736362156,12282.0,9042.0,551.61,NVIDIA GeForce RTX 4070,[N/A],Enabled,Enabled
1709637167.364255,0,GPU-93ae0c7f-c327-aee3-adae-bc0d1dae71ea,0.13,0.24157303370786518,12282.0,9044.0,551.61,NVIDIA GeForce RTX 4070,[N/A],Enabled,Enabled
1709637168.363855,0,GPU-93ae0c7f-c327-aee3-adae-bc0d1dae71ea,0.14,0.24255007327796776,12282.0,9032.0,551.61,NVIDIA GeForce RTX 4070,[N/A],Enabled,Enabled
1709637169.364225,0,GPU-93ae0c7f-c327-aee3-adae-bc0d1dae71ea,0.14,0.25028496987461324,12282.0,8937.0,551.61,NVIDIA GeForce RTX 4070,[N/A],Enabled,Enabled
1709637170.36452,0,GPU-93ae0c7f-c327-aee3-adae-bc0d1dae71ea,0.1,0.33178635401400425,12282.0,7936.0,551.61,NVIDIA GeForce RTX 4070,[N/A],Enabled,Enabled
1709637171.364691,0,GPU-93ae0c7f-c327-aee3-adae-bc0d1dae71ea,0.1,0.33610161211529066,12282.0,7883.0,551.61,NVIDIA GeForce RTX 4070,[N/A],Enabled,Enabled
1709637172.364177,0,GPU-93ae0c7f-c327-aee3-adae-bc0d1dae71ea,0.1,0.33610161211529066,12282.0,7883.0,551.61,NVIDIA GeForce RTX 4070,[N/A],Enabled,Enabled
1709637173.364357,0,GPU-93ae0c7f-c327-aee3-adae-bc0d1dae71ea,0.13,0.31289692232535415,12282.0,8168.0,551.61,NVIDIA GeForce RTX 4070,[N/A],Enabled,Enabled
1709637174.364661,0,GPU-93ae0c7f-c327-aee3-adae-bc0d1dae71ea,0.06,0.2629864842859469,12282.0,8781.0,551.61,NVIDIA GeForce RTX 4070,[N/A],Enabled,Enabled
1709637175.36396,0,GPU-93ae0c7f-c327-aee3-adae-bc0d1dae71ea,0.22,0.572056668295066,12282.0,4985.0,551.61,NVIDIA GeForce RTX 4070,[N/A],Enabled,Enabled
1709637176.36486,0,GPU-93ae0c7f-c327-aee3-adae-bc0d1dae71ea,0.32,0.46002279758996906,12282.0,6361.0,551.61,NVIDIA GeForce RTX 4070,[N/A],Enabled,Enabled
1709637177.364308,0,GPU-93ae0c7f-c327-aee3-adae-bc0d1dae71ea,0.29,0.45530043966780653,12282.0,6419.0,551.61,NVIDIA GeForce RTX 4070,[N/A],Enabled,Enabled
1709637178.365017,0,GPU-93ae0c7f-c327-aee3-adae-bc0d1dae71ea,0.28,0.45530043966780653,12282.0,6419.0,551.61,NVIDIA GeForce RTX 4070,[N/A],Enabled,Enabled
1709637179.364324,0,GPU-93ae0c7f-c327-aee3-adae-bc0d1dae71ea,0.28,0.45530043966780653,12282.0,6419.0,551.61,NVIDIA GeForce RTX 4070,[N/A],Enabled,Enabled
1709637180.364329,0,GPU-93ae0c7f-c327-aee3-adae-bc0d1dae71ea,0.28,0.46002279758996906,12282.0,6361.0,551.61,NVIDIA GeForce RTX 4070,[N/A],Enabled,Enabled
1709637181.364457,0,GPU-93ae0c7f-c327-aee3-adae-bc0d1dae71ea,0.23,0.5731965477935189,12282.0,4971.0,551.61,NVIDIA GeForce RTX 4070,[N/A],Enabled,Enabled
1709637182.364442,0,GPU-93ae0c7f-c327-aee3-adae-bc0d1dae71ea,0.29,0.4608369972317212,12282.0,6351.0,551.61,NVIDIA GeForce RTX 4070,[N/A],Enabled,Enabled
1709637183.364251,0,GPU-93ae0c7f-c327-aee3-adae-bc0d1dae71ea,0.29,0.4608369972317212,12282.0,6351.0,551.61,NVIDIA GeForce RTX 4070,[N/A],Enabled,Enabled
1709637184.364919,0,GPU-93ae0c7f-c327-aee3-adae-bc0d1dae71ea,0.25,0.4561146393095587,12282.0,6409.0,551.61,NVIDIA GeForce RTX 4070,[N/A],Enabled,Enabled
1709637185.363709,0,GPU-93ae0c7f-c327-aee3-adae-bc0d1dae71ea,0.26,0.4561146393095587,12282.0,6409.0,551.61,NVIDIA GeForce RTX 4070,[N/A],Enabled,Enabled
1709637186.3642,0,GPU-93ae0c7f-c327-aee3-adae-bc0d1dae71ea,0.27,0.4561960592737339,12282.0,6408.0,551.61,NVIDIA GeForce RTX 4070,[N/A],Enabled,Enabled
1709637187.364572,0,GPU-93ae0c7f-c327-aee3-adae-bc0d1dae71ea,0.28,0.4608369972317212,12282.0,6351.0,551.61,NVIDIA GeForce RTX 4070,[N/A],Enabled,Enabled
1709637188.365116,0,GPU-93ae0c7f-c327-aee3-adae-bc0d1dae71ea,0.27,0.4608369972317212,12282.0,6351.0,551.61,NVIDIA GeForce RTX 4070,[N/A],Enabled,Enabled
1709637189.364007,0,GPU-93ae0c7f-c327-aee3-adae-bc0d1dae71ea,0.28,0.4561960592737339,12282.0,6408.0,551.61,NVIDIA GeForce RTX 4070,[N/A],Enabled,Enabled
1709637190.364049,0,GPU-93ae0c7f-c327-aee3-adae-bc0d1dae71ea,0.29,0.4608369972317212,12282.0,6351.0,551.61,NVIDIA GeForce RTX 4070,[N/A],Enabled,Enabled
1709637191.363868,0,GPU-93ae0c7f-c327-aee3-adae-bc0d1dae71ea,0.28,0.4608369972317212,12282.0,6351.0,551.61,NVIDIA GeForce RTX 4070,[N/A],Enabled,Enabled
1709637192.36511,0,GPU-93ae0c7f-c327-aee3-adae-bc0d1dae71ea,0.27,0.4561960592737339,12282.0,6408.0,551.61,NVIDIA GeForce RTX 4070,[N/A],Enabled,Enabled
1709637193.363836,0,GPU-93ae0c7f-c327-aee3-adae-bc0d1dae71ea,0.3,0.4608369972317212,12282.0,6351.0,551.61,NVIDIA GeForce RTX 4070,[N/A],Enabled,Enabled
1709637194.364598,0,GPU-93ae0c7f-c327-aee3-adae-bc0d1dae71ea,0.3,0.4608369972317212,12282.0,6351.0,551.61,NVIDIA GeForce RTX 4070,[N/A],Enabled,Enabled
1709637195.364531,0,GPU-93ae0c7f-c327-aee3-adae-bc0d1dae71ea,0.28,0.46091841719589643,12282.0,6350.0,551.61,NVIDIA GeForce RTX 4070,[N/A],Enabled,Enabled
1709637196.363944,0,GPU-93ae0c7f-c327-aee3-adae-bc0d1dae71ea,0.27,0.4559517993812083,12282.0,6411.0,551.61,NVIDIA GeForce RTX 4070,[N/A],Enabled,Enabled
1709637197.364596,0,GPU-93ae0c7f-c327-aee3-adae-bc0d1dae71ea,0.28,0.45684741898713566,12282.0,6400.0,551.61,NVIDIA GeForce RTX 4070,[N/A],Enabled,Enabled
1709637198.364658,0,GPU-93ae0c7f-c327-aee3-adae-bc0d1dae71ea,0.34,0.46433805569125547,12282.0,6308.0,551.61,NVIDIA GeForce RTX 4070,[N/A],Enabled,Enabled
1709637199.364455,0,GPU-93ae0c7f-c327-aee3-adae-bc0d1dae71ea,0.33,0.46433805569125547,12282.0,6308.0,551.61,NVIDIA GeForce RTX 4070,[N/A],Enabled,Enabled
1709637200.364553,0,GPU-93ae0c7f-c327-aee3-adae-bc0d1dae71ea,0.36,0.46433805569125547,12282.0,6308.0,551.61,NVIDIA GeForce RTX 4070,[N/A],Enabled,Enabled
1709637201.363584,0,GPU-93ae0c7f-c327-aee3-adae-bc0d1dae71ea,0.38,0.46433805569125547,12282.0,6308.0,551.61,NVIDIA GeForce RTX 4070,[N/A],Enabled,Enabled
1709637202.364475,0,GPU-93ae0c7f-c327-aee3-adae-bc0d1dae71ea,0.36,0.46433805569125547,12282.0,6308.0,551.61,NVIDIA GeForce RTX 4070,[N/A],Enabled,Enabled
1709637203.364185,0,GPU-93ae0c7f-c327-aee3-adae-bc0d1dae71ea,0.4,0.46433805569125547,12282.0,6308.0,551.61,NVIDIA GeForce RTX 4070,[N/A],Enabled,Enabled
1709637204.364206,0,GPU-93ae0c7f-c327-aee3-adae-bc0d1dae71ea,0.36,0.46433805569125547,12282.0,6308.0,551.61,NVIDIA GeForce RTX 4070,[N/A],Enabled,Enabled
1709637205.363894,0,GPU-93ae0c7f-c327-aee3-adae-bc0d1dae71ea,0.39,0.46433805569125547,12282.0,6308.0,551.61,NVIDIA GeForce RTX 4070,[N/A],Enabled,Enabled
1709637206.364578,0,GPU-93ae0c7f-c327-aee3-adae-bc0d1dae71ea,0.37,0.46433805569125547,12282.0,6308.0,551.61,NVIDIA GeForce RTX 4070,[N/A],Enabled,Enabled
1709637207.364676,0,GPU-93ae0c7f-c327-aee3-adae-bc0d1dae71ea,0.38,0.46433805569125547,12282.0,6308.0,551.61,NVIDIA GeForce RTX 4070,[N/A],Enabled,Enabled
1709637208.364552,0,GPU-93ae0c7f-c327-aee3-adae-bc0d1dae71ea,0.36,0.46433805569125547,12282.0,6308.0,551.61,NVIDIA GeForce RTX 4070,[N/A],Enabled,Enabled
1709637209.364878,0,GPU-93ae0c7f-c327-aee3-adae-bc0d1dae71ea,0.34,0.46433805569125547,12282.0,6308.0,551.61,NVIDIA GeForce RTX 4070,[N/A],Enabled,Enabled
1709637210.364437,0,GPU-93ae0c7f-c327-aee3-adae-bc0d1dae71ea,0.37,0.46433805569125547,12282.0,6308.0,551.61,NVIDIA GeForce RTX 4070,[N/A],Enabled,Enabled
1709637211.363777,0,GPU-93ae0c7f-c327-aee3-adae-bc0d1dae71ea,0.38,0.46433805569125547,12282.0,6308.0,551.61,NVIDIA GeForce RTX 4070,[N/A],Enabled,Enabled
1709637212.3652,0,GPU-93ae0c7f-c327-aee3-adae-bc0d1dae71ea,0.36,0.46433805569125547,12282.0,6308.0,551.61,NVIDIA GeForce RTX 4070,[N/A],Enabled,Enabled
1709637213.363837,0,GPU-93ae0c7f-c327-aee3-adae-bc0d1dae71ea,0.36,0.46433805569125547,12282.0,6308.0,551.61,NVIDIA GeForce RTX 4070,[N/A],Enabled,Enabled
1709637214.364121,0,GPU-93ae0c7f-c327-aee3-adae-bc0d1dae71ea,0.36,0.46433805569125547,12282.0,6308.0,551.61,NVIDIA GeForce RTX 4070,[N/A],Enabled,Enabled
1709637215.36381,0,GPU-93ae0c7f-c327-aee3-adae-bc0d1dae71ea,0.38,0.46433805569125547,12282.0,6308.0,551.61,NVIDIA GeForce RTX 4070,[N/A],Enabled,Enabled
1709637216.364276,0,GPU-93ae0c7f-c327-aee3-adae-bc0d1dae71ea,0.35,0.46433805569125547,12282.0,6308.0,551.61,NVIDIA GeForce RTX 4070,[N/A],Enabled,Enabled
1709637217.364255,0,GPU-93ae0c7f-c327-aee3-adae-bc0d1dae71ea,0.35,0.46433805569125547,12282.0,6308.0,551.61,NVIDIA GeForce RTX 4070,[N/A],Enabled,Enabled
1709637218.364966,0,GPU-93ae0c7f-c327-aee3-adae-bc0d1dae71ea,0.36,0.46433805569125547,12282.0,6308.0,551.61,NVIDIA GeForce RTX 4070,[N/A],Enabled,Enabled
1709637219.363886,0,GPU-93ae0c7f-c327-aee3-adae-bc0d1dae71ea,0.39,0.46433805569125547,12282.0,6308.0,551.61,NVIDIA GeForce RTX 4070,[N/A],Enabled,Enabled
1709637220.36458,0,GPU-93ae0c7f-c327-aee3-adae-bc0d1dae71ea,0.37,0.46433805569125547,12282.0,6308.0,551.61,NVIDIA GeForce RTX 4070,[N/A],Enabled,Enabled
1709637221.364561,0,GPU-93ae0c7f-c327-aee3-adae-bc0d1dae71ea,0.39,0.46433805569125547,12282.0,6308.0,551.61,NVIDIA GeForce RTX 4070,[N/A],Enabled,Enabled
1709637222.364565,0,GPU-93ae0c7f-c327-aee3-adae-bc0d1dae71ea,0.36,0.46433805569125547,12282.0,6308.0,551.61,NVIDIA GeForce RTX 4070,[N/A],Enabled,Enabled
1709637223.364939,0,GPU-93ae0c7f-c327-aee3-adae-bc0d1dae71ea,0.36,0.46433805569125547,12282.0,6308.0,551.61,NVIDIA GeForce RTX 4070,[N/A],Enabled,Enabled
1709637224.364849,0,GPU-93ae0c7f-c327-aee3-adae-bc0d1dae71ea,0.39,0.46433805569125547,12282.0,6308.0,551.61,NVIDIA GeForce RTX 4070,[N/A],Enabled,Enabled
1709637225.364685,0,GPU-93ae0c7f-c327-aee3-adae-bc0d1dae71ea,0.39,0.46433805569125547,12282.0,6308.0,551.61,NVIDIA GeForce RTX 4070,[N/A],Enabled,Enabled
1709637226.364481,0,GPU-93ae0c7f-c327-aee3-adae-bc0d1dae71ea,0.38,0.46433805569125547,12282.0,6308.0,551.61,NVIDIA GeForce RTX 4070,[N/A],Enabled,Enabled
1709637227.364507,0,GPU-93ae0c7f-c327-aee3-adae-bc0d1dae71ea,0.41,0.46433805569125547,12282.0,6308.0,551.61,NVIDIA GeForce RTX 4070,[N/A],Enabled,Enabled
1709637228.365549,0,GPU-93ae0c7f-c327-aee3-adae-bc0d1dae71ea,0.38,0.46433805569125547,12282.0,6308.0,551.61,NVIDIA GeForce RTX 4070,[N/A],Enabled,Enabled
1709637229.364212,0,GPU-93ae0c7f-c327-aee3-adae-bc0d1dae71ea,0.41,0.46433805569125547,12282.0,6308.0,551.61,NVIDIA GeForce RTX 4070,[N/A],Enabled,Enabled
1709637230.363749,0,GPU-93ae0c7f-c327-aee3-adae-bc0d1dae71ea,0.38,0.46433805569125547,12282.0,6308.0,551.61,NVIDIA GeForce RTX 4070,[N/A],Enabled,Enabled
1709637231.364496,0,GPU-93ae0c7f-c327-aee3-adae-bc0d1dae71ea,0.4,0.46433805569125547,12282.0,6308.0,551.61,NVIDIA GeForce RTX 4070,[N/A],Enabled,Enabled
1709637232.364931,0,GPU-93ae0c7f-c327-aee3-adae-bc0d1dae71ea,0.36,0.46433805569125547,12282.0,6308.0,551.61,NVIDIA GeForce RTX 4070,[N/A],Enabled,Enabled
1709637233.364533,0,GPU-93ae0c7f-c327-aee3-adae-bc0d1dae71ea,0.4,0.46433805569125547,12282.0,6308.0,551.61,NVIDIA GeForce RTX 4070,[N/A],Enabled,Enabled
1709637234.363647,0,GPU-93ae0c7f-c327-aee3-adae-bc0d1dae71ea,0.37,0.46433805569125547,12282.0,6308.0,551.61,NVIDIA GeForce RTX 4070,[N/A],Enabled,Enabled
1709637235.365152,0,GPU-93ae0c7f-c327-aee3-adae-bc0d1dae71ea,0.35,0.46433805569125547,12282.0,6308.0,551.61,NVIDIA GeForce RTX 4070,[N/A],Enabled,Enabled
1709637236.364949,0,GPU-93ae0c7f-c327-aee3-adae-bc0d1dae71ea,0.38,0.46433805569125547,12282.0,6308.0,551.61,NVIDIA GeForce RTX 4070,[N/A],Enabled,Enabled
1709637237.364196,0,GPU-93ae0c7f-c327-aee3-adae-bc0d1dae71ea,0.4,0.46433805569125547,12282.0,6308.0,551.61,NVIDIA GeForce RTX 4070,[N/A],Enabled,Enabled
1709637238.365161,0,GPU-93ae0c7f-c327-aee3-adae-bc0d1dae71ea,0.38,0.46433805569125547,12282.0,6308.0,551.61,NVIDIA GeForce RTX 4070,[N/A],Enabled,Enabled
1709637239.365052,0,GPU-93ae0c7f-c327-aee3-adae-bc0d1dae71ea,0.39,0.46433805569125547,12282.0,6308.0,551.61,NVIDIA GeForce RTX 4070,[N/A],Enabled,Enabled
1709637240.364284,0,GPU-93ae0c7f-c327-aee3-adae-bc0d1dae71ea,0.38,0.46433805569125547,12282.0,6308.0,551.61,NVIDIA GeForce RTX 4070,[N/A],Enabled,Enabled
1709637241.363812,0,GPU-93ae0c7f-c327-aee3-adae-bc0d1dae71ea,0.39,0.46433805569125547,12282.0,6308.0,551.61,NVIDIA GeForce RTX 4070,[N/A],Enabled,Enabled
1709637242.364531,0,GPU-93ae0c7f-c327-aee3-adae-bc0d1dae71ea,0.35,0.46433805569125547,12282.0,6308.0,551.61,NVIDIA GeForce RTX 4070,[N/A],Enabled,Enabled
1709637243.363829,0,GPU-93ae0c7f-c327-aee3-adae-bc0d1dae71ea,0.4,0.46433805569125547,12282.0,6308.0,551.61,NVIDIA GeForce RTX 4070,[N/A],Enabled,Enabled
1709637244.364105,0,GPU-93ae0c7f-c327-aee3-adae-bc0d1dae71ea,0.34,0.46433805569125547,12282.0,6308.0,551.61,NVIDIA GeForce RTX 4070,[N/A],Enabled,Enabled
1709637245.364285,0,GPU-93ae0c7f-c327-aee3-adae-bc0d1dae71ea,0.35,0.46433805569125547,12282.0,6308.0,551.61,NVIDIA GeForce RTX 4070,[N/A],Enabled,Enabled
1709637246.36428,0,GPU-93ae0c7f-c327-aee3-adae-bc0d1dae71ea,0.38,0.46433805569125547,12282.0,6308.0,551.61,NVIDIA GeForce RTX 4070,[N/A],Enabled,Enabled
1709637247.364779,0,GPU-93ae0c7f-c327-aee3-adae-bc0d1dae71ea,0.35,0.46433805569125547,12282.0,6308.0,551.61,NVIDIA GeForce RTX 4070,[N/A],Enabled,Enabled
1709637248.364697,0,GPU-93ae0c7f-c327-aee3-adae-bc0d1dae71ea,0.38,0.46433805569125547,12282.0,6308.0,551.61,NVIDIA GeForce RTX 4070,[N/A],Enabled,Enabled
1709637249.364539,0,GPU-93ae0c7f-c327-aee3-adae-bc0d1dae71ea,0.39,0.46433805569125547,12282.0,6308.0,551.61,NVIDIA GeForce RTX 4070,[N/A],Enabled,Enabled
1709637250.364722,0,GPU-93ae0c7f-c327-aee3-adae-bc0d1dae71ea,0.36,0.46433805569125547,12282.0,6308.0,551.61,NVIDIA GeForce RTX 4070,[N/A],Enabled,Enabled
1709637251.364567,0,GPU-93ae0c7f-c327-aee3-adae-bc0d1dae71ea,0.39,0.46433805569125547,12282.0,6308.0,551.61,NVIDIA GeForce RTX 4070,[N/A],Enabled,Enabled
1709637252.364569,0,GPU-93ae0c7f-c327-aee3-adae-bc0d1dae71ea,0.34,0.46433805569125547,12282.0,6308.0,551.61,NVIDIA GeForce RTX 4070,[N/A],Enabled,Enabled
1709637253.364614,0,GPU-93ae0c7f-c327-aee3-adae-bc0d1dae71ea,0.39,0.46433805569125547,12282.0,6308.0,551.61,NVIDIA GeForce RTX 4070,[N/A],Enabled,Enabled
1709637254.364677,0,GPU-93ae0c7f-c327-aee3-adae-bc0d1dae71ea,0.37,0.46433805569125547,12282.0,6308.0,551.61,NVIDIA GeForce RTX 4070,[N/A],Enabled,Enabled
1709637255.364285,0,GPU-93ae0c7f-c327-aee3-adae-bc0d1dae71ea,0.39,0.46433805569125547,12282.0,6308.0,551.61,NVIDIA GeForce RTX 4070,[N/A],Enabled,Enabled
1709637256.36449,0,GPU-93ae0c7f-c327-aee3-adae-bc0d1dae71ea,0.36,0.46433805569125547,12282.0,6308.0,551.61,NVIDIA GeForce RTX 4070,[N/A],Enabled,Enabled
1709637257.364291,0,GPU-93ae0c7f-c327-aee3-adae-bc0d1dae71ea,0.39,0.46433805569125547,12282.0,6308.0,551.61,NVIDIA GeForce RTX 4070,[N/A],Enabled,Enabled
1709637258.364515,0,GPU-93ae0c7f-c327-aee3-adae-bc0d1dae71ea,0.36,0.46433805569125547,12282.0,6308.0,551.61,NVIDIA GeForce RTX 4070,[N/A],Enabled,Enabled
1709637259.363757,0,GPU-93ae0c7f-c327-aee3-adae-bc0d1dae71ea,0.34,0.46433805569125547,12282.0,6308.0,551.61,NVIDIA GeForce RTX 4070,[N/A],Enabled,Enabled
1709637260.363891,0,GPU-93ae0c7f-c327-aee3-adae-bc0d1dae71ea,0.37,0.46425663572708026,12282.0,6309.0,551.61,NVIDIA GeForce RTX 4070,[N/A],Enabled,Enabled
1709637261.364667,0,GPU-93ae0c7f-c327-aee3-adae-bc0d1dae71ea,0.39,0.4639309558703794,12282.0,6313.0,551.61,NVIDIA GeForce RTX 4070,[N/A],Enabled,Enabled
1709637262.364604,0,GPU-93ae0c7f-c327-aee3-adae-bc0d1dae71ea,0.37,0.46360527601367857,12282.0,6317.0,551.61,NVIDIA GeForce RTX 4070,[N/A],Enabled,Enabled
1709637263.364163,0,GPU-93ae0c7f-c327-aee3-adae-bc0d1dae71ea,0.39,0.46352385604950336,12282.0,6318.0,551.61,NVIDIA GeForce RTX 4070,[N/A],Enabled,Enabled
1709637264.364289,0,GPU-93ae0c7f-c327-aee3-adae-bc0d1dae71ea,0.36,0.4633610161211529,12282.0,6320.0,551.61,NVIDIA GeForce RTX 4070,[N/A],Enabled,Enabled
1709637265.364082,0,GPU-93ae0c7f-c327-aee3-adae-bc0d1dae71ea,0.4,0.46319817619280246,12282.0,6322.0,551.61,NVIDIA GeForce RTX 4070,[N/A],Enabled,Enabled
1709637266.364162,0,GPU-93ae0c7f-c327-aee3-adae-bc0d1dae71ea,0.37,0.46319817619280246,12282.0,6322.0,551.61,NVIDIA GeForce RTX 4070,[N/A],Enabled,Enabled
1709637267.364391,0,GPU-93ae0c7f-c327-aee3-adae-bc0d1dae71ea,0.38,0.46319817619280246,12282.0,6322.0,551.61,NVIDIA GeForce RTX 4070,[N/A],Enabled,Enabled
1709637268.363962,0,GPU-93ae0c7f-c327-aee3-adae-bc0d1dae71ea,0.36,0.46319817619280246,12282.0,6322.0,551.61,NVIDIA GeForce RTX 4070,[N/A],Enabled,Enabled
1709637269.364012,0,GPU-93ae0c7f-c327-aee3-adae-bc0d1dae71ea,0.38,0.46319817619280246,12282.0,6322.0,551.61,NVIDIA GeForce RTX 4070,[N/A],Enabled,Enabled
1709637270.364735,0,GPU-93ae0c7f-c327-aee3-adae-bc0d1dae71ea,0.36,0.4627096564077512,12282.0,6328.0,551.61,NVIDIA GeForce RTX 4070,[N/A],Enabled,Enabled
1709637271.364052,0,GPU-93ae0c7f-c327-aee3-adae-bc0d1dae71ea,0.39,0.4627096564077512,12282.0,6328.0,551.61,NVIDIA GeForce RTX 4070,[N/A],Enabled,Enabled
1709637272.364617,0,GPU-93ae0c7f-c327-aee3-adae-bc0d1dae71ea,0.38,0.4627096564077512,12282.0,6328.0,551.61,NVIDIA GeForce RTX 4070,[N/A],Enabled,Enabled
1709637273.364012,0,GPU-93ae0c7f-c327-aee3-adae-bc0d1dae71ea,0.39,0.4627096564077512,12282.0,6328.0,551.61,NVIDIA GeForce RTX 4070,[N/A],Enabled,Enabled
1709637274.364523,0,GPU-93ae0c7f-c327-aee3-adae-bc0d1dae71ea,0.34,0.4627096564077512,12282.0,6328.0,551.61,NVIDIA GeForce RTX 4070,[N/A],Enabled,Enabled
1709637275.364647,0,GPU-93ae0c7f-c327-aee3-adae-bc0d1dae71ea,0.38,0.4627096564077512,12282.0,6328.0,551.61,NVIDIA GeForce RTX 4070,[N/A],Enabled,Enabled
1709637276.364085,0,GPU-93ae0c7f-c327-aee3-adae-bc0d1dae71ea,0.36,0.4627096564077512,12282.0,6328.0,551.61,NVIDIA GeForce RTX 4070,[N/A],Enabled,Enabled
1709637277.364404,0,GPU-93ae0c7f-c327-aee3-adae-bc0d1dae71ea,0.39,0.4627096564077512,12282.0,6328.0,551.61,NVIDIA GeForce RTX 4070,[N/A],Enabled,Enabled
1709637278.36404,0,GPU-93ae0c7f-c327-aee3-adae-bc0d1dae71ea,0.36,0.4627096564077512,12282.0,6328.0,551.61,NVIDIA GeForce RTX 4070,[N/A],Enabled,Enabled
1709637279.363812,0,GPU-93ae0c7f-c327-aee3-adae-bc0d1dae71ea,0.4,0.4627096564077512,12282.0,6328.0,551.61,NVIDIA GeForce RTX 4070,[N/A],Enabled,Enabled
1709637280.364733,0,GPU-93ae0c7f-c327-aee3-adae-bc0d1dae71ea,0.37,0.4627096564077512,12282.0,6328.0,551.61,NVIDIA GeForce RTX 4070,[N/A],Enabled,Enabled
1709637281.364611,0,GPU-93ae0c7f-c327-aee3-adae-bc0d1dae71ea,0.41,0.4627096564077512,12282.0,6328.0,551.61,NVIDIA GeForce RTX 4070,[N/A],Enabled,Enabled
1709637282.363821,0,GPU-93ae0c7f-c327-aee3-adae-bc0d1dae71ea,0.33,0.4627096564077512,12282.0,6328.0,551.61,NVIDIA GeForce RTX 4070,[N/A],Enabled,Enabled
1709637283.363951,0,GPU-93ae0c7f-c327-aee3-adae-bc0d1dae71ea,0.39,0.4627096564077512,12282.0,6328.0,551.61,NVIDIA GeForce RTX 4070,[N/A],Enabled,Enabled
1709637284.364505,0,GPU-93ae0c7f-c327-aee3-adae-bc0d1dae71ea,0.38,0.4627096564077512,12282.0,6328.0,551.61,NVIDIA GeForce RTX 4070,[N/A],Enabled,Enabled
1709637285.364543,0,GPU-93ae0c7f-c327-aee3-adae-bc0d1dae71ea,0.36,0.4627096564077512,12282.0,6328.0,551.61,NVIDIA GeForce RTX 4070,[N/A],Enabled,Enabled
1709637286.364149,0,GPU-93ae0c7f-c327-aee3-adae-bc0d1dae71ea,0.38,0.4627096564077512,12282.0,6328.0,551.61,NVIDIA GeForce RTX 4070,[N/A],Enabled,Enabled
1709637287.365063,0,GPU-93ae0c7f-c327-aee3-adae-bc0d1dae71ea,0.38,0.4627096564077512,12282.0,6328.0,551.61,NVIDIA GeForce RTX 4070,[N/A],Enabled,Enabled
1709637288.364502,0,GPU-93ae0c7f-c327-aee3-adae-bc0d1dae71ea,0.38,0.4627096564077512,12282.0,6328.0,551.61,NVIDIA GeForce RTX 4070,[N/A],Enabled,Enabled
1709637289.365226,0,GPU-93ae0c7f-c327-aee3-adae-bc0d1dae71ea,0.4,0.4627096564077512,12282.0,6328.0,551.61,NVIDIA GeForce RTX 4070,[N/A],Enabled,Enabled
1709637290.364634,0,GPU-93ae0c7f-c327-aee3-adae-bc0d1dae71ea,0.37,0.4627096564077512,12282.0,6328.0,551.61,NVIDIA GeForce RTX 4070,[N/A],Enabled,Enabled
1709637291.36386,0,GPU-93ae0c7f-c327-aee3-adae-bc0d1dae71ea,0.4,0.4627096564077512,12282.0,6328.0,551.61,NVIDIA GeForce RTX 4070,[N/A],Enabled,Enabled
1709637292.364083,0,GPU-93ae0c7f-c327-aee3-adae-bc0d1dae71ea,0.36,0.4627096564077512,12282.0,6328.0,551.61,NVIDIA GeForce RTX 4070,[N/A],Enabled,Enabled
1709637293.363859,0,GPU-93ae0c7f-c327-aee3-adae-bc0d1dae71ea,0.35,0.4627096564077512,12282.0,6328.0,551.61,NVIDIA GeForce RTX 4070,[N/A],Enabled,Enabled
1709637294.36463,0,GPU-93ae0c7f-c327-aee3-adae-bc0d1dae71ea,0.36,0.4627096564077512,12282.0,6328.0,551.61,NVIDIA GeForce RTX 4070,[N/A],Enabled,Enabled
1709637295.363629,0,GPU-93ae0c7f-c327-aee3-adae-bc0d1dae71ea,0.37,0.4627096564077512,12282.0,6328.0,551.61,NVIDIA GeForce RTX 4070,[N/A],Enabled,Enabled
1709637296.364126,0,GPU-93ae0c7f-c327-aee3-adae-bc0d1dae71ea,0.36,0.4627096564077512,12282.0,6328.0,551.61,NVIDIA GeForce RTX 4070,[N/A],Enabled,Enabled
1709637297.364477,0,GPU-93ae0c7f-c327-aee3-adae-bc0d1dae71ea,0.36,0.4627096564077512,12282.0,6328.0,551.61,NVIDIA GeForce RTX 4070,[N/A],Enabled,Enabled
1709637298.364245,0,GPU-93ae0c7f-c327-aee3-adae-bc0d1dae71ea,0.37,0.4627096564077512,12282.0,6328.0,551.61,NVIDIA GeForce RTX 4070,[N/A],Enabled,Enabled
1709637299.363744,0,GPU-93ae0c7f-c327-aee3-adae-bc0d1dae71ea,0.39,0.4627096564077512,12282.0,6328.0,551.61,NVIDIA GeForce RTX 4070,[N/A],Enabled,Enabled
1709637300.364681,0,GPU-93ae0c7f-c327-aee3-adae-bc0d1dae71ea,0.37,0.4627096564077512,12282.0,6328.0,551.61,NVIDIA GeForce RTX 4070,[N/A],Enabled,Enabled
1709637301.365414,0,GPU-93ae0c7f-c327-aee3-adae-bc0d1dae71ea,0.39,0.4627096564077512,12282.0,6328.0,551.61,NVIDIA GeForce RTX 4070,[N/A],Enabled,Enabled
1709637302.36437,0,GPU-93ae0c7f-c327-aee3-adae-bc0d1dae71ea,0.36,0.4627096564077512,12282.0,6328.0,551.61,NVIDIA GeForce RTX 4070,[N/A],Enabled,Enabled
1709637303.364318,0,GPU-93ae0c7f-c327-aee3-adae-bc0d1dae71ea,0.39,0.4627096564077512,12282.0,6328.0,551.61,NVIDIA GeForce RTX 4070,[N/A],Enabled,Enabled
1709637304.364384,0,GPU-93ae0c7f-c327-aee3-adae-bc0d1dae71ea,0.36,0.4627096564077512,12282.0,6328.0,551.61,NVIDIA GeForce RTX 4070,[N/A],Enabled,Enabled
1709637305.364725,0,GPU-93ae0c7f-c327-aee3-adae-bc0d1dae71ea,0.41,0.4627096564077512,12282.0,6328.0,551.61,NVIDIA GeForce RTX 4070,[N/A],Enabled,Enabled
1709637306.364935,0,GPU-93ae0c7f-c327-aee3-adae-bc0d1dae71ea,0.33,0.4627096564077512,12282.0,6328.0,551.61,NVIDIA GeForce RTX 4070,[N/A],Enabled,Enabled
1709637307.364447,0,GPU-93ae0c7f-c327-aee3-adae-bc0d1dae71ea,0.37,0.4627096564077512,12282.0,6328.0,551.61,NVIDIA GeForce RTX 4070,[N/A],Enabled,Enabled
1709637308.364281,0,GPU-93ae0c7f-c327-aee3-adae-bc0d1dae71ea,0.35,0.4627096564077512,12282.0,6328.0,551.61,NVIDIA GeForce RTX 4070,[N/A],Enabled,Enabled
1709637309.364856,0,GPU-93ae0c7f-c327-aee3-adae-bc0d1dae71ea,0.36,0.4627096564077512,12282.0,6328.0,551.61,NVIDIA GeForce RTX 4070,[N/A],Enabled,Enabled
1709637310.364389,0,GPU-93ae0c7f-c327-aee3-adae-bc0d1dae71ea,0.35,0.4627096564077512,12282.0,6328.0,551.61,NVIDIA GeForce RTX 4070,[N/A],Enabled,Enabled
1709637311.364365,0,GPU-93ae0c7f-c327-aee3-adae-bc0d1dae71ea,0.38,0.4627096564077512,12282.0,6328.0,551.61,NVIDIA GeForce RTX 4070,[N/A],Enabled,Enabled
1709637312.363725,0,GPU-93ae0c7f-c327-aee3-adae-bc0d1dae71ea,0.38,0.4627096564077512,12282.0,6328.0,551.61,NVIDIA GeForce RTX 4070,[N/A],Enabled,Enabled
1709637313.363971,0,GPU-93ae0c7f-c327-aee3-adae-bc0d1dae71ea,0.37,0.4627096564077512,12282.0,6328.0,551.61,NVIDIA GeForce RTX 4070,[N/A],Enabled,Enabled
1709637314.364543,0,GPU-93ae0c7f-c327-aee3-adae-bc0d1dae71ea,0.36,0.4627096564077512,12282.0,6328.0,551.61,NVIDIA GeForce RTX 4070,[N/A],Enabled,Enabled
1709637315.36432,0,GPU-93ae0c7f-c327-aee3-adae-bc0d1dae71ea,0.37,0.4627096564077512,12282.0,6328.0,551.61,NVIDIA GeForce RTX 4070,[N/A],Enabled,Enabled
1709637316.364119,0,GPU-93ae0c7f-c327-aee3-adae-bc0d1dae71ea,0.36,0.4627096564077512,12282.0,6328.0,551.61,NVIDIA GeForce RTX 4070,[N/A],Enabled,Enabled
1709637317.364524,0,GPU-93ae0c7f-c327-aee3-adae-bc0d1dae71ea,0.38,0.4627096564077512,12282.0,6328.0,551.61,NVIDIA GeForce RTX 4070,[N/A],Enabled,Enabled
1709637318.364645,0,GPU-93ae0c7f-c327-aee3-adae-bc0d1dae71ea,0.34,0.4627096564077512,12282.0,6328.0,551.61,NVIDIA GeForce RTX 4070,[N/A],Enabled,Enabled
1709637319.363767,0,GPU-93ae0c7f-c327-aee3-adae-bc0d1dae71ea,0.36,0.4627096564077512,12282.0,6328.0,551.61,NVIDIA GeForce RTX 4070,[N/A],Enabled,Enabled
1709637320.364467,0,GPU-93ae0c7f-c327-aee3-adae-bc0d1dae71ea,0.35,0.4627096564077512,12282.0,6328.0,551.61,NVIDIA GeForce RTX 4070,[N/A],Enabled,Enabled
1709637321.363861,0,GPU-93ae0c7f-c327-aee3-adae-bc0d1dae71ea,0.38,0.4627096564077512,12282.0,6328.0,551.61,NVIDIA GeForce RTX 4070,[N/A],Enabled,Enabled
1709637322.364114,0,GPU-93ae0c7f-c327-aee3-adae-bc0d1dae71ea,0.37,0.4627096564077512,12282.0,6328.0,551.61,NVIDIA GeForce RTX 4070,[N/A],Enabled,Enabled
1709637323.363839,0,GPU-93ae0c7f-c327-aee3-adae-bc0d1dae71ea,0.36,0.4627096564077512,12282.0,6328.0,551.61,NVIDIA GeForce RTX 4070,[N/A],Enabled,Enabled
1709637324.364742,0,GPU-93ae0c7f-c327-aee3-adae-bc0d1dae71ea,0.36,0.4627096564077512,12282.0,6328.0,551.61,NVIDIA GeForce RTX 4070,[N/A],Enabled,Enabled
1709637325.363812,0,GPU-93ae0c7f-c327-aee3-adae-bc0d1dae71ea,0.38,0.4627096564077512,12282.0,6328.0,551.61,NVIDIA GeForce RTX 4070,[N/A],Enabled,Enabled
1709637326.364537,0,GPU-93ae0c7f-c327-aee3-adae-bc0d1dae71ea,0.37,0.4627096564077512,12282.0,6328.0,551.61,NVIDIA GeForce RTX 4070,[N/A],Enabled,Enabled
1709637327.364836,0,GPU-93ae0c7f-c327-aee3-adae-bc0d1dae71ea,0.38,0.4627096564077512,12282.0,6328.0,551.61,NVIDIA GeForce RTX 4070,[N/A],Enabled,Enabled
1709637328.364578,0,GPU-93ae0c7f-c327-aee3-adae-bc0d1dae71ea,0.36,0.4627096564077512,12282.0,6328.0,551.61,NVIDIA GeForce RTX 4070,[N/A],Enabled,Enabled
1709637329.36474,0,GPU-93ae0c7f-c327-aee3-adae-bc0d1dae71ea,0.38,0.4627096564077512,12282.0,6328.0,551.61,NVIDIA GeForce RTX 4070,[N/A],Enabled,Enabled
1709637330.364,0,GPU-93ae0c7f-c327-aee3-adae-bc0d1dae71ea,0.35,0.4627096564077512,12282.0,6328.0,551.61,NVIDIA GeForce RTX 4070,[N/A],Enabled,Enabled
1709637331.364352,0,GPU-93ae0c7f-c327-aee3-adae-bc0d1dae71ea,0.38,0.4627096564077512,12282.0,6328.0,551.61,NVIDIA GeForce RTX 4070,[N/A],Enabled,Enabled
1709637332.3637,0,GPU-93ae0c7f-c327-aee3-adae-bc0d1dae71ea,0.35,0.4627096564077512,12282.0,6328.0,551.61,NVIDIA GeForce RTX 4070,[N/A],Enabled,Enabled
1709637333.364613,0,GPU-93ae0c7f-c327-aee3-adae-bc0d1dae71ea,0.33,0.4627096564077512,12282.0,6328.0,551.61,NVIDIA GeForce RTX 4070,[N/A],Enabled,Enabled
1709637334.36395,0,GPU-93ae0c7f-c327-aee3-adae-bc0d1dae71ea,0.36,0.4627096564077512,12282.0,6328.0,551.61,NVIDIA GeForce RTX 4070,[N/A],Enabled,Enabled
1709637335.364579,0,GPU-93ae0c7f-c327-aee3-adae-bc0d1dae71ea,0.39,0.4627096564077512,12282.0,6328.0,551.61,NVIDIA GeForce RTX 4070,[N/A],Enabled,Enabled
1709637336.364432,0,GPU-93ae0c7f-c327-aee3-adae-bc0d1dae71ea,0.37,0.4627096564077512,12282.0,6328.0,551.61,NVIDIA GeForce RTX 4070,[N/A],Enabled,Enabled
1709637337.364592,0,GPU-93ae0c7f-c327-aee3-adae-bc0d1dae71ea,0.4,0.4627096564077512,12282.0,6328.0,551.61,NVIDIA GeForce RTX 4070,[N/A],Enabled,Enabled
1709637338.364691,0,GPU-93ae0c7f-c327-aee3-adae-bc0d1dae71ea,0.36,0.4627096564077512,12282.0,6328.0,551.61,NVIDIA GeForce RTX 4070,[N/A],Enabled,Enabled
1709637339.364308,0,GPU-93ae0c7f-c327-aee3-adae-bc0d1dae71ea,0.38,0.4627096564077512,12282.0,6328.0,551.61,NVIDIA GeForce RTX 4070,[N/A],Enabled,Enabled
1709637340.364262,0,GPU-93ae0c7f-c327-aee3-adae-bc0d1dae71ea,0.36,0.4627096564077512,12282.0,6328.0,551.61,NVIDIA GeForce RTX 4070,[N/A],Enabled,Enabled
1709637341.36416,0,GPU-93ae0c7f-c327-aee3-adae-bc0d1dae71ea,0.37,0.4627096564077512,12282.0,6328.0,551.61,NVIDIA GeForce RTX 4070,[N/A],Enabled,Enabled
1709637342.364153,0,GPU-93ae0c7f-c327-aee3-adae-bc0d1dae71ea,0.35,0.4627096564077512,12282.0,6328.0,551.61,NVIDIA GeForce RTX 4070,[N/A],Enabled,Enabled
1709637343.364755,0,GPU-93ae0c7f-c327-aee3-adae-bc0d1dae71ea,0.36,0.4627096564077512,12282.0,6328.0,551.61,NVIDIA GeForce RTX 4070,[N/A],Enabled,Enabled
1709637344.363898,0,GPU-93ae0c7f-c327-aee3-adae-bc0d1dae71ea,0.35,0.4627096564077512,12282.0,6328.0,551.61,NVIDIA GeForce RTX 4070,[N/A],Enabled,Enabled
1709637345.363841,0,GPU-93ae0c7f-c327-aee3-adae-bc0d1dae71ea,0.38,0.4627096564077512,12282.0,6328.0,551.61,NVIDIA GeForce RTX 4070,[N/A],Enabled,Enabled
1709637346.364644,0,GPU-93ae0c7f-c327-aee3-adae-bc0d1dae71ea,0.36,0.4627096564077512,12282.0,6328.0,551.61,NVIDIA GeForce RTX 4070,[N/A],Enabled,Enabled
1709637347.364537,0,GPU-93ae0c7f-c327-aee3-adae-bc0d1dae71ea,0.38,0.4627096564077512,12282.0,6328.0,551.61,NVIDIA GeForce RTX 4070,[N/A],Enabled,Enabled
1709637348.364297,0,GPU-93ae0c7f-c327-aee3-adae-bc0d1dae71ea,0.36,0.4627096564077512,12282.0,6328.0,551.61,NVIDIA GeForce RTX 4070,[N/A],Enabled,Enabled
1709637349.364324,0,GPU-93ae0c7f-c327-aee3-adae-bc0d1dae71ea,0.4,0.4627096564077512,12282.0,6328.0,551.61,NVIDIA GeForce RTX 4070,[N/A],Enabled,Enabled
1709637350.364528,0,GPU-93ae0c7f-c327-aee3-adae-bc0d1dae71ea,0.36,0.4627096564077512,12282.0,6328.0,551.61,NVIDIA GeForce RTX 4070,[N/A],Enabled,Enabled
1709637351.364759,0,GPU-93ae0c7f-c327-aee3-adae-bc0d1dae71ea,0.34,0.4627096564077512,12282.0,6328.0,551.61,NVIDIA GeForce RTX 4070,[N/A],Enabled,Enabled
1709637352.365158,0,GPU-93ae0c7f-c327-aee3-adae-bc0d1dae71ea,0.36,0.4627096564077512,12282.0,6328.0,551.61,NVIDIA GeForce RTX 4070,[N/A],Enabled,Enabled
1709637353.364266,0,GPU-93ae0c7f-c327-aee3-adae-bc0d1dae71ea,0.39,0.4627096564077512,12282.0,6328.0,551.61,NVIDIA GeForce RTX 4070,[N/A],Enabled,Enabled
1709637354.364019,0,GPU-93ae0c7f-c327-aee3-adae-bc0d1dae71ea,0.36,0.4627096564077512,12282.0,6328.0,551.61,NVIDIA GeForce RTX 4070,[N/A],Enabled,Enabled
1709637355.364383,0,GPU-93ae0c7f-c327-aee3-adae-bc0d1dae71ea,0.37,0.4627096564077512,12282.0,6328.0,551.61,NVIDIA GeForce RTX 4070,[N/A],Enabled,Enabled
1709637356.364001,0,GPU-93ae0c7f-c327-aee3-adae-bc0d1dae71ea,0.37,0.4627096564077512,12282.0,6328.0,551.61,NVIDIA GeForce RTX 4070,[N/A],Enabled,Enabled
1709637357.364087,0,GPU-93ae0c7f-c327-aee3-adae-bc0d1dae71ea,0.37,0.4627096564077512,12282.0,6328.0,551.61,NVIDIA GeForce RTX 4070,[N/A],Enabled,Enabled
1709637358.364566,0,GPU-93ae0c7f-c327-aee3-adae-bc0d1dae71ea,0.38,0.4627096564077512,12282.0,6328.0,551.61,NVIDIA GeForce RTX 4070,[N/A],Enabled,Enabled
1709637359.364194,0,GPU-93ae0c7f-c327-aee3-adae-bc0d1dae71ea,0.36,0.4627096564077512,12282.0,6328.0,551.61,NVIDIA GeForce RTX 4070,[N/A],Enabled,Enabled
1709637360.364285,0,GPU-93ae0c7f-c327-aee3-adae-bc0d1dae71ea,0.38,0.4627096564077512,12282.0,6328.0,551.61,NVIDIA GeForce RTX 4070,[N/A],Enabled,Enabled
1709637361.364652,0,GPU-93ae0c7f-c327-aee3-adae-bc0d1dae71ea,0.39,0.4627096564077512,12282.0,6328.0,551.61,NVIDIA GeForce RTX 4070,[N/A],Enabled,Enabled
1709637362.363815,0,GPU-93ae0c7f-c327-aee3-adae-bc0d1dae71ea,0.35,0.4627096564077512,12282.0,6328.0,551.61,NVIDIA GeForce RTX 4070,[N/A],Enabled,Enabled
1709637363.364639,0,GPU-93ae0c7f-c327-aee3-adae-bc0d1dae71ea,0.36,0.4627096564077512,12282.0,6328.0,551.61,NVIDIA GeForce RTX 4070,[N/A],Enabled,Enabled
1709637364.365358,0,GPU-93ae0c7f-c327-aee3-adae-bc0d1dae71ea,0.38,0.4627096564077512,12282.0,6328.0,551.61,NVIDIA GeForce RTX 4070,[N/A],Enabled,Enabled
1709637365.36462,0,GPU-93ae0c7f-c327-aee3-adae-bc0d1dae71ea,0.41,0.4627096564077512,12282.0,6328.0,551.61,NVIDIA GeForce RTX 4070,[N/A],Enabled,Enabled
1709637366.364444,0,GPU-93ae0c7f-c327-aee3-adae-bc0d1dae71ea,0.37,0.4627096564077512,12282.0,6328.0,551.61,NVIDIA GeForce RTX 4070,[N/A],Enabled,Enabled
1709637367.364142,0,GPU-93ae0c7f-c327-aee3-adae-bc0d1dae71ea,0.4,0.4627096564077512,12282.0,6328.0,551.61,NVIDIA GeForce RTX 4070,[N/A],Enabled,Enabled
1709637368.364632,0,GPU-93ae0c7f-c327-aee3-adae-bc0d1dae71ea,0.38,0.4627096564077512,12282.0,6328.0,551.61,NVIDIA GeForce RTX 4070,[N/A],Enabled,Enabled
1709637369.364283,0,GPU-93ae0c7f-c327-aee3-adae-bc0d1dae71ea,0.41,0.4627096564077512,12282.0,6328.0,551.61,NVIDIA GeForce RTX 4070,[N/A],Enabled,Enabled
1709637370.363969,0,GPU-93ae0c7f-c327-aee3-adae-bc0d1dae71ea,0.4,0.4627096564077512,12282.0,6328.0,551.61,NVIDIA GeForce RTX 4070,[N/A],Enabled,Enabled
1709637371.364085,0,GPU-93ae0c7f-c327-aee3-adae-bc0d1dae71ea,0.41,0.4627096564077512,12282.0,6328.0,551.61,NVIDIA GeForce RTX 4070,[N/A],Enabled,Enabled
1709637372.364017,0,GPU-93ae0c7f-c327-aee3-adae-bc0d1dae71ea,0.38,0.4627096564077512,12282.0,6328.0,551.61,NVIDIA GeForce RTX 4070,[N/A],Enabled,Enabled
1709637373.364344,0,GPU-93ae0c7f-c327-aee3-adae-bc0d1dae71ea,0.38,0.4627096564077512,12282.0,6328.0,551.61,NVIDIA GeForce RTX 4070,[N/A],Enabled,Enabled
1709637374.364664,0,GPU-93ae0c7f-c327-aee3-adae-bc0d1dae71ea,0.37,0.4627096564077512,12282.0,6328.0,551.61,NVIDIA GeForce RTX 4070,[N/A],Enabled,Enabled
1709637375.3646,0,GPU-93ae0c7f-c327-aee3-adae-bc0d1dae71ea,0.4,0.4627096564077512,12282.0,6328.0,551.61,NVIDIA GeForce RTX 4070,[N/A],Enabled,Enabled
1709637376.364161,0,GPU-93ae0c7f-c327-aee3-adae-bc0d1dae71ea,0.3,0.4627096564077512,12282.0,6328.0,551.61,NVIDIA GeForce RTX 4070,[N/A],Enabled,Enabled
1709637377.36447,0,GPU-93ae0c7f-c327-aee3-adae-bc0d1dae71ea,0.43,0.4627096564077512,12282.0,6328.0,551.61,NVIDIA GeForce RTX 4070,[N/A],Enabled,Enabled
1709637378.364147,0,GPU-93ae0c7f-c327-aee3-adae-bc0d1dae71ea,0.38,0.4627096564077512,12282.0,6328.0,551.61,NVIDIA GeForce RTX 4070,[N/A],Enabled,Enabled
1709637379.364032,0,GPU-93ae0c7f-c327-aee3-adae-bc0d1dae71ea,0.41,0.4627096564077512,12282.0,6328.0,551.61,NVIDIA GeForce RTX 4070,[N/A],Enabled,Enabled
1709637380.364412,0,GPU-93ae0c7f-c327-aee3-adae-bc0d1dae71ea,0.38,0.4627096564077512,12282.0,6328.0,551.61,NVIDIA GeForce RTX 4070,[N/A],Enabled,Enabled
1709637381.364683,0,GPU-93ae0c7f-c327-aee3-adae-bc0d1dae71ea,0.35,0.4627096564077512,12282.0,6328.0,551.61,NVIDIA GeForce RTX 4070,[N/A],Enabled,Enabled
1709637382.364258,0,GPU-93ae0c7f-c327-aee3-adae-bc0d1dae71ea,0.38,0.4627096564077512,12282.0,6328.0,551.61,NVIDIA GeForce RTX 4070,[N/A],Enabled,Enabled
1709637383.364588,0,GPU-93ae0c7f-c327-aee3-adae-bc0d1dae71ea,0.41,0.4627096564077512,12282.0,6328.0,551.61,NVIDIA GeForce RTX 4070,[N/A],Enabled,Enabled
1709637384.364364,0,GPU-93ae0c7f-c327-aee3-adae-bc0d1dae71ea,0.37,0.4627096564077512,12282.0,6328.0,551.61,NVIDIA GeForce RTX 4070,[N/A],Enabled,Enabled
1709637385.364927,0,GPU-93ae0c7f-c327-aee3-adae-bc0d1dae71ea,0.36,0.4627096564077512,12282.0,6328.0,551.61,NVIDIA GeForce RTX 4070,[N/A],Enabled,Enabled
1709637386.363653,0,GPU-93ae0c7f-c327-aee3-adae-bc0d1dae71ea,0.38,0.4627096564077512,12282.0,6328.0,551.61,NVIDIA GeForce RTX 4070,[N/A],Enabled,Enabled
1709637387.363807,0,GPU-93ae0c7f-c327-aee3-adae-bc0d1dae71ea,0.39,0.4627096564077512,12282.0,6328.0,551.61,NVIDIA GeForce RTX 4070,[N/A],Enabled,Enabled
1709637388.364379,0,GPU-93ae0c7f-c327-aee3-adae-bc0d1dae71ea,0.32,0.4627096564077512,12282.0,6328.0,551.61,NVIDIA GeForce RTX 4070,[N/A],Enabled,Enabled
1709637389.364499,0,GPU-93ae0c7f-c327-aee3-adae-bc0d1dae71ea,0.3,0.459615697769093,12282.0,6366.0,551.61,NVIDIA GeForce RTX 4070,[N/A],Enabled,Enabled
1709637390.364874,0,GPU-93ae0c7f-c327-aee3-adae-bc0d1dae71ea,0.31,0.459615697769093,12282.0,6366.0,551.61,NVIDIA GeForce RTX 4070,[N/A],Enabled,Enabled
1709637391.364177,0,GPU-93ae0c7f-c327-aee3-adae-bc0d1dae71ea,0.31,0.459615697769093,12282.0,6366.0,551.61,NVIDIA GeForce RTX 4070,[N/A],Enabled,Enabled
1709637392.363988,0,GPU-93ae0c7f-c327-aee3-adae-bc0d1dae71ea,0.28,0.4548933398469305,12282.0,6424.0,551.61,NVIDIA GeForce RTX 4070,[N/A],Enabled,Enabled
1709637393.364286,0,GPU-93ae0c7f-c327-aee3-adae-bc0d1dae71ea,0.27,0.4548933398469305,12282.0,6424.0,551.61,NVIDIA GeForce RTX 4070,[N/A],Enabled,Enabled
1709637394.364501,0,GPU-93ae0c7f-c327-aee3-adae-bc0d1dae71ea,0.25,0.4548933398469305,12282.0,6424.0,551.61,NVIDIA GeForce RTX 4070,[N/A],Enabled,Enabled
1709637395.365151,0,GPU-93ae0c7f-c327-aee3-adae-bc0d1dae71ea,0.25,0.4548933398469305,12282.0,6424.0,551.61,NVIDIA GeForce RTX 4070,[N/A],Enabled,Enabled
1709637396.364457,0,GPU-93ae0c7f-c327-aee3-adae-bc0d1dae71ea,0.25,0.4548933398469305,12282.0,6424.0,551.61,NVIDIA GeForce RTX 4070,[N/A],Enabled,Enabled
1709637397.36419,0,GPU-93ae0c7f-c327-aee3-adae-bc0d1dae71ea,0.26,0.4548933398469305,12282.0,6424.0,551.61,NVIDIA GeForce RTX 4070,[N/A],Enabled,Enabled
1709637398.364491,0,GPU-93ae0c7f-c327-aee3-adae-bc0d1dae71ea,0.27,0.4548933398469305,12282.0,6424.0,551.61,NVIDIA GeForce RTX 4070,[N/A],Enabled,Enabled
1709637399.363931,0,GPU-93ae0c7f-c327-aee3-adae-bc0d1dae71ea,0.26,0.4548933398469305,12282.0,6424.0,551.61,NVIDIA GeForce RTX 4070,[N/A],Enabled,Enabled
1709637400.364665,0,GPU-93ae0c7f-c327-aee3-adae-bc0d1dae71ea,0.27,0.4548933398469305,12282.0,6424.0,551.61,NVIDIA GeForce RTX 4070,[N/A],Enabled,Enabled
1709637401.363996,0,GPU-93ae0c7f-c327-aee3-adae-bc0d1dae71ea,0.27,0.4548933398469305,12282.0,6424.0,551.61,NVIDIA GeForce RTX 4070,[N/A],Enabled,Enabled
1709637402.364,0,GPU-93ae0c7f-c327-aee3-adae-bc0d1dae71ea,0.27,0.4548933398469305,12282.0,6424.0,551.61,NVIDIA GeForce RTX 4070,[N/A],Enabled,Enabled
1709637403.364564,0,GPU-93ae0c7f-c327-aee3-adae-bc0d1dae71ea,0.26,0.4548933398469305,12282.0,6424.0,551.61,NVIDIA GeForce RTX 4070,[N/A],Enabled,Enabled
1709637404.363992,0,GPU-93ae0c7f-c327-aee3-adae-bc0d1dae71ea,0.27,0.4548933398469305,12282.0,6424.0,551.61,NVIDIA GeForce RTX 4070,[N/A],Enabled,Enabled
1709637405.364628,0,GPU-93ae0c7f-c327-aee3-adae-bc0d1dae71ea,0.26,0.4548933398469305,12282.0,6424.0,551.61,NVIDIA GeForce RTX 4070,[N/A],Enabled,Enabled
1709637406.364424,0,GPU-93ae0c7f-c327-aee3-adae-bc0d1dae71ea,0.27,0.4548933398469305,12282.0,6424.0,551.61,NVIDIA GeForce RTX 4070,[N/A],Enabled,Enabled
1709637407.364604,0,GPU-93ae0c7f-c327-aee3-adae-bc0d1dae71ea,0.26,0.4548933398469305,12282.0,6424.0,551.61,NVIDIA GeForce RTX 4070,[N/A],Enabled,Enabled
1709637408.364064,0,GPU-93ae0c7f-c327-aee3-adae-bc0d1dae71ea,0.27,0.4548933398469305,12282.0,6424.0,551.61,NVIDIA GeForce RTX 4070,[N/A],Enabled,Enabled
1709637409.364309,0,GPU-93ae0c7f-c327-aee3-adae-bc0d1dae71ea,0.26,0.4548933398469305,12282.0,6424.0,551.61,NVIDIA GeForce RTX 4070,[N/A],Enabled,Enabled
1709637410.364506,0,GPU-93ae0c7f-c327-aee3-adae-bc0d1dae71ea,0.27,0.4548933398469305,12282.0,6424.0,551.61,NVIDIA GeForce RTX 4070,[N/A],Enabled,Enabled
1709637411.36439,0,GPU-93ae0c7f-c327-aee3-adae-bc0d1dae71ea,0.27,0.4548933398469305,12282.0,6424.0,551.61,NVIDIA GeForce RTX 4070,[N/A],Enabled,Enabled
1709637412.364023,0,GPU-93ae0c7f-c327-aee3-adae-bc0d1dae71ea,0.13,0.2540302882266732,12282.0,8891.0,551.61,NVIDIA GeForce RTX 4070,[N/A],Enabled,Enabled
1709637413.364222,0,GPU-93ae0c7f-c327-aee3-adae-bc0d1dae71ea,0.14,0.2540302882266732,12282.0,8891.0,551.61,NVIDIA GeForce RTX 4070,[N/A],Enabled,Enabled
1709637414.364844,0,GPU-93ae0c7f-c327-aee3-adae-bc0d1dae71ea,0.14,0.25378602833414754,12282.0,8894.0,551.61,NVIDIA GeForce RTX 4070,[N/A],Enabled,Enabled
