timestamp,net.bytes_sent.Bluetooth Network Connection,net.bytes_recv.Bluetooth Network Connection,net.packets_sent.Bluetooth Network Connection,net.packets_recv.Bluetooth Network Connection,net.errin.Bluetooth Network Connection,net.errout.Bluetooth Network Connection,net.dropin.Bluetooth Network Connection,net.dropout.Bluetooth Network Connection,net.bytes_sent.Ethernet,net.bytes_recv.Ethernet,net.packets_sent.Ethernet,net.packets_recv.Ethernet,net.errin.Ethernet,net.errout.Ethernet,net.dropin.Ethernet,net.dropout.Ethernet,net.bytes_sent.Local Area Connection* 10,net.bytes_recv.Local Area Connection* 10,net.packets_sent.Local Area Connection* 10,net.packets_recv.Local Area Connection* 10,net.errin.Local Area Connection* 10,net.errout.Local Area Connection* 10,net.dropin.Local Area Connection* 10,net.dropout.Local Area Connection* 10,net.bytes_sent.Local Area Connection* 9,net.bytes_recv.Local Area Connection* 9,net.packets_sent.Local Area Connection* 9,net.packets_recv.Local Area Connection* 9,net.errin.Local Area Connection* 9,net.errout.Local Area Connection* 9,net.dropin.Local Area Connection* 9,net.dropout.Local Area Connection* 9,net.bytes_sent.Loopback Pseudo-Interface 1,net.bytes_recv.Loopback Pseudo-Interface 1,net.packets_sent.Loopback Pseudo-Interface 1,net.packets_recv.Loopback Pseudo-Interface 1,net.errin.Loopback Pseudo-Interface 1,net.errout.Loopback Pseudo-Interface 1,net.dropin.Loopback Pseudo-Interface 1,net.dropout.Loopback Pseudo-Interface 1,net.bytes_sent.Wi-Fi,net.bytes_recv.Wi-Fi,net.packets_sent.Wi-Fi,net.packets_recv.Wi-Fi,net.errin.Wi-Fi,net.errout.Wi-Fi,net.dropin.Wi-Fi,net.dropout.Wi-Fi,disk.read_count.PhysicalDrive0,disk.read_bytes.PhysicalDrive0,disk.write_count.PhysicalDrive0,disk.write_bytes.PhysicalDrive0,cpu.dpc,cpu.idle,cpu.interrupt,cpu.system,cpu.user,cpu.percent,cpu.freq.current,cpu.freq.min,cpu.freq.max,cpu.ctx_switches,cpu.interrupts,cpu.soft_interrupts,cpu.syscalls
1702739502048.4663,0,0,0,0,0,0,0,0,0,0,0,0,0,0,0,0,0,0,0,0,0,0,0,0,0,0,0,0,0,0,0,0,0,0,0,0,0,0,0,0,2830410676,506287293,1239877,1013621,0,0,0,0,205480,8372514816,53739,1258156544,23.390625,11003.406249999998,12.0,137.28125,97.96875,2.8,4701.0,0.0,4701.0,49633698,28196080,0,192636277
1702739503035.1782,0,0,0,0,0,0,0,0,0,0,0,0,0,0,0,0,0,0,0,0,0,0,0,0,0,0,0,0,0,0,0,0,0,0,0,0,0,0,0,0,2832301501,507102377,1241664,1014993,0,0,0,0,205485,8372809728,53767,1259237888,23.390625,11015.078124999998,12.015625,137.375,98.015625,1.3,4701.0,0.0,4701.0,49682062,28224617,0,192822155
1702739504047.5283,0,0,0,0,0,0,0,0,0,0,0,0,0,0,0,0,0,0,0,0,0,0,0,0,0,0,0,0,0,0,0,0,0,0,0,0,0,0,0,0,2834239731,507789965,1243513,1016447,0,0,0,0,205490,8373116928,53814,1260913152,23.421875,11027.140624999998,12.015625,137.5,98.015625,1.3,4701.0,0.0,4701.0,49730015,28253083,0,192952531
1702739505044.3584,0,0,0,0,0,0,0,0,0,0,0,0,0,0,0,0,0,0,0,0,0,0,0,0,0,0,0,0,0,0,0,0,0,0,0,0,0,0,0,0,2836512161,508454986,1245539,1017871,0,0,0,0,205490,8373116928,53817,1260925440,23.4375,11038.984374999998,12.015625,137.625,98.03125,1.3,4701.0,0.0,4701.0,49777750,28281479,0,193135417
1702739506035.9497,0,0,0,0,0,0,0,0,0,0,0,0,0,0,0,0,0,0,0,0,0,0,0,0,0,0,0,0,0,0,0,0,0,0,0,0,0,0,0,0,2838596742,509115624,1247480,1019265,0,0,0,0,205491,8373198848,53844,1261568512,23.453125,11050.718749999998,12.03125,137.6875,98.0625,1.1,4701.0,0.0,4701.0,49820407,28307329,0,193251962
1702739507040.374,0,0,0,0,0,0,0,0,0,0,0,0,0,0,0,0,0,0,0,0,0,0,0,0,0,0,0,0,0,0,0,0,0,0,0,0,0,0,0,0,2841031504,509778612,1249652,1020717,0,0,0,0,205492,8373231616,53866,1262043648,23.46875,11062.468749999998,12.046875,137.84375,98.15625,2.3,4701.0,0.0,4701.0,49866947,28335065,0,193425070
1702739508046.3938,0,0,0,0,0,0,0,0,0,0,0,0,0,0,0,0,0,0,0,0,0,0,0,0,0,0,0,0,0,0,0,0,0,0,0,0,0,0,0,0,2843281149,510490377,1251860,1022176,0,0,0,0,205493,8373280768,53885,1262395904,23.484375,11074.499999999998,12.0625,137.9375,98.21875,1.5,4701.0,0.0,4701.0,49913042,28362608,0,193561879
1702739509042.2568,0,0,0,0,0,0,0,0,0,0,0,0,0,0,0,0,0,0,0,0,0,0,0,0,0,0,0,0,0,0,0,0,0,0,0,0,0,0,0,0,2845521885,511160858,1253997,1023464,0,0,0,0,205493,8373280768,53885,1262395904,23.515625,11086.156249999998,12.078125,138.03125,98.28125,1.7,4701.0,0.0,4701.0,49959221,28390273,0,193732675
1702739510046.4978,0,0,0,0,0,0,0,0,0,0,0,0,0,0,0,0,0,0,0,0,0,0,0,0,0,0,0,0,0,0,0,0,0,0,0,0,0,0,0,0,2847599956,511839491,1256080,1024919,0,0,0,0,205495,8373395456,53912,1263059456,23.546875,11098.156249999998,12.125,138.140625,98.34375,2.0,4701.0,0.0,4701.0,50002838,28416849,0,193834707
1702739511033.2922,0,0,0,0,0,0,0,0,0,0,0,0,0,0,0,0,0,0,0,0,0,0,0,0,0,0,0,0,0,0,0,0,0,0,0,0,0,0,0,0,2849173995,512496360,1257722,1026188,0,0,0,0,205496,8373411840,53934,1263358464,23.578125,11109.843749999998,12.125,138.25,98.375,1.5,4701.0,0.0,4701.0,50045317,28442416,0,193999839
1702739512048.2258,0,0,0,0,0,0,0,0,0,0,0,0,0,0,0,0,0,0,0,0,0,0,0,0,0,0,0,0,0,0,0,0,0,0,0,0,0,0,0,0,2851739140,513201631,1259968,1027699,0,0,0,0,205499,8373542912,53966,1264038400,23.609375,11121.828124999998,12.15625,138.4375,98.390625,2.2,4701.0,0.0,4701.0,50093902,28471352,0,194145337
1702739513043.3943,0,0,0,0,0,0,0,0,0,0,0,0,0,0,0,0,0,0,0,0,0,0,0,0,0,0,0,0,0,0,0,0,0,0,0,0,0,0,0,0,2853974154,513838381,1262066,1029061,0,0,0,0,205499,8373542912,53966,1264038400,23.609375,11133.546874999998,12.15625,138.515625,98.40625,0.8,4701.0,0.0,4701.0,50136435,28497287,0,194302085
1702739514045.954,0,0,0,0,0,0,0,0,0,0,0,0,0,0,0,0,0,0,0,0,0,0,0,0,0,0,0,0,0,0,0,0,0,0,0,0,0,0,0,0,2855999742,514550467,1264106,1030407,0,0,0,0,205500,8373624832,53985,1264751104,23.609375,11145.624999999998,12.1875,138.609375,98.421875,1.2,4701.0,0.0,4701.0,50182462,28524796,0,194440706
1702739515043.0137,0,0,0,0,0,0,0,0,0,0,0,0,0,0,0,0,0,0,0,0,0,0,0,0,0,0,0,0,0,0,0,0,0,0,0,0,0,0,0,0,2858174276,515243720,1266371,1031985,0,0,0,0,205501,8373690368,54018,1265254912,23.640625,11157.281249999998,12.1875,138.703125,98.484375,1.6,4701.0,0.0,4701.0,50236727,28556559,0,194652172
1702739516044.2932,0,0,0,0,0,0,0,0,0,0,0,0,0,0,0,0,0,0,0,0,0,0,0,0,0,0,0,0,0,0,0,0,0,0,0,0,0,0,0,0,2859628465,515912620,1267868,1033140,0,0,0,0,205501,8373690368,54018,1265254912,23.65625,11169.328124999998,12.21875,138.796875,98.515625,1.4,4701.0,0.0,4701.0,50280372,28582559,0,194777794
1702739517034.0984,0,0,0,0,0,0,0,0,0,0,0,0,0,0,0,0,0,0,0,0,0,0,0,0,0,0,0,0,0,0,0,0,0,0,0,0,0,0,0,0,2861342543,516587016,1269489,1034390,0,0,0,0,205508,8373785088,54054,1266058240,23.6875,11180.671874999998,12.265625,139.015625,98.765625,4.6,4701.0,0.0,4701.0,50357978,28625034,0,195123592
1702739518044.276,0,0,0,0,0,0,0,0,0,0,0,0,0,0,0,0,0,0,0,0,0,0,0,0,0,0,0,0,0,0,0,0,0,0,0,0,0,0,0,0,2863881256,517334780,1271800,1035889,0,0,0,0,205511,8373858816,54150,1267278848,23.734375,11192.499999999998,12.296875,139.21875,98.90625,3.4,4701.0,0.0,4701.0,50427024,28663569,0,195433394
1702739519035.0464,0,0,0,0,0,0,0,0,0,0,0,0,0,0,0,0,0,0,0,0,0,0,0,0,0,0,0,0,0,0,0,0,0,0,0,0,0,0,0,0,2865729657,518025972,1273826,1037296,0,0,0,0,205516,8373989888,54242,1268405248,23.78125,11203.968749999998,12.328125,139.375,99.125,3.8,4701.0,0.0,4701.0,50502740,28706887,0,195736637
1702739520051.2358,0,0,0,0,0,0,0,0,0,0,0,0,0,0,0,0,0,0,0,0,0,0,0,0,0,0,0,0,0,0,0,0,0,0,0,0,0,0,0,0,2866545254,518738155,1275515,1038790,0,0,0,0,205516,8373989888,54243,1268536320,23.796875,11215.937499999998,12.421875,139.515625,99.203125,2.7,4701.0,0.0,4701.0,50555254,28737739,0,195862754
1702739521041.2654,0,0,0,0,0,0,0,0,0,0,0,0,0,0,0,0,0,0,0,0,0,0,0,0,0,0,0,0,0,0,0,0,0,0,0,0,0,0,0,0,2867258387,519110703,1276956,1039893,0,0,0,0,205519,8374039040,54314,1270768640,23.828125,11227.562499999998,12.421875,139.609375,99.296875,1.8,4701.0,0.0,4701.0,50603649,28766077,0,196051014
1702739522045.773,0,0,0,0,0,0,0,0,0,0,0,0,0,0,0,0,0,0,0,0,0,0,0,0,0,0,0,0,0,0,0,0,0,0,0,0,0,0,0,0,2868057791,520091424,1278718,1041293,0,0,0,0,205520,8374071808,54350,1271284736,23.84375,11239.578124999998,12.453125,139.75,99.328125,1.8,4701.0,0.0,4701.0,50657130,28796603,0,196171381
1702739523034.841,0,0,0,0,0,0,0,0,0,0,0,0,0,0,0,0,0,0,0,0,0,0,0,0,0,0,0,0,0,0,0,0,0,0,0,0,0,0,0,0,2868948303,520770639,1280446,1042681,0,0,0,0,205521,8374088192,54386,1271645184,23.84375,11250.999999999998,12.484375,139.875,99.59375,3.6,4701.0,0.0,4701.0,50711753,28829770,0,196397017
1702739524044.2942,0,0,0,0,0,0,0,0,0,0,0,0,0,0,0,0,0,0,0,0,0,0,0,0,0,0,0,0,0,0,0,0,0,0,0,0,0,0,0,0,2870127841,521484081,1282356,1044301,0,0,0,0,205522,8374104576,54397,1271931904,23.890625,11262.734374999998,12.484375,140.0625,99.84375,4.0,4701.0,0.0,4701.0,50780895,28867732,0,196621848
1702739525033.2583,0,0,0,0,0,0,0,0,0,0,0,0,0,0,0,0,0,0,0,0,0,0,0,0,0,0,0,0,0,0,0,0,0,0,0,0,0,0,0,0,2871511456,522172874,1284007,1045634,0,0,0,0,205523,8374137344,54445,1272456192,23.921875,11274.421874999998,12.484375,140.1875,99.859375,1.5,4701.0,0.0,4701.0,50842539,28901902,0,196854552
1702739526055.1377,0,0,0,0,0,0,0,0,0,0,0,0,0,0,0,0,0,0,0,0,0,0,0,0,0,0,0,0,0,0,0,0,0,0,0,0,0,0,0,0,2873866945,522889139,1286026,1046976,0,0,0,0,205527,8374776320,54482,1274446848,23.96875,11286.499999999998,12.484375,140.234375,99.921875,1.3,4701.0,0.0,4701.0,50905324,28936652,0,197004084
1702739527041.2952,0,0,0,0,0,0,0,0,0,0,0,0,0,0,0,0,0,0,0,0,0,0,0,0,0,0,0,0,0,0,0,0,0,0,0,0,0,0,0,0,2875344470,523504873,1287797,1048160,0,0,0,0,205528,8374809088,54511,1274807296,23.984375,11298.140624999998,12.53125,140.390625,99.9375,2.0,4701.0,0.0,4701.0,50966303,28970223,0,197217132
1702739528044.0183,0,0,0,0,0,0,0,0,0,0,0,0,0,0,0,0,0,0,0,0,0,0,0,0,0,0,0,0,0,0,0,0,0,0,0,0,0,0,0,0,2875890922,524229973,1288462,1048862,0,0,0,0,205528,8374809088,54514,1274893312,24.0,11310.031249999998,12.53125,140.46875,100.15625,2.6,4701.0,0.0,4701.0,51024267,29001741,0,197361875
1702739529036.7993,0,0,0,0,0,0,0,0,0,0,0,0,0,0,0,0,0,0,0,0,0,0,0,0,0,0,0,0,0,0,0,0,0,0,0,0,0,0,0,0,2878439999,524930459,1290661,1050289,0,0,0,0,205532,8374956544,54556,1275511808,24.03125,11321.671874999998,12.546875,140.578125,100.21875,1.8,4701.0,0.0,4701.0,51089016,29037432,0,197585004
1702739530041.0037,0,0,0,0,0,0,0,0,0,0,0,0,0,0,0,0,0,0,0,0,0,0,0,0,0,0,0,0,0,0,0,0,0,0,0,0,0,0,0,0,2880237017,525622331,1292364,1051560,0,0,0,0,205534,8375005696,54585,1276048384,24.046875,11333.593749999998,12.546875,140.625,100.25,0.8,4701.0,0.0,4701.0,51145935,29069689,0,197727850
1702739531034.0361,0,0,0,0,0,0,0,0,0,0,0,0,0,0,0,0,0,0,0,0,0,0,0,0,0,0,0,0,0,0,0,0,0,0,0,0,0,0,0,0,2880904202,526294149,1293422,1052843,0,0,0,0,205535,8375038464,54591,1276179456,24.078125,11345.359374999998,12.5625,140.796875,100.3125,2.3,4701.0,0.0,4701.0,51192112,29096927,0,197903268
1702739532051.3572,0,0,0,0,0,0,0,0,0,0,0,0,0,0,0,0,0,0,0,0,0,0,0,0,0,0,0,0,0,0,0,0,0,0,0,0,0,0,0,0,2882974817,526998435,1295351,1054356,0,0,0,0,205543,8375316992,54630,1276888064,24.078125,11357.437499999998,12.5625,140.875,100.34375,0.9,4701.0,0.0,4701.0,51240586,29125472,0,198030980
1702739533035.28,0,0,0,0,0,0,0,0,0,0,0,0,0,0,0,0,0,0,0,0,0,0,0,0,0,0,0,0,0,0,0,0,0,0,0,0,0,0,0,0,2884655850,527664993,1296896,1055574,0,0,0,0,205547,8375546368,54668,1277662208,24.125,11368.999999999998,12.609375,141.078125,100.390625,2.9,4701.0,0.0,4701.0,51288133,29153141,0,198207034
1702739534052.035,0,0,0,0,0,0,0,0,0,0,0,0,0,0,0,0,0,0,0,0,0,0,0,0,0,0,0,0,0,0,0,0,0,0,0,0,0,0,0,0,2886341326,528362345,1298561,1056958,0,0,0,0,205553,8375808512,54715,1278452736,24.15625,11381.062499999998,12.609375,141.171875,100.421875,1.3,4701.0,0.0,4701.0,51335275,29180760,0,198329300
1702739535038.2498,0,0,0,0,0,0,0,0,0,0,0,0,0,0,0,0,0,0,0,0,0,0,0,0,0,0,0,0,0,0,0,0,0,0,0,0,0,0,0,0,2888796294,529033671,1300695,1058382,0,0,0,0,205553,8375808512,54715,1278452736,24.171875,11392.749999999998,12.609375,141.296875,100.421875,1.2,4701.0,0.0,4701.0,51392765,29213560,0,198529694
1702739536042.5679,0,0,0,0,0,0,0,0,0,0,0,0,0,0,0,0,0,0,0,0,0,0,0,0,0,0,0,0,0,0,0,0,0,0,0,0,0,0,0,0,2890749340,529523080,1302366,1059460,0,0,0,0,205558,8375939584,54755,1279013888,24.1875,11404.687499999998,12.625,141.359375,100.421875,0.9,4701.0,0.0,4701.0,51435952,29238983,0,198644764
1702739537032.176,0,0,0,0,0,0,0,0,0,0,0,0,0,0,0,0,0,0,0,0,0,0,0,0,0,0,0,0,0,0,0,0,0,0,0,0,0,0,0,0,2892402320,530368042,1303956,1060538,0,0,0,0,205562,8376037888,54790,1279529984,24.234375,11416.515624999998,12.640625,141.484375,100.46875,1.8,4701.0,0.0,4701.0,51491484,29269990,0,198870001
1702739538049.737,0,0,0,0,0,0,0,0,0,0,0,0,0,0,0,0,0,0,0,0,0,0,0,0,0,0,0,0,0,0,0,0,0,0,0,0,0,0,0,0,2893831651,531076913,1305735,1061827,0,0,0,0,205568,8376185344,54823,1280066560,24.296875,11428.499999999998,12.671875,141.625,100.53125,2.4,4701.0,0.0,4701.0,51563130,29309091,0,199069808
1702739539044.2578,0,0,0,0,0,0,0,0,0,0,0,0,0,0,0,0,0,0,0,0,0,0,0,0,0,0,0,0,0,0,0,0,0,0,0,0,0,0,0,0,2896279028,531764207,1307889,1063223,0,0,0,0,205568,8376185344,54823,1280066560,24.3125,11440.328124999998,12.671875,141.71875,100.59375,1.4,4701.0,0.0,4701.0,51624741,29343730,0,199284674
1702739540044.3306,0,0,0,0,0,0,0,0,0,0,0,0,0,0,0,0,0,0,0,0,0,0,0,0,0,0,0,0,0,0,0,0,0,0,0,0,0,0,0,0,2898164439,532452093,1309650,1064560,0,0,0,0,205570,8376316416,54843,1280623616,24.328125,11452.234374999998,12.6875,141.796875,100.609375,1.0,4701.0,0.0,4701.0,51678483,29374473,0,199407946
1702739541045.5134,0,0,0,0,0,0,0,0,0,0,0,0,0,0,0,0,0,0,0,0,0,0,0,0,0,0,0,0,0,0,0,0,0,0,0,0,0,0,0,0,2900669857,533130811,1311928,1065997,0,0,0,0,205572,8376381952,54864,1281065984,24.34375,11464.031249999998,12.75,141.95312500000182,100.65625,2.3,4701.0,0.0,4701.0,51746063,29411178,0,199614783
1702739542044.656,0,0,0,0,0,0,0,0,0,0,0,0,0,0,0,0,0,0,0,0,0,0,0,0,0,0,0,0,0,0,0,0,0,0,0,0,0,0,0,0,2902960205,533898703,1314443,1067489,0,0,0,0,205574,8376480256,54882,1281434624,24.375,11475.937499999998,12.75,142.03125000000182,100.6875,1.2,4701.0,0.0,4701.0,51822235,29452229,0,199796201
1702739543037.4922,0,0,0,0,0,0,0,0,0,0,0,0,0,0,0,0,0,0,0,0,0,0,0,0,0,0,0,0,0,0,0,0,0,0,0,0,0,0,0,0,2904728022,534571587,1316240,1068912,0,0,0,0,205574,8376480256,54884,1281442816,24.40625,11487.562499999998,12.796875,142.18750000000182,100.71875,2.2,4701.0,0.0,4701.0,51886980,29487831,0,199991014
1702739544038.9785,0,0,0,0,0,0,0,0,0,0,0,0,0,0,0,0,0,0,0,0,0,0,0,0,0,0,0,0,0,0,0,0,0,0,0,0,0,0,0,0,2906481895,535174240,1317844,1070090,0,0,0,0,205576,8376562176,54900,1281831936,24.421875,11499.249999999998,12.828125,142.26562500000182,100.953125,3.0,4701.0,0.0,4701.0,51945844,29520741,0,200120510
1702739545031.0352,0,0,0,0,0,0,0,0,0,0,0,0,0,0,0,0,0,0,0,0,0,0,0,0,0,0,0,0,0,0,0,0,0,0,0,0,0,0,0,0,2908334310,535920862,1319556,1071308,0,0,0,0,205578,8376627712,54920,1282270208,24.453125,11511.109374999998,12.859375,142.37500000000182,100.96875,1.6,4701.0,0.0,4701.0,52007102,29554547,0,200340797
1702739546052.122,0,0,0,0,0,0,0,0,0,0,0,0,0,0,0,0,0,0,0,0,0,0,0,0,0,0,0,0,0,0,0,0,0,0,0,0,0,0,0,0,2910745265,536622695,1321735,1072444,0,0,0,0,205579,8376694784,54920,1282270208,24.46875,11523.218749999998,12.859375,142.43750000000182,101.0,0.9,4701.0,0.0,4701.0,52061007,29584970,0,200476818
1702739547040.1606,0,0,0,0,0,0,0,0,0,0,0,0,0,0,0,0,0,0,0,0,0,0,0,0,0,0,0,0,0,0,0,0,0,0,0,0,0,0,0,0,2912964643,537281394,1324048,1073846,0,0,0,0,205584,8376924160,54953,1282876416,24.515625,11534.843749999998,12.890625,142.56250000000182,101.0625,2.2,4701.0,0.0,4701.0,52131341,29623119,0,200676571
1702739548041.0488,0,0,0,0,0,0,0,0,0,0,0,0,0,0,0,0,0,0,0,0,0,0,0,0,0,0,0,0,0,0,0,0,0,0,0,0,0,0,0,0,2914532640,537943593,1325374,1074622,0,0,0,0,205587,8377038848,54972,1283261440,24.53125,11546.765624999998,12.90625,142.64062500000182,101.0625,0.9,4701.0,0.0,4701.0,52188435,29654016,0,200834454
1702739549034.6907,0,0,0,0,0,0,0,0,0,0,0,0,0,0,0,0,0,0,0,0,0,0,0,0,0,0,0,0,0,0,0,0,0,0,0,0,0,0,0,0,2916906621,538665442,1327496,1076171,0,0,0,0,205591,8377153536,54997,1283834880,24.5625,11558.624999999998,12.9375,142.78125000000182,101.0625,1.7,4701.0,0.0,4701.0,52251643,29689139,0,201108260
1702739550039.8066,0,0,0,0,0,0,0,0,0,0,0,0,0,0,0,0,0,0,0,0,0,0,0,0,0,0,0,0,0,0,0,0,0,0,0,0,0,0,0,0,2919342897,539382731,1329607,1077516,0,0,0,0,205591,8377153536,54997,1283834880,24.59375,11570.468749999998,12.953125,142.92187500000182,101.078125,1.7,4701.0,0.0,4701.0,52320919,29726705,0,201264054
1702739551045.7488,0,0,0,0,0,0,0,0,0,0,0,0,0,0,0,0,0,0,0,0,0,0,0,0,0,0,0,0,0,0,0,0,0,0,0,0,0,0,0,0,2920589361,540082399,1331013,1078798,0,0,0,0,205596,8377284608,55022,1284248576,24.609375,11582.531249999998,12.96875,142.98437500000182,101.140625,1.3,4701.0,0.0,4701.0,52389489,29764132,0,201525519
1702739552050.9707,0,0,0,0,0,0,0,0,0,0,0,0,0,0,0,0,0,0,0,0,0,0,0,0,0,0,0,0,0,0,0,0,0,0,0,0,0,0,0,0,2921872685,540751728,1332478,1080156,0,0,0,0,205599,8377399296,55046,1284666368,24.609375,11594.437499999998,12.96875,143.04687500000182,101.171875,0.8,4701.0,0.0,4701.0,52444041,29795125,0,201711795
1702739553045.365,0,0,0,0,0,0,0,0,0,0,0,0,0,0,0,0,0,0,0,0,0,0,0,0,0,0,0,0,0,0,0,0,0,0,0,0,0,0,0,0,2923621869,541418852,1334199,1081567,0,0,0,0,205604,8377595904,55071,1285366784,24.640625,11606.28125,12.984375,143.171875,101.1875,1.6,4701.0,0.0,4701.0,52490304,29822260,0,201876597
1702739554051.2722,0,0,0,0,0,0,0,0,0,0,0,0,0,0,0,0,0,0,0,0,0,0,0,0,0,0,0,0,0,0,0,0,0,0,0,0,0,0,0,0,2926053003,542097585,1336335,1082993,0,0,0,0,205604,8377595904,55072,1285399552,24.65625,11618.1875,13.0,143.265625,101.203125,1.2,4701.0,0.0,4701.0,52537931,29849868,0,201994837
1702739555037.1848,0,0,0,0,0,0,0,0,0,0,0,0,0,0,0,0,0,0,0,0,0,0,0,0,0,0,0,0,0,0,0,0,0,0,0,0,0,0,0,0,2927874772,542775168,1337917,1084067,0,0,0,0,205609,8377726976,55098,1285833728,24.6875,11629.84375,13.0,143.40625,101.21875,1.6,4701.0,0.0,4701.0,52585642,29877357,0,202169006
1702739556044.2827,0,0,0,0,0,0,0,0,0,0,0,0,0,0,0,0,0,0,0,0,0,0,0,0,0,0,0,0,0,0,0,0,0,0,0,0,0,0,0,0,2930252621,543464837,1340008,1085483,0,0,0,0,205626,8378136576,55147,1287152640,24.734375,11641.84375,13.015625,143.53125,101.265625,1.9,4701.0,0.0,4701.0,52639346,29907751,0,202298907
1702739557039.6707,0,0,0,0,0,0,0,0,0,0,0,0,0,0,0,0,0,0,0,0,0,0,0,0,0,0,0,0,0,0,0,0,0,0,0,0,0,0,0,0,2932564082,544151100,1341988,1086740,0,0,0,0,205636,8378451968,55187,1288119296,24.765625,11653.546875,13.03125,143.640625,101.28125,1.4,4701.0,0.0,4701.0,52698843,29940566,0,202489341
1702739558051.4692,0,0,0,0,0,0,0,0,0,0,0,0,0,0,0,0,0,0,0,0,0,0,0,0,0,0,0,0,0,0,0,0,0,0,0,0,0,0,0,0,2934299764,544873048,1343862,1088201,0,0,0,0,205636,8378451968,55190,1288168448,24.8125,11665.59375,13.046875,143.765625,101.296875,1.7,4701.0,0.0,4701.0,52768311,29978463,0,202636408
1702739559044.1426,0,0,0,0,0,0,0,0,0,0,0,0,0,0,0,0,0,0,0,0,0,0,0,0,0,0,0,0,0,0,0,0,0,0,0,0,0,0,0,0,2936808088,545533238,1345915,1089417,0,0,0,0,205639,8378517504,55211,1288520704,24.828125,11677.453125,13.046875,143.859375,101.3125,1.0,4701.0,0.0,4701.0,52822380,30009213,0,202812406
1702739560051.9211,0,0,0,0,0,0,0,0,0,0,0,0,0,0,0,0,0,0,0,0,0,0,0,0,0,0,0,0,0,0,0,0,0,0,0,0,0,0,0,0,2938935030,546292497,1348041,1090800,0,0,0,0,205641,8378550272,55228,1288791040,24.84375,11689.40625,13.046875,143.90625,101.34375,0.8,4701.0,0.0,4701.0,52898441,30049880,0,202971755
1702739561035.5623,0,0,0,0,0,0,0,0,0,0,0,0,0,0,0,0,0,0,0,0,0,0,0,0,0,0,0,0,0,0,0,0,0,0,0,0,0,0,0,0,2940036634,546949124,1349305,1092020,0,0,0,0,205641,8378550272,55228,1288791040,24.875,11701.0,13.0625,144.0625,101.40625,2.2,4701.0,0.0,4701.0,52958397,30082975,0,203162036
1702739562058.2656,0,0,0,0,0,0,0,0,0,0,0,0,0,0,0,0,0,0,0,0,0,0,0,0,0,0,0,0,0,0,0,0,0,0,0,0,0,0,0,0,2941719147,547500359,1350841,1093174,0,0,0,0,205646,8378664960,55248,1289241600,24.890625,11713.0625,13.0625,144.171875,101.421875,1.2,4701.0,0.0,4701.0,53006957,30111028,0,203275233
1702739563044.1335,0,0,0,0,0,0,0,0,0,0,0,0,0,0,0,0,0,0,0,0,0,0,0,0,0,0,0,0,0,0,0,0,0,0,0,0,0,0,0,0,2944481665,548318960,1353136,1094615,0,0,0,0,205648,8378746880,55272,1289643008,24.921875,11724.875,13.0625,144.265625,101.46875,1.4,4701.0,0.0,4701.0,53057261,30140259,0,203452649
1702739564047.9976,0,0,0,0,0,0,0,0,0,0,0,0,0,0,0,0,0,0,0,0,0,0,0,0,0,0,0,0,0,0,0,0,0,0,0,0,0,0,0,0,2946916584,549053363,1355370,1096115,0,0,0,0,205653,8378910720,55297,1290138624,24.9375,11736.78125,13.0625,144.328125,101.546875,1.3,4701.0,0.0,4701.0,53130053,30179557,0,203609831
1702739565040.273,0,0,0,0,0,0,0,0,0,0,0,0,0,0,0,0,0,0,0,0,0,0,0,0,0,0,0,0,0,0,0,0,0,0,0,0,0,0,0,0,2949233696,549771294,1357681,1097795,0,0,0,0,205653,8378910720,55297,1290138624,24.984375,11748.46875,13.0625,144.421875,101.578125,1.4,4701.0,0.0,4701.0,53198453,30217372,0,203806671
1702739566042.4683,0,0,0,0,0,0,0,0,0,0,0,0,0,0,0,0,0,0,0,0,0,0,0,0,0,0,0,0,0,0,0,0,0,0,0,0,0,0,0,0,2951599672,550490439,1359849,1099138,0,0,0,0,205655,8378943488,55312,1290429440,25.03125,11760.453125,13.0625,144.5,101.640625,1.5,4701.0,0.0,4701.0,53261810,30252550,0,203945053
1702739567052.2131,0,0,0,0,0,0,0,0,0,0,0,0,0,0,0,0,0,0,0,0,0,0,0,0,0,0,0,0,0,0,0,0,0,0,0,0,0,0,0,0,2953005852,551179893,1361381,1100407,0,0,0,0,205656,8378959872,55325,1290675200,25.03125,11772.28125,13.140625,144.6875,101.6875,2.6,4701.0,0.0,4701.0,53325950,30288139,0,204145484
1702739568046.4387,0,0,0,0,0,0,0,0,0,0,0,0,0,0,0,0,0,0,0,0,0,0,0,0,0,0,0,0,0,0,0,0,0,0,0,0,0,0,0,0,2954201837,551850355,1362704,1101607,0,0,0,0,205658,8379009024,55344,1290957824,25.078125,11784.125,13.140625,144.78125,101.75,1.7,4701.0,0.0,4701.0,53386232,30321632,0,204284985
1702739569049.7793,0,0,0,0,0,0,0,0,0,0,0,0,0,0,0,0,0,0,0,0,0,0,0,0,0,0,0,0,0,0,0,0,0,0,0,0,0,0,0,0,2956991644,552539685,1364992,1102927,0,0,0,0,205658,8379009024,55347,1291052032,25.109375,11795.9375,13.140625,144.921875,101.796875,1.8,4701.0,0.0,4701.0,53439911,30352098,0,204476421
1702739570046.0195,0,0,0,0,0,0,0,0,0,0,0,0,0,0,0,0,0,0,0,0,0,0,0,0,0,0,0,0,0,0,0,0,0,0,0,0,0,0,0,0,2958793307,553113478,1366721,1103931,0,0,0,0,205662,8379140096,55374,1291736064,25.109375,11807.875,13.140625,144.96875,101.8125,0.5,4701.0,0.0,4701.0,53487362,30379703,0,204580596
1702739571055.3362,0,0,0,0,0,0,0,0,0,0,0,0,0,0,0,0,0,0,0,0,0,0,0,0,0,0,0,0,0,0,0,0,0,0,0,0,0,0,0,0,2960418865,553900970,1368508,1105263,0,0,0,0,205665,8379205632,55388,1291981824,25.15625,11819.75,13.171875,145.09375,101.8125,1.7,4701.0,0.0,4701.0,53557786,30417774,0,204780728
1702739572046.0054,0,0,0,0,0,0,0,0,0,0,0,0,0,0,0,0,0,0,0,0,0,0,0,0,0,0,0,0,0,0,0,0,0,0,0,0,0,0,0,0,2963137366,554586993,1370750,1106593,0,0,0,0,205667,8379238400,55406,1292264448,25.171875,11831.609375,13.21875,145.21875,101.828125,1.7,4701.0,0.0,4701.0,53618459,30451926,0,204909159
1702739573040.0696,0,0,0,0,0,0,0,0,0,0,0,0,0,0,0,0,0,0,0,0,0,0,0,0,0,0,0,0,0,0,0,0,0,0,0,0,0,0,0,0,2965610044,555324414,1373088,1108269,0,0,0,0,205667,8379238400,55418,1292375040,25.171875,11843.265625,13.25,145.296875,101.90625,1.6,4701.0,0.0,4701.0,53695565,30493157,0,205077880
1702739574044.5564,0,0,0,0,0,0,0,0,0,0,0,0,0,0,0,0,0,0,0,0,0,0,0,0,0,0,0,0,0,0,0,0,0,0,0,0,0,0,0,0,2967333142,556030824,1374783,1109636,0,0,0,0,205671,8379336704,55631,1293939712,25.234375,11855.296875,13.25,145.390625,101.953125,1.7,4701.0,0.0,4701.0,53763891,30530791,0,205275120
1702739575039.8352,0,0,0,0,0,0,0,0,0,0,0,0,0,0,0,0,0,0,0,0,0,0,0,0,0,0,0,0,0,0,0,0,0,0,0,0,0,0,0,0,2969187654,556708330,1376596,1111035,0,0,0,0,205674,8379418624,55654,1294382080,25.265625,11866.953125,13.265625,145.515625,102.0,1.8,4701.0,0.0,4701.0,53827227,30566208,0,205434787
1702739576038.375,0,0,0,0,0,0,0,0,0,0,0,0,0,0,0,0,0,0,0,0,0,0,0,0,0,0,0,0,0,0,0,0,0,0,0,0,0,0,0,0,2971110723,557385947,1378335,1112315,0,0,0,0,205674,8379418624,55654,1294382080,25.28125,11878.859375,13.265625,145.59375,102.015625,0.9,4701.0,0.0,4701.0,53878145,30595409,0,205601517
1702739577049.8389,0,0,0,0,0,0,0,0,0,0,0,0,0,0,0,0,0,0,0,0,0,0,0,0,0,0,0,0,0,0,0,0,0,0,0,0,0,0,0,0,2972872554,558067995,1380053,1113714,0,0,0,0,205675,8379467776,55674,1294849024,25.3125,11890.890625,13.28125,145.703125,102.0625,1.7,4701.0,0.0,4701.0,53925269,30622959,0,205727862
1702739578048.0347,0,0,0,0,0,0,0,0,0,0,0,0,0,0,0,0,0,0,0,0,0,0,0,0,0,0,0,0,0,0,0,0,0,0,0,0,0,0,0,0,2974627062,558636280,1381673,1114990,0,0,0,0,205676,8379484160,55689,1295098880,25.328125,11902.796875,13.28125,145.78125,102.078125,0.9,4701.0,0.0,4701.0,53970633,30649788,0,205864337
1702739579045.4639,0,0,0,0,0,0,0,0,0,0,0,0,0,0,0,0,0,0,0,0,0,0,0,0,0,0,0,0,0,0,0,0,0,0,0,0,0,0,0,0,2977208894,559402743,1383878,1116346,0,0,0,0,205678,8379533312,55707,1295397888,25.328125,11914.609375,13.28125,145.859375,102.171875,1.4,4701.0,0.0,4701.0,54032258,30683752,0,206023044
1702739580050.2415,0,0,0,0,0,0,0,0,0,0,0,0,0,0,0,0,0,0,0,0,0,0,0,0,0,0,0,0,0,0,0,0,0,0,0,0,0,0,0,0,2978913254,560161461,1385717,1117742,0,0,0,0,205678,8379533312,55708,1295401984,25.359375,11926.515625,13.3125,145.9375,102.203125,1.4,4701.0,0.0,4701.0,54104370,30722881,0,206210762
1702739581045.5671,0,0,0,0,0,0,0,0,0,0,0,0,0,0,0,0,0,0,0,0,0,0,0,0,0,0,0,0,0,0,0,0,0,0,0,0,0,0,0,0,2981285434,560894521,1387979,1119323,0,0,0,0,205680,8379582464,55730,1295897600,25.359375,11938.34375,13.359375,146.0625,102.203125,1.4,4701.0,0.0,4701.0,54173490,30760523,0,206392303
1702739582045.6897,0,0,0,0,0,0,0,0,0,0,0,0,0,0,0,0,0,0,0,0,0,0,0,0,0,0,0,0,0,0,0,0,0,0,0,0,0,0,0,0,2983753299,561605105,1390236,1120753,0,0,0,0,205682,8379631616,55752,1296352256,25.40625,11950.21875,13.40625,146.203125,102.234375,2.2,4701.0,0.0,4701.0,54239325,30797017,0,206586720
1702739583043.0903,0,0,0,0,0,0,0,0,0,0,0,0,0,0,0,0,0,0,0,0,0,0,0,0,0,0,0,0,0,0,0,0,0,0,0,0,0,0,0,0,2986102352,562313247,1392339,1122050,0,0,0,0,205684,8379713536,55774,1296905216,25.40625,11961.96875,13.46875,146.375,102.28125,2.3,4701.0,0.0,4701.0,54307102,30834051,0,206758923
1702739584050.1077,0,0,0,0,0,0,0,0,0,0,0,0,0,0,0,0,0,0,0,0,0,0,0,0,0,0,0,0,0,0,0,0,0,0,0,0,0,0,0,0,2988433288,563023394,1394526,1123411,0,0,0,0,205684,8379713536,55779,1296987136,25.421875,11973.84375,13.46875,146.4375,102.375,1.4,4701.0,0.0,4701.0,54371855,30869933,0,206938227
1702739585046.0781,0,0,0,0,0,0,0,0,0,0,0,0,0,0,0,0,0,0,0,0,0,0,0,0,0,0,0,0,0,0,0,0,0,0,0,0,0,0,0,0,2990260500,563712827,1396314,1124677,0,0,0,0,205691,8379844608,55810,1298482176,25.453125,11985.640625,13.5,146.578125,102.40625,1.9,4701.0,0.0,4701.0,54432106,30903688,0,207088168
1702739586047.969,0,0,0,0,0,0,0,0,0,0,0,0,0,0,0,0,0,0,0,0,0,0,0,0,0,0,0,0,0,0,0,0,0,0,0,0,0,0,0,0,2992470085,564421287,1398485,1126079,0,0,0,0,205692,8379860992,55827,1298809856,25.53125,11997.5,13.5,146.6875,102.46875,2.1,4701.0,0.0,4701.0,54502357,30942091,0,207278558
1702739587047.2295,0,0,0,0,0,0,0,0,0,0,0,0,0,0,0,0,0,0,0,0,0,0,0,0,0,0,0,0,0,0,0,0,0,0,0,0,0,0,0,0,2995060255,565116997,1400689,1127501,0,0,0,0,205693,8379877376,55841,1299026944,25.546875,12009.359375,13.515625,146.75,102.515625,1.2,4701.0,0.0,4701.0,54565200,30977204,0,207426639
1702739588042.1396,0,0,0,0,0,0,0,0,0,0,0,0,0,0,0,0,0,0,0,0,0,0,0,0,0,0,0,0,0,0,0,0,0,0,0,0,0,0,0,0,2995362459,565705956,1401234,1128197,0,0,0,0,205693,8379877376,55841,1299026944,25.5625,12021.046875,13.515625,146.84375,102.578125,1.4,4701.0,0.0,4701.0,54607222,31001681,0,207579249
1702739589043.2979,0,0,0,0,0,0,0,0,0,0,0,0,0,0,0,0,0,0,0,0,0,0,0,0,0,0,0,0,0,0,0,0,0,0,0,0,0,0,0,0,2997946548,566431648,1403396,1129574,0,0,0,0,205694,8379893760,55860,1299411968,25.5625,12033.109375,13.53125,146.875,102.609375,0.6,4701.0,0.0,4701.0,54656529,31030251,0,207695333
1702739590041.9854,0,0,0,0,0,0,0,0,0,0,0,0,0,0,0,0,0,0,0,0,0,0,0,0,0,0,0,0,0,0,0,0,0,0,0,0,0,0,0,0,2999887427,567122757,1405241,1130988,0,0,0,0,205696,8379926528,55924,1299911680,25.59375,12044.90625,13.546875,146.921875,102.640625,1.0,4701.0,0.0,4701.0,54716535,31063894,0,207887449
1702739591044.6052,0,0,0,0,0,0,0,0,0,0,0,0,0,0,0,0,0,0,0,0,0,0,0,0,0,0,0,0,0,0,0,0,0,0,0,0,0,0,0,0,3001498721,567819900,1407017,1132439,0,0,0,0,205696,8379926528,55924,1299911680,25.65625,12056.90625,13.5625,147.078125,102.671875,2.2,4701.0,0.0,4701.0,54783409,31100824,0,208033831
1702739592040.8926,0,0,0,0,0,0,0,0,0,0,0,0,0,0,0,0,0,0,0,0,0,0,0,0,0,0,0,0,0,0,0,0,0,0,0,0,0,0,0,0,3003790697,568522698,1409097,1133959,0,0,0,0,205698,8379959296,55946,1300268032,25.6875,12068.59375,13.578125,147.140625,102.734375,1.4,4701.0,0.0,4701.0,54836777,31131669,0,208229362
1702739593048.7893,0,0,0,0,0,0,0,0,0,0,0,0,0,0,0,0,0,0,0,0,0,0,0,0,0,0,0,0,0,0,0,0,0,0,0,0,0,0,0,0,3005520662,569223354,1410801,1135414,0,0,0,0,205701,8380090368,55971,1300878336,25.703125,12080.6875,13.578125,147.1875,102.78125,0.9,4701.0,0.0,4701.0,54885677,31160313,0,208346526
1702739594046.4644,0,0,0,0,0,0,0,0,0,0,0,0,0,0,0,0,0,0,0,0,0,0,0,0,0,0,0,0,0,0,0,0,0,0,0,0,0,0,0,0,3007594905,569913978,1412648,1136735,0,0,0,0,205702,8380123136,55991,1301226496,25.71875,12092.515625,13.59375,147.3125,102.828125,1.7,4701.0,0.0,4701.0,54937922,31190433,0,208522558
1702739595042.313,0,0,0,0,0,0,0,0,0,0,0,0,0,0,0,0,0,0,0,0,0,0,0,0,0,0,0,0,0,0,0,0,0,0,0,0,0,0,0,0,3009282973,570572072,1414169,1137857,0,0,0,0,205702,8380123136,55993,1301361664,25.75,12104.265625,13.59375,147.34375,102.859375,0.8,4701.0,0.0,4701.0,54983371,31216824,0,208635931
1702739596044.2068,0,0,0,0,0,0,0,0,0,0,0,0,0,0,0,0,0,0,0,0,0,0,0,0,0,0,0,0,0,0,0,0,0,0,0,0,0,0,0,0,3011881425,571288310,1416440,1139381,0,0,0,0,205706,8380211712,56016,1301795840,25.75,12116.234375,13.640625,147.421875,102.921875,1.5,4701.0,0.0,4701.0,55047890,31252364,0,208834293
1702739597042.215,0,0,0,0,0,0,0,0,0,0,0,0,0,0,0,0,0,0,0,0,0,0,0,0,0,0,0,0,0,0,0,0,0,0,0,0,0,0,0,0,3014162933,572033016,1418828,1140970,0,0,0,0,205706,8380211712,56032,1302103040,25.828125,12127.953125,13.640625,147.546875,102.96875,2.1,4701.0,0.0,4701.0,55118878,31291049,0,208972980
1702739598038.0112,0,0,0,0,0,0,0,0,0,0,0,0,0,0,0,0,0,0,0,0,0,0,0,0,0,0,0,0,0,0,0,0,0,0,0,0,0,0,0,0,3016425287,572734886,1421013,1142383,0,0,0,0,205707,8380244480,56068,1302455296,25.859375,12139.734375,13.671875,147.703125,103.03125,2.3,4701.0,0.0,4701.0,55185257,31327716,0,209179174
1702739599046.4878,0,0,0,0,0,0,0,0,0,0,0,0,0,0,0,0,0,0,0,0,0,0,0,0,0,0,0,0,0,0,0,0,0,0,0,0,0,0,0,0,3017896071,573407537,1422465,1143501,0,0,0,0,205707,8380244480,56070,1302471680,25.859375,12151.875,13.671875,147.71875,103.0625,0.4,4701.0,0.0,4701.0,55243289,31360402,0,209299226
1702739600041.9216,0,0,0,0,0,0,0,0,0,0,0,0,0,0,0,0,0,0,0,0,0,0,0,0,0,0,0,0,0,0,0,0,0,0,0,0,0,0,0,0,3019467605,574080430,1423980,1144709,0,0,0,0,205708,8380277248,56084,1302684672,25.859375,12163.625,13.703125,147.78125,103.0625,0.8,4701.0,0.0,4701.0,55297147,31391130,0,209472380
1702739601039.835,0,0,0,0,0,0,0,0,0,0,0,0,0,0,0,0,0,0,0,0,0,0,0,0,0,0,0,0,0,0,0,0,0,0,0,0,0,0,0,0,3022654024,574799307,1426886,1146333,0,0,0,0,205708,8380277248,56096,1302955008,25.875,12175.59375,13.71875,147.8125,103.0625,0.5,4701.0,0.0,4701.0,55360458,31426142,0,209616610
1702739602039.0244,0,0,0,0,0,0,0,0,0,0,0,0,0,0,0,0,0,0,0,0,0,0,0,0,0,0,0,0,0,0,0,0,0,0,0,0,0,0,0,0,3024225228,575511932,1428608,1147827,0,0,0,0,205709,8380310016,56114,1303249920,25.875,12187.5,13.734375,147.890625,103.078125,0.9,4701.0,0.0,4701.0,55429945,31464005,0,209817121
1702739603051.1062,0,0,0,0,0,0,0,0,0,0,0,0,0,0,0,0,0,0,0,0,0,0,0,0,0,0,0,0,0,0,0,0,0,0,0,0,0,0,0,0,3026811934,576202098,1430798,1149185,0,0,0,0,205709,8380310016,56114,1303249920,25.90625,12199.5625,13.78125,148.0,103.09375,1.7,4701.0,0.0,4701.0,55491348,31498450,0,209947652
1702739604044.3503,0,0,0,0,0,0,0,0,0,0,0,0,0,0,0,0,0,0,0,0,0,0,0,0,0,0,0,0,0,0,0,0,0,0,0,0,0,0,0,0,3029072689,576747717,1432751,1150401,0,0,0,0,205710,8380326400,56131,1303532544,25.9375,12211.234375,13.796875,148.0625,103.296875,2.6,4701.0,0.0,4701.0,55550067,31530960,0,210134454
1702739605042.1074,0,0,0,0,0,0,0,0,0,0,0,0,0,0,0,0,0,0,0,0,0,0,0,0,0,0,0,0,0,0,0,0,0,0,0,0,0,0,0,0,3030795491,577568798,1434393,1151500,0,0,0,0,205711,8380342784,56147,1303737344,25.953125,12222.953125,13.890625,148.21875,103.296875,2.2,4701.0,0.0,4701.0,55605411,31561986,0,210265913
1702739606039.9268,0,0,0,0,0,0,0,0,0,0,0,0,0,0,0,0,0,0,0,0,0,0,0,0,0,0,0,0,0,0,0,0,0,0,0,0,0,0,0,0,3032578738,578299562,1436397,1152964,0,0,0,0,205711,8380342784,56147,1303737344,25.984375,12234.8125,13.890625,148.328125,103.328125,1.4,4701.0,0.0,4701.0,55681809,31602940,0,210485976
1702739607037.3293,0,0,0,0,0,0,0,0,0,0,0,0,0,0,0,0,0,0,0,0,0,0,0,0,0,0,0,0,0,0,0,0,0,0,0,0,0,0,0,0,3035515970,578999166,1438807,1154392,0,0,0,0,205712,8380359168,56204,1304138752,26.0,12246.734375,13.921875,148.390625,103.34375,1.0,4701.0,0.0,4701.0,55744774,31637972,0,210612033
1702739608049.803,0,0,0,0,0,0,0,0,0,0,0,0,0,0,0,0,0,0,0,0,0,0,0,0,0,0,0,0,0,0,0,0,0,0,0,0,0,0,0,0,3037959560,579731995,1441200,1155946,0,0,0,0,205712,8380359168,56213,1304269824,26.046875,12258.765625,13.921875,148.484375,103.40625,1.7,4701.0,0.0,4701.0,55818837,31678039,0,210831539
1702739609048.2588,0,0,0,0,0,0,0,0,0,0,0,0,0,0,0,0,0,0,0,0,0,0,0,0,0,0,0,0,0,0,0,0,0,0,0,0,0,0,0,0,3039842657,580429966,1443173,1157370,0,0,0,0,205715,8380408320,56235,1304654848,26.046875,12270.703125,13.953125,148.53125,103.421875,0.8,4701.0,0.0,4701.0,55880377,31712583,0,210963815
1702739610046.3872,0,0,0,0,0,0,0,0,0,0,0,0,0,0,0,0,0,0,0,0,0,0,0,0,0,0,0,0,0,0,0,0,0,0,0,0,0,0,0,0,3041165595,581056130,1444489,1158508,0,0,0,0,205715,8380408320,56238,1304716288,26.0625,12282.578125,13.96875,148.59375,103.46875,1.2,4701.0,0.0,4701.0,55940722,31746160,0,211161154
1702739611045.9321,0,0,0,0,0,0,0,0,0,0,0,0,0,0,0,0,0,0,0,0,0,0,0,0,0,0,0,0,0,0,0,0,0,0,0,0,0,0,0,0,3043685926,581750307,1446741,1159798,0,0,0,0,205715,8380408320,56252,1304974336,26.09375,12294.515625,13.984375,148.671875,103.46875,1.0,4701.0,0.0,4701.0,55992741,31776057,0,211279488
1702739612043.0208,0,0,0,0,0,0,0,0,0,0,0,0,0,0,0,0,0,0,0,0,0,0,0,0,0,0,0,0,0,0,0,0,0,0,0,0,0,0,0,0,3046005951,582513800,1449110,1161327,0,0,0,0,205715,8380408320,56266,1305129984,26.109375,12306.265625,14.015625,148.765625,103.5,1.4,4701.0,0.0,4701.0,56069229,31817091,0,211491751
1702739613040.121,0,0,0,0,0,0,0,0,0,0,0,0,0,0,0,0,0,0,0,0,0,0,0,0,0,0,0,0,0,0,0,0,0,0,0,0,0,0,0,0,3048380970,583207155,1451291,1162697,0,0,0,0,205716,8380424704,56283,1305326592,26.109375,12318.0625,14.046875,148.89062499999818,103.515625,1.4,4701.0,0.0,4701.0,56134406,31853144,0,211633491
1702739614039.2422,0,0,0,0,0,0,0,0,0,0,0,0,0,0,0,0,0,0,0,0,0,0,0,0,0,0,0,0,0,0,0,0,0,0,0,0,0,0,0,0,3050682079,583899396,1453489,1164172,0,0,0,0,205716,8380424704,56284,1305359360,26.15625,12329.875,14.046875,149.01562499999818,103.578125,1.9,4701.0,0.0,4701.0,56202195,31890325,0,211849650
1702739615036.7766,0,0,0,0,0,0,0,0,0,0,0,0,0,0,0,0,0,0,0,0,0,0,0,0,0,0,0,0,0,0,0,0,0,0,0,0,0,0,0,0,3051823778,584512174,1454701,1165237,0,0,0,0,205720,8380490240,56311,1305728000,26.15625,12341.71875,14.046875,149.09374999999818,103.65625,1.3,4701.0,0.0,4701.0,56259253,31922619,0,211974958
1702739616052.2651,0,0,0,0,0,0,0,0,0,0,0,0,0,0,0,0,0,0,0,0,0,0,0,0,0,0,0,0,0,0,0,0,0,0,0,0,0,0,0,0,3054745230,585268807,1457028,1166511,0,0,0,0,205721,8380506624,56338,1306182656,26.171875,12353.6875,14.0625,149.23437499999818,103.734375,2.0,4701.0,0.0,4701.0,56317517,31955492,0,212165742
1702739617048.241,0,0,0,0,0,0,0,0,0,0,0,0,0,0,0,0,0,0,0,0,0,0,0,0,0,0,0,0,0,0,0,0,0,0,0,0,0,0,0,0,3056650208,585939383,1458640,1167579,0,0,0,0,205723,8380539392,56358,1306432512,26.1875,12365.625,14.0625,149.28124999999818,103.75,0.7,4701.0,0.0,4701.0,56364252,31982719,0,212268389
1702739618052.9001,0,0,0,0,0,0,0,0,0,0,0,0,0,0,0,0,0,0,0,0,0,0,0,0,0,0,0,0,0,0,0,0,0,0,0,0,0,0,0,0,3059180530,586671455,1461171,1169041,0,0,0,0,205723,8380539392,56358,1306432512,26.21875,12377.53125,14.0625,149.37499999999818,103.75,1.0,4701.0,0.0,4701.0,56441558,32023946,0,212491585
1702739619046.2644,0,0,0,0,0,0,0,0,0,0,0,0,0,0,0,0,0,0,0,0,0,0,0,0,0,0,0,0,0,0,0,0,0,0,0,0,0,0,0,0,3061468836,587363957,1463384,1170380,0,0,0,0,205725,8380588544,56377,1306739712,26.25,12389.328125,14.0625,149.45312499999818,103.859375,1.8,4701.0,0.0,4701.0,56508691,32060745,0,212643943
1702739620041.183,0,0,0,0,0,0,0,0,0,0,0,0,0,0,0,0,0,0,0,0,0,0,0,0,0,0,0,0,0,0,0,0,0,0,0,0,0,0,0,0,3063201597,588036867,1465088,1171731,0,0,0,0,205729,8380703232,56408,1307358208,26.296875,12400.96875,14.0625,149.57812499999818,103.921875,2.0,4701.0,0.0,4701.0,56569762,32094898,0,212829483
1702739621051.1772,0,0,0,0,0,0,0,0,0,0,0,0,0,0,0,0,0,0,0,0,0,0,0,0,0,0,0,0,0,0,0,0,0,0,0,0,0,0,0,0,3065178653,588717519,1466882,1172968,0,0,0,0,205729,8380703232,56408,1307358208,26.3125,12413.03125,14.09375,149.65624999999818,103.96875,1.4,4701.0,0.0,4701.0,56628594,32127971,0,212956224
1702739622045.027,0,0,0,0,0,0,0,0,0,0,0,0,0,0,0,0,0,0,0,0,0,0,0,0,0,0,0,0,0,0,0,0,0,0,0,0,0,0,0,0,3066915436,589409536,1468597,1174114,0,0,0,0,205730,8380719616,56422,1307481088,26.375,12424.84375,14.125,149.82812499999818,103.984375,2.3,4701.0,0.0,4701.0,56685524,32159746,0,213141730
1702739623043.9326,0,0,0,0,0,0,0,0,0,0,0,0,0,0,0,0,0,0,0,0,0,0,0,0,0,0,0,0,0,0,0,0,0,0,0,0,0,0,0,0,3069283216,590171449,1471231,1175827,0,0,0,0,205730,8380719616,56476,1307804672,26.4375,12436.578125,14.140625,149.92187499999818,104.078125,2.2,4701.0,0.0,4701.0,56758074,32198960,0,213293844
1702739624038.779,0,0,0,0,0,0,0,0,0,0,0,0,0,0,0,0,0,0,0,0,0,0,0,0,0,0,0,0,0,0,0,0,0,0,0,0,0,0,0,0,3071515730,590888646,1473339,1177319,0,0,0,0,205730,8380719616,56487,1307948032,26.453125,12448.28125,14.15625,149.99999999999818,104.1875,1.8,4701.0,0.0,4701.0,56823555,32235111,0,213483985
1702739625052.423,0,0,0,0,0,0,0,0,0,0,0,0,0,0,0,0,0,0,0,0,0,0,0,0,0,0,0,0,0,0,0,0,0,0,0,0,0,0,0,0,3073985502,591599145,1475793,1178777,0,0,0,0,205730,8380719616,56489,1307964416,26.5,12460.343749999998,14.15625,150.0625,104.25,1.4,4701.0,0.0,4701.0,56887532,32271045,0,213623129
1702739626051.225,0,0,0,0,0,0,0,0,0,0,0,0,0,0,0,0,0,0,0,0,0,0,0,0,0,0,0,0,0,0,0,0,0,0,0,0,0,0,0,0,3074888495,592283351,1476965,1180006,0,0,0,0,205732,8380768768,56504,1308218368,26.515625,12472.187499999998,14.171875,150.171875,104.296875,1.6,4701.0,0.0,4701.0,56951005,32306459,0,213837206
1702739627044.3123,0,0,0,0,0,0,0,0,0,0,0,0,0,0,0,0,0,0,0,0,0,0,0,0,0,0,0,0,0,0,0,0,0,0,0,0,0,0,0,0,3077392942,592515698,1478773,1180786,0,0,0,0,205734,8380801536,56527,1308517376,26.546875,12484.031249999998,14.1875,150.265625,104.34375,1.6,4701.0,0.0,4701.0,56998010,32333950,0,213959727
1702739628046.3218,0,0,0,0,0,0,0,0,0,0,0,0,0,0,0,0,0,0,0,0,0,0,0,0,0,0,0,0,0,0,0,0,0,0,0,0,0,0,0,0,3079045498,593629189,1480735,1182117,0,0,0,0,205734,8380801536,56546,1308849152,26.546875,12495.890624999998,14.21875,150.359375,104.40625,1.6,4701.0,0.0,4701.0,57063373,32369707,0,214178841
1702739629039.953,0,0,0,0,0,0,0,0,0,0,0,0,0,0,0,0,0,0,0,0,0,0,0,0,0,0,0,0,0,0,0,0,0,0,0,0,0,0,0,0,3081287336,594305310,1482868,1183352,0,0,0,0,205734,8380801536,56546,1308849152,26.546875,12507.593749999998,14.21875,150.421875,104.453125,0.9,4701.0,0.0,4701.0,57135673,32408585,0,214329983
1702739630037.6567,0,0,0,0,0,0,0,0,0,0,0,0,0,0,0,0,0,0,0,0,0,0,0,0,0,0,0,0,0,0,0,0,0,0,0,0,0,0,0,0,3083646884,595052303,1485125,1184739,0,0,0,0,205736,8380834304,56567,1309164544,26.578125,12519.343749999998,14.21875,150.546875,104.578125,2.3,4701.0,0.0,4701.0,57203887,32445992,0,214540728
1702739631040.8538,0,0,0,0,0,0,0,0,0,0,0,0,0,0,0,0,0,0,0,0,0,0,0,0,0,0,0,0,0,0,0,0,0,0,0,0,0,0,0,0,3085987962,595756618,1487286,1186070,0,0,0,0,205736,8380834304,56583,1309455360,26.609375,12531.249999999998,14.234375,150.625,104.59375,1.2,4701.0,0.0,4701.0,57268830,32481932,0,214679465
1702739632036.5063,0,0,0,0,0,0,0,0,0,0,0,0,0,0,0,0,0,0,0,0,0,0,0,0,0,0,0,0,0,0,0,0,0,0,0,0,0,0,0,0,3088331844,596331261,1489478,1187304,0,0,0,0,205739,8380883456,56601,1309746176,26.65625,12543.078124999998,14.25,150.765625,104.625,1.9,4701.0,0.0,4701.0,57330076,32516362,0,214865035
1702739633049.808,0,0,0,0,0,0,0,0,0,0,0,0,0,0,0,0,0,0,0,0,0,0,0,0,0,0,0,0,0,0,0,0,0,0,0,0,0,0,0,0,3090272719,597133567,1491132,1188355,0,0,0,0,205739,8380883456,56601,1309746176,26.671875,12555.156249999998,14.28125,150.828125,104.671875,1.3,4701.0,0.0,4701.0,57388063,32548880,0,214996169
1702739634042.0369,0,0,0,0,0,0,0,0,0,0,0,0,0,0,0,0,0,0,0,0,0,0,0,0,0,0,0,0,0,0,0,0,0,0,0,0,0,0,0,0,3091167384,597763343,1492054,1189152,0,0,0,0,205739,8380883456,56614,1309930496,26.6875,12566.874999999998,14.28125,150.90625,104.6875,0.9,4701.0,0.0,4701.0,57432671,32574550,0,215155061
1702739635041.47,0,0,0,0,0,0,0,0,0,0,0,0,0,0,0,0,0,0,0,0,0,0,0,0,0,0,0,0,0,0,0,0,0,0,0,0,0,0,0,0,3093531092,598467879,1494179,1190645,0,0,0,0,205740,8380916224,56631,1310200832,26.703125,12578.781249999998,14.296875,150.984375,104.703125,1.0,4701.0,0.0,4701.0,57485839,32605043,0,215277839
1702739636040.2502,0,0,0,0,0,0,0,0,0,0,0,0,0,0,0,0,0,0,0,0,0,0,0,0,0,0,0,0,0,0,0,0,0,0,0,0,0,0,0,0,3095933191,599177438,1496314,1192154,0,0,0,0,205740,8380916224,56631,1310200832,26.71875,12590.499999999998,14.34375,151.15625,104.8125,2.8,4701.0,0.0,4701.0,57554762,32642701,0,215494639
1702739637051.25,0,0,0,0,0,0,0,0,0,0,0,0,0,0,0,0,0,0,0,0,0,0,0,0,0,0,0,0,0,0,0,0,0,0,0,0,0,0,0,0,3097667338,599913593,1498388,1193472,0,0,0,0,205740,8380916224,56651,1310417920,26.734375,12602.531249999998,14.34375,151.1875,104.9375,1.4,4701.0,0.0,4701.0,57626942,32681878,0,215646312
1702739638042.387,0,0,0,0,0,0,0,0,0,0,0,0,0,0,0,0,0,0,0,0,0,0,0,0,0,0,0,0,0,0,0,0,0,0,0,0,0,0,0,0,3100246818,600591359,1500536,1194805,0,0,0,0,205740,8380916224,56667,1310647296,26.78125,12614.140624999998,14.34375,151.328125,105.0,2.1,4701.0,0.0,4701.0,57690219,32717195,0,215851000
1702739639039.9858,0,0,0,0,0,0,0,0,0,0,0,0,0,0,0,0,0,0,0,0,0,0,0,0,0,0,0,0,0,0,0,0,0,0,0,0,0,0,0,0,3102769924,601331507,1502992,1196247,0,0,0,0,205741,8380932608,56717,1311069184,26.8125,12625.999999999998,14.34375,151.40625,105.0625,1.4,4701.0,0.0,4701.0,57765303,32757779,0,216014620
1702739640052.1353,0,0,0,0,0,0,0,0,0,0,0,0,0,0,0,0,0,0,0,0,0,0,0,0,0,0,0,0,0,0,0,0,0,0,0,0,0,0,0,0,3105113897,602071995,1505389,1197918,0,0,0,0,205741,8380932608,56721,1311114240,26.8125,12637.984374999998,14.34375,151.484375,105.1875,1.7,4701.0,0.0,4701.0,57835137,32796450,0,216243700
1702739641039.3845,0,0,0,0,0,0,0,0,0,0,0,0,0,0,0,0,0,0,0,0,0,0,0,0,0,0,0,0,0,0,0,0,0,0,0,0,0,0,0,0,3107345644,602759338,1507476,1199160,0,0,0,0,205745,8381030912,56752,1311687680,26.828125,12649.703124999998,14.34375,151.546875,105.21875,0.9,4701.0,0.0,4701.0,57897958,32831055,0,216385324
1702739642047.6628,0,0,0,0,0,0,0,0,0,0,0,0,0,0,0,0,0,0,0,0,0,0,0,0,0,0,0,0,0,0,0,0,0,0,0,0,0,0,0,0,3109556523,603474642,1509649,1200563,0,0,0,0,205747,8381080064,56773,1312027648,26.875,12661.624999999998,14.359375,151.71875,105.296875,2.6,4701.0,0.0,4701.0,57963241,32867299,0,216586258
1702739643045.232,0,0,0,0,0,0,0,0,0,0,0,0,0,0,0,0,0,0,0,0,0,0,0,0,0,0,0,0,0,0,0,0,0,0,0,0,0,0,0,0,3111458657,604010614,1511322,1201667,0,0,0,0,205750,8381145600,56797,1312367616,26.875,12673.531249999998,14.375,151.765625,105.34375,0.9,4701.0,0.0,4701.0,58023011,32900847,0,216721288
1702739644045.674,0,0,0,0,0,0,0,0,0,0,0,0,0,0,0,0,0,0,0,0,0,0,0,0,0,0,0,0,0,0,0,0,0,0,0,0,0,0,0,0,3113999464,604865109,1513662,1203028,0,0,0,0,205750,8381145600,56799,1312404480,26.90625,12685.296874999998,14.390625,151.921875,105.421875,2.3,4701.0,0.0,4701.0,58091881,32938258,0,216933645
1702739645046.2344,0,0,0,0,0,0,0,0,0,0,0,0,0,0,0,0,0,0,0,0,0,0,0,0,0,0,0,0,0,0,0,0,0,0,0,0,0,0,0,0,3116269820,605616057,1516089,1204643,0,0,0,0,205750,8381145600,56813,1312572416,26.921875,12697.140624999998,14.40625,152.015625,105.5,1.7,4701.0,0.0,4701.0,58166298,32978704,0,217103463
1702739646038.7708,0,0,0,0,0,0,0,0,0,0,0,0,0,0,0,0,0,0,0,0,0,0,0,0,0,0,0,0,0,0,0,0,0,0,0,0,0,0,0,0,3117238475,606276058,1517227,1205721,0,0,0,0,205754,8381211136,56839,1312990208,26.953125,12708.687499999998,14.40625,152.140625,105.640625,2.5,4701.0,0.0,4701.0,58224852,33011534,0,217292283
1702739647039.7144,0,0,0,0,0,0,0,0,0,0,0,0,0,0,0,0,0,0,0,0,0,0,0,0,0,0,0,0,0,0,0,0,0,0,0,0,0,0,0,0,3119955402,606973881,1519551,1207255,0,0,0,0,205756,8381260288,56856,1313203200,27.015625,12720.453124999998,14.40625,152.265625,105.75,2.5,4701.0,0.0,4701.0,58289129,33047357,0,217428270
1702739648035.164,0,0,0,0,0,0,0,0,0,0,0,0,0,0,0,0,0,0,0,0,0,0,0,0,0,0,0,0,0,0,0,0,0,0,0,0,0,0,0,0,3121707836,607683187,1521544,1208611,0,0,0,0,205756,8381260288,56856,1313203200,27.03125,12732.281249999998,14.421875,152.375,105.8125,1.7,4701.0,0.0,4701.0,58362519,33086894,0,217645302
1702739649049.7764,0,0,0,0,0,0,0,0,0,0,0,0,0,0,0,0,0,0,0,0,0,0,0,0,0,0,0,0,0,0,0,0,0,0,0,0,0,0,0,0,3123393279,608314957,1523344,1209814,0,0,0,0,205757,8381293056,56872,1313395712,27.0625,12744.265624999998,14.4375,152.54687500000182,105.84375,2.0,4701.0,0.0,4701.0,58424905,33121531,0,217773492
1702739650049.869,0,0,0,0,0,0,0,0,0,0,0,0,0,0,0,0,0,0,0,0,0,0,0,0,0,0,0,0,0,0,0,0,0,0,0,0,0,0,0,0,3126039752,609107220,1525647,1211341,0,0,0,0,205758,8381309440,56887,1313592320,27.125,12756.124999999998,14.4375,152.68750000000182,105.84375,1.7,4701.0,0.0,4701.0,58497762,33161217,0,217977560
1702739651045.5115,0,0,0,0,0,0,0,0,0,0,0,0,0,0,0,0,0,0,0,0,0,0,0,0,0,0,0,0,0,0,0,0,0,0,0,0,0,0,0,0,3127865477,609794415,1527559,1212627,0,0,0,0,205759,8381325824,56905,1313829888,27.171875,12767.937499999998,14.46875,152.82812500000182,105.890625,2.2,4701.0,0.0,4701.0,58561311,33196576,0,218138472
1702739652042.2212,0,0,0,0,0,0,0,0,0,0,0,0,0,0,0,0,0,0,0,0,0,0,0,0,0,0,0,0,0,0,0,0,0,0,0,0,0,0,0,0,3130608743,610477707,1529750,1213728,0,0,0,0,205759,8381325824,56906,1313838080,27.1875,12779.562499999998,14.484375,152.93750000000182,105.96875,1.8,4701.0,0.0,4701.0,58625332,33231806,0,218335930
1702739653037.2627,0,0,0,0,0,0,0,0,0,0,0,0,0,0,0,0,0,0,0,0,0,0,0,0,0,0,0,0,0,0,0,0,0,0,0,0,0,0,0,0,3132969037,611202515,1532170,1215307,0,0,0,0,205760,8381342208,56921,1314104320,27.203125,12791.390624999998,14.5,153.00000000000182,106.078125,1.7,4701.0,0.0,4701.0,58694143,33269635,0,218476534
1702739654050.0037,0,0,0,0,0,0,0,0,0,0,0,0,0,0,0,0,0,0,0,0,0,0,0,0,0,0,0,0,0,0,0,0,0,0,0,0,0,0,0,0,3135172080,611933761,1534436,1216763,0,0,0,0,205761,8381358592,56935,1314288640,27.234375,12803.359374999998,14.53125,153.18750000000182,106.109375,2.3,4701.0,0.0,4701.0,58758058,33305363,0,218666446
1702739655045.309,0,0,0,0,0,0,0,0,0,0,0,0,0,0,0,0,0,0,0,0,0,0,0,0,0,0,0,0,0,0,0,0,0,0,0,0,0,0,0,0,3137349501,612633946,1536481,1218089,0,0,0,0,205761,8381358592,56937,1314309120,27.25,12815.062499999998,14.546875,153.31250000000182,106.203125,2.1,4701.0,0.0,4701.0,58821955,33340786,0,218817047
1702739656043.3748,0,0,0,0,0,0,0,0,0,0,0,0,0,0,0,0,0,0,0,0,0,0,0,0,0,0,0,0,0,0,0,0,0,0,0,0,0,0,0,0,3139079602,613337727,1538382,1219545,0,0,0,0,205763,8381391360,56998,1314857984,27.265625,12826.749999999998,14.59375,153.48437500000182,106.234375,2.2,4701.0,0.0,4701.0,58886157,33376541,0,219022391
1702739657041.9602,0,0,0,0,0,0,0,0,0,0,0,0,0,0,0,0,0,0,0,0,0,0,0,0,0,0,0,0,0,0,0,0,0,0,0,0,0,0,0,0,3139620686,614009260,1539315,1220740,0,0,0,0,205763,8381391360,57013,1315034112,27.296875,12838.609374999998,14.609375,153.57812500000182,106.28125,1.6,4701.0,0.0,4701.0,58944077,33409364,0,219150971
1702739658034.9192,0,0,0,0,0,0,0,0,0,0,0,0,0,0,0,0,0,0,0,0,0,0,0,0,0,0,0,0,0,0,0,0,0,0,0,0,0,0,0,0,3141524918,614653664,1540921,1221691,0,0,0,0,205764,8381407744,57031,1315296256,27.3125,12850.468749999998,14.609375,153.67187500000182,106.328125,1.3,4701.0,0.0,4701.0,58990657,33436414,0,219328689
1702739659048.193,0,0,0,0,0,0,0,0,0,0,0,0,0,0,0,0,0,0,0,0,0,0,0,0,0,0,0,0,0,0,0,0,0,0,0,0,0,0,0,0,3143570052,615329284,1542775,1222979,0,0,0,0,205764,8381407744,57031,1315296256,27.3125,12862.609374999998,14.609375,153.68750000000182,106.359375,0.4,4701.0,0.0,4701.0,59039307,33464660,0,219446871
1702739660046.171,0,0,0,0,0,0,0,0,0,0,0,0,0,0,0,0,0,0,0,0,0,0,0,0,0,0,0,0,0,0,0,0,0,0,0,0,0,0,0,0,3146245540,616098974,1545239,1224517,0,0,0,0,205768,8381489664,57057,1315652608,27.3125,12874.499999999998,14.609375,153.75000000000182,106.40625,0.9,4701.0,0.0,4701.0,59114608,33505083,0,219681713
1702739661044.3542,0,0,0,0,0,0,0,0,0,0,0,0,0,0,0,0,0,0,0,0,0,0,0,0,0,0,0,0,0,0,0,0,0,0,0,0,0,0,0,0,3147521427,616776801,1546743,1225799,0,0,0,0,205771,8381555200,57079,1315955712,27.34375,12886.34375,14.640625,153.859375,106.4375,1.7,4701.0,0.0,4701.0,59176695,33539534,0,219823806
1702739662046.2405,0,0,0,0,0,0,0,0,0,0,0,0,0,0,0,0,0,0,0,0,0,0,0,0,0,0,0,0,0,0,0,0,0,0,0,0,0,0,0,0,3148950993,617461767,1548202,1227026,0,0,0,0,205773,8381637120,57099,1316316160,27.359375,12898.21875,14.65625,153.984375,106.453125,1.4,4701.0,0.0,4701.0,59234691,33572570,0,220014791
1702739663040.1135,0,0,0,0,0,0,0,0,0,0,0,0,0,0,0,0,0,0,0,0,0,0,0,0,0,0,0,0,0,0,0,0,0,0,0,0,0,0,0,0,3150822727,618120915,1549878,1228217,0,0,0,0,205773,8381637120,57099,1316316160,27.375,12910.0,14.65625,154.0,106.46875,0.4,4701.0,0.0,4701.0,59277210,33597976,0,220110844
1702739664038.3552,0,0,0,0,0,0,0,0,0,0,0,0,0,0,0,0,0,0,0,0,0,0,0,0,0,0,0,0,0,0,0,0,0,0,0,0,0,0,0,0,3152737969,618807766,1551633,1229512,0,0,0,0,205773,8381637120,57117,1316557824,27.40625,12921.703125,14.65625,154.125,106.640625,2.7,4701.0,0.0,4701.0,59325472,33625933,0,220280363
1702739665039.4792,0,0,0,0,0,0,0,0,0,0,0,0,0,0,0,0,0,0,0,0,0,0,0,0,0,0,0,0,0,0,0,0,0,0,0,0,0,0,0,0,3155230531,619511872,1553917,1231180,0,0,0,0,205775,8381669888,57137,1316840448,27.421875,12933.640625,14.671875,154.171875,106.65625,0.8,4701.0,0.0,4701.0,59376599,33655816,0,220395843
1702739666038.0828,0,0,0,0,0,0,0,0,0,0,0,0,0,0,0,0,0,0,0,0,0,0,0,0,0,0,0,0,0,0,0,0,0,0,0,0,0,0,0,0,3157120032,620200164,1555748,1232614,0,0,0,0,205775,8381669888,57137,1316840448,27.46875,12945.515625,14.6875,154.28125,106.671875,1.6,4701.0,0.0,4701.0,59429084,33686060,0,220573416
1702739667046.9648,0,0,0,0,0,0,0,0,0,0,0,0,0,0,0,0,0,0,0,0,0,0,0,0,0,0,0,0,0,0,0,0,0,0,0,0,0,0,0,0,3159625263,620894663,1557901,1233993,0,0,0,0,205775,8381669888,57150,1317057536,27.5,12957.546875,14.703125,154.375,106.734375,1.7,4701.0,0.0,4701.0,59484964,33717842,0,220708433
1702739668041.7803,0,0,0,0,0,0,0,0,0,0,0,0,0,0,0,0,0,0,0,0,0,0,0,0,0,0,0,0,0,0,0,0,0,0,0,0,0,0,0,0,3162140856,621613753,1560214,1235415,0,0,0,0,205777,8381702656,57171,1317336064,27.546875,12969.203125,14.71875,154.46875,106.796875,1.8,4701.0,0.0,4701.0,59557986,33757015,0,220926008
1702739669040.884,0,0,0,0,0,0,0,0,0,0,0,0,0,0,0,0,0,0,0,0,0,0,0,0,0,0,0,0,0,0,0,0,0,0,0,0,0,0,0,0,3164307314,622322235,1562389,1236788,0,0,0,0,205779,8381735424,57188,1317569536,27.5625,12981.140625,14.734375,154.515625,106.8125,0.8,4701.0,0.0,4701.0,59627990,33795107,0,221076272
1702739670039.1133,0,0,0,0,0,0,0,0,0,0,0,0,0,0,0,0,0,0,0,0,0,0,0,0,0,0,0,0,0,0,0,0,0,0,0,0,0,0,0,0,3166058795,622982116,1563981,1237929,0,0,0,0,205779,8381735424,57191,1317635072,27.59375,12992.96875,14.765625,154.640625,106.859375,1.9,4701.0,0.0,4701.0,59690304,33829821,0,221274791
1702739671038.1736,0,0,0,0,0,0,0,0,0,0,0,0,0,0,0,0,0,0,0,0,0,0,0,0,0,0,0,0,0,0,0,0,0,0,0,0,0,0,0,0,3168865998,623701992,1566331,1239203,0,0,0,0,205780,8381784576,57212,1318028288,27.625,13004.875,14.765625,154.6875,106.90625,1.0,4701.0,0.0,4701.0,59754072,33865332,0,221417033
1702739672037.1213,0,0,0,0,0,0,0,0,0,0,0,0,0,0,0,0,0,0,0,0,0,0,0,0,0,0,0,0,0,0,0,0,0,0,0,0,0,0,0,0,3171249640,624441478,1568798,1240772,0,0,0,0,205781,8381833728,57265,1318450176,27.640625,13016.71875,14.78125,154.828125,106.921875,1.6,4701.0,0.0,4701.0,59830317,33906486,0,221638785
1702739673050.0898,0,0,0,0,0,0,0,0,0,0,0,0,0,0,0,0,0,0,0,0,0,0,0,0,0,0,0,0,0,0,0,0,0,0,0,0,0,0,0,0,3172912731,625142071,1570535,1242063,0,0,0,0,205782,8381882880,57279,1318745088,27.671875,13028.8125,14.796875,154.890625,106.953125,1.1,4701.0,0.0,4701.0,59891060,33940750,0,221765255
1702739674051.2866,0,0,0,0,0,0,0,0,0,0,0,0,0,0,0,0,0,0,0,0,0,0,0,0,0,0,0,0,0,0,0,0,0,0,0,0,0,0,0,0,3175825778,625847665,1573025,1243642,0,0,0,0,205782,8381882880,57280,1318777856,27.6875,13040.671875,14.828125,155.0,106.984375,1.6,4701.0,0.0,4701.0,59959113,33978370,0,221967030
1702739675043.3347,0,0,0,0,0,0,0,0,0,0,0,0,0,0,0,0,0,0,0,0,0,0,0,0,0,0,0,0,0,0,0,0,0,0,0,0,0,0,0,0,3178263682,626568639,1575534,1245149,0,0,0,0,205783,8381899264,57299,1319015424,27.703125,13052.46875,14.84375,155.09375,106.984375,1.0,4701.0,0.0,4701.0,60030404,34017192,0,222110271
1702739676040.8762,0,0,0,0,0,0,0,0,0,0,0,0,0,0,0,0,0,0,0,0,0,0,0,0,0,0,0,0,0,0,0,0,0,0,0,0,0,0,0,0,3180378118,627281793,1577682,1246653,0,0,0,0,205784,8381981184,57311,1319298048,27.703125,13064.296875,14.859375,155.171875,107.0,0.9,4701.0,0.0,4701.0,60095114,34053203,0,222314757
1702739677038.3408,0,0,0,0,0,0,0,0,0,0,0,0,0,0,0,0,0,0,0,0,0,0,0,0,0,0,0,0,0,0,0,0,0,0,0,0,0,0,0,0,3182135281,627973277,1579769,1247982,0,0,0,0,205785,8382013952,57324,1319494656,27.703125,13076.15625,14.9375,155.296875,107.015625,1.8,4701.0,0.0,4701.0,60156338,34087560,0,222445176
1702739678035.9785,0,0,0,0,0,0,0,0,0,0,0,0,0,0,0,0,0,0,0,0,0,0,0,0,0,0,0,0,0,0,0,0,0,0,0,0,0,0,0,0,3184264488,628682812,1581735,1249279,0,0,0,0,205785,8382013952,57324,1319494656,27.734375,13088.015625,14.96875,155.421875,107.03125,1.7,4701.0,0.0,4701.0,60221149,34123622,0,222645629
1702739679048.0952,0,0,0,0,0,0,0,0,0,0,0,0,0,0,0,0,0,0,0,0,0,0,0,0,0,0,0,0,0,0,0,0,0,0,0,0,0,0,0,0,3186566994,629303887,1583992,1250747,0,0,0,0,205786,8382063104,57339,1319797760,27.78125,13100.09375,15.0,155.53125,107.03125,1.5,4701.0,0.0,4701.0,60283387,34158811,0,222771578
1702739680047.4553,0,0,0,0,0,0,0,0,0,0,0,0,0,0,0,0,0,0,0,0,0,0,0,0,0,0,0,0,0,0,0,0,0,0,0,0,0,0,0,0,3188820119,630110538,1586245,1252278,0,0,0,0,205786,8382063104,57353,1319998464,27.828125,13111.9375,15.015625,155.65625,107.0625,1.8,4701.0,0.0,4701.0,60352814,34197078,0,222984540
1702739681044.2837,0,0,0,0,0,0,0,0,0,0,0,0,0,0,0,0,0,0,0,0,0,0,0,0,0,0,0,0,0,0,0,0,0,0,0,0,0,0,0,0,3190200424,630758907,1587734,1253386,0,0,0,0,205787,8382128640,57370,1320293376,27.859375,13123.78125,15.015625,155.71875,107.078125,0.9,4701.0,0.0,4701.0,60413560,34231009,0,223128722
1702739682041.1177,0,0,0,0,0,0,0,0,0,0,0,0,0,0,0,0,0,0,0,0,0,0,0,0,0,0,0,0,0,0,0,0,0,0,0,0,0,0,0,0,3192053781,631499621,1589881,1254876,0,0,0,0,205787,8382128640,57370,1320293376,27.875,13135.53125,15.046875,155.8125,107.125,1.6,4701.0,0.0,4701.0,60483229,34269186,0,223329376
1702739683037.1367,0,0,0,0,0,0,0,0,0,0,0,0,0,0,0,0,0,0,0,0,0,0,0,0,0,0,0,0,0,0,0,0,0,0,0,0,0,0,0,0,3193757342,632204753,1591815,1256330,0,0,0,0,205788,8382145024,57386,1320551424,27.875,13147.453125,15.09375,155.890625,107.125,1.0,4701.0,0.0,4701.0,60546355,34304556,0,223460260
1702739684053.2327,0,0,0,0,0,0,0,0,0,0,0,0,0,0,0,0,0,0,0,0,0,0,0,0,0,0,0,0,0,0,0,0,0,0,0,0,0,0,0,0,3195780455,632800195,1594009,1257722,0,0,0,0,205789,8382177792,57401,1320719360,27.890625,13159.5,15.109375,155.984375,107.171875,1.4,4701.0,0.0,4701.0,60610264,34340458,0,223666719
1702739685048.888,0,0,0,0,0,0,0,0,0,0,0,0,0,0,0,0,0,0,0,0,0,0,0,0,0,0,0,0,0,0,0,0,0,0,0,0,0,0,0,0,3197704353,633622577,1596126,1259125,0,0,0,0,205789,8382177792,57404,1320735744,27.90625,13171.375,15.140625,156.109375,107.171875,1.4,4701.0,0.0,4701.0,60674632,34376118,0,223801631
1702739686048.3682,0,0,0,0,0,0,0,0,0,0,0,0,0,0,0,0,0,0,0,0,0,0,0,0,0,0,0,0,0,0,0,0,0,0,0,0,0,0,0,0,3199806358,634339179,1598329,1260613,0,0,0,0,205791,8382243328,57421,1320997888,27.953125,13183.21875,15.15625,156.25,107.1875,1.8,4701.0,0.0,4701.0,60738416,34411935,0,223999995
1702739687045.7737,0,0,0,0,0,0,0,0,0,0,0,0,0,0,0,0,0,0,0,0,0,0,0,0,0,0,0,0,0,0,0,0,0,0,0,0,0,0,0,0,3201932040,635065520,1600653,1262106,0,0,0,0,205793,8382292480,57439,1321255936,27.953125,13195.1875,15.15625,156.28125,107.1875,0.3,4701.0,0.0,4701.0,60799707,34446555,0,224131999
1702739688042.358,0,0,0,0,0,0,0,0,0,0,0,0,0,0,0,0,0,0,0,0,0,0,0,0,0,0,0,0,0,0,0,0,0,0,0,0,0,0,0,0,3203521304,635749864,1602454,1263536,0,0,0,0,205794,8382325248,57477,1321567232,28.0,13206.859375,15.15625,156.375,107.234375,1.6,4701.0,0.0,4701.0,60862595,34481777,0,224335061
1702739689042.6316,0,0,0,0,0,0,0,0,0,0,0,0,0,0,0,0,0,0,0,0,0,0,0,0,0,0,0,0,0,0,0,0,0,0,0,0,0,0,0,0,3205146787,636495005,1604992,1265000,0,0,0,0,205794,8382325248,57477,1321567232,28.03125,13218.953125,15.171875,156.4375,107.265625,1.1,4701.0,0.0,4701.0,60936214,34521911,0,224504886
1702739690040.1274,0,0,0,0,0,0,0,0,0,0,0,0,0,0,0,0,0,0,0,0,0,0,0,0,0,0,0,0,0,0,0,0,0,0,0,0,0,0,0,0,3207338566,637188988,1607042,1266393,0,0,0,0,205797,8382423552,57504,1321976832,28.078125,13230.65625,15.1875,156.515625,107.296875,1.4,4701.0,0.0,4701.0,61000784,34557682,0,224693362
1702739691053.212,0,0,0,0,0,0,0,0,0,0,0,0,0,0,0,0,0,0,0,0,0,0,0,0,0,0,0,0,0,0,0,0,0,0,0,0,0,0,0,0,3208475217,637658839,1608188,1267363,0,0,0,0,205797,8382423552,57515,1322132480,28.125,13242.71875,15.1875,156.609375,107.328125,1.4,4701.0,0.0,4701.0,61057125,34589223,0,224822650
1702739692051.2175,0,0,0,0,0,0,0,0,0,0,0,0,0,0,0,0,0,0,0,0,0,0,0,0,0,0,0,0,0,0,0,0,0,0,0,0,0,0,0,0,3210982500,638554649,1610406,1268839,0,0,0,0,205798,8382489088,57534,1322427392,28.15625,13254.53125,15.21875,156.734375,107.390625,2.1,4701.0,0.0,4701.0,61123762,34626239,0,225041627
1702739693051.2175,0,0,0,0,0,0,0,0,0,0,0,0,0,0,0,0,0,0,0,0,0,0,0,0,0,0,0,0,0,0,0,0,0,0,0,0,0,0,0,0,3213491798,639288155,1612784,1270416,0,0,0,0,205798,8382489088,57534,1322427392,28.15625,13266.484375,15.21875,156.75,107.421875,0.4,4701.0,0.0,4701.0,61194799,34665094,0,225183507
1702739694049.0352,0,0,0,0,0,0,0,0,0,0,0,0,0,0,0,0,0,0,0,0,0,0,0,0,0,0,0,0,0,0,0,0,0,0,0,0,0,0,0,0,3215802817,640009613,1614961,1271848,0,0,0,0,205799,8382521856,57551,1322677248,28.15625,13278.390625,15.25,156.796875,107.46875,1.0,4701.0,0.0,4701.0,61261293,34701899,0,225376709
1702739695047.584,0,0,0,0,0,0,0,0,0,0,0,0,0,0,0,0,0,0,0,0,0,0,0,0,0,0,0,0,0,0,0,0,0,0,0,0,0,0,0,0,3217812006,640573338,1616783,1273061,0,0,0,0,205800,8382571008,57565,1322873856,28.171875,13290.328125,15.265625,156.828125,107.5,0.8,4701.0,0.0,4701.0,61321188,34735683,0,225505651
1702739696036.082,0,0,0,0,0,0,0,0,0,0,0,0,0,0,0,0,0,0,0,0,0,0,0,0,0,0,0,0,0,0,0,0,0,0,0,0,0,0,0,0,3220407487,641402813,1619141,1274433,0,0,0,0,205800,8382571008,57566,1322906624,28.21875,13302.0,15.28125,156.9375,107.53125,1.7,4701.0,0.0,4701.0,61395303,34775944,0,225727319
1702739697051.2847,0,0,0,0,0,0,0,0,0,0,0,0,0,0,0,0,0,0,0,0,0,0,0,0,0,0,0,0,0,0,0,0,0,0,0,0,0,0,0,0,3222719408,642113791,1621263,1275800,0,0,0,0,205802,8382603776,57585,1323201536,28.265625,13314.09375,15.296875,157.015625,107.546875,1.3,4701.0,0.0,4701.0,61458407,34811214,0,225863107
1702739698043.3452,0,0,0,0,0,0,0,0,0,0,0,0,0,0,0,0,0,0,0,0,0,0,0,0,0,0,0,0,0,0,0,0,0,0,0,0,0,0,0,0,3224440069,642794903,1623001,1277097,0,0,0,0,205803,8382652928,57603,1323484160,28.296875,13325.90625,15.296875,157.125,107.546875,1.2,4701.0,0.0,4701.0,61522362,34846819,0,226066036
1702739699038.5564,0,0,0,0,0,0,0,0,0,0,0,0,0,0,0,0,0,0,0,0,0,0,0,0,0,0,0,0,0,0,0,0,0,0,0,0,0,0,0,0,3226228556,643465194,1624621,1278275,0,0,0,0,205804,8382669312,57615,1323652096,28.375,13337.59375,15.34375,157.265625,107.609375,2.7,4701.0,0.0,4701.0,61580261,34879712,0,226191145
1702739700045.682,0,0,0,0,0,0,0,0,0,0,0,0,0,0,0,0,0,0,0,0,0,0,0,0,0,0,0,0,0,0,0,0,0,0,0,0,0,0,0,0,3228701633,644159379,1626767,1279723,0,0,0,0,205804,8382669312,57619,1323848704,28.40625,13349.546875,15.34375,157.40625,107.6875,2.0,4701.0,0.0,4701.0,61639309,34913323,0,226405414
1702739701051.1506,0,0,0,0,0,0,0,0,0,0,0,0,0,0,0,0,0,0,0,0,0,0,0,0,0,0,0,0,0,0,0,0,0,0,0,0,0,0,0,0,3231351905,644828096,1629068,1281002,0,0,0,0,205806,8382816768,57641,1324327936,28.46875,13361.46875,15.34375,157.46875,107.71875,1.3,4701.0,0.0,4701.0,61705795,34949589,0,226555084
1702739702041.17,0,0,0,0,0,0,0,0,0,0,0,0,0,0,0,0,0,0,0,0,0,0,0,0,0,0,0,0,0,0,0,0,0,0,0,0,0,0,0,0,3233668209,645524117,1631482,1282321,0,0,0,0,205807,8382865920,57659,1324774400,28.53125,13373.109375,15.34375,157.59375,107.765625,2.0,4701.0,0.0,4701.0,61779093,34989408,0,226770128
1702739703049.158,0,0,0,0,0,0,0,0,0,0,0,0,0,0,0,0,0,0,0,0,0,0,0,0,0,0,0,0,0,0,0,0,0,0,0,0,0,0,0,0,3235866358,646196140,1633408,1283421,0,0,0,0,205808,8382898688,57674,1324983296,28.5625,13385.125,15.34375,157.703125,107.828125,1.7,4701.0,0.0,4701.0,61843262,35024917,0,226912022
1702739704034.5962,0,0,0,0,0,0,0,0,0,0,0,0,0,0,0,0,0,0,0,0,0,0,0,0,0,0,0,0,0,0,0,0,0,0,0,0,0,0,0,0,3238097188,646981816,1635599,1284898,0,0,0,0,205821,8383070720,57731,1325446144,28.578125,13396.71875,15.359375,157.859375,107.890625,2.1,4701.0,0.0,4701.0,61921498,35066528,0,227141580
1702739705049.534,0,0,0,0,0,0,0,0,0,0,0,0,0,0,0,0,0,0,0,0,0,0,0,0,0,0,0,0,0,0,0,0,0,0,0,0,0,0,0,0,3240451695,647691892,1637749,1286111,0,0,0,0,205823,8383119872,57800,1326093312,28.640625,13408.71875,15.390625,158.015625,107.921875,2.3,4701.0,0.0,4701.0,61987976,35103528,0,227292627
1702739706039.9587,0,0,0,0,0,0,0,0,0,0,0,0,0,0,0,0,0,0,0,0,0,0,0,0,0,0,0,0,0,0,0,0,0,0,0,0,0,0,0,0,3242006499,648382400,1639500,1287432,0,0,0,0,205824,8383250944,57821,1326670848,28.65625,13420.390625,15.40625,158.109375,107.96875,1.5,4701.0,0.0,4701.0,62054670,35140605,0,227513973
1702739707046.4905,0,0,0,0,0,0,0,0,0,0,0,0,0,0,0,0,0,0,0,0,0,0,0,0,0,0,0,0,0,0,0,0,0,0,0,0,0,0,0,0,3244057678,649074834,1641442,1288932,0,0,0,0,205825,8383267328,57838,1326896128,28.671875,13432.5,15.40625,158.171875,107.984375,0.8,4701.0,0.0,4701.0,62115750,35175142,0,227645428
1702739708031.8706,0,0,0,0,0,0,0,0,0,0,0,0,0,0,0,0,0,0,0,0,0,0,0,0,0,0,0,0,0,0,0,0,0,0,0,0,0,0,0,0,3246289610,649763536,1643510,1290484,0,0,0,0,205825,8383267328,57838,1326896128,28.703125,13444.140625,15.4375,158.3125,108.015625,2.0,4701.0,0.0,4701.0,62183831,35212112,0,227843472
1702739709049.7017,0,0,0,0,0,0,0,0,0,0,0,0,0,0,0,0,0,0,0,0,0,0,0,0,0,0,0,0,0,0,0,0,0,0,0,0,0,0,0,0,3248582989,650459146,1645519,1291848,0,0,0,0,205826,8383283712,57851,1327072256,28.734375,13456.171875,15.4375,158.390625,108.09375,1.5,4701.0,0.0,4701.0,62244206,35246257,0,227987383
1702739710040.106,0,0,0,0,0,0,0,0,0,0,0,0,0,0,0,0,0,0,0,0,0,0,0,0,0,0,0,0,0,0,0,0,0,0,0,0,0,0,0,0,3250621899,651188614,1647718,1293232,0,0,0,0,205827,8383300096,57875,1327346688,28.75,13467.90625,15.4375,158.453125,108.109375,0.8,4701.0,0.0,4701.0,62315567,35285032,0,228206181
1702739711046.3428,0,0,0,0,0,0,0,0,0,0,0,0,0,0,0,0,0,0,0,0,0,0,0,0,0,0,0,0,0,0,0,0,0,0,0,0,0,0,0,0,3252283410,651894757,1649447,1294588,0,0,0,0,205828,8383308288,57891,1327612928,28.78125,13479.921875,15.484375,158.5625,108.171875,2.0,4701.0,0.0,4701.0,62381049,35321423,0,228355920
1702739712035.677,0,0,0,0,0,0,0,0,0,0,0,0,0,0,0,0,0,0,0,0,0,0,0,0,0,0,0,0,0,0,0,0,0,0,0,0,0,0,0,0,3254972328,652584392,1651714,1295989,0,0,0,0,205828,8383308288,57893,1327629312,28.78125,13491.625,15.484375,158.59375,108.25,0.9,4701.0,0.0,4701.0,62447007,35358214,0,228559808
1702739713036.05,0,0,0,0,0,0,0,0,0,0,0,0,0,0,0,0,0,0,0,0,0,0,0,0,0,0,0,0,0,0,0,0,0,0,0,0,0,0,0,0,3257520279,653324526,1654071,1297526,0,0,0,0,205828,8383308288,57909,1327793152,28.8125,13503.546875,15.5,158.65625,108.265625,1.0,4701.0,0.0,4701.0,62524645,35399950,0,228729682
1702739714044.73,0,0,0,0,0,0,0,0,0,0,0,0,0,0,0,0,0,0,0,0,0,0,0,0,0,0,0,0,0,0,0,0,0,0,0,0,0,0,0,0,3259813693,654053202,1656338,1298961,0,0,0,0,205830,8383341056,57931,1328088064,28.828125,13515.46875,15.5,158.75,108.359375,1.7,4701.0,0.0,4701.0,62590589,35436614,0,228931639
1702739715047.2727,0,0,0,0,0,0,0,0,0,0,0,0,0,0,0,0,0,0,0,0,0,0,0,0,0,0,0,0,0,0,0,0,0,0,0,0,0,0,0,0,3261476455,654755337,1658228,1300447,0,0,0,0,205830,8383341056,57934,1328141312,28.84375,13527.484375,15.515625,158.8125,108.359375,0.8,4701.0,0.0,4701.0,62651298,35470917,0,229063386
1702739716041.1023,0,0,0,0,0,0,0,0,0,0,0,0,0,0,0,0,0,0,0,0,0,0,0,0,0,0,0,0,0,0,0,0,0,0,0,0,0,0,0,0,3264103418,655434166,1660444,1301804,0,0,0,0,205832,8383390208,57948,1328350208,28.859375,13539.140625,15.515625,158.890625,108.4375,1.5,4701.0,0.0,4701.0,62718424,35508124,0,229291785
1702739717040.1726,0,0,0,0,0,0,0,0,0,0,0,0,0,0,0,0,0,0,0,0,0,0,0,0,0,0,0,0,0,0,0,0,0,0,0,0,0,0,0,0,3266722064,656181008,1662889,1303231,0,0,0,0,205834,8383439360,57971,1328653312,28.875,13551.0,15.515625,158.953125,108.515625,1.3,4701.0,0.0,4701.0,62791176,35547701,0,229436153
1702739718030.5693,0,0,0,0,0,0,0,0,0,0,0,0,0,0,0,0,0,0,0,0,0,0,0,0,0,0,0,0,0,0,0,0,0,0,0,0,0,0,0,0,3268830404,656904440,1664997,1304638,0,0,0,0,205835,8383455744,57995,1328960512,28.90625,13562.765625,15.515625,159.09375,108.578125,2.0,4701.0,0.0,4701.0,62857307,35584317,0,229649203
1702739719037.6782,0,0,0,0,0,0,0,0,0,0,0,0,0,0,0,0,0,0,0,0,0,0,0,0,0,0,0,0,0,0,0,0,0,0,0,0,0,0,0,0,3271228455,657630917,1667300,1305997,0,0,0,0,205835,8383455744,57995,1328960512,28.921875,13574.703125,15.515625,159.140625,108.625,0.9,4701.0,0.0,4701.0,62921512,35620210,0,229787815
1702739720044.284,0,0,0,0,0,0,0,0,0,0,0,0,0,0,0,0,0,0,0,0,0,0,0,0,0,0,0,0,0,0,0,0,0,0,0,0,0,0,0,0,3273165383,658348202,1669361,1307512,0,0,0,0,205836,8383472128,58015,1329198080,28.9375,13586.578125,15.515625,159.21875,108.671875,1.2,4701.0,0.0,4701.0,62987085,35656828,0,229995827
1702739721046.0374,0,0,0,0,0,0,0,0,0,0,0,0,0,0,0,0,0,0,0,0,0,0,0,0,0,0,0,0,0,0,0,0,0,0,0,0,0,0,0,0,3275483688,659052100,1671530,1308819,0,0,0,0,205836,8383472128,58072,1329517568,29.0,13598.578125,15.515625,159.28125,108.765625,1.8,4701.0,0.0,4701.0,63051678,35692413,0,230132614
1702739722037.3157,0,0,0,0,0,0,0,0,0,0,0,0,0,0,0,0,0,0,0,0,0,0,0,0,0,0,0,0,0,0,0,0,0,0,0,0,0,0,0,0,3277123127,659739649,1673168,1310249,0,0,0,0,205837,8383488512,58083,1329636352,29.015625,13610.328125,15.53125,159.328125,108.8125,1.1,4701.0,0.0,4701.0,63112518,35726706,0,230316253
1702739723042.131,0,0,0,0,0,0,0,0,0,0,0,0,0,0,0,0,0,0,0,0,0,0,0,0,0,0,0,0,0,0,0,0,0,0,0,0,0,0,0,0,3278997754,660422992,1674927,1311549,0,0,0,0,205837,8383488512,58083,1329636352,29.015625,13622.28125,15.53125,159.359375,108.828125,0.4,4701.0,0.0,4701.0,63175561,35761856,0,230452174
1702739724033.2368,0,0,0,0,0,0,0,0,0,0,0,0,0,0,0,0,0,0,0,0,0,0,0,0,0,0,0,0,0,0,0,0,0,0,0,0,0,0,0,0,3281758795,661121508,1677265,1312944,0,0,0,0,205838,8383521280,58098,1329792000,29.046875,13634.109375,15.546875,159.46875,108.890625,1.8,4701.0,0.0,4701.0,63240383,35797527,0,230639705
1702739725041.145,0,0,0,0,0,0,0,0,0,0,0,0,0,0,0,0,0,0,0,0,0,0,0,0,0,0,0,0,0,0,0,0,0,0,0,0,0,0,0,0,3284143870,661848342,1679775,1314541,0,0,0,0,205840,8383586816,58119,1330144256,29.0625,13645.984375,15.5625,159.515625,108.96875,1.3,4701.0,0.0,4701.0,63316798,35838981,0,230802806
1702739726044.025,0,0,0,0,0,0,0,0,0,0,0,0,0,0,0,0,0,0,0,0,0,0,0,0,0,0,0,0,0,0,0,0,0,0,0,0,0,0,0,0,3286399434,662566792,1681945,1315755,0,0,0,0,205841,8383603200,58134,1330357248,29.078125,13657.96875,15.578125,159.625,109.046875,1.8,4701.0,0.0,4701.0,63382924,35875409,0,231004184
1702739727050.0737,0,0,0,0,0,0,0,0,0,0,0,0,0,0,0,0,0,0,0,0,0,0,0,0,0,0,0,0,0,0,0,0,0,0,0,0,0,0,0,0,3288710941,663290615,1684192,1317252,0,0,0,0,205841,8383603200,58134,1330357248,29.09375,13669.859375,15.59375,159.703125,109.09375,1.3,4701.0,0.0,4701.0,63448657,35912041,0,231161633
1702739728045.2725,0,0,0,0,0,0,0,0,0,0,0,0,0,0,0,0,0,0,0,0,0,0,0,0,0,0,0,0,0,0,0,0,0,0,0,0,0,0,0,0,3290482220,663966914,1685867,1318548,0,0,0,0,205844,8383685120,58157,1330779136,29.125,13681.65625,15.59375,159.8125,109.1875,1.9,4701.0,0.0,4701.0,63510244,35946249,0,231353451
1702739729042.87,0,0,0,0,0,0,0,0,0,0,0,0,0,0,0,0,0,0,0,0,0,0,0,0,0,0,0,0,0,0,0,0,0,0,0,0,0,0,0,0,3292904932,664686864,1688198,1319968,0,0,0,0,205846,8383717888,58178,1331094528,29.125,13693.328125,15.609375,159.875,109.265625,1.3,4701.0,0.0,4701.0,63582472,35985587,0,231510831
1702739730032.3037,0,0,0,0,0,0,0,0,0,0,0,0,0,0,0,0,0,0,0,0,0,0,0,0,0,0,0,0,0,0,0,0,0,0,0,0,0,0,0,0,3295208740,665398856,1690504,1321491,0,0,0,0,205846,8383717888,58179,1331225600,29.140625,13705.203125,15.609375,159.984375,109.28125,1.2,4701.0,0.0,4701.0,63646591,36021421,0,231715307
1702739731052.9858,0,0,0,0,0,0,0,0,0,0,0,0,0,0,0,0,0,0,0,0,0,0,0,0,0,0,0,0,0,0,0,0,0,0,0,0,0,0,0,0,3296753456,666123969,1692569,1323124,0,0,0,0,205846,8383717888,58193,1331393536,29.140625,13717.3125,15.609375,160.0,109.34375,0.6,4701.0,0.0,4701.0,63709216,36056979,0,231857767
1702739732040.068,0,0,0,0,0,0,0,0,0,0,0,0,0,0,0,0,0,0,0,0,0,0,0,0,0,0,0,0,0,0,0,0,0,0,0,0,0,0,0,0,3298416768,666789481,1694268,1324557,0,0,0,0,205847,8383734272,58214,1331622912,29.140625,13728.96875,15.609375,160.09375,109.40625,1.3,4701.0,0.0,4701.0,63773515,36093051,0,232058657
1702739733040.1926,0,0,0,0,0,0,0,0,0,0,0,0,0,0,0,0,0,0,0,0,0,0,0,0,0,0,0,0,0,0,0,0,0,0,0,0,0,0,0,0,3300249554,667501440,1696074,1326032,0,0,0,0,205848,8383750656,58234,1331905536,29.140625,13740.90625,15.609375,160.109375,109.453125,0.5,4701.0,0.0,4701.0,63840006,36130154,0,232199029
1702739734031.6648,0,0,0,0,0,0,0,0,0,0,0,0,0,0,0,0,0,0,0,0,0,0,0,0,0,0,0,0,0,0,0,0,0,0,0,0,0,0,0,0,3301276288,668173608,1697366,1327398,0,0,0,0,205848,8383750656,58235,1331938304,29.15625,13752.703125,15.625,160.25,109.5,1.8,4701.0,0.0,4701.0,63889240,36159037,0,232366446
1702739735048.6099,0,0,0,0,0,0,0,0,0,0,0,0,0,0,0,0,0,0,0,0,0,0,0,0,0,0,0,0,0,0,0,0,0,0,0,0,0,0,0,0,3302787904,668865835,1698906,1328719,0,0,0,0,205849,8383767040,58254,1332192256,29.203125,13764.765625,15.640625,160.375,109.515625,1.7,4701.0,0.0,4701.0,63933016,36185435,0,232470100
1702739736035.1355,0,0,0,0,0,0,0,0,0,0,0,0,0,0,0,0,0,0,0,0,0,0,0,0,0,0,0,0,0,0,0,0,0,0,0,0,0,0,0,0,3303451808,669521306,1699899,1329834,0,0,0,0,205849,8383767040,58282,1332540416,29.21875,13776.4375,15.6875,160.453125,109.578125,1.7,4701.0,0.0,4701.0,63973437,36210038,0,232629654
1702739737041.032,0,0,0,0,0,0,0,0,0,0,0,0,0,0,0,0,0,0,0,0,0,0,0,0,0,0,0,0,0,0,0,0,0,0,0,0,0,0,0,0,3305961360,670205381,1701939,1331023,0,0,0,0,205851,8383799808,58360,1333158912,29.25,13788.34375,15.6875,160.515625,109.609375,1.0,4701.0,0.0,4701.0,64020942,36237903,0,232743073
1702739738034.3513,0,0,0,0,0,0,0,0,0,0,0,0,0,0,0,0,0,0,0,0,0,0,0,0,0,0,0,0,0,0,0,0,0,0,0,0,0,0,0,0,3308130545,670896501,1703985,1332625,0,0,0,0,205851,8383799808,58360,1333158912,29.265625,13800.140625,15.703125,160.703125,109.625,1.9,4701.0,0.0,4701.0,64072452,36267933,0,232924130
1702739739039.9915,0,0,0,0,0,0,0,0,0,0,0,0,0,0,0,0,0,0,0,0,0,0,0,0,0,0,0,0,0,0,0,0,0,0,0,0,0,0,0,0,3310996406,671619546,1706599,1334098,0,0,0,0,205852,8383816192,58382,1333392384,29.265625,13812.0,15.703125,160.8125,109.65625,1.2,4701.0,0.0,4701.0,64136371,36303433,0,233061759
1702739740031.1506,0,0,0,0,0,0,0,0,0,0,0,0,0,0,0,0,0,0,0,0,0,0,0,0,0,0,0,0,0,0,0,0,0,0,0,0,0,0,0,0,3313357743,672337891,1708912,1335534,0,0,0,0,205852,8383816192,58392,1333548032,29.296875,13823.8125,15.734375,160.96875,109.6875,2.1,4701.0,0.0,4701.0,64206059,36341475,0,233270867
1702739741047.0703,0,0,0,0,0,0,0,0,0,0,0,0,0,0,0,0,0,0,0,0,0,0,0,0,0,0,0,0,0,0,0,0,0,0,0,0,0,0,0,0,3315644045,673055901,1711219,1337081,0,0,0,0,205852,8383816192,58411,1333814272,29.3125,13835.859375,15.75,161.046875,109.75,1.4,4701.0,0.0,4701.0,64268968,36376495,0,233414950
1702739742039.1035,0,0,0,0,0,0,0,0,0,0,0,0,0,0,0,0,0,0,0,0,0,0,0,0,0,0,0,0,0,0,0,0,0,0,0,0,0,0,0,0,3317864126,673736286,1713128,1338277,0,0,0,0,205852,8383816192,58411,1333814272,29.375,13847.5,15.78125,161.15625,109.8125,2.2,4701.0,0.0,4701.0,64331457,36411399,0,233613206
1702739743045.387,0,0,0,0,0,0,0,0,0,0,0,0,0,0,0,0,0,0,0,0,0,0,0,0,0,0,0,0,0,0,0,0,0,0,0,0,0,0,0,0,3320442343,674459061,1715572,1339875,0,0,0,0,205853,8383848960,58428,1334113280,29.46875,13859.46875,15.78125,161.3125,109.875,2.5,4701.0,0.0,4701.0,64400358,36449320,0,233755919
1702739744036.0876,0,0,0,0,0,0,0,0,0,0,0,0,0,0,0,0,0,0,0,0,0,0,0,0,0,0,0,0,0,0,0,0,0,0,0,0,0,0,0,0,3322448731,675185781,1717767,1341456,0,0,0,0,205854,8383898112,58441,1334309888,29.5,13871.171875,15.78125,161.390625,109.90625,1.2,4701.0,0.0,4701.0,64471516,36488253,0,233968906
1702739745042.304,0,0,0,0,0,0,0,0,0,0,0,0,0,0,0,0,0,0,0,0,0,0,0,0,0,0,0,0,0,0,0,0,0,0,0,0,0,0,0,0,3324679730,675872593,1719682,1342677,0,0,0,0,205854,8383898112,58441,1334309888,29.53125,13883.0625,15.78125,161.484375,109.921875,1.2,4701.0,0.0,4701.0,64532467,36522466,0,234106744
1702739746045.3706,0,0,0,0,0,0,0,0,0,0,0,0,0,0,0,0,0,0,0,0,0,0,0,0,0,0,0,0,0,0,0,0,0,0,0,0,0,0,0,0,3326018543,676608217,1721394,1344148,0,0,0,0,205874,8384412160,58510,1335796736,29.578125,13894.328125,15.796875,162.15625,110.140625,7.8,4701.0,0.0,4701.0,64627694,36586160,0,234519428
1702739747044.977,0,0,0,0,0,0,0,0,0,0,0,0,0,0,0,0,0,0,0,0,0,0,0,0,0,0,0,0,0,0,0,0,0,0,0,0,0,0,0,0,3328654181,677287591,1723600,1345459,0,0,0,0,205878,8384526848,58548,1336288256,29.578125,13904.671875,15.8125,163.75,110.21875,14.0,4701.0,0.0,4701.0,64669760,36639048,0,234766060
1702739748038.3616,0,0,0,0,0,0,0,0,0,0,0,0,0,0,0,0,0,0,0,0,0,0,0,0,0,0,0,0,0,0,0,0,0,0,0,0,0,0,0,0,3330717864,677972806,1725786,1347096,0,0,0,0,205879,8384576000,58579,1336632320,29.609375,13915.421875,15.828125,164.75,110.28125,9.4,4701.0,0.0,4701.0,64720199,36682843,0,235027223
