timestamp,id,uuid,load,memoryUtil,memoryTotal,memoryUsed,memoryFree,driver,name,serial,display_mode,display_active
1709266507.967684,0,GPU-93ae0c7f-c327-aee3-adae-bc0d1dae71ea,0.13,0.253216088584921,12282.0,8901.0,551.52,NVIDIA GeForce RTX 4070,[N/A],Enabled,Enabled
1709266508.964569,0,GPU-93ae0c7f-c327-aee3-adae-bc0d1dae71ea,0.14,0.25280898876404495,12282.0,8906.0,551.52,NVIDIA GeForce RTX 4070,[N/A],Enabled,Enabled
1709266509.964779,0,GPU-93ae0c7f-c327-aee3-adae-bc0d1dae71ea,0.13,0.25280898876404495,12282.0,8906.0,551.52,NVIDIA GeForce RTX 4070,[N/A],Enabled,Enabled
1709266510.964695,0,GPU-93ae0c7f-c327-aee3-adae-bc0d1dae71ea,0.13,0.25280898876404495,12282.0,8906.0,551.52,NVIDIA GeForce RTX 4070,[N/A],Enabled,Enabled
1709266511.964961,0,GPU-93ae0c7f-c327-aee3-adae-bc0d1dae71ea,0.13,0.25280898876404495,12282.0,8906.0,551.52,NVIDIA GeForce RTX 4070,[N/A],Enabled,Enabled
1709266512.965446,0,GPU-93ae0c7f-c327-aee3-adae-bc0d1dae71ea,0.13,0.25280898876404495,12282.0,8906.0,551.52,NVIDIA GeForce RTX 4070,[N/A],Enabled,Enabled
1709266513.964821,0,GPU-93ae0c7f-c327-aee3-adae-bc0d1dae71ea,0.13,0.25280898876404495,12282.0,8906.0,551.52,NVIDIA GeForce RTX 4070,[N/A],Enabled,Enabled
1709266514.965512,0,GPU-93ae0c7f-c327-aee3-adae-bc0d1dae71ea,0.13,0.25280898876404495,12282.0,8906.0,551.52,NVIDIA GeForce RTX 4070,[N/A],Enabled,Enabled
1709266515.964944,0,GPU-93ae0c7f-c327-aee3-adae-bc0d1dae71ea,0.13,0.25280898876404495,12282.0,8906.0,551.52,NVIDIA GeForce RTX 4070,[N/A],Enabled,Enabled
1709266516.964595,0,GPU-93ae0c7f-c327-aee3-adae-bc0d1dae71ea,0.13,0.25280898876404495,12282.0,8906.0,551.52,NVIDIA GeForce RTX 4070,[N/A],Enabled,Enabled
1709266517.96542,0,GPU-93ae0c7f-c327-aee3-adae-bc0d1dae71ea,0.13,0.25280898876404495,12282.0,8906.0,551.52,NVIDIA GeForce RTX 4070,[N/A],Enabled,Enabled
1709266518.964589,0,GPU-93ae0c7f-c327-aee3-adae-bc0d1dae71ea,0.13,0.25280898876404495,12282.0,8906.0,551.52,NVIDIA GeForce RTX 4070,[N/A],Enabled,Enabled
1709266519.96512,0,GPU-93ae0c7f-c327-aee3-adae-bc0d1dae71ea,0.13,0.25280898876404495,12282.0,8906.0,551.52,NVIDIA GeForce RTX 4070,[N/A],Enabled,Enabled
1709266520.964865,0,GPU-93ae0c7f-c327-aee3-adae-bc0d1dae71ea,0.13,0.25280898876404495,12282.0,8906.0,551.52,NVIDIA GeForce RTX 4070,[N/A],Enabled,Enabled
1709266521.965597,0,GPU-93ae0c7f-c327-aee3-adae-bc0d1dae71ea,0.13,0.25280898876404495,12282.0,8906.0,551.52,NVIDIA GeForce RTX 4070,[N/A],Enabled,Enabled
1709266522.965687,0,GPU-93ae0c7f-c327-aee3-adae-bc0d1dae71ea,0.14,0.2530532486565706,12282.0,8903.0,551.52,NVIDIA GeForce RTX 4070,[N/A],Enabled,Enabled
1709266523.965501,0,GPU-93ae0c7f-c327-aee3-adae-bc0d1dae71ea,0.14,0.2553330076534766,12282.0,8875.0,551.52,NVIDIA GeForce RTX 4070,[N/A],Enabled,Enabled
1709266524.965019,0,GPU-93ae0c7f-c327-aee3-adae-bc0d1dae71ea,0.11,0.25736850675785705,12282.0,8850.0,551.52,NVIDIA GeForce RTX 4070,[N/A],Enabled,Enabled
1709266525.965685,0,GPU-93ae0c7f-c327-aee3-adae-bc0d1dae71ea,0.08,0.32274873799055526,12282.0,8047.0,551.52,NVIDIA GeForce RTX 4070,[N/A],Enabled,Enabled
1709266526.964556,0,GPU-93ae0c7f-c327-aee3-adae-bc0d1dae71ea,0.08,0.32274873799055526,12282.0,8047.0,551.52,NVIDIA GeForce RTX 4070,[N/A],Enabled,Enabled
1709266527.964899,0,GPU-93ae0c7f-c327-aee3-adae-bc0d1dae71ea,0.08,0.32274873799055526,12282.0,8047.0,551.52,NVIDIA GeForce RTX 4070,[N/A],Enabled,Enabled
1709266528.96439,0,GPU-93ae0c7f-c327-aee3-adae-bc0d1dae71ea,0.06,0.2995440482006188,12282.0,8332.0,551.52,NVIDIA GeForce RTX 4070,[N/A],Enabled,Enabled
1709266529.964662,0,GPU-93ae0c7f-c327-aee3-adae-bc0d1dae71ea,0.22,0.48420452695000815,12282.0,6064.0,551.52,NVIDIA GeForce RTX 4070,[N/A],Enabled,Enabled
1709266530.965524,0,GPU-93ae0c7f-c327-aee3-adae-bc0d1dae71ea,0.31,0.45106660153069533,12282.0,6471.0,551.52,NVIDIA GeForce RTX 4070,[N/A],Enabled,Enabled
1709266531.964905,0,GPU-93ae0c7f-c327-aee3-adae-bc0d1dae71ea,0.32,0.45106660153069533,12282.0,6471.0,551.52,NVIDIA GeForce RTX 4070,[N/A],Enabled,Enabled
1709266532.964571,0,GPU-93ae0c7f-c327-aee3-adae-bc0d1dae71ea,0.29,0.4463442436085328,12282.0,6529.0,551.52,NVIDIA GeForce RTX 4070,[N/A],Enabled,Enabled
1709266533.965465,0,GPU-93ae0c7f-c327-aee3-adae-bc0d1dae71ea,0.28,0.4463442436085328,12282.0,6529.0,551.52,NVIDIA GeForce RTX 4070,[N/A],Enabled,Enabled
1709266534.96504,0,GPU-93ae0c7f-c327-aee3-adae-bc0d1dae71ea,0.29,0.4463442436085328,12282.0,6529.0,551.52,NVIDIA GeForce RTX 4070,[N/A],Enabled,Enabled
1709266535.964825,0,GPU-93ae0c7f-c327-aee3-adae-bc0d1dae71ea,0.33,0.4509851815665201,12282.0,6472.0,551.52,NVIDIA GeForce RTX 4070,[N/A],Enabled,Enabled
1709266536.964917,0,GPU-93ae0c7f-c327-aee3-adae-bc0d1dae71ea,0.09,0.5639146718775444,12282.0,5085.0,551.52,NVIDIA GeForce RTX 4070,[N/A],Enabled,Enabled
1709266537.965504,0,GPU-93ae0c7f-c327-aee3-adae-bc0d1dae71ea,0.31,0.4518808011724475,12282.0,6461.0,551.52,NVIDIA GeForce RTX 4070,[N/A],Enabled,Enabled
1709266538.964413,0,GPU-93ae0c7f-c327-aee3-adae-bc0d1dae71ea,0.29,0.4518808011724475,12282.0,6461.0,551.52,NVIDIA GeForce RTX 4070,[N/A],Enabled,Enabled
1709266539.964986,0,GPU-93ae0c7f-c327-aee3-adae-bc0d1dae71ea,0.26,0.44707702328610976,12282.0,6520.0,551.52,NVIDIA GeForce RTX 4070,[N/A],Enabled,Enabled
1709266540.965182,0,GPU-93ae0c7f-c327-aee3-adae-bc0d1dae71ea,0.26,0.44707702328610976,12282.0,6520.0,551.52,NVIDIA GeForce RTX 4070,[N/A],Enabled,Enabled
1709266541.965135,0,GPU-93ae0c7f-c327-aee3-adae-bc0d1dae71ea,0.27,0.447158443250285,12282.0,6519.0,551.52,NVIDIA GeForce RTX 4070,[N/A],Enabled,Enabled
1709266542.964957,0,GPU-93ae0c7f-c327-aee3-adae-bc0d1dae71ea,0.29,0.4518808011724475,12282.0,6461.0,551.52,NVIDIA GeForce RTX 4070,[N/A],Enabled,Enabled
1709266543.964965,0,GPU-93ae0c7f-c327-aee3-adae-bc0d1dae71ea,0.29,0.4518808011724475,12282.0,6461.0,551.52,NVIDIA GeForce RTX 4070,[N/A],Enabled,Enabled
1709266544.964848,0,GPU-93ae0c7f-c327-aee3-adae-bc0d1dae71ea,0.27,0.4472398632144602,12282.0,6518.0,551.52,NVIDIA GeForce RTX 4070,[N/A],Enabled,Enabled
1709266545.966097,0,GPU-93ae0c7f-c327-aee3-adae-bc0d1dae71ea,0.28,0.4518808011724475,12282.0,6461.0,551.52,NVIDIA GeForce RTX 4070,[N/A],Enabled,Enabled
1709266546.965598,0,GPU-93ae0c7f-c327-aee3-adae-bc0d1dae71ea,0.3,0.4518808011724475,12282.0,6461.0,551.52,NVIDIA GeForce RTX 4070,[N/A],Enabled,Enabled
1709266547.964969,0,GPU-93ae0c7f-c327-aee3-adae-bc0d1dae71ea,0.28,0.4472398632144602,12282.0,6518.0,551.52,NVIDIA GeForce RTX 4070,[N/A],Enabled,Enabled
1709266548.965175,0,GPU-93ae0c7f-c327-aee3-adae-bc0d1dae71ea,0.27,0.4472398632144602,12282.0,6518.0,551.52,NVIDIA GeForce RTX 4070,[N/A],Enabled,Enabled
1709266549.964879,0,GPU-93ae0c7f-c327-aee3-adae-bc0d1dae71ea,0.3,0.4518808011724475,12282.0,6461.0,551.52,NVIDIA GeForce RTX 4070,[N/A],Enabled,Enabled
1709266550.965228,0,GPU-93ae0c7f-c327-aee3-adae-bc0d1dae71ea,0.3,0.4518808011724475,12282.0,6461.0,551.52,NVIDIA GeForce RTX 4070,[N/A],Enabled,Enabled
1709266551.96601,0,GPU-93ae0c7f-c327-aee3-adae-bc0d1dae71ea,0.28,0.4472398632144602,12282.0,6518.0,551.52,NVIDIA GeForce RTX 4070,[N/A],Enabled,Enabled
1709266552.964729,0,GPU-93ae0c7f-c327-aee3-adae-bc0d1dae71ea,0.25,0.44919394235466537,12282.0,6494.0,551.52,NVIDIA GeForce RTX 4070,[N/A],Enabled,Enabled
1709266553.965064,0,GPU-93ae0c7f-c327-aee3-adae-bc0d1dae71ea,0.39,0.45570753948868264,12282.0,6414.0,551.52,NVIDIA GeForce RTX 4070,[N/A],Enabled,Enabled
1709266554.964954,0,GPU-93ae0c7f-c327-aee3-adae-bc0d1dae71ea,0.43,0.45570753948868264,12282.0,6414.0,551.52,NVIDIA GeForce RTX 4070,[N/A],Enabled,Enabled
1709266555.965308,0,GPU-93ae0c7f-c327-aee3-adae-bc0d1dae71ea,0.37,0.45570753948868264,12282.0,6414.0,551.52,NVIDIA GeForce RTX 4070,[N/A],Enabled,Enabled
1709266556.965128,0,GPU-93ae0c7f-c327-aee3-adae-bc0d1dae71ea,0.39,0.45570753948868264,12282.0,6414.0,551.52,NVIDIA GeForce RTX 4070,[N/A],Enabled,Enabled
1709266557.965266,0,GPU-93ae0c7f-c327-aee3-adae-bc0d1dae71ea,0.42,0.45570753948868264,12282.0,6414.0,551.52,NVIDIA GeForce RTX 4070,[N/A],Enabled,Enabled
1709266558.965633,0,GPU-93ae0c7f-c327-aee3-adae-bc0d1dae71ea,0.37,0.45570753948868264,12282.0,6414.0,551.52,NVIDIA GeForce RTX 4070,[N/A],Enabled,Enabled
1709266559.965469,0,GPU-93ae0c7f-c327-aee3-adae-bc0d1dae71ea,0.36,0.45570753948868264,12282.0,6414.0,551.52,NVIDIA GeForce RTX 4070,[N/A],Enabled,Enabled
1709266560.965013,0,GPU-93ae0c7f-c327-aee3-adae-bc0d1dae71ea,0.39,0.45570753948868264,12282.0,6414.0,551.52,NVIDIA GeForce RTX 4070,[N/A],Enabled,Enabled
1709266561.964376,0,GPU-93ae0c7f-c327-aee3-adae-bc0d1dae71ea,0.38,0.45570753948868264,12282.0,6414.0,551.52,NVIDIA GeForce RTX 4070,[N/A],Enabled,Enabled
1709266562.965596,0,GPU-93ae0c7f-c327-aee3-adae-bc0d1dae71ea,0.37,0.45570753948868264,12282.0,6414.0,551.52,NVIDIA GeForce RTX 4070,[N/A],Enabled,Enabled
1709266563.965405,0,GPU-93ae0c7f-c327-aee3-adae-bc0d1dae71ea,0.4,0.45570753948868264,12282.0,6414.0,551.52,NVIDIA GeForce RTX 4070,[N/A],Enabled,Enabled
1709266564.965233,0,GPU-93ae0c7f-c327-aee3-adae-bc0d1dae71ea,0.42,0.45570753948868264,12282.0,6414.0,551.52,NVIDIA GeForce RTX 4070,[N/A],Enabled,Enabled
1709266565.965185,0,GPU-93ae0c7f-c327-aee3-adae-bc0d1dae71ea,0.38,0.45570753948868264,12282.0,6414.0,551.52,NVIDIA GeForce RTX 4070,[N/A],Enabled,Enabled
1709266566.964884,0,GPU-93ae0c7f-c327-aee3-adae-bc0d1dae71ea,0.39,0.45570753948868264,12282.0,6414.0,551.52,NVIDIA GeForce RTX 4070,[N/A],Enabled,Enabled
1709266567.965608,0,GPU-93ae0c7f-c327-aee3-adae-bc0d1dae71ea,0.4,0.45570753948868264,12282.0,6414.0,551.52,NVIDIA GeForce RTX 4070,[N/A],Enabled,Enabled
1709266568.965158,0,GPU-93ae0c7f-c327-aee3-adae-bc0d1dae71ea,0.41,0.45570753948868264,12282.0,6414.0,551.52,NVIDIA GeForce RTX 4070,[N/A],Enabled,Enabled
1709266569.965067,0,GPU-93ae0c7f-c327-aee3-adae-bc0d1dae71ea,0.41,0.45570753948868264,12282.0,6414.0,551.52,NVIDIA GeForce RTX 4070,[N/A],Enabled,Enabled
1709266570.965124,0,GPU-93ae0c7f-c327-aee3-adae-bc0d1dae71ea,0.39,0.45570753948868264,12282.0,6414.0,551.52,NVIDIA GeForce RTX 4070,[N/A],Enabled,Enabled
1709266571.965538,0,GPU-93ae0c7f-c327-aee3-adae-bc0d1dae71ea,0.4,0.45570753948868264,12282.0,6414.0,551.52,NVIDIA GeForce RTX 4070,[N/A],Enabled,Enabled
1709266572.964288,0,GPU-93ae0c7f-c327-aee3-adae-bc0d1dae71ea,0.38,0.45570753948868264,12282.0,6414.0,551.52,NVIDIA GeForce RTX 4070,[N/A],Enabled,Enabled
1709266573.964814,0,GPU-93ae0c7f-c327-aee3-adae-bc0d1dae71ea,0.39,0.45570753948868264,12282.0,6414.0,551.52,NVIDIA GeForce RTX 4070,[N/A],Enabled,Enabled
1709266574.965677,0,GPU-93ae0c7f-c327-aee3-adae-bc0d1dae71ea,0.4,0.45570753948868264,12282.0,6414.0,551.52,NVIDIA GeForce RTX 4070,[N/A],Enabled,Enabled
1709266575.964769,0,GPU-93ae0c7f-c327-aee3-adae-bc0d1dae71ea,0.38,0.45570753948868264,12282.0,6414.0,551.52,NVIDIA GeForce RTX 4070,[N/A],Enabled,Enabled
1709266576.965043,0,GPU-93ae0c7f-c327-aee3-adae-bc0d1dae71ea,0.42,0.45570753948868264,12282.0,6414.0,551.52,NVIDIA GeForce RTX 4070,[N/A],Enabled,Enabled
1709266577.965322,0,GPU-93ae0c7f-c327-aee3-adae-bc0d1dae71ea,0.43,0.45570753948868264,12282.0,6414.0,551.52,NVIDIA GeForce RTX 4070,[N/A],Enabled,Enabled
1709266578.965368,0,GPU-93ae0c7f-c327-aee3-adae-bc0d1dae71ea,0.45,0.45570753948868264,12282.0,6414.0,551.52,NVIDIA GeForce RTX 4070,[N/A],Enabled,Enabled
1709266579.965469,0,GPU-93ae0c7f-c327-aee3-adae-bc0d1dae71ea,0.39,0.45570753948868264,12282.0,6414.0,551.52,NVIDIA GeForce RTX 4070,[N/A],Enabled,Enabled
1709266580.964883,0,GPU-93ae0c7f-c327-aee3-adae-bc0d1dae71ea,0.44,0.45570753948868264,12282.0,6414.0,551.52,NVIDIA GeForce RTX 4070,[N/A],Enabled,Enabled
1709266581.96624,0,GPU-93ae0c7f-c327-aee3-adae-bc0d1dae71ea,0.45,0.45570753948868264,12282.0,6414.0,551.52,NVIDIA GeForce RTX 4070,[N/A],Enabled,Enabled
1709266582.965036,0,GPU-93ae0c7f-c327-aee3-adae-bc0d1dae71ea,0.39,0.45570753948868264,12282.0,6414.0,551.52,NVIDIA GeForce RTX 4070,[N/A],Enabled,Enabled
1709266583.964766,0,GPU-93ae0c7f-c327-aee3-adae-bc0d1dae71ea,0.4,0.45570753948868264,12282.0,6414.0,551.52,NVIDIA GeForce RTX 4070,[N/A],Enabled,Enabled
1709266584.965173,0,GPU-93ae0c7f-c327-aee3-adae-bc0d1dae71ea,0.4,0.45570753948868264,12282.0,6414.0,551.52,NVIDIA GeForce RTX 4070,[N/A],Enabled,Enabled
1709266585.96503,0,GPU-93ae0c7f-c327-aee3-adae-bc0d1dae71ea,0.41,0.45570753948868264,12282.0,6414.0,551.52,NVIDIA GeForce RTX 4070,[N/A],Enabled,Enabled
1709266586.965133,0,GPU-93ae0c7f-c327-aee3-adae-bc0d1dae71ea,0.41,0.45570753948868264,12282.0,6414.0,551.52,NVIDIA GeForce RTX 4070,[N/A],Enabled,Enabled
1709266587.96533,0,GPU-93ae0c7f-c327-aee3-adae-bc0d1dae71ea,0.39,0.45570753948868264,12282.0,6414.0,551.52,NVIDIA GeForce RTX 4070,[N/A],Enabled,Enabled
1709266588.964561,0,GPU-93ae0c7f-c327-aee3-adae-bc0d1dae71ea,0.39,0.45570753948868264,12282.0,6414.0,551.52,NVIDIA GeForce RTX 4070,[N/A],Enabled,Enabled
1709266589.965327,0,GPU-93ae0c7f-c327-aee3-adae-bc0d1dae71ea,0.37,0.45570753948868264,12282.0,6414.0,551.52,NVIDIA GeForce RTX 4070,[N/A],Enabled,Enabled
1709266590.965297,0,GPU-93ae0c7f-c327-aee3-adae-bc0d1dae71ea,0.39,0.45570753948868264,12282.0,6414.0,551.52,NVIDIA GeForce RTX 4070,[N/A],Enabled,Enabled
1709266591.965452,0,GPU-93ae0c7f-c327-aee3-adae-bc0d1dae71ea,0.4,0.45570753948868264,12282.0,6414.0,551.52,NVIDIA GeForce RTX 4070,[N/A],Enabled,Enabled
1709266592.965012,0,GPU-93ae0c7f-c327-aee3-adae-bc0d1dae71ea,0.39,0.45570753948868264,12282.0,6414.0,551.52,NVIDIA GeForce RTX 4070,[N/A],Enabled,Enabled
1709266593.965267,0,GPU-93ae0c7f-c327-aee3-adae-bc0d1dae71ea,0.41,0.45570753948868264,12282.0,6414.0,551.52,NVIDIA GeForce RTX 4070,[N/A],Enabled,Enabled
1709266594.965221,0,GPU-93ae0c7f-c327-aee3-adae-bc0d1dae71ea,0.41,0.45570753948868264,12282.0,6414.0,551.52,NVIDIA GeForce RTX 4070,[N/A],Enabled,Enabled
1709266595.964821,0,GPU-93ae0c7f-c327-aee3-adae-bc0d1dae71ea,0.4,0.45570753948868264,12282.0,6414.0,551.52,NVIDIA GeForce RTX 4070,[N/A],Enabled,Enabled
1709266596.964919,0,GPU-93ae0c7f-c327-aee3-adae-bc0d1dae71ea,0.42,0.45570753948868264,12282.0,6414.0,551.52,NVIDIA GeForce RTX 4070,[N/A],Enabled,Enabled
1709266597.965192,0,GPU-93ae0c7f-c327-aee3-adae-bc0d1dae71ea,0.4,0.45570753948868264,12282.0,6414.0,551.52,NVIDIA GeForce RTX 4070,[N/A],Enabled,Enabled
1709266598.964618,0,GPU-93ae0c7f-c327-aee3-adae-bc0d1dae71ea,0.44,0.45570753948868264,12282.0,6414.0,551.52,NVIDIA GeForce RTX 4070,[N/A],Enabled,Enabled
1709266599.964408,0,GPU-93ae0c7f-c327-aee3-adae-bc0d1dae71ea,0.39,0.45570753948868264,12282.0,6414.0,551.52,NVIDIA GeForce RTX 4070,[N/A],Enabled,Enabled
1709266600.964962,0,GPU-93ae0c7f-c327-aee3-adae-bc0d1dae71ea,0.41,0.45570753948868264,12282.0,6414.0,551.52,NVIDIA GeForce RTX 4070,[N/A],Enabled,Enabled
1709266601.965283,0,GPU-93ae0c7f-c327-aee3-adae-bc0d1dae71ea,0.41,0.45570753948868264,12282.0,6414.0,551.52,NVIDIA GeForce RTX 4070,[N/A],Enabled,Enabled
1709266602.965721,0,GPU-93ae0c7f-c327-aee3-adae-bc0d1dae71ea,0.43,0.45570753948868264,12282.0,6414.0,551.52,NVIDIA GeForce RTX 4070,[N/A],Enabled,Enabled
1709266603.965169,0,GPU-93ae0c7f-c327-aee3-adae-bc0d1dae71ea,0.41,0.45570753948868264,12282.0,6414.0,551.52,NVIDIA GeForce RTX 4070,[N/A],Enabled,Enabled
1709266604.964456,0,GPU-93ae0c7f-c327-aee3-adae-bc0d1dae71ea,0.43,0.45570753948868264,12282.0,6414.0,551.52,NVIDIA GeForce RTX 4070,[N/A],Enabled,Enabled
1709266605.965807,0,GPU-93ae0c7f-c327-aee3-adae-bc0d1dae71ea,0.42,0.45570753948868264,12282.0,6414.0,551.52,NVIDIA GeForce RTX 4070,[N/A],Enabled,Enabled
1709266606.964541,0,GPU-93ae0c7f-c327-aee3-adae-bc0d1dae71ea,0.43,0.45570753948868264,12282.0,6414.0,551.52,NVIDIA GeForce RTX 4070,[N/A],Enabled,Enabled
1709266607.965846,0,GPU-93ae0c7f-c327-aee3-adae-bc0d1dae71ea,0.43,0.45570753948868264,12282.0,6414.0,551.52,NVIDIA GeForce RTX 4070,[N/A],Enabled,Enabled
1709266608.965248,0,GPU-93ae0c7f-c327-aee3-adae-bc0d1dae71ea,0.42,0.45570753948868264,12282.0,6414.0,551.52,NVIDIA GeForce RTX 4070,[N/A],Enabled,Enabled
1709266609.964864,0,GPU-93ae0c7f-c327-aee3-adae-bc0d1dae71ea,0.42,0.45570753948868264,12282.0,6414.0,551.52,NVIDIA GeForce RTX 4070,[N/A],Enabled,Enabled
1709266610.965504,0,GPU-93ae0c7f-c327-aee3-adae-bc0d1dae71ea,0.39,0.45570753948868264,12282.0,6414.0,551.52,NVIDIA GeForce RTX 4070,[N/A],Enabled,Enabled
1709266611.965182,0,GPU-93ae0c7f-c327-aee3-adae-bc0d1dae71ea,0.42,0.45570753948868264,12282.0,6414.0,551.52,NVIDIA GeForce RTX 4070,[N/A],Enabled,Enabled
1709266612.964327,0,GPU-93ae0c7f-c327-aee3-adae-bc0d1dae71ea,0.4,0.45570753948868264,12282.0,6414.0,551.52,NVIDIA GeForce RTX 4070,[N/A],Enabled,Enabled
1709266613.965249,0,GPU-93ae0c7f-c327-aee3-adae-bc0d1dae71ea,0.4,0.45570753948868264,12282.0,6414.0,551.52,NVIDIA GeForce RTX 4070,[N/A],Enabled,Enabled
1709266614.964728,0,GPU-93ae0c7f-c327-aee3-adae-bc0d1dae71ea,0.42,0.45570753948868264,12282.0,6414.0,551.52,NVIDIA GeForce RTX 4070,[N/A],Enabled,Enabled
1709266615.964511,0,GPU-93ae0c7f-c327-aee3-adae-bc0d1dae71ea,0.38,0.45570753948868264,12282.0,6414.0,551.52,NVIDIA GeForce RTX 4070,[N/A],Enabled,Enabled
1709266616.965274,0,GPU-93ae0c7f-c327-aee3-adae-bc0d1dae71ea,0.4,0.45570753948868264,12282.0,6414.0,551.52,NVIDIA GeForce RTX 4070,[N/A],Enabled,Enabled
1709266617.965549,0,GPU-93ae0c7f-c327-aee3-adae-bc0d1dae71ea,0.4,0.45570753948868264,12282.0,6414.0,551.52,NVIDIA GeForce RTX 4070,[N/A],Enabled,Enabled
1709266618.965553,0,GPU-93ae0c7f-c327-aee3-adae-bc0d1dae71ea,0.43,0.45570753948868264,12282.0,6414.0,551.52,NVIDIA GeForce RTX 4070,[N/A],Enabled,Enabled
1709266619.966145,0,GPU-93ae0c7f-c327-aee3-adae-bc0d1dae71ea,0.4,0.45570753948868264,12282.0,6414.0,551.52,NVIDIA GeForce RTX 4070,[N/A],Enabled,Enabled
1709266620.965132,0,GPU-93ae0c7f-c327-aee3-adae-bc0d1dae71ea,0.43,0.45570753948868264,12282.0,6414.0,551.52,NVIDIA GeForce RTX 4070,[N/A],Enabled,Enabled
1709266621.965132,0,GPU-93ae0c7f-c327-aee3-adae-bc0d1dae71ea,0.42,0.45570753948868264,12282.0,6414.0,551.52,NVIDIA GeForce RTX 4070,[N/A],Enabled,Enabled
1709266622.964858,0,GPU-93ae0c7f-c327-aee3-adae-bc0d1dae71ea,0.38,0.45570753948868264,12282.0,6414.0,551.52,NVIDIA GeForce RTX 4070,[N/A],Enabled,Enabled
1709266623.965414,0,GPU-93ae0c7f-c327-aee3-adae-bc0d1dae71ea,0.41,0.45570753948868264,12282.0,6414.0,551.52,NVIDIA GeForce RTX 4070,[N/A],Enabled,Enabled
1709266624.964688,0,GPU-93ae0c7f-c327-aee3-adae-bc0d1dae71ea,0.4,0.45570753948868264,12282.0,6414.0,551.52,NVIDIA GeForce RTX 4070,[N/A],Enabled,Enabled
1709266625.965386,0,GPU-93ae0c7f-c327-aee3-adae-bc0d1dae71ea,0.38,0.45570753948868264,12282.0,6414.0,551.52,NVIDIA GeForce RTX 4070,[N/A],Enabled,Enabled
1709266626.964754,0,GPU-93ae0c7f-c327-aee3-adae-bc0d1dae71ea,0.43,0.45570753948868264,12282.0,6414.0,551.52,NVIDIA GeForce RTX 4070,[N/A],Enabled,Enabled
1709266627.964879,0,GPU-93ae0c7f-c327-aee3-adae-bc0d1dae71ea,0.38,0.45570753948868264,12282.0,6414.0,551.52,NVIDIA GeForce RTX 4070,[N/A],Enabled,Enabled
1709266628.964408,0,GPU-93ae0c7f-c327-aee3-adae-bc0d1dae71ea,0.39,0.45570753948868264,12282.0,6414.0,551.52,NVIDIA GeForce RTX 4070,[N/A],Enabled,Enabled
1709266629.965154,0,GPU-93ae0c7f-c327-aee3-adae-bc0d1dae71ea,0.42,0.45570753948868264,12282.0,6414.0,551.52,NVIDIA GeForce RTX 4070,[N/A],Enabled,Enabled
1709266630.965189,0,GPU-93ae0c7f-c327-aee3-adae-bc0d1dae71ea,0.42,0.45570753948868264,12282.0,6414.0,551.52,NVIDIA GeForce RTX 4070,[N/A],Enabled,Enabled
1709266631.965885,0,GPU-93ae0c7f-c327-aee3-adae-bc0d1dae71ea,0.38,0.45570753948868264,12282.0,6414.0,551.52,NVIDIA GeForce RTX 4070,[N/A],Enabled,Enabled
1709266632.964587,0,GPU-93ae0c7f-c327-aee3-adae-bc0d1dae71ea,0.42,0.45570753948868264,12282.0,6414.0,551.52,NVIDIA GeForce RTX 4070,[N/A],Enabled,Enabled
1709266633.964904,0,GPU-93ae0c7f-c327-aee3-adae-bc0d1dae71ea,0.4,0.45570753948868264,12282.0,6414.0,551.52,NVIDIA GeForce RTX 4070,[N/A],Enabled,Enabled
1709266634.965516,0,GPU-93ae0c7f-c327-aee3-adae-bc0d1dae71ea,0.4,0.45570753948868264,12282.0,6414.0,551.52,NVIDIA GeForce RTX 4070,[N/A],Enabled,Enabled
1709266635.964469,0,GPU-93ae0c7f-c327-aee3-adae-bc0d1dae71ea,0.37,0.45570753948868264,12282.0,6414.0,551.52,NVIDIA GeForce RTX 4070,[N/A],Enabled,Enabled
1709266636.964631,0,GPU-93ae0c7f-c327-aee3-adae-bc0d1dae71ea,0.42,0.45570753948868264,12282.0,6414.0,551.52,NVIDIA GeForce RTX 4070,[N/A],Enabled,Enabled
1709266637.965507,0,GPU-93ae0c7f-c327-aee3-adae-bc0d1dae71ea,0.36,0.45570753948868264,12282.0,6414.0,551.52,NVIDIA GeForce RTX 4070,[N/A],Enabled,Enabled
1709266638.965408,0,GPU-93ae0c7f-c327-aee3-adae-bc0d1dae71ea,0.39,0.45570753948868264,12282.0,6414.0,551.52,NVIDIA GeForce RTX 4070,[N/A],Enabled,Enabled
1709266639.965028,0,GPU-93ae0c7f-c327-aee3-adae-bc0d1dae71ea,0.39,0.45570753948868264,12282.0,6414.0,551.52,NVIDIA GeForce RTX 4070,[N/A],Enabled,Enabled
1709266640.965426,0,GPU-93ae0c7f-c327-aee3-adae-bc0d1dae71ea,0.39,0.45570753948868264,12282.0,6414.0,551.52,NVIDIA GeForce RTX 4070,[N/A],Enabled,Enabled
1709266641.965632,0,GPU-93ae0c7f-c327-aee3-adae-bc0d1dae71ea,0.37,0.45570753948868264,12282.0,6414.0,551.52,NVIDIA GeForce RTX 4070,[N/A],Enabled,Enabled
1709266642.965061,0,GPU-93ae0c7f-c327-aee3-adae-bc0d1dae71ea,0.37,0.45570753948868264,12282.0,6414.0,551.52,NVIDIA GeForce RTX 4070,[N/A],Enabled,Enabled
1709266643.965311,0,GPU-93ae0c7f-c327-aee3-adae-bc0d1dae71ea,0.39,0.45570753948868264,12282.0,6414.0,551.52,NVIDIA GeForce RTX 4070,[N/A],Enabled,Enabled
1709266644.965363,0,GPU-93ae0c7f-c327-aee3-adae-bc0d1dae71ea,0.4,0.45570753948868264,12282.0,6414.0,551.52,NVIDIA GeForce RTX 4070,[N/A],Enabled,Enabled
1709266645.965123,0,GPU-93ae0c7f-c327-aee3-adae-bc0d1dae71ea,0.37,0.45570753948868264,12282.0,6414.0,551.52,NVIDIA GeForce RTX 4070,[N/A],Enabled,Enabled
1709266646.965266,0,GPU-93ae0c7f-c327-aee3-adae-bc0d1dae71ea,0.4,0.45570753948868264,12282.0,6414.0,551.52,NVIDIA GeForce RTX 4070,[N/A],Enabled,Enabled
1709266647.964663,0,GPU-93ae0c7f-c327-aee3-adae-bc0d1dae71ea,0.37,0.45570753948868264,12282.0,6414.0,551.52,NVIDIA GeForce RTX 4070,[N/A],Enabled,Enabled
1709266648.965645,0,GPU-93ae0c7f-c327-aee3-adae-bc0d1dae71ea,0.43,0.45570753948868264,12282.0,6414.0,551.52,NVIDIA GeForce RTX 4070,[N/A],Enabled,Enabled
1709266649.965309,0,GPU-93ae0c7f-c327-aee3-adae-bc0d1dae71ea,0.39,0.45570753948868264,12282.0,6414.0,551.52,NVIDIA GeForce RTX 4070,[N/A],Enabled,Enabled
1709266650.964834,0,GPU-93ae0c7f-c327-aee3-adae-bc0d1dae71ea,0.41,0.45570753948868264,12282.0,6414.0,551.52,NVIDIA GeForce RTX 4070,[N/A],Enabled,Enabled
1709266651.965136,0,GPU-93ae0c7f-c327-aee3-adae-bc0d1dae71ea,0.4,0.45570753948868264,12282.0,6414.0,551.52,NVIDIA GeForce RTX 4070,[N/A],Enabled,Enabled
1709266652.964903,0,GPU-93ae0c7f-c327-aee3-adae-bc0d1dae71ea,0.38,0.45570753948868264,12282.0,6414.0,551.52,NVIDIA GeForce RTX 4070,[N/A],Enabled,Enabled
1709266653.965138,0,GPU-93ae0c7f-c327-aee3-adae-bc0d1dae71ea,0.4,0.45570753948868264,12282.0,6414.0,551.52,NVIDIA GeForce RTX 4070,[N/A],Enabled,Enabled
1709266654.965321,0,GPU-93ae0c7f-c327-aee3-adae-bc0d1dae71ea,0.42,0.45570753948868264,12282.0,6414.0,551.52,NVIDIA GeForce RTX 4070,[N/A],Enabled,Enabled
1709266655.964688,0,GPU-93ae0c7f-c327-aee3-adae-bc0d1dae71ea,0.4,0.45570753948868264,12282.0,6414.0,551.52,NVIDIA GeForce RTX 4070,[N/A],Enabled,Enabled
1709266656.964748,0,GPU-93ae0c7f-c327-aee3-adae-bc0d1dae71ea,0.43,0.45570753948868264,12282.0,6414.0,551.52,NVIDIA GeForce RTX 4070,[N/A],Enabled,Enabled
1709266657.965089,0,GPU-93ae0c7f-c327-aee3-adae-bc0d1dae71ea,0.37,0.45570753948868264,12282.0,6414.0,551.52,NVIDIA GeForce RTX 4070,[N/A],Enabled,Enabled
1709266658.965381,0,GPU-93ae0c7f-c327-aee3-adae-bc0d1dae71ea,0.43,0.45570753948868264,12282.0,6414.0,551.52,NVIDIA GeForce RTX 4070,[N/A],Enabled,Enabled
1709266659.964469,0,GPU-93ae0c7f-c327-aee3-adae-bc0d1dae71ea,0.44,0.45570753948868264,12282.0,6414.0,551.52,NVIDIA GeForce RTX 4070,[N/A],Enabled,Enabled
1709266660.965041,0,GPU-93ae0c7f-c327-aee3-adae-bc0d1dae71ea,0.42,0.45570753948868264,12282.0,6414.0,551.52,NVIDIA GeForce RTX 4070,[N/A],Enabled,Enabled
1709266661.965227,0,GPU-93ae0c7f-c327-aee3-adae-bc0d1dae71ea,0.37,0.45570753948868264,12282.0,6414.0,551.52,NVIDIA GeForce RTX 4070,[N/A],Enabled,Enabled
1709266662.965568,0,GPU-93ae0c7f-c327-aee3-adae-bc0d1dae71ea,0.41,0.45570753948868264,12282.0,6414.0,551.52,NVIDIA GeForce RTX 4070,[N/A],Enabled,Enabled
1709266663.965686,0,GPU-93ae0c7f-c327-aee3-adae-bc0d1dae71ea,0.39,0.45570753948868264,12282.0,6414.0,551.52,NVIDIA GeForce RTX 4070,[N/A],Enabled,Enabled
1709266664.965323,0,GPU-93ae0c7f-c327-aee3-adae-bc0d1dae71ea,0.38,0.45570753948868264,12282.0,6414.0,551.52,NVIDIA GeForce RTX 4070,[N/A],Enabled,Enabled
1709266665.964741,0,GPU-93ae0c7f-c327-aee3-adae-bc0d1dae71ea,0.37,0.45570753948868264,12282.0,6414.0,551.52,NVIDIA GeForce RTX 4070,[N/A],Enabled,Enabled
1709266666.965203,0,GPU-93ae0c7f-c327-aee3-adae-bc0d1dae71ea,0.42,0.45570753948868264,12282.0,6414.0,551.52,NVIDIA GeForce RTX 4070,[N/A],Enabled,Enabled
1709266667.965214,0,GPU-93ae0c7f-c327-aee3-adae-bc0d1dae71ea,0.41,0.45570753948868264,12282.0,6414.0,551.52,NVIDIA GeForce RTX 4070,[N/A],Enabled,Enabled
1709266668.965064,0,GPU-93ae0c7f-c327-aee3-adae-bc0d1dae71ea,0.41,0.45570753948868264,12282.0,6414.0,551.52,NVIDIA GeForce RTX 4070,[N/A],Enabled,Enabled
1709266669.965218,0,GPU-93ae0c7f-c327-aee3-adae-bc0d1dae71ea,0.38,0.45570753948868264,12282.0,6414.0,551.52,NVIDIA GeForce RTX 4070,[N/A],Enabled,Enabled
1709266670.964889,0,GPU-93ae0c7f-c327-aee3-adae-bc0d1dae71ea,0.45,0.45570753948868264,12282.0,6414.0,551.52,NVIDIA GeForce RTX 4070,[N/A],Enabled,Enabled
1709266671.964877,0,GPU-93ae0c7f-c327-aee3-adae-bc0d1dae71ea,0.42,0.45570753948868264,12282.0,6414.0,551.52,NVIDIA GeForce RTX 4070,[N/A],Enabled,Enabled
1709266672.964992,0,GPU-93ae0c7f-c327-aee3-adae-bc0d1dae71ea,0.42,0.45570753948868264,12282.0,6414.0,551.52,NVIDIA GeForce RTX 4070,[N/A],Enabled,Enabled
1709266673.965107,0,GPU-93ae0c7f-c327-aee3-adae-bc0d1dae71ea,0.4,0.45570753948868264,12282.0,6414.0,551.52,NVIDIA GeForce RTX 4070,[N/A],Enabled,Enabled
1709266674.964666,0,GPU-93ae0c7f-c327-aee3-adae-bc0d1dae71ea,0.43,0.45570753948868264,12282.0,6414.0,551.52,NVIDIA GeForce RTX 4070,[N/A],Enabled,Enabled
1709266675.965033,0,GPU-93ae0c7f-c327-aee3-adae-bc0d1dae71ea,0.41,0.45570753948868264,12282.0,6414.0,551.52,NVIDIA GeForce RTX 4070,[N/A],Enabled,Enabled
1709266676.965871,0,GPU-93ae0c7f-c327-aee3-adae-bc0d1dae71ea,0.43,0.45570753948868264,12282.0,6414.0,551.52,NVIDIA GeForce RTX 4070,[N/A],Enabled,Enabled
1709266677.964605,0,GPU-93ae0c7f-c327-aee3-adae-bc0d1dae71ea,0.42,0.45570753948868264,12282.0,6414.0,551.52,NVIDIA GeForce RTX 4070,[N/A],Enabled,Enabled
1709266678.965239,0,GPU-93ae0c7f-c327-aee3-adae-bc0d1dae71ea,0.39,0.45570753948868264,12282.0,6414.0,551.52,NVIDIA GeForce RTX 4070,[N/A],Enabled,Enabled
1709266679.965509,0,GPU-93ae0c7f-c327-aee3-adae-bc0d1dae71ea,0.41,0.45570753948868264,12282.0,6414.0,551.52,NVIDIA GeForce RTX 4070,[N/A],Enabled,Enabled
1709266680.965729,0,GPU-93ae0c7f-c327-aee3-adae-bc0d1dae71ea,0.42,0.45570753948868264,12282.0,6414.0,551.52,NVIDIA GeForce RTX 4070,[N/A],Enabled,Enabled
1709266681.965711,0,GPU-93ae0c7f-c327-aee3-adae-bc0d1dae71ea,0.42,0.45570753948868264,12282.0,6414.0,551.52,NVIDIA GeForce RTX 4070,[N/A],Enabled,Enabled
1709266682.965508,0,GPU-93ae0c7f-c327-aee3-adae-bc0d1dae71ea,0.4,0.45570753948868264,12282.0,6414.0,551.52,NVIDIA GeForce RTX 4070,[N/A],Enabled,Enabled
1709266683.965098,0,GPU-93ae0c7f-c327-aee3-adae-bc0d1dae71ea,0.42,0.45570753948868264,12282.0,6414.0,551.52,NVIDIA GeForce RTX 4070,[N/A],Enabled,Enabled
1709266684.964463,0,GPU-93ae0c7f-c327-aee3-adae-bc0d1dae71ea,0.46,0.45570753948868264,12282.0,6414.0,551.52,NVIDIA GeForce RTX 4070,[N/A],Enabled,Enabled
1709266685.965287,0,GPU-93ae0c7f-c327-aee3-adae-bc0d1dae71ea,0.39,0.45570753948868264,12282.0,6414.0,551.52,NVIDIA GeForce RTX 4070,[N/A],Enabled,Enabled
1709266686.965077,0,GPU-93ae0c7f-c327-aee3-adae-bc0d1dae71ea,0.43,0.45570753948868264,12282.0,6414.0,551.52,NVIDIA GeForce RTX 4070,[N/A],Enabled,Enabled
1709266687.96541,0,GPU-93ae0c7f-c327-aee3-adae-bc0d1dae71ea,0.42,0.45570753948868264,12282.0,6414.0,551.52,NVIDIA GeForce RTX 4070,[N/A],Enabled,Enabled
1709266688.96467,0,GPU-93ae0c7f-c327-aee3-adae-bc0d1dae71ea,0.4,0.45570753948868264,12282.0,6414.0,551.52,NVIDIA GeForce RTX 4070,[N/A],Enabled,Enabled
1709266689.964691,0,GPU-93ae0c7f-c327-aee3-adae-bc0d1dae71ea,0.42,0.45570753948868264,12282.0,6414.0,551.52,NVIDIA GeForce RTX 4070,[N/A],Enabled,Enabled
1709266690.965199,0,GPU-93ae0c7f-c327-aee3-adae-bc0d1dae71ea,0.41,0.45570753948868264,12282.0,6414.0,551.52,NVIDIA GeForce RTX 4070,[N/A],Enabled,Enabled
1709266691.96486,0,GPU-93ae0c7f-c327-aee3-adae-bc0d1dae71ea,0.42,0.45570753948868264,12282.0,6414.0,551.52,NVIDIA GeForce RTX 4070,[N/A],Enabled,Enabled
1709266692.965263,0,GPU-93ae0c7f-c327-aee3-adae-bc0d1dae71ea,0.44,0.45570753948868264,12282.0,6414.0,551.52,NVIDIA GeForce RTX 4070,[N/A],Enabled,Enabled
1709266693.965207,0,GPU-93ae0c7f-c327-aee3-adae-bc0d1dae71ea,0.41,0.45570753948868264,12282.0,6414.0,551.52,NVIDIA GeForce RTX 4070,[N/A],Enabled,Enabled
1709266694.96525,0,GPU-93ae0c7f-c327-aee3-adae-bc0d1dae71ea,0.4,0.45570753948868264,12282.0,6414.0,551.52,NVIDIA GeForce RTX 4070,[N/A],Enabled,Enabled
1709266695.965044,0,GPU-93ae0c7f-c327-aee3-adae-bc0d1dae71ea,0.37,0.45570753948868264,12282.0,6414.0,551.52,NVIDIA GeForce RTX 4070,[N/A],Enabled,Enabled
1709266696.964502,0,GPU-93ae0c7f-c327-aee3-adae-bc0d1dae71ea,0.39,0.45570753948868264,12282.0,6414.0,551.52,NVIDIA GeForce RTX 4070,[N/A],Enabled,Enabled
1709266697.965804,0,GPU-93ae0c7f-c327-aee3-adae-bc0d1dae71ea,0.41,0.45570753948868264,12282.0,6414.0,551.52,NVIDIA GeForce RTX 4070,[N/A],Enabled,Enabled
1709266698.964482,0,GPU-93ae0c7f-c327-aee3-adae-bc0d1dae71ea,0.4,0.45570753948868264,12282.0,6414.0,551.52,NVIDIA GeForce RTX 4070,[N/A],Enabled,Enabled
1709266699.964878,0,GPU-93ae0c7f-c327-aee3-adae-bc0d1dae71ea,0.36,0.45570753948868264,12282.0,6414.0,551.52,NVIDIA GeForce RTX 4070,[N/A],Enabled,Enabled
1709266700.965997,0,GPU-93ae0c7f-c327-aee3-adae-bc0d1dae71ea,0.39,0.45570753948868264,12282.0,6414.0,551.52,NVIDIA GeForce RTX 4070,[N/A],Enabled,Enabled
1709266701.964846,0,GPU-93ae0c7f-c327-aee3-adae-bc0d1dae71ea,0.4,0.45570753948868264,12282.0,6414.0,551.52,NVIDIA GeForce RTX 4070,[N/A],Enabled,Enabled
1709266702.964834,0,GPU-93ae0c7f-c327-aee3-adae-bc0d1dae71ea,0.37,0.45570753948868264,12282.0,6414.0,551.52,NVIDIA GeForce RTX 4070,[N/A],Enabled,Enabled
1709266703.964648,0,GPU-93ae0c7f-c327-aee3-adae-bc0d1dae71ea,0.38,0.45570753948868264,12282.0,6414.0,551.52,NVIDIA GeForce RTX 4070,[N/A],Enabled,Enabled
1709266704.965135,0,GPU-93ae0c7f-c327-aee3-adae-bc0d1dae71ea,0.41,0.45570753948868264,12282.0,6414.0,551.52,NVIDIA GeForce RTX 4070,[N/A],Enabled,Enabled
1709266705.964938,0,GPU-93ae0c7f-c327-aee3-adae-bc0d1dae71ea,0.4,0.45570753948868264,12282.0,6414.0,551.52,NVIDIA GeForce RTX 4070,[N/A],Enabled,Enabled
1709266706.965044,0,GPU-93ae0c7f-c327-aee3-adae-bc0d1dae71ea,0.39,0.45570753948868264,12282.0,6414.0,551.52,NVIDIA GeForce RTX 4070,[N/A],Enabled,Enabled
1709266707.965097,0,GPU-93ae0c7f-c327-aee3-adae-bc0d1dae71ea,0.4,0.461895456765999,12282.0,6338.0,551.52,NVIDIA GeForce RTX 4070,[N/A],Enabled,Enabled
1709266708.965058,0,GPU-93ae0c7f-c327-aee3-adae-bc0d1dae71ea,0.45,0.4613255170167725,12282.0,6345.0,551.52,NVIDIA GeForce RTX 4070,[N/A],Enabled,Enabled
1709266709.965363,0,GPU-93ae0c7f-c327-aee3-adae-bc0d1dae71ea,0.4,0.4613255170167725,12282.0,6345.0,551.52,NVIDIA GeForce RTX 4070,[N/A],Enabled,Enabled
1709266710.965719,0,GPU-93ae0c7f-c327-aee3-adae-bc0d1dae71ea,0.43,0.4612440970525973,12282.0,6346.0,551.52,NVIDIA GeForce RTX 4070,[N/A],Enabled,Enabled
1709266711.965162,0,GPU-93ae0c7f-c327-aee3-adae-bc0d1dae71ea,0.4,0.4612440970525973,12282.0,6346.0,551.52,NVIDIA GeForce RTX 4070,[N/A],Enabled,Enabled
1709266712.964386,0,GPU-93ae0c7f-c327-aee3-adae-bc0d1dae71ea,0.43,0.46222113662269987,12282.0,6334.0,551.52,NVIDIA GeForce RTX 4070,[N/A],Enabled,Enabled
1709266713.964972,0,GPU-93ae0c7f-c327-aee3-adae-bc0d1dae71ea,0.43,0.46222113662269987,12282.0,6334.0,551.52,NVIDIA GeForce RTX 4070,[N/A],Enabled,Enabled
1709266714.965331,0,GPU-93ae0c7f-c327-aee3-adae-bc0d1dae71ea,0.44,0.46213971665852466,12282.0,6335.0,551.52,NVIDIA GeForce RTX 4070,[N/A],Enabled,Enabled
1709266715.965806,0,GPU-93ae0c7f-c327-aee3-adae-bc0d1dae71ea,0.42,0.46213971665852466,12282.0,6335.0,551.52,NVIDIA GeForce RTX 4070,[N/A],Enabled,Enabled
1709266716.965146,0,GPU-93ae0c7f-c327-aee3-adae-bc0d1dae71ea,0.41,0.4583943983064647,12282.0,6381.0,551.52,NVIDIA GeForce RTX 4070,[N/A],Enabled,Enabled
1709266717.965173,0,GPU-93ae0c7f-c327-aee3-adae-bc0d1dae71ea,0.37,0.4587200781631656,12282.0,6377.0,551.52,NVIDIA GeForce RTX 4070,[N/A],Enabled,Enabled
1709266718.964586,0,GPU-93ae0c7f-c327-aee3-adae-bc0d1dae71ea,0.38,0.4587200781631656,12282.0,6377.0,551.52,NVIDIA GeForce RTX 4070,[N/A],Enabled,Enabled
1709266719.964948,0,GPU-93ae0c7f-c327-aee3-adae-bc0d1dae71ea,0.43,0.4587200781631656,12282.0,6377.0,551.52,NVIDIA GeForce RTX 4070,[N/A],Enabled,Enabled
1709266720.965268,0,GPU-93ae0c7f-c327-aee3-adae-bc0d1dae71ea,0.42,0.4587200781631656,12282.0,6377.0,551.52,NVIDIA GeForce RTX 4070,[N/A],Enabled,Enabled
1709266721.964671,0,GPU-93ae0c7f-c327-aee3-adae-bc0d1dae71ea,0.41,0.4587200781631656,12282.0,6377.0,551.52,NVIDIA GeForce RTX 4070,[N/A],Enabled,Enabled
1709266722.9649,0,GPU-93ae0c7f-c327-aee3-adae-bc0d1dae71ea,0.42,0.4587200781631656,12282.0,6377.0,551.52,NVIDIA GeForce RTX 4070,[N/A],Enabled,Enabled
1709266723.965021,0,GPU-93ae0c7f-c327-aee3-adae-bc0d1dae71ea,0.39,0.4587200781631656,12282.0,6377.0,551.52,NVIDIA GeForce RTX 4070,[N/A],Enabled,Enabled
1709266724.965044,0,GPU-93ae0c7f-c327-aee3-adae-bc0d1dae71ea,0.46,0.4587200781631656,12282.0,6377.0,551.52,NVIDIA GeForce RTX 4070,[N/A],Enabled,Enabled
1709266725.965237,0,GPU-93ae0c7f-c327-aee3-adae-bc0d1dae71ea,0.42,0.4587200781631656,12282.0,6377.0,551.52,NVIDIA GeForce RTX 4070,[N/A],Enabled,Enabled
1709266726.965336,0,GPU-93ae0c7f-c327-aee3-adae-bc0d1dae71ea,0.46,0.4587200781631656,12282.0,6377.0,551.52,NVIDIA GeForce RTX 4070,[N/A],Enabled,Enabled
1709266727.964825,0,GPU-93ae0c7f-c327-aee3-adae-bc0d1dae71ea,0.4,0.4587200781631656,12282.0,6377.0,551.52,NVIDIA GeForce RTX 4070,[N/A],Enabled,Enabled
1709266728.9649,0,GPU-93ae0c7f-c327-aee3-adae-bc0d1dae71ea,0.39,0.4587200781631656,12282.0,6377.0,551.52,NVIDIA GeForce RTX 4070,[N/A],Enabled,Enabled
1709266729.965317,0,GPU-93ae0c7f-c327-aee3-adae-bc0d1dae71ea,0.43,0.4587200781631656,12282.0,6377.0,551.52,NVIDIA GeForce RTX 4070,[N/A],Enabled,Enabled
1709266730.965208,0,GPU-93ae0c7f-c327-aee3-adae-bc0d1dae71ea,0.42,0.4587200781631656,12282.0,6377.0,551.52,NVIDIA GeForce RTX 4070,[N/A],Enabled,Enabled
1709266731.965631,0,GPU-93ae0c7f-c327-aee3-adae-bc0d1dae71ea,0.42,0.4587200781631656,12282.0,6377.0,551.52,NVIDIA GeForce RTX 4070,[N/A],Enabled,Enabled
1709266732.965349,0,GPU-93ae0c7f-c327-aee3-adae-bc0d1dae71ea,0.39,0.4587200781631656,12282.0,6377.0,551.52,NVIDIA GeForce RTX 4070,[N/A],Enabled,Enabled
1709266733.964854,0,GPU-93ae0c7f-c327-aee3-adae-bc0d1dae71ea,0.4,0.4587200781631656,12282.0,6377.0,551.52,NVIDIA GeForce RTX 4070,[N/A],Enabled,Enabled
1709266734.96457,0,GPU-93ae0c7f-c327-aee3-adae-bc0d1dae71ea,0.44,0.4587200781631656,12282.0,6377.0,551.52,NVIDIA GeForce RTX 4070,[N/A],Enabled,Enabled
1709266735.964426,0,GPU-93ae0c7f-c327-aee3-adae-bc0d1dae71ea,0.36,0.4587200781631656,12282.0,6377.0,551.52,NVIDIA GeForce RTX 4070,[N/A],Enabled,Enabled
1709266736.964842,0,GPU-93ae0c7f-c327-aee3-adae-bc0d1dae71ea,0.4,0.4587200781631656,12282.0,6377.0,551.52,NVIDIA GeForce RTX 4070,[N/A],Enabled,Enabled
1709266737.964714,0,GPU-93ae0c7f-c327-aee3-adae-bc0d1dae71ea,0.4,0.4587200781631656,12282.0,6377.0,551.52,NVIDIA GeForce RTX 4070,[N/A],Enabled,Enabled
1709266738.964862,0,GPU-93ae0c7f-c327-aee3-adae-bc0d1dae71ea,0.39,0.4587200781631656,12282.0,6377.0,551.52,NVIDIA GeForce RTX 4070,[N/A],Enabled,Enabled
1709266739.964898,0,GPU-93ae0c7f-c327-aee3-adae-bc0d1dae71ea,0.4,0.4587200781631656,12282.0,6377.0,551.52,NVIDIA GeForce RTX 4070,[N/A],Enabled,Enabled
1709266740.965108,0,GPU-93ae0c7f-c327-aee3-adae-bc0d1dae71ea,0.38,0.4587200781631656,12282.0,6377.0,551.52,NVIDIA GeForce RTX 4070,[N/A],Enabled,Enabled
1709266741.964905,0,GPU-93ae0c7f-c327-aee3-adae-bc0d1dae71ea,0.38,0.4587200781631656,12282.0,6377.0,551.52,NVIDIA GeForce RTX 4070,[N/A],Enabled,Enabled
1709266742.964449,0,GPU-93ae0c7f-c327-aee3-adae-bc0d1dae71ea,0.37,0.4587200781631656,12282.0,6377.0,551.52,NVIDIA GeForce RTX 4070,[N/A],Enabled,Enabled
1709266743.964653,0,GPU-93ae0c7f-c327-aee3-adae-bc0d1dae71ea,0.34,0.4587200781631656,12282.0,6377.0,551.52,NVIDIA GeForce RTX 4070,[N/A],Enabled,Enabled
1709266744.964771,0,GPU-93ae0c7f-c327-aee3-adae-bc0d1dae71ea,0.31,0.45554469956033217,12282.0,6416.0,551.52,NVIDIA GeForce RTX 4070,[N/A],Enabled,Enabled
1709266745.965014,0,GPU-93ae0c7f-c327-aee3-adae-bc0d1dae71ea,0.3,0.45554469956033217,12282.0,6416.0,551.52,NVIDIA GeForce RTX 4070,[N/A],Enabled,Enabled
1709266746.965731,0,GPU-93ae0c7f-c327-aee3-adae-bc0d1dae71ea,0.3,0.45554469956033217,12282.0,6416.0,551.52,NVIDIA GeForce RTX 4070,[N/A],Enabled,Enabled
1709266747.964693,0,GPU-93ae0c7f-c327-aee3-adae-bc0d1dae71ea,0.28,0.4509037616023449,12282.0,6473.0,551.52,NVIDIA GeForce RTX 4070,[N/A],Enabled,Enabled
1709266748.964876,0,GPU-93ae0c7f-c327-aee3-adae-bc0d1dae71ea,0.28,0.45554469956033217,12282.0,6416.0,551.52,NVIDIA GeForce RTX 4070,[N/A],Enabled,Enabled
1709266749.965211,0,GPU-93ae0c7f-c327-aee3-adae-bc0d1dae71ea,0.27,0.4509037616023449,12282.0,6473.0,551.52,NVIDIA GeForce RTX 4070,[N/A],Enabled,Enabled
1709266750.964827,0,GPU-93ae0c7f-c327-aee3-adae-bc0d1dae71ea,0.28,0.4509037616023449,12282.0,6473.0,551.52,NVIDIA GeForce RTX 4070,[N/A],Enabled,Enabled
1709266751.965153,0,GPU-93ae0c7f-c327-aee3-adae-bc0d1dae71ea,0.27,0.4509037616023449,12282.0,6473.0,551.52,NVIDIA GeForce RTX 4070,[N/A],Enabled,Enabled
1709266752.964944,0,GPU-93ae0c7f-c327-aee3-adae-bc0d1dae71ea,0.29,0.4509037616023449,12282.0,6473.0,551.52,NVIDIA GeForce RTX 4070,[N/A],Enabled,Enabled
1709266753.964923,0,GPU-93ae0c7f-c327-aee3-adae-bc0d1dae71ea,0.3,0.4509037616023449,12282.0,6473.0,551.52,NVIDIA GeForce RTX 4070,[N/A],Enabled,Enabled
1709266754.965342,0,GPU-93ae0c7f-c327-aee3-adae-bc0d1dae71ea,0.29,0.4509037616023449,12282.0,6473.0,551.52,NVIDIA GeForce RTX 4070,[N/A],Enabled,Enabled
1709266755.965064,0,GPU-93ae0c7f-c327-aee3-adae-bc0d1dae71ea,0.3,0.4509037616023449,12282.0,6473.0,551.52,NVIDIA GeForce RTX 4070,[N/A],Enabled,Enabled
1709266756.965471,0,GPU-93ae0c7f-c327-aee3-adae-bc0d1dae71ea,0.29,0.4509037616023449,12282.0,6473.0,551.52,NVIDIA GeForce RTX 4070,[N/A],Enabled,Enabled
1709266757.964982,0,GPU-93ae0c7f-c327-aee3-adae-bc0d1dae71ea,0.3,0.4509037616023449,12282.0,6473.0,551.52,NVIDIA GeForce RTX 4070,[N/A],Enabled,Enabled
1709266758.965074,0,GPU-93ae0c7f-c327-aee3-adae-bc0d1dae71ea,0.29,0.4509037616023449,12282.0,6473.0,551.52,NVIDIA GeForce RTX 4070,[N/A],Enabled,Enabled
1709266759.965337,0,GPU-93ae0c7f-c327-aee3-adae-bc0d1dae71ea,0.3,0.4509037616023449,12282.0,6473.0,551.52,NVIDIA GeForce RTX 4070,[N/A],Enabled,Enabled
1709266760.964932,0,GPU-93ae0c7f-c327-aee3-adae-bc0d1dae71ea,0.29,0.4509037616023449,12282.0,6473.0,551.52,NVIDIA GeForce RTX 4070,[N/A],Enabled,Enabled
1709266761.964908,0,GPU-93ae0c7f-c327-aee3-adae-bc0d1dae71ea,0.3,0.4509037616023449,12282.0,6473.0,551.52,NVIDIA GeForce RTX 4070,[N/A],Enabled,Enabled
1709266762.965338,0,GPU-93ae0c7f-c327-aee3-adae-bc0d1dae71ea,0.29,0.4509037616023449,12282.0,6473.0,551.52,NVIDIA GeForce RTX 4070,[N/A],Enabled,Enabled
1709266763.965393,0,GPU-93ae0c7f-c327-aee3-adae-bc0d1dae71ea,0.3,0.4509037616023449,12282.0,6473.0,551.52,NVIDIA GeForce RTX 4070,[N/A],Enabled,Enabled
1709266764.964641,0,GPU-93ae0c7f-c327-aee3-adae-bc0d1dae71ea,0.3,0.4509037616023449,12282.0,6473.0,551.52,NVIDIA GeForce RTX 4070,[N/A],Enabled,Enabled
1709266765.965517,0,GPU-93ae0c7f-c327-aee3-adae-bc0d1dae71ea,0.3,0.4509037616023449,12282.0,6473.0,551.52,NVIDIA GeForce RTX 4070,[N/A],Enabled,Enabled
1709266766.96574,0,GPU-93ae0c7f-c327-aee3-adae-bc0d1dae71ea,0.3,0.4509037616023449,12282.0,6473.0,551.52,NVIDIA GeForce RTX 4070,[N/A],Enabled,Enabled
1709266767.965117,0,GPU-93ae0c7f-c327-aee3-adae-bc0d1dae71ea,0.3,0.4509037616023449,12282.0,6473.0,551.52,NVIDIA GeForce RTX 4070,[N/A],Enabled,Enabled
1709266768.964821,0,GPU-93ae0c7f-c327-aee3-adae-bc0d1dae71ea,0.3,0.4509037616023449,12282.0,6473.0,551.52,NVIDIA GeForce RTX 4070,[N/A],Enabled,Enabled
1709266769.96509,0,GPU-93ae0c7f-c327-aee3-adae-bc0d1dae71ea,0.3,0.4509037616023449,12282.0,6473.0,551.52,NVIDIA GeForce RTX 4070,[N/A],Enabled,Enabled
1709266770.964727,0,GPU-93ae0c7f-c327-aee3-adae-bc0d1dae71ea,0.14,0.25590294740270314,12282.0,8868.0,551.52,NVIDIA GeForce RTX 4070,[N/A],Enabled,Enabled
1709266771.965857,0,GPU-93ae0c7f-c327-aee3-adae-bc0d1dae71ea,0.14,0.25590294740270314,12282.0,8868.0,551.52,NVIDIA GeForce RTX 4070,[N/A],Enabled,Enabled
1709266772.964911,0,GPU-93ae0c7f-c327-aee3-adae-bc0d1dae71ea,0.13,0.25590294740270314,12282.0,8868.0,551.52,NVIDIA GeForce RTX 4070,[N/A],Enabled,Enabled
