timestamp,id,uuid,load,memoryUtil,memoryTotal,memoryUsed,memoryFree,driver,name,serial,display_mode,display_active
1702848001.306268,0,GPU-93ae0c7f-c327-aee3-adae-bc0d1dae71ea,0.14,0.24694675134342942,12282.0,8992.0,546.33,NVIDIA GeForce RTX 4070,[N/A],Enabled,Enabled
1702848002.302761,0,GPU-93ae0c7f-c327-aee3-adae-bc0d1dae71ea,0.14,0.24694675134342942,12282.0,8992.0,546.33,NVIDIA GeForce RTX 4070,[N/A],Enabled,Enabled
1702848003.30311,0,GPU-93ae0c7f-c327-aee3-adae-bc0d1dae71ea,0.14,0.24694675134342942,12282.0,8992.0,546.33,NVIDIA GeForce RTX 4070,[N/A],Enabled,Enabled
1702848004.303313,0,GPU-93ae0c7f-c327-aee3-adae-bc0d1dae71ea,0.14,0.24694675134342942,12282.0,8992.0,546.33,NVIDIA GeForce RTX 4070,[N/A],Enabled,Enabled
1702848005.302553,0,GPU-93ae0c7f-c327-aee3-adae-bc0d1dae71ea,0.14,0.24694675134342942,12282.0,8992.0,546.33,NVIDIA GeForce RTX 4070,[N/A],Enabled,Enabled
1702848006.302906,0,GPU-93ae0c7f-c327-aee3-adae-bc0d1dae71ea,0.14,0.24694675134342942,12282.0,8992.0,546.33,NVIDIA GeForce RTX 4070,[N/A],Enabled,Enabled
1702848007.30278,0,GPU-93ae0c7f-c327-aee3-adae-bc0d1dae71ea,0.14,0.24694675134342942,12282.0,8992.0,546.33,NVIDIA GeForce RTX 4070,[N/A],Enabled,Enabled
1702848008.303344,0,GPU-93ae0c7f-c327-aee3-adae-bc0d1dae71ea,0.14,0.24694675134342942,12282.0,8992.0,546.33,NVIDIA GeForce RTX 4070,[N/A],Enabled,Enabled
1702848009.302639,0,GPU-93ae0c7f-c327-aee3-adae-bc0d1dae71ea,0.14,0.24694675134342942,12282.0,8992.0,546.33,NVIDIA GeForce RTX 4070,[N/A],Enabled,Enabled
1702848010.302586,0,GPU-93ae0c7f-c327-aee3-adae-bc0d1dae71ea,0.14,0.24694675134342942,12282.0,8992.0,546.33,NVIDIA GeForce RTX 4070,[N/A],Enabled,Enabled
1702848011.304196,0,GPU-93ae0c7f-c327-aee3-adae-bc0d1dae71ea,0.14,0.24719101123595505,12282.0,8989.0,546.33,NVIDIA GeForce RTX 4070,[N/A],Enabled,Enabled
1702848012.303204,0,GPU-93ae0c7f-c327-aee3-adae-bc0d1dae71ea,0.15,0.2473538511643055,12282.0,8987.0,546.33,NVIDIA GeForce RTX 4070,[N/A],Enabled,Enabled
1702848013.303307,0,GPU-93ae0c7f-c327-aee3-adae-bc0d1dae71ea,0.14,0.2473538511643055,12282.0,8987.0,546.33,NVIDIA GeForce RTX 4070,[N/A],Enabled,Enabled
1702848014.302779,0,GPU-93ae0c7f-c327-aee3-adae-bc0d1dae71ea,0.14,0.2473538511643055,12282.0,8987.0,546.33,NVIDIA GeForce RTX 4070,[N/A],Enabled,Enabled
1702848015.303294,0,GPU-93ae0c7f-c327-aee3-adae-bc0d1dae71ea,0.15,0.24727243120013026,12282.0,8988.0,546.33,NVIDIA GeForce RTX 4070,[N/A],Enabled,Enabled
1702848016.303075,0,GPU-93ae0c7f-c327-aee3-adae-bc0d1dae71ea,0.15,0.24751669109265592,12282.0,8985.0,546.33,NVIDIA GeForce RTX 4070,[N/A],Enabled,Enabled
1702848017.302695,0,GPU-93ae0c7f-c327-aee3-adae-bc0d1dae71ea,0.17,0.2532975085490962,12282.0,8914.0,546.33,NVIDIA GeForce RTX 4070,[N/A],Enabled,Enabled
1702848018.302896,0,GPU-93ae0c7f-c327-aee3-adae-bc0d1dae71ea,0.21,0.359631981761928,12282.0,7608.0,546.33,NVIDIA GeForce RTX 4070,[N/A],Enabled,Enabled
1702848019.303433,0,GPU-93ae0c7f-c327-aee3-adae-bc0d1dae71ea,0.08,0.3224230581338544,12282.0,8065.0,546.33,NVIDIA GeForce RTX 4070,[N/A],Enabled,Enabled
1702848020.302542,0,GPU-93ae0c7f-c327-aee3-adae-bc0d1dae71ea,0.08,0.3224230581338544,12282.0,8065.0,546.33,NVIDIA GeForce RTX 4070,[N/A],Enabled,Enabled
1702848021.302697,0,GPU-93ae0c7f-c327-aee3-adae-bc0d1dae71ea,0.08,0.3224230581338544,12282.0,8065.0,546.33,NVIDIA GeForce RTX 4070,[N/A],Enabled,Enabled
1702848022.303625,0,GPU-93ae0c7f-c327-aee3-adae-bc0d1dae71ea,0.09,0.47207295228790097,12282.0,6227.0,546.33,NVIDIA GeForce RTX 4070,[N/A],Enabled,Enabled
1702848023.30376,0,GPU-93ae0c7f-c327-aee3-adae-bc0d1dae71ea,0.29,0.4452043641100798,12282.0,6557.0,546.33,NVIDIA GeForce RTX 4070,[N/A],Enabled,Enabled
1702848024.303521,0,GPU-93ae0c7f-c327-aee3-adae-bc0d1dae71ea,0.3,0.4452043641100798,12282.0,6557.0,546.33,NVIDIA GeForce RTX 4070,[N/A],Enabled,Enabled
1702848025.303202,0,GPU-93ae0c7f-c327-aee3-adae-bc0d1dae71ea,0.25,0.4404820061879173,12282.0,6615.0,546.33,NVIDIA GeForce RTX 4070,[N/A],Enabled,Enabled
1702848026.303056,0,GPU-93ae0c7f-c327-aee3-adae-bc0d1dae71ea,0.27,0.4404820061879173,12282.0,6615.0,546.33,NVIDIA GeForce RTX 4070,[N/A],Enabled,Enabled
1702848027.303238,0,GPU-93ae0c7f-c327-aee3-adae-bc0d1dae71ea,0.24,0.44040058622374206,12282.0,6616.0,546.33,NVIDIA GeForce RTX 4070,[N/A],Enabled,Enabled
1702848028.302896,0,GPU-93ae0c7f-c327-aee3-adae-bc0d1dae71ea,0.28,0.445285784074255,12282.0,6556.0,546.33,NVIDIA GeForce RTX 4070,[N/A],Enabled,Enabled
1702848029.302724,0,GPU-93ae0c7f-c327-aee3-adae-bc0d1dae71ea,0.18,0.5552027357107963,12282.0,5206.0,546.33,NVIDIA GeForce RTX 4070,[N/A],Enabled,Enabled
1702848030.303466,0,GPU-93ae0c7f-c327-aee3-adae-bc0d1dae71ea,0.27,0.44683276339358413,12282.0,6537.0,546.33,NVIDIA GeForce RTX 4070,[N/A],Enabled,Enabled
1702848031.303474,0,GPU-93ae0c7f-c327-aee3-adae-bc0d1dae71ea,0.28,0.44683276339358413,12282.0,6537.0,546.33,NVIDIA GeForce RTX 4070,[N/A],Enabled,Enabled
1702848032.303306,0,GPU-93ae0c7f-c327-aee3-adae-bc0d1dae71ea,0.26,0.44235466536394724,12282.0,6592.0,546.33,NVIDIA GeForce RTX 4070,[N/A],Enabled,Enabled
1702848033.303325,0,GPU-93ae0c7f-c327-aee3-adae-bc0d1dae71ea,0.31,0.44707702328610976,12282.0,6534.0,546.33,NVIDIA GeForce RTX 4070,[N/A],Enabled,Enabled
1702848034.302897,0,GPU-93ae0c7f-c327-aee3-adae-bc0d1dae71ea,0.28,0.44235466536394724,12282.0,6592.0,546.33,NVIDIA GeForce RTX 4070,[N/A],Enabled,Enabled
1702848035.303295,0,GPU-93ae0c7f-c327-aee3-adae-bc0d1dae71ea,0.31,0.44772838299951145,12282.0,6526.0,546.33,NVIDIA GeForce RTX 4070,[N/A],Enabled,Enabled
1702848036.303121,0,GPU-93ae0c7f-c327-aee3-adae-bc0d1dae71ea,0.28,0.4430874450415242,12282.0,6583.0,546.33,NVIDIA GeForce RTX 4070,[N/A],Enabled,Enabled
1702848037.303092,0,GPU-93ae0c7f-c327-aee3-adae-bc0d1dae71ea,0.29,0.443006025077349,12282.0,6584.0,546.33,NVIDIA GeForce RTX 4070,[N/A],Enabled,Enabled
1702848038.302708,0,GPU-93ae0c7f-c327-aee3-adae-bc0d1dae71ea,0.29,0.4425989252564729,12282.0,6589.0,546.33,NVIDIA GeForce RTX 4070,[N/A],Enabled,Enabled
1702848039.303259,0,GPU-93ae0c7f-c327-aee3-adae-bc0d1dae71ea,0.29,0.44251750529229766,12282.0,6590.0,546.33,NVIDIA GeForce RTX 4070,[N/A],Enabled,Enabled
1702848040.303328,0,GPU-93ae0c7f-c327-aee3-adae-bc0d1dae71ea,0.32,0.44756554307116103,12282.0,6528.0,546.33,NVIDIA GeForce RTX 4070,[N/A],Enabled,Enabled
1702848041.302418,0,GPU-93ae0c7f-c327-aee3-adae-bc0d1dae71ea,0.34,0.44772838299951145,12282.0,6526.0,546.33,NVIDIA GeForce RTX 4070,[N/A],Enabled,Enabled
1702848042.302652,0,GPU-93ae0c7f-c327-aee3-adae-bc0d1dae71ea,0.32,0.4478098029636867,12282.0,6525.0,546.33,NVIDIA GeForce RTX 4070,[N/A],Enabled,Enabled
1702848043.302622,0,GPU-93ae0c7f-c327-aee3-adae-bc0d1dae71ea,0.3,0.4431688650056994,12282.0,6582.0,546.33,NVIDIA GeForce RTX 4070,[N/A],Enabled,Enabled
1702848044.302738,0,GPU-93ae0c7f-c327-aee3-adae-bc0d1dae71ea,0.3,0.4478098029636867,12282.0,6525.0,546.33,NVIDIA GeForce RTX 4070,[N/A],Enabled,Enabled
1702848045.302366,0,GPU-93ae0c7f-c327-aee3-adae-bc0d1dae71ea,0.32,0.4478098029636867,12282.0,6525.0,546.33,NVIDIA GeForce RTX 4070,[N/A],Enabled,Enabled
1702848046.302999,0,GPU-93ae0c7f-c327-aee3-adae-bc0d1dae71ea,0.28,0.4431688650056994,12282.0,6582.0,546.33,NVIDIA GeForce RTX 4070,[N/A],Enabled,Enabled
1702848047.302795,0,GPU-93ae0c7f-c327-aee3-adae-bc0d1dae71ea,0.29,0.4431688650056994,12282.0,6582.0,546.33,NVIDIA GeForce RTX 4070,[N/A],Enabled,Enabled
1702848048.302782,0,GPU-93ae0c7f-c327-aee3-adae-bc0d1dae71ea,0.28,0.4431688650056994,12282.0,6582.0,546.33,NVIDIA GeForce RTX 4070,[N/A],Enabled,Enabled
1702848049.303718,0,GPU-93ae0c7f-c327-aee3-adae-bc0d1dae71ea,0.29,0.4431688650056994,12282.0,6582.0,546.33,NVIDIA GeForce RTX 4070,[N/A],Enabled,Enabled
1702848050.302516,0,GPU-93ae0c7f-c327-aee3-adae-bc0d1dae71ea,0.27,0.4447972642892037,12282.0,6562.0,546.33,NVIDIA GeForce RTX 4070,[N/A],Enabled,Enabled
1702848051.302763,0,GPU-93ae0c7f-c327-aee3-adae-bc0d1dae71ea,0.42,0.4516365412799218,12282.0,6478.0,546.33,NVIDIA GeForce RTX 4070,[N/A],Enabled,Enabled
1702848052.302461,0,GPU-93ae0c7f-c327-aee3-adae-bc0d1dae71ea,0.49,0.4516365412799218,12282.0,6478.0,546.33,NVIDIA GeForce RTX 4070,[N/A],Enabled,Enabled
1702848053.303119,0,GPU-93ae0c7f-c327-aee3-adae-bc0d1dae71ea,0.43,0.4503338218531184,12282.0,6494.0,546.33,NVIDIA GeForce RTX 4070,[N/A],Enabled,Enabled
1702848054.303992,0,GPU-93ae0c7f-c327-aee3-adae-bc0d1dae71ea,0.47,0.4518808011724475,12282.0,6475.0,546.33,NVIDIA GeForce RTX 4070,[N/A],Enabled,Enabled
1702848055.303036,0,GPU-93ae0c7f-c327-aee3-adae-bc0d1dae71ea,0.46,0.4519622211366227,12282.0,6474.0,546.33,NVIDIA GeForce RTX 4070,[N/A],Enabled,Enabled
1702848056.303262,0,GPU-93ae0c7f-c327-aee3-adae-bc0d1dae71ea,0.44,0.4519622211366227,12282.0,6474.0,546.33,NVIDIA GeForce RTX 4070,[N/A],Enabled,Enabled
1702848057.303944,0,GPU-93ae0c7f-c327-aee3-adae-bc0d1dae71ea,0.4,0.4526135808500244,12282.0,6466.0,546.33,NVIDIA GeForce RTX 4070,[N/A],Enabled,Enabled
1702848058.303478,0,GPU-93ae0c7f-c327-aee3-adae-bc0d1dae71ea,0.38,0.4526135808500244,12282.0,6466.0,546.33,NVIDIA GeForce RTX 4070,[N/A],Enabled,Enabled
1702848059.302534,0,GPU-93ae0c7f-c327-aee3-adae-bc0d1dae71ea,0.42,0.4526135808500244,12282.0,6466.0,546.33,NVIDIA GeForce RTX 4070,[N/A],Enabled,Enabled
1702848060.302624,0,GPU-93ae0c7f-c327-aee3-adae-bc0d1dae71ea,0.46,0.4526135808500244,12282.0,6466.0,546.33,NVIDIA GeForce RTX 4070,[N/A],Enabled,Enabled
1702848061.303752,0,GPU-93ae0c7f-c327-aee3-adae-bc0d1dae71ea,0.41,0.4525321608858492,12282.0,6467.0,546.33,NVIDIA GeForce RTX 4070,[N/A],Enabled,Enabled
1702848062.303409,0,GPU-93ae0c7f-c327-aee3-adae-bc0d1dae71ea,0.46,0.4525321608858492,12282.0,6467.0,546.33,NVIDIA GeForce RTX 4070,[N/A],Enabled,Enabled
1702848063.302921,0,GPU-93ae0c7f-c327-aee3-adae-bc0d1dae71ea,0.42,0.4525321608858492,12282.0,6467.0,546.33,NVIDIA GeForce RTX 4070,[N/A],Enabled,Enabled
1702848064.30274,0,GPU-93ae0c7f-c327-aee3-adae-bc0d1dae71ea,0.45,0.4525321608858492,12282.0,6467.0,546.33,NVIDIA GeForce RTX 4070,[N/A],Enabled,Enabled
1702848065.303794,0,GPU-93ae0c7f-c327-aee3-adae-bc0d1dae71ea,0.38,0.4525321608858492,12282.0,6467.0,546.33,NVIDIA GeForce RTX 4070,[N/A],Enabled,Enabled
1702848066.302617,0,GPU-93ae0c7f-c327-aee3-adae-bc0d1dae71ea,0.43,0.4525321608858492,12282.0,6467.0,546.33,NVIDIA GeForce RTX 4070,[N/A],Enabled,Enabled
1702848067.303101,0,GPU-93ae0c7f-c327-aee3-adae-bc0d1dae71ea,0.42,0.4525321608858492,12282.0,6467.0,546.33,NVIDIA GeForce RTX 4070,[N/A],Enabled,Enabled
1702848068.302967,0,GPU-93ae0c7f-c327-aee3-adae-bc0d1dae71ea,0.43,0.4525321608858492,12282.0,6467.0,546.33,NVIDIA GeForce RTX 4070,[N/A],Enabled,Enabled
1702848069.303483,0,GPU-93ae0c7f-c327-aee3-adae-bc0d1dae71ea,0.38,0.4525321608858492,12282.0,6467.0,546.33,NVIDIA GeForce RTX 4070,[N/A],Enabled,Enabled
1702848070.302687,0,GPU-93ae0c7f-c327-aee3-adae-bc0d1dae71ea,0.39,0.4525321608858492,12282.0,6467.0,546.33,NVIDIA GeForce RTX 4070,[N/A],Enabled,Enabled
1702848071.302899,0,GPU-93ae0c7f-c327-aee3-adae-bc0d1dae71ea,0.39,0.4525321608858492,12282.0,6467.0,546.33,NVIDIA GeForce RTX 4070,[N/A],Enabled,Enabled
1702848072.302954,0,GPU-93ae0c7f-c327-aee3-adae-bc0d1dae71ea,0.43,0.4525321608858492,12282.0,6467.0,546.33,NVIDIA GeForce RTX 4070,[N/A],Enabled,Enabled
1702848073.30376,0,GPU-93ae0c7f-c327-aee3-adae-bc0d1dae71ea,0.42,0.4525321608858492,12282.0,6467.0,546.33,NVIDIA GeForce RTX 4070,[N/A],Enabled,Enabled
1702848074.303374,0,GPU-93ae0c7f-c327-aee3-adae-bc0d1dae71ea,0.41,0.4525321608858492,12282.0,6467.0,546.33,NVIDIA GeForce RTX 4070,[N/A],Enabled,Enabled
1702848075.303135,0,GPU-93ae0c7f-c327-aee3-adae-bc0d1dae71ea,0.44,0.4525321608858492,12282.0,6467.0,546.33,NVIDIA GeForce RTX 4070,[N/A],Enabled,Enabled
1702848076.303602,0,GPU-93ae0c7f-c327-aee3-adae-bc0d1dae71ea,0.43,0.4525321608858492,12282.0,6467.0,546.33,NVIDIA GeForce RTX 4070,[N/A],Enabled,Enabled
1702848077.303534,0,GPU-93ae0c7f-c327-aee3-adae-bc0d1dae71ea,0.43,0.4525321608858492,12282.0,6467.0,546.33,NVIDIA GeForce RTX 4070,[N/A],Enabled,Enabled
1702848078.303453,0,GPU-93ae0c7f-c327-aee3-adae-bc0d1dae71ea,0.46,0.4525321608858492,12282.0,6467.0,546.33,NVIDIA GeForce RTX 4070,[N/A],Enabled,Enabled
1702848079.302619,0,GPU-93ae0c7f-c327-aee3-adae-bc0d1dae71ea,0.43,0.4525321608858492,12282.0,6467.0,546.33,NVIDIA GeForce RTX 4070,[N/A],Enabled,Enabled
1702848080.302614,0,GPU-93ae0c7f-c327-aee3-adae-bc0d1dae71ea,0.39,0.4525321608858492,12282.0,6467.0,546.33,NVIDIA GeForce RTX 4070,[N/A],Enabled,Enabled
1702848081.303717,0,GPU-93ae0c7f-c327-aee3-adae-bc0d1dae71ea,0.42,0.4525321608858492,12282.0,6467.0,546.33,NVIDIA GeForce RTX 4070,[N/A],Enabled,Enabled
1702848082.303733,0,GPU-93ae0c7f-c327-aee3-adae-bc0d1dae71ea,0.41,0.4525321608858492,12282.0,6467.0,546.33,NVIDIA GeForce RTX 4070,[N/A],Enabled,Enabled
1702848083.303132,0,GPU-93ae0c7f-c327-aee3-adae-bc0d1dae71ea,0.41,0.4525321608858492,12282.0,6467.0,546.33,NVIDIA GeForce RTX 4070,[N/A],Enabled,Enabled
1702848084.303088,0,GPU-93ae0c7f-c327-aee3-adae-bc0d1dae71ea,0.43,0.4525321608858492,12282.0,6467.0,546.33,NVIDIA GeForce RTX 4070,[N/A],Enabled,Enabled
1702848085.302531,0,GPU-93ae0c7f-c327-aee3-adae-bc0d1dae71ea,0.42,0.4525321608858492,12282.0,6467.0,546.33,NVIDIA GeForce RTX 4070,[N/A],Enabled,Enabled
1702848086.303037,0,GPU-93ae0c7f-c327-aee3-adae-bc0d1dae71ea,0.42,0.4525321608858492,12282.0,6467.0,546.33,NVIDIA GeForce RTX 4070,[N/A],Enabled,Enabled
1702848087.303208,0,GPU-93ae0c7f-c327-aee3-adae-bc0d1dae71ea,0.35,0.4525321608858492,12282.0,6467.0,546.33,NVIDIA GeForce RTX 4070,[N/A],Enabled,Enabled
1702848088.303001,0,GPU-93ae0c7f-c327-aee3-adae-bc0d1dae71ea,0.38,0.4525321608858492,12282.0,6467.0,546.33,NVIDIA GeForce RTX 4070,[N/A],Enabled,Enabled
1702848089.304068,0,GPU-93ae0c7f-c327-aee3-adae-bc0d1dae71ea,0.4,0.4525321608858492,12282.0,6467.0,546.33,NVIDIA GeForce RTX 4070,[N/A],Enabled,Enabled
1702848090.303436,0,GPU-93ae0c7f-c327-aee3-adae-bc0d1dae71ea,0.4,0.4525321608858492,12282.0,6467.0,546.33,NVIDIA GeForce RTX 4070,[N/A],Enabled,Enabled
1702848091.303742,0,GPU-93ae0c7f-c327-aee3-adae-bc0d1dae71ea,0.37,0.4525321608858492,12282.0,6467.0,546.33,NVIDIA GeForce RTX 4070,[N/A],Enabled,Enabled
1702848092.303143,0,GPU-93ae0c7f-c327-aee3-adae-bc0d1dae71ea,0.43,0.4525321608858492,12282.0,6467.0,546.33,NVIDIA GeForce RTX 4070,[N/A],Enabled,Enabled
1702848093.303268,0,GPU-93ae0c7f-c327-aee3-adae-bc0d1dae71ea,0.41,0.4525321608858492,12282.0,6467.0,546.33,NVIDIA GeForce RTX 4070,[N/A],Enabled,Enabled
1702848094.303449,0,GPU-93ae0c7f-c327-aee3-adae-bc0d1dae71ea,0.43,0.4525321608858492,12282.0,6467.0,546.33,NVIDIA GeForce RTX 4070,[N/A],Enabled,Enabled
1702848095.303157,0,GPU-93ae0c7f-c327-aee3-adae-bc0d1dae71ea,0.4,0.4525321608858492,12282.0,6467.0,546.33,NVIDIA GeForce RTX 4070,[N/A],Enabled,Enabled
1702848096.303687,0,GPU-93ae0c7f-c327-aee3-adae-bc0d1dae71ea,0.38,0.4525321608858492,12282.0,6467.0,546.33,NVIDIA GeForce RTX 4070,[N/A],Enabled,Enabled
1702848097.30265,0,GPU-93ae0c7f-c327-aee3-adae-bc0d1dae71ea,0.39,0.4525321608858492,12282.0,6467.0,546.33,NVIDIA GeForce RTX 4070,[N/A],Enabled,Enabled
1702848098.302729,0,GPU-93ae0c7f-c327-aee3-adae-bc0d1dae71ea,0.42,0.4525321608858492,12282.0,6467.0,546.33,NVIDIA GeForce RTX 4070,[N/A],Enabled,Enabled
1702848099.303687,0,GPU-93ae0c7f-c327-aee3-adae-bc0d1dae71ea,0.38,0.4525321608858492,12282.0,6467.0,546.33,NVIDIA GeForce RTX 4070,[N/A],Enabled,Enabled
1702848100.302584,0,GPU-93ae0c7f-c327-aee3-adae-bc0d1dae71ea,0.41,0.4525321608858492,12282.0,6467.0,546.33,NVIDIA GeForce RTX 4070,[N/A],Enabled,Enabled
1702848101.302666,0,GPU-93ae0c7f-c327-aee3-adae-bc0d1dae71ea,0.39,0.4525321608858492,12282.0,6467.0,546.33,NVIDIA GeForce RTX 4070,[N/A],Enabled,Enabled
1702848102.302768,0,GPU-93ae0c7f-c327-aee3-adae-bc0d1dae71ea,0.41,0.4525321608858492,12282.0,6467.0,546.33,NVIDIA GeForce RTX 4070,[N/A],Enabled,Enabled
1702848103.303633,0,GPU-93ae0c7f-c327-aee3-adae-bc0d1dae71ea,0.38,0.4525321608858492,12282.0,6467.0,546.33,NVIDIA GeForce RTX 4070,[N/A],Enabled,Enabled
1702848104.303387,0,GPU-93ae0c7f-c327-aee3-adae-bc0d1dae71ea,0.45,0.4525321608858492,12282.0,6467.0,546.33,NVIDIA GeForce RTX 4070,[N/A],Enabled,Enabled
1702848105.302873,0,GPU-93ae0c7f-c327-aee3-adae-bc0d1dae71ea,0.45,0.4525321608858492,12282.0,6467.0,546.33,NVIDIA GeForce RTX 4070,[N/A],Enabled,Enabled
1702848106.303005,0,GPU-93ae0c7f-c327-aee3-adae-bc0d1dae71ea,0.45,0.4525321608858492,12282.0,6467.0,546.33,NVIDIA GeForce RTX 4070,[N/A],Enabled,Enabled
1702848107.303233,0,GPU-93ae0c7f-c327-aee3-adae-bc0d1dae71ea,0.4,0.4525321608858492,12282.0,6467.0,546.33,NVIDIA GeForce RTX 4070,[N/A],Enabled,Enabled
1702848108.302791,0,GPU-93ae0c7f-c327-aee3-adae-bc0d1dae71ea,0.36,0.4525321608858492,12282.0,6467.0,546.33,NVIDIA GeForce RTX 4070,[N/A],Enabled,Enabled
1702848109.302586,0,GPU-93ae0c7f-c327-aee3-adae-bc0d1dae71ea,0.41,0.4525321608858492,12282.0,6467.0,546.33,NVIDIA GeForce RTX 4070,[N/A],Enabled,Enabled
1702848110.303154,0,GPU-93ae0c7f-c327-aee3-adae-bc0d1dae71ea,0.41,0.4525321608858492,12282.0,6467.0,546.33,NVIDIA GeForce RTX 4070,[N/A],Enabled,Enabled
1702848111.302772,0,GPU-93ae0c7f-c327-aee3-adae-bc0d1dae71ea,0.37,0.4525321608858492,12282.0,6467.0,546.33,NVIDIA GeForce RTX 4070,[N/A],Enabled,Enabled
1702848112.30337,0,GPU-93ae0c7f-c327-aee3-adae-bc0d1dae71ea,0.44,0.4525321608858492,12282.0,6467.0,546.33,NVIDIA GeForce RTX 4070,[N/A],Enabled,Enabled
1702848113.30391,0,GPU-93ae0c7f-c327-aee3-adae-bc0d1dae71ea,0.4,0.4525321608858492,12282.0,6467.0,546.33,NVIDIA GeForce RTX 4070,[N/A],Enabled,Enabled
1702848114.303418,0,GPU-93ae0c7f-c327-aee3-adae-bc0d1dae71ea,0.39,0.4525321608858492,12282.0,6467.0,546.33,NVIDIA GeForce RTX 4070,[N/A],Enabled,Enabled
1702848115.303875,0,GPU-93ae0c7f-c327-aee3-adae-bc0d1dae71ea,0.41,0.4525321608858492,12282.0,6467.0,546.33,NVIDIA GeForce RTX 4070,[N/A],Enabled,Enabled
1702848116.302555,0,GPU-93ae0c7f-c327-aee3-adae-bc0d1dae71ea,0.45,0.4525321608858492,12282.0,6467.0,546.33,NVIDIA GeForce RTX 4070,[N/A],Enabled,Enabled
1702848117.303396,0,GPU-93ae0c7f-c327-aee3-adae-bc0d1dae71ea,0.4,0.4525321608858492,12282.0,6467.0,546.33,NVIDIA GeForce RTX 4070,[N/A],Enabled,Enabled
1702848118.302982,0,GPU-93ae0c7f-c327-aee3-adae-bc0d1dae71ea,0.44,0.4525321608858492,12282.0,6467.0,546.33,NVIDIA GeForce RTX 4070,[N/A],Enabled,Enabled
1702848119.302564,0,GPU-93ae0c7f-c327-aee3-adae-bc0d1dae71ea,0.44,0.4525321608858492,12282.0,6467.0,546.33,NVIDIA GeForce RTX 4070,[N/A],Enabled,Enabled
1702848120.303147,0,GPU-93ae0c7f-c327-aee3-adae-bc0d1dae71ea,0.42,0.4525321608858492,12282.0,6467.0,546.33,NVIDIA GeForce RTX 4070,[N/A],Enabled,Enabled
1702848121.303253,0,GPU-93ae0c7f-c327-aee3-adae-bc0d1dae71ea,0.41,0.4525321608858492,12282.0,6467.0,546.33,NVIDIA GeForce RTX 4070,[N/A],Enabled,Enabled
1702848122.303975,0,GPU-93ae0c7f-c327-aee3-adae-bc0d1dae71ea,0.43,0.4525321608858492,12282.0,6467.0,546.33,NVIDIA GeForce RTX 4070,[N/A],Enabled,Enabled
1702848123.302706,0,GPU-93ae0c7f-c327-aee3-adae-bc0d1dae71ea,0.42,0.4525321608858492,12282.0,6467.0,546.33,NVIDIA GeForce RTX 4070,[N/A],Enabled,Enabled
1702848124.302772,0,GPU-93ae0c7f-c327-aee3-adae-bc0d1dae71ea,0.48,0.4525321608858492,12282.0,6467.0,546.33,NVIDIA GeForce RTX 4070,[N/A],Enabled,Enabled
1702848125.303177,0,GPU-93ae0c7f-c327-aee3-adae-bc0d1dae71ea,0.4,0.4525321608858492,12282.0,6467.0,546.33,NVIDIA GeForce RTX 4070,[N/A],Enabled,Enabled
1702848126.302819,0,GPU-93ae0c7f-c327-aee3-adae-bc0d1dae71ea,0.41,0.4525321608858492,12282.0,6467.0,546.33,NVIDIA GeForce RTX 4070,[N/A],Enabled,Enabled
1702848127.30293,0,GPU-93ae0c7f-c327-aee3-adae-bc0d1dae71ea,0.42,0.4525321608858492,12282.0,6467.0,546.33,NVIDIA GeForce RTX 4070,[N/A],Enabled,Enabled
1702848128.30328,0,GPU-93ae0c7f-c327-aee3-adae-bc0d1dae71ea,0.46,0.4525321608858492,12282.0,6467.0,546.33,NVIDIA GeForce RTX 4070,[N/A],Enabled,Enabled
1702848129.303409,0,GPU-93ae0c7f-c327-aee3-adae-bc0d1dae71ea,0.42,0.4525321608858492,12282.0,6467.0,546.33,NVIDIA GeForce RTX 4070,[N/A],Enabled,Enabled
1702848130.303289,0,GPU-93ae0c7f-c327-aee3-adae-bc0d1dae71ea,0.47,0.4525321608858492,12282.0,6467.0,546.33,NVIDIA GeForce RTX 4070,[N/A],Enabled,Enabled
1702848131.302586,0,GPU-93ae0c7f-c327-aee3-adae-bc0d1dae71ea,0.42,0.4525321608858492,12282.0,6467.0,546.33,NVIDIA GeForce RTX 4070,[N/A],Enabled,Enabled
1702848132.304176,0,GPU-93ae0c7f-c327-aee3-adae-bc0d1dae71ea,0.43,0.4525321608858492,12282.0,6467.0,546.33,NVIDIA GeForce RTX 4070,[N/A],Enabled,Enabled
1702848133.303262,0,GPU-93ae0c7f-c327-aee3-adae-bc0d1dae71ea,0.4,0.4525321608858492,12282.0,6467.0,546.33,NVIDIA GeForce RTX 4070,[N/A],Enabled,Enabled
1702848134.303067,0,GPU-93ae0c7f-c327-aee3-adae-bc0d1dae71ea,0.46,0.4525321608858492,12282.0,6467.0,546.33,NVIDIA GeForce RTX 4070,[N/A],Enabled,Enabled
1702848135.303124,0,GPU-93ae0c7f-c327-aee3-adae-bc0d1dae71ea,0.41,0.4525321608858492,12282.0,6467.0,546.33,NVIDIA GeForce RTX 4070,[N/A],Enabled,Enabled
1702848136.303404,0,GPU-93ae0c7f-c327-aee3-adae-bc0d1dae71ea,0.46,0.4525321608858492,12282.0,6467.0,546.33,NVIDIA GeForce RTX 4070,[N/A],Enabled,Enabled
1702848137.30303,0,GPU-93ae0c7f-c327-aee3-adae-bc0d1dae71ea,0.41,0.4525321608858492,12282.0,6467.0,546.33,NVIDIA GeForce RTX 4070,[N/A],Enabled,Enabled
1702848138.303258,0,GPU-93ae0c7f-c327-aee3-adae-bc0d1dae71ea,0.42,0.4525321608858492,12282.0,6467.0,546.33,NVIDIA GeForce RTX 4070,[N/A],Enabled,Enabled
1702848139.302749,0,GPU-93ae0c7f-c327-aee3-adae-bc0d1dae71ea,0.39,0.4525321608858492,12282.0,6467.0,546.33,NVIDIA GeForce RTX 4070,[N/A],Enabled,Enabled
1702848140.302471,0,GPU-93ae0c7f-c327-aee3-adae-bc0d1dae71ea,0.41,0.4525321608858492,12282.0,6467.0,546.33,NVIDIA GeForce RTX 4070,[N/A],Enabled,Enabled
1702848141.303015,0,GPU-93ae0c7f-c327-aee3-adae-bc0d1dae71ea,0.38,0.4525321608858492,12282.0,6467.0,546.33,NVIDIA GeForce RTX 4070,[N/A],Enabled,Enabled
1702848142.302904,0,GPU-93ae0c7f-c327-aee3-adae-bc0d1dae71ea,0.42,0.4525321608858492,12282.0,6467.0,546.33,NVIDIA GeForce RTX 4070,[N/A],Enabled,Enabled
1702848143.303795,0,GPU-93ae0c7f-c327-aee3-adae-bc0d1dae71ea,0.41,0.4525321608858492,12282.0,6467.0,546.33,NVIDIA GeForce RTX 4070,[N/A],Enabled,Enabled
1702848144.30371,0,GPU-93ae0c7f-c327-aee3-adae-bc0d1dae71ea,0.45,0.4525321608858492,12282.0,6467.0,546.33,NVIDIA GeForce RTX 4070,[N/A],Enabled,Enabled
1702848145.302985,0,GPU-93ae0c7f-c327-aee3-adae-bc0d1dae71ea,0.4,0.4525321608858492,12282.0,6467.0,546.33,NVIDIA GeForce RTX 4070,[N/A],Enabled,Enabled
1702848146.302807,0,GPU-93ae0c7f-c327-aee3-adae-bc0d1dae71ea,0.5,0.4525321608858492,12282.0,6467.0,546.33,NVIDIA GeForce RTX 4070,[N/A],Enabled,Enabled
1702848147.303805,0,GPU-93ae0c7f-c327-aee3-adae-bc0d1dae71ea,0.42,0.4525321608858492,12282.0,6467.0,546.33,NVIDIA GeForce RTX 4070,[N/A],Enabled,Enabled
1702848148.303739,0,GPU-93ae0c7f-c327-aee3-adae-bc0d1dae71ea,0.46,0.4525321608858492,12282.0,6467.0,546.33,NVIDIA GeForce RTX 4070,[N/A],Enabled,Enabled
1702848149.302795,0,GPU-93ae0c7f-c327-aee3-adae-bc0d1dae71ea,0.45,0.4525321608858492,12282.0,6467.0,546.33,NVIDIA GeForce RTX 4070,[N/A],Enabled,Enabled
1702848150.302641,0,GPU-93ae0c7f-c327-aee3-adae-bc0d1dae71ea,0.4,0.4525321608858492,12282.0,6467.0,546.33,NVIDIA GeForce RTX 4070,[N/A],Enabled,Enabled
1702848151.303043,0,GPU-93ae0c7f-c327-aee3-adae-bc0d1dae71ea,0.44,0.4525321608858492,12282.0,6467.0,546.33,NVIDIA GeForce RTX 4070,[N/A],Enabled,Enabled
1702848152.302452,0,GPU-93ae0c7f-c327-aee3-adae-bc0d1dae71ea,0.41,0.4525321608858492,12282.0,6467.0,546.33,NVIDIA GeForce RTX 4070,[N/A],Enabled,Enabled
1702848153.303581,0,GPU-93ae0c7f-c327-aee3-adae-bc0d1dae71ea,0.43,0.4525321608858492,12282.0,6467.0,546.33,NVIDIA GeForce RTX 4070,[N/A],Enabled,Enabled
1702848154.303683,0,GPU-93ae0c7f-c327-aee3-adae-bc0d1dae71ea,0.39,0.4525321608858492,12282.0,6467.0,546.33,NVIDIA GeForce RTX 4070,[N/A],Enabled,Enabled
1702848155.302394,0,GPU-93ae0c7f-c327-aee3-adae-bc0d1dae71ea,0.42,0.4525321608858492,12282.0,6467.0,546.33,NVIDIA GeForce RTX 4070,[N/A],Enabled,Enabled
1702848156.302884,0,GPU-93ae0c7f-c327-aee3-adae-bc0d1dae71ea,0.49,0.4525321608858492,12282.0,6467.0,546.33,NVIDIA GeForce RTX 4070,[N/A],Enabled,Enabled
1702848157.303412,0,GPU-93ae0c7f-c327-aee3-adae-bc0d1dae71ea,0.49,0.4525321608858492,12282.0,6467.0,546.33,NVIDIA GeForce RTX 4070,[N/A],Enabled,Enabled
1702848158.303965,0,GPU-93ae0c7f-c327-aee3-adae-bc0d1dae71ea,0.42,0.4525321608858492,12282.0,6467.0,546.33,NVIDIA GeForce RTX 4070,[N/A],Enabled,Enabled
1702848159.303935,0,GPU-93ae0c7f-c327-aee3-adae-bc0d1dae71ea,0.4,0.4525321608858492,12282.0,6467.0,546.33,NVIDIA GeForce RTX 4070,[N/A],Enabled,Enabled
1702848160.303518,0,GPU-93ae0c7f-c327-aee3-adae-bc0d1dae71ea,0.4,0.4525321608858492,12282.0,6467.0,546.33,NVIDIA GeForce RTX 4070,[N/A],Enabled,Enabled
1702848161.303497,0,GPU-93ae0c7f-c327-aee3-adae-bc0d1dae71ea,0.36,0.4525321608858492,12282.0,6467.0,546.33,NVIDIA GeForce RTX 4070,[N/A],Enabled,Enabled
1702848162.30269,0,GPU-93ae0c7f-c327-aee3-adae-bc0d1dae71ea,0.39,0.4525321608858492,12282.0,6467.0,546.33,NVIDIA GeForce RTX 4070,[N/A],Enabled,Enabled
1702848163.302444,0,GPU-93ae0c7f-c327-aee3-adae-bc0d1dae71ea,0.41,0.4525321608858492,12282.0,6467.0,546.33,NVIDIA GeForce RTX 4070,[N/A],Enabled,Enabled
1702848164.302984,0,GPU-93ae0c7f-c327-aee3-adae-bc0d1dae71ea,0.42,0.4525321608858492,12282.0,6467.0,546.33,NVIDIA GeForce RTX 4070,[N/A],Enabled,Enabled
1702848165.302909,0,GPU-93ae0c7f-c327-aee3-adae-bc0d1dae71ea,0.42,0.4525321608858492,12282.0,6467.0,546.33,NVIDIA GeForce RTX 4070,[N/A],Enabled,Enabled
1702848166.303263,0,GPU-93ae0c7f-c327-aee3-adae-bc0d1dae71ea,0.43,0.4525321608858492,12282.0,6467.0,546.33,NVIDIA GeForce RTX 4070,[N/A],Enabled,Enabled
1702848167.30298,0,GPU-93ae0c7f-c327-aee3-adae-bc0d1dae71ea,0.41,0.4525321608858492,12282.0,6467.0,546.33,NVIDIA GeForce RTX 4070,[N/A],Enabled,Enabled
1702848168.303103,0,GPU-93ae0c7f-c327-aee3-adae-bc0d1dae71ea,0.47,0.4525321608858492,12282.0,6467.0,546.33,NVIDIA GeForce RTX 4070,[N/A],Enabled,Enabled
1702848169.303047,0,GPU-93ae0c7f-c327-aee3-adae-bc0d1dae71ea,0.45,0.4525321608858492,12282.0,6467.0,546.33,NVIDIA GeForce RTX 4070,[N/A],Enabled,Enabled
1702848170.303325,0,GPU-93ae0c7f-c327-aee3-adae-bc0d1dae71ea,0.4,0.4525321608858492,12282.0,6467.0,546.33,NVIDIA GeForce RTX 4070,[N/A],Enabled,Enabled
1702848171.303397,0,GPU-93ae0c7f-c327-aee3-adae-bc0d1dae71ea,0.37,0.4525321608858492,12282.0,6467.0,546.33,NVIDIA GeForce RTX 4070,[N/A],Enabled,Enabled
1702848172.302782,0,GPU-93ae0c7f-c327-aee3-adae-bc0d1dae71ea,0.44,0.4525321608858492,12282.0,6467.0,546.33,NVIDIA GeForce RTX 4070,[N/A],Enabled,Enabled
1702848173.303065,0,GPU-93ae0c7f-c327-aee3-adae-bc0d1dae71ea,0.42,0.4525321608858492,12282.0,6467.0,546.33,NVIDIA GeForce RTX 4070,[N/A],Enabled,Enabled
1702848174.303545,0,GPU-93ae0c7f-c327-aee3-adae-bc0d1dae71ea,0.47,0.4525321608858492,12282.0,6467.0,546.33,NVIDIA GeForce RTX 4070,[N/A],Enabled,Enabled
1702848175.303494,0,GPU-93ae0c7f-c327-aee3-adae-bc0d1dae71ea,0.47,0.4525321608858492,12282.0,6467.0,546.33,NVIDIA GeForce RTX 4070,[N/A],Enabled,Enabled
1702848176.302704,0,GPU-93ae0c7f-c327-aee3-adae-bc0d1dae71ea,0.37,0.4525321608858492,12282.0,6467.0,546.33,NVIDIA GeForce RTX 4070,[N/A],Enabled,Enabled
1702848177.302519,0,GPU-93ae0c7f-c327-aee3-adae-bc0d1dae71ea,0.37,0.4525321608858492,12282.0,6467.0,546.33,NVIDIA GeForce RTX 4070,[N/A],Enabled,Enabled
1702848178.30316,0,GPU-93ae0c7f-c327-aee3-adae-bc0d1dae71ea,0.44,0.4525321608858492,12282.0,6467.0,546.33,NVIDIA GeForce RTX 4070,[N/A],Enabled,Enabled
1702848179.302566,0,GPU-93ae0c7f-c327-aee3-adae-bc0d1dae71ea,0.4,0.4525321608858492,12282.0,6467.0,546.33,NVIDIA GeForce RTX 4070,[N/A],Enabled,Enabled
1702848180.303105,0,GPU-93ae0c7f-c327-aee3-adae-bc0d1dae71ea,0.4,0.4525321608858492,12282.0,6467.0,546.33,NVIDIA GeForce RTX 4070,[N/A],Enabled,Enabled
1702848181.30277,0,GPU-93ae0c7f-c327-aee3-adae-bc0d1dae71ea,0.42,0.4525321608858492,12282.0,6467.0,546.33,NVIDIA GeForce RTX 4070,[N/A],Enabled,Enabled
1702848182.303242,0,GPU-93ae0c7f-c327-aee3-adae-bc0d1dae71ea,0.44,0.4525321608858492,12282.0,6467.0,546.33,NVIDIA GeForce RTX 4070,[N/A],Enabled,Enabled
1702848183.302969,0,GPU-93ae0c7f-c327-aee3-adae-bc0d1dae71ea,0.38,0.4525321608858492,12282.0,6467.0,546.33,NVIDIA GeForce RTX 4070,[N/A],Enabled,Enabled
1702848184.303433,0,GPU-93ae0c7f-c327-aee3-adae-bc0d1dae71ea,0.43,0.4525321608858492,12282.0,6467.0,546.33,NVIDIA GeForce RTX 4070,[N/A],Enabled,Enabled
1702848185.303474,0,GPU-93ae0c7f-c327-aee3-adae-bc0d1dae71ea,0.36,0.4525321608858492,12282.0,6467.0,546.33,NVIDIA GeForce RTX 4070,[N/A],Enabled,Enabled
1702848186.302842,0,GPU-93ae0c7f-c327-aee3-adae-bc0d1dae71ea,0.39,0.4525321608858492,12282.0,6467.0,546.33,NVIDIA GeForce RTX 4070,[N/A],Enabled,Enabled
1702848187.302653,0,GPU-93ae0c7f-c327-aee3-adae-bc0d1dae71ea,0.4,0.4525321608858492,12282.0,6467.0,546.33,NVIDIA GeForce RTX 4070,[N/A],Enabled,Enabled
1702848188.302922,0,GPU-93ae0c7f-c327-aee3-adae-bc0d1dae71ea,0.43,0.4525321608858492,12282.0,6467.0,546.33,NVIDIA GeForce RTX 4070,[N/A],Enabled,Enabled
1702848189.303387,0,GPU-93ae0c7f-c327-aee3-adae-bc0d1dae71ea,0.4,0.4525321608858492,12282.0,6467.0,546.33,NVIDIA GeForce RTX 4070,[N/A],Enabled,Enabled
1702848190.302741,0,GPU-93ae0c7f-c327-aee3-adae-bc0d1dae71ea,0.44,0.4525321608858492,12282.0,6467.0,546.33,NVIDIA GeForce RTX 4070,[N/A],Enabled,Enabled
1702848191.303438,0,GPU-93ae0c7f-c327-aee3-adae-bc0d1dae71ea,0.39,0.4525321608858492,12282.0,6467.0,546.33,NVIDIA GeForce RTX 4070,[N/A],Enabled,Enabled
1702848192.302904,0,GPU-93ae0c7f-c327-aee3-adae-bc0d1dae71ea,0.41,0.4525321608858492,12282.0,6467.0,546.33,NVIDIA GeForce RTX 4070,[N/A],Enabled,Enabled
1702848193.303588,0,GPU-93ae0c7f-c327-aee3-adae-bc0d1dae71ea,0.35,0.4525321608858492,12282.0,6467.0,546.33,NVIDIA GeForce RTX 4070,[N/A],Enabled,Enabled
1702848194.303282,0,GPU-93ae0c7f-c327-aee3-adae-bc0d1dae71ea,0.35,0.4525321608858492,12282.0,6467.0,546.33,NVIDIA GeForce RTX 4070,[N/A],Enabled,Enabled
1702848195.302896,0,GPU-93ae0c7f-c327-aee3-adae-bc0d1dae71ea,0.38,0.4525321608858492,12282.0,6467.0,546.33,NVIDIA GeForce RTX 4070,[N/A],Enabled,Enabled
1702848196.303558,0,GPU-93ae0c7f-c327-aee3-adae-bc0d1dae71ea,0.41,0.4525321608858492,12282.0,6467.0,546.33,NVIDIA GeForce RTX 4070,[N/A],Enabled,Enabled
1702848197.303947,0,GPU-93ae0c7f-c327-aee3-adae-bc0d1dae71ea,0.37,0.4525321608858492,12282.0,6467.0,546.33,NVIDIA GeForce RTX 4070,[N/A],Enabled,Enabled
1702848198.303091,0,GPU-93ae0c7f-c327-aee3-adae-bc0d1dae71ea,0.36,0.4525321608858492,12282.0,6467.0,546.33,NVIDIA GeForce RTX 4070,[N/A],Enabled,Enabled
1702848199.303446,0,GPU-93ae0c7f-c327-aee3-adae-bc0d1dae71ea,0.4,0.4525321608858492,12282.0,6467.0,546.33,NVIDIA GeForce RTX 4070,[N/A],Enabled,Enabled
1702848200.303369,0,GPU-93ae0c7f-c327-aee3-adae-bc0d1dae71ea,0.36,0.4525321608858492,12282.0,6467.0,546.33,NVIDIA GeForce RTX 4070,[N/A],Enabled,Enabled
1702848201.302369,0,GPU-93ae0c7f-c327-aee3-adae-bc0d1dae71ea,0.38,0.4525321608858492,12282.0,6467.0,546.33,NVIDIA GeForce RTX 4070,[N/A],Enabled,Enabled
1702848202.302995,0,GPU-93ae0c7f-c327-aee3-adae-bc0d1dae71ea,0.42,0.4525321608858492,12282.0,6467.0,546.33,NVIDIA GeForce RTX 4070,[N/A],Enabled,Enabled
1702848203.302851,0,GPU-93ae0c7f-c327-aee3-adae-bc0d1dae71ea,0.42,0.4525321608858492,12282.0,6467.0,546.33,NVIDIA GeForce RTX 4070,[N/A],Enabled,Enabled
1702848204.303045,0,GPU-93ae0c7f-c327-aee3-adae-bc0d1dae71ea,0.38,0.4525321608858492,12282.0,6467.0,546.33,NVIDIA GeForce RTX 4070,[N/A],Enabled,Enabled
1702848205.30347,0,GPU-93ae0c7f-c327-aee3-adae-bc0d1dae71ea,0.37,0.4525321608858492,12282.0,6467.0,546.33,NVIDIA GeForce RTX 4070,[N/A],Enabled,Enabled
1702848206.304135,0,GPU-93ae0c7f-c327-aee3-adae-bc0d1dae71ea,0.43,0.4525321608858492,12282.0,6467.0,546.33,NVIDIA GeForce RTX 4070,[N/A],Enabled,Enabled
1702848207.303048,0,GPU-93ae0c7f-c327-aee3-adae-bc0d1dae71ea,0.43,0.4525321608858492,12282.0,6467.0,546.33,NVIDIA GeForce RTX 4070,[N/A],Enabled,Enabled
1702848208.303028,0,GPU-93ae0c7f-c327-aee3-adae-bc0d1dae71ea,0.4,0.4525321608858492,12282.0,6467.0,546.33,NVIDIA GeForce RTX 4070,[N/A],Enabled,Enabled
1702848209.303339,0,GPU-93ae0c7f-c327-aee3-adae-bc0d1dae71ea,0.38,0.4525321608858492,12282.0,6467.0,546.33,NVIDIA GeForce RTX 4070,[N/A],Enabled,Enabled
1702848210.302947,0,GPU-93ae0c7f-c327-aee3-adae-bc0d1dae71ea,0.51,0.4525321608858492,12282.0,6467.0,546.33,NVIDIA GeForce RTX 4070,[N/A],Enabled,Enabled
1702848211.303003,0,GPU-93ae0c7f-c327-aee3-adae-bc0d1dae71ea,0.49,0.4525321608858492,12282.0,6467.0,546.33,NVIDIA GeForce RTX 4070,[N/A],Enabled,Enabled
1702848212.303162,0,GPU-93ae0c7f-c327-aee3-adae-bc0d1dae71ea,0.47,0.4525321608858492,12282.0,6467.0,546.33,NVIDIA GeForce RTX 4070,[N/A],Enabled,Enabled
1702848213.302746,0,GPU-93ae0c7f-c327-aee3-adae-bc0d1dae71ea,0.41,0.4525321608858492,12282.0,6467.0,546.33,NVIDIA GeForce RTX 4070,[N/A],Enabled,Enabled
1702848214.303555,0,GPU-93ae0c7f-c327-aee3-adae-bc0d1dae71ea,0.44,0.4525321608858492,12282.0,6467.0,546.33,NVIDIA GeForce RTX 4070,[N/A],Enabled,Enabled
1702848215.304097,0,GPU-93ae0c7f-c327-aee3-adae-bc0d1dae71ea,0.34,0.4525321608858492,12282.0,6467.0,546.33,NVIDIA GeForce RTX 4070,[N/A],Enabled,Enabled
1702848216.302784,0,GPU-93ae0c7f-c327-aee3-adae-bc0d1dae71ea,0.44,0.4525321608858492,12282.0,6467.0,546.33,NVIDIA GeForce RTX 4070,[N/A],Enabled,Enabled
1702848217.303332,0,GPU-93ae0c7f-c327-aee3-adae-bc0d1dae71ea,0.43,0.4525321608858492,12282.0,6467.0,546.33,NVIDIA GeForce RTX 4070,[N/A],Enabled,Enabled
1702848218.30291,0,GPU-93ae0c7f-c327-aee3-adae-bc0d1dae71ea,0.45,0.4525321608858492,12282.0,6467.0,546.33,NVIDIA GeForce RTX 4070,[N/A],Enabled,Enabled
1702848219.302857,0,GPU-93ae0c7f-c327-aee3-adae-bc0d1dae71ea,0.41,0.4525321608858492,12282.0,6467.0,546.33,NVIDIA GeForce RTX 4070,[N/A],Enabled,Enabled
1702848220.303179,0,GPU-93ae0c7f-c327-aee3-adae-bc0d1dae71ea,0.44,0.4525321608858492,12282.0,6467.0,546.33,NVIDIA GeForce RTX 4070,[N/A],Enabled,Enabled
1702848221.304183,0,GPU-93ae0c7f-c327-aee3-adae-bc0d1dae71ea,0.41,0.4525321608858492,12282.0,6467.0,546.33,NVIDIA GeForce RTX 4070,[N/A],Enabled,Enabled
1702848222.303288,0,GPU-93ae0c7f-c327-aee3-adae-bc0d1dae71ea,0.48,0.4525321608858492,12282.0,6467.0,546.33,NVIDIA GeForce RTX 4070,[N/A],Enabled,Enabled
1702848223.303723,0,GPU-93ae0c7f-c327-aee3-adae-bc0d1dae71ea,0.49,0.4525321608858492,12282.0,6467.0,546.33,NVIDIA GeForce RTX 4070,[N/A],Enabled,Enabled
1702848224.302985,0,GPU-93ae0c7f-c327-aee3-adae-bc0d1dae71ea,0.38,0.4525321608858492,12282.0,6467.0,546.33,NVIDIA GeForce RTX 4070,[N/A],Enabled,Enabled
1702848225.303962,0,GPU-93ae0c7f-c327-aee3-adae-bc0d1dae71ea,0.41,0.4525321608858492,12282.0,6467.0,546.33,NVIDIA GeForce RTX 4070,[N/A],Enabled,Enabled
1702848226.302708,0,GPU-93ae0c7f-c327-aee3-adae-bc0d1dae71ea,0.42,0.4525321608858492,12282.0,6467.0,546.33,NVIDIA GeForce RTX 4070,[N/A],Enabled,Enabled
1702848227.302876,0,GPU-93ae0c7f-c327-aee3-adae-bc0d1dae71ea,0.41,0.4525321608858492,12282.0,6467.0,546.33,NVIDIA GeForce RTX 4070,[N/A],Enabled,Enabled
1702848228.302743,0,GPU-93ae0c7f-c327-aee3-adae-bc0d1dae71ea,0.44,0.4525321608858492,12282.0,6467.0,546.33,NVIDIA GeForce RTX 4070,[N/A],Enabled,Enabled
1702848229.303983,0,GPU-93ae0c7f-c327-aee3-adae-bc0d1dae71ea,0.45,0.4525321608858492,12282.0,6467.0,546.33,NVIDIA GeForce RTX 4070,[N/A],Enabled,Enabled
1702848230.303566,0,GPU-93ae0c7f-c327-aee3-adae-bc0d1dae71ea,0.45,0.4525321608858492,12282.0,6467.0,546.33,NVIDIA GeForce RTX 4070,[N/A],Enabled,Enabled
1702848231.303323,0,GPU-93ae0c7f-c327-aee3-adae-bc0d1dae71ea,0.42,0.4525321608858492,12282.0,6467.0,546.33,NVIDIA GeForce RTX 4070,[N/A],Enabled,Enabled
1702848232.304046,0,GPU-93ae0c7f-c327-aee3-adae-bc0d1dae71ea,0.47,0.4525321608858492,12282.0,6467.0,546.33,NVIDIA GeForce RTX 4070,[N/A],Enabled,Enabled
1702848233.303512,0,GPU-93ae0c7f-c327-aee3-adae-bc0d1dae71ea,0.42,0.4525321608858492,12282.0,6467.0,546.33,NVIDIA GeForce RTX 4070,[N/A],Enabled,Enabled
1702848234.303017,0,GPU-93ae0c7f-c327-aee3-adae-bc0d1dae71ea,0.45,0.4525321608858492,12282.0,6467.0,546.33,NVIDIA GeForce RTX 4070,[N/A],Enabled,Enabled
1702848235.302817,0,GPU-93ae0c7f-c327-aee3-adae-bc0d1dae71ea,0.47,0.4525321608858492,12282.0,6467.0,546.33,NVIDIA GeForce RTX 4070,[N/A],Enabled,Enabled
1702848236.302741,0,GPU-93ae0c7f-c327-aee3-adae-bc0d1dae71ea,0.45,0.4525321608858492,12282.0,6467.0,546.33,NVIDIA GeForce RTX 4070,[N/A],Enabled,Enabled
1702848237.302526,0,GPU-93ae0c7f-c327-aee3-adae-bc0d1dae71ea,0.4,0.4525321608858492,12282.0,6467.0,546.33,NVIDIA GeForce RTX 4070,[N/A],Enabled,Enabled
1702848238.303701,0,GPU-93ae0c7f-c327-aee3-adae-bc0d1dae71ea,0.41,0.4525321608858492,12282.0,6467.0,546.33,NVIDIA GeForce RTX 4070,[N/A],Enabled,Enabled
1702848239.302951,0,GPU-93ae0c7f-c327-aee3-adae-bc0d1dae71ea,0.41,0.4525321608858492,12282.0,6467.0,546.33,NVIDIA GeForce RTX 4070,[N/A],Enabled,Enabled
1702848240.302946,0,GPU-93ae0c7f-c327-aee3-adae-bc0d1dae71ea,0.41,0.4525321608858492,12282.0,6467.0,546.33,NVIDIA GeForce RTX 4070,[N/A],Enabled,Enabled
1702848241.302926,0,GPU-93ae0c7f-c327-aee3-adae-bc0d1dae71ea,0.33,0.45131086142322097,12282.0,6482.0,546.33,NVIDIA GeForce RTX 4070,[N/A],Enabled,Enabled
1702848242.302818,0,GPU-93ae0c7f-c327-aee3-adae-bc0d1dae71ea,0.3,0.4507409216739945,12282.0,6489.0,546.33,NVIDIA GeForce RTX 4070,[N/A],Enabled,Enabled
1702848243.303231,0,GPU-93ae0c7f-c327-aee3-adae-bc0d1dae71ea,0.3,0.4507409216739945,12282.0,6489.0,546.33,NVIDIA GeForce RTX 4070,[N/A],Enabled,Enabled
1702848244.302806,0,GPU-93ae0c7f-c327-aee3-adae-bc0d1dae71ea,0.28,0.4460999837160072,12282.0,6546.0,546.33,NVIDIA GeForce RTX 4070,[N/A],Enabled,Enabled
1702848245.302777,0,GPU-93ae0c7f-c327-aee3-adae-bc0d1dae71ea,0.31,0.4507409216739945,12282.0,6489.0,546.33,NVIDIA GeForce RTX 4070,[N/A],Enabled,Enabled
1702848246.303801,0,GPU-93ae0c7f-c327-aee3-adae-bc0d1dae71ea,0.26,0.4460999837160072,12282.0,6546.0,546.33,NVIDIA GeForce RTX 4070,[N/A],Enabled,Enabled
1702848247.302577,0,GPU-93ae0c7f-c327-aee3-adae-bc0d1dae71ea,0.26,0.4460999837160072,12282.0,6546.0,546.33,NVIDIA GeForce RTX 4070,[N/A],Enabled,Enabled
1702848248.303761,0,GPU-93ae0c7f-c327-aee3-adae-bc0d1dae71ea,0.26,0.4460999837160072,12282.0,6546.0,546.33,NVIDIA GeForce RTX 4070,[N/A],Enabled,Enabled
1702848249.302936,0,GPU-93ae0c7f-c327-aee3-adae-bc0d1dae71ea,0.26,0.4460999837160072,12282.0,6546.0,546.33,NVIDIA GeForce RTX 4070,[N/A],Enabled,Enabled
1702848250.302723,0,GPU-93ae0c7f-c327-aee3-adae-bc0d1dae71ea,0.25,0.4460999837160072,12282.0,6546.0,546.33,NVIDIA GeForce RTX 4070,[N/A],Enabled,Enabled
1702848251.303381,0,GPU-93ae0c7f-c327-aee3-adae-bc0d1dae71ea,0.26,0.4460999837160072,12282.0,6546.0,546.33,NVIDIA GeForce RTX 4070,[N/A],Enabled,Enabled
1702848252.303867,0,GPU-93ae0c7f-c327-aee3-adae-bc0d1dae71ea,0.26,0.4460999837160072,12282.0,6546.0,546.33,NVIDIA GeForce RTX 4070,[N/A],Enabled,Enabled
1702848253.303092,0,GPU-93ae0c7f-c327-aee3-adae-bc0d1dae71ea,0.26,0.4460999837160072,12282.0,6546.0,546.33,NVIDIA GeForce RTX 4070,[N/A],Enabled,Enabled
1702848254.302585,0,GPU-93ae0c7f-c327-aee3-adae-bc0d1dae71ea,0.26,0.4460999837160072,12282.0,6546.0,546.33,NVIDIA GeForce RTX 4070,[N/A],Enabled,Enabled
1702848255.302547,0,GPU-93ae0c7f-c327-aee3-adae-bc0d1dae71ea,0.26,0.4460999837160072,12282.0,6546.0,546.33,NVIDIA GeForce RTX 4070,[N/A],Enabled,Enabled
1702848256.303191,0,GPU-93ae0c7f-c327-aee3-adae-bc0d1dae71ea,0.26,0.4460999837160072,12282.0,6546.0,546.33,NVIDIA GeForce RTX 4070,[N/A],Enabled,Enabled
1702848257.302981,0,GPU-93ae0c7f-c327-aee3-adae-bc0d1dae71ea,0.26,0.4460999837160072,12282.0,6546.0,546.33,NVIDIA GeForce RTX 4070,[N/A],Enabled,Enabled
1702848258.303516,0,GPU-93ae0c7f-c327-aee3-adae-bc0d1dae71ea,0.25,0.4460999837160072,12282.0,6546.0,546.33,NVIDIA GeForce RTX 4070,[N/A],Enabled,Enabled
1702848259.303005,0,GPU-93ae0c7f-c327-aee3-adae-bc0d1dae71ea,0.25,0.4460999837160072,12282.0,6546.0,546.33,NVIDIA GeForce RTX 4070,[N/A],Enabled,Enabled
1702848260.303103,0,GPU-93ae0c7f-c327-aee3-adae-bc0d1dae71ea,0.25,0.4460999837160072,12282.0,6546.0,546.33,NVIDIA GeForce RTX 4070,[N/A],Enabled,Enabled
1702848261.303642,0,GPU-93ae0c7f-c327-aee3-adae-bc0d1dae71ea,0.25,0.4460999837160072,12282.0,6546.0,546.33,NVIDIA GeForce RTX 4070,[N/A],Enabled,Enabled
1702848262.303346,0,GPU-93ae0c7f-c327-aee3-adae-bc0d1dae71ea,0.25,0.4460999837160072,12282.0,6546.0,546.33,NVIDIA GeForce RTX 4070,[N/A],Enabled,Enabled
1702848263.303155,0,GPU-93ae0c7f-c327-aee3-adae-bc0d1dae71ea,0.25,0.4460999837160072,12282.0,6546.0,546.33,NVIDIA GeForce RTX 4070,[N/A],Enabled,Enabled
1702848264.303483,0,GPU-93ae0c7f-c327-aee3-adae-bc0d1dae71ea,0.25,0.4461814036801824,12282.0,6545.0,546.33,NVIDIA GeForce RTX 4070,[N/A],Enabled,Enabled
1702848265.302997,0,GPU-93ae0c7f-c327-aee3-adae-bc0d1dae71ea,0.25,0.4461814036801824,12282.0,6545.0,546.33,NVIDIA GeForce RTX 4070,[N/A],Enabled,Enabled
1702848266.303143,0,GPU-93ae0c7f-c327-aee3-adae-bc0d1dae71ea,0.25,0.4461814036801824,12282.0,6545.0,546.33,NVIDIA GeForce RTX 4070,[N/A],Enabled,Enabled
1702848267.302395,0,GPU-93ae0c7f-c327-aee3-adae-bc0d1dae71ea,0.25,0.4461814036801824,12282.0,6545.0,546.33,NVIDIA GeForce RTX 4070,[N/A],Enabled,Enabled
1702848268.303709,0,GPU-93ae0c7f-c327-aee3-adae-bc0d1dae71ea,0.25,0.4461814036801824,12282.0,6545.0,546.33,NVIDIA GeForce RTX 4070,[N/A],Enabled,Enabled
1702848269.303317,0,GPU-93ae0c7f-c327-aee3-adae-bc0d1dae71ea,0.25,0.4461814036801824,12282.0,6545.0,546.33,NVIDIA GeForce RTX 4070,[N/A],Enabled,Enabled
1702848270.303727,0,GPU-93ae0c7f-c327-aee3-adae-bc0d1dae71ea,0.25,0.4461814036801824,12282.0,6545.0,546.33,NVIDIA GeForce RTX 4070,[N/A],Enabled,Enabled
1702848271.302774,0,GPU-93ae0c7f-c327-aee3-adae-bc0d1dae71ea,0.25,0.4461814036801824,12282.0,6545.0,546.33,NVIDIA GeForce RTX 4070,[N/A],Enabled,Enabled
1702848272.302471,0,GPU-93ae0c7f-c327-aee3-adae-bc0d1dae71ea,0.25,0.4461814036801824,12282.0,6545.0,546.33,NVIDIA GeForce RTX 4070,[N/A],Enabled,Enabled
1702848273.303759,0,GPU-93ae0c7f-c327-aee3-adae-bc0d1dae71ea,0.25,0.4461814036801824,12282.0,6545.0,546.33,NVIDIA GeForce RTX 4070,[N/A],Enabled,Enabled
1702848274.303108,0,GPU-93ae0c7f-c327-aee3-adae-bc0d1dae71ea,0.25,0.4461814036801824,12282.0,6545.0,546.33,NVIDIA GeForce RTX 4070,[N/A],Enabled,Enabled
1702848275.303236,0,GPU-93ae0c7f-c327-aee3-adae-bc0d1dae71ea,0.26,0.4461814036801824,12282.0,6545.0,546.33,NVIDIA GeForce RTX 4070,[N/A],Enabled,Enabled
1702848276.303296,0,GPU-93ae0c7f-c327-aee3-adae-bc0d1dae71ea,0.25,0.4461814036801824,12282.0,6545.0,546.33,NVIDIA GeForce RTX 4070,[N/A],Enabled,Enabled
1702848277.302397,0,GPU-93ae0c7f-c327-aee3-adae-bc0d1dae71ea,0.26,0.4461814036801824,12282.0,6545.0,546.33,NVIDIA GeForce RTX 4070,[N/A],Enabled,Enabled
1702848278.303517,0,GPU-93ae0c7f-c327-aee3-adae-bc0d1dae71ea,0.25,0.4461814036801824,12282.0,6545.0,546.33,NVIDIA GeForce RTX 4070,[N/A],Enabled,Enabled
1702848279.302989,0,GPU-93ae0c7f-c327-aee3-adae-bc0d1dae71ea,0.25,0.4461814036801824,12282.0,6545.0,546.33,NVIDIA GeForce RTX 4070,[N/A],Enabled,Enabled
1702848280.303828,0,GPU-93ae0c7f-c327-aee3-adae-bc0d1dae71ea,0.25,0.4461814036801824,12282.0,6545.0,546.33,NVIDIA GeForce RTX 4070,[N/A],Enabled,Enabled
1702848281.30333,0,GPU-93ae0c7f-c327-aee3-adae-bc0d1dae71ea,0.25,0.4461814036801824,12282.0,6545.0,546.33,NVIDIA GeForce RTX 4070,[N/A],Enabled,Enabled
1702848282.302928,0,GPU-93ae0c7f-c327-aee3-adae-bc0d1dae71ea,0.25,0.4461814036801824,12282.0,6545.0,546.33,NVIDIA GeForce RTX 4070,[N/A],Enabled,Enabled
1702848283.303682,0,GPU-93ae0c7f-c327-aee3-adae-bc0d1dae71ea,0.25,0.4461814036801824,12282.0,6545.0,546.33,NVIDIA GeForce RTX 4070,[N/A],Enabled,Enabled
1702848284.30233,0,GPU-93ae0c7f-c327-aee3-adae-bc0d1dae71ea,0.25,0.4461814036801824,12282.0,6545.0,546.33,NVIDIA GeForce RTX 4070,[N/A],Enabled,Enabled
1702848285.303459,0,GPU-93ae0c7f-c327-aee3-adae-bc0d1dae71ea,0.26,0.4461814036801824,12282.0,6545.0,546.33,NVIDIA GeForce RTX 4070,[N/A],Enabled,Enabled
1702848286.30282,0,GPU-93ae0c7f-c327-aee3-adae-bc0d1dae71ea,0.25,0.4461814036801824,12282.0,6545.0,546.33,NVIDIA GeForce RTX 4070,[N/A],Enabled,Enabled
1702848287.303265,0,GPU-93ae0c7f-c327-aee3-adae-bc0d1dae71ea,0.26,0.4461814036801824,12282.0,6545.0,546.33,NVIDIA GeForce RTX 4070,[N/A],Enabled,Enabled
1702848288.302638,0,GPU-93ae0c7f-c327-aee3-adae-bc0d1dae71ea,0.25,0.4461814036801824,12282.0,6545.0,546.33,NVIDIA GeForce RTX 4070,[N/A],Enabled,Enabled
1702848289.30248,0,GPU-93ae0c7f-c327-aee3-adae-bc0d1dae71ea,0.26,0.4461814036801824,12282.0,6545.0,546.33,NVIDIA GeForce RTX 4070,[N/A],Enabled,Enabled
1702848290.30374,0,GPU-93ae0c7f-c327-aee3-adae-bc0d1dae71ea,0.25,0.4461814036801824,12282.0,6545.0,546.33,NVIDIA GeForce RTX 4070,[N/A],Enabled,Enabled
1702848291.30323,0,GPU-93ae0c7f-c327-aee3-adae-bc0d1dae71ea,0.26,0.4461814036801824,12282.0,6545.0,546.33,NVIDIA GeForce RTX 4070,[N/A],Enabled,Enabled
1702848292.303156,0,GPU-93ae0c7f-c327-aee3-adae-bc0d1dae71ea,0.25,0.4461814036801824,12282.0,6545.0,546.33,NVIDIA GeForce RTX 4070,[N/A],Enabled,Enabled
1702848293.302977,0,GPU-93ae0c7f-c327-aee3-adae-bc0d1dae71ea,0.26,0.4461814036801824,12282.0,6545.0,546.33,NVIDIA GeForce RTX 4070,[N/A],Enabled,Enabled
1702848294.302431,0,GPU-93ae0c7f-c327-aee3-adae-bc0d1dae71ea,0.25,0.4461814036801824,12282.0,6545.0,546.33,NVIDIA GeForce RTX 4070,[N/A],Enabled,Enabled
1702848295.302885,0,GPU-93ae0c7f-c327-aee3-adae-bc0d1dae71ea,0.26,0.4461814036801824,12282.0,6545.0,546.33,NVIDIA GeForce RTX 4070,[N/A],Enabled,Enabled
1702848296.302542,0,GPU-93ae0c7f-c327-aee3-adae-bc0d1dae71ea,0.25,0.4461814036801824,12282.0,6545.0,546.33,NVIDIA GeForce RTX 4070,[N/A],Enabled,Enabled
1702848297.303415,0,GPU-93ae0c7f-c327-aee3-adae-bc0d1dae71ea,0.26,0.4461814036801824,12282.0,6545.0,546.33,NVIDIA GeForce RTX 4070,[N/A],Enabled,Enabled
1702848298.302705,0,GPU-93ae0c7f-c327-aee3-adae-bc0d1dae71ea,0.26,0.4461814036801824,12282.0,6545.0,546.33,NVIDIA GeForce RTX 4070,[N/A],Enabled,Enabled
1702848299.302912,0,GPU-93ae0c7f-c327-aee3-adae-bc0d1dae71ea,0.26,0.4461814036801824,12282.0,6545.0,546.33,NVIDIA GeForce RTX 4070,[N/A],Enabled,Enabled
1702848300.30386,0,GPU-93ae0c7f-c327-aee3-adae-bc0d1dae71ea,0.26,0.4461814036801824,12282.0,6545.0,546.33,NVIDIA GeForce RTX 4070,[N/A],Enabled,Enabled
1702848301.303879,0,GPU-93ae0c7f-c327-aee3-adae-bc0d1dae71ea,0.26,0.4461814036801824,12282.0,6545.0,546.33,NVIDIA GeForce RTX 4070,[N/A],Enabled,Enabled
1702848302.3031,0,GPU-93ae0c7f-c327-aee3-adae-bc0d1dae71ea,0.26,0.4461814036801824,12282.0,6545.0,546.33,NVIDIA GeForce RTX 4070,[N/A],Enabled,Enabled
1702848303.302665,0,GPU-93ae0c7f-c327-aee3-adae-bc0d1dae71ea,0.26,0.4461814036801824,12282.0,6545.0,546.33,NVIDIA GeForce RTX 4070,[N/A],Enabled,Enabled
1702848304.30313,0,GPU-93ae0c7f-c327-aee3-adae-bc0d1dae71ea,0.26,0.4461814036801824,12282.0,6545.0,546.33,NVIDIA GeForce RTX 4070,[N/A],Enabled,Enabled
1702848305.302903,0,GPU-93ae0c7f-c327-aee3-adae-bc0d1dae71ea,0.26,0.4461814036801824,12282.0,6545.0,546.33,NVIDIA GeForce RTX 4070,[N/A],Enabled,Enabled
1702848306.303212,0,GPU-93ae0c7f-c327-aee3-adae-bc0d1dae71ea,0.26,0.4461814036801824,12282.0,6545.0,546.33,NVIDIA GeForce RTX 4070,[N/A],Enabled,Enabled
1702848307.303249,0,GPU-93ae0c7f-c327-aee3-adae-bc0d1dae71ea,0.26,0.4461814036801824,12282.0,6545.0,546.33,NVIDIA GeForce RTX 4070,[N/A],Enabled,Enabled
1702848308.303425,0,GPU-93ae0c7f-c327-aee3-adae-bc0d1dae71ea,0.26,0.4461814036801824,12282.0,6545.0,546.33,NVIDIA GeForce RTX 4070,[N/A],Enabled,Enabled
1702848309.303241,0,GPU-93ae0c7f-c327-aee3-adae-bc0d1dae71ea,0.27,0.4461814036801824,12282.0,6545.0,546.33,NVIDIA GeForce RTX 4070,[N/A],Enabled,Enabled
1702848310.303613,0,GPU-93ae0c7f-c327-aee3-adae-bc0d1dae71ea,0.26,0.4461814036801824,12282.0,6545.0,546.33,NVIDIA GeForce RTX 4070,[N/A],Enabled,Enabled
1702848311.302981,0,GPU-93ae0c7f-c327-aee3-adae-bc0d1dae71ea,0.27,0.4461814036801824,12282.0,6545.0,546.33,NVIDIA GeForce RTX 4070,[N/A],Enabled,Enabled
1702848312.302909,0,GPU-93ae0c7f-c327-aee3-adae-bc0d1dae71ea,0.26,0.4461814036801824,12282.0,6545.0,546.33,NVIDIA GeForce RTX 4070,[N/A],Enabled,Enabled
1702848313.302915,0,GPU-93ae0c7f-c327-aee3-adae-bc0d1dae71ea,0.27,0.4461814036801824,12282.0,6545.0,546.33,NVIDIA GeForce RTX 4070,[N/A],Enabled,Enabled
1702848314.303184,0,GPU-93ae0c7f-c327-aee3-adae-bc0d1dae71ea,0.26,0.4461814036801824,12282.0,6545.0,546.33,NVIDIA GeForce RTX 4070,[N/A],Enabled,Enabled
1702848315.303949,0,GPU-93ae0c7f-c327-aee3-adae-bc0d1dae71ea,0.27,0.4461814036801824,12282.0,6545.0,546.33,NVIDIA GeForce RTX 4070,[N/A],Enabled,Enabled
1702848316.302964,0,GPU-93ae0c7f-c327-aee3-adae-bc0d1dae71ea,0.27,0.4461814036801824,12282.0,6545.0,546.33,NVIDIA GeForce RTX 4070,[N/A],Enabled,Enabled
1702848317.303271,0,GPU-93ae0c7f-c327-aee3-adae-bc0d1dae71ea,0.27,0.4461814036801824,12282.0,6545.0,546.33,NVIDIA GeForce RTX 4070,[N/A],Enabled,Enabled
1702848318.303423,0,GPU-93ae0c7f-c327-aee3-adae-bc0d1dae71ea,0.27,0.4461814036801824,12282.0,6545.0,546.33,NVIDIA GeForce RTX 4070,[N/A],Enabled,Enabled
1702848319.303801,0,GPU-93ae0c7f-c327-aee3-adae-bc0d1dae71ea,0.27,0.4461814036801824,12282.0,6545.0,546.33,NVIDIA GeForce RTX 4070,[N/A],Enabled,Enabled
1702848320.303576,0,GPU-93ae0c7f-c327-aee3-adae-bc0d1dae71ea,0.27,0.4461814036801824,12282.0,6545.0,546.33,NVIDIA GeForce RTX 4070,[N/A],Enabled,Enabled
1702848321.303099,0,GPU-93ae0c7f-c327-aee3-adae-bc0d1dae71ea,0.27,0.4461814036801824,12282.0,6545.0,546.33,NVIDIA GeForce RTX 4070,[N/A],Enabled,Enabled
1702848322.303267,0,GPU-93ae0c7f-c327-aee3-adae-bc0d1dae71ea,0.27,0.4461814036801824,12282.0,6545.0,546.33,NVIDIA GeForce RTX 4070,[N/A],Enabled,Enabled
1702848323.302665,0,GPU-93ae0c7f-c327-aee3-adae-bc0d1dae71ea,0.27,0.4461814036801824,12282.0,6545.0,546.33,NVIDIA GeForce RTX 4070,[N/A],Enabled,Enabled
1702848324.303224,0,GPU-93ae0c7f-c327-aee3-adae-bc0d1dae71ea,0.27,0.4461814036801824,12282.0,6545.0,546.33,NVIDIA GeForce RTX 4070,[N/A],Enabled,Enabled
1702848325.303222,0,GPU-93ae0c7f-c327-aee3-adae-bc0d1dae71ea,0.27,0.4461814036801824,12282.0,6545.0,546.33,NVIDIA GeForce RTX 4070,[N/A],Enabled,Enabled
1702848326.30291,0,GPU-93ae0c7f-c327-aee3-adae-bc0d1dae71ea,0.27,0.4461814036801824,12282.0,6545.0,546.33,NVIDIA GeForce RTX 4070,[N/A],Enabled,Enabled
1702848327.302888,0,GPU-93ae0c7f-c327-aee3-adae-bc0d1dae71ea,0.27,0.4463442436085328,12282.0,6543.0,546.33,NVIDIA GeForce RTX 4070,[N/A],Enabled,Enabled
1702848328.302866,0,GPU-93ae0c7f-c327-aee3-adae-bc0d1dae71ea,0.26,0.4463442436085328,12282.0,6543.0,546.33,NVIDIA GeForce RTX 4070,[N/A],Enabled,Enabled
1702848329.302548,0,GPU-93ae0c7f-c327-aee3-adae-bc0d1dae71ea,0.27,0.4463442436085328,12282.0,6543.0,546.33,NVIDIA GeForce RTX 4070,[N/A],Enabled,Enabled
1702848330.303206,0,GPU-93ae0c7f-c327-aee3-adae-bc0d1dae71ea,0.27,0.4463442436085328,12282.0,6543.0,546.33,NVIDIA GeForce RTX 4070,[N/A],Enabled,Enabled
1702848331.303813,0,GPU-93ae0c7f-c327-aee3-adae-bc0d1dae71ea,0.27,0.4463442436085328,12282.0,6543.0,546.33,NVIDIA GeForce RTX 4070,[N/A],Enabled,Enabled
1702848332.303072,0,GPU-93ae0c7f-c327-aee3-adae-bc0d1dae71ea,0.27,0.4463442436085328,12282.0,6543.0,546.33,NVIDIA GeForce RTX 4070,[N/A],Enabled,Enabled
1702848333.302741,0,GPU-93ae0c7f-c327-aee3-adae-bc0d1dae71ea,0.27,0.4463442436085328,12282.0,6543.0,546.33,NVIDIA GeForce RTX 4070,[N/A],Enabled,Enabled
1702848334.302735,0,GPU-93ae0c7f-c327-aee3-adae-bc0d1dae71ea,0.27,0.4463442436085328,12282.0,6543.0,546.33,NVIDIA GeForce RTX 4070,[N/A],Enabled,Enabled
1702848335.303144,0,GPU-93ae0c7f-c327-aee3-adae-bc0d1dae71ea,0.27,0.4463442436085328,12282.0,6543.0,546.33,NVIDIA GeForce RTX 4070,[N/A],Enabled,Enabled
1702848336.304011,0,GPU-93ae0c7f-c327-aee3-adae-bc0d1dae71ea,0.27,0.4463442436085328,12282.0,6543.0,546.33,NVIDIA GeForce RTX 4070,[N/A],Enabled,Enabled
1702848337.302981,0,GPU-93ae0c7f-c327-aee3-adae-bc0d1dae71ea,0.26,0.4463442436085328,12282.0,6543.0,546.33,NVIDIA GeForce RTX 4070,[N/A],Enabled,Enabled
1702848338.302841,0,GPU-93ae0c7f-c327-aee3-adae-bc0d1dae71ea,0.26,0.4463442436085328,12282.0,6543.0,546.33,NVIDIA GeForce RTX 4070,[N/A],Enabled,Enabled
1702848339.303448,0,GPU-93ae0c7f-c327-aee3-adae-bc0d1dae71ea,0.26,0.4463442436085328,12282.0,6543.0,546.33,NVIDIA GeForce RTX 4070,[N/A],Enabled,Enabled
1702848340.302636,0,GPU-93ae0c7f-c327-aee3-adae-bc0d1dae71ea,0.26,0.4463442436085328,12282.0,6543.0,546.33,NVIDIA GeForce RTX 4070,[N/A],Enabled,Enabled
1702848341.302703,0,GPU-93ae0c7f-c327-aee3-adae-bc0d1dae71ea,0.26,0.4463442436085328,12282.0,6543.0,546.33,NVIDIA GeForce RTX 4070,[N/A],Enabled,Enabled
1702848342.303779,0,GPU-93ae0c7f-c327-aee3-adae-bc0d1dae71ea,0.26,0.4463442436085328,12282.0,6543.0,546.33,NVIDIA GeForce RTX 4070,[N/A],Enabled,Enabled
1702848343.303183,0,GPU-93ae0c7f-c327-aee3-adae-bc0d1dae71ea,0.26,0.4463442436085328,12282.0,6543.0,546.33,NVIDIA GeForce RTX 4070,[N/A],Enabled,Enabled
1702848344.302411,0,GPU-93ae0c7f-c327-aee3-adae-bc0d1dae71ea,0.26,0.4463442436085328,12282.0,6543.0,546.33,NVIDIA GeForce RTX 4070,[N/A],Enabled,Enabled
1702848345.30252,0,GPU-93ae0c7f-c327-aee3-adae-bc0d1dae71ea,0.26,0.4463442436085328,12282.0,6543.0,546.33,NVIDIA GeForce RTX 4070,[N/A],Enabled,Enabled
1702848346.303305,0,GPU-93ae0c7f-c327-aee3-adae-bc0d1dae71ea,0.25,0.4463442436085328,12282.0,6543.0,546.33,NVIDIA GeForce RTX 4070,[N/A],Enabled,Enabled
1702848347.303059,0,GPU-93ae0c7f-c327-aee3-adae-bc0d1dae71ea,0.26,0.4463442436085328,12282.0,6543.0,546.33,NVIDIA GeForce RTX 4070,[N/A],Enabled,Enabled
1702848348.302812,0,GPU-93ae0c7f-c327-aee3-adae-bc0d1dae71ea,0.25,0.4463442436085328,12282.0,6543.0,546.33,NVIDIA GeForce RTX 4070,[N/A],Enabled,Enabled
1702848349.303389,0,GPU-93ae0c7f-c327-aee3-adae-bc0d1dae71ea,0.26,0.4463442436085328,12282.0,6543.0,546.33,NVIDIA GeForce RTX 4070,[N/A],Enabled,Enabled
1702848350.303245,0,GPU-93ae0c7f-c327-aee3-adae-bc0d1dae71ea,0.27,0.4463442436085328,12282.0,6543.0,546.33,NVIDIA GeForce RTX 4070,[N/A],Enabled,Enabled
1702848351.303435,0,GPU-93ae0c7f-c327-aee3-adae-bc0d1dae71ea,0.26,0.4463442436085328,12282.0,6543.0,546.33,NVIDIA GeForce RTX 4070,[N/A],Enabled,Enabled
1702848352.304196,0,GPU-93ae0c7f-c327-aee3-adae-bc0d1dae71ea,0.25,0.4463442436085328,12282.0,6543.0,546.33,NVIDIA GeForce RTX 4070,[N/A],Enabled,Enabled
1702848353.303941,0,GPU-93ae0c7f-c327-aee3-adae-bc0d1dae71ea,0.25,0.4463442436085328,12282.0,6543.0,546.33,NVIDIA GeForce RTX 4070,[N/A],Enabled,Enabled
1702848354.303163,0,GPU-93ae0c7f-c327-aee3-adae-bc0d1dae71ea,0.25,0.4463442436085328,12282.0,6543.0,546.33,NVIDIA GeForce RTX 4070,[N/A],Enabled,Enabled
1702848355.303486,0,GPU-93ae0c7f-c327-aee3-adae-bc0d1dae71ea,0.26,0.4463442436085328,12282.0,6543.0,546.33,NVIDIA GeForce RTX 4070,[N/A],Enabled,Enabled
1702848356.303422,0,GPU-93ae0c7f-c327-aee3-adae-bc0d1dae71ea,0.27,0.4463442436085328,12282.0,6543.0,546.33,NVIDIA GeForce RTX 4070,[N/A],Enabled,Enabled
1702848357.303127,0,GPU-93ae0c7f-c327-aee3-adae-bc0d1dae71ea,0.27,0.4463442436085328,12282.0,6543.0,546.33,NVIDIA GeForce RTX 4070,[N/A],Enabled,Enabled
1702848358.303309,0,GPU-93ae0c7f-c327-aee3-adae-bc0d1dae71ea,0.27,0.4463442436085328,12282.0,6543.0,546.33,NVIDIA GeForce RTX 4070,[N/A],Enabled,Enabled
1702848359.303294,0,GPU-93ae0c7f-c327-aee3-adae-bc0d1dae71ea,0.27,0.4463442436085328,12282.0,6543.0,546.33,NVIDIA GeForce RTX 4070,[N/A],Enabled,Enabled
1702848360.3034,0,GPU-93ae0c7f-c327-aee3-adae-bc0d1dae71ea,0.27,0.4463442436085328,12282.0,6543.0,546.33,NVIDIA GeForce RTX 4070,[N/A],Enabled,Enabled
1702848361.303024,0,GPU-93ae0c7f-c327-aee3-adae-bc0d1dae71ea,0.27,0.4463442436085328,12282.0,6543.0,546.33,NVIDIA GeForce RTX 4070,[N/A],Enabled,Enabled
1702848362.303164,0,GPU-93ae0c7f-c327-aee3-adae-bc0d1dae71ea,0.27,0.4463442436085328,12282.0,6543.0,546.33,NVIDIA GeForce RTX 4070,[N/A],Enabled,Enabled
1702848363.303687,0,GPU-93ae0c7f-c327-aee3-adae-bc0d1dae71ea,0.27,0.4463442436085328,12282.0,6543.0,546.33,NVIDIA GeForce RTX 4070,[N/A],Enabled,Enabled
1702848364.303578,0,GPU-93ae0c7f-c327-aee3-adae-bc0d1dae71ea,0.27,0.4463442436085328,12282.0,6543.0,546.33,NVIDIA GeForce RTX 4070,[N/A],Enabled,Enabled
1702848365.303688,0,GPU-93ae0c7f-c327-aee3-adae-bc0d1dae71ea,0.27,0.4463442436085328,12282.0,6543.0,546.33,NVIDIA GeForce RTX 4070,[N/A],Enabled,Enabled
1702848366.303278,0,GPU-93ae0c7f-c327-aee3-adae-bc0d1dae71ea,0.27,0.4463442436085328,12282.0,6543.0,546.33,NVIDIA GeForce RTX 4070,[N/A],Enabled,Enabled
1702848367.303474,0,GPU-93ae0c7f-c327-aee3-adae-bc0d1dae71ea,0.27,0.4463442436085328,12282.0,6543.0,546.33,NVIDIA GeForce RTX 4070,[N/A],Enabled,Enabled
1702848368.303603,0,GPU-93ae0c7f-c327-aee3-adae-bc0d1dae71ea,0.27,0.4463442436085328,12282.0,6543.0,546.33,NVIDIA GeForce RTX 4070,[N/A],Enabled,Enabled
1702848369.30276,0,GPU-93ae0c7f-c327-aee3-adae-bc0d1dae71ea,0.27,0.4463442436085328,12282.0,6543.0,546.33,NVIDIA GeForce RTX 4070,[N/A],Enabled,Enabled
1702848370.303018,0,GPU-93ae0c7f-c327-aee3-adae-bc0d1dae71ea,0.27,0.4463442436085328,12282.0,6543.0,546.33,NVIDIA GeForce RTX 4070,[N/A],Enabled,Enabled
1702848371.303937,0,GPU-93ae0c7f-c327-aee3-adae-bc0d1dae71ea,0.26,0.4463442436085328,12282.0,6543.0,546.33,NVIDIA GeForce RTX 4070,[N/A],Enabled,Enabled
1702848372.303506,0,GPU-93ae0c7f-c327-aee3-adae-bc0d1dae71ea,0.27,0.4463442436085328,12282.0,6543.0,546.33,NVIDIA GeForce RTX 4070,[N/A],Enabled,Enabled
1702848373.303609,0,GPU-93ae0c7f-c327-aee3-adae-bc0d1dae71ea,0.26,0.4463442436085328,12282.0,6543.0,546.33,NVIDIA GeForce RTX 4070,[N/A],Enabled,Enabled
1702848374.30384,0,GPU-93ae0c7f-c327-aee3-adae-bc0d1dae71ea,0.26,0.4463442436085328,12282.0,6543.0,546.33,NVIDIA GeForce RTX 4070,[N/A],Enabled,Enabled
1702848375.302983,0,GPU-93ae0c7f-c327-aee3-adae-bc0d1dae71ea,0.26,0.4463442436085328,12282.0,6543.0,546.33,NVIDIA GeForce RTX 4070,[N/A],Enabled,Enabled
1702848376.303292,0,GPU-93ae0c7f-c327-aee3-adae-bc0d1dae71ea,0.26,0.4463442436085328,12282.0,6543.0,546.33,NVIDIA GeForce RTX 4070,[N/A],Enabled,Enabled
1702848377.302871,0,GPU-93ae0c7f-c327-aee3-adae-bc0d1dae71ea,0.26,0.4463442436085328,12282.0,6543.0,546.33,NVIDIA GeForce RTX 4070,[N/A],Enabled,Enabled
1702848378.303585,0,GPU-93ae0c7f-c327-aee3-adae-bc0d1dae71ea,0.26,0.4463442436085328,12282.0,6543.0,546.33,NVIDIA GeForce RTX 4070,[N/A],Enabled,Enabled
1702848379.302892,0,GPU-93ae0c7f-c327-aee3-adae-bc0d1dae71ea,0.26,0.4463442436085328,12282.0,6543.0,546.33,NVIDIA GeForce RTX 4070,[N/A],Enabled,Enabled
1702848380.303016,0,GPU-93ae0c7f-c327-aee3-adae-bc0d1dae71ea,0.26,0.4463442436085328,12282.0,6543.0,546.33,NVIDIA GeForce RTX 4070,[N/A],Enabled,Enabled
1702848381.303296,0,GPU-93ae0c7f-c327-aee3-adae-bc0d1dae71ea,0.26,0.4463442436085328,12282.0,6543.0,546.33,NVIDIA GeForce RTX 4070,[N/A],Enabled,Enabled
1702848382.302806,0,GPU-93ae0c7f-c327-aee3-adae-bc0d1dae71ea,0.26,0.4463442436085328,12282.0,6543.0,546.33,NVIDIA GeForce RTX 4070,[N/A],Enabled,Enabled
1702848383.302736,0,GPU-93ae0c7f-c327-aee3-adae-bc0d1dae71ea,0.26,0.4463442436085328,12282.0,6543.0,546.33,NVIDIA GeForce RTX 4070,[N/A],Enabled,Enabled
1702848384.303659,0,GPU-93ae0c7f-c327-aee3-adae-bc0d1dae71ea,0.26,0.4463442436085328,12282.0,6543.0,546.33,NVIDIA GeForce RTX 4070,[N/A],Enabled,Enabled
1702848385.302655,0,GPU-93ae0c7f-c327-aee3-adae-bc0d1dae71ea,0.26,0.4463442436085328,12282.0,6543.0,546.33,NVIDIA GeForce RTX 4070,[N/A],Enabled,Enabled
1702848386.303312,0,GPU-93ae0c7f-c327-aee3-adae-bc0d1dae71ea,0.26,0.4463442436085328,12282.0,6543.0,546.33,NVIDIA GeForce RTX 4070,[N/A],Enabled,Enabled
1702848387.303375,0,GPU-93ae0c7f-c327-aee3-adae-bc0d1dae71ea,0.26,0.4463442436085328,12282.0,6543.0,546.33,NVIDIA GeForce RTX 4070,[N/A],Enabled,Enabled
1702848388.303163,0,GPU-93ae0c7f-c327-aee3-adae-bc0d1dae71ea,0.26,0.4463442436085328,12282.0,6543.0,546.33,NVIDIA GeForce RTX 4070,[N/A],Enabled,Enabled
1702848389.302718,0,GPU-93ae0c7f-c327-aee3-adae-bc0d1dae71ea,0.25,0.4463442436085328,12282.0,6543.0,546.33,NVIDIA GeForce RTX 4070,[N/A],Enabled,Enabled
1702848390.303657,0,GPU-93ae0c7f-c327-aee3-adae-bc0d1dae71ea,0.26,0.4463442436085328,12282.0,6543.0,546.33,NVIDIA GeForce RTX 4070,[N/A],Enabled,Enabled
1702848391.303382,0,GPU-93ae0c7f-c327-aee3-adae-bc0d1dae71ea,0.25,0.4463442436085328,12282.0,6543.0,546.33,NVIDIA GeForce RTX 4070,[N/A],Enabled,Enabled
1702848392.303057,0,GPU-93ae0c7f-c327-aee3-adae-bc0d1dae71ea,0.25,0.4463442436085328,12282.0,6543.0,546.33,NVIDIA GeForce RTX 4070,[N/A],Enabled,Enabled
1702848393.302976,0,GPU-93ae0c7f-c327-aee3-adae-bc0d1dae71ea,0.25,0.4463442436085328,12282.0,6543.0,546.33,NVIDIA GeForce RTX 4070,[N/A],Enabled,Enabled
1702848394.303249,0,GPU-93ae0c7f-c327-aee3-adae-bc0d1dae71ea,0.25,0.4463442436085328,12282.0,6543.0,546.33,NVIDIA GeForce RTX 4070,[N/A],Enabled,Enabled
1702848395.303464,0,GPU-93ae0c7f-c327-aee3-adae-bc0d1dae71ea,0.25,0.4463442436085328,12282.0,6543.0,546.33,NVIDIA GeForce RTX 4070,[N/A],Enabled,Enabled
1702848396.303715,0,GPU-93ae0c7f-c327-aee3-adae-bc0d1dae71ea,0.25,0.4463442436085328,12282.0,6543.0,546.33,NVIDIA GeForce RTX 4070,[N/A],Enabled,Enabled
1702848397.302879,0,GPU-93ae0c7f-c327-aee3-adae-bc0d1dae71ea,0.25,0.4463442436085328,12282.0,6543.0,546.33,NVIDIA GeForce RTX 4070,[N/A],Enabled,Enabled
1702848398.303366,0,GPU-93ae0c7f-c327-aee3-adae-bc0d1dae71ea,0.25,0.4463442436085328,12282.0,6543.0,546.33,NVIDIA GeForce RTX 4070,[N/A],Enabled,Enabled
1702848399.30294,0,GPU-93ae0c7f-c327-aee3-adae-bc0d1dae71ea,0.25,0.4463442436085328,12282.0,6543.0,546.33,NVIDIA GeForce RTX 4070,[N/A],Enabled,Enabled
1702848400.303338,0,GPU-93ae0c7f-c327-aee3-adae-bc0d1dae71ea,0.25,0.4463442436085328,12282.0,6543.0,546.33,NVIDIA GeForce RTX 4070,[N/A],Enabled,Enabled
1702848401.302737,0,GPU-93ae0c7f-c327-aee3-adae-bc0d1dae71ea,0.25,0.4463442436085328,12282.0,6543.0,546.33,NVIDIA GeForce RTX 4070,[N/A],Enabled,Enabled
1702848402.302902,0,GPU-93ae0c7f-c327-aee3-adae-bc0d1dae71ea,0.25,0.4463442436085328,12282.0,6543.0,546.33,NVIDIA GeForce RTX 4070,[N/A],Enabled,Enabled
1702848403.303622,0,GPU-93ae0c7f-c327-aee3-adae-bc0d1dae71ea,0.25,0.4463442436085328,12282.0,6543.0,546.33,NVIDIA GeForce RTX 4070,[N/A],Enabled,Enabled
1702848404.303039,0,GPU-93ae0c7f-c327-aee3-adae-bc0d1dae71ea,0.25,0.4463442436085328,12282.0,6543.0,546.33,NVIDIA GeForce RTX 4070,[N/A],Enabled,Enabled
1702848405.30406,0,GPU-93ae0c7f-c327-aee3-adae-bc0d1dae71ea,0.25,0.4463442436085328,12282.0,6543.0,546.33,NVIDIA GeForce RTX 4070,[N/A],Enabled,Enabled
1702848406.303214,0,GPU-93ae0c7f-c327-aee3-adae-bc0d1dae71ea,0.25,0.4463442436085328,12282.0,6543.0,546.33,NVIDIA GeForce RTX 4070,[N/A],Enabled,Enabled
1702848407.303682,0,GPU-93ae0c7f-c327-aee3-adae-bc0d1dae71ea,0.25,0.4463442436085328,12282.0,6543.0,546.33,NVIDIA GeForce RTX 4070,[N/A],Enabled,Enabled
1702848408.302816,0,GPU-93ae0c7f-c327-aee3-adae-bc0d1dae71ea,0.26,0.4463442436085328,12282.0,6543.0,546.33,NVIDIA GeForce RTX 4070,[N/A],Enabled,Enabled
1702848409.302785,0,GPU-93ae0c7f-c327-aee3-adae-bc0d1dae71ea,0.25,0.4463442436085328,12282.0,6543.0,546.33,NVIDIA GeForce RTX 4070,[N/A],Enabled,Enabled
1702848410.303244,0,GPU-93ae0c7f-c327-aee3-adae-bc0d1dae71ea,0.26,0.4463442436085328,12282.0,6543.0,546.33,NVIDIA GeForce RTX 4070,[N/A],Enabled,Enabled
1702848411.302718,0,GPU-93ae0c7f-c327-aee3-adae-bc0d1dae71ea,0.26,0.4463442436085328,12282.0,6543.0,546.33,NVIDIA GeForce RTX 4070,[N/A],Enabled,Enabled
1702848412.303543,0,GPU-93ae0c7f-c327-aee3-adae-bc0d1dae71ea,0.26,0.4463442436085328,12282.0,6543.0,546.33,NVIDIA GeForce RTX 4070,[N/A],Enabled,Enabled
1702848413.303533,0,GPU-93ae0c7f-c327-aee3-adae-bc0d1dae71ea,0.26,0.4463442436085328,12282.0,6543.0,546.33,NVIDIA GeForce RTX 4070,[N/A],Enabled,Enabled
1702848414.303169,0,GPU-93ae0c7f-c327-aee3-adae-bc0d1dae71ea,0.26,0.4463442436085328,12282.0,6543.0,546.33,NVIDIA GeForce RTX 4070,[N/A],Enabled,Enabled
1702848415.302887,0,GPU-93ae0c7f-c327-aee3-adae-bc0d1dae71ea,0.25,0.4463442436085328,12282.0,6543.0,546.33,NVIDIA GeForce RTX 4070,[N/A],Enabled,Enabled
1702848416.303263,0,GPU-93ae0c7f-c327-aee3-adae-bc0d1dae71ea,0.26,0.4463442436085328,12282.0,6543.0,546.33,NVIDIA GeForce RTX 4070,[N/A],Enabled,Enabled
1702848417.302677,0,GPU-93ae0c7f-c327-aee3-adae-bc0d1dae71ea,0.25,0.4463442436085328,12282.0,6543.0,546.33,NVIDIA GeForce RTX 4070,[N/A],Enabled,Enabled
1702848418.302834,0,GPU-93ae0c7f-c327-aee3-adae-bc0d1dae71ea,0.26,0.4463442436085328,12282.0,6543.0,546.33,NVIDIA GeForce RTX 4070,[N/A],Enabled,Enabled
1702848419.303515,0,GPU-93ae0c7f-c327-aee3-adae-bc0d1dae71ea,0.26,0.4463442436085328,12282.0,6543.0,546.33,NVIDIA GeForce RTX 4070,[N/A],Enabled,Enabled
1702848420.302975,0,GPU-93ae0c7f-c327-aee3-adae-bc0d1dae71ea,0.26,0.4463442436085328,12282.0,6543.0,546.33,NVIDIA GeForce RTX 4070,[N/A],Enabled,Enabled
1702848421.30244,0,GPU-93ae0c7f-c327-aee3-adae-bc0d1dae71ea,0.26,0.4463442436085328,12282.0,6543.0,546.33,NVIDIA GeForce RTX 4070,[N/A],Enabled,Enabled
1702848422.302633,0,GPU-93ae0c7f-c327-aee3-adae-bc0d1dae71ea,0.26,0.4463442436085328,12282.0,6543.0,546.33,NVIDIA GeForce RTX 4070,[N/A],Enabled,Enabled
1702848423.302793,0,GPU-93ae0c7f-c327-aee3-adae-bc0d1dae71ea,0.25,0.4463442436085328,12282.0,6543.0,546.33,NVIDIA GeForce RTX 4070,[N/A],Enabled,Enabled
1702848424.302938,0,GPU-93ae0c7f-c327-aee3-adae-bc0d1dae71ea,0.26,0.4463442436085328,12282.0,6543.0,546.33,NVIDIA GeForce RTX 4070,[N/A],Enabled,Enabled
1702848425.30359,0,GPU-93ae0c7f-c327-aee3-adae-bc0d1dae71ea,0.25,0.4463442436085328,12282.0,6543.0,546.33,NVIDIA GeForce RTX 4070,[N/A],Enabled,Enabled
1702848426.303184,0,GPU-93ae0c7f-c327-aee3-adae-bc0d1dae71ea,0.26,0.4463442436085328,12282.0,6543.0,546.33,NVIDIA GeForce RTX 4070,[N/A],Enabled,Enabled
1702848427.30288,0,GPU-93ae0c7f-c327-aee3-adae-bc0d1dae71ea,0.26,0.4463442436085328,12282.0,6543.0,546.33,NVIDIA GeForce RTX 4070,[N/A],Enabled,Enabled
1702848428.303195,0,GPU-93ae0c7f-c327-aee3-adae-bc0d1dae71ea,0.26,0.4463442436085328,12282.0,6543.0,546.33,NVIDIA GeForce RTX 4070,[N/A],Enabled,Enabled
1702848429.302959,0,GPU-93ae0c7f-c327-aee3-adae-bc0d1dae71ea,0.26,0.4463442436085328,12282.0,6543.0,546.33,NVIDIA GeForce RTX 4070,[N/A],Enabled,Enabled
1702848430.30331,0,GPU-93ae0c7f-c327-aee3-adae-bc0d1dae71ea,0.26,0.4463442436085328,12282.0,6543.0,546.33,NVIDIA GeForce RTX 4070,[N/A],Enabled,Enabled
1702848431.302686,0,GPU-93ae0c7f-c327-aee3-adae-bc0d1dae71ea,0.26,0.4463442436085328,12282.0,6543.0,546.33,NVIDIA GeForce RTX 4070,[N/A],Enabled,Enabled
1702848432.303872,0,GPU-93ae0c7f-c327-aee3-adae-bc0d1dae71ea,0.26,0.4463442436085328,12282.0,6543.0,546.33,NVIDIA GeForce RTX 4070,[N/A],Enabled,Enabled
1702848433.303534,0,GPU-93ae0c7f-c327-aee3-adae-bc0d1dae71ea,0.26,0.4463442436085328,12282.0,6543.0,546.33,NVIDIA GeForce RTX 4070,[N/A],Enabled,Enabled
1702848434.303046,0,GPU-93ae0c7f-c327-aee3-adae-bc0d1dae71ea,0.26,0.4463442436085328,12282.0,6543.0,546.33,NVIDIA GeForce RTX 4070,[N/A],Enabled,Enabled
1702848435.302505,0,GPU-93ae0c7f-c327-aee3-adae-bc0d1dae71ea,0.26,0.4463442436085328,12282.0,6543.0,546.33,NVIDIA GeForce RTX 4070,[N/A],Enabled,Enabled
1702848436.303,0,GPU-93ae0c7f-c327-aee3-adae-bc0d1dae71ea,0.26,0.4463442436085328,12282.0,6543.0,546.33,NVIDIA GeForce RTX 4070,[N/A],Enabled,Enabled
1702848437.302779,0,GPU-93ae0c7f-c327-aee3-adae-bc0d1dae71ea,0.26,0.4463442436085328,12282.0,6543.0,546.33,NVIDIA GeForce RTX 4070,[N/A],Enabled,Enabled
1702848438.303348,0,GPU-93ae0c7f-c327-aee3-adae-bc0d1dae71ea,0.26,0.4463442436085328,12282.0,6543.0,546.33,NVIDIA GeForce RTX 4070,[N/A],Enabled,Enabled
1702848439.302934,0,GPU-93ae0c7f-c327-aee3-adae-bc0d1dae71ea,0.26,0.4463442436085328,12282.0,6543.0,546.33,NVIDIA GeForce RTX 4070,[N/A],Enabled,Enabled
1702848440.303197,0,GPU-93ae0c7f-c327-aee3-adae-bc0d1dae71ea,0.26,0.4463442436085328,12282.0,6543.0,546.33,NVIDIA GeForce RTX 4070,[N/A],Enabled,Enabled
1702848441.302996,0,GPU-93ae0c7f-c327-aee3-adae-bc0d1dae71ea,0.27,0.4463442436085328,12282.0,6543.0,546.33,NVIDIA GeForce RTX 4070,[N/A],Enabled,Enabled
1702848442.303233,0,GPU-93ae0c7f-c327-aee3-adae-bc0d1dae71ea,0.27,0.4463442436085328,12282.0,6543.0,546.33,NVIDIA GeForce RTX 4070,[N/A],Enabled,Enabled
1702848443.303371,0,GPU-93ae0c7f-c327-aee3-adae-bc0d1dae71ea,0.27,0.4463442436085328,12282.0,6543.0,546.33,NVIDIA GeForce RTX 4070,[N/A],Enabled,Enabled
1702848444.303741,0,GPU-93ae0c7f-c327-aee3-adae-bc0d1dae71ea,0.27,0.4463442436085328,12282.0,6543.0,546.33,NVIDIA GeForce RTX 4070,[N/A],Enabled,Enabled
1702848445.303062,0,GPU-93ae0c7f-c327-aee3-adae-bc0d1dae71ea,0.27,0.4463442436085328,12282.0,6543.0,546.33,NVIDIA GeForce RTX 4070,[N/A],Enabled,Enabled
1702848446.303147,0,GPU-93ae0c7f-c327-aee3-adae-bc0d1dae71ea,0.27,0.4463442436085328,12282.0,6543.0,546.33,NVIDIA GeForce RTX 4070,[N/A],Enabled,Enabled
1702848447.302618,0,GPU-93ae0c7f-c327-aee3-adae-bc0d1dae71ea,0.27,0.4463442436085328,12282.0,6543.0,546.33,NVIDIA GeForce RTX 4070,[N/A],Enabled,Enabled
1702848448.302983,0,GPU-93ae0c7f-c327-aee3-adae-bc0d1dae71ea,0.27,0.4463442436085328,12282.0,6543.0,546.33,NVIDIA GeForce RTX 4070,[N/A],Enabled,Enabled
1702848449.303622,0,GPU-93ae0c7f-c327-aee3-adae-bc0d1dae71ea,0.27,0.4463442436085328,12282.0,6543.0,546.33,NVIDIA GeForce RTX 4070,[N/A],Enabled,Enabled
1702848450.302797,0,GPU-93ae0c7f-c327-aee3-adae-bc0d1dae71ea,0.27,0.4463442436085328,12282.0,6543.0,546.33,NVIDIA GeForce RTX 4070,[N/A],Enabled,Enabled
1702848451.303485,0,GPU-93ae0c7f-c327-aee3-adae-bc0d1dae71ea,0.27,0.4463442436085328,12282.0,6543.0,546.33,NVIDIA GeForce RTX 4070,[N/A],Enabled,Enabled
1702848452.303022,0,GPU-93ae0c7f-c327-aee3-adae-bc0d1dae71ea,0.27,0.4463442436085328,12282.0,6543.0,546.33,NVIDIA GeForce RTX 4070,[N/A],Enabled,Enabled
1702848453.303424,0,GPU-93ae0c7f-c327-aee3-adae-bc0d1dae71ea,0.27,0.4463442436085328,12282.0,6543.0,546.33,NVIDIA GeForce RTX 4070,[N/A],Enabled,Enabled
1702848454.302953,0,GPU-93ae0c7f-c327-aee3-adae-bc0d1dae71ea,0.27,0.4463442436085328,12282.0,6543.0,546.33,NVIDIA GeForce RTX 4070,[N/A],Enabled,Enabled
1702848455.303452,0,GPU-93ae0c7f-c327-aee3-adae-bc0d1dae71ea,0.27,0.4463442436085328,12282.0,6543.0,546.33,NVIDIA GeForce RTX 4070,[N/A],Enabled,Enabled
1702848456.303828,0,GPU-93ae0c7f-c327-aee3-adae-bc0d1dae71ea,0.27,0.4463442436085328,12282.0,6543.0,546.33,NVIDIA GeForce RTX 4070,[N/A],Enabled,Enabled
1702848457.303136,0,GPU-93ae0c7f-c327-aee3-adae-bc0d1dae71ea,0.27,0.4463442436085328,12282.0,6543.0,546.33,NVIDIA GeForce RTX 4070,[N/A],Enabled,Enabled
1702848458.303604,0,GPU-93ae0c7f-c327-aee3-adae-bc0d1dae71ea,0.27,0.4463442436085328,12282.0,6543.0,546.33,NVIDIA GeForce RTX 4070,[N/A],Enabled,Enabled
1702848459.303347,0,GPU-93ae0c7f-c327-aee3-adae-bc0d1dae71ea,0.27,0.4463442436085328,12282.0,6543.0,546.33,NVIDIA GeForce RTX 4070,[N/A],Enabled,Enabled
1702848460.302503,0,GPU-93ae0c7f-c327-aee3-adae-bc0d1dae71ea,0.27,0.4463442436085328,12282.0,6543.0,546.33,NVIDIA GeForce RTX 4070,[N/A],Enabled,Enabled
1702848461.303014,0,GPU-93ae0c7f-c327-aee3-adae-bc0d1dae71ea,0.27,0.4463442436085328,12282.0,6543.0,546.33,NVIDIA GeForce RTX 4070,[N/A],Enabled,Enabled
1702848462.303605,0,GPU-93ae0c7f-c327-aee3-adae-bc0d1dae71ea,0.27,0.4463442436085328,12282.0,6543.0,546.33,NVIDIA GeForce RTX 4070,[N/A],Enabled,Enabled
1702848463.30274,0,GPU-93ae0c7f-c327-aee3-adae-bc0d1dae71ea,0.27,0.4463442436085328,12282.0,6543.0,546.33,NVIDIA GeForce RTX 4070,[N/A],Enabled,Enabled
1702848464.302556,0,GPU-93ae0c7f-c327-aee3-adae-bc0d1dae71ea,0.27,0.4463442436085328,12282.0,6543.0,546.33,NVIDIA GeForce RTX 4070,[N/A],Enabled,Enabled
1702848465.303038,0,GPU-93ae0c7f-c327-aee3-adae-bc0d1dae71ea,0.27,0.4463442436085328,12282.0,6543.0,546.33,NVIDIA GeForce RTX 4070,[N/A],Enabled,Enabled
1702848466.303867,0,GPU-93ae0c7f-c327-aee3-adae-bc0d1dae71ea,0.27,0.4463442436085328,12282.0,6543.0,546.33,NVIDIA GeForce RTX 4070,[N/A],Enabled,Enabled
1702848467.303225,0,GPU-93ae0c7f-c327-aee3-adae-bc0d1dae71ea,0.26,0.4463442436085328,12282.0,6543.0,546.33,NVIDIA GeForce RTX 4070,[N/A],Enabled,Enabled
1702848468.303391,0,GPU-93ae0c7f-c327-aee3-adae-bc0d1dae71ea,0.27,0.4463442436085328,12282.0,6543.0,546.33,NVIDIA GeForce RTX 4070,[N/A],Enabled,Enabled
1702848469.303729,0,GPU-93ae0c7f-c327-aee3-adae-bc0d1dae71ea,0.26,0.4463442436085328,12282.0,6543.0,546.33,NVIDIA GeForce RTX 4070,[N/A],Enabled,Enabled
1702848470.303563,0,GPU-93ae0c7f-c327-aee3-adae-bc0d1dae71ea,0.27,0.4463442436085328,12282.0,6543.0,546.33,NVIDIA GeForce RTX 4070,[N/A],Enabled,Enabled
1702848471.303596,0,GPU-93ae0c7f-c327-aee3-adae-bc0d1dae71ea,0.26,0.4463442436085328,12282.0,6543.0,546.33,NVIDIA GeForce RTX 4070,[N/A],Enabled,Enabled
1702848472.303287,0,GPU-93ae0c7f-c327-aee3-adae-bc0d1dae71ea,0.26,0.4463442436085328,12282.0,6543.0,546.33,NVIDIA GeForce RTX 4070,[N/A],Enabled,Enabled
1702848473.302518,0,GPU-93ae0c7f-c327-aee3-adae-bc0d1dae71ea,0.26,0.4463442436085328,12282.0,6543.0,546.33,NVIDIA GeForce RTX 4070,[N/A],Enabled,Enabled
1702848474.302348,0,GPU-93ae0c7f-c327-aee3-adae-bc0d1dae71ea,0.26,0.4463442436085328,12282.0,6543.0,546.33,NVIDIA GeForce RTX 4070,[N/A],Enabled,Enabled
1702848475.30311,0,GPU-93ae0c7f-c327-aee3-adae-bc0d1dae71ea,0.26,0.4463442436085328,12282.0,6543.0,546.33,NVIDIA GeForce RTX 4070,[N/A],Enabled,Enabled
1702848476.303833,0,GPU-93ae0c7f-c327-aee3-adae-bc0d1dae71ea,0.26,0.4463442436085328,12282.0,6543.0,546.33,NVIDIA GeForce RTX 4070,[N/A],Enabled,Enabled
1702848477.302958,0,GPU-93ae0c7f-c327-aee3-adae-bc0d1dae71ea,0.26,0.4463442436085328,12282.0,6543.0,546.33,NVIDIA GeForce RTX 4070,[N/A],Enabled,Enabled
1702848478.303183,0,GPU-93ae0c7f-c327-aee3-adae-bc0d1dae71ea,0.26,0.4463442436085328,12282.0,6543.0,546.33,NVIDIA GeForce RTX 4070,[N/A],Enabled,Enabled
1702848479.302623,0,GPU-93ae0c7f-c327-aee3-adae-bc0d1dae71ea,0.26,0.4463442436085328,12282.0,6543.0,546.33,NVIDIA GeForce RTX 4070,[N/A],Enabled,Enabled
1702848480.303213,0,GPU-93ae0c7f-c327-aee3-adae-bc0d1dae71ea,0.25,0.4463442436085328,12282.0,6543.0,546.33,NVIDIA GeForce RTX 4070,[N/A],Enabled,Enabled
1702848481.303517,0,GPU-93ae0c7f-c327-aee3-adae-bc0d1dae71ea,0.25,0.4463442436085328,12282.0,6543.0,546.33,NVIDIA GeForce RTX 4070,[N/A],Enabled,Enabled
1702848482.303367,0,GPU-93ae0c7f-c327-aee3-adae-bc0d1dae71ea,0.25,0.4463442436085328,12282.0,6543.0,546.33,NVIDIA GeForce RTX 4070,[N/A],Enabled,Enabled
1702848483.302781,0,GPU-93ae0c7f-c327-aee3-adae-bc0d1dae71ea,0.25,0.4463442436085328,12282.0,6543.0,546.33,NVIDIA GeForce RTX 4070,[N/A],Enabled,Enabled
1702848484.303059,0,GPU-93ae0c7f-c327-aee3-adae-bc0d1dae71ea,0.26,0.4463442436085328,12282.0,6543.0,546.33,NVIDIA GeForce RTX 4070,[N/A],Enabled,Enabled
1702848485.302901,0,GPU-93ae0c7f-c327-aee3-adae-bc0d1dae71ea,0.25,0.4463442436085328,12282.0,6543.0,546.33,NVIDIA GeForce RTX 4070,[N/A],Enabled,Enabled
1702848486.303301,0,GPU-93ae0c7f-c327-aee3-adae-bc0d1dae71ea,0.25,0.4463442436085328,12282.0,6543.0,546.33,NVIDIA GeForce RTX 4070,[N/A],Enabled,Enabled
1702848487.303539,0,GPU-93ae0c7f-c327-aee3-adae-bc0d1dae71ea,0.25,0.4463442436085328,12282.0,6543.0,546.33,NVIDIA GeForce RTX 4070,[N/A],Enabled,Enabled
1702848488.302796,0,GPU-93ae0c7f-c327-aee3-adae-bc0d1dae71ea,0.25,0.4463442436085328,12282.0,6543.0,546.33,NVIDIA GeForce RTX 4070,[N/A],Enabled,Enabled
1702848489.303177,0,GPU-93ae0c7f-c327-aee3-adae-bc0d1dae71ea,0.25,0.4463442436085328,12282.0,6543.0,546.33,NVIDIA GeForce RTX 4070,[N/A],Enabled,Enabled
1702848490.302697,0,GPU-93ae0c7f-c327-aee3-adae-bc0d1dae71ea,0.25,0.4463442436085328,12282.0,6543.0,546.33,NVIDIA GeForce RTX 4070,[N/A],Enabled,Enabled
1702848491.303655,0,GPU-93ae0c7f-c327-aee3-adae-bc0d1dae71ea,0.25,0.4463442436085328,12282.0,6543.0,546.33,NVIDIA GeForce RTX 4070,[N/A],Enabled,Enabled
1702848492.302809,0,GPU-93ae0c7f-c327-aee3-adae-bc0d1dae71ea,0.25,0.4463442436085328,12282.0,6543.0,546.33,NVIDIA GeForce RTX 4070,[N/A],Enabled,Enabled
1702848493.303353,0,GPU-93ae0c7f-c327-aee3-adae-bc0d1dae71ea,0.25,0.4463442436085328,12282.0,6543.0,546.33,NVIDIA GeForce RTX 4070,[N/A],Enabled,Enabled
1702848494.302495,0,GPU-93ae0c7f-c327-aee3-adae-bc0d1dae71ea,0.25,0.4463442436085328,12282.0,6543.0,546.33,NVIDIA GeForce RTX 4070,[N/A],Enabled,Enabled
1702848495.304228,0,GPU-93ae0c7f-c327-aee3-adae-bc0d1dae71ea,0.25,0.4463442436085328,12282.0,6543.0,546.33,NVIDIA GeForce RTX 4070,[N/A],Enabled,Enabled
1702848496.303844,0,GPU-93ae0c7f-c327-aee3-adae-bc0d1dae71ea,0.25,0.4463442436085328,12282.0,6543.0,546.33,NVIDIA GeForce RTX 4070,[N/A],Enabled,Enabled
1702848497.303207,0,GPU-93ae0c7f-c327-aee3-adae-bc0d1dae71ea,0.25,0.4463442436085328,12282.0,6543.0,546.33,NVIDIA GeForce RTX 4070,[N/A],Enabled,Enabled
1702848498.303272,0,GPU-93ae0c7f-c327-aee3-adae-bc0d1dae71ea,0.26,0.4463442436085328,12282.0,6543.0,546.33,NVIDIA GeForce RTX 4070,[N/A],Enabled,Enabled
1702848499.302886,0,GPU-93ae0c7f-c327-aee3-adae-bc0d1dae71ea,0.25,0.4463442436085328,12282.0,6543.0,546.33,NVIDIA GeForce RTX 4070,[N/A],Enabled,Enabled
1702848500.303221,0,GPU-93ae0c7f-c327-aee3-adae-bc0d1dae71ea,0.26,0.4463442436085328,12282.0,6543.0,546.33,NVIDIA GeForce RTX 4070,[N/A],Enabled,Enabled
1702848501.303126,0,GPU-93ae0c7f-c327-aee3-adae-bc0d1dae71ea,0.26,0.4463442436085328,12282.0,6543.0,546.33,NVIDIA GeForce RTX 4070,[N/A],Enabled,Enabled
1702848502.303893,0,GPU-93ae0c7f-c327-aee3-adae-bc0d1dae71ea,0.26,0.4463442436085328,12282.0,6543.0,546.33,NVIDIA GeForce RTX 4070,[N/A],Enabled,Enabled
1702848503.30277,0,GPU-93ae0c7f-c327-aee3-adae-bc0d1dae71ea,0.25,0.4463442436085328,12282.0,6543.0,546.33,NVIDIA GeForce RTX 4070,[N/A],Enabled,Enabled
1702848504.303504,0,GPU-93ae0c7f-c327-aee3-adae-bc0d1dae71ea,0.25,0.4463442436085328,12282.0,6543.0,546.33,NVIDIA GeForce RTX 4070,[N/A],Enabled,Enabled
1702848505.302459,0,GPU-93ae0c7f-c327-aee3-adae-bc0d1dae71ea,0.25,0.4463442436085328,12282.0,6543.0,546.33,NVIDIA GeForce RTX 4070,[N/A],Enabled,Enabled
1702848506.303421,0,GPU-93ae0c7f-c327-aee3-adae-bc0d1dae71ea,0.25,0.4463442436085328,12282.0,6543.0,546.33,NVIDIA GeForce RTX 4070,[N/A],Enabled,Enabled
1702848507.302606,0,GPU-93ae0c7f-c327-aee3-adae-bc0d1dae71ea,0.25,0.4463442436085328,12282.0,6543.0,546.33,NVIDIA GeForce RTX 4070,[N/A],Enabled,Enabled
1702848508.303971,0,GPU-93ae0c7f-c327-aee3-adae-bc0d1dae71ea,0.25,0.4463442436085328,12282.0,6543.0,546.33,NVIDIA GeForce RTX 4070,[N/A],Enabled,Enabled
1702848509.302967,0,GPU-93ae0c7f-c327-aee3-adae-bc0d1dae71ea,0.25,0.4463442436085328,12282.0,6543.0,546.33,NVIDIA GeForce RTX 4070,[N/A],Enabled,Enabled
1702848510.303247,0,GPU-93ae0c7f-c327-aee3-adae-bc0d1dae71ea,0.26,0.4463442436085328,12282.0,6543.0,546.33,NVIDIA GeForce RTX 4070,[N/A],Enabled,Enabled
1702848511.303434,0,GPU-93ae0c7f-c327-aee3-adae-bc0d1dae71ea,0.26,0.4463442436085328,12282.0,6543.0,546.33,NVIDIA GeForce RTX 4070,[N/A],Enabled,Enabled
1702848512.30244,0,GPU-93ae0c7f-c327-aee3-adae-bc0d1dae71ea,0.26,0.4463442436085328,12282.0,6543.0,546.33,NVIDIA GeForce RTX 4070,[N/A],Enabled,Enabled
1702848513.30367,0,GPU-93ae0c7f-c327-aee3-adae-bc0d1dae71ea,0.25,0.4463442436085328,12282.0,6543.0,546.33,NVIDIA GeForce RTX 4070,[N/A],Enabled,Enabled
1702848514.302848,0,GPU-93ae0c7f-c327-aee3-adae-bc0d1dae71ea,0.26,0.4463442436085328,12282.0,6543.0,546.33,NVIDIA GeForce RTX 4070,[N/A],Enabled,Enabled
1702848515.302737,0,GPU-93ae0c7f-c327-aee3-adae-bc0d1dae71ea,0.26,0.4463442436085328,12282.0,6543.0,546.33,NVIDIA GeForce RTX 4070,[N/A],Enabled,Enabled
1702848516.303521,0,GPU-93ae0c7f-c327-aee3-adae-bc0d1dae71ea,0.26,0.4463442436085328,12282.0,6543.0,546.33,NVIDIA GeForce RTX 4070,[N/A],Enabled,Enabled
1702848517.303208,0,GPU-93ae0c7f-c327-aee3-adae-bc0d1dae71ea,0.25,0.4463442436085328,12282.0,6543.0,546.33,NVIDIA GeForce RTX 4070,[N/A],Enabled,Enabled
1702848518.303235,0,GPU-93ae0c7f-c327-aee3-adae-bc0d1dae71ea,0.26,0.4463442436085328,12282.0,6543.0,546.33,NVIDIA GeForce RTX 4070,[N/A],Enabled,Enabled
1702848519.303622,0,GPU-93ae0c7f-c327-aee3-adae-bc0d1dae71ea,0.25,0.4463442436085328,12282.0,6543.0,546.33,NVIDIA GeForce RTX 4070,[N/A],Enabled,Enabled
1702848520.303942,0,GPU-93ae0c7f-c327-aee3-adae-bc0d1dae71ea,0.26,0.4463442436085328,12282.0,6543.0,546.33,NVIDIA GeForce RTX 4070,[N/A],Enabled,Enabled
1702848521.302755,0,GPU-93ae0c7f-c327-aee3-adae-bc0d1dae71ea,0.25,0.4463442436085328,12282.0,6543.0,546.33,NVIDIA GeForce RTX 4070,[N/A],Enabled,Enabled
1702848522.303367,0,GPU-93ae0c7f-c327-aee3-adae-bc0d1dae71ea,0.26,0.4463442436085328,12282.0,6543.0,546.33,NVIDIA GeForce RTX 4070,[N/A],Enabled,Enabled
1702848523.303568,0,GPU-93ae0c7f-c327-aee3-adae-bc0d1dae71ea,0.26,0.4463442436085328,12282.0,6543.0,546.33,NVIDIA GeForce RTX 4070,[N/A],Enabled,Enabled
1702848524.30299,0,GPU-93ae0c7f-c327-aee3-adae-bc0d1dae71ea,0.26,0.4463442436085328,12282.0,6543.0,546.33,NVIDIA GeForce RTX 4070,[N/A],Enabled,Enabled
1702848525.302921,0,GPU-93ae0c7f-c327-aee3-adae-bc0d1dae71ea,0.25,0.4463442436085328,12282.0,6543.0,546.33,NVIDIA GeForce RTX 4070,[N/A],Enabled,Enabled
1702848526.303327,0,GPU-93ae0c7f-c327-aee3-adae-bc0d1dae71ea,0.26,0.4463442436085328,12282.0,6543.0,546.33,NVIDIA GeForce RTX 4070,[N/A],Enabled,Enabled
1702848527.303286,0,GPU-93ae0c7f-c327-aee3-adae-bc0d1dae71ea,0.25,0.4463442436085328,12282.0,6543.0,546.33,NVIDIA GeForce RTX 4070,[N/A],Enabled,Enabled
1702848528.302985,0,GPU-93ae0c7f-c327-aee3-adae-bc0d1dae71ea,0.25,0.4463442436085328,12282.0,6543.0,546.33,NVIDIA GeForce RTX 4070,[N/A],Enabled,Enabled
1702848529.303029,0,GPU-93ae0c7f-c327-aee3-adae-bc0d1dae71ea,0.25,0.4463442436085328,12282.0,6543.0,546.33,NVIDIA GeForce RTX 4070,[N/A],Enabled,Enabled
1702848530.302615,0,GPU-93ae0c7f-c327-aee3-adae-bc0d1dae71ea,0.25,0.4463442436085328,12282.0,6543.0,546.33,NVIDIA GeForce RTX 4070,[N/A],Enabled,Enabled
1702848531.302476,0,GPU-93ae0c7f-c327-aee3-adae-bc0d1dae71ea,0.26,0.4463442436085328,12282.0,6543.0,546.33,NVIDIA GeForce RTX 4070,[N/A],Enabled,Enabled
1702848532.303088,0,GPU-93ae0c7f-c327-aee3-adae-bc0d1dae71ea,0.26,0.4463442436085328,12282.0,6543.0,546.33,NVIDIA GeForce RTX 4070,[N/A],Enabled,Enabled
1702848533.303921,0,GPU-93ae0c7f-c327-aee3-adae-bc0d1dae71ea,0.26,0.4463442436085328,12282.0,6543.0,546.33,NVIDIA GeForce RTX 4070,[N/A],Enabled,Enabled
1702848534.303305,0,GPU-93ae0c7f-c327-aee3-adae-bc0d1dae71ea,0.26,0.4463442436085328,12282.0,6543.0,546.33,NVIDIA GeForce RTX 4070,[N/A],Enabled,Enabled
1702848535.302849,0,GPU-93ae0c7f-c327-aee3-adae-bc0d1dae71ea,0.27,0.4463442436085328,12282.0,6543.0,546.33,NVIDIA GeForce RTX 4070,[N/A],Enabled,Enabled
1702848536.302985,0,GPU-93ae0c7f-c327-aee3-adae-bc0d1dae71ea,0.27,0.4463442436085328,12282.0,6543.0,546.33,NVIDIA GeForce RTX 4070,[N/A],Enabled,Enabled
1702848537.30308,0,GPU-93ae0c7f-c327-aee3-adae-bc0d1dae71ea,0.27,0.4463442436085328,12282.0,6543.0,546.33,NVIDIA GeForce RTX 4070,[N/A],Enabled,Enabled
1702848538.302492,0,GPU-93ae0c7f-c327-aee3-adae-bc0d1dae71ea,0.27,0.4463442436085328,12282.0,6543.0,546.33,NVIDIA GeForce RTX 4070,[N/A],Enabled,Enabled
1702848539.302874,0,GPU-93ae0c7f-c327-aee3-adae-bc0d1dae71ea,0.27,0.4463442436085328,12282.0,6543.0,546.33,NVIDIA GeForce RTX 4070,[N/A],Enabled,Enabled
1702848540.302655,0,GPU-93ae0c7f-c327-aee3-adae-bc0d1dae71ea,0.27,0.4463442436085328,12282.0,6543.0,546.33,NVIDIA GeForce RTX 4070,[N/A],Enabled,Enabled
1702848541.30397,0,GPU-93ae0c7f-c327-aee3-adae-bc0d1dae71ea,0.27,0.4463442436085328,12282.0,6543.0,546.33,NVIDIA GeForce RTX 4070,[N/A],Enabled,Enabled
1702848542.302768,0,GPU-93ae0c7f-c327-aee3-adae-bc0d1dae71ea,0.27,0.4463442436085328,12282.0,6543.0,546.33,NVIDIA GeForce RTX 4070,[N/A],Enabled,Enabled
1702848543.303677,0,GPU-93ae0c7f-c327-aee3-adae-bc0d1dae71ea,0.27,0.4463442436085328,12282.0,6543.0,546.33,NVIDIA GeForce RTX 4070,[N/A],Enabled,Enabled
1702848544.302741,0,GPU-93ae0c7f-c327-aee3-adae-bc0d1dae71ea,0.27,0.4463442436085328,12282.0,6543.0,546.33,NVIDIA GeForce RTX 4070,[N/A],Enabled,Enabled
1702848545.303268,0,GPU-93ae0c7f-c327-aee3-adae-bc0d1dae71ea,0.27,0.4463442436085328,12282.0,6543.0,546.33,NVIDIA GeForce RTX 4070,[N/A],Enabled,Enabled
1702848546.302565,0,GPU-93ae0c7f-c327-aee3-adae-bc0d1dae71ea,0.27,0.4463442436085328,12282.0,6543.0,546.33,NVIDIA GeForce RTX 4070,[N/A],Enabled,Enabled
1702848547.302974,0,GPU-93ae0c7f-c327-aee3-adae-bc0d1dae71ea,0.27,0.4463442436085328,12282.0,6543.0,546.33,NVIDIA GeForce RTX 4070,[N/A],Enabled,Enabled
1702848548.303392,0,GPU-93ae0c7f-c327-aee3-adae-bc0d1dae71ea,0.27,0.4463442436085328,12282.0,6543.0,546.33,NVIDIA GeForce RTX 4070,[N/A],Enabled,Enabled
1702848549.303621,0,GPU-93ae0c7f-c327-aee3-adae-bc0d1dae71ea,0.27,0.4463442436085328,12282.0,6543.0,546.33,NVIDIA GeForce RTX 4070,[N/A],Enabled,Enabled
1702848550.303479,0,GPU-93ae0c7f-c327-aee3-adae-bc0d1dae71ea,0.27,0.4463442436085328,12282.0,6543.0,546.33,NVIDIA GeForce RTX 4070,[N/A],Enabled,Enabled
1702848551.30259,0,GPU-93ae0c7f-c327-aee3-adae-bc0d1dae71ea,0.27,0.4463442436085328,12282.0,6543.0,546.33,NVIDIA GeForce RTX 4070,[N/A],Enabled,Enabled
1702848552.303148,0,GPU-93ae0c7f-c327-aee3-adae-bc0d1dae71ea,0.27,0.4463442436085328,12282.0,6543.0,546.33,NVIDIA GeForce RTX 4070,[N/A],Enabled,Enabled
1702848553.303384,0,GPU-93ae0c7f-c327-aee3-adae-bc0d1dae71ea,0.27,0.4463442436085328,12282.0,6543.0,546.33,NVIDIA GeForce RTX 4070,[N/A],Enabled,Enabled
1702848554.302941,0,GPU-93ae0c7f-c327-aee3-adae-bc0d1dae71ea,0.27,0.4463442436085328,12282.0,6543.0,546.33,NVIDIA GeForce RTX 4070,[N/A],Enabled,Enabled
1702848555.302432,0,GPU-93ae0c7f-c327-aee3-adae-bc0d1dae71ea,0.27,0.4463442436085328,12282.0,6543.0,546.33,NVIDIA GeForce RTX 4070,[N/A],Enabled,Enabled
1702848556.302817,0,GPU-93ae0c7f-c327-aee3-adae-bc0d1dae71ea,0.27,0.4463442436085328,12282.0,6543.0,546.33,NVIDIA GeForce RTX 4070,[N/A],Enabled,Enabled
1702848557.302993,0,GPU-93ae0c7f-c327-aee3-adae-bc0d1dae71ea,0.27,0.4463442436085328,12282.0,6543.0,546.33,NVIDIA GeForce RTX 4070,[N/A],Enabled,Enabled
1702848558.303314,0,GPU-93ae0c7f-c327-aee3-adae-bc0d1dae71ea,0.27,0.4463442436085328,12282.0,6543.0,546.33,NVIDIA GeForce RTX 4070,[N/A],Enabled,Enabled
1702848559.302678,0,GPU-93ae0c7f-c327-aee3-adae-bc0d1dae71ea,0.27,0.4463442436085328,12282.0,6543.0,546.33,NVIDIA GeForce RTX 4070,[N/A],Enabled,Enabled
1702848560.303276,0,GPU-93ae0c7f-c327-aee3-adae-bc0d1dae71ea,0.27,0.4463442436085328,12282.0,6543.0,546.33,NVIDIA GeForce RTX 4070,[N/A],Enabled,Enabled
1702848561.303864,0,GPU-93ae0c7f-c327-aee3-adae-bc0d1dae71ea,0.27,0.4463442436085328,12282.0,6543.0,546.33,NVIDIA GeForce RTX 4070,[N/A],Enabled,Enabled
1702848562.303204,0,GPU-93ae0c7f-c327-aee3-adae-bc0d1dae71ea,0.27,0.4463442436085328,12282.0,6543.0,546.33,NVIDIA GeForce RTX 4070,[N/A],Enabled,Enabled
1702848563.303371,0,GPU-93ae0c7f-c327-aee3-adae-bc0d1dae71ea,0.26,0.4463442436085328,12282.0,6543.0,546.33,NVIDIA GeForce RTX 4070,[N/A],Enabled,Enabled
1702848564.303101,0,GPU-93ae0c7f-c327-aee3-adae-bc0d1dae71ea,0.26,0.4463442436085328,12282.0,6543.0,546.33,NVIDIA GeForce RTX 4070,[N/A],Enabled,Enabled
1702848565.303082,0,GPU-93ae0c7f-c327-aee3-adae-bc0d1dae71ea,0.26,0.4463442436085328,12282.0,6543.0,546.33,NVIDIA GeForce RTX 4070,[N/A],Enabled,Enabled
1702848566.303156,0,GPU-93ae0c7f-c327-aee3-adae-bc0d1dae71ea,0.26,0.4463442436085328,12282.0,6543.0,546.33,NVIDIA GeForce RTX 4070,[N/A],Enabled,Enabled
1702848567.302963,0,GPU-93ae0c7f-c327-aee3-adae-bc0d1dae71ea,0.26,0.4463442436085328,12282.0,6543.0,546.33,NVIDIA GeForce RTX 4070,[N/A],Enabled,Enabled
1702848568.30348,0,GPU-93ae0c7f-c327-aee3-adae-bc0d1dae71ea,0.26,0.4463442436085328,12282.0,6543.0,546.33,NVIDIA GeForce RTX 4070,[N/A],Enabled,Enabled
1702848569.303351,0,GPU-93ae0c7f-c327-aee3-adae-bc0d1dae71ea,0.26,0.4463442436085328,12282.0,6543.0,546.33,NVIDIA GeForce RTX 4070,[N/A],Enabled,Enabled
1702848570.303454,0,GPU-93ae0c7f-c327-aee3-adae-bc0d1dae71ea,0.26,0.4463442436085328,12282.0,6543.0,546.33,NVIDIA GeForce RTX 4070,[N/A],Enabled,Enabled
1702848571.302626,0,GPU-93ae0c7f-c327-aee3-adae-bc0d1dae71ea,0.27,0.446425663572708,12282.0,6542.0,546.33,NVIDIA GeForce RTX 4070,[N/A],Enabled,Enabled
1702848572.303169,0,GPU-93ae0c7f-c327-aee3-adae-bc0d1dae71ea,0.27,0.4463442436085328,12282.0,6543.0,546.33,NVIDIA GeForce RTX 4070,[N/A],Enabled,Enabled
1702848573.303143,0,GPU-93ae0c7f-c327-aee3-adae-bc0d1dae71ea,0.26,0.4463442436085328,12282.0,6543.0,546.33,NVIDIA GeForce RTX 4070,[N/A],Enabled,Enabled
1702848574.303601,0,GPU-93ae0c7f-c327-aee3-adae-bc0d1dae71ea,0.26,0.4463442436085328,12282.0,6543.0,546.33,NVIDIA GeForce RTX 4070,[N/A],Enabled,Enabled
1702848575.303536,0,GPU-93ae0c7f-c327-aee3-adae-bc0d1dae71ea,0.27,0.4463442436085328,12282.0,6543.0,546.33,NVIDIA GeForce RTX 4070,[N/A],Enabled,Enabled
1702848576.303842,0,GPU-93ae0c7f-c327-aee3-adae-bc0d1dae71ea,0.26,0.4463442436085328,12282.0,6543.0,546.33,NVIDIA GeForce RTX 4070,[N/A],Enabled,Enabled
1702848577.30281,0,GPU-93ae0c7f-c327-aee3-adae-bc0d1dae71ea,0.26,0.4463442436085328,12282.0,6543.0,546.33,NVIDIA GeForce RTX 4070,[N/A],Enabled,Enabled
1702848578.302676,0,GPU-93ae0c7f-c327-aee3-adae-bc0d1dae71ea,0.26,0.4463442436085328,12282.0,6543.0,546.33,NVIDIA GeForce RTX 4070,[N/A],Enabled,Enabled
1702848579.303142,0,GPU-93ae0c7f-c327-aee3-adae-bc0d1dae71ea,0.26,0.4463442436085328,12282.0,6543.0,546.33,NVIDIA GeForce RTX 4070,[N/A],Enabled,Enabled
1702848580.303692,0,GPU-93ae0c7f-c327-aee3-adae-bc0d1dae71ea,0.26,0.4463442436085328,12282.0,6543.0,546.33,NVIDIA GeForce RTX 4070,[N/A],Enabled,Enabled
1702848581.303342,0,GPU-93ae0c7f-c327-aee3-adae-bc0d1dae71ea,0.26,0.4463442436085328,12282.0,6543.0,546.33,NVIDIA GeForce RTX 4070,[N/A],Enabled,Enabled
1702848582.302988,0,GPU-93ae0c7f-c327-aee3-adae-bc0d1dae71ea,0.26,0.4463442436085328,12282.0,6543.0,546.33,NVIDIA GeForce RTX 4070,[N/A],Enabled,Enabled
1702848583.302753,0,GPU-93ae0c7f-c327-aee3-adae-bc0d1dae71ea,0.26,0.4463442436085328,12282.0,6543.0,546.33,NVIDIA GeForce RTX 4070,[N/A],Enabled,Enabled
1702848584.303034,0,GPU-93ae0c7f-c327-aee3-adae-bc0d1dae71ea,0.26,0.4463442436085328,12282.0,6543.0,546.33,NVIDIA GeForce RTX 4070,[N/A],Enabled,Enabled
1702848585.302629,0,GPU-93ae0c7f-c327-aee3-adae-bc0d1dae71ea,0.26,0.4463442436085328,12282.0,6543.0,546.33,NVIDIA GeForce RTX 4070,[N/A],Enabled,Enabled
1702848586.302809,0,GPU-93ae0c7f-c327-aee3-adae-bc0d1dae71ea,0.27,0.4463442436085328,12282.0,6543.0,546.33,NVIDIA GeForce RTX 4070,[N/A],Enabled,Enabled
1702848587.30297,0,GPU-93ae0c7f-c327-aee3-adae-bc0d1dae71ea,0.26,0.4463442436085328,12282.0,6543.0,546.33,NVIDIA GeForce RTX 4070,[N/A],Enabled,Enabled
1702848588.30288,0,GPU-93ae0c7f-c327-aee3-adae-bc0d1dae71ea,0.26,0.4463442436085328,12282.0,6543.0,546.33,NVIDIA GeForce RTX 4070,[N/A],Enabled,Enabled
1702848589.30263,0,GPU-93ae0c7f-c327-aee3-adae-bc0d1dae71ea,0.26,0.4463442436085328,12282.0,6543.0,546.33,NVIDIA GeForce RTX 4070,[N/A],Enabled,Enabled
1702848590.303108,0,GPU-93ae0c7f-c327-aee3-adae-bc0d1dae71ea,0.26,0.4463442436085328,12282.0,6543.0,546.33,NVIDIA GeForce RTX 4070,[N/A],Enabled,Enabled
1702848591.303132,0,GPU-93ae0c7f-c327-aee3-adae-bc0d1dae71ea,0.13,0.25036638983878845,12282.0,8950.0,546.33,NVIDIA GeForce RTX 4070,[N/A],Enabled,Enabled
1702848592.302862,0,GPU-93ae0c7f-c327-aee3-adae-bc0d1dae71ea,0.14,0.25036638983878845,12282.0,8950.0,546.33,NVIDIA GeForce RTX 4070,[N/A],Enabled,Enabled
