timestamp,id,uuid,load,memoryUtil,memoryTotal,memoryUsed,memoryFree,driver,name,serial,display_mode,display_active
1709653109.631037,0,GPU-93ae0c7f-c327-aee3-adae-bc0d1dae71ea,0.15,0.26021820550398955,12282.0,8815.0,551.61,NVIDIA GeForce RTX 4070,[N/A],Enabled,Enabled
1709653110.627996,0,GPU-93ae0c7f-c327-aee3-adae-bc0d1dae71ea,0.16,0.26021820550398955,12282.0,8815.0,551.61,NVIDIA GeForce RTX 4070,[N/A],Enabled,Enabled
1709653111.628297,0,GPU-93ae0c7f-c327-aee3-adae-bc0d1dae71ea,0.16,0.26021820550398955,12282.0,8815.0,551.61,NVIDIA GeForce RTX 4070,[N/A],Enabled,Enabled
1709653112.627408,0,GPU-93ae0c7f-c327-aee3-adae-bc0d1dae71ea,0.16,0.26021820550398955,12282.0,8815.0,551.61,NVIDIA GeForce RTX 4070,[N/A],Enabled,Enabled
1709653113.627311,0,GPU-93ae0c7f-c327-aee3-adae-bc0d1dae71ea,0.16,0.26021820550398955,12282.0,8815.0,551.61,NVIDIA GeForce RTX 4070,[N/A],Enabled,Enabled
1709653114.627694,0,GPU-93ae0c7f-c327-aee3-adae-bc0d1dae71ea,0.16,0.26021820550398955,12282.0,8815.0,551.61,NVIDIA GeForce RTX 4070,[N/A],Enabled,Enabled
1709653115.627965,0,GPU-93ae0c7f-c327-aee3-adae-bc0d1dae71ea,0.16,0.26021820550398955,12282.0,8815.0,551.61,NVIDIA GeForce RTX 4070,[N/A],Enabled,Enabled
1709653116.628096,0,GPU-93ae0c7f-c327-aee3-adae-bc0d1dae71ea,0.15,0.26021820550398955,12282.0,8815.0,551.61,NVIDIA GeForce RTX 4070,[N/A],Enabled,Enabled
1709653117.628114,0,GPU-93ae0c7f-c327-aee3-adae-bc0d1dae71ea,0.16,0.26021820550398955,12282.0,8815.0,551.61,NVIDIA GeForce RTX 4070,[N/A],Enabled,Enabled
1709653118.627338,0,GPU-93ae0c7f-c327-aee3-adae-bc0d1dae71ea,0.16,0.26021820550398955,12282.0,8815.0,551.61,NVIDIA GeForce RTX 4070,[N/A],Enabled,Enabled
1709653119.627471,0,GPU-93ae0c7f-c327-aee3-adae-bc0d1dae71ea,0.16,0.26021820550398955,12282.0,8815.0,551.61,NVIDIA GeForce RTX 4070,[N/A],Enabled,Enabled
1709653120.628144,0,GPU-93ae0c7f-c327-aee3-adae-bc0d1dae71ea,0.15,0.26021820550398955,12282.0,8815.0,551.61,NVIDIA GeForce RTX 4070,[N/A],Enabled,Enabled
1709653121.627727,0,GPU-93ae0c7f-c327-aee3-adae-bc0d1dae71ea,0.17,0.26021820550398955,12282.0,8815.0,551.61,NVIDIA GeForce RTX 4070,[N/A],Enabled,Enabled
1709653122.627085,0,GPU-93ae0c7f-c327-aee3-adae-bc0d1dae71ea,0.17,0.26021820550398955,12282.0,8815.0,551.61,NVIDIA GeForce RTX 4070,[N/A],Enabled,Enabled
1709653123.627857,0,GPU-93ae0c7f-c327-aee3-adae-bc0d1dae71ea,0.16,0.26021820550398955,12282.0,8815.0,551.61,NVIDIA GeForce RTX 4070,[N/A],Enabled,Enabled
1709653124.627271,0,GPU-93ae0c7f-c327-aee3-adae-bc0d1dae71ea,0.21,0.2576941866145579,12282.0,8846.0,551.61,NVIDIA GeForce RTX 4070,[N/A],Enabled,Enabled
1709653125.627566,0,GPU-93ae0c7f-c327-aee3-adae-bc0d1dae71ea,0.17,0.2587526461488357,12282.0,8833.0,551.61,NVIDIA GeForce RTX 4070,[N/A],Enabled,Enabled
1709653126.627605,0,GPU-93ae0c7f-c327-aee3-adae-bc0d1dae71ea,0.17,0.356212343266569,12282.0,7636.0,551.61,NVIDIA GeForce RTX 4070,[N/A],Enabled,Enabled
1709653127.627743,0,GPU-93ae0c7f-c327-aee3-adae-bc0d1dae71ea,0.11,0.33089073440807687,12282.0,7947.0,551.61,NVIDIA GeForce RTX 4070,[N/A],Enabled,Enabled
1709653128.627204,0,GPU-93ae0c7f-c327-aee3-adae-bc0d1dae71ea,0.1,0.33089073440807687,12282.0,7947.0,551.61,NVIDIA GeForce RTX 4070,[N/A],Enabled,Enabled
1709653129.627926,0,GPU-93ae0c7f-c327-aee3-adae-bc0d1dae71ea,0.1,0.33072789447972645,12282.0,7949.0,551.61,NVIDIA GeForce RTX 4070,[N/A],Enabled,Enabled
1709653130.628239,0,GPU-93ae0c7f-c327-aee3-adae-bc0d1dae71ea,0.14,0.30752320468978994,12282.0,8234.0,551.61,NVIDIA GeForce RTX 4070,[N/A],Enabled,Enabled
1709653131.62727,0,GPU-93ae0c7f-c327-aee3-adae-bc0d1dae71ea,0.09,0.4921836834391793,12282.0,5966.0,551.61,NVIDIA GeForce RTX 4070,[N/A],Enabled,Enabled
1709653132.627563,0,GPU-93ae0c7f-c327-aee3-adae-bc0d1dae71ea,0.34,0.45904575801986647,12282.0,6373.0,551.61,NVIDIA GeForce RTX 4070,[N/A],Enabled,Enabled
1709653133.627873,0,GPU-93ae0c7f-c327-aee3-adae-bc0d1dae71ea,0.33,0.45904575801986647,12282.0,6373.0,551.61,NVIDIA GeForce RTX 4070,[N/A],Enabled,Enabled
1709653134.628159,0,GPU-93ae0c7f-c327-aee3-adae-bc0d1dae71ea,0.29,0.45432340009770394,12282.0,6431.0,551.61,NVIDIA GeForce RTX 4070,[N/A],Enabled,Enabled
1709653135.627692,0,GPU-93ae0c7f-c327-aee3-adae-bc0d1dae71ea,0.3,0.45432340009770394,12282.0,6431.0,551.61,NVIDIA GeForce RTX 4070,[N/A],Enabled,Enabled
1709653136.628673,0,GPU-93ae0c7f-c327-aee3-adae-bc0d1dae71ea,0.29,0.45432340009770394,12282.0,6431.0,551.61,NVIDIA GeForce RTX 4070,[N/A],Enabled,Enabled
1709653137.62832,0,GPU-93ae0c7f-c327-aee3-adae-bc0d1dae71ea,0.34,0.45904575801986647,12282.0,6373.0,551.61,NVIDIA GeForce RTX 4070,[N/A],Enabled,Enabled
1709653138.627955,0,GPU-93ae0c7f-c327-aee3-adae-bc0d1dae71ea,0.09,0.5718938283667155,12282.0,4987.0,551.61,NVIDIA GeForce RTX 4070,[N/A],Enabled,Enabled
1709653139.62739,0,GPU-93ae0c7f-c327-aee3-adae-bc0d1dae71ea,0.32,0.45985995766161863,12282.0,6363.0,551.61,NVIDIA GeForce RTX 4070,[N/A],Enabled,Enabled
1709653140.62813,0,GPU-93ae0c7f-c327-aee3-adae-bc0d1dae71ea,0.3,0.45985995766161863,12282.0,6363.0,551.61,NVIDIA GeForce RTX 4070,[N/A],Enabled,Enabled
1709653141.627202,0,GPU-93ae0c7f-c327-aee3-adae-bc0d1dae71ea,0.28,0.4551375997394561,12282.0,6421.0,551.61,NVIDIA GeForce RTX 4070,[N/A],Enabled,Enabled
1709653142.627532,0,GPU-93ae0c7f-c327-aee3-adae-bc0d1dae71ea,0.28,0.4551375997394561,12282.0,6421.0,551.61,NVIDIA GeForce RTX 4070,[N/A],Enabled,Enabled
1709653143.62724,0,GPU-93ae0c7f-c327-aee3-adae-bc0d1dae71ea,0.3,0.4552190197036313,12282.0,6420.0,551.61,NVIDIA GeForce RTX 4070,[N/A],Enabled,Enabled
1709653144.627594,0,GPU-93ae0c7f-c327-aee3-adae-bc0d1dae71ea,0.32,0.45985995766161863,12282.0,6363.0,551.61,NVIDIA GeForce RTX 4070,[N/A],Enabled,Enabled
1709653145.62729,0,GPU-93ae0c7f-c327-aee3-adae-bc0d1dae71ea,0.33,0.45985995766161863,12282.0,6363.0,551.61,NVIDIA GeForce RTX 4070,[N/A],Enabled,Enabled
1709653146.627786,0,GPU-93ae0c7f-c327-aee3-adae-bc0d1dae71ea,0.29,0.4552190197036313,12282.0,6420.0,551.61,NVIDIA GeForce RTX 4070,[N/A],Enabled,Enabled
1709653147.628416,0,GPU-93ae0c7f-c327-aee3-adae-bc0d1dae71ea,0.31,0.45985995766161863,12282.0,6363.0,551.61,NVIDIA GeForce RTX 4070,[N/A],Enabled,Enabled
1709653148.627349,0,GPU-93ae0c7f-c327-aee3-adae-bc0d1dae71ea,0.33,0.4601856375183195,12282.0,6359.0,551.61,NVIDIA GeForce RTX 4070,[N/A],Enabled,Enabled
1709653149.627778,0,GPU-93ae0c7f-c327-aee3-adae-bc0d1dae71ea,0.29,0.45554469956033217,12282.0,6416.0,551.61,NVIDIA GeForce RTX 4070,[N/A],Enabled,Enabled
1709653150.627404,0,GPU-93ae0c7f-c327-aee3-adae-bc0d1dae71ea,0.29,0.45554469956033217,12282.0,6416.0,551.61,NVIDIA GeForce RTX 4070,[N/A],Enabled,Enabled
1709653151.628007,0,GPU-93ae0c7f-c327-aee3-adae-bc0d1dae71ea,0.3,0.4601856375183195,12282.0,6359.0,551.61,NVIDIA GeForce RTX 4070,[N/A],Enabled,Enabled
1709653152.627314,0,GPU-93ae0c7f-c327-aee3-adae-bc0d1dae71ea,0.3,0.4602670574824947,12282.0,6358.0,551.61,NVIDIA GeForce RTX 4070,[N/A],Enabled,Enabled
1709653153.627417,0,GPU-93ae0c7f-c327-aee3-adae-bc0d1dae71ea,0.29,0.45554469956033217,12282.0,6416.0,551.61,NVIDIA GeForce RTX 4070,[N/A],Enabled,Enabled
1709653154.627708,0,GPU-93ae0c7f-c327-aee3-adae-bc0d1dae71ea,0.25,0.4575801986647126,12282.0,6391.0,551.61,NVIDIA GeForce RTX 4070,[N/A],Enabled,Enabled
1709653155.628042,0,GPU-93ae0c7f-c327-aee3-adae-bc0d1dae71ea,0.37,0.4640123758345546,12282.0,6312.0,551.61,NVIDIA GeForce RTX 4070,[N/A],Enabled,Enabled
1709653156.628644,0,GPU-93ae0c7f-c327-aee3-adae-bc0d1dae71ea,0.42,0.4640123758345546,12282.0,6312.0,551.61,NVIDIA GeForce RTX 4070,[N/A],Enabled,Enabled
1709653157.627769,0,GPU-93ae0c7f-c327-aee3-adae-bc0d1dae71ea,0.38,0.4640123758345546,12282.0,6312.0,551.61,NVIDIA GeForce RTX 4070,[N/A],Enabled,Enabled
1709653158.627375,0,GPU-93ae0c7f-c327-aee3-adae-bc0d1dae71ea,0.37,0.4640123758345546,12282.0,6312.0,551.61,NVIDIA GeForce RTX 4070,[N/A],Enabled,Enabled
1709653159.628093,0,GPU-93ae0c7f-c327-aee3-adae-bc0d1dae71ea,0.4,0.4640123758345546,12282.0,6312.0,551.61,NVIDIA GeForce RTX 4070,[N/A],Enabled,Enabled
1709653160.628475,0,GPU-93ae0c7f-c327-aee3-adae-bc0d1dae71ea,0.41,0.46450089561960595,12282.0,6306.0,551.61,NVIDIA GeForce RTX 4070,[N/A],Enabled,Enabled
1709653161.627853,0,GPU-93ae0c7f-c327-aee3-adae-bc0d1dae71ea,0.35,0.46458231558378116,12282.0,6305.0,551.61,NVIDIA GeForce RTX 4070,[N/A],Enabled,Enabled
1709653162.627529,0,GPU-93ae0c7f-c327-aee3-adae-bc0d1dae71ea,0.37,0.46458231558378116,12282.0,6305.0,551.61,NVIDIA GeForce RTX 4070,[N/A],Enabled,Enabled
1709653163.628496,0,GPU-93ae0c7f-c327-aee3-adae-bc0d1dae71ea,0.37,0.46458231558378116,12282.0,6305.0,551.61,NVIDIA GeForce RTX 4070,[N/A],Enabled,Enabled
1709653164.627737,0,GPU-93ae0c7f-c327-aee3-adae-bc0d1dae71ea,0.36,0.46458231558378116,12282.0,6305.0,551.61,NVIDIA GeForce RTX 4070,[N/A],Enabled,Enabled
1709653165.627578,0,GPU-93ae0c7f-c327-aee3-adae-bc0d1dae71ea,0.38,0.46458231558378116,12282.0,6305.0,551.61,NVIDIA GeForce RTX 4070,[N/A],Enabled,Enabled
1709653166.627511,0,GPU-93ae0c7f-c327-aee3-adae-bc0d1dae71ea,0.4,0.46458231558378116,12282.0,6305.0,551.61,NVIDIA GeForce RTX 4070,[N/A],Enabled,Enabled
1709653167.628437,0,GPU-93ae0c7f-c327-aee3-adae-bc0d1dae71ea,0.36,0.46458231558378116,12282.0,6305.0,551.61,NVIDIA GeForce RTX 4070,[N/A],Enabled,Enabled
1709653168.627854,0,GPU-93ae0c7f-c327-aee3-adae-bc0d1dae71ea,0.39,0.46458231558378116,12282.0,6305.0,551.61,NVIDIA GeForce RTX 4070,[N/A],Enabled,Enabled
1709653169.628124,0,GPU-93ae0c7f-c327-aee3-adae-bc0d1dae71ea,0.36,0.46458231558378116,12282.0,6305.0,551.61,NVIDIA GeForce RTX 4070,[N/A],Enabled,Enabled
1709653170.627927,0,GPU-93ae0c7f-c327-aee3-adae-bc0d1dae71ea,0.41,0.4639309558703794,12282.0,6313.0,551.61,NVIDIA GeForce RTX 4070,[N/A],Enabled,Enabled
1709653171.627508,0,GPU-93ae0c7f-c327-aee3-adae-bc0d1dae71ea,0.39,0.4639309558703794,12282.0,6313.0,551.61,NVIDIA GeForce RTX 4070,[N/A],Enabled,Enabled
1709653172.627593,0,GPU-93ae0c7f-c327-aee3-adae-bc0d1dae71ea,0.39,0.4639309558703794,12282.0,6313.0,551.61,NVIDIA GeForce RTX 4070,[N/A],Enabled,Enabled
1709653173.627245,0,GPU-93ae0c7f-c327-aee3-adae-bc0d1dae71ea,0.38,0.4639309558703794,12282.0,6313.0,551.61,NVIDIA GeForce RTX 4070,[N/A],Enabled,Enabled
1709653174.628003,0,GPU-93ae0c7f-c327-aee3-adae-bc0d1dae71ea,0.37,0.4639309558703794,12282.0,6313.0,551.61,NVIDIA GeForce RTX 4070,[N/A],Enabled,Enabled
1709653175.627616,0,GPU-93ae0c7f-c327-aee3-adae-bc0d1dae71ea,0.39,0.4639309558703794,12282.0,6313.0,551.61,NVIDIA GeForce RTX 4070,[N/A],Enabled,Enabled
1709653176.627867,0,GPU-93ae0c7f-c327-aee3-adae-bc0d1dae71ea,0.37,0.4639309558703794,12282.0,6313.0,551.61,NVIDIA GeForce RTX 4070,[N/A],Enabled,Enabled
1709653177.627743,0,GPU-93ae0c7f-c327-aee3-adae-bc0d1dae71ea,0.36,0.4639309558703794,12282.0,6314.0,551.61,NVIDIA GeForce RTX 4070,[N/A],Enabled,Enabled
1709653178.628046,0,GPU-93ae0c7f-c327-aee3-adae-bc0d1dae71ea,0.39,0.4636866959778538,12282.0,6316.0,551.61,NVIDIA GeForce RTX 4070,[N/A],Enabled,Enabled
1709653179.627595,0,GPU-93ae0c7f-c327-aee3-adae-bc0d1dae71ea,0.39,0.4636866959778538,12282.0,6316.0,551.61,NVIDIA GeForce RTX 4070,[N/A],Enabled,Enabled
1709653180.627336,0,GPU-93ae0c7f-c327-aee3-adae-bc0d1dae71ea,0.38,0.4636866959778538,12282.0,6316.0,551.61,NVIDIA GeForce RTX 4070,[N/A],Enabled,Enabled
1709653181.627434,0,GPU-93ae0c7f-c327-aee3-adae-bc0d1dae71ea,0.38,0.4636866959778538,12282.0,6316.0,551.61,NVIDIA GeForce RTX 4070,[N/A],Enabled,Enabled
1709653182.627283,0,GPU-93ae0c7f-c327-aee3-adae-bc0d1dae71ea,0.39,0.4636866959778538,12282.0,6316.0,551.61,NVIDIA GeForce RTX 4070,[N/A],Enabled,Enabled
1709653183.627317,0,GPU-93ae0c7f-c327-aee3-adae-bc0d1dae71ea,0.38,0.4636866959778538,12282.0,6316.0,551.61,NVIDIA GeForce RTX 4070,[N/A],Enabled,Enabled
1709653184.627557,0,GPU-93ae0c7f-c327-aee3-adae-bc0d1dae71ea,0.37,0.4636866959778538,12282.0,6316.0,551.61,NVIDIA GeForce RTX 4070,[N/A],Enabled,Enabled
1709653185.627443,0,GPU-93ae0c7f-c327-aee3-adae-bc0d1dae71ea,0.39,0.4636866959778538,12282.0,6316.0,551.61,NVIDIA GeForce RTX 4070,[N/A],Enabled,Enabled
1709653186.627537,0,GPU-93ae0c7f-c327-aee3-adae-bc0d1dae71ea,0.37,0.4636866959778538,12282.0,6316.0,551.61,NVIDIA GeForce RTX 4070,[N/A],Enabled,Enabled
1709653187.628421,0,GPU-93ae0c7f-c327-aee3-adae-bc0d1dae71ea,0.39,0.4636866959778538,12282.0,6316.0,551.61,NVIDIA GeForce RTX 4070,[N/A],Enabled,Enabled
1709653188.628238,0,GPU-93ae0c7f-c327-aee3-adae-bc0d1dae71ea,0.39,0.4636866959778538,12282.0,6316.0,551.61,NVIDIA GeForce RTX 4070,[N/A],Enabled,Enabled
1709653189.62813,0,GPU-93ae0c7f-c327-aee3-adae-bc0d1dae71ea,0.37,0.4636866959778538,12282.0,6316.0,551.61,NVIDIA GeForce RTX 4070,[N/A],Enabled,Enabled
1709653190.627172,0,GPU-93ae0c7f-c327-aee3-adae-bc0d1dae71ea,0.37,0.4636866959778538,12282.0,6316.0,551.61,NVIDIA GeForce RTX 4070,[N/A],Enabled,Enabled
1709653191.627779,0,GPU-93ae0c7f-c327-aee3-adae-bc0d1dae71ea,0.36,0.4636866959778538,12282.0,6316.0,551.61,NVIDIA GeForce RTX 4070,[N/A],Enabled,Enabled
1709653192.628242,0,GPU-93ae0c7f-c327-aee3-adae-bc0d1dae71ea,0.37,0.4636866959778538,12282.0,6316.0,551.61,NVIDIA GeForce RTX 4070,[N/A],Enabled,Enabled
1709653193.628414,0,GPU-93ae0c7f-c327-aee3-adae-bc0d1dae71ea,0.38,0.4636866959778538,12282.0,6316.0,551.61,NVIDIA GeForce RTX 4070,[N/A],Enabled,Enabled
1709653194.628652,0,GPU-93ae0c7f-c327-aee3-adae-bc0d1dae71ea,0.41,0.4636866959778538,12282.0,6316.0,551.61,NVIDIA GeForce RTX 4070,[N/A],Enabled,Enabled
1709653195.627916,0,GPU-93ae0c7f-c327-aee3-adae-bc0d1dae71ea,0.39,0.4636866959778538,12282.0,6316.0,551.61,NVIDIA GeForce RTX 4070,[N/A],Enabled,Enabled
1709653196.62788,0,GPU-93ae0c7f-c327-aee3-adae-bc0d1dae71ea,0.38,0.4636866959778538,12282.0,6316.0,551.61,NVIDIA GeForce RTX 4070,[N/A],Enabled,Enabled
1709653197.628114,0,GPU-93ae0c7f-c327-aee3-adae-bc0d1dae71ea,0.39,0.4636866959778538,12282.0,6316.0,551.61,NVIDIA GeForce RTX 4070,[N/A],Enabled,Enabled
1709653198.627465,0,GPU-93ae0c7f-c327-aee3-adae-bc0d1dae71ea,0.4,0.4636866959778538,12282.0,6316.0,551.61,NVIDIA GeForce RTX 4070,[N/A],Enabled,Enabled
1709653199.627332,0,GPU-93ae0c7f-c327-aee3-adae-bc0d1dae71ea,0.38,0.4636866959778538,12282.0,6316.0,551.61,NVIDIA GeForce RTX 4070,[N/A],Enabled,Enabled
1709653200.628206,0,GPU-93ae0c7f-c327-aee3-adae-bc0d1dae71ea,0.42,0.4636866959778538,12282.0,6316.0,551.61,NVIDIA GeForce RTX 4070,[N/A],Enabled,Enabled
1709653201.627171,0,GPU-93ae0c7f-c327-aee3-adae-bc0d1dae71ea,0.37,0.4636866959778538,12282.0,6316.0,551.61,NVIDIA GeForce RTX 4070,[N/A],Enabled,Enabled
1709653202.627815,0,GPU-93ae0c7f-c327-aee3-adae-bc0d1dae71ea,0.38,0.4636866959778538,12282.0,6316.0,551.61,NVIDIA GeForce RTX 4070,[N/A],Enabled,Enabled
1709653203.628783,0,GPU-93ae0c7f-c327-aee3-adae-bc0d1dae71ea,0.39,0.4636866959778538,12282.0,6316.0,551.61,NVIDIA GeForce RTX 4070,[N/A],Enabled,Enabled
1709653204.627287,0,GPU-93ae0c7f-c327-aee3-adae-bc0d1dae71ea,0.43,0.4636866959778538,12282.0,6316.0,551.61,NVIDIA GeForce RTX 4070,[N/A],Enabled,Enabled
1709653205.628123,0,GPU-93ae0c7f-c327-aee3-adae-bc0d1dae71ea,0.37,0.4636866959778538,12282.0,6316.0,551.61,NVIDIA GeForce RTX 4070,[N/A],Enabled,Enabled
1709653206.627517,0,GPU-93ae0c7f-c327-aee3-adae-bc0d1dae71ea,0.39,0.4636866959778538,12282.0,6316.0,551.61,NVIDIA GeForce RTX 4070,[N/A],Enabled,Enabled
1709653207.627592,0,GPU-93ae0c7f-c327-aee3-adae-bc0d1dae71ea,0.39,0.4636866959778538,12282.0,6316.0,551.61,NVIDIA GeForce RTX 4070,[N/A],Enabled,Enabled
1709653208.628306,0,GPU-93ae0c7f-c327-aee3-adae-bc0d1dae71ea,0.43,0.4636866959778538,12282.0,6316.0,551.61,NVIDIA GeForce RTX 4070,[N/A],Enabled,Enabled
1709653209.627401,0,GPU-93ae0c7f-c327-aee3-adae-bc0d1dae71ea,0.41,0.4636866959778538,12282.0,6316.0,551.61,NVIDIA GeForce RTX 4070,[N/A],Enabled,Enabled
1709653210.628298,0,GPU-93ae0c7f-c327-aee3-adae-bc0d1dae71ea,0.42,0.4636866959778538,12282.0,6316.0,551.61,NVIDIA GeForce RTX 4070,[N/A],Enabled,Enabled
1709653211.627038,0,GPU-93ae0c7f-c327-aee3-adae-bc0d1dae71ea,0.38,0.46360527601367857,12282.0,6317.0,551.61,NVIDIA GeForce RTX 4070,[N/A],Enabled,Enabled
1709653212.627632,0,GPU-93ae0c7f-c327-aee3-adae-bc0d1dae71ea,0.37,0.46360527601367857,12282.0,6317.0,551.61,NVIDIA GeForce RTX 4070,[N/A],Enabled,Enabled
1709653213.627861,0,GPU-93ae0c7f-c327-aee3-adae-bc0d1dae71ea,0.39,0.46360527601367857,12282.0,6317.0,551.61,NVIDIA GeForce RTX 4070,[N/A],Enabled,Enabled
1709653214.628572,0,GPU-93ae0c7f-c327-aee3-adae-bc0d1dae71ea,0.38,0.46360527601367857,12282.0,6317.0,551.61,NVIDIA GeForce RTX 4070,[N/A],Enabled,Enabled
1709653215.627804,0,GPU-93ae0c7f-c327-aee3-adae-bc0d1dae71ea,0.38,0.46360527601367857,12282.0,6317.0,551.61,NVIDIA GeForce RTX 4070,[N/A],Enabled,Enabled
1709653216.628037,0,GPU-93ae0c7f-c327-aee3-adae-bc0d1dae71ea,0.42,0.46360527601367857,12282.0,6317.0,551.61,NVIDIA GeForce RTX 4070,[N/A],Enabled,Enabled
1709653217.627676,0,GPU-93ae0c7f-c327-aee3-adae-bc0d1dae71ea,0.36,0.46360527601367857,12282.0,6317.0,551.61,NVIDIA GeForce RTX 4070,[N/A],Enabled,Enabled
1709653218.627162,0,GPU-93ae0c7f-c327-aee3-adae-bc0d1dae71ea,0.4,0.46360527601367857,12282.0,6317.0,551.61,NVIDIA GeForce RTX 4070,[N/A],Enabled,Enabled
1709653219.628309,0,GPU-93ae0c7f-c327-aee3-adae-bc0d1dae71ea,0.38,0.46360527601367857,12282.0,6317.0,551.61,NVIDIA GeForce RTX 4070,[N/A],Enabled,Enabled
1709653220.627758,0,GPU-93ae0c7f-c327-aee3-adae-bc0d1dae71ea,0.41,0.46360527601367857,12282.0,6317.0,551.61,NVIDIA GeForce RTX 4070,[N/A],Enabled,Enabled
1709653221.627143,0,GPU-93ae0c7f-c327-aee3-adae-bc0d1dae71ea,0.39,0.46360527601367857,12282.0,6317.0,551.61,NVIDIA GeForce RTX 4070,[N/A],Enabled,Enabled
1709653222.628305,0,GPU-93ae0c7f-c327-aee3-adae-bc0d1dae71ea,0.4,0.46360527601367857,12282.0,6317.0,551.61,NVIDIA GeForce RTX 4070,[N/A],Enabled,Enabled
1709653223.627865,0,GPU-93ae0c7f-c327-aee3-adae-bc0d1dae71ea,0.39,0.46360527601367857,12282.0,6317.0,551.61,NVIDIA GeForce RTX 4070,[N/A],Enabled,Enabled
1709653224.627823,0,GPU-93ae0c7f-c327-aee3-adae-bc0d1dae71ea,0.36,0.46360527601367857,12282.0,6317.0,551.61,NVIDIA GeForce RTX 4070,[N/A],Enabled,Enabled
1709653225.627851,0,GPU-93ae0c7f-c327-aee3-adae-bc0d1dae71ea,0.39,0.46360527601367857,12282.0,6317.0,551.61,NVIDIA GeForce RTX 4070,[N/A],Enabled,Enabled
1709653226.627983,0,GPU-93ae0c7f-c327-aee3-adae-bc0d1dae71ea,0.4,0.46360527601367857,12282.0,6317.0,551.61,NVIDIA GeForce RTX 4070,[N/A],Enabled,Enabled
1709653227.627982,0,GPU-93ae0c7f-c327-aee3-adae-bc0d1dae71ea,0.36,0.46360527601367857,12282.0,6317.0,551.61,NVIDIA GeForce RTX 4070,[N/A],Enabled,Enabled
1709653228.62748,0,GPU-93ae0c7f-c327-aee3-adae-bc0d1dae71ea,0.39,0.46360527601367857,12282.0,6317.0,551.61,NVIDIA GeForce RTX 4070,[N/A],Enabled,Enabled
1709653229.628298,0,GPU-93ae0c7f-c327-aee3-adae-bc0d1dae71ea,0.37,0.46360527601367857,12282.0,6317.0,551.61,NVIDIA GeForce RTX 4070,[N/A],Enabled,Enabled
1709653230.627638,0,GPU-93ae0c7f-c327-aee3-adae-bc0d1dae71ea,0.39,0.46360527601367857,12282.0,6317.0,551.61,NVIDIA GeForce RTX 4070,[N/A],Enabled,Enabled
1709653231.627876,0,GPU-93ae0c7f-c327-aee3-adae-bc0d1dae71ea,0.39,0.46360527601367857,12282.0,6317.0,551.61,NVIDIA GeForce RTX 4070,[N/A],Enabled,Enabled
1709653232.628202,0,GPU-93ae0c7f-c327-aee3-adae-bc0d1dae71ea,0.4,0.46360527601367857,12282.0,6317.0,551.61,NVIDIA GeForce RTX 4070,[N/A],Enabled,Enabled
1709653233.627678,0,GPU-93ae0c7f-c327-aee3-adae-bc0d1dae71ea,0.36,0.46360527601367857,12282.0,6317.0,551.61,NVIDIA GeForce RTX 4070,[N/A],Enabled,Enabled
1709653234.627443,0,GPU-93ae0c7f-c327-aee3-adae-bc0d1dae71ea,0.41,0.46360527601367857,12282.0,6317.0,551.61,NVIDIA GeForce RTX 4070,[N/A],Enabled,Enabled
1709653235.628178,0,GPU-93ae0c7f-c327-aee3-adae-bc0d1dae71ea,0.39,0.46360527601367857,12282.0,6317.0,551.61,NVIDIA GeForce RTX 4070,[N/A],Enabled,Enabled
1709653236.628418,0,GPU-93ae0c7f-c327-aee3-adae-bc0d1dae71ea,0.39,0.46360527601367857,12282.0,6317.0,551.61,NVIDIA GeForce RTX 4070,[N/A],Enabled,Enabled
1709653237.628584,0,GPU-93ae0c7f-c327-aee3-adae-bc0d1dae71ea,0.36,0.46360527601367857,12282.0,6317.0,551.61,NVIDIA GeForce RTX 4070,[N/A],Enabled,Enabled
1709653238.627441,0,GPU-93ae0c7f-c327-aee3-adae-bc0d1dae71ea,0.41,0.46360527601367857,12282.0,6317.0,551.61,NVIDIA GeForce RTX 4070,[N/A],Enabled,Enabled
1709653239.628255,0,GPU-93ae0c7f-c327-aee3-adae-bc0d1dae71ea,0.38,0.46360527601367857,12282.0,6317.0,551.61,NVIDIA GeForce RTX 4070,[N/A],Enabled,Enabled
1709653240.628137,0,GPU-93ae0c7f-c327-aee3-adae-bc0d1dae71ea,0.37,0.46360527601367857,12282.0,6317.0,551.61,NVIDIA GeForce RTX 4070,[N/A],Enabled,Enabled
1709653241.627038,0,GPU-93ae0c7f-c327-aee3-adae-bc0d1dae71ea,0.37,0.46360527601367857,12282.0,6317.0,551.61,NVIDIA GeForce RTX 4070,[N/A],Enabled,Enabled
1709653242.62752,0,GPU-93ae0c7f-c327-aee3-adae-bc0d1dae71ea,0.38,0.46360527601367857,12282.0,6317.0,551.61,NVIDIA GeForce RTX 4070,[N/A],Enabled,Enabled
1709653243.627356,0,GPU-93ae0c7f-c327-aee3-adae-bc0d1dae71ea,0.36,0.46360527601367857,12282.0,6317.0,551.61,NVIDIA GeForce RTX 4070,[N/A],Enabled,Enabled
1709653244.628275,0,GPU-93ae0c7f-c327-aee3-adae-bc0d1dae71ea,0.37,0.46360527601367857,12282.0,6317.0,551.61,NVIDIA GeForce RTX 4070,[N/A],Enabled,Enabled
1709653245.627792,0,GPU-93ae0c7f-c327-aee3-adae-bc0d1dae71ea,0.38,0.46360527601367857,12282.0,6317.0,551.61,NVIDIA GeForce RTX 4070,[N/A],Enabled,Enabled
1709653246.628267,0,GPU-93ae0c7f-c327-aee3-adae-bc0d1dae71ea,0.37,0.46360527601367857,12282.0,6317.0,551.61,NVIDIA GeForce RTX 4070,[N/A],Enabled,Enabled
1709653247.62812,0,GPU-93ae0c7f-c327-aee3-adae-bc0d1dae71ea,0.38,0.46360527601367857,12282.0,6317.0,551.61,NVIDIA GeForce RTX 4070,[N/A],Enabled,Enabled
1709653248.627464,0,GPU-93ae0c7f-c327-aee3-adae-bc0d1dae71ea,0.41,0.46360527601367857,12282.0,6317.0,551.61,NVIDIA GeForce RTX 4070,[N/A],Enabled,Enabled
1709653249.627617,0,GPU-93ae0c7f-c327-aee3-adae-bc0d1dae71ea,0.35,0.46360527601367857,12282.0,6317.0,551.61,NVIDIA GeForce RTX 4070,[N/A],Enabled,Enabled
1709653250.627959,0,GPU-93ae0c7f-c327-aee3-adae-bc0d1dae71ea,0.41,0.46360527601367857,12282.0,6317.0,551.61,NVIDIA GeForce RTX 4070,[N/A],Enabled,Enabled
1709653251.627544,0,GPU-93ae0c7f-c327-aee3-adae-bc0d1dae71ea,0.38,0.46360527601367857,12282.0,6317.0,551.61,NVIDIA GeForce RTX 4070,[N/A],Enabled,Enabled
1709653252.627829,0,GPU-93ae0c7f-c327-aee3-adae-bc0d1dae71ea,0.41,0.46360527601367857,12282.0,6317.0,551.61,NVIDIA GeForce RTX 4070,[N/A],Enabled,Enabled
1709653253.628209,0,GPU-93ae0c7f-c327-aee3-adae-bc0d1dae71ea,0.39,0.46360527601367857,12282.0,6317.0,551.61,NVIDIA GeForce RTX 4070,[N/A],Enabled,Enabled
1709653254.62794,0,GPU-93ae0c7f-c327-aee3-adae-bc0d1dae71ea,0.37,0.46360527601367857,12282.0,6317.0,551.61,NVIDIA GeForce RTX 4070,[N/A],Enabled,Enabled
1709653255.627084,0,GPU-93ae0c7f-c327-aee3-adae-bc0d1dae71ea,0.39,0.46360527601367857,12282.0,6317.0,551.61,NVIDIA GeForce RTX 4070,[N/A],Enabled,Enabled
1709653256.627951,0,GPU-93ae0c7f-c327-aee3-adae-bc0d1dae71ea,0.36,0.46360527601367857,12282.0,6317.0,551.61,NVIDIA GeForce RTX 4070,[N/A],Enabled,Enabled
1709653257.627596,0,GPU-93ae0c7f-c327-aee3-adae-bc0d1dae71ea,0.39,0.46360527601367857,12282.0,6317.0,551.61,NVIDIA GeForce RTX 4070,[N/A],Enabled,Enabled
1709653258.628361,0,GPU-93ae0c7f-c327-aee3-adae-bc0d1dae71ea,0.35,0.46360527601367857,12282.0,6317.0,551.61,NVIDIA GeForce RTX 4070,[N/A],Enabled,Enabled
1709653259.627098,0,GPU-93ae0c7f-c327-aee3-adae-bc0d1dae71ea,0.38,0.46360527601367857,12282.0,6317.0,551.61,NVIDIA GeForce RTX 4070,[N/A],Enabled,Enabled
1709653260.627329,0,GPU-93ae0c7f-c327-aee3-adae-bc0d1dae71ea,0.41,0.46360527601367857,12282.0,6317.0,551.61,NVIDIA GeForce RTX 4070,[N/A],Enabled,Enabled
1709653261.628294,0,GPU-93ae0c7f-c327-aee3-adae-bc0d1dae71ea,0.39,0.46360527601367857,12282.0,6317.0,551.61,NVIDIA GeForce RTX 4070,[N/A],Enabled,Enabled
1709653262.627751,0,GPU-93ae0c7f-c327-aee3-adae-bc0d1dae71ea,0.43,0.46360527601367857,12282.0,6317.0,551.61,NVIDIA GeForce RTX 4070,[N/A],Enabled,Enabled
1709653263.628003,0,GPU-93ae0c7f-c327-aee3-adae-bc0d1dae71ea,0.35,0.46360527601367857,12282.0,6317.0,551.61,NVIDIA GeForce RTX 4070,[N/A],Enabled,Enabled
1709653264.628389,0,GPU-93ae0c7f-c327-aee3-adae-bc0d1dae71ea,0.36,0.46360527601367857,12282.0,6317.0,551.61,NVIDIA GeForce RTX 4070,[N/A],Enabled,Enabled
1709653265.627418,0,GPU-93ae0c7f-c327-aee3-adae-bc0d1dae71ea,0.38,0.46360527601367857,12282.0,6317.0,551.61,NVIDIA GeForce RTX 4070,[N/A],Enabled,Enabled
1709653266.627763,0,GPU-93ae0c7f-c327-aee3-adae-bc0d1dae71ea,0.38,0.46360527601367857,12282.0,6317.0,551.61,NVIDIA GeForce RTX 4070,[N/A],Enabled,Enabled
1709653267.62738,0,GPU-93ae0c7f-c327-aee3-adae-bc0d1dae71ea,0.36,0.46360527601367857,12282.0,6317.0,551.61,NVIDIA GeForce RTX 4070,[N/A],Enabled,Enabled
1709653268.627552,0,GPU-93ae0c7f-c327-aee3-adae-bc0d1dae71ea,0.41,0.46360527601367857,12282.0,6317.0,551.61,NVIDIA GeForce RTX 4070,[N/A],Enabled,Enabled
1709653269.628657,0,GPU-93ae0c7f-c327-aee3-adae-bc0d1dae71ea,0.37,0.46360527601367857,12282.0,6317.0,551.61,NVIDIA GeForce RTX 4070,[N/A],Enabled,Enabled
1709653270.628759,0,GPU-93ae0c7f-c327-aee3-adae-bc0d1dae71ea,0.38,0.46360527601367857,12282.0,6317.0,551.61,NVIDIA GeForce RTX 4070,[N/A],Enabled,Enabled
1709653271.62799,0,GPU-93ae0c7f-c327-aee3-adae-bc0d1dae71ea,0.39,0.46360527601367857,12282.0,6317.0,551.61,NVIDIA GeForce RTX 4070,[N/A],Enabled,Enabled
1709653272.628073,0,GPU-93ae0c7f-c327-aee3-adae-bc0d1dae71ea,0.42,0.46360527601367857,12282.0,6317.0,551.61,NVIDIA GeForce RTX 4070,[N/A],Enabled,Enabled
1709653273.627575,0,GPU-93ae0c7f-c327-aee3-adae-bc0d1dae71ea,0.4,0.46360527601367857,12282.0,6317.0,551.61,NVIDIA GeForce RTX 4070,[N/A],Enabled,Enabled
1709653274.627916,0,GPU-93ae0c7f-c327-aee3-adae-bc0d1dae71ea,0.4,0.46360527601367857,12282.0,6317.0,551.61,NVIDIA GeForce RTX 4070,[N/A],Enabled,Enabled
1709653275.627421,0,GPU-93ae0c7f-c327-aee3-adae-bc0d1dae71ea,0.38,0.46360527601367857,12282.0,6317.0,551.61,NVIDIA GeForce RTX 4070,[N/A],Enabled,Enabled
1709653276.627794,0,GPU-93ae0c7f-c327-aee3-adae-bc0d1dae71ea,0.42,0.46360527601367857,12282.0,6317.0,551.61,NVIDIA GeForce RTX 4070,[N/A],Enabled,Enabled
1709653277.628401,0,GPU-93ae0c7f-c327-aee3-adae-bc0d1dae71ea,0.38,0.46360527601367857,12282.0,6317.0,551.61,NVIDIA GeForce RTX 4070,[N/A],Enabled,Enabled
1709653278.627394,0,GPU-93ae0c7f-c327-aee3-adae-bc0d1dae71ea,0.41,0.46360527601367857,12282.0,6317.0,551.61,NVIDIA GeForce RTX 4070,[N/A],Enabled,Enabled
1709653279.627651,0,GPU-93ae0c7f-c327-aee3-adae-bc0d1dae71ea,0.39,0.46360527601367857,12282.0,6317.0,551.61,NVIDIA GeForce RTX 4070,[N/A],Enabled,Enabled
1709653280.628086,0,GPU-93ae0c7f-c327-aee3-adae-bc0d1dae71ea,0.38,0.46360527601367857,12282.0,6317.0,551.61,NVIDIA GeForce RTX 4070,[N/A],Enabled,Enabled
1709653281.627382,0,GPU-93ae0c7f-c327-aee3-adae-bc0d1dae71ea,0.39,0.46360527601367857,12282.0,6317.0,551.61,NVIDIA GeForce RTX 4070,[N/A],Enabled,Enabled
1709653282.628569,0,GPU-93ae0c7f-c327-aee3-adae-bc0d1dae71ea,0.37,0.46360527601367857,12282.0,6317.0,551.61,NVIDIA GeForce RTX 4070,[N/A],Enabled,Enabled
1709653283.627805,0,GPU-93ae0c7f-c327-aee3-adae-bc0d1dae71ea,0.4,0.46360527601367857,12282.0,6317.0,551.61,NVIDIA GeForce RTX 4070,[N/A],Enabled,Enabled
1709653284.62702,0,GPU-93ae0c7f-c327-aee3-adae-bc0d1dae71ea,0.41,0.46360527601367857,12282.0,6317.0,551.61,NVIDIA GeForce RTX 4070,[N/A],Enabled,Enabled
1709653285.628107,0,GPU-93ae0c7f-c327-aee3-adae-bc0d1dae71ea,0.41,0.46360527601367857,12282.0,6317.0,551.61,NVIDIA GeForce RTX 4070,[N/A],Enabled,Enabled
1709653286.628218,0,GPU-93ae0c7f-c327-aee3-adae-bc0d1dae71ea,0.41,0.46360527601367857,12282.0,6317.0,551.61,NVIDIA GeForce RTX 4070,[N/A],Enabled,Enabled
1709653287.627256,0,GPU-93ae0c7f-c327-aee3-adae-bc0d1dae71ea,0.39,0.46360527601367857,12282.0,6317.0,551.61,NVIDIA GeForce RTX 4070,[N/A],Enabled,Enabled
1709653288.628146,0,GPU-93ae0c7f-c327-aee3-adae-bc0d1dae71ea,0.43,0.46360527601367857,12282.0,6317.0,551.61,NVIDIA GeForce RTX 4070,[N/A],Enabled,Enabled
1709653289.627837,0,GPU-93ae0c7f-c327-aee3-adae-bc0d1dae71ea,0.4,0.46360527601367857,12282.0,6317.0,551.61,NVIDIA GeForce RTX 4070,[N/A],Enabled,Enabled
1709653290.627827,0,GPU-93ae0c7f-c327-aee3-adae-bc0d1dae71ea,0.39,0.46360527601367857,12282.0,6317.0,551.61,NVIDIA GeForce RTX 4070,[N/A],Enabled,Enabled
1709653291.627556,0,GPU-93ae0c7f-c327-aee3-adae-bc0d1dae71ea,0.39,0.46360527601367857,12282.0,6317.0,551.61,NVIDIA GeForce RTX 4070,[N/A],Enabled,Enabled
1709653292.62833,0,GPU-93ae0c7f-c327-aee3-adae-bc0d1dae71ea,0.39,0.46360527601367857,12282.0,6317.0,551.61,NVIDIA GeForce RTX 4070,[N/A],Enabled,Enabled
1709653293.627961,0,GPU-93ae0c7f-c327-aee3-adae-bc0d1dae71ea,0.4,0.46360527601367857,12282.0,6317.0,551.61,NVIDIA GeForce RTX 4070,[N/A],Enabled,Enabled
1709653294.628656,0,GPU-93ae0c7f-c327-aee3-adae-bc0d1dae71ea,0.43,0.46360527601367857,12282.0,6317.0,551.61,NVIDIA GeForce RTX 4070,[N/A],Enabled,Enabled
1709653295.627885,0,GPU-93ae0c7f-c327-aee3-adae-bc0d1dae71ea,0.39,0.46360527601367857,12282.0,6317.0,551.61,NVIDIA GeForce RTX 4070,[N/A],Enabled,Enabled
1709653296.627846,0,GPU-93ae0c7f-c327-aee3-adae-bc0d1dae71ea,0.41,0.46360527601367857,12282.0,6317.0,551.61,NVIDIA GeForce RTX 4070,[N/A],Enabled,Enabled
1709653297.628673,0,GPU-93ae0c7f-c327-aee3-adae-bc0d1dae71ea,0.38,0.46360527601367857,12282.0,6317.0,551.61,NVIDIA GeForce RTX 4070,[N/A],Enabled,Enabled
1709653298.627911,0,GPU-93ae0c7f-c327-aee3-adae-bc0d1dae71ea,0.37,0.46360527601367857,12282.0,6317.0,551.61,NVIDIA GeForce RTX 4070,[N/A],Enabled,Enabled
1709653299.628262,0,GPU-93ae0c7f-c327-aee3-adae-bc0d1dae71ea,0.39,0.46360527601367857,12282.0,6317.0,551.61,NVIDIA GeForce RTX 4070,[N/A],Enabled,Enabled
1709653300.628036,0,GPU-93ae0c7f-c327-aee3-adae-bc0d1dae71ea,0.42,0.46360527601367857,12282.0,6317.0,551.61,NVIDIA GeForce RTX 4070,[N/A],Enabled,Enabled
1709653301.627709,0,GPU-93ae0c7f-c327-aee3-adae-bc0d1dae71ea,0.39,0.46360527601367857,12282.0,6317.0,551.61,NVIDIA GeForce RTX 4070,[N/A],Enabled,Enabled
1709653302.627325,0,GPU-93ae0c7f-c327-aee3-adae-bc0d1dae71ea,0.37,0.46360527601367857,12282.0,6317.0,551.61,NVIDIA GeForce RTX 4070,[N/A],Enabled,Enabled
1709653303.627822,0,GPU-93ae0c7f-c327-aee3-adae-bc0d1dae71ea,0.4,0.46360527601367857,12282.0,6317.0,551.61,NVIDIA GeForce RTX 4070,[N/A],Enabled,Enabled
1709653304.628197,0,GPU-93ae0c7f-c327-aee3-adae-bc0d1dae71ea,0.37,0.46360527601367857,12282.0,6317.0,551.61,NVIDIA GeForce RTX 4070,[N/A],Enabled,Enabled
1709653305.627993,0,GPU-93ae0c7f-c327-aee3-adae-bc0d1dae71ea,0.37,0.46360527601367857,12282.0,6317.0,551.61,NVIDIA GeForce RTX 4070,[N/A],Enabled,Enabled
1709653306.627428,0,GPU-93ae0c7f-c327-aee3-adae-bc0d1dae71ea,0.39,0.46360527601367857,12282.0,6317.0,551.61,NVIDIA GeForce RTX 4070,[N/A],Enabled,Enabled
1709653307.627949,0,GPU-93ae0c7f-c327-aee3-adae-bc0d1dae71ea,0.39,0.46360527601367857,12282.0,6317.0,551.61,NVIDIA GeForce RTX 4070,[N/A],Enabled,Enabled
1709653308.62803,0,GPU-93ae0c7f-c327-aee3-adae-bc0d1dae71ea,0.37,0.46360527601367857,12282.0,6317.0,551.61,NVIDIA GeForce RTX 4070,[N/A],Enabled,Enabled
1709653309.628315,0,GPU-93ae0c7f-c327-aee3-adae-bc0d1dae71ea,0.37,0.46360527601367857,12282.0,6317.0,551.61,NVIDIA GeForce RTX 4070,[N/A],Enabled,Enabled
1709653310.627231,0,GPU-93ae0c7f-c327-aee3-adae-bc0d1dae71ea,0.42,0.46360527601367857,12282.0,6317.0,551.61,NVIDIA GeForce RTX 4070,[N/A],Enabled,Enabled
1709653311.627778,0,GPU-93ae0c7f-c327-aee3-adae-bc0d1dae71ea,0.39,0.46360527601367857,12282.0,6317.0,551.61,NVIDIA GeForce RTX 4070,[N/A],Enabled,Enabled
1709653312.627173,0,GPU-93ae0c7f-c327-aee3-adae-bc0d1dae71ea,0.42,0.46360527601367857,12282.0,6317.0,551.61,NVIDIA GeForce RTX 4070,[N/A],Enabled,Enabled
1709653313.626955,0,GPU-93ae0c7f-c327-aee3-adae-bc0d1dae71ea,0.37,0.4659664549747598,12282.0,6288.0,551.61,NVIDIA GeForce RTX 4070,[N/A],Enabled,Enabled
1709653314.627639,0,GPU-93ae0c7f-c327-aee3-adae-bc0d1dae71ea,0.41,0.4659664549747598,12282.0,6288.0,551.61,NVIDIA GeForce RTX 4070,[N/A],Enabled,Enabled
1709653315.627157,0,GPU-93ae0c7f-c327-aee3-adae-bc0d1dae71ea,0.41,0.4659664549747598,12282.0,6288.0,551.61,NVIDIA GeForce RTX 4070,[N/A],Enabled,Enabled
1709653316.628427,0,GPU-93ae0c7f-c327-aee3-adae-bc0d1dae71ea,0.42,0.4659664549747598,12282.0,6288.0,551.61,NVIDIA GeForce RTX 4070,[N/A],Enabled,Enabled
1709653317.628069,0,GPU-93ae0c7f-c327-aee3-adae-bc0d1dae71ea,0.39,0.4659664549747598,12282.0,6288.0,551.61,NVIDIA GeForce RTX 4070,[N/A],Enabled,Enabled
1709653318.627597,0,GPU-93ae0c7f-c327-aee3-adae-bc0d1dae71ea,0.42,0.46515225533300764,12282.0,6298.0,551.61,NVIDIA GeForce RTX 4070,[N/A],Enabled,Enabled
1709653319.627507,0,GPU-93ae0c7f-c327-aee3-adae-bc0d1dae71ea,0.36,0.46515225533300764,12282.0,6298.0,551.61,NVIDIA GeForce RTX 4070,[N/A],Enabled,Enabled
1709653320.628818,0,GPU-93ae0c7f-c327-aee3-adae-bc0d1dae71ea,0.39,0.46515225533300764,12282.0,6298.0,551.61,NVIDIA GeForce RTX 4070,[N/A],Enabled,Enabled
1709653321.627479,0,GPU-93ae0c7f-c327-aee3-adae-bc0d1dae71ea,0.39,0.46409379579872984,12282.0,6311.0,551.61,NVIDIA GeForce RTX 4070,[N/A],Enabled,Enabled
1709653322.627868,0,GPU-93ae0c7f-c327-aee3-adae-bc0d1dae71ea,0.41,0.4636866959778538,12282.0,6317.0,551.61,NVIDIA GeForce RTX 4070,[N/A],Enabled,Enabled
1709653323.627792,0,GPU-93ae0c7f-c327-aee3-adae-bc0d1dae71ea,0.38,0.4636866959778538,12282.0,6317.0,551.61,NVIDIA GeForce RTX 4070,[N/A],Enabled,Enabled
1709653324.62766,0,GPU-93ae0c7f-c327-aee3-adae-bc0d1dae71ea,0.41,0.4636866959778538,12282.0,6317.0,551.61,NVIDIA GeForce RTX 4070,[N/A],Enabled,Enabled
1709653325.627643,0,GPU-93ae0c7f-c327-aee3-adae-bc0d1dae71ea,0.38,0.4636866959778538,12282.0,6317.0,551.61,NVIDIA GeForce RTX 4070,[N/A],Enabled,Enabled
1709653326.627895,0,GPU-93ae0c7f-c327-aee3-adae-bc0d1dae71ea,0.44,0.4636866959778538,12282.0,6317.0,551.61,NVIDIA GeForce RTX 4070,[N/A],Enabled,Enabled
1709653327.627557,0,GPU-93ae0c7f-c327-aee3-adae-bc0d1dae71ea,0.39,0.4636866959778538,12282.0,6317.0,551.61,NVIDIA GeForce RTX 4070,[N/A],Enabled,Enabled
1709653328.627339,0,GPU-93ae0c7f-c327-aee3-adae-bc0d1dae71ea,0.4,0.4636866959778538,12282.0,6317.0,551.61,NVIDIA GeForce RTX 4070,[N/A],Enabled,Enabled
1709653329.628466,0,GPU-93ae0c7f-c327-aee3-adae-bc0d1dae71ea,0.39,0.4636866959778538,12282.0,6317.0,551.61,NVIDIA GeForce RTX 4070,[N/A],Enabled,Enabled
1709653330.627948,0,GPU-93ae0c7f-c327-aee3-adae-bc0d1dae71ea,0.37,0.4636866959778538,12282.0,6317.0,551.61,NVIDIA GeForce RTX 4070,[N/A],Enabled,Enabled
1709653331.62754,0,GPU-93ae0c7f-c327-aee3-adae-bc0d1dae71ea,0.36,0.4636866959778538,12282.0,6317.0,551.61,NVIDIA GeForce RTX 4070,[N/A],Enabled,Enabled
1709653332.627214,0,GPU-93ae0c7f-c327-aee3-adae-bc0d1dae71ea,0.4,0.4636866959778538,12282.0,6317.0,551.61,NVIDIA GeForce RTX 4070,[N/A],Enabled,Enabled
1709653333.627572,0,GPU-93ae0c7f-c327-aee3-adae-bc0d1dae71ea,0.39,0.4636866959778538,12282.0,6317.0,551.61,NVIDIA GeForce RTX 4070,[N/A],Enabled,Enabled
1709653334.628518,0,GPU-93ae0c7f-c327-aee3-adae-bc0d1dae71ea,0.37,0.4636866959778538,12282.0,6317.0,551.61,NVIDIA GeForce RTX 4070,[N/A],Enabled,Enabled
1709653335.627265,0,GPU-93ae0c7f-c327-aee3-adae-bc0d1dae71ea,0.36,0.4636866959778538,12282.0,6317.0,551.61,NVIDIA GeForce RTX 4070,[N/A],Enabled,Enabled
1709653336.627683,0,GPU-93ae0c7f-c327-aee3-adae-bc0d1dae71ea,0.41,0.4636866959778538,12282.0,6317.0,551.61,NVIDIA GeForce RTX 4070,[N/A],Enabled,Enabled
1709653337.628212,0,GPU-93ae0c7f-c327-aee3-adae-bc0d1dae71ea,0.35,0.4636866959778538,12282.0,6317.0,551.61,NVIDIA GeForce RTX 4070,[N/A],Enabled,Enabled
1709653338.627182,0,GPU-93ae0c7f-c327-aee3-adae-bc0d1dae71ea,0.37,0.4636866959778538,12282.0,6317.0,551.61,NVIDIA GeForce RTX 4070,[N/A],Enabled,Enabled
1709653339.628565,0,GPU-93ae0c7f-c327-aee3-adae-bc0d1dae71ea,0.38,0.4636866959778538,12282.0,6317.0,551.61,NVIDIA GeForce RTX 4070,[N/A],Enabled,Enabled
1709653340.627651,0,GPU-93ae0c7f-c327-aee3-adae-bc0d1dae71ea,0.37,0.4636866959778538,12282.0,6317.0,551.61,NVIDIA GeForce RTX 4070,[N/A],Enabled,Enabled
1709653341.627386,0,GPU-93ae0c7f-c327-aee3-adae-bc0d1dae71ea,0.38,0.4636866959778538,12282.0,6317.0,551.61,NVIDIA GeForce RTX 4070,[N/A],Enabled,Enabled
1709653342.627558,0,GPU-93ae0c7f-c327-aee3-adae-bc0d1dae71ea,0.36,0.4636866959778538,12282.0,6317.0,551.61,NVIDIA GeForce RTX 4070,[N/A],Enabled,Enabled
1709653343.628318,0,GPU-93ae0c7f-c327-aee3-adae-bc0d1dae71ea,0.37,0.4636866959778538,12282.0,6317.0,551.61,NVIDIA GeForce RTX 4070,[N/A],Enabled,Enabled
1709653344.627431,0,GPU-93ae0c7f-c327-aee3-adae-bc0d1dae71ea,0.36,0.4636866959778538,12282.0,6317.0,551.61,NVIDIA GeForce RTX 4070,[N/A],Enabled,Enabled
1709653345.628412,0,GPU-93ae0c7f-c327-aee3-adae-bc0d1dae71ea,0.33,0.4636866959778538,12282.0,6317.0,551.61,NVIDIA GeForce RTX 4070,[N/A],Enabled,Enabled
1709653346.627851,0,GPU-93ae0c7f-c327-aee3-adae-bc0d1dae71ea,0.31,0.4605113173750204,12282.0,6355.0,551.61,NVIDIA GeForce RTX 4070,[N/A],Enabled,Enabled
1709653347.627721,0,GPU-93ae0c7f-c327-aee3-adae-bc0d1dae71ea,0.32,0.4605113173750204,12282.0,6355.0,551.61,NVIDIA GeForce RTX 4070,[N/A],Enabled,Enabled
1709653348.627959,0,GPU-93ae0c7f-c327-aee3-adae-bc0d1dae71ea,0.32,0.4605113173750204,12282.0,6355.0,551.61,NVIDIA GeForce RTX 4070,[N/A],Enabled,Enabled
1709653349.627657,0,GPU-93ae0c7f-c327-aee3-adae-bc0d1dae71ea,0.3,0.45587037941703307,12282.0,6412.0,551.61,NVIDIA GeForce RTX 4070,[N/A],Enabled,Enabled
1709653350.627853,0,GPU-93ae0c7f-c327-aee3-adae-bc0d1dae71ea,0.29,0.4605113173750204,12282.0,6355.0,551.61,NVIDIA GeForce RTX 4070,[N/A],Enabled,Enabled
1709653351.627576,0,GPU-93ae0c7f-c327-aee3-adae-bc0d1dae71ea,0.28,0.45570753948868264,12282.0,6414.0,551.61,NVIDIA GeForce RTX 4070,[N/A],Enabled,Enabled
1709653352.627566,0,GPU-93ae0c7f-c327-aee3-adae-bc0d1dae71ea,0.28,0.45570753948868264,12282.0,6414.0,551.61,NVIDIA GeForce RTX 4070,[N/A],Enabled,Enabled
1709653353.627392,0,GPU-93ae0c7f-c327-aee3-adae-bc0d1dae71ea,0.28,0.45570753948868264,12282.0,6414.0,551.61,NVIDIA GeForce RTX 4070,[N/A],Enabled,Enabled
1709653354.627669,0,GPU-93ae0c7f-c327-aee3-adae-bc0d1dae71ea,0.29,0.45570753948868264,12282.0,6414.0,551.61,NVIDIA GeForce RTX 4070,[N/A],Enabled,Enabled
1709653355.627231,0,GPU-93ae0c7f-c327-aee3-adae-bc0d1dae71ea,0.28,0.45570753948868264,12282.0,6414.0,551.61,NVIDIA GeForce RTX 4070,[N/A],Enabled,Enabled
1709653356.628216,0,GPU-93ae0c7f-c327-aee3-adae-bc0d1dae71ea,0.29,0.45570753948868264,12282.0,6414.0,551.61,NVIDIA GeForce RTX 4070,[N/A],Enabled,Enabled
1709653357.627727,0,GPU-93ae0c7f-c327-aee3-adae-bc0d1dae71ea,0.28,0.45570753948868264,12282.0,6414.0,551.61,NVIDIA GeForce RTX 4070,[N/A],Enabled,Enabled
1709653358.627516,0,GPU-93ae0c7f-c327-aee3-adae-bc0d1dae71ea,0.29,0.45570753948868264,12282.0,6414.0,551.61,NVIDIA GeForce RTX 4070,[N/A],Enabled,Enabled
1709653359.627803,0,GPU-93ae0c7f-c327-aee3-adae-bc0d1dae71ea,0.29,0.45570753948868264,12282.0,6414.0,551.61,NVIDIA GeForce RTX 4070,[N/A],Enabled,Enabled
1709653360.62756,0,GPU-93ae0c7f-c327-aee3-adae-bc0d1dae71ea,0.3,0.45570753948868264,12282.0,6414.0,551.61,NVIDIA GeForce RTX 4070,[N/A],Enabled,Enabled
1709653361.628485,0,GPU-93ae0c7f-c327-aee3-adae-bc0d1dae71ea,0.29,0.45570753948868264,12282.0,6414.0,551.61,NVIDIA GeForce RTX 4070,[N/A],Enabled,Enabled
1709653362.627494,0,GPU-93ae0c7f-c327-aee3-adae-bc0d1dae71ea,0.3,0.45570753948868264,12282.0,6414.0,551.61,NVIDIA GeForce RTX 4070,[N/A],Enabled,Enabled
1709653363.627614,0,GPU-93ae0c7f-c327-aee3-adae-bc0d1dae71ea,0.29,0.45570753948868264,12282.0,6414.0,551.61,NVIDIA GeForce RTX 4070,[N/A],Enabled,Enabled
1709653364.627974,0,GPU-93ae0c7f-c327-aee3-adae-bc0d1dae71ea,0.3,0.45570753948868264,12282.0,6414.0,551.61,NVIDIA GeForce RTX 4070,[N/A],Enabled,Enabled
1709653365.628048,0,GPU-93ae0c7f-c327-aee3-adae-bc0d1dae71ea,0.29,0.45570753948868264,12282.0,6414.0,551.61,NVIDIA GeForce RTX 4070,[N/A],Enabled,Enabled
1709653366.627765,0,GPU-93ae0c7f-c327-aee3-adae-bc0d1dae71ea,0.3,0.45570753948868264,12282.0,6414.0,551.61,NVIDIA GeForce RTX 4070,[N/A],Enabled,Enabled
1709653367.628154,0,GPU-93ae0c7f-c327-aee3-adae-bc0d1dae71ea,0.29,0.45570753948868264,12282.0,6414.0,551.61,NVIDIA GeForce RTX 4070,[N/A],Enabled,Enabled
1709653368.627606,0,GPU-93ae0c7f-c327-aee3-adae-bc0d1dae71ea,0.3,0.45570753948868264,12282.0,6414.0,551.61,NVIDIA GeForce RTX 4070,[N/A],Enabled,Enabled
1709653369.627877,0,GPU-93ae0c7f-c327-aee3-adae-bc0d1dae71ea,0.29,0.45570753948868264,12282.0,6414.0,551.61,NVIDIA GeForce RTX 4070,[N/A],Enabled,Enabled
1709653370.627317,0,GPU-93ae0c7f-c327-aee3-adae-bc0d1dae71ea,0.31,0.45570753948868264,12282.0,6414.0,551.61,NVIDIA GeForce RTX 4070,[N/A],Enabled,Enabled
1709653371.628158,0,GPU-93ae0c7f-c327-aee3-adae-bc0d1dae71ea,0.3,0.45570753948868264,12282.0,6414.0,551.61,NVIDIA GeForce RTX 4070,[N/A],Enabled,Enabled
1709653372.628178,0,GPU-93ae0c7f-c327-aee3-adae-bc0d1dae71ea,0.11,0.2582641263637844,12282.0,8839.0,551.61,NVIDIA GeForce RTX 4070,[N/A],Enabled,Enabled
1709653373.62701,0,GPU-93ae0c7f-c327-aee3-adae-bc0d1dae71ea,0.16,0.2582641263637844,12282.0,8839.0,551.61,NVIDIA GeForce RTX 4070,[N/A],Enabled,Enabled
1709653374.628208,0,GPU-93ae0c7f-c327-aee3-adae-bc0d1dae71ea,0.15,0.2582641263637844,12282.0,8839.0,551.61,NVIDIA GeForce RTX 4070,[N/A],Enabled,Enabled
1709653375.627829,0,GPU-93ae0c7f-c327-aee3-adae-bc0d1dae71ea,0.15,0.2582641263637844,12282.0,8839.0,551.61,NVIDIA GeForce RTX 4070,[N/A],Enabled,Enabled
