timestamp,id,uuid,load,memoryUtil,memoryTotal,memoryUsed,memoryFree,driver,name,serial,display_mode,display_active
1709653402.634645,0,GPU-93ae0c7f-c327-aee3-adae-bc0d1dae71ea,0.15,0.2582641263637844,12282.0,8839.0,551.61,NVIDIA GeForce RTX 4070,[N/A],Enabled,Enabled
1709653403.632127,0,GPU-93ae0c7f-c327-aee3-adae-bc0d1dae71ea,0.15,0.2582641263637844,12282.0,8839.0,551.61,NVIDIA GeForce RTX 4070,[N/A],Enabled,Enabled
1709653404.632059,0,GPU-93ae0c7f-c327-aee3-adae-bc0d1dae71ea,0.15,0.2582641263637844,12282.0,8839.0,551.61,NVIDIA GeForce RTX 4070,[N/A],Enabled,Enabled
1709653405.631856,0,GPU-93ae0c7f-c327-aee3-adae-bc0d1dae71ea,0.15,0.2582641263637844,12282.0,8839.0,551.61,NVIDIA GeForce RTX 4070,[N/A],Enabled,Enabled
1709653406.631634,0,GPU-93ae0c7f-c327-aee3-adae-bc0d1dae71ea,0.15,0.2582641263637844,12282.0,8839.0,551.61,NVIDIA GeForce RTX 4070,[N/A],Enabled,Enabled
1709653407.632212,0,GPU-93ae0c7f-c327-aee3-adae-bc0d1dae71ea,0.15,0.2582641263637844,12282.0,8839.0,551.61,NVIDIA GeForce RTX 4070,[N/A],Enabled,Enabled
1709653408.631475,0,GPU-93ae0c7f-c327-aee3-adae-bc0d1dae71ea,0.16,0.2582641263637844,12282.0,8839.0,551.61,NVIDIA GeForce RTX 4070,[N/A],Enabled,Enabled
1709653409.631457,0,GPU-93ae0c7f-c327-aee3-adae-bc0d1dae71ea,0.16,0.2582641263637844,12282.0,8839.0,551.61,NVIDIA GeForce RTX 4070,[N/A],Enabled,Enabled
1709653410.632475,0,GPU-93ae0c7f-c327-aee3-adae-bc0d1dae71ea,0.15,0.2582641263637844,12282.0,8839.0,551.61,NVIDIA GeForce RTX 4070,[N/A],Enabled,Enabled
1709653411.632206,0,GPU-93ae0c7f-c327-aee3-adae-bc0d1dae71ea,0.16,0.2582641263637844,12282.0,8839.0,551.61,NVIDIA GeForce RTX 4070,[N/A],Enabled,Enabled
1709653412.632367,0,GPU-93ae0c7f-c327-aee3-adae-bc0d1dae71ea,0.16,0.2582641263637844,12282.0,8839.0,551.61,NVIDIA GeForce RTX 4070,[N/A],Enabled,Enabled
1709653413.631197,0,GPU-93ae0c7f-c327-aee3-adae-bc0d1dae71ea,0.16,0.2582641263637844,12282.0,8839.0,551.61,NVIDIA GeForce RTX 4070,[N/A],Enabled,Enabled
1709653414.632138,0,GPU-93ae0c7f-c327-aee3-adae-bc0d1dae71ea,0.16,0.2582641263637844,12282.0,8839.0,551.61,NVIDIA GeForce RTX 4070,[N/A],Enabled,Enabled
1709653415.632202,0,GPU-93ae0c7f-c327-aee3-adae-bc0d1dae71ea,0.16,0.2582641263637844,12282.0,8839.0,551.61,NVIDIA GeForce RTX 4070,[N/A],Enabled,Enabled
1709653416.632271,0,GPU-93ae0c7f-c327-aee3-adae-bc0d1dae71ea,0.16,0.2582641263637844,12282.0,8839.0,551.61,NVIDIA GeForce RTX 4070,[N/A],Enabled,Enabled
1709653417.631675,0,GPU-93ae0c7f-c327-aee3-adae-bc0d1dae71ea,0.18,0.25639146718775446,12282.0,8862.0,551.61,NVIDIA GeForce RTX 4070,[N/A],Enabled,Enabled
1709653418.631719,0,GPU-93ae0c7f-c327-aee3-adae-bc0d1dae71ea,0.16,0.2587526461488357,12282.0,8833.0,551.61,NVIDIA GeForce RTX 4070,[N/A],Enabled,Enabled
1709653419.631909,0,GPU-93ae0c7f-c327-aee3-adae-bc0d1dae71ea,0.23,0.36793681810780005,12282.0,7492.0,551.61,NVIDIA GeForce RTX 4070,[N/A],Enabled,Enabled
1709653420.63186,0,GPU-93ae0c7f-c327-aee3-adae-bc0d1dae71ea,0.1,0.33284481354828205,12282.0,7923.0,551.61,NVIDIA GeForce RTX 4070,[N/A],Enabled,Enabled
1709653421.63161,0,GPU-93ae0c7f-c327-aee3-adae-bc0d1dae71ea,0.1,0.33276339358410684,12282.0,7924.0,551.61,NVIDIA GeForce RTX 4070,[N/A],Enabled,Enabled
1709653422.631888,0,GPU-93ae0c7f-c327-aee3-adae-bc0d1dae71ea,0.1,0.3326819736199316,12282.0,7925.0,551.61,NVIDIA GeForce RTX 4070,[N/A],Enabled,Enabled
1709653423.633009,0,GPU-93ae0c7f-c327-aee3-adae-bc0d1dae71ea,0.06,0.2598111056831135,12282.0,8820.0,551.61,NVIDIA GeForce RTX 4070,[N/A],Enabled,Enabled
1709653424.632048,0,GPU-93ae0c7f-c327-aee3-adae-bc0d1dae71ea,0.32,0.49413776257938447,12282.0,5942.0,551.61,NVIDIA GeForce RTX 4070,[N/A],Enabled,Enabled
1709653425.63202,0,GPU-93ae0c7f-c327-aee3-adae-bc0d1dae71ea,0.34,0.46099983716007165,12282.0,6349.0,551.61,NVIDIA GeForce RTX 4070,[N/A],Enabled,Enabled
1709653426.632012,0,GPU-93ae0c7f-c327-aee3-adae-bc0d1dae71ea,0.34,0.46099983716007165,12282.0,6349.0,551.61,NVIDIA GeForce RTX 4070,[N/A],Enabled,Enabled
1709653427.632934,0,GPU-93ae0c7f-c327-aee3-adae-bc0d1dae71ea,0.29,0.4562774792379091,12282.0,6407.0,551.61,NVIDIA GeForce RTX 4070,[N/A],Enabled,Enabled
1709653428.631971,0,GPU-93ae0c7f-c327-aee3-adae-bc0d1dae71ea,0.3,0.4562774792379091,12282.0,6407.0,551.61,NVIDIA GeForce RTX 4070,[N/A],Enabled,Enabled
1709653429.632773,0,GPU-93ae0c7f-c327-aee3-adae-bc0d1dae71ea,0.3,0.4562774792379091,12282.0,6407.0,551.61,NVIDIA GeForce RTX 4070,[N/A],Enabled,Enabled
1709653430.632041,0,GPU-93ae0c7f-c327-aee3-adae-bc0d1dae71ea,0.35,0.46099983716007165,12282.0,6349.0,551.61,NVIDIA GeForce RTX 4070,[N/A],Enabled,Enabled
1709653431.632617,0,GPU-93ae0c7f-c327-aee3-adae-bc0d1dae71ea,0.12,0.5737664875427455,12282.0,4964.0,551.61,NVIDIA GeForce RTX 4070,[N/A],Enabled,Enabled
1709653432.632269,0,GPU-93ae0c7f-c327-aee3-adae-bc0d1dae71ea,0.31,0.4618140368018238,12282.0,6339.0,551.61,NVIDIA GeForce RTX 4070,[N/A],Enabled,Enabled
1709653433.631977,0,GPU-93ae0c7f-c327-aee3-adae-bc0d1dae71ea,0.28,0.4570916788796613,12282.0,6397.0,551.61,NVIDIA GeForce RTX 4070,[N/A],Enabled,Enabled
1709653434.632267,0,GPU-93ae0c7f-c327-aee3-adae-bc0d1dae71ea,0.28,0.4570916788796613,12282.0,6397.0,551.61,NVIDIA GeForce RTX 4070,[N/A],Enabled,Enabled
1709653435.632233,0,GPU-93ae0c7f-c327-aee3-adae-bc0d1dae71ea,0.23,0.4618140368018238,12282.0,6339.0,551.61,NVIDIA GeForce RTX 4070,[N/A],Enabled,Enabled
1709653436.631978,0,GPU-93ae0c7f-c327-aee3-adae-bc0d1dae71ea,0.3,0.4571730988438365,12282.0,6396.0,551.61,NVIDIA GeForce RTX 4070,[N/A],Enabled,Enabled
1709653437.631675,0,GPU-93ae0c7f-c327-aee3-adae-bc0d1dae71ea,0.32,0.4618140368018238,12282.0,6339.0,551.61,NVIDIA GeForce RTX 4070,[N/A],Enabled,Enabled
1709653438.632223,0,GPU-93ae0c7f-c327-aee3-adae-bc0d1dae71ea,0.33,0.4618140368018238,12282.0,6339.0,551.61,NVIDIA GeForce RTX 4070,[N/A],Enabled,Enabled
1709653439.632561,0,GPU-93ae0c7f-c327-aee3-adae-bc0d1dae71ea,0.29,0.4571730988438365,12282.0,6396.0,551.61,NVIDIA GeForce RTX 4070,[N/A],Enabled,Enabled
1709653440.632086,0,GPU-93ae0c7f-c327-aee3-adae-bc0d1dae71ea,0.32,0.461895456765999,12282.0,6338.0,551.61,NVIDIA GeForce RTX 4070,[N/A],Enabled,Enabled
1709653441.632312,0,GPU-93ae0c7f-c327-aee3-adae-bc0d1dae71ea,0.32,0.461895456765999,12282.0,6338.0,551.61,NVIDIA GeForce RTX 4070,[N/A],Enabled,Enabled
1709653442.631667,0,GPU-93ae0c7f-c327-aee3-adae-bc0d1dae71ea,0.29,0.4571730988438365,12282.0,6396.0,551.61,NVIDIA GeForce RTX 4070,[N/A],Enabled,Enabled
1709653443.632501,0,GPU-93ae0c7f-c327-aee3-adae-bc0d1dae71ea,0.29,0.4571730988438365,12282.0,6396.0,551.61,NVIDIA GeForce RTX 4070,[N/A],Enabled,Enabled
1709653444.632333,0,GPU-93ae0c7f-c327-aee3-adae-bc0d1dae71ea,0.3,0.4571730988438365,12282.0,6396.0,551.61,NVIDIA GeForce RTX 4070,[N/A],Enabled,Enabled
1709653445.63205,0,GPU-93ae0c7f-c327-aee3-adae-bc0d1dae71ea,0.32,0.461895456765999,12282.0,6338.0,551.61,NVIDIA GeForce RTX 4070,[N/A],Enabled,Enabled
1709653446.632553,0,GPU-93ae0c7f-c327-aee3-adae-bc0d1dae71ea,0.3,0.461895456765999,12282.0,6338.0,551.61,NVIDIA GeForce RTX 4070,[N/A],Enabled,Enabled
1709653447.631697,0,GPU-93ae0c7f-c327-aee3-adae-bc0d1dae71ea,0.27,0.4592085979482169,12282.0,6371.0,551.61,NVIDIA GeForce RTX 4070,[N/A],Enabled,Enabled
1709653448.631542,0,GPU-93ae0c7f-c327-aee3-adae-bc0d1dae71ea,0.36,0.46564077511805896,12282.0,6292.0,551.61,NVIDIA GeForce RTX 4070,[N/A],Enabled,Enabled
1709653449.63165,0,GPU-93ae0c7f-c327-aee3-adae-bc0d1dae71ea,0.41,0.46564077511805896,12282.0,6292.0,551.61,NVIDIA GeForce RTX 4070,[N/A],Enabled,Enabled
1709653450.632316,0,GPU-93ae0c7f-c327-aee3-adae-bc0d1dae71ea,0.37,0.46564077511805896,12282.0,6292.0,551.61,NVIDIA GeForce RTX 4070,[N/A],Enabled,Enabled
1709653451.63201,0,GPU-93ae0c7f-c327-aee3-adae-bc0d1dae71ea,0.36,0.46564077511805896,12282.0,6292.0,551.61,NVIDIA GeForce RTX 4070,[N/A],Enabled,Enabled
1709653452.631628,0,GPU-93ae0c7f-c327-aee3-adae-bc0d1dae71ea,0.38,0.46555935515388375,12282.0,6293.0,551.61,NVIDIA GeForce RTX 4070,[N/A],Enabled,Enabled
1709653453.631565,0,GPU-93ae0c7f-c327-aee3-adae-bc0d1dae71ea,0.36,0.46555935515388375,12282.0,6293.0,551.61,NVIDIA GeForce RTX 4070,[N/A],Enabled,Enabled
1709653454.63235,0,GPU-93ae0c7f-c327-aee3-adae-bc0d1dae71ea,0.36,0.46547793518970854,12282.0,6294.0,551.61,NVIDIA GeForce RTX 4070,[N/A],Enabled,Enabled
1709653455.63156,0,GPU-93ae0c7f-c327-aee3-adae-bc0d1dae71ea,0.36,0.46547793518970854,12282.0,6294.0,551.61,NVIDIA GeForce RTX 4070,[N/A],Enabled,Enabled
1709653456.631926,0,GPU-93ae0c7f-c327-aee3-adae-bc0d1dae71ea,0.37,0.46547793518970854,12282.0,6294.0,551.61,NVIDIA GeForce RTX 4070,[N/A],Enabled,Enabled
1709653457.63247,0,GPU-93ae0c7f-c327-aee3-adae-bc0d1dae71ea,0.37,0.46547793518970854,12282.0,6294.0,551.61,NVIDIA GeForce RTX 4070,[N/A],Enabled,Enabled
1709653458.631864,0,GPU-93ae0c7f-c327-aee3-adae-bc0d1dae71ea,0.36,0.46547793518970854,12282.0,6294.0,551.61,NVIDIA GeForce RTX 4070,[N/A],Enabled,Enabled
1709653459.631892,0,GPU-93ae0c7f-c327-aee3-adae-bc0d1dae71ea,0.41,0.46547793518970854,12282.0,6294.0,551.61,NVIDIA GeForce RTX 4070,[N/A],Enabled,Enabled
1709653460.63201,0,GPU-93ae0c7f-c327-aee3-adae-bc0d1dae71ea,0.36,0.46547793518970854,12282.0,6294.0,551.61,NVIDIA GeForce RTX 4070,[N/A],Enabled,Enabled
1709653461.6324,0,GPU-93ae0c7f-c327-aee3-adae-bc0d1dae71ea,0.37,0.46547793518970854,12282.0,6294.0,551.61,NVIDIA GeForce RTX 4070,[N/A],Enabled,Enabled
1709653462.632579,0,GPU-93ae0c7f-c327-aee3-adae-bc0d1dae71ea,0.36,0.46547793518970854,12282.0,6294.0,551.61,NVIDIA GeForce RTX 4070,[N/A],Enabled,Enabled
1709653463.631718,0,GPU-93ae0c7f-c327-aee3-adae-bc0d1dae71ea,0.41,0.46547793518970854,12282.0,6294.0,551.61,NVIDIA GeForce RTX 4070,[N/A],Enabled,Enabled
1709653464.63209,0,GPU-93ae0c7f-c327-aee3-adae-bc0d1dae71ea,0.38,0.46547793518970854,12282.0,6294.0,551.61,NVIDIA GeForce RTX 4070,[N/A],Enabled,Enabled
1709653465.631669,0,GPU-93ae0c7f-c327-aee3-adae-bc0d1dae71ea,0.39,0.46547793518970854,12282.0,6294.0,551.61,NVIDIA GeForce RTX 4070,[N/A],Enabled,Enabled
1709653466.632336,0,GPU-93ae0c7f-c327-aee3-adae-bc0d1dae71ea,0.38,0.46547793518970854,12282.0,6294.0,551.61,NVIDIA GeForce RTX 4070,[N/A],Enabled,Enabled
1709653467.631478,0,GPU-93ae0c7f-c327-aee3-adae-bc0d1dae71ea,0.37,0.46547793518970854,12282.0,6294.0,551.61,NVIDIA GeForce RTX 4070,[N/A],Enabled,Enabled
1709653468.632094,0,GPU-93ae0c7f-c327-aee3-adae-bc0d1dae71ea,0.4,0.46547793518970854,12282.0,6294.0,551.61,NVIDIA GeForce RTX 4070,[N/A],Enabled,Enabled
1709653469.632125,0,GPU-93ae0c7f-c327-aee3-adae-bc0d1dae71ea,0.36,0.46547793518970854,12282.0,6294.0,551.61,NVIDIA GeForce RTX 4070,[N/A],Enabled,Enabled
1709653470.632415,0,GPU-93ae0c7f-c327-aee3-adae-bc0d1dae71ea,0.38,0.46547793518970854,12282.0,6294.0,551.61,NVIDIA GeForce RTX 4070,[N/A],Enabled,Enabled
1709653471.631725,0,GPU-93ae0c7f-c327-aee3-adae-bc0d1dae71ea,0.39,0.46547793518970854,12282.0,6294.0,551.61,NVIDIA GeForce RTX 4070,[N/A],Enabled,Enabled
1709653472.631259,0,GPU-93ae0c7f-c327-aee3-adae-bc0d1dae71ea,0.39,0.46547793518970854,12282.0,6294.0,551.61,NVIDIA GeForce RTX 4070,[N/A],Enabled,Enabled
1709653473.632757,0,GPU-93ae0c7f-c327-aee3-adae-bc0d1dae71ea,0.39,0.46547793518970854,12282.0,6294.0,551.61,NVIDIA GeForce RTX 4070,[N/A],Enabled,Enabled
1709653474.632217,0,GPU-93ae0c7f-c327-aee3-adae-bc0d1dae71ea,0.38,0.46547793518970854,12282.0,6294.0,551.61,NVIDIA GeForce RTX 4070,[N/A],Enabled,Enabled
1709653475.631974,0,GPU-93ae0c7f-c327-aee3-adae-bc0d1dae71ea,0.4,0.46547793518970854,12282.0,6294.0,551.61,NVIDIA GeForce RTX 4070,[N/A],Enabled,Enabled
1709653476.632492,0,GPU-93ae0c7f-c327-aee3-adae-bc0d1dae71ea,0.39,0.46547793518970854,12282.0,6294.0,551.61,NVIDIA GeForce RTX 4070,[N/A],Enabled,Enabled
1709653477.631988,0,GPU-93ae0c7f-c327-aee3-adae-bc0d1dae71ea,0.39,0.46547793518970854,12282.0,6294.0,551.61,NVIDIA GeForce RTX 4070,[N/A],Enabled,Enabled
1709653478.631798,0,GPU-93ae0c7f-c327-aee3-adae-bc0d1dae71ea,0.39,0.46547793518970854,12282.0,6294.0,551.61,NVIDIA GeForce RTX 4070,[N/A],Enabled,Enabled
1709653479.631522,0,GPU-93ae0c7f-c327-aee3-adae-bc0d1dae71ea,0.37,0.46547793518970854,12282.0,6294.0,551.61,NVIDIA GeForce RTX 4070,[N/A],Enabled,Enabled
1709653480.632389,0,GPU-93ae0c7f-c327-aee3-adae-bc0d1dae71ea,0.39,0.46547793518970854,12282.0,6294.0,551.61,NVIDIA GeForce RTX 4070,[N/A],Enabled,Enabled
1709653481.632778,0,GPU-93ae0c7f-c327-aee3-adae-bc0d1dae71ea,0.4,0.4653965152255333,12282.0,6295.0,551.61,NVIDIA GeForce RTX 4070,[N/A],Enabled,Enabled
1709653482.631513,0,GPU-93ae0c7f-c327-aee3-adae-bc0d1dae71ea,0.37,0.4653965152255333,12282.0,6295.0,551.61,NVIDIA GeForce RTX 4070,[N/A],Enabled,Enabled
1709653483.632173,0,GPU-93ae0c7f-c327-aee3-adae-bc0d1dae71ea,0.37,0.4653965152255333,12282.0,6295.0,551.61,NVIDIA GeForce RTX 4070,[N/A],Enabled,Enabled
1709653484.631818,0,GPU-93ae0c7f-c327-aee3-adae-bc0d1dae71ea,0.36,0.4653965152255333,12282.0,6295.0,551.61,NVIDIA GeForce RTX 4070,[N/A],Enabled,Enabled
1709653485.631905,0,GPU-93ae0c7f-c327-aee3-adae-bc0d1dae71ea,0.37,0.4653965152255333,12282.0,6295.0,551.61,NVIDIA GeForce RTX 4070,[N/A],Enabled,Enabled
1709653486.632005,0,GPU-93ae0c7f-c327-aee3-adae-bc0d1dae71ea,0.38,0.4653965152255333,12282.0,6295.0,551.61,NVIDIA GeForce RTX 4070,[N/A],Enabled,Enabled
1709653487.632561,0,GPU-93ae0c7f-c327-aee3-adae-bc0d1dae71ea,0.39,0.4653965152255333,12282.0,6295.0,551.61,NVIDIA GeForce RTX 4070,[N/A],Enabled,Enabled
1709653488.632301,0,GPU-93ae0c7f-c327-aee3-adae-bc0d1dae71ea,0.39,0.4653965152255333,12282.0,6295.0,551.61,NVIDIA GeForce RTX 4070,[N/A],Enabled,Enabled
1709653489.632484,0,GPU-93ae0c7f-c327-aee3-adae-bc0d1dae71ea,0.38,0.4653965152255333,12282.0,6295.0,551.61,NVIDIA GeForce RTX 4070,[N/A],Enabled,Enabled
1709653490.632224,0,GPU-93ae0c7f-c327-aee3-adae-bc0d1dae71ea,0.38,0.4653965152255333,12282.0,6295.0,551.61,NVIDIA GeForce RTX 4070,[N/A],Enabled,Enabled
1709653491.632267,0,GPU-93ae0c7f-c327-aee3-adae-bc0d1dae71ea,0.38,0.4653965152255333,12282.0,6295.0,551.61,NVIDIA GeForce RTX 4070,[N/A],Enabled,Enabled
1709653492.631442,0,GPU-93ae0c7f-c327-aee3-adae-bc0d1dae71ea,0.39,0.4653965152255333,12282.0,6295.0,551.61,NVIDIA GeForce RTX 4070,[N/A],Enabled,Enabled
1709653493.631872,0,GPU-93ae0c7f-c327-aee3-adae-bc0d1dae71ea,0.4,0.4653965152255333,12282.0,6295.0,551.61,NVIDIA GeForce RTX 4070,[N/A],Enabled,Enabled
1709653494.631681,0,GPU-93ae0c7f-c327-aee3-adae-bc0d1dae71ea,0.37,0.4653965152255333,12282.0,6295.0,551.61,NVIDIA GeForce RTX 4070,[N/A],Enabled,Enabled
1709653495.632087,0,GPU-93ae0c7f-c327-aee3-adae-bc0d1dae71ea,0.38,0.4653965152255333,12282.0,6295.0,551.61,NVIDIA GeForce RTX 4070,[N/A],Enabled,Enabled
1709653496.631771,0,GPU-93ae0c7f-c327-aee3-adae-bc0d1dae71ea,0.38,0.4653965152255333,12282.0,6295.0,551.61,NVIDIA GeForce RTX 4070,[N/A],Enabled,Enabled
1709653497.632985,0,GPU-93ae0c7f-c327-aee3-adae-bc0d1dae71ea,0.41,0.4653965152255333,12282.0,6295.0,551.61,NVIDIA GeForce RTX 4070,[N/A],Enabled,Enabled
1709653498.632451,0,GPU-93ae0c7f-c327-aee3-adae-bc0d1dae71ea,0.36,0.4653965152255333,12282.0,6295.0,551.61,NVIDIA GeForce RTX 4070,[N/A],Enabled,Enabled
1709653499.632269,0,GPU-93ae0c7f-c327-aee3-adae-bc0d1dae71ea,0.4,0.4653965152255333,12282.0,6295.0,551.61,NVIDIA GeForce RTX 4070,[N/A],Enabled,Enabled
1709653500.632431,0,GPU-93ae0c7f-c327-aee3-adae-bc0d1dae71ea,0.39,0.4653965152255333,12282.0,6295.0,551.61,NVIDIA GeForce RTX 4070,[N/A],Enabled,Enabled
1709653501.631788,0,GPU-93ae0c7f-c327-aee3-adae-bc0d1dae71ea,0.4,0.4653965152255333,12282.0,6295.0,551.61,NVIDIA GeForce RTX 4070,[N/A],Enabled,Enabled
1709653502.631351,0,GPU-93ae0c7f-c327-aee3-adae-bc0d1dae71ea,0.39,0.4653965152255333,12282.0,6295.0,551.61,NVIDIA GeForce RTX 4070,[N/A],Enabled,Enabled
1709653503.631801,0,GPU-93ae0c7f-c327-aee3-adae-bc0d1dae71ea,0.41,0.4653965152255333,12282.0,6295.0,551.61,NVIDIA GeForce RTX 4070,[N/A],Enabled,Enabled
1709653504.632818,0,GPU-93ae0c7f-c327-aee3-adae-bc0d1dae71ea,0.36,0.4653965152255333,12282.0,6295.0,551.61,NVIDIA GeForce RTX 4070,[N/A],Enabled,Enabled
1709653505.632395,0,GPU-93ae0c7f-c327-aee3-adae-bc0d1dae71ea,0.36,0.4653965152255333,12282.0,6295.0,551.61,NVIDIA GeForce RTX 4070,[N/A],Enabled,Enabled
1709653506.631662,0,GPU-93ae0c7f-c327-aee3-adae-bc0d1dae71ea,0.38,0.4653965152255333,12282.0,6295.0,551.61,NVIDIA GeForce RTX 4070,[N/A],Enabled,Enabled
1709653507.632024,0,GPU-93ae0c7f-c327-aee3-adae-bc0d1dae71ea,0.38,0.4653965152255333,12282.0,6295.0,551.61,NVIDIA GeForce RTX 4070,[N/A],Enabled,Enabled
1709653508.631936,0,GPU-93ae0c7f-c327-aee3-adae-bc0d1dae71ea,0.37,0.4653965152255333,12282.0,6295.0,551.61,NVIDIA GeForce RTX 4070,[N/A],Enabled,Enabled
1709653509.632641,0,GPU-93ae0c7f-c327-aee3-adae-bc0d1dae71ea,0.41,0.4653965152255333,12282.0,6295.0,551.61,NVIDIA GeForce RTX 4070,[N/A],Enabled,Enabled
1709653510.633008,0,GPU-93ae0c7f-c327-aee3-adae-bc0d1dae71ea,0.35,0.4653965152255333,12282.0,6295.0,551.61,NVIDIA GeForce RTX 4070,[N/A],Enabled,Enabled
1709653511.632276,0,GPU-93ae0c7f-c327-aee3-adae-bc0d1dae71ea,0.4,0.4653965152255333,12282.0,6295.0,551.61,NVIDIA GeForce RTX 4070,[N/A],Enabled,Enabled
1709653512.631855,0,GPU-93ae0c7f-c327-aee3-adae-bc0d1dae71ea,0.38,0.4653965152255333,12282.0,6295.0,551.61,NVIDIA GeForce RTX 4070,[N/A],Enabled,Enabled
1709653513.632209,0,GPU-93ae0c7f-c327-aee3-adae-bc0d1dae71ea,0.39,0.4653965152255333,12282.0,6295.0,551.61,NVIDIA GeForce RTX 4070,[N/A],Enabled,Enabled
1709653514.631647,0,GPU-93ae0c7f-c327-aee3-adae-bc0d1dae71ea,0.39,0.4653965152255333,12282.0,6295.0,551.61,NVIDIA GeForce RTX 4070,[N/A],Enabled,Enabled
1709653515.631785,0,GPU-93ae0c7f-c327-aee3-adae-bc0d1dae71ea,0.39,0.4653965152255333,12282.0,6295.0,551.61,NVIDIA GeForce RTX 4070,[N/A],Enabled,Enabled
1709653516.632156,0,GPU-93ae0c7f-c327-aee3-adae-bc0d1dae71ea,0.4,0.4653965152255333,12282.0,6295.0,551.61,NVIDIA GeForce RTX 4070,[N/A],Enabled,Enabled
1709653517.632413,0,GPU-93ae0c7f-c327-aee3-adae-bc0d1dae71ea,0.37,0.4653965152255333,12282.0,6295.0,551.61,NVIDIA GeForce RTX 4070,[N/A],Enabled,Enabled
1709653518.632247,0,GPU-93ae0c7f-c327-aee3-adae-bc0d1dae71ea,0.38,0.4653965152255333,12282.0,6295.0,551.61,NVIDIA GeForce RTX 4070,[N/A],Enabled,Enabled
1709653519.632087,0,GPU-93ae0c7f-c327-aee3-adae-bc0d1dae71ea,0.37,0.4653965152255333,12282.0,6295.0,551.61,NVIDIA GeForce RTX 4070,[N/A],Enabled,Enabled
1709653520.632201,0,GPU-93ae0c7f-c327-aee3-adae-bc0d1dae71ea,0.36,0.4653965152255333,12282.0,6295.0,551.61,NVIDIA GeForce RTX 4070,[N/A],Enabled,Enabled
1709653521.631817,0,GPU-93ae0c7f-c327-aee3-adae-bc0d1dae71ea,0.38,0.4653965152255333,12282.0,6295.0,551.61,NVIDIA GeForce RTX 4070,[N/A],Enabled,Enabled
1709653522.632369,0,GPU-93ae0c7f-c327-aee3-adae-bc0d1dae71ea,0.35,0.4653965152255333,12282.0,6295.0,551.61,NVIDIA GeForce RTX 4070,[N/A],Enabled,Enabled
1709653523.631517,0,GPU-93ae0c7f-c327-aee3-adae-bc0d1dae71ea,0.39,0.4653965152255333,12282.0,6295.0,551.61,NVIDIA GeForce RTX 4070,[N/A],Enabled,Enabled
1709653524.632281,0,GPU-93ae0c7f-c327-aee3-adae-bc0d1dae71ea,0.39,0.4653965152255333,12282.0,6295.0,551.61,NVIDIA GeForce RTX 4070,[N/A],Enabled,Enabled
1709653525.631813,0,GPU-93ae0c7f-c327-aee3-adae-bc0d1dae71ea,0.39,0.4653965152255333,12282.0,6295.0,551.61,NVIDIA GeForce RTX 4070,[N/A],Enabled,Enabled
1709653526.631647,0,GPU-93ae0c7f-c327-aee3-adae-bc0d1dae71ea,0.36,0.4653965152255333,12282.0,6295.0,551.61,NVIDIA GeForce RTX 4070,[N/A],Enabled,Enabled
1709653527.631519,0,GPU-93ae0c7f-c327-aee3-adae-bc0d1dae71ea,0.39,0.4653965152255333,12282.0,6295.0,551.61,NVIDIA GeForce RTX 4070,[N/A],Enabled,Enabled
1709653528.631544,0,GPU-93ae0c7f-c327-aee3-adae-bc0d1dae71ea,0.38,0.4653965152255333,12282.0,6295.0,551.61,NVIDIA GeForce RTX 4070,[N/A],Enabled,Enabled
1709653529.632889,0,GPU-93ae0c7f-c327-aee3-adae-bc0d1dae71ea,0.35,0.4653965152255333,12282.0,6295.0,551.61,NVIDIA GeForce RTX 4070,[N/A],Enabled,Enabled
1709653530.631602,0,GPU-93ae0c7f-c327-aee3-adae-bc0d1dae71ea,0.36,0.4653965152255333,12282.0,6295.0,551.61,NVIDIA GeForce RTX 4070,[N/A],Enabled,Enabled
1709653531.631951,0,GPU-93ae0c7f-c327-aee3-adae-bc0d1dae71ea,0.4,0.4653965152255333,12282.0,6295.0,551.61,NVIDIA GeForce RTX 4070,[N/A],Enabled,Enabled
1709653532.632844,0,GPU-93ae0c7f-c327-aee3-adae-bc0d1dae71ea,0.36,0.4653965152255333,12282.0,6295.0,551.61,NVIDIA GeForce RTX 4070,[N/A],Enabled,Enabled
1709653533.632064,0,GPU-93ae0c7f-c327-aee3-adae-bc0d1dae71ea,0.36,0.4653965152255333,12282.0,6295.0,551.61,NVIDIA GeForce RTX 4070,[N/A],Enabled,Enabled
1709653534.632019,0,GPU-93ae0c7f-c327-aee3-adae-bc0d1dae71ea,0.34,0.4653965152255333,12282.0,6295.0,551.61,NVIDIA GeForce RTX 4070,[N/A],Enabled,Enabled
1709653535.632357,0,GPU-93ae0c7f-c327-aee3-adae-bc0d1dae71ea,0.38,0.4653965152255333,12282.0,6295.0,551.61,NVIDIA GeForce RTX 4070,[N/A],Enabled,Enabled
1709653536.63194,0,GPU-93ae0c7f-c327-aee3-adae-bc0d1dae71ea,0.35,0.4653965152255333,12282.0,6295.0,551.61,NVIDIA GeForce RTX 4070,[N/A],Enabled,Enabled
1709653537.632213,0,GPU-93ae0c7f-c327-aee3-adae-bc0d1dae71ea,0.37,0.4653965152255333,12282.0,6295.0,551.61,NVIDIA GeForce RTX 4070,[N/A],Enabled,Enabled
1709653538.632497,0,GPU-93ae0c7f-c327-aee3-adae-bc0d1dae71ea,0.38,0.4653965152255333,12282.0,6295.0,551.61,NVIDIA GeForce RTX 4070,[N/A],Enabled,Enabled
1709653539.63236,0,GPU-93ae0c7f-c327-aee3-adae-bc0d1dae71ea,0.36,0.4653965152255333,12282.0,6295.0,551.61,NVIDIA GeForce RTX 4070,[N/A],Enabled,Enabled
1709653540.631659,0,GPU-93ae0c7f-c327-aee3-adae-bc0d1dae71ea,0.39,0.4653965152255333,12282.0,6295.0,551.61,NVIDIA GeForce RTX 4070,[N/A],Enabled,Enabled
1709653541.631715,0,GPU-93ae0c7f-c327-aee3-adae-bc0d1dae71ea,0.38,0.4653965152255333,12282.0,6295.0,551.61,NVIDIA GeForce RTX 4070,[N/A],Enabled,Enabled
1709653542.632937,0,GPU-93ae0c7f-c327-aee3-adae-bc0d1dae71ea,0.36,0.4653965152255333,12282.0,6295.0,551.61,NVIDIA GeForce RTX 4070,[N/A],Enabled,Enabled
1709653543.631822,0,GPU-93ae0c7f-c327-aee3-adae-bc0d1dae71ea,0.41,0.4653965152255333,12282.0,6295.0,551.61,NVIDIA GeForce RTX 4070,[N/A],Enabled,Enabled
1709653544.632399,0,GPU-93ae0c7f-c327-aee3-adae-bc0d1dae71ea,0.37,0.4653965152255333,12282.0,6295.0,551.61,NVIDIA GeForce RTX 4070,[N/A],Enabled,Enabled
1709653545.632043,0,GPU-93ae0c7f-c327-aee3-adae-bc0d1dae71ea,0.41,0.4653965152255333,12282.0,6295.0,551.61,NVIDIA GeForce RTX 4070,[N/A],Enabled,Enabled
1709653546.632226,0,GPU-93ae0c7f-c327-aee3-adae-bc0d1dae71ea,0.38,0.4653965152255333,12282.0,6295.0,551.61,NVIDIA GeForce RTX 4070,[N/A],Enabled,Enabled
1709653547.632438,0,GPU-93ae0c7f-c327-aee3-adae-bc0d1dae71ea,0.38,0.4653965152255333,12282.0,6295.0,551.61,NVIDIA GeForce RTX 4070,[N/A],Enabled,Enabled
1709653548.631745,0,GPU-93ae0c7f-c327-aee3-adae-bc0d1dae71ea,0.38,0.4653965152255333,12282.0,6295.0,551.61,NVIDIA GeForce RTX 4070,[N/A],Enabled,Enabled
1709653549.632062,0,GPU-93ae0c7f-c327-aee3-adae-bc0d1dae71ea,0.36,0.4653965152255333,12282.0,6295.0,551.61,NVIDIA GeForce RTX 4070,[N/A],Enabled,Enabled
1709653550.632116,0,GPU-93ae0c7f-c327-aee3-adae-bc0d1dae71ea,0.39,0.4653965152255333,12282.0,6295.0,551.61,NVIDIA GeForce RTX 4070,[N/A],Enabled,Enabled
1709653551.632563,0,GPU-93ae0c7f-c327-aee3-adae-bc0d1dae71ea,0.38,0.4653965152255333,12282.0,6295.0,551.61,NVIDIA GeForce RTX 4070,[N/A],Enabled,Enabled
1709653552.631899,0,GPU-93ae0c7f-c327-aee3-adae-bc0d1dae71ea,0.38,0.46547793518970854,12282.0,6294.0,551.61,NVIDIA GeForce RTX 4070,[N/A],Enabled,Enabled
1709653553.631459,0,GPU-93ae0c7f-c327-aee3-adae-bc0d1dae71ea,0.4,0.46547793518970854,12282.0,6294.0,551.61,NVIDIA GeForce RTX 4070,[N/A],Enabled,Enabled
1709653554.63178,0,GPU-93ae0c7f-c327-aee3-adae-bc0d1dae71ea,0.39,0.46547793518970854,12282.0,6294.0,551.61,NVIDIA GeForce RTX 4070,[N/A],Enabled,Enabled
1709653555.631533,0,GPU-93ae0c7f-c327-aee3-adae-bc0d1dae71ea,0.41,0.46547793518970854,12282.0,6294.0,551.61,NVIDIA GeForce RTX 4070,[N/A],Enabled,Enabled
1709653556.631862,0,GPU-93ae0c7f-c327-aee3-adae-bc0d1dae71ea,0.35,0.46547793518970854,12282.0,6294.0,551.61,NVIDIA GeForce RTX 4070,[N/A],Enabled,Enabled
1709653557.631766,0,GPU-93ae0c7f-c327-aee3-adae-bc0d1dae71ea,0.37,0.46547793518970854,12282.0,6294.0,551.61,NVIDIA GeForce RTX 4070,[N/A],Enabled,Enabled
1709653558.632128,0,GPU-93ae0c7f-c327-aee3-adae-bc0d1dae71ea,0.37,0.46547793518970854,12282.0,6294.0,551.61,NVIDIA GeForce RTX 4070,[N/A],Enabled,Enabled
1709653559.631734,0,GPU-93ae0c7f-c327-aee3-adae-bc0d1dae71ea,0.36,0.46547793518970854,12282.0,6294.0,551.61,NVIDIA GeForce RTX 4070,[N/A],Enabled,Enabled
1709653560.632013,0,GPU-93ae0c7f-c327-aee3-adae-bc0d1dae71ea,0.38,0.46547793518970854,12282.0,6294.0,551.61,NVIDIA GeForce RTX 4070,[N/A],Enabled,Enabled
1709653561.632173,0,GPU-93ae0c7f-c327-aee3-adae-bc0d1dae71ea,0.41,0.46531509526135806,12282.0,6296.0,551.61,NVIDIA GeForce RTX 4070,[N/A],Enabled,Enabled
1709653562.631515,0,GPU-93ae0c7f-c327-aee3-adae-bc0d1dae71ea,0.37,0.46531509526135806,12282.0,6296.0,551.61,NVIDIA GeForce RTX 4070,[N/A],Enabled,Enabled
1709653563.632591,0,GPU-93ae0c7f-c327-aee3-adae-bc0d1dae71ea,0.38,0.46531509526135806,12282.0,6296.0,551.61,NVIDIA GeForce RTX 4070,[N/A],Enabled,Enabled
1709653564.632085,0,GPU-93ae0c7f-c327-aee3-adae-bc0d1dae71ea,0.36,0.46531509526135806,12282.0,6296.0,551.61,NVIDIA GeForce RTX 4070,[N/A],Enabled,Enabled
1709653565.631529,0,GPU-93ae0c7f-c327-aee3-adae-bc0d1dae71ea,0.39,0.46531509526135806,12282.0,6296.0,551.61,NVIDIA GeForce RTX 4070,[N/A],Enabled,Enabled
1709653566.632023,0,GPU-93ae0c7f-c327-aee3-adae-bc0d1dae71ea,0.39,0.46531509526135806,12282.0,6296.0,551.61,NVIDIA GeForce RTX 4070,[N/A],Enabled,Enabled
1709653567.631595,0,GPU-93ae0c7f-c327-aee3-adae-bc0d1dae71ea,0.41,0.46531509526135806,12282.0,6296.0,551.61,NVIDIA GeForce RTX 4070,[N/A],Enabled,Enabled
1709653568.63207,0,GPU-93ae0c7f-c327-aee3-adae-bc0d1dae71ea,0.39,0.4661292949031102,12282.0,6287.0,551.61,NVIDIA GeForce RTX 4070,[N/A],Enabled,Enabled
1709653569.631636,0,GPU-93ae0c7f-c327-aee3-adae-bc0d1dae71ea,0.42,0.4661292949031102,12282.0,6287.0,551.61,NVIDIA GeForce RTX 4070,[N/A],Enabled,Enabled
1709653570.632092,0,GPU-93ae0c7f-c327-aee3-adae-bc0d1dae71ea,0.37,0.4661292949031102,12282.0,6287.0,551.61,NVIDIA GeForce RTX 4070,[N/A],Enabled,Enabled
1709653571.632385,0,GPU-93ae0c7f-c327-aee3-adae-bc0d1dae71ea,0.41,0.4661292949031102,12282.0,6287.0,551.61,NVIDIA GeForce RTX 4070,[N/A],Enabled,Enabled
1709653572.631914,0,GPU-93ae0c7f-c327-aee3-adae-bc0d1dae71ea,0.39,0.4661292949031102,12282.0,6287.0,551.61,NVIDIA GeForce RTX 4070,[N/A],Enabled,Enabled
1709653573.632285,0,GPU-93ae0c7f-c327-aee3-adae-bc0d1dae71ea,0.37,0.4661292949031102,12282.0,6287.0,551.61,NVIDIA GeForce RTX 4070,[N/A],Enabled,Enabled
1709653574.632124,0,GPU-93ae0c7f-c327-aee3-adae-bc0d1dae71ea,0.4,0.466047874938935,12282.0,6287.0,551.61,NVIDIA GeForce RTX 4070,[N/A],Enabled,Enabled
1709653575.631949,0,GPU-93ae0c7f-c327-aee3-adae-bc0d1dae71ea,0.38,0.466047874938935,12282.0,6287.0,551.61,NVIDIA GeForce RTX 4070,[N/A],Enabled,Enabled
1709653576.631512,0,GPU-93ae0c7f-c327-aee3-adae-bc0d1dae71ea,0.4,0.466047874938935,12282.0,6287.0,551.61,NVIDIA GeForce RTX 4070,[N/A],Enabled,Enabled
1709653577.632438,0,GPU-93ae0c7f-c327-aee3-adae-bc0d1dae71ea,0.41,0.46572219508223417,12282.0,6291.0,551.61,NVIDIA GeForce RTX 4070,[N/A],Enabled,Enabled
1709653578.631229,0,GPU-93ae0c7f-c327-aee3-adae-bc0d1dae71ea,0.4,0.46572219508223417,12282.0,6291.0,551.61,NVIDIA GeForce RTX 4070,[N/A],Enabled,Enabled
1709653579.631473,0,GPU-93ae0c7f-c327-aee3-adae-bc0d1dae71ea,0.39,0.46555935515388375,12282.0,6293.0,551.61,NVIDIA GeForce RTX 4070,[N/A],Enabled,Enabled
1709653580.631872,0,GPU-93ae0c7f-c327-aee3-adae-bc0d1dae71ea,0.41,0.46555935515388375,12282.0,6293.0,551.61,NVIDIA GeForce RTX 4070,[N/A],Enabled,Enabled
1709653581.631628,0,GPU-93ae0c7f-c327-aee3-adae-bc0d1dae71ea,0.43,0.46555935515388375,12282.0,6293.0,551.61,NVIDIA GeForce RTX 4070,[N/A],Enabled,Enabled
1709653582.631224,0,GPU-93ae0c7f-c327-aee3-adae-bc0d1dae71ea,0.39,0.46555935515388375,12282.0,6293.0,551.61,NVIDIA GeForce RTX 4070,[N/A],Enabled,Enabled
1709653583.631789,0,GPU-93ae0c7f-c327-aee3-adae-bc0d1dae71ea,0.4,0.46555935515388375,12282.0,6293.0,551.61,NVIDIA GeForce RTX 4070,[N/A],Enabled,Enabled
1709653584.631783,0,GPU-93ae0c7f-c327-aee3-adae-bc0d1dae71ea,0.39,0.46555935515388375,12282.0,6293.0,551.61,NVIDIA GeForce RTX 4070,[N/A],Enabled,Enabled
1709653585.631562,0,GPU-93ae0c7f-c327-aee3-adae-bc0d1dae71ea,0.38,0.46555935515388375,12282.0,6293.0,551.61,NVIDIA GeForce RTX 4070,[N/A],Enabled,Enabled
1709653586.632557,0,GPU-93ae0c7f-c327-aee3-adae-bc0d1dae71ea,0.4,0.46555935515388375,12282.0,6293.0,551.61,NVIDIA GeForce RTX 4070,[N/A],Enabled,Enabled
1709653587.631475,0,GPU-93ae0c7f-c327-aee3-adae-bc0d1dae71ea,0.43,0.46555935515388375,12282.0,6293.0,551.61,NVIDIA GeForce RTX 4070,[N/A],Enabled,Enabled
1709653588.631297,0,GPU-93ae0c7f-c327-aee3-adae-bc0d1dae71ea,0.4,0.46555935515388375,12282.0,6293.0,551.61,NVIDIA GeForce RTX 4070,[N/A],Enabled,Enabled
1709653589.632143,0,GPU-93ae0c7f-c327-aee3-adae-bc0d1dae71ea,0.37,0.46555935515388375,12282.0,6293.0,551.61,NVIDIA GeForce RTX 4070,[N/A],Enabled,Enabled
1709653590.63184,0,GPU-93ae0c7f-c327-aee3-adae-bc0d1dae71ea,0.37,0.46555935515388375,12282.0,6293.0,551.61,NVIDIA GeForce RTX 4070,[N/A],Enabled,Enabled
1709653591.632079,0,GPU-93ae0c7f-c327-aee3-adae-bc0d1dae71ea,0.37,0.46555935515388375,12282.0,6293.0,551.61,NVIDIA GeForce RTX 4070,[N/A],Enabled,Enabled
1709653592.631507,0,GPU-93ae0c7f-c327-aee3-adae-bc0d1dae71ea,0.38,0.46555935515388375,12282.0,6293.0,551.61,NVIDIA GeForce RTX 4070,[N/A],Enabled,Enabled
1709653593.632932,0,GPU-93ae0c7f-c327-aee3-adae-bc0d1dae71ea,0.41,0.46555935515388375,12282.0,6293.0,551.61,NVIDIA GeForce RTX 4070,[N/A],Enabled,Enabled
1709653594.631321,0,GPU-93ae0c7f-c327-aee3-adae-bc0d1dae71ea,0.38,0.46555935515388375,12282.0,6293.0,551.61,NVIDIA GeForce RTX 4070,[N/A],Enabled,Enabled
1709653595.631572,0,GPU-93ae0c7f-c327-aee3-adae-bc0d1dae71ea,0.36,0.46555935515388375,12282.0,6293.0,551.61,NVIDIA GeForce RTX 4070,[N/A],Enabled,Enabled
1709653596.631517,0,GPU-93ae0c7f-c327-aee3-adae-bc0d1dae71ea,0.38,0.46555935515388375,12282.0,6293.0,551.61,NVIDIA GeForce RTX 4070,[N/A],Enabled,Enabled
1709653597.631845,0,GPU-93ae0c7f-c327-aee3-adae-bc0d1dae71ea,0.36,0.46555935515388375,12282.0,6293.0,551.61,NVIDIA GeForce RTX 4070,[N/A],Enabled,Enabled
1709653598.631465,0,GPU-93ae0c7f-c327-aee3-adae-bc0d1dae71ea,0.35,0.46555935515388375,12282.0,6293.0,551.61,NVIDIA GeForce RTX 4070,[N/A],Enabled,Enabled
1709653599.632529,0,GPU-93ae0c7f-c327-aee3-adae-bc0d1dae71ea,0.37,0.46555935515388375,12282.0,6293.0,551.61,NVIDIA GeForce RTX 4070,[N/A],Enabled,Enabled
1709653600.632199,0,GPU-93ae0c7f-c327-aee3-adae-bc0d1dae71ea,0.39,0.46555935515388375,12282.0,6293.0,551.61,NVIDIA GeForce RTX 4070,[N/A],Enabled,Enabled
1709653601.632191,0,GPU-93ae0c7f-c327-aee3-adae-bc0d1dae71ea,0.36,0.46555935515388375,12282.0,6293.0,551.61,NVIDIA GeForce RTX 4070,[N/A],Enabled,Enabled
1709653602.632651,0,GPU-93ae0c7f-c327-aee3-adae-bc0d1dae71ea,0.36,0.46555935515388375,12282.0,6293.0,551.61,NVIDIA GeForce RTX 4070,[N/A],Enabled,Enabled
1709653603.631364,0,GPU-93ae0c7f-c327-aee3-adae-bc0d1dae71ea,0.38,0.46555935515388375,12282.0,6293.0,551.61,NVIDIA GeForce RTX 4070,[N/A],Enabled,Enabled
1709653604.631924,0,GPU-93ae0c7f-c327-aee3-adae-bc0d1dae71ea,0.37,0.46555935515388375,12282.0,6293.0,551.61,NVIDIA GeForce RTX 4070,[N/A],Enabled,Enabled
1709653605.631605,0,GPU-93ae0c7f-c327-aee3-adae-bc0d1dae71ea,0.41,0.46555935515388375,12282.0,6293.0,551.61,NVIDIA GeForce RTX 4070,[N/A],Enabled,Enabled
1709653606.632725,0,GPU-93ae0c7f-c327-aee3-adae-bc0d1dae71ea,0.35,0.46555935515388375,12282.0,6293.0,551.61,NVIDIA GeForce RTX 4070,[N/A],Enabled,Enabled
1709653607.631349,0,GPU-93ae0c7f-c327-aee3-adae-bc0d1dae71ea,0.4,0.46555935515388375,12282.0,6293.0,551.61,NVIDIA GeForce RTX 4070,[N/A],Enabled,Enabled
1709653608.632029,0,GPU-93ae0c7f-c327-aee3-adae-bc0d1dae71ea,0.39,0.46555935515388375,12282.0,6293.0,551.61,NVIDIA GeForce RTX 4070,[N/A],Enabled,Enabled
1709653609.631582,0,GPU-93ae0c7f-c327-aee3-adae-bc0d1dae71ea,0.39,0.46555935515388375,12282.0,6293.0,551.61,NVIDIA GeForce RTX 4070,[N/A],Enabled,Enabled
1709653610.631536,0,GPU-93ae0c7f-c327-aee3-adae-bc0d1dae71ea,0.38,0.46555935515388375,12282.0,6293.0,551.61,NVIDIA GeForce RTX 4070,[N/A],Enabled,Enabled
1709653611.631385,0,GPU-93ae0c7f-c327-aee3-adae-bc0d1dae71ea,0.36,0.46555935515388375,12282.0,6293.0,551.61,NVIDIA GeForce RTX 4070,[N/A],Enabled,Enabled
1709653612.631886,0,GPU-93ae0c7f-c327-aee3-adae-bc0d1dae71ea,0.35,0.46555935515388375,12282.0,6293.0,551.61,NVIDIA GeForce RTX 4070,[N/A],Enabled,Enabled
1709653613.632734,0,GPU-93ae0c7f-c327-aee3-adae-bc0d1dae71ea,0.38,0.4680019540791402,12282.0,6263.0,551.61,NVIDIA GeForce RTX 4070,[N/A],Enabled,Enabled
1709653614.632052,0,GPU-93ae0c7f-c327-aee3-adae-bc0d1dae71ea,0.4,0.4680019540791402,12282.0,6263.0,551.61,NVIDIA GeForce RTX 4070,[N/A],Enabled,Enabled
1709653615.63251,0,GPU-93ae0c7f-c327-aee3-adae-bc0d1dae71ea,0.41,0.4680019540791402,12282.0,6263.0,551.61,NVIDIA GeForce RTX 4070,[N/A],Enabled,Enabled
1709653616.632453,0,GPU-93ae0c7f-c327-aee3-adae-bc0d1dae71ea,0.38,0.4680019540791402,12282.0,6263.0,551.61,NVIDIA GeForce RTX 4070,[N/A],Enabled,Enabled
1709653617.631526,0,GPU-93ae0c7f-c327-aee3-adae-bc0d1dae71ea,0.4,0.4680019540791402,12282.0,6263.0,551.61,NVIDIA GeForce RTX 4070,[N/A],Enabled,Enabled
1709653618.63123,0,GPU-93ae0c7f-c327-aee3-adae-bc0d1dae71ea,0.36,0.4671063344732128,12282.0,6274.0,551.61,NVIDIA GeForce RTX 4070,[N/A],Enabled,Enabled
1709653619.63223,0,GPU-93ae0c7f-c327-aee3-adae-bc0d1dae71ea,0.39,0.4671063344732128,12282.0,6274.0,551.61,NVIDIA GeForce RTX 4070,[N/A],Enabled,Enabled
1709653620.632347,0,GPU-93ae0c7f-c327-aee3-adae-bc0d1dae71ea,0.38,0.4671063344732128,12282.0,6274.0,551.61,NVIDIA GeForce RTX 4070,[N/A],Enabled,Enabled
1709653621.632637,0,GPU-93ae0c7f-c327-aee3-adae-bc0d1dae71ea,0.4,0.4671063344732128,12282.0,6274.0,551.61,NVIDIA GeForce RTX 4070,[N/A],Enabled,Enabled
1709653622.631936,0,GPU-93ae0c7f-c327-aee3-adae-bc0d1dae71ea,0.39,0.46555935515388375,12282.0,6293.0,551.61,NVIDIA GeForce RTX 4070,[N/A],Enabled,Enabled
1709653623.631689,0,GPU-93ae0c7f-c327-aee3-adae-bc0d1dae71ea,0.37,0.46555935515388375,12282.0,6293.0,551.61,NVIDIA GeForce RTX 4070,[N/A],Enabled,Enabled
1709653624.632609,0,GPU-93ae0c7f-c327-aee3-adae-bc0d1dae71ea,0.36,0.46555935515388375,12282.0,6293.0,551.61,NVIDIA GeForce RTX 4070,[N/A],Enabled,Enabled
1709653625.632632,0,GPU-93ae0c7f-c327-aee3-adae-bc0d1dae71ea,0.39,0.46555935515388375,12282.0,6293.0,551.61,NVIDIA GeForce RTX 4070,[N/A],Enabled,Enabled
1709653626.632087,0,GPU-93ae0c7f-c327-aee3-adae-bc0d1dae71ea,0.39,0.46555935515388375,12282.0,6293.0,551.61,NVIDIA GeForce RTX 4070,[N/A],Enabled,Enabled
1709653627.63196,0,GPU-93ae0c7f-c327-aee3-adae-bc0d1dae71ea,0.38,0.46555935515388375,12282.0,6293.0,551.61,NVIDIA GeForce RTX 4070,[N/A],Enabled,Enabled
1709653628.632061,0,GPU-93ae0c7f-c327-aee3-adae-bc0d1dae71ea,0.38,0.46555935515388375,12282.0,6293.0,551.61,NVIDIA GeForce RTX 4070,[N/A],Enabled,Enabled
1709653629.63205,0,GPU-93ae0c7f-c327-aee3-adae-bc0d1dae71ea,0.39,0.46555935515388375,12282.0,6293.0,551.61,NVIDIA GeForce RTX 4070,[N/A],Enabled,Enabled
1709653630.631624,0,GPU-93ae0c7f-c327-aee3-adae-bc0d1dae71ea,0.35,0.46555935515388375,12282.0,6293.0,551.61,NVIDIA GeForce RTX 4070,[N/A],Enabled,Enabled
1709653631.631915,0,GPU-93ae0c7f-c327-aee3-adae-bc0d1dae71ea,0.38,0.46547793518970854,12282.0,6294.0,551.61,NVIDIA GeForce RTX 4070,[N/A],Enabled,Enabled
1709653632.631948,0,GPU-93ae0c7f-c327-aee3-adae-bc0d1dae71ea,0.38,0.46547793518970854,12282.0,6294.0,551.61,NVIDIA GeForce RTX 4070,[N/A],Enabled,Enabled
1709653633.632156,0,GPU-93ae0c7f-c327-aee3-adae-bc0d1dae71ea,0.37,0.46547793518970854,12282.0,6294.0,551.61,NVIDIA GeForce RTX 4070,[N/A],Enabled,Enabled
1709653634.63182,0,GPU-93ae0c7f-c327-aee3-adae-bc0d1dae71ea,0.38,0.46547793518970854,12282.0,6294.0,551.61,NVIDIA GeForce RTX 4070,[N/A],Enabled,Enabled
1709653635.632992,0,GPU-93ae0c7f-c327-aee3-adae-bc0d1dae71ea,0.35,0.46547793518970854,12282.0,6294.0,551.61,NVIDIA GeForce RTX 4070,[N/A],Enabled,Enabled
1709653636.631393,0,GPU-93ae0c7f-c327-aee3-adae-bc0d1dae71ea,0.36,0.46547793518970854,12282.0,6294.0,551.61,NVIDIA GeForce RTX 4070,[N/A],Enabled,Enabled
1709653637.631616,0,GPU-93ae0c7f-c327-aee3-adae-bc0d1dae71ea,0.35,0.46547793518970854,12282.0,6294.0,551.61,NVIDIA GeForce RTX 4070,[N/A],Enabled,Enabled
1709653638.632732,0,GPU-93ae0c7f-c327-aee3-adae-bc0d1dae71ea,0.32,0.4636866959778538,12282.0,6316.0,551.61,NVIDIA GeForce RTX 4070,[N/A],Enabled,Enabled
1709653639.631569,0,GPU-93ae0c7f-c327-aee3-adae-bc0d1dae71ea,0.31,0.4623839765510503,12282.0,6332.0,551.61,NVIDIA GeForce RTX 4070,[N/A],Enabled,Enabled
1709653640.632681,0,GPU-93ae0c7f-c327-aee3-adae-bc0d1dae71ea,0.32,0.4623839765510503,12282.0,6332.0,551.61,NVIDIA GeForce RTX 4070,[N/A],Enabled,Enabled
1709653641.632877,0,GPU-93ae0c7f-c327-aee3-adae-bc0d1dae71ea,0.32,0.4623839765510503,12282.0,6332.0,551.61,NVIDIA GeForce RTX 4070,[N/A],Enabled,Enabled
1709653642.631811,0,GPU-93ae0c7f-c327-aee3-adae-bc0d1dae71ea,0.3,0.4576616186288878,12282.0,6390.0,551.61,NVIDIA GeForce RTX 4070,[N/A],Enabled,Enabled
1709653643.632648,0,GPU-93ae0c7f-c327-aee3-adae-bc0d1dae71ea,0.3,0.4623839765510503,12282.0,6332.0,551.61,NVIDIA GeForce RTX 4070,[N/A],Enabled,Enabled
1709653644.631701,0,GPU-93ae0c7f-c327-aee3-adae-bc0d1dae71ea,0.28,0.4576616186288878,12282.0,6390.0,551.61,NVIDIA GeForce RTX 4070,[N/A],Enabled,Enabled
1709653645.631721,0,GPU-93ae0c7f-c327-aee3-adae-bc0d1dae71ea,0.29,0.4576616186288878,12282.0,6390.0,551.61,NVIDIA GeForce RTX 4070,[N/A],Enabled,Enabled
1709653646.631776,0,GPU-93ae0c7f-c327-aee3-adae-bc0d1dae71ea,0.29,0.4576616186288878,12282.0,6390.0,551.61,NVIDIA GeForce RTX 4070,[N/A],Enabled,Enabled
1709653647.632406,0,GPU-93ae0c7f-c327-aee3-adae-bc0d1dae71ea,0.3,0.4576616186288878,12282.0,6390.0,551.61,NVIDIA GeForce RTX 4070,[N/A],Enabled,Enabled
1709653648.631927,0,GPU-93ae0c7f-c327-aee3-adae-bc0d1dae71ea,0.29,0.4576616186288878,12282.0,6390.0,551.61,NVIDIA GeForce RTX 4070,[N/A],Enabled,Enabled
1709653649.633079,0,GPU-93ae0c7f-c327-aee3-adae-bc0d1dae71ea,0.31,0.4576616186288878,12282.0,6390.0,551.61,NVIDIA GeForce RTX 4070,[N/A],Enabled,Enabled
1709653650.631339,0,GPU-93ae0c7f-c327-aee3-adae-bc0d1dae71ea,0.3,0.4576616186288878,12282.0,6390.0,551.61,NVIDIA GeForce RTX 4070,[N/A],Enabled,Enabled
1709653651.632321,0,GPU-93ae0c7f-c327-aee3-adae-bc0d1dae71ea,0.31,0.4576616186288878,12282.0,6390.0,551.61,NVIDIA GeForce RTX 4070,[N/A],Enabled,Enabled
1709653652.631624,0,GPU-93ae0c7f-c327-aee3-adae-bc0d1dae71ea,0.3,0.4576616186288878,12282.0,6390.0,551.61,NVIDIA GeForce RTX 4070,[N/A],Enabled,Enabled
1709653653.632181,0,GPU-93ae0c7f-c327-aee3-adae-bc0d1dae71ea,0.31,0.4576616186288878,12282.0,6390.0,551.61,NVIDIA GeForce RTX 4070,[N/A],Enabled,Enabled
1709653654.632227,0,GPU-93ae0c7f-c327-aee3-adae-bc0d1dae71ea,0.31,0.4576616186288878,12282.0,6390.0,551.61,NVIDIA GeForce RTX 4070,[N/A],Enabled,Enabled
1709653655.632065,0,GPU-93ae0c7f-c327-aee3-adae-bc0d1dae71ea,0.31,0.4576616186288878,12282.0,6390.0,551.61,NVIDIA GeForce RTX 4070,[N/A],Enabled,Enabled
1709653656.632968,0,GPU-93ae0c7f-c327-aee3-adae-bc0d1dae71ea,0.32,0.4576616186288878,12282.0,6390.0,551.61,NVIDIA GeForce RTX 4070,[N/A],Enabled,Enabled
1709653657.631907,0,GPU-93ae0c7f-c327-aee3-adae-bc0d1dae71ea,0.31,0.4576616186288878,12282.0,6390.0,551.61,NVIDIA GeForce RTX 4070,[N/A],Enabled,Enabled
1709653658.631303,0,GPU-93ae0c7f-c327-aee3-adae-bc0d1dae71ea,0.32,0.4576616186288878,12282.0,6390.0,551.61,NVIDIA GeForce RTX 4070,[N/A],Enabled,Enabled
1709653659.632066,0,GPU-93ae0c7f-c327-aee3-adae-bc0d1dae71ea,0.32,0.4576616186288878,12282.0,6390.0,551.61,NVIDIA GeForce RTX 4070,[N/A],Enabled,Enabled
1709653660.631802,0,GPU-93ae0c7f-c327-aee3-adae-bc0d1dae71ea,0.31,0.4576616186288878,12282.0,6390.0,551.61,NVIDIA GeForce RTX 4070,[N/A],Enabled,Enabled
1709653661.632221,0,GPU-93ae0c7f-c327-aee3-adae-bc0d1dae71ea,0.31,0.4576616186288878,12282.0,6390.0,551.61,NVIDIA GeForce RTX 4070,[N/A],Enabled,Enabled
1709653662.631853,0,GPU-93ae0c7f-c327-aee3-adae-bc0d1dae71ea,0.3,0.4576616186288878,12282.0,6390.0,551.61,NVIDIA GeForce RTX 4070,[N/A],Enabled,Enabled
1709653663.632625,0,GPU-93ae0c7f-c327-aee3-adae-bc0d1dae71ea,0.31,0.4576616186288878,12282.0,6390.0,551.61,NVIDIA GeForce RTX 4070,[N/A],Enabled,Enabled
1709653664.632913,0,GPU-93ae0c7f-c327-aee3-adae-bc0d1dae71ea,0.31,0.4576616186288878,12282.0,6390.0,551.61,NVIDIA GeForce RTX 4070,[N/A],Enabled,Enabled
1709653665.632016,0,GPU-93ae0c7f-c327-aee3-adae-bc0d1dae71ea,0.15,0.26021820550398955,12282.0,8815.0,551.61,NVIDIA GeForce RTX 4070,[N/A],Enabled,Enabled
1709653666.632141,0,GPU-93ae0c7f-c327-aee3-adae-bc0d1dae71ea,0.16,0.26021820550398955,12282.0,8815.0,551.61,NVIDIA GeForce RTX 4070,[N/A],Enabled,Enabled
1709653667.632625,0,GPU-93ae0c7f-c327-aee3-adae-bc0d1dae71ea,0.16,0.26021820550398955,12282.0,8815.0,551.61,NVIDIA GeForce RTX 4070,[N/A],Enabled,Enabled
1709653668.631476,0,GPU-93ae0c7f-c327-aee3-adae-bc0d1dae71ea,0.16,0.26021820550398955,12282.0,8815.0,551.61,NVIDIA GeForce RTX 4070,[N/A],Enabled,Enabled
