timestamp,id,uuid,load,memoryUtil,memoryTotal,memoryUsed,memoryFree,driver,name,serial,display_mode,display_active
1701974737.414358,0,GPU-93ae0c7f-c327-aee3-adae-bc0d1dae71ea,0.15,0.31485100146555933,12282.0,8158.0,546.29,NVIDIA GeForce RTX 4070,[N/A],Enabled,Enabled
1701974738.410861,0,GPU-93ae0c7f-c327-aee3-adae-bc0d1dae71ea,0.18,0.3667155186451718,12282.0,7521.0,546.29,NVIDIA GeForce RTX 4070,[N/A],Enabled,Enabled
1701974739.410286,0,GPU-93ae0c7f-c327-aee3-adae-bc0d1dae71ea,0.1,0.3352874124735385,12282.0,7907.0,546.29,NVIDIA GeForce RTX 4070,[N/A],Enabled,Enabled
1701974740.411271,0,GPU-93ae0c7f-c327-aee3-adae-bc0d1dae71ea,0.1,0.334717472724312,12282.0,7914.0,546.29,NVIDIA GeForce RTX 4070,[N/A],Enabled,Enabled
1701974741.410868,0,GPU-93ae0c7f-c327-aee3-adae-bc0d1dae71ea,0.1,0.334717472724312,12282.0,7914.0,546.29,NVIDIA GeForce RTX 4070,[N/A],Enabled,Enabled
1701974742.410507,0,GPU-93ae0c7f-c327-aee3-adae-bc0d1dae71ea,0.1,0.334717472724312,12282.0,7914.0,546.29,NVIDIA GeForce RTX 4070,[N/A],Enabled,Enabled
1701974743.41121,0,GPU-93ae0c7f-c327-aee3-adae-bc0d1dae71ea,0.12,0.3345546327959616,12282.0,7916.0,546.29,NVIDIA GeForce RTX 4070,[N/A],Enabled,Enabled
1701974744.411307,0,GPU-93ae0c7f-c327-aee3-adae-bc0d1dae71ea,0.1,0.3345546327959616,12282.0,7916.0,546.29,NVIDIA GeForce RTX 4070,[N/A],Enabled,Enabled
1701974745.410544,0,GPU-93ae0c7f-c327-aee3-adae-bc0d1dae71ea,0.1,0.3345546327959616,12282.0,7916.0,546.29,NVIDIA GeForce RTX 4070,[N/A],Enabled,Enabled
1701974746.410768,0,GPU-93ae0c7f-c327-aee3-adae-bc0d1dae71ea,0.1,0.3345546327959616,12282.0,7916.0,546.29,NVIDIA GeForce RTX 4070,[N/A],Enabled,Enabled
1701974747.411742,0,GPU-93ae0c7f-c327-aee3-adae-bc0d1dae71ea,0.1,0.3345546327959616,12282.0,7916.0,546.29,NVIDIA GeForce RTX 4070,[N/A],Enabled,Enabled
1701974748.410541,0,GPU-93ae0c7f-c327-aee3-adae-bc0d1dae71ea,0.1,0.3345546327959616,12282.0,7916.0,546.29,NVIDIA GeForce RTX 4070,[N/A],Enabled,Enabled
1701974749.410323,0,GPU-93ae0c7f-c327-aee3-adae-bc0d1dae71ea,0.11,0.3345546327959616,12282.0,7916.0,546.29,NVIDIA GeForce RTX 4070,[N/A],Enabled,Enabled
1701974750.410299,0,GPU-93ae0c7f-c327-aee3-adae-bc0d1dae71ea,0.1,0.3345546327959616,12282.0,7916.0,546.29,NVIDIA GeForce RTX 4070,[N/A],Enabled,Enabled
1701974751.410493,0,GPU-93ae0c7f-c327-aee3-adae-bc0d1dae71ea,0.1,0.3345546327959616,12282.0,7916.0,546.29,NVIDIA GeForce RTX 4070,[N/A],Enabled,Enabled
1701974752.410372,0,GPU-93ae0c7f-c327-aee3-adae-bc0d1dae71ea,0.1,0.3347988926884872,12282.0,7913.0,546.29,NVIDIA GeForce RTX 4070,[N/A],Enabled,Enabled
1701974753.410816,0,GPU-93ae0c7f-c327-aee3-adae-bc0d1dae71ea,0.1,0.3368343917928676,12282.0,7888.0,546.29,NVIDIA GeForce RTX 4070,[N/A],Enabled,Enabled
1701974754.410418,0,GPU-93ae0c7f-c327-aee3-adae-bc0d1dae71ea,0.1,0.35035010584595344,12282.0,7722.0,546.29,NVIDIA GeForce RTX 4070,[N/A],Enabled,Enabled
1701974755.410568,0,GPU-93ae0c7f-c327-aee3-adae-bc0d1dae71ea,0.06,0.36997231721218043,12282.0,7481.0,546.29,NVIDIA GeForce RTX 4070,[N/A],Enabled,Enabled
1701974756.410965,0,GPU-93ae0c7f-c327-aee3-adae-bc0d1dae71ea,0.05,0.355479563588992,12282.0,7659.0,546.29,NVIDIA GeForce RTX 4070,[N/A],Enabled,Enabled
1701974757.410062,0,GPU-93ae0c7f-c327-aee3-adae-bc0d1dae71ea,0.33,0.5093632958801498,12282.0,5769.0,546.29,NVIDIA GeForce RTX 4070,[N/A],Enabled,Enabled
1701974758.411149,0,GPU-93ae0c7f-c327-aee3-adae-bc0d1dae71ea,0.28,0.616593388698909,12282.0,4452.0,546.29,NVIDIA GeForce RTX 4070,[N/A],Enabled,Enabled
1701974759.41117,0,GPU-93ae0c7f-c327-aee3-adae-bc0d1dae71ea,0.28,0.616593388698909,12282.0,4452.0,546.29,NVIDIA GeForce RTX 4070,[N/A],Enabled,Enabled
1701974760.410698,0,GPU-93ae0c7f-c327-aee3-adae-bc0d1dae71ea,0.29,0.6166748086630842,12282.0,4451.0,546.29,NVIDIA GeForce RTX 4070,[N/A],Enabled,Enabled
1701974761.41089,0,GPU-93ae0c7f-c327-aee3-adae-bc0d1dae71ea,0.32,0.6166748086630842,12282.0,4451.0,546.29,NVIDIA GeForce RTX 4070,[N/A],Enabled,Enabled
1701974762.411021,0,GPU-93ae0c7f-c327-aee3-adae-bc0d1dae71ea,0.33,0.6166748086630842,12282.0,4451.0,546.29,NVIDIA GeForce RTX 4070,[N/A],Enabled,Enabled
1701974763.41164,0,GPU-93ae0c7f-c327-aee3-adae-bc0d1dae71ea,0.27,0.6166748086630842,12282.0,4451.0,546.29,NVIDIA GeForce RTX 4070,[N/A],Enabled,Enabled
1701974764.409998,0,GPU-93ae0c7f-c327-aee3-adae-bc0d1dae71ea,0.28,0.6166748086630842,12282.0,4451.0,546.29,NVIDIA GeForce RTX 4070,[N/A],Enabled,Enabled
1701974765.410006,0,GPU-93ae0c7f-c327-aee3-adae-bc0d1dae71ea,0.28,0.6166748086630842,12282.0,4451.0,546.29,NVIDIA GeForce RTX 4070,[N/A],Enabled,Enabled
1701974766.410525,0,GPU-93ae0c7f-c327-aee3-adae-bc0d1dae71ea,0.3,0.6166748086630842,12282.0,4451.0,546.29,NVIDIA GeForce RTX 4070,[N/A],Enabled,Enabled
1701974767.4104,0,GPU-93ae0c7f-c327-aee3-adae-bc0d1dae71ea,0.31,0.6166748086630842,12282.0,4451.0,546.29,NVIDIA GeForce RTX 4070,[N/A],Enabled,Enabled
1701974768.410525,0,GPU-93ae0c7f-c327-aee3-adae-bc0d1dae71ea,0.3,0.6166748086630842,12282.0,4451.0,546.29,NVIDIA GeForce RTX 4070,[N/A],Enabled,Enabled
1701974769.410027,0,GPU-93ae0c7f-c327-aee3-adae-bc0d1dae71ea,0.29,0.6166748086630842,12282.0,4451.0,546.29,NVIDIA GeForce RTX 4070,[N/A],Enabled,Enabled
1701974770.410732,0,GPU-93ae0c7f-c327-aee3-adae-bc0d1dae71ea,0.33,0.6166748086630842,12282.0,4451.0,546.29,NVIDIA GeForce RTX 4070,[N/A],Enabled,Enabled
1701974771.411236,0,GPU-93ae0c7f-c327-aee3-adae-bc0d1dae71ea,0.48,0.6166748086630842,12282.0,4451.0,546.29,NVIDIA GeForce RTX 4070,[N/A],Enabled,Enabled
1701974772.411063,0,GPU-93ae0c7f-c327-aee3-adae-bc0d1dae71ea,0.47,0.6166748086630842,12282.0,4451.0,546.29,NVIDIA GeForce RTX 4070,[N/A],Enabled,Enabled
1701974773.411048,0,GPU-93ae0c7f-c327-aee3-adae-bc0d1dae71ea,0.47,0.6166748086630842,12282.0,4451.0,546.29,NVIDIA GeForce RTX 4070,[N/A],Enabled,Enabled
1701974774.411029,0,GPU-93ae0c7f-c327-aee3-adae-bc0d1dae71ea,0.46,0.6166748086630842,12282.0,4451.0,546.29,NVIDIA GeForce RTX 4070,[N/A],Enabled,Enabled
1701974775.410634,0,GPU-93ae0c7f-c327-aee3-adae-bc0d1dae71ea,0.42,0.6166748086630842,12282.0,4451.0,546.29,NVIDIA GeForce RTX 4070,[N/A],Enabled,Enabled
1701974776.411135,0,GPU-93ae0c7f-c327-aee3-adae-bc0d1dae71ea,0.34,0.6166748086630842,12282.0,4451.0,546.29,NVIDIA GeForce RTX 4070,[N/A],Enabled,Enabled
1701974777.41093,0,GPU-93ae0c7f-c327-aee3-adae-bc0d1dae71ea,0.34,0.6166748086630842,12282.0,4451.0,546.29,NVIDIA GeForce RTX 4070,[N/A],Enabled,Enabled
1701974778.410269,0,GPU-93ae0c7f-c327-aee3-adae-bc0d1dae71ea,0.34,0.6166748086630842,12282.0,4451.0,546.29,NVIDIA GeForce RTX 4070,[N/A],Enabled,Enabled
1701974779.411258,0,GPU-93ae0c7f-c327-aee3-adae-bc0d1dae71ea,0.31,0.6163491288063834,12282.0,4455.0,546.29,NVIDIA GeForce RTX 4070,[N/A],Enabled,Enabled
1701974780.410073,0,GPU-93ae0c7f-c327-aee3-adae-bc0d1dae71ea,0.32,0.6163491288063834,12282.0,4455.0,546.29,NVIDIA GeForce RTX 4070,[N/A],Enabled,Enabled
1701974781.411012,0,GPU-93ae0c7f-c327-aee3-adae-bc0d1dae71ea,0.32,0.6163491288063834,12282.0,4455.0,546.29,NVIDIA GeForce RTX 4070,[N/A],Enabled,Enabled
1701974782.410722,0,GPU-93ae0c7f-c327-aee3-adae-bc0d1dae71ea,0.32,0.6163491288063834,12282.0,4455.0,546.29,NVIDIA GeForce RTX 4070,[N/A],Enabled,Enabled
1701974783.411232,0,GPU-93ae0c7f-c327-aee3-adae-bc0d1dae71ea,0.32,0.6163491288063834,12282.0,4455.0,546.29,NVIDIA GeForce RTX 4070,[N/A],Enabled,Enabled
1701974784.411354,0,GPU-93ae0c7f-c327-aee3-adae-bc0d1dae71ea,0.33,0.6163491288063834,12282.0,4455.0,546.29,NVIDIA GeForce RTX 4070,[N/A],Enabled,Enabled
1701974785.411068,0,GPU-93ae0c7f-c327-aee3-adae-bc0d1dae71ea,0.32,0.6163491288063834,12282.0,4455.0,546.29,NVIDIA GeForce RTX 4070,[N/A],Enabled,Enabled
1701974786.411204,0,GPU-93ae0c7f-c327-aee3-adae-bc0d1dae71ea,0.34,0.6167562286272594,12282.0,4450.0,546.29,NVIDIA GeForce RTX 4070,[N/A],Enabled,Enabled
1701974787.410237,0,GPU-93ae0c7f-c327-aee3-adae-bc0d1dae71ea,0.32,0.6167562286272594,12282.0,4450.0,546.29,NVIDIA GeForce RTX 4070,[N/A],Enabled,Enabled
1701974788.410289,0,GPU-93ae0c7f-c327-aee3-adae-bc0d1dae71ea,0.32,0.6167562286272594,12282.0,4450.0,546.29,NVIDIA GeForce RTX 4070,[N/A],Enabled,Enabled
1701974789.41049,0,GPU-93ae0c7f-c327-aee3-adae-bc0d1dae71ea,0.31,0.6167562286272594,12282.0,4450.0,546.29,NVIDIA GeForce RTX 4070,[N/A],Enabled,Enabled
1701974790.410925,0,GPU-93ae0c7f-c327-aee3-adae-bc0d1dae71ea,0.29,0.6167562286272594,12282.0,4450.0,546.29,NVIDIA GeForce RTX 4070,[N/A],Enabled,Enabled
1701974791.411028,0,GPU-93ae0c7f-c327-aee3-adae-bc0d1dae71ea,0.31,0.6167562286272594,12282.0,4450.0,546.29,NVIDIA GeForce RTX 4070,[N/A],Enabled,Enabled
1701974792.410975,0,GPU-93ae0c7f-c327-aee3-adae-bc0d1dae71ea,0.27,0.6167562286272594,12282.0,4450.0,546.29,NVIDIA GeForce RTX 4070,[N/A],Enabled,Enabled
1701974793.411536,0,GPU-93ae0c7f-c327-aee3-adae-bc0d1dae71ea,0.27,0.6167562286272594,12282.0,4450.0,546.29,NVIDIA GeForce RTX 4070,[N/A],Enabled,Enabled
1701974794.411569,0,GPU-93ae0c7f-c327-aee3-adae-bc0d1dae71ea,0.31,0.6167562286272594,12282.0,4450.0,546.29,NVIDIA GeForce RTX 4070,[N/A],Enabled,Enabled
1701974795.410593,0,GPU-93ae0c7f-c327-aee3-adae-bc0d1dae71ea,0.31,0.6167562286272594,12282.0,4450.0,546.29,NVIDIA GeForce RTX 4070,[N/A],Enabled,Enabled
1701974796.410444,0,GPU-93ae0c7f-c327-aee3-adae-bc0d1dae71ea,0.31,0.6167562286272594,12282.0,4450.0,546.29,NVIDIA GeForce RTX 4070,[N/A],Enabled,Enabled
1701974797.410815,0,GPU-93ae0c7f-c327-aee3-adae-bc0d1dae71ea,0.31,0.6167562286272594,12282.0,4450.0,546.29,NVIDIA GeForce RTX 4070,[N/A],Enabled,Enabled
1701974798.410393,0,GPU-93ae0c7f-c327-aee3-adae-bc0d1dae71ea,0.32,0.6167562286272594,12282.0,4450.0,546.29,NVIDIA GeForce RTX 4070,[N/A],Enabled,Enabled
1701974799.410916,0,GPU-93ae0c7f-c327-aee3-adae-bc0d1dae71ea,0.31,0.6168376485914346,12282.0,4449.0,546.29,NVIDIA GeForce RTX 4070,[N/A],Enabled,Enabled
1701974800.410851,0,GPU-93ae0c7f-c327-aee3-adae-bc0d1dae71ea,0.3,0.6168376485914346,12282.0,4449.0,546.29,NVIDIA GeForce RTX 4070,[N/A],Enabled,Enabled
1701974801.410976,0,GPU-93ae0c7f-c327-aee3-adae-bc0d1dae71ea,0.32,0.6168376485914346,12282.0,4449.0,546.29,NVIDIA GeForce RTX 4070,[N/A],Enabled,Enabled
1701974802.411103,0,GPU-93ae0c7f-c327-aee3-adae-bc0d1dae71ea,0.31,0.6165119687347338,12282.0,4453.0,546.29,NVIDIA GeForce RTX 4070,[N/A],Enabled,Enabled
1701974803.41099,0,GPU-93ae0c7f-c327-aee3-adae-bc0d1dae71ea,0.31,0.6168376485914346,12282.0,4449.0,546.29,NVIDIA GeForce RTX 4070,[N/A],Enabled,Enabled
1701974804.411274,0,GPU-93ae0c7f-c327-aee3-adae-bc0d1dae71ea,0.3,0.6168376485914346,12282.0,4449.0,546.29,NVIDIA GeForce RTX 4070,[N/A],Enabled,Enabled
1701974805.410875,0,GPU-93ae0c7f-c327-aee3-adae-bc0d1dae71ea,0.31,0.6168376485914346,12282.0,4449.0,546.29,NVIDIA GeForce RTX 4070,[N/A],Enabled,Enabled
1701974806.411576,0,GPU-93ae0c7f-c327-aee3-adae-bc0d1dae71ea,0.31,0.6168376485914346,12282.0,4449.0,546.29,NVIDIA GeForce RTX 4070,[N/A],Enabled,Enabled
1701974807.410399,0,GPU-93ae0c7f-c327-aee3-adae-bc0d1dae71ea,0.3,0.6168376485914346,12282.0,4449.0,546.29,NVIDIA GeForce RTX 4070,[N/A],Enabled,Enabled
1701974808.411228,0,GPU-93ae0c7f-c327-aee3-adae-bc0d1dae71ea,0.3,0.6168376485914346,12282.0,4449.0,546.29,NVIDIA GeForce RTX 4070,[N/A],Enabled,Enabled
1701974809.411244,0,GPU-93ae0c7f-c327-aee3-adae-bc0d1dae71ea,0.29,0.6168376485914346,12282.0,4449.0,546.29,NVIDIA GeForce RTX 4070,[N/A],Enabled,Enabled
1701974810.41125,0,GPU-93ae0c7f-c327-aee3-adae-bc0d1dae71ea,0.29,0.6168376485914346,12282.0,4449.0,546.29,NVIDIA GeForce RTX 4070,[N/A],Enabled,Enabled
1701974811.411177,0,GPU-93ae0c7f-c327-aee3-adae-bc0d1dae71ea,0.28,0.6168376485914346,12282.0,4449.0,546.29,NVIDIA GeForce RTX 4070,[N/A],Enabled,Enabled
1701974812.410851,0,GPU-93ae0c7f-c327-aee3-adae-bc0d1dae71ea,0.28,0.6168376485914346,12282.0,4449.0,546.29,NVIDIA GeForce RTX 4070,[N/A],Enabled,Enabled
1701974813.411378,0,GPU-93ae0c7f-c327-aee3-adae-bc0d1dae71ea,0.28,0.6168376485914346,12282.0,4449.0,546.29,NVIDIA GeForce RTX 4070,[N/A],Enabled,Enabled
1701974814.410599,0,GPU-93ae0c7f-c327-aee3-adae-bc0d1dae71ea,0.28,0.6168376485914346,12282.0,4449.0,546.29,NVIDIA GeForce RTX 4070,[N/A],Enabled,Enabled
1701974815.411524,0,GPU-93ae0c7f-c327-aee3-adae-bc0d1dae71ea,0.27,0.6168376485914346,12282.0,4449.0,546.29,NVIDIA GeForce RTX 4070,[N/A],Enabled,Enabled
1701974816.410961,0,GPU-93ae0c7f-c327-aee3-adae-bc0d1dae71ea,0.25,0.6165119687347338,12282.0,4453.0,546.29,NVIDIA GeForce RTX 4070,[N/A],Enabled,Enabled
1701974817.411046,0,GPU-93ae0c7f-c327-aee3-adae-bc0d1dae71ea,0.26,0.6165119687347338,12282.0,4453.0,546.29,NVIDIA GeForce RTX 4070,[N/A],Enabled,Enabled
1701974818.411028,0,GPU-93ae0c7f-c327-aee3-adae-bc0d1dae71ea,0.26,0.6171633284481355,12282.0,4445.0,546.29,NVIDIA GeForce RTX 4070,[N/A],Enabled,Enabled
1701974819.41153,0,GPU-93ae0c7f-c327-aee3-adae-bc0d1dae71ea,0.28,0.6168376485914346,12282.0,4449.0,546.29,NVIDIA GeForce RTX 4070,[N/A],Enabled,Enabled
1701974820.411348,0,GPU-93ae0c7f-c327-aee3-adae-bc0d1dae71ea,0.29,0.6168376485914346,12282.0,4449.0,546.29,NVIDIA GeForce RTX 4070,[N/A],Enabled,Enabled
1701974821.410966,0,GPU-93ae0c7f-c327-aee3-adae-bc0d1dae71ea,0.29,0.6168376485914346,12282.0,4449.0,546.29,NVIDIA GeForce RTX 4070,[N/A],Enabled,Enabled
1701974822.410422,0,GPU-93ae0c7f-c327-aee3-adae-bc0d1dae71ea,0.3,0.6168376485914346,12282.0,4449.0,546.29,NVIDIA GeForce RTX 4070,[N/A],Enabled,Enabled
1701974823.410083,0,GPU-93ae0c7f-c327-aee3-adae-bc0d1dae71ea,0.28,0.6168376485914346,12282.0,4449.0,546.29,NVIDIA GeForce RTX 4070,[N/A],Enabled,Enabled
1701974824.411107,0,GPU-93ae0c7f-c327-aee3-adae-bc0d1dae71ea,0.34,0.6168376485914346,12282.0,4449.0,546.29,NVIDIA GeForce RTX 4070,[N/A],Enabled,Enabled
1701974825.410373,0,GPU-93ae0c7f-c327-aee3-adae-bc0d1dae71ea,0.33,0.6168376485914346,12282.0,4449.0,546.29,NVIDIA GeForce RTX 4070,[N/A],Enabled,Enabled
1701974826.41092,0,GPU-93ae0c7f-c327-aee3-adae-bc0d1dae71ea,0.3,0.6165119687347338,12282.0,4453.0,546.29,NVIDIA GeForce RTX 4070,[N/A],Enabled,Enabled
1701974827.411253,0,GPU-93ae0c7f-c327-aee3-adae-bc0d1dae71ea,0.33,0.6165119687347338,12282.0,4453.0,546.29,NVIDIA GeForce RTX 4070,[N/A],Enabled,Enabled
1701974828.411206,0,GPU-93ae0c7f-c327-aee3-adae-bc0d1dae71ea,0.33,0.6165119687347338,12282.0,4453.0,546.29,NVIDIA GeForce RTX 4070,[N/A],Enabled,Enabled
1701974829.410874,0,GPU-93ae0c7f-c327-aee3-adae-bc0d1dae71ea,0.33,0.6165119687347338,12282.0,4453.0,546.29,NVIDIA GeForce RTX 4070,[N/A],Enabled,Enabled
1701974830.410787,0,GPU-93ae0c7f-c327-aee3-adae-bc0d1dae71ea,0.31,0.6165119687347338,12282.0,4453.0,546.29,NVIDIA GeForce RTX 4070,[N/A],Enabled,Enabled
1701974831.410873,0,GPU-93ae0c7f-c327-aee3-adae-bc0d1dae71ea,0.27,0.6165119687347338,12282.0,4453.0,546.29,NVIDIA GeForce RTX 4070,[N/A],Enabled,Enabled
1701974832.410313,0,GPU-93ae0c7f-c327-aee3-adae-bc0d1dae71ea,0.28,0.6165119687347338,12282.0,4453.0,546.29,NVIDIA GeForce RTX 4070,[N/A],Enabled,Enabled
1701974833.410355,0,GPU-93ae0c7f-c327-aee3-adae-bc0d1dae71ea,0.26,0.6165119687347338,12282.0,4453.0,546.29,NVIDIA GeForce RTX 4070,[N/A],Enabled,Enabled
1701974834.410369,0,GPU-93ae0c7f-c327-aee3-adae-bc0d1dae71ea,0.28,0.6165119687347338,12282.0,4453.0,546.29,NVIDIA GeForce RTX 4070,[N/A],Enabled,Enabled
1701974835.410329,0,GPU-93ae0c7f-c327-aee3-adae-bc0d1dae71ea,0.33,0.6165119687347338,12282.0,4453.0,546.29,NVIDIA GeForce RTX 4070,[N/A],Enabled,Enabled
1701974836.410803,0,GPU-93ae0c7f-c327-aee3-adae-bc0d1dae71ea,0.33,0.6165119687347338,12282.0,4453.0,546.29,NVIDIA GeForce RTX 4070,[N/A],Enabled,Enabled
1701974837.410806,0,GPU-93ae0c7f-c327-aee3-adae-bc0d1dae71ea,0.33,0.6165119687347338,12282.0,4453.0,546.29,NVIDIA GeForce RTX 4070,[N/A],Enabled,Enabled
1701974838.410229,0,GPU-93ae0c7f-c327-aee3-adae-bc0d1dae71ea,0.33,0.6165119687347338,12282.0,4453.0,546.29,NVIDIA GeForce RTX 4070,[N/A],Enabled,Enabled
1701974839.410768,0,GPU-93ae0c7f-c327-aee3-adae-bc0d1dae71ea,0.32,0.6165119687347338,12282.0,4453.0,546.29,NVIDIA GeForce RTX 4070,[N/A],Enabled,Enabled
1701974840.410514,0,GPU-93ae0c7f-c327-aee3-adae-bc0d1dae71ea,0.33,0.6165119687347338,12282.0,4453.0,546.29,NVIDIA GeForce RTX 4070,[N/A],Enabled,Enabled
1701974841.411008,0,GPU-93ae0c7f-c327-aee3-adae-bc0d1dae71ea,0.33,0.6165119687347338,12282.0,4453.0,546.29,NVIDIA GeForce RTX 4070,[N/A],Enabled,Enabled
1701974842.410086,0,GPU-93ae0c7f-c327-aee3-adae-bc0d1dae71ea,0.35,0.6165119687347338,12282.0,4453.0,546.29,NVIDIA GeForce RTX 4070,[N/A],Enabled,Enabled
1701974843.410368,0,GPU-93ae0c7f-c327-aee3-adae-bc0d1dae71ea,0.31,0.6165119687347338,12282.0,4453.0,546.29,NVIDIA GeForce RTX 4070,[N/A],Enabled,Enabled
1701974844.411538,0,GPU-93ae0c7f-c327-aee3-adae-bc0d1dae71ea,0.3,0.6161862888780328,12282.0,4457.0,546.29,NVIDIA GeForce RTX 4070,[N/A],Enabled,Enabled
1701974845.410314,0,GPU-93ae0c7f-c327-aee3-adae-bc0d1dae71ea,0.27,0.6161862888780328,12282.0,4457.0,546.29,NVIDIA GeForce RTX 4070,[N/A],Enabled,Enabled
1701974846.410904,0,GPU-93ae0c7f-c327-aee3-adae-bc0d1dae71ea,0.28,0.6160234489496824,12282.0,4459.0,546.29,NVIDIA GeForce RTX 4070,[N/A],Enabled,Enabled
1701974847.411091,0,GPU-93ae0c7f-c327-aee3-adae-bc0d1dae71ea,0.28,0.6160234489496824,12282.0,4459.0,546.29,NVIDIA GeForce RTX 4070,[N/A],Enabled,Enabled
1701974848.411047,0,GPU-93ae0c7f-c327-aee3-adae-bc0d1dae71ea,0.32,0.6160234489496824,12282.0,4459.0,546.29,NVIDIA GeForce RTX 4070,[N/A],Enabled,Enabled
1701974849.410829,0,GPU-93ae0c7f-c327-aee3-adae-bc0d1dae71ea,0.33,0.6160234489496824,12282.0,4459.0,546.29,NVIDIA GeForce RTX 4070,[N/A],Enabled,Enabled
1701974850.410232,0,GPU-93ae0c7f-c327-aee3-adae-bc0d1dae71ea,0.33,0.6160234489496824,12282.0,4459.0,546.29,NVIDIA GeForce RTX 4070,[N/A],Enabled,Enabled
1701974851.410816,0,GPU-93ae0c7f-c327-aee3-adae-bc0d1dae71ea,0.32,0.6160234489496824,12282.0,4459.0,546.29,NVIDIA GeForce RTX 4070,[N/A],Enabled,Enabled
1701974852.410049,0,GPU-93ae0c7f-c327-aee3-adae-bc0d1dae71ea,0.32,0.6160234489496824,12282.0,4459.0,546.29,NVIDIA GeForce RTX 4070,[N/A],Enabled,Enabled
1701974853.410246,0,GPU-93ae0c7f-c327-aee3-adae-bc0d1dae71ea,0.33,0.6160234489496824,12282.0,4459.0,546.29,NVIDIA GeForce RTX 4070,[N/A],Enabled,Enabled
1701974854.410805,0,GPU-93ae0c7f-c327-aee3-adae-bc0d1dae71ea,0.33,0.6160234489496824,12282.0,4459.0,546.29,NVIDIA GeForce RTX 4070,[N/A],Enabled,Enabled
1701974855.411334,0,GPU-93ae0c7f-c327-aee3-adae-bc0d1dae71ea,0.33,0.6160234489496824,12282.0,4459.0,546.29,NVIDIA GeForce RTX 4070,[N/A],Enabled,Enabled
1701974856.410743,0,GPU-93ae0c7f-c327-aee3-adae-bc0d1dae71ea,0.31,0.6160234489496824,12282.0,4459.0,546.29,NVIDIA GeForce RTX 4070,[N/A],Enabled,Enabled
1701974857.410466,0,GPU-93ae0c7f-c327-aee3-adae-bc0d1dae71ea,0.28,0.6160234489496824,12282.0,4459.0,546.29,NVIDIA GeForce RTX 4070,[N/A],Enabled,Enabled
1701974858.411207,0,GPU-93ae0c7f-c327-aee3-adae-bc0d1dae71ea,0.26,0.6160234489496824,12282.0,4459.0,546.29,NVIDIA GeForce RTX 4070,[N/A],Enabled,Enabled
1701974859.410142,0,GPU-93ae0c7f-c327-aee3-adae-bc0d1dae71ea,0.33,0.6160234489496824,12282.0,4459.0,546.29,NVIDIA GeForce RTX 4070,[N/A],Enabled,Enabled
1701974860.410703,0,GPU-93ae0c7f-c327-aee3-adae-bc0d1dae71ea,0.32,0.6160234489496824,12282.0,4459.0,546.29,NVIDIA GeForce RTX 4070,[N/A],Enabled,Enabled
1701974861.41103,0,GPU-93ae0c7f-c327-aee3-adae-bc0d1dae71ea,0.33,0.6160234489496824,12282.0,4459.0,546.29,NVIDIA GeForce RTX 4070,[N/A],Enabled,Enabled
1701974862.410613,0,GPU-93ae0c7f-c327-aee3-adae-bc0d1dae71ea,0.33,0.6160234489496824,12282.0,4459.0,546.29,NVIDIA GeForce RTX 4070,[N/A],Enabled,Enabled
1701974863.410329,0,GPU-93ae0c7f-c327-aee3-adae-bc0d1dae71ea,0.28,0.6163491288063834,12282.0,4455.0,546.29,NVIDIA GeForce RTX 4070,[N/A],Enabled,Enabled
1701974864.410709,0,GPU-93ae0c7f-c327-aee3-adae-bc0d1dae71ea,0.28,0.6163491288063834,12282.0,4455.0,546.29,NVIDIA GeForce RTX 4070,[N/A],Enabled,Enabled
1701974865.411074,0,GPU-93ae0c7f-c327-aee3-adae-bc0d1dae71ea,0.28,0.6163491288063834,12282.0,4455.0,546.29,NVIDIA GeForce RTX 4070,[N/A],Enabled,Enabled
1701974866.411109,0,GPU-93ae0c7f-c327-aee3-adae-bc0d1dae71ea,0.29,0.6163491288063834,12282.0,4455.0,546.29,NVIDIA GeForce RTX 4070,[N/A],Enabled,Enabled
1701974867.411038,0,GPU-93ae0c7f-c327-aee3-adae-bc0d1dae71ea,0.28,0.6163491288063834,12282.0,4455.0,546.29,NVIDIA GeForce RTX 4070,[N/A],Enabled,Enabled
1701974868.410308,0,GPU-93ae0c7f-c327-aee3-adae-bc0d1dae71ea,0.29,0.6163491288063834,12282.0,4455.0,546.29,NVIDIA GeForce RTX 4070,[N/A],Enabled,Enabled
1701974869.410129,0,GPU-93ae0c7f-c327-aee3-adae-bc0d1dae71ea,0.29,0.6163491288063834,12282.0,4455.0,546.29,NVIDIA GeForce RTX 4070,[N/A],Enabled,Enabled
1701974870.410742,0,GPU-93ae0c7f-c327-aee3-adae-bc0d1dae71ea,0.29,0.6163491288063834,12282.0,4455.0,546.29,NVIDIA GeForce RTX 4070,[N/A],Enabled,Enabled
1701974871.410663,0,GPU-93ae0c7f-c327-aee3-adae-bc0d1dae71ea,0.29,0.6163491288063834,12282.0,4455.0,546.29,NVIDIA GeForce RTX 4070,[N/A],Enabled,Enabled
1701974872.411209,0,GPU-93ae0c7f-c327-aee3-adae-bc0d1dae71ea,0.29,0.6163491288063834,12282.0,4455.0,546.29,NVIDIA GeForce RTX 4070,[N/A],Enabled,Enabled
1701974873.410699,0,GPU-93ae0c7f-c327-aee3-adae-bc0d1dae71ea,0.27,0.6163491288063834,12282.0,4455.0,546.29,NVIDIA GeForce RTX 4070,[N/A],Enabled,Enabled
1701974874.410845,0,GPU-93ae0c7f-c327-aee3-adae-bc0d1dae71ea,0.27,0.6160234489496824,12282.0,4459.0,546.29,NVIDIA GeForce RTX 4070,[N/A],Enabled,Enabled
1701974875.411387,0,GPU-93ae0c7f-c327-aee3-adae-bc0d1dae71ea,0.33,0.6155349291646312,12282.0,4465.0,546.29,NVIDIA GeForce RTX 4070,[N/A],Enabled,Enabled
1701974876.411111,0,GPU-93ae0c7f-c327-aee3-adae-bc0d1dae71ea,0.32,0.6155349291646312,12282.0,4465.0,546.29,NVIDIA GeForce RTX 4070,[N/A],Enabled,Enabled
1701974877.411405,0,GPU-93ae0c7f-c327-aee3-adae-bc0d1dae71ea,0.32,0.6155349291646312,12282.0,4465.0,546.29,NVIDIA GeForce RTX 4070,[N/A],Enabled,Enabled
1701974878.4109,0,GPU-93ae0c7f-c327-aee3-adae-bc0d1dae71ea,0.31,0.6155349291646312,12282.0,4465.0,546.29,NVIDIA GeForce RTX 4070,[N/A],Enabled,Enabled
1701974879.410784,0,GPU-93ae0c7f-c327-aee3-adae-bc0d1dae71ea,0.31,0.6155349291646312,12282.0,4465.0,546.29,NVIDIA GeForce RTX 4070,[N/A],Enabled,Enabled
1701974880.411198,0,GPU-93ae0c7f-c327-aee3-adae-bc0d1dae71ea,0.3,0.6155349291646312,12282.0,4465.0,546.29,NVIDIA GeForce RTX 4070,[N/A],Enabled,Enabled
1701974881.411219,0,GPU-93ae0c7f-c327-aee3-adae-bc0d1dae71ea,0.3,0.6155349291646312,12282.0,4465.0,546.29,NVIDIA GeForce RTX 4070,[N/A],Enabled,Enabled
1701974882.411243,0,GPU-93ae0c7f-c327-aee3-adae-bc0d1dae71ea,0.3,0.6155349291646312,12282.0,4465.0,546.29,NVIDIA GeForce RTX 4070,[N/A],Enabled,Enabled
1701974883.410199,0,GPU-93ae0c7f-c327-aee3-adae-bc0d1dae71ea,0.3,0.6155349291646312,12282.0,4465.0,546.29,NVIDIA GeForce RTX 4070,[N/A],Enabled,Enabled
1701974884.4113,0,GPU-93ae0c7f-c327-aee3-adae-bc0d1dae71ea,0.31,0.6155349291646312,12282.0,4465.0,546.29,NVIDIA GeForce RTX 4070,[N/A],Enabled,Enabled
1701974885.411226,0,GPU-93ae0c7f-c327-aee3-adae-bc0d1dae71ea,0.31,0.6155349291646312,12282.0,4465.0,546.29,NVIDIA GeForce RTX 4070,[N/A],Enabled,Enabled
1701974886.410533,0,GPU-93ae0c7f-c327-aee3-adae-bc0d1dae71ea,0.31,0.6155349291646312,12282.0,4465.0,546.29,NVIDIA GeForce RTX 4070,[N/A],Enabled,Enabled
1701974887.410161,0,GPU-93ae0c7f-c327-aee3-adae-bc0d1dae71ea,0.29,0.6155349291646312,12282.0,4465.0,546.29,NVIDIA GeForce RTX 4070,[N/A],Enabled,Enabled
1701974888.410882,0,GPU-93ae0c7f-c327-aee3-adae-bc0d1dae71ea,0.29,0.6155349291646312,12282.0,4465.0,546.29,NVIDIA GeForce RTX 4070,[N/A],Enabled,Enabled
1701974889.410634,0,GPU-93ae0c7f-c327-aee3-adae-bc0d1dae71ea,0.29,0.6155349291646312,12282.0,4465.0,546.29,NVIDIA GeForce RTX 4070,[N/A],Enabled,Enabled
1701974890.410056,0,GPU-93ae0c7f-c327-aee3-adae-bc0d1dae71ea,0.29,0.6155349291646312,12282.0,4465.0,546.29,NVIDIA GeForce RTX 4070,[N/A],Enabled,Enabled
1701974891.410714,0,GPU-93ae0c7f-c327-aee3-adae-bc0d1dae71ea,0.3,0.6155349291646312,12282.0,4465.0,546.29,NVIDIA GeForce RTX 4070,[N/A],Enabled,Enabled
1701974892.410206,0,GPU-93ae0c7f-c327-aee3-adae-bc0d1dae71ea,0.3,0.6155349291646312,12282.0,4465.0,546.29,NVIDIA GeForce RTX 4070,[N/A],Enabled,Enabled
1701974893.410651,0,GPU-93ae0c7f-c327-aee3-adae-bc0d1dae71ea,0.31,0.6155349291646312,12282.0,4465.0,546.29,NVIDIA GeForce RTX 4070,[N/A],Enabled,Enabled
1701974894.4108,0,GPU-93ae0c7f-c327-aee3-adae-bc0d1dae71ea,0.31,0.6155349291646312,12282.0,4465.0,546.29,NVIDIA GeForce RTX 4070,[N/A],Enabled,Enabled
1701974895.410472,0,GPU-93ae0c7f-c327-aee3-adae-bc0d1dae71ea,0.32,0.6155349291646312,12282.0,4465.0,546.29,NVIDIA GeForce RTX 4070,[N/A],Enabled,Enabled
1701974896.410142,0,GPU-93ae0c7f-c327-aee3-adae-bc0d1dae71ea,0.3,0.6155349291646312,12282.0,4465.0,546.29,NVIDIA GeForce RTX 4070,[N/A],Enabled,Enabled
1701974897.410315,0,GPU-93ae0c7f-c327-aee3-adae-bc0d1dae71ea,0.3,0.6155349291646312,12282.0,4465.0,546.29,NVIDIA GeForce RTX 4070,[N/A],Enabled,Enabled
1701974898.410035,0,GPU-93ae0c7f-c327-aee3-adae-bc0d1dae71ea,0.3,0.6155349291646312,12282.0,4465.0,546.29,NVIDIA GeForce RTX 4070,[N/A],Enabled,Enabled
1701974899.411019,0,GPU-93ae0c7f-c327-aee3-adae-bc0d1dae71ea,0.29,0.6155349291646312,12282.0,4465.0,546.29,NVIDIA GeForce RTX 4070,[N/A],Enabled,Enabled
1701974900.410872,0,GPU-93ae0c7f-c327-aee3-adae-bc0d1dae71ea,0.31,0.6155349291646312,12282.0,4465.0,546.29,NVIDIA GeForce RTX 4070,[N/A],Enabled,Enabled
1701974901.410418,0,GPU-93ae0c7f-c327-aee3-adae-bc0d1dae71ea,0.3,0.6161862888780328,12282.0,4457.0,546.29,NVIDIA GeForce RTX 4070,[N/A],Enabled,Enabled
1701974902.410532,0,GPU-93ae0c7f-c327-aee3-adae-bc0d1dae71ea,0.29,0.6155349291646312,12282.0,4465.0,546.29,NVIDIA GeForce RTX 4070,[N/A],Enabled,Enabled
1701974903.41107,0,GPU-93ae0c7f-c327-aee3-adae-bc0d1dae71ea,0.31,0.6155349291646312,12282.0,4465.0,546.29,NVIDIA GeForce RTX 4070,[N/A],Enabled,Enabled
1701974904.411505,0,GPU-93ae0c7f-c327-aee3-adae-bc0d1dae71ea,0.31,0.6155349291646312,12282.0,4465.0,546.29,NVIDIA GeForce RTX 4070,[N/A],Enabled,Enabled
1701974905.410893,0,GPU-93ae0c7f-c327-aee3-adae-bc0d1dae71ea,0.3,0.6155349291646312,12282.0,4465.0,546.29,NVIDIA GeForce RTX 4070,[N/A],Enabled,Enabled
1701974906.411223,0,GPU-93ae0c7f-c327-aee3-adae-bc0d1dae71ea,0.29,0.6155349291646312,12282.0,4465.0,546.29,NVIDIA GeForce RTX 4070,[N/A],Enabled,Enabled
1701974907.410687,0,GPU-93ae0c7f-c327-aee3-adae-bc0d1dae71ea,0.29,0.6155349291646312,12282.0,4465.0,546.29,NVIDIA GeForce RTX 4070,[N/A],Enabled,Enabled
1701974908.410408,0,GPU-93ae0c7f-c327-aee3-adae-bc0d1dae71ea,0.3,0.6155349291646312,12282.0,4465.0,546.29,NVIDIA GeForce RTX 4070,[N/A],Enabled,Enabled
1701974909.41135,0,GPU-93ae0c7f-c327-aee3-adae-bc0d1dae71ea,0.3,0.6155349291646312,12282.0,4465.0,546.29,NVIDIA GeForce RTX 4070,[N/A],Enabled,Enabled
1701974910.410521,0,GPU-93ae0c7f-c327-aee3-adae-bc0d1dae71ea,0.28,0.6155349291646312,12282.0,4465.0,546.29,NVIDIA GeForce RTX 4070,[N/A],Enabled,Enabled
1701974911.410421,0,GPU-93ae0c7f-c327-aee3-adae-bc0d1dae71ea,0.29,0.615860609021332,12282.0,4461.0,546.29,NVIDIA GeForce RTX 4070,[N/A],Enabled,Enabled
1701974912.410462,0,GPU-93ae0c7f-c327-aee3-adae-bc0d1dae71ea,0.27,0.615860609021332,12282.0,4461.0,546.29,NVIDIA GeForce RTX 4070,[N/A],Enabled,Enabled
1701974913.41109,0,GPU-93ae0c7f-c327-aee3-adae-bc0d1dae71ea,0.27,0.615860609021332,12282.0,4461.0,546.29,NVIDIA GeForce RTX 4070,[N/A],Enabled,Enabled
1701974914.410982,0,GPU-93ae0c7f-c327-aee3-adae-bc0d1dae71ea,0.27,0.615860609021332,12282.0,4461.0,546.29,NVIDIA GeForce RTX 4070,[N/A],Enabled,Enabled
1701974915.410621,0,GPU-93ae0c7f-c327-aee3-adae-bc0d1dae71ea,0.27,0.615860609021332,12282.0,4461.0,546.29,NVIDIA GeForce RTX 4070,[N/A],Enabled,Enabled
1701974916.41037,0,GPU-93ae0c7f-c327-aee3-adae-bc0d1dae71ea,0.27,0.615860609021332,12282.0,4461.0,546.29,NVIDIA GeForce RTX 4070,[N/A],Enabled,Enabled
1701974917.410525,0,GPU-93ae0c7f-c327-aee3-adae-bc0d1dae71ea,0.24,0.615860609021332,12282.0,4461.0,546.29,NVIDIA GeForce RTX 4070,[N/A],Enabled,Enabled
1701974918.410123,0,GPU-93ae0c7f-c327-aee3-adae-bc0d1dae71ea,0.23,0.6152092493079303,12282.0,4469.0,546.29,NVIDIA GeForce RTX 4070,[N/A],Enabled,Enabled
1701974919.411223,0,GPU-93ae0c7f-c327-aee3-adae-bc0d1dae71ea,0.23,0.6152092493079303,12282.0,4469.0,546.29,NVIDIA GeForce RTX 4070,[N/A],Enabled,Enabled
1701974920.411084,0,GPU-93ae0c7f-c327-aee3-adae-bc0d1dae71ea,0.23,0.6152092493079303,12282.0,4469.0,546.29,NVIDIA GeForce RTX 4070,[N/A],Enabled,Enabled
1701974921.411003,0,GPU-93ae0c7f-c327-aee3-adae-bc0d1dae71ea,0.23,0.6155349291646312,12282.0,4465.0,546.29,NVIDIA GeForce RTX 4070,[N/A],Enabled,Enabled
1701974922.411005,0,GPU-93ae0c7f-c327-aee3-adae-bc0d1dae71ea,0.28,0.615860609021332,12282.0,4461.0,546.29,NVIDIA GeForce RTX 4070,[N/A],Enabled,Enabled
1701974923.410063,0,GPU-93ae0c7f-c327-aee3-adae-bc0d1dae71ea,0.28,0.615860609021332,12282.0,4461.0,546.29,NVIDIA GeForce RTX 4070,[N/A],Enabled,Enabled
1701974924.411021,0,GPU-93ae0c7f-c327-aee3-adae-bc0d1dae71ea,0.26,0.615860609021332,12282.0,4461.0,546.29,NVIDIA GeForce RTX 4070,[N/A],Enabled,Enabled
1701974925.410661,0,GPU-93ae0c7f-c327-aee3-adae-bc0d1dae71ea,0.24,0.615860609021332,12282.0,4461.0,546.29,NVIDIA GeForce RTX 4070,[N/A],Enabled,Enabled
1701974926.410208,0,GPU-93ae0c7f-c327-aee3-adae-bc0d1dae71ea,0.26,0.615860609021332,12282.0,4461.0,546.29,NVIDIA GeForce RTX 4070,[N/A],Enabled,Enabled
1701974927.410735,0,GPU-93ae0c7f-c327-aee3-adae-bc0d1dae71ea,0.25,0.615860609021332,12282.0,4461.0,546.29,NVIDIA GeForce RTX 4070,[N/A],Enabled,Enabled
1701974928.410295,0,GPU-93ae0c7f-c327-aee3-adae-bc0d1dae71ea,0.26,0.615860609021332,12282.0,4461.0,546.29,NVIDIA GeForce RTX 4070,[N/A],Enabled,Enabled
1701974929.410892,0,GPU-93ae0c7f-c327-aee3-adae-bc0d1dae71ea,0.26,0.615860609021332,12282.0,4461.0,546.29,NVIDIA GeForce RTX 4070,[N/A],Enabled,Enabled
1701974930.410365,0,GPU-93ae0c7f-c327-aee3-adae-bc0d1dae71ea,0.26,0.615860609021332,12282.0,4461.0,546.29,NVIDIA GeForce RTX 4070,[N/A],Enabled,Enabled
1701974931.410472,0,GPU-93ae0c7f-c327-aee3-adae-bc0d1dae71ea,0.25,0.615860609021332,12282.0,4461.0,546.29,NVIDIA GeForce RTX 4070,[N/A],Enabled,Enabled
1701974932.411165,0,GPU-93ae0c7f-c327-aee3-adae-bc0d1dae71ea,0.25,0.615860609021332,12282.0,4461.0,546.29,NVIDIA GeForce RTX 4070,[N/A],Enabled,Enabled
1701974933.410364,0,GPU-93ae0c7f-c327-aee3-adae-bc0d1dae71ea,0.04,0.615860609021332,12282.0,4461.0,546.29,NVIDIA GeForce RTX 4070,[N/A],Enabled,Enabled
1701974934.410404,0,GPU-93ae0c7f-c327-aee3-adae-bc0d1dae71ea,0.04,0.6060087933561309,12282.0,4582.0,546.29,NVIDIA GeForce RTX 4070,[N/A],Enabled,Enabled
1701974935.410222,0,GPU-93ae0c7f-c327-aee3-adae-bc0d1dae71ea,0.13,0.6395538185963198,12282.0,4170.0,546.29,NVIDIA GeForce RTX 4070,[N/A],Enabled,Enabled
1701974936.410831,0,GPU-93ae0c7f-c327-aee3-adae-bc0d1dae71ea,0.17,0.2971014492753623,12282.0,8376.0,546.29,NVIDIA GeForce RTX 4070,[N/A],Enabled,Enabled
1701974937.410803,0,GPU-93ae0c7f-c327-aee3-adae-bc0d1dae71ea,0.16,0.29669434945448625,12282.0,8381.0,546.29,NVIDIA GeForce RTX 4070,[N/A],Enabled,Enabled
1701974938.410404,0,GPU-93ae0c7f-c327-aee3-adae-bc0d1dae71ea,0.16,0.29571730988438366,12282.0,8393.0,546.29,NVIDIA GeForce RTX 4070,[N/A],Enabled,Enabled
1701974939.410648,0,GPU-93ae0c7f-c327-aee3-adae-bc0d1dae71ea,0.16,0.2940889106008793,12282.0,8413.0,546.29,NVIDIA GeForce RTX 4070,[N/A],Enabled,Enabled
1701974940.411199,0,GPU-93ae0c7f-c327-aee3-adae-bc0d1dae71ea,0.16,0.2930304510666015,12282.0,8426.0,546.29,NVIDIA GeForce RTX 4070,[N/A],Enabled,Enabled
1701974941.410903,0,GPU-93ae0c7f-c327-aee3-adae-bc0d1dae71ea,0.17,0.29262335124572547,12282.0,8431.0,546.29,NVIDIA GeForce RTX 4070,[N/A],Enabled,Enabled
1701974942.411003,0,GPU-93ae0c7f-c327-aee3-adae-bc0d1dae71ea,0.17,0.29262335124572547,12282.0,8431.0,546.29,NVIDIA GeForce RTX 4070,[N/A],Enabled,Enabled
