timestamp,id,uuid,load,memoryUtil,memoryTotal,memoryUsed,memoryFree,driver,name,serial,display_mode,display_active
1701814070.188854,0,GPU-93ae0c7f-c327-aee3-adae-bc0d1dae71ea,0.12,0.3837322911577919,12282.0,7312.0,546.29,NVIDIA GeForce RTX 4070,[N/A],Enabled,Enabled
1701814071.18542,0,GPU-93ae0c7f-c327-aee3-adae-bc0d1dae71ea,0.08,0.3625631004722358,12282.0,7572.0,546.29,NVIDIA GeForce RTX 4070,[N/A],Enabled,Enabled
1701814072.18526,0,GPU-93ae0c7f-c327-aee3-adae-bc0d1dae71ea,0.08,0.3625631004722358,12282.0,7572.0,546.29,NVIDIA GeForce RTX 4070,[N/A],Enabled,Enabled
1701814073.185465,0,GPU-93ae0c7f-c327-aee3-adae-bc0d1dae71ea,0.06,0.2908321120338707,12282.0,8453.0,546.29,NVIDIA GeForce RTX 4070,[N/A],Enabled,Enabled
1701814074.185592,0,GPU-93ae0c7f-c327-aee3-adae-bc0d1dae71ea,0.13,0.45236932095749877,12282.0,6469.0,546.29,NVIDIA GeForce RTX 4070,[N/A],Enabled,Enabled
1701814075.185693,0,GPU-93ae0c7f-c327-aee3-adae-bc0d1dae71ea,0.3,0.47549259078326006,12282.0,6185.0,546.29,NVIDIA GeForce RTX 4070,[N/A],Enabled,Enabled
1701814076.185971,0,GPU-93ae0c7f-c327-aee3-adae-bc0d1dae71ea,0.3,0.4748412310698583,12282.0,6193.0,546.29,NVIDIA GeForce RTX 4070,[N/A],Enabled,Enabled
1701814077.186003,0,GPU-93ae0c7f-c327-aee3-adae-bc0d1dae71ea,0.27,0.46987461325517016,12282.0,6254.0,546.29,NVIDIA GeForce RTX 4070,[N/A],Enabled,Enabled
1701814078.185919,0,GPU-93ae0c7f-c327-aee3-adae-bc0d1dae71ea,0.29,0.47410845139228136,12282.0,6202.0,546.29,NVIDIA GeForce RTX 4070,[N/A],Enabled,Enabled
1701814079.186027,0,GPU-93ae0c7f-c327-aee3-adae-bc0d1dae71ea,0.09,0.5748249470770233,12282.0,4965.0,546.29,NVIDIA GeForce RTX 4070,[N/A],Enabled,Enabled
1701814080.185264,0,GPU-93ae0c7f-c327-aee3-adae-bc0d1dae71ea,0.33,0.4793193290994952,12282.0,6138.0,546.29,NVIDIA GeForce RTX 4070,[N/A],Enabled,Enabled
1701814081.186112,0,GPU-93ae0c7f-c327-aee3-adae-bc0d1dae71ea,0.27,0.47948216902784563,12282.0,6136.0,546.29,NVIDIA GeForce RTX 4070,[N/A],Enabled,Enabled
1701814082.185556,0,GPU-93ae0c7f-c327-aee3-adae-bc0d1dae71ea,0.3,0.4751669109265592,12282.0,6189.0,546.29,NVIDIA GeForce RTX 4070,[N/A],Enabled,Enabled
1701814083.185704,0,GPU-93ae0c7f-c327-aee3-adae-bc0d1dae71ea,0.32,0.47948216902784563,12282.0,6136.0,546.29,NVIDIA GeForce RTX 4070,[N/A],Enabled,Enabled
1701814084.185377,0,GPU-93ae0c7f-c327-aee3-adae-bc0d1dae71ea,0.3,0.47972642892037126,12282.0,6133.0,546.29,NVIDIA GeForce RTX 4070,[N/A],Enabled,Enabled
1701814085.185914,0,GPU-93ae0c7f-c327-aee3-adae-bc0d1dae71ea,0.33,0.48111056831134996,12282.0,6116.0,546.29,NVIDIA GeForce RTX 4070,[N/A],Enabled,Enabled
1701814086.185844,0,GPU-93ae0c7f-c327-aee3-adae-bc0d1dae71ea,0.3,0.4798078488845465,12282.0,6132.0,546.29,NVIDIA GeForce RTX 4070,[N/A],Enabled,Enabled
1701814087.185621,0,GPU-93ae0c7f-c327-aee3-adae-bc0d1dae71ea,0.27,0.47541117081908485,12282.0,6186.0,546.29,NVIDIA GeForce RTX 4070,[N/A],Enabled,Enabled
1701814088.186009,0,GPU-93ae0c7f-c327-aee3-adae-bc0d1dae71ea,0.28,0.47532975085490964,12282.0,6187.0,546.29,NVIDIA GeForce RTX 4070,[N/A],Enabled,Enabled
1701814089.186603,0,GPU-93ae0c7f-c327-aee3-adae-bc0d1dae71ea,0.27,0.47532975085490964,12282.0,6187.0,546.29,NVIDIA GeForce RTX 4070,[N/A],Enabled,Enabled
1701814090.185543,0,GPU-93ae0c7f-c327-aee3-adae-bc0d1dae71ea,0.27,0.47508549096238395,12282.0,6190.0,546.29,NVIDIA GeForce RTX 4070,[N/A],Enabled,Enabled
1701814091.186065,0,GPU-93ae0c7f-c327-aee3-adae-bc0d1dae71ea,0.26,0.47508549096238395,12282.0,6190.0,546.29,NVIDIA GeForce RTX 4070,[N/A],Enabled,Enabled
1701814092.18673,0,GPU-93ae0c7f-c327-aee3-adae-bc0d1dae71ea,0.3,0.4793193290994952,12282.0,6138.0,546.29,NVIDIA GeForce RTX 4070,[N/A],Enabled,Enabled
1701814093.186385,0,GPU-93ae0c7f-c327-aee3-adae-bc0d1dae71ea,0.2,0.48314606741573035,12282.0,6091.0,546.29,NVIDIA GeForce RTX 4070,[N/A],Enabled,Enabled
1701814094.18584,0,GPU-93ae0c7f-c327-aee3-adae-bc0d1dae71ea,0.38,0.48314606741573035,12282.0,6091.0,546.29,NVIDIA GeForce RTX 4070,[N/A],Enabled,Enabled
1701814095.186229,0,GPU-93ae0c7f-c327-aee3-adae-bc0d1dae71ea,0.4,0.48314606741573035,12282.0,6091.0,546.29,NVIDIA GeForce RTX 4070,[N/A],Enabled,Enabled
1701814096.185766,0,GPU-93ae0c7f-c327-aee3-adae-bc0d1dae71ea,0.43,0.48314606741573035,12282.0,6091.0,546.29,NVIDIA GeForce RTX 4070,[N/A],Enabled,Enabled
1701814097.185411,0,GPU-93ae0c7f-c327-aee3-adae-bc0d1dae71ea,0.38,0.48314606741573035,12282.0,6091.0,546.29,NVIDIA GeForce RTX 4070,[N/A],Enabled,Enabled
1701814098.186079,0,GPU-93ae0c7f-c327-aee3-adae-bc0d1dae71ea,0.42,0.48314606741573035,12282.0,6091.0,546.29,NVIDIA GeForce RTX 4070,[N/A],Enabled,Enabled
1701814099.185759,0,GPU-93ae0c7f-c327-aee3-adae-bc0d1dae71ea,0.37,0.48322748737990556,12282.0,6090.0,546.29,NVIDIA GeForce RTX 4070,[N/A],Enabled,Enabled
1701814100.185869,0,GPU-93ae0c7f-c327-aee3-adae-bc0d1dae71ea,0.44,0.48322748737990556,12282.0,6090.0,546.29,NVIDIA GeForce RTX 4070,[N/A],Enabled,Enabled
1701814101.185032,0,GPU-93ae0c7f-c327-aee3-adae-bc0d1dae71ea,0.37,0.48322748737990556,12282.0,6090.0,546.29,NVIDIA GeForce RTX 4070,[N/A],Enabled,Enabled
1701814102.185739,0,GPU-93ae0c7f-c327-aee3-adae-bc0d1dae71ea,0.4,0.48322748737990556,12282.0,6090.0,546.29,NVIDIA GeForce RTX 4070,[N/A],Enabled,Enabled
1701814103.185534,0,GPU-93ae0c7f-c327-aee3-adae-bc0d1dae71ea,0.4,0.48322748737990556,12282.0,6090.0,546.29,NVIDIA GeForce RTX 4070,[N/A],Enabled,Enabled
1701814104.184873,0,GPU-93ae0c7f-c327-aee3-adae-bc0d1dae71ea,0.44,0.48159908809640123,12282.0,6110.0,546.29,NVIDIA GeForce RTX 4070,[N/A],Enabled,Enabled
1701814105.185097,0,GPU-93ae0c7f-c327-aee3-adae-bc0d1dae71ea,0.39,0.48208760788145255,12282.0,6104.0,546.29,NVIDIA GeForce RTX 4070,[N/A],Enabled,Enabled
1701814106.185483,0,GPU-93ae0c7f-c327-aee3-adae-bc0d1dae71ea,0.38,0.48208760788145255,12282.0,6104.0,546.29,NVIDIA GeForce RTX 4070,[N/A],Enabled,Enabled
1701814107.186087,0,GPU-93ae0c7f-c327-aee3-adae-bc0d1dae71ea,0.4,0.48200618791727734,12282.0,6105.0,546.29,NVIDIA GeForce RTX 4070,[N/A],Enabled,Enabled
1701814108.185565,0,GPU-93ae0c7f-c327-aee3-adae-bc0d1dae71ea,0.42,0.4819247679531021,12282.0,6106.0,546.29,NVIDIA GeForce RTX 4070,[N/A],Enabled,Enabled
1701814109.185893,0,GPU-93ae0c7f-c327-aee3-adae-bc0d1dae71ea,0.39,0.4819247679531021,12282.0,6106.0,546.29,NVIDIA GeForce RTX 4070,[N/A],Enabled,Enabled
1701814110.18604,0,GPU-93ae0c7f-c327-aee3-adae-bc0d1dae71ea,0.43,0.4819247679531021,12282.0,6106.0,546.29,NVIDIA GeForce RTX 4070,[N/A],Enabled,Enabled
1701814111.186136,0,GPU-93ae0c7f-c327-aee3-adae-bc0d1dae71ea,0.39,0.4819247679531021,12282.0,6106.0,546.29,NVIDIA GeForce RTX 4070,[N/A],Enabled,Enabled
1701814112.185889,0,GPU-93ae0c7f-c327-aee3-adae-bc0d1dae71ea,0.39,0.4819247679531021,12282.0,6106.0,546.29,NVIDIA GeForce RTX 4070,[N/A],Enabled,Enabled
1701814113.185081,0,GPU-93ae0c7f-c327-aee3-adae-bc0d1dae71ea,0.38,0.48200618791727734,12282.0,6105.0,546.29,NVIDIA GeForce RTX 4070,[N/A],Enabled,Enabled
1701814114.185935,0,GPU-93ae0c7f-c327-aee3-adae-bc0d1dae71ea,0.41,0.48200618791727734,12282.0,6105.0,546.29,NVIDIA GeForce RTX 4070,[N/A],Enabled,Enabled
1701814115.186441,0,GPU-93ae0c7f-c327-aee3-adae-bc0d1dae71ea,0.4,0.48200618791727734,12282.0,6105.0,546.29,NVIDIA GeForce RTX 4070,[N/A],Enabled,Enabled
1701814116.185142,0,GPU-93ae0c7f-c327-aee3-adae-bc0d1dae71ea,0.41,0.48184334798892686,12282.0,6107.0,546.29,NVIDIA GeForce RTX 4070,[N/A],Enabled,Enabled
1701814117.185609,0,GPU-93ae0c7f-c327-aee3-adae-bc0d1dae71ea,0.41,0.48184334798892686,12282.0,6107.0,546.29,NVIDIA GeForce RTX 4070,[N/A],Enabled,Enabled
1701814118.185569,0,GPU-93ae0c7f-c327-aee3-adae-bc0d1dae71ea,0.43,0.4814362481680508,12282.0,6112.0,546.29,NVIDIA GeForce RTX 4070,[N/A],Enabled,Enabled
1701814119.185584,0,GPU-93ae0c7f-c327-aee3-adae-bc0d1dae71ea,0.44,0.4814362481680508,12282.0,6112.0,546.29,NVIDIA GeForce RTX 4070,[N/A],Enabled,Enabled
1701814120.185615,0,GPU-93ae0c7f-c327-aee3-adae-bc0d1dae71ea,0.46,0.4814362481680508,12282.0,6112.0,546.29,NVIDIA GeForce RTX 4070,[N/A],Enabled,Enabled
1701814121.18555,0,GPU-93ae0c7f-c327-aee3-adae-bc0d1dae71ea,0.44,0.4814362481680508,12282.0,6112.0,546.29,NVIDIA GeForce RTX 4070,[N/A],Enabled,Enabled
1701814122.186036,0,GPU-93ae0c7f-c327-aee3-adae-bc0d1dae71ea,0.45,0.4814362481680508,12282.0,6112.0,546.29,NVIDIA GeForce RTX 4070,[N/A],Enabled,Enabled
1701814123.185103,0,GPU-93ae0c7f-c327-aee3-adae-bc0d1dae71ea,0.4,0.4814362481680508,12282.0,6112.0,546.29,NVIDIA GeForce RTX 4070,[N/A],Enabled,Enabled
1701814124.18605,0,GPU-93ae0c7f-c327-aee3-adae-bc0d1dae71ea,0.41,0.4814362481680508,12282.0,6112.0,546.29,NVIDIA GeForce RTX 4070,[N/A],Enabled,Enabled
1701814125.185514,0,GPU-93ae0c7f-c327-aee3-adae-bc0d1dae71ea,0.4,0.4814362481680508,12282.0,6112.0,546.29,NVIDIA GeForce RTX 4070,[N/A],Enabled,Enabled
1701814126.185717,0,GPU-93ae0c7f-c327-aee3-adae-bc0d1dae71ea,0.41,0.4814362481680508,12282.0,6112.0,546.29,NVIDIA GeForce RTX 4070,[N/A],Enabled,Enabled
1701814127.186056,0,GPU-93ae0c7f-c327-aee3-adae-bc0d1dae71ea,0.41,0.48184334798892686,12282.0,6107.0,546.29,NVIDIA GeForce RTX 4070,[N/A],Enabled,Enabled
1701814128.185919,0,GPU-93ae0c7f-c327-aee3-adae-bc0d1dae71ea,0.42,0.481517668132226,12282.0,6111.0,546.29,NVIDIA GeForce RTX 4070,[N/A],Enabled,Enabled
1701814129.186133,0,GPU-93ae0c7f-c327-aee3-adae-bc0d1dae71ea,0.38,0.481517668132226,12282.0,6111.0,546.29,NVIDIA GeForce RTX 4070,[N/A],Enabled,Enabled
1701814130.186049,0,GPU-93ae0c7f-c327-aee3-adae-bc0d1dae71ea,0.41,0.481517668132226,12282.0,6111.0,546.29,NVIDIA GeForce RTX 4070,[N/A],Enabled,Enabled
1701814131.186035,0,GPU-93ae0c7f-c327-aee3-adae-bc0d1dae71ea,0.37,0.481517668132226,12282.0,6111.0,546.29,NVIDIA GeForce RTX 4070,[N/A],Enabled,Enabled
1701814132.185474,0,GPU-93ae0c7f-c327-aee3-adae-bc0d1dae71ea,0.41,0.481517668132226,12282.0,6111.0,546.29,NVIDIA GeForce RTX 4070,[N/A],Enabled,Enabled
1701814133.185816,0,GPU-93ae0c7f-c327-aee3-adae-bc0d1dae71ea,0.38,0.481517668132226,12282.0,6111.0,546.29,NVIDIA GeForce RTX 4070,[N/A],Enabled,Enabled
1701814134.185464,0,GPU-93ae0c7f-c327-aee3-adae-bc0d1dae71ea,0.41,0.4814362481680508,12282.0,6112.0,546.29,NVIDIA GeForce RTX 4070,[N/A],Enabled,Enabled
1701814135.185955,0,GPU-93ae0c7f-c327-aee3-adae-bc0d1dae71ea,0.36,0.4814362481680508,12282.0,6112.0,546.29,NVIDIA GeForce RTX 4070,[N/A],Enabled,Enabled
1701814136.185081,0,GPU-93ae0c7f-c327-aee3-adae-bc0d1dae71ea,0.38,0.4814362481680508,12282.0,6112.0,546.29,NVIDIA GeForce RTX 4070,[N/A],Enabled,Enabled
1701814137.185506,0,GPU-93ae0c7f-c327-aee3-adae-bc0d1dae71ea,0.41,0.4814362481680508,12282.0,6112.0,546.29,NVIDIA GeForce RTX 4070,[N/A],Enabled,Enabled
1701814138.186045,0,GPU-93ae0c7f-c327-aee3-adae-bc0d1dae71ea,0.39,0.4814362481680508,12282.0,6112.0,546.29,NVIDIA GeForce RTX 4070,[N/A],Enabled,Enabled
1701814139.185975,0,GPU-93ae0c7f-c327-aee3-adae-bc0d1dae71ea,0.39,0.4814362481680508,12282.0,6112.0,546.29,NVIDIA GeForce RTX 4070,[N/A],Enabled,Enabled
1701814140.185945,0,GPU-93ae0c7f-c327-aee3-adae-bc0d1dae71ea,0.41,0.48298322748737993,12282.0,6093.0,546.29,NVIDIA GeForce RTX 4070,[N/A],Enabled,Enabled
1701814141.185206,0,GPU-93ae0c7f-c327-aee3-adae-bc0d1dae71ea,0.39,0.48298322748737993,12282.0,6093.0,546.29,NVIDIA GeForce RTX 4070,[N/A],Enabled,Enabled
1701814142.185924,0,GPU-93ae0c7f-c327-aee3-adae-bc0d1dae71ea,0.41,0.48298322748737993,12282.0,6093.0,546.29,NVIDIA GeForce RTX 4070,[N/A],Enabled,Enabled
1701814143.185921,0,GPU-93ae0c7f-c327-aee3-adae-bc0d1dae71ea,0.39,0.48298322748737993,12282.0,6093.0,546.29,NVIDIA GeForce RTX 4070,[N/A],Enabled,Enabled
1701814144.185986,0,GPU-93ae0c7f-c327-aee3-adae-bc0d1dae71ea,0.42,0.48298322748737993,12282.0,6093.0,546.29,NVIDIA GeForce RTX 4070,[N/A],Enabled,Enabled
1701814145.1865,0,GPU-93ae0c7f-c327-aee3-adae-bc0d1dae71ea,0.43,0.48216902784562776,12282.0,6103.0,546.29,NVIDIA GeForce RTX 4070,[N/A],Enabled,Enabled
1701814146.186044,0,GPU-93ae0c7f-c327-aee3-adae-bc0d1dae71ea,0.45,0.48111056831134996,12282.0,6116.0,546.29,NVIDIA GeForce RTX 4070,[N/A],Enabled,Enabled
1701814147.186423,0,GPU-93ae0c7f-c327-aee3-adae-bc0d1dae71ea,0.43,0.48111056831134996,12282.0,6116.0,546.29,NVIDIA GeForce RTX 4070,[N/A],Enabled,Enabled
1701814148.185913,0,GPU-93ae0c7f-c327-aee3-adae-bc0d1dae71ea,0.48,0.48111056831134996,12282.0,6116.0,546.29,NVIDIA GeForce RTX 4070,[N/A],Enabled,Enabled
1701814149.185286,0,GPU-93ae0c7f-c327-aee3-adae-bc0d1dae71ea,0.44,0.48111056831134996,12282.0,6116.0,546.29,NVIDIA GeForce RTX 4070,[N/A],Enabled,Enabled
1701814150.185966,0,GPU-93ae0c7f-c327-aee3-adae-bc0d1dae71ea,0.42,0.48111056831134996,12282.0,6116.0,546.29,NVIDIA GeForce RTX 4070,[N/A],Enabled,Enabled
1701814151.185728,0,GPU-93ae0c7f-c327-aee3-adae-bc0d1dae71ea,0.42,0.48111056831134996,12282.0,6116.0,546.29,NVIDIA GeForce RTX 4070,[N/A],Enabled,Enabled
1701814152.185298,0,GPU-93ae0c7f-c327-aee3-adae-bc0d1dae71ea,0.43,0.48111056831134996,12282.0,6116.0,546.29,NVIDIA GeForce RTX 4070,[N/A],Enabled,Enabled
1701814153.18573,0,GPU-93ae0c7f-c327-aee3-adae-bc0d1dae71ea,0.42,0.48485588666340984,12282.0,6070.0,546.29,NVIDIA GeForce RTX 4070,[N/A],Enabled,Enabled
1701814154.186031,0,GPU-93ae0c7f-c327-aee3-adae-bc0d1dae71ea,0.4,0.4834717472724312,12282.0,6087.0,546.29,NVIDIA GeForce RTX 4070,[N/A],Enabled,Enabled
1701814155.186007,0,GPU-93ae0c7f-c327-aee3-adae-bc0d1dae71ea,0.41,0.4834717472724312,12282.0,6087.0,546.29,NVIDIA GeForce RTX 4070,[N/A],Enabled,Enabled
1701814156.185761,0,GPU-93ae0c7f-c327-aee3-adae-bc0d1dae71ea,0.39,0.48404168702165773,12282.0,6080.0,546.29,NVIDIA GeForce RTX 4070,[N/A],Enabled,Enabled
1701814157.185872,0,GPU-93ae0c7f-c327-aee3-adae-bc0d1dae71ea,0.42,0.48404168702165773,12282.0,6080.0,546.29,NVIDIA GeForce RTX 4070,[N/A],Enabled,Enabled
1701814158.185385,0,GPU-93ae0c7f-c327-aee3-adae-bc0d1dae71ea,0.44,0.48379742712913204,12282.0,6083.0,546.29,NVIDIA GeForce RTX 4070,[N/A],Enabled,Enabled
1701814159.185676,0,GPU-93ae0c7f-c327-aee3-adae-bc0d1dae71ea,0.42,0.48379742712913204,12282.0,6083.0,546.29,NVIDIA GeForce RTX 4070,[N/A],Enabled,Enabled
1701814160.185226,0,GPU-93ae0c7f-c327-aee3-adae-bc0d1dae71ea,0.41,0.48379742712913204,12282.0,6083.0,546.29,NVIDIA GeForce RTX 4070,[N/A],Enabled,Enabled
1701814161.185841,0,GPU-93ae0c7f-c327-aee3-adae-bc0d1dae71ea,0.4,0.48379742712913204,12282.0,6083.0,546.29,NVIDIA GeForce RTX 4070,[N/A],Enabled,Enabled
1701814162.184994,0,GPU-93ae0c7f-c327-aee3-adae-bc0d1dae71ea,0.49,0.48379742712913204,12282.0,6083.0,546.29,NVIDIA GeForce RTX 4070,[N/A],Enabled,Enabled
1701814163.185663,0,GPU-93ae0c7f-c327-aee3-adae-bc0d1dae71ea,0.41,0.4836345872007816,12282.0,6085.0,546.29,NVIDIA GeForce RTX 4070,[N/A],Enabled,Enabled
1701814164.186334,0,GPU-93ae0c7f-c327-aee3-adae-bc0d1dae71ea,0.43,0.4835531672366064,12282.0,6086.0,546.29,NVIDIA GeForce RTX 4070,[N/A],Enabled,Enabled
1701814165.186065,0,GPU-93ae0c7f-c327-aee3-adae-bc0d1dae71ea,0.46,0.4835531672366064,12282.0,6086.0,546.29,NVIDIA GeForce RTX 4070,[N/A],Enabled,Enabled
1701814166.184974,0,GPU-93ae0c7f-c327-aee3-adae-bc0d1dae71ea,0.45,0.4835531672366064,12282.0,6086.0,546.29,NVIDIA GeForce RTX 4070,[N/A],Enabled,Enabled
1701814167.186898,0,GPU-93ae0c7f-c327-aee3-adae-bc0d1dae71ea,0.39,0.4823318677739782,12282.0,6101.0,546.29,NVIDIA GeForce RTX 4070,[N/A],Enabled,Enabled
1701814168.186039,0,GPU-93ae0c7f-c327-aee3-adae-bc0d1dae71ea,0.41,0.4823318677739782,12282.0,6101.0,546.29,NVIDIA GeForce RTX 4070,[N/A],Enabled,Enabled
1701814169.185201,0,GPU-93ae0c7f-c327-aee3-adae-bc0d1dae71ea,0.39,0.4846930467350594,12282.0,6072.0,546.29,NVIDIA GeForce RTX 4070,[N/A],Enabled,Enabled
1701814170.185639,0,GPU-93ae0c7f-c327-aee3-adae-bc0d1dae71ea,0.45,0.483390327308256,12282.0,6088.0,546.29,NVIDIA GeForce RTX 4070,[N/A],Enabled,Enabled
1701814171.185776,0,GPU-93ae0c7f-c327-aee3-adae-bc0d1dae71ea,0.4,0.4833089073440808,12282.0,6089.0,546.29,NVIDIA GeForce RTX 4070,[N/A],Enabled,Enabled
1701814172.186,0,GPU-93ae0c7f-c327-aee3-adae-bc0d1dae71ea,0.44,0.48290180752320466,12282.0,6094.0,546.29,NVIDIA GeForce RTX 4070,[N/A],Enabled,Enabled
1701814173.184995,0,GPU-93ae0c7f-c327-aee3-adae-bc0d1dae71ea,0.5,0.48282038755902945,12282.0,6095.0,546.29,NVIDIA GeForce RTX 4070,[N/A],Enabled,Enabled
1701814174.185309,0,GPU-93ae0c7f-c327-aee3-adae-bc0d1dae71ea,0.42,0.48282038755902945,12282.0,6095.0,546.29,NVIDIA GeForce RTX 4070,[N/A],Enabled,Enabled
1701814175.186046,0,GPU-93ae0c7f-c327-aee3-adae-bc0d1dae71ea,0.41,0.48282038755902945,12282.0,6095.0,546.29,NVIDIA GeForce RTX 4070,[N/A],Enabled,Enabled
1701814176.185978,0,GPU-93ae0c7f-c327-aee3-adae-bc0d1dae71ea,0.42,0.48200618791727734,12282.0,6105.0,546.29,NVIDIA GeForce RTX 4070,[N/A],Enabled,Enabled
1701814177.185329,0,GPU-93ae0c7f-c327-aee3-adae-bc0d1dae71ea,0.41,0.481517668132226,12282.0,6111.0,546.29,NVIDIA GeForce RTX 4070,[N/A],Enabled,Enabled
1701814178.185883,0,GPU-93ae0c7f-c327-aee3-adae-bc0d1dae71ea,0.42,0.4813548282038756,12282.0,6113.0,546.29,NVIDIA GeForce RTX 4070,[N/A],Enabled,Enabled
1701814179.185622,0,GPU-93ae0c7f-c327-aee3-adae-bc0d1dae71ea,0.4,0.4813548282038756,12282.0,6113.0,546.29,NVIDIA GeForce RTX 4070,[N/A],Enabled,Enabled
1701814180.18674,0,GPU-93ae0c7f-c327-aee3-adae-bc0d1dae71ea,0.44,0.4812734082397004,12282.0,6114.0,546.29,NVIDIA GeForce RTX 4070,[N/A],Enabled,Enabled
1701814181.185935,0,GPU-93ae0c7f-c327-aee3-adae-bc0d1dae71ea,0.42,0.4812734082397004,12282.0,6114.0,546.29,NVIDIA GeForce RTX 4070,[N/A],Enabled,Enabled
1701814182.185993,0,GPU-93ae0c7f-c327-aee3-adae-bc0d1dae71ea,0.41,0.4812734082397004,12282.0,6114.0,546.29,NVIDIA GeForce RTX 4070,[N/A],Enabled,Enabled
1701814183.186033,0,GPU-93ae0c7f-c327-aee3-adae-bc0d1dae71ea,0.43,0.4812734082397004,12282.0,6114.0,546.29,NVIDIA GeForce RTX 4070,[N/A],Enabled,Enabled
1701814184.185551,0,GPU-93ae0c7f-c327-aee3-adae-bc0d1dae71ea,0.43,0.4812734082397004,12282.0,6114.0,546.29,NVIDIA GeForce RTX 4070,[N/A],Enabled,Enabled
1701814185.185319,0,GPU-93ae0c7f-c327-aee3-adae-bc0d1dae71ea,0.38,0.4812734082397004,12282.0,6114.0,546.29,NVIDIA GeForce RTX 4070,[N/A],Enabled,Enabled
1701814186.18657,0,GPU-93ae0c7f-c327-aee3-adae-bc0d1dae71ea,0.46,0.4859143461976877,12282.0,6057.0,546.29,NVIDIA GeForce RTX 4070,[N/A],Enabled,Enabled
1701814187.185762,0,GPU-93ae0c7f-c327-aee3-adae-bc0d1dae71ea,0.45,0.4859143461976877,12282.0,6057.0,546.29,NVIDIA GeForce RTX 4070,[N/A],Enabled,Enabled
1701814188.185904,0,GPU-93ae0c7f-c327-aee3-adae-bc0d1dae71ea,0.42,0.4859143461976877,12282.0,6057.0,546.29,NVIDIA GeForce RTX 4070,[N/A],Enabled,Enabled
1701814189.185572,0,GPU-93ae0c7f-c327-aee3-adae-bc0d1dae71ea,0.41,0.48632144601856375,12282.0,6052.0,546.29,NVIDIA GeForce RTX 4070,[N/A],Enabled,Enabled
1701814190.185535,0,GPU-93ae0c7f-c327-aee3-adae-bc0d1dae71ea,0.47,0.4865657059110894,12282.0,6049.0,546.29,NVIDIA GeForce RTX 4070,[N/A],Enabled,Enabled
1701814191.186069,0,GPU-93ae0c7f-c327-aee3-adae-bc0d1dae71ea,0.38,0.48624002605438854,12282.0,6053.0,546.29,NVIDIA GeForce RTX 4070,[N/A],Enabled,Enabled
1701814192.186274,0,GPU-93ae0c7f-c327-aee3-adae-bc0d1dae71ea,0.43,0.48615860609021333,12282.0,6054.0,546.29,NVIDIA GeForce RTX 4070,[N/A],Enabled,Enabled
1701814193.186065,0,GPU-93ae0c7f-c327-aee3-adae-bc0d1dae71ea,0.43,0.48615860609021333,12282.0,6054.0,546.29,NVIDIA GeForce RTX 4070,[N/A],Enabled,Enabled
1701814194.185653,0,GPU-93ae0c7f-c327-aee3-adae-bc0d1dae71ea,0.42,0.4860771861260381,12282.0,6055.0,546.29,NVIDIA GeForce RTX 4070,[N/A],Enabled,Enabled
1701814195.185971,0,GPU-93ae0c7f-c327-aee3-adae-bc0d1dae71ea,0.43,0.4855072463768116,12282.0,6062.0,546.29,NVIDIA GeForce RTX 4070,[N/A],Enabled,Enabled
1701814196.185923,0,GPU-93ae0c7f-c327-aee3-adae-bc0d1dae71ea,0.46,0.48526298648428595,12282.0,6065.0,546.29,NVIDIA GeForce RTX 4070,[N/A],Enabled,Enabled
1701814197.185552,0,GPU-93ae0c7f-c327-aee3-adae-bc0d1dae71ea,0.45,0.4855072463768116,12282.0,6062.0,546.29,NVIDIA GeForce RTX 4070,[N/A],Enabled,Enabled
1701814198.186131,0,GPU-93ae0c7f-c327-aee3-adae-bc0d1dae71ea,0.45,0.4854258264126364,12282.0,6063.0,546.29,NVIDIA GeForce RTX 4070,[N/A],Enabled,Enabled
1701814199.186768,0,GPU-93ae0c7f-c327-aee3-adae-bc0d1dae71ea,0.49,0.4854258264126364,12282.0,6063.0,546.29,NVIDIA GeForce RTX 4070,[N/A],Enabled,Enabled
1701814200.186367,0,GPU-93ae0c7f-c327-aee3-adae-bc0d1dae71ea,0.49,0.48534440644846116,12282.0,6064.0,546.29,NVIDIA GeForce RTX 4070,[N/A],Enabled,Enabled
1701814201.18572,0,GPU-93ae0c7f-c327-aee3-adae-bc0d1dae71ea,0.38,0.48534440644846116,12282.0,6064.0,546.29,NVIDIA GeForce RTX 4070,[N/A],Enabled,Enabled
1701814202.18628,0,GPU-93ae0c7f-c327-aee3-adae-bc0d1dae71ea,0.46,0.48387884709330725,12282.0,6082.0,546.29,NVIDIA GeForce RTX 4070,[N/A],Enabled,Enabled
1701814203.185488,0,GPU-93ae0c7f-c327-aee3-adae-bc0d1dae71ea,0.37,0.4836345872007816,12282.0,6085.0,546.29,NVIDIA GeForce RTX 4070,[N/A],Enabled,Enabled
1701814204.185551,0,GPU-93ae0c7f-c327-aee3-adae-bc0d1dae71ea,0.44,0.4836345872007816,12282.0,6085.0,546.29,NVIDIA GeForce RTX 4070,[N/A],Enabled,Enabled
1701814205.186006,0,GPU-93ae0c7f-c327-aee3-adae-bc0d1dae71ea,0.41,0.486809965803615,12282.0,6046.0,546.29,NVIDIA GeForce RTX 4070,[N/A],Enabled,Enabled
1701814206.18544,0,GPU-93ae0c7f-c327-aee3-adae-bc0d1dae71ea,0.45,0.4854258264126364,12282.0,6063.0,546.29,NVIDIA GeForce RTX 4070,[N/A],Enabled,Enabled
1701814207.18573,0,GPU-93ae0c7f-c327-aee3-adae-bc0d1dae71ea,0.42,0.4854258264126364,12282.0,6063.0,546.29,NVIDIA GeForce RTX 4070,[N/A],Enabled,Enabled
1701814208.186463,0,GPU-93ae0c7f-c327-aee3-adae-bc0d1dae71ea,0.46,0.48534440644846116,12282.0,6064.0,546.29,NVIDIA GeForce RTX 4070,[N/A],Enabled,Enabled
1701814209.185524,0,GPU-93ae0c7f-c327-aee3-adae-bc0d1dae71ea,0.41,0.48518156652011074,12282.0,6066.0,546.29,NVIDIA GeForce RTX 4070,[N/A],Enabled,Enabled
1701814210.185887,0,GPU-93ae0c7f-c327-aee3-adae-bc0d1dae71ea,0.45,0.48518156652011074,12282.0,6066.0,546.29,NVIDIA GeForce RTX 4070,[N/A],Enabled,Enabled
1701814211.185572,0,GPU-93ae0c7f-c327-aee3-adae-bc0d1dae71ea,0.47,0.48518156652011074,12282.0,6066.0,546.29,NVIDIA GeForce RTX 4070,[N/A],Enabled,Enabled
1701814212.185739,0,GPU-93ae0c7f-c327-aee3-adae-bc0d1dae71ea,0.48,0.48518156652011074,12282.0,6066.0,546.29,NVIDIA GeForce RTX 4070,[N/A],Enabled,Enabled
1701814213.186141,0,GPU-93ae0c7f-c327-aee3-adae-bc0d1dae71ea,0.41,0.48518156652011074,12282.0,6066.0,546.29,NVIDIA GeForce RTX 4070,[N/A],Enabled,Enabled
1701814214.185177,0,GPU-93ae0c7f-c327-aee3-adae-bc0d1dae71ea,0.43,0.484530206806709,12282.0,6074.0,546.29,NVIDIA GeForce RTX 4070,[N/A],Enabled,Enabled
1701814215.186143,0,GPU-93ae0c7f-c327-aee3-adae-bc0d1dae71ea,0.41,0.4839602670574825,12282.0,6081.0,546.29,NVIDIA GeForce RTX 4070,[N/A],Enabled,Enabled
1701814216.185867,0,GPU-93ae0c7f-c327-aee3-adae-bc0d1dae71ea,0.43,0.4839602670574825,12282.0,6081.0,546.29,NVIDIA GeForce RTX 4070,[N/A],Enabled,Enabled
1701814217.186518,0,GPU-93ae0c7f-c327-aee3-adae-bc0d1dae71ea,0.44,0.48371600716495683,12282.0,6084.0,546.29,NVIDIA GeForce RTX 4070,[N/A],Enabled,Enabled
1701814218.185863,0,GPU-93ae0c7f-c327-aee3-adae-bc0d1dae71ea,0.44,0.48371600716495683,12282.0,6084.0,546.29,NVIDIA GeForce RTX 4070,[N/A],Enabled,Enabled
1701814219.18567,0,GPU-93ae0c7f-c327-aee3-adae-bc0d1dae71ea,0.4,0.48322748737990556,12282.0,6090.0,546.29,NVIDIA GeForce RTX 4070,[N/A],Enabled,Enabled
1701814220.18569,0,GPU-93ae0c7f-c327-aee3-adae-bc0d1dae71ea,0.41,0.48322748737990556,12282.0,6090.0,546.29,NVIDIA GeForce RTX 4070,[N/A],Enabled,Enabled
1701814221.185766,0,GPU-93ae0c7f-c327-aee3-adae-bc0d1dae71ea,0.37,0.48322748737990556,12282.0,6090.0,546.29,NVIDIA GeForce RTX 4070,[N/A],Enabled,Enabled
1701814222.18599,0,GPU-93ae0c7f-c327-aee3-adae-bc0d1dae71ea,0.4,0.48322748737990556,12282.0,6090.0,546.29,NVIDIA GeForce RTX 4070,[N/A],Enabled,Enabled
1701814223.185398,0,GPU-93ae0c7f-c327-aee3-adae-bc0d1dae71ea,0.41,0.48322748737990556,12282.0,6090.0,546.29,NVIDIA GeForce RTX 4070,[N/A],Enabled,Enabled
1701814224.185965,0,GPU-93ae0c7f-c327-aee3-adae-bc0d1dae71ea,0.43,0.48290180752320466,12282.0,6094.0,546.29,NVIDIA GeForce RTX 4070,[N/A],Enabled,Enabled
1701814225.18555,0,GPU-93ae0c7f-c327-aee3-adae-bc0d1dae71ea,0.46,0.4843673668783586,12282.0,6076.0,546.29,NVIDIA GeForce RTX 4070,[N/A],Enabled,Enabled
1701814226.185262,0,GPU-93ae0c7f-c327-aee3-adae-bc0d1dae71ea,0.42,0.4843673668783586,12282.0,6076.0,546.29,NVIDIA GeForce RTX 4070,[N/A],Enabled,Enabled
1701814227.18578,0,GPU-93ae0c7f-c327-aee3-adae-bc0d1dae71ea,0.4,0.4843673668783586,12282.0,6076.0,546.29,NVIDIA GeForce RTX 4070,[N/A],Enabled,Enabled
1701814228.18597,0,GPU-93ae0c7f-c327-aee3-adae-bc0d1dae71ea,0.41,0.4843673668783586,12282.0,6076.0,546.29,NVIDIA GeForce RTX 4070,[N/A],Enabled,Enabled
1701814229.185868,0,GPU-93ae0c7f-c327-aee3-adae-bc0d1dae71ea,0.39,0.4843673668783586,12282.0,6076.0,546.29,NVIDIA GeForce RTX 4070,[N/A],Enabled,Enabled
1701814230.185847,0,GPU-93ae0c7f-c327-aee3-adae-bc0d1dae71ea,0.37,0.48404168702165773,12282.0,6080.0,546.29,NVIDIA GeForce RTX 4070,[N/A],Enabled,Enabled
1701814231.185351,0,GPU-93ae0c7f-c327-aee3-adae-bc0d1dae71ea,0.43,0.483390327308256,12282.0,6088.0,546.29,NVIDIA GeForce RTX 4070,[N/A],Enabled,Enabled
1701814232.185878,0,GPU-93ae0c7f-c327-aee3-adae-bc0d1dae71ea,0.46,0.483390327308256,12282.0,6088.0,546.29,NVIDIA GeForce RTX 4070,[N/A],Enabled,Enabled
1701814233.185346,0,GPU-93ae0c7f-c327-aee3-adae-bc0d1dae71ea,0.46,0.483390327308256,12282.0,6088.0,546.29,NVIDIA GeForce RTX 4070,[N/A],Enabled,Enabled
1701814234.185709,0,GPU-93ae0c7f-c327-aee3-adae-bc0d1dae71ea,0.46,0.483390327308256,12282.0,6088.0,546.29,NVIDIA GeForce RTX 4070,[N/A],Enabled,Enabled
1701814235.186145,0,GPU-93ae0c7f-c327-aee3-adae-bc0d1dae71ea,0.45,0.483390327308256,12282.0,6088.0,546.29,NVIDIA GeForce RTX 4070,[N/A],Enabled,Enabled
1701814236.185521,0,GPU-93ae0c7f-c327-aee3-adae-bc0d1dae71ea,0.48,0.483390327308256,12282.0,6088.0,546.29,NVIDIA GeForce RTX 4070,[N/A],Enabled,Enabled
1701814237.185696,0,GPU-93ae0c7f-c327-aee3-adae-bc0d1dae71ea,0.45,0.483390327308256,12282.0,6088.0,546.29,NVIDIA GeForce RTX 4070,[N/A],Enabled,Enabled
1701814238.18613,0,GPU-93ae0c7f-c327-aee3-adae-bc0d1dae71ea,0.46,0.483390327308256,12282.0,6088.0,546.29,NVIDIA GeForce RTX 4070,[N/A],Enabled,Enabled
1701814239.184995,0,GPU-93ae0c7f-c327-aee3-adae-bc0d1dae71ea,0.45,0.483390327308256,12282.0,6088.0,546.29,NVIDIA GeForce RTX 4070,[N/A],Enabled,Enabled
1701814240.18575,0,GPU-93ae0c7f-c327-aee3-adae-bc0d1dae71ea,0.49,0.483390327308256,12282.0,6088.0,546.29,NVIDIA GeForce RTX 4070,[N/A],Enabled,Enabled
1701814241.185762,0,GPU-93ae0c7f-c327-aee3-adae-bc0d1dae71ea,0.45,0.483390327308256,12282.0,6088.0,546.29,NVIDIA GeForce RTX 4070,[N/A],Enabled,Enabled
1701814242.185555,0,GPU-93ae0c7f-c327-aee3-adae-bc0d1dae71ea,0.47,0.48583292623351243,12282.0,6058.0,546.29,NVIDIA GeForce RTX 4070,[N/A],Enabled,Enabled
1701814243.185508,0,GPU-93ae0c7f-c327-aee3-adae-bc0d1dae71ea,0.46,0.48583292623351243,12282.0,6058.0,546.29,NVIDIA GeForce RTX 4070,[N/A],Enabled,Enabled
1701814244.185929,0,GPU-93ae0c7f-c327-aee3-adae-bc0d1dae71ea,0.48,0.48583292623351243,12282.0,6058.0,546.29,NVIDIA GeForce RTX 4070,[N/A],Enabled,Enabled
1701814245.185725,0,GPU-93ae0c7f-c327-aee3-adae-bc0d1dae71ea,0.4,0.48583292623351243,12282.0,6058.0,546.29,NVIDIA GeForce RTX 4070,[N/A],Enabled,Enabled
1701814246.185539,0,GPU-93ae0c7f-c327-aee3-adae-bc0d1dae71ea,0.4,0.48583292623351243,12282.0,6058.0,546.29,NVIDIA GeForce RTX 4070,[N/A],Enabled,Enabled
1701814247.185883,0,GPU-93ae0c7f-c327-aee3-adae-bc0d1dae71ea,0.39,0.48583292623351243,12282.0,6058.0,546.29,NVIDIA GeForce RTX 4070,[N/A],Enabled,Enabled
1701814248.185982,0,GPU-93ae0c7f-c327-aee3-adae-bc0d1dae71ea,0.41,0.48583292623351243,12282.0,6058.0,546.29,NVIDIA GeForce RTX 4070,[N/A],Enabled,Enabled
1701814249.185896,0,GPU-93ae0c7f-c327-aee3-adae-bc0d1dae71ea,0.4,0.48510014655593553,12282.0,6067.0,546.29,NVIDIA GeForce RTX 4070,[N/A],Enabled,Enabled
1701814250.185036,0,GPU-93ae0c7f-c327-aee3-adae-bc0d1dae71ea,0.43,0.48510014655593553,12282.0,6067.0,546.29,NVIDIA GeForce RTX 4070,[N/A],Enabled,Enabled
1701814251.185047,0,GPU-93ae0c7f-c327-aee3-adae-bc0d1dae71ea,0.39,0.48510014655593553,12282.0,6067.0,546.29,NVIDIA GeForce RTX 4070,[N/A],Enabled,Enabled
1701814252.185749,0,GPU-93ae0c7f-c327-aee3-adae-bc0d1dae71ea,0.44,0.48510014655593553,12282.0,6067.0,546.29,NVIDIA GeForce RTX 4070,[N/A],Enabled,Enabled
1701814253.18538,0,GPU-93ae0c7f-c327-aee3-adae-bc0d1dae71ea,0.42,0.48510014655593553,12282.0,6067.0,546.29,NVIDIA GeForce RTX 4070,[N/A],Enabled,Enabled
1701814254.186205,0,GPU-93ae0c7f-c327-aee3-adae-bc0d1dae71ea,0.52,0.48510014655593553,12282.0,6067.0,546.29,NVIDIA GeForce RTX 4070,[N/A],Enabled,Enabled
1701814255.186272,0,GPU-93ae0c7f-c327-aee3-adae-bc0d1dae71ea,0.45,0.48428594691418336,12282.0,6077.0,546.29,NVIDIA GeForce RTX 4070,[N/A],Enabled,Enabled
1701814256.185847,0,GPU-93ae0c7f-c327-aee3-adae-bc0d1dae71ea,0.37,0.48428594691418336,12282.0,6077.0,546.29,NVIDIA GeForce RTX 4070,[N/A],Enabled,Enabled
1701814257.18507,0,GPU-93ae0c7f-c327-aee3-adae-bc0d1dae71ea,0.37,0.48412310698583294,12282.0,6079.0,546.29,NVIDIA GeForce RTX 4070,[N/A],Enabled,Enabled
1701814258.186246,0,GPU-93ae0c7f-c327-aee3-adae-bc0d1dae71ea,0.46,0.48412310698583294,12282.0,6079.0,546.29,NVIDIA GeForce RTX 4070,[N/A],Enabled,Enabled
1701814259.186381,0,GPU-93ae0c7f-c327-aee3-adae-bc0d1dae71ea,0.43,0.4834717472724312,12282.0,6087.0,546.29,NVIDIA GeForce RTX 4070,[N/A],Enabled,Enabled
1701814260.1858,0,GPU-93ae0c7f-c327-aee3-adae-bc0d1dae71ea,0.45,0.4834717472724312,12282.0,6087.0,546.29,NVIDIA GeForce RTX 4070,[N/A],Enabled,Enabled
1701814261.185833,0,GPU-93ae0c7f-c327-aee3-adae-bc0d1dae71ea,0.42,0.4834717472724312,12282.0,6087.0,546.29,NVIDIA GeForce RTX 4070,[N/A],Enabled,Enabled
1701814262.185695,0,GPU-93ae0c7f-c327-aee3-adae-bc0d1dae71ea,0.43,0.4834717472724312,12282.0,6087.0,546.29,NVIDIA GeForce RTX 4070,[N/A],Enabled,Enabled
1701814263.185448,0,GPU-93ae0c7f-c327-aee3-adae-bc0d1dae71ea,0.36,0.483390327308256,12282.0,6088.0,546.29,NVIDIA GeForce RTX 4070,[N/A],Enabled,Enabled
1701814264.185089,0,GPU-93ae0c7f-c327-aee3-adae-bc0d1dae71ea,0.44,0.483390327308256,12282.0,6088.0,546.29,NVIDIA GeForce RTX 4070,[N/A],Enabled,Enabled
1701814265.185176,0,GPU-93ae0c7f-c327-aee3-adae-bc0d1dae71ea,0.45,0.48322748737990556,12282.0,6090.0,546.29,NVIDIA GeForce RTX 4070,[N/A],Enabled,Enabled
1701814266.185984,0,GPU-93ae0c7f-c327-aee3-adae-bc0d1dae71ea,0.46,0.48322748737990556,12282.0,6090.0,546.29,NVIDIA GeForce RTX 4070,[N/A],Enabled,Enabled
1701814267.185369,0,GPU-93ae0c7f-c327-aee3-adae-bc0d1dae71ea,0.4,0.48322748737990556,12282.0,6090.0,546.29,NVIDIA GeForce RTX 4070,[N/A],Enabled,Enabled
1701814268.185113,0,GPU-93ae0c7f-c327-aee3-adae-bc0d1dae71ea,0.43,0.48322748737990556,12282.0,6090.0,546.29,NVIDIA GeForce RTX 4070,[N/A],Enabled,Enabled
1701814269.185722,0,GPU-93ae0c7f-c327-aee3-adae-bc0d1dae71ea,0.43,0.48322748737990556,12282.0,6090.0,546.29,NVIDIA GeForce RTX 4070,[N/A],Enabled,Enabled
1701814270.185139,0,GPU-93ae0c7f-c327-aee3-adae-bc0d1dae71ea,0.39,0.48322748737990556,12282.0,6090.0,546.29,NVIDIA GeForce RTX 4070,[N/A],Enabled,Enabled
1701814271.185748,0,GPU-93ae0c7f-c327-aee3-adae-bc0d1dae71ea,0.4,0.48322748737990556,12282.0,6090.0,546.29,NVIDIA GeForce RTX 4070,[N/A],Enabled,Enabled
1701814272.185809,0,GPU-93ae0c7f-c327-aee3-adae-bc0d1dae71ea,0.43,0.48322748737990556,12282.0,6090.0,546.29,NVIDIA GeForce RTX 4070,[N/A],Enabled,Enabled
1701814273.18514,0,GPU-93ae0c7f-c327-aee3-adae-bc0d1dae71ea,0.47,0.48322748737990556,12282.0,6090.0,546.29,NVIDIA GeForce RTX 4070,[N/A],Enabled,Enabled
1701814274.185414,0,GPU-93ae0c7f-c327-aee3-adae-bc0d1dae71ea,0.42,0.48322748737990556,12282.0,6090.0,546.29,NVIDIA GeForce RTX 4070,[N/A],Enabled,Enabled
1701814275.18584,0,GPU-93ae0c7f-c327-aee3-adae-bc0d1dae71ea,0.41,0.48322748737990556,12282.0,6090.0,546.29,NVIDIA GeForce RTX 4070,[N/A],Enabled,Enabled
1701814276.185823,0,GPU-93ae0c7f-c327-aee3-adae-bc0d1dae71ea,0.4,0.48322748737990556,12282.0,6090.0,546.29,NVIDIA GeForce RTX 4070,[N/A],Enabled,Enabled
1701814277.18603,0,GPU-93ae0c7f-c327-aee3-adae-bc0d1dae71ea,0.39,0.48322748737990556,12282.0,6090.0,546.29,NVIDIA GeForce RTX 4070,[N/A],Enabled,Enabled
1701814278.185515,0,GPU-93ae0c7f-c327-aee3-adae-bc0d1dae71ea,0.38,0.48322748737990556,12282.0,6090.0,546.29,NVIDIA GeForce RTX 4070,[N/A],Enabled,Enabled
1701814279.186046,0,GPU-93ae0c7f-c327-aee3-adae-bc0d1dae71ea,0.42,0.48322748737990556,12282.0,6090.0,546.29,NVIDIA GeForce RTX 4070,[N/A],Enabled,Enabled
1701814280.185823,0,GPU-93ae0c7f-c327-aee3-adae-bc0d1dae71ea,0.43,0.48322748737990556,12282.0,6090.0,546.29,NVIDIA GeForce RTX 4070,[N/A],Enabled,Enabled
1701814281.18543,0,GPU-93ae0c7f-c327-aee3-adae-bc0d1dae71ea,0.42,0.48322748737990556,12282.0,6090.0,546.29,NVIDIA GeForce RTX 4070,[N/A],Enabled,Enabled
1701814282.185922,0,GPU-93ae0c7f-c327-aee3-adae-bc0d1dae71ea,0.39,0.48322748737990556,12282.0,6090.0,546.29,NVIDIA GeForce RTX 4070,[N/A],Enabled,Enabled
1701814283.185273,0,GPU-93ae0c7f-c327-aee3-adae-bc0d1dae71ea,0.34,0.48322748737990556,12282.0,6090.0,546.29,NVIDIA GeForce RTX 4070,[N/A],Enabled,Enabled
1701814284.185521,0,GPU-93ae0c7f-c327-aee3-adae-bc0d1dae71ea,0.29,0.4814362481680508,12282.0,6112.0,546.29,NVIDIA GeForce RTX 4070,[N/A],Enabled,Enabled
1701814285.185914,0,GPU-93ae0c7f-c327-aee3-adae-bc0d1dae71ea,0.3,0.4814362481680508,12282.0,6112.0,546.29,NVIDIA GeForce RTX 4070,[N/A],Enabled,Enabled
1701814286.185896,0,GPU-93ae0c7f-c327-aee3-adae-bc0d1dae71ea,0.27,0.4771209900667644,12282.0,6165.0,546.29,NVIDIA GeForce RTX 4070,[N/A],Enabled,Enabled
1701814287.186264,0,GPU-93ae0c7f-c327-aee3-adae-bc0d1dae71ea,0.28,0.4771209900667644,12282.0,6165.0,546.29,NVIDIA GeForce RTX 4070,[N/A],Enabled,Enabled
1701814288.18626,0,GPU-93ae0c7f-c327-aee3-adae-bc0d1dae71ea,0.26,0.4813548282038756,12282.0,6113.0,546.29,NVIDIA GeForce RTX 4070,[N/A],Enabled,Enabled
1701814289.184972,0,GPU-93ae0c7f-c327-aee3-adae-bc0d1dae71ea,0.29,0.4771209900667644,12282.0,6165.0,546.29,NVIDIA GeForce RTX 4070,[N/A],Enabled,Enabled
1701814290.186018,0,GPU-93ae0c7f-c327-aee3-adae-bc0d1dae71ea,0.26,0.4771209900667644,12282.0,6165.0,546.29,NVIDIA GeForce RTX 4070,[N/A],Enabled,Enabled
1701814291.185223,0,GPU-93ae0c7f-c327-aee3-adae-bc0d1dae71ea,0.26,0.41141507897736523,12282.0,6972.0,546.29,NVIDIA GeForce RTX 4070,[N/A],Enabled,Enabled
1701814292.185707,0,GPU-93ae0c7f-c327-aee3-adae-bc0d1dae71ea,0.16,0.29449601042175544,12282.0,8408.0,546.29,NVIDIA GeForce RTX 4070,[N/A],Enabled,Enabled
1701814293.185098,0,GPU-93ae0c7f-c327-aee3-adae-bc0d1dae71ea,0.14,0.29449601042175544,12282.0,8408.0,546.29,NVIDIA GeForce RTX 4070,[N/A],Enabled,Enabled
1701814294.185944,0,GPU-93ae0c7f-c327-aee3-adae-bc0d1dae71ea,0.15,0.3002768278781957,12282.0,8337.0,546.29,NVIDIA GeForce RTX 4070,[N/A],Enabled,Enabled
1701814295.185263,0,GPU-93ae0c7f-c327-aee3-adae-bc0d1dae71ea,0.15,0.3022309070184009,12282.0,8313.0,546.29,NVIDIA GeForce RTX 4070,[N/A],Enabled,Enabled
1701814296.185926,0,GPU-93ae0c7f-c327-aee3-adae-bc0d1dae71ea,0.14,0.3015795473049992,12282.0,8321.0,546.29,NVIDIA GeForce RTX 4070,[N/A],Enabled,Enabled
1701814297.185726,0,GPU-93ae0c7f-c327-aee3-adae-bc0d1dae71ea,0.14,0.301498127340824,12282.0,8322.0,546.29,NVIDIA GeForce RTX 4070,[N/A],Enabled,Enabled
1701814298.185366,0,GPU-93ae0c7f-c327-aee3-adae-bc0d1dae71ea,0.16,0.3004396678065462,12282.0,8335.0,546.29,NVIDIA GeForce RTX 4070,[N/A],Enabled,Enabled
1701814299.185827,0,GPU-93ae0c7f-c327-aee3-adae-bc0d1dae71ea,0.14,0.3002768278781957,12282.0,8337.0,546.29,NVIDIA GeForce RTX 4070,[N/A],Enabled,Enabled
1701814300.18593,0,GPU-93ae0c7f-c327-aee3-adae-bc0d1dae71ea,0.14,0.3002768278781957,12282.0,8337.0,546.29,NVIDIA GeForce RTX 4070,[N/A],Enabled,Enabled
1701814301.186101,0,GPU-93ae0c7f-c327-aee3-adae-bc0d1dae71ea,0.15,0.30084676762742224,12282.0,8330.0,546.29,NVIDIA GeForce RTX 4070,[N/A],Enabled,Enabled
1701814302.186179,0,GPU-93ae0c7f-c327-aee3-adae-bc0d1dae71ea,0.15,0.3002768278781957,12282.0,8337.0,546.29,NVIDIA GeForce RTX 4070,[N/A],Enabled,Enabled
