timestamp,id,uuid,load,memoryUtil,memoryTotal,memoryUsed,memoryFree,driver,name,serial,display_mode,display_active
1702751438.953879,0,GPU-93ae0c7f-c327-aee3-adae-bc0d1dae71ea,0.15,0.22748737990555284,12282.0,9231.0,546.33,NVIDIA GeForce RTX 4070,[N/A],Enabled,Enabled
1702751439.950268,0,GPU-93ae0c7f-c327-aee3-adae-bc0d1dae71ea,0.14,0.22748737990555284,12282.0,9231.0,546.33,NVIDIA GeForce RTX 4070,[N/A],Enabled,Enabled
1702751440.950408,0,GPU-93ae0c7f-c327-aee3-adae-bc0d1dae71ea,0.14,0.22748737990555284,12282.0,9231.0,546.33,NVIDIA GeForce RTX 4070,[N/A],Enabled,Enabled
1702751441.950447,0,GPU-93ae0c7f-c327-aee3-adae-bc0d1dae71ea,0.14,0.22748737990555284,12282.0,9231.0,546.33,NVIDIA GeForce RTX 4070,[N/A],Enabled,Enabled
1702751442.950419,0,GPU-93ae0c7f-c327-aee3-adae-bc0d1dae71ea,0.15,0.22748737990555284,12282.0,9231.0,546.33,NVIDIA GeForce RTX 4070,[N/A],Enabled,Enabled
1702751443.95056,0,GPU-93ae0c7f-c327-aee3-adae-bc0d1dae71ea,0.15,0.22748737990555284,12282.0,9231.0,546.33,NVIDIA GeForce RTX 4070,[N/A],Enabled,Enabled
1702751444.950893,0,GPU-93ae0c7f-c327-aee3-adae-bc0d1dae71ea,0.15,0.22748737990555284,12282.0,9231.0,546.33,NVIDIA GeForce RTX 4070,[N/A],Enabled,Enabled
1702751445.950526,0,GPU-93ae0c7f-c327-aee3-adae-bc0d1dae71ea,0.15,0.22748737990555284,12282.0,9231.0,546.33,NVIDIA GeForce RTX 4070,[N/A],Enabled,Enabled
1702751446.951528,0,GPU-93ae0c7f-c327-aee3-adae-bc0d1dae71ea,0.15,0.22748737990555284,12282.0,9231.0,546.33,NVIDIA GeForce RTX 4070,[N/A],Enabled,Enabled
1702751447.951239,0,GPU-93ae0c7f-c327-aee3-adae-bc0d1dae71ea,0.15,0.22748737990555284,12282.0,9231.0,546.33,NVIDIA GeForce RTX 4070,[N/A],Enabled,Enabled
1702751448.951488,0,GPU-93ae0c7f-c327-aee3-adae-bc0d1dae71ea,0.15,0.22748737990555284,12282.0,9231.0,546.33,NVIDIA GeForce RTX 4070,[N/A],Enabled,Enabled
1702751449.950783,0,GPU-93ae0c7f-c327-aee3-adae-bc0d1dae71ea,0.14,0.22748737990555284,12282.0,9231.0,546.33,NVIDIA GeForce RTX 4070,[N/A],Enabled,Enabled
1702751450.950983,0,GPU-93ae0c7f-c327-aee3-adae-bc0d1dae71ea,0.15,0.22748737990555284,12282.0,9231.0,546.33,NVIDIA GeForce RTX 4070,[N/A],Enabled,Enabled
1702751451.95113,0,GPU-93ae0c7f-c327-aee3-adae-bc0d1dae71ea,0.16,0.22748737990555284,12282.0,9231.0,546.33,NVIDIA GeForce RTX 4070,[N/A],Enabled,Enabled
1702751452.950584,0,GPU-93ae0c7f-c327-aee3-adae-bc0d1dae71ea,0.15,0.22748737990555284,12282.0,9231.0,546.33,NVIDIA GeForce RTX 4070,[N/A],Enabled,Enabled
1702751453.950138,0,GPU-93ae0c7f-c327-aee3-adae-bc0d1dae71ea,0.16,0.22854583943983064,12282.0,9218.0,546.33,NVIDIA GeForce RTX 4070,[N/A],Enabled,Enabled
1702751454.950632,0,GPU-93ae0c7f-c327-aee3-adae-bc0d1dae71ea,0.13,0.23790913531998045,12282.0,9103.0,546.33,NVIDIA GeForce RTX 4070,[N/A],Enabled,Enabled
1702751455.951083,0,GPU-93ae0c7f-c327-aee3-adae-bc0d1dae71ea,0.12,0.3300765347663247,12282.0,7971.0,546.33,NVIDIA GeForce RTX 4070,[N/A],Enabled,Enabled
1702751456.950881,0,GPU-93ae0c7f-c327-aee3-adae-bc0d1dae71ea,0.08,0.298485588666341,12282.0,8359.0,546.33,NVIDIA GeForce RTX 4070,[N/A],Enabled,Enabled
1702751457.950766,0,GPU-93ae0c7f-c327-aee3-adae-bc0d1dae71ea,0.08,0.298485588666341,12282.0,8359.0,546.33,NVIDIA GeForce RTX 4070,[N/A],Enabled,Enabled
1702751458.950714,0,GPU-93ae0c7f-c327-aee3-adae-bc0d1dae71ea,0.08,0.298485588666341,12282.0,8359.0,546.33,NVIDIA GeForce RTX 4070,[N/A],Enabled,Enabled
1702751459.950958,0,GPU-93ae0c7f-c327-aee3-adae-bc0d1dae71ea,0.09,0.38983878847093306,12282.0,7237.0,546.33,NVIDIA GeForce RTX 4070,[N/A],Enabled,Enabled
1702751460.951242,0,GPU-93ae0c7f-c327-aee3-adae-bc0d1dae71ea,0.28,0.4131248982250448,12282.0,6951.0,546.33,NVIDIA GeForce RTX 4070,[N/A],Enabled,Enabled
1702751461.950949,0,GPU-93ae0c7f-c327-aee3-adae-bc0d1dae71ea,0.27,0.4131248982250448,12282.0,6951.0,546.33,NVIDIA GeForce RTX 4070,[N/A],Enabled,Enabled
1702751462.950121,0,GPU-93ae0c7f-c327-aee3-adae-bc0d1dae71ea,0.25,0.40880964012375837,12282.0,7004.0,546.33,NVIDIA GeForce RTX 4070,[N/A],Enabled,Enabled
1702751463.950038,0,GPU-93ae0c7f-c327-aee3-adae-bc0d1dae71ea,0.25,0.40880964012375837,12282.0,7004.0,546.33,NVIDIA GeForce RTX 4070,[N/A],Enabled,Enabled
1702751464.950419,0,GPU-93ae0c7f-c327-aee3-adae-bc0d1dae71ea,0.25,0.40880964012375837,12282.0,7004.0,546.33,NVIDIA GeForce RTX 4070,[N/A],Enabled,Enabled
1702751465.950577,0,GPU-93ae0c7f-c327-aee3-adae-bc0d1dae71ea,0.29,0.5092004559517994,12282.0,5771.0,546.33,NVIDIA GeForce RTX 4070,[N/A],Enabled,Enabled
1702751466.950497,0,GPU-93ae0c7f-c327-aee3-adae-bc0d1dae71ea,0.27,0.4145090376160234,12282.0,6934.0,546.33,NVIDIA GeForce RTX 4070,[N/A],Enabled,Enabled
1702751467.95049,0,GPU-93ae0c7f-c327-aee3-adae-bc0d1dae71ea,0.28,0.4145090376160234,12282.0,6934.0,546.33,NVIDIA GeForce RTX 4070,[N/A],Enabled,Enabled
1702751468.950513,0,GPU-93ae0c7f-c327-aee3-adae-bc0d1dae71ea,0.27,0.4102751994789122,12282.0,6986.0,546.33,NVIDIA GeForce RTX 4070,[N/A],Enabled,Enabled
1702751469.950333,0,GPU-93ae0c7f-c327-aee3-adae-bc0d1dae71ea,0.27,0.4145904575801987,12282.0,6933.0,546.33,NVIDIA GeForce RTX 4070,[N/A],Enabled,Enabled
1702751470.951172,0,GPU-93ae0c7f-c327-aee3-adae-bc0d1dae71ea,0.26,0.4102751994789122,12282.0,6986.0,546.33,NVIDIA GeForce RTX 4070,[N/A],Enabled,Enabled
1702751471.950715,0,GPU-93ae0c7f-c327-aee3-adae-bc0d1dae71ea,0.27,0.4102751994789122,12282.0,6986.0,546.33,NVIDIA GeForce RTX 4070,[N/A],Enabled,Enabled
1702751472.950285,0,GPU-93ae0c7f-c327-aee3-adae-bc0d1dae71ea,0.28,0.4145904575801987,12282.0,6933.0,546.33,NVIDIA GeForce RTX 4070,[N/A],Enabled,Enabled
1702751473.949953,0,GPU-93ae0c7f-c327-aee3-adae-bc0d1dae71ea,0.29,0.4145904575801987,12282.0,6933.0,546.33,NVIDIA GeForce RTX 4070,[N/A],Enabled,Enabled
1702751474.9501,0,GPU-93ae0c7f-c327-aee3-adae-bc0d1dae71ea,0.26,0.4102751994789122,12282.0,6986.0,546.33,NVIDIA GeForce RTX 4070,[N/A],Enabled,Enabled
1702751475.950934,0,GPU-93ae0c7f-c327-aee3-adae-bc0d1dae71ea,0.26,0.4102751994789122,12282.0,6986.0,546.33,NVIDIA GeForce RTX 4070,[N/A],Enabled,Enabled
1702751476.950749,0,GPU-93ae0c7f-c327-aee3-adae-bc0d1dae71ea,0.26,0.41035661944308743,12282.0,6985.0,546.33,NVIDIA GeForce RTX 4070,[N/A],Enabled,Enabled
1702751477.95068,0,GPU-93ae0c7f-c327-aee3-adae-bc0d1dae71ea,0.29,0.4145904575801987,12282.0,6933.0,546.33,NVIDIA GeForce RTX 4070,[N/A],Enabled,Enabled
1702751478.950116,0,GPU-93ae0c7f-c327-aee3-adae-bc0d1dae71ea,0.29,0.4145904575801987,12282.0,6933.0,546.33,NVIDIA GeForce RTX 4070,[N/A],Enabled,Enabled
1702751479.950878,0,GPU-93ae0c7f-c327-aee3-adae-bc0d1dae71ea,0.3,0.4184171958964338,12282.0,6886.0,546.33,NVIDIA GeForce RTX 4070,[N/A],Enabled,Enabled
1702751480.950594,0,GPU-93ae0c7f-c327-aee3-adae-bc0d1dae71ea,0.35,0.4184171958964338,12282.0,6886.0,546.33,NVIDIA GeForce RTX 4070,[N/A],Enabled,Enabled
1702751481.950937,0,GPU-93ae0c7f-c327-aee3-adae-bc0d1dae71ea,0.36,0.4184171958964338,12282.0,6886.0,546.33,NVIDIA GeForce RTX 4070,[N/A],Enabled,Enabled
1702751482.950501,0,GPU-93ae0c7f-c327-aee3-adae-bc0d1dae71ea,0.4,0.4184171958964338,12282.0,6886.0,546.33,NVIDIA GeForce RTX 4070,[N/A],Enabled,Enabled
1702751483.950667,0,GPU-93ae0c7f-c327-aee3-adae-bc0d1dae71ea,0.36,0.4184171958964338,12282.0,6886.0,546.33,NVIDIA GeForce RTX 4070,[N/A],Enabled,Enabled
1702751484.950493,0,GPU-93ae0c7f-c327-aee3-adae-bc0d1dae71ea,0.39,0.4184171958964338,12282.0,6886.0,546.33,NVIDIA GeForce RTX 4070,[N/A],Enabled,Enabled
1702751485.95044,0,GPU-93ae0c7f-c327-aee3-adae-bc0d1dae71ea,0.35,0.4184171958964338,12282.0,6886.0,546.33,NVIDIA GeForce RTX 4070,[N/A],Enabled,Enabled
1702751486.95102,0,GPU-93ae0c7f-c327-aee3-adae-bc0d1dae71ea,0.39,0.4184171958964338,12282.0,6886.0,546.33,NVIDIA GeForce RTX 4070,[N/A],Enabled,Enabled
1702751487.950796,0,GPU-93ae0c7f-c327-aee3-adae-bc0d1dae71ea,0.38,0.4184171958964338,12282.0,6886.0,546.33,NVIDIA GeForce RTX 4070,[N/A],Enabled,Enabled
1702751488.950498,0,GPU-93ae0c7f-c327-aee3-adae-bc0d1dae71ea,0.35,0.4184171958964338,12282.0,6886.0,546.33,NVIDIA GeForce RTX 4070,[N/A],Enabled,Enabled
1702751489.950626,0,GPU-93ae0c7f-c327-aee3-adae-bc0d1dae71ea,0.39,0.4184171958964338,12282.0,6886.0,546.33,NVIDIA GeForce RTX 4070,[N/A],Enabled,Enabled
1702751490.950154,0,GPU-93ae0c7f-c327-aee3-adae-bc0d1dae71ea,0.35,0.4184171958964338,12282.0,6886.0,546.33,NVIDIA GeForce RTX 4070,[N/A],Enabled,Enabled
1702751491.950805,0,GPU-93ae0c7f-c327-aee3-adae-bc0d1dae71ea,0.38,0.4184171958964338,12282.0,6886.0,546.33,NVIDIA GeForce RTX 4070,[N/A],Enabled,Enabled
1702751492.950119,0,GPU-93ae0c7f-c327-aee3-adae-bc0d1dae71ea,0.36,0.4184171958964338,12282.0,6886.0,546.33,NVIDIA GeForce RTX 4070,[N/A],Enabled,Enabled
1702751493.95061,0,GPU-93ae0c7f-c327-aee3-adae-bc0d1dae71ea,0.36,0.4184171958964338,12282.0,6886.0,546.33,NVIDIA GeForce RTX 4070,[N/A],Enabled,Enabled
1702751494.951047,0,GPU-93ae0c7f-c327-aee3-adae-bc0d1dae71ea,0.4,0.4184171958964338,12282.0,6886.0,546.33,NVIDIA GeForce RTX 4070,[N/A],Enabled,Enabled
1702751495.950534,0,GPU-93ae0c7f-c327-aee3-adae-bc0d1dae71ea,0.38,0.4184171958964338,12282.0,6886.0,546.33,NVIDIA GeForce RTX 4070,[N/A],Enabled,Enabled
1702751496.951069,0,GPU-93ae0c7f-c327-aee3-adae-bc0d1dae71ea,0.4,0.4184171958964338,12282.0,6886.0,546.33,NVIDIA GeForce RTX 4070,[N/A],Enabled,Enabled
1702751497.950889,0,GPU-93ae0c7f-c327-aee3-adae-bc0d1dae71ea,0.39,0.4184171958964338,12282.0,6886.0,546.33,NVIDIA GeForce RTX 4070,[N/A],Enabled,Enabled
1702751498.950118,0,GPU-93ae0c7f-c327-aee3-adae-bc0d1dae71ea,0.35,0.4184171958964338,12282.0,6886.0,546.33,NVIDIA GeForce RTX 4070,[N/A],Enabled,Enabled
1702751499.950537,0,GPU-93ae0c7f-c327-aee3-adae-bc0d1dae71ea,0.35,0.4184171958964338,12282.0,6886.0,546.33,NVIDIA GeForce RTX 4070,[N/A],Enabled,Enabled
1702751500.950808,0,GPU-93ae0c7f-c327-aee3-adae-bc0d1dae71ea,0.39,0.4184171958964338,12282.0,6886.0,546.33,NVIDIA GeForce RTX 4070,[N/A],Enabled,Enabled
1702751501.950711,0,GPU-93ae0c7f-c327-aee3-adae-bc0d1dae71ea,0.38,0.4184171958964338,12282.0,6886.0,546.33,NVIDIA GeForce RTX 4070,[N/A],Enabled,Enabled
1702751502.950312,0,GPU-93ae0c7f-c327-aee3-adae-bc0d1dae71ea,0.44,0.4184171958964338,12282.0,6886.0,546.33,NVIDIA GeForce RTX 4070,[N/A],Enabled,Enabled
1702751503.951466,0,GPU-93ae0c7f-c327-aee3-adae-bc0d1dae71ea,0.4,0.4184171958964338,12282.0,6886.0,546.33,NVIDIA GeForce RTX 4070,[N/A],Enabled,Enabled
1702751504.95097,0,GPU-93ae0c7f-c327-aee3-adae-bc0d1dae71ea,0.38,0.4184171958964338,12282.0,6886.0,546.33,NVIDIA GeForce RTX 4070,[N/A],Enabled,Enabled
1702751505.951231,0,GPU-93ae0c7f-c327-aee3-adae-bc0d1dae71ea,0.41,0.4184171958964338,12282.0,6886.0,546.33,NVIDIA GeForce RTX 4070,[N/A],Enabled,Enabled
1702751506.950698,0,GPU-93ae0c7f-c327-aee3-adae-bc0d1dae71ea,0.39,0.4184171958964338,12282.0,6886.0,546.33,NVIDIA GeForce RTX 4070,[N/A],Enabled,Enabled
1702751507.951057,0,GPU-93ae0c7f-c327-aee3-adae-bc0d1dae71ea,0.41,0.4184171958964338,12282.0,6886.0,546.33,NVIDIA GeForce RTX 4070,[N/A],Enabled,Enabled
1702751508.950918,0,GPU-93ae0c7f-c327-aee3-adae-bc0d1dae71ea,0.39,0.4184171958964338,12282.0,6886.0,546.33,NVIDIA GeForce RTX 4070,[N/A],Enabled,Enabled
1702751509.950243,0,GPU-93ae0c7f-c327-aee3-adae-bc0d1dae71ea,0.36,0.4184171958964338,12282.0,6886.0,546.33,NVIDIA GeForce RTX 4070,[N/A],Enabled,Enabled
1702751510.950475,0,GPU-93ae0c7f-c327-aee3-adae-bc0d1dae71ea,0.4,0.4184171958964338,12282.0,6886.0,546.33,NVIDIA GeForce RTX 4070,[N/A],Enabled,Enabled
1702751511.950375,0,GPU-93ae0c7f-c327-aee3-adae-bc0d1dae71ea,0.37,0.4184171958964338,12282.0,6886.0,546.33,NVIDIA GeForce RTX 4070,[N/A],Enabled,Enabled
1702751512.950627,0,GPU-93ae0c7f-c327-aee3-adae-bc0d1dae71ea,0.37,0.4184171958964338,12282.0,6886.0,546.33,NVIDIA GeForce RTX 4070,[N/A],Enabled,Enabled
1702751513.951025,0,GPU-93ae0c7f-c327-aee3-adae-bc0d1dae71ea,0.35,0.4184171958964338,12282.0,6886.0,546.33,NVIDIA GeForce RTX 4070,[N/A],Enabled,Enabled
1702751514.950503,0,GPU-93ae0c7f-c327-aee3-adae-bc0d1dae71ea,0.39,0.4184171958964338,12282.0,6886.0,546.33,NVIDIA GeForce RTX 4070,[N/A],Enabled,Enabled
1702751515.950804,0,GPU-93ae0c7f-c327-aee3-adae-bc0d1dae71ea,0.37,0.4184171958964338,12282.0,6886.0,546.33,NVIDIA GeForce RTX 4070,[N/A],Enabled,Enabled
1702751516.950842,0,GPU-93ae0c7f-c327-aee3-adae-bc0d1dae71ea,0.38,0.4184171958964338,12282.0,6886.0,546.33,NVIDIA GeForce RTX 4070,[N/A],Enabled,Enabled
1702751517.950733,0,GPU-93ae0c7f-c327-aee3-adae-bc0d1dae71ea,0.38,0.4184171958964338,12282.0,6886.0,546.33,NVIDIA GeForce RTX 4070,[N/A],Enabled,Enabled
1702751518.950541,0,GPU-93ae0c7f-c327-aee3-adae-bc0d1dae71ea,0.39,0.4184171958964338,12282.0,6886.0,546.33,NVIDIA GeForce RTX 4070,[N/A],Enabled,Enabled
1702751519.951275,0,GPU-93ae0c7f-c327-aee3-adae-bc0d1dae71ea,0.35,0.4184171958964338,12282.0,6886.0,546.33,NVIDIA GeForce RTX 4070,[N/A],Enabled,Enabled
1702751520.950814,0,GPU-93ae0c7f-c327-aee3-adae-bc0d1dae71ea,0.44,0.4184171958964338,12282.0,6886.0,546.33,NVIDIA GeForce RTX 4070,[N/A],Enabled,Enabled
1702751521.950007,0,GPU-93ae0c7f-c327-aee3-adae-bc0d1dae71ea,0.37,0.4184171958964338,12282.0,6886.0,546.33,NVIDIA GeForce RTX 4070,[N/A],Enabled,Enabled
1702751522.950329,0,GPU-93ae0c7f-c327-aee3-adae-bc0d1dae71ea,0.48,0.4184171958964338,12282.0,6886.0,546.33,NVIDIA GeForce RTX 4070,[N/A],Enabled,Enabled
1702751523.950567,0,GPU-93ae0c7f-c327-aee3-adae-bc0d1dae71ea,0.36,0.4184171958964338,12282.0,6886.0,546.33,NVIDIA GeForce RTX 4070,[N/A],Enabled,Enabled
1702751524.950362,0,GPU-93ae0c7f-c327-aee3-adae-bc0d1dae71ea,0.37,0.4184171958964338,12282.0,6886.0,546.33,NVIDIA GeForce RTX 4070,[N/A],Enabled,Enabled
1702751525.950622,0,GPU-93ae0c7f-c327-aee3-adae-bc0d1dae71ea,0.38,0.4184171958964338,12282.0,6886.0,546.33,NVIDIA GeForce RTX 4070,[N/A],Enabled,Enabled
1702751526.950619,0,GPU-93ae0c7f-c327-aee3-adae-bc0d1dae71ea,0.35,0.4184171958964338,12282.0,6886.0,546.33,NVIDIA GeForce RTX 4070,[N/A],Enabled,Enabled
1702751527.950566,0,GPU-93ae0c7f-c327-aee3-adae-bc0d1dae71ea,0.4,0.4184171958964338,12282.0,6886.0,546.33,NVIDIA GeForce RTX 4070,[N/A],Enabled,Enabled
1702751528.95027,0,GPU-93ae0c7f-c327-aee3-adae-bc0d1dae71ea,0.36,0.4184171958964338,12282.0,6886.0,546.33,NVIDIA GeForce RTX 4070,[N/A],Enabled,Enabled
1702751529.950551,0,GPU-93ae0c7f-c327-aee3-adae-bc0d1dae71ea,0.36,0.4184171958964338,12282.0,6886.0,546.33,NVIDIA GeForce RTX 4070,[N/A],Enabled,Enabled
1702751530.950655,0,GPU-93ae0c7f-c327-aee3-adae-bc0d1dae71ea,0.44,0.4184171958964338,12282.0,6886.0,546.33,NVIDIA GeForce RTX 4070,[N/A],Enabled,Enabled
1702751531.951557,0,GPU-93ae0c7f-c327-aee3-adae-bc0d1dae71ea,0.35,0.4184171958964338,12282.0,6886.0,546.33,NVIDIA GeForce RTX 4070,[N/A],Enabled,Enabled
1702751532.950679,0,GPU-93ae0c7f-c327-aee3-adae-bc0d1dae71ea,0.38,0.4184171958964338,12282.0,6886.0,546.33,NVIDIA GeForce RTX 4070,[N/A],Enabled,Enabled
1702751533.951226,0,GPU-93ae0c7f-c327-aee3-adae-bc0d1dae71ea,0.38,0.4184171958964338,12282.0,6886.0,546.33,NVIDIA GeForce RTX 4070,[N/A],Enabled,Enabled
1702751534.950558,0,GPU-93ae0c7f-c327-aee3-adae-bc0d1dae71ea,0.39,0.4184171958964338,12282.0,6886.0,546.33,NVIDIA GeForce RTX 4070,[N/A],Enabled,Enabled
1702751535.950318,0,GPU-93ae0c7f-c327-aee3-adae-bc0d1dae71ea,0.37,0.4184171958964338,12282.0,6886.0,546.33,NVIDIA GeForce RTX 4070,[N/A],Enabled,Enabled
1702751536.950527,0,GPU-93ae0c7f-c327-aee3-adae-bc0d1dae71ea,0.38,0.4184171958964338,12282.0,6886.0,546.33,NVIDIA GeForce RTX 4070,[N/A],Enabled,Enabled
1702751537.950589,0,GPU-93ae0c7f-c327-aee3-adae-bc0d1dae71ea,0.36,0.4184171958964338,12282.0,6886.0,546.33,NVIDIA GeForce RTX 4070,[N/A],Enabled,Enabled
1702751538.951607,0,GPU-93ae0c7f-c327-aee3-adae-bc0d1dae71ea,0.42,0.4184171958964338,12282.0,6886.0,546.33,NVIDIA GeForce RTX 4070,[N/A],Enabled,Enabled
1702751539.950782,0,GPU-93ae0c7f-c327-aee3-adae-bc0d1dae71ea,0.38,0.4184171958964338,12282.0,6886.0,546.33,NVIDIA GeForce RTX 4070,[N/A],Enabled,Enabled
1702751540.950105,0,GPU-93ae0c7f-c327-aee3-adae-bc0d1dae71ea,0.36,0.4184171958964338,12282.0,6886.0,546.33,NVIDIA GeForce RTX 4070,[N/A],Enabled,Enabled
1702751541.950306,0,GPU-93ae0c7f-c327-aee3-adae-bc0d1dae71ea,0.36,0.4184171958964338,12282.0,6886.0,546.33,NVIDIA GeForce RTX 4070,[N/A],Enabled,Enabled
1702751542.950793,0,GPU-93ae0c7f-c327-aee3-adae-bc0d1dae71ea,0.37,0.4184171958964338,12282.0,6886.0,546.33,NVIDIA GeForce RTX 4070,[N/A],Enabled,Enabled
1702751543.95028,0,GPU-93ae0c7f-c327-aee3-adae-bc0d1dae71ea,0.37,0.4184171958964338,12282.0,6886.0,546.33,NVIDIA GeForce RTX 4070,[N/A],Enabled,Enabled
1702751544.950363,0,GPU-93ae0c7f-c327-aee3-adae-bc0d1dae71ea,0.42,0.4184171958964338,12282.0,6886.0,546.33,NVIDIA GeForce RTX 4070,[N/A],Enabled,Enabled
1702751545.9508,0,GPU-93ae0c7f-c327-aee3-adae-bc0d1dae71ea,0.35,0.4184171958964338,12282.0,6886.0,546.33,NVIDIA GeForce RTX 4070,[N/A],Enabled,Enabled
1702751546.950589,0,GPU-93ae0c7f-c327-aee3-adae-bc0d1dae71ea,0.39,0.4184171958964338,12282.0,6886.0,546.33,NVIDIA GeForce RTX 4070,[N/A],Enabled,Enabled
1702751547.950258,0,GPU-93ae0c7f-c327-aee3-adae-bc0d1dae71ea,0.38,0.4184171958964338,12282.0,6886.0,546.33,NVIDIA GeForce RTX 4070,[N/A],Enabled,Enabled
1702751548.951057,0,GPU-93ae0c7f-c327-aee3-adae-bc0d1dae71ea,0.39,0.4184171958964338,12282.0,6886.0,546.33,NVIDIA GeForce RTX 4070,[N/A],Enabled,Enabled
1702751549.950854,0,GPU-93ae0c7f-c327-aee3-adae-bc0d1dae71ea,0.39,0.4184171958964338,12282.0,6886.0,546.33,NVIDIA GeForce RTX 4070,[N/A],Enabled,Enabled
1702751550.95079,0,GPU-93ae0c7f-c327-aee3-adae-bc0d1dae71ea,0.44,0.4184171958964338,12282.0,6886.0,546.33,NVIDIA GeForce RTX 4070,[N/A],Enabled,Enabled
1702751551.950548,0,GPU-93ae0c7f-c327-aee3-adae-bc0d1dae71ea,0.37,0.4184171958964338,12282.0,6886.0,546.33,NVIDIA GeForce RTX 4070,[N/A],Enabled,Enabled
1702751552.950622,0,GPU-93ae0c7f-c327-aee3-adae-bc0d1dae71ea,0.39,0.4184171958964338,12282.0,6886.0,546.33,NVIDIA GeForce RTX 4070,[N/A],Enabled,Enabled
1702751553.951173,0,GPU-93ae0c7f-c327-aee3-adae-bc0d1dae71ea,0.45,0.4184171958964338,12282.0,6886.0,546.33,NVIDIA GeForce RTX 4070,[N/A],Enabled,Enabled
1702751554.950499,0,GPU-93ae0c7f-c327-aee3-adae-bc0d1dae71ea,0.4,0.4184171958964338,12282.0,6886.0,546.33,NVIDIA GeForce RTX 4070,[N/A],Enabled,Enabled
1702751555.950792,0,GPU-93ae0c7f-c327-aee3-adae-bc0d1dae71ea,0.38,0.4184171958964338,12282.0,6886.0,546.33,NVIDIA GeForce RTX 4070,[N/A],Enabled,Enabled
1702751556.950406,0,GPU-93ae0c7f-c327-aee3-adae-bc0d1dae71ea,0.41,0.4184171958964338,12282.0,6886.0,546.33,NVIDIA GeForce RTX 4070,[N/A],Enabled,Enabled
1702751557.951229,0,GPU-93ae0c7f-c327-aee3-adae-bc0d1dae71ea,0.38,0.4184171958964338,12282.0,6886.0,546.33,NVIDIA GeForce RTX 4070,[N/A],Enabled,Enabled
1702751558.950906,0,GPU-93ae0c7f-c327-aee3-adae-bc0d1dae71ea,0.39,0.4184171958964338,12282.0,6886.0,546.33,NVIDIA GeForce RTX 4070,[N/A],Enabled,Enabled
1702751559.951611,0,GPU-93ae0c7f-c327-aee3-adae-bc0d1dae71ea,0.39,0.4184171958964338,12282.0,6886.0,546.33,NVIDIA GeForce RTX 4070,[N/A],Enabled,Enabled
1702751560.950622,0,GPU-93ae0c7f-c327-aee3-adae-bc0d1dae71ea,0.37,0.4184171958964338,12282.0,6886.0,546.33,NVIDIA GeForce RTX 4070,[N/A],Enabled,Enabled
1702751561.951714,0,GPU-93ae0c7f-c327-aee3-adae-bc0d1dae71ea,0.34,0.4184171958964338,12282.0,6886.0,546.33,NVIDIA GeForce RTX 4070,[N/A],Enabled,Enabled
1702751562.950522,0,GPU-93ae0c7f-c327-aee3-adae-bc0d1dae71ea,0.39,0.4184171958964338,12282.0,6886.0,546.33,NVIDIA GeForce RTX 4070,[N/A],Enabled,Enabled
1702751563.951162,0,GPU-93ae0c7f-c327-aee3-adae-bc0d1dae71ea,0.36,0.4184171958964338,12282.0,6886.0,546.33,NVIDIA GeForce RTX 4070,[N/A],Enabled,Enabled
1702751564.950949,0,GPU-93ae0c7f-c327-aee3-adae-bc0d1dae71ea,0.39,0.4184171958964338,12282.0,6886.0,546.33,NVIDIA GeForce RTX 4070,[N/A],Enabled,Enabled
1702751565.950454,0,GPU-93ae0c7f-c327-aee3-adae-bc0d1dae71ea,0.34,0.4184171958964338,12282.0,6886.0,546.33,NVIDIA GeForce RTX 4070,[N/A],Enabled,Enabled
1702751566.950354,0,GPU-93ae0c7f-c327-aee3-adae-bc0d1dae71ea,0.37,0.4184171958964338,12282.0,6886.0,546.33,NVIDIA GeForce RTX 4070,[N/A],Enabled,Enabled
1702751567.951472,0,GPU-93ae0c7f-c327-aee3-adae-bc0d1dae71ea,0.38,0.4184171958964338,12282.0,6886.0,546.33,NVIDIA GeForce RTX 4070,[N/A],Enabled,Enabled
1702751568.950141,0,GPU-93ae0c7f-c327-aee3-adae-bc0d1dae71ea,0.35,0.4184171958964338,12282.0,6886.0,546.33,NVIDIA GeForce RTX 4070,[N/A],Enabled,Enabled
1702751569.951016,0,GPU-93ae0c7f-c327-aee3-adae-bc0d1dae71ea,0.38,0.4184171958964338,12282.0,6886.0,546.33,NVIDIA GeForce RTX 4070,[N/A],Enabled,Enabled
1702751570.950783,0,GPU-93ae0c7f-c327-aee3-adae-bc0d1dae71ea,0.44,0.4184171958964338,12282.0,6886.0,546.33,NVIDIA GeForce RTX 4070,[N/A],Enabled,Enabled
1702751571.951449,0,GPU-93ae0c7f-c327-aee3-adae-bc0d1dae71ea,0.39,0.4184171958964338,12282.0,6886.0,546.33,NVIDIA GeForce RTX 4070,[N/A],Enabled,Enabled
1702751572.95048,0,GPU-93ae0c7f-c327-aee3-adae-bc0d1dae71ea,0.41,0.4184171958964338,12282.0,6886.0,546.33,NVIDIA GeForce RTX 4070,[N/A],Enabled,Enabled
1702751573.951077,0,GPU-93ae0c7f-c327-aee3-adae-bc0d1dae71ea,0.4,0.4184171958964338,12282.0,6886.0,546.33,NVIDIA GeForce RTX 4070,[N/A],Enabled,Enabled
1702751574.950539,0,GPU-93ae0c7f-c327-aee3-adae-bc0d1dae71ea,0.4,0.4184171958964338,12282.0,6886.0,546.33,NVIDIA GeForce RTX 4070,[N/A],Enabled,Enabled
1702751575.951021,0,GPU-93ae0c7f-c327-aee3-adae-bc0d1dae71ea,0.41,0.4184171958964338,12282.0,6886.0,546.33,NVIDIA GeForce RTX 4070,[N/A],Enabled,Enabled
1702751576.950712,0,GPU-93ae0c7f-c327-aee3-adae-bc0d1dae71ea,0.42,0.4184171958964338,12282.0,6886.0,546.33,NVIDIA GeForce RTX 4070,[N/A],Enabled,Enabled
1702751577.950892,0,GPU-93ae0c7f-c327-aee3-adae-bc0d1dae71ea,0.37,0.4184171958964338,12282.0,6886.0,546.33,NVIDIA GeForce RTX 4070,[N/A],Enabled,Enabled
1702751578.950959,0,GPU-93ae0c7f-c327-aee3-adae-bc0d1dae71ea,0.39,0.4184171958964338,12282.0,6886.0,546.33,NVIDIA GeForce RTX 4070,[N/A],Enabled,Enabled
1702751579.950583,0,GPU-93ae0c7f-c327-aee3-adae-bc0d1dae71ea,0.39,0.4184171958964338,12282.0,6886.0,546.33,NVIDIA GeForce RTX 4070,[N/A],Enabled,Enabled
1702751580.951017,0,GPU-93ae0c7f-c327-aee3-adae-bc0d1dae71ea,0.41,0.4184171958964338,12282.0,6886.0,546.33,NVIDIA GeForce RTX 4070,[N/A],Enabled,Enabled
1702751581.950591,0,GPU-93ae0c7f-c327-aee3-adae-bc0d1dae71ea,0.36,0.4184171958964338,12282.0,6886.0,546.33,NVIDIA GeForce RTX 4070,[N/A],Enabled,Enabled
1702751582.950939,0,GPU-93ae0c7f-c327-aee3-adae-bc0d1dae71ea,0.42,0.4184171958964338,12282.0,6886.0,546.33,NVIDIA GeForce RTX 4070,[N/A],Enabled,Enabled
1702751583.950103,0,GPU-93ae0c7f-c327-aee3-adae-bc0d1dae71ea,0.37,0.4184171958964338,12282.0,6886.0,546.33,NVIDIA GeForce RTX 4070,[N/A],Enabled,Enabled
1702751584.950429,0,GPU-93ae0c7f-c327-aee3-adae-bc0d1dae71ea,0.39,0.4184171958964338,12282.0,6886.0,546.33,NVIDIA GeForce RTX 4070,[N/A],Enabled,Enabled
1702751585.950912,0,GPU-93ae0c7f-c327-aee3-adae-bc0d1dae71ea,0.44,0.4184171958964338,12282.0,6886.0,546.33,NVIDIA GeForce RTX 4070,[N/A],Enabled,Enabled
1702751586.95088,0,GPU-93ae0c7f-c327-aee3-adae-bc0d1dae71ea,0.44,0.4184171958964338,12282.0,6886.0,546.33,NVIDIA GeForce RTX 4070,[N/A],Enabled,Enabled
1702751587.950481,0,GPU-93ae0c7f-c327-aee3-adae-bc0d1dae71ea,0.37,0.4184171958964338,12282.0,6886.0,546.33,NVIDIA GeForce RTX 4070,[N/A],Enabled,Enabled
1702751588.950823,0,GPU-93ae0c7f-c327-aee3-adae-bc0d1dae71ea,0.39,0.4184171958964338,12282.0,6886.0,546.33,NVIDIA GeForce RTX 4070,[N/A],Enabled,Enabled
1702751589.950522,0,GPU-93ae0c7f-c327-aee3-adae-bc0d1dae71ea,0.35,0.4184171958964338,12282.0,6886.0,546.33,NVIDIA GeForce RTX 4070,[N/A],Enabled,Enabled
1702751590.950456,0,GPU-93ae0c7f-c327-aee3-adae-bc0d1dae71ea,0.39,0.4184171958964338,12282.0,6886.0,546.33,NVIDIA GeForce RTX 4070,[N/A],Enabled,Enabled
1702751591.951076,0,GPU-93ae0c7f-c327-aee3-adae-bc0d1dae71ea,0.35,0.4184171958964338,12282.0,6886.0,546.33,NVIDIA GeForce RTX 4070,[N/A],Enabled,Enabled
1702751592.950142,0,GPU-93ae0c7f-c327-aee3-adae-bc0d1dae71ea,0.39,0.4184171958964338,12282.0,6886.0,546.33,NVIDIA GeForce RTX 4070,[N/A],Enabled,Enabled
1702751593.950287,0,GPU-93ae0c7f-c327-aee3-adae-bc0d1dae71ea,0.48,0.4184171958964338,12282.0,6886.0,546.33,NVIDIA GeForce RTX 4070,[N/A],Enabled,Enabled
1702751594.950632,0,GPU-93ae0c7f-c327-aee3-adae-bc0d1dae71ea,0.39,0.4184171958964338,12282.0,6886.0,546.33,NVIDIA GeForce RTX 4070,[N/A],Enabled,Enabled
1702751595.950152,0,GPU-93ae0c7f-c327-aee3-adae-bc0d1dae71ea,0.36,0.4184171958964338,12282.0,6886.0,546.33,NVIDIA GeForce RTX 4070,[N/A],Enabled,Enabled
1702751596.950952,0,GPU-93ae0c7f-c327-aee3-adae-bc0d1dae71ea,0.41,0.4184171958964338,12282.0,6886.0,546.33,NVIDIA GeForce RTX 4070,[N/A],Enabled,Enabled
1702751597.950146,0,GPU-93ae0c7f-c327-aee3-adae-bc0d1dae71ea,0.43,0.4184171958964338,12282.0,6886.0,546.33,NVIDIA GeForce RTX 4070,[N/A],Enabled,Enabled
1702751598.950363,0,GPU-93ae0c7f-c327-aee3-adae-bc0d1dae71ea,0.44,0.4184171958964338,12282.0,6886.0,546.33,NVIDIA GeForce RTX 4070,[N/A],Enabled,Enabled
1702751599.950826,0,GPU-93ae0c7f-c327-aee3-adae-bc0d1dae71ea,0.37,0.4184171958964338,12282.0,6886.0,546.33,NVIDIA GeForce RTX 4070,[N/A],Enabled,Enabled
1702751600.950652,0,GPU-93ae0c7f-c327-aee3-adae-bc0d1dae71ea,0.37,0.4184171958964338,12282.0,6886.0,546.33,NVIDIA GeForce RTX 4070,[N/A],Enabled,Enabled
1702751601.951473,0,GPU-93ae0c7f-c327-aee3-adae-bc0d1dae71ea,0.37,0.4184171958964338,12282.0,6886.0,546.33,NVIDIA GeForce RTX 4070,[N/A],Enabled,Enabled
1702751602.950091,0,GPU-93ae0c7f-c327-aee3-adae-bc0d1dae71ea,0.43,0.4184171958964338,12282.0,6886.0,546.33,NVIDIA GeForce RTX 4070,[N/A],Enabled,Enabled
1702751603.950774,0,GPU-93ae0c7f-c327-aee3-adae-bc0d1dae71ea,0.41,0.4184171958964338,12282.0,6886.0,546.33,NVIDIA GeForce RTX 4070,[N/A],Enabled,Enabled
1702751604.950701,0,GPU-93ae0c7f-c327-aee3-adae-bc0d1dae71ea,0.39,0.4184171958964338,12282.0,6886.0,546.33,NVIDIA GeForce RTX 4070,[N/A],Enabled,Enabled
1702751605.950068,0,GPU-93ae0c7f-c327-aee3-adae-bc0d1dae71ea,0.37,0.4184171958964338,12282.0,6886.0,546.33,NVIDIA GeForce RTX 4070,[N/A],Enabled,Enabled
1702751606.950886,0,GPU-93ae0c7f-c327-aee3-adae-bc0d1dae71ea,0.39,0.4184171958964338,12282.0,6886.0,546.33,NVIDIA GeForce RTX 4070,[N/A],Enabled,Enabled
1702751607.9503,0,GPU-93ae0c7f-c327-aee3-adae-bc0d1dae71ea,0.45,0.4184171958964338,12282.0,6886.0,546.33,NVIDIA GeForce RTX 4070,[N/A],Enabled,Enabled
1702751608.950766,0,GPU-93ae0c7f-c327-aee3-adae-bc0d1dae71ea,0.4,0.4184171958964338,12282.0,6886.0,546.33,NVIDIA GeForce RTX 4070,[N/A],Enabled,Enabled
1702751609.950687,0,GPU-93ae0c7f-c327-aee3-adae-bc0d1dae71ea,0.38,0.4184171958964338,12282.0,6886.0,546.33,NVIDIA GeForce RTX 4070,[N/A],Enabled,Enabled
1702751610.950205,0,GPU-93ae0c7f-c327-aee3-adae-bc0d1dae71ea,0.42,0.4184171958964338,12282.0,6886.0,546.33,NVIDIA GeForce RTX 4070,[N/A],Enabled,Enabled
1702751611.950117,0,GPU-93ae0c7f-c327-aee3-adae-bc0d1dae71ea,0.38,0.4184171958964338,12282.0,6886.0,546.33,NVIDIA GeForce RTX 4070,[N/A],Enabled,Enabled
1702751612.950209,0,GPU-93ae0c7f-c327-aee3-adae-bc0d1dae71ea,0.4,0.4184171958964338,12282.0,6886.0,546.33,NVIDIA GeForce RTX 4070,[N/A],Enabled,Enabled
1702751613.950899,0,GPU-93ae0c7f-c327-aee3-adae-bc0d1dae71ea,0.37,0.4184171958964338,12282.0,6886.0,546.33,NVIDIA GeForce RTX 4070,[N/A],Enabled,Enabled
1702751614.950477,0,GPU-93ae0c7f-c327-aee3-adae-bc0d1dae71ea,0.39,0.4184171958964338,12282.0,6886.0,546.33,NVIDIA GeForce RTX 4070,[N/A],Enabled,Enabled
1702751615.950415,0,GPU-93ae0c7f-c327-aee3-adae-bc0d1dae71ea,0.39,0.4184171958964338,12282.0,6886.0,546.33,NVIDIA GeForce RTX 4070,[N/A],Enabled,Enabled
1702751616.95043,0,GPU-93ae0c7f-c327-aee3-adae-bc0d1dae71ea,0.36,0.4184171958964338,12282.0,6886.0,546.33,NVIDIA GeForce RTX 4070,[N/A],Enabled,Enabled
1702751617.950293,0,GPU-93ae0c7f-c327-aee3-adae-bc0d1dae71ea,0.37,0.4184171958964338,12282.0,6886.0,546.33,NVIDIA GeForce RTX 4070,[N/A],Enabled,Enabled
1702751618.950646,0,GPU-93ae0c7f-c327-aee3-adae-bc0d1dae71ea,0.41,0.4184171958964338,12282.0,6886.0,546.33,NVIDIA GeForce RTX 4070,[N/A],Enabled,Enabled
1702751619.950563,0,GPU-93ae0c7f-c327-aee3-adae-bc0d1dae71ea,0.38,0.4184171958964338,12282.0,6886.0,546.33,NVIDIA GeForce RTX 4070,[N/A],Enabled,Enabled
1702751620.950406,0,GPU-93ae0c7f-c327-aee3-adae-bc0d1dae71ea,0.35,0.4184171958964338,12282.0,6886.0,546.33,NVIDIA GeForce RTX 4070,[N/A],Enabled,Enabled
1702751621.950754,0,GPU-93ae0c7f-c327-aee3-adae-bc0d1dae71ea,0.34,0.4184171958964338,12282.0,6886.0,546.33,NVIDIA GeForce RTX 4070,[N/A],Enabled,Enabled
1702751622.951253,0,GPU-93ae0c7f-c327-aee3-adae-bc0d1dae71ea,0.38,0.4184171958964338,12282.0,6886.0,546.33,NVIDIA GeForce RTX 4070,[N/A],Enabled,Enabled
1702751623.950565,0,GPU-93ae0c7f-c327-aee3-adae-bc0d1dae71ea,0.35,0.4184171958964338,12282.0,6886.0,546.33,NVIDIA GeForce RTX 4070,[N/A],Enabled,Enabled
1702751624.950378,0,GPU-93ae0c7f-c327-aee3-adae-bc0d1dae71ea,0.36,0.4184171958964338,12282.0,6886.0,546.33,NVIDIA GeForce RTX 4070,[N/A],Enabled,Enabled
1702751625.950952,0,GPU-93ae0c7f-c327-aee3-adae-bc0d1dae71ea,0.36,0.4184171958964338,12282.0,6886.0,546.33,NVIDIA GeForce RTX 4070,[N/A],Enabled,Enabled
1702751626.951054,0,GPU-93ae0c7f-c327-aee3-adae-bc0d1dae71ea,0.4,0.4184171958964338,12282.0,6886.0,546.33,NVIDIA GeForce RTX 4070,[N/A],Enabled,Enabled
1702751627.950807,0,GPU-93ae0c7f-c327-aee3-adae-bc0d1dae71ea,0.32,0.4184171958964338,12282.0,6886.0,546.33,NVIDIA GeForce RTX 4070,[N/A],Enabled,Enabled
1702751628.950867,0,GPU-93ae0c7f-c327-aee3-adae-bc0d1dae71ea,0.33,0.4184171958964338,12282.0,6886.0,546.33,NVIDIA GeForce RTX 4070,[N/A],Enabled,Enabled
1702751629.950847,0,GPU-93ae0c7f-c327-aee3-adae-bc0d1dae71ea,0.37,0.4184171958964338,12282.0,6886.0,546.33,NVIDIA GeForce RTX 4070,[N/A],Enabled,Enabled
1702751630.950572,0,GPU-93ae0c7f-c327-aee3-adae-bc0d1dae71ea,0.39,0.4184171958964338,12282.0,6886.0,546.33,NVIDIA GeForce RTX 4070,[N/A],Enabled,Enabled
1702751631.950876,0,GPU-93ae0c7f-c327-aee3-adae-bc0d1dae71ea,0.36,0.4184171958964338,12282.0,6886.0,546.33,NVIDIA GeForce RTX 4070,[N/A],Enabled,Enabled
1702751632.95045,0,GPU-93ae0c7f-c327-aee3-adae-bc0d1dae71ea,0.35,0.4184171958964338,12282.0,6886.0,546.33,NVIDIA GeForce RTX 4070,[N/A],Enabled,Enabled
1702751633.950364,0,GPU-93ae0c7f-c327-aee3-adae-bc0d1dae71ea,0.38,0.4184171958964338,12282.0,6886.0,546.33,NVIDIA GeForce RTX 4070,[N/A],Enabled,Enabled
1702751634.951262,0,GPU-93ae0c7f-c327-aee3-adae-bc0d1dae71ea,0.4,0.4184171958964338,12282.0,6886.0,546.33,NVIDIA GeForce RTX 4070,[N/A],Enabled,Enabled
1702751635.95082,0,GPU-93ae0c7f-c327-aee3-adae-bc0d1dae71ea,0.37,0.4184171958964338,12282.0,6886.0,546.33,NVIDIA GeForce RTX 4070,[N/A],Enabled,Enabled
1702751636.949855,0,GPU-93ae0c7f-c327-aee3-adae-bc0d1dae71ea,0.35,0.4184171958964338,12282.0,6886.0,546.33,NVIDIA GeForce RTX 4070,[N/A],Enabled,Enabled
1702751637.950509,0,GPU-93ae0c7f-c327-aee3-adae-bc0d1dae71ea,0.37,0.4184171958964338,12282.0,6886.0,546.33,NVIDIA GeForce RTX 4070,[N/A],Enabled,Enabled
1702751638.951124,0,GPU-93ae0c7f-c327-aee3-adae-bc0d1dae71ea,0.41,0.4184171958964338,12282.0,6886.0,546.33,NVIDIA GeForce RTX 4070,[N/A],Enabled,Enabled
1702751639.951067,0,GPU-93ae0c7f-c327-aee3-adae-bc0d1dae71ea,0.39,0.4184171958964338,12282.0,6886.0,546.33,NVIDIA GeForce RTX 4070,[N/A],Enabled,Enabled
1702751640.950673,0,GPU-93ae0c7f-c327-aee3-adae-bc0d1dae71ea,0.51,0.4184171958964338,12282.0,6886.0,546.33,NVIDIA GeForce RTX 4070,[N/A],Enabled,Enabled
1702751641.950968,0,GPU-93ae0c7f-c327-aee3-adae-bc0d1dae71ea,0.39,0.4184171958964338,12282.0,6886.0,546.33,NVIDIA GeForce RTX 4070,[N/A],Enabled,Enabled
1702751642.951037,0,GPU-93ae0c7f-c327-aee3-adae-bc0d1dae71ea,0.43,0.4184171958964338,12282.0,6886.0,546.33,NVIDIA GeForce RTX 4070,[N/A],Enabled,Enabled
1702751643.950341,0,GPU-93ae0c7f-c327-aee3-adae-bc0d1dae71ea,0.31,0.4184171958964338,12282.0,6886.0,546.33,NVIDIA GeForce RTX 4070,[N/A],Enabled,Enabled
1702751644.950617,0,GPU-93ae0c7f-c327-aee3-adae-bc0d1dae71ea,0.37,0.4184171958964338,12282.0,6886.0,546.33,NVIDIA GeForce RTX 4070,[N/A],Enabled,Enabled
1702751645.950755,0,GPU-93ae0c7f-c327-aee3-adae-bc0d1dae71ea,0.4,0.4184171958964338,12282.0,6886.0,546.33,NVIDIA GeForce RTX 4070,[N/A],Enabled,Enabled
1702751646.950904,0,GPU-93ae0c7f-c327-aee3-adae-bc0d1dae71ea,0.44,0.4184171958964338,12282.0,6886.0,546.33,NVIDIA GeForce RTX 4070,[N/A],Enabled,Enabled
1702751647.950643,0,GPU-93ae0c7f-c327-aee3-adae-bc0d1dae71ea,0.38,0.4184171958964338,12282.0,6886.0,546.33,NVIDIA GeForce RTX 4070,[N/A],Enabled,Enabled
1702751648.950317,0,GPU-93ae0c7f-c327-aee3-adae-bc0d1dae71ea,0.39,0.4184171958964338,12282.0,6886.0,546.33,NVIDIA GeForce RTX 4070,[N/A],Enabled,Enabled
1702751649.950789,0,GPU-93ae0c7f-c327-aee3-adae-bc0d1dae71ea,0.36,0.4184171958964338,12282.0,6886.0,546.33,NVIDIA GeForce RTX 4070,[N/A],Enabled,Enabled
1702751650.950137,0,GPU-93ae0c7f-c327-aee3-adae-bc0d1dae71ea,0.42,0.4184171958964338,12282.0,6886.0,546.33,NVIDIA GeForce RTX 4070,[N/A],Enabled,Enabled
1702751651.950883,0,GPU-93ae0c7f-c327-aee3-adae-bc0d1dae71ea,0.43,0.4184171958964338,12282.0,6886.0,546.33,NVIDIA GeForce RTX 4070,[N/A],Enabled,Enabled
1702751652.950544,0,GPU-93ae0c7f-c327-aee3-adae-bc0d1dae71ea,0.42,0.4184171958964338,12282.0,6886.0,546.33,NVIDIA GeForce RTX 4070,[N/A],Enabled,Enabled
1702751653.950647,0,GPU-93ae0c7f-c327-aee3-adae-bc0d1dae71ea,0.34,0.4184171958964338,12282.0,6886.0,546.33,NVIDIA GeForce RTX 4070,[N/A],Enabled,Enabled
1702751654.950995,0,GPU-93ae0c7f-c327-aee3-adae-bc0d1dae71ea,0.39,0.4184171958964338,12282.0,6886.0,546.33,NVIDIA GeForce RTX 4070,[N/A],Enabled,Enabled
1702751655.95125,0,GPU-93ae0c7f-c327-aee3-adae-bc0d1dae71ea,0.4,0.4184171958964338,12282.0,6886.0,546.33,NVIDIA GeForce RTX 4070,[N/A],Enabled,Enabled
1702751656.950658,0,GPU-93ae0c7f-c327-aee3-adae-bc0d1dae71ea,0.36,0.4184171958964338,12282.0,6886.0,546.33,NVIDIA GeForce RTX 4070,[N/A],Enabled,Enabled
1702751657.950756,0,GPU-93ae0c7f-c327-aee3-adae-bc0d1dae71ea,0.43,0.4184171958964338,12282.0,6886.0,546.33,NVIDIA GeForce RTX 4070,[N/A],Enabled,Enabled
1702751658.95093,0,GPU-93ae0c7f-c327-aee3-adae-bc0d1dae71ea,0.36,0.4184171958964338,12282.0,6886.0,546.33,NVIDIA GeForce RTX 4070,[N/A],Enabled,Enabled
1702751659.950656,0,GPU-93ae0c7f-c327-aee3-adae-bc0d1dae71ea,0.36,0.4184171958964338,12282.0,6886.0,546.33,NVIDIA GeForce RTX 4070,[N/A],Enabled,Enabled
1702751660.950647,0,GPU-93ae0c7f-c327-aee3-adae-bc0d1dae71ea,0.45,0.4184171958964338,12282.0,6886.0,546.33,NVIDIA GeForce RTX 4070,[N/A],Enabled,Enabled
1702751661.949907,0,GPU-93ae0c7f-c327-aee3-adae-bc0d1dae71ea,0.34,0.4184171958964338,12282.0,6886.0,546.33,NVIDIA GeForce RTX 4070,[N/A],Enabled,Enabled
1702751662.95125,0,GPU-93ae0c7f-c327-aee3-adae-bc0d1dae71ea,0.41,0.4184171958964338,12282.0,6886.0,546.33,NVIDIA GeForce RTX 4070,[N/A],Enabled,Enabled
1702751663.950746,0,GPU-93ae0c7f-c327-aee3-adae-bc0d1dae71ea,0.36,0.4184171958964338,12282.0,6886.0,546.33,NVIDIA GeForce RTX 4070,[N/A],Enabled,Enabled
1702751664.950431,0,GPU-93ae0c7f-c327-aee3-adae-bc0d1dae71ea,0.36,0.4184171958964338,12282.0,6886.0,546.33,NVIDIA GeForce RTX 4070,[N/A],Enabled,Enabled
1702751665.950533,0,GPU-93ae0c7f-c327-aee3-adae-bc0d1dae71ea,0.38,0.4184171958964338,12282.0,6886.0,546.33,NVIDIA GeForce RTX 4070,[N/A],Enabled,Enabled
1702751666.950572,0,GPU-93ae0c7f-c327-aee3-adae-bc0d1dae71ea,0.37,0.4184171958964338,12282.0,6886.0,546.33,NVIDIA GeForce RTX 4070,[N/A],Enabled,Enabled
1702751667.950612,0,GPU-93ae0c7f-c327-aee3-adae-bc0d1dae71ea,0.39,0.4184171958964338,12282.0,6886.0,546.33,NVIDIA GeForce RTX 4070,[N/A],Enabled,Enabled
1702751668.950539,0,GPU-93ae0c7f-c327-aee3-adae-bc0d1dae71ea,0.37,0.4184171958964338,12282.0,6886.0,546.33,NVIDIA GeForce RTX 4070,[N/A],Enabled,Enabled
1702751669.95096,0,GPU-93ae0c7f-c327-aee3-adae-bc0d1dae71ea,0.32,0.4184171958964338,12282.0,6886.0,546.33,NVIDIA GeForce RTX 4070,[N/A],Enabled,Enabled
1702751670.950306,0,GPU-93ae0c7f-c327-aee3-adae-bc0d1dae71ea,0.27,0.41654453672040387,12282.0,6909.0,546.33,NVIDIA GeForce RTX 4070,[N/A],Enabled,Enabled
1702751671.950992,0,GPU-93ae0c7f-c327-aee3-adae-bc0d1dae71ea,0.28,0.4166259566845791,12282.0,6908.0,546.33,NVIDIA GeForce RTX 4070,[N/A],Enabled,Enabled
1702751672.95053,0,GPU-93ae0c7f-c327-aee3-adae-bc0d1dae71ea,0.25,0.4123106985832926,12282.0,6961.0,546.33,NVIDIA GeForce RTX 4070,[N/A],Enabled,Enabled
1702751673.950402,0,GPU-93ae0c7f-c327-aee3-adae-bc0d1dae71ea,0.28,0.41654453672040387,12282.0,6909.0,546.33,NVIDIA GeForce RTX 4070,[N/A],Enabled,Enabled
1702751674.951022,0,GPU-93ae0c7f-c327-aee3-adae-bc0d1dae71ea,0.26,0.4123106985832926,12282.0,6961.0,546.33,NVIDIA GeForce RTX 4070,[N/A],Enabled,Enabled
1702751675.950601,0,GPU-93ae0c7f-c327-aee3-adae-bc0d1dae71ea,0.27,0.4123106985832926,12282.0,6961.0,546.33,NVIDIA GeForce RTX 4070,[N/A],Enabled,Enabled
1702751676.951131,0,GPU-93ae0c7f-c327-aee3-adae-bc0d1dae71ea,0.26,0.4123106985832926,12282.0,6961.0,546.33,NVIDIA GeForce RTX 4070,[N/A],Enabled,Enabled
1702751677.950743,0,GPU-93ae0c7f-c327-aee3-adae-bc0d1dae71ea,0.24,0.4123106985832926,12282.0,6961.0,546.33,NVIDIA GeForce RTX 4070,[N/A],Enabled,Enabled
1702751678.951129,0,GPU-93ae0c7f-c327-aee3-adae-bc0d1dae71ea,0.23,0.4123106985832926,12282.0,6961.0,546.33,NVIDIA GeForce RTX 4070,[N/A],Enabled,Enabled
1702751679.951088,0,GPU-93ae0c7f-c327-aee3-adae-bc0d1dae71ea,0.23,0.4123106985832926,12282.0,6961.0,546.33,NVIDIA GeForce RTX 4070,[N/A],Enabled,Enabled
1702751680.950728,0,GPU-93ae0c7f-c327-aee3-adae-bc0d1dae71ea,0.23,0.4123106985832926,12282.0,6961.0,546.33,NVIDIA GeForce RTX 4070,[N/A],Enabled,Enabled
1702751681.951011,0,GPU-93ae0c7f-c327-aee3-adae-bc0d1dae71ea,0.24,0.4123106985832926,12282.0,6961.0,546.33,NVIDIA GeForce RTX 4070,[N/A],Enabled,Enabled
1702751682.951701,0,GPU-93ae0c7f-c327-aee3-adae-bc0d1dae71ea,0.23,0.4123106985832926,12282.0,6961.0,546.33,NVIDIA GeForce RTX 4070,[N/A],Enabled,Enabled
1702751683.950079,0,GPU-93ae0c7f-c327-aee3-adae-bc0d1dae71ea,0.24,0.4123106985832926,12282.0,6961.0,546.33,NVIDIA GeForce RTX 4070,[N/A],Enabled,Enabled
1702751684.950169,0,GPU-93ae0c7f-c327-aee3-adae-bc0d1dae71ea,0.25,0.4123106985832926,12282.0,6961.0,546.33,NVIDIA GeForce RTX 4070,[N/A],Enabled,Enabled
1702751685.95102,0,GPU-93ae0c7f-c327-aee3-adae-bc0d1dae71ea,0.26,0.4123106985832926,12282.0,6961.0,546.33,NVIDIA GeForce RTX 4070,[N/A],Enabled,Enabled
1702751686.950837,0,GPU-93ae0c7f-c327-aee3-adae-bc0d1dae71ea,0.25,0.4123106985832926,12282.0,6961.0,546.33,NVIDIA GeForce RTX 4070,[N/A],Enabled,Enabled
1702751687.950558,0,GPU-93ae0c7f-c327-aee3-adae-bc0d1dae71ea,0.26,0.4123106985832926,12282.0,6961.0,546.33,NVIDIA GeForce RTX 4070,[N/A],Enabled,Enabled
1702751688.951168,0,GPU-93ae0c7f-c327-aee3-adae-bc0d1dae71ea,0.25,0.4123106985832926,12282.0,6961.0,546.33,NVIDIA GeForce RTX 4070,[N/A],Enabled,Enabled
1702751689.951046,0,GPU-93ae0c7f-c327-aee3-adae-bc0d1dae71ea,0.26,0.4123106985832926,12282.0,6961.0,546.33,NVIDIA GeForce RTX 4070,[N/A],Enabled,Enabled
1702751690.951227,0,GPU-93ae0c7f-c327-aee3-adae-bc0d1dae71ea,0.25,0.4123106985832926,12282.0,6961.0,546.33,NVIDIA GeForce RTX 4070,[N/A],Enabled,Enabled
1702751691.950302,0,GPU-93ae0c7f-c327-aee3-adae-bc0d1dae71ea,0.26,0.4123106985832926,12282.0,6961.0,546.33,NVIDIA GeForce RTX 4070,[N/A],Enabled,Enabled
1702751692.950419,0,GPU-93ae0c7f-c327-aee3-adae-bc0d1dae71ea,0.16,0.22756879986972806,12282.0,9230.0,546.33,NVIDIA GeForce RTX 4070,[N/A],Enabled,Enabled
1702751693.951058,0,GPU-93ae0c7f-c327-aee3-adae-bc0d1dae71ea,0.18,0.2287900993323563,12282.0,9215.0,546.33,NVIDIA GeForce RTX 4070,[N/A],Enabled,Enabled
1702751694.95047,0,GPU-93ae0c7f-c327-aee3-adae-bc0d1dae71ea,0.16,0.2287900993323563,12282.0,9215.0,546.33,NVIDIA GeForce RTX 4070,[N/A],Enabled,Enabled
