timestamp,id,uuid,load,memoryUtil,memoryTotal,memoryUsed,memoryFree,driver,name,serial,display_mode,display_active
1709470620.027149,0,GPU-93ae0c7f-c327-aee3-adae-bc0d1dae71ea,0.14,0.21901970363133041,12282.0,9321.0,551.52,NVIDIA GeForce RTX 4070,[N/A],Enabled,Enabled
1709470621.023297,0,GPU-93ae0c7f-c327-aee3-adae-bc0d1dae71ea,0.14,0.22007816316560821,12282.0,9308.0,551.52,NVIDIA GeForce RTX 4070,[N/A],Enabled,Enabled
1709470622.023694,0,GPU-93ae0c7f-c327-aee3-adae-bc0d1dae71ea,0.14,0.22007816316560821,12282.0,9308.0,551.52,NVIDIA GeForce RTX 4070,[N/A],Enabled,Enabled
1709470623.023714,0,GPU-93ae0c7f-c327-aee3-adae-bc0d1dae71ea,0.14,0.21918254355968084,12282.0,9319.0,551.52,NVIDIA GeForce RTX 4070,[N/A],Enabled,Enabled
1709470624.023702,0,GPU-93ae0c7f-c327-aee3-adae-bc0d1dae71ea,0.14,0.21918254355968084,12282.0,9319.0,551.52,NVIDIA GeForce RTX 4070,[N/A],Enabled,Enabled
1709470625.023833,0,GPU-93ae0c7f-c327-aee3-adae-bc0d1dae71ea,0.14,0.21918254355968084,12282.0,9319.0,551.52,NVIDIA GeForce RTX 4070,[N/A],Enabled,Enabled
1709470626.023196,0,GPU-93ae0c7f-c327-aee3-adae-bc0d1dae71ea,0.14,0.21901970363133041,12282.0,9321.0,551.52,NVIDIA GeForce RTX 4070,[N/A],Enabled,Enabled
1709470627.023494,0,GPU-93ae0c7f-c327-aee3-adae-bc0d1dae71ea,0.13,0.21901970363133041,12282.0,9321.0,551.52,NVIDIA GeForce RTX 4070,[N/A],Enabled,Enabled
1709470628.023577,0,GPU-93ae0c7f-c327-aee3-adae-bc0d1dae71ea,0.13,0.21983390327308255,12282.0,9311.0,551.52,NVIDIA GeForce RTX 4070,[N/A],Enabled,Enabled
1709470629.022818,0,GPU-93ae0c7f-c327-aee3-adae-bc0d1dae71ea,0.14,0.21991532323725776,12282.0,9310.0,551.52,NVIDIA GeForce RTX 4070,[N/A],Enabled,Enabled
1709470630.022902,0,GPU-93ae0c7f-c327-aee3-adae-bc0d1dae71ea,0.14,0.21991532323725776,12282.0,9310.0,551.52,NVIDIA GeForce RTX 4070,[N/A],Enabled,Enabled
1709470631.023364,0,GPU-93ae0c7f-c327-aee3-adae-bc0d1dae71ea,0.14,0.21991532323725776,12282.0,9310.0,551.52,NVIDIA GeForce RTX 4070,[N/A],Enabled,Enabled
1709470632.023023,0,GPU-93ae0c7f-c327-aee3-adae-bc0d1dae71ea,0.14,0.21918254355968084,12282.0,9319.0,551.52,NVIDIA GeForce RTX 4070,[N/A],Enabled,Enabled
1709470633.023485,0,GPU-93ae0c7f-c327-aee3-adae-bc0d1dae71ea,0.14,0.21918254355968084,12282.0,9319.0,551.52,NVIDIA GeForce RTX 4070,[N/A],Enabled,Enabled
1709470634.024107,0,GPU-93ae0c7f-c327-aee3-adae-bc0d1dae71ea,0.15,0.21901970363133041,12282.0,9321.0,551.52,NVIDIA GeForce RTX 4070,[N/A],Enabled,Enabled
1709470635.023865,0,GPU-93ae0c7f-c327-aee3-adae-bc0d1dae71ea,0.15,0.21926396352385605,12282.0,9318.0,551.52,NVIDIA GeForce RTX 4070,[N/A],Enabled,Enabled
1709470636.023531,0,GPU-93ae0c7f-c327-aee3-adae-bc0d1dae71ea,0.16,0.2215437225207621,12282.0,9290.0,551.52,NVIDIA GeForce RTX 4070,[N/A],Enabled,Enabled
1709470637.023673,0,GPU-93ae0c7f-c327-aee3-adae-bc0d1dae71ea,0.13,0.21983390327308255,12282.0,9311.0,551.52,NVIDIA GeForce RTX 4070,[N/A],Enabled,Enabled
1709470638.023274,0,GPU-93ae0c7f-c327-aee3-adae-bc0d1dae71ea,0.12,0.21885686370297996,12282.0,9323.0,551.52,NVIDIA GeForce RTX 4070,[N/A],Enabled,Enabled
1709470639.023256,0,GPU-93ae0c7f-c327-aee3-adae-bc0d1dae71ea,0.13,0.21885686370297996,12282.0,9323.0,551.52,NVIDIA GeForce RTX 4070,[N/A],Enabled,Enabled
1709470640.023434,0,GPU-93ae0c7f-c327-aee3-adae-bc0d1dae71ea,0.12,0.21885686370297996,12282.0,9323.0,551.52,NVIDIA GeForce RTX 4070,[N/A],Enabled,Enabled
1709470641.023297,0,GPU-93ae0c7f-c327-aee3-adae-bc0d1dae71ea,0.12,0.21885686370297996,12282.0,9323.0,551.52,NVIDIA GeForce RTX 4070,[N/A],Enabled,Enabled
1709470642.023066,0,GPU-93ae0c7f-c327-aee3-adae-bc0d1dae71ea,0.12,0.21885686370297996,12282.0,9323.0,551.52,NVIDIA GeForce RTX 4070,[N/A],Enabled,Enabled
1709470643.023916,0,GPU-93ae0c7f-c327-aee3-adae-bc0d1dae71ea,0.12,0.21885686370297996,12282.0,9323.0,551.52,NVIDIA GeForce RTX 4070,[N/A],Enabled,Enabled
1709470644.024256,0,GPU-93ae0c7f-c327-aee3-adae-bc0d1dae71ea,0.12,0.21885686370297996,12282.0,9323.0,551.52,NVIDIA GeForce RTX 4070,[N/A],Enabled,Enabled
1709470645.023257,0,GPU-93ae0c7f-c327-aee3-adae-bc0d1dae71ea,0.12,0.21885686370297996,12282.0,9323.0,551.52,NVIDIA GeForce RTX 4070,[N/A],Enabled,Enabled
1709470646.023898,0,GPU-93ae0c7f-c327-aee3-adae-bc0d1dae71ea,0.12,0.21885686370297996,12282.0,9323.0,551.52,NVIDIA GeForce RTX 4070,[N/A],Enabled,Enabled
1709470647.023531,0,GPU-93ae0c7f-c327-aee3-adae-bc0d1dae71ea,0.12,0.21885686370297996,12282.0,9323.0,551.52,NVIDIA GeForce RTX 4070,[N/A],Enabled,Enabled
1709470648.023176,0,GPU-93ae0c7f-c327-aee3-adae-bc0d1dae71ea,0.12,0.21885686370297996,12282.0,9323.0,551.52,NVIDIA GeForce RTX 4070,[N/A],Enabled,Enabled
1709470649.023221,0,GPU-93ae0c7f-c327-aee3-adae-bc0d1dae71ea,0.12,0.21885686370297996,12282.0,9323.0,551.52,NVIDIA GeForce RTX 4070,[N/A],Enabled,Enabled
1709470650.023526,0,GPU-93ae0c7f-c327-aee3-adae-bc0d1dae71ea,0.12,0.21885686370297996,12282.0,9323.0,551.52,NVIDIA GeForce RTX 4070,[N/A],Enabled,Enabled
1709470651.023864,0,GPU-93ae0c7f-c327-aee3-adae-bc0d1dae71ea,0.12,0.21885686370297996,12282.0,9323.0,551.52,NVIDIA GeForce RTX 4070,[N/A],Enabled,Enabled
1709470652.023837,0,GPU-93ae0c7f-c327-aee3-adae-bc0d1dae71ea,0.12,0.21885686370297996,12282.0,9323.0,551.52,NVIDIA GeForce RTX 4070,[N/A],Enabled,Enabled
1709470653.022896,0,GPU-93ae0c7f-c327-aee3-adae-bc0d1dae71ea,0.12,0.21885686370297996,12282.0,9323.0,551.52,NVIDIA GeForce RTX 4070,[N/A],Enabled,Enabled
1709470654.023612,0,GPU-93ae0c7f-c327-aee3-adae-bc0d1dae71ea,0.12,0.21885686370297996,12282.0,9323.0,551.52,NVIDIA GeForce RTX 4070,[N/A],Enabled,Enabled
1709470655.023138,0,GPU-93ae0c7f-c327-aee3-adae-bc0d1dae71ea,0.12,0.21885686370297996,12282.0,9323.0,551.52,NVIDIA GeForce RTX 4070,[N/A],Enabled,Enabled
1709470656.023769,0,GPU-93ae0c7f-c327-aee3-adae-bc0d1dae71ea,0.12,0.22227650219833903,12282.0,9281.0,551.52,NVIDIA GeForce RTX 4070,[N/A],Enabled,Enabled
1709470657.023584,0,GPU-93ae0c7f-c327-aee3-adae-bc0d1dae71ea,0.23,0.3244585572382348,12282.0,8026.0,551.52,NVIDIA GeForce RTX 4070,[N/A],Enabled,Enabled
1709470658.023931,0,GPU-93ae0c7f-c327-aee3-adae-bc0d1dae71ea,0.08,0.292460511317375,12282.0,8419.0,551.52,NVIDIA GeForce RTX 4070,[N/A],Enabled,Enabled
1709470659.022851,0,GPU-93ae0c7f-c327-aee3-adae-bc0d1dae71ea,0.08,0.292460511317375,12282.0,8419.0,551.52,NVIDIA GeForce RTX 4070,[N/A],Enabled,Enabled
1709470660.023676,0,GPU-93ae0c7f-c327-aee3-adae-bc0d1dae71ea,0.08,0.292460511317375,12282.0,8419.0,551.52,NVIDIA GeForce RTX 4070,[N/A],Enabled,Enabled
1709470661.023927,0,GPU-93ae0c7f-c327-aee3-adae-bc0d1dae71ea,0.09,0.22805731965477935,12282.0,9210.0,551.52,NVIDIA GeForce RTX 4070,[N/A],Enabled,Enabled
1709470662.023446,0,GPU-93ae0c7f-c327-aee3-adae-bc0d1dae71ea,0.17,0.38438365087119364,12282.0,7290.0,551.52,NVIDIA GeForce RTX 4070,[N/A],Enabled,Enabled
1709470663.023009,0,GPU-93ae0c7f-c327-aee3-adae-bc0d1dae71ea,0.29,0.4076697606253053,12282.0,7004.0,551.52,NVIDIA GeForce RTX 4070,[N/A],Enabled,Enabled
1709470664.023585,0,GPU-93ae0c7f-c327-aee3-adae-bc0d1dae71ea,0.29,0.4076697606253053,12282.0,7004.0,551.52,NVIDIA GeForce RTX 4070,[N/A],Enabled,Enabled
1709470665.023843,0,GPU-93ae0c7f-c327-aee3-adae-bc0d1dae71ea,0.26,0.4033545025240189,12282.0,7057.0,551.52,NVIDIA GeForce RTX 4070,[N/A],Enabled,Enabled
1709470666.023666,0,GPU-93ae0c7f-c327-aee3-adae-bc0d1dae71ea,0.27,0.4033545025240189,12282.0,7057.0,551.52,NVIDIA GeForce RTX 4070,[N/A],Enabled,Enabled
1709470667.022842,0,GPU-93ae0c7f-c327-aee3-adae-bc0d1dae71ea,0.27,0.4033545025240189,12282.0,7057.0,551.52,NVIDIA GeForce RTX 4070,[N/A],Enabled,Enabled
1709470668.023662,0,GPU-93ae0c7f-c327-aee3-adae-bc0d1dae71ea,0.29,0.4076697606253053,12282.0,7004.0,551.52,NVIDIA GeForce RTX 4070,[N/A],Enabled,Enabled
1709470669.023234,0,GPU-93ae0c7f-c327-aee3-adae-bc0d1dae71ea,0.06,0.5086305162025728,12282.0,5764.0,551.52,NVIDIA GeForce RTX 4070,[N/A],Enabled,Enabled
1709470670.023396,0,GPU-93ae0c7f-c327-aee3-adae-bc0d1dae71ea,0.29,0.40848396026705747,12282.0,6994.0,551.52,NVIDIA GeForce RTX 4070,[N/A],Enabled,Enabled
1709470671.023634,0,GPU-93ae0c7f-c327-aee3-adae-bc0d1dae71ea,0.3,0.40848396026705747,12282.0,6994.0,551.52,NVIDIA GeForce RTX 4070,[N/A],Enabled,Enabled
1709470672.022985,0,GPU-93ae0c7f-c327-aee3-adae-bc0d1dae71ea,0.3,0.40848396026705747,12282.0,6994.0,551.52,NVIDIA GeForce RTX 4070,[N/A],Enabled,Enabled
1709470673.022953,0,GPU-93ae0c7f-c327-aee3-adae-bc0d1dae71ea,0.3,0.40848396026705747,12282.0,6994.0,551.52,NVIDIA GeForce RTX 4070,[N/A],Enabled,Enabled
1709470674.023935,0,GPU-93ae0c7f-c327-aee3-adae-bc0d1dae71ea,0.3,0.40848396026705747,12282.0,6994.0,551.52,NVIDIA GeForce RTX 4070,[N/A],Enabled,Enabled
1709470675.023703,0,GPU-93ae0c7f-c327-aee3-adae-bc0d1dae71ea,0.3,0.4085653802312327,12282.0,6993.0,551.52,NVIDIA GeForce RTX 4070,[N/A],Enabled,Enabled
1709470676.024048,0,GPU-93ae0c7f-c327-aee3-adae-bc0d1dae71ea,0.27,0.40425012212994627,12282.0,7046.0,551.52,NVIDIA GeForce RTX 4070,[N/A],Enabled,Enabled
1709470677.023371,0,GPU-93ae0c7f-c327-aee3-adae-bc0d1dae71ea,0.29,0.40848396026705747,12282.0,6994.0,551.52,NVIDIA GeForce RTX 4070,[N/A],Enabled,Enabled
1709470678.023666,0,GPU-93ae0c7f-c327-aee3-adae-bc0d1dae71ea,0.3,0.40848396026705747,12282.0,6994.0,551.52,NVIDIA GeForce RTX 4070,[N/A],Enabled,Enabled
1709470679.02351,0,GPU-93ae0c7f-c327-aee3-adae-bc0d1dae71ea,0.29,0.4085653802312327,12282.0,6993.0,551.52,NVIDIA GeForce RTX 4070,[N/A],Enabled,Enabled
1709470680.023901,0,GPU-93ae0c7f-c327-aee3-adae-bc0d1dae71ea,0.27,0.40425012212994627,12282.0,7046.0,551.52,NVIDIA GeForce RTX 4070,[N/A],Enabled,Enabled
1709470681.023723,0,GPU-93ae0c7f-c327-aee3-adae-bc0d1dae71ea,0.24,0.40620420127015144,12282.0,7022.0,551.52,NVIDIA GeForce RTX 4070,[N/A],Enabled,Enabled
1709470682.023935,0,GPU-93ae0c7f-c327-aee3-adae-bc0d1dae71ea,0.35,0.4123106985832926,12282.0,6947.0,551.52,NVIDIA GeForce RTX 4070,[N/A],Enabled,Enabled
1709470683.023601,0,GPU-93ae0c7f-c327-aee3-adae-bc0d1dae71ea,0.38,0.4123106985832926,12282.0,6947.0,551.52,NVIDIA GeForce RTX 4070,[N/A],Enabled,Enabled
1709470684.023492,0,GPU-93ae0c7f-c327-aee3-adae-bc0d1dae71ea,0.35,0.4123106985832926,12282.0,6947.0,551.52,NVIDIA GeForce RTX 4070,[N/A],Enabled,Enabled
1709470685.023323,0,GPU-93ae0c7f-c327-aee3-adae-bc0d1dae71ea,0.37,0.4123106985832926,12282.0,6947.0,551.52,NVIDIA GeForce RTX 4070,[N/A],Enabled,Enabled
1709470686.023738,0,GPU-93ae0c7f-c327-aee3-adae-bc0d1dae71ea,0.4,0.4123106985832926,12282.0,6947.0,551.52,NVIDIA GeForce RTX 4070,[N/A],Enabled,Enabled
1709470687.023337,0,GPU-93ae0c7f-c327-aee3-adae-bc0d1dae71ea,0.36,0.4123106985832926,12282.0,6947.0,551.52,NVIDIA GeForce RTX 4070,[N/A],Enabled,Enabled
1709470688.023191,0,GPU-93ae0c7f-c327-aee3-adae-bc0d1dae71ea,0.34,0.4123106985832926,12282.0,6947.0,551.52,NVIDIA GeForce RTX 4070,[N/A],Enabled,Enabled
1709470689.023795,0,GPU-93ae0c7f-c327-aee3-adae-bc0d1dae71ea,0.37,0.4123106985832926,12282.0,6947.0,551.52,NVIDIA GeForce RTX 4070,[N/A],Enabled,Enabled
1709470690.023443,0,GPU-93ae0c7f-c327-aee3-adae-bc0d1dae71ea,0.36,0.4123106985832926,12282.0,6947.0,551.52,NVIDIA GeForce RTX 4070,[N/A],Enabled,Enabled
1709470691.023695,0,GPU-93ae0c7f-c327-aee3-adae-bc0d1dae71ea,0.35,0.4123106985832926,12282.0,6947.0,551.52,NVIDIA GeForce RTX 4070,[N/A],Enabled,Enabled
1709470692.023247,0,GPU-93ae0c7f-c327-aee3-adae-bc0d1dae71ea,0.35,0.4123106985832926,12282.0,6947.0,551.52,NVIDIA GeForce RTX 4070,[N/A],Enabled,Enabled
1709470693.023671,0,GPU-93ae0c7f-c327-aee3-adae-bc0d1dae71ea,0.38,0.4123106985832926,12282.0,6947.0,551.52,NVIDIA GeForce RTX 4070,[N/A],Enabled,Enabled
1709470694.023898,0,GPU-93ae0c7f-c327-aee3-adae-bc0d1dae71ea,0.37,0.4123106985832926,12282.0,6947.0,551.52,NVIDIA GeForce RTX 4070,[N/A],Enabled,Enabled
1709470695.02319,0,GPU-93ae0c7f-c327-aee3-adae-bc0d1dae71ea,0.36,0.4123106985832926,12282.0,6947.0,551.52,NVIDIA GeForce RTX 4070,[N/A],Enabled,Enabled
1709470696.02361,0,GPU-93ae0c7f-c327-aee3-adae-bc0d1dae71ea,0.38,0.4123106985832926,12282.0,6947.0,551.52,NVIDIA GeForce RTX 4070,[N/A],Enabled,Enabled
1709470697.023902,0,GPU-93ae0c7f-c327-aee3-adae-bc0d1dae71ea,0.37,0.4123106985832926,12282.0,6947.0,551.52,NVIDIA GeForce RTX 4070,[N/A],Enabled,Enabled
1709470698.023017,0,GPU-93ae0c7f-c327-aee3-adae-bc0d1dae71ea,0.37,0.4123106985832926,12282.0,6947.0,551.52,NVIDIA GeForce RTX 4070,[N/A],Enabled,Enabled
1709470699.023829,0,GPU-93ae0c7f-c327-aee3-adae-bc0d1dae71ea,0.37,0.4123106985832926,12282.0,6947.0,551.52,NVIDIA GeForce RTX 4070,[N/A],Enabled,Enabled
1709470700.023635,0,GPU-93ae0c7f-c327-aee3-adae-bc0d1dae71ea,0.36,0.4123106985832926,12282.0,6947.0,551.52,NVIDIA GeForce RTX 4070,[N/A],Enabled,Enabled
1709470701.023777,0,GPU-93ae0c7f-c327-aee3-adae-bc0d1dae71ea,0.37,0.4123106985832926,12282.0,6947.0,551.52,NVIDIA GeForce RTX 4070,[N/A],Enabled,Enabled
1709470702.024326,0,GPU-93ae0c7f-c327-aee3-adae-bc0d1dae71ea,0.36,0.4123106985832926,12282.0,6947.0,551.52,NVIDIA GeForce RTX 4070,[N/A],Enabled,Enabled
1709470703.023602,0,GPU-93ae0c7f-c327-aee3-adae-bc0d1dae71ea,0.38,0.4123106985832926,12282.0,6947.0,551.52,NVIDIA GeForce RTX 4070,[N/A],Enabled,Enabled
1709470704.023255,0,GPU-93ae0c7f-c327-aee3-adae-bc0d1dae71ea,0.37,0.4123106985832926,12282.0,6947.0,551.52,NVIDIA GeForce RTX 4070,[N/A],Enabled,Enabled
1709470705.023322,0,GPU-93ae0c7f-c327-aee3-adae-bc0d1dae71ea,0.39,0.4123106985832926,12282.0,6947.0,551.52,NVIDIA GeForce RTX 4070,[N/A],Enabled,Enabled
1709470706.024062,0,GPU-93ae0c7f-c327-aee3-adae-bc0d1dae71ea,0.4,0.4123106985832926,12282.0,6947.0,551.52,NVIDIA GeForce RTX 4070,[N/A],Enabled,Enabled
1709470707.023434,0,GPU-93ae0c7f-c327-aee3-adae-bc0d1dae71ea,0.38,0.4123106985832926,12282.0,6947.0,551.52,NVIDIA GeForce RTX 4070,[N/A],Enabled,Enabled
1709470708.022957,0,GPU-93ae0c7f-c327-aee3-adae-bc0d1dae71ea,0.37,0.4123106985832926,12282.0,6947.0,551.52,NVIDIA GeForce RTX 4070,[N/A],Enabled,Enabled
1709470709.023267,0,GPU-93ae0c7f-c327-aee3-adae-bc0d1dae71ea,0.41,0.4123106985832926,12282.0,6947.0,551.52,NVIDIA GeForce RTX 4070,[N/A],Enabled,Enabled
1709470710.023372,0,GPU-93ae0c7f-c327-aee3-adae-bc0d1dae71ea,0.43,0.4123106985832926,12282.0,6947.0,551.52,NVIDIA GeForce RTX 4070,[N/A],Enabled,Enabled
1709470711.023175,0,GPU-93ae0c7f-c327-aee3-adae-bc0d1dae71ea,0.36,0.4123106985832926,12282.0,6947.0,551.52,NVIDIA GeForce RTX 4070,[N/A],Enabled,Enabled
1709470712.023361,0,GPU-93ae0c7f-c327-aee3-adae-bc0d1dae71ea,0.36,0.4123106985832926,12282.0,6947.0,551.52,NVIDIA GeForce RTX 4070,[N/A],Enabled,Enabled
1709470713.023401,0,GPU-93ae0c7f-c327-aee3-adae-bc0d1dae71ea,0.37,0.4123106985832926,12282.0,6947.0,551.52,NVIDIA GeForce RTX 4070,[N/A],Enabled,Enabled
1709470714.02314,0,GPU-93ae0c7f-c327-aee3-adae-bc0d1dae71ea,0.38,0.4123106985832926,12282.0,6947.0,551.52,NVIDIA GeForce RTX 4070,[N/A],Enabled,Enabled
1709470715.023474,0,GPU-93ae0c7f-c327-aee3-adae-bc0d1dae71ea,0.37,0.4123106985832926,12282.0,6947.0,551.52,NVIDIA GeForce RTX 4070,[N/A],Enabled,Enabled
1709470716.02303,0,GPU-93ae0c7f-c327-aee3-adae-bc0d1dae71ea,0.36,0.4123106985832926,12282.0,6947.0,551.52,NVIDIA GeForce RTX 4070,[N/A],Enabled,Enabled
1709470717.023277,0,GPU-93ae0c7f-c327-aee3-adae-bc0d1dae71ea,0.37,0.4123106985832926,12282.0,6947.0,551.52,NVIDIA GeForce RTX 4070,[N/A],Enabled,Enabled
1709470718.023901,0,GPU-93ae0c7f-c327-aee3-adae-bc0d1dae71ea,0.34,0.4123106985832926,12282.0,6947.0,551.52,NVIDIA GeForce RTX 4070,[N/A],Enabled,Enabled
1709470719.023471,0,GPU-93ae0c7f-c327-aee3-adae-bc0d1dae71ea,0.37,0.4123106985832926,12282.0,6947.0,551.52,NVIDIA GeForce RTX 4070,[N/A],Enabled,Enabled
1709470720.023518,0,GPU-93ae0c7f-c327-aee3-adae-bc0d1dae71ea,0.37,0.4123106985832926,12282.0,6947.0,551.52,NVIDIA GeForce RTX 4070,[N/A],Enabled,Enabled
1709470721.022868,0,GPU-93ae0c7f-c327-aee3-adae-bc0d1dae71ea,0.35,0.4123106985832926,12282.0,6947.0,551.52,NVIDIA GeForce RTX 4070,[N/A],Enabled,Enabled
1709470722.023913,0,GPU-93ae0c7f-c327-aee3-adae-bc0d1dae71ea,0.35,0.4123106985832926,12282.0,6947.0,551.52,NVIDIA GeForce RTX 4070,[N/A],Enabled,Enabled
1709470723.023567,0,GPU-93ae0c7f-c327-aee3-adae-bc0d1dae71ea,0.37,0.4123106985832926,12282.0,6947.0,551.52,NVIDIA GeForce RTX 4070,[N/A],Enabled,Enabled
1709470724.023592,0,GPU-93ae0c7f-c327-aee3-adae-bc0d1dae71ea,0.36,0.4123106985832926,12282.0,6947.0,551.52,NVIDIA GeForce RTX 4070,[N/A],Enabled,Enabled
1709470725.023463,0,GPU-93ae0c7f-c327-aee3-adae-bc0d1dae71ea,0.44,0.4123106985832926,12282.0,6947.0,551.52,NVIDIA GeForce RTX 4070,[N/A],Enabled,Enabled
1709470726.023158,0,GPU-93ae0c7f-c327-aee3-adae-bc0d1dae71ea,0.36,0.4123106985832926,12282.0,6947.0,551.52,NVIDIA GeForce RTX 4070,[N/A],Enabled,Enabled
1709470727.023165,0,GPU-93ae0c7f-c327-aee3-adae-bc0d1dae71ea,0.37,0.4123106985832926,12282.0,6947.0,551.52,NVIDIA GeForce RTX 4070,[N/A],Enabled,Enabled
1709470728.023275,0,GPU-93ae0c7f-c327-aee3-adae-bc0d1dae71ea,0.35,0.4123106985832926,12282.0,6947.0,551.52,NVIDIA GeForce RTX 4070,[N/A],Enabled,Enabled
1709470729.023482,0,GPU-93ae0c7f-c327-aee3-adae-bc0d1dae71ea,0.39,0.4123106985832926,12282.0,6947.0,551.52,NVIDIA GeForce RTX 4070,[N/A],Enabled,Enabled
1709470730.023426,0,GPU-93ae0c7f-c327-aee3-adae-bc0d1dae71ea,0.37,0.4123106985832926,12282.0,6947.0,551.52,NVIDIA GeForce RTX 4070,[N/A],Enabled,Enabled
1709470731.023476,0,GPU-93ae0c7f-c327-aee3-adae-bc0d1dae71ea,0.4,0.4123106985832926,12282.0,6947.0,551.52,NVIDIA GeForce RTX 4070,[N/A],Enabled,Enabled
1709470732.024012,0,GPU-93ae0c7f-c327-aee3-adae-bc0d1dae71ea,0.38,0.4123106985832926,12282.0,6947.0,551.52,NVIDIA GeForce RTX 4070,[N/A],Enabled,Enabled
1709470733.023753,0,GPU-93ae0c7f-c327-aee3-adae-bc0d1dae71ea,0.39,0.4123106985832926,12282.0,6947.0,551.52,NVIDIA GeForce RTX 4070,[N/A],Enabled,Enabled
1709470734.023367,0,GPU-93ae0c7f-c327-aee3-adae-bc0d1dae71ea,0.37,0.4123106985832926,12282.0,6947.0,551.52,NVIDIA GeForce RTX 4070,[N/A],Enabled,Enabled
1709470735.023807,0,GPU-93ae0c7f-c327-aee3-adae-bc0d1dae71ea,0.39,0.4123106985832926,12282.0,6947.0,551.52,NVIDIA GeForce RTX 4070,[N/A],Enabled,Enabled
1709470736.023234,0,GPU-93ae0c7f-c327-aee3-adae-bc0d1dae71ea,0.37,0.4123106985832926,12282.0,6947.0,551.52,NVIDIA GeForce RTX 4070,[N/A],Enabled,Enabled
1709470737.023383,0,GPU-93ae0c7f-c327-aee3-adae-bc0d1dae71ea,0.37,0.4123106985832926,12282.0,6947.0,551.52,NVIDIA GeForce RTX 4070,[N/A],Enabled,Enabled
1709470738.023667,0,GPU-93ae0c7f-c327-aee3-adae-bc0d1dae71ea,0.38,0.4123106985832926,12282.0,6947.0,551.52,NVIDIA GeForce RTX 4070,[N/A],Enabled,Enabled
1709470739.024149,0,GPU-93ae0c7f-c327-aee3-adae-bc0d1dae71ea,0.36,0.4123106985832926,12282.0,6947.0,551.52,NVIDIA GeForce RTX 4070,[N/A],Enabled,Enabled
1709470740.023809,0,GPU-93ae0c7f-c327-aee3-adae-bc0d1dae71ea,0.38,0.4123106985832926,12282.0,6947.0,551.52,NVIDIA GeForce RTX 4070,[N/A],Enabled,Enabled
1709470741.0242,0,GPU-93ae0c7f-c327-aee3-adae-bc0d1dae71ea,0.38,0.4123106985832926,12282.0,6947.0,551.52,NVIDIA GeForce RTX 4070,[N/A],Enabled,Enabled
1709470742.023837,0,GPU-93ae0c7f-c327-aee3-adae-bc0d1dae71ea,0.36,0.4123106985832926,12282.0,6947.0,551.52,NVIDIA GeForce RTX 4070,[N/A],Enabled,Enabled
1709470743.023322,0,GPU-93ae0c7f-c327-aee3-adae-bc0d1dae71ea,0.37,0.4123106985832926,12282.0,6947.0,551.52,NVIDIA GeForce RTX 4070,[N/A],Enabled,Enabled
1709470744.02374,0,GPU-93ae0c7f-c327-aee3-adae-bc0d1dae71ea,0.36,0.4123106985832926,12282.0,6947.0,551.52,NVIDIA GeForce RTX 4070,[N/A],Enabled,Enabled
1709470745.023431,0,GPU-93ae0c7f-c327-aee3-adae-bc0d1dae71ea,0.37,0.4123106985832926,12282.0,6947.0,551.52,NVIDIA GeForce RTX 4070,[N/A],Enabled,Enabled
1709470746.022855,0,GPU-93ae0c7f-c327-aee3-adae-bc0d1dae71ea,0.37,0.4123106985832926,12282.0,6947.0,551.52,NVIDIA GeForce RTX 4070,[N/A],Enabled,Enabled
1709470747.023171,0,GPU-93ae0c7f-c327-aee3-adae-bc0d1dae71ea,0.41,0.4123106985832926,12282.0,6947.0,551.52,NVIDIA GeForce RTX 4070,[N/A],Enabled,Enabled
1709470748.02317,0,GPU-93ae0c7f-c327-aee3-adae-bc0d1dae71ea,0.37,0.4123106985832926,12282.0,6947.0,551.52,NVIDIA GeForce RTX 4070,[N/A],Enabled,Enabled
1709470749.024158,0,GPU-93ae0c7f-c327-aee3-adae-bc0d1dae71ea,0.39,0.4123106985832926,12282.0,6947.0,551.52,NVIDIA GeForce RTX 4070,[N/A],Enabled,Enabled
1709470750.023541,0,GPU-93ae0c7f-c327-aee3-adae-bc0d1dae71ea,0.4,0.4123106985832926,12282.0,6947.0,551.52,NVIDIA GeForce RTX 4070,[N/A],Enabled,Enabled
1709470751.022701,0,GPU-93ae0c7f-c327-aee3-adae-bc0d1dae71ea,0.38,0.4123106985832926,12282.0,6947.0,551.52,NVIDIA GeForce RTX 4070,[N/A],Enabled,Enabled
1709470752.023461,0,GPU-93ae0c7f-c327-aee3-adae-bc0d1dae71ea,0.37,0.4123106985832926,12282.0,6947.0,551.52,NVIDIA GeForce RTX 4070,[N/A],Enabled,Enabled
1709470753.023736,0,GPU-93ae0c7f-c327-aee3-adae-bc0d1dae71ea,0.43,0.4123106985832926,12282.0,6947.0,551.52,NVIDIA GeForce RTX 4070,[N/A],Enabled,Enabled
1709470754.02338,0,GPU-93ae0c7f-c327-aee3-adae-bc0d1dae71ea,0.36,0.4123106985832926,12282.0,6947.0,551.52,NVIDIA GeForce RTX 4070,[N/A],Enabled,Enabled
1709470755.023435,0,GPU-93ae0c7f-c327-aee3-adae-bc0d1dae71ea,0.4,0.4123106985832926,12282.0,6947.0,551.52,NVIDIA GeForce RTX 4070,[N/A],Enabled,Enabled
1709470756.023175,0,GPU-93ae0c7f-c327-aee3-adae-bc0d1dae71ea,0.4,0.4123106985832926,12282.0,6947.0,551.52,NVIDIA GeForce RTX 4070,[N/A],Enabled,Enabled
1709470757.02335,0,GPU-93ae0c7f-c327-aee3-adae-bc0d1dae71ea,0.38,0.4123106985832926,12282.0,6947.0,551.52,NVIDIA GeForce RTX 4070,[N/A],Enabled,Enabled
1709470758.023304,0,GPU-93ae0c7f-c327-aee3-adae-bc0d1dae71ea,0.39,0.4123106985832926,12282.0,6947.0,551.52,NVIDIA GeForce RTX 4070,[N/A],Enabled,Enabled
1709470759.0233,0,GPU-93ae0c7f-c327-aee3-adae-bc0d1dae71ea,0.39,0.4123106985832926,12282.0,6947.0,551.52,NVIDIA GeForce RTX 4070,[N/A],Enabled,Enabled
1709470760.023415,0,GPU-93ae0c7f-c327-aee3-adae-bc0d1dae71ea,0.37,0.4123106985832926,12282.0,6947.0,551.52,NVIDIA GeForce RTX 4070,[N/A],Enabled,Enabled
1709470761.02396,0,GPU-93ae0c7f-c327-aee3-adae-bc0d1dae71ea,0.38,0.4123106985832926,12282.0,6947.0,551.52,NVIDIA GeForce RTX 4070,[N/A],Enabled,Enabled
1709470762.023105,0,GPU-93ae0c7f-c327-aee3-adae-bc0d1dae71ea,0.4,0.4123106985832926,12282.0,6947.0,551.52,NVIDIA GeForce RTX 4070,[N/A],Enabled,Enabled
1709470763.023549,0,GPU-93ae0c7f-c327-aee3-adae-bc0d1dae71ea,0.39,0.4123106985832926,12282.0,6947.0,551.52,NVIDIA GeForce RTX 4070,[N/A],Enabled,Enabled
1709470764.023457,0,GPU-93ae0c7f-c327-aee3-adae-bc0d1dae71ea,0.36,0.4123106985832926,12282.0,6947.0,551.52,NVIDIA GeForce RTX 4070,[N/A],Enabled,Enabled
1709470765.023118,0,GPU-93ae0c7f-c327-aee3-adae-bc0d1dae71ea,0.38,0.4123106985832926,12282.0,6947.0,551.52,NVIDIA GeForce RTX 4070,[N/A],Enabled,Enabled
1709470766.023272,0,GPU-93ae0c7f-c327-aee3-adae-bc0d1dae71ea,0.36,0.4123106985832926,12282.0,6947.0,551.52,NVIDIA GeForce RTX 4070,[N/A],Enabled,Enabled
1709470767.023868,0,GPU-93ae0c7f-c327-aee3-adae-bc0d1dae71ea,0.38,0.4123106985832926,12282.0,6947.0,551.52,NVIDIA GeForce RTX 4070,[N/A],Enabled,Enabled
1709470768.023433,0,GPU-93ae0c7f-c327-aee3-adae-bc0d1dae71ea,0.37,0.4123106985832926,12282.0,6947.0,551.52,NVIDIA GeForce RTX 4070,[N/A],Enabled,Enabled
1709470769.023319,0,GPU-93ae0c7f-c327-aee3-adae-bc0d1dae71ea,0.38,0.4123106985832926,12282.0,6947.0,551.52,NVIDIA GeForce RTX 4070,[N/A],Enabled,Enabled
1709470770.023696,0,GPU-93ae0c7f-c327-aee3-adae-bc0d1dae71ea,0.37,0.4123106985832926,12282.0,6947.0,551.52,NVIDIA GeForce RTX 4070,[N/A],Enabled,Enabled
1709470771.023709,0,GPU-93ae0c7f-c327-aee3-adae-bc0d1dae71ea,0.36,0.4123106985832926,12282.0,6947.0,551.52,NVIDIA GeForce RTX 4070,[N/A],Enabled,Enabled
1709470772.023577,0,GPU-93ae0c7f-c327-aee3-adae-bc0d1dae71ea,0.38,0.4123106985832926,12282.0,6947.0,551.52,NVIDIA GeForce RTX 4070,[N/A],Enabled,Enabled
1709470773.023595,0,GPU-93ae0c7f-c327-aee3-adae-bc0d1dae71ea,0.39,0.4123106985832926,12282.0,6947.0,551.52,NVIDIA GeForce RTX 4070,[N/A],Enabled,Enabled
1709470774.023507,0,GPU-93ae0c7f-c327-aee3-adae-bc0d1dae71ea,0.36,0.4123106985832926,12282.0,6947.0,551.52,NVIDIA GeForce RTX 4070,[N/A],Enabled,Enabled
1709470775.023646,0,GPU-93ae0c7f-c327-aee3-adae-bc0d1dae71ea,0.44,0.4123106985832926,12282.0,6947.0,551.52,NVIDIA GeForce RTX 4070,[N/A],Enabled,Enabled
1709470776.02357,0,GPU-93ae0c7f-c327-aee3-adae-bc0d1dae71ea,0.35,0.4123106985832926,12282.0,6947.0,551.52,NVIDIA GeForce RTX 4070,[N/A],Enabled,Enabled
1709470777.023182,0,GPU-93ae0c7f-c327-aee3-adae-bc0d1dae71ea,0.39,0.4123106985832926,12282.0,6947.0,551.52,NVIDIA GeForce RTX 4070,[N/A],Enabled,Enabled
1709470778.023303,0,GPU-93ae0c7f-c327-aee3-adae-bc0d1dae71ea,0.38,0.4123106985832926,12282.0,6947.0,551.52,NVIDIA GeForce RTX 4070,[N/A],Enabled,Enabled
1709470779.023139,0,GPU-93ae0c7f-c327-aee3-adae-bc0d1dae71ea,0.39,0.4123106985832926,12282.0,6947.0,551.52,NVIDIA GeForce RTX 4070,[N/A],Enabled,Enabled
1709470780.023505,0,GPU-93ae0c7f-c327-aee3-adae-bc0d1dae71ea,0.4,0.4123106985832926,12282.0,6947.0,551.52,NVIDIA GeForce RTX 4070,[N/A],Enabled,Enabled
1709470781.023223,0,GPU-93ae0c7f-c327-aee3-adae-bc0d1dae71ea,0.37,0.4123106985832926,12282.0,6947.0,551.52,NVIDIA GeForce RTX 4070,[N/A],Enabled,Enabled
1709470782.022836,0,GPU-93ae0c7f-c327-aee3-adae-bc0d1dae71ea,0.4,0.4123106985832926,12282.0,6947.0,551.52,NVIDIA GeForce RTX 4070,[N/A],Enabled,Enabled
1709470783.024542,0,GPU-93ae0c7f-c327-aee3-adae-bc0d1dae71ea,0.37,0.4123106985832926,12282.0,6947.0,551.52,NVIDIA GeForce RTX 4070,[N/A],Enabled,Enabled
1709470784.024005,0,GPU-93ae0c7f-c327-aee3-adae-bc0d1dae71ea,0.38,0.4123106985832926,12282.0,6947.0,551.52,NVIDIA GeForce RTX 4070,[N/A],Enabled,Enabled
1709470785.023332,0,GPU-93ae0c7f-c327-aee3-adae-bc0d1dae71ea,0.37,0.4123106985832926,12282.0,6947.0,551.52,NVIDIA GeForce RTX 4070,[N/A],Enabled,Enabled
1709470786.023468,0,GPU-93ae0c7f-c327-aee3-adae-bc0d1dae71ea,0.35,0.4123106985832926,12282.0,6947.0,551.52,NVIDIA GeForce RTX 4070,[N/A],Enabled,Enabled
1709470787.023502,0,GPU-93ae0c7f-c327-aee3-adae-bc0d1dae71ea,0.43,0.4123106985832926,12282.0,6947.0,551.52,NVIDIA GeForce RTX 4070,[N/A],Enabled,Enabled
1709470788.023157,0,GPU-93ae0c7f-c327-aee3-adae-bc0d1dae71ea,0.43,0.4123106985832926,12282.0,6947.0,551.52,NVIDIA GeForce RTX 4070,[N/A],Enabled,Enabled
1709470789.02328,0,GPU-93ae0c7f-c327-aee3-adae-bc0d1dae71ea,0.4,0.4123106985832926,12282.0,6947.0,551.52,NVIDIA GeForce RTX 4070,[N/A],Enabled,Enabled
1709470790.023663,0,GPU-93ae0c7f-c327-aee3-adae-bc0d1dae71ea,0.35,0.4123106985832926,12282.0,6947.0,551.52,NVIDIA GeForce RTX 4070,[N/A],Enabled,Enabled
1709470791.023407,0,GPU-93ae0c7f-c327-aee3-adae-bc0d1dae71ea,0.37,0.4123106985832926,12282.0,6947.0,551.52,NVIDIA GeForce RTX 4070,[N/A],Enabled,Enabled
1709470792.023738,0,GPU-93ae0c7f-c327-aee3-adae-bc0d1dae71ea,0.36,0.4123106985832926,12282.0,6947.0,551.52,NVIDIA GeForce RTX 4070,[N/A],Enabled,Enabled
1709470793.023763,0,GPU-93ae0c7f-c327-aee3-adae-bc0d1dae71ea,0.37,0.4123106985832926,12282.0,6947.0,551.52,NVIDIA GeForce RTX 4070,[N/A],Enabled,Enabled
1709470794.023978,0,GPU-93ae0c7f-c327-aee3-adae-bc0d1dae71ea,0.34,0.4123106985832926,12282.0,6947.0,551.52,NVIDIA GeForce RTX 4070,[N/A],Enabled,Enabled
1709470795.023337,0,GPU-93ae0c7f-c327-aee3-adae-bc0d1dae71ea,0.39,0.4123106985832926,12282.0,6947.0,551.52,NVIDIA GeForce RTX 4070,[N/A],Enabled,Enabled
1709470796.023634,0,GPU-93ae0c7f-c327-aee3-adae-bc0d1dae71ea,0.41,0.4123106985832926,12282.0,6947.0,551.52,NVIDIA GeForce RTX 4070,[N/A],Enabled,Enabled
1709470797.023462,0,GPU-93ae0c7f-c327-aee3-adae-bc0d1dae71ea,0.4,0.4123106985832926,12282.0,6947.0,551.52,NVIDIA GeForce RTX 4070,[N/A],Enabled,Enabled
1709470798.023548,0,GPU-93ae0c7f-c327-aee3-adae-bc0d1dae71ea,0.35,0.4123106985832926,12282.0,6947.0,551.52,NVIDIA GeForce RTX 4070,[N/A],Enabled,Enabled
1709470799.022862,0,GPU-93ae0c7f-c327-aee3-adae-bc0d1dae71ea,0.45,0.4123106985832926,12282.0,6947.0,551.52,NVIDIA GeForce RTX 4070,[N/A],Enabled,Enabled
1709470800.02294,0,GPU-93ae0c7f-c327-aee3-adae-bc0d1dae71ea,0.43,0.4123106985832926,12282.0,6947.0,551.52,NVIDIA GeForce RTX 4070,[N/A],Enabled,Enabled
1709470801.023951,0,GPU-93ae0c7f-c327-aee3-adae-bc0d1dae71ea,0.44,0.4123106985832926,12282.0,6947.0,551.52,NVIDIA GeForce RTX 4070,[N/A],Enabled,Enabled
1709470802.023431,0,GPU-93ae0c7f-c327-aee3-adae-bc0d1dae71ea,0.35,0.4123106985832926,12282.0,6947.0,551.52,NVIDIA GeForce RTX 4070,[N/A],Enabled,Enabled
1709470803.023479,0,GPU-93ae0c7f-c327-aee3-adae-bc0d1dae71ea,0.39,0.4123106985832926,12282.0,6947.0,551.52,NVIDIA GeForce RTX 4070,[N/A],Enabled,Enabled
1709470804.023747,0,GPU-93ae0c7f-c327-aee3-adae-bc0d1dae71ea,0.36,0.4123106985832926,12282.0,6947.0,551.52,NVIDIA GeForce RTX 4070,[N/A],Enabled,Enabled
1709470805.023524,0,GPU-93ae0c7f-c327-aee3-adae-bc0d1dae71ea,0.4,0.4123106985832926,12282.0,6947.0,551.52,NVIDIA GeForce RTX 4070,[N/A],Enabled,Enabled
1709470806.023139,0,GPU-93ae0c7f-c327-aee3-adae-bc0d1dae71ea,0.39,0.4123106985832926,12282.0,6947.0,551.52,NVIDIA GeForce RTX 4070,[N/A],Enabled,Enabled
1709470807.023227,0,GPU-93ae0c7f-c327-aee3-adae-bc0d1dae71ea,0.36,0.4123106985832926,12282.0,6947.0,551.52,NVIDIA GeForce RTX 4070,[N/A],Enabled,Enabled
1709470808.023817,0,GPU-93ae0c7f-c327-aee3-adae-bc0d1dae71ea,0.37,0.4123106985832926,12282.0,6947.0,551.52,NVIDIA GeForce RTX 4070,[N/A],Enabled,Enabled
1709470809.022992,0,GPU-93ae0c7f-c327-aee3-adae-bc0d1dae71ea,0.36,0.4123106985832926,12282.0,6947.0,551.52,NVIDIA GeForce RTX 4070,[N/A],Enabled,Enabled
1709470810.023732,0,GPU-93ae0c7f-c327-aee3-adae-bc0d1dae71ea,0.43,0.4123106985832926,12282.0,6947.0,551.52,NVIDIA GeForce RTX 4070,[N/A],Enabled,Enabled
1709470811.022999,0,GPU-93ae0c7f-c327-aee3-adae-bc0d1dae71ea,0.37,0.4123106985832926,12282.0,6947.0,551.52,NVIDIA GeForce RTX 4070,[N/A],Enabled,Enabled
1709470812.023616,0,GPU-93ae0c7f-c327-aee3-adae-bc0d1dae71ea,0.39,0.4123106985832926,12282.0,6947.0,551.52,NVIDIA GeForce RTX 4070,[N/A],Enabled,Enabled
1709470813.023435,0,GPU-93ae0c7f-c327-aee3-adae-bc0d1dae71ea,0.44,0.4123106985832926,12282.0,6947.0,551.52,NVIDIA GeForce RTX 4070,[N/A],Enabled,Enabled
1709470814.023594,0,GPU-93ae0c7f-c327-aee3-adae-bc0d1dae71ea,0.35,0.4123106985832926,12282.0,6947.0,551.52,NVIDIA GeForce RTX 4070,[N/A],Enabled,Enabled
1709470815.02337,0,GPU-93ae0c7f-c327-aee3-adae-bc0d1dae71ea,0.38,0.4123106985832926,12282.0,6947.0,551.52,NVIDIA GeForce RTX 4070,[N/A],Enabled,Enabled
1709470816.023953,0,GPU-93ae0c7f-c327-aee3-adae-bc0d1dae71ea,0.36,0.4123106985832926,12282.0,6947.0,551.52,NVIDIA GeForce RTX 4070,[N/A],Enabled,Enabled
1709470817.02305,0,GPU-93ae0c7f-c327-aee3-adae-bc0d1dae71ea,0.36,0.4123106985832926,12282.0,6947.0,551.52,NVIDIA GeForce RTX 4070,[N/A],Enabled,Enabled
1709470818.023939,0,GPU-93ae0c7f-c327-aee3-adae-bc0d1dae71ea,0.41,0.4123106985832926,12282.0,6947.0,551.52,NVIDIA GeForce RTX 4070,[N/A],Enabled,Enabled
1709470819.022996,0,GPU-93ae0c7f-c327-aee3-adae-bc0d1dae71ea,0.38,0.4123106985832926,12282.0,6947.0,551.52,NVIDIA GeForce RTX 4070,[N/A],Enabled,Enabled
1709470820.023288,0,GPU-93ae0c7f-c327-aee3-adae-bc0d1dae71ea,0.36,0.4123106985832926,12282.0,6947.0,551.52,NVIDIA GeForce RTX 4070,[N/A],Enabled,Enabled
1709470821.023331,0,GPU-93ae0c7f-c327-aee3-adae-bc0d1dae71ea,0.4,0.4123106985832926,12282.0,6947.0,551.52,NVIDIA GeForce RTX 4070,[N/A],Enabled,Enabled
1709470822.023044,0,GPU-93ae0c7f-c327-aee3-adae-bc0d1dae71ea,0.37,0.4123106985832926,12282.0,6947.0,551.52,NVIDIA GeForce RTX 4070,[N/A],Enabled,Enabled
1709470823.023074,0,GPU-93ae0c7f-c327-aee3-adae-bc0d1dae71ea,0.36,0.4123106985832926,12282.0,6947.0,551.52,NVIDIA GeForce RTX 4070,[N/A],Enabled,Enabled
1709470824.023545,0,GPU-93ae0c7f-c327-aee3-adae-bc0d1dae71ea,0.34,0.4123106985832926,12282.0,6947.0,551.52,NVIDIA GeForce RTX 4070,[N/A],Enabled,Enabled
1709470825.022853,0,GPU-93ae0c7f-c327-aee3-adae-bc0d1dae71ea,0.37,0.4123106985832926,12282.0,6947.0,551.52,NVIDIA GeForce RTX 4070,[N/A],Enabled,Enabled
1709470826.023902,0,GPU-93ae0c7f-c327-aee3-adae-bc0d1dae71ea,0.35,0.4123106985832926,12282.0,6947.0,551.52,NVIDIA GeForce RTX 4070,[N/A],Enabled,Enabled
1709470827.023354,0,GPU-93ae0c7f-c327-aee3-adae-bc0d1dae71ea,0.35,0.4123106985832926,12282.0,6947.0,551.52,NVIDIA GeForce RTX 4070,[N/A],Enabled,Enabled
1709470828.023783,0,GPU-93ae0c7f-c327-aee3-adae-bc0d1dae71ea,0.35,0.4123106985832926,12282.0,6947.0,551.52,NVIDIA GeForce RTX 4070,[N/A],Enabled,Enabled
1709470829.023153,0,GPU-93ae0c7f-c327-aee3-adae-bc0d1dae71ea,0.37,0.4123106985832926,12282.0,6947.0,551.52,NVIDIA GeForce RTX 4070,[N/A],Enabled,Enabled
1709470830.023613,0,GPU-93ae0c7f-c327-aee3-adae-bc0d1dae71ea,0.36,0.4123106985832926,12282.0,6947.0,551.52,NVIDIA GeForce RTX 4070,[N/A],Enabled,Enabled
1709470831.023962,0,GPU-93ae0c7f-c327-aee3-adae-bc0d1dae71ea,0.35,0.4123106985832926,12282.0,6947.0,551.52,NVIDIA GeForce RTX 4070,[N/A],Enabled,Enabled
1709470832.023461,0,GPU-93ae0c7f-c327-aee3-adae-bc0d1dae71ea,0.37,0.4123106985832926,12282.0,6947.0,551.52,NVIDIA GeForce RTX 4070,[N/A],Enabled,Enabled
1709470833.024061,0,GPU-93ae0c7f-c327-aee3-adae-bc0d1dae71ea,0.4,0.4123106985832926,12282.0,6947.0,551.52,NVIDIA GeForce RTX 4070,[N/A],Enabled,Enabled
1709470834.023076,0,GPU-93ae0c7f-c327-aee3-adae-bc0d1dae71ea,0.37,0.4123106985832926,12282.0,6947.0,551.52,NVIDIA GeForce RTX 4070,[N/A],Enabled,Enabled
1709470835.023364,0,GPU-93ae0c7f-c327-aee3-adae-bc0d1dae71ea,0.36,0.4123106985832926,12282.0,6947.0,551.52,NVIDIA GeForce RTX 4070,[N/A],Enabled,Enabled
1709470836.02338,0,GPU-93ae0c7f-c327-aee3-adae-bc0d1dae71ea,0.36,0.4123106985832926,12282.0,6947.0,551.52,NVIDIA GeForce RTX 4070,[N/A],Enabled,Enabled
1709470837.023578,0,GPU-93ae0c7f-c327-aee3-adae-bc0d1dae71ea,0.41,0.4123106985832926,12282.0,6947.0,551.52,NVIDIA GeForce RTX 4070,[N/A],Enabled,Enabled
1709470838.023507,0,GPU-93ae0c7f-c327-aee3-adae-bc0d1dae71ea,0.37,0.4123106985832926,12282.0,6947.0,551.52,NVIDIA GeForce RTX 4070,[N/A],Enabled,Enabled
1709470839.023553,0,GPU-93ae0c7f-c327-aee3-adae-bc0d1dae71ea,0.37,0.4123106985832926,12282.0,6947.0,551.52,NVIDIA GeForce RTX 4070,[N/A],Enabled,Enabled
1709470840.023632,0,GPU-93ae0c7f-c327-aee3-adae-bc0d1dae71ea,0.36,0.4123106985832926,12282.0,6947.0,551.52,NVIDIA GeForce RTX 4070,[N/A],Enabled,Enabled
1709470841.023196,0,GPU-93ae0c7f-c327-aee3-adae-bc0d1dae71ea,0.39,0.4123106985832926,12282.0,6947.0,551.52,NVIDIA GeForce RTX 4070,[N/A],Enabled,Enabled
1709470842.023145,0,GPU-93ae0c7f-c327-aee3-adae-bc0d1dae71ea,0.44,0.4123106985832926,12282.0,6947.0,551.52,NVIDIA GeForce RTX 4070,[N/A],Enabled,Enabled
1709470843.02294,0,GPU-93ae0c7f-c327-aee3-adae-bc0d1dae71ea,0.39,0.4123106985832926,12282.0,6947.0,551.52,NVIDIA GeForce RTX 4070,[N/A],Enabled,Enabled
1709470844.023148,0,GPU-93ae0c7f-c327-aee3-adae-bc0d1dae71ea,0.38,0.4123106985832926,12282.0,6947.0,551.52,NVIDIA GeForce RTX 4070,[N/A],Enabled,Enabled
1709470845.023431,0,GPU-93ae0c7f-c327-aee3-adae-bc0d1dae71ea,0.41,0.4123106985832926,12282.0,6947.0,551.52,NVIDIA GeForce RTX 4070,[N/A],Enabled,Enabled
1709470846.023541,0,GPU-93ae0c7f-c327-aee3-adae-bc0d1dae71ea,0.34,0.4123106985832926,12282.0,6947.0,551.52,NVIDIA GeForce RTX 4070,[N/A],Enabled,Enabled
1709470847.023644,0,GPU-93ae0c7f-c327-aee3-adae-bc0d1dae71ea,0.36,0.4123106985832926,12282.0,6947.0,551.52,NVIDIA GeForce RTX 4070,[N/A],Enabled,Enabled
1709470848.023149,0,GPU-93ae0c7f-c327-aee3-adae-bc0d1dae71ea,0.41,0.4123106985832926,12282.0,6947.0,551.52,NVIDIA GeForce RTX 4070,[N/A],Enabled,Enabled
1709470849.022831,0,GPU-93ae0c7f-c327-aee3-adae-bc0d1dae71ea,0.39,0.4123106985832926,12282.0,6947.0,551.52,NVIDIA GeForce RTX 4070,[N/A],Enabled,Enabled
1709470850.022952,0,GPU-93ae0c7f-c327-aee3-adae-bc0d1dae71ea,0.35,0.4123106985832926,12282.0,6947.0,551.52,NVIDIA GeForce RTX 4070,[N/A],Enabled,Enabled
1709470851.023206,0,GPU-93ae0c7f-c327-aee3-adae-bc0d1dae71ea,0.38,0.4123106985832926,12282.0,6947.0,551.52,NVIDIA GeForce RTX 4070,[N/A],Enabled,Enabled
1709470852.024093,0,GPU-93ae0c7f-c327-aee3-adae-bc0d1dae71ea,0.36,0.4123106985832926,12282.0,6947.0,551.52,NVIDIA GeForce RTX 4070,[N/A],Enabled,Enabled
1709470853.023449,0,GPU-93ae0c7f-c327-aee3-adae-bc0d1dae71ea,0.44,0.4123106985832926,12282.0,6947.0,551.52,NVIDIA GeForce RTX 4070,[N/A],Enabled,Enabled
1709470854.02361,0,GPU-93ae0c7f-c327-aee3-adae-bc0d1dae71ea,0.43,0.4123106985832926,12282.0,6947.0,551.52,NVIDIA GeForce RTX 4070,[N/A],Enabled,Enabled
1709470855.022914,0,GPU-93ae0c7f-c327-aee3-adae-bc0d1dae71ea,0.42,0.4123106985832926,12282.0,6947.0,551.52,NVIDIA GeForce RTX 4070,[N/A],Enabled,Enabled
1709470856.023939,0,GPU-93ae0c7f-c327-aee3-adae-bc0d1dae71ea,0.38,0.4123106985832926,12282.0,6947.0,551.52,NVIDIA GeForce RTX 4070,[N/A],Enabled,Enabled
1709470857.023141,0,GPU-93ae0c7f-c327-aee3-adae-bc0d1dae71ea,0.37,0.4123106985832926,12282.0,6947.0,551.52,NVIDIA GeForce RTX 4070,[N/A],Enabled,Enabled
1709470858.023651,0,GPU-93ae0c7f-c327-aee3-adae-bc0d1dae71ea,0.4,0.4123106985832926,12282.0,6947.0,551.52,NVIDIA GeForce RTX 4070,[N/A],Enabled,Enabled
1709470859.023188,0,GPU-93ae0c7f-c327-aee3-adae-bc0d1dae71ea,0.38,0.4123106985832926,12282.0,6947.0,551.52,NVIDIA GeForce RTX 4070,[N/A],Enabled,Enabled
1709470860.023437,0,GPU-93ae0c7f-c327-aee3-adae-bc0d1dae71ea,0.41,0.4123106985832926,12282.0,6947.0,551.52,NVIDIA GeForce RTX 4070,[N/A],Enabled,Enabled
1709470861.023741,0,GPU-93ae0c7f-c327-aee3-adae-bc0d1dae71ea,0.38,0.4123106985832926,12282.0,6947.0,551.52,NVIDIA GeForce RTX 4070,[N/A],Enabled,Enabled
1709470862.022993,0,GPU-93ae0c7f-c327-aee3-adae-bc0d1dae71ea,0.38,0.4123106985832926,12282.0,6947.0,551.52,NVIDIA GeForce RTX 4070,[N/A],Enabled,Enabled
1709470863.023277,0,GPU-93ae0c7f-c327-aee3-adae-bc0d1dae71ea,0.46,0.4123106985832926,12282.0,6947.0,551.52,NVIDIA GeForce RTX 4070,[N/A],Enabled,Enabled
1709470864.023598,0,GPU-93ae0c7f-c327-aee3-adae-bc0d1dae71ea,0.37,0.4123106985832926,12282.0,6947.0,551.52,NVIDIA GeForce RTX 4070,[N/A],Enabled,Enabled
1709470865.0237,0,GPU-93ae0c7f-c327-aee3-adae-bc0d1dae71ea,0.35,0.4123106985832926,12282.0,6947.0,551.52,NVIDIA GeForce RTX 4070,[N/A],Enabled,Enabled
1709470866.023411,0,GPU-93ae0c7f-c327-aee3-adae-bc0d1dae71ea,0.39,0.4123106985832926,12282.0,6947.0,551.52,NVIDIA GeForce RTX 4070,[N/A],Enabled,Enabled
1709470867.023141,0,GPU-93ae0c7f-c327-aee3-adae-bc0d1dae71ea,0.4,0.4123106985832926,12282.0,6947.0,551.52,NVIDIA GeForce RTX 4070,[N/A],Enabled,Enabled
1709470868.023347,0,GPU-93ae0c7f-c327-aee3-adae-bc0d1dae71ea,0.37,0.4123106985832926,12282.0,6947.0,551.52,NVIDIA GeForce RTX 4070,[N/A],Enabled,Enabled
1709470869.023691,0,GPU-93ae0c7f-c327-aee3-adae-bc0d1dae71ea,0.36,0.4123106985832926,12282.0,6947.0,551.52,NVIDIA GeForce RTX 4070,[N/A],Enabled,Enabled
1709470870.023686,0,GPU-93ae0c7f-c327-aee3-adae-bc0d1dae71ea,0.38,0.4123106985832926,12282.0,6947.0,551.52,NVIDIA GeForce RTX 4070,[N/A],Enabled,Enabled
1709470871.022817,0,GPU-93ae0c7f-c327-aee3-adae-bc0d1dae71ea,0.35,0.4123106985832926,12282.0,6947.0,551.52,NVIDIA GeForce RTX 4070,[N/A],Enabled,Enabled
1709470872.024031,0,GPU-93ae0c7f-c327-aee3-adae-bc0d1dae71ea,0.32,0.4123106985832926,12282.0,6947.0,551.52,NVIDIA GeForce RTX 4070,[N/A],Enabled,Enabled
1709470873.02346,0,GPU-93ae0c7f-c327-aee3-adae-bc0d1dae71ea,0.29,0.4092167399446344,12282.0,6985.0,551.52,NVIDIA GeForce RTX 4070,[N/A],Enabled,Enabled
1709470874.023795,0,GPU-93ae0c7f-c327-aee3-adae-bc0d1dae71ea,0.29,0.4092167399446344,12282.0,6985.0,551.52,NVIDIA GeForce RTX 4070,[N/A],Enabled,Enabled
1709470875.023774,0,GPU-93ae0c7f-c327-aee3-adae-bc0d1dae71ea,0.27,0.404901481843348,12282.0,7038.0,551.52,NVIDIA GeForce RTX 4070,[N/A],Enabled,Enabled
1709470876.02319,0,GPU-93ae0c7f-c327-aee3-adae-bc0d1dae71ea,0.27,0.404901481843348,12282.0,7038.0,551.52,NVIDIA GeForce RTX 4070,[N/A],Enabled,Enabled
1709470877.023619,0,GPU-93ae0c7f-c327-aee3-adae-bc0d1dae71ea,0.26,0.404901481843348,12282.0,7038.0,551.52,NVIDIA GeForce RTX 4070,[N/A],Enabled,Enabled
1709470878.02396,0,GPU-93ae0c7f-c327-aee3-adae-bc0d1dae71ea,0.31,0.4092167399446344,12282.0,6985.0,551.52,NVIDIA GeForce RTX 4070,[N/A],Enabled,Enabled
1709470879.022876,0,GPU-93ae0c7f-c327-aee3-adae-bc0d1dae71ea,0.27,0.404901481843348,12282.0,7038.0,551.52,NVIDIA GeForce RTX 4070,[N/A],Enabled,Enabled
1709470880.023213,0,GPU-93ae0c7f-c327-aee3-adae-bc0d1dae71ea,0.3,0.4092167399446344,12282.0,6985.0,551.52,NVIDIA GeForce RTX 4070,[N/A],Enabled,Enabled
1709470881.023382,0,GPU-93ae0c7f-c327-aee3-adae-bc0d1dae71ea,0.27,0.404901481843348,12282.0,7038.0,551.52,NVIDIA GeForce RTX 4070,[N/A],Enabled,Enabled
1709470882.023663,0,GPU-93ae0c7f-c327-aee3-adae-bc0d1dae71ea,0.27,0.404901481843348,12282.0,7038.0,551.52,NVIDIA GeForce RTX 4070,[N/A],Enabled,Enabled
1709470883.023322,0,GPU-93ae0c7f-c327-aee3-adae-bc0d1dae71ea,0.26,0.404901481843348,12282.0,7038.0,551.52,NVIDIA GeForce RTX 4070,[N/A],Enabled,Enabled
1709470884.022982,0,GPU-93ae0c7f-c327-aee3-adae-bc0d1dae71ea,0.27,0.404901481843348,12282.0,7038.0,551.52,NVIDIA GeForce RTX 4070,[N/A],Enabled,Enabled
1709470885.023215,0,GPU-93ae0c7f-c327-aee3-adae-bc0d1dae71ea,0.26,0.404901481843348,12282.0,7038.0,551.52,NVIDIA GeForce RTX 4070,[N/A],Enabled,Enabled
1709470886.023499,0,GPU-93ae0c7f-c327-aee3-adae-bc0d1dae71ea,0.27,0.404901481843348,12282.0,7038.0,551.52,NVIDIA GeForce RTX 4070,[N/A],Enabled,Enabled
1709470887.023202,0,GPU-93ae0c7f-c327-aee3-adae-bc0d1dae71ea,0.27,0.404901481843348,12282.0,7038.0,551.52,NVIDIA GeForce RTX 4070,[N/A],Enabled,Enabled
1709470888.023333,0,GPU-93ae0c7f-c327-aee3-adae-bc0d1dae71ea,0.11,0.22659176029962547,12282.0,9228.0,551.52,NVIDIA GeForce RTX 4070,[N/A],Enabled,Enabled
1709470889.023636,0,GPU-93ae0c7f-c327-aee3-adae-bc0d1dae71ea,0.17,0.22756879986972806,12282.0,9216.0,551.52,NVIDIA GeForce RTX 4070,[N/A],Enabled,Enabled
1709470890.023538,0,GPU-93ae0c7f-c327-aee3-adae-bc0d1dae71ea,0.15,0.22756879986972806,12282.0,9216.0,551.52,NVIDIA GeForce RTX 4070,[N/A],Enabled,Enabled
