timestamp,id,uuid,load,memoryUtil,memoryTotal,memoryUsed,memoryFree,driver,name,serial,display_mode,display_active
1707359004.257079,0,GPU-93ae0c7f-c327-aee3-adae-bc0d1dae71ea,0.14,0.21828692395375346,12282.0,9344.0,546.65,NVIDIA GeForce RTX 4070,[N/A],Enabled,Enabled
1707359005.254541,0,GPU-93ae0c7f-c327-aee3-adae-bc0d1dae71ea,0.14,0.21893828366715518,12282.0,9336.0,546.65,NVIDIA GeForce RTX 4070,[N/A],Enabled,Enabled
1707359006.254521,0,GPU-93ae0c7f-c327-aee3-adae-bc0d1dae71ea,0.14,0.21893828366715518,12282.0,9336.0,546.65,NVIDIA GeForce RTX 4070,[N/A],Enabled,Enabled
1707359007.254422,0,GPU-93ae0c7f-c327-aee3-adae-bc0d1dae71ea,0.14,0.21893828366715518,12282.0,9336.0,546.65,NVIDIA GeForce RTX 4070,[N/A],Enabled,Enabled
1707359008.253851,0,GPU-93ae0c7f-c327-aee3-adae-bc0d1dae71ea,0.14,0.21828692395375346,12282.0,9344.0,546.65,NVIDIA GeForce RTX 4070,[N/A],Enabled,Enabled
1707359009.254063,0,GPU-93ae0c7f-c327-aee3-adae-bc0d1dae71ea,0.14,0.21828692395375346,12282.0,9344.0,546.65,NVIDIA GeForce RTX 4070,[N/A],Enabled,Enabled
1707359010.254643,0,GPU-93ae0c7f-c327-aee3-adae-bc0d1dae71ea,0.14,0.21730988438365087,12282.0,9356.0,546.65,NVIDIA GeForce RTX 4070,[N/A],Enabled,Enabled
1707359011.25406,0,GPU-93ae0c7f-c327-aee3-adae-bc0d1dae71ea,0.14,0.21730988438365087,12282.0,9356.0,546.65,NVIDIA GeForce RTX 4070,[N/A],Enabled,Enabled
1707359012.253932,0,GPU-93ae0c7f-c327-aee3-adae-bc0d1dae71ea,0.14,0.21730988438365087,12282.0,9356.0,546.65,NVIDIA GeForce RTX 4070,[N/A],Enabled,Enabled
1707359013.254704,0,GPU-93ae0c7f-c327-aee3-adae-bc0d1dae71ea,0.14,0.21730988438365087,12282.0,9356.0,546.65,NVIDIA GeForce RTX 4070,[N/A],Enabled,Enabled
1707359014.253981,0,GPU-93ae0c7f-c327-aee3-adae-bc0d1dae71ea,0.14,0.21730988438365087,12282.0,9356.0,546.65,NVIDIA GeForce RTX 4070,[N/A],Enabled,Enabled
1707359015.254728,0,GPU-93ae0c7f-c327-aee3-adae-bc0d1dae71ea,0.14,0.21730988438365087,12282.0,9356.0,546.65,NVIDIA GeForce RTX 4070,[N/A],Enabled,Enabled
1707359016.253672,0,GPU-93ae0c7f-c327-aee3-adae-bc0d1dae71ea,0.14,0.21730988438365087,12282.0,9356.0,546.65,NVIDIA GeForce RTX 4070,[N/A],Enabled,Enabled
1707359017.254919,0,GPU-93ae0c7f-c327-aee3-adae-bc0d1dae71ea,0.14,0.21730988438365087,12282.0,9356.0,546.65,NVIDIA GeForce RTX 4070,[N/A],Enabled,Enabled
1707359018.254821,0,GPU-93ae0c7f-c327-aee3-adae-bc0d1dae71ea,0.14,0.21730988438365087,12282.0,9356.0,546.65,NVIDIA GeForce RTX 4070,[N/A],Enabled,Enabled
1707359019.254294,0,GPU-93ae0c7f-c327-aee3-adae-bc0d1dae71ea,0.15,0.21625142484937307,12282.0,9369.0,546.65,NVIDIA GeForce RTX 4070,[N/A],Enabled,Enabled
1707359020.254589,0,GPU-93ae0c7f-c327-aee3-adae-bc0d1dae71ea,0.16,0.21836834391792867,12282.0,9343.0,546.65,NVIDIA GeForce RTX 4070,[N/A],Enabled,Enabled
1707359021.25415,0,GPU-93ae0c7f-c327-aee3-adae-bc0d1dae71ea,0.12,0.21722846441947566,12282.0,9357.0,546.65,NVIDIA GeForce RTX 4070,[N/A],Enabled,Enabled
1707359022.255024,0,GPU-93ae0c7f-c327-aee3-adae-bc0d1dae71ea,0.12,0.21698420452695,12282.0,9360.0,546.65,NVIDIA GeForce RTX 4070,[N/A],Enabled,Enabled
1707359023.253844,0,GPU-93ae0c7f-c327-aee3-adae-bc0d1dae71ea,0.12,0.21698420452695,12282.0,9360.0,546.65,NVIDIA GeForce RTX 4070,[N/A],Enabled,Enabled
1707359024.254975,0,GPU-93ae0c7f-c327-aee3-adae-bc0d1dae71ea,0.12,0.21698420452695,12282.0,9360.0,546.65,NVIDIA GeForce RTX 4070,[N/A],Enabled,Enabled
1707359025.253914,0,GPU-93ae0c7f-c327-aee3-adae-bc0d1dae71ea,0.12,0.21698420452695,12282.0,9360.0,546.65,NVIDIA GeForce RTX 4070,[N/A],Enabled,Enabled
1707359026.254988,0,GPU-93ae0c7f-c327-aee3-adae-bc0d1dae71ea,0.12,0.21698420452695,12282.0,9360.0,546.65,NVIDIA GeForce RTX 4070,[N/A],Enabled,Enabled
1707359027.25438,0,GPU-93ae0c7f-c327-aee3-adae-bc0d1dae71ea,0.12,0.21698420452695,12282.0,9360.0,546.65,NVIDIA GeForce RTX 4070,[N/A],Enabled,Enabled
1707359028.254547,0,GPU-93ae0c7f-c327-aee3-adae-bc0d1dae71ea,0.12,0.21698420452695,12282.0,9360.0,546.65,NVIDIA GeForce RTX 4070,[N/A],Enabled,Enabled
1707359029.253815,0,GPU-93ae0c7f-c327-aee3-adae-bc0d1dae71ea,0.12,0.21698420452695,12282.0,9360.0,546.65,NVIDIA GeForce RTX 4070,[N/A],Enabled,Enabled
1707359030.254863,0,GPU-93ae0c7f-c327-aee3-adae-bc0d1dae71ea,0.12,0.21698420452695,12282.0,9360.0,546.65,NVIDIA GeForce RTX 4070,[N/A],Enabled,Enabled
1707359031.253898,0,GPU-93ae0c7f-c327-aee3-adae-bc0d1dae71ea,0.12,0.21698420452695,12282.0,9360.0,546.65,NVIDIA GeForce RTX 4070,[N/A],Enabled,Enabled
1707359032.25469,0,GPU-93ae0c7f-c327-aee3-adae-bc0d1dae71ea,0.12,0.21698420452695,12282.0,9360.0,546.65,NVIDIA GeForce RTX 4070,[N/A],Enabled,Enabled
1707359033.254626,0,GPU-93ae0c7f-c327-aee3-adae-bc0d1dae71ea,0.12,0.21698420452695,12282.0,9360.0,546.65,NVIDIA GeForce RTX 4070,[N/A],Enabled,Enabled
1707359034.255454,0,GPU-93ae0c7f-c327-aee3-adae-bc0d1dae71ea,0.12,0.21698420452695,12282.0,9360.0,546.65,NVIDIA GeForce RTX 4070,[N/A],Enabled,Enabled
1707359035.253821,0,GPU-93ae0c7f-c327-aee3-adae-bc0d1dae71ea,0.12,0.21698420452695,12282.0,9360.0,546.65,NVIDIA GeForce RTX 4070,[N/A],Enabled,Enabled
1707359036.253933,0,GPU-93ae0c7f-c327-aee3-adae-bc0d1dae71ea,0.12,0.21698420452695,12282.0,9360.0,546.65,NVIDIA GeForce RTX 4070,[N/A],Enabled,Enabled
1707359037.254898,0,GPU-93ae0c7f-c327-aee3-adae-bc0d1dae71ea,0.12,0.21698420452695,12282.0,9360.0,546.65,NVIDIA GeForce RTX 4070,[N/A],Enabled,Enabled
1707359038.254686,0,GPU-93ae0c7f-c327-aee3-adae-bc0d1dae71ea,0.12,0.21698420452695,12282.0,9360.0,546.65,NVIDIA GeForce RTX 4070,[N/A],Enabled,Enabled
1707359039.254025,0,GPU-93ae0c7f-c327-aee3-adae-bc0d1dae71ea,0.12,0.21698420452695,12282.0,9360.0,546.65,NVIDIA GeForce RTX 4070,[N/A],Enabled,Enabled
1707359040.25472,0,GPU-93ae0c7f-c327-aee3-adae-bc0d1dae71ea,0.15,0.22651034033545026,12282.0,9243.0,546.65,NVIDIA GeForce RTX 4070,[N/A],Enabled,Enabled
1707359041.25484,0,GPU-93ae0c7f-c327-aee3-adae-bc0d1dae71ea,0.15,0.3202247191011236,12282.0,8092.0,546.65,NVIDIA GeForce RTX 4070,[N/A],Enabled,Enabled
1707359042.254003,0,GPU-93ae0c7f-c327-aee3-adae-bc0d1dae71ea,0.08,0.2882266731802638,12282.0,8485.0,546.65,NVIDIA GeForce RTX 4070,[N/A],Enabled,Enabled
1707359043.254579,0,GPU-93ae0c7f-c327-aee3-adae-bc0d1dae71ea,0.08,0.2882266731802638,12282.0,8485.0,546.65,NVIDIA GeForce RTX 4070,[N/A],Enabled,Enabled
1707359044.254326,0,GPU-93ae0c7f-c327-aee3-adae-bc0d1dae71ea,0.08,0.2882266731802638,12282.0,8485.0,546.65,NVIDIA GeForce RTX 4070,[N/A],Enabled,Enabled
1707359045.254643,0,GPU-93ae0c7f-c327-aee3-adae-bc0d1dae71ea,0.3,0.42940889106008795,12282.0,6751.0,546.65,NVIDIA GeForce RTX 4070,[N/A],Enabled,Enabled
1707359046.253801,0,GPU-93ae0c7f-c327-aee3-adae-bc0d1dae71ea,0.27,0.40058622374206154,12282.0,7105.0,546.65,NVIDIA GeForce RTX 4070,[N/A],Enabled,Enabled
1707359047.254868,0,GPU-93ae0c7f-c327-aee3-adae-bc0d1dae71ea,0.29,0.40058622374206154,12282.0,7105.0,546.65,NVIDIA GeForce RTX 4070,[N/A],Enabled,Enabled
1707359048.25407,0,GPU-93ae0c7f-c327-aee3-adae-bc0d1dae71ea,0.26,0.3961895456765999,12282.0,7159.0,546.65,NVIDIA GeForce RTX 4070,[N/A],Enabled,Enabled
1707359049.255027,0,GPU-93ae0c7f-c327-aee3-adae-bc0d1dae71ea,0.26,0.3961895456765999,12282.0,7159.0,546.65,NVIDIA GeForce RTX 4070,[N/A],Enabled,Enabled
1707359050.254021,0,GPU-93ae0c7f-c327-aee3-adae-bc0d1dae71ea,0.25,0.39651522553330076,12282.0,7155.0,546.65,NVIDIA GeForce RTX 4070,[N/A],Enabled,Enabled
1707359051.254435,0,GPU-93ae0c7f-c327-aee3-adae-bc0d1dae71ea,0.25,0.39651522553330076,12282.0,7155.0,546.65,NVIDIA GeForce RTX 4070,[N/A],Enabled,Enabled
1707359052.254618,0,GPU-93ae0c7f-c327-aee3-adae-bc0d1dae71ea,0.24,0.39651522553330076,12282.0,7155.0,546.65,NVIDIA GeForce RTX 4070,[N/A],Enabled,Enabled
1707359053.254544,0,GPU-93ae0c7f-c327-aee3-adae-bc0d1dae71ea,0.24,0.39651522553330076,12282.0,7155.0,546.65,NVIDIA GeForce RTX 4070,[N/A],Enabled,Enabled
1707359054.254694,0,GPU-93ae0c7f-c327-aee3-adae-bc0d1dae71ea,0.25,0.39651522553330076,12282.0,7155.0,546.65,NVIDIA GeForce RTX 4070,[N/A],Enabled,Enabled
1707359055.254132,0,GPU-93ae0c7f-c327-aee3-adae-bc0d1dae71ea,0.26,0.39651522553330076,12282.0,7155.0,546.65,NVIDIA GeForce RTX 4070,[N/A],Enabled,Enabled
1707359056.254363,0,GPU-93ae0c7f-c327-aee3-adae-bc0d1dae71ea,0.26,0.4008304836345872,12282.0,7102.0,546.65,NVIDIA GeForce RTX 4070,[N/A],Enabled,Enabled
1707359057.254175,0,GPU-93ae0c7f-c327-aee3-adae-bc0d1dae71ea,0.2,0.5021169190685556,12282.0,5858.0,546.65,NVIDIA GeForce RTX 4070,[N/A],Enabled,Enabled
1707359058.253945,0,GPU-93ae0c7f-c327-aee3-adae-bc0d1dae71ea,0.28,0.4022146230255659,12282.0,7085.0,546.65,NVIDIA GeForce RTX 4070,[N/A],Enabled,Enabled
1707359059.253751,0,GPU-93ae0c7f-c327-aee3-adae-bc0d1dae71ea,0.25,0.3978993649242794,12282.0,7138.0,546.65,NVIDIA GeForce RTX 4070,[N/A],Enabled,Enabled
1707359060.254553,0,GPU-93ae0c7f-c327-aee3-adae-bc0d1dae71ea,0.25,0.3978993649242794,12282.0,7138.0,546.65,NVIDIA GeForce RTX 4070,[N/A],Enabled,Enabled
1707359061.254584,0,GPU-93ae0c7f-c327-aee3-adae-bc0d1dae71ea,0.24,0.3978993649242794,12282.0,7138.0,546.65,NVIDIA GeForce RTX 4070,[N/A],Enabled,Enabled
1707359062.254304,0,GPU-93ae0c7f-c327-aee3-adae-bc0d1dae71ea,0.24,0.3978993649242794,12282.0,7138.0,546.65,NVIDIA GeForce RTX 4070,[N/A],Enabled,Enabled
1707359063.2543,0,GPU-93ae0c7f-c327-aee3-adae-bc0d1dae71ea,0.27,0.3979807848884547,12282.0,7137.0,546.65,NVIDIA GeForce RTX 4070,[N/A],Enabled,Enabled
1707359064.254802,0,GPU-93ae0c7f-c327-aee3-adae-bc0d1dae71ea,0.27,0.3979807848884547,12282.0,7137.0,546.65,NVIDIA GeForce RTX 4070,[N/A],Enabled,Enabled
1707359065.254817,0,GPU-93ae0c7f-c327-aee3-adae-bc0d1dae71ea,0.28,0.4022146230255659,12282.0,7085.0,546.65,NVIDIA GeForce RTX 4070,[N/A],Enabled,Enabled
1707359066.255033,0,GPU-93ae0c7f-c327-aee3-adae-bc0d1dae71ea,0.26,0.3979807848884547,12282.0,7137.0,546.65,NVIDIA GeForce RTX 4070,[N/A],Enabled,Enabled
1707359067.254544,0,GPU-93ae0c7f-c327-aee3-adae-bc0d1dae71ea,0.28,0.4022960429897411,12282.0,7084.0,546.65,NVIDIA GeForce RTX 4070,[N/A],Enabled,Enabled
1707359068.255771,0,GPU-93ae0c7f-c327-aee3-adae-bc0d1dae71ea,0.26,0.3979807848884547,12282.0,7137.0,546.65,NVIDIA GeForce RTX 4070,[N/A],Enabled,Enabled
1707359069.254275,0,GPU-93ae0c7f-c327-aee3-adae-bc0d1dae71ea,0.27,0.4022960429897411,12282.0,7085.0,546.65,NVIDIA GeForce RTX 4070,[N/A],Enabled,Enabled
1707359070.254148,0,GPU-93ae0c7f-c327-aee3-adae-bc0d1dae71ea,0.27,0.4022960429897411,12282.0,7084.0,546.65,NVIDIA GeForce RTX 4070,[N/A],Enabled,Enabled
1707359071.254192,0,GPU-93ae0c7f-c327-aee3-adae-bc0d1dae71ea,0.28,0.4022960429897411,12282.0,7084.0,546.65,NVIDIA GeForce RTX 4070,[N/A],Enabled,Enabled
1707359072.25468,0,GPU-93ae0c7f-c327-aee3-adae-bc0d1dae71ea,0.26,0.3979807848884547,12282.0,7137.0,546.65,NVIDIA GeForce RTX 4070,[N/A],Enabled,Enabled
1707359073.254825,0,GPU-93ae0c7f-c327-aee3-adae-bc0d1dae71ea,0.24,0.3983064647451555,12282.0,7133.0,546.65,NVIDIA GeForce RTX 4070,[N/A],Enabled,Enabled
1707359074.254597,0,GPU-93ae0c7f-c327-aee3-adae-bc0d1dae71ea,0.37,0.406041361341801,12282.0,7038.0,546.65,NVIDIA GeForce RTX 4070,[N/A],Enabled,Enabled
1707359075.254937,0,GPU-93ae0c7f-c327-aee3-adae-bc0d1dae71ea,0.4,0.406041361341801,12282.0,7038.0,546.65,NVIDIA GeForce RTX 4070,[N/A],Enabled,Enabled
1707359076.2546,0,GPU-93ae0c7f-c327-aee3-adae-bc0d1dae71ea,0.37,0.406041361341801,12282.0,7038.0,546.65,NVIDIA GeForce RTX 4070,[N/A],Enabled,Enabled
1707359077.255497,0,GPU-93ae0c7f-c327-aee3-adae-bc0d1dae71ea,0.4,0.406041361341801,12282.0,7038.0,546.65,NVIDIA GeForce RTX 4070,[N/A],Enabled,Enabled
1707359078.253835,0,GPU-93ae0c7f-c327-aee3-adae-bc0d1dae71ea,0.39,0.406041361341801,12282.0,7038.0,546.65,NVIDIA GeForce RTX 4070,[N/A],Enabled,Enabled
1707359079.254544,0,GPU-93ae0c7f-c327-aee3-adae-bc0d1dae71ea,0.36,0.406041361341801,12282.0,7038.0,546.65,NVIDIA GeForce RTX 4070,[N/A],Enabled,Enabled
1707359080.2547,0,GPU-93ae0c7f-c327-aee3-adae-bc0d1dae71ea,0.33,0.406041361341801,12282.0,7038.0,546.65,NVIDIA GeForce RTX 4070,[N/A],Enabled,Enabled
1707359081.253865,0,GPU-93ae0c7f-c327-aee3-adae-bc0d1dae71ea,0.4,0.406041361341801,12282.0,7038.0,546.65,NVIDIA GeForce RTX 4070,[N/A],Enabled,Enabled
1707359082.25427,0,GPU-93ae0c7f-c327-aee3-adae-bc0d1dae71ea,0.36,0.406041361341801,12282.0,7038.0,546.65,NVIDIA GeForce RTX 4070,[N/A],Enabled,Enabled
1707359083.254639,0,GPU-93ae0c7f-c327-aee3-adae-bc0d1dae71ea,0.39,0.406041361341801,12282.0,7038.0,546.65,NVIDIA GeForce RTX 4070,[N/A],Enabled,Enabled
1707359084.254243,0,GPU-93ae0c7f-c327-aee3-adae-bc0d1dae71ea,0.38,0.406041361341801,12282.0,7038.0,546.65,NVIDIA GeForce RTX 4070,[N/A],Enabled,Enabled
1707359085.254105,0,GPU-93ae0c7f-c327-aee3-adae-bc0d1dae71ea,0.39,0.406041361341801,12282.0,7038.0,546.65,NVIDIA GeForce RTX 4070,[N/A],Enabled,Enabled
1707359086.254926,0,GPU-93ae0c7f-c327-aee3-adae-bc0d1dae71ea,0.38,0.406041361341801,12282.0,7038.0,546.65,NVIDIA GeForce RTX 4070,[N/A],Enabled,Enabled
1707359087.254328,0,GPU-93ae0c7f-c327-aee3-adae-bc0d1dae71ea,0.35,0.406041361341801,12282.0,7038.0,546.65,NVIDIA GeForce RTX 4070,[N/A],Enabled,Enabled
1707359088.254445,0,GPU-93ae0c7f-c327-aee3-adae-bc0d1dae71ea,0.37,0.406041361341801,12282.0,7038.0,546.65,NVIDIA GeForce RTX 4070,[N/A],Enabled,Enabled
1707359089.25421,0,GPU-93ae0c7f-c327-aee3-adae-bc0d1dae71ea,0.36,0.406041361341801,12282.0,7038.0,546.65,NVIDIA GeForce RTX 4070,[N/A],Enabled,Enabled
1707359090.254321,0,GPU-93ae0c7f-c327-aee3-adae-bc0d1dae71ea,0.36,0.406041361341801,12282.0,7038.0,546.65,NVIDIA GeForce RTX 4070,[N/A],Enabled,Enabled
1707359091.254206,0,GPU-93ae0c7f-c327-aee3-adae-bc0d1dae71ea,0.36,0.406041361341801,12282.0,7038.0,546.65,NVIDIA GeForce RTX 4070,[N/A],Enabled,Enabled
1707359092.253821,0,GPU-93ae0c7f-c327-aee3-adae-bc0d1dae71ea,0.37,0.406041361341801,12282.0,7038.0,546.65,NVIDIA GeForce RTX 4070,[N/A],Enabled,Enabled
1707359093.254844,0,GPU-93ae0c7f-c327-aee3-adae-bc0d1dae71ea,0.38,0.406041361341801,12282.0,7038.0,546.65,NVIDIA GeForce RTX 4070,[N/A],Enabled,Enabled
1707359094.255089,0,GPU-93ae0c7f-c327-aee3-adae-bc0d1dae71ea,0.35,0.406041361341801,12282.0,7038.0,546.65,NVIDIA GeForce RTX 4070,[N/A],Enabled,Enabled
1707359095.254218,0,GPU-93ae0c7f-c327-aee3-adae-bc0d1dae71ea,0.41,0.406041361341801,12282.0,7038.0,546.65,NVIDIA GeForce RTX 4070,[N/A],Enabled,Enabled
1707359096.254769,0,GPU-93ae0c7f-c327-aee3-adae-bc0d1dae71ea,0.35,0.406041361341801,12282.0,7038.0,546.65,NVIDIA GeForce RTX 4070,[N/A],Enabled,Enabled
1707359097.253953,0,GPU-93ae0c7f-c327-aee3-adae-bc0d1dae71ea,0.36,0.406041361341801,12282.0,7038.0,546.65,NVIDIA GeForce RTX 4070,[N/A],Enabled,Enabled
1707359098.25399,0,GPU-93ae0c7f-c327-aee3-adae-bc0d1dae71ea,0.39,0.406041361341801,12282.0,7038.0,546.65,NVIDIA GeForce RTX 4070,[N/A],Enabled,Enabled
1707359099.25422,0,GPU-93ae0c7f-c327-aee3-adae-bc0d1dae71ea,0.4,0.406041361341801,12282.0,7038.0,546.65,NVIDIA GeForce RTX 4070,[N/A],Enabled,Enabled
1707359100.254061,0,GPU-93ae0c7f-c327-aee3-adae-bc0d1dae71ea,0.4,0.406041361341801,12282.0,7038.0,546.65,NVIDIA GeForce RTX 4070,[N/A],Enabled,Enabled
1707359101.254557,0,GPU-93ae0c7f-c327-aee3-adae-bc0d1dae71ea,0.41,0.406041361341801,12282.0,7038.0,546.65,NVIDIA GeForce RTX 4070,[N/A],Enabled,Enabled
1707359102.254941,0,GPU-93ae0c7f-c327-aee3-adae-bc0d1dae71ea,0.39,0.406041361341801,12282.0,7038.0,546.65,NVIDIA GeForce RTX 4070,[N/A],Enabled,Enabled
1707359103.253821,0,GPU-93ae0c7f-c327-aee3-adae-bc0d1dae71ea,0.38,0.406041361341801,12282.0,7038.0,546.65,NVIDIA GeForce RTX 4070,[N/A],Enabled,Enabled
1707359104.254865,0,GPU-93ae0c7f-c327-aee3-adae-bc0d1dae71ea,0.37,0.406041361341801,12282.0,7038.0,546.65,NVIDIA GeForce RTX 4070,[N/A],Enabled,Enabled
1707359105.255178,0,GPU-93ae0c7f-c327-aee3-adae-bc0d1dae71ea,0.42,0.406041361341801,12282.0,7038.0,546.65,NVIDIA GeForce RTX 4070,[N/A],Enabled,Enabled
1707359106.254951,0,GPU-93ae0c7f-c327-aee3-adae-bc0d1dae71ea,0.37,0.406041361341801,12282.0,7038.0,546.65,NVIDIA GeForce RTX 4070,[N/A],Enabled,Enabled
1707359107.254863,0,GPU-93ae0c7f-c327-aee3-adae-bc0d1dae71ea,0.4,0.406041361341801,12282.0,7038.0,546.65,NVIDIA GeForce RTX 4070,[N/A],Enabled,Enabled
1707359108.254646,0,GPU-93ae0c7f-c327-aee3-adae-bc0d1dae71ea,0.39,0.406041361341801,12282.0,7038.0,546.65,NVIDIA GeForce RTX 4070,[N/A],Enabled,Enabled
1707359109.254581,0,GPU-93ae0c7f-c327-aee3-adae-bc0d1dae71ea,0.41,0.406041361341801,12282.0,7038.0,546.65,NVIDIA GeForce RTX 4070,[N/A],Enabled,Enabled
1707359110.254274,0,GPU-93ae0c7f-c327-aee3-adae-bc0d1dae71ea,0.34,0.406041361341801,12282.0,7038.0,546.65,NVIDIA GeForce RTX 4070,[N/A],Enabled,Enabled
1707359111.255358,0,GPU-93ae0c7f-c327-aee3-adae-bc0d1dae71ea,0.4,0.406041361341801,12282.0,7038.0,546.65,NVIDIA GeForce RTX 4070,[N/A],Enabled,Enabled
1707359112.254372,0,GPU-93ae0c7f-c327-aee3-adae-bc0d1dae71ea,0.38,0.406041361341801,12282.0,7038.0,546.65,NVIDIA GeForce RTX 4070,[N/A],Enabled,Enabled
1707359113.254404,0,GPU-93ae0c7f-c327-aee3-adae-bc0d1dae71ea,0.39,0.406041361341801,12282.0,7038.0,546.65,NVIDIA GeForce RTX 4070,[N/A],Enabled,Enabled
1707359114.254227,0,GPU-93ae0c7f-c327-aee3-adae-bc0d1dae71ea,0.36,0.406041361341801,12282.0,7038.0,546.65,NVIDIA GeForce RTX 4070,[N/A],Enabled,Enabled
1707359115.254704,0,GPU-93ae0c7f-c327-aee3-adae-bc0d1dae71ea,0.4,0.406041361341801,12282.0,7038.0,546.65,NVIDIA GeForce RTX 4070,[N/A],Enabled,Enabled
1707359116.254475,0,GPU-93ae0c7f-c327-aee3-adae-bc0d1dae71ea,0.36,0.406041361341801,12282.0,7038.0,546.65,NVIDIA GeForce RTX 4070,[N/A],Enabled,Enabled
1707359117.254191,0,GPU-93ae0c7f-c327-aee3-adae-bc0d1dae71ea,0.41,0.406041361341801,12282.0,7038.0,546.65,NVIDIA GeForce RTX 4070,[N/A],Enabled,Enabled
1707359118.253948,0,GPU-93ae0c7f-c327-aee3-adae-bc0d1dae71ea,0.36,0.406041361341801,12282.0,7038.0,546.65,NVIDIA GeForce RTX 4070,[N/A],Enabled,Enabled
1707359119.254641,0,GPU-93ae0c7f-c327-aee3-adae-bc0d1dae71ea,0.39,0.406041361341801,12282.0,7038.0,546.65,NVIDIA GeForce RTX 4070,[N/A],Enabled,Enabled
1707359120.25413,0,GPU-93ae0c7f-c327-aee3-adae-bc0d1dae71ea,0.38,0.406041361341801,12282.0,7038.0,546.65,NVIDIA GeForce RTX 4070,[N/A],Enabled,Enabled
1707359121.25389,0,GPU-93ae0c7f-c327-aee3-adae-bc0d1dae71ea,0.42,0.406041361341801,12282.0,7038.0,546.65,NVIDIA GeForce RTX 4070,[N/A],Enabled,Enabled
1707359122.254717,0,GPU-93ae0c7f-c327-aee3-adae-bc0d1dae71ea,0.35,0.406041361341801,12282.0,7038.0,546.65,NVIDIA GeForce RTX 4070,[N/A],Enabled,Enabled
1707359123.254202,0,GPU-93ae0c7f-c327-aee3-adae-bc0d1dae71ea,0.36,0.406041361341801,12282.0,7038.0,546.65,NVIDIA GeForce RTX 4070,[N/A],Enabled,Enabled
1707359124.254657,0,GPU-93ae0c7f-c327-aee3-adae-bc0d1dae71ea,0.37,0.406041361341801,12282.0,7038.0,546.65,NVIDIA GeForce RTX 4070,[N/A],Enabled,Enabled
1707359125.25409,0,GPU-93ae0c7f-c327-aee3-adae-bc0d1dae71ea,0.35,0.406041361341801,12282.0,7038.0,546.65,NVIDIA GeForce RTX 4070,[N/A],Enabled,Enabled
1707359126.253853,0,GPU-93ae0c7f-c327-aee3-adae-bc0d1dae71ea,0.38,0.406041361341801,12282.0,7038.0,546.65,NVIDIA GeForce RTX 4070,[N/A],Enabled,Enabled
1707359127.254548,0,GPU-93ae0c7f-c327-aee3-adae-bc0d1dae71ea,0.35,0.406041361341801,12282.0,7038.0,546.65,NVIDIA GeForce RTX 4070,[N/A],Enabled,Enabled
1707359128.254931,0,GPU-93ae0c7f-c327-aee3-adae-bc0d1dae71ea,0.41,0.406041361341801,12282.0,7038.0,546.65,NVIDIA GeForce RTX 4070,[N/A],Enabled,Enabled
1707359129.25459,0,GPU-93ae0c7f-c327-aee3-adae-bc0d1dae71ea,0.4,0.406041361341801,12282.0,7038.0,546.65,NVIDIA GeForce RTX 4070,[N/A],Enabled,Enabled
1707359130.254145,0,GPU-93ae0c7f-c327-aee3-adae-bc0d1dae71ea,0.38,0.406041361341801,12282.0,7038.0,546.65,NVIDIA GeForce RTX 4070,[N/A],Enabled,Enabled
1707359131.254829,0,GPU-93ae0c7f-c327-aee3-adae-bc0d1dae71ea,0.39,0.406041361341801,12282.0,7038.0,546.65,NVIDIA GeForce RTX 4070,[N/A],Enabled,Enabled
1707359132.254648,0,GPU-93ae0c7f-c327-aee3-adae-bc0d1dae71ea,0.36,0.406041361341801,12282.0,7038.0,546.65,NVIDIA GeForce RTX 4070,[N/A],Enabled,Enabled
1707359133.254084,0,GPU-93ae0c7f-c327-aee3-adae-bc0d1dae71ea,0.43,0.406041361341801,12282.0,7038.0,546.65,NVIDIA GeForce RTX 4070,[N/A],Enabled,Enabled
1707359134.254751,0,GPU-93ae0c7f-c327-aee3-adae-bc0d1dae71ea,0.35,0.406041361341801,12282.0,7038.0,546.65,NVIDIA GeForce RTX 4070,[N/A],Enabled,Enabled
1707359135.254177,0,GPU-93ae0c7f-c327-aee3-adae-bc0d1dae71ea,0.41,0.406041361341801,12282.0,7038.0,546.65,NVIDIA GeForce RTX 4070,[N/A],Enabled,Enabled
1707359136.25472,0,GPU-93ae0c7f-c327-aee3-adae-bc0d1dae71ea,0.38,0.406041361341801,12282.0,7038.0,546.65,NVIDIA GeForce RTX 4070,[N/A],Enabled,Enabled
1707359137.25489,0,GPU-93ae0c7f-c327-aee3-adae-bc0d1dae71ea,0.41,0.406041361341801,12282.0,7038.0,546.65,NVIDIA GeForce RTX 4070,[N/A],Enabled,Enabled
1707359138.254361,0,GPU-93ae0c7f-c327-aee3-adae-bc0d1dae71ea,0.38,0.406041361341801,12282.0,7038.0,546.65,NVIDIA GeForce RTX 4070,[N/A],Enabled,Enabled
1707359139.253821,0,GPU-93ae0c7f-c327-aee3-adae-bc0d1dae71ea,0.39,0.406041361341801,12282.0,7038.0,546.65,NVIDIA GeForce RTX 4070,[N/A],Enabled,Enabled
1707359140.25442,0,GPU-93ae0c7f-c327-aee3-adae-bc0d1dae71ea,0.37,0.406041361341801,12282.0,7038.0,546.65,NVIDIA GeForce RTX 4070,[N/A],Enabled,Enabled
1707359141.254822,0,GPU-93ae0c7f-c327-aee3-adae-bc0d1dae71ea,0.38,0.406041361341801,12282.0,7038.0,546.65,NVIDIA GeForce RTX 4070,[N/A],Enabled,Enabled
1707359142.25448,0,GPU-93ae0c7f-c327-aee3-adae-bc0d1dae71ea,0.41,0.406041361341801,12282.0,7038.0,546.65,NVIDIA GeForce RTX 4070,[N/A],Enabled,Enabled
1707359143.254484,0,GPU-93ae0c7f-c327-aee3-adae-bc0d1dae71ea,0.4,0.406041361341801,12282.0,7038.0,546.65,NVIDIA GeForce RTX 4070,[N/A],Enabled,Enabled
1707359144.254336,0,GPU-93ae0c7f-c327-aee3-adae-bc0d1dae71ea,0.4,0.406041361341801,12282.0,7038.0,546.65,NVIDIA GeForce RTX 4070,[N/A],Enabled,Enabled
1707359145.253852,0,GPU-93ae0c7f-c327-aee3-adae-bc0d1dae71ea,0.41,0.406041361341801,12282.0,7038.0,546.65,NVIDIA GeForce RTX 4070,[N/A],Enabled,Enabled
1707359146.254574,0,GPU-93ae0c7f-c327-aee3-adae-bc0d1dae71ea,0.37,0.406041361341801,12282.0,7038.0,546.65,NVIDIA GeForce RTX 4070,[N/A],Enabled,Enabled
1707359147.254548,0,GPU-93ae0c7f-c327-aee3-adae-bc0d1dae71ea,0.42,0.406041361341801,12282.0,7038.0,546.65,NVIDIA GeForce RTX 4070,[N/A],Enabled,Enabled
1707359148.254695,0,GPU-93ae0c7f-c327-aee3-adae-bc0d1dae71ea,0.38,0.406041361341801,12282.0,7038.0,546.65,NVIDIA GeForce RTX 4070,[N/A],Enabled,Enabled
1707359149.254456,0,GPU-93ae0c7f-c327-aee3-adae-bc0d1dae71ea,0.39,0.406041361341801,12282.0,7038.0,546.65,NVIDIA GeForce RTX 4070,[N/A],Enabled,Enabled
1707359150.254814,0,GPU-93ae0c7f-c327-aee3-adae-bc0d1dae71ea,0.38,0.406041361341801,12282.0,7038.0,546.65,NVIDIA GeForce RTX 4070,[N/A],Enabled,Enabled
1707359151.254753,0,GPU-93ae0c7f-c327-aee3-adae-bc0d1dae71ea,0.4,0.406041361341801,12282.0,7038.0,546.65,NVIDIA GeForce RTX 4070,[N/A],Enabled,Enabled
1707359152.254295,0,GPU-93ae0c7f-c327-aee3-adae-bc0d1dae71ea,0.39,0.406041361341801,12282.0,7038.0,546.65,NVIDIA GeForce RTX 4070,[N/A],Enabled,Enabled
1707359153.254698,0,GPU-93ae0c7f-c327-aee3-adae-bc0d1dae71ea,0.44,0.406041361341801,12282.0,7038.0,546.65,NVIDIA GeForce RTX 4070,[N/A],Enabled,Enabled
1707359154.254399,0,GPU-93ae0c7f-c327-aee3-adae-bc0d1dae71ea,0.36,0.406041361341801,12282.0,7038.0,546.65,NVIDIA GeForce RTX 4070,[N/A],Enabled,Enabled
1707359155.253784,0,GPU-93ae0c7f-c327-aee3-adae-bc0d1dae71ea,0.34,0.406041361341801,12282.0,7038.0,546.65,NVIDIA GeForce RTX 4070,[N/A],Enabled,Enabled
1707359156.254934,0,GPU-93ae0c7f-c327-aee3-adae-bc0d1dae71ea,0.36,0.406041361341801,12282.0,7038.0,546.65,NVIDIA GeForce RTX 4070,[N/A],Enabled,Enabled
1707359157.254288,0,GPU-93ae0c7f-c327-aee3-adae-bc0d1dae71ea,0.37,0.406041361341801,12282.0,7038.0,546.65,NVIDIA GeForce RTX 4070,[N/A],Enabled,Enabled
1707359158.254923,0,GPU-93ae0c7f-c327-aee3-adae-bc0d1dae71ea,0.34,0.406041361341801,12282.0,7038.0,546.65,NVIDIA GeForce RTX 4070,[N/A],Enabled,Enabled
1707359159.25481,0,GPU-93ae0c7f-c327-aee3-adae-bc0d1dae71ea,0.42,0.406041361341801,12282.0,7038.0,546.65,NVIDIA GeForce RTX 4070,[N/A],Enabled,Enabled
1707359160.254907,0,GPU-93ae0c7f-c327-aee3-adae-bc0d1dae71ea,0.38,0.406041361341801,12282.0,7038.0,546.65,NVIDIA GeForce RTX 4070,[N/A],Enabled,Enabled
1707359161.254506,0,GPU-93ae0c7f-c327-aee3-adae-bc0d1dae71ea,0.39,0.406041361341801,12282.0,7038.0,546.65,NVIDIA GeForce RTX 4070,[N/A],Enabled,Enabled
1707359162.254946,0,GPU-93ae0c7f-c327-aee3-adae-bc0d1dae71ea,0.39,0.406041361341801,12282.0,7038.0,546.65,NVIDIA GeForce RTX 4070,[N/A],Enabled,Enabled
1707359163.254306,0,GPU-93ae0c7f-c327-aee3-adae-bc0d1dae71ea,0.42,0.406041361341801,12282.0,7038.0,546.65,NVIDIA GeForce RTX 4070,[N/A],Enabled,Enabled
1707359164.254074,0,GPU-93ae0c7f-c327-aee3-adae-bc0d1dae71ea,0.38,0.406041361341801,12282.0,7038.0,546.65,NVIDIA GeForce RTX 4070,[N/A],Enabled,Enabled
1707359165.254605,0,GPU-93ae0c7f-c327-aee3-adae-bc0d1dae71ea,0.48,0.406041361341801,12282.0,7038.0,546.65,NVIDIA GeForce RTX 4070,[N/A],Enabled,Enabled
1707359166.254941,0,GPU-93ae0c7f-c327-aee3-adae-bc0d1dae71ea,0.44,0.406041361341801,12282.0,7038.0,546.65,NVIDIA GeForce RTX 4070,[N/A],Enabled,Enabled
1707359167.254647,0,GPU-93ae0c7f-c327-aee3-adae-bc0d1dae71ea,0.42,0.406041361341801,12282.0,7038.0,546.65,NVIDIA GeForce RTX 4070,[N/A],Enabled,Enabled
1707359168.253945,0,GPU-93ae0c7f-c327-aee3-adae-bc0d1dae71ea,0.36,0.406041361341801,12282.0,7038.0,546.65,NVIDIA GeForce RTX 4070,[N/A],Enabled,Enabled
1707359169.255478,0,GPU-93ae0c7f-c327-aee3-adae-bc0d1dae71ea,0.43,0.406041361341801,12282.0,7038.0,546.65,NVIDIA GeForce RTX 4070,[N/A],Enabled,Enabled
1707359170.254017,0,GPU-93ae0c7f-c327-aee3-adae-bc0d1dae71ea,0.38,0.406041361341801,12282.0,7038.0,546.65,NVIDIA GeForce RTX 4070,[N/A],Enabled,Enabled
1707359171.254089,0,GPU-93ae0c7f-c327-aee3-adae-bc0d1dae71ea,0.43,0.406041361341801,12282.0,7038.0,546.65,NVIDIA GeForce RTX 4070,[N/A],Enabled,Enabled
1707359172.255101,0,GPU-93ae0c7f-c327-aee3-adae-bc0d1dae71ea,0.39,0.406041361341801,12282.0,7038.0,546.65,NVIDIA GeForce RTX 4070,[N/A],Enabled,Enabled
1707359173.254439,0,GPU-93ae0c7f-c327-aee3-adae-bc0d1dae71ea,0.37,0.406041361341801,12282.0,7038.0,546.65,NVIDIA GeForce RTX 4070,[N/A],Enabled,Enabled
1707359174.25375,0,GPU-93ae0c7f-c327-aee3-adae-bc0d1dae71ea,0.37,0.406041361341801,12282.0,7038.0,546.65,NVIDIA GeForce RTX 4070,[N/A],Enabled,Enabled
1707359175.254117,0,GPU-93ae0c7f-c327-aee3-adae-bc0d1dae71ea,0.42,0.406041361341801,12282.0,7038.0,546.65,NVIDIA GeForce RTX 4070,[N/A],Enabled,Enabled
1707359176.254054,0,GPU-93ae0c7f-c327-aee3-adae-bc0d1dae71ea,0.41,0.406041361341801,12282.0,7038.0,546.65,NVIDIA GeForce RTX 4070,[N/A],Enabled,Enabled
1707359177.254592,0,GPU-93ae0c7f-c327-aee3-adae-bc0d1dae71ea,0.42,0.406041361341801,12282.0,7038.0,546.65,NVIDIA GeForce RTX 4070,[N/A],Enabled,Enabled
1707359178.253728,0,GPU-93ae0c7f-c327-aee3-adae-bc0d1dae71ea,0.38,0.406041361341801,12282.0,7038.0,546.65,NVIDIA GeForce RTX 4070,[N/A],Enabled,Enabled
1707359179.255148,0,GPU-93ae0c7f-c327-aee3-adae-bc0d1dae71ea,0.42,0.406041361341801,12282.0,7038.0,546.65,NVIDIA GeForce RTX 4070,[N/A],Enabled,Enabled
1707359180.254633,0,GPU-93ae0c7f-c327-aee3-adae-bc0d1dae71ea,0.44,0.406041361341801,12282.0,7038.0,546.65,NVIDIA GeForce RTX 4070,[N/A],Enabled,Enabled
1707359181.254441,0,GPU-93ae0c7f-c327-aee3-adae-bc0d1dae71ea,0.38,0.406041361341801,12282.0,7038.0,546.65,NVIDIA GeForce RTX 4070,[N/A],Enabled,Enabled
1707359182.255108,0,GPU-93ae0c7f-c327-aee3-adae-bc0d1dae71ea,0.4,0.406041361341801,12282.0,7038.0,546.65,NVIDIA GeForce RTX 4070,[N/A],Enabled,Enabled
1707359183.254285,0,GPU-93ae0c7f-c327-aee3-adae-bc0d1dae71ea,0.41,0.406041361341801,12282.0,7038.0,546.65,NVIDIA GeForce RTX 4070,[N/A],Enabled,Enabled
1707359184.255354,0,GPU-93ae0c7f-c327-aee3-adae-bc0d1dae71ea,0.36,0.406041361341801,12282.0,7038.0,546.65,NVIDIA GeForce RTX 4070,[N/A],Enabled,Enabled
1707359185.254796,0,GPU-93ae0c7f-c327-aee3-adae-bc0d1dae71ea,0.39,0.406041361341801,12282.0,7038.0,546.65,NVIDIA GeForce RTX 4070,[N/A],Enabled,Enabled
1707359186.254556,0,GPU-93ae0c7f-c327-aee3-adae-bc0d1dae71ea,0.36,0.406041361341801,12282.0,7038.0,546.65,NVIDIA GeForce RTX 4070,[N/A],Enabled,Enabled
1707359187.254524,0,GPU-93ae0c7f-c327-aee3-adae-bc0d1dae71ea,0.43,0.406041361341801,12282.0,7038.0,546.65,NVIDIA GeForce RTX 4070,[N/A],Enabled,Enabled
1707359188.254898,0,GPU-93ae0c7f-c327-aee3-adae-bc0d1dae71ea,0.37,0.406041361341801,12282.0,7038.0,546.65,NVIDIA GeForce RTX 4070,[N/A],Enabled,Enabled
1707359189.255113,0,GPU-93ae0c7f-c327-aee3-adae-bc0d1dae71ea,0.4,0.406041361341801,12282.0,7038.0,546.65,NVIDIA GeForce RTX 4070,[N/A],Enabled,Enabled
1707359190.254828,0,GPU-93ae0c7f-c327-aee3-adae-bc0d1dae71ea,0.36,0.406041361341801,12282.0,7038.0,546.65,NVIDIA GeForce RTX 4070,[N/A],Enabled,Enabled
1707359191.254019,0,GPU-93ae0c7f-c327-aee3-adae-bc0d1dae71ea,0.42,0.406041361341801,12282.0,7038.0,546.65,NVIDIA GeForce RTX 4070,[N/A],Enabled,Enabled
1707359192.254942,0,GPU-93ae0c7f-c327-aee3-adae-bc0d1dae71ea,0.41,0.406041361341801,12282.0,7038.0,546.65,NVIDIA GeForce RTX 4070,[N/A],Enabled,Enabled
1707359193.254291,0,GPU-93ae0c7f-c327-aee3-adae-bc0d1dae71ea,0.42,0.406041361341801,12282.0,7038.0,546.65,NVIDIA GeForce RTX 4070,[N/A],Enabled,Enabled
1707359194.254371,0,GPU-93ae0c7f-c327-aee3-adae-bc0d1dae71ea,0.38,0.406041361341801,12282.0,7038.0,546.65,NVIDIA GeForce RTX 4070,[N/A],Enabled,Enabled
1707359195.255314,0,GPU-93ae0c7f-c327-aee3-adae-bc0d1dae71ea,0.42,0.406041361341801,12282.0,7038.0,546.65,NVIDIA GeForce RTX 4070,[N/A],Enabled,Enabled
1707359196.254552,0,GPU-93ae0c7f-c327-aee3-adae-bc0d1dae71ea,0.39,0.406041361341801,12282.0,7038.0,546.65,NVIDIA GeForce RTX 4070,[N/A],Enabled,Enabled
1707359197.255412,0,GPU-93ae0c7f-c327-aee3-adae-bc0d1dae71ea,0.4,0.406041361341801,12282.0,7038.0,546.65,NVIDIA GeForce RTX 4070,[N/A],Enabled,Enabled
1707359198.254089,0,GPU-93ae0c7f-c327-aee3-adae-bc0d1dae71ea,0.42,0.406041361341801,12282.0,7038.0,546.65,NVIDIA GeForce RTX 4070,[N/A],Enabled,Enabled
1707359199.253898,0,GPU-93ae0c7f-c327-aee3-adae-bc0d1dae71ea,0.36,0.406041361341801,12282.0,7038.0,546.65,NVIDIA GeForce RTX 4070,[N/A],Enabled,Enabled
1707359200.25465,0,GPU-93ae0c7f-c327-aee3-adae-bc0d1dae71ea,0.36,0.406041361341801,12282.0,7038.0,546.65,NVIDIA GeForce RTX 4070,[N/A],Enabled,Enabled
1707359201.254057,0,GPU-93ae0c7f-c327-aee3-adae-bc0d1dae71ea,0.44,0.406041361341801,12282.0,7038.0,546.65,NVIDIA GeForce RTX 4070,[N/A],Enabled,Enabled
1707359202.25487,0,GPU-93ae0c7f-c327-aee3-adae-bc0d1dae71ea,0.36,0.406041361341801,12282.0,7038.0,546.65,NVIDIA GeForce RTX 4070,[N/A],Enabled,Enabled
1707359203.254277,0,GPU-93ae0c7f-c327-aee3-adae-bc0d1dae71ea,0.43,0.406041361341801,12282.0,7038.0,546.65,NVIDIA GeForce RTX 4070,[N/A],Enabled,Enabled
1707359204.254029,0,GPU-93ae0c7f-c327-aee3-adae-bc0d1dae71ea,0.4,0.406041361341801,12282.0,7038.0,546.65,NVIDIA GeForce RTX 4070,[N/A],Enabled,Enabled
1707359205.253937,0,GPU-93ae0c7f-c327-aee3-adae-bc0d1dae71ea,0.43,0.406041361341801,12282.0,7038.0,546.65,NVIDIA GeForce RTX 4070,[N/A],Enabled,Enabled
1707359206.255051,0,GPU-93ae0c7f-c327-aee3-adae-bc0d1dae71ea,0.4,0.406041361341801,12282.0,7038.0,546.65,NVIDIA GeForce RTX 4070,[N/A],Enabled,Enabled
1707359207.254446,0,GPU-93ae0c7f-c327-aee3-adae-bc0d1dae71ea,0.41,0.406041361341801,12282.0,7038.0,546.65,NVIDIA GeForce RTX 4070,[N/A],Enabled,Enabled
1707359208.254402,0,GPU-93ae0c7f-c327-aee3-adae-bc0d1dae71ea,0.38,0.406041361341801,12282.0,7038.0,546.65,NVIDIA GeForce RTX 4070,[N/A],Enabled,Enabled
1707359209.254215,0,GPU-93ae0c7f-c327-aee3-adae-bc0d1dae71ea,0.42,0.406041361341801,12282.0,7038.0,546.65,NVIDIA GeForce RTX 4070,[N/A],Enabled,Enabled
1707359210.255008,0,GPU-93ae0c7f-c327-aee3-adae-bc0d1dae71ea,0.39,0.406041361341801,12282.0,7038.0,546.65,NVIDIA GeForce RTX 4070,[N/A],Enabled,Enabled
1707359211.253638,0,GPU-93ae0c7f-c327-aee3-adae-bc0d1dae71ea,0.4,0.406041361341801,12282.0,7038.0,546.65,NVIDIA GeForce RTX 4070,[N/A],Enabled,Enabled
1707359212.254658,0,GPU-93ae0c7f-c327-aee3-adae-bc0d1dae71ea,0.38,0.406041361341801,12282.0,7038.0,546.65,NVIDIA GeForce RTX 4070,[N/A],Enabled,Enabled
1707359213.254014,0,GPU-93ae0c7f-c327-aee3-adae-bc0d1dae71ea,0.4,0.406041361341801,12282.0,7038.0,546.65,NVIDIA GeForce RTX 4070,[N/A],Enabled,Enabled
1707359214.255003,0,GPU-93ae0c7f-c327-aee3-adae-bc0d1dae71ea,0.35,0.406041361341801,12282.0,7038.0,546.65,NVIDIA GeForce RTX 4070,[N/A],Enabled,Enabled
1707359215.254224,0,GPU-93ae0c7f-c327-aee3-adae-bc0d1dae71ea,0.42,0.406041361341801,12282.0,7038.0,546.65,NVIDIA GeForce RTX 4070,[N/A],Enabled,Enabled
1707359216.254685,0,GPU-93ae0c7f-c327-aee3-adae-bc0d1dae71ea,0.36,0.406041361341801,12282.0,7038.0,546.65,NVIDIA GeForce RTX 4070,[N/A],Enabled,Enabled
1707359217.254702,0,GPU-93ae0c7f-c327-aee3-adae-bc0d1dae71ea,0.4,0.406041361341801,12282.0,7038.0,546.65,NVIDIA GeForce RTX 4070,[N/A],Enabled,Enabled
1707359218.254279,0,GPU-93ae0c7f-c327-aee3-adae-bc0d1dae71ea,0.39,0.406041361341801,12282.0,7038.0,546.65,NVIDIA GeForce RTX 4070,[N/A],Enabled,Enabled
1707359219.254238,0,GPU-93ae0c7f-c327-aee3-adae-bc0d1dae71ea,0.4,0.406041361341801,12282.0,7038.0,546.65,NVIDIA GeForce RTX 4070,[N/A],Enabled,Enabled
1707359220.254619,0,GPU-93ae0c7f-c327-aee3-adae-bc0d1dae71ea,0.35,0.406041361341801,12282.0,7038.0,546.65,NVIDIA GeForce RTX 4070,[N/A],Enabled,Enabled
1707359221.254245,0,GPU-93ae0c7f-c327-aee3-adae-bc0d1dae71ea,0.41,0.406041361341801,12282.0,7038.0,546.65,NVIDIA GeForce RTX 4070,[N/A],Enabled,Enabled
1707359222.254502,0,GPU-93ae0c7f-c327-aee3-adae-bc0d1dae71ea,0.39,0.406041361341801,12282.0,7038.0,546.65,NVIDIA GeForce RTX 4070,[N/A],Enabled,Enabled
1707359223.254982,0,GPU-93ae0c7f-c327-aee3-adae-bc0d1dae71ea,0.39,0.406041361341801,12282.0,7038.0,546.65,NVIDIA GeForce RTX 4070,[N/A],Enabled,Enabled
1707359224.254243,0,GPU-93ae0c7f-c327-aee3-adae-bc0d1dae71ea,0.37,0.406041361341801,12282.0,7038.0,546.65,NVIDIA GeForce RTX 4070,[N/A],Enabled,Enabled
1707359225.25443,0,GPU-93ae0c7f-c327-aee3-adae-bc0d1dae71ea,0.41,0.406041361341801,12282.0,7038.0,546.65,NVIDIA GeForce RTX 4070,[N/A],Enabled,Enabled
1707359226.254385,0,GPU-93ae0c7f-c327-aee3-adae-bc0d1dae71ea,0.37,0.406041361341801,12282.0,7038.0,546.65,NVIDIA GeForce RTX 4070,[N/A],Enabled,Enabled
1707359227.25393,0,GPU-93ae0c7f-c327-aee3-adae-bc0d1dae71ea,0.39,0.406041361341801,12282.0,7038.0,546.65,NVIDIA GeForce RTX 4070,[N/A],Enabled,Enabled
1707359228.254156,0,GPU-93ae0c7f-c327-aee3-adae-bc0d1dae71ea,0.38,0.406041361341801,12282.0,7038.0,546.65,NVIDIA GeForce RTX 4070,[N/A],Enabled,Enabled
1707359229.255162,0,GPU-93ae0c7f-c327-aee3-adae-bc0d1dae71ea,0.43,0.406041361341801,12282.0,7038.0,546.65,NVIDIA GeForce RTX 4070,[N/A],Enabled,Enabled
1707359230.253754,0,GPU-93ae0c7f-c327-aee3-adae-bc0d1dae71ea,0.37,0.406041361341801,12282.0,7038.0,546.65,NVIDIA GeForce RTX 4070,[N/A],Enabled,Enabled
1707359231.254265,0,GPU-93ae0c7f-c327-aee3-adae-bc0d1dae71ea,0.41,0.406041361341801,12282.0,7038.0,546.65,NVIDIA GeForce RTX 4070,[N/A],Enabled,Enabled
1707359232.254725,0,GPU-93ae0c7f-c327-aee3-adae-bc0d1dae71ea,0.4,0.406041361341801,12282.0,7038.0,546.65,NVIDIA GeForce RTX 4070,[N/A],Enabled,Enabled
1707359233.254879,0,GPU-93ae0c7f-c327-aee3-adae-bc0d1dae71ea,0.49,0.406041361341801,12282.0,7038.0,546.65,NVIDIA GeForce RTX 4070,[N/A],Enabled,Enabled
1707359234.254576,0,GPU-93ae0c7f-c327-aee3-adae-bc0d1dae71ea,0.44,0.406041361341801,12282.0,7038.0,546.65,NVIDIA GeForce RTX 4070,[N/A],Enabled,Enabled
1707359235.253917,0,GPU-93ae0c7f-c327-aee3-adae-bc0d1dae71ea,0.45,0.406041361341801,12282.0,7038.0,546.65,NVIDIA GeForce RTX 4070,[N/A],Enabled,Enabled
1707359236.254777,0,GPU-93ae0c7f-c327-aee3-adae-bc0d1dae71ea,0.41,0.406041361341801,12282.0,7038.0,546.65,NVIDIA GeForce RTX 4070,[N/A],Enabled,Enabled
1707359237.253943,0,GPU-93ae0c7f-c327-aee3-adae-bc0d1dae71ea,0.43,0.406041361341801,12282.0,7038.0,546.65,NVIDIA GeForce RTX 4070,[N/A],Enabled,Enabled
1707359238.255078,0,GPU-93ae0c7f-c327-aee3-adae-bc0d1dae71ea,0.36,0.406041361341801,12282.0,7038.0,546.65,NVIDIA GeForce RTX 4070,[N/A],Enabled,Enabled
1707359239.25435,0,GPU-93ae0c7f-c327-aee3-adae-bc0d1dae71ea,0.42,0.406041361341801,12282.0,7038.0,546.65,NVIDIA GeForce RTX 4070,[N/A],Enabled,Enabled
1707359240.254196,0,GPU-93ae0c7f-c327-aee3-adae-bc0d1dae71ea,0.4,0.406041361341801,12282.0,7038.0,546.65,NVIDIA GeForce RTX 4070,[N/A],Enabled,Enabled
1707359241.25539,0,GPU-93ae0c7f-c327-aee3-adae-bc0d1dae71ea,0.42,0.406041361341801,12282.0,7038.0,546.65,NVIDIA GeForce RTX 4070,[N/A],Enabled,Enabled
1707359242.253999,0,GPU-93ae0c7f-c327-aee3-adae-bc0d1dae71ea,0.37,0.406041361341801,12282.0,7038.0,546.65,NVIDIA GeForce RTX 4070,[N/A],Enabled,Enabled
1707359243.254092,0,GPU-93ae0c7f-c327-aee3-adae-bc0d1dae71ea,0.4,0.406041361341801,12282.0,7038.0,546.65,NVIDIA GeForce RTX 4070,[N/A],Enabled,Enabled
1707359244.254609,0,GPU-93ae0c7f-c327-aee3-adae-bc0d1dae71ea,0.4,0.406041361341801,12282.0,7038.0,546.65,NVIDIA GeForce RTX 4070,[N/A],Enabled,Enabled
1707359245.254379,0,GPU-93ae0c7f-c327-aee3-adae-bc0d1dae71ea,0.44,0.406041361341801,12282.0,7038.0,546.65,NVIDIA GeForce RTX 4070,[N/A],Enabled,Enabled
1707359246.25449,0,GPU-93ae0c7f-c327-aee3-adae-bc0d1dae71ea,0.42,0.406041361341801,12282.0,7038.0,546.65,NVIDIA GeForce RTX 4070,[N/A],Enabled,Enabled
1707359247.253809,0,GPU-93ae0c7f-c327-aee3-adae-bc0d1dae71ea,0.41,0.406041361341801,12282.0,7038.0,546.65,NVIDIA GeForce RTX 4070,[N/A],Enabled,Enabled
1707359248.25486,0,GPU-93ae0c7f-c327-aee3-adae-bc0d1dae71ea,0.39,0.406041361341801,12282.0,7038.0,546.65,NVIDIA GeForce RTX 4070,[N/A],Enabled,Enabled
1707359249.254205,0,GPU-93ae0c7f-c327-aee3-adae-bc0d1dae71ea,0.48,0.406041361341801,12282.0,7038.0,546.65,NVIDIA GeForce RTX 4070,[N/A],Enabled,Enabled
1707359250.255281,0,GPU-93ae0c7f-c327-aee3-adae-bc0d1dae71ea,0.37,0.406041361341801,12282.0,7038.0,546.65,NVIDIA GeForce RTX 4070,[N/A],Enabled,Enabled
1707359251.254511,0,GPU-93ae0c7f-c327-aee3-adae-bc0d1dae71ea,0.4,0.406041361341801,12282.0,7038.0,546.65,NVIDIA GeForce RTX 4070,[N/A],Enabled,Enabled
1707359252.254387,0,GPU-93ae0c7f-c327-aee3-adae-bc0d1dae71ea,0.41,0.406041361341801,12282.0,7038.0,546.65,NVIDIA GeForce RTX 4070,[N/A],Enabled,Enabled
1707359253.254695,0,GPU-93ae0c7f-c327-aee3-adae-bc0d1dae71ea,0.44,0.406041361341801,12282.0,7038.0,546.65,NVIDIA GeForce RTX 4070,[N/A],Enabled,Enabled
1707359254.253712,0,GPU-93ae0c7f-c327-aee3-adae-bc0d1dae71ea,0.37,0.406041361341801,12282.0,7038.0,546.65,NVIDIA GeForce RTX 4070,[N/A],Enabled,Enabled
1707359255.254729,0,GPU-93ae0c7f-c327-aee3-adae-bc0d1dae71ea,0.44,0.406041361341801,12282.0,7038.0,546.65,NVIDIA GeForce RTX 4070,[N/A],Enabled,Enabled
1707359256.254156,0,GPU-93ae0c7f-c327-aee3-adae-bc0d1dae71ea,0.39,0.406041361341801,12282.0,7038.0,546.65,NVIDIA GeForce RTX 4070,[N/A],Enabled,Enabled
1707359257.2544,0,GPU-93ae0c7f-c327-aee3-adae-bc0d1dae71ea,0.38,0.406041361341801,12282.0,7038.0,546.65,NVIDIA GeForce RTX 4070,[N/A],Enabled,Enabled
1707359258.254419,0,GPU-93ae0c7f-c327-aee3-adae-bc0d1dae71ea,0.39,0.406041361341801,12282.0,7038.0,546.65,NVIDIA GeForce RTX 4070,[N/A],Enabled,Enabled
1707359259.254363,0,GPU-93ae0c7f-c327-aee3-adae-bc0d1dae71ea,0.43,0.406041361341801,12282.0,7038.0,546.65,NVIDIA GeForce RTX 4070,[N/A],Enabled,Enabled
1707359260.254315,0,GPU-93ae0c7f-c327-aee3-adae-bc0d1dae71ea,0.38,0.406041361341801,12282.0,7038.0,546.65,NVIDIA GeForce RTX 4070,[N/A],Enabled,Enabled
1707359261.254153,0,GPU-93ae0c7f-c327-aee3-adae-bc0d1dae71ea,0.38,0.406041361341801,12282.0,7038.0,546.65,NVIDIA GeForce RTX 4070,[N/A],Enabled,Enabled
1707359262.255321,0,GPU-93ae0c7f-c327-aee3-adae-bc0d1dae71ea,0.38,0.406041361341801,12282.0,7038.0,546.65,NVIDIA GeForce RTX 4070,[N/A],Enabled,Enabled
1707359263.254642,0,GPU-93ae0c7f-c327-aee3-adae-bc0d1dae71ea,0.38,0.406041361341801,12282.0,7038.0,546.65,NVIDIA GeForce RTX 4070,[N/A],Enabled,Enabled
1707359264.254437,0,GPU-93ae0c7f-c327-aee3-adae-bc0d1dae71ea,0.32,0.406041361341801,12282.0,7038.0,546.65,NVIDIA GeForce RTX 4070,[N/A],Enabled,Enabled
1707359265.254246,0,GPU-93ae0c7f-c327-aee3-adae-bc0d1dae71ea,0.3,0.40425012212994627,12282.0,7060.0,546.65,NVIDIA GeForce RTX 4070,[N/A],Enabled,Enabled
1707359266.253737,0,GPU-93ae0c7f-c327-aee3-adae-bc0d1dae71ea,0.29,0.40425012212994627,12282.0,7060.0,546.65,NVIDIA GeForce RTX 4070,[N/A],Enabled,Enabled
1707359267.254001,0,GPU-93ae0c7f-c327-aee3-adae-bc0d1dae71ea,0.27,0.39993486402865985,12282.0,7113.0,546.65,NVIDIA GeForce RTX 4070,[N/A],Enabled,Enabled
1707359268.254479,0,GPU-93ae0c7f-c327-aee3-adae-bc0d1dae71ea,0.28,0.39993486402865985,12282.0,7113.0,546.65,NVIDIA GeForce RTX 4070,[N/A],Enabled,Enabled
1707359269.25379,0,GPU-93ae0c7f-c327-aee3-adae-bc0d1dae71ea,0.26,0.40425012212994627,12282.0,7060.0,546.65,NVIDIA GeForce RTX 4070,[N/A],Enabled,Enabled
1707359270.254396,0,GPU-93ae0c7f-c327-aee3-adae-bc0d1dae71ea,0.25,0.39993486402865985,12282.0,7113.0,546.65,NVIDIA GeForce RTX 4070,[N/A],Enabled,Enabled
1707359271.254284,0,GPU-93ae0c7f-c327-aee3-adae-bc0d1dae71ea,0.27,0.39993486402865985,12282.0,7113.0,546.65,NVIDIA GeForce RTX 4070,[N/A],Enabled,Enabled
1707359272.254556,0,GPU-93ae0c7f-c327-aee3-adae-bc0d1dae71ea,0.24,0.39993486402865985,12282.0,7113.0,546.65,NVIDIA GeForce RTX 4070,[N/A],Enabled,Enabled
1707359273.254497,0,GPU-93ae0c7f-c327-aee3-adae-bc0d1dae71ea,0.23,0.39993486402865985,12282.0,7113.0,546.65,NVIDIA GeForce RTX 4070,[N/A],Enabled,Enabled
1707359274.25525,0,GPU-93ae0c7f-c327-aee3-adae-bc0d1dae71ea,0.24,0.39993486402865985,12282.0,7113.0,546.65,NVIDIA GeForce RTX 4070,[N/A],Enabled,Enabled
1707359275.25429,0,GPU-93ae0c7f-c327-aee3-adae-bc0d1dae71ea,0.23,0.39993486402865985,12282.0,7113.0,546.65,NVIDIA GeForce RTX 4070,[N/A],Enabled,Enabled
1707359276.254478,0,GPU-93ae0c7f-c327-aee3-adae-bc0d1dae71ea,0.24,0.39993486402865985,12282.0,7113.0,546.65,NVIDIA GeForce RTX 4070,[N/A],Enabled,Enabled
1707359277.254581,0,GPU-93ae0c7f-c327-aee3-adae-bc0d1dae71ea,0.24,0.39993486402865985,12282.0,7113.0,546.65,NVIDIA GeForce RTX 4070,[N/A],Enabled,Enabled
1707359278.254221,0,GPU-93ae0c7f-c327-aee3-adae-bc0d1dae71ea,0.24,0.39993486402865985,12282.0,7113.0,546.65,NVIDIA GeForce RTX 4070,[N/A],Enabled,Enabled
1707359279.254868,0,GPU-93ae0c7f-c327-aee3-adae-bc0d1dae71ea,0.14,0.21568148510014656,12282.0,9376.0,546.65,NVIDIA GeForce RTX 4070,[N/A],Enabled,Enabled
1707359280.254396,0,GPU-93ae0c7f-c327-aee3-adae-bc0d1dae71ea,0.15,0.21568148510014656,12282.0,9376.0,546.65,NVIDIA GeForce RTX 4070,[N/A],Enabled,Enabled
1707359281.254317,0,GPU-93ae0c7f-c327-aee3-adae-bc0d1dae71ea,0.13,0.21568148510014656,12282.0,9376.0,546.65,NVIDIA GeForce RTX 4070,[N/A],Enabled,Enabled
