timestamp,id,uuid,load,memoryUtil,memoryTotal,memoryUsed,memoryFree,driver,name,serial,display_mode,display_active
1709248224.65957,0,GPU-93ae0c7f-c327-aee3-adae-bc0d1dae71ea,0.13,0.21706562449112524,12282.0,9345.0,551.52,NVIDIA GeForce RTX 4070,[N/A],Enabled,Enabled
1709248225.656936,0,GPU-93ae0c7f-c327-aee3-adae-bc0d1dae71ea,0.13,0.21706562449112524,12282.0,9345.0,551.52,NVIDIA GeForce RTX 4070,[N/A],Enabled,Enabled
1709248226.65595,0,GPU-93ae0c7f-c327-aee3-adae-bc0d1dae71ea,0.13,0.21706562449112524,12282.0,9345.0,551.52,NVIDIA GeForce RTX 4070,[N/A],Enabled,Enabled
1709248227.655864,0,GPU-93ae0c7f-c327-aee3-adae-bc0d1dae71ea,0.13,0.21706562449112524,12282.0,9345.0,551.52,NVIDIA GeForce RTX 4070,[N/A],Enabled,Enabled
1709248228.656533,0,GPU-93ae0c7f-c327-aee3-adae-bc0d1dae71ea,0.13,0.21706562449112524,12282.0,9345.0,551.52,NVIDIA GeForce RTX 4070,[N/A],Enabled,Enabled
1709248229.656114,0,GPU-93ae0c7f-c327-aee3-adae-bc0d1dae71ea,0.13,0.21706562449112524,12282.0,9345.0,551.52,NVIDIA GeForce RTX 4070,[N/A],Enabled,Enabled
1709248230.656223,0,GPU-93ae0c7f-c327-aee3-adae-bc0d1dae71ea,0.13,0.21706562449112524,12282.0,9345.0,551.52,NVIDIA GeForce RTX 4070,[N/A],Enabled,Enabled
1709248231.656151,0,GPU-93ae0c7f-c327-aee3-adae-bc0d1dae71ea,0.13,0.21706562449112524,12282.0,9345.0,551.52,NVIDIA GeForce RTX 4070,[N/A],Enabled,Enabled
1709248232.656028,0,GPU-93ae0c7f-c327-aee3-adae-bc0d1dae71ea,0.13,0.21706562449112524,12282.0,9345.0,551.52,NVIDIA GeForce RTX 4070,[N/A],Enabled,Enabled
1709248233.656687,0,GPU-93ae0c7f-c327-aee3-adae-bc0d1dae71ea,0.14,0.21698420452695,12282.0,9346.0,551.52,NVIDIA GeForce RTX 4070,[N/A],Enabled,Enabled
1709248234.655656,0,GPU-93ae0c7f-c327-aee3-adae-bc0d1dae71ea,0.16,0.21682136459859958,12282.0,9348.0,551.52,NVIDIA GeForce RTX 4070,[N/A],Enabled,Enabled
1709248235.656018,0,GPU-93ae0c7f-c327-aee3-adae-bc0d1dae71ea,0.16,0.21682136459859958,12282.0,9348.0,551.52,NVIDIA GeForce RTX 4070,[N/A],Enabled,Enabled
1709248236.656028,0,GPU-93ae0c7f-c327-aee3-adae-bc0d1dae71ea,0.16,0.21682136459859958,12282.0,9348.0,551.52,NVIDIA GeForce RTX 4070,[N/A],Enabled,Enabled
1709248237.656427,0,GPU-93ae0c7f-c327-aee3-adae-bc0d1dae71ea,0.13,0.21804266406122783,12282.0,9333.0,551.52,NVIDIA GeForce RTX 4070,[N/A],Enabled,Enabled
1709248238.656583,0,GPU-93ae0c7f-c327-aee3-adae-bc0d1dae71ea,0.13,0.21804266406122783,12282.0,9333.0,551.52,NVIDIA GeForce RTX 4070,[N/A],Enabled,Enabled
1709248239.655939,0,GPU-93ae0c7f-c327-aee3-adae-bc0d1dae71ea,0.14,0.21763556424035174,12282.0,9338.0,551.52,NVIDIA GeForce RTX 4070,[N/A],Enabled,Enabled
1709248240.656411,0,GPU-93ae0c7f-c327-aee3-adae-bc0d1dae71ea,0.15,0.21844976388210388,12282.0,9328.0,551.52,NVIDIA GeForce RTX 4070,[N/A],Enabled,Enabled
1709248241.65654,0,GPU-93ae0c7f-c327-aee3-adae-bc0d1dae71ea,0.15,0.21836834391792867,12282.0,9329.0,551.52,NVIDIA GeForce RTX 4070,[N/A],Enabled,Enabled
1709248242.656511,0,GPU-93ae0c7f-c327-aee3-adae-bc0d1dae71ea,0.13,0.21771698420452695,12282.0,9337.0,551.52,NVIDIA GeForce RTX 4070,[N/A],Enabled,Enabled
1709248243.656403,0,GPU-93ae0c7f-c327-aee3-adae-bc0d1dae71ea,0.13,0.21861260381045433,12282.0,9326.0,551.52,NVIDIA GeForce RTX 4070,[N/A],Enabled,Enabled
1709248244.656663,0,GPU-93ae0c7f-c327-aee3-adae-bc0d1dae71ea,0.15,0.22170656244911252,12282.0,9288.0,551.52,NVIDIA GeForce RTX 4070,[N/A],Enabled,Enabled
1709248245.656615,0,GPU-93ae0c7f-c327-aee3-adae-bc0d1dae71ea,0.12,0.3024751669109266,12282.0,8296.0,551.52,NVIDIA GeForce RTX 4070,[N/A],Enabled,Enabled
1709248246.655956,0,GPU-93ae0c7f-c327-aee3-adae-bc0d1dae71ea,0.09,0.30540628562123434,12282.0,8260.0,551.52,NVIDIA GeForce RTX 4070,[N/A],Enabled,Enabled
1709248247.656173,0,GPU-93ae0c7f-c327-aee3-adae-bc0d1dae71ea,0.1,0.30532486565705913,12282.0,8261.0,551.52,NVIDIA GeForce RTX 4070,[N/A],Enabled,Enabled
1709248248.656266,0,GPU-93ae0c7f-c327-aee3-adae-bc0d1dae71ea,0.08,0.2816316560820713,12282.0,8552.0,551.52,NVIDIA GeForce RTX 4070,[N/A],Enabled,Enabled
1709248249.657151,0,GPU-93ae0c7f-c327-aee3-adae-bc0d1dae71ea,0.05,0.23652499592900178,12282.0,9106.0,551.52,NVIDIA GeForce RTX 4070,[N/A],Enabled,Enabled
1709248250.656156,0,GPU-93ae0c7f-c327-aee3-adae-bc0d1dae71ea,0.08,0.5455137599739456,12282.0,5311.0,551.52,NVIDIA GeForce RTX 4070,[N/A],Enabled,Enabled
1709248251.65596,0,GPU-93ae0c7f-c327-aee3-adae-bc0d1dae71ea,0.32,0.43347988926884873,12282.0,6687.0,551.52,NVIDIA GeForce RTX 4070,[N/A],Enabled,Enabled
1709248252.656237,0,GPU-93ae0c7f-c327-aee3-adae-bc0d1dae71ea,0.33,0.4333984693046735,12282.0,6688.0,551.52,NVIDIA GeForce RTX 4070,[N/A],Enabled,Enabled
1709248253.656359,0,GPU-93ae0c7f-c327-aee3-adae-bc0d1dae71ea,0.28,0.428676111382511,12282.0,6746.0,551.52,NVIDIA GeForce RTX 4070,[N/A],Enabled,Enabled
1709248254.656157,0,GPU-93ae0c7f-c327-aee3-adae-bc0d1dae71ea,0.3,0.428676111382511,12282.0,6746.0,551.52,NVIDIA GeForce RTX 4070,[N/A],Enabled,Enabled
1709248255.65604,0,GPU-93ae0c7f-c327-aee3-adae-bc0d1dae71ea,0.29,0.4285946914183358,12282.0,6747.0,551.52,NVIDIA GeForce RTX 4070,[N/A],Enabled,Enabled
1709248256.656988,0,GPU-93ae0c7f-c327-aee3-adae-bc0d1dae71ea,0.28,0.5455137599739456,12282.0,5311.0,551.52,NVIDIA GeForce RTX 4070,[N/A],Enabled,Enabled
1709248257.6565,0,GPU-93ae0c7f-c327-aee3-adae-bc0d1dae71ea,0.08,0.43372414916137436,12282.0,6684.0,551.52,NVIDIA GeForce RTX 4070,[N/A],Enabled,Enabled
1709248258.656423,0,GPU-93ae0c7f-c327-aee3-adae-bc0d1dae71ea,0.31,0.4333984693046735,12282.0,6688.0,551.52,NVIDIA GeForce RTX 4070,[N/A],Enabled,Enabled
1709248259.655915,0,GPU-93ae0c7f-c327-aee3-adae-bc0d1dae71ea,0.29,0.4285946914183358,12282.0,6747.0,551.52,NVIDIA GeForce RTX 4070,[N/A],Enabled,Enabled
1709248260.65655,0,GPU-93ae0c7f-c327-aee3-adae-bc0d1dae71ea,0.29,0.42843185148998536,12282.0,6749.0,551.52,NVIDIA GeForce RTX 4070,[N/A],Enabled,Enabled
1709248261.656483,0,GPU-93ae0c7f-c327-aee3-adae-bc0d1dae71ea,0.31,0.42826901156163494,12282.0,6751.0,551.52,NVIDIA GeForce RTX 4070,[N/A],Enabled,Enabled
1709248262.656361,0,GPU-93ae0c7f-c327-aee3-adae-bc0d1dae71ea,0.3,0.4329913694837974,12282.0,6693.0,551.52,NVIDIA GeForce RTX 4070,[N/A],Enabled,Enabled
1709248263.656252,0,GPU-93ae0c7f-c327-aee3-adae-bc0d1dae71ea,0.28,0.4278619117407588,12282.0,6756.0,551.52,NVIDIA GeForce RTX 4070,[N/A],Enabled,Enabled
1709248264.65651,0,GPU-93ae0c7f-c327-aee3-adae-bc0d1dae71ea,0.29,0.4278619117407588,12282.0,6756.0,551.52,NVIDIA GeForce RTX 4070,[N/A],Enabled,Enabled
1709248265.65629,0,GPU-93ae0c7f-c327-aee3-adae-bc0d1dae71ea,0.31,0.43258426966292135,12282.0,6698.0,551.52,NVIDIA GeForce RTX 4070,[N/A],Enabled,Enabled
1709248266.656908,0,GPU-93ae0c7f-c327-aee3-adae-bc0d1dae71ea,0.29,0.4278619117407588,12282.0,6756.0,551.52,NVIDIA GeForce RTX 4070,[N/A],Enabled,Enabled
1709248267.656439,0,GPU-93ae0c7f-c327-aee3-adae-bc0d1dae71ea,0.28,0.4278619117407588,12282.0,6756.0,551.52,NVIDIA GeForce RTX 4070,[N/A],Enabled,Enabled
1709248268.657224,0,GPU-93ae0c7f-c327-aee3-adae-bc0d1dae71ea,0.31,0.43258426966292135,12282.0,6698.0,551.52,NVIDIA GeForce RTX 4070,[N/A],Enabled,Enabled
1709248269.656746,0,GPU-93ae0c7f-c327-aee3-adae-bc0d1dae71ea,0.3,0.43258426966292135,12282.0,6698.0,551.52,NVIDIA GeForce RTX 4070,[N/A],Enabled,Enabled
1709248270.657039,0,GPU-93ae0c7f-c327-aee3-adae-bc0d1dae71ea,0.28,0.4278619117407588,12282.0,6756.0,551.52,NVIDIA GeForce RTX 4070,[N/A],Enabled,Enabled
1709248271.656556,0,GPU-93ae0c7f-c327-aee3-adae-bc0d1dae71ea,0.28,0.4278619117407588,12282.0,6756.0,551.52,NVIDIA GeForce RTX 4070,[N/A],Enabled,Enabled
1709248272.656596,0,GPU-93ae0c7f-c327-aee3-adae-bc0d1dae71ea,0.3,0.43258426966292135,12282.0,6698.0,551.52,NVIDIA GeForce RTX 4070,[N/A],Enabled,Enabled
1709248273.65681,0,GPU-93ae0c7f-c327-aee3-adae-bc0d1dae71ea,0.38,0.4363295880149813,12282.0,6652.0,551.52,NVIDIA GeForce RTX 4070,[N/A],Enabled,Enabled
1709248274.656713,0,GPU-93ae0c7f-c327-aee3-adae-bc0d1dae71ea,0.4,0.4363295880149813,12282.0,6652.0,551.52,NVIDIA GeForce RTX 4070,[N/A],Enabled,Enabled
1709248275.656362,0,GPU-93ae0c7f-c327-aee3-adae-bc0d1dae71ea,0.43,0.4363295880149813,12282.0,6652.0,551.52,NVIDIA GeForce RTX 4070,[N/A],Enabled,Enabled
1709248276.656066,0,GPU-93ae0c7f-c327-aee3-adae-bc0d1dae71ea,0.45,0.4363295880149813,12282.0,6652.0,551.52,NVIDIA GeForce RTX 4070,[N/A],Enabled,Enabled
1709248277.656401,0,GPU-93ae0c7f-c327-aee3-adae-bc0d1dae71ea,0.39,0.4363295880149813,12282.0,6652.0,551.52,NVIDIA GeForce RTX 4070,[N/A],Enabled,Enabled
1709248278.656521,0,GPU-93ae0c7f-c327-aee3-adae-bc0d1dae71ea,0.42,0.4363295880149813,12282.0,6652.0,551.52,NVIDIA GeForce RTX 4070,[N/A],Enabled,Enabled
1709248279.657165,0,GPU-93ae0c7f-c327-aee3-adae-bc0d1dae71ea,0.37,0.43795798729848556,12282.0,6632.0,551.52,NVIDIA GeForce RTX 4070,[N/A],Enabled,Enabled
1709248280.655987,0,GPU-93ae0c7f-c327-aee3-adae-bc0d1dae71ea,0.44,0.43926070672528905,12282.0,6616.0,551.52,NVIDIA GeForce RTX 4070,[N/A],Enabled,Enabled
1709248281.656143,0,GPU-93ae0c7f-c327-aee3-adae-bc0d1dae71ea,0.39,0.43926070672528905,12282.0,6616.0,551.52,NVIDIA GeForce RTX 4070,[N/A],Enabled,Enabled
1709248282.656257,0,GPU-93ae0c7f-c327-aee3-adae-bc0d1dae71ea,0.4,0.43926070672528905,12282.0,6616.0,551.52,NVIDIA GeForce RTX 4070,[N/A],Enabled,Enabled
1709248283.656696,0,GPU-93ae0c7f-c327-aee3-adae-bc0d1dae71ea,0.43,0.43926070672528905,12282.0,6616.0,551.52,NVIDIA GeForce RTX 4070,[N/A],Enabled,Enabled
1709248284.656416,0,GPU-93ae0c7f-c327-aee3-adae-bc0d1dae71ea,0.41,0.43926070672528905,12282.0,6616.0,551.52,NVIDIA GeForce RTX 4070,[N/A],Enabled,Enabled
1709248285.656231,0,GPU-93ae0c7f-c327-aee3-adae-bc0d1dae71ea,0.43,0.43926070672528905,12282.0,6616.0,551.52,NVIDIA GeForce RTX 4070,[N/A],Enabled,Enabled
1709248286.656493,0,GPU-93ae0c7f-c327-aee3-adae-bc0d1dae71ea,0.39,0.43926070672528905,12282.0,6616.0,551.52,NVIDIA GeForce RTX 4070,[N/A],Enabled,Enabled
1709248287.656339,0,GPU-93ae0c7f-c327-aee3-adae-bc0d1dae71ea,0.41,0.43926070672528905,12282.0,6616.0,551.52,NVIDIA GeForce RTX 4070,[N/A],Enabled,Enabled
1709248288.657145,0,GPU-93ae0c7f-c327-aee3-adae-bc0d1dae71ea,0.42,0.43926070672528905,12282.0,6616.0,551.52,NVIDIA GeForce RTX 4070,[N/A],Enabled,Enabled
1709248289.656363,0,GPU-93ae0c7f-c327-aee3-adae-bc0d1dae71ea,0.39,0.43926070672528905,12282.0,6616.0,551.52,NVIDIA GeForce RTX 4070,[N/A],Enabled,Enabled
1709248290.656275,0,GPU-93ae0c7f-c327-aee3-adae-bc0d1dae71ea,0.41,0.43926070672528905,12282.0,6616.0,551.52,NVIDIA GeForce RTX 4070,[N/A],Enabled,Enabled
1709248291.656639,0,GPU-93ae0c7f-c327-aee3-adae-bc0d1dae71ea,0.43,0.43926070672528905,12282.0,6616.0,551.52,NVIDIA GeForce RTX 4070,[N/A],Enabled,Enabled
1709248292.656543,0,GPU-93ae0c7f-c327-aee3-adae-bc0d1dae71ea,0.45,0.43926070672528905,12282.0,6616.0,551.52,NVIDIA GeForce RTX 4070,[N/A],Enabled,Enabled
1709248293.656647,0,GPU-93ae0c7f-c327-aee3-adae-bc0d1dae71ea,0.41,0.43926070672528905,12282.0,6616.0,551.52,NVIDIA GeForce RTX 4070,[N/A],Enabled,Enabled
1709248294.656429,0,GPU-93ae0c7f-c327-aee3-adae-bc0d1dae71ea,0.46,0.43926070672528905,12282.0,6616.0,551.52,NVIDIA GeForce RTX 4070,[N/A],Enabled,Enabled
1709248295.656173,0,GPU-93ae0c7f-c327-aee3-adae-bc0d1dae71ea,0.41,0.43926070672528905,12282.0,6616.0,551.52,NVIDIA GeForce RTX 4070,[N/A],Enabled,Enabled
1709248296.65611,0,GPU-93ae0c7f-c327-aee3-adae-bc0d1dae71ea,0.44,0.43926070672528905,12282.0,6616.0,551.52,NVIDIA GeForce RTX 4070,[N/A],Enabled,Enabled
1709248297.656428,0,GPU-93ae0c7f-c327-aee3-adae-bc0d1dae71ea,0.45,0.43926070672528905,12282.0,6616.0,551.52,NVIDIA GeForce RTX 4070,[N/A],Enabled,Enabled
1709248298.656323,0,GPU-93ae0c7f-c327-aee3-adae-bc0d1dae71ea,0.48,0.43926070672528905,12282.0,6616.0,551.52,NVIDIA GeForce RTX 4070,[N/A],Enabled,Enabled
1709248299.656527,0,GPU-93ae0c7f-c327-aee3-adae-bc0d1dae71ea,0.47,0.43926070672528905,12282.0,6616.0,551.52,NVIDIA GeForce RTX 4070,[N/A],Enabled,Enabled
1709248300.656439,0,GPU-93ae0c7f-c327-aee3-adae-bc0d1dae71ea,0.44,0.43926070672528905,12282.0,6616.0,551.52,NVIDIA GeForce RTX 4070,[N/A],Enabled,Enabled
1709248301.656165,0,GPU-93ae0c7f-c327-aee3-adae-bc0d1dae71ea,0.46,0.43926070672528905,12282.0,6616.0,551.52,NVIDIA GeForce RTX 4070,[N/A],Enabled,Enabled
1709248302.656306,0,GPU-93ae0c7f-c327-aee3-adae-bc0d1dae71ea,0.42,0.43926070672528905,12282.0,6616.0,551.52,NVIDIA GeForce RTX 4070,[N/A],Enabled,Enabled
1709248303.656223,0,GPU-93ae0c7f-c327-aee3-adae-bc0d1dae71ea,0.39,0.43926070672528905,12282.0,6616.0,551.52,NVIDIA GeForce RTX 4070,[N/A],Enabled,Enabled
1709248304.656423,0,GPU-93ae0c7f-c327-aee3-adae-bc0d1dae71ea,0.44,0.43926070672528905,12282.0,6616.0,551.52,NVIDIA GeForce RTX 4070,[N/A],Enabled,Enabled
1709248305.657012,0,GPU-93ae0c7f-c327-aee3-adae-bc0d1dae71ea,0.43,0.43926070672528905,12282.0,6616.0,551.52,NVIDIA GeForce RTX 4070,[N/A],Enabled,Enabled
1709248306.656324,0,GPU-93ae0c7f-c327-aee3-adae-bc0d1dae71ea,0.4,0.43926070672528905,12282.0,6616.0,551.52,NVIDIA GeForce RTX 4070,[N/A],Enabled,Enabled
1709248307.656013,0,GPU-93ae0c7f-c327-aee3-adae-bc0d1dae71ea,0.42,0.43926070672528905,12282.0,6616.0,551.52,NVIDIA GeForce RTX 4070,[N/A],Enabled,Enabled
1709248308.656304,0,GPU-93ae0c7f-c327-aee3-adae-bc0d1dae71ea,0.43,0.43926070672528905,12282.0,6616.0,551.52,NVIDIA GeForce RTX 4070,[N/A],Enabled,Enabled
1709248309.656773,0,GPU-93ae0c7f-c327-aee3-adae-bc0d1dae71ea,0.41,0.43926070672528905,12282.0,6616.0,551.52,NVIDIA GeForce RTX 4070,[N/A],Enabled,Enabled
1709248310.656702,0,GPU-93ae0c7f-c327-aee3-adae-bc0d1dae71ea,0.4,0.43926070672528905,12282.0,6616.0,551.52,NVIDIA GeForce RTX 4070,[N/A],Enabled,Enabled
1709248311.657056,0,GPU-93ae0c7f-c327-aee3-adae-bc0d1dae71ea,0.43,0.43926070672528905,12282.0,6616.0,551.52,NVIDIA GeForce RTX 4070,[N/A],Enabled,Enabled
1709248312.655819,0,GPU-93ae0c7f-c327-aee3-adae-bc0d1dae71ea,0.43,0.43926070672528905,12282.0,6616.0,551.52,NVIDIA GeForce RTX 4070,[N/A],Enabled,Enabled
1709248313.656192,0,GPU-93ae0c7f-c327-aee3-adae-bc0d1dae71ea,0.39,0.43926070672528905,12282.0,6616.0,551.52,NVIDIA GeForce RTX 4070,[N/A],Enabled,Enabled
1709248314.657249,0,GPU-93ae0c7f-c327-aee3-adae-bc0d1dae71ea,0.46,0.43926070672528905,12282.0,6616.0,551.52,NVIDIA GeForce RTX 4070,[N/A],Enabled,Enabled
1709248315.656957,0,GPU-93ae0c7f-c327-aee3-adae-bc0d1dae71ea,0.4,0.43926070672528905,12282.0,6616.0,551.52,NVIDIA GeForce RTX 4070,[N/A],Enabled,Enabled
1709248316.656906,0,GPU-93ae0c7f-c327-aee3-adae-bc0d1dae71ea,0.52,0.43926070672528905,12282.0,6616.0,551.52,NVIDIA GeForce RTX 4070,[N/A],Enabled,Enabled
1709248317.656153,0,GPU-93ae0c7f-c327-aee3-adae-bc0d1dae71ea,0.44,0.43926070672528905,12282.0,6616.0,551.52,NVIDIA GeForce RTX 4070,[N/A],Enabled,Enabled
1709248318.657491,0,GPU-93ae0c7f-c327-aee3-adae-bc0d1dae71ea,0.4,0.43926070672528905,12282.0,6616.0,551.52,NVIDIA GeForce RTX 4070,[N/A],Enabled,Enabled
1709248319.656478,0,GPU-93ae0c7f-c327-aee3-adae-bc0d1dae71ea,0.4,0.43926070672528905,12282.0,6616.0,551.52,NVIDIA GeForce RTX 4070,[N/A],Enabled,Enabled
1709248320.656952,0,GPU-93ae0c7f-c327-aee3-adae-bc0d1dae71ea,0.41,0.43926070672528905,12282.0,6616.0,551.52,NVIDIA GeForce RTX 4070,[N/A],Enabled,Enabled
1709248321.65581,0,GPU-93ae0c7f-c327-aee3-adae-bc0d1dae71ea,0.45,0.43926070672528905,12282.0,6616.0,551.52,NVIDIA GeForce RTX 4070,[N/A],Enabled,Enabled
1709248322.656903,0,GPU-93ae0c7f-c327-aee3-adae-bc0d1dae71ea,0.4,0.43926070672528905,12282.0,6616.0,551.52,NVIDIA GeForce RTX 4070,[N/A],Enabled,Enabled
1709248323.656589,0,GPU-93ae0c7f-c327-aee3-adae-bc0d1dae71ea,0.42,0.43926070672528905,12282.0,6616.0,551.52,NVIDIA GeForce RTX 4070,[N/A],Enabled,Enabled
1709248324.656612,0,GPU-93ae0c7f-c327-aee3-adae-bc0d1dae71ea,0.46,0.43926070672528905,12282.0,6616.0,551.52,NVIDIA GeForce RTX 4070,[N/A],Enabled,Enabled
1709248325.65722,0,GPU-93ae0c7f-c327-aee3-adae-bc0d1dae71ea,0.41,0.43926070672528905,12282.0,6616.0,551.52,NVIDIA GeForce RTX 4070,[N/A],Enabled,Enabled
1709248326.656064,0,GPU-93ae0c7f-c327-aee3-adae-bc0d1dae71ea,0.42,0.43926070672528905,12282.0,6616.0,551.52,NVIDIA GeForce RTX 4070,[N/A],Enabled,Enabled
1709248327.656741,0,GPU-93ae0c7f-c327-aee3-adae-bc0d1dae71ea,0.43,0.43926070672528905,12282.0,6616.0,551.52,NVIDIA GeForce RTX 4070,[N/A],Enabled,Enabled
1709248328.657101,0,GPU-93ae0c7f-c327-aee3-adae-bc0d1dae71ea,0.47,0.43926070672528905,12282.0,6616.0,551.52,NVIDIA GeForce RTX 4070,[N/A],Enabled,Enabled
1709248329.656993,0,GPU-93ae0c7f-c327-aee3-adae-bc0d1dae71ea,0.44,0.43926070672528905,12282.0,6616.0,551.52,NVIDIA GeForce RTX 4070,[N/A],Enabled,Enabled
1709248330.656547,0,GPU-93ae0c7f-c327-aee3-adae-bc0d1dae71ea,0.43,0.43926070672528905,12282.0,6616.0,551.52,NVIDIA GeForce RTX 4070,[N/A],Enabled,Enabled
1709248331.656688,0,GPU-93ae0c7f-c327-aee3-adae-bc0d1dae71ea,0.4,0.43926070672528905,12282.0,6616.0,551.52,NVIDIA GeForce RTX 4070,[N/A],Enabled,Enabled
1709248332.656531,0,GPU-93ae0c7f-c327-aee3-adae-bc0d1dae71ea,0.47,0.43926070672528905,12282.0,6616.0,551.52,NVIDIA GeForce RTX 4070,[N/A],Enabled,Enabled
1709248333.656248,0,GPU-93ae0c7f-c327-aee3-adae-bc0d1dae71ea,0.45,0.43926070672528905,12282.0,6616.0,551.52,NVIDIA GeForce RTX 4070,[N/A],Enabled,Enabled
1709248334.656567,0,GPU-93ae0c7f-c327-aee3-adae-bc0d1dae71ea,0.42,0.43926070672528905,12282.0,6616.0,551.52,NVIDIA GeForce RTX 4070,[N/A],Enabled,Enabled
1709248335.656126,0,GPU-93ae0c7f-c327-aee3-adae-bc0d1dae71ea,0.43,0.43926070672528905,12282.0,6616.0,551.52,NVIDIA GeForce RTX 4070,[N/A],Enabled,Enabled
1709248336.657105,0,GPU-93ae0c7f-c327-aee3-adae-bc0d1dae71ea,0.42,0.43926070672528905,12282.0,6616.0,551.52,NVIDIA GeForce RTX 4070,[N/A],Enabled,Enabled
1709248337.656234,0,GPU-93ae0c7f-c327-aee3-adae-bc0d1dae71ea,0.43,0.43926070672528905,12282.0,6616.0,551.52,NVIDIA GeForce RTX 4070,[N/A],Enabled,Enabled
1709248338.655889,0,GPU-93ae0c7f-c327-aee3-adae-bc0d1dae71ea,0.5,0.43926070672528905,12282.0,6616.0,551.52,NVIDIA GeForce RTX 4070,[N/A],Enabled,Enabled
1709248339.65599,0,GPU-93ae0c7f-c327-aee3-adae-bc0d1dae71ea,0.41,0.43926070672528905,12282.0,6616.0,551.52,NVIDIA GeForce RTX 4070,[N/A],Enabled,Enabled
1709248340.657234,0,GPU-93ae0c7f-c327-aee3-adae-bc0d1dae71ea,0.46,0.43926070672528905,12282.0,6616.0,551.52,NVIDIA GeForce RTX 4070,[N/A],Enabled,Enabled
1709248341.655957,0,GPU-93ae0c7f-c327-aee3-adae-bc0d1dae71ea,0.47,0.43926070672528905,12282.0,6616.0,551.52,NVIDIA GeForce RTX 4070,[N/A],Enabled,Enabled
1709248342.656567,0,GPU-93ae0c7f-c327-aee3-adae-bc0d1dae71ea,0.45,0.43926070672528905,12282.0,6616.0,551.52,NVIDIA GeForce RTX 4070,[N/A],Enabled,Enabled
1709248343.65608,0,GPU-93ae0c7f-c327-aee3-adae-bc0d1dae71ea,0.45,0.43926070672528905,12282.0,6616.0,551.52,NVIDIA GeForce RTX 4070,[N/A],Enabled,Enabled
1709248344.655988,0,GPU-93ae0c7f-c327-aee3-adae-bc0d1dae71ea,0.5,0.43926070672528905,12282.0,6616.0,551.52,NVIDIA GeForce RTX 4070,[N/A],Enabled,Enabled
1709248345.655627,0,GPU-93ae0c7f-c327-aee3-adae-bc0d1dae71ea,0.45,0.43926070672528905,12282.0,6616.0,551.52,NVIDIA GeForce RTX 4070,[N/A],Enabled,Enabled
1709248346.656198,0,GPU-93ae0c7f-c327-aee3-adae-bc0d1dae71ea,0.44,0.43926070672528905,12282.0,6616.0,551.52,NVIDIA GeForce RTX 4070,[N/A],Enabled,Enabled
1709248347.656295,0,GPU-93ae0c7f-c327-aee3-adae-bc0d1dae71ea,0.46,0.43926070672528905,12282.0,6616.0,551.52,NVIDIA GeForce RTX 4070,[N/A],Enabled,Enabled
1709248348.656423,0,GPU-93ae0c7f-c327-aee3-adae-bc0d1dae71ea,0.4,0.43926070672528905,12282.0,6616.0,551.52,NVIDIA GeForce RTX 4070,[N/A],Enabled,Enabled
1709248349.655939,0,GPU-93ae0c7f-c327-aee3-adae-bc0d1dae71ea,0.39,0.43926070672528905,12282.0,6616.0,551.52,NVIDIA GeForce RTX 4070,[N/A],Enabled,Enabled
1709248350.656848,0,GPU-93ae0c7f-c327-aee3-adae-bc0d1dae71ea,0.49,0.43926070672528905,12282.0,6616.0,551.52,NVIDIA GeForce RTX 4070,[N/A],Enabled,Enabled
1709248351.655852,0,GPU-93ae0c7f-c327-aee3-adae-bc0d1dae71ea,0.43,0.43926070672528905,12282.0,6616.0,551.52,NVIDIA GeForce RTX 4070,[N/A],Enabled,Enabled
1709248352.656227,0,GPU-93ae0c7f-c327-aee3-adae-bc0d1dae71ea,0.46,0.43926070672528905,12282.0,6616.0,551.52,NVIDIA GeForce RTX 4070,[N/A],Enabled,Enabled
1709248353.656299,0,GPU-93ae0c7f-c327-aee3-adae-bc0d1dae71ea,0.44,0.43926070672528905,12282.0,6616.0,551.52,NVIDIA GeForce RTX 4070,[N/A],Enabled,Enabled
1709248354.656088,0,GPU-93ae0c7f-c327-aee3-adae-bc0d1dae71ea,0.41,0.43926070672528905,12282.0,6616.0,551.52,NVIDIA GeForce RTX 4070,[N/A],Enabled,Enabled
1709248355.656273,0,GPU-93ae0c7f-c327-aee3-adae-bc0d1dae71ea,0.37,0.43926070672528905,12282.0,6616.0,551.52,NVIDIA GeForce RTX 4070,[N/A],Enabled,Enabled
1709248356.656179,0,GPU-93ae0c7f-c327-aee3-adae-bc0d1dae71ea,0.45,0.43926070672528905,12282.0,6616.0,551.52,NVIDIA GeForce RTX 4070,[N/A],Enabled,Enabled
1709248357.655877,0,GPU-93ae0c7f-c327-aee3-adae-bc0d1dae71ea,0.38,0.43926070672528905,12282.0,6616.0,551.52,NVIDIA GeForce RTX 4070,[N/A],Enabled,Enabled
1709248358.656454,0,GPU-93ae0c7f-c327-aee3-adae-bc0d1dae71ea,0.45,0.43926070672528905,12282.0,6616.0,551.52,NVIDIA GeForce RTX 4070,[N/A],Enabled,Enabled
1709248359.655945,0,GPU-93ae0c7f-c327-aee3-adae-bc0d1dae71ea,0.39,0.43926070672528905,12282.0,6616.0,551.52,NVIDIA GeForce RTX 4070,[N/A],Enabled,Enabled
1709248360.656299,0,GPU-93ae0c7f-c327-aee3-adae-bc0d1dae71ea,0.4,0.43926070672528905,12282.0,6616.0,551.52,NVIDIA GeForce RTX 4070,[N/A],Enabled,Enabled
1709248361.656306,0,GPU-93ae0c7f-c327-aee3-adae-bc0d1dae71ea,0.4,0.43926070672528905,12282.0,6616.0,551.52,NVIDIA GeForce RTX 4070,[N/A],Enabled,Enabled
1709248362.656002,0,GPU-93ae0c7f-c327-aee3-adae-bc0d1dae71ea,0.39,0.43926070672528905,12282.0,6616.0,551.52,NVIDIA GeForce RTX 4070,[N/A],Enabled,Enabled
1709248363.657255,0,GPU-93ae0c7f-c327-aee3-adae-bc0d1dae71ea,0.43,0.43926070672528905,12282.0,6616.0,551.52,NVIDIA GeForce RTX 4070,[N/A],Enabled,Enabled
1709248364.65621,0,GPU-93ae0c7f-c327-aee3-adae-bc0d1dae71ea,0.48,0.43926070672528905,12282.0,6616.0,551.52,NVIDIA GeForce RTX 4070,[N/A],Enabled,Enabled
1709248365.656523,0,GPU-93ae0c7f-c327-aee3-adae-bc0d1dae71ea,0.42,0.43926070672528905,12282.0,6616.0,551.52,NVIDIA GeForce RTX 4070,[N/A],Enabled,Enabled
1709248366.657132,0,GPU-93ae0c7f-c327-aee3-adae-bc0d1dae71ea,0.45,0.43926070672528905,12282.0,6616.0,551.52,NVIDIA GeForce RTX 4070,[N/A],Enabled,Enabled
1709248367.656105,0,GPU-93ae0c7f-c327-aee3-adae-bc0d1dae71ea,0.45,0.43926070672528905,12282.0,6616.0,551.52,NVIDIA GeForce RTX 4070,[N/A],Enabled,Enabled
1709248368.656396,0,GPU-93ae0c7f-c327-aee3-adae-bc0d1dae71ea,0.44,0.43926070672528905,12282.0,6616.0,551.52,NVIDIA GeForce RTX 4070,[N/A],Enabled,Enabled
1709248369.656968,0,GPU-93ae0c7f-c327-aee3-adae-bc0d1dae71ea,0.43,0.43926070672528905,12282.0,6616.0,551.52,NVIDIA GeForce RTX 4070,[N/A],Enabled,Enabled
1709248370.656651,0,GPU-93ae0c7f-c327-aee3-adae-bc0d1dae71ea,0.41,0.43926070672528905,12282.0,6616.0,551.52,NVIDIA GeForce RTX 4070,[N/A],Enabled,Enabled
1709248371.656857,0,GPU-93ae0c7f-c327-aee3-adae-bc0d1dae71ea,0.41,0.43926070672528905,12282.0,6616.0,551.52,NVIDIA GeForce RTX 4070,[N/A],Enabled,Enabled
1709248372.656356,0,GPU-93ae0c7f-c327-aee3-adae-bc0d1dae71ea,0.41,0.43926070672528905,12282.0,6616.0,551.52,NVIDIA GeForce RTX 4070,[N/A],Enabled,Enabled
1709248373.656297,0,GPU-93ae0c7f-c327-aee3-adae-bc0d1dae71ea,0.42,0.43926070672528905,12282.0,6616.0,551.52,NVIDIA GeForce RTX 4070,[N/A],Enabled,Enabled
1709248374.656262,0,GPU-93ae0c7f-c327-aee3-adae-bc0d1dae71ea,0.46,0.43926070672528905,12282.0,6616.0,551.52,NVIDIA GeForce RTX 4070,[N/A],Enabled,Enabled
1709248375.656786,0,GPU-93ae0c7f-c327-aee3-adae-bc0d1dae71ea,0.39,0.43926070672528905,12282.0,6616.0,551.52,NVIDIA GeForce RTX 4070,[N/A],Enabled,Enabled
1709248376.656054,0,GPU-93ae0c7f-c327-aee3-adae-bc0d1dae71ea,0.45,0.43926070672528905,12282.0,6616.0,551.52,NVIDIA GeForce RTX 4070,[N/A],Enabled,Enabled
1709248377.656131,0,GPU-93ae0c7f-c327-aee3-adae-bc0d1dae71ea,0.37,0.43926070672528905,12282.0,6616.0,551.52,NVIDIA GeForce RTX 4070,[N/A],Enabled,Enabled
1709248378.656638,0,GPU-93ae0c7f-c327-aee3-adae-bc0d1dae71ea,0.45,0.43926070672528905,12282.0,6616.0,551.52,NVIDIA GeForce RTX 4070,[N/A],Enabled,Enabled
1709248379.656601,0,GPU-93ae0c7f-c327-aee3-adae-bc0d1dae71ea,0.5,0.43926070672528905,12282.0,6616.0,551.52,NVIDIA GeForce RTX 4070,[N/A],Enabled,Enabled
1709248380.657032,0,GPU-93ae0c7f-c327-aee3-adae-bc0d1dae71ea,0.47,0.43926070672528905,12282.0,6616.0,551.52,NVIDIA GeForce RTX 4070,[N/A],Enabled,Enabled
1709248381.656895,0,GPU-93ae0c7f-c327-aee3-adae-bc0d1dae71ea,0.42,0.43926070672528905,12282.0,6616.0,551.52,NVIDIA GeForce RTX 4070,[N/A],Enabled,Enabled
1709248382.656045,0,GPU-93ae0c7f-c327-aee3-adae-bc0d1dae71ea,0.39,0.43926070672528905,12282.0,6616.0,551.52,NVIDIA GeForce RTX 4070,[N/A],Enabled,Enabled
1709248383.656606,0,GPU-93ae0c7f-c327-aee3-adae-bc0d1dae71ea,0.39,0.43926070672528905,12282.0,6616.0,551.52,NVIDIA GeForce RTX 4070,[N/A],Enabled,Enabled
1709248384.656142,0,GPU-93ae0c7f-c327-aee3-adae-bc0d1dae71ea,0.4,0.43926070672528905,12282.0,6616.0,551.52,NVIDIA GeForce RTX 4070,[N/A],Enabled,Enabled
1709248385.65649,0,GPU-93ae0c7f-c327-aee3-adae-bc0d1dae71ea,0.36,0.43926070672528905,12282.0,6616.0,551.52,NVIDIA GeForce RTX 4070,[N/A],Enabled,Enabled
1709248386.655945,0,GPU-93ae0c7f-c327-aee3-adae-bc0d1dae71ea,0.45,0.43926070672528905,12282.0,6616.0,551.52,NVIDIA GeForce RTX 4070,[N/A],Enabled,Enabled
1709248387.65614,0,GPU-93ae0c7f-c327-aee3-adae-bc0d1dae71ea,0.51,0.43926070672528905,12282.0,6616.0,551.52,NVIDIA GeForce RTX 4070,[N/A],Enabled,Enabled
1709248388.657077,0,GPU-93ae0c7f-c327-aee3-adae-bc0d1dae71ea,0.46,0.43926070672528905,12282.0,6616.0,551.52,NVIDIA GeForce RTX 4070,[N/A],Enabled,Enabled
1709248389.65628,0,GPU-93ae0c7f-c327-aee3-adae-bc0d1dae71ea,0.42,0.43926070672528905,12282.0,6616.0,551.52,NVIDIA GeForce RTX 4070,[N/A],Enabled,Enabled
1709248390.655779,0,GPU-93ae0c7f-c327-aee3-adae-bc0d1dae71ea,0.46,0.43926070672528905,12282.0,6616.0,551.52,NVIDIA GeForce RTX 4070,[N/A],Enabled,Enabled
1709248391.656128,0,GPU-93ae0c7f-c327-aee3-adae-bc0d1dae71ea,0.46,0.43926070672528905,12282.0,6616.0,551.52,NVIDIA GeForce RTX 4070,[N/A],Enabled,Enabled
1709248392.656674,0,GPU-93ae0c7f-c327-aee3-adae-bc0d1dae71ea,0.48,0.43926070672528905,12282.0,6616.0,551.52,NVIDIA GeForce RTX 4070,[N/A],Enabled,Enabled
1709248393.65597,0,GPU-93ae0c7f-c327-aee3-adae-bc0d1dae71ea,0.4,0.43926070672528905,12282.0,6616.0,551.52,NVIDIA GeForce RTX 4070,[N/A],Enabled,Enabled
1709248394.656895,0,GPU-93ae0c7f-c327-aee3-adae-bc0d1dae71ea,0.4,0.43926070672528905,12282.0,6616.0,551.52,NVIDIA GeForce RTX 4070,[N/A],Enabled,Enabled
1709248395.656488,0,GPU-93ae0c7f-c327-aee3-adae-bc0d1dae71ea,0.41,0.43926070672528905,12282.0,6616.0,551.52,NVIDIA GeForce RTX 4070,[N/A],Enabled,Enabled
1709248396.656524,0,GPU-93ae0c7f-c327-aee3-adae-bc0d1dae71ea,0.46,0.43926070672528905,12282.0,6616.0,551.52,NVIDIA GeForce RTX 4070,[N/A],Enabled,Enabled
1709248397.656375,0,GPU-93ae0c7f-c327-aee3-adae-bc0d1dae71ea,0.45,0.43926070672528905,12282.0,6616.0,551.52,NVIDIA GeForce RTX 4070,[N/A],Enabled,Enabled
1709248398.656652,0,GPU-93ae0c7f-c327-aee3-adae-bc0d1dae71ea,0.46,0.43926070672528905,12282.0,6616.0,551.52,NVIDIA GeForce RTX 4070,[N/A],Enabled,Enabled
1709248399.656259,0,GPU-93ae0c7f-c327-aee3-adae-bc0d1dae71ea,0.41,0.43926070672528905,12282.0,6616.0,551.52,NVIDIA GeForce RTX 4070,[N/A],Enabled,Enabled
1709248400.656892,0,GPU-93ae0c7f-c327-aee3-adae-bc0d1dae71ea,0.41,0.43926070672528905,12282.0,6616.0,551.52,NVIDIA GeForce RTX 4070,[N/A],Enabled,Enabled
1709248401.656634,0,GPU-93ae0c7f-c327-aee3-adae-bc0d1dae71ea,0.52,0.43926070672528905,12282.0,6616.0,551.52,NVIDIA GeForce RTX 4070,[N/A],Enabled,Enabled
1709248402.656001,0,GPU-93ae0c7f-c327-aee3-adae-bc0d1dae71ea,0.45,0.43926070672528905,12282.0,6616.0,551.52,NVIDIA GeForce RTX 4070,[N/A],Enabled,Enabled
1709248403.656794,0,GPU-93ae0c7f-c327-aee3-adae-bc0d1dae71ea,0.43,0.43917928676111384,12282.0,6617.0,551.52,NVIDIA GeForce RTX 4070,[N/A],Enabled,Enabled
1709248404.65665,0,GPU-93ae0c7f-c327-aee3-adae-bc0d1dae71ea,0.42,0.43917928676111384,12282.0,6617.0,551.52,NVIDIA GeForce RTX 4070,[N/A],Enabled,Enabled
1709248405.655973,0,GPU-93ae0c7f-c327-aee3-adae-bc0d1dae71ea,0.42,0.43917928676111384,12282.0,6617.0,551.52,NVIDIA GeForce RTX 4070,[N/A],Enabled,Enabled
1709248406.656008,0,GPU-93ae0c7f-c327-aee3-adae-bc0d1dae71ea,0.47,0.43917928676111384,12282.0,6617.0,551.52,NVIDIA GeForce RTX 4070,[N/A],Enabled,Enabled
1709248407.656898,0,GPU-93ae0c7f-c327-aee3-adae-bc0d1dae71ea,0.42,0.43917928676111384,12282.0,6617.0,551.52,NVIDIA GeForce RTX 4070,[N/A],Enabled,Enabled
1709248408.655872,0,GPU-93ae0c7f-c327-aee3-adae-bc0d1dae71ea,0.43,0.43917928676111384,12282.0,6617.0,551.52,NVIDIA GeForce RTX 4070,[N/A],Enabled,Enabled
1709248409.656583,0,GPU-93ae0c7f-c327-aee3-adae-bc0d1dae71ea,0.44,0.43917928676111384,12282.0,6617.0,551.52,NVIDIA GeForce RTX 4070,[N/A],Enabled,Enabled
1709248410.656749,0,GPU-93ae0c7f-c327-aee3-adae-bc0d1dae71ea,0.4,0.43917928676111384,12282.0,6617.0,551.52,NVIDIA GeForce RTX 4070,[N/A],Enabled,Enabled
1709248411.656646,0,GPU-93ae0c7f-c327-aee3-adae-bc0d1dae71ea,0.43,0.43917928676111384,12282.0,6617.0,551.52,NVIDIA GeForce RTX 4070,[N/A],Enabled,Enabled
1709248412.657261,0,GPU-93ae0c7f-c327-aee3-adae-bc0d1dae71ea,0.46,0.43917928676111384,12282.0,6617.0,551.52,NVIDIA GeForce RTX 4070,[N/A],Enabled,Enabled
1709248413.657277,0,GPU-93ae0c7f-c327-aee3-adae-bc0d1dae71ea,0.4,0.43917928676111384,12282.0,6617.0,551.52,NVIDIA GeForce RTX 4070,[N/A],Enabled,Enabled
1709248414.65653,0,GPU-93ae0c7f-c327-aee3-adae-bc0d1dae71ea,0.39,0.43917928676111384,12282.0,6617.0,551.52,NVIDIA GeForce RTX 4070,[N/A],Enabled,Enabled
1709248415.656173,0,GPU-93ae0c7f-c327-aee3-adae-bc0d1dae71ea,0.38,0.43917928676111384,12282.0,6617.0,551.52,NVIDIA GeForce RTX 4070,[N/A],Enabled,Enabled
1709248416.656263,0,GPU-93ae0c7f-c327-aee3-adae-bc0d1dae71ea,0.39,0.43917928676111384,12282.0,6617.0,551.52,NVIDIA GeForce RTX 4070,[N/A],Enabled,Enabled
1709248417.656114,0,GPU-93ae0c7f-c327-aee3-adae-bc0d1dae71ea,0.43,0.43917928676111384,12282.0,6617.0,551.52,NVIDIA GeForce RTX 4070,[N/A],Enabled,Enabled
1709248418.657188,0,GPU-93ae0c7f-c327-aee3-adae-bc0d1dae71ea,0.38,0.43917928676111384,12282.0,6617.0,551.52,NVIDIA GeForce RTX 4070,[N/A],Enabled,Enabled
1709248419.656559,0,GPU-93ae0c7f-c327-aee3-adae-bc0d1dae71ea,0.42,0.43917928676111384,12282.0,6617.0,551.52,NVIDIA GeForce RTX 4070,[N/A],Enabled,Enabled
1709248420.656045,0,GPU-93ae0c7f-c327-aee3-adae-bc0d1dae71ea,0.42,0.43917928676111384,12282.0,6617.0,551.52,NVIDIA GeForce RTX 4070,[N/A],Enabled,Enabled
1709248421.656421,0,GPU-93ae0c7f-c327-aee3-adae-bc0d1dae71ea,0.37,0.43917928676111384,12282.0,6617.0,551.52,NVIDIA GeForce RTX 4070,[N/A],Enabled,Enabled
1709248422.656413,0,GPU-93ae0c7f-c327-aee3-adae-bc0d1dae71ea,0.4,0.43917928676111384,12282.0,6617.0,551.52,NVIDIA GeForce RTX 4070,[N/A],Enabled,Enabled
1709248423.657059,0,GPU-93ae0c7f-c327-aee3-adae-bc0d1dae71ea,0.38,0.43917928676111384,12282.0,6617.0,551.52,NVIDIA GeForce RTX 4070,[N/A],Enabled,Enabled
1709248424.65676,0,GPU-93ae0c7f-c327-aee3-adae-bc0d1dae71ea,0.47,0.43917928676111384,12282.0,6617.0,551.52,NVIDIA GeForce RTX 4070,[N/A],Enabled,Enabled
1709248425.656533,0,GPU-93ae0c7f-c327-aee3-adae-bc0d1dae71ea,0.42,0.43917928676111384,12282.0,6617.0,551.52,NVIDIA GeForce RTX 4070,[N/A],Enabled,Enabled
1709248426.656123,0,GPU-93ae0c7f-c327-aee3-adae-bc0d1dae71ea,0.41,0.43917928676111384,12282.0,6617.0,551.52,NVIDIA GeForce RTX 4070,[N/A],Enabled,Enabled
1709248427.656427,0,GPU-93ae0c7f-c327-aee3-adae-bc0d1dae71ea,0.44,0.43917928676111384,12282.0,6617.0,551.52,NVIDIA GeForce RTX 4070,[N/A],Enabled,Enabled
1709248428.656146,0,GPU-93ae0c7f-c327-aee3-adae-bc0d1dae71ea,0.46,0.43917928676111384,12282.0,6617.0,551.52,NVIDIA GeForce RTX 4070,[N/A],Enabled,Enabled
1709248429.656315,0,GPU-93ae0c7f-c327-aee3-adae-bc0d1dae71ea,0.4,0.43917928676111384,12282.0,6617.0,551.52,NVIDIA GeForce RTX 4070,[N/A],Enabled,Enabled
1709248430.656447,0,GPU-93ae0c7f-c327-aee3-adae-bc0d1dae71ea,0.41,0.43917928676111384,12282.0,6617.0,551.52,NVIDIA GeForce RTX 4070,[N/A],Enabled,Enabled
1709248431.65735,0,GPU-93ae0c7f-c327-aee3-adae-bc0d1dae71ea,0.42,0.43917928676111384,12282.0,6617.0,551.52,NVIDIA GeForce RTX 4070,[N/A],Enabled,Enabled
1709248432.655934,0,GPU-93ae0c7f-c327-aee3-adae-bc0d1dae71ea,0.43,0.43917928676111384,12282.0,6617.0,551.52,NVIDIA GeForce RTX 4070,[N/A],Enabled,Enabled
1709248433.656554,0,GPU-93ae0c7f-c327-aee3-adae-bc0d1dae71ea,0.48,0.43917928676111384,12282.0,6617.0,551.52,NVIDIA GeForce RTX 4070,[N/A],Enabled,Enabled
1709248434.656255,0,GPU-93ae0c7f-c327-aee3-adae-bc0d1dae71ea,0.54,0.43917928676111384,12282.0,6617.0,551.52,NVIDIA GeForce RTX 4070,[N/A],Enabled,Enabled
1709248435.656085,0,GPU-93ae0c7f-c327-aee3-adae-bc0d1dae71ea,0.45,0.43917928676111384,12282.0,6617.0,551.52,NVIDIA GeForce RTX 4070,[N/A],Enabled,Enabled
1709248436.656401,0,GPU-93ae0c7f-c327-aee3-adae-bc0d1dae71ea,0.48,0.43917928676111384,12282.0,6617.0,551.52,NVIDIA GeForce RTX 4070,[N/A],Enabled,Enabled
1709248437.656333,0,GPU-93ae0c7f-c327-aee3-adae-bc0d1dae71ea,0.37,0.43917928676111384,12282.0,6617.0,551.52,NVIDIA GeForce RTX 4070,[N/A],Enabled,Enabled
1709248438.656458,0,GPU-93ae0c7f-c327-aee3-adae-bc0d1dae71ea,0.43,0.43917928676111384,12282.0,6617.0,551.52,NVIDIA GeForce RTX 4070,[N/A],Enabled,Enabled
1709248439.656464,0,GPU-93ae0c7f-c327-aee3-adae-bc0d1dae71ea,0.48,0.43917928676111384,12282.0,6617.0,551.52,NVIDIA GeForce RTX 4070,[N/A],Enabled,Enabled
1709248440.656587,0,GPU-93ae0c7f-c327-aee3-adae-bc0d1dae71ea,0.48,0.43917928676111384,12282.0,6617.0,551.52,NVIDIA GeForce RTX 4070,[N/A],Enabled,Enabled
1709248441.656416,0,GPU-93ae0c7f-c327-aee3-adae-bc0d1dae71ea,0.43,0.43917928676111384,12282.0,6617.0,551.52,NVIDIA GeForce RTX 4070,[N/A],Enabled,Enabled
1709248442.657439,0,GPU-93ae0c7f-c327-aee3-adae-bc0d1dae71ea,0.4,0.43917928676111384,12282.0,6617.0,551.52,NVIDIA GeForce RTX 4070,[N/A],Enabled,Enabled
1709248443.656123,0,GPU-93ae0c7f-c327-aee3-adae-bc0d1dae71ea,0.41,0.43917928676111384,12282.0,6617.0,551.52,NVIDIA GeForce RTX 4070,[N/A],Enabled,Enabled
1709248444.65593,0,GPU-93ae0c7f-c327-aee3-adae-bc0d1dae71ea,0.48,0.43917928676111384,12282.0,6617.0,551.52,NVIDIA GeForce RTX 4070,[N/A],Enabled,Enabled
1709248445.656493,0,GPU-93ae0c7f-c327-aee3-adae-bc0d1dae71ea,0.47,0.43917928676111384,12282.0,6617.0,551.52,NVIDIA GeForce RTX 4070,[N/A],Enabled,Enabled
1709248446.657166,0,GPU-93ae0c7f-c327-aee3-adae-bc0d1dae71ea,0.48,0.43917928676111384,12282.0,6617.0,551.52,NVIDIA GeForce RTX 4070,[N/A],Enabled,Enabled
1709248447.656982,0,GPU-93ae0c7f-c327-aee3-adae-bc0d1dae71ea,0.39,0.43917928676111384,12282.0,6617.0,551.52,NVIDIA GeForce RTX 4070,[N/A],Enabled,Enabled
1709248448.657689,0,GPU-93ae0c7f-c327-aee3-adae-bc0d1dae71ea,0.44,0.43917928676111384,12282.0,6617.0,551.52,NVIDIA GeForce RTX 4070,[N/A],Enabled,Enabled
1709248449.656721,0,GPU-93ae0c7f-c327-aee3-adae-bc0d1dae71ea,0.48,0.43917928676111384,12282.0,6617.0,551.52,NVIDIA GeForce RTX 4070,[N/A],Enabled,Enabled
1709248450.656223,0,GPU-93ae0c7f-c327-aee3-adae-bc0d1dae71ea,0.4,0.43917928676111384,12282.0,6617.0,551.52,NVIDIA GeForce RTX 4070,[N/A],Enabled,Enabled
1709248451.655631,0,GPU-93ae0c7f-c327-aee3-adae-bc0d1dae71ea,0.48,0.43917928676111384,12282.0,6617.0,551.52,NVIDIA GeForce RTX 4070,[N/A],Enabled,Enabled
1709248452.656022,0,GPU-93ae0c7f-c327-aee3-adae-bc0d1dae71ea,0.45,0.43917928676111384,12282.0,6617.0,551.52,NVIDIA GeForce RTX 4070,[N/A],Enabled,Enabled
1709248453.657099,0,GPU-93ae0c7f-c327-aee3-adae-bc0d1dae71ea,0.43,0.43917928676111384,12282.0,6617.0,551.52,NVIDIA GeForce RTX 4070,[N/A],Enabled,Enabled
1709248454.656149,0,GPU-93ae0c7f-c327-aee3-adae-bc0d1dae71ea,0.49,0.43917928676111384,12282.0,6617.0,551.52,NVIDIA GeForce RTX 4070,[N/A],Enabled,Enabled
1709248455.656139,0,GPU-93ae0c7f-c327-aee3-adae-bc0d1dae71ea,0.41,0.43917928676111384,12282.0,6617.0,551.52,NVIDIA GeForce RTX 4070,[N/A],Enabled,Enabled
1709248456.656842,0,GPU-93ae0c7f-c327-aee3-adae-bc0d1dae71ea,0.4,0.43917928676111384,12282.0,6617.0,551.52,NVIDIA GeForce RTX 4070,[N/A],Enabled,Enabled
1709248457.655942,0,GPU-93ae0c7f-c327-aee3-adae-bc0d1dae71ea,0.41,0.43917928676111384,12282.0,6617.0,551.52,NVIDIA GeForce RTX 4070,[N/A],Enabled,Enabled
1709248458.656579,0,GPU-93ae0c7f-c327-aee3-adae-bc0d1dae71ea,0.45,0.43917928676111384,12282.0,6617.0,551.52,NVIDIA GeForce RTX 4070,[N/A],Enabled,Enabled
1709248459.656872,0,GPU-93ae0c7f-c327-aee3-adae-bc0d1dae71ea,0.43,0.43917928676111384,12282.0,6617.0,551.52,NVIDIA GeForce RTX 4070,[N/A],Enabled,Enabled
1709248460.656973,0,GPU-93ae0c7f-c327-aee3-adae-bc0d1dae71ea,0.4,0.43917928676111384,12282.0,6617.0,551.52,NVIDIA GeForce RTX 4070,[N/A],Enabled,Enabled
1709248461.656481,0,GPU-93ae0c7f-c327-aee3-adae-bc0d1dae71ea,0.41,0.43917928676111384,12282.0,6617.0,551.52,NVIDIA GeForce RTX 4070,[N/A],Enabled,Enabled
1709248462.656891,0,GPU-93ae0c7f-c327-aee3-adae-bc0d1dae71ea,0.4,0.43917928676111384,12282.0,6617.0,551.52,NVIDIA GeForce RTX 4070,[N/A],Enabled,Enabled
1709248463.656164,0,GPU-93ae0c7f-c327-aee3-adae-bc0d1dae71ea,0.36,0.43917928676111384,12282.0,6617.0,551.52,NVIDIA GeForce RTX 4070,[N/A],Enabled,Enabled
1709248464.656304,0,GPU-93ae0c7f-c327-aee3-adae-bc0d1dae71ea,0.3,0.43608532812245565,12282.0,6655.0,551.52,NVIDIA GeForce RTX 4070,[N/A],Enabled,Enabled
1709248465.656622,0,GPU-93ae0c7f-c327-aee3-adae-bc0d1dae71ea,0.3,0.43608532812245565,12282.0,6655.0,551.52,NVIDIA GeForce RTX 4070,[N/A],Enabled,Enabled
1709248466.656072,0,GPU-93ae0c7f-c327-aee3-adae-bc0d1dae71ea,0.29,0.43608532812245565,12282.0,6655.0,551.52,NVIDIA GeForce RTX 4070,[N/A],Enabled,Enabled
1709248467.655956,0,GPU-93ae0c7f-c327-aee3-adae-bc0d1dae71ea,0.28,0.4313629702002931,12282.0,6713.0,551.52,NVIDIA GeForce RTX 4070,[N/A],Enabled,Enabled
1709248468.657775,0,GPU-93ae0c7f-c327-aee3-adae-bc0d1dae71ea,0.3,0.4313629702002931,12282.0,6713.0,551.52,NVIDIA GeForce RTX 4070,[N/A],Enabled,Enabled
1709248469.656418,0,GPU-93ae0c7f-c327-aee3-adae-bc0d1dae71ea,0.3,0.4313629702002931,12282.0,6713.0,551.52,NVIDIA GeForce RTX 4070,[N/A],Enabled,Enabled
1709248470.656803,0,GPU-93ae0c7f-c327-aee3-adae-bc0d1dae71ea,0.27,0.4313629702002931,12282.0,6713.0,551.52,NVIDIA GeForce RTX 4070,[N/A],Enabled,Enabled
1709248471.656097,0,GPU-93ae0c7f-c327-aee3-adae-bc0d1dae71ea,0.28,0.4313629702002931,12282.0,6713.0,551.52,NVIDIA GeForce RTX 4070,[N/A],Enabled,Enabled
1709248472.656347,0,GPU-93ae0c7f-c327-aee3-adae-bc0d1dae71ea,0.13,0.23522227650219835,12282.0,9122.0,551.52,NVIDIA GeForce RTX 4070,[N/A],Enabled,Enabled
1709248473.65622,0,GPU-93ae0c7f-c327-aee3-adae-bc0d1dae71ea,0.14,0.23522227650219835,12282.0,9122.0,551.52,NVIDIA GeForce RTX 4070,[N/A],Enabled,Enabled
1709248474.655862,0,GPU-93ae0c7f-c327-aee3-adae-bc0d1dae71ea,0.14,0.23522227650219835,12282.0,9122.0,551.52,NVIDIA GeForce RTX 4070,[N/A],Enabled,Enabled
1709248475.656369,0,GPU-93ae0c7f-c327-aee3-adae-bc0d1dae71ea,0.14,0.23522227650219835,12282.0,9122.0,551.52,NVIDIA GeForce RTX 4070,[N/A],Enabled,Enabled
1709248476.65642,0,GPU-93ae0c7f-c327-aee3-adae-bc0d1dae71ea,0.14,0.23522227650219835,12282.0,9122.0,551.52,NVIDIA GeForce RTX 4070,[N/A],Enabled,Enabled
1709248477.655917,0,GPU-93ae0c7f-c327-aee3-adae-bc0d1dae71ea,0.14,0.23522227650219835,12282.0,9122.0,551.52,NVIDIA GeForce RTX 4070,[N/A],Enabled,Enabled
1709248478.656759,0,GPU-93ae0c7f-c327-aee3-adae-bc0d1dae71ea,0.14,0.23522227650219835,12282.0,9122.0,551.52,NVIDIA GeForce RTX 4070,[N/A],Enabled,Enabled
1709248479.656638,0,GPU-93ae0c7f-c327-aee3-adae-bc0d1dae71ea,0.14,0.23522227650219835,12282.0,9122.0,551.52,NVIDIA GeForce RTX 4070,[N/A],Enabled,Enabled
