timestamp,id,uuid,load,memoryUtil,memoryTotal,memoryUsed,memoryFree,driver,name,serial,display_mode,display_active
1701959599.225765,0,GPU-b342434c-f6b6-7627-333e-da750a9991e6,0.11,0.453125,10240.0,5426.0,546.17,NVIDIA GeForce RTX 3080,[N/A],Enabled,Enabled
1701959600.220912,0,GPU-b342434c-f6b6-7627-333e-da750a9991e6,0.12,0.4568359375,10240.0,5388.0,546.17,NVIDIA GeForce RTX 3080,[N/A],Enabled,Enabled
1701959601.221985,0,GPU-b342434c-f6b6-7627-333e-da750a9991e6,0.11,0.5017578125,10240.0,4928.0,546.17,NVIDIA GeForce RTX 3080,[N/A],Enabled,Enabled
1701959602.220679,0,GPU-b342434c-f6b6-7627-333e-da750a9991e6,0.12,0.45859375,10240.0,5370.0,546.17,NVIDIA GeForce RTX 3080,[N/A],Enabled,Enabled
1701959603.221536,0,GPU-b342434c-f6b6-7627-333e-da750a9991e6,0.12,0.45859375,10240.0,5370.0,546.17,NVIDIA GeForce RTX 3080,[N/A],Enabled,Enabled
1701959604.221224,0,GPU-b342434c-f6b6-7627-333e-da750a9991e6,0.12,0.4548828125,10240.0,5408.0,546.17,NVIDIA GeForce RTX 3080,[N/A],Enabled,Enabled
1701959605.221403,0,GPU-b342434c-f6b6-7627-333e-da750a9991e6,0.07,0.45859375,10240.0,5370.0,546.17,NVIDIA GeForce RTX 3080,[N/A],Enabled,Enabled
1701959606.221415,0,GPU-b342434c-f6b6-7627-333e-da750a9991e6,0.11,0.4548828125,10240.0,5408.0,546.17,NVIDIA GeForce RTX 3080,[N/A],Enabled,Enabled
1701959607.221204,0,GPU-b342434c-f6b6-7627-333e-da750a9991e6,0.11,0.4548828125,10240.0,5408.0,546.17,NVIDIA GeForce RTX 3080,[N/A],Enabled,Enabled
1701959608.22129,0,GPU-b342434c-f6b6-7627-333e-da750a9991e6,0.11,0.45859375,10240.0,5370.0,546.17,NVIDIA GeForce RTX 3080,[N/A],Enabled,Enabled
1701959609.221792,0,GPU-b342434c-f6b6-7627-333e-da750a9991e6,0.12,0.45859375,10240.0,5370.0,546.17,NVIDIA GeForce RTX 3080,[N/A],Enabled,Enabled
1701959610.221371,0,GPU-b342434c-f6b6-7627-333e-da750a9991e6,0.11,0.4548828125,10240.0,5408.0,546.17,NVIDIA GeForce RTX 3080,[N/A],Enabled,Enabled
1701959611.221273,0,GPU-b342434c-f6b6-7627-333e-da750a9991e6,0.12,0.4548828125,10240.0,5408.0,546.17,NVIDIA GeForce RTX 3080,[N/A],Enabled,Enabled
1701959612.221226,0,GPU-b342434c-f6b6-7627-333e-da750a9991e6,0.13,0.45859375,10240.0,5370.0,546.17,NVIDIA GeForce RTX 3080,[N/A],Enabled,Enabled
1701959613.221175,0,GPU-b342434c-f6b6-7627-333e-da750a9991e6,0.11,0.4548828125,10240.0,5408.0,546.17,NVIDIA GeForce RTX 3080,[N/A],Enabled,Enabled
1701959614.221591,0,GPU-b342434c-f6b6-7627-333e-da750a9991e6,0.12,0.4548828125,10240.0,5408.0,546.17,NVIDIA GeForce RTX 3080,[N/A],Enabled,Enabled
1701959615.221585,0,GPU-b342434c-f6b6-7627-333e-da750a9991e6,0.12,0.4548828125,10240.0,5408.0,546.17,NVIDIA GeForce RTX 3080,[N/A],Enabled,Enabled
1701959616.221591,0,GPU-b342434c-f6b6-7627-333e-da750a9991e6,0.13,0.45859375,10240.0,5370.0,546.17,NVIDIA GeForce RTX 3080,[N/A],Enabled,Enabled
1701959617.221269,0,GPU-b342434c-f6b6-7627-333e-da750a9991e6,0.12,0.4548828125,10240.0,5408.0,546.17,NVIDIA GeForce RTX 3080,[N/A],Enabled,Enabled
1701959618.221155,0,GPU-b342434c-f6b6-7627-333e-da750a9991e6,0.11,0.45732421875,10240.0,5383.0,546.17,NVIDIA GeForce RTX 3080,[N/A],Enabled,Enabled
1701959619.221517,0,GPU-b342434c-f6b6-7627-333e-da750a9991e6,0.16,0.46796875,10240.0,5274.0,546.17,NVIDIA GeForce RTX 3080,[N/A],Enabled,Enabled
1701959620.221424,0,GPU-b342434c-f6b6-7627-333e-da750a9991e6,0.15,0.46796875,10240.0,5274.0,546.17,NVIDIA GeForce RTX 3080,[N/A],Enabled,Enabled
1701959621.220633,0,GPU-b342434c-f6b6-7627-333e-da750a9991e6,0.15,0.46796875,10240.0,5274.0,546.17,NVIDIA GeForce RTX 3080,[N/A],Enabled,Enabled
1701959622.22106,0,GPU-b342434c-f6b6-7627-333e-da750a9991e6,0.15,0.46796875,10240.0,5274.0,546.17,NVIDIA GeForce RTX 3080,[N/A],Enabled,Enabled
1701959623.221065,0,GPU-b342434c-f6b6-7627-333e-da750a9991e6,0.15,0.46796875,10240.0,5274.0,546.17,NVIDIA GeForce RTX 3080,[N/A],Enabled,Enabled
1701959624.221096,0,GPU-b342434c-f6b6-7627-333e-da750a9991e6,0.15,0.46796875,10240.0,5274.0,546.17,NVIDIA GeForce RTX 3080,[N/A],Enabled,Enabled
1701959625.220981,0,GPU-b342434c-f6b6-7627-333e-da750a9991e6,0.15,0.46796875,10240.0,5274.0,546.17,NVIDIA GeForce RTX 3080,[N/A],Enabled,Enabled
1701959626.221119,0,GPU-b342434c-f6b6-7627-333e-da750a9991e6,0.15,0.46796875,10240.0,5274.0,546.17,NVIDIA GeForce RTX 3080,[N/A],Enabled,Enabled
1701959627.221114,0,GPU-b342434c-f6b6-7627-333e-da750a9991e6,0.15,0.46796875,10240.0,5274.0,546.17,NVIDIA GeForce RTX 3080,[N/A],Enabled,Enabled
1701959628.22125,0,GPU-b342434c-f6b6-7627-333e-da750a9991e6,0.15,0.46796875,10240.0,5274.0,546.17,NVIDIA GeForce RTX 3080,[N/A],Enabled,Enabled
1701959629.220915,0,GPU-b342434c-f6b6-7627-333e-da750a9991e6,0.16,0.46796875,10240.0,5274.0,546.17,NVIDIA GeForce RTX 3080,[N/A],Enabled,Enabled
1701959630.221232,0,GPU-b342434c-f6b6-7627-333e-da750a9991e6,0.15,0.46796875,10240.0,5274.0,546.17,NVIDIA GeForce RTX 3080,[N/A],Enabled,Enabled
1701959631.221396,0,GPU-b342434c-f6b6-7627-333e-da750a9991e6,0.15,0.46796875,10240.0,5274.0,546.17,NVIDIA GeForce RTX 3080,[N/A],Enabled,Enabled
1701959632.221822,0,GPU-b342434c-f6b6-7627-333e-da750a9991e6,0.15,0.46796875,10240.0,5274.0,546.17,NVIDIA GeForce RTX 3080,[N/A],Enabled,Enabled
1701959633.221227,0,GPU-b342434c-f6b6-7627-333e-da750a9991e6,0.15,0.46796875,10240.0,5274.0,546.17,NVIDIA GeForce RTX 3080,[N/A],Enabled,Enabled
1701959634.221243,0,GPU-b342434c-f6b6-7627-333e-da750a9991e6,0.15,0.46796875,10240.0,5274.0,546.17,NVIDIA GeForce RTX 3080,[N/A],Enabled,Enabled
1701959635.221128,0,GPU-b342434c-f6b6-7627-333e-da750a9991e6,0.15,0.46796875,10240.0,5274.0,546.17,NVIDIA GeForce RTX 3080,[N/A],Enabled,Enabled
1701959636.220994,0,GPU-b342434c-f6b6-7627-333e-da750a9991e6,0.15,0.46796875,10240.0,5274.0,546.17,NVIDIA GeForce RTX 3080,[N/A],Enabled,Enabled
1701959637.221022,0,GPU-b342434c-f6b6-7627-333e-da750a9991e6,0.15,0.46796875,10240.0,5274.0,546.17,NVIDIA GeForce RTX 3080,[N/A],Enabled,Enabled
1701959638.22142,0,GPU-b342434c-f6b6-7627-333e-da750a9991e6,0.15,0.46796875,10240.0,5274.0,546.17,NVIDIA GeForce RTX 3080,[N/A],Enabled,Enabled
1701959639.221136,0,GPU-b342434c-f6b6-7627-333e-da750a9991e6,0.14,0.46796875,10240.0,5274.0,546.17,NVIDIA GeForce RTX 3080,[N/A],Enabled,Enabled
1701959640.221576,0,GPU-b342434c-f6b6-7627-333e-da750a9991e6,0.15,0.46796875,10240.0,5274.0,546.17,NVIDIA GeForce RTX 3080,[N/A],Enabled,Enabled
1701959641.221055,0,GPU-b342434c-f6b6-7627-333e-da750a9991e6,0.15,0.46796875,10240.0,5274.0,546.17,NVIDIA GeForce RTX 3080,[N/A],Enabled,Enabled
1701959642.221184,0,GPU-b342434c-f6b6-7627-333e-da750a9991e6,0.15,0.46796875,10240.0,5274.0,546.17,NVIDIA GeForce RTX 3080,[N/A],Enabled,Enabled
1701959643.221652,0,GPU-b342434c-f6b6-7627-333e-da750a9991e6,0.15,0.46796875,10240.0,5274.0,546.17,NVIDIA GeForce RTX 3080,[N/A],Enabled,Enabled
1701959644.221695,0,GPU-b342434c-f6b6-7627-333e-da750a9991e6,0.15,0.46796875,10240.0,5274.0,546.17,NVIDIA GeForce RTX 3080,[N/A],Enabled,Enabled
1701959645.221004,0,GPU-b342434c-f6b6-7627-333e-da750a9991e6,0.15,0.46796875,10240.0,5274.0,546.17,NVIDIA GeForce RTX 3080,[N/A],Enabled,Enabled
1701959646.220973,0,GPU-b342434c-f6b6-7627-333e-da750a9991e6,0.15,0.46796875,10240.0,5274.0,546.17,NVIDIA GeForce RTX 3080,[N/A],Enabled,Enabled
1701959647.221354,0,GPU-b342434c-f6b6-7627-333e-da750a9991e6,0.15,0.46796875,10240.0,5274.0,546.17,NVIDIA GeForce RTX 3080,[N/A],Enabled,Enabled
1701959648.22146,0,GPU-b342434c-f6b6-7627-333e-da750a9991e6,0.15,0.46796875,10240.0,5274.0,546.17,NVIDIA GeForce RTX 3080,[N/A],Enabled,Enabled
1701959649.221353,0,GPU-b342434c-f6b6-7627-333e-da750a9991e6,0.15,0.46796875,10240.0,5274.0,546.17,NVIDIA GeForce RTX 3080,[N/A],Enabled,Enabled
1701959650.220965,0,GPU-b342434c-f6b6-7627-333e-da750a9991e6,0.15,0.46796875,10240.0,5274.0,546.17,NVIDIA GeForce RTX 3080,[N/A],Enabled,Enabled
1701959651.221228,0,GPU-b342434c-f6b6-7627-333e-da750a9991e6,0.15,0.46796875,10240.0,5274.0,546.17,NVIDIA GeForce RTX 3080,[N/A],Enabled,Enabled
1701959652.221145,0,GPU-b342434c-f6b6-7627-333e-da750a9991e6,0.15,0.46796875,10240.0,5274.0,546.17,NVIDIA GeForce RTX 3080,[N/A],Enabled,Enabled
1701959653.221791,0,GPU-b342434c-f6b6-7627-333e-da750a9991e6,0.15,0.46796875,10240.0,5274.0,546.17,NVIDIA GeForce RTX 3080,[N/A],Enabled,Enabled
1701959654.221948,0,GPU-b342434c-f6b6-7627-333e-da750a9991e6,0.15,0.46796875,10240.0,5274.0,546.17,NVIDIA GeForce RTX 3080,[N/A],Enabled,Enabled
1701959655.221074,0,GPU-b342434c-f6b6-7627-333e-da750a9991e6,0.14,0.46796875,10240.0,5274.0,546.17,NVIDIA GeForce RTX 3080,[N/A],Enabled,Enabled
1701959656.221579,0,GPU-b342434c-f6b6-7627-333e-da750a9991e6,0.15,0.46796875,10240.0,5274.0,546.17,NVIDIA GeForce RTX 3080,[N/A],Enabled,Enabled
1701959657.221273,0,GPU-b342434c-f6b6-7627-333e-da750a9991e6,0.15,0.46796875,10240.0,5274.0,546.17,NVIDIA GeForce RTX 3080,[N/A],Enabled,Enabled
1701959658.221617,0,GPU-b342434c-f6b6-7627-333e-da750a9991e6,0.15,0.46796875,10240.0,5274.0,546.17,NVIDIA GeForce RTX 3080,[N/A],Enabled,Enabled
1701959659.221274,0,GPU-b342434c-f6b6-7627-333e-da750a9991e6,0.15,0.46796875,10240.0,5274.0,546.17,NVIDIA GeForce RTX 3080,[N/A],Enabled,Enabled
1701959660.221355,0,GPU-b342434c-f6b6-7627-333e-da750a9991e6,0.15,0.46796875,10240.0,5274.0,546.17,NVIDIA GeForce RTX 3080,[N/A],Enabled,Enabled
1701959661.221103,0,GPU-b342434c-f6b6-7627-333e-da750a9991e6,0.15,0.46796875,10240.0,5274.0,546.17,NVIDIA GeForce RTX 3080,[N/A],Enabled,Enabled
1701959662.221408,0,GPU-b342434c-f6b6-7627-333e-da750a9991e6,0.15,0.46796875,10240.0,5274.0,546.17,NVIDIA GeForce RTX 3080,[N/A],Enabled,Enabled
1701959663.221874,0,GPU-b342434c-f6b6-7627-333e-da750a9991e6,0.15,0.46796875,10240.0,5274.0,546.17,NVIDIA GeForce RTX 3080,[N/A],Enabled,Enabled
1701959664.221145,0,GPU-b342434c-f6b6-7627-333e-da750a9991e6,0.15,0.46796875,10240.0,5274.0,546.17,NVIDIA GeForce RTX 3080,[N/A],Enabled,Enabled
1701959665.220805,0,GPU-b342434c-f6b6-7627-333e-da750a9991e6,0.15,0.46796875,10240.0,5274.0,546.17,NVIDIA GeForce RTX 3080,[N/A],Enabled,Enabled
1701959666.221654,0,GPU-b342434c-f6b6-7627-333e-da750a9991e6,0.16,0.46796875,10240.0,5274.0,546.17,NVIDIA GeForce RTX 3080,[N/A],Enabled,Enabled
1701959667.220963,0,GPU-b342434c-f6b6-7627-333e-da750a9991e6,0.15,0.46796875,10240.0,5274.0,546.17,NVIDIA GeForce RTX 3080,[N/A],Enabled,Enabled
1701959668.221469,0,GPU-b342434c-f6b6-7627-333e-da750a9991e6,0.15,0.46796875,10240.0,5274.0,546.17,NVIDIA GeForce RTX 3080,[N/A],Enabled,Enabled
1701959669.220986,0,GPU-b342434c-f6b6-7627-333e-da750a9991e6,0.15,0.46796875,10240.0,5274.0,546.17,NVIDIA GeForce RTX 3080,[N/A],Enabled,Enabled
1701959670.2215,0,GPU-b342434c-f6b6-7627-333e-da750a9991e6,0.16,0.46796875,10240.0,5274.0,546.17,NVIDIA GeForce RTX 3080,[N/A],Enabled,Enabled
1701959671.221533,0,GPU-b342434c-f6b6-7627-333e-da750a9991e6,0.15,0.46796875,10240.0,5274.0,546.17,NVIDIA GeForce RTX 3080,[N/A],Enabled,Enabled
1701959672.220908,0,GPU-b342434c-f6b6-7627-333e-da750a9991e6,0.16,0.46796875,10240.0,5274.0,546.17,NVIDIA GeForce RTX 3080,[N/A],Enabled,Enabled
1701959673.221168,0,GPU-b342434c-f6b6-7627-333e-da750a9991e6,0.15,0.46796875,10240.0,5274.0,546.17,NVIDIA GeForce RTX 3080,[N/A],Enabled,Enabled
1701959674.220858,0,GPU-b342434c-f6b6-7627-333e-da750a9991e6,0.16,0.46796875,10240.0,5274.0,546.17,NVIDIA GeForce RTX 3080,[N/A],Enabled,Enabled
1701959675.22115,0,GPU-b342434c-f6b6-7627-333e-da750a9991e6,0.15,0.46796875,10240.0,5274.0,546.17,NVIDIA GeForce RTX 3080,[N/A],Enabled,Enabled
1701959676.220774,0,GPU-b342434c-f6b6-7627-333e-da750a9991e6,0.15,0.46796875,10240.0,5274.0,546.17,NVIDIA GeForce RTX 3080,[N/A],Enabled,Enabled
1701959677.220773,0,GPU-b342434c-f6b6-7627-333e-da750a9991e6,0.15,0.46796875,10240.0,5274.0,546.17,NVIDIA GeForce RTX 3080,[N/A],Enabled,Enabled
1701959678.220932,0,GPU-b342434c-f6b6-7627-333e-da750a9991e6,0.15,0.46796875,10240.0,5274.0,546.17,NVIDIA GeForce RTX 3080,[N/A],Enabled,Enabled
1701959679.221097,0,GPU-b342434c-f6b6-7627-333e-da750a9991e6,0.15,0.46796875,10240.0,5274.0,546.17,NVIDIA GeForce RTX 3080,[N/A],Enabled,Enabled
1701959680.221069,0,GPU-b342434c-f6b6-7627-333e-da750a9991e6,0.15,0.46796875,10240.0,5274.0,546.17,NVIDIA GeForce RTX 3080,[N/A],Enabled,Enabled
1701959681.220922,0,GPU-b342434c-f6b6-7627-333e-da750a9991e6,0.15,0.46796875,10240.0,5274.0,546.17,NVIDIA GeForce RTX 3080,[N/A],Enabled,Enabled
1701959682.220863,0,GPU-b342434c-f6b6-7627-333e-da750a9991e6,0.15,0.46796875,10240.0,5274.0,546.17,NVIDIA GeForce RTX 3080,[N/A],Enabled,Enabled
1701959683.221487,0,GPU-b342434c-f6b6-7627-333e-da750a9991e6,0.16,0.46796875,10240.0,5274.0,546.17,NVIDIA GeForce RTX 3080,[N/A],Enabled,Enabled
1701959684.22138,0,GPU-b342434c-f6b6-7627-333e-da750a9991e6,0.16,0.46796875,10240.0,5274.0,546.17,NVIDIA GeForce RTX 3080,[N/A],Enabled,Enabled
1701959685.220758,0,GPU-b342434c-f6b6-7627-333e-da750a9991e6,0.15,0.46796875,10240.0,5274.0,546.17,NVIDIA GeForce RTX 3080,[N/A],Enabled,Enabled
1701959686.221049,0,GPU-b342434c-f6b6-7627-333e-da750a9991e6,0.16,0.46796875,10240.0,5274.0,546.17,NVIDIA GeForce RTX 3080,[N/A],Enabled,Enabled
1701959687.221528,0,GPU-b342434c-f6b6-7627-333e-da750a9991e6,0.16,0.46796875,10240.0,5274.0,546.17,NVIDIA GeForce RTX 3080,[N/A],Enabled,Enabled
1701959688.22156,0,GPU-b342434c-f6b6-7627-333e-da750a9991e6,0.16,0.46796875,10240.0,5274.0,546.17,NVIDIA GeForce RTX 3080,[N/A],Enabled,Enabled
1701959689.22118,0,GPU-b342434c-f6b6-7627-333e-da750a9991e6,0.15,0.46796875,10240.0,5274.0,546.17,NVIDIA GeForce RTX 3080,[N/A],Enabled,Enabled
1701959690.221021,0,GPU-b342434c-f6b6-7627-333e-da750a9991e6,0.16,0.46796875,10240.0,5274.0,546.17,NVIDIA GeForce RTX 3080,[N/A],Enabled,Enabled
1701959691.221562,0,GPU-b342434c-f6b6-7627-333e-da750a9991e6,0.16,0.46796875,10240.0,5274.0,546.17,NVIDIA GeForce RTX 3080,[N/A],Enabled,Enabled
1701959692.220665,0,GPU-b342434c-f6b6-7627-333e-da750a9991e6,0.16,0.46796875,10240.0,5274.0,546.17,NVIDIA GeForce RTX 3080,[N/A],Enabled,Enabled
1701959693.221171,0,GPU-b342434c-f6b6-7627-333e-da750a9991e6,0.15,0.46796875,10240.0,5274.0,546.17,NVIDIA GeForce RTX 3080,[N/A],Enabled,Enabled
1701959694.221738,0,GPU-b342434c-f6b6-7627-333e-da750a9991e6,0.15,0.46796875,10240.0,5274.0,546.17,NVIDIA GeForce RTX 3080,[N/A],Enabled,Enabled
1701959695.221639,0,GPU-b342434c-f6b6-7627-333e-da750a9991e6,0.15,0.46796875,10240.0,5274.0,546.17,NVIDIA GeForce RTX 3080,[N/A],Enabled,Enabled
1701959696.220997,0,GPU-b342434c-f6b6-7627-333e-da750a9991e6,0.15,0.46796875,10240.0,5274.0,546.17,NVIDIA GeForce RTX 3080,[N/A],Enabled,Enabled
1701959697.22095,0,GPU-b342434c-f6b6-7627-333e-da750a9991e6,0.16,0.46796875,10240.0,5274.0,546.17,NVIDIA GeForce RTX 3080,[N/A],Enabled,Enabled
1701959698.221156,0,GPU-b342434c-f6b6-7627-333e-da750a9991e6,0.15,0.46796875,10240.0,5274.0,546.17,NVIDIA GeForce RTX 3080,[N/A],Enabled,Enabled
1701959699.220787,0,GPU-b342434c-f6b6-7627-333e-da750a9991e6,0.16,0.46796875,10240.0,5274.0,546.17,NVIDIA GeForce RTX 3080,[N/A],Enabled,Enabled
1701959700.220619,0,GPU-b342434c-f6b6-7627-333e-da750a9991e6,0.14,0.46796875,10240.0,5274.0,546.17,NVIDIA GeForce RTX 3080,[N/A],Enabled,Enabled
1701959701.22128,0,GPU-b342434c-f6b6-7627-333e-da750a9991e6,0.15,0.46796875,10240.0,5274.0,546.17,NVIDIA GeForce RTX 3080,[N/A],Enabled,Enabled
1701959702.221281,0,GPU-b342434c-f6b6-7627-333e-da750a9991e6,0.15,0.46796875,10240.0,5274.0,546.17,NVIDIA GeForce RTX 3080,[N/A],Enabled,Enabled
1701959703.221089,0,GPU-b342434c-f6b6-7627-333e-da750a9991e6,0.15,0.46796875,10240.0,5274.0,546.17,NVIDIA GeForce RTX 3080,[N/A],Enabled,Enabled
1701959704.220897,0,GPU-b342434c-f6b6-7627-333e-da750a9991e6,0.15,0.46796875,10240.0,5274.0,546.17,NVIDIA GeForce RTX 3080,[N/A],Enabled,Enabled
1701959705.220708,0,GPU-b342434c-f6b6-7627-333e-da750a9991e6,0.15,0.46796875,10240.0,5274.0,546.17,NVIDIA GeForce RTX 3080,[N/A],Enabled,Enabled
1701959706.221827,0,GPU-b342434c-f6b6-7627-333e-da750a9991e6,0.15,0.46796875,10240.0,5274.0,546.17,NVIDIA GeForce RTX 3080,[N/A],Enabled,Enabled
1701959707.221147,0,GPU-b342434c-f6b6-7627-333e-da750a9991e6,0.15,0.46796875,10240.0,5274.0,546.17,NVIDIA GeForce RTX 3080,[N/A],Enabled,Enabled
1701959708.221819,0,GPU-b342434c-f6b6-7627-333e-da750a9991e6,0.15,0.46796875,10240.0,5274.0,546.17,NVIDIA GeForce RTX 3080,[N/A],Enabled,Enabled
1701959709.221312,0,GPU-b342434c-f6b6-7627-333e-da750a9991e6,0.15,0.46796875,10240.0,5274.0,546.17,NVIDIA GeForce RTX 3080,[N/A],Enabled,Enabled
1701959710.221492,0,GPU-b342434c-f6b6-7627-333e-da750a9991e6,0.15,0.46796875,10240.0,5274.0,546.17,NVIDIA GeForce RTX 3080,[N/A],Enabled,Enabled
1701959711.221181,0,GPU-b342434c-f6b6-7627-333e-da750a9991e6,0.16,0.46796875,10240.0,5274.0,546.17,NVIDIA GeForce RTX 3080,[N/A],Enabled,Enabled
1701959712.221093,0,GPU-b342434c-f6b6-7627-333e-da750a9991e6,0.16,0.46806640625,10240.0,5273.0,546.17,NVIDIA GeForce RTX 3080,[N/A],Enabled,Enabled
1701959713.220972,0,GPU-b342434c-f6b6-7627-333e-da750a9991e6,0.16,0.46806640625,10240.0,5273.0,546.17,NVIDIA GeForce RTX 3080,[N/A],Enabled,Enabled
1701959714.220728,0,GPU-b342434c-f6b6-7627-333e-da750a9991e6,0.15,0.46806640625,10240.0,5273.0,546.17,NVIDIA GeForce RTX 3080,[N/A],Enabled,Enabled
1701959715.221006,0,GPU-b342434c-f6b6-7627-333e-da750a9991e6,0.15,0.46806640625,10240.0,5273.0,546.17,NVIDIA GeForce RTX 3080,[N/A],Enabled,Enabled
1701959716.221035,0,GPU-b342434c-f6b6-7627-333e-da750a9991e6,0.16,0.46806640625,10240.0,5273.0,546.17,NVIDIA GeForce RTX 3080,[N/A],Enabled,Enabled
1701959717.22106,0,GPU-b342434c-f6b6-7627-333e-da750a9991e6,0.15,0.46806640625,10240.0,5273.0,546.17,NVIDIA GeForce RTX 3080,[N/A],Enabled,Enabled
1701959718.221032,0,GPU-b342434c-f6b6-7627-333e-da750a9991e6,0.15,0.46806640625,10240.0,5273.0,546.17,NVIDIA GeForce RTX 3080,[N/A],Enabled,Enabled
1701959719.221724,0,GPU-b342434c-f6b6-7627-333e-da750a9991e6,0.16,0.46806640625,10240.0,5273.0,546.17,NVIDIA GeForce RTX 3080,[N/A],Enabled,Enabled
1701959720.221721,0,GPU-b342434c-f6b6-7627-333e-da750a9991e6,0.15,0.46806640625,10240.0,5273.0,546.17,NVIDIA GeForce RTX 3080,[N/A],Enabled,Enabled
1701959721.221625,0,GPU-b342434c-f6b6-7627-333e-da750a9991e6,0.15,0.46806640625,10240.0,5273.0,546.17,NVIDIA GeForce RTX 3080,[N/A],Enabled,Enabled
1701959722.221578,0,GPU-b342434c-f6b6-7627-333e-da750a9991e6,0.15,0.46806640625,10240.0,5273.0,546.17,NVIDIA GeForce RTX 3080,[N/A],Enabled,Enabled
1701959723.221203,0,GPU-b342434c-f6b6-7627-333e-da750a9991e6,0.15,0.46806640625,10240.0,5273.0,546.17,NVIDIA GeForce RTX 3080,[N/A],Enabled,Enabled
1701959724.221083,0,GPU-b342434c-f6b6-7627-333e-da750a9991e6,0.15,0.46806640625,10240.0,5273.0,546.17,NVIDIA GeForce RTX 3080,[N/A],Enabled,Enabled
1701959725.220763,0,GPU-b342434c-f6b6-7627-333e-da750a9991e6,0.15,0.46806640625,10240.0,5273.0,546.17,NVIDIA GeForce RTX 3080,[N/A],Enabled,Enabled
1701959726.221021,0,GPU-b342434c-f6b6-7627-333e-da750a9991e6,0.14,0.46806640625,10240.0,5273.0,546.17,NVIDIA GeForce RTX 3080,[N/A],Enabled,Enabled
1701959727.220706,0,GPU-b342434c-f6b6-7627-333e-da750a9991e6,0.15,0.46806640625,10240.0,5273.0,546.17,NVIDIA GeForce RTX 3080,[N/A],Enabled,Enabled
1701959728.220832,0,GPU-b342434c-f6b6-7627-333e-da750a9991e6,0.14,0.46806640625,10240.0,5273.0,546.17,NVIDIA GeForce RTX 3080,[N/A],Enabled,Enabled
1701959729.221423,0,GPU-b342434c-f6b6-7627-333e-da750a9991e6,0.14,0.46806640625,10240.0,5273.0,546.17,NVIDIA GeForce RTX 3080,[N/A],Enabled,Enabled
1701959730.22131,0,GPU-b342434c-f6b6-7627-333e-da750a9991e6,0.14,0.46806640625,10240.0,5273.0,546.17,NVIDIA GeForce RTX 3080,[N/A],Enabled,Enabled
1701959731.221142,0,GPU-b342434c-f6b6-7627-333e-da750a9991e6,0.15,0.46806640625,10240.0,5273.0,546.17,NVIDIA GeForce RTX 3080,[N/A],Enabled,Enabled
1701959732.22081,0,GPU-b342434c-f6b6-7627-333e-da750a9991e6,0.14,0.46806640625,10240.0,5273.0,546.17,NVIDIA GeForce RTX 3080,[N/A],Enabled,Enabled
1701959733.221428,0,GPU-b342434c-f6b6-7627-333e-da750a9991e6,0.15,0.46806640625,10240.0,5273.0,546.17,NVIDIA GeForce RTX 3080,[N/A],Enabled,Enabled
1701959734.221042,0,GPU-b342434c-f6b6-7627-333e-da750a9991e6,0.15,0.46806640625,10240.0,5273.0,546.17,NVIDIA GeForce RTX 3080,[N/A],Enabled,Enabled
1701959735.221617,0,GPU-b342434c-f6b6-7627-333e-da750a9991e6,0.14,0.46806640625,10240.0,5273.0,546.17,NVIDIA GeForce RTX 3080,[N/A],Enabled,Enabled
1701959736.220705,0,GPU-b342434c-f6b6-7627-333e-da750a9991e6,0.15,0.46806640625,10240.0,5273.0,546.17,NVIDIA GeForce RTX 3080,[N/A],Enabled,Enabled
1701959737.221453,0,GPU-b342434c-f6b6-7627-333e-da750a9991e6,0.15,0.46806640625,10240.0,5273.0,546.17,NVIDIA GeForce RTX 3080,[N/A],Enabled,Enabled
1701959738.221471,0,GPU-b342434c-f6b6-7627-333e-da750a9991e6,0.15,0.46806640625,10240.0,5273.0,546.17,NVIDIA GeForce RTX 3080,[N/A],Enabled,Enabled
1701959739.221611,0,GPU-b342434c-f6b6-7627-333e-da750a9991e6,0.14,0.46806640625,10240.0,5273.0,546.17,NVIDIA GeForce RTX 3080,[N/A],Enabled,Enabled
1701959740.220641,0,GPU-b342434c-f6b6-7627-333e-da750a9991e6,0.15,0.46806640625,10240.0,5273.0,546.17,NVIDIA GeForce RTX 3080,[N/A],Enabled,Enabled
1701959741.221569,0,GPU-b342434c-f6b6-7627-333e-da750a9991e6,0.14,0.46806640625,10240.0,5273.0,546.17,NVIDIA GeForce RTX 3080,[N/A],Enabled,Enabled
1701959742.221151,0,GPU-b342434c-f6b6-7627-333e-da750a9991e6,0.15,0.46806640625,10240.0,5273.0,546.17,NVIDIA GeForce RTX 3080,[N/A],Enabled,Enabled
1701959743.221177,0,GPU-b342434c-f6b6-7627-333e-da750a9991e6,0.15,0.46806640625,10240.0,5273.0,546.17,NVIDIA GeForce RTX 3080,[N/A],Enabled,Enabled
1701959744.221811,0,GPU-b342434c-f6b6-7627-333e-da750a9991e6,0.14,0.46806640625,10240.0,5273.0,546.17,NVIDIA GeForce RTX 3080,[N/A],Enabled,Enabled
1701959745.22095,0,GPU-b342434c-f6b6-7627-333e-da750a9991e6,0.15,0.46806640625,10240.0,5273.0,546.17,NVIDIA GeForce RTX 3080,[N/A],Enabled,Enabled
1701959746.221596,0,GPU-b342434c-f6b6-7627-333e-da750a9991e6,0.15,0.46806640625,10240.0,5273.0,546.17,NVIDIA GeForce RTX 3080,[N/A],Enabled,Enabled
1701959747.221661,0,GPU-b342434c-f6b6-7627-333e-da750a9991e6,0.15,0.46806640625,10240.0,5273.0,546.17,NVIDIA GeForce RTX 3080,[N/A],Enabled,Enabled
1701959748.221118,0,GPU-b342434c-f6b6-7627-333e-da750a9991e6,0.14,0.46806640625,10240.0,5273.0,546.17,NVIDIA GeForce RTX 3080,[N/A],Enabled,Enabled
1701959749.221521,0,GPU-b342434c-f6b6-7627-333e-da750a9991e6,0.15,0.46806640625,10240.0,5273.0,546.17,NVIDIA GeForce RTX 3080,[N/A],Enabled,Enabled
1701959750.221467,0,GPU-b342434c-f6b6-7627-333e-da750a9991e6,0.15,0.46806640625,10240.0,5273.0,546.17,NVIDIA GeForce RTX 3080,[N/A],Enabled,Enabled
1701959751.221,0,GPU-b342434c-f6b6-7627-333e-da750a9991e6,0.14,0.46806640625,10240.0,5273.0,546.17,NVIDIA GeForce RTX 3080,[N/A],Enabled,Enabled
1701959752.221413,0,GPU-b342434c-f6b6-7627-333e-da750a9991e6,0.15,0.46806640625,10240.0,5273.0,546.17,NVIDIA GeForce RTX 3080,[N/A],Enabled,Enabled
1701959753.22153,0,GPU-b342434c-f6b6-7627-333e-da750a9991e6,0.15,0.46806640625,10240.0,5273.0,546.17,NVIDIA GeForce RTX 3080,[N/A],Enabled,Enabled
1701959754.221491,0,GPU-b342434c-f6b6-7627-333e-da750a9991e6,0.15,0.46806640625,10240.0,5273.0,546.17,NVIDIA GeForce RTX 3080,[N/A],Enabled,Enabled
1701959755.220913,0,GPU-b342434c-f6b6-7627-333e-da750a9991e6,0.15,0.46806640625,10240.0,5273.0,546.17,NVIDIA GeForce RTX 3080,[N/A],Enabled,Enabled
1701959756.221134,0,GPU-b342434c-f6b6-7627-333e-da750a9991e6,0.15,0.46806640625,10240.0,5273.0,546.17,NVIDIA GeForce RTX 3080,[N/A],Enabled,Enabled
1701959757.220879,0,GPU-b342434c-f6b6-7627-333e-da750a9991e6,0.15,0.46806640625,10240.0,5273.0,546.17,NVIDIA GeForce RTX 3080,[N/A],Enabled,Enabled
1701959758.220833,0,GPU-b342434c-f6b6-7627-333e-da750a9991e6,0.15,0.46806640625,10240.0,5273.0,546.17,NVIDIA GeForce RTX 3080,[N/A],Enabled,Enabled
1701959759.221005,0,GPU-b342434c-f6b6-7627-333e-da750a9991e6,0.15,0.46806640625,10240.0,5273.0,546.17,NVIDIA GeForce RTX 3080,[N/A],Enabled,Enabled
1701959760.221179,0,GPU-b342434c-f6b6-7627-333e-da750a9991e6,0.15,0.46806640625,10240.0,5273.0,546.17,NVIDIA GeForce RTX 3080,[N/A],Enabled,Enabled
1701959761.221822,0,GPU-b342434c-f6b6-7627-333e-da750a9991e6,0.14,0.46806640625,10240.0,5273.0,546.17,NVIDIA GeForce RTX 3080,[N/A],Enabled,Enabled
1701959762.221481,0,GPU-b342434c-f6b6-7627-333e-da750a9991e6,0.14,0.46806640625,10240.0,5273.0,546.17,NVIDIA GeForce RTX 3080,[N/A],Enabled,Enabled
1701959763.22116,0,GPU-b342434c-f6b6-7627-333e-da750a9991e6,0.15,0.46806640625,10240.0,5273.0,546.17,NVIDIA GeForce RTX 3080,[N/A],Enabled,Enabled
1701959764.221281,0,GPU-b342434c-f6b6-7627-333e-da750a9991e6,0.15,0.46806640625,10240.0,5273.0,546.17,NVIDIA GeForce RTX 3080,[N/A],Enabled,Enabled
1701959765.220875,0,GPU-b342434c-f6b6-7627-333e-da750a9991e6,0.15,0.46806640625,10240.0,5273.0,546.17,NVIDIA GeForce RTX 3080,[N/A],Enabled,Enabled
1701959766.221427,0,GPU-b342434c-f6b6-7627-333e-da750a9991e6,0.15,0.46806640625,10240.0,5273.0,546.17,NVIDIA GeForce RTX 3080,[N/A],Enabled,Enabled
1701959767.221645,0,GPU-b342434c-f6b6-7627-333e-da750a9991e6,0.15,0.46806640625,10240.0,5273.0,546.17,NVIDIA GeForce RTX 3080,[N/A],Enabled,Enabled
1701959768.220969,0,GPU-b342434c-f6b6-7627-333e-da750a9991e6,0.15,0.46806640625,10240.0,5273.0,546.17,NVIDIA GeForce RTX 3080,[N/A],Enabled,Enabled
1701959769.221857,0,GPU-b342434c-f6b6-7627-333e-da750a9991e6,0.15,0.46806640625,10240.0,5273.0,546.17,NVIDIA GeForce RTX 3080,[N/A],Enabled,Enabled
1701959770.220937,0,GPU-b342434c-f6b6-7627-333e-da750a9991e6,0.15,0.46806640625,10240.0,5273.0,546.17,NVIDIA GeForce RTX 3080,[N/A],Enabled,Enabled
1701959771.2218,0,GPU-b342434c-f6b6-7627-333e-da750a9991e6,0.15,0.46806640625,10240.0,5273.0,546.17,NVIDIA GeForce RTX 3080,[N/A],Enabled,Enabled
1701959772.221638,0,GPU-b342434c-f6b6-7627-333e-da750a9991e6,0.15,0.46806640625,10240.0,5273.0,546.17,NVIDIA GeForce RTX 3080,[N/A],Enabled,Enabled
1701959773.220977,0,GPU-b342434c-f6b6-7627-333e-da750a9991e6,0.15,0.46806640625,10240.0,5273.0,546.17,NVIDIA GeForce RTX 3080,[N/A],Enabled,Enabled
1701959774.221265,0,GPU-b342434c-f6b6-7627-333e-da750a9991e6,0.16,0.4681640625,10240.0,5272.0,546.17,NVIDIA GeForce RTX 3080,[N/A],Enabled,Enabled
1701959775.221702,0,GPU-b342434c-f6b6-7627-333e-da750a9991e6,0.16,0.4681640625,10240.0,5272.0,546.17,NVIDIA GeForce RTX 3080,[N/A],Enabled,Enabled
1701959776.22137,0,GPU-b342434c-f6b6-7627-333e-da750a9991e6,0.15,0.4681640625,10240.0,5272.0,546.17,NVIDIA GeForce RTX 3080,[N/A],Enabled,Enabled
1701959777.221526,0,GPU-b342434c-f6b6-7627-333e-da750a9991e6,0.16,0.4681640625,10240.0,5272.0,546.17,NVIDIA GeForce RTX 3080,[N/A],Enabled,Enabled
1701959778.221241,0,GPU-b342434c-f6b6-7627-333e-da750a9991e6,0.17,0.4681640625,10240.0,5272.0,546.17,NVIDIA GeForce RTX 3080,[N/A],Enabled,Enabled
1701959779.221103,0,GPU-b342434c-f6b6-7627-333e-da750a9991e6,0.16,0.4681640625,10240.0,5272.0,546.17,NVIDIA GeForce RTX 3080,[N/A],Enabled,Enabled
1701959780.221135,0,GPU-b342434c-f6b6-7627-333e-da750a9991e6,0.16,0.4681640625,10240.0,5272.0,546.17,NVIDIA GeForce RTX 3080,[N/A],Enabled,Enabled
1701959781.2206,0,GPU-b342434c-f6b6-7627-333e-da750a9991e6,0.16,0.4681640625,10240.0,5272.0,546.17,NVIDIA GeForce RTX 3080,[N/A],Enabled,Enabled
1701959782.221195,0,GPU-b342434c-f6b6-7627-333e-da750a9991e6,0.16,0.4681640625,10240.0,5272.0,546.17,NVIDIA GeForce RTX 3080,[N/A],Enabled,Enabled
1701959783.221165,0,GPU-b342434c-f6b6-7627-333e-da750a9991e6,0.15,0.4681640625,10240.0,5272.0,546.17,NVIDIA GeForce RTX 3080,[N/A],Enabled,Enabled
1701959784.221489,0,GPU-b342434c-f6b6-7627-333e-da750a9991e6,0.16,0.4681640625,10240.0,5272.0,546.17,NVIDIA GeForce RTX 3080,[N/A],Enabled,Enabled
1701959785.221032,0,GPU-b342434c-f6b6-7627-333e-da750a9991e6,0.16,0.4681640625,10240.0,5272.0,546.17,NVIDIA GeForce RTX 3080,[N/A],Enabled,Enabled
1701959786.221026,0,GPU-b342434c-f6b6-7627-333e-da750a9991e6,0.16,0.4681640625,10240.0,5272.0,546.17,NVIDIA GeForce RTX 3080,[N/A],Enabled,Enabled
1701959787.221085,0,GPU-b342434c-f6b6-7627-333e-da750a9991e6,0.16,0.4681640625,10240.0,5272.0,546.17,NVIDIA GeForce RTX 3080,[N/A],Enabled,Enabled
1701959788.221338,0,GPU-b342434c-f6b6-7627-333e-da750a9991e6,0.16,0.4681640625,10240.0,5272.0,546.17,NVIDIA GeForce RTX 3080,[N/A],Enabled,Enabled
1701959789.221031,0,GPU-b342434c-f6b6-7627-333e-da750a9991e6,0.16,0.4681640625,10240.0,5272.0,546.17,NVIDIA GeForce RTX 3080,[N/A],Enabled,Enabled
1701959790.221468,0,GPU-b342434c-f6b6-7627-333e-da750a9991e6,0.16,0.4681640625,10240.0,5272.0,546.17,NVIDIA GeForce RTX 3080,[N/A],Enabled,Enabled
1701959791.220991,0,GPU-b342434c-f6b6-7627-333e-da750a9991e6,0.16,0.4681640625,10240.0,5272.0,546.17,NVIDIA GeForce RTX 3080,[N/A],Enabled,Enabled
1701959792.220993,0,GPU-b342434c-f6b6-7627-333e-da750a9991e6,0.15,0.4681640625,10240.0,5272.0,546.17,NVIDIA GeForce RTX 3080,[N/A],Enabled,Enabled
1701959793.220609,0,GPU-b342434c-f6b6-7627-333e-da750a9991e6,0.15,0.4681640625,10240.0,5272.0,546.17,NVIDIA GeForce RTX 3080,[N/A],Enabled,Enabled
1701959794.22124,0,GPU-b342434c-f6b6-7627-333e-da750a9991e6,0.16,0.4681640625,10240.0,5272.0,546.17,NVIDIA GeForce RTX 3080,[N/A],Enabled,Enabled
1701959795.221026,0,GPU-b342434c-f6b6-7627-333e-da750a9991e6,0.15,0.4681640625,10240.0,5272.0,546.17,NVIDIA GeForce RTX 3080,[N/A],Enabled,Enabled
1701959796.221163,0,GPU-b342434c-f6b6-7627-333e-da750a9991e6,0.15,0.4681640625,10240.0,5272.0,546.17,NVIDIA GeForce RTX 3080,[N/A],Enabled,Enabled
1701959797.221503,0,GPU-b342434c-f6b6-7627-333e-da750a9991e6,0.16,0.4681640625,10240.0,5272.0,546.17,NVIDIA GeForce RTX 3080,[N/A],Enabled,Enabled
1701959798.220888,0,GPU-b342434c-f6b6-7627-333e-da750a9991e6,0.15,0.4681640625,10240.0,5272.0,546.17,NVIDIA GeForce RTX 3080,[N/A],Enabled,Enabled
1701959799.221108,0,GPU-b342434c-f6b6-7627-333e-da750a9991e6,0.16,0.4681640625,10240.0,5272.0,546.17,NVIDIA GeForce RTX 3080,[N/A],Enabled,Enabled
1701959800.22098,0,GPU-b342434c-f6b6-7627-333e-da750a9991e6,0.15,0.4681640625,10240.0,5272.0,546.17,NVIDIA GeForce RTX 3080,[N/A],Enabled,Enabled
1701959801.22181,0,GPU-b342434c-f6b6-7627-333e-da750a9991e6,0.15,0.4681640625,10240.0,5272.0,546.17,NVIDIA GeForce RTX 3080,[N/A],Enabled,Enabled
1701959802.221177,0,GPU-b342434c-f6b6-7627-333e-da750a9991e6,0.16,0.4681640625,10240.0,5272.0,546.17,NVIDIA GeForce RTX 3080,[N/A],Enabled,Enabled
1701959803.2209,0,GPU-b342434c-f6b6-7627-333e-da750a9991e6,0.15,0.4681640625,10240.0,5272.0,546.17,NVIDIA GeForce RTX 3080,[N/A],Enabled,Enabled
1701959804.220665,0,GPU-b342434c-f6b6-7627-333e-da750a9991e6,0.15,0.4681640625,10240.0,5272.0,546.17,NVIDIA GeForce RTX 3080,[N/A],Enabled,Enabled
1701959805.221254,0,GPU-b342434c-f6b6-7627-333e-da750a9991e6,0.15,0.4681640625,10240.0,5272.0,546.17,NVIDIA GeForce RTX 3080,[N/A],Enabled,Enabled
1701959806.221726,0,GPU-b342434c-f6b6-7627-333e-da750a9991e6,0.15,0.4681640625,10240.0,5272.0,546.17,NVIDIA GeForce RTX 3080,[N/A],Enabled,Enabled
1701959807.221282,0,GPU-b342434c-f6b6-7627-333e-da750a9991e6,0.15,0.4681640625,10240.0,5272.0,546.17,NVIDIA GeForce RTX 3080,[N/A],Enabled,Enabled
1701959808.22081,0,GPU-b342434c-f6b6-7627-333e-da750a9991e6,0.16,0.4681640625,10240.0,5272.0,546.17,NVIDIA GeForce RTX 3080,[N/A],Enabled,Enabled
1701959809.221633,0,GPU-b342434c-f6b6-7627-333e-da750a9991e6,0.14,0.46318359375,10240.0,5323.0,546.17,NVIDIA GeForce RTX 3080,[N/A],Enabled,Enabled
1701959810.22086,0,GPU-b342434c-f6b6-7627-333e-da750a9991e6,0.13,0.46123046875,10240.0,5343.0,546.17,NVIDIA GeForce RTX 3080,[N/A],Enabled,Enabled
1701959811.221437,0,GPU-b342434c-f6b6-7627-333e-da750a9991e6,0.12,0.46123046875,10240.0,5343.0,546.17,NVIDIA GeForce RTX 3080,[N/A],Enabled,Enabled
1701959812.221697,0,GPU-b342434c-f6b6-7627-333e-da750a9991e6,0.12,0.457421875,10240.0,5382.0,546.17,NVIDIA GeForce RTX 3080,[N/A],Enabled,Enabled
1701959813.221457,0,GPU-b342434c-f6b6-7627-333e-da750a9991e6,0.13,0.4611328125,10240.0,5344.0,546.17,NVIDIA GeForce RTX 3080,[N/A],Enabled,Enabled
1701959814.221743,0,GPU-b342434c-f6b6-7627-333e-da750a9991e6,0.11,0.457421875,10240.0,5382.0,546.17,NVIDIA GeForce RTX 3080,[N/A],Enabled,Enabled
1701959815.221686,0,GPU-b342434c-f6b6-7627-333e-da750a9991e6,0.13,0.461328125,10240.0,5342.0,546.17,NVIDIA GeForce RTX 3080,[N/A],Enabled,Enabled
1701959816.221144,0,GPU-b342434c-f6b6-7627-333e-da750a9991e6,0.11,0.45751953125,10240.0,5381.0,546.17,NVIDIA GeForce RTX 3080,[N/A],Enabled,Enabled
1701959817.221355,0,GPU-b342434c-f6b6-7627-333e-da750a9991e6,0.11,0.45751953125,10240.0,5381.0,546.17,NVIDIA GeForce RTX 3080,[N/A],Enabled,Enabled
1701959818.221414,0,GPU-b342434c-f6b6-7627-333e-da750a9991e6,0.11,0.45751953125,10240.0,5381.0,546.17,NVIDIA GeForce RTX 3080,[N/A],Enabled,Enabled
1701959819.221876,0,GPU-b342434c-f6b6-7627-333e-da750a9991e6,0.11,0.45751953125,10240.0,5381.0,546.17,NVIDIA GeForce RTX 3080,[N/A],Enabled,Enabled
1701959820.221637,0,GPU-b342434c-f6b6-7627-333e-da750a9991e6,0.11,0.45751953125,10240.0,5381.0,546.17,NVIDIA GeForce RTX 3080,[N/A],Enabled,Enabled
1701959821.221362,0,GPU-b342434c-f6b6-7627-333e-da750a9991e6,0.11,0.45751953125,10240.0,5381.0,546.17,NVIDIA GeForce RTX 3080,[N/A],Enabled,Enabled
1701959822.22082,0,GPU-b342434c-f6b6-7627-333e-da750a9991e6,0.11,0.45751953125,10240.0,5381.0,546.17,NVIDIA GeForce RTX 3080,[N/A],Enabled,Enabled
1701959823.221083,0,GPU-b342434c-f6b6-7627-333e-da750a9991e6,0.11,0.45751953125,10240.0,5381.0,546.17,NVIDIA GeForce RTX 3080,[N/A],Enabled,Enabled
1701959824.220993,0,GPU-b342434c-f6b6-7627-333e-da750a9991e6,0.11,0.45751953125,10240.0,5381.0,546.17,NVIDIA GeForce RTX 3080,[N/A],Enabled,Enabled
1701959825.221164,0,GPU-b342434c-f6b6-7627-333e-da750a9991e6,0.11,0.45751953125,10240.0,5381.0,546.17,NVIDIA GeForce RTX 3080,[N/A],Enabled,Enabled
1701959826.221455,0,GPU-b342434c-f6b6-7627-333e-da750a9991e6,0.11,0.45751953125,10240.0,5381.0,546.17,NVIDIA GeForce RTX 3080,[N/A],Enabled,Enabled
1701959827.221623,0,GPU-b342434c-f6b6-7627-333e-da750a9991e6,0.11,0.45751953125,10240.0,5381.0,546.17,NVIDIA GeForce RTX 3080,[N/A],Enabled,Enabled
1701959828.22174,0,GPU-b342434c-f6b6-7627-333e-da750a9991e6,0.11,0.45751953125,10240.0,5381.0,546.17,NVIDIA GeForce RTX 3080,[N/A],Enabled,Enabled
1701959829.221231,0,GPU-b342434c-f6b6-7627-333e-da750a9991e6,0.11,0.45751953125,10240.0,5381.0,546.17,NVIDIA GeForce RTX 3080,[N/A],Enabled,Enabled
1701959830.22121,0,GPU-b342434c-f6b6-7627-333e-da750a9991e6,0.11,0.45751953125,10240.0,5381.0,546.17,NVIDIA GeForce RTX 3080,[N/A],Enabled,Enabled
1701959831.221008,0,GPU-b342434c-f6b6-7627-333e-da750a9991e6,0.11,0.45751953125,10240.0,5381.0,546.17,NVIDIA GeForce RTX 3080,[N/A],Enabled,Enabled
1701959832.222101,0,GPU-b342434c-f6b6-7627-333e-da750a9991e6,0.11,0.43642578125,10240.0,5597.0,546.17,NVIDIA GeForce RTX 3080,[N/A],Enabled,Enabled
1701959833.220853,0,GPU-b342434c-f6b6-7627-333e-da750a9991e6,0.1,0.403125,10240.0,5938.0,546.17,NVIDIA GeForce RTX 3080,[N/A],Enabled,Enabled
1701959834.221258,0,GPU-b342434c-f6b6-7627-333e-da750a9991e6,0.14,0.401953125,10240.0,5950.0,546.17,NVIDIA GeForce RTX 3080,[N/A],Enabled,Enabled
1701959835.221673,0,GPU-b342434c-f6b6-7627-333e-da750a9991e6,0.15,0.40205078125,10240.0,5949.0,546.17,NVIDIA GeForce RTX 3080,[N/A],Enabled,Enabled
1701959836.221503,0,GPU-b342434c-f6b6-7627-333e-da750a9991e6,0.14,0.40205078125,10240.0,5949.0,546.17,NVIDIA GeForce RTX 3080,[N/A],Enabled,Enabled
