timestamp,id,uuid,load,memoryUtil,memoryTotal,memoryUsed,memoryFree,driver,name,serial,display_mode,display_active
1702423728.640828,0,GPU-93ae0c7f-c327-aee3-adae-bc0d1dae71ea,0.15,0.33406611301091027,12282.0,7922.0,546.29,NVIDIA GeForce RTX 4070,[N/A],Enabled,Enabled
1702423729.636914,0,GPU-93ae0c7f-c327-aee3-adae-bc0d1dae71ea,0.15,0.33406611301091027,12282.0,7922.0,546.29,NVIDIA GeForce RTX 4070,[N/A],Enabled,Enabled
1702423730.636843,0,GPU-93ae0c7f-c327-aee3-adae-bc0d1dae71ea,0.15,0.33406611301091027,12282.0,7922.0,546.29,NVIDIA GeForce RTX 4070,[N/A],Enabled,Enabled
1702423731.637021,0,GPU-93ae0c7f-c327-aee3-adae-bc0d1dae71ea,0.15,0.33406611301091027,12282.0,7922.0,546.29,NVIDIA GeForce RTX 4070,[N/A],Enabled,Enabled
1702423732.637886,0,GPU-93ae0c7f-c327-aee3-adae-bc0d1dae71ea,0.15,0.33406611301091027,12282.0,7922.0,546.29,NVIDIA GeForce RTX 4070,[N/A],Enabled,Enabled
1702423733.636939,0,GPU-93ae0c7f-c327-aee3-adae-bc0d1dae71ea,0.15,0.33406611301091027,12282.0,7922.0,546.29,NVIDIA GeForce RTX 4070,[N/A],Enabled,Enabled
1702423734.637594,0,GPU-93ae0c7f-c327-aee3-adae-bc0d1dae71ea,0.15,0.33382185311838464,12282.0,7925.0,546.29,NVIDIA GeForce RTX 4070,[N/A],Enabled,Enabled
1702423735.637538,0,GPU-93ae0c7f-c327-aee3-adae-bc0d1dae71ea,0.15,0.33382185311838464,12282.0,7925.0,546.29,NVIDIA GeForce RTX 4070,[N/A],Enabled,Enabled
1702423736.637402,0,GPU-93ae0c7f-c327-aee3-adae-bc0d1dae71ea,0.15,0.33406611301091027,12282.0,7922.0,546.29,NVIDIA GeForce RTX 4070,[N/A],Enabled,Enabled
1702423737.636927,0,GPU-93ae0c7f-c327-aee3-adae-bc0d1dae71ea,0.15,0.3332519133691581,12282.0,7932.0,546.29,NVIDIA GeForce RTX 4070,[N/A],Enabled,Enabled
1702423738.637452,0,GPU-93ae0c7f-c327-aee3-adae-bc0d1dae71ea,0.15,0.3332519133691581,12282.0,7932.0,546.29,NVIDIA GeForce RTX 4070,[N/A],Enabled,Enabled
1702423739.637441,0,GPU-93ae0c7f-c327-aee3-adae-bc0d1dae71ea,0.15,0.3332519133691581,12282.0,7932.0,546.29,NVIDIA GeForce RTX 4070,[N/A],Enabled,Enabled
1702423740.637232,0,GPU-93ae0c7f-c327-aee3-adae-bc0d1dae71ea,0.15,0.3332519133691581,12282.0,7932.0,546.29,NVIDIA GeForce RTX 4070,[N/A],Enabled,Enabled
1702423741.637376,0,GPU-93ae0c7f-c327-aee3-adae-bc0d1dae71ea,0.15,0.3332519133691581,12282.0,7932.0,546.29,NVIDIA GeForce RTX 4070,[N/A],Enabled,Enabled
1702423742.637492,0,GPU-93ae0c7f-c327-aee3-adae-bc0d1dae71ea,0.14,0.3332519133691581,12282.0,7932.0,546.29,NVIDIA GeForce RTX 4070,[N/A],Enabled,Enabled
1702423743.637546,0,GPU-93ae0c7f-c327-aee3-adae-bc0d1dae71ea,0.15,0.3334961732616838,12282.0,7929.0,546.29,NVIDIA GeForce RTX 4070,[N/A],Enabled,Enabled
1702423744.637309,0,GPU-93ae0c7f-c327-aee3-adae-bc0d1dae71ea,0.17,0.33748575150626936,12282.0,7880.0,546.29,NVIDIA GeForce RTX 4070,[N/A],Enabled,Enabled
1702423745.637025,0,GPU-93ae0c7f-c327-aee3-adae-bc0d1dae71ea,0.21,0.43559680833740433,12282.0,6675.0,546.29,NVIDIA GeForce RTX 4070,[N/A],Enabled,Enabled
1702423746.637313,0,GPU-93ae0c7f-c327-aee3-adae-bc0d1dae71ea,0.09,0.40302882266731804,12282.0,7075.0,546.29,NVIDIA GeForce RTX 4070,[N/A],Enabled,Enabled
1702423747.637936,0,GPU-93ae0c7f-c327-aee3-adae-bc0d1dae71ea,0.09,0.40294740270314283,12282.0,7076.0,546.29,NVIDIA GeForce RTX 4070,[N/A],Enabled,Enabled
1702423748.637733,0,GPU-93ae0c7f-c327-aee3-adae-bc0d1dae71ea,0.09,0.40294740270314283,12282.0,7076.0,546.29,NVIDIA GeForce RTX 4070,[N/A],Enabled,Enabled
1702423749.636955,0,GPU-93ae0c7f-c327-aee3-adae-bc0d1dae71ea,0.27,0.5420127015144114,12282.0,5368.0,546.29,NVIDIA GeForce RTX 4070,[N/A],Enabled,Enabled
1702423750.636912,0,GPU-93ae0c7f-c327-aee3-adae-bc0d1dae71ea,0.3,0.5175052922976714,12282.0,5669.0,546.29,NVIDIA GeForce RTX 4070,[N/A],Enabled,Enabled
1702423751.636769,0,GPU-93ae0c7f-c327-aee3-adae-bc0d1dae71ea,0.27,0.5174238723334962,12282.0,5670.0,546.29,NVIDIA GeForce RTX 4070,[N/A],Enabled,Enabled
1702423752.637622,0,GPU-93ae0c7f-c327-aee3-adae-bc0d1dae71ea,0.26,0.5127015144113337,12282.0,5728.0,546.29,NVIDIA GeForce RTX 4070,[N/A],Enabled,Enabled
1702423753.637625,0,GPU-93ae0c7f-c327-aee3-adae-bc0d1dae71ea,0.26,0.5170167725126201,12282.0,5675.0,546.29,NVIDIA GeForce RTX 4070,[N/A],Enabled,Enabled
1702423754.637422,0,GPU-93ae0c7f-c327-aee3-adae-bc0d1dae71ea,0.16,0.6174890083048363,12282.0,4441.0,546.29,NVIDIA GeForce RTX 4070,[N/A],Enabled,Enabled
1702423755.637671,0,GPU-93ae0c7f-c327-aee3-adae-bc0d1dae71ea,0.28,0.5175052922976714,12282.0,5669.0,546.29,NVIDIA GeForce RTX 4070,[N/A],Enabled,Enabled
1702423756.636855,0,GPU-93ae0c7f-c327-aee3-adae-bc0d1dae71ea,0.33,0.5175867122618466,12282.0,5668.0,546.29,NVIDIA GeForce RTX 4070,[N/A],Enabled,Enabled
1702423757.63754,0,GPU-93ae0c7f-c327-aee3-adae-bc0d1dae71ea,0.27,0.5131086142322098,12282.0,5723.0,546.29,NVIDIA GeForce RTX 4070,[N/A],Enabled,Enabled
1702423758.63812,0,GPU-93ae0c7f-c327-aee3-adae-bc0d1dae71ea,0.27,0.517342452369321,12282.0,5671.0,546.29,NVIDIA GeForce RTX 4070,[N/A],Enabled,Enabled
1702423759.637173,0,GPU-93ae0c7f-c327-aee3-adae-bc0d1dae71ea,0.26,0.5130271942680346,12282.0,5724.0,546.29,NVIDIA GeForce RTX 4070,[N/A],Enabled,Enabled
1702423760.636983,0,GPU-93ae0c7f-c327-aee3-adae-bc0d1dae71ea,0.29,0.517342452369321,12282.0,5671.0,546.29,NVIDIA GeForce RTX 4070,[N/A],Enabled,Enabled
1702423761.63766,0,GPU-93ae0c7f-c327-aee3-adae-bc0d1dae71ea,0.26,0.5130271942680346,12282.0,5724.0,546.29,NVIDIA GeForce RTX 4070,[N/A],Enabled,Enabled
1702423762.637513,0,GPU-93ae0c7f-c327-aee3-adae-bc0d1dae71ea,0.26,0.5130271942680346,12282.0,5724.0,546.29,NVIDIA GeForce RTX 4070,[N/A],Enabled,Enabled
1702423763.637207,0,GPU-93ae0c7f-c327-aee3-adae-bc0d1dae71ea,0.26,0.5123758345546328,12282.0,5732.0,546.29,NVIDIA GeForce RTX 4070,[N/A],Enabled,Enabled
1702423764.63726,0,GPU-93ae0c7f-c327-aee3-adae-bc0d1dae71ea,0.3,0.5166910926559193,12282.0,5679.0,546.29,NVIDIA GeForce RTX 4070,[N/A],Enabled,Enabled
1702423765.637007,0,GPU-93ae0c7f-c327-aee3-adae-bc0d1dae71ea,0.27,0.5123758345546328,12282.0,5732.0,546.29,NVIDIA GeForce RTX 4070,[N/A],Enabled,Enabled
1702423766.636802,0,GPU-93ae0c7f-c327-aee3-adae-bc0d1dae71ea,0.27,0.5168539325842697,12282.0,5677.0,546.29,NVIDIA GeForce RTX 4070,[N/A],Enabled,Enabled
1702423767.637429,0,GPU-93ae0c7f-c327-aee3-adae-bc0d1dae71ea,0.35,0.5204364110079791,12282.0,5633.0,546.29,NVIDIA GeForce RTX 4070,[N/A],Enabled,Enabled
1702423768.637818,0,GPU-93ae0c7f-c327-aee3-adae-bc0d1dae71ea,0.42,0.5204364110079791,12282.0,5633.0,546.29,NVIDIA GeForce RTX 4070,[N/A],Enabled,Enabled
1702423769.637401,0,GPU-93ae0c7f-c327-aee3-adae-bc0d1dae71ea,0.4,0.5204364110079791,12282.0,5633.0,546.29,NVIDIA GeForce RTX 4070,[N/A],Enabled,Enabled
1702423770.637112,0,GPU-93ae0c7f-c327-aee3-adae-bc0d1dae71ea,0.41,0.5204364110079791,12282.0,5633.0,546.29,NVIDIA GeForce RTX 4070,[N/A],Enabled,Enabled
1702423771.637199,0,GPU-93ae0c7f-c327-aee3-adae-bc0d1dae71ea,0.42,0.5204364110079791,12282.0,5633.0,546.29,NVIDIA GeForce RTX 4070,[N/A],Enabled,Enabled
1702423772.637091,0,GPU-93ae0c7f-c327-aee3-adae-bc0d1dae71ea,0.4,0.5204364110079791,12282.0,5633.0,546.29,NVIDIA GeForce RTX 4070,[N/A],Enabled,Enabled
1702423773.637453,0,GPU-93ae0c7f-c327-aee3-adae-bc0d1dae71ea,0.37,0.5204364110079791,12282.0,5633.0,546.29,NVIDIA GeForce RTX 4070,[N/A],Enabled,Enabled
1702423774.637558,0,GPU-93ae0c7f-c327-aee3-adae-bc0d1dae71ea,0.43,0.5204364110079791,12282.0,5633.0,546.29,NVIDIA GeForce RTX 4070,[N/A],Enabled,Enabled
1702423775.637107,0,GPU-93ae0c7f-c327-aee3-adae-bc0d1dae71ea,0.39,0.5204364110079791,12282.0,5633.0,546.29,NVIDIA GeForce RTX 4070,[N/A],Enabled,Enabled
1702423776.637165,0,GPU-93ae0c7f-c327-aee3-adae-bc0d1dae71ea,0.37,0.5204364110079791,12282.0,5633.0,546.29,NVIDIA GeForce RTX 4070,[N/A],Enabled,Enabled
1702423777.637453,0,GPU-93ae0c7f-c327-aee3-adae-bc0d1dae71ea,0.41,0.5204364110079791,12282.0,5633.0,546.29,NVIDIA GeForce RTX 4070,[N/A],Enabled,Enabled
1702423778.637485,0,GPU-93ae0c7f-c327-aee3-adae-bc0d1dae71ea,0.43,0.5204364110079791,12282.0,5633.0,546.29,NVIDIA GeForce RTX 4070,[N/A],Enabled,Enabled
1702423779.636763,0,GPU-93ae0c7f-c327-aee3-adae-bc0d1dae71ea,0.39,0.5204364110079791,12282.0,5633.0,546.29,NVIDIA GeForce RTX 4070,[N/A],Enabled,Enabled
1702423780.637444,0,GPU-93ae0c7f-c327-aee3-adae-bc0d1dae71ea,0.4,0.5204364110079791,12282.0,5633.0,546.29,NVIDIA GeForce RTX 4070,[N/A],Enabled,Enabled
1702423781.637761,0,GPU-93ae0c7f-c327-aee3-adae-bc0d1dae71ea,0.39,0.5204364110079791,12282.0,5633.0,546.29,NVIDIA GeForce RTX 4070,[N/A],Enabled,Enabled
1702423782.63668,0,GPU-93ae0c7f-c327-aee3-adae-bc0d1dae71ea,0.44,0.5204364110079791,12282.0,5633.0,546.29,NVIDIA GeForce RTX 4070,[N/A],Enabled,Enabled
1702423783.637163,0,GPU-93ae0c7f-c327-aee3-adae-bc0d1dae71ea,0.4,0.5204364110079791,12282.0,5633.0,546.29,NVIDIA GeForce RTX 4070,[N/A],Enabled,Enabled
1702423784.6378,0,GPU-93ae0c7f-c327-aee3-adae-bc0d1dae71ea,0.41,0.5207620908646801,12282.0,5629.0,546.29,NVIDIA GeForce RTX 4070,[N/A],Enabled,Enabled
1702423785.638179,0,GPU-93ae0c7f-c327-aee3-adae-bc0d1dae71ea,0.38,0.5207620908646801,12282.0,5629.0,546.29,NVIDIA GeForce RTX 4070,[N/A],Enabled,Enabled
1702423786.637486,0,GPU-93ae0c7f-c327-aee3-adae-bc0d1dae71ea,0.42,0.5207620908646801,12282.0,5629.0,546.29,NVIDIA GeForce RTX 4070,[N/A],Enabled,Enabled
1702423787.637272,0,GPU-93ae0c7f-c327-aee3-adae-bc0d1dae71ea,0.36,0.5207620908646801,12282.0,5629.0,546.29,NVIDIA GeForce RTX 4070,[N/A],Enabled,Enabled
1702423788.637492,0,GPU-93ae0c7f-c327-aee3-adae-bc0d1dae71ea,0.42,0.5203549910438039,12282.0,5634.0,546.29,NVIDIA GeForce RTX 4070,[N/A],Enabled,Enabled
1702423789.637757,0,GPU-93ae0c7f-c327-aee3-adae-bc0d1dae71ea,0.43,0.5203549910438039,12282.0,5634.0,546.29,NVIDIA GeForce RTX 4070,[N/A],Enabled,Enabled
1702423790.63747,0,GPU-93ae0c7f-c327-aee3-adae-bc0d1dae71ea,0.45,0.5203549910438039,12282.0,5634.0,546.29,NVIDIA GeForce RTX 4070,[N/A],Enabled,Enabled
1702423791.637581,0,GPU-93ae0c7f-c327-aee3-adae-bc0d1dae71ea,0.42,0.5203549910438039,12282.0,5634.0,546.29,NVIDIA GeForce RTX 4070,[N/A],Enabled,Enabled
1702423792.637362,0,GPU-93ae0c7f-c327-aee3-adae-bc0d1dae71ea,0.41,0.5203549910438039,12282.0,5634.0,546.29,NVIDIA GeForce RTX 4070,[N/A],Enabled,Enabled
1702423793.636783,0,GPU-93ae0c7f-c327-aee3-adae-bc0d1dae71ea,0.43,0.5203549910438039,12282.0,5634.0,546.29,NVIDIA GeForce RTX 4070,[N/A],Enabled,Enabled
1702423794.637405,0,GPU-93ae0c7f-c327-aee3-adae-bc0d1dae71ea,0.44,0.5203549910438039,12282.0,5634.0,546.29,NVIDIA GeForce RTX 4070,[N/A],Enabled,Enabled
1702423795.637259,0,GPU-93ae0c7f-c327-aee3-adae-bc0d1dae71ea,0.43,0.5203549910438039,12282.0,5634.0,546.29,NVIDIA GeForce RTX 4070,[N/A],Enabled,Enabled
1702423796.638656,0,GPU-93ae0c7f-c327-aee3-adae-bc0d1dae71ea,0.37,0.5203549910438039,12282.0,5634.0,546.29,NVIDIA GeForce RTX 4070,[N/A],Enabled,Enabled
1702423797.637849,0,GPU-93ae0c7f-c327-aee3-adae-bc0d1dae71ea,0.39,0.5203549910438039,12282.0,5634.0,546.29,NVIDIA GeForce RTX 4070,[N/A],Enabled,Enabled
1702423798.637189,0,GPU-93ae0c7f-c327-aee3-adae-bc0d1dae71ea,0.37,0.5203549910438039,12282.0,5634.0,546.29,NVIDIA GeForce RTX 4070,[N/A],Enabled,Enabled
1702423799.637944,0,GPU-93ae0c7f-c327-aee3-adae-bc0d1dae71ea,0.41,0.5208435108288553,12282.0,5628.0,546.29,NVIDIA GeForce RTX 4070,[N/A],Enabled,Enabled
1702423800.637554,0,GPU-93ae0c7f-c327-aee3-adae-bc0d1dae71ea,0.43,0.5208435108288553,12282.0,5628.0,546.29,NVIDIA GeForce RTX 4070,[N/A],Enabled,Enabled
1702423801.637913,0,GPU-93ae0c7f-c327-aee3-adae-bc0d1dae71ea,0.39,0.5208435108288553,12282.0,5628.0,546.29,NVIDIA GeForce RTX 4070,[N/A],Enabled,Enabled
1702423802.637913,0,GPU-93ae0c7f-c327-aee3-adae-bc0d1dae71ea,0.41,0.5208435108288553,12282.0,5628.0,546.29,NVIDIA GeForce RTX 4070,[N/A],Enabled,Enabled
1702423803.636941,0,GPU-93ae0c7f-c327-aee3-adae-bc0d1dae71ea,0.36,0.5208435108288553,12282.0,5628.0,546.29,NVIDIA GeForce RTX 4070,[N/A],Enabled,Enabled
1702423804.637742,0,GPU-93ae0c7f-c327-aee3-adae-bc0d1dae71ea,0.37,0.5208435108288553,12282.0,5628.0,546.29,NVIDIA GeForce RTX 4070,[N/A],Enabled,Enabled
1702423805.637377,0,GPU-93ae0c7f-c327-aee3-adae-bc0d1dae71ea,0.39,0.5208435108288553,12282.0,5628.0,546.29,NVIDIA GeForce RTX 4070,[N/A],Enabled,Enabled
1702423806.637683,0,GPU-93ae0c7f-c327-aee3-adae-bc0d1dae71ea,0.38,0.5223904901481843,12282.0,5609.0,546.29,NVIDIA GeForce RTX 4070,[N/A],Enabled,Enabled
1702423807.637514,0,GPU-93ae0c7f-c327-aee3-adae-bc0d1dae71ea,0.4,0.5223904901481843,12282.0,5609.0,546.29,NVIDIA GeForce RTX 4070,[N/A],Enabled,Enabled
1702423808.6376,0,GPU-93ae0c7f-c327-aee3-adae-bc0d1dae71ea,0.41,0.5223904901481843,12282.0,5609.0,546.29,NVIDIA GeForce RTX 4070,[N/A],Enabled,Enabled
1702423809.637309,0,GPU-93ae0c7f-c327-aee3-adae-bc0d1dae71ea,0.39,0.5223904901481843,12282.0,5609.0,546.29,NVIDIA GeForce RTX 4070,[N/A],Enabled,Enabled
1702423810.636917,0,GPU-93ae0c7f-c327-aee3-adae-bc0d1dae71ea,0.45,0.5223904901481843,12282.0,5609.0,546.29,NVIDIA GeForce RTX 4070,[N/A],Enabled,Enabled
1702423811.637513,0,GPU-93ae0c7f-c327-aee3-adae-bc0d1dae71ea,0.39,0.5223904901481843,12282.0,5609.0,546.29,NVIDIA GeForce RTX 4070,[N/A],Enabled,Enabled
1702423812.636758,0,GPU-93ae0c7f-c327-aee3-adae-bc0d1dae71ea,0.37,0.5223090701840091,12282.0,5610.0,546.29,NVIDIA GeForce RTX 4070,[N/A],Enabled,Enabled
1702423813.636838,0,GPU-93ae0c7f-c327-aee3-adae-bc0d1dae71ea,0.39,0.5223090701840091,12282.0,5610.0,546.29,NVIDIA GeForce RTX 4070,[N/A],Enabled,Enabled
1702423814.637458,0,GPU-93ae0c7f-c327-aee3-adae-bc0d1dae71ea,0.44,0.5223090701840091,12282.0,5610.0,546.29,NVIDIA GeForce RTX 4070,[N/A],Enabled,Enabled
1702423815.636925,0,GPU-93ae0c7f-c327-aee3-adae-bc0d1dae71ea,0.37,0.5219833903273082,12282.0,5614.0,546.29,NVIDIA GeForce RTX 4070,[N/A],Enabled,Enabled
1702423816.637013,0,GPU-93ae0c7f-c327-aee3-adae-bc0d1dae71ea,0.4,0.521901970363133,12282.0,5615.0,546.29,NVIDIA GeForce RTX 4070,[N/A],Enabled,Enabled
1702423817.637772,0,GPU-93ae0c7f-c327-aee3-adae-bc0d1dae71ea,0.39,0.5210063507572057,12282.0,5626.0,546.29,NVIDIA GeForce RTX 4070,[N/A],Enabled,Enabled
1702423818.636871,0,GPU-93ae0c7f-c327-aee3-adae-bc0d1dae71ea,0.38,0.5208435108288553,12282.0,5628.0,546.29,NVIDIA GeForce RTX 4070,[N/A],Enabled,Enabled
1702423819.637849,0,GPU-93ae0c7f-c327-aee3-adae-bc0d1dae71ea,0.4,0.5208435108288553,12282.0,5628.0,546.29,NVIDIA GeForce RTX 4070,[N/A],Enabled,Enabled
1702423820.63754,0,GPU-93ae0c7f-c327-aee3-adae-bc0d1dae71ea,0.45,0.5223904901481843,12282.0,5609.0,546.29,NVIDIA GeForce RTX 4070,[N/A],Enabled,Enabled
1702423821.63688,0,GPU-93ae0c7f-c327-aee3-adae-bc0d1dae71ea,0.41,0.5223904901481843,12282.0,5609.0,546.29,NVIDIA GeForce RTX 4070,[N/A],Enabled,Enabled
1702423822.6377,0,GPU-93ae0c7f-c327-aee3-adae-bc0d1dae71ea,0.43,0.5223904901481843,12282.0,5609.0,546.29,NVIDIA GeForce RTX 4070,[N/A],Enabled,Enabled
1702423823.637725,0,GPU-93ae0c7f-c327-aee3-adae-bc0d1dae71ea,0.4,0.5223904901481843,12282.0,5609.0,546.29,NVIDIA GeForce RTX 4070,[N/A],Enabled,Enabled
1702423824.636992,0,GPU-93ae0c7f-c327-aee3-adae-bc0d1dae71ea,0.41,0.5223904901481843,12282.0,5609.0,546.29,NVIDIA GeForce RTX 4070,[N/A],Enabled,Enabled
1702423825.637061,0,GPU-93ae0c7f-c327-aee3-adae-bc0d1dae71ea,0.39,0.5223904901481843,12282.0,5609.0,546.29,NVIDIA GeForce RTX 4070,[N/A],Enabled,Enabled
1702423826.637395,0,GPU-93ae0c7f-c327-aee3-adae-bc0d1dae71ea,0.4,0.5223904901481843,12282.0,5609.0,546.29,NVIDIA GeForce RTX 4070,[N/A],Enabled,Enabled
1702423827.637118,0,GPU-93ae0c7f-c327-aee3-adae-bc0d1dae71ea,0.41,0.5223904901481843,12282.0,5609.0,546.29,NVIDIA GeForce RTX 4070,[N/A],Enabled,Enabled
1702423828.637508,0,GPU-93ae0c7f-c327-aee3-adae-bc0d1dae71ea,0.4,0.5223090701840091,12282.0,5610.0,546.29,NVIDIA GeForce RTX 4070,[N/A],Enabled,Enabled
1702423829.636982,0,GPU-93ae0c7f-c327-aee3-adae-bc0d1dae71ea,0.41,0.5222276502198339,12282.0,5611.0,546.29,NVIDIA GeForce RTX 4070,[N/A],Enabled,Enabled
1702423830.637366,0,GPU-93ae0c7f-c327-aee3-adae-bc0d1dae71ea,0.38,0.5221462302556586,12282.0,5612.0,546.29,NVIDIA GeForce RTX 4070,[N/A],Enabled,Enabled
1702423831.637515,0,GPU-93ae0c7f-c327-aee3-adae-bc0d1dae71ea,0.41,0.5221462302556586,12282.0,5612.0,546.29,NVIDIA GeForce RTX 4070,[N/A],Enabled,Enabled
1702423832.638222,0,GPU-93ae0c7f-c327-aee3-adae-bc0d1dae71ea,0.44,0.5221462302556586,12282.0,5612.0,546.29,NVIDIA GeForce RTX 4070,[N/A],Enabled,Enabled
1702423833.637515,0,GPU-93ae0c7f-c327-aee3-adae-bc0d1dae71ea,0.4,0.521494870542257,12282.0,5620.0,546.29,NVIDIA GeForce RTX 4070,[N/A],Enabled,Enabled
1702423834.6373,0,GPU-93ae0c7f-c327-aee3-adae-bc0d1dae71ea,0.45,0.5223904901481843,12282.0,5609.0,546.29,NVIDIA GeForce RTX 4070,[N/A],Enabled,Enabled
1702423835.637464,0,GPU-93ae0c7f-c327-aee3-adae-bc0d1dae71ea,0.43,0.5223904901481843,12282.0,5609.0,546.29,NVIDIA GeForce RTX 4070,[N/A],Enabled,Enabled
1702423836.637125,0,GPU-93ae0c7f-c327-aee3-adae-bc0d1dae71ea,0.42,0.5223904901481843,12282.0,5609.0,546.29,NVIDIA GeForce RTX 4070,[N/A],Enabled,Enabled
1702423837.636558,0,GPU-93ae0c7f-c327-aee3-adae-bc0d1dae71ea,0.41,0.5223904901481843,12282.0,5609.0,546.29,NVIDIA GeForce RTX 4070,[N/A],Enabled,Enabled
1702423838.638032,0,GPU-93ae0c7f-c327-aee3-adae-bc0d1dae71ea,0.44,0.5223904901481843,12282.0,5609.0,546.29,NVIDIA GeForce RTX 4070,[N/A],Enabled,Enabled
1702423839.637492,0,GPU-93ae0c7f-c327-aee3-adae-bc0d1dae71ea,0.39,0.5223904901481843,12282.0,5609.0,546.29,NVIDIA GeForce RTX 4070,[N/A],Enabled,Enabled
1702423840.636993,0,GPU-93ae0c7f-c327-aee3-adae-bc0d1dae71ea,0.47,0.5223904901481843,12282.0,5609.0,546.29,NVIDIA GeForce RTX 4070,[N/A],Enabled,Enabled
1702423841.637843,0,GPU-93ae0c7f-c327-aee3-adae-bc0d1dae71ea,0.4,0.5223904901481843,12282.0,5609.0,546.29,NVIDIA GeForce RTX 4070,[N/A],Enabled,Enabled
1702423842.637243,0,GPU-93ae0c7f-c327-aee3-adae-bc0d1dae71ea,0.37,0.5223904901481843,12282.0,5609.0,546.29,NVIDIA GeForce RTX 4070,[N/A],Enabled,Enabled
1702423843.637668,0,GPU-93ae0c7f-c327-aee3-adae-bc0d1dae71ea,0.35,0.5223904901481843,12282.0,5609.0,546.29,NVIDIA GeForce RTX 4070,[N/A],Enabled,Enabled
1702423844.637788,0,GPU-93ae0c7f-c327-aee3-adae-bc0d1dae71ea,0.43,0.5223904901481843,12282.0,5609.0,546.29,NVIDIA GeForce RTX 4070,[N/A],Enabled,Enabled
1702423845.637359,0,GPU-93ae0c7f-c327-aee3-adae-bc0d1dae71ea,0.4,0.5223904901481843,12282.0,5609.0,546.29,NVIDIA GeForce RTX 4070,[N/A],Enabled,Enabled
1702423846.637683,0,GPU-93ae0c7f-c327-aee3-adae-bc0d1dae71ea,0.41,0.5223904901481843,12282.0,5609.0,546.29,NVIDIA GeForce RTX 4070,[N/A],Enabled,Enabled
1702423847.63738,0,GPU-93ae0c7f-c327-aee3-adae-bc0d1dae71ea,0.43,0.5223090701840091,12282.0,5610.0,546.29,NVIDIA GeForce RTX 4070,[N/A],Enabled,Enabled
1702423848.636769,0,GPU-93ae0c7f-c327-aee3-adae-bc0d1dae71ea,0.4,0.5223090701840091,12282.0,5610.0,546.29,NVIDIA GeForce RTX 4070,[N/A],Enabled,Enabled
1702423849.637011,0,GPU-93ae0c7f-c327-aee3-adae-bc0d1dae71ea,0.39,0.5223090701840091,12282.0,5610.0,546.29,NVIDIA GeForce RTX 4070,[N/A],Enabled,Enabled
1702423850.6375,0,GPU-93ae0c7f-c327-aee3-adae-bc0d1dae71ea,0.42,0.5222276502198339,12282.0,5611.0,546.29,NVIDIA GeForce RTX 4070,[N/A],Enabled,Enabled
1702423851.637688,0,GPU-93ae0c7f-c327-aee3-adae-bc0d1dae71ea,0.39,0.5221462302556586,12282.0,5612.0,546.29,NVIDIA GeForce RTX 4070,[N/A],Enabled,Enabled
1702423852.637527,0,GPU-93ae0c7f-c327-aee3-adae-bc0d1dae71ea,0.41,0.5221462302556586,12282.0,5612.0,546.29,NVIDIA GeForce RTX 4070,[N/A],Enabled,Enabled
1702423853.637689,0,GPU-93ae0c7f-c327-aee3-adae-bc0d1dae71ea,0.41,0.5221462302556586,12282.0,5612.0,546.29,NVIDIA GeForce RTX 4070,[N/A],Enabled,Enabled
1702423854.637278,0,GPU-93ae0c7f-c327-aee3-adae-bc0d1dae71ea,0.4,0.5221462302556586,12282.0,5612.0,546.29,NVIDIA GeForce RTX 4070,[N/A],Enabled,Enabled
1702423855.636863,0,GPU-93ae0c7f-c327-aee3-adae-bc0d1dae71ea,0.37,0.5221462302556586,12282.0,5612.0,546.29,NVIDIA GeForce RTX 4070,[N/A],Enabled,Enabled
1702423856.637562,0,GPU-93ae0c7f-c327-aee3-adae-bc0d1dae71ea,0.39,0.5223904901481843,12282.0,5609.0,546.29,NVIDIA GeForce RTX 4070,[N/A],Enabled,Enabled
1702423857.636954,0,GPU-93ae0c7f-c327-aee3-adae-bc0d1dae71ea,0.41,0.5223904901481843,12282.0,5609.0,546.29,NVIDIA GeForce RTX 4070,[N/A],Enabled,Enabled
1702423858.637784,0,GPU-93ae0c7f-c327-aee3-adae-bc0d1dae71ea,0.46,0.5223904901481843,12282.0,5609.0,546.29,NVIDIA GeForce RTX 4070,[N/A],Enabled,Enabled
1702423859.636809,0,GPU-93ae0c7f-c327-aee3-adae-bc0d1dae71ea,0.37,0.5223904901481843,12282.0,5609.0,546.29,NVIDIA GeForce RTX 4070,[N/A],Enabled,Enabled
1702423860.637057,0,GPU-93ae0c7f-c327-aee3-adae-bc0d1dae71ea,0.45,0.5223904901481843,12282.0,5609.0,546.29,NVIDIA GeForce RTX 4070,[N/A],Enabled,Enabled
1702423861.637237,0,GPU-93ae0c7f-c327-aee3-adae-bc0d1dae71ea,0.4,0.5223904901481843,12282.0,5609.0,546.29,NVIDIA GeForce RTX 4070,[N/A],Enabled,Enabled
1702423862.637755,0,GPU-93ae0c7f-c327-aee3-adae-bc0d1dae71ea,0.44,0.5223904901481843,12282.0,5609.0,546.29,NVIDIA GeForce RTX 4070,[N/A],Enabled,Enabled
1702423863.63728,0,GPU-93ae0c7f-c327-aee3-adae-bc0d1dae71ea,0.41,0.5224719101123596,12282.0,5608.0,546.29,NVIDIA GeForce RTX 4070,[N/A],Enabled,Enabled
1702423864.637525,0,GPU-93ae0c7f-c327-aee3-adae-bc0d1dae71ea,0.42,0.5224719101123596,12282.0,5608.0,546.29,NVIDIA GeForce RTX 4070,[N/A],Enabled,Enabled
1702423865.637347,0,GPU-93ae0c7f-c327-aee3-adae-bc0d1dae71ea,0.42,0.5225533300765348,12282.0,5607.0,546.29,NVIDIA GeForce RTX 4070,[N/A],Enabled,Enabled
1702423866.637391,0,GPU-93ae0c7f-c327-aee3-adae-bc0d1dae71ea,0.38,0.5225533300765348,12282.0,5607.0,546.29,NVIDIA GeForce RTX 4070,[N/A],Enabled,Enabled
1702423867.637461,0,GPU-93ae0c7f-c327-aee3-adae-bc0d1dae71ea,0.43,0.5225533300765348,12282.0,5607.0,546.29,NVIDIA GeForce RTX 4070,[N/A],Enabled,Enabled
1702423868.63662,0,GPU-93ae0c7f-c327-aee3-adae-bc0d1dae71ea,0.43,0.5225533300765348,12282.0,5607.0,546.29,NVIDIA GeForce RTX 4070,[N/A],Enabled,Enabled
1702423869.637473,0,GPU-93ae0c7f-c327-aee3-adae-bc0d1dae71ea,0.38,0.5225533300765348,12282.0,5607.0,546.29,NVIDIA GeForce RTX 4070,[N/A],Enabled,Enabled
1702423870.637323,0,GPU-93ae0c7f-c327-aee3-adae-bc0d1dae71ea,0.36,0.5225533300765348,12282.0,5607.0,546.29,NVIDIA GeForce RTX 4070,[N/A],Enabled,Enabled
1702423871.636843,0,GPU-93ae0c7f-c327-aee3-adae-bc0d1dae71ea,0.34,0.5225533300765348,12282.0,5607.0,546.29,NVIDIA GeForce RTX 4070,[N/A],Enabled,Enabled
1702423872.637483,0,GPU-93ae0c7f-c327-aee3-adae-bc0d1dae71ea,0.46,0.5225533300765348,12282.0,5607.0,546.29,NVIDIA GeForce RTX 4070,[N/A],Enabled,Enabled
1702423873.636678,0,GPU-93ae0c7f-c327-aee3-adae-bc0d1dae71ea,0.44,0.5225533300765348,12282.0,5607.0,546.29,NVIDIA GeForce RTX 4070,[N/A],Enabled,Enabled
1702423874.637221,0,GPU-93ae0c7f-c327-aee3-adae-bc0d1dae71ea,0.42,0.5225533300765348,12282.0,5607.0,546.29,NVIDIA GeForce RTX 4070,[N/A],Enabled,Enabled
1702423875.636942,0,GPU-93ae0c7f-c327-aee3-adae-bc0d1dae71ea,0.39,0.5225533300765348,12282.0,5607.0,546.29,NVIDIA GeForce RTX 4070,[N/A],Enabled,Enabled
1702423876.63744,0,GPU-93ae0c7f-c327-aee3-adae-bc0d1dae71ea,0.41,0.5223904901481843,12282.0,5609.0,546.29,NVIDIA GeForce RTX 4070,[N/A],Enabled,Enabled
1702423877.637251,0,GPU-93ae0c7f-c327-aee3-adae-bc0d1dae71ea,0.4,0.5223904901481843,12282.0,5609.0,546.29,NVIDIA GeForce RTX 4070,[N/A],Enabled,Enabled
1702423878.637761,0,GPU-93ae0c7f-c327-aee3-adae-bc0d1dae71ea,0.42,0.5222276502198339,12282.0,5611.0,546.29,NVIDIA GeForce RTX 4070,[N/A],Enabled,Enabled
1702423879.637671,0,GPU-93ae0c7f-c327-aee3-adae-bc0d1dae71ea,0.37,0.5218205503989578,12282.0,5616.0,546.29,NVIDIA GeForce RTX 4070,[N/A],Enabled,Enabled
1702423880.637257,0,GPU-93ae0c7f-c327-aee3-adae-bc0d1dae71ea,0.44,0.5218205503989578,12282.0,5616.0,546.29,NVIDIA GeForce RTX 4070,[N/A],Enabled,Enabled
1702423881.637208,0,GPU-93ae0c7f-c327-aee3-adae-bc0d1dae71ea,0.4,0.5218205503989578,12282.0,5616.0,546.29,NVIDIA GeForce RTX 4070,[N/A],Enabled,Enabled
1702423882.637389,0,GPU-93ae0c7f-c327-aee3-adae-bc0d1dae71ea,0.4,0.5212506106497313,12282.0,5623.0,546.29,NVIDIA GeForce RTX 4070,[N/A],Enabled,Enabled
1702423883.637858,0,GPU-93ae0c7f-c327-aee3-adae-bc0d1dae71ea,0.36,0.5207620908646801,12282.0,5629.0,546.29,NVIDIA GeForce RTX 4070,[N/A],Enabled,Enabled
1702423884.636778,0,GPU-93ae0c7f-c327-aee3-adae-bc0d1dae71ea,0.44,0.5207620908646801,12282.0,5629.0,546.29,NVIDIA GeForce RTX 4070,[N/A],Enabled,Enabled
1702423885.637297,0,GPU-93ae0c7f-c327-aee3-adae-bc0d1dae71ea,0.43,0.5207620908646801,12282.0,5629.0,546.29,NVIDIA GeForce RTX 4070,[N/A],Enabled,Enabled
1702423886.637421,0,GPU-93ae0c7f-c327-aee3-adae-bc0d1dae71ea,0.38,0.5207620908646801,12282.0,5629.0,546.29,NVIDIA GeForce RTX 4070,[N/A],Enabled,Enabled
1702423887.637073,0,GPU-93ae0c7f-c327-aee3-adae-bc0d1dae71ea,0.36,0.5204364110079791,12282.0,5633.0,546.29,NVIDIA GeForce RTX 4070,[N/A],Enabled,Enabled
1702423888.637252,0,GPU-93ae0c7f-c327-aee3-adae-bc0d1dae71ea,0.38,0.5204364110079791,12282.0,5633.0,546.29,NVIDIA GeForce RTX 4070,[N/A],Enabled,Enabled
1702423889.637686,0,GPU-93ae0c7f-c327-aee3-adae-bc0d1dae71ea,0.42,0.5204364110079791,12282.0,5633.0,546.29,NVIDIA GeForce RTX 4070,[N/A],Enabled,Enabled
1702423890.636937,0,GPU-93ae0c7f-c327-aee3-adae-bc0d1dae71ea,0.43,0.5191336915811757,12282.0,5649.0,546.29,NVIDIA GeForce RTX 4070,[N/A],Enabled,Enabled
1702423891.637596,0,GPU-93ae0c7f-c327-aee3-adae-bc0d1dae71ea,0.43,0.5191336915811757,12282.0,5649.0,546.29,NVIDIA GeForce RTX 4070,[N/A],Enabled,Enabled
1702423892.637138,0,GPU-93ae0c7f-c327-aee3-adae-bc0d1dae71ea,0.38,0.5188080117244749,12282.0,5653.0,546.29,NVIDIA GeForce RTX 4070,[N/A],Enabled,Enabled
1702423893.637857,0,GPU-93ae0c7f-c327-aee3-adae-bc0d1dae71ea,0.41,0.5188080117244749,12282.0,5653.0,546.29,NVIDIA GeForce RTX 4070,[N/A],Enabled,Enabled
1702423894.637859,0,GPU-93ae0c7f-c327-aee3-adae-bc0d1dae71ea,0.46,0.5188080117244749,12282.0,5653.0,546.29,NVIDIA GeForce RTX 4070,[N/A],Enabled,Enabled
1702423895.637186,0,GPU-93ae0c7f-c327-aee3-adae-bc0d1dae71ea,0.41,0.5188080117244749,12282.0,5653.0,546.29,NVIDIA GeForce RTX 4070,[N/A],Enabled,Enabled
1702423896.637888,0,GPU-93ae0c7f-c327-aee3-adae-bc0d1dae71ea,0.42,0.5192151115453509,12282.0,5648.0,546.29,NVIDIA GeForce RTX 4070,[N/A],Enabled,Enabled
1702423897.637467,0,GPU-93ae0c7f-c327-aee3-adae-bc0d1dae71ea,0.45,0.5192151115453509,12282.0,5648.0,546.29,NVIDIA GeForce RTX 4070,[N/A],Enabled,Enabled
1702423898.636934,0,GPU-93ae0c7f-c327-aee3-adae-bc0d1dae71ea,0.47,0.5192151115453509,12282.0,5648.0,546.29,NVIDIA GeForce RTX 4070,[N/A],Enabled,Enabled
1702423899.637764,0,GPU-93ae0c7f-c327-aee3-adae-bc0d1dae71ea,0.39,0.5192151115453509,12282.0,5648.0,546.29,NVIDIA GeForce RTX 4070,[N/A],Enabled,Enabled
1702423900.637599,0,GPU-93ae0c7f-c327-aee3-adae-bc0d1dae71ea,0.44,0.5192151115453509,12282.0,5648.0,546.29,NVIDIA GeForce RTX 4070,[N/A],Enabled,Enabled
1702423901.637288,0,GPU-93ae0c7f-c327-aee3-adae-bc0d1dae71ea,0.38,0.5192151115453509,12282.0,5648.0,546.29,NVIDIA GeForce RTX 4070,[N/A],Enabled,Enabled
1702423902.637456,0,GPU-93ae0c7f-c327-aee3-adae-bc0d1dae71ea,0.38,0.5192151115453509,12282.0,5648.0,546.29,NVIDIA GeForce RTX 4070,[N/A],Enabled,Enabled
1702423903.637252,0,GPU-93ae0c7f-c327-aee3-adae-bc0d1dae71ea,0.39,0.5192151115453509,12282.0,5648.0,546.29,NVIDIA GeForce RTX 4070,[N/A],Enabled,Enabled
1702423904.63724,0,GPU-93ae0c7f-c327-aee3-adae-bc0d1dae71ea,0.45,0.5192151115453509,12282.0,5648.0,546.29,NVIDIA GeForce RTX 4070,[N/A],Enabled,Enabled
1702423905.637572,0,GPU-93ae0c7f-c327-aee3-adae-bc0d1dae71ea,0.42,0.5192151115453509,12282.0,5648.0,546.29,NVIDIA GeForce RTX 4070,[N/A],Enabled,Enabled
1702423906.63782,0,GPU-93ae0c7f-c327-aee3-adae-bc0d1dae71ea,0.44,0.5191336915811757,12282.0,5649.0,546.29,NVIDIA GeForce RTX 4070,[N/A],Enabled,Enabled
1702423907.637037,0,GPU-93ae0c7f-c327-aee3-adae-bc0d1dae71ea,0.39,0.5191336915811757,12282.0,5649.0,546.29,NVIDIA GeForce RTX 4070,[N/A],Enabled,Enabled
1702423908.638176,0,GPU-93ae0c7f-c327-aee3-adae-bc0d1dae71ea,0.42,0.5191336915811757,12282.0,5649.0,546.29,NVIDIA GeForce RTX 4070,[N/A],Enabled,Enabled
1702423909.636975,0,GPU-93ae0c7f-c327-aee3-adae-bc0d1dae71ea,0.37,0.5191336915811757,12282.0,5649.0,546.29,NVIDIA GeForce RTX 4070,[N/A],Enabled,Enabled
1702423910.636571,0,GPU-93ae0c7f-c327-aee3-adae-bc0d1dae71ea,0.37,0.5192151115453509,12282.0,5648.0,546.29,NVIDIA GeForce RTX 4070,[N/A],Enabled,Enabled
1702423911.637196,0,GPU-93ae0c7f-c327-aee3-adae-bc0d1dae71ea,0.39,0.5192151115453509,12282.0,5648.0,546.29,NVIDIA GeForce RTX 4070,[N/A],Enabled,Enabled
1702423912.637114,0,GPU-93ae0c7f-c327-aee3-adae-bc0d1dae71ea,0.39,0.5192151115453509,12282.0,5648.0,546.29,NVIDIA GeForce RTX 4070,[N/A],Enabled,Enabled
1702423913.637948,0,GPU-93ae0c7f-c327-aee3-adae-bc0d1dae71ea,0.38,0.5192151115453509,12282.0,5648.0,546.29,NVIDIA GeForce RTX 4070,[N/A],Enabled,Enabled
1702423914.637285,0,GPU-93ae0c7f-c327-aee3-adae-bc0d1dae71ea,0.42,0.5192151115453509,12282.0,5648.0,546.29,NVIDIA GeForce RTX 4070,[N/A],Enabled,Enabled
1702423915.637269,0,GPU-93ae0c7f-c327-aee3-adae-bc0d1dae71ea,0.39,0.5192151115453509,12282.0,5648.0,546.29,NVIDIA GeForce RTX 4070,[N/A],Enabled,Enabled
1702423916.637521,0,GPU-93ae0c7f-c327-aee3-adae-bc0d1dae71ea,0.36,0.5207620908646801,12282.0,5629.0,546.29,NVIDIA GeForce RTX 4070,[N/A],Enabled,Enabled
1702423917.637,0,GPU-93ae0c7f-c327-aee3-adae-bc0d1dae71ea,0.38,0.5207620908646801,12282.0,5629.0,546.29,NVIDIA GeForce RTX 4070,[N/A],Enabled,Enabled
1702423918.637248,0,GPU-93ae0c7f-c327-aee3-adae-bc0d1dae71ea,0.42,0.5207620908646801,12282.0,5629.0,546.29,NVIDIA GeForce RTX 4070,[N/A],Enabled,Enabled
1702423919.636784,0,GPU-93ae0c7f-c327-aee3-adae-bc0d1dae71ea,0.42,0.5207620908646801,12282.0,5629.0,546.29,NVIDIA GeForce RTX 4070,[N/A],Enabled,Enabled
1702423920.637296,0,GPU-93ae0c7f-c327-aee3-adae-bc0d1dae71ea,0.38,0.5207620908646801,12282.0,5629.0,546.29,NVIDIA GeForce RTX 4070,[N/A],Enabled,Enabled
1702423921.637222,0,GPU-93ae0c7f-c327-aee3-adae-bc0d1dae71ea,0.36,0.5205992509363296,12282.0,5631.0,546.29,NVIDIA GeForce RTX 4070,[N/A],Enabled,Enabled
1702423922.637109,0,GPU-93ae0c7f-c327-aee3-adae-bc0d1dae71ea,0.44,0.5205992509363296,12282.0,5631.0,546.29,NVIDIA GeForce RTX 4070,[N/A],Enabled,Enabled
1702423923.637096,0,GPU-93ae0c7f-c327-aee3-adae-bc0d1dae71ea,0.4,0.5205992509363296,12282.0,5631.0,546.29,NVIDIA GeForce RTX 4070,[N/A],Enabled,Enabled
1702423924.63688,0,GPU-93ae0c7f-c327-aee3-adae-bc0d1dae71ea,0.39,0.5205992509363296,12282.0,5631.0,546.29,NVIDIA GeForce RTX 4070,[N/A],Enabled,Enabled
1702423925.637334,0,GPU-93ae0c7f-c327-aee3-adae-bc0d1dae71ea,0.4,0.5205992509363296,12282.0,5631.0,546.29,NVIDIA GeForce RTX 4070,[N/A],Enabled,Enabled
1702423926.637562,0,GPU-93ae0c7f-c327-aee3-adae-bc0d1dae71ea,0.46,0.5205992509363296,12282.0,5631.0,546.29,NVIDIA GeForce RTX 4070,[N/A],Enabled,Enabled
1702423927.637568,0,GPU-93ae0c7f-c327-aee3-adae-bc0d1dae71ea,0.47,0.5205992509363296,12282.0,5631.0,546.29,NVIDIA GeForce RTX 4070,[N/A],Enabled,Enabled
1702423928.637334,0,GPU-93ae0c7f-c327-aee3-adae-bc0d1dae71ea,0.43,0.5205992509363296,12282.0,5631.0,546.29,NVIDIA GeForce RTX 4070,[N/A],Enabled,Enabled
1702423929.637213,0,GPU-93ae0c7f-c327-aee3-adae-bc0d1dae71ea,0.4,0.5205992509363296,12282.0,5631.0,546.29,NVIDIA GeForce RTX 4070,[N/A],Enabled,Enabled
1702423930.637362,0,GPU-93ae0c7f-c327-aee3-adae-bc0d1dae71ea,0.47,0.5205992509363296,12282.0,5631.0,546.29,NVIDIA GeForce RTX 4070,[N/A],Enabled,Enabled
1702423931.637099,0,GPU-93ae0c7f-c327-aee3-adae-bc0d1dae71ea,0.37,0.5205992509363296,12282.0,5631.0,546.29,NVIDIA GeForce RTX 4070,[N/A],Enabled,Enabled
1702423932.636914,0,GPU-93ae0c7f-c327-aee3-adae-bc0d1dae71ea,0.43,0.5205992509363296,12282.0,5631.0,546.29,NVIDIA GeForce RTX 4070,[N/A],Enabled,Enabled
1702423933.636639,0,GPU-93ae0c7f-c327-aee3-adae-bc0d1dae71ea,0.44,0.5205992509363296,12282.0,5631.0,546.29,NVIDIA GeForce RTX 4070,[N/A],Enabled,Enabled
1702423934.637614,0,GPU-93ae0c7f-c327-aee3-adae-bc0d1dae71ea,0.43,0.5205992509363296,12282.0,5631.0,546.29,NVIDIA GeForce RTX 4070,[N/A],Enabled,Enabled
1702423935.637287,0,GPU-93ae0c7f-c327-aee3-adae-bc0d1dae71ea,0.4,0.5205992509363296,12282.0,5631.0,546.29,NVIDIA GeForce RTX 4070,[N/A],Enabled,Enabled
1702423936.637697,0,GPU-93ae0c7f-c327-aee3-adae-bc0d1dae71ea,0.39,0.5205992509363296,12282.0,5631.0,546.29,NVIDIA GeForce RTX 4070,[N/A],Enabled,Enabled
1702423937.637443,0,GPU-93ae0c7f-c327-aee3-adae-bc0d1dae71ea,0.4,0.5204364110079791,12282.0,5633.0,546.29,NVIDIA GeForce RTX 4070,[N/A],Enabled,Enabled
1702423938.636822,0,GPU-93ae0c7f-c327-aee3-adae-bc0d1dae71ea,0.48,0.5204364110079791,12282.0,5633.0,546.29,NVIDIA GeForce RTX 4070,[N/A],Enabled,Enabled
1702423939.63751,0,GPU-93ae0c7f-c327-aee3-adae-bc0d1dae71ea,0.46,0.5204364110079791,12282.0,5633.0,546.29,NVIDIA GeForce RTX 4070,[N/A],Enabled,Enabled
1702423940.637341,0,GPU-93ae0c7f-c327-aee3-adae-bc0d1dae71ea,0.41,0.5203549910438039,12282.0,5634.0,546.29,NVIDIA GeForce RTX 4070,[N/A],Enabled,Enabled
1702423941.637547,0,GPU-93ae0c7f-c327-aee3-adae-bc0d1dae71ea,0.38,0.5203549910438039,12282.0,5634.0,546.29,NVIDIA GeForce RTX 4070,[N/A],Enabled,Enabled
1702423942.636771,0,GPU-93ae0c7f-c327-aee3-adae-bc0d1dae71ea,0.42,0.5203549910438039,12282.0,5634.0,546.29,NVIDIA GeForce RTX 4070,[N/A],Enabled,Enabled
1702423943.636815,0,GPU-93ae0c7f-c327-aee3-adae-bc0d1dae71ea,0.39,0.5203549910438039,12282.0,5634.0,546.29,NVIDIA GeForce RTX 4070,[N/A],Enabled,Enabled
1702423944.637777,0,GPU-93ae0c7f-c327-aee3-adae-bc0d1dae71ea,0.43,0.5198664712587526,12282.0,5640.0,546.29,NVIDIA GeForce RTX 4070,[N/A],Enabled,Enabled
1702423945.637123,0,GPU-93ae0c7f-c327-aee3-adae-bc0d1dae71ea,0.46,0.5205992509363296,12282.0,5631.0,546.29,NVIDIA GeForce RTX 4070,[N/A],Enabled,Enabled
1702423946.637428,0,GPU-93ae0c7f-c327-aee3-adae-bc0d1dae71ea,0.41,0.520029311187103,12282.0,5638.0,546.29,NVIDIA GeForce RTX 4070,[N/A],Enabled,Enabled
1702423947.637251,0,GPU-93ae0c7f-c327-aee3-adae-bc0d1dae71ea,0.39,0.5197850512945774,12282.0,5641.0,546.29,NVIDIA GeForce RTX 4070,[N/A],Enabled,Enabled
1702423948.637283,0,GPU-93ae0c7f-c327-aee3-adae-bc0d1dae71ea,0.49,0.5197036313304022,12282.0,5642.0,546.29,NVIDIA GeForce RTX 4070,[N/A],Enabled,Enabled
1702423949.637261,0,GPU-93ae0c7f-c327-aee3-adae-bc0d1dae71ea,0.4,0.5197036313304022,12282.0,5642.0,546.29,NVIDIA GeForce RTX 4070,[N/A],Enabled,Enabled
1702423950.636761,0,GPU-93ae0c7f-c327-aee3-adae-bc0d1dae71ea,0.39,0.5197036313304022,12282.0,5642.0,546.29,NVIDIA GeForce RTX 4070,[N/A],Enabled,Enabled
1702423951.637187,0,GPU-93ae0c7f-c327-aee3-adae-bc0d1dae71ea,0.4,0.5197036313304022,12282.0,5642.0,546.29,NVIDIA GeForce RTX 4070,[N/A],Enabled,Enabled
1702423952.637368,0,GPU-93ae0c7f-c327-aee3-adae-bc0d1dae71ea,0.43,0.5195407914020518,12282.0,5644.0,546.29,NVIDIA GeForce RTX 4070,[N/A],Enabled,Enabled
1702423953.637354,0,GPU-93ae0c7f-c327-aee3-adae-bc0d1dae71ea,0.4,0.5195407914020518,12282.0,5644.0,546.29,NVIDIA GeForce RTX 4070,[N/A],Enabled,Enabled
1702423954.638107,0,GPU-93ae0c7f-c327-aee3-adae-bc0d1dae71ea,0.38,0.5195407914020518,12282.0,5644.0,546.29,NVIDIA GeForce RTX 4070,[N/A],Enabled,Enabled
1702423955.637501,0,GPU-93ae0c7f-c327-aee3-adae-bc0d1dae71ea,0.38,0.5195407914020518,12282.0,5644.0,546.29,NVIDIA GeForce RTX 4070,[N/A],Enabled,Enabled
1702423956.637536,0,GPU-93ae0c7f-c327-aee3-adae-bc0d1dae71ea,0.4,0.5195407914020518,12282.0,5644.0,546.29,NVIDIA GeForce RTX 4070,[N/A],Enabled,Enabled
1702423957.637203,0,GPU-93ae0c7f-c327-aee3-adae-bc0d1dae71ea,0.35,0.5191336915811757,12282.0,5649.0,546.29,NVIDIA GeForce RTX 4070,[N/A],Enabled,Enabled
1702423958.637235,0,GPU-93ae0c7f-c327-aee3-adae-bc0d1dae71ea,0.3,0.5170167725126201,12282.0,5675.0,546.29,NVIDIA GeForce RTX 4070,[N/A],Enabled,Enabled
1702423959.636934,0,GPU-93ae0c7f-c327-aee3-adae-bc0d1dae71ea,0.3,0.5170167725126201,12282.0,5675.0,546.29,NVIDIA GeForce RTX 4070,[N/A],Enabled,Enabled
1702423960.637689,0,GPU-93ae0c7f-c327-aee3-adae-bc0d1dae71ea,0.27,0.5127015144113337,12282.0,5728.0,546.29,NVIDIA GeForce RTX 4070,[N/A],Enabled,Enabled
1702423961.63686,0,GPU-93ae0c7f-c327-aee3-adae-bc0d1dae71ea,0.28,0.5120501546979319,12282.0,5736.0,546.29,NVIDIA GeForce RTX 4070,[N/A],Enabled,Enabled
1702423962.637352,0,GPU-93ae0c7f-c327-aee3-adae-bc0d1dae71ea,0.28,0.5120501546979319,12282.0,5736.0,546.29,NVIDIA GeForce RTX 4070,[N/A],Enabled,Enabled
1702423963.638487,0,GPU-93ae0c7f-c327-aee3-adae-bc0d1dae71ea,0.28,0.5120501546979319,12282.0,5736.0,546.29,NVIDIA GeForce RTX 4070,[N/A],Enabled,Enabled
1702423964.637268,0,GPU-93ae0c7f-c327-aee3-adae-bc0d1dae71ea,0.31,0.5162839928350431,12282.0,5684.0,546.29,NVIDIA GeForce RTX 4070,[N/A],Enabled,Enabled
1702423965.63701,0,GPU-93ae0c7f-c327-aee3-adae-bc0d1dae71ea,0.3,0.5162839928350431,12282.0,5684.0,546.29,NVIDIA GeForce RTX 4070,[N/A],Enabled,Enabled
1702423966.637792,0,GPU-93ae0c7f-c327-aee3-adae-bc0d1dae71ea,0.26,0.5120501546979319,12282.0,5736.0,546.29,NVIDIA GeForce RTX 4070,[N/A],Enabled,Enabled
1702423967.63809,0,GPU-93ae0c7f-c327-aee3-adae-bc0d1dae71ea,0.26,0.5119687347337567,12282.0,5737.0,546.29,NVIDIA GeForce RTX 4070,[N/A],Enabled,Enabled
1702423968.636631,0,GPU-93ae0c7f-c327-aee3-adae-bc0d1dae71ea,0.27,0.5119687347337567,12282.0,5737.0,546.29,NVIDIA GeForce RTX 4070,[N/A],Enabled,Enabled
1702423969.637826,0,GPU-93ae0c7f-c327-aee3-adae-bc0d1dae71ea,0.27,0.5119687347337567,12282.0,5737.0,546.29,NVIDIA GeForce RTX 4070,[N/A],Enabled,Enabled
1702423970.637649,0,GPU-93ae0c7f-c327-aee3-adae-bc0d1dae71ea,0.27,0.5119687347337567,12282.0,5737.0,546.29,NVIDIA GeForce RTX 4070,[N/A],Enabled,Enabled
1702423971.637307,0,GPU-93ae0c7f-c327-aee3-adae-bc0d1dae71ea,0.27,0.5119687347337567,12282.0,5737.0,546.29,NVIDIA GeForce RTX 4070,[N/A],Enabled,Enabled
1702423972.637114,0,GPU-93ae0c7f-c327-aee3-adae-bc0d1dae71ea,0.27,0.5119687347337567,12282.0,5737.0,546.29,NVIDIA GeForce RTX 4070,[N/A],Enabled,Enabled
1702423973.637673,0,GPU-93ae0c7f-c327-aee3-adae-bc0d1dae71ea,0.27,0.5119687347337567,12282.0,5737.0,546.29,NVIDIA GeForce RTX 4070,[N/A],Enabled,Enabled
1702423974.637514,0,GPU-93ae0c7f-c327-aee3-adae-bc0d1dae71ea,0.12,0.32714541605601694,12282.0,8007.0,546.29,NVIDIA GeForce RTX 4070,[N/A],Enabled,Enabled
1702423975.637413,0,GPU-93ae0c7f-c327-aee3-adae-bc0d1dae71ea,0.17,0.32975085490962386,12282.0,7975.0,546.29,NVIDIA GeForce RTX 4070,[N/A],Enabled,Enabled
1702423976.637132,0,GPU-93ae0c7f-c327-aee3-adae-bc0d1dae71ea,0.15,0.33040221462302555,12282.0,7967.0,546.29,NVIDIA GeForce RTX 4070,[N/A],Enabled,Enabled
1702423977.637338,0,GPU-93ae0c7f-c327-aee3-adae-bc0d1dae71ea,0.15,0.33040221462302555,12282.0,7967.0,546.29,NVIDIA GeForce RTX 4070,[N/A],Enabled,Enabled
1702423978.637493,0,GPU-93ae0c7f-c327-aee3-adae-bc0d1dae71ea,0.15,0.3302393746946751,12282.0,7969.0,546.29,NVIDIA GeForce RTX 4070,[N/A],Enabled,Enabled
1702423979.637474,0,GPU-93ae0c7f-c327-aee3-adae-bc0d1dae71ea,0.15,0.3302393746946751,12282.0,7969.0,546.29,NVIDIA GeForce RTX 4070,[N/A],Enabled,Enabled
1702423980.636656,0,GPU-93ae0c7f-c327-aee3-adae-bc0d1dae71ea,0.15,0.3302393746946751,12282.0,7969.0,546.29,NVIDIA GeForce RTX 4070,[N/A],Enabled,Enabled
