timestamp,id,uuid,load,memoryUtil,memoryTotal,memoryUsed,memoryFree,driver,name,serial,display_mode,display_active
1709236598.728407,0,GPU-93ae0c7f-c327-aee3-adae-bc0d1dae71ea,0.14,0.24344569288389514,12282.0,9021.0,551.52,NVIDIA GeForce RTX 4070,[N/A],Enabled,Enabled
1709236599.725345,0,GPU-93ae0c7f-c327-aee3-adae-bc0d1dae71ea,0.15,0.24344569288389514,12282.0,9021.0,551.52,NVIDIA GeForce RTX 4070,[N/A],Enabled,Enabled
1709236600.725686,0,GPU-93ae0c7f-c327-aee3-adae-bc0d1dae71ea,0.14,0.24344569288389514,12282.0,9021.0,551.52,NVIDIA GeForce RTX 4070,[N/A],Enabled,Enabled
1709236601.725146,0,GPU-93ae0c7f-c327-aee3-adae-bc0d1dae71ea,0.13,0.2432828529555447,12282.0,9023.0,551.52,NVIDIA GeForce RTX 4070,[N/A],Enabled,Enabled
1709236602.72608,0,GPU-93ae0c7f-c327-aee3-adae-bc0d1dae71ea,0.13,0.2432828529555447,12282.0,9023.0,551.52,NVIDIA GeForce RTX 4070,[N/A],Enabled,Enabled
1709236603.725397,0,GPU-93ae0c7f-c327-aee3-adae-bc0d1dae71ea,0.13,0.2432828529555447,12282.0,9023.0,551.52,NVIDIA GeForce RTX 4070,[N/A],Enabled,Enabled
1709236604.725501,0,GPU-93ae0c7f-c327-aee3-adae-bc0d1dae71ea,0.13,0.2432828529555447,12282.0,9023.0,551.52,NVIDIA GeForce RTX 4070,[N/A],Enabled,Enabled
1709236605.725527,0,GPU-93ae0c7f-c327-aee3-adae-bc0d1dae71ea,0.14,0.2432828529555447,12282.0,9023.0,551.52,NVIDIA GeForce RTX 4070,[N/A],Enabled,Enabled
1709236606.725504,0,GPU-93ae0c7f-c327-aee3-adae-bc0d1dae71ea,0.13,0.2432828529555447,12282.0,9023.0,551.52,NVIDIA GeForce RTX 4070,[N/A],Enabled,Enabled
1709236607.725793,0,GPU-93ae0c7f-c327-aee3-adae-bc0d1dae71ea,0.13,0.2432828529555447,12282.0,9023.0,551.52,NVIDIA GeForce RTX 4070,[N/A],Enabled,Enabled
1709236608.725509,0,GPU-93ae0c7f-c327-aee3-adae-bc0d1dae71ea,0.13,0.2432828529555447,12282.0,9023.0,551.52,NVIDIA GeForce RTX 4070,[N/A],Enabled,Enabled
1709236609.725147,0,GPU-93ae0c7f-c327-aee3-adae-bc0d1dae71ea,0.14,0.2432828529555447,12282.0,9023.0,551.52,NVIDIA GeForce RTX 4070,[N/A],Enabled,Enabled
1709236610.726125,0,GPU-93ae0c7f-c327-aee3-adae-bc0d1dae71ea,0.14,0.2432828529555447,12282.0,9023.0,551.52,NVIDIA GeForce RTX 4070,[N/A],Enabled,Enabled
1709236611.725048,0,GPU-93ae0c7f-c327-aee3-adae-bc0d1dae71ea,0.14,0.2432828529555447,12282.0,9023.0,551.52,NVIDIA GeForce RTX 4070,[N/A],Enabled,Enabled
1709236612.725295,0,GPU-93ae0c7f-c327-aee3-adae-bc0d1dae71ea,0.13,0.2432828529555447,12282.0,9023.0,551.52,NVIDIA GeForce RTX 4070,[N/A],Enabled,Enabled
1709236613.72584,0,GPU-93ae0c7f-c327-aee3-adae-bc0d1dae71ea,0.14,0.24206155349291647,12282.0,9038.0,551.52,NVIDIA GeForce RTX 4070,[N/A],Enabled,Enabled
1709236614.726147,0,GPU-93ae0c7f-c327-aee3-adae-bc0d1dae71ea,0.16,0.24368995277642078,12282.0,9018.0,551.52,NVIDIA GeForce RTX 4070,[N/A],Enabled,Enabled
1709236615.726097,0,GPU-93ae0c7f-c327-aee3-adae-bc0d1dae71ea,0.2,0.3496173261683765,12282.0,7717.0,551.52,NVIDIA GeForce RTX 4070,[N/A],Enabled,Enabled
1709236616.725431,0,GPU-93ae0c7f-c327-aee3-adae-bc0d1dae71ea,0.08,0.3146067415730337,12282.0,8147.0,551.52,NVIDIA GeForce RTX 4070,[N/A],Enabled,Enabled
1709236617.725223,0,GPU-93ae0c7f-c327-aee3-adae-bc0d1dae71ea,0.08,0.3146067415730337,12282.0,8147.0,551.52,NVIDIA GeForce RTX 4070,[N/A],Enabled,Enabled
1709236618.725893,0,GPU-93ae0c7f-c327-aee3-adae-bc0d1dae71ea,0.08,0.3145253216088585,12282.0,8148.0,551.52,NVIDIA GeForce RTX 4070,[N/A],Enabled,Enabled
1709236619.72604,0,GPU-93ae0c7f-c327-aee3-adae-bc0d1dae71ea,0.05,0.24417847256147207,12282.0,9012.0,551.52,NVIDIA GeForce RTX 4070,[N/A],Enabled,Enabled
1709236620.725969,0,GPU-93ae0c7f-c327-aee3-adae-bc0d1dae71ea,0.32,0.4759811105683113,12282.0,6165.0,551.52,NVIDIA GeForce RTX 4070,[N/A],Enabled,Enabled
1709236621.725347,0,GPU-93ae0c7f-c327-aee3-adae-bc0d1dae71ea,0.31,0.4428431851489985,12282.0,6572.0,551.52,NVIDIA GeForce RTX 4070,[N/A],Enabled,Enabled
1709236622.726868,0,GPU-93ae0c7f-c327-aee3-adae-bc0d1dae71ea,0.31,0.4428431851489985,12282.0,6572.0,551.52,NVIDIA GeForce RTX 4070,[N/A],Enabled,Enabled
1709236623.725371,0,GPU-93ae0c7f-c327-aee3-adae-bc0d1dae71ea,0.29,0.43812082722683604,12282.0,6630.0,551.52,NVIDIA GeForce RTX 4070,[N/A],Enabled,Enabled
1709236624.725441,0,GPU-93ae0c7f-c327-aee3-adae-bc0d1dae71ea,0.29,0.4428431851489985,12282.0,6572.0,551.52,NVIDIA GeForce RTX 4070,[N/A],Enabled,Enabled
1709236625.725701,0,GPU-93ae0c7f-c327-aee3-adae-bc0d1dae71ea,0.28,0.4436573847907507,12282.0,6562.0,551.52,NVIDIA GeForce RTX 4070,[N/A],Enabled,Enabled
1709236626.72594,0,GPU-93ae0c7f-c327-aee3-adae-bc0d1dae71ea,0.29,0.4436573847907507,12282.0,6562.0,551.52,NVIDIA GeForce RTX 4070,[N/A],Enabled,Enabled
1709236627.725185,0,GPU-93ae0c7f-c327-aee3-adae-bc0d1dae71ea,0.27,0.4436573847907507,12282.0,6562.0,551.52,NVIDIA GeForce RTX 4070,[N/A],Enabled,Enabled
1709236628.72553,0,GPU-93ae0c7f-c327-aee3-adae-bc0d1dae71ea,0.29,0.4390164468327634,12282.0,6619.0,551.52,NVIDIA GeForce RTX 4070,[N/A],Enabled,Enabled
1709236629.726109,0,GPU-93ae0c7f-c327-aee3-adae-bc0d1dae71ea,0.3,0.4436573847907507,12282.0,6562.0,551.52,NVIDIA GeForce RTX 4070,[N/A],Enabled,Enabled
1709236630.725217,0,GPU-93ae0c7f-c327-aee3-adae-bc0d1dae71ea,0.27,0.4390164468327634,12282.0,6619.0,551.52,NVIDIA GeForce RTX 4070,[N/A],Enabled,Enabled
1709236631.725911,0,GPU-93ae0c7f-c327-aee3-adae-bc0d1dae71ea,0.28,0.4436573847907507,12282.0,6562.0,551.52,NVIDIA GeForce RTX 4070,[N/A],Enabled,Enabled
1709236632.725602,0,GPU-93ae0c7f-c327-aee3-adae-bc0d1dae71ea,0.3,0.4437388047549259,12282.0,6561.0,551.52,NVIDIA GeForce RTX 4070,[N/A],Enabled,Enabled
1709236633.725524,0,GPU-93ae0c7f-c327-aee3-adae-bc0d1dae71ea,0.3,0.4436573847907507,12282.0,6562.0,551.52,NVIDIA GeForce RTX 4070,[N/A],Enabled,Enabled
1709236634.725321,0,GPU-93ae0c7f-c327-aee3-adae-bc0d1dae71ea,0.3,0.4436573847907507,12282.0,6562.0,551.52,NVIDIA GeForce RTX 4070,[N/A],Enabled,Enabled
1709236635.725896,0,GPU-93ae0c7f-c327-aee3-adae-bc0d1dae71ea,0.26,0.4390164468327634,12282.0,6619.0,551.52,NVIDIA GeForce RTX 4070,[N/A],Enabled,Enabled
1709236636.725358,0,GPU-93ae0c7f-c327-aee3-adae-bc0d1dae71ea,0.27,0.4390164468327634,12282.0,6619.0,551.52,NVIDIA GeForce RTX 4070,[N/A],Enabled,Enabled
1709236637.726564,0,GPU-93ae0c7f-c327-aee3-adae-bc0d1dae71ea,0.29,0.4437388047549259,12282.0,6561.0,551.52,NVIDIA GeForce RTX 4070,[N/A],Enabled,Enabled
1709236638.726253,0,GPU-93ae0c7f-c327-aee3-adae-bc0d1dae71ea,0.29,0.4390164468327634,12282.0,6619.0,551.52,NVIDIA GeForce RTX 4070,[N/A],Enabled,Enabled
1709236639.72544,0,GPU-93ae0c7f-c327-aee3-adae-bc0d1dae71ea,0.3,0.4437388047549259,12282.0,6561.0,551.52,NVIDIA GeForce RTX 4070,[N/A],Enabled,Enabled
1709236640.725838,0,GPU-93ae0c7f-c327-aee3-adae-bc0d1dae71ea,0.27,0.4390164468327634,12282.0,6619.0,551.52,NVIDIA GeForce RTX 4070,[N/A],Enabled,Enabled
1709236641.725428,0,GPU-93ae0c7f-c327-aee3-adae-bc0d1dae71ea,0.26,0.4390164468327634,12282.0,6619.0,551.52,NVIDIA GeForce RTX 4070,[N/A],Enabled,Enabled
1709236642.726643,0,GPU-93ae0c7f-c327-aee3-adae-bc0d1dae71ea,0.3,0.4437388047549259,12282.0,6561.0,551.52,NVIDIA GeForce RTX 4070,[N/A],Enabled,Enabled
1709236643.725102,0,GPU-93ae0c7f-c327-aee3-adae-bc0d1dae71ea,0.24,0.4474841231069858,12282.0,6515.0,551.52,NVIDIA GeForce RTX 4070,[N/A],Enabled,Enabled
1709236644.725232,0,GPU-93ae0c7f-c327-aee3-adae-bc0d1dae71ea,0.38,0.4474841231069858,12282.0,6515.0,551.52,NVIDIA GeForce RTX 4070,[N/A],Enabled,Enabled
1709236645.725198,0,GPU-93ae0c7f-c327-aee3-adae-bc0d1dae71ea,0.42,0.4474841231069858,12282.0,6515.0,551.52,NVIDIA GeForce RTX 4070,[N/A],Enabled,Enabled
1709236646.725673,0,GPU-93ae0c7f-c327-aee3-adae-bc0d1dae71ea,0.44,0.4474841231069858,12282.0,6515.0,551.52,NVIDIA GeForce RTX 4070,[N/A],Enabled,Enabled
1709236647.72604,0,GPU-93ae0c7f-c327-aee3-adae-bc0d1dae71ea,0.38,0.4474841231069858,12282.0,6515.0,551.52,NVIDIA GeForce RTX 4070,[N/A],Enabled,Enabled
1709236648.726373,0,GPU-93ae0c7f-c327-aee3-adae-bc0d1dae71ea,0.43,0.4474841231069858,12282.0,6515.0,551.52,NVIDIA GeForce RTX 4070,[N/A],Enabled,Enabled
1709236649.725761,0,GPU-93ae0c7f-c327-aee3-adae-bc0d1dae71ea,0.37,0.4474841231069858,12282.0,6515.0,551.52,NVIDIA GeForce RTX 4070,[N/A],Enabled,Enabled
1709236650.72553,0,GPU-93ae0c7f-c327-aee3-adae-bc0d1dae71ea,0.38,0.4474841231069858,12282.0,6515.0,551.52,NVIDIA GeForce RTX 4070,[N/A],Enabled,Enabled
1709236651.726422,0,GPU-93ae0c7f-c327-aee3-adae-bc0d1dae71ea,0.36,0.4474841231069858,12282.0,6515.0,551.52,NVIDIA GeForce RTX 4070,[N/A],Enabled,Enabled
1709236652.726315,0,GPU-93ae0c7f-c327-aee3-adae-bc0d1dae71ea,0.42,0.4474841231069858,12282.0,6515.0,551.52,NVIDIA GeForce RTX 4070,[N/A],Enabled,Enabled
1709236653.726676,0,GPU-93ae0c7f-c327-aee3-adae-bc0d1dae71ea,0.46,0.4474841231069858,12282.0,6515.0,551.52,NVIDIA GeForce RTX 4070,[N/A],Enabled,Enabled
1709236654.725895,0,GPU-93ae0c7f-c327-aee3-adae-bc0d1dae71ea,0.41,0.4474841231069858,12282.0,6515.0,551.52,NVIDIA GeForce RTX 4070,[N/A],Enabled,Enabled
1709236655.725847,0,GPU-93ae0c7f-c327-aee3-adae-bc0d1dae71ea,0.4,0.4474841231069858,12282.0,6515.0,551.52,NVIDIA GeForce RTX 4070,[N/A],Enabled,Enabled
1709236656.726447,0,GPU-93ae0c7f-c327-aee3-adae-bc0d1dae71ea,0.41,0.4474841231069858,12282.0,6515.0,551.52,NVIDIA GeForce RTX 4070,[N/A],Enabled,Enabled
1709236657.72551,0,GPU-93ae0c7f-c327-aee3-adae-bc0d1dae71ea,0.42,0.4474841231069858,12282.0,6515.0,551.52,NVIDIA GeForce RTX 4070,[N/A],Enabled,Enabled
1709236658.726184,0,GPU-93ae0c7f-c327-aee3-adae-bc0d1dae71ea,0.42,0.4474841231069858,12282.0,6515.0,551.52,NVIDIA GeForce RTX 4070,[N/A],Enabled,Enabled
1709236659.726394,0,GPU-93ae0c7f-c327-aee3-adae-bc0d1dae71ea,0.4,0.4474841231069858,12282.0,6515.0,551.52,NVIDIA GeForce RTX 4070,[N/A],Enabled,Enabled
1709236660.725709,0,GPU-93ae0c7f-c327-aee3-adae-bc0d1dae71ea,0.42,0.4474841231069858,12282.0,6515.0,551.52,NVIDIA GeForce RTX 4070,[N/A],Enabled,Enabled
1709236661.726156,0,GPU-93ae0c7f-c327-aee3-adae-bc0d1dae71ea,0.43,0.4474841231069858,12282.0,6515.0,551.52,NVIDIA GeForce RTX 4070,[N/A],Enabled,Enabled
1709236662.725272,0,GPU-93ae0c7f-c327-aee3-adae-bc0d1dae71ea,0.37,0.4474841231069858,12282.0,6515.0,551.52,NVIDIA GeForce RTX 4070,[N/A],Enabled,Enabled
1709236663.725256,0,GPU-93ae0c7f-c327-aee3-adae-bc0d1dae71ea,0.4,0.4474841231069858,12282.0,6515.0,551.52,NVIDIA GeForce RTX 4070,[N/A],Enabled,Enabled
1709236664.726055,0,GPU-93ae0c7f-c327-aee3-adae-bc0d1dae71ea,0.4,0.4474841231069858,12282.0,6515.0,551.52,NVIDIA GeForce RTX 4070,[N/A],Enabled,Enabled
1709236665.725396,0,GPU-93ae0c7f-c327-aee3-adae-bc0d1dae71ea,0.41,0.4474841231069858,12282.0,6515.0,551.52,NVIDIA GeForce RTX 4070,[N/A],Enabled,Enabled
1709236666.726084,0,GPU-93ae0c7f-c327-aee3-adae-bc0d1dae71ea,0.45,0.4474841231069858,12282.0,6515.0,551.52,NVIDIA GeForce RTX 4070,[N/A],Enabled,Enabled
1709236667.725759,0,GPU-93ae0c7f-c327-aee3-adae-bc0d1dae71ea,0.44,0.4474841231069858,12282.0,6515.0,551.52,NVIDIA GeForce RTX 4070,[N/A],Enabled,Enabled
1709236668.726579,0,GPU-93ae0c7f-c327-aee3-adae-bc0d1dae71ea,0.44,0.4474841231069858,12282.0,6515.0,551.52,NVIDIA GeForce RTX 4070,[N/A],Enabled,Enabled
1709236669.72554,0,GPU-93ae0c7f-c327-aee3-adae-bc0d1dae71ea,0.47,0.4474841231069858,12282.0,6515.0,551.52,NVIDIA GeForce RTX 4070,[N/A],Enabled,Enabled
1709236670.726272,0,GPU-93ae0c7f-c327-aee3-adae-bc0d1dae71ea,0.47,0.4474841231069858,12282.0,6515.0,551.52,NVIDIA GeForce RTX 4070,[N/A],Enabled,Enabled
1709236671.726404,0,GPU-93ae0c7f-c327-aee3-adae-bc0d1dae71ea,0.4,0.4474841231069858,12282.0,6515.0,551.52,NVIDIA GeForce RTX 4070,[N/A],Enabled,Enabled
1709236672.725755,0,GPU-93ae0c7f-c327-aee3-adae-bc0d1dae71ea,0.46,0.4474841231069858,12282.0,6515.0,551.52,NVIDIA GeForce RTX 4070,[N/A],Enabled,Enabled
1709236673.72623,0,GPU-93ae0c7f-c327-aee3-adae-bc0d1dae71ea,0.4,0.4474841231069858,12282.0,6515.0,551.52,NVIDIA GeForce RTX 4070,[N/A],Enabled,Enabled
1709236674.72594,0,GPU-93ae0c7f-c327-aee3-adae-bc0d1dae71ea,0.39,0.4474841231069858,12282.0,6515.0,551.52,NVIDIA GeForce RTX 4070,[N/A],Enabled,Enabled
1709236675.725261,0,GPU-93ae0c7f-c327-aee3-adae-bc0d1dae71ea,0.42,0.4474841231069858,12282.0,6515.0,551.52,NVIDIA GeForce RTX 4070,[N/A],Enabled,Enabled
1709236676.726329,0,GPU-93ae0c7f-c327-aee3-adae-bc0d1dae71ea,0.39,0.4474841231069858,12282.0,6515.0,551.52,NVIDIA GeForce RTX 4070,[N/A],Enabled,Enabled
1709236677.725897,0,GPU-93ae0c7f-c327-aee3-adae-bc0d1dae71ea,0.4,0.4474841231069858,12282.0,6515.0,551.52,NVIDIA GeForce RTX 4070,[N/A],Enabled,Enabled
1709236678.725389,0,GPU-93ae0c7f-c327-aee3-adae-bc0d1dae71ea,0.45,0.4474841231069858,12282.0,6515.0,551.52,NVIDIA GeForce RTX 4070,[N/A],Enabled,Enabled
1709236679.725866,0,GPU-93ae0c7f-c327-aee3-adae-bc0d1dae71ea,0.4,0.4474841231069858,12282.0,6515.0,551.52,NVIDIA GeForce RTX 4070,[N/A],Enabled,Enabled
1709236680.725407,0,GPU-93ae0c7f-c327-aee3-adae-bc0d1dae71ea,0.42,0.4474841231069858,12282.0,6515.0,551.52,NVIDIA GeForce RTX 4070,[N/A],Enabled,Enabled
1709236681.725721,0,GPU-93ae0c7f-c327-aee3-adae-bc0d1dae71ea,0.39,0.4474841231069858,12282.0,6515.0,551.52,NVIDIA GeForce RTX 4070,[N/A],Enabled,Enabled
1709236682.725446,0,GPU-93ae0c7f-c327-aee3-adae-bc0d1dae71ea,0.42,0.4474841231069858,12282.0,6515.0,551.52,NVIDIA GeForce RTX 4070,[N/A],Enabled,Enabled
1709236683.725266,0,GPU-93ae0c7f-c327-aee3-adae-bc0d1dae71ea,0.38,0.4474841231069858,12282.0,6515.0,551.52,NVIDIA GeForce RTX 4070,[N/A],Enabled,Enabled
1709236684.72592,0,GPU-93ae0c7f-c327-aee3-adae-bc0d1dae71ea,0.46,0.4474841231069858,12282.0,6515.0,551.52,NVIDIA GeForce RTX 4070,[N/A],Enabled,Enabled
1709236685.725771,0,GPU-93ae0c7f-c327-aee3-adae-bc0d1dae71ea,0.38,0.4474841231069858,12282.0,6515.0,551.52,NVIDIA GeForce RTX 4070,[N/A],Enabled,Enabled
1709236686.726137,0,GPU-93ae0c7f-c327-aee3-adae-bc0d1dae71ea,0.45,0.4474841231069858,12282.0,6515.0,551.52,NVIDIA GeForce RTX 4070,[N/A],Enabled,Enabled
1709236687.725703,0,GPU-93ae0c7f-c327-aee3-adae-bc0d1dae71ea,0.41,0.4474841231069858,12282.0,6515.0,551.52,NVIDIA GeForce RTX 4070,[N/A],Enabled,Enabled
1709236688.725557,0,GPU-93ae0c7f-c327-aee3-adae-bc0d1dae71ea,0.39,0.4474841231069858,12282.0,6515.0,551.52,NVIDIA GeForce RTX 4070,[N/A],Enabled,Enabled
1709236689.725424,0,GPU-93ae0c7f-c327-aee3-adae-bc0d1dae71ea,0.4,0.4474841231069858,12282.0,6515.0,551.52,NVIDIA GeForce RTX 4070,[N/A],Enabled,Enabled
1709236690.725445,0,GPU-93ae0c7f-c327-aee3-adae-bc0d1dae71ea,0.39,0.4474841231069858,12282.0,6515.0,551.52,NVIDIA GeForce RTX 4070,[N/A],Enabled,Enabled
1709236691.72541,0,GPU-93ae0c7f-c327-aee3-adae-bc0d1dae71ea,0.43,0.4474841231069858,12282.0,6515.0,551.52,NVIDIA GeForce RTX 4070,[N/A],Enabled,Enabled
1709236692.725831,0,GPU-93ae0c7f-c327-aee3-adae-bc0d1dae71ea,0.37,0.4474841231069858,12282.0,6515.0,551.52,NVIDIA GeForce RTX 4070,[N/A],Enabled,Enabled
1709236693.725983,0,GPU-93ae0c7f-c327-aee3-adae-bc0d1dae71ea,0.4,0.4474841231069858,12282.0,6515.0,551.52,NVIDIA GeForce RTX 4070,[N/A],Enabled,Enabled
1709236694.72537,0,GPU-93ae0c7f-c327-aee3-adae-bc0d1dae71ea,0.46,0.4474841231069858,12282.0,6515.0,551.52,NVIDIA GeForce RTX 4070,[N/A],Enabled,Enabled
1709236695.726344,0,GPU-93ae0c7f-c327-aee3-adae-bc0d1dae71ea,0.38,0.4474841231069858,12282.0,6515.0,551.52,NVIDIA GeForce RTX 4070,[N/A],Enabled,Enabled
1709236696.72518,0,GPU-93ae0c7f-c327-aee3-adae-bc0d1dae71ea,0.38,0.4474841231069858,12282.0,6515.0,551.52,NVIDIA GeForce RTX 4070,[N/A],Enabled,Enabled
1709236697.725394,0,GPU-93ae0c7f-c327-aee3-adae-bc0d1dae71ea,0.4,0.4474841231069858,12282.0,6515.0,551.52,NVIDIA GeForce RTX 4070,[N/A],Enabled,Enabled
1709236698.725397,0,GPU-93ae0c7f-c327-aee3-adae-bc0d1dae71ea,0.46,0.4474841231069858,12282.0,6515.0,551.52,NVIDIA GeForce RTX 4070,[N/A],Enabled,Enabled
1709236699.725912,0,GPU-93ae0c7f-c327-aee3-adae-bc0d1dae71ea,0.41,0.4474841231069858,12282.0,6515.0,551.52,NVIDIA GeForce RTX 4070,[N/A],Enabled,Enabled
1709236700.725535,0,GPU-93ae0c7f-c327-aee3-adae-bc0d1dae71ea,0.44,0.4474841231069858,12282.0,6515.0,551.52,NVIDIA GeForce RTX 4070,[N/A],Enabled,Enabled
1709236701.725494,0,GPU-93ae0c7f-c327-aee3-adae-bc0d1dae71ea,0.38,0.4474841231069858,12282.0,6515.0,551.52,NVIDIA GeForce RTX 4070,[N/A],Enabled,Enabled
1709236702.725234,0,GPU-93ae0c7f-c327-aee3-adae-bc0d1dae71ea,0.41,0.4474841231069858,12282.0,6515.0,551.52,NVIDIA GeForce RTX 4070,[N/A],Enabled,Enabled
1709236703.725976,0,GPU-93ae0c7f-c327-aee3-adae-bc0d1dae71ea,0.4,0.4474841231069858,12282.0,6515.0,551.52,NVIDIA GeForce RTX 4070,[N/A],Enabled,Enabled
1709236704.72616,0,GPU-93ae0c7f-c327-aee3-adae-bc0d1dae71ea,0.39,0.4474841231069858,12282.0,6515.0,551.52,NVIDIA GeForce RTX 4070,[N/A],Enabled,Enabled
1709236705.725277,0,GPU-93ae0c7f-c327-aee3-adae-bc0d1dae71ea,0.43,0.4474841231069858,12282.0,6515.0,551.52,NVIDIA GeForce RTX 4070,[N/A],Enabled,Enabled
1709236706.725385,0,GPU-93ae0c7f-c327-aee3-adae-bc0d1dae71ea,0.38,0.4474841231069858,12282.0,6515.0,551.52,NVIDIA GeForce RTX 4070,[N/A],Enabled,Enabled
1709236707.72675,0,GPU-93ae0c7f-c327-aee3-adae-bc0d1dae71ea,0.41,0.4474841231069858,12282.0,6515.0,551.52,NVIDIA GeForce RTX 4070,[N/A],Enabled,Enabled
1709236708.726102,0,GPU-93ae0c7f-c327-aee3-adae-bc0d1dae71ea,0.46,0.4474841231069858,12282.0,6515.0,551.52,NVIDIA GeForce RTX 4070,[N/A],Enabled,Enabled
1709236709.725354,0,GPU-93ae0c7f-c327-aee3-adae-bc0d1dae71ea,0.38,0.4474841231069858,12282.0,6515.0,551.52,NVIDIA GeForce RTX 4070,[N/A],Enabled,Enabled
1709236710.726269,0,GPU-93ae0c7f-c327-aee3-adae-bc0d1dae71ea,0.42,0.4474841231069858,12282.0,6515.0,551.52,NVIDIA GeForce RTX 4070,[N/A],Enabled,Enabled
1709236711.725362,0,GPU-93ae0c7f-c327-aee3-adae-bc0d1dae71ea,0.43,0.4474841231069858,12282.0,6515.0,551.52,NVIDIA GeForce RTX 4070,[N/A],Enabled,Enabled
1709236712.726218,0,GPU-93ae0c7f-c327-aee3-adae-bc0d1dae71ea,0.44,0.4474841231069858,12282.0,6515.0,551.52,NVIDIA GeForce RTX 4070,[N/A],Enabled,Enabled
1709236713.726043,0,GPU-93ae0c7f-c327-aee3-adae-bc0d1dae71ea,0.41,0.4474841231069858,12282.0,6515.0,551.52,NVIDIA GeForce RTX 4070,[N/A],Enabled,Enabled
1709236714.725858,0,GPU-93ae0c7f-c327-aee3-adae-bc0d1dae71ea,0.5,0.4474841231069858,12282.0,6515.0,551.52,NVIDIA GeForce RTX 4070,[N/A],Enabled,Enabled
1709236715.72503,0,GPU-93ae0c7f-c327-aee3-adae-bc0d1dae71ea,0.43,0.4474841231069858,12282.0,6515.0,551.52,NVIDIA GeForce RTX 4070,[N/A],Enabled,Enabled
1709236716.726648,0,GPU-93ae0c7f-c327-aee3-adae-bc0d1dae71ea,0.41,0.4474841231069858,12282.0,6515.0,551.52,NVIDIA GeForce RTX 4070,[N/A],Enabled,Enabled
1709236717.726245,0,GPU-93ae0c7f-c327-aee3-adae-bc0d1dae71ea,0.48,0.4474841231069858,12282.0,6515.0,551.52,NVIDIA GeForce RTX 4070,[N/A],Enabled,Enabled
1709236718.725895,0,GPU-93ae0c7f-c327-aee3-adae-bc0d1dae71ea,0.43,0.4474841231069858,12282.0,6515.0,551.52,NVIDIA GeForce RTX 4070,[N/A],Enabled,Enabled
1709236719.726251,0,GPU-93ae0c7f-c327-aee3-adae-bc0d1dae71ea,0.39,0.4474841231069858,12282.0,6515.0,551.52,NVIDIA GeForce RTX 4070,[N/A],Enabled,Enabled
1709236720.726172,0,GPU-93ae0c7f-c327-aee3-adae-bc0d1dae71ea,0.45,0.4474841231069858,12282.0,6515.0,551.52,NVIDIA GeForce RTX 4070,[N/A],Enabled,Enabled
1709236721.725572,0,GPU-93ae0c7f-c327-aee3-adae-bc0d1dae71ea,0.41,0.4474841231069858,12282.0,6515.0,551.52,NVIDIA GeForce RTX 4070,[N/A],Enabled,Enabled
1709236722.725655,0,GPU-93ae0c7f-c327-aee3-adae-bc0d1dae71ea,0.4,0.4474841231069858,12282.0,6515.0,551.52,NVIDIA GeForce RTX 4070,[N/A],Enabled,Enabled
1709236723.725392,0,GPU-93ae0c7f-c327-aee3-adae-bc0d1dae71ea,0.42,0.4474841231069858,12282.0,6515.0,551.52,NVIDIA GeForce RTX 4070,[N/A],Enabled,Enabled
1709236724.725207,0,GPU-93ae0c7f-c327-aee3-adae-bc0d1dae71ea,0.41,0.4474841231069858,12282.0,6515.0,551.52,NVIDIA GeForce RTX 4070,[N/A],Enabled,Enabled
1709236725.725542,0,GPU-93ae0c7f-c327-aee3-adae-bc0d1dae71ea,0.4,0.4474841231069858,12282.0,6515.0,551.52,NVIDIA GeForce RTX 4070,[N/A],Enabled,Enabled
1709236726.725943,0,GPU-93ae0c7f-c327-aee3-adae-bc0d1dae71ea,0.44,0.4474841231069858,12282.0,6515.0,551.52,NVIDIA GeForce RTX 4070,[N/A],Enabled,Enabled
1709236727.7259,0,GPU-93ae0c7f-c327-aee3-adae-bc0d1dae71ea,0.38,0.4474841231069858,12282.0,6515.0,551.52,NVIDIA GeForce RTX 4070,[N/A],Enabled,Enabled
1709236728.725773,0,GPU-93ae0c7f-c327-aee3-adae-bc0d1dae71ea,0.39,0.4474841231069858,12282.0,6515.0,551.52,NVIDIA GeForce RTX 4070,[N/A],Enabled,Enabled
1709236729.725659,0,GPU-93ae0c7f-c327-aee3-adae-bc0d1dae71ea,0.38,0.4474841231069858,12282.0,6515.0,551.52,NVIDIA GeForce RTX 4070,[N/A],Enabled,Enabled
1709236730.725744,0,GPU-93ae0c7f-c327-aee3-adae-bc0d1dae71ea,0.44,0.4474841231069858,12282.0,6515.0,551.52,NVIDIA GeForce RTX 4070,[N/A],Enabled,Enabled
1709236731.725039,0,GPU-93ae0c7f-c327-aee3-adae-bc0d1dae71ea,0.43,0.4474841231069858,12282.0,6515.0,551.52,NVIDIA GeForce RTX 4070,[N/A],Enabled,Enabled
1709236732.726018,0,GPU-93ae0c7f-c327-aee3-adae-bc0d1dae71ea,0.39,0.4474841231069858,12282.0,6515.0,551.52,NVIDIA GeForce RTX 4070,[N/A],Enabled,Enabled
1709236733.726731,0,GPU-93ae0c7f-c327-aee3-adae-bc0d1dae71ea,0.44,0.4474841231069858,12282.0,6515.0,551.52,NVIDIA GeForce RTX 4070,[N/A],Enabled,Enabled
1709236734.72639,0,GPU-93ae0c7f-c327-aee3-adae-bc0d1dae71ea,0.4,0.4474841231069858,12282.0,6515.0,551.52,NVIDIA GeForce RTX 4070,[N/A],Enabled,Enabled
1709236735.725834,0,GPU-93ae0c7f-c327-aee3-adae-bc0d1dae71ea,0.41,0.4474841231069858,12282.0,6515.0,551.52,NVIDIA GeForce RTX 4070,[N/A],Enabled,Enabled
1709236736.725859,0,GPU-93ae0c7f-c327-aee3-adae-bc0d1dae71ea,0.41,0.4474841231069858,12282.0,6515.0,551.52,NVIDIA GeForce RTX 4070,[N/A],Enabled,Enabled
1709236737.725668,0,GPU-93ae0c7f-c327-aee3-adae-bc0d1dae71ea,0.43,0.4474841231069858,12282.0,6515.0,551.52,NVIDIA GeForce RTX 4070,[N/A],Enabled,Enabled
1709236738.725735,0,GPU-93ae0c7f-c327-aee3-adae-bc0d1dae71ea,0.44,0.4474841231069858,12282.0,6515.0,551.52,NVIDIA GeForce RTX 4070,[N/A],Enabled,Enabled
1709236739.725306,0,GPU-93ae0c7f-c327-aee3-adae-bc0d1dae71ea,0.4,0.4474841231069858,12282.0,6515.0,551.52,NVIDIA GeForce RTX 4070,[N/A],Enabled,Enabled
1709236740.72563,0,GPU-93ae0c7f-c327-aee3-adae-bc0d1dae71ea,0.43,0.4474841231069858,12282.0,6515.0,551.52,NVIDIA GeForce RTX 4070,[N/A],Enabled,Enabled
1709236741.725802,0,GPU-93ae0c7f-c327-aee3-adae-bc0d1dae71ea,0.43,0.4474841231069858,12282.0,6515.0,551.52,NVIDIA GeForce RTX 4070,[N/A],Enabled,Enabled
1709236742.726142,0,GPU-93ae0c7f-c327-aee3-adae-bc0d1dae71ea,0.4,0.4474841231069858,12282.0,6515.0,551.52,NVIDIA GeForce RTX 4070,[N/A],Enabled,Enabled
1709236743.72548,0,GPU-93ae0c7f-c327-aee3-adae-bc0d1dae71ea,0.39,0.4474841231069858,12282.0,6515.0,551.52,NVIDIA GeForce RTX 4070,[N/A],Enabled,Enabled
1709236744.725828,0,GPU-93ae0c7f-c327-aee3-adae-bc0d1dae71ea,0.44,0.4474841231069858,12282.0,6515.0,551.52,NVIDIA GeForce RTX 4070,[N/A],Enabled,Enabled
1709236745.72595,0,GPU-93ae0c7f-c327-aee3-adae-bc0d1dae71ea,0.38,0.4474841231069858,12282.0,6515.0,551.52,NVIDIA GeForce RTX 4070,[N/A],Enabled,Enabled
1709236746.725788,0,GPU-93ae0c7f-c327-aee3-adae-bc0d1dae71ea,0.44,0.4474841231069858,12282.0,6515.0,551.52,NVIDIA GeForce RTX 4070,[N/A],Enabled,Enabled
1709236747.725751,0,GPU-93ae0c7f-c327-aee3-adae-bc0d1dae71ea,0.38,0.4474841231069858,12282.0,6515.0,551.52,NVIDIA GeForce RTX 4070,[N/A],Enabled,Enabled
1709236748.725175,0,GPU-93ae0c7f-c327-aee3-adae-bc0d1dae71ea,0.46,0.4474841231069858,12282.0,6515.0,551.52,NVIDIA GeForce RTX 4070,[N/A],Enabled,Enabled
1709236749.725211,0,GPU-93ae0c7f-c327-aee3-adae-bc0d1dae71ea,0.52,0.4474841231069858,12282.0,6515.0,551.52,NVIDIA GeForce RTX 4070,[N/A],Enabled,Enabled
1709236750.725814,0,GPU-93ae0c7f-c327-aee3-adae-bc0d1dae71ea,0.49,0.4474841231069858,12282.0,6515.0,551.52,NVIDIA GeForce RTX 4070,[N/A],Enabled,Enabled
1709236751.726242,0,GPU-93ae0c7f-c327-aee3-adae-bc0d1dae71ea,0.38,0.4474841231069858,12282.0,6515.0,551.52,NVIDIA GeForce RTX 4070,[N/A],Enabled,Enabled
1709236752.725645,0,GPU-93ae0c7f-c327-aee3-adae-bc0d1dae71ea,0.44,0.4474841231069858,12282.0,6515.0,551.52,NVIDIA GeForce RTX 4070,[N/A],Enabled,Enabled
1709236753.726377,0,GPU-93ae0c7f-c327-aee3-adae-bc0d1dae71ea,0.35,0.4474841231069858,12282.0,6515.0,551.52,NVIDIA GeForce RTX 4070,[N/A],Enabled,Enabled
1709236754.725234,0,GPU-93ae0c7f-c327-aee3-adae-bc0d1dae71ea,0.42,0.4474841231069858,12282.0,6515.0,551.52,NVIDIA GeForce RTX 4070,[N/A],Enabled,Enabled
1709236755.725433,0,GPU-93ae0c7f-c327-aee3-adae-bc0d1dae71ea,0.38,0.4474841231069858,12282.0,6515.0,551.52,NVIDIA GeForce RTX 4070,[N/A],Enabled,Enabled
1709236756.726382,0,GPU-93ae0c7f-c327-aee3-adae-bc0d1dae71ea,0.45,0.4474841231069858,12282.0,6515.0,551.52,NVIDIA GeForce RTX 4070,[N/A],Enabled,Enabled
1709236757.725541,0,GPU-93ae0c7f-c327-aee3-adae-bc0d1dae71ea,0.5,0.4474841231069858,12282.0,6515.0,551.52,NVIDIA GeForce RTX 4070,[N/A],Enabled,Enabled
1709236758.726054,0,GPU-93ae0c7f-c327-aee3-adae-bc0d1dae71ea,0.41,0.4474841231069858,12282.0,6515.0,551.52,NVIDIA GeForce RTX 4070,[N/A],Enabled,Enabled
1709236759.725724,0,GPU-93ae0c7f-c327-aee3-adae-bc0d1dae71ea,0.39,0.4474841231069858,12282.0,6515.0,551.52,NVIDIA GeForce RTX 4070,[N/A],Enabled,Enabled
1709236760.725103,0,GPU-93ae0c7f-c327-aee3-adae-bc0d1dae71ea,0.43,0.4474841231069858,12282.0,6515.0,551.52,NVIDIA GeForce RTX 4070,[N/A],Enabled,Enabled
1709236761.725495,0,GPU-93ae0c7f-c327-aee3-adae-bc0d1dae71ea,0.47,0.4474841231069858,12282.0,6515.0,551.52,NVIDIA GeForce RTX 4070,[N/A],Enabled,Enabled
1709236762.725308,0,GPU-93ae0c7f-c327-aee3-adae-bc0d1dae71ea,0.47,0.4474841231069858,12282.0,6515.0,551.52,NVIDIA GeForce RTX 4070,[N/A],Enabled,Enabled
1709236763.725224,0,GPU-93ae0c7f-c327-aee3-adae-bc0d1dae71ea,0.38,0.4474841231069858,12282.0,6515.0,551.52,NVIDIA GeForce RTX 4070,[N/A],Enabled,Enabled
1709236764.725534,0,GPU-93ae0c7f-c327-aee3-adae-bc0d1dae71ea,0.37,0.4474841231069858,12282.0,6515.0,551.52,NVIDIA GeForce RTX 4070,[N/A],Enabled,Enabled
1709236765.726215,0,GPU-93ae0c7f-c327-aee3-adae-bc0d1dae71ea,0.41,0.4474841231069858,12282.0,6515.0,551.52,NVIDIA GeForce RTX 4070,[N/A],Enabled,Enabled
1709236766.72601,0,GPU-93ae0c7f-c327-aee3-adae-bc0d1dae71ea,0.42,0.4474841231069858,12282.0,6515.0,551.52,NVIDIA GeForce RTX 4070,[N/A],Enabled,Enabled
1709236767.726312,0,GPU-93ae0c7f-c327-aee3-adae-bc0d1dae71ea,0.45,0.4474841231069858,12282.0,6515.0,551.52,NVIDIA GeForce RTX 4070,[N/A],Enabled,Enabled
1709236768.72509,0,GPU-93ae0c7f-c327-aee3-adae-bc0d1dae71ea,0.46,0.4474841231069858,12282.0,6515.0,551.52,NVIDIA GeForce RTX 4070,[N/A],Enabled,Enabled
1709236769.725336,0,GPU-93ae0c7f-c327-aee3-adae-bc0d1dae71ea,0.4,0.4474841231069858,12282.0,6515.0,551.52,NVIDIA GeForce RTX 4070,[N/A],Enabled,Enabled
1709236770.725719,0,GPU-93ae0c7f-c327-aee3-adae-bc0d1dae71ea,0.39,0.4474841231069858,12282.0,6515.0,551.52,NVIDIA GeForce RTX 4070,[N/A],Enabled,Enabled
1709236771.726295,0,GPU-93ae0c7f-c327-aee3-adae-bc0d1dae71ea,0.49,0.4474841231069858,12282.0,6515.0,551.52,NVIDIA GeForce RTX 4070,[N/A],Enabled,Enabled
1709236772.726027,0,GPU-93ae0c7f-c327-aee3-adae-bc0d1dae71ea,0.44,0.4474841231069858,12282.0,6515.0,551.52,NVIDIA GeForce RTX 4070,[N/A],Enabled,Enabled
1709236773.725969,0,GPU-93ae0c7f-c327-aee3-adae-bc0d1dae71ea,0.43,0.4474841231069858,12282.0,6515.0,551.52,NVIDIA GeForce RTX 4070,[N/A],Enabled,Enabled
1709236774.726072,0,GPU-93ae0c7f-c327-aee3-adae-bc0d1dae71ea,0.42,0.4474841231069858,12282.0,6515.0,551.52,NVIDIA GeForce RTX 4070,[N/A],Enabled,Enabled
1709236775.725812,0,GPU-93ae0c7f-c327-aee3-adae-bc0d1dae71ea,0.44,0.4474841231069858,12282.0,6515.0,551.52,NVIDIA GeForce RTX 4070,[N/A],Enabled,Enabled
1709236776.726144,0,GPU-93ae0c7f-c327-aee3-adae-bc0d1dae71ea,0.46,0.4474841231069858,12282.0,6515.0,551.52,NVIDIA GeForce RTX 4070,[N/A],Enabled,Enabled
1709236777.725761,0,GPU-93ae0c7f-c327-aee3-adae-bc0d1dae71ea,0.39,0.4474841231069858,12282.0,6515.0,551.52,NVIDIA GeForce RTX 4070,[N/A],Enabled,Enabled
1709236778.726325,0,GPU-93ae0c7f-c327-aee3-adae-bc0d1dae71ea,0.41,0.4474841231069858,12282.0,6515.0,551.52,NVIDIA GeForce RTX 4070,[N/A],Enabled,Enabled
1709236779.725046,0,GPU-93ae0c7f-c327-aee3-adae-bc0d1dae71ea,0.42,0.4474841231069858,12282.0,6515.0,551.52,NVIDIA GeForce RTX 4070,[N/A],Enabled,Enabled
1709236780.72597,0,GPU-93ae0c7f-c327-aee3-adae-bc0d1dae71ea,0.42,0.4474841231069858,12282.0,6515.0,551.52,NVIDIA GeForce RTX 4070,[N/A],Enabled,Enabled
1709236781.725569,0,GPU-93ae0c7f-c327-aee3-adae-bc0d1dae71ea,0.41,0.4474841231069858,12282.0,6515.0,551.52,NVIDIA GeForce RTX 4070,[N/A],Enabled,Enabled
1709236782.725841,0,GPU-93ae0c7f-c327-aee3-adae-bc0d1dae71ea,0.44,0.4474841231069858,12282.0,6515.0,551.52,NVIDIA GeForce RTX 4070,[N/A],Enabled,Enabled
1709236783.725384,0,GPU-93ae0c7f-c327-aee3-adae-bc0d1dae71ea,0.41,0.4474841231069858,12282.0,6515.0,551.52,NVIDIA GeForce RTX 4070,[N/A],Enabled,Enabled
1709236784.726384,0,GPU-93ae0c7f-c327-aee3-adae-bc0d1dae71ea,0.35,0.4474841231069858,12282.0,6515.0,551.52,NVIDIA GeForce RTX 4070,[N/A],Enabled,Enabled
1709236785.726589,0,GPU-93ae0c7f-c327-aee3-adae-bc0d1dae71ea,0.37,0.4474841231069858,12282.0,6515.0,551.52,NVIDIA GeForce RTX 4070,[N/A],Enabled,Enabled
1709236786.725188,0,GPU-93ae0c7f-c327-aee3-adae-bc0d1dae71ea,0.37,0.4474841231069858,12282.0,6515.0,551.52,NVIDIA GeForce RTX 4070,[N/A],Enabled,Enabled
1709236787.726981,0,GPU-93ae0c7f-c327-aee3-adae-bc0d1dae71ea,0.37,0.4474841231069858,12282.0,6515.0,551.52,NVIDIA GeForce RTX 4070,[N/A],Enabled,Enabled
1709236788.725085,0,GPU-93ae0c7f-c327-aee3-adae-bc0d1dae71ea,0.37,0.4474841231069858,12282.0,6515.0,551.52,NVIDIA GeForce RTX 4070,[N/A],Enabled,Enabled
1709236789.725768,0,GPU-93ae0c7f-c327-aee3-adae-bc0d1dae71ea,0.39,0.4474841231069858,12282.0,6515.0,551.52,NVIDIA GeForce RTX 4070,[N/A],Enabled,Enabled
1709236790.72675,0,GPU-93ae0c7f-c327-aee3-adae-bc0d1dae71ea,0.41,0.4474841231069858,12282.0,6515.0,551.52,NVIDIA GeForce RTX 4070,[N/A],Enabled,Enabled
1709236791.726063,0,GPU-93ae0c7f-c327-aee3-adae-bc0d1dae71ea,0.34,0.4474841231069858,12282.0,6515.0,551.52,NVIDIA GeForce RTX 4070,[N/A],Enabled,Enabled
1709236792.72498,0,GPU-93ae0c7f-c327-aee3-adae-bc0d1dae71ea,0.38,0.4474841231069858,12282.0,6515.0,551.52,NVIDIA GeForce RTX 4070,[N/A],Enabled,Enabled
1709236793.725693,0,GPU-93ae0c7f-c327-aee3-adae-bc0d1dae71ea,0.4,0.4474841231069858,12282.0,6515.0,551.52,NVIDIA GeForce RTX 4070,[N/A],Enabled,Enabled
1709236794.725564,0,GPU-93ae0c7f-c327-aee3-adae-bc0d1dae71ea,0.39,0.4474841231069858,12282.0,6515.0,551.52,NVIDIA GeForce RTX 4070,[N/A],Enabled,Enabled
1709236795.726222,0,GPU-93ae0c7f-c327-aee3-adae-bc0d1dae71ea,0.39,0.4474841231069858,12282.0,6515.0,551.52,NVIDIA GeForce RTX 4070,[N/A],Enabled,Enabled
1709236796.726233,0,GPU-93ae0c7f-c327-aee3-adae-bc0d1dae71ea,0.39,0.4474841231069858,12282.0,6515.0,551.52,NVIDIA GeForce RTX 4070,[N/A],Enabled,Enabled
1709236797.725195,0,GPU-93ae0c7f-c327-aee3-adae-bc0d1dae71ea,0.45,0.4474841231069858,12282.0,6515.0,551.52,NVIDIA GeForce RTX 4070,[N/A],Enabled,Enabled
1709236798.726374,0,GPU-93ae0c7f-c327-aee3-adae-bc0d1dae71ea,0.41,0.4474841231069858,12282.0,6515.0,551.52,NVIDIA GeForce RTX 4070,[N/A],Enabled,Enabled
1709236799.725992,0,GPU-93ae0c7f-c327-aee3-adae-bc0d1dae71ea,0.41,0.4474841231069858,12282.0,6515.0,551.52,NVIDIA GeForce RTX 4070,[N/A],Enabled,Enabled
1709236800.726406,0,GPU-93ae0c7f-c327-aee3-adae-bc0d1dae71ea,0.39,0.4474841231069858,12282.0,6515.0,551.52,NVIDIA GeForce RTX 4070,[N/A],Enabled,Enabled
1709236801.725315,0,GPU-93ae0c7f-c327-aee3-adae-bc0d1dae71ea,0.4,0.4474841231069858,12282.0,6515.0,551.52,NVIDIA GeForce RTX 4070,[N/A],Enabled,Enabled
1709236802.725342,0,GPU-93ae0c7f-c327-aee3-adae-bc0d1dae71ea,0.39,0.4474841231069858,12282.0,6515.0,551.52,NVIDIA GeForce RTX 4070,[N/A],Enabled,Enabled
1709236803.726,0,GPU-93ae0c7f-c327-aee3-adae-bc0d1dae71ea,0.43,0.4474841231069858,12282.0,6515.0,551.52,NVIDIA GeForce RTX 4070,[N/A],Enabled,Enabled
1709236804.726472,0,GPU-93ae0c7f-c327-aee3-adae-bc0d1dae71ea,0.51,0.4474841231069858,12282.0,6515.0,551.52,NVIDIA GeForce RTX 4070,[N/A],Enabled,Enabled
1709236805.726054,0,GPU-93ae0c7f-c327-aee3-adae-bc0d1dae71ea,0.44,0.4474841231069858,12282.0,6515.0,551.52,NVIDIA GeForce RTX 4070,[N/A],Enabled,Enabled
1709236806.725212,0,GPU-93ae0c7f-c327-aee3-adae-bc0d1dae71ea,0.48,0.4474841231069858,12282.0,6515.0,551.52,NVIDIA GeForce RTX 4070,[N/A],Enabled,Enabled
1709236807.725988,0,GPU-93ae0c7f-c327-aee3-adae-bc0d1dae71ea,0.35,0.4474841231069858,12282.0,6515.0,551.52,NVIDIA GeForce RTX 4070,[N/A],Enabled,Enabled
1709236808.726231,0,GPU-93ae0c7f-c327-aee3-adae-bc0d1dae71ea,0.4,0.4474841231069858,12282.0,6515.0,551.52,NVIDIA GeForce RTX 4070,[N/A],Enabled,Enabled
1709236809.726728,0,GPU-93ae0c7f-c327-aee3-adae-bc0d1dae71ea,0.46,0.4474841231069858,12282.0,6515.0,551.52,NVIDIA GeForce RTX 4070,[N/A],Enabled,Enabled
1709236810.726015,0,GPU-93ae0c7f-c327-aee3-adae-bc0d1dae71ea,0.5,0.4474841231069858,12282.0,6515.0,551.52,NVIDIA GeForce RTX 4070,[N/A],Enabled,Enabled
1709236811.725048,0,GPU-93ae0c7f-c327-aee3-adae-bc0d1dae71ea,0.4,0.4474841231069858,12282.0,6515.0,551.52,NVIDIA GeForce RTX 4070,[N/A],Enabled,Enabled
1709236812.725886,0,GPU-93ae0c7f-c327-aee3-adae-bc0d1dae71ea,0.43,0.4474841231069858,12282.0,6515.0,551.52,NVIDIA GeForce RTX 4070,[N/A],Enabled,Enabled
1709236813.726188,0,GPU-93ae0c7f-c327-aee3-adae-bc0d1dae71ea,0.44,0.4474841231069858,12282.0,6515.0,551.52,NVIDIA GeForce RTX 4070,[N/A],Enabled,Enabled
1709236814.726478,0,GPU-93ae0c7f-c327-aee3-adae-bc0d1dae71ea,0.45,0.4474841231069858,12282.0,6515.0,551.52,NVIDIA GeForce RTX 4070,[N/A],Enabled,Enabled
1709236815.725899,0,GPU-93ae0c7f-c327-aee3-adae-bc0d1dae71ea,0.45,0.4474841231069858,12282.0,6515.0,551.52,NVIDIA GeForce RTX 4070,[N/A],Enabled,Enabled
1709236816.726422,0,GPU-93ae0c7f-c327-aee3-adae-bc0d1dae71ea,0.46,0.4474841231069858,12282.0,6515.0,551.52,NVIDIA GeForce RTX 4070,[N/A],Enabled,Enabled
1709236817.725167,0,GPU-93ae0c7f-c327-aee3-adae-bc0d1dae71ea,0.39,0.4474841231069858,12282.0,6515.0,551.52,NVIDIA GeForce RTX 4070,[N/A],Enabled,Enabled
1709236818.725576,0,GPU-93ae0c7f-c327-aee3-adae-bc0d1dae71ea,0.44,0.4474841231069858,12282.0,6515.0,551.52,NVIDIA GeForce RTX 4070,[N/A],Enabled,Enabled
1709236819.725643,0,GPU-93ae0c7f-c327-aee3-adae-bc0d1dae71ea,0.45,0.4474841231069858,12282.0,6515.0,551.52,NVIDIA GeForce RTX 4070,[N/A],Enabled,Enabled
1709236820.725251,0,GPU-93ae0c7f-c327-aee3-adae-bc0d1dae71ea,0.36,0.4474841231069858,12282.0,6515.0,551.52,NVIDIA GeForce RTX 4070,[N/A],Enabled,Enabled
1709236821.726727,0,GPU-93ae0c7f-c327-aee3-adae-bc0d1dae71ea,0.43,0.4474841231069858,12282.0,6515.0,551.52,NVIDIA GeForce RTX 4070,[N/A],Enabled,Enabled
1709236822.725451,0,GPU-93ae0c7f-c327-aee3-adae-bc0d1dae71ea,0.43,0.4474841231069858,12282.0,6515.0,551.52,NVIDIA GeForce RTX 4070,[N/A],Enabled,Enabled
1709236823.725382,0,GPU-93ae0c7f-c327-aee3-adae-bc0d1dae71ea,0.4,0.4474841231069858,12282.0,6515.0,551.52,NVIDIA GeForce RTX 4070,[N/A],Enabled,Enabled
1709236824.725582,0,GPU-93ae0c7f-c327-aee3-adae-bc0d1dae71ea,0.49,0.4474841231069858,12282.0,6515.0,551.52,NVIDIA GeForce RTX 4070,[N/A],Enabled,Enabled
1709236825.725365,0,GPU-93ae0c7f-c327-aee3-adae-bc0d1dae71ea,0.36,0.4474841231069858,12282.0,6515.0,551.52,NVIDIA GeForce RTX 4070,[N/A],Enabled,Enabled
1709236826.72538,0,GPU-93ae0c7f-c327-aee3-adae-bc0d1dae71ea,0.35,0.4474841231069858,12282.0,6515.0,551.52,NVIDIA GeForce RTX 4070,[N/A],Enabled,Enabled
1709236827.725682,0,GPU-93ae0c7f-c327-aee3-adae-bc0d1dae71ea,0.4,0.4474841231069858,12282.0,6515.0,551.52,NVIDIA GeForce RTX 4070,[N/A],Enabled,Enabled
1709236828.725731,0,GPU-93ae0c7f-c327-aee3-adae-bc0d1dae71ea,0.47,0.4474841231069858,12282.0,6515.0,551.52,NVIDIA GeForce RTX 4070,[N/A],Enabled,Enabled
1709236829.725846,0,GPU-93ae0c7f-c327-aee3-adae-bc0d1dae71ea,0.41,0.4474841231069858,12282.0,6515.0,551.52,NVIDIA GeForce RTX 4070,[N/A],Enabled,Enabled
1709236830.725722,0,GPU-93ae0c7f-c327-aee3-adae-bc0d1dae71ea,0.37,0.4474841231069858,12282.0,6515.0,551.52,NVIDIA GeForce RTX 4070,[N/A],Enabled,Enabled
1709236831.726642,0,GPU-93ae0c7f-c327-aee3-adae-bc0d1dae71ea,0.41,0.4474841231069858,12282.0,6515.0,551.52,NVIDIA GeForce RTX 4070,[N/A],Enabled,Enabled
1709236832.726365,0,GPU-93ae0c7f-c327-aee3-adae-bc0d1dae71ea,0.38,0.4474841231069858,12282.0,6515.0,551.52,NVIDIA GeForce RTX 4070,[N/A],Enabled,Enabled
1709236833.726371,0,GPU-93ae0c7f-c327-aee3-adae-bc0d1dae71ea,0.35,0.4474841231069858,12282.0,6515.0,551.52,NVIDIA GeForce RTX 4070,[N/A],Enabled,Enabled
1709236834.725426,0,GPU-93ae0c7f-c327-aee3-adae-bc0d1dae71ea,0.3,0.44439016446832763,12282.0,6553.0,551.52,NVIDIA GeForce RTX 4070,[N/A],Enabled,Enabled
1709236835.726145,0,GPU-93ae0c7f-c327-aee3-adae-bc0d1dae71ea,0.29,0.44439016446832763,12282.0,6553.0,551.52,NVIDIA GeForce RTX 4070,[N/A],Enabled,Enabled
1709236836.72563,0,GPU-93ae0c7f-c327-aee3-adae-bc0d1dae71ea,0.27,0.44439016446832763,12282.0,6553.0,551.52,NVIDIA GeForce RTX 4070,[N/A],Enabled,Enabled
1709236837.725283,0,GPU-93ae0c7f-c327-aee3-adae-bc0d1dae71ea,0.28,0.4396678065461651,12282.0,6611.0,551.52,NVIDIA GeForce RTX 4070,[N/A],Enabled,Enabled
1709236838.725314,0,GPU-93ae0c7f-c327-aee3-adae-bc0d1dae71ea,0.31,0.44439016446832763,12282.0,6553.0,551.52,NVIDIA GeForce RTX 4070,[N/A],Enabled,Enabled
1709236839.725074,0,GPU-93ae0c7f-c327-aee3-adae-bc0d1dae71ea,0.27,0.4396678065461651,12282.0,6611.0,551.52,NVIDIA GeForce RTX 4070,[N/A],Enabled,Enabled
1709236840.725494,0,GPU-93ae0c7f-c327-aee3-adae-bc0d1dae71ea,0.26,0.4396678065461651,12282.0,6611.0,551.52,NVIDIA GeForce RTX 4070,[N/A],Enabled,Enabled
1709236841.725557,0,GPU-93ae0c7f-c327-aee3-adae-bc0d1dae71ea,0.27,0.4396678065461651,12282.0,6611.0,551.52,NVIDIA GeForce RTX 4070,[N/A],Enabled,Enabled
1709236842.725961,0,GPU-93ae0c7f-c327-aee3-adae-bc0d1dae71ea,0.28,0.4396678065461651,12282.0,6611.0,551.52,NVIDIA GeForce RTX 4070,[N/A],Enabled,Enabled
1709236843.725259,0,GPU-93ae0c7f-c327-aee3-adae-bc0d1dae71ea,0.29,0.4396678065461651,12282.0,6611.0,551.52,NVIDIA GeForce RTX 4070,[N/A],Enabled,Enabled
1709236844.725452,0,GPU-93ae0c7f-c327-aee3-adae-bc0d1dae71ea,0.28,0.4396678065461651,12282.0,6611.0,551.52,NVIDIA GeForce RTX 4070,[N/A],Enabled,Enabled
1709236845.726524,0,GPU-93ae0c7f-c327-aee3-adae-bc0d1dae71ea,0.27,0.4396678065461651,12282.0,6611.0,551.52,NVIDIA GeForce RTX 4070,[N/A],Enabled,Enabled
1709236846.725392,0,GPU-93ae0c7f-c327-aee3-adae-bc0d1dae71ea,0.27,0.4396678065461651,12282.0,6611.0,551.52,NVIDIA GeForce RTX 4070,[N/A],Enabled,Enabled
1709236847.726522,0,GPU-93ae0c7f-c327-aee3-adae-bc0d1dae71ea,0.29,0.4396678065461651,12282.0,6611.0,551.52,NVIDIA GeForce RTX 4070,[N/A],Enabled,Enabled
1709236848.72614,0,GPU-93ae0c7f-c327-aee3-adae-bc0d1dae71ea,0.28,0.4396678065461651,12282.0,6611.0,551.52,NVIDIA GeForce RTX 4070,[N/A],Enabled,Enabled
1709236849.725934,0,GPU-93ae0c7f-c327-aee3-adae-bc0d1dae71ea,0.27,0.4396678065461651,12282.0,6611.0,551.52,NVIDIA GeForce RTX 4070,[N/A],Enabled,Enabled
1709236850.726114,0,GPU-93ae0c7f-c327-aee3-adae-bc0d1dae71ea,0.27,0.4396678065461651,12282.0,6611.0,551.52,NVIDIA GeForce RTX 4070,[N/A],Enabled,Enabled
1709236851.725794,0,GPU-93ae0c7f-c327-aee3-adae-bc0d1dae71ea,0.26,0.4396678065461651,12282.0,6611.0,551.52,NVIDIA GeForce RTX 4070,[N/A],Enabled,Enabled
1709236852.725484,0,GPU-93ae0c7f-c327-aee3-adae-bc0d1dae71ea,0.28,0.4396678065461651,12282.0,6611.0,551.52,NVIDIA GeForce RTX 4070,[N/A],Enabled,Enabled
1709236853.725825,0,GPU-93ae0c7f-c327-aee3-adae-bc0d1dae71ea,0.28,0.4396678065461651,12282.0,6611.0,551.52,NVIDIA GeForce RTX 4070,[N/A],Enabled,Enabled
1709236854.72577,0,GPU-93ae0c7f-c327-aee3-adae-bc0d1dae71ea,0.29,0.4396678065461651,12282.0,6611.0,551.52,NVIDIA GeForce RTX 4070,[N/A],Enabled,Enabled
1709236855.725688,0,GPU-93ae0c7f-c327-aee3-adae-bc0d1dae71ea,0.26,0.4396678065461651,12282.0,6611.0,551.52,NVIDIA GeForce RTX 4070,[N/A],Enabled,Enabled
1709236856.725994,0,GPU-93ae0c7f-c327-aee3-adae-bc0d1dae71ea,0.27,0.4396678065461651,12282.0,6611.0,551.52,NVIDIA GeForce RTX 4070,[N/A],Enabled,Enabled
1709236857.725159,0,GPU-93ae0c7f-c327-aee3-adae-bc0d1dae71ea,0.27,0.4396678065461651,12282.0,6611.0,551.52,NVIDIA GeForce RTX 4070,[N/A],Enabled,Enabled
1709236858.725266,0,GPU-93ae0c7f-c327-aee3-adae-bc0d1dae71ea,0.1,0.2423058133854421,12282.0,9035.0,551.52,NVIDIA GeForce RTX 4070,[N/A],Enabled,Enabled
1709236859.72538,0,GPU-93ae0c7f-c327-aee3-adae-bc0d1dae71ea,0.14,0.2423058133854421,12282.0,9035.0,551.52,NVIDIA GeForce RTX 4070,[N/A],Enabled,Enabled
1709236860.725958,0,GPU-93ae0c7f-c327-aee3-adae-bc0d1dae71ea,0.13,0.2423058133854421,12282.0,9035.0,551.52,NVIDIA GeForce RTX 4070,[N/A],Enabled,Enabled
