timestamp,id,uuid,load,memoryUtil,memoryTotal,memoryUsed,memoryFree,driver,name,serial,display_mode,display_active
1702408775.495708,0,GPU-93ae0c7f-c327-aee3-adae-bc0d1dae71ea,0.16,0.31289692232535415,12282.0,8182.0,546.29,NVIDIA GeForce RTX 4070,[N/A],Enabled,Enabled
1702408776.490782,0,GPU-93ae0c7f-c327-aee3-adae-bc0d1dae71ea,0.16,0.31289692232535415,12282.0,8182.0,546.29,NVIDIA GeForce RTX 4070,[N/A],Enabled,Enabled
1702408777.491616,0,GPU-93ae0c7f-c327-aee3-adae-bc0d1dae71ea,0.16,0.31289692232535415,12282.0,8182.0,546.29,NVIDIA GeForce RTX 4070,[N/A],Enabled,Enabled
1702408778.491497,0,GPU-93ae0c7f-c327-aee3-adae-bc0d1dae71ea,0.15,0.31289692232535415,12282.0,8182.0,546.29,NVIDIA GeForce RTX 4070,[N/A],Enabled,Enabled
1702408779.49122,0,GPU-93ae0c7f-c327-aee3-adae-bc0d1dae71ea,0.15,0.31289692232535415,12282.0,8182.0,546.29,NVIDIA GeForce RTX 4070,[N/A],Enabled,Enabled
1702408780.492314,0,GPU-93ae0c7f-c327-aee3-adae-bc0d1dae71ea,0.17,0.31289692232535415,12282.0,8182.0,546.29,NVIDIA GeForce RTX 4070,[N/A],Enabled,Enabled
1702408781.492353,0,GPU-93ae0c7f-c327-aee3-adae-bc0d1dae71ea,0.16,0.3150138413939098,12282.0,8156.0,546.29,NVIDIA GeForce RTX 4070,[N/A],Enabled,Enabled
1702408782.491474,0,GPU-93ae0c7f-c327-aee3-adae-bc0d1dae71ea,0.16,0.3150138413939098,12282.0,8156.0,546.29,NVIDIA GeForce RTX 4070,[N/A],Enabled,Enabled
1702408783.491959,0,GPU-93ae0c7f-c327-aee3-adae-bc0d1dae71ea,0.15,0.3150138413939098,12282.0,8156.0,546.29,NVIDIA GeForce RTX 4070,[N/A],Enabled,Enabled
1702408784.491715,0,GPU-93ae0c7f-c327-aee3-adae-bc0d1dae71ea,0.15,0.3150138413939098,12282.0,8156.0,546.29,NVIDIA GeForce RTX 4070,[N/A],Enabled,Enabled
1702408785.491725,0,GPU-93ae0c7f-c327-aee3-adae-bc0d1dae71ea,0.15,0.3150138413939098,12282.0,8156.0,546.29,NVIDIA GeForce RTX 4070,[N/A],Enabled,Enabled
1702408786.491466,0,GPU-93ae0c7f-c327-aee3-adae-bc0d1dae71ea,0.15,0.3150138413939098,12282.0,8156.0,546.29,NVIDIA GeForce RTX 4070,[N/A],Enabled,Enabled
1702408787.491251,0,GPU-93ae0c7f-c327-aee3-adae-bc0d1dae71ea,0.15,0.31436248168050807,12282.0,8164.0,546.29,NVIDIA GeForce RTX 4070,[N/A],Enabled,Enabled
1702408788.491606,0,GPU-93ae0c7f-c327-aee3-adae-bc0d1dae71ea,0.15,0.31428106171633285,12282.0,8165.0,546.29,NVIDIA GeForce RTX 4070,[N/A],Enabled,Enabled
1702408789.491666,0,GPU-93ae0c7f-c327-aee3-adae-bc0d1dae71ea,0.17,0.31590946099983713,12282.0,8145.0,546.29,NVIDIA GeForce RTX 4070,[N/A],Enabled,Enabled
1702408790.491231,0,GPU-93ae0c7f-c327-aee3-adae-bc0d1dae71ea,0.16,0.3248656570591109,12282.0,8035.0,546.29,NVIDIA GeForce RTX 4070,[N/A],Enabled,Enabled
1702408791.49122,0,GPU-93ae0c7f-c327-aee3-adae-bc0d1dae71ea,0.09,0.3860120501546979,12282.0,7284.0,546.29,NVIDIA GeForce RTX 4070,[N/A],Enabled,Enabled
1702408792.493029,0,GPU-93ae0c7f-c327-aee3-adae-bc0d1dae71ea,0.08,0.3849535906204201,12282.0,7297.0,546.29,NVIDIA GeForce RTX 4070,[N/A],Enabled,Enabled
1702408793.491741,0,GPU-93ae0c7f-c327-aee3-adae-bc0d1dae71ea,0.09,0.3858492102263475,12282.0,7286.0,546.29,NVIDIA GeForce RTX 4070,[N/A],Enabled,Enabled
1702408794.49176,0,GPU-93ae0c7f-c327-aee3-adae-bc0d1dae71ea,0.08,0.3180263800683928,12282.0,8119.0,546.29,NVIDIA GeForce RTX 4070,[N/A],Enabled,Enabled
1702408795.49192,0,GPU-93ae0c7f-c327-aee3-adae-bc0d1dae71ea,0.26,0.6012864354339684,12282.0,4640.0,546.29,NVIDIA GeForce RTX 4070,[N/A],Enabled,Enabled
1702408796.491125,0,GPU-93ae0c7f-c327-aee3-adae-bc0d1dae71ea,0.28,0.5013027194268035,12282.0,5868.0,546.29,NVIDIA GeForce RTX 4070,[N/A],Enabled,Enabled
1702408797.491793,0,GPU-93ae0c7f-c327-aee3-adae-bc0d1dae71ea,0.24,0.496987461325517,12282.0,5921.0,546.29,NVIDIA GeForce RTX 4070,[N/A],Enabled,Enabled
1702408798.491918,0,GPU-93ae0c7f-c327-aee3-adae-bc0d1dae71ea,0.24,0.496987461325517,12282.0,5921.0,546.29,NVIDIA GeForce RTX 4070,[N/A],Enabled,Enabled
1702408799.491739,0,GPU-93ae0c7f-c327-aee3-adae-bc0d1dae71ea,0.26,0.5013027194268035,12282.0,5868.0,546.29,NVIDIA GeForce RTX 4070,[N/A],Enabled,Enabled
1702408800.492641,0,GPU-93ae0c7f-c327-aee3-adae-bc0d1dae71ea,0.27,0.502279758996906,12282.0,5856.0,546.29,NVIDIA GeForce RTX 4070,[N/A],Enabled,Enabled
1702408801.491703,0,GPU-93ae0c7f-c327-aee3-adae-bc0d1dae71ea,0.24,0.5013841393909787,12282.0,5867.0,546.29,NVIDIA GeForce RTX 4070,[N/A],Enabled,Enabled
1702408802.491529,0,GPU-93ae0c7f-c327-aee3-adae-bc0d1dae71ea,0.29,0.4964175215762905,12282.0,5928.0,546.29,NVIDIA GeForce RTX 4070,[N/A],Enabled,Enabled
1702408803.491935,0,GPU-93ae0c7f-c327-aee3-adae-bc0d1dae71ea,0.27,0.4963361016121153,12282.0,5929.0,546.29,NVIDIA GeForce RTX 4070,[N/A],Enabled,Enabled
1702408804.491717,0,GPU-93ae0c7f-c327-aee3-adae-bc0d1dae71ea,0.27,0.4963361016121153,12282.0,5929.0,546.29,NVIDIA GeForce RTX 4070,[N/A],Enabled,Enabled
1702408805.491468,0,GPU-93ae0c7f-c327-aee3-adae-bc0d1dae71ea,0.29,0.5005699397492265,12282.0,5877.0,546.29,NVIDIA GeForce RTX 4070,[N/A],Enabled,Enabled
1702408806.491313,0,GPU-93ae0c7f-c327-aee3-adae-bc0d1dae71ea,0.29,0.5006513597134017,12282.0,5876.0,546.29,NVIDIA GeForce RTX 4070,[N/A],Enabled,Enabled
1702408807.491559,0,GPU-93ae0c7f-c327-aee3-adae-bc0d1dae71ea,0.28,0.49706888128969223,12282.0,5920.0,546.29,NVIDIA GeForce RTX 4070,[N/A],Enabled,Enabled
1702408808.491736,0,GPU-93ae0c7f-c327-aee3-adae-bc0d1dae71ea,0.28,0.5013841393909787,12282.0,5867.0,546.29,NVIDIA GeForce RTX 4070,[N/A],Enabled,Enabled
1702408809.491677,0,GPU-93ae0c7f-c327-aee3-adae-bc0d1dae71ea,0.28,0.49706888128969223,12282.0,5920.0,546.29,NVIDIA GeForce RTX 4070,[N/A],Enabled,Enabled
1702408810.491574,0,GPU-93ae0c7f-c327-aee3-adae-bc0d1dae71ea,0.26,0.49706888128969223,12282.0,5920.0,546.29,NVIDIA GeForce RTX 4070,[N/A],Enabled,Enabled
1702408811.491626,0,GPU-93ae0c7f-c327-aee3-adae-bc0d1dae71ea,0.3,0.5013841393909787,12282.0,5867.0,546.29,NVIDIA GeForce RTX 4070,[N/A],Enabled,Enabled
1702408812.49193,0,GPU-93ae0c7f-c327-aee3-adae-bc0d1dae71ea,0.31,0.5052108777072138,12282.0,5820.0,546.29,NVIDIA GeForce RTX 4070,[N/A],Enabled,Enabled
1702408813.491724,0,GPU-93ae0c7f-c327-aee3-adae-bc0d1dae71ea,0.4,0.5052108777072138,12282.0,5820.0,546.29,NVIDIA GeForce RTX 4070,[N/A],Enabled,Enabled
1702408814.491694,0,GPU-93ae0c7f-c327-aee3-adae-bc0d1dae71ea,0.38,0.5051294577430386,12282.0,5821.0,546.29,NVIDIA GeForce RTX 4070,[N/A],Enabled,Enabled
1702408815.490978,0,GPU-93ae0c7f-c327-aee3-adae-bc0d1dae71ea,0.4,0.5051294577430386,12282.0,5821.0,546.29,NVIDIA GeForce RTX 4070,[N/A],Enabled,Enabled
1702408816.491446,0,GPU-93ae0c7f-c327-aee3-adae-bc0d1dae71ea,0.37,0.5051294577430386,12282.0,5821.0,546.29,NVIDIA GeForce RTX 4070,[N/A],Enabled,Enabled
1702408817.491903,0,GPU-93ae0c7f-c327-aee3-adae-bc0d1dae71ea,0.39,0.5051294577430386,12282.0,5821.0,546.29,NVIDIA GeForce RTX 4070,[N/A],Enabled,Enabled
1702408818.491244,0,GPU-93ae0c7f-c327-aee3-adae-bc0d1dae71ea,0.36,0.5048037778863377,12282.0,5825.0,546.29,NVIDIA GeForce RTX 4070,[N/A],Enabled,Enabled
1702408819.490795,0,GPU-93ae0c7f-c327-aee3-adae-bc0d1dae71ea,0.39,0.5048037778863377,12282.0,5825.0,546.29,NVIDIA GeForce RTX 4070,[N/A],Enabled,Enabled
1702408820.491622,0,GPU-93ae0c7f-c327-aee3-adae-bc0d1dae71ea,0.38,0.5048037778863377,12282.0,5825.0,546.29,NVIDIA GeForce RTX 4070,[N/A],Enabled,Enabled
1702408821.491593,0,GPU-93ae0c7f-c327-aee3-adae-bc0d1dae71ea,0.38,0.5048037778863377,12282.0,5825.0,546.29,NVIDIA GeForce RTX 4070,[N/A],Enabled,Enabled
1702408822.491353,0,GPU-93ae0c7f-c327-aee3-adae-bc0d1dae71ea,0.38,0.5048037778863377,12282.0,5825.0,546.29,NVIDIA GeForce RTX 4070,[N/A],Enabled,Enabled
1702408823.491123,0,GPU-93ae0c7f-c327-aee3-adae-bc0d1dae71ea,0.36,0.5048037778863377,12282.0,5825.0,546.29,NVIDIA GeForce RTX 4070,[N/A],Enabled,Enabled
1702408824.491893,0,GPU-93ae0c7f-c327-aee3-adae-bc0d1dae71ea,0.4,0.5048037778863377,12282.0,5825.0,546.29,NVIDIA GeForce RTX 4070,[N/A],Enabled,Enabled
1702408825.491199,0,GPU-93ae0c7f-c327-aee3-adae-bc0d1dae71ea,0.38,0.5048037778863377,12282.0,5825.0,546.29,NVIDIA GeForce RTX 4070,[N/A],Enabled,Enabled
1702408826.491249,0,GPU-93ae0c7f-c327-aee3-adae-bc0d1dae71ea,0.38,0.5050480377788634,12282.0,5822.0,546.29,NVIDIA GeForce RTX 4070,[N/A],Enabled,Enabled
1702408827.491299,0,GPU-93ae0c7f-c327-aee3-adae-bc0d1dae71ea,0.42,0.5050480377788634,12282.0,5822.0,546.29,NVIDIA GeForce RTX 4070,[N/A],Enabled,Enabled
1702408828.49252,0,GPU-93ae0c7f-c327-aee3-adae-bc0d1dae71ea,0.39,0.5050480377788634,12282.0,5822.0,546.29,NVIDIA GeForce RTX 4070,[N/A],Enabled,Enabled
1702408829.491564,0,GPU-93ae0c7f-c327-aee3-adae-bc0d1dae71ea,0.4,0.5050480377788634,12282.0,5822.0,546.29,NVIDIA GeForce RTX 4070,[N/A],Enabled,Enabled
1702408830.491319,0,GPU-93ae0c7f-c327-aee3-adae-bc0d1dae71ea,0.4,0.5050480377788634,12282.0,5822.0,546.29,NVIDIA GeForce RTX 4070,[N/A],Enabled,Enabled
1702408831.491154,0,GPU-93ae0c7f-c327-aee3-adae-bc0d1dae71ea,0.4,0.5050480377788634,12282.0,5822.0,546.29,NVIDIA GeForce RTX 4070,[N/A],Enabled,Enabled
1702408832.491628,0,GPU-93ae0c7f-c327-aee3-adae-bc0d1dae71ea,0.36,0.5050480377788634,12282.0,5822.0,546.29,NVIDIA GeForce RTX 4070,[N/A],Enabled,Enabled
1702408833.491626,0,GPU-93ae0c7f-c327-aee3-adae-bc0d1dae71ea,0.4,0.5066764370623676,12282.0,5802.0,546.29,NVIDIA GeForce RTX 4070,[N/A],Enabled,Enabled
1702408834.491795,0,GPU-93ae0c7f-c327-aee3-adae-bc0d1dae71ea,0.38,0.5066764370623676,12282.0,5802.0,546.29,NVIDIA GeForce RTX 4070,[N/A],Enabled,Enabled
1702408835.49122,0,GPU-93ae0c7f-c327-aee3-adae-bc0d1dae71ea,0.42,0.5066764370623676,12282.0,5802.0,546.29,NVIDIA GeForce RTX 4070,[N/A],Enabled,Enabled
1702408836.491993,0,GPU-93ae0c7f-c327-aee3-adae-bc0d1dae71ea,0.4,0.5066764370623676,12282.0,5802.0,546.29,NVIDIA GeForce RTX 4070,[N/A],Enabled,Enabled
1702408837.49209,0,GPU-93ae0c7f-c327-aee3-adae-bc0d1dae71ea,0.39,0.5066764370623676,12282.0,5802.0,546.29,NVIDIA GeForce RTX 4070,[N/A],Enabled,Enabled
1702408838.492026,0,GPU-93ae0c7f-c327-aee3-adae-bc0d1dae71ea,0.42,0.5066764370623676,12282.0,5802.0,546.29,NVIDIA GeForce RTX 4070,[N/A],Enabled,Enabled
1702408839.49175,0,GPU-93ae0c7f-c327-aee3-adae-bc0d1dae71ea,0.42,0.5066764370623676,12282.0,5802.0,546.29,NVIDIA GeForce RTX 4070,[N/A],Enabled,Enabled
1702408840.491393,0,GPU-93ae0c7f-c327-aee3-adae-bc0d1dae71ea,0.42,0.5066764370623676,12282.0,5802.0,546.29,NVIDIA GeForce RTX 4070,[N/A],Enabled,Enabled
1702408841.491234,0,GPU-93ae0c7f-c327-aee3-adae-bc0d1dae71ea,0.41,0.5066764370623676,12282.0,5802.0,546.29,NVIDIA GeForce RTX 4070,[N/A],Enabled,Enabled
1702408842.491533,0,GPU-93ae0c7f-c327-aee3-adae-bc0d1dae71ea,0.38,0.5066764370623676,12282.0,5802.0,546.29,NVIDIA GeForce RTX 4070,[N/A],Enabled,Enabled
1702408843.491158,0,GPU-93ae0c7f-c327-aee3-adae-bc0d1dae71ea,0.4,0.5066764370623676,12282.0,5802.0,546.29,NVIDIA GeForce RTX 4070,[N/A],Enabled,Enabled
1702408844.491066,0,GPU-93ae0c7f-c327-aee3-adae-bc0d1dae71ea,0.39,0.5066764370623676,12282.0,5802.0,546.29,NVIDIA GeForce RTX 4070,[N/A],Enabled,Enabled
1702408845.491616,0,GPU-93ae0c7f-c327-aee3-adae-bc0d1dae71ea,0.39,0.5061064973131412,12282.0,5809.0,546.29,NVIDIA GeForce RTX 4070,[N/A],Enabled,Enabled
1702408846.491904,0,GPU-93ae0c7f-c327-aee3-adae-bc0d1dae71ea,0.37,0.5061064973131412,12282.0,5809.0,546.29,NVIDIA GeForce RTX 4070,[N/A],Enabled,Enabled
1702408847.491669,0,GPU-93ae0c7f-c327-aee3-adae-bc0d1dae71ea,0.4,0.5061064973131412,12282.0,5809.0,546.29,NVIDIA GeForce RTX 4070,[N/A],Enabled,Enabled
1702408848.490827,0,GPU-93ae0c7f-c327-aee3-adae-bc0d1dae71ea,0.36,0.5056993974922651,12282.0,5814.0,546.29,NVIDIA GeForce RTX 4070,[N/A],Enabled,Enabled
1702408849.491842,0,GPU-93ae0c7f-c327-aee3-adae-bc0d1dae71ea,0.37,0.5056179775280899,12282.0,5815.0,546.29,NVIDIA GeForce RTX 4070,[N/A],Enabled,Enabled
1702408850.491723,0,GPU-93ae0c7f-c327-aee3-adae-bc0d1dae71ea,0.4,0.5056179775280899,12282.0,5815.0,546.29,NVIDIA GeForce RTX 4070,[N/A],Enabled,Enabled
1702408851.490987,0,GPU-93ae0c7f-c327-aee3-adae-bc0d1dae71ea,0.37,0.5052922976713891,12282.0,5819.0,546.29,NVIDIA GeForce RTX 4070,[N/A],Enabled,Enabled
1702408852.491731,0,GPU-93ae0c7f-c327-aee3-adae-bc0d1dae71ea,0.35,0.5047223579221625,12282.0,5826.0,546.29,NVIDIA GeForce RTX 4070,[N/A],Enabled,Enabled
1702408853.491775,0,GPU-93ae0c7f-c327-aee3-adae-bc0d1dae71ea,0.41,0.5047223579221625,12282.0,5826.0,546.29,NVIDIA GeForce RTX 4070,[N/A],Enabled,Enabled
1702408854.491039,0,GPU-93ae0c7f-c327-aee3-adae-bc0d1dae71ea,0.36,0.5047223579221625,12282.0,5826.0,546.29,NVIDIA GeForce RTX 4070,[N/A],Enabled,Enabled
1702408855.490867,0,GPU-93ae0c7f-c327-aee3-adae-bc0d1dae71ea,0.46,0.5047223579221625,12282.0,5826.0,546.29,NVIDIA GeForce RTX 4070,[N/A],Enabled,Enabled
1702408856.491198,0,GPU-93ae0c7f-c327-aee3-adae-bc0d1dae71ea,0.37,0.5047223579221625,12282.0,5826.0,546.29,NVIDIA GeForce RTX 4070,[N/A],Enabled,Enabled
1702408857.491869,0,GPU-93ae0c7f-c327-aee3-adae-bc0d1dae71ea,0.37,0.5047223579221625,12282.0,5826.0,546.29,NVIDIA GeForce RTX 4070,[N/A],Enabled,Enabled
1702408858.490941,0,GPU-93ae0c7f-c327-aee3-adae-bc0d1dae71ea,0.37,0.5047223579221625,12282.0,5826.0,546.29,NVIDIA GeForce RTX 4070,[N/A],Enabled,Enabled
1702408859.491629,0,GPU-93ae0c7f-c327-aee3-adae-bc0d1dae71ea,0.41,0.5047223579221625,12282.0,5826.0,546.29,NVIDIA GeForce RTX 4070,[N/A],Enabled,Enabled
1702408860.490968,0,GPU-93ae0c7f-c327-aee3-adae-bc0d1dae71ea,0.4,0.5047223579221625,12282.0,5826.0,546.29,NVIDIA GeForce RTX 4070,[N/A],Enabled,Enabled
1702408861.491701,0,GPU-93ae0c7f-c327-aee3-adae-bc0d1dae71ea,0.37,0.5047223579221625,12282.0,5826.0,546.29,NVIDIA GeForce RTX 4070,[N/A],Enabled,Enabled
1702408862.491824,0,GPU-93ae0c7f-c327-aee3-adae-bc0d1dae71ea,0.36,0.5047223579221625,12282.0,5826.0,546.29,NVIDIA GeForce RTX 4070,[N/A],Enabled,Enabled
1702408863.491169,0,GPU-93ae0c7f-c327-aee3-adae-bc0d1dae71ea,0.41,0.5047223579221625,12282.0,5826.0,546.29,NVIDIA GeForce RTX 4070,[N/A],Enabled,Enabled
1702408864.491927,0,GPU-93ae0c7f-c327-aee3-adae-bc0d1dae71ea,0.36,0.5047223579221625,12282.0,5826.0,546.29,NVIDIA GeForce RTX 4070,[N/A],Enabled,Enabled
1702408865.491948,0,GPU-93ae0c7f-c327-aee3-adae-bc0d1dae71ea,0.42,0.5054551375997395,12282.0,5817.0,546.29,NVIDIA GeForce RTX 4070,[N/A],Enabled,Enabled
1702408866.491331,0,GPU-93ae0c7f-c327-aee3-adae-bc0d1dae71ea,0.38,0.5054551375997395,12282.0,5817.0,546.29,NVIDIA GeForce RTX 4070,[N/A],Enabled,Enabled
1702408867.492437,0,GPU-93ae0c7f-c327-aee3-adae-bc0d1dae71ea,0.4,0.5054551375997395,12282.0,5817.0,546.29,NVIDIA GeForce RTX 4070,[N/A],Enabled,Enabled
1702408868.491692,0,GPU-93ae0c7f-c327-aee3-adae-bc0d1dae71ea,0.39,0.5054551375997395,12282.0,5817.0,546.29,NVIDIA GeForce RTX 4070,[N/A],Enabled,Enabled
1702408869.49106,0,GPU-93ae0c7f-c327-aee3-adae-bc0d1dae71ea,0.38,0.5054551375997395,12282.0,5817.0,546.29,NVIDIA GeForce RTX 4070,[N/A],Enabled,Enabled
1702408870.491549,0,GPU-93ae0c7f-c327-aee3-adae-bc0d1dae71ea,0.36,0.5054551375997395,12282.0,5817.0,546.29,NVIDIA GeForce RTX 4070,[N/A],Enabled,Enabled
1702408871.491691,0,GPU-93ae0c7f-c327-aee3-adae-bc0d1dae71ea,0.4,0.5054551375997395,12282.0,5817.0,546.29,NVIDIA GeForce RTX 4070,[N/A],Enabled,Enabled
1702408872.492534,0,GPU-93ae0c7f-c327-aee3-adae-bc0d1dae71ea,0.42,0.5052922976713891,12282.0,5819.0,546.29,NVIDIA GeForce RTX 4070,[N/A],Enabled,Enabled
1702408873.491687,0,GPU-93ae0c7f-c327-aee3-adae-bc0d1dae71ea,0.37,0.5052922976713891,12282.0,5819.0,546.29,NVIDIA GeForce RTX 4070,[N/A],Enabled,Enabled
1702408874.491629,0,GPU-93ae0c7f-c327-aee3-adae-bc0d1dae71ea,0.37,0.5052922976713891,12282.0,5819.0,546.29,NVIDIA GeForce RTX 4070,[N/A],Enabled,Enabled
1702408875.491657,0,GPU-93ae0c7f-c327-aee3-adae-bc0d1dae71ea,0.41,0.5056179775280899,12282.0,5815.0,546.29,NVIDIA GeForce RTX 4070,[N/A],Enabled,Enabled
1702408876.492484,0,GPU-93ae0c7f-c327-aee3-adae-bc0d1dae71ea,0.38,0.5056179775280899,12282.0,5815.0,546.29,NVIDIA GeForce RTX 4070,[N/A],Enabled,Enabled
1702408877.491006,0,GPU-93ae0c7f-c327-aee3-adae-bc0d1dae71ea,0.46,0.5056179775280899,12282.0,5815.0,546.29,NVIDIA GeForce RTX 4070,[N/A],Enabled,Enabled
1702408878.49183,0,GPU-93ae0c7f-c327-aee3-adae-bc0d1dae71ea,0.35,0.5052922976713891,12282.0,5819.0,546.29,NVIDIA GeForce RTX 4070,[N/A],Enabled,Enabled
1702408879.491895,0,GPU-93ae0c7f-c327-aee3-adae-bc0d1dae71ea,0.41,0.5052922976713891,12282.0,5819.0,546.29,NVIDIA GeForce RTX 4070,[N/A],Enabled,Enabled
1702408880.492182,0,GPU-93ae0c7f-c327-aee3-adae-bc0d1dae71ea,0.39,0.5052922976713891,12282.0,5819.0,546.29,NVIDIA GeForce RTX 4070,[N/A],Enabled,Enabled
1702408881.491899,0,GPU-93ae0c7f-c327-aee3-adae-bc0d1dae71ea,0.39,0.5052922976713891,12282.0,5819.0,546.29,NVIDIA GeForce RTX 4070,[N/A],Enabled,Enabled
1702408882.491437,0,GPU-93ae0c7f-c327-aee3-adae-bc0d1dae71ea,0.39,0.5052922976713891,12282.0,5819.0,546.29,NVIDIA GeForce RTX 4070,[N/A],Enabled,Enabled
1702408883.491916,0,GPU-93ae0c7f-c327-aee3-adae-bc0d1dae71ea,0.46,0.5052922976713891,12282.0,5819.0,546.29,NVIDIA GeForce RTX 4070,[N/A],Enabled,Enabled
1702408884.491541,0,GPU-93ae0c7f-c327-aee3-adae-bc0d1dae71ea,0.39,0.5052922976713891,12282.0,5819.0,546.29,NVIDIA GeForce RTX 4070,[N/A],Enabled,Enabled
1702408885.491328,0,GPU-93ae0c7f-c327-aee3-adae-bc0d1dae71ea,0.43,0.5049666178146882,12282.0,5823.0,546.29,NVIDIA GeForce RTX 4070,[N/A],Enabled,Enabled
1702408886.491442,0,GPU-93ae0c7f-c327-aee3-adae-bc0d1dae71ea,0.43,0.5049666178146882,12282.0,5823.0,546.29,NVIDIA GeForce RTX 4070,[N/A],Enabled,Enabled
1702408887.491235,0,GPU-93ae0c7f-c327-aee3-adae-bc0d1dae71ea,0.4,0.5046409379579873,12282.0,5827.0,546.29,NVIDIA GeForce RTX 4070,[N/A],Enabled,Enabled
1702408888.490745,0,GPU-93ae0c7f-c327-aee3-adae-bc0d1dae71ea,0.39,0.5046409379579873,12282.0,5827.0,546.29,NVIDIA GeForce RTX 4070,[N/A],Enabled,Enabled
1702408889.491263,0,GPU-93ae0c7f-c327-aee3-adae-bc0d1dae71ea,0.41,0.5046409379579873,12282.0,5827.0,546.29,NVIDIA GeForce RTX 4070,[N/A],Enabled,Enabled
1702408890.491641,0,GPU-93ae0c7f-c327-aee3-adae-bc0d1dae71ea,0.43,0.5046409379579873,12282.0,5827.0,546.29,NVIDIA GeForce RTX 4070,[N/A],Enabled,Enabled
1702408891.491477,0,GPU-93ae0c7f-c327-aee3-adae-bc0d1dae71ea,0.41,0.5046409379579873,12282.0,5827.0,546.29,NVIDIA GeForce RTX 4070,[N/A],Enabled,Enabled
1702408892.491841,0,GPU-93ae0c7f-c327-aee3-adae-bc0d1dae71ea,0.4,0.5046409379579873,12282.0,5827.0,546.29,NVIDIA GeForce RTX 4070,[N/A],Enabled,Enabled
1702408893.491129,0,GPU-93ae0c7f-c327-aee3-adae-bc0d1dae71ea,0.41,0.5046409379579873,12282.0,5827.0,546.29,NVIDIA GeForce RTX 4070,[N/A],Enabled,Enabled
1702408894.491276,0,GPU-93ae0c7f-c327-aee3-adae-bc0d1dae71ea,0.35,0.5047223579221625,12282.0,5826.0,546.29,NVIDIA GeForce RTX 4070,[N/A],Enabled,Enabled
1702408895.491814,0,GPU-93ae0c7f-c327-aee3-adae-bc0d1dae71ea,0.4,0.5047223579221625,12282.0,5826.0,546.29,NVIDIA GeForce RTX 4070,[N/A],Enabled,Enabled
1702408896.491421,0,GPU-93ae0c7f-c327-aee3-adae-bc0d1dae71ea,0.36,0.5047223579221625,12282.0,5826.0,546.29,NVIDIA GeForce RTX 4070,[N/A],Enabled,Enabled
1702408897.491975,0,GPU-93ae0c7f-c327-aee3-adae-bc0d1dae71ea,0.4,0.5047223579221625,12282.0,5826.0,546.29,NVIDIA GeForce RTX 4070,[N/A],Enabled,Enabled
1702408898.491649,0,GPU-93ae0c7f-c327-aee3-adae-bc0d1dae71ea,0.36,0.5047223579221625,12282.0,5826.0,546.29,NVIDIA GeForce RTX 4070,[N/A],Enabled,Enabled
1702408899.492352,0,GPU-93ae0c7f-c327-aee3-adae-bc0d1dae71ea,0.41,0.5047223579221625,12282.0,5826.0,546.29,NVIDIA GeForce RTX 4070,[N/A],Enabled,Enabled
1702408900.49193,0,GPU-93ae0c7f-c327-aee3-adae-bc0d1dae71ea,0.36,0.5048037778863377,12282.0,5825.0,546.29,NVIDIA GeForce RTX 4070,[N/A],Enabled,Enabled
1702408901.492463,0,GPU-93ae0c7f-c327-aee3-adae-bc0d1dae71ea,0.37,0.5048037778863377,12282.0,5825.0,546.29,NVIDIA GeForce RTX 4070,[N/A],Enabled,Enabled
1702408902.491911,0,GPU-93ae0c7f-c327-aee3-adae-bc0d1dae71ea,0.39,0.5048037778863377,12282.0,5825.0,546.29,NVIDIA GeForce RTX 4070,[N/A],Enabled,Enabled
1702408903.491224,0,GPU-93ae0c7f-c327-aee3-adae-bc0d1dae71ea,0.44,0.5048037778863377,12282.0,5825.0,546.29,NVIDIA GeForce RTX 4070,[N/A],Enabled,Enabled
1702408904.491359,0,GPU-93ae0c7f-c327-aee3-adae-bc0d1dae71ea,0.38,0.5063507572056668,12282.0,5806.0,546.29,NVIDIA GeForce RTX 4070,[N/A],Enabled,Enabled
1702408905.491226,0,GPU-93ae0c7f-c327-aee3-adae-bc0d1dae71ea,0.4,0.5063507572056668,12282.0,5806.0,546.29,NVIDIA GeForce RTX 4070,[N/A],Enabled,Enabled
1702408906.491406,0,GPU-93ae0c7f-c327-aee3-adae-bc0d1dae71ea,0.41,0.5063507572056668,12282.0,5806.0,546.29,NVIDIA GeForce RTX 4070,[N/A],Enabled,Enabled
1702408907.49137,0,GPU-93ae0c7f-c327-aee3-adae-bc0d1dae71ea,0.4,0.5063507572056668,12282.0,5806.0,546.29,NVIDIA GeForce RTX 4070,[N/A],Enabled,Enabled
1702408908.491625,0,GPU-93ae0c7f-c327-aee3-adae-bc0d1dae71ea,0.4,0.5063507572056668,12282.0,5806.0,546.29,NVIDIA GeForce RTX 4070,[N/A],Enabled,Enabled
1702408909.492461,0,GPU-93ae0c7f-c327-aee3-adae-bc0d1dae71ea,0.4,0.5063507572056668,12282.0,5806.0,546.29,NVIDIA GeForce RTX 4070,[N/A],Enabled,Enabled
1702408910.491308,0,GPU-93ae0c7f-c327-aee3-adae-bc0d1dae71ea,0.37,0.5063507572056668,12282.0,5806.0,546.29,NVIDIA GeForce RTX 4070,[N/A],Enabled,Enabled
1702408911.491374,0,GPU-93ae0c7f-c327-aee3-adae-bc0d1dae71ea,0.42,0.5063507572056668,12282.0,5806.0,546.29,NVIDIA GeForce RTX 4070,[N/A],Enabled,Enabled
1702408912.492519,0,GPU-93ae0c7f-c327-aee3-adae-bc0d1dae71ea,0.39,0.5063507572056668,12282.0,5806.0,546.29,NVIDIA GeForce RTX 4070,[N/A],Enabled,Enabled
1702408913.491205,0,GPU-93ae0c7f-c327-aee3-adae-bc0d1dae71ea,0.42,0.5063507572056668,12282.0,5806.0,546.29,NVIDIA GeForce RTX 4070,[N/A],Enabled,Enabled
1702408914.491302,0,GPU-93ae0c7f-c327-aee3-adae-bc0d1dae71ea,0.37,0.5063507572056668,12282.0,5806.0,546.29,NVIDIA GeForce RTX 4070,[N/A],Enabled,Enabled
1702408915.491492,0,GPU-93ae0c7f-c327-aee3-adae-bc0d1dae71ea,0.42,0.5063507572056668,12282.0,5806.0,546.29,NVIDIA GeForce RTX 4070,[N/A],Enabled,Enabled
1702408916.491735,0,GPU-93ae0c7f-c327-aee3-adae-bc0d1dae71ea,0.35,0.5063507572056668,12282.0,5806.0,546.29,NVIDIA GeForce RTX 4070,[N/A],Enabled,Enabled
1702408917.491324,0,GPU-93ae0c7f-c327-aee3-adae-bc0d1dae71ea,0.43,0.5063507572056668,12282.0,5806.0,546.29,NVIDIA GeForce RTX 4070,[N/A],Enabled,Enabled
1702408918.491392,0,GPU-93ae0c7f-c327-aee3-adae-bc0d1dae71ea,0.45,0.5063507572056668,12282.0,5806.0,546.29,NVIDIA GeForce RTX 4070,[N/A],Enabled,Enabled
1702408919.491896,0,GPU-93ae0c7f-c327-aee3-adae-bc0d1dae71ea,0.46,0.5062693372414916,12282.0,5807.0,546.29,NVIDIA GeForce RTX 4070,[N/A],Enabled,Enabled
1702408920.491718,0,GPU-93ae0c7f-c327-aee3-adae-bc0d1dae71ea,0.37,0.5062693372414916,12282.0,5807.0,546.29,NVIDIA GeForce RTX 4070,[N/A],Enabled,Enabled
1702408921.491495,0,GPU-93ae0c7f-c327-aee3-adae-bc0d1dae71ea,0.38,0.5062693372414916,12282.0,5807.0,546.29,NVIDIA GeForce RTX 4070,[N/A],Enabled,Enabled
1702408922.491038,0,GPU-93ae0c7f-c327-aee3-adae-bc0d1dae71ea,0.37,0.5062693372414916,12282.0,5807.0,546.29,NVIDIA GeForce RTX 4070,[N/A],Enabled,Enabled
1702408923.491071,0,GPU-93ae0c7f-c327-aee3-adae-bc0d1dae71ea,0.38,0.5061879172773164,12282.0,5808.0,546.29,NVIDIA GeForce RTX 4070,[N/A],Enabled,Enabled
1702408924.491356,0,GPU-93ae0c7f-c327-aee3-adae-bc0d1dae71ea,0.36,0.5061879172773164,12282.0,5808.0,546.29,NVIDIA GeForce RTX 4070,[N/A],Enabled,Enabled
1702408925.491893,0,GPU-93ae0c7f-c327-aee3-adae-bc0d1dae71ea,0.41,0.5058622374206155,12282.0,5812.0,546.29,NVIDIA GeForce RTX 4070,[N/A],Enabled,Enabled
1702408926.491523,0,GPU-93ae0c7f-c327-aee3-adae-bc0d1dae71ea,0.51,0.5058622374206155,12282.0,5812.0,546.29,NVIDIA GeForce RTX 4070,[N/A],Enabled,Enabled
1702408927.49187,0,GPU-93ae0c7f-c327-aee3-adae-bc0d1dae71ea,0.43,0.5058622374206155,12282.0,5812.0,546.29,NVIDIA GeForce RTX 4070,[N/A],Enabled,Enabled
1702408928.491834,0,GPU-93ae0c7f-c327-aee3-adae-bc0d1dae71ea,0.37,0.5054551375997395,12282.0,5817.0,546.29,NVIDIA GeForce RTX 4070,[N/A],Enabled,Enabled
1702408929.490811,0,GPU-93ae0c7f-c327-aee3-adae-bc0d1dae71ea,0.42,0.5048037778863377,12282.0,5825.0,546.29,NVIDIA GeForce RTX 4070,[N/A],Enabled,Enabled
1702408930.491191,0,GPU-93ae0c7f-c327-aee3-adae-bc0d1dae71ea,0.43,0.5048037778863377,12282.0,5825.0,546.29,NVIDIA GeForce RTX 4070,[N/A],Enabled,Enabled
1702408931.492364,0,GPU-93ae0c7f-c327-aee3-adae-bc0d1dae71ea,0.44,0.5048037778863377,12282.0,5825.0,546.29,NVIDIA GeForce RTX 4070,[N/A],Enabled,Enabled
1702408932.491323,0,GPU-93ae0c7f-c327-aee3-adae-bc0d1dae71ea,0.38,0.5063507572056668,12282.0,5806.0,546.29,NVIDIA GeForce RTX 4070,[N/A],Enabled,Enabled
1702408933.490952,0,GPU-93ae0c7f-c327-aee3-adae-bc0d1dae71ea,0.39,0.5063507572056668,12282.0,5806.0,546.29,NVIDIA GeForce RTX 4070,[N/A],Enabled,Enabled
1702408934.491472,0,GPU-93ae0c7f-c327-aee3-adae-bc0d1dae71ea,0.38,0.5063507572056668,12282.0,5806.0,546.29,NVIDIA GeForce RTX 4070,[N/A],Enabled,Enabled
1702408935.491865,0,GPU-93ae0c7f-c327-aee3-adae-bc0d1dae71ea,0.41,0.5063507572056668,12282.0,5806.0,546.29,NVIDIA GeForce RTX 4070,[N/A],Enabled,Enabled
1702408936.491677,0,GPU-93ae0c7f-c327-aee3-adae-bc0d1dae71ea,0.39,0.5063507572056668,12282.0,5806.0,546.29,NVIDIA GeForce RTX 4070,[N/A],Enabled,Enabled
1702408937.491123,0,GPU-93ae0c7f-c327-aee3-adae-bc0d1dae71ea,0.42,0.5063507572056668,12282.0,5806.0,546.29,NVIDIA GeForce RTX 4070,[N/A],Enabled,Enabled
1702408938.491412,0,GPU-93ae0c7f-c327-aee3-adae-bc0d1dae71ea,0.38,0.5056993974922651,12282.0,5814.0,546.29,NVIDIA GeForce RTX 4070,[N/A],Enabled,Enabled
1702408939.491655,0,GPU-93ae0c7f-c327-aee3-adae-bc0d1dae71ea,0.41,0.5056993974922651,12282.0,5814.0,546.29,NVIDIA GeForce RTX 4070,[N/A],Enabled,Enabled
1702408940.490739,0,GPU-93ae0c7f-c327-aee3-adae-bc0d1dae71ea,0.47,0.5056179775280899,12282.0,5815.0,546.29,NVIDIA GeForce RTX 4070,[N/A],Enabled,Enabled
1702408941.491969,0,GPU-93ae0c7f-c327-aee3-adae-bc0d1dae71ea,0.4,0.5056179775280899,12282.0,5815.0,546.29,NVIDIA GeForce RTX 4070,[N/A],Enabled,Enabled
1702408942.49201,0,GPU-93ae0c7f-c327-aee3-adae-bc0d1dae71ea,0.41,0.5056179775280899,12282.0,5815.0,546.29,NVIDIA GeForce RTX 4070,[N/A],Enabled,Enabled
1702408943.491609,0,GPU-93ae0c7f-c327-aee3-adae-bc0d1dae71ea,0.43,0.5056179775280899,12282.0,5815.0,546.29,NVIDIA GeForce RTX 4070,[N/A],Enabled,Enabled
1702408944.491347,0,GPU-93ae0c7f-c327-aee3-adae-bc0d1dae71ea,0.39,0.5052108777072138,12282.0,5820.0,546.29,NVIDIA GeForce RTX 4070,[N/A],Enabled,Enabled
1702408945.491663,0,GPU-93ae0c7f-c327-aee3-adae-bc0d1dae71ea,0.45,0.5052108777072138,12282.0,5820.0,546.29,NVIDIA GeForce RTX 4070,[N/A],Enabled,Enabled
1702408946.491254,0,GPU-93ae0c7f-c327-aee3-adae-bc0d1dae71ea,0.38,0.5052108777072138,12282.0,5820.0,546.29,NVIDIA GeForce RTX 4070,[N/A],Enabled,Enabled
1702408947.490994,0,GPU-93ae0c7f-c327-aee3-adae-bc0d1dae71ea,0.42,0.5052108777072138,12282.0,5820.0,546.29,NVIDIA GeForce RTX 4070,[N/A],Enabled,Enabled
1702408948.491821,0,GPU-93ae0c7f-c327-aee3-adae-bc0d1dae71ea,0.4,0.5052108777072138,12282.0,5820.0,546.29,NVIDIA GeForce RTX 4070,[N/A],Enabled,Enabled
1702408949.490942,0,GPU-93ae0c7f-c327-aee3-adae-bc0d1dae71ea,0.42,0.5052108777072138,12282.0,5820.0,546.29,NVIDIA GeForce RTX 4070,[N/A],Enabled,Enabled
1702408950.491838,0,GPU-93ae0c7f-c327-aee3-adae-bc0d1dae71ea,0.38,0.5052108777072138,12282.0,5820.0,546.29,NVIDIA GeForce RTX 4070,[N/A],Enabled,Enabled
1702408951.491411,0,GPU-93ae0c7f-c327-aee3-adae-bc0d1dae71ea,0.41,0.5052108777072138,12282.0,5820.0,546.29,NVIDIA GeForce RTX 4070,[N/A],Enabled,Enabled
1702408952.491879,0,GPU-93ae0c7f-c327-aee3-adae-bc0d1dae71ea,0.39,0.5052108777072138,12282.0,5820.0,546.29,NVIDIA GeForce RTX 4070,[N/A],Enabled,Enabled
1702408953.49197,0,GPU-93ae0c7f-c327-aee3-adae-bc0d1dae71ea,0.38,0.5052108777072138,12282.0,5820.0,546.29,NVIDIA GeForce RTX 4070,[N/A],Enabled,Enabled
1702408954.491966,0,GPU-93ae0c7f-c327-aee3-adae-bc0d1dae71ea,0.34,0.5052108777072138,12282.0,5820.0,546.29,NVIDIA GeForce RTX 4070,[N/A],Enabled,Enabled
1702408955.491113,0,GPU-93ae0c7f-c327-aee3-adae-bc0d1dae71ea,0.38,0.5052108777072138,12282.0,5820.0,546.29,NVIDIA GeForce RTX 4070,[N/A],Enabled,Enabled
1702408956.491936,0,GPU-93ae0c7f-c327-aee3-adae-bc0d1dae71ea,0.37,0.5052108777072138,12282.0,5820.0,546.29,NVIDIA GeForce RTX 4070,[N/A],Enabled,Enabled
1702408957.491283,0,GPU-93ae0c7f-c327-aee3-adae-bc0d1dae71ea,0.37,0.5052108777072138,12282.0,5820.0,546.29,NVIDIA GeForce RTX 4070,[N/A],Enabled,Enabled
1702408958.491984,0,GPU-93ae0c7f-c327-aee3-adae-bc0d1dae71ea,0.38,0.5055365575639147,12282.0,5816.0,546.29,NVIDIA GeForce RTX 4070,[N/A],Enabled,Enabled
1702408959.491584,0,GPU-93ae0c7f-c327-aee3-adae-bc0d1dae71ea,0.41,0.5054551375997395,12282.0,5817.0,546.29,NVIDIA GeForce RTX 4070,[N/A],Enabled,Enabled
1702408960.491266,0,GPU-93ae0c7f-c327-aee3-adae-bc0d1dae71ea,0.34,0.5054551375997395,12282.0,5817.0,546.29,NVIDIA GeForce RTX 4070,[N/A],Enabled,Enabled
1702408961.491343,0,GPU-93ae0c7f-c327-aee3-adae-bc0d1dae71ea,0.35,0.5051294577430386,12282.0,5821.0,546.29,NVIDIA GeForce RTX 4070,[N/A],Enabled,Enabled
1702408962.491959,0,GPU-93ae0c7f-c327-aee3-adae-bc0d1dae71ea,0.38,0.5054551375997395,12282.0,5817.0,546.29,NVIDIA GeForce RTX 4070,[N/A],Enabled,Enabled
1702408963.491515,0,GPU-93ae0c7f-c327-aee3-adae-bc0d1dae71ea,0.4,0.5054551375997395,12282.0,5817.0,546.29,NVIDIA GeForce RTX 4070,[N/A],Enabled,Enabled
1702408964.491465,0,GPU-93ae0c7f-c327-aee3-adae-bc0d1dae71ea,0.39,0.5054551375997395,12282.0,5817.0,546.29,NVIDIA GeForce RTX 4070,[N/A],Enabled,Enabled
1702408965.491498,0,GPU-93ae0c7f-c327-aee3-adae-bc0d1dae71ea,0.37,0.5054551375997395,12282.0,5817.0,546.29,NVIDIA GeForce RTX 4070,[N/A],Enabled,Enabled
1702408966.491901,0,GPU-93ae0c7f-c327-aee3-adae-bc0d1dae71ea,0.38,0.5054551375997395,12282.0,5817.0,546.29,NVIDIA GeForce RTX 4070,[N/A],Enabled,Enabled
1702408967.491791,0,GPU-93ae0c7f-c327-aee3-adae-bc0d1dae71ea,0.42,0.5054551375997395,12282.0,5817.0,546.29,NVIDIA GeForce RTX 4070,[N/A],Enabled,Enabled
1702408968.491786,0,GPU-93ae0c7f-c327-aee3-adae-bc0d1dae71ea,0.38,0.5054551375997395,12282.0,5817.0,546.29,NVIDIA GeForce RTX 4070,[N/A],Enabled,Enabled
1702408969.491401,0,GPU-93ae0c7f-c327-aee3-adae-bc0d1dae71ea,0.38,0.5054551375997395,12282.0,5817.0,546.29,NVIDIA GeForce RTX 4070,[N/A],Enabled,Enabled
1702408970.491944,0,GPU-93ae0c7f-c327-aee3-adae-bc0d1dae71ea,0.39,0.5054551375997395,12282.0,5817.0,546.29,NVIDIA GeForce RTX 4070,[N/A],Enabled,Enabled
1702408971.491993,0,GPU-93ae0c7f-c327-aee3-adae-bc0d1dae71ea,0.42,0.5051294577430386,12282.0,5821.0,546.29,NVIDIA GeForce RTX 4070,[N/A],Enabled,Enabled
1702408972.491844,0,GPU-93ae0c7f-c327-aee3-adae-bc0d1dae71ea,0.41,0.5051294577430386,12282.0,5821.0,546.29,NVIDIA GeForce RTX 4070,[N/A],Enabled,Enabled
1702408973.491437,0,GPU-93ae0c7f-c327-aee3-adae-bc0d1dae71ea,0.52,0.5051294577430386,12282.0,5821.0,546.29,NVIDIA GeForce RTX 4070,[N/A],Enabled,Enabled
1702408974.491472,0,GPU-93ae0c7f-c327-aee3-adae-bc0d1dae71ea,0.39,0.5051294577430386,12282.0,5821.0,546.29,NVIDIA GeForce RTX 4070,[N/A],Enabled,Enabled
1702408975.491503,0,GPU-93ae0c7f-c327-aee3-adae-bc0d1dae71ea,0.46,0.5051294577430386,12282.0,5821.0,546.29,NVIDIA GeForce RTX 4070,[N/A],Enabled,Enabled
1702408976.491724,0,GPU-93ae0c7f-c327-aee3-adae-bc0d1dae71ea,0.33,0.5051294577430386,12282.0,5821.0,546.29,NVIDIA GeForce RTX 4070,[N/A],Enabled,Enabled
1702408977.490828,0,GPU-93ae0c7f-c327-aee3-adae-bc0d1dae71ea,0.38,0.5051294577430386,12282.0,5821.0,546.29,NVIDIA GeForce RTX 4070,[N/A],Enabled,Enabled
1702408978.492195,0,GPU-93ae0c7f-c327-aee3-adae-bc0d1dae71ea,0.45,0.5051294577430386,12282.0,5821.0,546.29,NVIDIA GeForce RTX 4070,[N/A],Enabled,Enabled
1702408979.491539,0,GPU-93ae0c7f-c327-aee3-adae-bc0d1dae71ea,0.45,0.5051294577430386,12282.0,5821.0,546.29,NVIDIA GeForce RTX 4070,[N/A],Enabled,Enabled
1702408980.491687,0,GPU-93ae0c7f-c327-aee3-adae-bc0d1dae71ea,0.4,0.5051294577430386,12282.0,5821.0,546.29,NVIDIA GeForce RTX 4070,[N/A],Enabled,Enabled
1702408981.492269,0,GPU-93ae0c7f-c327-aee3-adae-bc0d1dae71ea,0.42,0.5051294577430386,12282.0,5821.0,546.29,NVIDIA GeForce RTX 4070,[N/A],Enabled,Enabled
1702408982.492071,0,GPU-93ae0c7f-c327-aee3-adae-bc0d1dae71ea,0.37,0.5051294577430386,12282.0,5821.0,546.29,NVIDIA GeForce RTX 4070,[N/A],Enabled,Enabled
1702408983.492063,0,GPU-93ae0c7f-c327-aee3-adae-bc0d1dae71ea,0.44,0.5051294577430386,12282.0,5821.0,546.29,NVIDIA GeForce RTX 4070,[N/A],Enabled,Enabled
1702408984.491975,0,GPU-93ae0c7f-c327-aee3-adae-bc0d1dae71ea,0.46,0.5051294577430386,12282.0,5821.0,546.29,NVIDIA GeForce RTX 4070,[N/A],Enabled,Enabled
1702408985.491832,0,GPU-93ae0c7f-c327-aee3-adae-bc0d1dae71ea,0.44,0.5051294577430386,12282.0,5821.0,546.29,NVIDIA GeForce RTX 4070,[N/A],Enabled,Enabled
1702408986.492762,0,GPU-93ae0c7f-c327-aee3-adae-bc0d1dae71ea,0.37,0.5051294577430386,12282.0,5821.0,546.29,NVIDIA GeForce RTX 4070,[N/A],Enabled,Enabled
1702408987.491873,0,GPU-93ae0c7f-c327-aee3-adae-bc0d1dae71ea,0.4,0.5051294577430386,12282.0,5821.0,546.29,NVIDIA GeForce RTX 4070,[N/A],Enabled,Enabled
1702408988.491582,0,GPU-93ae0c7f-c327-aee3-adae-bc0d1dae71ea,0.43,0.5051294577430386,12282.0,5821.0,546.29,NVIDIA GeForce RTX 4070,[N/A],Enabled,Enabled
1702408989.491754,0,GPU-93ae0c7f-c327-aee3-adae-bc0d1dae71ea,0.37,0.5054551375997395,12282.0,5817.0,546.29,NVIDIA GeForce RTX 4070,[N/A],Enabled,Enabled
1702408990.491087,0,GPU-93ae0c7f-c327-aee3-adae-bc0d1dae71ea,0.45,0.5051294577430386,12282.0,5821.0,546.29,NVIDIA GeForce RTX 4070,[N/A],Enabled,Enabled
1702408991.491795,0,GPU-93ae0c7f-c327-aee3-adae-bc0d1dae71ea,0.38,0.5051294577430386,12282.0,5821.0,546.29,NVIDIA GeForce RTX 4070,[N/A],Enabled,Enabled
1702408992.492046,0,GPU-93ae0c7f-c327-aee3-adae-bc0d1dae71ea,0.39,0.5051294577430386,12282.0,5821.0,546.29,NVIDIA GeForce RTX 4070,[N/A],Enabled,Enabled
1702408993.491641,0,GPU-93ae0c7f-c327-aee3-adae-bc0d1dae71ea,0.48,0.5051294577430386,12282.0,5821.0,546.29,NVIDIA GeForce RTX 4070,[N/A],Enabled,Enabled
1702408994.491165,0,GPU-93ae0c7f-c327-aee3-adae-bc0d1dae71ea,0.37,0.5051294577430386,12282.0,5821.0,546.29,NVIDIA GeForce RTX 4070,[N/A],Enabled,Enabled
1702408995.491957,0,GPU-93ae0c7f-c327-aee3-adae-bc0d1dae71ea,0.42,0.5051294577430386,12282.0,5821.0,546.29,NVIDIA GeForce RTX 4070,[N/A],Enabled,Enabled
1702408996.492218,0,GPU-93ae0c7f-c327-aee3-adae-bc0d1dae71ea,0.36,0.5051294577430386,12282.0,5821.0,546.29,NVIDIA GeForce RTX 4070,[N/A],Enabled,Enabled
1702408997.49147,0,GPU-93ae0c7f-c327-aee3-adae-bc0d1dae71ea,0.41,0.5051294577430386,12282.0,5821.0,546.29,NVIDIA GeForce RTX 4070,[N/A],Enabled,Enabled
1702408998.491696,0,GPU-93ae0c7f-c327-aee3-adae-bc0d1dae71ea,0.4,0.5051294577430386,12282.0,5821.0,546.29,NVIDIA GeForce RTX 4070,[N/A],Enabled,Enabled
1702408999.491839,0,GPU-93ae0c7f-c327-aee3-adae-bc0d1dae71ea,0.38,0.5051294577430386,12282.0,5821.0,546.29,NVIDIA GeForce RTX 4070,[N/A],Enabled,Enabled
1702409000.491743,0,GPU-93ae0c7f-c327-aee3-adae-bc0d1dae71ea,0.39,0.5051294577430386,12282.0,5821.0,546.29,NVIDIA GeForce RTX 4070,[N/A],Enabled,Enabled
1702409001.491801,0,GPU-93ae0c7f-c327-aee3-adae-bc0d1dae71ea,0.36,0.5051294577430386,12282.0,5821.0,546.29,NVIDIA GeForce RTX 4070,[N/A],Enabled,Enabled
1702409002.491061,0,GPU-93ae0c7f-c327-aee3-adae-bc0d1dae71ea,0.34,0.5051294577430386,12282.0,5821.0,546.29,NVIDIA GeForce RTX 4070,[N/A],Enabled,Enabled
1702409003.491102,0,GPU-93ae0c7f-c327-aee3-adae-bc0d1dae71ea,0.29,0.5032567985670087,12282.0,5844.0,546.29,NVIDIA GeForce RTX 4070,[N/A],Enabled,Enabled
1702409004.491199,0,GPU-93ae0c7f-c327-aee3-adae-bc0d1dae71ea,0.28,0.5032567985670087,12282.0,5844.0,546.29,NVIDIA GeForce RTX 4070,[N/A],Enabled,Enabled
1702409005.491934,0,GPU-93ae0c7f-c327-aee3-adae-bc0d1dae71ea,0.26,0.4990229604298974,12282.0,5896.0,546.29,NVIDIA GeForce RTX 4070,[N/A],Enabled,Enabled
1702409006.492112,0,GPU-93ae0c7f-c327-aee3-adae-bc0d1dae71ea,0.26,0.49934864028659826,12282.0,5892.0,546.29,NVIDIA GeForce RTX 4070,[N/A],Enabled,Enabled
1702409007.490853,0,GPU-93ae0c7f-c327-aee3-adae-bc0d1dae71ea,0.26,0.49934864028659826,12282.0,5892.0,546.29,NVIDIA GeForce RTX 4070,[N/A],Enabled,Enabled
1702409008.491132,0,GPU-93ae0c7f-c327-aee3-adae-bc0d1dae71ea,0.27,0.49934864028659826,12282.0,5892.0,546.29,NVIDIA GeForce RTX 4070,[N/A],Enabled,Enabled
1702409009.491624,0,GPU-93ae0c7f-c327-aee3-adae-bc0d1dae71ea,0.3,0.5036638983878847,12282.0,5839.0,546.29,NVIDIA GeForce RTX 4070,[N/A],Enabled,Enabled
1702409010.49171,0,GPU-93ae0c7f-c327-aee3-adae-bc0d1dae71ea,0.28,0.49934864028659826,12282.0,5892.0,546.29,NVIDIA GeForce RTX 4070,[N/A],Enabled,Enabled
1702409011.491681,0,GPU-93ae0c7f-c327-aee3-adae-bc0d1dae71ea,0.24,0.49934864028659826,12282.0,5892.0,546.29,NVIDIA GeForce RTX 4070,[N/A],Enabled,Enabled
1702409012.491818,0,GPU-93ae0c7f-c327-aee3-adae-bc0d1dae71ea,0.25,0.49934864028659826,12282.0,5892.0,546.29,NVIDIA GeForce RTX 4070,[N/A],Enabled,Enabled
1702409013.491943,0,GPU-93ae0c7f-c327-aee3-adae-bc0d1dae71ea,0.26,0.49934864028659826,12282.0,5892.0,546.29,NVIDIA GeForce RTX 4070,[N/A],Enabled,Enabled
1702409014.492075,0,GPU-93ae0c7f-c327-aee3-adae-bc0d1dae71ea,0.26,0.49934864028659826,12282.0,5892.0,546.29,NVIDIA GeForce RTX 4070,[N/A],Enabled,Enabled
1702409015.491639,0,GPU-93ae0c7f-c327-aee3-adae-bc0d1dae71ea,0.25,0.49934864028659826,12282.0,5892.0,546.29,NVIDIA GeForce RTX 4070,[N/A],Enabled,Enabled
1702409016.492752,0,GPU-93ae0c7f-c327-aee3-adae-bc0d1dae71ea,0.26,0.49934864028659826,12282.0,5892.0,546.29,NVIDIA GeForce RTX 4070,[N/A],Enabled,Enabled
1702409017.491641,0,GPU-93ae0c7f-c327-aee3-adae-bc0d1dae71ea,0.26,0.4990229604298974,12282.0,5896.0,546.29,NVIDIA GeForce RTX 4070,[N/A],Enabled,Enabled
1702409018.491622,0,GPU-93ae0c7f-c327-aee3-adae-bc0d1dae71ea,0.26,0.4990229604298974,12282.0,5896.0,546.29,NVIDIA GeForce RTX 4070,[N/A],Enabled,Enabled
1702409019.49171,0,GPU-93ae0c7f-c327-aee3-adae-bc0d1dae71ea,0.25,0.4990229604298974,12282.0,5896.0,546.29,NVIDIA GeForce RTX 4070,[N/A],Enabled,Enabled
1702409020.491489,0,GPU-93ae0c7f-c327-aee3-adae-bc0d1dae71ea,0.26,0.4990229604298974,12282.0,5896.0,546.29,NVIDIA GeForce RTX 4070,[N/A],Enabled,Enabled
1702409021.491448,0,GPU-93ae0c7f-c327-aee3-adae-bc0d1dae71ea,0.25,0.4989415404657222,12282.0,5897.0,546.29,NVIDIA GeForce RTX 4070,[N/A],Enabled,Enabled
1702409022.491272,0,GPU-93ae0c7f-c327-aee3-adae-bc0d1dae71ea,0.1,0.3140368018238072,12282.0,8168.0,546.29,NVIDIA GeForce RTX 4070,[N/A],Enabled,Enabled
1702409023.491518,0,GPU-93ae0c7f-c327-aee3-adae-bc0d1dae71ea,0.15,0.3140368018238072,12282.0,8168.0,546.29,NVIDIA GeForce RTX 4070,[N/A],Enabled,Enabled
1702409024.49178,0,GPU-93ae0c7f-c327-aee3-adae-bc0d1dae71ea,0.15,0.3158280410356619,12282.0,8146.0,546.29,NVIDIA GeForce RTX 4070,[N/A],Enabled,Enabled
1702409025.492007,0,GPU-93ae0c7f-c327-aee3-adae-bc0d1dae71ea,0.15,0.3158280410356619,12282.0,8146.0,546.29,NVIDIA GeForce RTX 4070,[N/A],Enabled,Enabled
1702409026.491806,0,GPU-93ae0c7f-c327-aee3-adae-bc0d1dae71ea,0.15,0.3158280410356619,12282.0,8146.0,546.29,NVIDIA GeForce RTX 4070,[N/A],Enabled,Enabled
1702409027.491192,0,GPU-93ae0c7f-c327-aee3-adae-bc0d1dae71ea,0.15,0.3158280410356619,12282.0,8146.0,546.29,NVIDIA GeForce RTX 4070,[N/A],Enabled,Enabled
1702409028.491776,0,GPU-93ae0c7f-c327-aee3-adae-bc0d1dae71ea,0.15,0.3158280410356619,12282.0,8146.0,546.29,NVIDIA GeForce RTX 4070,[N/A],Enabled,Enabled
1702409029.491353,0,GPU-93ae0c7f-c327-aee3-adae-bc0d1dae71ea,0.15,0.3158280410356619,12282.0,8146.0,546.29,NVIDIA GeForce RTX 4070,[N/A],Enabled,Enabled
1702409030.491933,0,GPU-93ae0c7f-c327-aee3-adae-bc0d1dae71ea,0.15,0.3158280410356619,12282.0,8146.0,546.29,NVIDIA GeForce RTX 4070,[N/A],Enabled,Enabled
