timestamp,id,uuid,load,memoryUtil,memoryTotal,memoryUsed,memoryFree,driver,name,serial,display_mode,display_active
1702411558.309443,0,GPU-93ae0c7f-c327-aee3-adae-bc0d1dae71ea,0.14,0.31061716332844813,12282.0,8210.0,546.29,NVIDIA GeForce RTX 4070,[N/A],Enabled,Enabled
1702411559.306509,0,GPU-93ae0c7f-c327-aee3-adae-bc0d1dae71ea,0.14,0.31061716332844813,12282.0,8210.0,546.29,NVIDIA GeForce RTX 4070,[N/A],Enabled,Enabled
1702411560.306438,0,GPU-93ae0c7f-c327-aee3-adae-bc0d1dae71ea,0.14,0.31061716332844813,12282.0,8210.0,546.29,NVIDIA GeForce RTX 4070,[N/A],Enabled,Enabled
1702411561.3073,0,GPU-93ae0c7f-c327-aee3-adae-bc0d1dae71ea,0.14,0.3104543234000977,12282.0,8212.0,546.29,NVIDIA GeForce RTX 4070,[N/A],Enabled,Enabled
1702411562.306881,0,GPU-93ae0c7f-c327-aee3-adae-bc0d1dae71ea,0.14,0.3104543234000977,12282.0,8212.0,546.29,NVIDIA GeForce RTX 4070,[N/A],Enabled,Enabled
1702411563.306257,0,GPU-93ae0c7f-c327-aee3-adae-bc0d1dae71ea,0.14,0.3104543234000977,12282.0,8212.0,546.29,NVIDIA GeForce RTX 4070,[N/A],Enabled,Enabled
1702411564.306285,0,GPU-93ae0c7f-c327-aee3-adae-bc0d1dae71ea,0.14,0.3104543234000977,12282.0,8212.0,546.29,NVIDIA GeForce RTX 4070,[N/A],Enabled,Enabled
1702411565.306814,0,GPU-93ae0c7f-c327-aee3-adae-bc0d1dae71ea,0.14,0.30980296368669596,12282.0,8220.0,546.29,NVIDIA GeForce RTX 4070,[N/A],Enabled,Enabled
1702411566.30774,0,GPU-93ae0c7f-c327-aee3-adae-bc0d1dae71ea,0.14,0.30980296368669596,12282.0,8220.0,546.29,NVIDIA GeForce RTX 4070,[N/A],Enabled,Enabled
1702411567.306813,0,GPU-93ae0c7f-c327-aee3-adae-bc0d1dae71ea,0.14,0.30980296368669596,12282.0,8220.0,546.29,NVIDIA GeForce RTX 4070,[N/A],Enabled,Enabled
1702411568.306371,0,GPU-93ae0c7f-c327-aee3-adae-bc0d1dae71ea,0.14,0.30980296368669596,12282.0,8220.0,546.29,NVIDIA GeForce RTX 4070,[N/A],Enabled,Enabled
1702411569.30689,0,GPU-93ae0c7f-c327-aee3-adae-bc0d1dae71ea,0.14,0.30980296368669596,12282.0,8220.0,546.29,NVIDIA GeForce RTX 4070,[N/A],Enabled,Enabled
1702411570.306514,0,GPU-93ae0c7f-c327-aee3-adae-bc0d1dae71ea,0.14,0.30980296368669596,12282.0,8220.0,546.29,NVIDIA GeForce RTX 4070,[N/A],Enabled,Enabled
1702411571.306986,0,GPU-93ae0c7f-c327-aee3-adae-bc0d1dae71ea,0.16,0.3100472235792216,12282.0,8217.0,546.29,NVIDIA GeForce RTX 4070,[N/A],Enabled,Enabled
1702411572.306902,0,GPU-93ae0c7f-c327-aee3-adae-bc0d1dae71ea,0.13,0.3190848396026706,12282.0,8106.0,546.29,NVIDIA GeForce RTX 4070,[N/A],Enabled,Enabled
1702411573.306692,0,GPU-93ae0c7f-c327-aee3-adae-bc0d1dae71ea,0.12,0.4122292786191174,12282.0,6962.0,546.29,NVIDIA GeForce RTX 4070,[N/A],Enabled,Enabled
1702411574.306257,0,GPU-93ae0c7f-c327-aee3-adae-bc0d1dae71ea,0.08,0.38088259241165934,12282.0,7347.0,546.29,NVIDIA GeForce RTX 4070,[N/A],Enabled,Enabled
1702411575.306987,0,GPU-93ae0c7f-c327-aee3-adae-bc0d1dae71ea,0.08,0.38088259241165934,12282.0,7347.0,546.29,NVIDIA GeForce RTX 4070,[N/A],Enabled,Enabled
1702411576.306828,0,GPU-93ae0c7f-c327-aee3-adae-bc0d1dae71ea,0.08,0.3092330239374695,12282.0,8227.0,546.29,NVIDIA GeForce RTX 4070,[N/A],Enabled,Enabled
1702411577.306807,0,GPU-93ae0c7f-c327-aee3-adae-bc0d1dae71ea,0.1,0.47410845139228136,12282.0,6202.0,546.29,NVIDIA GeForce RTX 4070,[N/A],Enabled,Enabled
1702411578.307071,0,GPU-93ae0c7f-c327-aee3-adae-bc0d1dae71ea,0.29,0.4973945611463931,12282.0,5916.0,546.29,NVIDIA GeForce RTX 4070,[N/A],Enabled,Enabled
1702411579.306817,0,GPU-93ae0c7f-c327-aee3-adae-bc0d1dae71ea,0.26,0.4973945611463931,12282.0,5916.0,546.29,NVIDIA GeForce RTX 4070,[N/A],Enabled,Enabled
1702411580.306813,0,GPU-93ae0c7f-c327-aee3-adae-bc0d1dae71ea,0.25,0.49307930304510666,12282.0,5969.0,546.29,NVIDIA GeForce RTX 4070,[N/A],Enabled,Enabled
1702411581.306868,0,GPU-93ae0c7f-c327-aee3-adae-bc0d1dae71ea,0.28,0.4973945611463931,12282.0,5916.0,546.29,NVIDIA GeForce RTX 4070,[N/A],Enabled,Enabled
1702411582.306863,0,GPU-93ae0c7f-c327-aee3-adae-bc0d1dae71ea,0.1,0.5987624165445368,12282.0,4671.0,546.29,NVIDIA GeForce RTX 4070,[N/A],Enabled,Enabled
1702411583.306286,0,GPU-93ae0c7f-c327-aee3-adae-bc0d1dae71ea,0.28,0.4987787005373718,12282.0,5899.0,546.29,NVIDIA GeForce RTX 4070,[N/A],Enabled,Enabled
1702411584.306835,0,GPU-93ae0c7f-c327-aee3-adae-bc0d1dae71ea,0.28,0.4944634424360853,12282.0,5952.0,546.29,NVIDIA GeForce RTX 4070,[N/A],Enabled,Enabled
1702411585.305925,0,GPU-93ae0c7f-c327-aee3-adae-bc0d1dae71ea,0.26,0.4944634424360853,12282.0,5952.0,546.29,NVIDIA GeForce RTX 4070,[N/A],Enabled,Enabled
1702411586.30653,0,GPU-93ae0c7f-c327-aee3-adae-bc0d1dae71ea,0.3,0.49869728057319657,12282.0,5900.0,546.29,NVIDIA GeForce RTX 4070,[N/A],Enabled,Enabled
1702411587.306856,0,GPU-93ae0c7f-c327-aee3-adae-bc0d1dae71ea,0.31,0.4987787005373718,12282.0,5899.0,546.29,NVIDIA GeForce RTX 4070,[N/A],Enabled,Enabled
1702411588.30659,0,GPU-93ae0c7f-c327-aee3-adae-bc0d1dae71ea,0.29,0.4987787005373718,12282.0,5899.0,546.29,NVIDIA GeForce RTX 4070,[N/A],Enabled,Enabled
1702411589.3063,0,GPU-93ae0c7f-c327-aee3-adae-bc0d1dae71ea,0.26,0.4944634424360853,12282.0,5952.0,546.29,NVIDIA GeForce RTX 4070,[N/A],Enabled,Enabled
1702411590.306502,0,GPU-93ae0c7f-c327-aee3-adae-bc0d1dae71ea,0.29,0.49869728057319657,12282.0,5900.0,546.29,NVIDIA GeForce RTX 4070,[N/A],Enabled,Enabled
1702411591.307411,0,GPU-93ae0c7f-c327-aee3-adae-bc0d1dae71ea,0.27,0.4944634424360853,12282.0,5952.0,546.29,NVIDIA GeForce RTX 4070,[N/A],Enabled,Enabled
1702411592.307591,0,GPU-93ae0c7f-c327-aee3-adae-bc0d1dae71ea,0.3,0.4987787005373718,12282.0,5899.0,546.29,NVIDIA GeForce RTX 4070,[N/A],Enabled,Enabled
1702411593.306143,0,GPU-93ae0c7f-c327-aee3-adae-bc0d1dae71ea,0.26,0.4987787005373718,12282.0,5899.0,546.29,NVIDIA GeForce RTX 4070,[N/A],Enabled,Enabled
1702411594.307773,0,GPU-93ae0c7f-c327-aee3-adae-bc0d1dae71ea,0.19,0.5025240188894317,12282.0,5853.0,546.29,NVIDIA GeForce RTX 4070,[N/A],Enabled,Enabled
1702411595.30617,0,GPU-93ae0c7f-c327-aee3-adae-bc0d1dae71ea,0.36,0.5025240188894317,12282.0,5853.0,546.29,NVIDIA GeForce RTX 4070,[N/A],Enabled,Enabled
1702411596.306982,0,GPU-93ae0c7f-c327-aee3-adae-bc0d1dae71ea,0.39,0.5025240188894317,12282.0,5853.0,546.29,NVIDIA GeForce RTX 4070,[N/A],Enabled,Enabled
1702411597.306556,0,GPU-93ae0c7f-c327-aee3-adae-bc0d1dae71ea,0.4,0.5025240188894317,12282.0,5853.0,546.29,NVIDIA GeForce RTX 4070,[N/A],Enabled,Enabled
1702411598.306042,0,GPU-93ae0c7f-c327-aee3-adae-bc0d1dae71ea,0.4,0.5025240188894317,12282.0,5853.0,546.29,NVIDIA GeForce RTX 4070,[N/A],Enabled,Enabled
1702411599.306359,0,GPU-93ae0c7f-c327-aee3-adae-bc0d1dae71ea,0.38,0.5025240188894317,12282.0,5853.0,546.29,NVIDIA GeForce RTX 4070,[N/A],Enabled,Enabled
1702411600.307074,0,GPU-93ae0c7f-c327-aee3-adae-bc0d1dae71ea,0.37,0.5025240188894317,12282.0,5853.0,546.29,NVIDIA GeForce RTX 4070,[N/A],Enabled,Enabled
1702411601.306763,0,GPU-93ae0c7f-c327-aee3-adae-bc0d1dae71ea,0.35,0.5025240188894317,12282.0,5853.0,546.29,NVIDIA GeForce RTX 4070,[N/A],Enabled,Enabled
1702411602.306439,0,GPU-93ae0c7f-c327-aee3-adae-bc0d1dae71ea,0.39,0.5025240188894317,12282.0,5853.0,546.29,NVIDIA GeForce RTX 4070,[N/A],Enabled,Enabled
1702411603.306605,0,GPU-93ae0c7f-c327-aee3-adae-bc0d1dae71ea,0.38,0.5025240188894317,12282.0,5853.0,546.29,NVIDIA GeForce RTX 4070,[N/A],Enabled,Enabled
1702411604.306314,0,GPU-93ae0c7f-c327-aee3-adae-bc0d1dae71ea,0.41,0.5025240188894317,12282.0,5853.0,546.29,NVIDIA GeForce RTX 4070,[N/A],Enabled,Enabled
1702411605.30676,0,GPU-93ae0c7f-c327-aee3-adae-bc0d1dae71ea,0.41,0.5026054388536069,12282.0,5852.0,546.29,NVIDIA GeForce RTX 4070,[N/A],Enabled,Enabled
1702411606.306631,0,GPU-93ae0c7f-c327-aee3-adae-bc0d1dae71ea,0.39,0.5021983390327308,12282.0,5857.0,546.29,NVIDIA GeForce RTX 4070,[N/A],Enabled,Enabled
1702411607.30689,0,GPU-93ae0c7f-c327-aee3-adae-bc0d1dae71ea,0.38,0.5021169190685556,12282.0,5858.0,546.29,NVIDIA GeForce RTX 4070,[N/A],Enabled,Enabled
1702411608.306629,0,GPU-93ae0c7f-c327-aee3-adae-bc0d1dae71ea,0.42,0.5021169190685556,12282.0,5858.0,546.29,NVIDIA GeForce RTX 4070,[N/A],Enabled,Enabled
1702411609.307158,0,GPU-93ae0c7f-c327-aee3-adae-bc0d1dae71ea,0.38,0.5021169190685556,12282.0,5858.0,546.29,NVIDIA GeForce RTX 4070,[N/A],Enabled,Enabled
1702411610.306864,0,GPU-93ae0c7f-c327-aee3-adae-bc0d1dae71ea,0.41,0.5020354991043804,12282.0,5859.0,546.29,NVIDIA GeForce RTX 4070,[N/A],Enabled,Enabled
1702411611.306165,0,GPU-93ae0c7f-c327-aee3-adae-bc0d1dae71ea,0.42,0.5011398794984531,12282.0,5870.0,546.29,NVIDIA GeForce RTX 4070,[N/A],Enabled,Enabled
1702411612.306407,0,GPU-93ae0c7f-c327-aee3-adae-bc0d1dae71ea,0.4,0.5008141996417521,12282.0,5874.0,546.29,NVIDIA GeForce RTX 4070,[N/A],Enabled,Enabled
1702411613.30644,0,GPU-93ae0c7f-c327-aee3-adae-bc0d1dae71ea,0.39,0.5008141996417521,12282.0,5874.0,546.29,NVIDIA GeForce RTX 4070,[N/A],Enabled,Enabled
1702411614.305946,0,GPU-93ae0c7f-c327-aee3-adae-bc0d1dae71ea,0.39,0.5008141996417521,12282.0,5874.0,546.29,NVIDIA GeForce RTX 4070,[N/A],Enabled,Enabled
1702411615.306455,0,GPU-93ae0c7f-c327-aee3-adae-bc0d1dae71ea,0.38,0.5008141996417521,12282.0,5874.0,546.29,NVIDIA GeForce RTX 4070,[N/A],Enabled,Enabled
1702411616.306262,0,GPU-93ae0c7f-c327-aee3-adae-bc0d1dae71ea,0.4,0.5008141996417521,12282.0,5874.0,546.29,NVIDIA GeForce RTX 4070,[N/A],Enabled,Enabled
1702411617.30613,0,GPU-93ae0c7f-c327-aee3-adae-bc0d1dae71ea,0.37,0.5008141996417521,12282.0,5874.0,546.29,NVIDIA GeForce RTX 4070,[N/A],Enabled,Enabled
1702411618.306381,0,GPU-93ae0c7f-c327-aee3-adae-bc0d1dae71ea,0.4,0.5008141996417521,12282.0,5874.0,546.29,NVIDIA GeForce RTX 4070,[N/A],Enabled,Enabled
1702411619.306422,0,GPU-93ae0c7f-c327-aee3-adae-bc0d1dae71ea,0.44,0.5007327796775769,12282.0,5875.0,546.29,NVIDIA GeForce RTX 4070,[N/A],Enabled,Enabled
1702411620.307078,0,GPU-93ae0c7f-c327-aee3-adae-bc0d1dae71ea,0.41,0.5007327796775769,12282.0,5875.0,546.29,NVIDIA GeForce RTX 4070,[N/A],Enabled,Enabled
1702411621.306404,0,GPU-93ae0c7f-c327-aee3-adae-bc0d1dae71ea,0.4,0.5007327796775769,12282.0,5875.0,546.29,NVIDIA GeForce RTX 4070,[N/A],Enabled,Enabled
1702411622.306588,0,GPU-93ae0c7f-c327-aee3-adae-bc0d1dae71ea,0.46,0.5007327796775769,12282.0,5875.0,546.29,NVIDIA GeForce RTX 4070,[N/A],Enabled,Enabled
1702411623.306253,0,GPU-93ae0c7f-c327-aee3-adae-bc0d1dae71ea,0.46,0.5007327796775769,12282.0,5875.0,546.29,NVIDIA GeForce RTX 4070,[N/A],Enabled,Enabled
1702411624.307535,0,GPU-93ae0c7f-c327-aee3-adae-bc0d1dae71ea,0.38,0.5007327796775769,12282.0,5875.0,546.29,NVIDIA GeForce RTX 4070,[N/A],Enabled,Enabled
1702411625.306036,0,GPU-93ae0c7f-c327-aee3-adae-bc0d1dae71ea,0.4,0.5007327796775769,12282.0,5875.0,546.29,NVIDIA GeForce RTX 4070,[N/A],Enabled,Enabled
1702411626.306194,0,GPU-93ae0c7f-c327-aee3-adae-bc0d1dae71ea,0.39,0.5007327796775769,12282.0,5875.0,546.29,NVIDIA GeForce RTX 4070,[N/A],Enabled,Enabled
1702411627.306284,0,GPU-93ae0c7f-c327-aee3-adae-bc0d1dae71ea,0.38,0.5007327796775769,12282.0,5875.0,546.29,NVIDIA GeForce RTX 4070,[N/A],Enabled,Enabled
1702411628.30632,0,GPU-93ae0c7f-c327-aee3-adae-bc0d1dae71ea,0.4,0.5007327796775769,12282.0,5875.0,546.29,NVIDIA GeForce RTX 4070,[N/A],Enabled,Enabled
1702411629.306335,0,GPU-93ae0c7f-c327-aee3-adae-bc0d1dae71ea,0.42,0.5007327796775769,12282.0,5875.0,546.29,NVIDIA GeForce RTX 4070,[N/A],Enabled,Enabled
1702411630.306767,0,GPU-93ae0c7f-c327-aee3-adae-bc0d1dae71ea,0.39,0.5004070998208761,12282.0,5879.0,546.29,NVIDIA GeForce RTX 4070,[N/A],Enabled,Enabled
1702411631.306716,0,GPU-93ae0c7f-c327-aee3-adae-bc0d1dae71ea,0.39,0.5004070998208761,12282.0,5879.0,546.29,NVIDIA GeForce RTX 4070,[N/A],Enabled,Enabled
1702411632.306714,0,GPU-93ae0c7f-c327-aee3-adae-bc0d1dae71ea,0.39,0.5004070998208761,12282.0,5879.0,546.29,NVIDIA GeForce RTX 4070,[N/A],Enabled,Enabled
1702411633.307424,0,GPU-93ae0c7f-c327-aee3-adae-bc0d1dae71ea,0.38,0.5004070998208761,12282.0,5879.0,546.29,NVIDIA GeForce RTX 4070,[N/A],Enabled,Enabled
1702411634.306154,0,GPU-93ae0c7f-c327-aee3-adae-bc0d1dae71ea,0.4,0.5004070998208761,12282.0,5879.0,546.29,NVIDIA GeForce RTX 4070,[N/A],Enabled,Enabled
1702411635.306602,0,GPU-93ae0c7f-c327-aee3-adae-bc0d1dae71ea,0.39,0.5004070998208761,12282.0,5879.0,546.29,NVIDIA GeForce RTX 4070,[N/A],Enabled,Enabled
1702411636.307002,0,GPU-93ae0c7f-c327-aee3-adae-bc0d1dae71ea,0.4,0.5004070998208761,12282.0,5879.0,546.29,NVIDIA GeForce RTX 4070,[N/A],Enabled,Enabled
1702411637.307372,0,GPU-93ae0c7f-c327-aee3-adae-bc0d1dae71ea,0.41,0.5004070998208761,12282.0,5879.0,546.29,NVIDIA GeForce RTX 4070,[N/A],Enabled,Enabled
1702411638.306367,0,GPU-93ae0c7f-c327-aee3-adae-bc0d1dae71ea,0.38,0.5004070998208761,12282.0,5879.0,546.29,NVIDIA GeForce RTX 4070,[N/A],Enabled,Enabled
1702411639.306637,0,GPU-93ae0c7f-c327-aee3-adae-bc0d1dae71ea,0.38,0.5004070998208761,12282.0,5879.0,546.29,NVIDIA GeForce RTX 4070,[N/A],Enabled,Enabled
1702411640.305942,0,GPU-93ae0c7f-c327-aee3-adae-bc0d1dae71ea,0.38,0.5004070998208761,12282.0,5879.0,546.29,NVIDIA GeForce RTX 4070,[N/A],Enabled,Enabled
1702411641.306768,0,GPU-93ae0c7f-c327-aee3-adae-bc0d1dae71ea,0.41,0.5004070998208761,12282.0,5879.0,546.29,NVIDIA GeForce RTX 4070,[N/A],Enabled,Enabled
1702411642.306897,0,GPU-93ae0c7f-c327-aee3-adae-bc0d1dae71ea,0.4,0.5004070998208761,12282.0,5879.0,546.29,NVIDIA GeForce RTX 4070,[N/A],Enabled,Enabled
1702411643.307091,0,GPU-93ae0c7f-c327-aee3-adae-bc0d1dae71ea,0.38,0.5004070998208761,12282.0,5879.0,546.29,NVIDIA GeForce RTX 4070,[N/A],Enabled,Enabled
1702411644.306875,0,GPU-93ae0c7f-c327-aee3-adae-bc0d1dae71ea,0.4,0.5004070998208761,12282.0,5879.0,546.29,NVIDIA GeForce RTX 4070,[N/A],Enabled,Enabled
1702411645.306878,0,GPU-93ae0c7f-c327-aee3-adae-bc0d1dae71ea,0.4,0.5004070998208761,12282.0,5879.0,546.29,NVIDIA GeForce RTX 4070,[N/A],Enabled,Enabled
1702411646.306319,0,GPU-93ae0c7f-c327-aee3-adae-bc0d1dae71ea,0.36,0.5004070998208761,12282.0,5879.0,546.29,NVIDIA GeForce RTX 4070,[N/A],Enabled,Enabled
1702411647.306646,0,GPU-93ae0c7f-c327-aee3-adae-bc0d1dae71ea,0.4,0.5004070998208761,12282.0,5879.0,546.29,NVIDIA GeForce RTX 4070,[N/A],Enabled,Enabled
1702411648.306275,0,GPU-93ae0c7f-c327-aee3-adae-bc0d1dae71ea,0.42,0.5004070998208761,12282.0,5879.0,546.29,NVIDIA GeForce RTX 4070,[N/A],Enabled,Enabled
1702411649.307004,0,GPU-93ae0c7f-c327-aee3-adae-bc0d1dae71ea,0.48,0.5004070998208761,12282.0,5879.0,546.29,NVIDIA GeForce RTX 4070,[N/A],Enabled,Enabled
1702411650.306773,0,GPU-93ae0c7f-c327-aee3-adae-bc0d1dae71ea,0.39,0.5004070998208761,12282.0,5879.0,546.29,NVIDIA GeForce RTX 4070,[N/A],Enabled,Enabled
1702411651.307288,0,GPU-93ae0c7f-c327-aee3-adae-bc0d1dae71ea,0.38,0.5004070998208761,12282.0,5879.0,546.29,NVIDIA GeForce RTX 4070,[N/A],Enabled,Enabled
1702411652.307653,0,GPU-93ae0c7f-c327-aee3-adae-bc0d1dae71ea,0.38,0.5004070998208761,12282.0,5879.0,546.29,NVIDIA GeForce RTX 4070,[N/A],Enabled,Enabled
1702411653.306436,0,GPU-93ae0c7f-c327-aee3-adae-bc0d1dae71ea,0.42,0.5004070998208761,12282.0,5879.0,546.29,NVIDIA GeForce RTX 4070,[N/A],Enabled,Enabled
1702411654.306947,0,GPU-93ae0c7f-c327-aee3-adae-bc0d1dae71ea,0.41,0.5004070998208761,12282.0,5879.0,546.29,NVIDIA GeForce RTX 4070,[N/A],Enabled,Enabled
1702411655.306615,0,GPU-93ae0c7f-c327-aee3-adae-bc0d1dae71ea,0.39,0.5004070998208761,12282.0,5879.0,546.29,NVIDIA GeForce RTX 4070,[N/A],Enabled,Enabled
1702411656.306159,0,GPU-93ae0c7f-c327-aee3-adae-bc0d1dae71ea,0.38,0.5004070998208761,12282.0,5879.0,546.29,NVIDIA GeForce RTX 4070,[N/A],Enabled,Enabled
1702411657.306176,0,GPU-93ae0c7f-c327-aee3-adae-bc0d1dae71ea,0.4,0.5004070998208761,12282.0,5879.0,546.29,NVIDIA GeForce RTX 4070,[N/A],Enabled,Enabled
1702411658.306304,0,GPU-93ae0c7f-c327-aee3-adae-bc0d1dae71ea,0.4,0.5004070998208761,12282.0,5879.0,546.29,NVIDIA GeForce RTX 4070,[N/A],Enabled,Enabled
1702411659.307282,0,GPU-93ae0c7f-c327-aee3-adae-bc0d1dae71ea,0.4,0.5004070998208761,12282.0,5879.0,546.29,NVIDIA GeForce RTX 4070,[N/A],Enabled,Enabled
1702411660.306898,0,GPU-93ae0c7f-c327-aee3-adae-bc0d1dae71ea,0.37,0.5004070998208761,12282.0,5879.0,546.29,NVIDIA GeForce RTX 4070,[N/A],Enabled,Enabled
1702411661.30645,0,GPU-93ae0c7f-c327-aee3-adae-bc0d1dae71ea,0.35,0.5004070998208761,12282.0,5879.0,546.29,NVIDIA GeForce RTX 4070,[N/A],Enabled,Enabled
1702411662.30604,0,GPU-93ae0c7f-c327-aee3-adae-bc0d1dae71ea,0.39,0.5004070998208761,12282.0,5879.0,546.29,NVIDIA GeForce RTX 4070,[N/A],Enabled,Enabled
1702411663.30725,0,GPU-93ae0c7f-c327-aee3-adae-bc0d1dae71ea,0.44,0.5004070998208761,12282.0,5879.0,546.29,NVIDIA GeForce RTX 4070,[N/A],Enabled,Enabled
1702411664.30674,0,GPU-93ae0c7f-c327-aee3-adae-bc0d1dae71ea,0.38,0.5004070998208761,12282.0,5879.0,546.29,NVIDIA GeForce RTX 4070,[N/A],Enabled,Enabled
1702411665.306796,0,GPU-93ae0c7f-c327-aee3-adae-bc0d1dae71ea,0.44,0.5023611789610812,12282.0,5855.0,546.29,NVIDIA GeForce RTX 4070,[N/A],Enabled,Enabled
1702411666.306753,0,GPU-93ae0c7f-c327-aee3-adae-bc0d1dae71ea,0.4,0.5023611789610812,12282.0,5855.0,546.29,NVIDIA GeForce RTX 4070,[N/A],Enabled,Enabled
1702411667.306328,0,GPU-93ae0c7f-c327-aee3-adae-bc0d1dae71ea,0.41,0.5023611789610812,12282.0,5855.0,546.29,NVIDIA GeForce RTX 4070,[N/A],Enabled,Enabled
1702411668.306278,0,GPU-93ae0c7f-c327-aee3-adae-bc0d1dae71ea,0.46,0.5024425989252564,12282.0,5854.0,546.29,NVIDIA GeForce RTX 4070,[N/A],Enabled,Enabled
1702411669.306513,0,GPU-93ae0c7f-c327-aee3-adae-bc0d1dae71ea,0.39,0.5024425989252564,12282.0,5854.0,546.29,NVIDIA GeForce RTX 4070,[N/A],Enabled,Enabled
1702411670.306818,0,GPU-93ae0c7f-c327-aee3-adae-bc0d1dae71ea,0.4,0.5021169190685556,12282.0,5858.0,546.29,NVIDIA GeForce RTX 4070,[N/A],Enabled,Enabled
1702411671.30617,0,GPU-93ae0c7f-c327-aee3-adae-bc0d1dae71ea,0.38,0.5021169190685556,12282.0,5858.0,546.29,NVIDIA GeForce RTX 4070,[N/A],Enabled,Enabled
1702411672.306952,0,GPU-93ae0c7f-c327-aee3-adae-bc0d1dae71ea,0.4,0.5016283992835043,12282.0,5864.0,546.29,NVIDIA GeForce RTX 4070,[N/A],Enabled,Enabled
1702411673.306472,0,GPU-93ae0c7f-c327-aee3-adae-bc0d1dae71ea,0.4,0.5016283992835043,12282.0,5864.0,546.29,NVIDIA GeForce RTX 4070,[N/A],Enabled,Enabled
1702411674.3067,0,GPU-93ae0c7f-c327-aee3-adae-bc0d1dae71ea,0.42,0.5016283992835043,12282.0,5864.0,546.29,NVIDIA GeForce RTX 4070,[N/A],Enabled,Enabled
1702411675.307162,0,GPU-93ae0c7f-c327-aee3-adae-bc0d1dae71ea,0.41,0.5024425989252564,12282.0,5854.0,546.29,NVIDIA GeForce RTX 4070,[N/A],Enabled,Enabled
1702411676.306623,0,GPU-93ae0c7f-c327-aee3-adae-bc0d1dae71ea,0.37,0.5024425989252564,12282.0,5854.0,546.29,NVIDIA GeForce RTX 4070,[N/A],Enabled,Enabled
1702411677.306839,0,GPU-93ae0c7f-c327-aee3-adae-bc0d1dae71ea,0.42,0.5024425989252564,12282.0,5854.0,546.29,NVIDIA GeForce RTX 4070,[N/A],Enabled,Enabled
1702411678.306513,0,GPU-93ae0c7f-c327-aee3-adae-bc0d1dae71ea,0.38,0.5023611789610812,12282.0,5855.0,546.29,NVIDIA GeForce RTX 4070,[N/A],Enabled,Enabled
1702411679.306895,0,GPU-93ae0c7f-c327-aee3-adae-bc0d1dae71ea,0.4,0.5023611789610812,12282.0,5855.0,546.29,NVIDIA GeForce RTX 4070,[N/A],Enabled,Enabled
1702411680.306453,0,GPU-93ae0c7f-c327-aee3-adae-bc0d1dae71ea,0.41,0.5023611789610812,12282.0,5855.0,546.29,NVIDIA GeForce RTX 4070,[N/A],Enabled,Enabled
1702411681.307347,0,GPU-93ae0c7f-c327-aee3-adae-bc0d1dae71ea,0.39,0.5023611789610812,12282.0,5855.0,546.29,NVIDIA GeForce RTX 4070,[N/A],Enabled,Enabled
1702411682.305905,0,GPU-93ae0c7f-c327-aee3-adae-bc0d1dae71ea,0.42,0.502279758996906,12282.0,5856.0,546.29,NVIDIA GeForce RTX 4070,[N/A],Enabled,Enabled
1702411683.306446,0,GPU-93ae0c7f-c327-aee3-adae-bc0d1dae71ea,0.35,0.5015469793193291,12282.0,5865.0,546.29,NVIDIA GeForce RTX 4070,[N/A],Enabled,Enabled
1702411684.306427,0,GPU-93ae0c7f-c327-aee3-adae-bc0d1dae71ea,0.43,0.5015469793193291,12282.0,5865.0,546.29,NVIDIA GeForce RTX 4070,[N/A],Enabled,Enabled
1702411685.306342,0,GPU-93ae0c7f-c327-aee3-adae-bc0d1dae71ea,0.37,0.5015469793193291,12282.0,5865.0,546.29,NVIDIA GeForce RTX 4070,[N/A],Enabled,Enabled
1702411686.307259,0,GPU-93ae0c7f-c327-aee3-adae-bc0d1dae71ea,0.41,0.5015469793193291,12282.0,5865.0,546.29,NVIDIA GeForce RTX 4070,[N/A],Enabled,Enabled
1702411687.306942,0,GPU-93ae0c7f-c327-aee3-adae-bc0d1dae71ea,0.39,0.5015469793193291,12282.0,5865.0,546.29,NVIDIA GeForce RTX 4070,[N/A],Enabled,Enabled
1702411688.306146,0,GPU-93ae0c7f-c327-aee3-adae-bc0d1dae71ea,0.39,0.5015469793193291,12282.0,5865.0,546.29,NVIDIA GeForce RTX 4070,[N/A],Enabled,Enabled
1702411689.307557,0,GPU-93ae0c7f-c327-aee3-adae-bc0d1dae71ea,0.39,0.5015469793193291,12282.0,5865.0,546.29,NVIDIA GeForce RTX 4070,[N/A],Enabled,Enabled
1702411690.306722,0,GPU-93ae0c7f-c327-aee3-adae-bc0d1dae71ea,0.39,0.5015469793193291,12282.0,5865.0,546.29,NVIDIA GeForce RTX 4070,[N/A],Enabled,Enabled
1702411691.305905,0,GPU-93ae0c7f-c327-aee3-adae-bc0d1dae71ea,0.38,0.5015469793193291,12282.0,5865.0,546.29,NVIDIA GeForce RTX 4070,[N/A],Enabled,Enabled
1702411692.307413,0,GPU-93ae0c7f-c327-aee3-adae-bc0d1dae71ea,0.41,0.5015469793193291,12282.0,5865.0,546.29,NVIDIA GeForce RTX 4070,[N/A],Enabled,Enabled
1702411693.306248,0,GPU-93ae0c7f-c327-aee3-adae-bc0d1dae71ea,0.4,0.5015469793193291,12282.0,5865.0,546.29,NVIDIA GeForce RTX 4070,[N/A],Enabled,Enabled
1702411694.306218,0,GPU-93ae0c7f-c327-aee3-adae-bc0d1dae71ea,0.39,0.5015469793193291,12282.0,5865.0,546.29,NVIDIA GeForce RTX 4070,[N/A],Enabled,Enabled
1702411695.305898,0,GPU-93ae0c7f-c327-aee3-adae-bc0d1dae71ea,0.39,0.5015469793193291,12282.0,5865.0,546.29,NVIDIA GeForce RTX 4070,[N/A],Enabled,Enabled
1702411696.306283,0,GPU-93ae0c7f-c327-aee3-adae-bc0d1dae71ea,0.4,0.5019540791402052,12282.0,5860.0,546.29,NVIDIA GeForce RTX 4070,[N/A],Enabled,Enabled
1702411697.306991,0,GPU-93ae0c7f-c327-aee3-adae-bc0d1dae71ea,0.41,0.50187265917603,12282.0,5861.0,546.29,NVIDIA GeForce RTX 4070,[N/A],Enabled,Enabled
1702411698.306276,0,GPU-93ae0c7f-c327-aee3-adae-bc0d1dae71ea,0.41,0.50187265917603,12282.0,5861.0,546.29,NVIDIA GeForce RTX 4070,[N/A],Enabled,Enabled
1702411699.307602,0,GPU-93ae0c7f-c327-aee3-adae-bc0d1dae71ea,0.4,0.50187265917603,12282.0,5861.0,546.29,NVIDIA GeForce RTX 4070,[N/A],Enabled,Enabled
1702411700.306245,0,GPU-93ae0c7f-c327-aee3-adae-bc0d1dae71ea,0.45,0.50187265917603,12282.0,5861.0,546.29,NVIDIA GeForce RTX 4070,[N/A],Enabled,Enabled
1702411701.306708,0,GPU-93ae0c7f-c327-aee3-adae-bc0d1dae71ea,0.43,0.50187265917603,12282.0,5861.0,546.29,NVIDIA GeForce RTX 4070,[N/A],Enabled,Enabled
1702411702.306122,0,GPU-93ae0c7f-c327-aee3-adae-bc0d1dae71ea,0.39,0.50187265917603,12282.0,5861.0,546.29,NVIDIA GeForce RTX 4070,[N/A],Enabled,Enabled
1702411703.30581,0,GPU-93ae0c7f-c327-aee3-adae-bc0d1dae71ea,0.38,0.50187265917603,12282.0,5861.0,546.29,NVIDIA GeForce RTX 4070,[N/A],Enabled,Enabled
1702411704.306431,0,GPU-93ae0c7f-c327-aee3-adae-bc0d1dae71ea,0.38,0.50187265917603,12282.0,5861.0,546.29,NVIDIA GeForce RTX 4070,[N/A],Enabled,Enabled
1702411705.305987,0,GPU-93ae0c7f-c327-aee3-adae-bc0d1dae71ea,0.38,0.502279758996906,12282.0,5856.0,546.29,NVIDIA GeForce RTX 4070,[N/A],Enabled,Enabled
1702411706.3065,0,GPU-93ae0c7f-c327-aee3-adae-bc0d1dae71ea,0.38,0.502279758996906,12282.0,5856.0,546.29,NVIDIA GeForce RTX 4070,[N/A],Enabled,Enabled
1702411707.306964,0,GPU-93ae0c7f-c327-aee3-adae-bc0d1dae71ea,0.43,0.5021169190685556,12282.0,5858.0,546.29,NVIDIA GeForce RTX 4070,[N/A],Enabled,Enabled
1702411708.306174,0,GPU-93ae0c7f-c327-aee3-adae-bc0d1dae71ea,0.4,0.5012212994626283,12282.0,5869.0,546.29,NVIDIA GeForce RTX 4070,[N/A],Enabled,Enabled
1702411709.306784,0,GPU-93ae0c7f-c327-aee3-adae-bc0d1dae71ea,0.4,0.5012212994626283,12282.0,5869.0,546.29,NVIDIA GeForce RTX 4070,[N/A],Enabled,Enabled
1702411710.3069,0,GPU-93ae0c7f-c327-aee3-adae-bc0d1dae71ea,0.4,0.5012212994626283,12282.0,5869.0,546.29,NVIDIA GeForce RTX 4070,[N/A],Enabled,Enabled
1702411711.305845,0,GPU-93ae0c7f-c327-aee3-adae-bc0d1dae71ea,0.37,0.5027682787819573,12282.0,5850.0,546.29,NVIDIA GeForce RTX 4070,[N/A],Enabled,Enabled
1702411712.306444,0,GPU-93ae0c7f-c327-aee3-adae-bc0d1dae71ea,0.44,0.5027682787819573,12282.0,5850.0,546.29,NVIDIA GeForce RTX 4070,[N/A],Enabled,Enabled
1702411713.306651,0,GPU-93ae0c7f-c327-aee3-adae-bc0d1dae71ea,0.46,0.5024425989252564,12282.0,5854.0,546.29,NVIDIA GeForce RTX 4070,[N/A],Enabled,Enabled
1702411714.306712,0,GPU-93ae0c7f-c327-aee3-adae-bc0d1dae71ea,0.37,0.5024425989252564,12282.0,5854.0,546.29,NVIDIA GeForce RTX 4070,[N/A],Enabled,Enabled
1702411715.306564,0,GPU-93ae0c7f-c327-aee3-adae-bc0d1dae71ea,0.35,0.5024425989252564,12282.0,5854.0,546.29,NVIDIA GeForce RTX 4070,[N/A],Enabled,Enabled
1702411716.306751,0,GPU-93ae0c7f-c327-aee3-adae-bc0d1dae71ea,0.4,0.5024425989252564,12282.0,5854.0,546.29,NVIDIA GeForce RTX 4070,[N/A],Enabled,Enabled
1702411717.306396,0,GPU-93ae0c7f-c327-aee3-adae-bc0d1dae71ea,0.39,0.5023611789610812,12282.0,5855.0,546.29,NVIDIA GeForce RTX 4070,[N/A],Enabled,Enabled
1702411718.306504,0,GPU-93ae0c7f-c327-aee3-adae-bc0d1dae71ea,0.47,0.5016283992835043,12282.0,5864.0,546.29,NVIDIA GeForce RTX 4070,[N/A],Enabled,Enabled
1702411719.30618,0,GPU-93ae0c7f-c327-aee3-adae-bc0d1dae71ea,0.42,0.5016283992835043,12282.0,5864.0,546.29,NVIDIA GeForce RTX 4070,[N/A],Enabled,Enabled
1702411720.306919,0,GPU-93ae0c7f-c327-aee3-adae-bc0d1dae71ea,0.41,0.5014655593551539,12282.0,5866.0,546.29,NVIDIA GeForce RTX 4070,[N/A],Enabled,Enabled
1702411721.306832,0,GPU-93ae0c7f-c327-aee3-adae-bc0d1dae71ea,0.39,0.5014655593551539,12282.0,5866.0,546.29,NVIDIA GeForce RTX 4070,[N/A],Enabled,Enabled
1702411722.306109,0,GPU-93ae0c7f-c327-aee3-adae-bc0d1dae71ea,0.44,0.5014655593551539,12282.0,5866.0,546.29,NVIDIA GeForce RTX 4070,[N/A],Enabled,Enabled
1702411723.306085,0,GPU-93ae0c7f-c327-aee3-adae-bc0d1dae71ea,0.38,0.5014655593551539,12282.0,5866.0,546.29,NVIDIA GeForce RTX 4070,[N/A],Enabled,Enabled
1702411724.307656,0,GPU-93ae0c7f-c327-aee3-adae-bc0d1dae71ea,0.42,0.5014655593551539,12282.0,5866.0,546.29,NVIDIA GeForce RTX 4070,[N/A],Enabled,Enabled
1702411725.306016,0,GPU-93ae0c7f-c327-aee3-adae-bc0d1dae71ea,0.39,0.5014655593551539,12282.0,5866.0,546.29,NVIDIA GeForce RTX 4070,[N/A],Enabled,Enabled
1702411726.30618,0,GPU-93ae0c7f-c327-aee3-adae-bc0d1dae71ea,0.42,0.5014655593551539,12282.0,5866.0,546.29,NVIDIA GeForce RTX 4070,[N/A],Enabled,Enabled
1702411727.306781,0,GPU-93ae0c7f-c327-aee3-adae-bc0d1dae71ea,0.41,0.5014655593551539,12282.0,5866.0,546.29,NVIDIA GeForce RTX 4070,[N/A],Enabled,Enabled
1702411728.306597,0,GPU-93ae0c7f-c327-aee3-adae-bc0d1dae71ea,0.4,0.5014655593551539,12282.0,5866.0,546.29,NVIDIA GeForce RTX 4070,[N/A],Enabled,Enabled
1702411729.306577,0,GPU-93ae0c7f-c327-aee3-adae-bc0d1dae71ea,0.36,0.5014655593551539,12282.0,5866.0,546.29,NVIDIA GeForce RTX 4070,[N/A],Enabled,Enabled
1702411730.306121,0,GPU-93ae0c7f-c327-aee3-adae-bc0d1dae71ea,0.41,0.5013027194268035,12282.0,5868.0,546.29,NVIDIA GeForce RTX 4070,[N/A],Enabled,Enabled
1702411731.306452,0,GPU-93ae0c7f-c327-aee3-adae-bc0d1dae71ea,0.37,0.5013027194268035,12282.0,5868.0,546.29,NVIDIA GeForce RTX 4070,[N/A],Enabled,Enabled
1702411732.307637,0,GPU-93ae0c7f-c327-aee3-adae-bc0d1dae71ea,0.4,0.5013027194268035,12282.0,5868.0,546.29,NVIDIA GeForce RTX 4070,[N/A],Enabled,Enabled
1702411733.306311,0,GPU-93ae0c7f-c327-aee3-adae-bc0d1dae71ea,0.38,0.5013027194268035,12282.0,5868.0,546.29,NVIDIA GeForce RTX 4070,[N/A],Enabled,Enabled
1702411734.306598,0,GPU-93ae0c7f-c327-aee3-adae-bc0d1dae71ea,0.41,0.5006513597134017,12282.0,5876.0,546.29,NVIDIA GeForce RTX 4070,[N/A],Enabled,Enabled
1702411735.306268,0,GPU-93ae0c7f-c327-aee3-adae-bc0d1dae71ea,0.36,0.5006513597134017,12282.0,5876.0,546.29,NVIDIA GeForce RTX 4070,[N/A],Enabled,Enabled
1702411736.306676,0,GPU-93ae0c7f-c327-aee3-adae-bc0d1dae71ea,0.35,0.5006513597134017,12282.0,5876.0,546.29,NVIDIA GeForce RTX 4070,[N/A],Enabled,Enabled
1702411737.306067,0,GPU-93ae0c7f-c327-aee3-adae-bc0d1dae71ea,0.39,0.5006513597134017,12282.0,5876.0,546.29,NVIDIA GeForce RTX 4070,[N/A],Enabled,Enabled
1702411738.307535,0,GPU-93ae0c7f-c327-aee3-adae-bc0d1dae71ea,0.34,0.5006513597134017,12282.0,5876.0,546.29,NVIDIA GeForce RTX 4070,[N/A],Enabled,Enabled
1702411739.306685,0,GPU-93ae0c7f-c327-aee3-adae-bc0d1dae71ea,0.38,0.5006513597134017,12282.0,5876.0,546.29,NVIDIA GeForce RTX 4070,[N/A],Enabled,Enabled
1702411740.306647,0,GPU-93ae0c7f-c327-aee3-adae-bc0d1dae71ea,0.41,0.5006513597134017,12282.0,5876.0,546.29,NVIDIA GeForce RTX 4070,[N/A],Enabled,Enabled
1702411741.306504,0,GPU-93ae0c7f-c327-aee3-adae-bc0d1dae71ea,0.36,0.5006513597134017,12282.0,5876.0,546.29,NVIDIA GeForce RTX 4070,[N/A],Enabled,Enabled
1702411742.306927,0,GPU-93ae0c7f-c327-aee3-adae-bc0d1dae71ea,0.34,0.5006513597134017,12282.0,5876.0,546.29,NVIDIA GeForce RTX 4070,[N/A],Enabled,Enabled
1702411743.307235,0,GPU-93ae0c7f-c327-aee3-adae-bc0d1dae71ea,0.38,0.5006513597134017,12282.0,5876.0,546.29,NVIDIA GeForce RTX 4070,[N/A],Enabled,Enabled
1702411744.306383,0,GPU-93ae0c7f-c327-aee3-adae-bc0d1dae71ea,0.4,0.5006513597134017,12282.0,5876.0,546.29,NVIDIA GeForce RTX 4070,[N/A],Enabled,Enabled
1702411745.307724,0,GPU-93ae0c7f-c327-aee3-adae-bc0d1dae71ea,0.39,0.5006513597134017,12282.0,5876.0,546.29,NVIDIA GeForce RTX 4070,[N/A],Enabled,Enabled
1702411746.306325,0,GPU-93ae0c7f-c327-aee3-adae-bc0d1dae71ea,0.4,0.5006513597134017,12282.0,5876.0,546.29,NVIDIA GeForce RTX 4070,[N/A],Enabled,Enabled
1702411747.306768,0,GPU-93ae0c7f-c327-aee3-adae-bc0d1dae71ea,0.37,0.5006513597134017,12282.0,5876.0,546.29,NVIDIA GeForce RTX 4070,[N/A],Enabled,Enabled
1702411748.306536,0,GPU-93ae0c7f-c327-aee3-adae-bc0d1dae71ea,0.4,0.5006513597134017,12282.0,5876.0,546.29,NVIDIA GeForce RTX 4070,[N/A],Enabled,Enabled
1702411749.306258,0,GPU-93ae0c7f-c327-aee3-adae-bc0d1dae71ea,0.39,0.5006513597134017,12282.0,5876.0,546.29,NVIDIA GeForce RTX 4070,[N/A],Enabled,Enabled
1702411750.306843,0,GPU-93ae0c7f-c327-aee3-adae-bc0d1dae71ea,0.35,0.5024425989252564,12282.0,5854.0,546.29,NVIDIA GeForce RTX 4070,[N/A],Enabled,Enabled
1702411751.3061,0,GPU-93ae0c7f-c327-aee3-adae-bc0d1dae71ea,0.41,0.5024425989252564,12282.0,5854.0,546.29,NVIDIA GeForce RTX 4070,[N/A],Enabled,Enabled
1702411752.306595,0,GPU-93ae0c7f-c327-aee3-adae-bc0d1dae71ea,0.38,0.5024425989252564,12282.0,5854.0,546.29,NVIDIA GeForce RTX 4070,[N/A],Enabled,Enabled
1702411753.306516,0,GPU-93ae0c7f-c327-aee3-adae-bc0d1dae71ea,0.37,0.5024425989252564,12282.0,5854.0,546.29,NVIDIA GeForce RTX 4070,[N/A],Enabled,Enabled
1702411754.306177,0,GPU-93ae0c7f-c327-aee3-adae-bc0d1dae71ea,0.46,0.5024425989252564,12282.0,5854.0,546.29,NVIDIA GeForce RTX 4070,[N/A],Enabled,Enabled
1702411755.306449,0,GPU-93ae0c7f-c327-aee3-adae-bc0d1dae71ea,0.48,0.5024425989252564,12282.0,5854.0,546.29,NVIDIA GeForce RTX 4070,[N/A],Enabled,Enabled
1702411756.30666,0,GPU-93ae0c7f-c327-aee3-adae-bc0d1dae71ea,0.48,0.5024425989252564,12282.0,5854.0,546.29,NVIDIA GeForce RTX 4070,[N/A],Enabled,Enabled
1702411757.306713,0,GPU-93ae0c7f-c327-aee3-adae-bc0d1dae71ea,0.44,0.5017912392118548,12282.0,5862.0,546.29,NVIDIA GeForce RTX 4070,[N/A],Enabled,Enabled
1702411758.307145,0,GPU-93ae0c7f-c327-aee3-adae-bc0d1dae71ea,0.34,0.5017912392118548,12282.0,5862.0,546.29,NVIDIA GeForce RTX 4070,[N/A],Enabled,Enabled
1702411759.306126,0,GPU-93ae0c7f-c327-aee3-adae-bc0d1dae71ea,0.38,0.5017912392118548,12282.0,5862.0,546.29,NVIDIA GeForce RTX 4070,[N/A],Enabled,Enabled
1702411760.30643,0,GPU-93ae0c7f-c327-aee3-adae-bc0d1dae71ea,0.43,0.5016283992835043,12282.0,5864.0,546.29,NVIDIA GeForce RTX 4070,[N/A],Enabled,Enabled
1702411761.306032,0,GPU-93ae0c7f-c327-aee3-adae-bc0d1dae71ea,0.45,0.5016283992835043,12282.0,5864.0,546.29,NVIDIA GeForce RTX 4070,[N/A],Enabled,Enabled
1702411762.306228,0,GPU-93ae0c7f-c327-aee3-adae-bc0d1dae71ea,0.37,0.5016283992835043,12282.0,5864.0,546.29,NVIDIA GeForce RTX 4070,[N/A],Enabled,Enabled
1702411763.307585,0,GPU-93ae0c7f-c327-aee3-adae-bc0d1dae71ea,0.4,0.5016283992835043,12282.0,5864.0,546.29,NVIDIA GeForce RTX 4070,[N/A],Enabled,Enabled
1702411764.306467,0,GPU-93ae0c7f-c327-aee3-adae-bc0d1dae71ea,0.4,0.5016283992835043,12282.0,5864.0,546.29,NVIDIA GeForce RTX 4070,[N/A],Enabled,Enabled
1702411765.306571,0,GPU-93ae0c7f-c327-aee3-adae-bc0d1dae71ea,0.41,0.5024425989252564,12282.0,5854.0,546.29,NVIDIA GeForce RTX 4070,[N/A],Enabled,Enabled
1702411766.30713,0,GPU-93ae0c7f-c327-aee3-adae-bc0d1dae71ea,0.43,0.5024425989252564,12282.0,5854.0,546.29,NVIDIA GeForce RTX 4070,[N/A],Enabled,Enabled
1702411767.307009,0,GPU-93ae0c7f-c327-aee3-adae-bc0d1dae71ea,0.42,0.5024425989252564,12282.0,5854.0,546.29,NVIDIA GeForce RTX 4070,[N/A],Enabled,Enabled
1702411768.307578,0,GPU-93ae0c7f-c327-aee3-adae-bc0d1dae71ea,0.38,0.5024425989252564,12282.0,5854.0,546.29,NVIDIA GeForce RTX 4070,[N/A],Enabled,Enabled
1702411769.306939,0,GPU-93ae0c7f-c327-aee3-adae-bc0d1dae71ea,0.37,0.5024425989252564,12282.0,5854.0,546.29,NVIDIA GeForce RTX 4070,[N/A],Enabled,Enabled
1702411770.306384,0,GPU-93ae0c7f-c327-aee3-adae-bc0d1dae71ea,0.43,0.5024425989252564,12282.0,5854.0,546.29,NVIDIA GeForce RTX 4070,[N/A],Enabled,Enabled
1702411771.306187,0,GPU-93ae0c7f-c327-aee3-adae-bc0d1dae71ea,0.36,0.5024425989252564,12282.0,5854.0,546.29,NVIDIA GeForce RTX 4070,[N/A],Enabled,Enabled
1702411772.306775,0,GPU-93ae0c7f-c327-aee3-adae-bc0d1dae71ea,0.42,0.5024425989252564,12282.0,5854.0,546.29,NVIDIA GeForce RTX 4070,[N/A],Enabled,Enabled
1702411773.306621,0,GPU-93ae0c7f-c327-aee3-adae-bc0d1dae71ea,0.38,0.5024425989252564,12282.0,5854.0,546.29,NVIDIA GeForce RTX 4070,[N/A],Enabled,Enabled
1702411774.307202,0,GPU-93ae0c7f-c327-aee3-adae-bc0d1dae71ea,0.36,0.5024425989252564,12282.0,5854.0,546.29,NVIDIA GeForce RTX 4070,[N/A],Enabled,Enabled
1702411775.306923,0,GPU-93ae0c7f-c327-aee3-adae-bc0d1dae71ea,0.45,0.5024425989252564,12282.0,5854.0,546.29,NVIDIA GeForce RTX 4070,[N/A],Enabled,Enabled
1702411776.306527,0,GPU-93ae0c7f-c327-aee3-adae-bc0d1dae71ea,0.41,0.5024425989252564,12282.0,5854.0,546.29,NVIDIA GeForce RTX 4070,[N/A],Enabled,Enabled
1702411777.306248,0,GPU-93ae0c7f-c327-aee3-adae-bc0d1dae71ea,0.38,0.5024425989252564,12282.0,5854.0,546.29,NVIDIA GeForce RTX 4070,[N/A],Enabled,Enabled
1702411778.306013,0,GPU-93ae0c7f-c327-aee3-adae-bc0d1dae71ea,0.37,0.5024425989252564,12282.0,5854.0,546.29,NVIDIA GeForce RTX 4070,[N/A],Enabled,Enabled
1702411779.306058,0,GPU-93ae0c7f-c327-aee3-adae-bc0d1dae71ea,0.4,0.5024425989252564,12282.0,5854.0,546.29,NVIDIA GeForce RTX 4070,[N/A],Enabled,Enabled
1702411780.308037,0,GPU-93ae0c7f-c327-aee3-adae-bc0d1dae71ea,0.38,0.5024425989252564,12282.0,5854.0,546.29,NVIDIA GeForce RTX 4070,[N/A],Enabled,Enabled
1702411781.306637,0,GPU-93ae0c7f-c327-aee3-adae-bc0d1dae71ea,0.35,0.5024425989252564,12282.0,5854.0,546.29,NVIDIA GeForce RTX 4070,[N/A],Enabled,Enabled
1702411782.306639,0,GPU-93ae0c7f-c327-aee3-adae-bc0d1dae71ea,0.38,0.5024425989252564,12282.0,5854.0,546.29,NVIDIA GeForce RTX 4070,[N/A],Enabled,Enabled
1702411783.306375,0,GPU-93ae0c7f-c327-aee3-adae-bc0d1dae71ea,0.36,0.5024425989252564,12282.0,5854.0,546.29,NVIDIA GeForce RTX 4070,[N/A],Enabled,Enabled
1702411784.306484,0,GPU-93ae0c7f-c327-aee3-adae-bc0d1dae71ea,0.35,0.5024425989252564,12282.0,5854.0,546.29,NVIDIA GeForce RTX 4070,[N/A],Enabled,Enabled
1702411785.306154,0,GPU-93ae0c7f-c327-aee3-adae-bc0d1dae71ea,0.28,0.5006513597134017,12282.0,5876.0,546.29,NVIDIA GeForce RTX 4070,[N/A],Enabled,Enabled
1702411786.30678,0,GPU-93ae0c7f-c327-aee3-adae-bc0d1dae71ea,0.28,0.5006513597134017,12282.0,5876.0,546.29,NVIDIA GeForce RTX 4070,[N/A],Enabled,Enabled
1702411787.306281,0,GPU-93ae0c7f-c327-aee3-adae-bc0d1dae71ea,0.25,0.4963361016121153,12282.0,5929.0,546.29,NVIDIA GeForce RTX 4070,[N/A],Enabled,Enabled
1702411788.306076,0,GPU-93ae0c7f-c327-aee3-adae-bc0d1dae71ea,0.26,0.4963361016121153,12282.0,5929.0,546.29,NVIDIA GeForce RTX 4070,[N/A],Enabled,Enabled
1702411789.307357,0,GPU-93ae0c7f-c327-aee3-adae-bc0d1dae71ea,0.25,0.4963361016121153,12282.0,5929.0,546.29,NVIDIA GeForce RTX 4070,[N/A],Enabled,Enabled
1702411790.307497,0,GPU-93ae0c7f-c327-aee3-adae-bc0d1dae71ea,0.26,0.4963361016121153,12282.0,5929.0,546.29,NVIDIA GeForce RTX 4070,[N/A],Enabled,Enabled
1702411791.306527,0,GPU-93ae0c7f-c327-aee3-adae-bc0d1dae71ea,0.26,0.5006513597134017,12282.0,5876.0,546.29,NVIDIA GeForce RTX 4070,[N/A],Enabled,Enabled
1702411792.306393,0,GPU-93ae0c7f-c327-aee3-adae-bc0d1dae71ea,0.27,0.4963361016121153,12282.0,5929.0,546.29,NVIDIA GeForce RTX 4070,[N/A],Enabled,Enabled
1702411793.306148,0,GPU-93ae0c7f-c327-aee3-adae-bc0d1dae71ea,0.25,0.5006513597134017,12282.0,5876.0,546.29,NVIDIA GeForce RTX 4070,[N/A],Enabled,Enabled
1702411794.307277,0,GPU-93ae0c7f-c327-aee3-adae-bc0d1dae71ea,0.24,0.4963361016121153,12282.0,5929.0,546.29,NVIDIA GeForce RTX 4070,[N/A],Enabled,Enabled
1702411795.306478,0,GPU-93ae0c7f-c327-aee3-adae-bc0d1dae71ea,0.26,0.4963361016121153,12282.0,5929.0,546.29,NVIDIA GeForce RTX 4070,[N/A],Enabled,Enabled
1702411796.30638,0,GPU-93ae0c7f-c327-aee3-adae-bc0d1dae71ea,0.25,0.4963361016121153,12282.0,5929.0,546.29,NVIDIA GeForce RTX 4070,[N/A],Enabled,Enabled
1702411797.306986,0,GPU-93ae0c7f-c327-aee3-adae-bc0d1dae71ea,0.26,0.4963361016121153,12282.0,5929.0,546.29,NVIDIA GeForce RTX 4070,[N/A],Enabled,Enabled
1702411798.306168,0,GPU-93ae0c7f-c327-aee3-adae-bc0d1dae71ea,0.25,0.4963361016121153,12282.0,5929.0,546.29,NVIDIA GeForce RTX 4070,[N/A],Enabled,Enabled
1702411799.30702,0,GPU-93ae0c7f-c327-aee3-adae-bc0d1dae71ea,0.25,0.4963361016121153,12282.0,5929.0,546.29,NVIDIA GeForce RTX 4070,[N/A],Enabled,Enabled
1702411800.306252,0,GPU-93ae0c7f-c327-aee3-adae-bc0d1dae71ea,0.25,0.4963361016121153,12282.0,5929.0,546.29,NVIDIA GeForce RTX 4070,[N/A],Enabled,Enabled
1702411801.306317,0,GPU-93ae0c7f-c327-aee3-adae-bc0d1dae71ea,0.24,0.4955219019703631,12282.0,5939.0,546.29,NVIDIA GeForce RTX 4070,[N/A],Enabled,Enabled
1702411802.306403,0,GPU-93ae0c7f-c327-aee3-adae-bc0d1dae71ea,0.14,0.31175704282690114,12282.0,8196.0,546.29,NVIDIA GeForce RTX 4070,[N/A],Enabled,Enabled
1702411803.306737,0,GPU-93ae0c7f-c327-aee3-adae-bc0d1dae71ea,0.15,0.31175704282690114,12282.0,8196.0,546.29,NVIDIA GeForce RTX 4070,[N/A],Enabled,Enabled
1702411804.306536,0,GPU-93ae0c7f-c327-aee3-adae-bc0d1dae71ea,0.15,0.31175704282690114,12282.0,8196.0,546.29,NVIDIA GeForce RTX 4070,[N/A],Enabled,Enabled
1702411805.30679,0,GPU-93ae0c7f-c327-aee3-adae-bc0d1dae71ea,0.15,0.31175704282690114,12282.0,8196.0,546.29,NVIDIA GeForce RTX 4070,[N/A],Enabled,Enabled
1702411806.30611,0,GPU-93ae0c7f-c327-aee3-adae-bc0d1dae71ea,0.15,0.31175704282690114,12282.0,8196.0,546.29,NVIDIA GeForce RTX 4070,[N/A],Enabled,Enabled
1702411807.306243,0,GPU-93ae0c7f-c327-aee3-adae-bc0d1dae71ea,0.15,0.31175704282690114,12282.0,8196.0,546.29,NVIDIA GeForce RTX 4070,[N/A],Enabled,Enabled
