timestamp,id,uuid,load,memoryUtil,memoryTotal,memoryUsed,memoryFree,driver,name,serial,display_mode,display_active
1709649300.91166,0,GPU-93ae0c7f-c327-aee3-adae-bc0d1dae71ea,0.18,0.2651034033545025,12282.0,8755.0,551.61,NVIDIA GeForce RTX 4070,[N/A],Enabled,Enabled
1709649301.90865,0,GPU-93ae0c7f-c327-aee3-adae-bc0d1dae71ea,0.18,0.2651034033545025,12282.0,8755.0,551.61,NVIDIA GeForce RTX 4070,[N/A],Enabled,Enabled
1709649302.908747,0,GPU-93ae0c7f-c327-aee3-adae-bc0d1dae71ea,0.18,0.2651034033545025,12282.0,8755.0,551.61,NVIDIA GeForce RTX 4070,[N/A],Enabled,Enabled
1709649303.908281,0,GPU-93ae0c7f-c327-aee3-adae-bc0d1dae71ea,0.18,0.2651034033545025,12282.0,8755.0,551.61,NVIDIA GeForce RTX 4070,[N/A],Enabled,Enabled
1709649304.908205,0,GPU-93ae0c7f-c327-aee3-adae-bc0d1dae71ea,0.18,0.2651034033545025,12282.0,8755.0,551.61,NVIDIA GeForce RTX 4070,[N/A],Enabled,Enabled
1709649305.908793,0,GPU-93ae0c7f-c327-aee3-adae-bc0d1dae71ea,0.17,0.2651034033545025,12282.0,8755.0,551.61,NVIDIA GeForce RTX 4070,[N/A],Enabled,Enabled
1709649306.908716,0,GPU-93ae0c7f-c327-aee3-adae-bc0d1dae71ea,0.17,0.2651034033545025,12282.0,8755.0,551.61,NVIDIA GeForce RTX 4070,[N/A],Enabled,Enabled
1709649307.908639,0,GPU-93ae0c7f-c327-aee3-adae-bc0d1dae71ea,0.17,0.2651034033545025,12282.0,8755.0,551.61,NVIDIA GeForce RTX 4070,[N/A],Enabled,Enabled
1709649308.908493,0,GPU-93ae0c7f-c327-aee3-adae-bc0d1dae71ea,0.17,0.2651034033545025,12282.0,8755.0,551.61,NVIDIA GeForce RTX 4070,[N/A],Enabled,Enabled
1709649309.908799,0,GPU-93ae0c7f-c327-aee3-adae-bc0d1dae71ea,0.18,0.2651034033545025,12282.0,8755.0,551.61,NVIDIA GeForce RTX 4070,[N/A],Enabled,Enabled
1709649310.908888,0,GPU-93ae0c7f-c327-aee3-adae-bc0d1dae71ea,0.18,0.2651034033545025,12282.0,8755.0,551.61,NVIDIA GeForce RTX 4070,[N/A],Enabled,Enabled
1709649311.908557,0,GPU-93ae0c7f-c327-aee3-adae-bc0d1dae71ea,0.18,0.2651034033545025,12282.0,8755.0,551.61,NVIDIA GeForce RTX 4070,[N/A],Enabled,Enabled
1709649312.909133,0,GPU-93ae0c7f-c327-aee3-adae-bc0d1dae71ea,0.18,0.2651034033545025,12282.0,8755.0,551.61,NVIDIA GeForce RTX 4070,[N/A],Enabled,Enabled
1709649313.908886,0,GPU-93ae0c7f-c327-aee3-adae-bc0d1dae71ea,0.17,0.2651034033545025,12282.0,8755.0,551.61,NVIDIA GeForce RTX 4070,[N/A],Enabled,Enabled
1709649314.908037,0,GPU-93ae0c7f-c327-aee3-adae-bc0d1dae71ea,0.18,0.2651034033545025,12282.0,8755.0,551.61,NVIDIA GeForce RTX 4070,[N/A],Enabled,Enabled
1709649315.90836,0,GPU-93ae0c7f-c327-aee3-adae-bc0d1dae71ea,0.2,0.2633121641426478,12282.0,8777.0,551.61,NVIDIA GeForce RTX 4070,[N/A],Enabled,Enabled
1709649316.909298,0,GPU-93ae0c7f-c327-aee3-adae-bc0d1dae71ea,0.18,0.26518482331867776,12282.0,8754.0,551.61,NVIDIA GeForce RTX 4070,[N/A],Enabled,Enabled
1709649317.908483,0,GPU-93ae0c7f-c327-aee3-adae-bc0d1dae71ea,0.17,0.270558540954242,12282.0,8688.0,551.61,NVIDIA GeForce RTX 4070,[N/A],Enabled,Enabled
1709649318.908237,0,GPU-93ae0c7f-c327-aee3-adae-bc0d1dae71ea,0.11,0.33829995114802147,12282.0,7856.0,551.61,NVIDIA GeForce RTX 4070,[N/A],Enabled,Enabled
1709649319.908035,0,GPU-93ae0c7f-c327-aee3-adae-bc0d1dae71ea,0.1,0.33829995114802147,12282.0,7856.0,551.61,NVIDIA GeForce RTX 4070,[N/A],Enabled,Enabled
1709649320.908892,0,GPU-93ae0c7f-c327-aee3-adae-bc0d1dae71ea,0.11,0.33829995114802147,12282.0,7856.0,551.61,NVIDIA GeForce RTX 4070,[N/A],Enabled,Enabled
1709649321.908467,0,GPU-93ae0c7f-c327-aee3-adae-bc0d1dae71ea,0.15,0.31517668132226023,12282.0,8140.0,551.61,NVIDIA GeForce RTX 4070,[N/A],Enabled,Enabled
1709649322.90857,0,GPU-93ae0c7f-c327-aee3-adae-bc0d1dae71ea,0.1,0.27047712099006677,12282.0,8689.0,551.61,NVIDIA GeForce RTX 4070,[N/A],Enabled,Enabled
1709649323.907974,0,GPU-93ae0c7f-c327-aee3-adae-bc0d1dae71ea,0.34,0.46661781468816155,12282.0,6280.0,551.61,NVIDIA GeForce RTX 4070,[N/A],Enabled,Enabled
1709649324.907834,0,GPU-93ae0c7f-c327-aee3-adae-bc0d1dae71ea,0.33,0.46661781468816155,12282.0,6280.0,551.61,NVIDIA GeForce RTX 4070,[N/A],Enabled,Enabled
1709649325.908828,0,GPU-93ae0c7f-c327-aee3-adae-bc0d1dae71ea,0.29,0.461895456765999,12282.0,6338.0,551.61,NVIDIA GeForce RTX 4070,[N/A],Enabled,Enabled
1709649326.908239,0,GPU-93ae0c7f-c327-aee3-adae-bc0d1dae71ea,0.3,0.461895456765999,12282.0,6338.0,551.61,NVIDIA GeForce RTX 4070,[N/A],Enabled,Enabled
1709649327.909007,0,GPU-93ae0c7f-c327-aee3-adae-bc0d1dae71ea,0.3,0.461895456765999,12282.0,6338.0,551.61,NVIDIA GeForce RTX 4070,[N/A],Enabled,Enabled
1709649328.907982,0,GPU-93ae0c7f-c327-aee3-adae-bc0d1dae71ea,0.34,0.46661781468816155,12282.0,6280.0,551.61,NVIDIA GeForce RTX 4070,[N/A],Enabled,Enabled
1709649329.908376,0,GPU-93ae0c7f-c327-aee3-adae-bc0d1dae71ea,0.19,0.5795473049991858,12282.0,4893.0,551.61,NVIDIA GeForce RTX 4070,[N/A],Enabled,Enabled
1709649330.908339,0,GPU-93ae0c7f-c327-aee3-adae-bc0d1dae71ea,0.3,0.4674320143299137,12282.0,6270.0,551.61,NVIDIA GeForce RTX 4070,[N/A],Enabled,Enabled
1709649331.908163,0,GPU-93ae0c7f-c327-aee3-adae-bc0d1dae71ea,0.31,0.4674320143299137,12282.0,6270.0,551.61,NVIDIA GeForce RTX 4070,[N/A],Enabled,Enabled
1709649332.908468,0,GPU-93ae0c7f-c327-aee3-adae-bc0d1dae71ea,0.28,0.4627096564077512,12282.0,6328.0,551.61,NVIDIA GeForce RTX 4070,[N/A],Enabled,Enabled
1709649333.908163,0,GPU-93ae0c7f-c327-aee3-adae-bc0d1dae71ea,0.28,0.4627096564077512,12282.0,6328.0,551.61,NVIDIA GeForce RTX 4070,[N/A],Enabled,Enabled
1709649334.909285,0,GPU-93ae0c7f-c327-aee3-adae-bc0d1dae71ea,0.29,0.4627910763719264,12282.0,6327.0,551.61,NVIDIA GeForce RTX 4070,[N/A],Enabled,Enabled
1709649335.908584,0,GPU-93ae0c7f-c327-aee3-adae-bc0d1dae71ea,0.32,0.4674320143299137,12282.0,6270.0,551.61,NVIDIA GeForce RTX 4070,[N/A],Enabled,Enabled
1709649336.908602,0,GPU-93ae0c7f-c327-aee3-adae-bc0d1dae71ea,0.3,0.4674320143299137,12282.0,6270.0,551.61,NVIDIA GeForce RTX 4070,[N/A],Enabled,Enabled
1709649337.909002,0,GPU-93ae0c7f-c327-aee3-adae-bc0d1dae71ea,0.32,0.4627910763719264,12282.0,6327.0,551.61,NVIDIA GeForce RTX 4070,[N/A],Enabled,Enabled
1709649338.908851,0,GPU-93ae0c7f-c327-aee3-adae-bc0d1dae71ea,0.31,0.4675134342940889,12282.0,6269.0,551.61,NVIDIA GeForce RTX 4070,[N/A],Enabled,Enabled
1709649339.908552,0,GPU-93ae0c7f-c327-aee3-adae-bc0d1dae71ea,0.31,0.4675134342940889,12282.0,6269.0,551.61,NVIDIA GeForce RTX 4070,[N/A],Enabled,Enabled
1709649340.908589,0,GPU-93ae0c7f-c327-aee3-adae-bc0d1dae71ea,0.3,0.4627910763719264,12282.0,6327.0,551.61,NVIDIA GeForce RTX 4070,[N/A],Enabled,Enabled
1709649341.908238,0,GPU-93ae0c7f-c327-aee3-adae-bc0d1dae71ea,0.32,0.4675134342940889,12282.0,6269.0,551.61,NVIDIA GeForce RTX 4070,[N/A],Enabled,Enabled
1709649342.908376,0,GPU-93ae0c7f-c327-aee3-adae-bc0d1dae71ea,0.32,0.4675134342940889,12282.0,6269.0,551.61,NVIDIA GeForce RTX 4070,[N/A],Enabled,Enabled
1709649343.908426,0,GPU-93ae0c7f-c327-aee3-adae-bc0d1dae71ea,0.31,0.4675134342940889,12282.0,6269.0,551.61,NVIDIA GeForce RTX 4070,[N/A],Enabled,Enabled
1709649344.909007,0,GPU-93ae0c7f-c327-aee3-adae-bc0d1dae71ea,0.3,0.4628724963361016,12282.0,6326.0,551.61,NVIDIA GeForce RTX 4070,[N/A],Enabled,Enabled
1709649345.90867,0,GPU-93ae0c7f-c327-aee3-adae-bc0d1dae71ea,0.3,0.46441947565543074,12282.0,6307.0,551.61,NVIDIA GeForce RTX 4070,[N/A],Enabled,Enabled
1709649346.909131,0,GPU-93ae0c7f-c327-aee3-adae-bc0d1dae71ea,0.4,0.47134017261032407,12282.0,6222.0,551.61,NVIDIA GeForce RTX 4070,[N/A],Enabled,Enabled
1709649347.908373,0,GPU-93ae0c7f-c327-aee3-adae-bc0d1dae71ea,0.38,0.47134017261032407,12282.0,6222.0,551.61,NVIDIA GeForce RTX 4070,[N/A],Enabled,Enabled
1709649348.908119,0,GPU-93ae0c7f-c327-aee3-adae-bc0d1dae71ea,0.41,0.47134017261032407,12282.0,6222.0,551.61,NVIDIA GeForce RTX 4070,[N/A],Enabled,Enabled
1709649349.90887,0,GPU-93ae0c7f-c327-aee3-adae-bc0d1dae71ea,0.42,0.47134017261032407,12282.0,6222.0,551.61,NVIDIA GeForce RTX 4070,[N/A],Enabled,Enabled
1709649350.908557,0,GPU-93ae0c7f-c327-aee3-adae-bc0d1dae71ea,0.42,0.47134017261032407,12282.0,6222.0,551.61,NVIDIA GeForce RTX 4070,[N/A],Enabled,Enabled
1709649351.908556,0,GPU-93ae0c7f-c327-aee3-adae-bc0d1dae71ea,0.45,0.47134017261032407,12282.0,6222.0,551.61,NVIDIA GeForce RTX 4070,[N/A],Enabled,Enabled
1709649352.908121,0,GPU-93ae0c7f-c327-aee3-adae-bc0d1dae71ea,0.41,0.47134017261032407,12282.0,6222.0,551.61,NVIDIA GeForce RTX 4070,[N/A],Enabled,Enabled
1709649353.908206,0,GPU-93ae0c7f-c327-aee3-adae-bc0d1dae71ea,0.45,0.47134017261032407,12282.0,6222.0,551.61,NVIDIA GeForce RTX 4070,[N/A],Enabled,Enabled
1709649354.908221,0,GPU-93ae0c7f-c327-aee3-adae-bc0d1dae71ea,0.43,0.47134017261032407,12282.0,6222.0,551.61,NVIDIA GeForce RTX 4070,[N/A],Enabled,Enabled
1709649355.907723,0,GPU-93ae0c7f-c327-aee3-adae-bc0d1dae71ea,0.4,0.47134017261032407,12282.0,6222.0,551.61,NVIDIA GeForce RTX 4070,[N/A],Enabled,Enabled
1709649356.908403,0,GPU-93ae0c7f-c327-aee3-adae-bc0d1dae71ea,0.41,0.47134017261032407,12282.0,6222.0,551.61,NVIDIA GeForce RTX 4070,[N/A],Enabled,Enabled
1709649357.90818,0,GPU-93ae0c7f-c327-aee3-adae-bc0d1dae71ea,0.42,0.47134017261032407,12282.0,6222.0,551.61,NVIDIA GeForce RTX 4070,[N/A],Enabled,Enabled
1709649358.90858,0,GPU-93ae0c7f-c327-aee3-adae-bc0d1dae71ea,0.42,0.47134017261032407,12282.0,6222.0,551.61,NVIDIA GeForce RTX 4070,[N/A],Enabled,Enabled
1709649359.909368,0,GPU-93ae0c7f-c327-aee3-adae-bc0d1dae71ea,0.43,0.47134017261032407,12282.0,6222.0,551.61,NVIDIA GeForce RTX 4070,[N/A],Enabled,Enabled
1709649360.908402,0,GPU-93ae0c7f-c327-aee3-adae-bc0d1dae71ea,0.41,0.47134017261032407,12282.0,6222.0,551.61,NVIDIA GeForce RTX 4070,[N/A],Enabled,Enabled
1709649361.907886,0,GPU-93ae0c7f-c327-aee3-adae-bc0d1dae71ea,0.4,0.47134017261032407,12282.0,6222.0,551.61,NVIDIA GeForce RTX 4070,[N/A],Enabled,Enabled
1709649362.908436,0,GPU-93ae0c7f-c327-aee3-adae-bc0d1dae71ea,0.42,0.47134017261032407,12282.0,6222.0,551.61,NVIDIA GeForce RTX 4070,[N/A],Enabled,Enabled
1709649363.908574,0,GPU-93ae0c7f-c327-aee3-adae-bc0d1dae71ea,0.44,0.47134017261032407,12282.0,6222.0,551.61,NVIDIA GeForce RTX 4070,[N/A],Enabled,Enabled
1709649364.908416,0,GPU-93ae0c7f-c327-aee3-adae-bc0d1dae71ea,0.4,0.47134017261032407,12282.0,6222.0,551.61,NVIDIA GeForce RTX 4070,[N/A],Enabled,Enabled
1709649365.908131,0,GPU-93ae0c7f-c327-aee3-adae-bc0d1dae71ea,0.43,0.47134017261032407,12282.0,6222.0,551.61,NVIDIA GeForce RTX 4070,[N/A],Enabled,Enabled
1709649366.908463,0,GPU-93ae0c7f-c327-aee3-adae-bc0d1dae71ea,0.4,0.47134017261032407,12282.0,6222.0,551.61,NVIDIA GeForce RTX 4070,[N/A],Enabled,Enabled
1709649367.908598,0,GPU-93ae0c7f-c327-aee3-adae-bc0d1dae71ea,0.43,0.47134017261032407,12282.0,6222.0,551.61,NVIDIA GeForce RTX 4070,[N/A],Enabled,Enabled
1709649368.908779,0,GPU-93ae0c7f-c327-aee3-adae-bc0d1dae71ea,0.39,0.47134017261032407,12282.0,6222.0,551.61,NVIDIA GeForce RTX 4070,[N/A],Enabled,Enabled
1709649369.908954,0,GPU-93ae0c7f-c327-aee3-adae-bc0d1dae71ea,0.42,0.47134017261032407,12282.0,6222.0,551.61,NVIDIA GeForce RTX 4070,[N/A],Enabled,Enabled
1709649370.908302,0,GPU-93ae0c7f-c327-aee3-adae-bc0d1dae71ea,0.4,0.47134017261032407,12282.0,6222.0,551.61,NVIDIA GeForce RTX 4070,[N/A],Enabled,Enabled
1709649371.907761,0,GPU-93ae0c7f-c327-aee3-adae-bc0d1dae71ea,0.41,0.47134017261032407,12282.0,6222.0,551.61,NVIDIA GeForce RTX 4070,[N/A],Enabled,Enabled
1709649372.90914,0,GPU-93ae0c7f-c327-aee3-adae-bc0d1dae71ea,0.4,0.47134017261032407,12282.0,6222.0,551.61,NVIDIA GeForce RTX 4070,[N/A],Enabled,Enabled
1709649373.908874,0,GPU-93ae0c7f-c327-aee3-adae-bc0d1dae71ea,0.41,0.47134017261032407,12282.0,6222.0,551.61,NVIDIA GeForce RTX 4070,[N/A],Enabled,Enabled
1709649374.908895,0,GPU-93ae0c7f-c327-aee3-adae-bc0d1dae71ea,0.4,0.47134017261032407,12282.0,6222.0,551.61,NVIDIA GeForce RTX 4070,[N/A],Enabled,Enabled
1709649375.908963,0,GPU-93ae0c7f-c327-aee3-adae-bc0d1dae71ea,0.44,0.47134017261032407,12282.0,6222.0,551.61,NVIDIA GeForce RTX 4070,[N/A],Enabled,Enabled
1709649376.908286,0,GPU-93ae0c7f-c327-aee3-adae-bc0d1dae71ea,0.4,0.47134017261032407,12282.0,6222.0,551.61,NVIDIA GeForce RTX 4070,[N/A],Enabled,Enabled
1709649377.908911,0,GPU-93ae0c7f-c327-aee3-adae-bc0d1dae71ea,0.43,0.47134017261032407,12282.0,6222.0,551.61,NVIDIA GeForce RTX 4070,[N/A],Enabled,Enabled
1709649378.908749,0,GPU-93ae0c7f-c327-aee3-adae-bc0d1dae71ea,0.4,0.47134017261032407,12282.0,6222.0,551.61,NVIDIA GeForce RTX 4070,[N/A],Enabled,Enabled
1709649379.908563,0,GPU-93ae0c7f-c327-aee3-adae-bc0d1dae71ea,0.43,0.47134017261032407,12282.0,6222.0,551.61,NVIDIA GeForce RTX 4070,[N/A],Enabled,Enabled
1709649380.90827,0,GPU-93ae0c7f-c327-aee3-adae-bc0d1dae71ea,0.4,0.47134017261032407,12282.0,6222.0,551.61,NVIDIA GeForce RTX 4070,[N/A],Enabled,Enabled
1709649381.908523,0,GPU-93ae0c7f-c327-aee3-adae-bc0d1dae71ea,0.42,0.47134017261032407,12282.0,6222.0,551.61,NVIDIA GeForce RTX 4070,[N/A],Enabled,Enabled
1709649382.908561,0,GPU-93ae0c7f-c327-aee3-adae-bc0d1dae71ea,0.39,0.47134017261032407,12282.0,6222.0,551.61,NVIDIA GeForce RTX 4070,[N/A],Enabled,Enabled
1709649383.907744,0,GPU-93ae0c7f-c327-aee3-adae-bc0d1dae71ea,0.38,0.47134017261032407,12282.0,6222.0,551.61,NVIDIA GeForce RTX 4070,[N/A],Enabled,Enabled
1709649384.909025,0,GPU-93ae0c7f-c327-aee3-adae-bc0d1dae71ea,0.41,0.47134017261032407,12282.0,6222.0,551.61,NVIDIA GeForce RTX 4070,[N/A],Enabled,Enabled
1709649385.908365,0,GPU-93ae0c7f-c327-aee3-adae-bc0d1dae71ea,0.42,0.47134017261032407,12282.0,6222.0,551.61,NVIDIA GeForce RTX 4070,[N/A],Enabled,Enabled
1709649386.908173,0,GPU-93ae0c7f-c327-aee3-adae-bc0d1dae71ea,0.4,0.47134017261032407,12282.0,6222.0,551.61,NVIDIA GeForce RTX 4070,[N/A],Enabled,Enabled
1709649387.908156,0,GPU-93ae0c7f-c327-aee3-adae-bc0d1dae71ea,0.43,0.47134017261032407,12282.0,6222.0,551.61,NVIDIA GeForce RTX 4070,[N/A],Enabled,Enabled
1709649388.909221,0,GPU-93ae0c7f-c327-aee3-adae-bc0d1dae71ea,0.4,0.47134017261032407,12282.0,6222.0,551.61,NVIDIA GeForce RTX 4070,[N/A],Enabled,Enabled
1709649389.908506,0,GPU-93ae0c7f-c327-aee3-adae-bc0d1dae71ea,0.41,0.47134017261032407,12282.0,6222.0,551.61,NVIDIA GeForce RTX 4070,[N/A],Enabled,Enabled
1709649390.907877,0,GPU-93ae0c7f-c327-aee3-adae-bc0d1dae71ea,0.37,0.47134017261032407,12282.0,6222.0,551.61,NVIDIA GeForce RTX 4070,[N/A],Enabled,Enabled
1709649391.908501,0,GPU-93ae0c7f-c327-aee3-adae-bc0d1dae71ea,0.43,0.47134017261032407,12282.0,6222.0,551.61,NVIDIA GeForce RTX 4070,[N/A],Enabled,Enabled
1709649392.907677,0,GPU-93ae0c7f-c327-aee3-adae-bc0d1dae71ea,0.37,0.47134017261032407,12282.0,6222.0,551.61,NVIDIA GeForce RTX 4070,[N/A],Enabled,Enabled
1709649393.907962,0,GPU-93ae0c7f-c327-aee3-adae-bc0d1dae71ea,0.4,0.47134017261032407,12282.0,6222.0,551.61,NVIDIA GeForce RTX 4070,[N/A],Enabled,Enabled
1709649394.908271,0,GPU-93ae0c7f-c327-aee3-adae-bc0d1dae71ea,0.39,0.47134017261032407,12282.0,6222.0,551.61,NVIDIA GeForce RTX 4070,[N/A],Enabled,Enabled
1709649395.908934,0,GPU-93ae0c7f-c327-aee3-adae-bc0d1dae71ea,0.37,0.47134017261032407,12282.0,6222.0,551.61,NVIDIA GeForce RTX 4070,[N/A],Enabled,Enabled
1709649396.908302,0,GPU-93ae0c7f-c327-aee3-adae-bc0d1dae71ea,0.4,0.47134017261032407,12282.0,6222.0,551.61,NVIDIA GeForce RTX 4070,[N/A],Enabled,Enabled
1709649397.909172,0,GPU-93ae0c7f-c327-aee3-adae-bc0d1dae71ea,0.38,0.47134017261032407,12282.0,6222.0,551.61,NVIDIA GeForce RTX 4070,[N/A],Enabled,Enabled
1709649398.908447,0,GPU-93ae0c7f-c327-aee3-adae-bc0d1dae71ea,0.4,0.47134017261032407,12282.0,6222.0,551.61,NVIDIA GeForce RTX 4070,[N/A],Enabled,Enabled
1709649399.908214,0,GPU-93ae0c7f-c327-aee3-adae-bc0d1dae71ea,0.43,0.47134017261032407,12282.0,6222.0,551.61,NVIDIA GeForce RTX 4070,[N/A],Enabled,Enabled
1709649400.909071,0,GPU-93ae0c7f-c327-aee3-adae-bc0d1dae71ea,0.39,0.47134017261032407,12282.0,6222.0,551.61,NVIDIA GeForce RTX 4070,[N/A],Enabled,Enabled
1709649401.908413,0,GPU-93ae0c7f-c327-aee3-adae-bc0d1dae71ea,0.41,0.47134017261032407,12282.0,6222.0,551.61,NVIDIA GeForce RTX 4070,[N/A],Enabled,Enabled
1709649402.908424,0,GPU-93ae0c7f-c327-aee3-adae-bc0d1dae71ea,0.41,0.47134017261032407,12282.0,6222.0,551.61,NVIDIA GeForce RTX 4070,[N/A],Enabled,Enabled
1709649403.90864,0,GPU-93ae0c7f-c327-aee3-adae-bc0d1dae71ea,0.42,0.47134017261032407,12282.0,6222.0,551.61,NVIDIA GeForce RTX 4070,[N/A],Enabled,Enabled
1709649404.909554,0,GPU-93ae0c7f-c327-aee3-adae-bc0d1dae71ea,0.4,0.47134017261032407,12282.0,6222.0,551.61,NVIDIA GeForce RTX 4070,[N/A],Enabled,Enabled
1709649405.909212,0,GPU-93ae0c7f-c327-aee3-adae-bc0d1dae71ea,0.42,0.47134017261032407,12282.0,6222.0,551.61,NVIDIA GeForce RTX 4070,[N/A],Enabled,Enabled
1709649406.908074,0,GPU-93ae0c7f-c327-aee3-adae-bc0d1dae71ea,0.39,0.47134017261032407,12282.0,6222.0,551.61,NVIDIA GeForce RTX 4070,[N/A],Enabled,Enabled
1709649407.907973,0,GPU-93ae0c7f-c327-aee3-adae-bc0d1dae71ea,0.38,0.47134017261032407,12282.0,6222.0,551.61,NVIDIA GeForce RTX 4070,[N/A],Enabled,Enabled
1709649408.908369,0,GPU-93ae0c7f-c327-aee3-adae-bc0d1dae71ea,0.41,0.47134017261032407,12282.0,6222.0,551.61,NVIDIA GeForce RTX 4070,[N/A],Enabled,Enabled
1709649409.908879,0,GPU-93ae0c7f-c327-aee3-adae-bc0d1dae71ea,0.43,0.47134017261032407,12282.0,6222.0,551.61,NVIDIA GeForce RTX 4070,[N/A],Enabled,Enabled
1709649410.908729,0,GPU-93ae0c7f-c327-aee3-adae-bc0d1dae71ea,0.41,0.47134017261032407,12282.0,6222.0,551.61,NVIDIA GeForce RTX 4070,[N/A],Enabled,Enabled
1709649411.909056,0,GPU-93ae0c7f-c327-aee3-adae-bc0d1dae71ea,0.43,0.47134017261032407,12282.0,6222.0,551.61,NVIDIA GeForce RTX 4070,[N/A],Enabled,Enabled
1709649412.908762,0,GPU-93ae0c7f-c327-aee3-adae-bc0d1dae71ea,0.4,0.47134017261032407,12282.0,6222.0,551.61,NVIDIA GeForce RTX 4070,[N/A],Enabled,Enabled
1709649413.908031,0,GPU-93ae0c7f-c327-aee3-adae-bc0d1dae71ea,0.44,0.4737013515714053,12282.0,6193.0,551.61,NVIDIA GeForce RTX 4070,[N/A],Enabled,Enabled
1709649414.90864,0,GPU-93ae0c7f-c327-aee3-adae-bc0d1dae71ea,0.41,0.4737013515714053,12282.0,6193.0,551.61,NVIDIA GeForce RTX 4070,[N/A],Enabled,Enabled
1709649415.908351,0,GPU-93ae0c7f-c327-aee3-adae-bc0d1dae71ea,0.43,0.4737013515714053,12282.0,6193.0,551.61,NVIDIA GeForce RTX 4070,[N/A],Enabled,Enabled
1709649416.908663,0,GPU-93ae0c7f-c327-aee3-adae-bc0d1dae71ea,0.41,0.4737013515714053,12282.0,6193.0,551.61,NVIDIA GeForce RTX 4070,[N/A],Enabled,Enabled
1709649417.908205,0,GPU-93ae0c7f-c327-aee3-adae-bc0d1dae71ea,0.43,0.4737013515714053,12282.0,6193.0,551.61,NVIDIA GeForce RTX 4070,[N/A],Enabled,Enabled
1709649418.908216,0,GPU-93ae0c7f-c327-aee3-adae-bc0d1dae71ea,0.41,0.47288715192965314,12282.0,6203.0,551.61,NVIDIA GeForce RTX 4070,[N/A],Enabled,Enabled
1709649419.907856,0,GPU-93ae0c7f-c327-aee3-adae-bc0d1dae71ea,0.42,0.47288715192965314,12282.0,6203.0,551.61,NVIDIA GeForce RTX 4070,[N/A],Enabled,Enabled
1709649420.90852,0,GPU-93ae0c7f-c327-aee3-adae-bc0d1dae71ea,0.41,0.47288715192965314,12282.0,6203.0,551.61,NVIDIA GeForce RTX 4070,[N/A],Enabled,Enabled
1709649421.908759,0,GPU-93ae0c7f-c327-aee3-adae-bc0d1dae71ea,0.38,0.47288715192965314,12282.0,6203.0,551.61,NVIDIA GeForce RTX 4070,[N/A],Enabled,Enabled
1709649422.908355,0,GPU-93ae0c7f-c327-aee3-adae-bc0d1dae71ea,0.41,0.47134017261032407,12282.0,6222.0,551.61,NVIDIA GeForce RTX 4070,[N/A],Enabled,Enabled
1709649423.908675,0,GPU-93ae0c7f-c327-aee3-adae-bc0d1dae71ea,0.43,0.47134017261032407,12282.0,6222.0,551.61,NVIDIA GeForce RTX 4070,[N/A],Enabled,Enabled
1709649424.909106,0,GPU-93ae0c7f-c327-aee3-adae-bc0d1dae71ea,0.41,0.47125875264614886,12282.0,6223.0,551.61,NVIDIA GeForce RTX 4070,[N/A],Enabled,Enabled
1709649425.907863,0,GPU-93ae0c7f-c327-aee3-adae-bc0d1dae71ea,0.43,0.47125875264614886,12282.0,6223.0,551.61,NVIDIA GeForce RTX 4070,[N/A],Enabled,Enabled
1709649426.907949,0,GPU-93ae0c7f-c327-aee3-adae-bc0d1dae71ea,0.42,0.47125875264614886,12282.0,6223.0,551.61,NVIDIA GeForce RTX 4070,[N/A],Enabled,Enabled
1709649427.909181,0,GPU-93ae0c7f-c327-aee3-adae-bc0d1dae71ea,0.43,0.47125875264614886,12282.0,6223.0,551.61,NVIDIA GeForce RTX 4070,[N/A],Enabled,Enabled
1709649428.909177,0,GPU-93ae0c7f-c327-aee3-adae-bc0d1dae71ea,0.41,0.47125875264614886,12282.0,6223.0,551.61,NVIDIA GeForce RTX 4070,[N/A],Enabled,Enabled
1709649429.909511,0,GPU-93ae0c7f-c327-aee3-adae-bc0d1dae71ea,0.44,0.47125875264614886,12282.0,6223.0,551.61,NVIDIA GeForce RTX 4070,[N/A],Enabled,Enabled
1709649430.908216,0,GPU-93ae0c7f-c327-aee3-adae-bc0d1dae71ea,0.4,0.47125875264614886,12282.0,6223.0,551.61,NVIDIA GeForce RTX 4070,[N/A],Enabled,Enabled
1709649431.908343,0,GPU-93ae0c7f-c327-aee3-adae-bc0d1dae71ea,0.45,0.47125875264614886,12282.0,6223.0,551.61,NVIDIA GeForce RTX 4070,[N/A],Enabled,Enabled
1709649432.90902,0,GPU-93ae0c7f-c327-aee3-adae-bc0d1dae71ea,0.42,0.47125875264614886,12282.0,6223.0,551.61,NVIDIA GeForce RTX 4070,[N/A],Enabled,Enabled
1709649433.909252,0,GPU-93ae0c7f-c327-aee3-adae-bc0d1dae71ea,0.41,0.47125875264614886,12282.0,6223.0,551.61,NVIDIA GeForce RTX 4070,[N/A],Enabled,Enabled
1709649434.908588,0,GPU-93ae0c7f-c327-aee3-adae-bc0d1dae71ea,0.41,0.47125875264614886,12282.0,6223.0,551.61,NVIDIA GeForce RTX 4070,[N/A],Enabled,Enabled
1709649435.908844,0,GPU-93ae0c7f-c327-aee3-adae-bc0d1dae71ea,0.44,0.47125875264614886,12282.0,6223.0,551.61,NVIDIA GeForce RTX 4070,[N/A],Enabled,Enabled
1709649436.908178,0,GPU-93ae0c7f-c327-aee3-adae-bc0d1dae71ea,0.42,0.47125875264614886,12282.0,6223.0,551.61,NVIDIA GeForce RTX 4070,[N/A],Enabled,Enabled
1709649437.908532,0,GPU-93ae0c7f-c327-aee3-adae-bc0d1dae71ea,0.44,0.47125875264614886,12282.0,6223.0,551.61,NVIDIA GeForce RTX 4070,[N/A],Enabled,Enabled
1709649438.908112,0,GPU-93ae0c7f-c327-aee3-adae-bc0d1dae71ea,0.41,0.47125875264614886,12282.0,6223.0,551.61,NVIDIA GeForce RTX 4070,[N/A],Enabled,Enabled
1709649439.908741,0,GPU-93ae0c7f-c327-aee3-adae-bc0d1dae71ea,0.45,0.47125875264614886,12282.0,6223.0,551.61,NVIDIA GeForce RTX 4070,[N/A],Enabled,Enabled
1709649440.908749,0,GPU-93ae0c7f-c327-aee3-adae-bc0d1dae71ea,0.42,0.47125875264614886,12282.0,6223.0,551.61,NVIDIA GeForce RTX 4070,[N/A],Enabled,Enabled
1709649441.908061,0,GPU-93ae0c7f-c327-aee3-adae-bc0d1dae71ea,0.44,0.47125875264614886,12282.0,6223.0,551.61,NVIDIA GeForce RTX 4070,[N/A],Enabled,Enabled
1709649442.909149,0,GPU-93ae0c7f-c327-aee3-adae-bc0d1dae71ea,0.42,0.47125875264614886,12282.0,6223.0,551.61,NVIDIA GeForce RTX 4070,[N/A],Enabled,Enabled
1709649443.908945,0,GPU-93ae0c7f-c327-aee3-adae-bc0d1dae71ea,0.41,0.47125875264614886,12282.0,6223.0,551.61,NVIDIA GeForce RTX 4070,[N/A],Enabled,Enabled
1709649444.908865,0,GPU-93ae0c7f-c327-aee3-adae-bc0d1dae71ea,0.42,0.47125875264614886,12282.0,6223.0,551.61,NVIDIA GeForce RTX 4070,[N/A],Enabled,Enabled
1709649445.908513,0,GPU-93ae0c7f-c327-aee3-adae-bc0d1dae71ea,0.41,0.47125875264614886,12282.0,6223.0,551.61,NVIDIA GeForce RTX 4070,[N/A],Enabled,Enabled
1709649446.9083,0,GPU-93ae0c7f-c327-aee3-adae-bc0d1dae71ea,0.41,0.47125875264614886,12282.0,6223.0,551.61,NVIDIA GeForce RTX 4070,[N/A],Enabled,Enabled
1709649447.908549,0,GPU-93ae0c7f-c327-aee3-adae-bc0d1dae71ea,0.44,0.47125875264614886,12282.0,6223.0,551.61,NVIDIA GeForce RTX 4070,[N/A],Enabled,Enabled
1709649448.908856,0,GPU-93ae0c7f-c327-aee3-adae-bc0d1dae71ea,0.4,0.47125875264614886,12282.0,6223.0,551.61,NVIDIA GeForce RTX 4070,[N/A],Enabled,Enabled
1709649449.908917,0,GPU-93ae0c7f-c327-aee3-adae-bc0d1dae71ea,0.44,0.47125875264614886,12282.0,6223.0,551.61,NVIDIA GeForce RTX 4070,[N/A],Enabled,Enabled
1709649450.908589,0,GPU-93ae0c7f-c327-aee3-adae-bc0d1dae71ea,0.41,0.47125875264614886,12282.0,6223.0,551.61,NVIDIA GeForce RTX 4070,[N/A],Enabled,Enabled
1709649451.908966,0,GPU-93ae0c7f-c327-aee3-adae-bc0d1dae71ea,0.44,0.47125875264614886,12282.0,6223.0,551.61,NVIDIA GeForce RTX 4070,[N/A],Enabled,Enabled
1709649452.908628,0,GPU-93ae0c7f-c327-aee3-adae-bc0d1dae71ea,0.42,0.47125875264614886,12282.0,6223.0,551.61,NVIDIA GeForce RTX 4070,[N/A],Enabled,Enabled
1709649453.909273,0,GPU-93ae0c7f-c327-aee3-adae-bc0d1dae71ea,0.46,0.47125875264614886,12282.0,6223.0,551.61,NVIDIA GeForce RTX 4070,[N/A],Enabled,Enabled
1709649454.909226,0,GPU-93ae0c7f-c327-aee3-adae-bc0d1dae71ea,0.41,0.47125875264614886,12282.0,6223.0,551.61,NVIDIA GeForce RTX 4070,[N/A],Enabled,Enabled
1709649455.908799,0,GPU-93ae0c7f-c327-aee3-adae-bc0d1dae71ea,0.43,0.47125875264614886,12282.0,6223.0,551.61,NVIDIA GeForce RTX 4070,[N/A],Enabled,Enabled
1709649456.908804,0,GPU-93ae0c7f-c327-aee3-adae-bc0d1dae71ea,0.4,0.47125875264614886,12282.0,6223.0,551.61,NVIDIA GeForce RTX 4070,[N/A],Enabled,Enabled
1709649457.908103,0,GPU-93ae0c7f-c327-aee3-adae-bc0d1dae71ea,0.41,0.47125875264614886,12282.0,6223.0,551.61,NVIDIA GeForce RTX 4070,[N/A],Enabled,Enabled
1709649458.909026,0,GPU-93ae0c7f-c327-aee3-adae-bc0d1dae71ea,0.39,0.47125875264614886,12282.0,6223.0,551.61,NVIDIA GeForce RTX 4070,[N/A],Enabled,Enabled
1709649459.908889,0,GPU-93ae0c7f-c327-aee3-adae-bc0d1dae71ea,0.43,0.47125875264614886,12282.0,6223.0,551.61,NVIDIA GeForce RTX 4070,[N/A],Enabled,Enabled
1709649460.908903,0,GPU-93ae0c7f-c327-aee3-adae-bc0d1dae71ea,0.43,0.47125875264614886,12282.0,6223.0,551.61,NVIDIA GeForce RTX 4070,[N/A],Enabled,Enabled
1709649461.907835,0,GPU-93ae0c7f-c327-aee3-adae-bc0d1dae71ea,0.42,0.47125875264614886,12282.0,6223.0,551.61,NVIDIA GeForce RTX 4070,[N/A],Enabled,Enabled
1709649462.908253,0,GPU-93ae0c7f-c327-aee3-adae-bc0d1dae71ea,0.4,0.47125875264614886,12282.0,6223.0,551.61,NVIDIA GeForce RTX 4070,[N/A],Enabled,Enabled
1709649463.908153,0,GPU-93ae0c7f-c327-aee3-adae-bc0d1dae71ea,0.42,0.47125875264614886,12282.0,6223.0,551.61,NVIDIA GeForce RTX 4070,[N/A],Enabled,Enabled
1709649464.908751,0,GPU-93ae0c7f-c327-aee3-adae-bc0d1dae71ea,0.4,0.47125875264614886,12282.0,6223.0,551.61,NVIDIA GeForce RTX 4070,[N/A],Enabled,Enabled
1709649465.909058,0,GPU-93ae0c7f-c327-aee3-adae-bc0d1dae71ea,0.43,0.47125875264614886,12282.0,6223.0,551.61,NVIDIA GeForce RTX 4070,[N/A],Enabled,Enabled
1709649466.908331,0,GPU-93ae0c7f-c327-aee3-adae-bc0d1dae71ea,0.39,0.47125875264614886,12282.0,6223.0,551.61,NVIDIA GeForce RTX 4070,[N/A],Enabled,Enabled
1709649467.908206,0,GPU-93ae0c7f-c327-aee3-adae-bc0d1dae71ea,0.4,0.47125875264614886,12282.0,6223.0,551.61,NVIDIA GeForce RTX 4070,[N/A],Enabled,Enabled
1709649468.908706,0,GPU-93ae0c7f-c327-aee3-adae-bc0d1dae71ea,0.39,0.47125875264614886,12282.0,6223.0,551.61,NVIDIA GeForce RTX 4070,[N/A],Enabled,Enabled
1709649469.908533,0,GPU-93ae0c7f-c327-aee3-adae-bc0d1dae71ea,0.42,0.47125875264614886,12282.0,6223.0,551.61,NVIDIA GeForce RTX 4070,[N/A],Enabled,Enabled
1709649470.908953,0,GPU-93ae0c7f-c327-aee3-adae-bc0d1dae71ea,0.42,0.47125875264614886,12282.0,6223.0,551.61,NVIDIA GeForce RTX 4070,[N/A],Enabled,Enabled
1709649471.908523,0,GPU-93ae0c7f-c327-aee3-adae-bc0d1dae71ea,0.42,0.47125875264614886,12282.0,6223.0,551.61,NVIDIA GeForce RTX 4070,[N/A],Enabled,Enabled
1709649472.908548,0,GPU-93ae0c7f-c327-aee3-adae-bc0d1dae71ea,0.4,0.47125875264614886,12282.0,6223.0,551.61,NVIDIA GeForce RTX 4070,[N/A],Enabled,Enabled
1709649473.907941,0,GPU-93ae0c7f-c327-aee3-adae-bc0d1dae71ea,0.42,0.47125875264614886,12282.0,6223.0,551.61,NVIDIA GeForce RTX 4070,[N/A],Enabled,Enabled
1709649474.908934,0,GPU-93ae0c7f-c327-aee3-adae-bc0d1dae71ea,0.43,0.47125875264614886,12282.0,6223.0,551.61,NVIDIA GeForce RTX 4070,[N/A],Enabled,Enabled
1709649475.908716,0,GPU-93ae0c7f-c327-aee3-adae-bc0d1dae71ea,0.42,0.47125875264614886,12282.0,6223.0,551.61,NVIDIA GeForce RTX 4070,[N/A],Enabled,Enabled
1709649476.9088,0,GPU-93ae0c7f-c327-aee3-adae-bc0d1dae71ea,0.4,0.47125875264614886,12282.0,6223.0,551.61,NVIDIA GeForce RTX 4070,[N/A],Enabled,Enabled
1709649477.908735,0,GPU-93ae0c7f-c327-aee3-adae-bc0d1dae71ea,0.42,0.47125875264614886,12282.0,6223.0,551.61,NVIDIA GeForce RTX 4070,[N/A],Enabled,Enabled
1709649478.9087,0,GPU-93ae0c7f-c327-aee3-adae-bc0d1dae71ea,0.4,0.47125875264614886,12282.0,6223.0,551.61,NVIDIA GeForce RTX 4070,[N/A],Enabled,Enabled
1709649479.909466,0,GPU-93ae0c7f-c327-aee3-adae-bc0d1dae71ea,0.42,0.47125875264614886,12282.0,6223.0,551.61,NVIDIA GeForce RTX 4070,[N/A],Enabled,Enabled
1709649480.909188,0,GPU-93ae0c7f-c327-aee3-adae-bc0d1dae71ea,0.4,0.47125875264614886,12282.0,6223.0,551.61,NVIDIA GeForce RTX 4070,[N/A],Enabled,Enabled
1709649481.908838,0,GPU-93ae0c7f-c327-aee3-adae-bc0d1dae71ea,0.37,0.47125875264614886,12282.0,6223.0,551.61,NVIDIA GeForce RTX 4070,[N/A],Enabled,Enabled
1709649482.908236,0,GPU-93ae0c7f-c327-aee3-adae-bc0d1dae71ea,0.4,0.47125875264614886,12282.0,6223.0,551.61,NVIDIA GeForce RTX 4070,[N/A],Enabled,Enabled
1709649483.90845,0,GPU-93ae0c7f-c327-aee3-adae-bc0d1dae71ea,0.43,0.47125875264614886,12282.0,6223.0,551.61,NVIDIA GeForce RTX 4070,[N/A],Enabled,Enabled
1709649484.9084,0,GPU-93ae0c7f-c327-aee3-adae-bc0d1dae71ea,0.4,0.47125875264614886,12282.0,6223.0,551.61,NVIDIA GeForce RTX 4070,[N/A],Enabled,Enabled
1709649485.908789,0,GPU-93ae0c7f-c327-aee3-adae-bc0d1dae71ea,0.44,0.47125875264614886,12282.0,6223.0,551.61,NVIDIA GeForce RTX 4070,[N/A],Enabled,Enabled
1709649486.908912,0,GPU-93ae0c7f-c327-aee3-adae-bc0d1dae71ea,0.39,0.47125875264614886,12282.0,6223.0,551.61,NVIDIA GeForce RTX 4070,[N/A],Enabled,Enabled
1709649487.907997,0,GPU-93ae0c7f-c327-aee3-adae-bc0d1dae71ea,0.42,0.47125875264614886,12282.0,6223.0,551.61,NVIDIA GeForce RTX 4070,[N/A],Enabled,Enabled
1709649488.908038,0,GPU-93ae0c7f-c327-aee3-adae-bc0d1dae71ea,0.39,0.47125875264614886,12282.0,6223.0,551.61,NVIDIA GeForce RTX 4070,[N/A],Enabled,Enabled
1709649489.908689,0,GPU-93ae0c7f-c327-aee3-adae-bc0d1dae71ea,0.37,0.47125875264614886,12282.0,6223.0,551.61,NVIDIA GeForce RTX 4070,[N/A],Enabled,Enabled
1709649490.908415,0,GPU-93ae0c7f-c327-aee3-adae-bc0d1dae71ea,0.39,0.47125875264614886,12282.0,6223.0,551.61,NVIDIA GeForce RTX 4070,[N/A],Enabled,Enabled
1709649491.90885,0,GPU-93ae0c7f-c327-aee3-adae-bc0d1dae71ea,0.39,0.47125875264614886,12282.0,6223.0,551.61,NVIDIA GeForce RTX 4070,[N/A],Enabled,Enabled
1709649492.908921,0,GPU-93ae0c7f-c327-aee3-adae-bc0d1dae71ea,0.39,0.47125875264614886,12282.0,6223.0,551.61,NVIDIA GeForce RTX 4070,[N/A],Enabled,Enabled
1709649493.90821,0,GPU-93ae0c7f-c327-aee3-adae-bc0d1dae71ea,0.39,0.47125875264614886,12282.0,6223.0,551.61,NVIDIA GeForce RTX 4070,[N/A],Enabled,Enabled
1709649494.90786,0,GPU-93ae0c7f-c327-aee3-adae-bc0d1dae71ea,0.39,0.47125875264614886,12282.0,6223.0,551.61,NVIDIA GeForce RTX 4070,[N/A],Enabled,Enabled
1709649495.908323,0,GPU-93ae0c7f-c327-aee3-adae-bc0d1dae71ea,0.42,0.47125875264614886,12282.0,6223.0,551.61,NVIDIA GeForce RTX 4070,[N/A],Enabled,Enabled
1709649496.908381,0,GPU-93ae0c7f-c327-aee3-adae-bc0d1dae71ea,0.4,0.47125875264614886,12282.0,6223.0,551.61,NVIDIA GeForce RTX 4070,[N/A],Enabled,Enabled
1709649497.908947,0,GPU-93ae0c7f-c327-aee3-adae-bc0d1dae71ea,0.43,0.47125875264614886,12282.0,6223.0,551.61,NVIDIA GeForce RTX 4070,[N/A],Enabled,Enabled
1709649498.908292,0,GPU-93ae0c7f-c327-aee3-adae-bc0d1dae71ea,0.41,0.47125875264614886,12282.0,6223.0,551.61,NVIDIA GeForce RTX 4070,[N/A],Enabled,Enabled
1709649499.908533,0,GPU-93ae0c7f-c327-aee3-adae-bc0d1dae71ea,0.39,0.47125875264614886,12282.0,6223.0,551.61,NVIDIA GeForce RTX 4070,[N/A],Enabled,Enabled
1709649500.908391,0,GPU-93ae0c7f-c327-aee3-adae-bc0d1dae71ea,0.4,0.47125875264614886,12282.0,6223.0,551.61,NVIDIA GeForce RTX 4070,[N/A],Enabled,Enabled
1709649501.908415,0,GPU-93ae0c7f-c327-aee3-adae-bc0d1dae71ea,0.43,0.47125875264614886,12282.0,6223.0,551.61,NVIDIA GeForce RTX 4070,[N/A],Enabled,Enabled
1709649502.909402,0,GPU-93ae0c7f-c327-aee3-adae-bc0d1dae71ea,0.37,0.47125875264614886,12282.0,6223.0,551.61,NVIDIA GeForce RTX 4070,[N/A],Enabled,Enabled
1709649503.908974,0,GPU-93ae0c7f-c327-aee3-adae-bc0d1dae71ea,0.43,0.47125875264614886,12282.0,6223.0,551.61,NVIDIA GeForce RTX 4070,[N/A],Enabled,Enabled
1709649504.908053,0,GPU-93ae0c7f-c327-aee3-adae-bc0d1dae71ea,0.41,0.47125875264614886,12282.0,6223.0,551.61,NVIDIA GeForce RTX 4070,[N/A],Enabled,Enabled
1709649505.908568,0,GPU-93ae0c7f-c327-aee3-adae-bc0d1dae71ea,0.42,0.47125875264614886,12282.0,6223.0,551.61,NVIDIA GeForce RTX 4070,[N/A],Enabled,Enabled
1709649506.90823,0,GPU-93ae0c7f-c327-aee3-adae-bc0d1dae71ea,0.44,0.47125875264614886,12282.0,6223.0,551.61,NVIDIA GeForce RTX 4070,[N/A],Enabled,Enabled
1709649507.908756,0,GPU-93ae0c7f-c327-aee3-adae-bc0d1dae71ea,0.43,0.47125875264614886,12282.0,6223.0,551.61,NVIDIA GeForce RTX 4070,[N/A],Enabled,Enabled
1709649508.909009,0,GPU-93ae0c7f-c327-aee3-adae-bc0d1dae71ea,0.41,0.47125875264614886,12282.0,6223.0,551.61,NVIDIA GeForce RTX 4070,[N/A],Enabled,Enabled
1709649509.907914,0,GPU-93ae0c7f-c327-aee3-adae-bc0d1dae71ea,0.43,0.47125875264614886,12282.0,6223.0,551.61,NVIDIA GeForce RTX 4070,[N/A],Enabled,Enabled
1709649510.908435,0,GPU-93ae0c7f-c327-aee3-adae-bc0d1dae71ea,0.38,0.47125875264614886,12282.0,6223.0,551.61,NVIDIA GeForce RTX 4070,[N/A],Enabled,Enabled
1709649511.908691,0,GPU-93ae0c7f-c327-aee3-adae-bc0d1dae71ea,0.4,0.47125875264614886,12282.0,6223.0,551.61,NVIDIA GeForce RTX 4070,[N/A],Enabled,Enabled
1709649512.908415,0,GPU-93ae0c7f-c327-aee3-adae-bc0d1dae71ea,0.43,0.47125875264614886,12282.0,6223.0,551.61,NVIDIA GeForce RTX 4070,[N/A],Enabled,Enabled
1709649513.909048,0,GPU-93ae0c7f-c327-aee3-adae-bc0d1dae71ea,0.44,0.47125875264614886,12282.0,6223.0,551.61,NVIDIA GeForce RTX 4070,[N/A],Enabled,Enabled
1709649514.908975,0,GPU-93ae0c7f-c327-aee3-adae-bc0d1dae71ea,0.41,0.47125875264614886,12282.0,6223.0,551.61,NVIDIA GeForce RTX 4070,[N/A],Enabled,Enabled
1709649515.908152,0,GPU-93ae0c7f-c327-aee3-adae-bc0d1dae71ea,0.43,0.47125875264614886,12282.0,6223.0,551.61,NVIDIA GeForce RTX 4070,[N/A],Enabled,Enabled
1709649516.908333,0,GPU-93ae0c7f-c327-aee3-adae-bc0d1dae71ea,0.42,0.47125875264614886,12282.0,6223.0,551.61,NVIDIA GeForce RTX 4070,[N/A],Enabled,Enabled
1709649517.908988,0,GPU-93ae0c7f-c327-aee3-adae-bc0d1dae71ea,0.44,0.47125875264614886,12282.0,6223.0,551.61,NVIDIA GeForce RTX 4070,[N/A],Enabled,Enabled
1709649518.90859,0,GPU-93ae0c7f-c327-aee3-adae-bc0d1dae71ea,0.44,0.47125875264614886,12282.0,6223.0,551.61,NVIDIA GeForce RTX 4070,[N/A],Enabled,Enabled
1709649519.909129,0,GPU-93ae0c7f-c327-aee3-adae-bc0d1dae71ea,0.45,0.47125875264614886,12282.0,6223.0,551.61,NVIDIA GeForce RTX 4070,[N/A],Enabled,Enabled
1709649520.908112,0,GPU-93ae0c7f-c327-aee3-adae-bc0d1dae71ea,0.41,0.47125875264614886,12282.0,6223.0,551.61,NVIDIA GeForce RTX 4070,[N/A],Enabled,Enabled
1709649521.908762,0,GPU-93ae0c7f-c327-aee3-adae-bc0d1dae71ea,0.43,0.47125875264614886,12282.0,6223.0,551.61,NVIDIA GeForce RTX 4070,[N/A],Enabled,Enabled
1709649522.908446,0,GPU-93ae0c7f-c327-aee3-adae-bc0d1dae71ea,0.44,0.47125875264614886,12282.0,6223.0,551.61,NVIDIA GeForce RTX 4070,[N/A],Enabled,Enabled
1709649523.909584,0,GPU-93ae0c7f-c327-aee3-adae-bc0d1dae71ea,0.45,0.47125875264614886,12282.0,6223.0,551.61,NVIDIA GeForce RTX 4070,[N/A],Enabled,Enabled
1709649524.908463,0,GPU-93ae0c7f-c327-aee3-adae-bc0d1dae71ea,0.42,0.47125875264614886,12282.0,6223.0,551.61,NVIDIA GeForce RTX 4070,[N/A],Enabled,Enabled
1709649525.908241,0,GPU-93ae0c7f-c327-aee3-adae-bc0d1dae71ea,0.45,0.47125875264614886,12282.0,6223.0,551.61,NVIDIA GeForce RTX 4070,[N/A],Enabled,Enabled
1709649526.908597,0,GPU-93ae0c7f-c327-aee3-adae-bc0d1dae71ea,0.42,0.47125875264614886,12282.0,6223.0,551.61,NVIDIA GeForce RTX 4070,[N/A],Enabled,Enabled
1709649527.908027,0,GPU-93ae0c7f-c327-aee3-adae-bc0d1dae71ea,0.45,0.47125875264614886,12282.0,6223.0,551.61,NVIDIA GeForce RTX 4070,[N/A],Enabled,Enabled
1709649528.908528,0,GPU-93ae0c7f-c327-aee3-adae-bc0d1dae71ea,0.42,0.47125875264614886,12282.0,6223.0,551.61,NVIDIA GeForce RTX 4070,[N/A],Enabled,Enabled
1709649529.90845,0,GPU-93ae0c7f-c327-aee3-adae-bc0d1dae71ea,0.39,0.47125875264614886,12282.0,6223.0,551.61,NVIDIA GeForce RTX 4070,[N/A],Enabled,Enabled
1709649530.908154,0,GPU-93ae0c7f-c327-aee3-adae-bc0d1dae71ea,0.42,0.47125875264614886,12282.0,6223.0,551.61,NVIDIA GeForce RTX 4070,[N/A],Enabled,Enabled
1709649531.908498,0,GPU-93ae0c7f-c327-aee3-adae-bc0d1dae71ea,0.44,0.47125875264614886,12282.0,6223.0,551.61,NVIDIA GeForce RTX 4070,[N/A],Enabled,Enabled
1709649532.908039,0,GPU-93ae0c7f-c327-aee3-adae-bc0d1dae71ea,0.42,0.47125875264614886,12282.0,6223.0,551.61,NVIDIA GeForce RTX 4070,[N/A],Enabled,Enabled
1709649533.908589,0,GPU-93ae0c7f-c327-aee3-adae-bc0d1dae71ea,0.41,0.47125875264614886,12282.0,6223.0,551.61,NVIDIA GeForce RTX 4070,[N/A],Enabled,Enabled
1709649534.908486,0,GPU-93ae0c7f-c327-aee3-adae-bc0d1dae71ea,0.41,0.47125875264614886,12282.0,6223.0,551.61,NVIDIA GeForce RTX 4070,[N/A],Enabled,Enabled
1709649535.908368,0,GPU-93ae0c7f-c327-aee3-adae-bc0d1dae71ea,0.43,0.47125875264614886,12282.0,6223.0,551.61,NVIDIA GeForce RTX 4070,[N/A],Enabled,Enabled
1709649536.90842,0,GPU-93ae0c7f-c327-aee3-adae-bc0d1dae71ea,0.37,0.47125875264614886,12282.0,6223.0,551.61,NVIDIA GeForce RTX 4070,[N/A],Enabled,Enabled
1709649537.908323,0,GPU-93ae0c7f-c327-aee3-adae-bc0d1dae71ea,0.33,0.4680833740433154,12282.0,6262.0,551.61,NVIDIA GeForce RTX 4070,[N/A],Enabled,Enabled
1709649538.907841,0,GPU-93ae0c7f-c327-aee3-adae-bc0d1dae71ea,0.34,0.4681647940074906,12282.0,6261.0,551.61,NVIDIA GeForce RTX 4070,[N/A],Enabled,Enabled
1709649539.909126,0,GPU-93ae0c7f-c327-aee3-adae-bc0d1dae71ea,0.34,0.4680833740433154,12282.0,6262.0,551.61,NVIDIA GeForce RTX 4070,[N/A],Enabled,Enabled
1709649540.908381,0,GPU-93ae0c7f-c327-aee3-adae-bc0d1dae71ea,0.32,0.46344243608532815,12282.0,6319.0,551.61,NVIDIA GeForce RTX 4070,[N/A],Enabled,Enabled
1709649541.908671,0,GPU-93ae0c7f-c327-aee3-adae-bc0d1dae71ea,0.3,0.46344243608532815,12282.0,6319.0,551.61,NVIDIA GeForce RTX 4070,[N/A],Enabled,Enabled
1709649542.908471,0,GPU-93ae0c7f-c327-aee3-adae-bc0d1dae71ea,0.29,0.46344243608532815,12282.0,6319.0,551.61,NVIDIA GeForce RTX 4070,[N/A],Enabled,Enabled
1709649543.908904,0,GPU-93ae0c7f-c327-aee3-adae-bc0d1dae71ea,0.3,0.46344243608532815,12282.0,6319.0,551.61,NVIDIA GeForce RTX 4070,[N/A],Enabled,Enabled
1709649544.908143,0,GPU-93ae0c7f-c327-aee3-adae-bc0d1dae71ea,0.29,0.46344243608532815,12282.0,6319.0,551.61,NVIDIA GeForce RTX 4070,[N/A],Enabled,Enabled
1709649545.909094,0,GPU-93ae0c7f-c327-aee3-adae-bc0d1dae71ea,0.3,0.46344243608532815,12282.0,6319.0,551.61,NVIDIA GeForce RTX 4070,[N/A],Enabled,Enabled
1709649546.90935,0,GPU-93ae0c7f-c327-aee3-adae-bc0d1dae71ea,0.29,0.46344243608532815,12282.0,6319.0,551.61,NVIDIA GeForce RTX 4070,[N/A],Enabled,Enabled
1709649547.908306,0,GPU-93ae0c7f-c327-aee3-adae-bc0d1dae71ea,0.3,0.46344243608532815,12282.0,6319.0,551.61,NVIDIA GeForce RTX 4070,[N/A],Enabled,Enabled
1709649548.908132,0,GPU-93ae0c7f-c327-aee3-adae-bc0d1dae71ea,0.29,0.46344243608532815,12282.0,6319.0,551.61,NVIDIA GeForce RTX 4070,[N/A],Enabled,Enabled
1709649549.908799,0,GPU-93ae0c7f-c327-aee3-adae-bc0d1dae71ea,0.3,0.46344243608532815,12282.0,6319.0,551.61,NVIDIA GeForce RTX 4070,[N/A],Enabled,Enabled
1709649550.908215,0,GPU-93ae0c7f-c327-aee3-adae-bc0d1dae71ea,0.29,0.46344243608532815,12282.0,6319.0,551.61,NVIDIA GeForce RTX 4070,[N/A],Enabled,Enabled
1709649551.908396,0,GPU-93ae0c7f-c327-aee3-adae-bc0d1dae71ea,0.3,0.46344243608532815,12282.0,6319.0,551.61,NVIDIA GeForce RTX 4070,[N/A],Enabled,Enabled
1709649552.909255,0,GPU-93ae0c7f-c327-aee3-adae-bc0d1dae71ea,0.29,0.46344243608532815,12282.0,6319.0,551.61,NVIDIA GeForce RTX 4070,[N/A],Enabled,Enabled
1709649553.909039,0,GPU-93ae0c7f-c327-aee3-adae-bc0d1dae71ea,0.3,0.46344243608532815,12282.0,6319.0,551.61,NVIDIA GeForce RTX 4070,[N/A],Enabled,Enabled
1709649554.908131,0,GPU-93ae0c7f-c327-aee3-adae-bc0d1dae71ea,0.29,0.46344243608532815,12282.0,6319.0,551.61,NVIDIA GeForce RTX 4070,[N/A],Enabled,Enabled
1709649555.90854,0,GPU-93ae0c7f-c327-aee3-adae-bc0d1dae71ea,0.29,0.46344243608532815,12282.0,6319.0,551.61,NVIDIA GeForce RTX 4070,[N/A],Enabled,Enabled
1709649556.908509,0,GPU-93ae0c7f-c327-aee3-adae-bc0d1dae71ea,0.29,0.46344243608532815,12282.0,6319.0,551.61,NVIDIA GeForce RTX 4070,[N/A],Enabled,Enabled
1709649557.908495,0,GPU-93ae0c7f-c327-aee3-adae-bc0d1dae71ea,0.29,0.46344243608532815,12282.0,6319.0,551.61,NVIDIA GeForce RTX 4070,[N/A],Enabled,Enabled
1709649558.908335,0,GPU-93ae0c7f-c327-aee3-adae-bc0d1dae71ea,0.28,0.46344243608532815,12282.0,6319.0,551.61,NVIDIA GeForce RTX 4070,[N/A],Enabled,Enabled
1709649559.908164,0,GPU-93ae0c7f-c327-aee3-adae-bc0d1dae71ea,0.29,0.46344243608532815,12282.0,6319.0,551.61,NVIDIA GeForce RTX 4070,[N/A],Enabled,Enabled
1709649560.90839,0,GPU-93ae0c7f-c327-aee3-adae-bc0d1dae71ea,0.28,0.46344243608532815,12282.0,6319.0,551.61,NVIDIA GeForce RTX 4070,[N/A],Enabled,Enabled
1709649561.908806,0,GPU-93ae0c7f-c327-aee3-adae-bc0d1dae71ea,0.29,0.46344243608532815,12282.0,6319.0,551.61,NVIDIA GeForce RTX 4070,[N/A],Enabled,Enabled
1709649562.908437,0,GPU-93ae0c7f-c327-aee3-adae-bc0d1dae71ea,0.29,0.46344243608532815,12282.0,6319.0,551.61,NVIDIA GeForce RTX 4070,[N/A],Enabled,Enabled
1709649563.908885,0,GPU-93ae0c7f-c327-aee3-adae-bc0d1dae71ea,0.14,0.26477772349780165,12282.0,8759.0,551.61,NVIDIA GeForce RTX 4070,[N/A],Enabled,Enabled
1709649564.908652,0,GPU-93ae0c7f-c327-aee3-adae-bc0d1dae71ea,0.17,0.26477772349780165,12282.0,8759.0,551.61,NVIDIA GeForce RTX 4070,[N/A],Enabled,Enabled
1709649565.907749,0,GPU-93ae0c7f-c327-aee3-adae-bc0d1dae71ea,0.17,0.26477772349780165,12282.0,8759.0,551.61,NVIDIA GeForce RTX 4070,[N/A],Enabled,Enabled
