timestamp,id,uuid,load,memoryUtil,memoryTotal,memoryUsed,memoryFree,driver,name,serial,display_mode,display_active
1709253139.628739,0,GPU-93ae0c7f-c327-aee3-adae-bc0d1dae71ea,0.15,0.2423058133854421,12282.0,9035.0,551.52,NVIDIA GeForce RTX 4070,[N/A],Enabled,Enabled
1709253140.626293,0,GPU-93ae0c7f-c327-aee3-adae-bc0d1dae71ea,0.15,0.2423058133854421,12282.0,9035.0,551.52,NVIDIA GeForce RTX 4070,[N/A],Enabled,Enabled
1709253141.625432,0,GPU-93ae0c7f-c327-aee3-adae-bc0d1dae71ea,0.15,0.2423058133854421,12282.0,9035.0,551.52,NVIDIA GeForce RTX 4070,[N/A],Enabled,Enabled
1709253142.624925,0,GPU-93ae0c7f-c327-aee3-adae-bc0d1dae71ea,0.15,0.2423058133854421,12282.0,9035.0,551.52,NVIDIA GeForce RTX 4070,[N/A],Enabled,Enabled
1709253143.6254,0,GPU-93ae0c7f-c327-aee3-adae-bc0d1dae71ea,0.14,0.2423058133854421,12282.0,9035.0,551.52,NVIDIA GeForce RTX 4070,[N/A],Enabled,Enabled
1709253144.625307,0,GPU-93ae0c7f-c327-aee3-adae-bc0d1dae71ea,0.14,0.2423058133854421,12282.0,9035.0,551.52,NVIDIA GeForce RTX 4070,[N/A],Enabled,Enabled
1709253145.626031,0,GPU-93ae0c7f-c327-aee3-adae-bc0d1dae71ea,0.15,0.2423058133854421,12282.0,9035.0,551.52,NVIDIA GeForce RTX 4070,[N/A],Enabled,Enabled
1709253146.625287,0,GPU-93ae0c7f-c327-aee3-adae-bc0d1dae71ea,0.15,0.2423058133854421,12282.0,9035.0,551.52,NVIDIA GeForce RTX 4070,[N/A],Enabled,Enabled
1709253147.625595,0,GPU-93ae0c7f-c327-aee3-adae-bc0d1dae71ea,0.15,0.2423058133854421,12282.0,9035.0,551.52,NVIDIA GeForce RTX 4070,[N/A],Enabled,Enabled
1709253148.625521,0,GPU-93ae0c7f-c327-aee3-adae-bc0d1dae71ea,0.14,0.2423058133854421,12282.0,9035.0,551.52,NVIDIA GeForce RTX 4070,[N/A],Enabled,Enabled
1709253149.624859,0,GPU-93ae0c7f-c327-aee3-adae-bc0d1dae71ea,0.14,0.2423058133854421,12282.0,9035.0,551.52,NVIDIA GeForce RTX 4070,[N/A],Enabled,Enabled
1709253150.625421,0,GPU-93ae0c7f-c327-aee3-adae-bc0d1dae71ea,0.14,0.2423058133854421,12282.0,9035.0,551.52,NVIDIA GeForce RTX 4070,[N/A],Enabled,Enabled
1709253151.624691,0,GPU-93ae0c7f-c327-aee3-adae-bc0d1dae71ea,0.14,0.2423058133854421,12282.0,9035.0,551.52,NVIDIA GeForce RTX 4070,[N/A],Enabled,Enabled
1709253152.625455,0,GPU-93ae0c7f-c327-aee3-adae-bc0d1dae71ea,0.15,0.2423058133854421,12282.0,9035.0,551.52,NVIDIA GeForce RTX 4070,[N/A],Enabled,Enabled
1709253153.625383,0,GPU-93ae0c7f-c327-aee3-adae-bc0d1dae71ea,0.15,0.2423058133854421,12282.0,9035.0,551.52,NVIDIA GeForce RTX 4070,[N/A],Enabled,Enabled
1709253154.624961,0,GPU-93ae0c7f-c327-aee3-adae-bc0d1dae71ea,0.16,0.24084025403028822,12282.0,9053.0,551.52,NVIDIA GeForce RTX 4070,[N/A],Enabled,Enabled
1709253155.625512,0,GPU-93ae0c7f-c327-aee3-adae-bc0d1dae71ea,0.17,0.24710959127177984,12282.0,8976.0,551.52,NVIDIA GeForce RTX 4070,[N/A],Enabled,Enabled
1709253156.62489,0,GPU-93ae0c7f-c327-aee3-adae-bc0d1dae71ea,0.23,0.3485588666340987,12282.0,7730.0,551.52,NVIDIA GeForce RTX 4070,[N/A],Enabled,Enabled
1709253157.624704,0,GPU-93ae0c7f-c327-aee3-adae-bc0d1dae71ea,0.09,0.3133854421104055,12282.0,8162.0,551.52,NVIDIA GeForce RTX 4070,[N/A],Enabled,Enabled
1709253158.625302,0,GPU-93ae0c7f-c327-aee3-adae-bc0d1dae71ea,0.09,0.3133854421104055,12282.0,8162.0,551.52,NVIDIA GeForce RTX 4070,[N/A],Enabled,Enabled
1709253159.624789,0,GPU-93ae0c7f-c327-aee3-adae-bc0d1dae71ea,0.09,0.3133854421104055,12282.0,8162.0,551.52,NVIDIA GeForce RTX 4070,[N/A],Enabled,Enabled
1709253160.625372,0,GPU-93ae0c7f-c327-aee3-adae-bc0d1dae71ea,0.09,0.24295717309884385,12282.0,9027.0,551.52,NVIDIA GeForce RTX 4070,[N/A],Enabled,Enabled
1709253161.625218,0,GPU-93ae0c7f-c327-aee3-adae-bc0d1dae71ea,0.12,0.4153232372577756,12282.0,6910.0,551.52,NVIDIA GeForce RTX 4070,[N/A],Enabled,Enabled
1709253162.625332,0,GPU-93ae0c7f-c327-aee3-adae-bc0d1dae71ea,0.32,0.4405634261520925,12282.0,6600.0,551.52,NVIDIA GeForce RTX 4070,[N/A],Enabled,Enabled
1709253163.624838,0,GPU-93ae0c7f-c327-aee3-adae-bc0d1dae71ea,0.31,0.4404820061879173,12282.0,6601.0,551.52,NVIDIA GeForce RTX 4070,[N/A],Enabled,Enabled
1709253164.625271,0,GPU-93ae0c7f-c327-aee3-adae-bc0d1dae71ea,0.28,0.43575964826575475,12282.0,6659.0,551.52,NVIDIA GeForce RTX 4070,[N/A],Enabled,Enabled
1709253165.625822,0,GPU-93ae0c7f-c327-aee3-adae-bc0d1dae71ea,0.28,0.43575964826575475,12282.0,6659.0,551.52,NVIDIA GeForce RTX 4070,[N/A],Enabled,Enabled
1709253166.625607,0,GPU-93ae0c7f-c327-aee3-adae-bc0d1dae71ea,0.29,0.43575964826575475,12282.0,6659.0,551.52,NVIDIA GeForce RTX 4070,[N/A],Enabled,Enabled
1709253167.624956,0,GPU-93ae0c7f-c327-aee3-adae-bc0d1dae71ea,0.32,0.4404820061879173,12282.0,6601.0,551.52,NVIDIA GeForce RTX 4070,[N/A],Enabled,Enabled
1709253168.625421,0,GPU-93ae0c7f-c327-aee3-adae-bc0d1dae71ea,0.23,0.44129620582966944,12282.0,6591.0,551.52,NVIDIA GeForce RTX 4070,[N/A],Enabled,Enabled
1709253169.62514,0,GPU-93ae0c7f-c327-aee3-adae-bc0d1dae71ea,0.32,0.44129620582966944,12282.0,6591.0,551.52,NVIDIA GeForce RTX 4070,[N/A],Enabled,Enabled
1709253170.624926,0,GPU-93ae0c7f-c327-aee3-adae-bc0d1dae71ea,0.29,0.4365738479075069,12282.0,6649.0,551.52,NVIDIA GeForce RTX 4070,[N/A],Enabled,Enabled
1709253171.625372,0,GPU-93ae0c7f-c327-aee3-adae-bc0d1dae71ea,0.31,0.4365738479075069,12282.0,6649.0,551.52,NVIDIA GeForce RTX 4070,[N/A],Enabled,Enabled
1709253172.624556,0,GPU-93ae0c7f-c327-aee3-adae-bc0d1dae71ea,0.27,0.44129620582966944,12282.0,6591.0,551.52,NVIDIA GeForce RTX 4070,[N/A],Enabled,Enabled
1709253173.625068,0,GPU-93ae0c7f-c327-aee3-adae-bc0d1dae71ea,0.3,0.43665526787168213,12282.0,6648.0,551.52,NVIDIA GeForce RTX 4070,[N/A],Enabled,Enabled
1709253174.624629,0,GPU-93ae0c7f-c327-aee3-adae-bc0d1dae71ea,0.32,0.44137762579384465,12282.0,6590.0,551.52,NVIDIA GeForce RTX 4070,[N/A],Enabled,Enabled
1709253175.624982,0,GPU-93ae0c7f-c327-aee3-adae-bc0d1dae71ea,0.33,0.44137762579384465,12282.0,6590.0,551.52,NVIDIA GeForce RTX 4070,[N/A],Enabled,Enabled
1709253176.625891,0,GPU-93ae0c7f-c327-aee3-adae-bc0d1dae71ea,0.3,0.44137762579384465,12282.0,6590.0,551.52,NVIDIA GeForce RTX 4070,[N/A],Enabled,Enabled
1709253177.625017,0,GPU-93ae0c7f-c327-aee3-adae-bc0d1dae71ea,0.33,0.44137762579384465,12282.0,6590.0,551.52,NVIDIA GeForce RTX 4070,[N/A],Enabled,Enabled
1709253178.626029,0,GPU-93ae0c7f-c327-aee3-adae-bc0d1dae71ea,0.33,0.44137762579384465,12282.0,6590.0,551.52,NVIDIA GeForce RTX 4070,[N/A],Enabled,Enabled
1709253179.62551,0,GPU-93ae0c7f-c327-aee3-adae-bc0d1dae71ea,0.31,0.44137762579384465,12282.0,6590.0,551.52,NVIDIA GeForce RTX 4070,[N/A],Enabled,Enabled
1709253180.625301,0,GPU-93ae0c7f-c327-aee3-adae-bc0d1dae71ea,0.3,0.43665526787168213,12282.0,6648.0,551.52,NVIDIA GeForce RTX 4070,[N/A],Enabled,Enabled
1709253181.625473,0,GPU-93ae0c7f-c327-aee3-adae-bc0d1dae71ea,0.3,0.43665526787168213,12282.0,6648.0,551.52,NVIDIA GeForce RTX 4070,[N/A],Enabled,Enabled
1709253182.625672,0,GPU-93ae0c7f-c327-aee3-adae-bc0d1dae71ea,0.32,0.44137762579384465,12282.0,6590.0,551.52,NVIDIA GeForce RTX 4070,[N/A],Enabled,Enabled
1709253183.625498,0,GPU-93ae0c7f-c327-aee3-adae-bc0d1dae71ea,0.32,0.44137762579384465,12282.0,6590.0,551.52,NVIDIA GeForce RTX 4070,[N/A],Enabled,Enabled
1709253184.625535,0,GPU-93ae0c7f-c327-aee3-adae-bc0d1dae71ea,0.28,0.4386907669760625,12282.0,6623.0,551.52,NVIDIA GeForce RTX 4070,[N/A],Enabled,Enabled
1709253185.625079,0,GPU-93ae0c7f-c327-aee3-adae-bc0d1dae71ea,0.41,0.4451229441459046,12282.0,6544.0,551.52,NVIDIA GeForce RTX 4070,[N/A],Enabled,Enabled
1709253186.62556,0,GPU-93ae0c7f-c327-aee3-adae-bc0d1dae71ea,0.44,0.4451229441459046,12282.0,6544.0,551.52,NVIDIA GeForce RTX 4070,[N/A],Enabled,Enabled
1709253187.626046,0,GPU-93ae0c7f-c327-aee3-adae-bc0d1dae71ea,0.4,0.4451229441459046,12282.0,6544.0,551.52,NVIDIA GeForce RTX 4070,[N/A],Enabled,Enabled
1709253188.624923,0,GPU-93ae0c7f-c327-aee3-adae-bc0d1dae71ea,0.42,0.44496010421755416,12282.0,6546.0,551.52,NVIDIA GeForce RTX 4070,[N/A],Enabled,Enabled
1709253189.625296,0,GPU-93ae0c7f-c327-aee3-adae-bc0d1dae71ea,0.43,0.44496010421755416,12282.0,6546.0,551.52,NVIDIA GeForce RTX 4070,[N/A],Enabled,Enabled
1709253190.625552,0,GPU-93ae0c7f-c327-aee3-adae-bc0d1dae71ea,0.42,0.44496010421755416,12282.0,6546.0,551.52,NVIDIA GeForce RTX 4070,[N/A],Enabled,Enabled
1709253191.625136,0,GPU-93ae0c7f-c327-aee3-adae-bc0d1dae71ea,0.39,0.44496010421755416,12282.0,6546.0,551.52,NVIDIA GeForce RTX 4070,[N/A],Enabled,Enabled
1709253192.624985,0,GPU-93ae0c7f-c327-aee3-adae-bc0d1dae71ea,0.44,0.44496010421755416,12282.0,6546.0,551.52,NVIDIA GeForce RTX 4070,[N/A],Enabled,Enabled
1709253193.625286,0,GPU-93ae0c7f-c327-aee3-adae-bc0d1dae71ea,0.42,0.44496010421755416,12282.0,6546.0,551.52,NVIDIA GeForce RTX 4070,[N/A],Enabled,Enabled
1709253194.625319,0,GPU-93ae0c7f-c327-aee3-adae-bc0d1dae71ea,0.43,0.44496010421755416,12282.0,6546.0,551.52,NVIDIA GeForce RTX 4070,[N/A],Enabled,Enabled
1709253195.625617,0,GPU-93ae0c7f-c327-aee3-adae-bc0d1dae71ea,0.41,0.44496010421755416,12282.0,6546.0,551.52,NVIDIA GeForce RTX 4070,[N/A],Enabled,Enabled
1709253196.625165,0,GPU-93ae0c7f-c327-aee3-adae-bc0d1dae71ea,0.44,0.44496010421755416,12282.0,6546.0,551.52,NVIDIA GeForce RTX 4070,[N/A],Enabled,Enabled
1709253197.625697,0,GPU-93ae0c7f-c327-aee3-adae-bc0d1dae71ea,0.42,0.44496010421755416,12282.0,6546.0,551.52,NVIDIA GeForce RTX 4070,[N/A],Enabled,Enabled
1709253198.625202,0,GPU-93ae0c7f-c327-aee3-adae-bc0d1dae71ea,0.44,0.44496010421755416,12282.0,6546.0,551.52,NVIDIA GeForce RTX 4070,[N/A],Enabled,Enabled
1709253199.625195,0,GPU-93ae0c7f-c327-aee3-adae-bc0d1dae71ea,0.42,0.44496010421755416,12282.0,6546.0,551.52,NVIDIA GeForce RTX 4070,[N/A],Enabled,Enabled
1709253200.625422,0,GPU-93ae0c7f-c327-aee3-adae-bc0d1dae71ea,0.44,0.44496010421755416,12282.0,6546.0,551.52,NVIDIA GeForce RTX 4070,[N/A],Enabled,Enabled
1709253201.624762,0,GPU-93ae0c7f-c327-aee3-adae-bc0d1dae71ea,0.41,0.44496010421755416,12282.0,6546.0,551.52,NVIDIA GeForce RTX 4070,[N/A],Enabled,Enabled
1709253202.625241,0,GPU-93ae0c7f-c327-aee3-adae-bc0d1dae71ea,0.43,0.44496010421755416,12282.0,6546.0,551.52,NVIDIA GeForce RTX 4070,[N/A],Enabled,Enabled
1709253203.625143,0,GPU-93ae0c7f-c327-aee3-adae-bc0d1dae71ea,0.41,0.4450415241817294,12282.0,6545.0,551.52,NVIDIA GeForce RTX 4070,[N/A],Enabled,Enabled
1709253204.625322,0,GPU-93ae0c7f-c327-aee3-adae-bc0d1dae71ea,0.43,0.4450415241817294,12282.0,6545.0,551.52,NVIDIA GeForce RTX 4070,[N/A],Enabled,Enabled
1709253205.625711,0,GPU-93ae0c7f-c327-aee3-adae-bc0d1dae71ea,0.41,0.4450415241817294,12282.0,6545.0,551.52,NVIDIA GeForce RTX 4070,[N/A],Enabled,Enabled
1709253206.625337,0,GPU-93ae0c7f-c327-aee3-adae-bc0d1dae71ea,0.43,0.4450415241817294,12282.0,6545.0,551.52,NVIDIA GeForce RTX 4070,[N/A],Enabled,Enabled
1709253207.625564,0,GPU-93ae0c7f-c327-aee3-adae-bc0d1dae71ea,0.42,0.4450415241817294,12282.0,6545.0,551.52,NVIDIA GeForce RTX 4070,[N/A],Enabled,Enabled
1709253208.624927,0,GPU-93ae0c7f-c327-aee3-adae-bc0d1dae71ea,0.43,0.4450415241817294,12282.0,6545.0,551.52,NVIDIA GeForce RTX 4070,[N/A],Enabled,Enabled
1709253209.625999,0,GPU-93ae0c7f-c327-aee3-adae-bc0d1dae71ea,0.45,0.4450415241817294,12282.0,6545.0,551.52,NVIDIA GeForce RTX 4070,[N/A],Enabled,Enabled
1709253210.625159,0,GPU-93ae0c7f-c327-aee3-adae-bc0d1dae71ea,0.45,0.4450415241817294,12282.0,6545.0,551.52,NVIDIA GeForce RTX 4070,[N/A],Enabled,Enabled
1709253211.625386,0,GPU-93ae0c7f-c327-aee3-adae-bc0d1dae71ea,0.41,0.4450415241817294,12282.0,6545.0,551.52,NVIDIA GeForce RTX 4070,[N/A],Enabled,Enabled
1709253212.625425,0,GPU-93ae0c7f-c327-aee3-adae-bc0d1dae71ea,0.48,0.4450415241817294,12282.0,6545.0,551.52,NVIDIA GeForce RTX 4070,[N/A],Enabled,Enabled
1709253213.625054,0,GPU-93ae0c7f-c327-aee3-adae-bc0d1dae71ea,0.47,0.4450415241817294,12282.0,6545.0,551.52,NVIDIA GeForce RTX 4070,[N/A],Enabled,Enabled
1709253214.625477,0,GPU-93ae0c7f-c327-aee3-adae-bc0d1dae71ea,0.42,0.4450415241817294,12282.0,6545.0,551.52,NVIDIA GeForce RTX 4070,[N/A],Enabled,Enabled
1709253215.625289,0,GPU-93ae0c7f-c327-aee3-adae-bc0d1dae71ea,0.4,0.4450415241817294,12282.0,6545.0,551.52,NVIDIA GeForce RTX 4070,[N/A],Enabled,Enabled
1709253216.625976,0,GPU-93ae0c7f-c327-aee3-adae-bc0d1dae71ea,0.42,0.4450415241817294,12282.0,6545.0,551.52,NVIDIA GeForce RTX 4070,[N/A],Enabled,Enabled
1709253217.625817,0,GPU-93ae0c7f-c327-aee3-adae-bc0d1dae71ea,0.41,0.4450415241817294,12282.0,6545.0,551.52,NVIDIA GeForce RTX 4070,[N/A],Enabled,Enabled
1709253218.625094,0,GPU-93ae0c7f-c327-aee3-adae-bc0d1dae71ea,0.42,0.4450415241817294,12282.0,6545.0,551.52,NVIDIA GeForce RTX 4070,[N/A],Enabled,Enabled
1709253219.625551,0,GPU-93ae0c7f-c327-aee3-adae-bc0d1dae71ea,0.4,0.4450415241817294,12282.0,6545.0,551.52,NVIDIA GeForce RTX 4070,[N/A],Enabled,Enabled
1709253220.625402,0,GPU-93ae0c7f-c327-aee3-adae-bc0d1dae71ea,0.41,0.4450415241817294,12282.0,6545.0,551.52,NVIDIA GeForce RTX 4070,[N/A],Enabled,Enabled
1709253221.62553,0,GPU-93ae0c7f-c327-aee3-adae-bc0d1dae71ea,0.39,0.4450415241817294,12282.0,6545.0,551.52,NVIDIA GeForce RTX 4070,[N/A],Enabled,Enabled
1709253222.62525,0,GPU-93ae0c7f-c327-aee3-adae-bc0d1dae71ea,0.41,0.4450415241817294,12282.0,6545.0,551.52,NVIDIA GeForce RTX 4070,[N/A],Enabled,Enabled
1709253223.625961,0,GPU-93ae0c7f-c327-aee3-adae-bc0d1dae71ea,0.41,0.4450415241817294,12282.0,6545.0,551.52,NVIDIA GeForce RTX 4070,[N/A],Enabled,Enabled
1709253224.625271,0,GPU-93ae0c7f-c327-aee3-adae-bc0d1dae71ea,0.42,0.4450415241817294,12282.0,6545.0,551.52,NVIDIA GeForce RTX 4070,[N/A],Enabled,Enabled
1709253225.62484,0,GPU-93ae0c7f-c327-aee3-adae-bc0d1dae71ea,0.41,0.4450415241817294,12282.0,6545.0,551.52,NVIDIA GeForce RTX 4070,[N/A],Enabled,Enabled
1709253226.625393,0,GPU-93ae0c7f-c327-aee3-adae-bc0d1dae71ea,0.42,0.4450415241817294,12282.0,6545.0,551.52,NVIDIA GeForce RTX 4070,[N/A],Enabled,Enabled
1709253227.625753,0,GPU-93ae0c7f-c327-aee3-adae-bc0d1dae71ea,0.41,0.4450415241817294,12282.0,6545.0,551.52,NVIDIA GeForce RTX 4070,[N/A],Enabled,Enabled
1709253228.62514,0,GPU-93ae0c7f-c327-aee3-adae-bc0d1dae71ea,0.44,0.4450415241817294,12282.0,6545.0,551.52,NVIDIA GeForce RTX 4070,[N/A],Enabled,Enabled
1709253229.624986,0,GPU-93ae0c7f-c327-aee3-adae-bc0d1dae71ea,0.41,0.4450415241817294,12282.0,6545.0,551.52,NVIDIA GeForce RTX 4070,[N/A],Enabled,Enabled
1709253230.62595,0,GPU-93ae0c7f-c327-aee3-adae-bc0d1dae71ea,0.41,0.4450415241817294,12282.0,6545.0,551.52,NVIDIA GeForce RTX 4070,[N/A],Enabled,Enabled
1709253231.625276,0,GPU-93ae0c7f-c327-aee3-adae-bc0d1dae71ea,0.4,0.4450415241817294,12282.0,6545.0,551.52,NVIDIA GeForce RTX 4070,[N/A],Enabled,Enabled
1709253232.625055,0,GPU-93ae0c7f-c327-aee3-adae-bc0d1dae71ea,0.43,0.4450415241817294,12282.0,6545.0,551.52,NVIDIA GeForce RTX 4070,[N/A],Enabled,Enabled
1709253233.624823,0,GPU-93ae0c7f-c327-aee3-adae-bc0d1dae71ea,0.4,0.4450415241817294,12282.0,6545.0,551.52,NVIDIA GeForce RTX 4070,[N/A],Enabled,Enabled
1709253234.625986,0,GPU-93ae0c7f-c327-aee3-adae-bc0d1dae71ea,0.42,0.4450415241817294,12282.0,6545.0,551.52,NVIDIA GeForce RTX 4070,[N/A],Enabled,Enabled
1709253235.625574,0,GPU-93ae0c7f-c327-aee3-adae-bc0d1dae71ea,0.4,0.4450415241817294,12282.0,6545.0,551.52,NVIDIA GeForce RTX 4070,[N/A],Enabled,Enabled
1709253236.625303,0,GPU-93ae0c7f-c327-aee3-adae-bc0d1dae71ea,0.42,0.4450415241817294,12282.0,6545.0,551.52,NVIDIA GeForce RTX 4070,[N/A],Enabled,Enabled
1709253237.625426,0,GPU-93ae0c7f-c327-aee3-adae-bc0d1dae71ea,0.4,0.4450415241817294,12282.0,6545.0,551.52,NVIDIA GeForce RTX 4070,[N/A],Enabled,Enabled
1709253238.625163,0,GPU-93ae0c7f-c327-aee3-adae-bc0d1dae71ea,0.43,0.4450415241817294,12282.0,6545.0,551.52,NVIDIA GeForce RTX 4070,[N/A],Enabled,Enabled
1709253239.625864,0,GPU-93ae0c7f-c327-aee3-adae-bc0d1dae71ea,0.45,0.4450415241817294,12282.0,6545.0,551.52,NVIDIA GeForce RTX 4070,[N/A],Enabled,Enabled
1709253240.624767,0,GPU-93ae0c7f-c327-aee3-adae-bc0d1dae71ea,0.42,0.4450415241817294,12282.0,6545.0,551.52,NVIDIA GeForce RTX 4070,[N/A],Enabled,Enabled
1709253241.625229,0,GPU-93ae0c7f-c327-aee3-adae-bc0d1dae71ea,0.4,0.4450415241817294,12282.0,6545.0,551.52,NVIDIA GeForce RTX 4070,[N/A],Enabled,Enabled
1709253242.62594,0,GPU-93ae0c7f-c327-aee3-adae-bc0d1dae71ea,0.4,0.4450415241817294,12282.0,6545.0,551.52,NVIDIA GeForce RTX 4070,[N/A],Enabled,Enabled
1709253243.624836,0,GPU-93ae0c7f-c327-aee3-adae-bc0d1dae71ea,0.4,0.4450415241817294,12282.0,6545.0,551.52,NVIDIA GeForce RTX 4070,[N/A],Enabled,Enabled
1709253244.625646,0,GPU-93ae0c7f-c327-aee3-adae-bc0d1dae71ea,0.42,0.4450415241817294,12282.0,6545.0,551.52,NVIDIA GeForce RTX 4070,[N/A],Enabled,Enabled
1709253245.625487,0,GPU-93ae0c7f-c327-aee3-adae-bc0d1dae71ea,0.4,0.4450415241817294,12282.0,6545.0,551.52,NVIDIA GeForce RTX 4070,[N/A],Enabled,Enabled
1709253246.625872,0,GPU-93ae0c7f-c327-aee3-adae-bc0d1dae71ea,0.42,0.4450415241817294,12282.0,6545.0,551.52,NVIDIA GeForce RTX 4070,[N/A],Enabled,Enabled
1709253247.625543,0,GPU-93ae0c7f-c327-aee3-adae-bc0d1dae71ea,0.4,0.4450415241817294,12282.0,6545.0,551.52,NVIDIA GeForce RTX 4070,[N/A],Enabled,Enabled
1709253248.625479,0,GPU-93ae0c7f-c327-aee3-adae-bc0d1dae71ea,0.42,0.4450415241817294,12282.0,6545.0,551.52,NVIDIA GeForce RTX 4070,[N/A],Enabled,Enabled
1709253249.625003,0,GPU-93ae0c7f-c327-aee3-adae-bc0d1dae71ea,0.41,0.4450415241817294,12282.0,6545.0,551.52,NVIDIA GeForce RTX 4070,[N/A],Enabled,Enabled
1709253250.625056,0,GPU-93ae0c7f-c327-aee3-adae-bc0d1dae71ea,0.43,0.4450415241817294,12282.0,6545.0,551.52,NVIDIA GeForce RTX 4070,[N/A],Enabled,Enabled
1709253251.626221,0,GPU-93ae0c7f-c327-aee3-adae-bc0d1dae71ea,0.4,0.4450415241817294,12282.0,6545.0,551.52,NVIDIA GeForce RTX 4070,[N/A],Enabled,Enabled
1709253252.625162,0,GPU-93ae0c7f-c327-aee3-adae-bc0d1dae71ea,0.43,0.4450415241817294,12282.0,6545.0,551.52,NVIDIA GeForce RTX 4070,[N/A],Enabled,Enabled
1709253253.624568,0,GPU-93ae0c7f-c327-aee3-adae-bc0d1dae71ea,0.45,0.4450415241817294,12282.0,6545.0,551.52,NVIDIA GeForce RTX 4070,[N/A],Enabled,Enabled
1709253254.625356,0,GPU-93ae0c7f-c327-aee3-adae-bc0d1dae71ea,0.42,0.4450415241817294,12282.0,6545.0,551.52,NVIDIA GeForce RTX 4070,[N/A],Enabled,Enabled
1709253255.624981,0,GPU-93ae0c7f-c327-aee3-adae-bc0d1dae71ea,0.44,0.4450415241817294,12282.0,6545.0,551.52,NVIDIA GeForce RTX 4070,[N/A],Enabled,Enabled
1709253256.624648,0,GPU-93ae0c7f-c327-aee3-adae-bc0d1dae71ea,0.42,0.4450415241817294,12282.0,6545.0,551.52,NVIDIA GeForce RTX 4070,[N/A],Enabled,Enabled
1709253257.624631,0,GPU-93ae0c7f-c327-aee3-adae-bc0d1dae71ea,0.41,0.4450415241817294,12282.0,6545.0,551.52,NVIDIA GeForce RTX 4070,[N/A],Enabled,Enabled
1709253258.624703,0,GPU-93ae0c7f-c327-aee3-adae-bc0d1dae71ea,0.48,0.4450415241817294,12282.0,6545.0,551.52,NVIDIA GeForce RTX 4070,[N/A],Enabled,Enabled
1709253259.625641,0,GPU-93ae0c7f-c327-aee3-adae-bc0d1dae71ea,0.4,0.4450415241817294,12282.0,6545.0,551.52,NVIDIA GeForce RTX 4070,[N/A],Enabled,Enabled
1709253260.624649,0,GPU-93ae0c7f-c327-aee3-adae-bc0d1dae71ea,0.43,0.4450415241817294,12282.0,6545.0,551.52,NVIDIA GeForce RTX 4070,[N/A],Enabled,Enabled
1709253261.62545,0,GPU-93ae0c7f-c327-aee3-adae-bc0d1dae71ea,0.41,0.4450415241817294,12282.0,6545.0,551.52,NVIDIA GeForce RTX 4070,[N/A],Enabled,Enabled
1709253262.624514,0,GPU-93ae0c7f-c327-aee3-adae-bc0d1dae71ea,0.43,0.4450415241817294,12282.0,6545.0,551.52,NVIDIA GeForce RTX 4070,[N/A],Enabled,Enabled
1709253263.624963,0,GPU-93ae0c7f-c327-aee3-adae-bc0d1dae71ea,0.41,0.4450415241817294,12282.0,6545.0,551.52,NVIDIA GeForce RTX 4070,[N/A],Enabled,Enabled
1709253264.624854,0,GPU-93ae0c7f-c327-aee3-adae-bc0d1dae71ea,0.42,0.4450415241817294,12282.0,6545.0,551.52,NVIDIA GeForce RTX 4070,[N/A],Enabled,Enabled
1709253265.62505,0,GPU-93ae0c7f-c327-aee3-adae-bc0d1dae71ea,0.41,0.4450415241817294,12282.0,6545.0,551.52,NVIDIA GeForce RTX 4070,[N/A],Enabled,Enabled
1709253266.625092,0,GPU-93ae0c7f-c327-aee3-adae-bc0d1dae71ea,0.4,0.4450415241817294,12282.0,6545.0,551.52,NVIDIA GeForce RTX 4070,[N/A],Enabled,Enabled
1709253267.624835,0,GPU-93ae0c7f-c327-aee3-adae-bc0d1dae71ea,0.41,0.4450415241817294,12282.0,6545.0,551.52,NVIDIA GeForce RTX 4070,[N/A],Enabled,Enabled
1709253268.624998,0,GPU-93ae0c7f-c327-aee3-adae-bc0d1dae71ea,0.43,0.4450415241817294,12282.0,6545.0,551.52,NVIDIA GeForce RTX 4070,[N/A],Enabled,Enabled
1709253269.62501,0,GPU-93ae0c7f-c327-aee3-adae-bc0d1dae71ea,0.41,0.4450415241817294,12282.0,6545.0,551.52,NVIDIA GeForce RTX 4070,[N/A],Enabled,Enabled
1709253270.625168,0,GPU-93ae0c7f-c327-aee3-adae-bc0d1dae71ea,0.43,0.4450415241817294,12282.0,6545.0,551.52,NVIDIA GeForce RTX 4070,[N/A],Enabled,Enabled
1709253271.625906,0,GPU-93ae0c7f-c327-aee3-adae-bc0d1dae71ea,0.41,0.4450415241817294,12282.0,6545.0,551.52,NVIDIA GeForce RTX 4070,[N/A],Enabled,Enabled
1709253272.624741,0,GPU-93ae0c7f-c327-aee3-adae-bc0d1dae71ea,0.43,0.4450415241817294,12282.0,6545.0,551.52,NVIDIA GeForce RTX 4070,[N/A],Enabled,Enabled
1709253273.624876,0,GPU-93ae0c7f-c327-aee3-adae-bc0d1dae71ea,0.41,0.4450415241817294,12282.0,6545.0,551.52,NVIDIA GeForce RTX 4070,[N/A],Enabled,Enabled
1709253274.625382,0,GPU-93ae0c7f-c327-aee3-adae-bc0d1dae71ea,0.45,0.4450415241817294,12282.0,6545.0,551.52,NVIDIA GeForce RTX 4070,[N/A],Enabled,Enabled
1709253275.625142,0,GPU-93ae0c7f-c327-aee3-adae-bc0d1dae71ea,0.4,0.4450415241817294,12282.0,6545.0,551.52,NVIDIA GeForce RTX 4070,[N/A],Enabled,Enabled
1709253276.626146,0,GPU-93ae0c7f-c327-aee3-adae-bc0d1dae71ea,0.43,0.4450415241817294,12282.0,6545.0,551.52,NVIDIA GeForce RTX 4070,[N/A],Enabled,Enabled
1709253277.626074,0,GPU-93ae0c7f-c327-aee3-adae-bc0d1dae71ea,0.42,0.4450415241817294,12282.0,6545.0,551.52,NVIDIA GeForce RTX 4070,[N/A],Enabled,Enabled
1709253278.625029,0,GPU-93ae0c7f-c327-aee3-adae-bc0d1dae71ea,0.45,0.4450415241817294,12282.0,6545.0,551.52,NVIDIA GeForce RTX 4070,[N/A],Enabled,Enabled
1709253279.625764,0,GPU-93ae0c7f-c327-aee3-adae-bc0d1dae71ea,0.42,0.4450415241817294,12282.0,6545.0,551.52,NVIDIA GeForce RTX 4070,[N/A],Enabled,Enabled
1709253280.625365,0,GPU-93ae0c7f-c327-aee3-adae-bc0d1dae71ea,0.45,0.4450415241817294,12282.0,6545.0,551.52,NVIDIA GeForce RTX 4070,[N/A],Enabled,Enabled
1709253281.625471,0,GPU-93ae0c7f-c327-aee3-adae-bc0d1dae71ea,0.41,0.4450415241817294,12282.0,6545.0,551.52,NVIDIA GeForce RTX 4070,[N/A],Enabled,Enabled
1709253282.625756,0,GPU-93ae0c7f-c327-aee3-adae-bc0d1dae71ea,0.44,0.4450415241817294,12282.0,6545.0,551.52,NVIDIA GeForce RTX 4070,[N/A],Enabled,Enabled
1709253283.625125,0,GPU-93ae0c7f-c327-aee3-adae-bc0d1dae71ea,0.42,0.4450415241817294,12282.0,6545.0,551.52,NVIDIA GeForce RTX 4070,[N/A],Enabled,Enabled
1709253284.625172,0,GPU-93ae0c7f-c327-aee3-adae-bc0d1dae71ea,0.44,0.4450415241817294,12282.0,6545.0,551.52,NVIDIA GeForce RTX 4070,[N/A],Enabled,Enabled
1709253285.62518,0,GPU-93ae0c7f-c327-aee3-adae-bc0d1dae71ea,0.42,0.4450415241817294,12282.0,6545.0,551.52,NVIDIA GeForce RTX 4070,[N/A],Enabled,Enabled
1709253286.625436,0,GPU-93ae0c7f-c327-aee3-adae-bc0d1dae71ea,0.44,0.4450415241817294,12282.0,6545.0,551.52,NVIDIA GeForce RTX 4070,[N/A],Enabled,Enabled
1709253287.625185,0,GPU-93ae0c7f-c327-aee3-adae-bc0d1dae71ea,0.43,0.4450415241817294,12282.0,6545.0,551.52,NVIDIA GeForce RTX 4070,[N/A],Enabled,Enabled
1709253288.625389,0,GPU-93ae0c7f-c327-aee3-adae-bc0d1dae71ea,0.44,0.4450415241817294,12282.0,6545.0,551.52,NVIDIA GeForce RTX 4070,[N/A],Enabled,Enabled
1709253289.624485,0,GPU-93ae0c7f-c327-aee3-adae-bc0d1dae71ea,0.43,0.4450415241817294,12282.0,6545.0,551.52,NVIDIA GeForce RTX 4070,[N/A],Enabled,Enabled
1709253290.626207,0,GPU-93ae0c7f-c327-aee3-adae-bc0d1dae71ea,0.46,0.4450415241817294,12282.0,6545.0,551.52,NVIDIA GeForce RTX 4070,[N/A],Enabled,Enabled
1709253291.625293,0,GPU-93ae0c7f-c327-aee3-adae-bc0d1dae71ea,0.47,0.4450415241817294,12282.0,6545.0,551.52,NVIDIA GeForce RTX 4070,[N/A],Enabled,Enabled
1709253292.625298,0,GPU-93ae0c7f-c327-aee3-adae-bc0d1dae71ea,0.43,0.4450415241817294,12282.0,6545.0,551.52,NVIDIA GeForce RTX 4070,[N/A],Enabled,Enabled
1709253293.624902,0,GPU-93ae0c7f-c327-aee3-adae-bc0d1dae71ea,0.42,0.4450415241817294,12282.0,6545.0,551.52,NVIDIA GeForce RTX 4070,[N/A],Enabled,Enabled
1709253294.625733,0,GPU-93ae0c7f-c327-aee3-adae-bc0d1dae71ea,0.41,0.4450415241817294,12282.0,6545.0,551.52,NVIDIA GeForce RTX 4070,[N/A],Enabled,Enabled
1709253295.62469,0,GPU-93ae0c7f-c327-aee3-adae-bc0d1dae71ea,0.42,0.4450415241817294,12282.0,6545.0,551.52,NVIDIA GeForce RTX 4070,[N/A],Enabled,Enabled
1709253296.625671,0,GPU-93ae0c7f-c327-aee3-adae-bc0d1dae71ea,0.43,0.4450415241817294,12282.0,6545.0,551.52,NVIDIA GeForce RTX 4070,[N/A],Enabled,Enabled
1709253297.62586,0,GPU-93ae0c7f-c327-aee3-adae-bc0d1dae71ea,0.43,0.4450415241817294,12282.0,6545.0,551.52,NVIDIA GeForce RTX 4070,[N/A],Enabled,Enabled
1709253298.625393,0,GPU-93ae0c7f-c327-aee3-adae-bc0d1dae71ea,0.43,0.4450415241817294,12282.0,6545.0,551.52,NVIDIA GeForce RTX 4070,[N/A],Enabled,Enabled
1709253299.625047,0,GPU-93ae0c7f-c327-aee3-adae-bc0d1dae71ea,0.42,0.4450415241817294,12282.0,6545.0,551.52,NVIDIA GeForce RTX 4070,[N/A],Enabled,Enabled
1709253300.624911,0,GPU-93ae0c7f-c327-aee3-adae-bc0d1dae71ea,0.44,0.4450415241817294,12282.0,6545.0,551.52,NVIDIA GeForce RTX 4070,[N/A],Enabled,Enabled
1709253301.625078,0,GPU-93ae0c7f-c327-aee3-adae-bc0d1dae71ea,0.42,0.4450415241817294,12282.0,6545.0,551.52,NVIDIA GeForce RTX 4070,[N/A],Enabled,Enabled
1709253302.62535,0,GPU-93ae0c7f-c327-aee3-adae-bc0d1dae71ea,0.47,0.4450415241817294,12282.0,6545.0,551.52,NVIDIA GeForce RTX 4070,[N/A],Enabled,Enabled
1709253303.625045,0,GPU-93ae0c7f-c327-aee3-adae-bc0d1dae71ea,0.45,0.4450415241817294,12282.0,6545.0,551.52,NVIDIA GeForce RTX 4070,[N/A],Enabled,Enabled
1709253304.625805,0,GPU-93ae0c7f-c327-aee3-adae-bc0d1dae71ea,0.43,0.4450415241817294,12282.0,6545.0,551.52,NVIDIA GeForce RTX 4070,[N/A],Enabled,Enabled
1709253305.625422,0,GPU-93ae0c7f-c327-aee3-adae-bc0d1dae71ea,0.41,0.4450415241817294,12282.0,6545.0,551.52,NVIDIA GeForce RTX 4070,[N/A],Enabled,Enabled
1709253306.625343,0,GPU-93ae0c7f-c327-aee3-adae-bc0d1dae71ea,0.43,0.4450415241817294,12282.0,6545.0,551.52,NVIDIA GeForce RTX 4070,[N/A],Enabled,Enabled
1709253307.625148,0,GPU-93ae0c7f-c327-aee3-adae-bc0d1dae71ea,0.41,0.4450415241817294,12282.0,6545.0,551.52,NVIDIA GeForce RTX 4070,[N/A],Enabled,Enabled
1709253308.624471,0,GPU-93ae0c7f-c327-aee3-adae-bc0d1dae71ea,0.44,0.4450415241817294,12282.0,6545.0,551.52,NVIDIA GeForce RTX 4070,[N/A],Enabled,Enabled
1709253309.625572,0,GPU-93ae0c7f-c327-aee3-adae-bc0d1dae71ea,0.44,0.4450415241817294,12282.0,6545.0,551.52,NVIDIA GeForce RTX 4070,[N/A],Enabled,Enabled
1709253310.625101,0,GPU-93ae0c7f-c327-aee3-adae-bc0d1dae71ea,0.42,0.4450415241817294,12282.0,6545.0,551.52,NVIDIA GeForce RTX 4070,[N/A],Enabled,Enabled
1709253311.625327,0,GPU-93ae0c7f-c327-aee3-adae-bc0d1dae71ea,0.41,0.4450415241817294,12282.0,6545.0,551.52,NVIDIA GeForce RTX 4070,[N/A],Enabled,Enabled
1709253312.625627,0,GPU-93ae0c7f-c327-aee3-adae-bc0d1dae71ea,0.45,0.4450415241817294,12282.0,6545.0,551.52,NVIDIA GeForce RTX 4070,[N/A],Enabled,Enabled
1709253313.624961,0,GPU-93ae0c7f-c327-aee3-adae-bc0d1dae71ea,0.41,0.4450415241817294,12282.0,6545.0,551.52,NVIDIA GeForce RTX 4070,[N/A],Enabled,Enabled
1709253314.626133,0,GPU-93ae0c7f-c327-aee3-adae-bc0d1dae71ea,0.41,0.4450415241817294,12282.0,6545.0,551.52,NVIDIA GeForce RTX 4070,[N/A],Enabled,Enabled
1709253315.625738,0,GPU-93ae0c7f-c327-aee3-adae-bc0d1dae71ea,0.42,0.4450415241817294,12282.0,6545.0,551.52,NVIDIA GeForce RTX 4070,[N/A],Enabled,Enabled
1709253316.625458,0,GPU-93ae0c7f-c327-aee3-adae-bc0d1dae71ea,0.47,0.4450415241817294,12282.0,6545.0,551.52,NVIDIA GeForce RTX 4070,[N/A],Enabled,Enabled
1709253317.624821,0,GPU-93ae0c7f-c327-aee3-adae-bc0d1dae71ea,0.4,0.4450415241817294,12282.0,6545.0,551.52,NVIDIA GeForce RTX 4070,[N/A],Enabled,Enabled
1709253318.625226,0,GPU-93ae0c7f-c327-aee3-adae-bc0d1dae71ea,0.44,0.4450415241817294,12282.0,6545.0,551.52,NVIDIA GeForce RTX 4070,[N/A],Enabled,Enabled
1709253319.625031,0,GPU-93ae0c7f-c327-aee3-adae-bc0d1dae71ea,0.41,0.4450415241817294,12282.0,6545.0,551.52,NVIDIA GeForce RTX 4070,[N/A],Enabled,Enabled
1709253320.625418,0,GPU-93ae0c7f-c327-aee3-adae-bc0d1dae71ea,0.43,0.4450415241817294,12282.0,6545.0,551.52,NVIDIA GeForce RTX 4070,[N/A],Enabled,Enabled
1709253321.625311,0,GPU-93ae0c7f-c327-aee3-adae-bc0d1dae71ea,0.4,0.4450415241817294,12282.0,6545.0,551.52,NVIDIA GeForce RTX 4070,[N/A],Enabled,Enabled
1709253322.625184,0,GPU-93ae0c7f-c327-aee3-adae-bc0d1dae71ea,0.42,0.4450415241817294,12282.0,6545.0,551.52,NVIDIA GeForce RTX 4070,[N/A],Enabled,Enabled
1709253323.625213,0,GPU-93ae0c7f-c327-aee3-adae-bc0d1dae71ea,0.4,0.4450415241817294,12282.0,6545.0,551.52,NVIDIA GeForce RTX 4070,[N/A],Enabled,Enabled
1709253324.625051,0,GPU-93ae0c7f-c327-aee3-adae-bc0d1dae71ea,0.43,0.4450415241817294,12282.0,6545.0,551.52,NVIDIA GeForce RTX 4070,[N/A],Enabled,Enabled
1709253325.625454,0,GPU-93ae0c7f-c327-aee3-adae-bc0d1dae71ea,0.38,0.4450415241817294,12282.0,6545.0,551.52,NVIDIA GeForce RTX 4070,[N/A],Enabled,Enabled
1709253326.625354,0,GPU-93ae0c7f-c327-aee3-adae-bc0d1dae71ea,0.41,0.4450415241817294,12282.0,6545.0,551.52,NVIDIA GeForce RTX 4070,[N/A],Enabled,Enabled
1709253327.625206,0,GPU-93ae0c7f-c327-aee3-adae-bc0d1dae71ea,0.4,0.4450415241817294,12282.0,6545.0,551.52,NVIDIA GeForce RTX 4070,[N/A],Enabled,Enabled
1709253328.626021,0,GPU-93ae0c7f-c327-aee3-adae-bc0d1dae71ea,0.39,0.4450415241817294,12282.0,6545.0,551.52,NVIDIA GeForce RTX 4070,[N/A],Enabled,Enabled
1709253329.625971,0,GPU-93ae0c7f-c327-aee3-adae-bc0d1dae71ea,0.4,0.4450415241817294,12282.0,6545.0,551.52,NVIDIA GeForce RTX 4070,[N/A],Enabled,Enabled
1709253330.625493,0,GPU-93ae0c7f-c327-aee3-adae-bc0d1dae71ea,0.41,0.4450415241817294,12282.0,6545.0,551.52,NVIDIA GeForce RTX 4070,[N/A],Enabled,Enabled
1709253331.624645,0,GPU-93ae0c7f-c327-aee3-adae-bc0d1dae71ea,0.37,0.4450415241817294,12282.0,6545.0,551.52,NVIDIA GeForce RTX 4070,[N/A],Enabled,Enabled
1709253332.625638,0,GPU-93ae0c7f-c327-aee3-adae-bc0d1dae71ea,0.4,0.4450415241817294,12282.0,6545.0,551.52,NVIDIA GeForce RTX 4070,[N/A],Enabled,Enabled
1709253333.625453,0,GPU-93ae0c7f-c327-aee3-adae-bc0d1dae71ea,0.4,0.4450415241817294,12282.0,6545.0,551.52,NVIDIA GeForce RTX 4070,[N/A],Enabled,Enabled
1709253334.625143,0,GPU-93ae0c7f-c327-aee3-adae-bc0d1dae71ea,0.41,0.4450415241817294,12282.0,6545.0,551.52,NVIDIA GeForce RTX 4070,[N/A],Enabled,Enabled
1709253335.625514,0,GPU-93ae0c7f-c327-aee3-adae-bc0d1dae71ea,0.38,0.4450415241817294,12282.0,6545.0,551.52,NVIDIA GeForce RTX 4070,[N/A],Enabled,Enabled
1709253336.625278,0,GPU-93ae0c7f-c327-aee3-adae-bc0d1dae71ea,0.42,0.4450415241817294,12282.0,6545.0,551.52,NVIDIA GeForce RTX 4070,[N/A],Enabled,Enabled
1709253337.625074,0,GPU-93ae0c7f-c327-aee3-adae-bc0d1dae71ea,0.41,0.4450415241817294,12282.0,6545.0,551.52,NVIDIA GeForce RTX 4070,[N/A],Enabled,Enabled
1709253338.625363,0,GPU-93ae0c7f-c327-aee3-adae-bc0d1dae71ea,0.42,0.4450415241817294,12282.0,6545.0,551.52,NVIDIA GeForce RTX 4070,[N/A],Enabled,Enabled
1709253339.625141,0,GPU-93ae0c7f-c327-aee3-adae-bc0d1dae71ea,0.41,0.4450415241817294,12282.0,6545.0,551.52,NVIDIA GeForce RTX 4070,[N/A],Enabled,Enabled
1709253340.625396,0,GPU-93ae0c7f-c327-aee3-adae-bc0d1dae71ea,0.42,0.4450415241817294,12282.0,6545.0,551.52,NVIDIA GeForce RTX 4070,[N/A],Enabled,Enabled
1709253341.625432,0,GPU-93ae0c7f-c327-aee3-adae-bc0d1dae71ea,0.4,0.4450415241817294,12282.0,6545.0,551.52,NVIDIA GeForce RTX 4070,[N/A],Enabled,Enabled
1709253342.624993,0,GPU-93ae0c7f-c327-aee3-adae-bc0d1dae71ea,0.42,0.4450415241817294,12282.0,6545.0,551.52,NVIDIA GeForce RTX 4070,[N/A],Enabled,Enabled
1709253343.625155,0,GPU-93ae0c7f-c327-aee3-adae-bc0d1dae71ea,0.41,0.4450415241817294,12282.0,6545.0,551.52,NVIDIA GeForce RTX 4070,[N/A],Enabled,Enabled
1709253344.62505,0,GPU-93ae0c7f-c327-aee3-adae-bc0d1dae71ea,0.49,0.4450415241817294,12282.0,6545.0,551.52,NVIDIA GeForce RTX 4070,[N/A],Enabled,Enabled
1709253345.625048,0,GPU-93ae0c7f-c327-aee3-adae-bc0d1dae71ea,0.43,0.4450415241817294,12282.0,6545.0,551.52,NVIDIA GeForce RTX 4070,[N/A],Enabled,Enabled
1709253346.624936,0,GPU-93ae0c7f-c327-aee3-adae-bc0d1dae71ea,0.47,0.4450415241817294,12282.0,6545.0,551.52,NVIDIA GeForce RTX 4070,[N/A],Enabled,Enabled
1709253347.625291,0,GPU-93ae0c7f-c327-aee3-adae-bc0d1dae71ea,0.41,0.4450415241817294,12282.0,6545.0,551.52,NVIDIA GeForce RTX 4070,[N/A],Enabled,Enabled
1709253348.62548,0,GPU-93ae0c7f-c327-aee3-adae-bc0d1dae71ea,0.46,0.4450415241817294,12282.0,6545.0,551.52,NVIDIA GeForce RTX 4070,[N/A],Enabled,Enabled
1709253349.624651,0,GPU-93ae0c7f-c327-aee3-adae-bc0d1dae71ea,0.39,0.4450415241817294,12282.0,6545.0,551.52,NVIDIA GeForce RTX 4070,[N/A],Enabled,Enabled
1709253350.625795,0,GPU-93ae0c7f-c327-aee3-adae-bc0d1dae71ea,0.44,0.4450415241817294,12282.0,6545.0,551.52,NVIDIA GeForce RTX 4070,[N/A],Enabled,Enabled
1709253351.625594,0,GPU-93ae0c7f-c327-aee3-adae-bc0d1dae71ea,0.45,0.4450415241817294,12282.0,6545.0,551.52,NVIDIA GeForce RTX 4070,[N/A],Enabled,Enabled
1709253352.624605,0,GPU-93ae0c7f-c327-aee3-adae-bc0d1dae71ea,0.44,0.4450415241817294,12282.0,6545.0,551.52,NVIDIA GeForce RTX 4070,[N/A],Enabled,Enabled
1709253353.624853,0,GPU-93ae0c7f-c327-aee3-adae-bc0d1dae71ea,0.41,0.4450415241817294,12282.0,6545.0,551.52,NVIDIA GeForce RTX 4070,[N/A],Enabled,Enabled
1709253354.625378,0,GPU-93ae0c7f-c327-aee3-adae-bc0d1dae71ea,0.44,0.4450415241817294,12282.0,6545.0,551.52,NVIDIA GeForce RTX 4070,[N/A],Enabled,Enabled
1709253355.625336,0,GPU-93ae0c7f-c327-aee3-adae-bc0d1dae71ea,0.41,0.4450415241817294,12282.0,6545.0,551.52,NVIDIA GeForce RTX 4070,[N/A],Enabled,Enabled
1709253356.625266,0,GPU-93ae0c7f-c327-aee3-adae-bc0d1dae71ea,0.47,0.4450415241817294,12282.0,6545.0,551.52,NVIDIA GeForce RTX 4070,[N/A],Enabled,Enabled
1709253357.624975,0,GPU-93ae0c7f-c327-aee3-adae-bc0d1dae71ea,0.46,0.4450415241817294,12282.0,6545.0,551.52,NVIDIA GeForce RTX 4070,[N/A],Enabled,Enabled
1709253358.625843,0,GPU-93ae0c7f-c327-aee3-adae-bc0d1dae71ea,0.43,0.4450415241817294,12282.0,6545.0,551.52,NVIDIA GeForce RTX 4070,[N/A],Enabled,Enabled
1709253359.625303,0,GPU-93ae0c7f-c327-aee3-adae-bc0d1dae71ea,0.41,0.4450415241817294,12282.0,6545.0,551.52,NVIDIA GeForce RTX 4070,[N/A],Enabled,Enabled
1709253360.624783,0,GPU-93ae0c7f-c327-aee3-adae-bc0d1dae71ea,0.45,0.4450415241817294,12282.0,6545.0,551.52,NVIDIA GeForce RTX 4070,[N/A],Enabled,Enabled
1709253361.624623,0,GPU-93ae0c7f-c327-aee3-adae-bc0d1dae71ea,0.42,0.4450415241817294,12282.0,6545.0,551.52,NVIDIA GeForce RTX 4070,[N/A],Enabled,Enabled
1709253362.624604,0,GPU-93ae0c7f-c327-aee3-adae-bc0d1dae71ea,0.44,0.4450415241817294,12282.0,6545.0,551.52,NVIDIA GeForce RTX 4070,[N/A],Enabled,Enabled
1709253363.625435,0,GPU-93ae0c7f-c327-aee3-adae-bc0d1dae71ea,0.44,0.4450415241817294,12282.0,6545.0,551.52,NVIDIA GeForce RTX 4070,[N/A],Enabled,Enabled
1709253364.625388,0,GPU-93ae0c7f-c327-aee3-adae-bc0d1dae71ea,0.44,0.4450415241817294,12282.0,6545.0,551.52,NVIDIA GeForce RTX 4070,[N/A],Enabled,Enabled
1709253365.624787,0,GPU-93ae0c7f-c327-aee3-adae-bc0d1dae71ea,0.43,0.4450415241817294,12282.0,6545.0,551.52,NVIDIA GeForce RTX 4070,[N/A],Enabled,Enabled
1709253366.625139,0,GPU-93ae0c7f-c327-aee3-adae-bc0d1dae71ea,0.44,0.4450415241817294,12282.0,6545.0,551.52,NVIDIA GeForce RTX 4070,[N/A],Enabled,Enabled
1709253367.625221,0,GPU-93ae0c7f-c327-aee3-adae-bc0d1dae71ea,0.42,0.4450415241817294,12282.0,6545.0,551.52,NVIDIA GeForce RTX 4070,[N/A],Enabled,Enabled
1709253368.625223,0,GPU-93ae0c7f-c327-aee3-adae-bc0d1dae71ea,0.44,0.4450415241817294,12282.0,6545.0,551.52,NVIDIA GeForce RTX 4070,[N/A],Enabled,Enabled
1709253369.625553,0,GPU-93ae0c7f-c327-aee3-adae-bc0d1dae71ea,0.42,0.4450415241817294,12282.0,6545.0,551.52,NVIDIA GeForce RTX 4070,[N/A],Enabled,Enabled
1709253370.625691,0,GPU-93ae0c7f-c327-aee3-adae-bc0d1dae71ea,0.44,0.4450415241817294,12282.0,6545.0,551.52,NVIDIA GeForce RTX 4070,[N/A],Enabled,Enabled
1709253371.625105,0,GPU-93ae0c7f-c327-aee3-adae-bc0d1dae71ea,0.42,0.4450415241817294,12282.0,6545.0,551.52,NVIDIA GeForce RTX 4070,[N/A],Enabled,Enabled
1709253372.624998,0,GPU-93ae0c7f-c327-aee3-adae-bc0d1dae71ea,0.44,0.4450415241817294,12282.0,6545.0,551.52,NVIDIA GeForce RTX 4070,[N/A],Enabled,Enabled
1709253373.625232,0,GPU-93ae0c7f-c327-aee3-adae-bc0d1dae71ea,0.4,0.4450415241817294,12282.0,6545.0,551.52,NVIDIA GeForce RTX 4070,[N/A],Enabled,Enabled
1709253374.625712,0,GPU-93ae0c7f-c327-aee3-adae-bc0d1dae71ea,0.42,0.4450415241817294,12282.0,6545.0,551.52,NVIDIA GeForce RTX 4070,[N/A],Enabled,Enabled
1709253375.625497,0,GPU-93ae0c7f-c327-aee3-adae-bc0d1dae71ea,0.26,0.4419475655430712,12282.0,6583.0,551.52,NVIDIA GeForce RTX 4070,[N/A],Enabled,Enabled
1709253376.625157,0,GPU-93ae0c7f-c327-aee3-adae-bc0d1dae71ea,0.34,0.4419475655430712,12282.0,6583.0,551.52,NVIDIA GeForce RTX 4070,[N/A],Enabled,Enabled
1709253377.625452,0,GPU-93ae0c7f-c327-aee3-adae-bc0d1dae71ea,0.32,0.4374694675134343,12282.0,6638.0,551.52,NVIDIA GeForce RTX 4070,[N/A],Enabled,Enabled
1709253378.6255,0,GPU-93ae0c7f-c327-aee3-adae-bc0d1dae71ea,0.31,0.4374694675134343,12282.0,6638.0,551.52,NVIDIA GeForce RTX 4070,[N/A],Enabled,Enabled
1709253379.626091,0,GPU-93ae0c7f-c327-aee3-adae-bc0d1dae71ea,0.29,0.43722520762090866,12282.0,6641.0,551.52,NVIDIA GeForce RTX 4070,[N/A],Enabled,Enabled
1709253380.625774,0,GPU-93ae0c7f-c327-aee3-adae-bc0d1dae71ea,0.34,0.4419475655430712,12282.0,6583.0,551.52,NVIDIA GeForce RTX 4070,[N/A],Enabled,Enabled
1709253381.625494,0,GPU-93ae0c7f-c327-aee3-adae-bc0d1dae71ea,0.3,0.43722520762090866,12282.0,6641.0,551.52,NVIDIA GeForce RTX 4070,[N/A],Enabled,Enabled
1709253382.625125,0,GPU-93ae0c7f-c327-aee3-adae-bc0d1dae71ea,0.3,0.43722520762090866,12282.0,6641.0,551.52,NVIDIA GeForce RTX 4070,[N/A],Enabled,Enabled
1709253383.625896,0,GPU-93ae0c7f-c327-aee3-adae-bc0d1dae71ea,0.31,0.43722520762090866,12282.0,6641.0,551.52,NVIDIA GeForce RTX 4070,[N/A],Enabled,Enabled
1709253384.625339,0,GPU-93ae0c7f-c327-aee3-adae-bc0d1dae71ea,0.31,0.43722520762090866,12282.0,6641.0,551.52,NVIDIA GeForce RTX 4070,[N/A],Enabled,Enabled
1709253385.62547,0,GPU-93ae0c7f-c327-aee3-adae-bc0d1dae71ea,0.3,0.43722520762090866,12282.0,6641.0,551.52,NVIDIA GeForce RTX 4070,[N/A],Enabled,Enabled
1709253386.626011,0,GPU-93ae0c7f-c327-aee3-adae-bc0d1dae71ea,0.31,0.43722520762090866,12282.0,6641.0,551.52,NVIDIA GeForce RTX 4070,[N/A],Enabled,Enabled
1709253387.625118,0,GPU-93ae0c7f-c327-aee3-adae-bc0d1dae71ea,0.3,0.43722520762090866,12282.0,6641.0,551.52,NVIDIA GeForce RTX 4070,[N/A],Enabled,Enabled
1709253388.625158,0,GPU-93ae0c7f-c327-aee3-adae-bc0d1dae71ea,0.3,0.43722520762090866,12282.0,6641.0,551.52,NVIDIA GeForce RTX 4070,[N/A],Enabled,Enabled
1709253389.624661,0,GPU-93ae0c7f-c327-aee3-adae-bc0d1dae71ea,0.3,0.43722520762090866,12282.0,6641.0,551.52,NVIDIA GeForce RTX 4070,[N/A],Enabled,Enabled
1709253390.625545,0,GPU-93ae0c7f-c327-aee3-adae-bc0d1dae71ea,0.3,0.43722520762090866,12282.0,6641.0,551.52,NVIDIA GeForce RTX 4070,[N/A],Enabled,Enabled
1709253391.625724,0,GPU-93ae0c7f-c327-aee3-adae-bc0d1dae71ea,0.3,0.43722520762090866,12282.0,6641.0,551.52,NVIDIA GeForce RTX 4070,[N/A],Enabled,Enabled
1709253392.625596,0,GPU-93ae0c7f-c327-aee3-adae-bc0d1dae71ea,0.3,0.43722520762090866,12282.0,6641.0,551.52,NVIDIA GeForce RTX 4070,[N/A],Enabled,Enabled
1709253393.62536,0,GPU-93ae0c7f-c327-aee3-adae-bc0d1dae71ea,0.3,0.43722520762090866,12282.0,6641.0,551.52,NVIDIA GeForce RTX 4070,[N/A],Enabled,Enabled
1709253394.625027,0,GPU-93ae0c7f-c327-aee3-adae-bc0d1dae71ea,0.3,0.43722520762090866,12282.0,6641.0,551.52,NVIDIA GeForce RTX 4070,[N/A],Enabled,Enabled
1709253395.625369,0,GPU-93ae0c7f-c327-aee3-adae-bc0d1dae71ea,0.3,0.43722520762090866,12282.0,6641.0,551.52,NVIDIA GeForce RTX 4070,[N/A],Enabled,Enabled
1709253396.625827,0,GPU-93ae0c7f-c327-aee3-adae-bc0d1dae71ea,0.29,0.43722520762090866,12282.0,6641.0,551.52,NVIDIA GeForce RTX 4070,[N/A],Enabled,Enabled
1709253397.625228,0,GPU-93ae0c7f-c327-aee3-adae-bc0d1dae71ea,0.29,0.43722520762090866,12282.0,6641.0,551.52,NVIDIA GeForce RTX 4070,[N/A],Enabled,Enabled
1709253398.62497,0,GPU-93ae0c7f-c327-aee3-adae-bc0d1dae71ea,0.29,0.43722520762090866,12282.0,6641.0,551.52,NVIDIA GeForce RTX 4070,[N/A],Enabled,Enabled
1709253399.624439,0,GPU-93ae0c7f-c327-aee3-adae-bc0d1dae71ea,0.29,0.43722520762090866,12282.0,6641.0,551.52,NVIDIA GeForce RTX 4070,[N/A],Enabled,Enabled
1709253400.625341,0,GPU-93ae0c7f-c327-aee3-adae-bc0d1dae71ea,0.29,0.43722520762090866,12282.0,6641.0,551.52,NVIDIA GeForce RTX 4070,[N/A],Enabled,Enabled
1709253401.624729,0,GPU-93ae0c7f-c327-aee3-adae-bc0d1dae71ea,0.29,0.43722520762090866,12282.0,6641.0,551.52,NVIDIA GeForce RTX 4070,[N/A],Enabled,Enabled
1709253402.625417,0,GPU-93ae0c7f-c327-aee3-adae-bc0d1dae71ea,0.13,0.23847907506920696,12282.0,9082.0,551.52,NVIDIA GeForce RTX 4070,[N/A],Enabled,Enabled
1709253403.625404,0,GPU-93ae0c7f-c327-aee3-adae-bc0d1dae71ea,0.14,0.23978179449601042,12282.0,9066.0,551.52,NVIDIA GeForce RTX 4070,[N/A],Enabled,Enabled
1709253404.624809,0,GPU-93ae0c7f-c327-aee3-adae-bc0d1dae71ea,0.14,0.23978179449601042,12282.0,9066.0,551.52,NVIDIA GeForce RTX 4070,[N/A],Enabled,Enabled
