timestamp,id,uuid,load,memoryUtil,memoryTotal,memoryUsed,memoryFree,driver,name,serial,display_mode,display_active
1702654498.407158,0,GPU-93ae0c7f-c327-aee3-adae-bc0d1dae71ea,0.13,0.20778374857515064,12282.0,9473.0,546.33,NVIDIA GeForce RTX 4070,[N/A],Enabled,Enabled
1702654499.403709,0,GPU-93ae0c7f-c327-aee3-adae-bc0d1dae71ea,0.14,0.20737664875427456,12282.0,9478.0,546.33,NVIDIA GeForce RTX 4070,[N/A],Enabled,Enabled
1702654500.403053,0,GPU-93ae0c7f-c327-aee3-adae-bc0d1dae71ea,0.14,0.20737664875427456,12282.0,9478.0,546.33,NVIDIA GeForce RTX 4070,[N/A],Enabled,Enabled
1702654501.404278,0,GPU-93ae0c7f-c327-aee3-adae-bc0d1dae71ea,0.14,0.20705096889757368,12282.0,9482.0,546.33,NVIDIA GeForce RTX 4070,[N/A],Enabled,Enabled
1702654502.403232,0,GPU-93ae0c7f-c327-aee3-adae-bc0d1dae71ea,0.13,0.20696954893339847,12282.0,9483.0,546.33,NVIDIA GeForce RTX 4070,[N/A],Enabled,Enabled
1702654503.403741,0,GPU-93ae0c7f-c327-aee3-adae-bc0d1dae71ea,0.13,0.20696954893339847,12282.0,9483.0,546.33,NVIDIA GeForce RTX 4070,[N/A],Enabled,Enabled
1702654504.403388,0,GPU-93ae0c7f-c327-aee3-adae-bc0d1dae71ea,0.13,0.20696954893339847,12282.0,9483.0,546.33,NVIDIA GeForce RTX 4070,[N/A],Enabled,Enabled
1702654505.403081,0,GPU-93ae0c7f-c327-aee3-adae-bc0d1dae71ea,0.13,0.20696954893339847,12282.0,9483.0,546.33,NVIDIA GeForce RTX 4070,[N/A],Enabled,Enabled
1702654506.404069,0,GPU-93ae0c7f-c327-aee3-adae-bc0d1dae71ea,0.13,0.20696954893339847,12282.0,9483.0,546.33,NVIDIA GeForce RTX 4070,[N/A],Enabled,Enabled
1702654507.404138,0,GPU-93ae0c7f-c327-aee3-adae-bc0d1dae71ea,0.13,0.20696954893339847,12282.0,9483.0,546.33,NVIDIA GeForce RTX 4070,[N/A],Enabled,Enabled
1702654508.40339,0,GPU-93ae0c7f-c327-aee3-adae-bc0d1dae71ea,0.13,0.20696954893339847,12282.0,9483.0,546.33,NVIDIA GeForce RTX 4070,[N/A],Enabled,Enabled
1702654509.404032,0,GPU-93ae0c7f-c327-aee3-adae-bc0d1dae71ea,0.13,0.20696954893339847,12282.0,9483.0,546.33,NVIDIA GeForce RTX 4070,[N/A],Enabled,Enabled
1702654510.403047,0,GPU-93ae0c7f-c327-aee3-adae-bc0d1dae71ea,0.13,0.20696954893339847,12282.0,9483.0,546.33,NVIDIA GeForce RTX 4070,[N/A],Enabled,Enabled
1702654511.403127,0,GPU-93ae0c7f-c327-aee3-adae-bc0d1dae71ea,0.13,0.20696954893339847,12282.0,9483.0,546.33,NVIDIA GeForce RTX 4070,[N/A],Enabled,Enabled
1702654512.403796,0,GPU-93ae0c7f-c327-aee3-adae-bc0d1dae71ea,0.13,0.20696954893339847,12282.0,9483.0,546.33,NVIDIA GeForce RTX 4070,[N/A],Enabled,Enabled
1702654513.403363,0,GPU-93ae0c7f-c327-aee3-adae-bc0d1dae71ea,0.15,0.20802800846767627,12282.0,9470.0,546.33,NVIDIA GeForce RTX 4070,[N/A],Enabled,Enabled
1702654514.403383,0,GPU-93ae0c7f-c327-aee3-adae-bc0d1dae71ea,0.12,0.21730988438365087,12282.0,9356.0,546.33,NVIDIA GeForce RTX 4070,[N/A],Enabled,Enabled
1702654515.403102,0,GPU-93ae0c7f-c327-aee3-adae-bc0d1dae71ea,0.12,0.31069858329262334,12282.0,8209.0,546.33,NVIDIA GeForce RTX 4070,[N/A],Enabled,Enabled
1702654516.403076,0,GPU-93ae0c7f-c327-aee3-adae-bc0d1dae71ea,0.08,0.27902621722846443,12282.0,8598.0,546.33,NVIDIA GeForce RTX 4070,[N/A],Enabled,Enabled
1702654517.403812,0,GPU-93ae0c7f-c327-aee3-adae-bc0d1dae71ea,0.08,0.27902621722846443,12282.0,8598.0,546.33,NVIDIA GeForce RTX 4070,[N/A],Enabled,Enabled
1702654518.403143,0,GPU-93ae0c7f-c327-aee3-adae-bc0d1dae71ea,0.07,0.20729522879009935,12282.0,9479.0,546.33,NVIDIA GeForce RTX 4070,[N/A],Enabled,Enabled
1702654519.403417,0,GPU-93ae0c7f-c327-aee3-adae-bc0d1dae71ea,0.1,0.3705422569614069,12282.0,7474.0,546.33,NVIDIA GeForce RTX 4070,[N/A],Enabled,Enabled
1702654520.40442,0,GPU-93ae0c7f-c327-aee3-adae-bc0d1dae71ea,0.29,0.39382836671551863,12282.0,7188.0,546.33,NVIDIA GeForce RTX 4070,[N/A],Enabled,Enabled
1702654521.403094,0,GPU-93ae0c7f-c327-aee3-adae-bc0d1dae71ea,0.29,0.39382836671551863,12282.0,7188.0,546.33,NVIDIA GeForce RTX 4070,[N/A],Enabled,Enabled
1702654522.403635,0,GPU-93ae0c7f-c327-aee3-adae-bc0d1dae71ea,0.24,0.3895131086142322,12282.0,7241.0,546.33,NVIDIA GeForce RTX 4070,[N/A],Enabled,Enabled
1702654523.403885,0,GPU-93ae0c7f-c327-aee3-adae-bc0d1dae71ea,0.23,0.3895131086142322,12282.0,7241.0,546.33,NVIDIA GeForce RTX 4070,[N/A],Enabled,Enabled
1702654524.403604,0,GPU-93ae0c7f-c327-aee3-adae-bc0d1dae71ea,0.23,0.3895131086142322,12282.0,7241.0,546.33,NVIDIA GeForce RTX 4070,[N/A],Enabled,Enabled
1702654525.402943,0,GPU-93ae0c7f-c327-aee3-adae-bc0d1dae71ea,0.27,0.49413776257938447,12282.0,5956.0,546.33,NVIDIA GeForce RTX 4070,[N/A],Enabled,Enabled
1702654526.403318,0,GPU-93ae0c7f-c327-aee3-adae-bc0d1dae71ea,0.27,0.39521250610649733,12282.0,7171.0,546.33,NVIDIA GeForce RTX 4070,[N/A],Enabled,Enabled
1702654527.40324,0,GPU-93ae0c7f-c327-aee3-adae-bc0d1dae71ea,0.27,0.39521250610649733,12282.0,7171.0,546.33,NVIDIA GeForce RTX 4070,[N/A],Enabled,Enabled
1702654528.404024,0,GPU-93ae0c7f-c327-aee3-adae-bc0d1dae71ea,0.26,0.3909786679693861,12282.0,7223.0,546.33,NVIDIA GeForce RTX 4070,[N/A],Enabled,Enabled
1702654529.403508,0,GPU-93ae0c7f-c327-aee3-adae-bc0d1dae71ea,0.27,0.39521250610649733,12282.0,7171.0,546.33,NVIDIA GeForce RTX 4070,[N/A],Enabled,Enabled
1702654530.403331,0,GPU-93ae0c7f-c327-aee3-adae-bc0d1dae71ea,0.25,0.3909786679693861,12282.0,7223.0,546.33,NVIDIA GeForce RTX 4070,[N/A],Enabled,Enabled
1702654531.403028,0,GPU-93ae0c7f-c327-aee3-adae-bc0d1dae71ea,0.26,0.3909786679693861,12282.0,7223.0,546.33,NVIDIA GeForce RTX 4070,[N/A],Enabled,Enabled
1702654532.404595,0,GPU-93ae0c7f-c327-aee3-adae-bc0d1dae71ea,0.28,0.39529392607067254,12282.0,7170.0,546.33,NVIDIA GeForce RTX 4070,[N/A],Enabled,Enabled
1702654533.403242,0,GPU-93ae0c7f-c327-aee3-adae-bc0d1dae71ea,0.28,0.39529392607067254,12282.0,7170.0,546.33,NVIDIA GeForce RTX 4070,[N/A],Enabled,Enabled
1702654534.403206,0,GPU-93ae0c7f-c327-aee3-adae-bc0d1dae71ea,0.25,0.39529392607067254,12282.0,7170.0,546.33,NVIDIA GeForce RTX 4070,[N/A],Enabled,Enabled
1702654535.403582,0,GPU-93ae0c7f-c327-aee3-adae-bc0d1dae71ea,0.25,0.3909786679693861,12282.0,7223.0,546.33,NVIDIA GeForce RTX 4070,[N/A],Enabled,Enabled
1702654536.403612,0,GPU-93ae0c7f-c327-aee3-adae-bc0d1dae71ea,0.25,0.3909786679693861,12282.0,7223.0,546.33,NVIDIA GeForce RTX 4070,[N/A],Enabled,Enabled
1702654537.404245,0,GPU-93ae0c7f-c327-aee3-adae-bc0d1dae71ea,0.28,0.39529392607067254,12282.0,7170.0,546.33,NVIDIA GeForce RTX 4070,[N/A],Enabled,Enabled
1702654538.403604,0,GPU-93ae0c7f-c327-aee3-adae-bc0d1dae71ea,0.27,0.39529392607067254,12282.0,7170.0,546.33,NVIDIA GeForce RTX 4070,[N/A],Enabled,Enabled
1702654539.403445,0,GPU-93ae0c7f-c327-aee3-adae-bc0d1dae71ea,0.32,0.3990392444227325,12282.0,7124.0,546.33,NVIDIA GeForce RTX 4070,[N/A],Enabled,Enabled
1702654540.403588,0,GPU-93ae0c7f-c327-aee3-adae-bc0d1dae71ea,0.35,0.3990392444227325,12282.0,7124.0,546.33,NVIDIA GeForce RTX 4070,[N/A],Enabled,Enabled
1702654541.403568,0,GPU-93ae0c7f-c327-aee3-adae-bc0d1dae71ea,0.36,0.3990392444227325,12282.0,7124.0,546.33,NVIDIA GeForce RTX 4070,[N/A],Enabled,Enabled
1702654542.403528,0,GPU-93ae0c7f-c327-aee3-adae-bc0d1dae71ea,0.39,0.3990392444227325,12282.0,7124.0,546.33,NVIDIA GeForce RTX 4070,[N/A],Enabled,Enabled
1702654543.403807,0,GPU-93ae0c7f-c327-aee3-adae-bc0d1dae71ea,0.35,0.3990392444227325,12282.0,7124.0,546.33,NVIDIA GeForce RTX 4070,[N/A],Enabled,Enabled
1702654544.402901,0,GPU-93ae0c7f-c327-aee3-adae-bc0d1dae71ea,0.38,0.3990392444227325,12282.0,7124.0,546.33,NVIDIA GeForce RTX 4070,[N/A],Enabled,Enabled
1702654545.404506,0,GPU-93ae0c7f-c327-aee3-adae-bc0d1dae71ea,0.34,0.3990392444227325,12282.0,7124.0,546.33,NVIDIA GeForce RTX 4070,[N/A],Enabled,Enabled
1702654546.40326,0,GPU-93ae0c7f-c327-aee3-adae-bc0d1dae71ea,0.38,0.3990392444227325,12282.0,7124.0,546.33,NVIDIA GeForce RTX 4070,[N/A],Enabled,Enabled
1702654547.403506,0,GPU-93ae0c7f-c327-aee3-adae-bc0d1dae71ea,0.36,0.3990392444227325,12282.0,7124.0,546.33,NVIDIA GeForce RTX 4070,[N/A],Enabled,Enabled
1702654548.403,0,GPU-93ae0c7f-c327-aee3-adae-bc0d1dae71ea,0.35,0.3990392444227325,12282.0,7124.0,546.33,NVIDIA GeForce RTX 4070,[N/A],Enabled,Enabled
1702654549.404609,0,GPU-93ae0c7f-c327-aee3-adae-bc0d1dae71ea,0.38,0.3990392444227325,12282.0,7124.0,546.33,NVIDIA GeForce RTX 4070,[N/A],Enabled,Enabled
1702654550.403262,0,GPU-93ae0c7f-c327-aee3-adae-bc0d1dae71ea,0.35,0.3990392444227325,12282.0,7124.0,546.33,NVIDIA GeForce RTX 4070,[N/A],Enabled,Enabled
1702654551.403329,0,GPU-93ae0c7f-c327-aee3-adae-bc0d1dae71ea,0.39,0.3990392444227325,12282.0,7124.0,546.33,NVIDIA GeForce RTX 4070,[N/A],Enabled,Enabled
1702654552.403421,0,GPU-93ae0c7f-c327-aee3-adae-bc0d1dae71ea,0.37,0.3990392444227325,12282.0,7124.0,546.33,NVIDIA GeForce RTX 4070,[N/A],Enabled,Enabled
1702654553.404344,0,GPU-93ae0c7f-c327-aee3-adae-bc0d1dae71ea,0.36,0.3990392444227325,12282.0,7124.0,546.33,NVIDIA GeForce RTX 4070,[N/A],Enabled,Enabled
1702654554.404584,0,GPU-93ae0c7f-c327-aee3-adae-bc0d1dae71ea,0.38,0.3990392444227325,12282.0,7124.0,546.33,NVIDIA GeForce RTX 4070,[N/A],Enabled,Enabled
1702654555.403315,0,GPU-93ae0c7f-c327-aee3-adae-bc0d1dae71ea,0.35,0.3990392444227325,12282.0,7124.0,546.33,NVIDIA GeForce RTX 4070,[N/A],Enabled,Enabled
1702654556.40351,0,GPU-93ae0c7f-c327-aee3-adae-bc0d1dae71ea,0.39,0.3990392444227325,12282.0,7124.0,546.33,NVIDIA GeForce RTX 4070,[N/A],Enabled,Enabled
1702654557.403601,0,GPU-93ae0c7f-c327-aee3-adae-bc0d1dae71ea,0.39,0.3990392444227325,12282.0,7124.0,546.33,NVIDIA GeForce RTX 4070,[N/A],Enabled,Enabled
1702654558.403181,0,GPU-93ae0c7f-c327-aee3-adae-bc0d1dae71ea,0.38,0.3990392444227325,12282.0,7124.0,546.33,NVIDIA GeForce RTX 4070,[N/A],Enabled,Enabled
1702654559.403925,0,GPU-93ae0c7f-c327-aee3-adae-bc0d1dae71ea,0.34,0.3990392444227325,12282.0,7124.0,546.33,NVIDIA GeForce RTX 4070,[N/A],Enabled,Enabled
1702654560.403655,0,GPU-93ae0c7f-c327-aee3-adae-bc0d1dae71ea,0.38,0.3990392444227325,12282.0,7124.0,546.33,NVIDIA GeForce RTX 4070,[N/A],Enabled,Enabled
1702654561.403975,0,GPU-93ae0c7f-c327-aee3-adae-bc0d1dae71ea,0.36,0.3990392444227325,12282.0,7124.0,546.33,NVIDIA GeForce RTX 4070,[N/A],Enabled,Enabled
1702654562.403376,0,GPU-93ae0c7f-c327-aee3-adae-bc0d1dae71ea,0.44,0.3990392444227325,12282.0,7124.0,546.33,NVIDIA GeForce RTX 4070,[N/A],Enabled,Enabled
1702654563.403807,0,GPU-93ae0c7f-c327-aee3-adae-bc0d1dae71ea,0.39,0.3990392444227325,12282.0,7124.0,546.33,NVIDIA GeForce RTX 4070,[N/A],Enabled,Enabled
1702654564.403682,0,GPU-93ae0c7f-c327-aee3-adae-bc0d1dae71ea,0.38,0.3990392444227325,12282.0,7124.0,546.33,NVIDIA GeForce RTX 4070,[N/A],Enabled,Enabled
1702654565.404204,0,GPU-93ae0c7f-c327-aee3-adae-bc0d1dae71ea,0.4,0.3990392444227325,12282.0,7124.0,546.33,NVIDIA GeForce RTX 4070,[N/A],Enabled,Enabled
1702654566.404063,0,GPU-93ae0c7f-c327-aee3-adae-bc0d1dae71ea,0.39,0.3990392444227325,12282.0,7124.0,546.33,NVIDIA GeForce RTX 4070,[N/A],Enabled,Enabled
1702654567.40371,0,GPU-93ae0c7f-c327-aee3-adae-bc0d1dae71ea,0.4,0.3990392444227325,12282.0,7124.0,546.33,NVIDIA GeForce RTX 4070,[N/A],Enabled,Enabled
1702654568.404321,0,GPU-93ae0c7f-c327-aee3-adae-bc0d1dae71ea,0.38,0.3990392444227325,12282.0,7124.0,546.33,NVIDIA GeForce RTX 4070,[N/A],Enabled,Enabled
1702654569.40293,0,GPU-93ae0c7f-c327-aee3-adae-bc0d1dae71ea,0.36,0.3990392444227325,12282.0,7124.0,546.33,NVIDIA GeForce RTX 4070,[N/A],Enabled,Enabled
1702654570.403264,0,GPU-93ae0c7f-c327-aee3-adae-bc0d1dae71ea,0.4,0.3990392444227325,12282.0,7124.0,546.33,NVIDIA GeForce RTX 4070,[N/A],Enabled,Enabled
1702654571.403781,0,GPU-93ae0c7f-c327-aee3-adae-bc0d1dae71ea,0.37,0.3990392444227325,12282.0,7124.0,546.33,NVIDIA GeForce RTX 4070,[N/A],Enabled,Enabled
1702654572.403767,0,GPU-93ae0c7f-c327-aee3-adae-bc0d1dae71ea,0.36,0.3990392444227325,12282.0,7124.0,546.33,NVIDIA GeForce RTX 4070,[N/A],Enabled,Enabled
1702654573.403325,0,GPU-93ae0c7f-c327-aee3-adae-bc0d1dae71ea,0.35,0.3990392444227325,12282.0,7124.0,546.33,NVIDIA GeForce RTX 4070,[N/A],Enabled,Enabled
1702654574.403646,0,GPU-93ae0c7f-c327-aee3-adae-bc0d1dae71ea,0.4,0.3990392444227325,12282.0,7124.0,546.33,NVIDIA GeForce RTX 4070,[N/A],Enabled,Enabled
1702654575.403534,0,GPU-93ae0c7f-c327-aee3-adae-bc0d1dae71ea,0.36,0.3990392444227325,12282.0,7124.0,546.33,NVIDIA GeForce RTX 4070,[N/A],Enabled,Enabled
1702654576.403309,0,GPU-93ae0c7f-c327-aee3-adae-bc0d1dae71ea,0.37,0.3990392444227325,12282.0,7124.0,546.33,NVIDIA GeForce RTX 4070,[N/A],Enabled,Enabled
1702654577.403383,0,GPU-93ae0c7f-c327-aee3-adae-bc0d1dae71ea,0.36,0.3990392444227325,12282.0,7124.0,546.33,NVIDIA GeForce RTX 4070,[N/A],Enabled,Enabled
1702654578.403203,0,GPU-93ae0c7f-c327-aee3-adae-bc0d1dae71ea,0.37,0.3990392444227325,12282.0,7124.0,546.33,NVIDIA GeForce RTX 4070,[N/A],Enabled,Enabled
1702654579.403251,0,GPU-93ae0c7f-c327-aee3-adae-bc0d1dae71ea,0.33,0.3990392444227325,12282.0,7124.0,546.33,NVIDIA GeForce RTX 4070,[N/A],Enabled,Enabled
1702654580.403768,0,GPU-93ae0c7f-c327-aee3-adae-bc0d1dae71ea,0.44,0.3990392444227325,12282.0,7124.0,546.33,NVIDIA GeForce RTX 4070,[N/A],Enabled,Enabled
1702654581.403278,0,GPU-93ae0c7f-c327-aee3-adae-bc0d1dae71ea,0.34,0.3990392444227325,12282.0,7124.0,546.33,NVIDIA GeForce RTX 4070,[N/A],Enabled,Enabled
1702654582.403155,0,GPU-93ae0c7f-c327-aee3-adae-bc0d1dae71ea,0.46,0.3990392444227325,12282.0,7124.0,546.33,NVIDIA GeForce RTX 4070,[N/A],Enabled,Enabled
1702654583.403463,0,GPU-93ae0c7f-c327-aee3-adae-bc0d1dae71ea,0.34,0.3990392444227325,12282.0,7124.0,546.33,NVIDIA GeForce RTX 4070,[N/A],Enabled,Enabled
1702654584.404116,0,GPU-93ae0c7f-c327-aee3-adae-bc0d1dae71ea,0.35,0.3990392444227325,12282.0,7124.0,546.33,NVIDIA GeForce RTX 4070,[N/A],Enabled,Enabled
1702654585.402907,0,GPU-93ae0c7f-c327-aee3-adae-bc0d1dae71ea,0.34,0.3990392444227325,12282.0,7124.0,546.33,NVIDIA GeForce RTX 4070,[N/A],Enabled,Enabled
1702654586.403013,0,GPU-93ae0c7f-c327-aee3-adae-bc0d1dae71ea,0.34,0.3990392444227325,12282.0,7124.0,546.33,NVIDIA GeForce RTX 4070,[N/A],Enabled,Enabled
1702654587.403015,0,GPU-93ae0c7f-c327-aee3-adae-bc0d1dae71ea,0.4,0.3990392444227325,12282.0,7124.0,546.33,NVIDIA GeForce RTX 4070,[N/A],Enabled,Enabled
1702654588.403095,0,GPU-93ae0c7f-c327-aee3-adae-bc0d1dae71ea,0.36,0.3990392444227325,12282.0,7124.0,546.33,NVIDIA GeForce RTX 4070,[N/A],Enabled,Enabled
1702654589.403777,0,GPU-93ae0c7f-c327-aee3-adae-bc0d1dae71ea,0.36,0.3990392444227325,12282.0,7124.0,546.33,NVIDIA GeForce RTX 4070,[N/A],Enabled,Enabled
1702654590.403682,0,GPU-93ae0c7f-c327-aee3-adae-bc0d1dae71ea,0.43,0.3990392444227325,12282.0,7124.0,546.33,NVIDIA GeForce RTX 4070,[N/A],Enabled,Enabled
1702654591.403924,0,GPU-93ae0c7f-c327-aee3-adae-bc0d1dae71ea,0.34,0.3990392444227325,12282.0,7124.0,546.33,NVIDIA GeForce RTX 4070,[N/A],Enabled,Enabled
1702654592.404531,0,GPU-93ae0c7f-c327-aee3-adae-bc0d1dae71ea,0.36,0.3990392444227325,12282.0,7124.0,546.33,NVIDIA GeForce RTX 4070,[N/A],Enabled,Enabled
1702654593.403059,0,GPU-93ae0c7f-c327-aee3-adae-bc0d1dae71ea,0.37,0.3990392444227325,12282.0,7124.0,546.33,NVIDIA GeForce RTX 4070,[N/A],Enabled,Enabled
1702654594.403359,0,GPU-93ae0c7f-c327-aee3-adae-bc0d1dae71ea,0.4,0.3990392444227325,12282.0,7124.0,546.33,NVIDIA GeForce RTX 4070,[N/A],Enabled,Enabled
1702654595.403481,0,GPU-93ae0c7f-c327-aee3-adae-bc0d1dae71ea,0.37,0.3990392444227325,12282.0,7124.0,546.33,NVIDIA GeForce RTX 4070,[N/A],Enabled,Enabled
1702654596.403009,0,GPU-93ae0c7f-c327-aee3-adae-bc0d1dae71ea,0.37,0.3990392444227325,12282.0,7124.0,546.33,NVIDIA GeForce RTX 4070,[N/A],Enabled,Enabled
1702654597.404443,0,GPU-93ae0c7f-c327-aee3-adae-bc0d1dae71ea,0.37,0.3990392444227325,12282.0,7124.0,546.33,NVIDIA GeForce RTX 4070,[N/A],Enabled,Enabled
1702654598.404566,0,GPU-93ae0c7f-c327-aee3-adae-bc0d1dae71ea,0.43,0.3990392444227325,12282.0,7124.0,546.33,NVIDIA GeForce RTX 4070,[N/A],Enabled,Enabled
1702654599.403591,0,GPU-93ae0c7f-c327-aee3-adae-bc0d1dae71ea,0.38,0.3990392444227325,12282.0,7124.0,546.33,NVIDIA GeForce RTX 4070,[N/A],Enabled,Enabled
1702654600.404245,0,GPU-93ae0c7f-c327-aee3-adae-bc0d1dae71ea,0.36,0.3990392444227325,12282.0,7124.0,546.33,NVIDIA GeForce RTX 4070,[N/A],Enabled,Enabled
1702654601.403878,0,GPU-93ae0c7f-c327-aee3-adae-bc0d1dae71ea,0.36,0.3990392444227325,12282.0,7124.0,546.33,NVIDIA GeForce RTX 4070,[N/A],Enabled,Enabled
1702654602.40374,0,GPU-93ae0c7f-c327-aee3-adae-bc0d1dae71ea,0.37,0.3990392444227325,12282.0,7124.0,546.33,NVIDIA GeForce RTX 4070,[N/A],Enabled,Enabled
1702654603.403564,0,GPU-93ae0c7f-c327-aee3-adae-bc0d1dae71ea,0.36,0.3990392444227325,12282.0,7124.0,546.33,NVIDIA GeForce RTX 4070,[N/A],Enabled,Enabled
1702654604.403869,0,GPU-93ae0c7f-c327-aee3-adae-bc0d1dae71ea,0.45,0.3990392444227325,12282.0,7124.0,546.33,NVIDIA GeForce RTX 4070,[N/A],Enabled,Enabled
1702654605.40381,0,GPU-93ae0c7f-c327-aee3-adae-bc0d1dae71ea,0.35,0.3990392444227325,12282.0,7124.0,546.33,NVIDIA GeForce RTX 4070,[N/A],Enabled,Enabled
1702654606.403235,0,GPU-93ae0c7f-c327-aee3-adae-bc0d1dae71ea,0.39,0.3990392444227325,12282.0,7124.0,546.33,NVIDIA GeForce RTX 4070,[N/A],Enabled,Enabled
1702654607.403454,0,GPU-93ae0c7f-c327-aee3-adae-bc0d1dae71ea,0.39,0.3990392444227325,12282.0,7124.0,546.33,NVIDIA GeForce RTX 4070,[N/A],Enabled,Enabled
1702654608.403054,0,GPU-93ae0c7f-c327-aee3-adae-bc0d1dae71ea,0.39,0.3990392444227325,12282.0,7124.0,546.33,NVIDIA GeForce RTX 4070,[N/A],Enabled,Enabled
1702654609.40389,0,GPU-93ae0c7f-c327-aee3-adae-bc0d1dae71ea,0.39,0.3990392444227325,12282.0,7124.0,546.33,NVIDIA GeForce RTX 4070,[N/A],Enabled,Enabled
1702654610.403516,0,GPU-93ae0c7f-c327-aee3-adae-bc0d1dae71ea,0.44,0.3990392444227325,12282.0,7124.0,546.33,NVIDIA GeForce RTX 4070,[N/A],Enabled,Enabled
1702654611.402949,0,GPU-93ae0c7f-c327-aee3-adae-bc0d1dae71ea,0.37,0.3990392444227325,12282.0,7124.0,546.33,NVIDIA GeForce RTX 4070,[N/A],Enabled,Enabled
1702654612.403065,0,GPU-93ae0c7f-c327-aee3-adae-bc0d1dae71ea,0.4,0.3990392444227325,12282.0,7124.0,546.33,NVIDIA GeForce RTX 4070,[N/A],Enabled,Enabled
1702654613.403198,0,GPU-93ae0c7f-c327-aee3-adae-bc0d1dae71ea,0.45,0.3990392444227325,12282.0,7124.0,546.33,NVIDIA GeForce RTX 4070,[N/A],Enabled,Enabled
1702654614.404487,0,GPU-93ae0c7f-c327-aee3-adae-bc0d1dae71ea,0.4,0.3990392444227325,12282.0,7124.0,546.33,NVIDIA GeForce RTX 4070,[N/A],Enabled,Enabled
1702654615.403865,0,GPU-93ae0c7f-c327-aee3-adae-bc0d1dae71ea,0.38,0.3990392444227325,12282.0,7124.0,546.33,NVIDIA GeForce RTX 4070,[N/A],Enabled,Enabled
1702654616.403262,0,GPU-93ae0c7f-c327-aee3-adae-bc0d1dae71ea,0.4,0.3990392444227325,12282.0,7124.0,546.33,NVIDIA GeForce RTX 4070,[N/A],Enabled,Enabled
1702654617.404244,0,GPU-93ae0c7f-c327-aee3-adae-bc0d1dae71ea,0.37,0.3990392444227325,12282.0,7124.0,546.33,NVIDIA GeForce RTX 4070,[N/A],Enabled,Enabled
1702654618.403542,0,GPU-93ae0c7f-c327-aee3-adae-bc0d1dae71ea,0.39,0.3990392444227325,12282.0,7124.0,546.33,NVIDIA GeForce RTX 4070,[N/A],Enabled,Enabled
1702654619.404289,0,GPU-93ae0c7f-c327-aee3-adae-bc0d1dae71ea,0.39,0.3990392444227325,12282.0,7124.0,546.33,NVIDIA GeForce RTX 4070,[N/A],Enabled,Enabled
1702654620.403927,0,GPU-93ae0c7f-c327-aee3-adae-bc0d1dae71ea,0.35,0.3990392444227325,12282.0,7124.0,546.33,NVIDIA GeForce RTX 4070,[N/A],Enabled,Enabled
1702654621.403182,0,GPU-93ae0c7f-c327-aee3-adae-bc0d1dae71ea,0.33,0.3990392444227325,12282.0,7124.0,546.33,NVIDIA GeForce RTX 4070,[N/A],Enabled,Enabled
1702654622.403008,0,GPU-93ae0c7f-c327-aee3-adae-bc0d1dae71ea,0.39,0.3990392444227325,12282.0,7124.0,546.33,NVIDIA GeForce RTX 4070,[N/A],Enabled,Enabled
1702654623.403145,0,GPU-93ae0c7f-c327-aee3-adae-bc0d1dae71ea,0.36,0.3990392444227325,12282.0,7124.0,546.33,NVIDIA GeForce RTX 4070,[N/A],Enabled,Enabled
1702654624.402894,0,GPU-93ae0c7f-c327-aee3-adae-bc0d1dae71ea,0.4,0.3990392444227325,12282.0,7124.0,546.33,NVIDIA GeForce RTX 4070,[N/A],Enabled,Enabled
1702654625.403239,0,GPU-93ae0c7f-c327-aee3-adae-bc0d1dae71ea,0.35,0.3990392444227325,12282.0,7124.0,546.33,NVIDIA GeForce RTX 4070,[N/A],Enabled,Enabled
1702654626.402978,0,GPU-93ae0c7f-c327-aee3-adae-bc0d1dae71ea,0.35,0.3990392444227325,12282.0,7124.0,546.33,NVIDIA GeForce RTX 4070,[N/A],Enabled,Enabled
1702654627.404159,0,GPU-93ae0c7f-c327-aee3-adae-bc0d1dae71ea,0.39,0.3990392444227325,12282.0,7124.0,546.33,NVIDIA GeForce RTX 4070,[N/A],Enabled,Enabled
1702654628.40363,0,GPU-93ae0c7f-c327-aee3-adae-bc0d1dae71ea,0.35,0.3990392444227325,12282.0,7124.0,546.33,NVIDIA GeForce RTX 4070,[N/A],Enabled,Enabled
1702654629.404313,0,GPU-93ae0c7f-c327-aee3-adae-bc0d1dae71ea,0.38,0.3990392444227325,12282.0,7124.0,546.33,NVIDIA GeForce RTX 4070,[N/A],Enabled,Enabled
1702654630.402966,0,GPU-93ae0c7f-c327-aee3-adae-bc0d1dae71ea,0.43,0.3990392444227325,12282.0,7124.0,546.33,NVIDIA GeForce RTX 4070,[N/A],Enabled,Enabled
1702654631.40338,0,GPU-93ae0c7f-c327-aee3-adae-bc0d1dae71ea,0.38,0.3990392444227325,12282.0,7124.0,546.33,NVIDIA GeForce RTX 4070,[N/A],Enabled,Enabled
1702654632.403466,0,GPU-93ae0c7f-c327-aee3-adae-bc0d1dae71ea,0.4,0.3990392444227325,12282.0,7124.0,546.33,NVIDIA GeForce RTX 4070,[N/A],Enabled,Enabled
1702654633.403105,0,GPU-93ae0c7f-c327-aee3-adae-bc0d1dae71ea,0.4,0.3990392444227325,12282.0,7124.0,546.33,NVIDIA GeForce RTX 4070,[N/A],Enabled,Enabled
1702654634.403264,0,GPU-93ae0c7f-c327-aee3-adae-bc0d1dae71ea,0.39,0.3990392444227325,12282.0,7124.0,546.33,NVIDIA GeForce RTX 4070,[N/A],Enabled,Enabled
1702654635.402862,0,GPU-93ae0c7f-c327-aee3-adae-bc0d1dae71ea,0.39,0.3990392444227325,12282.0,7124.0,546.33,NVIDIA GeForce RTX 4070,[N/A],Enabled,Enabled
1702654636.403827,0,GPU-93ae0c7f-c327-aee3-adae-bc0d1dae71ea,0.41,0.3990392444227325,12282.0,7124.0,546.33,NVIDIA GeForce RTX 4070,[N/A],Enabled,Enabled
1702654637.404039,0,GPU-93ae0c7f-c327-aee3-adae-bc0d1dae71ea,0.37,0.3990392444227325,12282.0,7124.0,546.33,NVIDIA GeForce RTX 4070,[N/A],Enabled,Enabled
1702654638.403935,0,GPU-93ae0c7f-c327-aee3-adae-bc0d1dae71ea,0.38,0.3990392444227325,12282.0,7124.0,546.33,NVIDIA GeForce RTX 4070,[N/A],Enabled,Enabled
1702654639.404467,0,GPU-93ae0c7f-c327-aee3-adae-bc0d1dae71ea,0.37,0.3990392444227325,12282.0,7124.0,546.33,NVIDIA GeForce RTX 4070,[N/A],Enabled,Enabled
1702654640.402812,0,GPU-93ae0c7f-c327-aee3-adae-bc0d1dae71ea,0.41,0.3990392444227325,12282.0,7124.0,546.33,NVIDIA GeForce RTX 4070,[N/A],Enabled,Enabled
1702654641.403675,0,GPU-93ae0c7f-c327-aee3-adae-bc0d1dae71ea,0.35,0.3990392444227325,12282.0,7124.0,546.33,NVIDIA GeForce RTX 4070,[N/A],Enabled,Enabled
1702654642.403126,0,GPU-93ae0c7f-c327-aee3-adae-bc0d1dae71ea,0.39,0.3990392444227325,12282.0,7124.0,546.33,NVIDIA GeForce RTX 4070,[N/A],Enabled,Enabled
1702654643.403409,0,GPU-93ae0c7f-c327-aee3-adae-bc0d1dae71ea,0.35,0.3990392444227325,12282.0,7124.0,546.33,NVIDIA GeForce RTX 4070,[N/A],Enabled,Enabled
1702654644.403136,0,GPU-93ae0c7f-c327-aee3-adae-bc0d1dae71ea,0.41,0.3990392444227325,12282.0,7124.0,546.33,NVIDIA GeForce RTX 4070,[N/A],Enabled,Enabled
1702654645.403974,0,GPU-93ae0c7f-c327-aee3-adae-bc0d1dae71ea,0.44,0.3990392444227325,12282.0,7124.0,546.33,NVIDIA GeForce RTX 4070,[N/A],Enabled,Enabled
1702654646.40314,0,GPU-93ae0c7f-c327-aee3-adae-bc0d1dae71ea,0.45,0.3990392444227325,12282.0,7124.0,546.33,NVIDIA GeForce RTX 4070,[N/A],Enabled,Enabled
1702654647.403552,0,GPU-93ae0c7f-c327-aee3-adae-bc0d1dae71ea,0.37,0.3990392444227325,12282.0,7124.0,546.33,NVIDIA GeForce RTX 4070,[N/A],Enabled,Enabled
1702654648.403047,0,GPU-93ae0c7f-c327-aee3-adae-bc0d1dae71ea,0.4,0.3990392444227325,12282.0,7124.0,546.33,NVIDIA GeForce RTX 4070,[N/A],Enabled,Enabled
1702654649.40392,0,GPU-93ae0c7f-c327-aee3-adae-bc0d1dae71ea,0.35,0.3990392444227325,12282.0,7124.0,546.33,NVIDIA GeForce RTX 4070,[N/A],Enabled,Enabled
1702654650.403485,0,GPU-93ae0c7f-c327-aee3-adae-bc0d1dae71ea,0.36,0.3990392444227325,12282.0,7124.0,546.33,NVIDIA GeForce RTX 4070,[N/A],Enabled,Enabled
1702654651.403854,0,GPU-93ae0c7f-c327-aee3-adae-bc0d1dae71ea,0.35,0.3990392444227325,12282.0,7124.0,546.33,NVIDIA GeForce RTX 4070,[N/A],Enabled,Enabled
1702654652.403645,0,GPU-93ae0c7f-c327-aee3-adae-bc0d1dae71ea,0.4,0.3990392444227325,12282.0,7124.0,546.33,NVIDIA GeForce RTX 4070,[N/A],Enabled,Enabled
1702654653.403485,0,GPU-93ae0c7f-c327-aee3-adae-bc0d1dae71ea,0.49,0.3990392444227325,12282.0,7124.0,546.33,NVIDIA GeForce RTX 4070,[N/A],Enabled,Enabled
1702654654.403598,0,GPU-93ae0c7f-c327-aee3-adae-bc0d1dae71ea,0.4,0.3990392444227325,12282.0,7124.0,546.33,NVIDIA GeForce RTX 4070,[N/A],Enabled,Enabled
1702654655.403789,0,GPU-93ae0c7f-c327-aee3-adae-bc0d1dae71ea,0.36,0.3990392444227325,12282.0,7124.0,546.33,NVIDIA GeForce RTX 4070,[N/A],Enabled,Enabled
1702654656.402854,0,GPU-93ae0c7f-c327-aee3-adae-bc0d1dae71ea,0.41,0.3990392444227325,12282.0,7124.0,546.33,NVIDIA GeForce RTX 4070,[N/A],Enabled,Enabled
1702654657.403783,0,GPU-93ae0c7f-c327-aee3-adae-bc0d1dae71ea,0.43,0.3990392444227325,12282.0,7124.0,546.33,NVIDIA GeForce RTX 4070,[N/A],Enabled,Enabled
1702654658.404235,0,GPU-93ae0c7f-c327-aee3-adae-bc0d1dae71ea,0.43,0.3990392444227325,12282.0,7124.0,546.33,NVIDIA GeForce RTX 4070,[N/A],Enabled,Enabled
1702654659.403532,0,GPU-93ae0c7f-c327-aee3-adae-bc0d1dae71ea,0.36,0.3990392444227325,12282.0,7124.0,546.33,NVIDIA GeForce RTX 4070,[N/A],Enabled,Enabled
1702654660.403481,0,GPU-93ae0c7f-c327-aee3-adae-bc0d1dae71ea,0.36,0.3990392444227325,12282.0,7124.0,546.33,NVIDIA GeForce RTX 4070,[N/A],Enabled,Enabled
1702654661.402935,0,GPU-93ae0c7f-c327-aee3-adae-bc0d1dae71ea,0.36,0.3990392444227325,12282.0,7124.0,546.33,NVIDIA GeForce RTX 4070,[N/A],Enabled,Enabled
1702654662.403485,0,GPU-93ae0c7f-c327-aee3-adae-bc0d1dae71ea,0.4,0.3990392444227325,12282.0,7124.0,546.33,NVIDIA GeForce RTX 4070,[N/A],Enabled,Enabled
1702654663.40391,0,GPU-93ae0c7f-c327-aee3-adae-bc0d1dae71ea,0.42,0.3990392444227325,12282.0,7124.0,546.33,NVIDIA GeForce RTX 4070,[N/A],Enabled,Enabled
1702654664.404139,0,GPU-93ae0c7f-c327-aee3-adae-bc0d1dae71ea,0.41,0.3990392444227325,12282.0,7124.0,546.33,NVIDIA GeForce RTX 4070,[N/A],Enabled,Enabled
1702654665.403102,0,GPU-93ae0c7f-c327-aee3-adae-bc0d1dae71ea,0.38,0.3990392444227325,12282.0,7124.0,546.33,NVIDIA GeForce RTX 4070,[N/A],Enabled,Enabled
1702654666.402939,0,GPU-93ae0c7f-c327-aee3-adae-bc0d1dae71ea,0.39,0.3990392444227325,12282.0,7124.0,546.33,NVIDIA GeForce RTX 4070,[N/A],Enabled,Enabled
1702654667.403396,0,GPU-93ae0c7f-c327-aee3-adae-bc0d1dae71ea,0.45,0.3990392444227325,12282.0,7124.0,546.33,NVIDIA GeForce RTX 4070,[N/A],Enabled,Enabled
1702654668.402962,0,GPU-93ae0c7f-c327-aee3-adae-bc0d1dae71ea,0.39,0.3990392444227325,12282.0,7124.0,546.33,NVIDIA GeForce RTX 4070,[N/A],Enabled,Enabled
1702654669.403829,0,GPU-93ae0c7f-c327-aee3-adae-bc0d1dae71ea,0.39,0.3990392444227325,12282.0,7124.0,546.33,NVIDIA GeForce RTX 4070,[N/A],Enabled,Enabled
1702654670.403438,0,GPU-93ae0c7f-c327-aee3-adae-bc0d1dae71ea,0.42,0.3990392444227325,12282.0,7124.0,546.33,NVIDIA GeForce RTX 4070,[N/A],Enabled,Enabled
1702654671.403711,0,GPU-93ae0c7f-c327-aee3-adae-bc0d1dae71ea,0.38,0.3990392444227325,12282.0,7124.0,546.33,NVIDIA GeForce RTX 4070,[N/A],Enabled,Enabled
1702654672.403679,0,GPU-93ae0c7f-c327-aee3-adae-bc0d1dae71ea,0.42,0.3990392444227325,12282.0,7124.0,546.33,NVIDIA GeForce RTX 4070,[N/A],Enabled,Enabled
1702654673.403719,0,GPU-93ae0c7f-c327-aee3-adae-bc0d1dae71ea,0.37,0.3990392444227325,12282.0,7124.0,546.33,NVIDIA GeForce RTX 4070,[N/A],Enabled,Enabled
1702654674.402735,0,GPU-93ae0c7f-c327-aee3-adae-bc0d1dae71ea,0.37,0.3990392444227325,12282.0,7124.0,546.33,NVIDIA GeForce RTX 4070,[N/A],Enabled,Enabled
1702654675.403372,0,GPU-93ae0c7f-c327-aee3-adae-bc0d1dae71ea,0.4,0.3990392444227325,12282.0,7124.0,546.33,NVIDIA GeForce RTX 4070,[N/A],Enabled,Enabled
1702654676.403578,0,GPU-93ae0c7f-c327-aee3-adae-bc0d1dae71ea,0.4,0.3990392444227325,12282.0,7124.0,546.33,NVIDIA GeForce RTX 4070,[N/A],Enabled,Enabled
1702654677.402888,0,GPU-93ae0c7f-c327-aee3-adae-bc0d1dae71ea,0.38,0.3990392444227325,12282.0,7124.0,546.33,NVIDIA GeForce RTX 4070,[N/A],Enabled,Enabled
1702654678.404082,0,GPU-93ae0c7f-c327-aee3-adae-bc0d1dae71ea,0.42,0.3990392444227325,12282.0,7124.0,546.33,NVIDIA GeForce RTX 4070,[N/A],Enabled,Enabled
1702654679.403412,0,GPU-93ae0c7f-c327-aee3-adae-bc0d1dae71ea,0.38,0.3990392444227325,12282.0,7124.0,546.33,NVIDIA GeForce RTX 4070,[N/A],Enabled,Enabled
1702654680.403059,0,GPU-93ae0c7f-c327-aee3-adae-bc0d1dae71ea,0.35,0.3990392444227325,12282.0,7124.0,546.33,NVIDIA GeForce RTX 4070,[N/A],Enabled,Enabled
1702654681.403061,0,GPU-93ae0c7f-c327-aee3-adae-bc0d1dae71ea,0.33,0.3990392444227325,12282.0,7124.0,546.33,NVIDIA GeForce RTX 4070,[N/A],Enabled,Enabled
1702654682.4032,0,GPU-93ae0c7f-c327-aee3-adae-bc0d1dae71ea,0.36,0.3990392444227325,12282.0,7124.0,546.33,NVIDIA GeForce RTX 4070,[N/A],Enabled,Enabled
1702654683.40298,0,GPU-93ae0c7f-c327-aee3-adae-bc0d1dae71ea,0.36,0.3990392444227325,12282.0,7124.0,546.33,NVIDIA GeForce RTX 4070,[N/A],Enabled,Enabled
1702654684.403729,0,GPU-93ae0c7f-c327-aee3-adae-bc0d1dae71ea,0.36,0.3990392444227325,12282.0,7124.0,546.33,NVIDIA GeForce RTX 4070,[N/A],Enabled,Enabled
1702654685.403117,0,GPU-93ae0c7f-c327-aee3-adae-bc0d1dae71ea,0.37,0.3990392444227325,12282.0,7124.0,546.33,NVIDIA GeForce RTX 4070,[N/A],Enabled,Enabled
1702654686.403087,0,GPU-93ae0c7f-c327-aee3-adae-bc0d1dae71ea,0.4,0.3990392444227325,12282.0,7124.0,546.33,NVIDIA GeForce RTX 4070,[N/A],Enabled,Enabled
1702654687.40292,0,GPU-93ae0c7f-c327-aee3-adae-bc0d1dae71ea,0.33,0.3990392444227325,12282.0,7124.0,546.33,NVIDIA GeForce RTX 4070,[N/A],Enabled,Enabled
1702654688.40347,0,GPU-93ae0c7f-c327-aee3-adae-bc0d1dae71ea,0.34,0.3990392444227325,12282.0,7124.0,546.33,NVIDIA GeForce RTX 4070,[N/A],Enabled,Enabled
1702654689.402883,0,GPU-93ae0c7f-c327-aee3-adae-bc0d1dae71ea,0.37,0.3990392444227325,12282.0,7124.0,546.33,NVIDIA GeForce RTX 4070,[N/A],Enabled,Enabled
1702654690.403094,0,GPU-93ae0c7f-c327-aee3-adae-bc0d1dae71ea,0.39,0.3990392444227325,12282.0,7124.0,546.33,NVIDIA GeForce RTX 4070,[N/A],Enabled,Enabled
1702654691.40324,0,GPU-93ae0c7f-c327-aee3-adae-bc0d1dae71ea,0.37,0.3990392444227325,12282.0,7124.0,546.33,NVIDIA GeForce RTX 4070,[N/A],Enabled,Enabled
1702654692.403195,0,GPU-93ae0c7f-c327-aee3-adae-bc0d1dae71ea,0.36,0.3990392444227325,12282.0,7124.0,546.33,NVIDIA GeForce RTX 4070,[N/A],Enabled,Enabled
1702654693.403735,0,GPU-93ae0c7f-c327-aee3-adae-bc0d1dae71ea,0.38,0.3990392444227325,12282.0,7124.0,546.33,NVIDIA GeForce RTX 4070,[N/A],Enabled,Enabled
1702654694.404102,0,GPU-93ae0c7f-c327-aee3-adae-bc0d1dae71ea,0.41,0.3990392444227325,12282.0,7124.0,546.33,NVIDIA GeForce RTX 4070,[N/A],Enabled,Enabled
1702654695.403111,0,GPU-93ae0c7f-c327-aee3-adae-bc0d1dae71ea,0.38,0.3990392444227325,12282.0,7124.0,546.33,NVIDIA GeForce RTX 4070,[N/A],Enabled,Enabled
1702654696.403027,0,GPU-93ae0c7f-c327-aee3-adae-bc0d1dae71ea,0.35,0.3990392444227325,12282.0,7124.0,546.33,NVIDIA GeForce RTX 4070,[N/A],Enabled,Enabled
1702654697.403968,0,GPU-93ae0c7f-c327-aee3-adae-bc0d1dae71ea,0.36,0.3990392444227325,12282.0,7124.0,546.33,NVIDIA GeForce RTX 4070,[N/A],Enabled,Enabled
1702654698.403145,0,GPU-93ae0c7f-c327-aee3-adae-bc0d1dae71ea,0.41,0.3990392444227325,12282.0,7124.0,546.33,NVIDIA GeForce RTX 4070,[N/A],Enabled,Enabled
1702654699.402888,0,GPU-93ae0c7f-c327-aee3-adae-bc0d1dae71ea,0.41,0.3990392444227325,12282.0,7124.0,546.33,NVIDIA GeForce RTX 4070,[N/A],Enabled,Enabled
1702654700.403465,0,GPU-93ae0c7f-c327-aee3-adae-bc0d1dae71ea,0.51,0.3990392444227325,12282.0,7124.0,546.33,NVIDIA GeForce RTX 4070,[N/A],Enabled,Enabled
1702654701.403717,0,GPU-93ae0c7f-c327-aee3-adae-bc0d1dae71ea,0.39,0.3990392444227325,12282.0,7124.0,546.33,NVIDIA GeForce RTX 4070,[N/A],Enabled,Enabled
1702654702.403542,0,GPU-93ae0c7f-c327-aee3-adae-bc0d1dae71ea,0.43,0.3990392444227325,12282.0,7124.0,546.33,NVIDIA GeForce RTX 4070,[N/A],Enabled,Enabled
1702654703.403136,0,GPU-93ae0c7f-c327-aee3-adae-bc0d1dae71ea,0.32,0.3990392444227325,12282.0,7124.0,546.33,NVIDIA GeForce RTX 4070,[N/A],Enabled,Enabled
1702654704.403725,0,GPU-93ae0c7f-c327-aee3-adae-bc0d1dae71ea,0.39,0.3990392444227325,12282.0,7124.0,546.33,NVIDIA GeForce RTX 4070,[N/A],Enabled,Enabled
1702654705.403349,0,GPU-93ae0c7f-c327-aee3-adae-bc0d1dae71ea,0.42,0.3990392444227325,12282.0,7124.0,546.33,NVIDIA GeForce RTX 4070,[N/A],Enabled,Enabled
1702654706.404184,0,GPU-93ae0c7f-c327-aee3-adae-bc0d1dae71ea,0.45,0.3990392444227325,12282.0,7124.0,546.33,NVIDIA GeForce RTX 4070,[N/A],Enabled,Enabled
1702654707.403995,0,GPU-93ae0c7f-c327-aee3-adae-bc0d1dae71ea,0.38,0.3990392444227325,12282.0,7124.0,546.33,NVIDIA GeForce RTX 4070,[N/A],Enabled,Enabled
1702654708.40334,0,GPU-93ae0c7f-c327-aee3-adae-bc0d1dae71ea,0.39,0.3990392444227325,12282.0,7124.0,546.33,NVIDIA GeForce RTX 4070,[N/A],Enabled,Enabled
1702654709.403266,0,GPU-93ae0c7f-c327-aee3-adae-bc0d1dae71ea,0.37,0.3990392444227325,12282.0,7124.0,546.33,NVIDIA GeForce RTX 4070,[N/A],Enabled,Enabled
1702654710.403176,0,GPU-93ae0c7f-c327-aee3-adae-bc0d1dae71ea,0.44,0.3990392444227325,12282.0,7124.0,546.33,NVIDIA GeForce RTX 4070,[N/A],Enabled,Enabled
1702654711.403799,0,GPU-93ae0c7f-c327-aee3-adae-bc0d1dae71ea,0.44,0.3990392444227325,12282.0,7124.0,546.33,NVIDIA GeForce RTX 4070,[N/A],Enabled,Enabled
1702654712.404003,0,GPU-93ae0c7f-c327-aee3-adae-bc0d1dae71ea,0.41,0.3990392444227325,12282.0,7124.0,546.33,NVIDIA GeForce RTX 4070,[N/A],Enabled,Enabled
1702654713.403919,0,GPU-93ae0c7f-c327-aee3-adae-bc0d1dae71ea,0.35,0.3990392444227325,12282.0,7124.0,546.33,NVIDIA GeForce RTX 4070,[N/A],Enabled,Enabled
1702654714.403319,0,GPU-93ae0c7f-c327-aee3-adae-bc0d1dae71ea,0.38,0.3990392444227325,12282.0,7124.0,546.33,NVIDIA GeForce RTX 4070,[N/A],Enabled,Enabled
1702654715.403623,0,GPU-93ae0c7f-c327-aee3-adae-bc0d1dae71ea,0.41,0.3990392444227325,12282.0,7124.0,546.33,NVIDIA GeForce RTX 4070,[N/A],Enabled,Enabled
1702654716.402916,0,GPU-93ae0c7f-c327-aee3-adae-bc0d1dae71ea,0.36,0.3990392444227325,12282.0,7124.0,546.33,NVIDIA GeForce RTX 4070,[N/A],Enabled,Enabled
1702654717.40341,0,GPU-93ae0c7f-c327-aee3-adae-bc0d1dae71ea,0.42,0.3990392444227325,12282.0,7124.0,546.33,NVIDIA GeForce RTX 4070,[N/A],Enabled,Enabled
1702654718.403901,0,GPU-93ae0c7f-c327-aee3-adae-bc0d1dae71ea,0.4,0.3990392444227325,12282.0,7124.0,546.33,NVIDIA GeForce RTX 4070,[N/A],Enabled,Enabled
1702654719.403307,0,GPU-93ae0c7f-c327-aee3-adae-bc0d1dae71ea,0.38,0.3990392444227325,12282.0,7124.0,546.33,NVIDIA GeForce RTX 4070,[N/A],Enabled,Enabled
1702654720.403872,0,GPU-93ae0c7f-c327-aee3-adae-bc0d1dae71ea,0.44,0.3990392444227325,12282.0,7124.0,546.33,NVIDIA GeForce RTX 4070,[N/A],Enabled,Enabled
1702654721.403275,0,GPU-93ae0c7f-c327-aee3-adae-bc0d1dae71ea,0.35,0.3990392444227325,12282.0,7124.0,546.33,NVIDIA GeForce RTX 4070,[N/A],Enabled,Enabled
1702654722.404245,0,GPU-93ae0c7f-c327-aee3-adae-bc0d1dae71ea,0.41,0.3990392444227325,12282.0,7124.0,546.33,NVIDIA GeForce RTX 4070,[N/A],Enabled,Enabled
1702654723.403114,0,GPU-93ae0c7f-c327-aee3-adae-bc0d1dae71ea,0.37,0.3990392444227325,12282.0,7124.0,546.33,NVIDIA GeForce RTX 4070,[N/A],Enabled,Enabled
1702654724.403497,0,GPU-93ae0c7f-c327-aee3-adae-bc0d1dae71ea,0.36,0.3990392444227325,12282.0,7124.0,546.33,NVIDIA GeForce RTX 4070,[N/A],Enabled,Enabled
1702654725.403605,0,GPU-93ae0c7f-c327-aee3-adae-bc0d1dae71ea,0.38,0.39855072463768115,12282.0,7130.0,546.33,NVIDIA GeForce RTX 4070,[N/A],Enabled,Enabled
1702654726.404175,0,GPU-93ae0c7f-c327-aee3-adae-bc0d1dae71ea,0.37,0.3982250447809803,12282.0,7134.0,546.33,NVIDIA GeForce RTX 4070,[N/A],Enabled,Enabled
1702654727.403518,0,GPU-93ae0c7f-c327-aee3-adae-bc0d1dae71ea,0.39,0.3982250447809803,12282.0,7134.0,546.33,NVIDIA GeForce RTX 4070,[N/A],Enabled,Enabled
1702654728.403683,0,GPU-93ae0c7f-c327-aee3-adae-bc0d1dae71ea,0.39,0.3982250447809803,12282.0,7134.0,546.33,NVIDIA GeForce RTX 4070,[N/A],Enabled,Enabled
1702654729.40432,0,GPU-93ae0c7f-c327-aee3-adae-bc0d1dae71ea,0.32,0.3982250447809803,12282.0,7134.0,546.33,NVIDIA GeForce RTX 4070,[N/A],Enabled,Enabled
1702654730.40385,0,GPU-93ae0c7f-c327-aee3-adae-bc0d1dae71ea,0.28,0.39643380556912555,12282.0,7156.0,546.33,NVIDIA GeForce RTX 4070,[N/A],Enabled,Enabled
1702654731.403131,0,GPU-93ae0c7f-c327-aee3-adae-bc0d1dae71ea,0.29,0.39643380556912555,12282.0,7156.0,546.33,NVIDIA GeForce RTX 4070,[N/A],Enabled,Enabled
1702654732.403543,0,GPU-93ae0c7f-c327-aee3-adae-bc0d1dae71ea,0.26,0.39211854746783914,12282.0,7209.0,546.33,NVIDIA GeForce RTX 4070,[N/A],Enabled,Enabled
1702654733.403685,0,GPU-93ae0c7f-c327-aee3-adae-bc0d1dae71ea,0.29,0.39643380556912555,12282.0,7156.0,546.33,NVIDIA GeForce RTX 4070,[N/A],Enabled,Enabled
1702654734.403685,0,GPU-93ae0c7f-c327-aee3-adae-bc0d1dae71ea,0.26,0.39211854746783914,12282.0,7209.0,546.33,NVIDIA GeForce RTX 4070,[N/A],Enabled,Enabled
1702654735.403447,0,GPU-93ae0c7f-c327-aee3-adae-bc0d1dae71ea,0.27,0.39211854746783914,12282.0,7209.0,546.33,NVIDIA GeForce RTX 4070,[N/A],Enabled,Enabled
1702654736.403016,0,GPU-93ae0c7f-c327-aee3-adae-bc0d1dae71ea,0.26,0.39211854746783914,12282.0,7209.0,546.33,NVIDIA GeForce RTX 4070,[N/A],Enabled,Enabled
1702654737.40292,0,GPU-93ae0c7f-c327-aee3-adae-bc0d1dae71ea,0.24,0.39211854746783914,12282.0,7209.0,546.33,NVIDIA GeForce RTX 4070,[N/A],Enabled,Enabled
1702654738.403913,0,GPU-93ae0c7f-c327-aee3-adae-bc0d1dae71ea,0.23,0.39211854746783914,12282.0,7209.0,546.33,NVIDIA GeForce RTX 4070,[N/A],Enabled,Enabled
1702654739.403393,0,GPU-93ae0c7f-c327-aee3-adae-bc0d1dae71ea,0.24,0.39211854746783914,12282.0,7209.0,546.33,NVIDIA GeForce RTX 4070,[N/A],Enabled,Enabled
1702654740.403361,0,GPU-93ae0c7f-c327-aee3-adae-bc0d1dae71ea,0.25,0.39293274710959125,12282.0,7199.0,546.33,NVIDIA GeForce RTX 4070,[N/A],Enabled,Enabled
1702654741.403623,0,GPU-93ae0c7f-c327-aee3-adae-bc0d1dae71ea,0.25,0.39309558703794173,12282.0,7197.0,546.33,NVIDIA GeForce RTX 4070,[N/A],Enabled,Enabled
1702654742.403302,0,GPU-93ae0c7f-c327-aee3-adae-bc0d1dae71ea,0.25,0.39293274710959125,12282.0,7199.0,546.33,NVIDIA GeForce RTX 4070,[N/A],Enabled,Enabled
1702654743.403911,0,GPU-93ae0c7f-c327-aee3-adae-bc0d1dae71ea,0.2,0.20688812896922326,12282.0,9484.0,546.33,NVIDIA GeForce RTX 4070,[N/A],Enabled,Enabled
1702654744.403498,0,GPU-93ae0c7f-c327-aee3-adae-bc0d1dae71ea,0.15,0.2081908483960267,12282.0,9468.0,546.33,NVIDIA GeForce RTX 4070,[N/A],Enabled,Enabled
1702654745.403747,0,GPU-93ae0c7f-c327-aee3-adae-bc0d1dae71ea,0.13,0.2081908483960267,12282.0,9468.0,546.33,NVIDIA GeForce RTX 4070,[N/A],Enabled,Enabled
