timestamp,id,uuid,load,memoryUtil,memoryTotal,memoryUsed,memoryFree,driver,name,serial,display_mode,display_active
1709265628.49481,0,GPU-93ae0c7f-c327-aee3-adae-bc0d1dae71ea,0.13,0.26021820550398955,12282.0,8815.0,551.52,NVIDIA GeForce RTX 4070,[N/A],Enabled,Enabled
1709265629.492077,0,GPU-93ae0c7f-c327-aee3-adae-bc0d1dae71ea,0.14,0.25818270639960916,12282.0,8840.0,551.52,NVIDIA GeForce RTX 4070,[N/A],Enabled,Enabled
1709265630.492083,0,GPU-93ae0c7f-c327-aee3-adae-bc0d1dae71ea,0.13,0.25818270639960916,12282.0,8840.0,551.52,NVIDIA GeForce RTX 4070,[N/A],Enabled,Enabled
1709265631.492004,0,GPU-93ae0c7f-c327-aee3-adae-bc0d1dae71ea,0.13,0.25818270639960916,12282.0,8840.0,551.52,NVIDIA GeForce RTX 4070,[N/A],Enabled,Enabled
1709265632.492202,0,GPU-93ae0c7f-c327-aee3-adae-bc0d1dae71ea,0.13,0.25818270639960916,12282.0,8840.0,551.52,NVIDIA GeForce RTX 4070,[N/A],Enabled,Enabled
1709265633.491903,0,GPU-93ae0c7f-c327-aee3-adae-bc0d1dae71ea,0.13,0.25818270639960916,12282.0,8840.0,551.52,NVIDIA GeForce RTX 4070,[N/A],Enabled,Enabled
1709265634.491689,0,GPU-93ae0c7f-c327-aee3-adae-bc0d1dae71ea,0.13,0.25818270639960916,12282.0,8840.0,551.52,NVIDIA GeForce RTX 4070,[N/A],Enabled,Enabled
1709265635.491931,0,GPU-93ae0c7f-c327-aee3-adae-bc0d1dae71ea,0.13,0.25818270639960916,12282.0,8840.0,551.52,NVIDIA GeForce RTX 4070,[N/A],Enabled,Enabled
1709265636.491775,0,GPU-93ae0c7f-c327-aee3-adae-bc0d1dae71ea,0.13,0.25818270639960916,12282.0,8840.0,551.52,NVIDIA GeForce RTX 4070,[N/A],Enabled,Enabled
1709265637.49154,0,GPU-93ae0c7f-c327-aee3-adae-bc0d1dae71ea,0.13,0.25818270639960916,12282.0,8840.0,551.52,NVIDIA GeForce RTX 4070,[N/A],Enabled,Enabled
1709265638.492373,0,GPU-93ae0c7f-c327-aee3-adae-bc0d1dae71ea,0.13,0.25818270639960916,12282.0,8840.0,551.52,NVIDIA GeForce RTX 4070,[N/A],Enabled,Enabled
1709265639.491906,0,GPU-93ae0c7f-c327-aee3-adae-bc0d1dae71ea,0.13,0.25818270639960916,12282.0,8840.0,551.52,NVIDIA GeForce RTX 4070,[N/A],Enabled,Enabled
1709265640.492074,0,GPU-93ae0c7f-c327-aee3-adae-bc0d1dae71ea,0.13,0.25818270639960916,12282.0,8840.0,551.52,NVIDIA GeForce RTX 4070,[N/A],Enabled,Enabled
1709265641.492346,0,GPU-93ae0c7f-c327-aee3-adae-bc0d1dae71ea,0.13,0.25818270639960916,12282.0,8840.0,551.52,NVIDIA GeForce RTX 4070,[N/A],Enabled,Enabled
1709265642.492228,0,GPU-93ae0c7f-c327-aee3-adae-bc0d1dae71ea,0.13,0.25818270639960916,12282.0,8840.0,551.52,NVIDIA GeForce RTX 4070,[N/A],Enabled,Enabled
1709265643.492243,0,GPU-93ae0c7f-c327-aee3-adae-bc0d1dae71ea,0.15,0.25810128643543395,12282.0,8841.0,551.52,NVIDIA GeForce RTX 4070,[N/A],Enabled,Enabled
1709265644.492971,0,GPU-93ae0c7f-c327-aee3-adae-bc0d1dae71ea,0.15,0.26038104543234003,12282.0,8813.0,551.52,NVIDIA GeForce RTX 4070,[N/A],Enabled,Enabled
1709265645.492154,0,GPU-93ae0c7f-c327-aee3-adae-bc0d1dae71ea,0.21,0.3650871193616675,12282.0,7527.0,551.52,NVIDIA GeForce RTX 4070,[N/A],Enabled,Enabled
1709265646.492102,0,GPU-93ae0c7f-c327-aee3-adae-bc0d1dae71ea,0.08,0.32942517505292296,12282.0,7965.0,551.52,NVIDIA GeForce RTX 4070,[N/A],Enabled,Enabled
1709265647.492733,0,GPU-93ae0c7f-c327-aee3-adae-bc0d1dae71ea,0.08,0.3291809151603973,12282.0,7968.0,551.52,NVIDIA GeForce RTX 4070,[N/A],Enabled,Enabled
1709265648.492989,0,GPU-93ae0c7f-c327-aee3-adae-bc0d1dae71ea,0.08,0.3289366552678717,12282.0,7971.0,551.52,NVIDIA GeForce RTX 4070,[N/A],Enabled,Enabled
1709265649.493162,0,GPU-93ae0c7f-c327-aee3-adae-bc0d1dae71ea,0.05,0.2585898062204853,12282.0,8835.0,551.52,NVIDIA GeForce RTX 4070,[N/A],Enabled,Enabled
1709265650.49249,0,GPU-93ae0c7f-c327-aee3-adae-bc0d1dae71ea,0.32,0.4320143299136948,12282.0,6705.0,551.52,NVIDIA GeForce RTX 4070,[N/A],Enabled,Enabled
1709265651.492087,0,GPU-93ae0c7f-c327-aee3-adae-bc0d1dae71ea,0.33,0.4571730988438365,12282.0,6396.0,551.52,NVIDIA GeForce RTX 4070,[N/A],Enabled,Enabled
1709265652.492071,0,GPU-93ae0c7f-c327-aee3-adae-bc0d1dae71ea,0.31,0.4570916788796613,12282.0,6397.0,551.52,NVIDIA GeForce RTX 4070,[N/A],Enabled,Enabled
1709265653.492156,0,GPU-93ae0c7f-c327-aee3-adae-bc0d1dae71ea,0.27,0.45228790099332356,12282.0,6456.0,551.52,NVIDIA GeForce RTX 4070,[N/A],Enabled,Enabled
1709265654.492461,0,GPU-93ae0c7f-c327-aee3-adae-bc0d1dae71ea,0.28,0.45228790099332356,12282.0,6456.0,551.52,NVIDIA GeForce RTX 4070,[N/A],Enabled,Enabled
1709265655.492445,0,GPU-93ae0c7f-c327-aee3-adae-bc0d1dae71ea,0.28,0.45228790099332356,12282.0,6456.0,551.52,NVIDIA GeForce RTX 4070,[N/A],Enabled,Enabled
1709265656.492025,0,GPU-93ae0c7f-c327-aee3-adae-bc0d1dae71ea,0.32,0.4570102589154861,12282.0,6398.0,551.52,NVIDIA GeForce RTX 4070,[N/A],Enabled,Enabled
1709265657.492146,0,GPU-93ae0c7f-c327-aee3-adae-bc0d1dae71ea,0.08,0.5697769092981599,12282.0,5013.0,551.52,NVIDIA GeForce RTX 4070,[N/A],Enabled,Enabled
1709265658.491771,0,GPU-93ae0c7f-c327-aee3-adae-bc0d1dae71ea,0.3,0.45782445855723825,12282.0,6388.0,551.52,NVIDIA GeForce RTX 4070,[N/A],Enabled,Enabled
1709265659.491698,0,GPU-93ae0c7f-c327-aee3-adae-bc0d1dae71ea,0.28,0.4531021006350757,12282.0,6446.0,551.52,NVIDIA GeForce RTX 4070,[N/A],Enabled,Enabled
1709265660.491875,0,GPU-93ae0c7f-c327-aee3-adae-bc0d1dae71ea,0.27,0.4531021006350757,12282.0,6446.0,551.52,NVIDIA GeForce RTX 4070,[N/A],Enabled,Enabled
1709265661.492076,0,GPU-93ae0c7f-c327-aee3-adae-bc0d1dae71ea,0.23,0.45790587852141346,12282.0,6387.0,551.52,NVIDIA GeForce RTX 4070,[N/A],Enabled,Enabled
1709265662.49225,0,GPU-93ae0c7f-c327-aee3-adae-bc0d1dae71ea,0.27,0.45318352059925093,12282.0,6445.0,551.52,NVIDIA GeForce RTX 4070,[N/A],Enabled,Enabled
1709265663.492787,0,GPU-93ae0c7f-c327-aee3-adae-bc0d1dae71ea,0.3,0.45790587852141346,12282.0,6387.0,551.52,NVIDIA GeForce RTX 4070,[N/A],Enabled,Enabled
1709265664.491666,0,GPU-93ae0c7f-c327-aee3-adae-bc0d1dae71ea,0.31,0.45790587852141346,12282.0,6387.0,551.52,NVIDIA GeForce RTX 4070,[N/A],Enabled,Enabled
1709265665.492149,0,GPU-93ae0c7f-c327-aee3-adae-bc0d1dae71ea,0.28,0.45790587852141346,12282.0,6387.0,551.52,NVIDIA GeForce RTX 4070,[N/A],Enabled,Enabled
1709265666.493209,0,GPU-93ae0c7f-c327-aee3-adae-bc0d1dae71ea,0.3,0.45790587852141346,12282.0,6387.0,551.52,NVIDIA GeForce RTX 4070,[N/A],Enabled,Enabled
1709265667.492103,0,GPU-93ae0c7f-c327-aee3-adae-bc0d1dae71ea,0.31,0.45790587852141346,12282.0,6387.0,551.52,NVIDIA GeForce RTX 4070,[N/A],Enabled,Enabled
1709265668.491875,0,GPU-93ae0c7f-c327-aee3-adae-bc0d1dae71ea,0.28,0.45318352059925093,12282.0,6445.0,551.52,NVIDIA GeForce RTX 4070,[N/A],Enabled,Enabled
1709265669.492275,0,GPU-93ae0c7f-c327-aee3-adae-bc0d1dae71ea,0.27,0.45318352059925093,12282.0,6445.0,551.52,NVIDIA GeForce RTX 4070,[N/A],Enabled,Enabled
1709265670.491935,0,GPU-93ae0c7f-c327-aee3-adae-bc0d1dae71ea,0.28,0.45318352059925093,12282.0,6445.0,551.52,NVIDIA GeForce RTX 4070,[N/A],Enabled,Enabled
1709265671.492335,0,GPU-93ae0c7f-c327-aee3-adae-bc0d1dae71ea,0.31,0.45790587852141346,12282.0,6387.0,551.52,NVIDIA GeForce RTX 4070,[N/A],Enabled,Enabled
1709265672.492456,0,GPU-93ae0c7f-c327-aee3-adae-bc0d1dae71ea,0.28,0.45790587852141346,12282.0,6387.0,551.52,NVIDIA GeForce RTX 4070,[N/A],Enabled,Enabled
1709265673.491903,0,GPU-93ae0c7f-c327-aee3-adae-bc0d1dae71ea,0.22,0.4552190197036313,12282.0,6420.0,551.52,NVIDIA GeForce RTX 4070,[N/A],Enabled,Enabled
1709265674.492114,0,GPU-93ae0c7f-c327-aee3-adae-bc0d1dae71ea,0.37,0.4617326168376486,12282.0,6340.0,551.52,NVIDIA GeForce RTX 4070,[N/A],Enabled,Enabled
1709265675.492656,0,GPU-93ae0c7f-c327-aee3-adae-bc0d1dae71ea,0.42,0.4617326168376486,12282.0,6340.0,551.52,NVIDIA GeForce RTX 4070,[N/A],Enabled,Enabled
1709265676.492073,0,GPU-93ae0c7f-c327-aee3-adae-bc0d1dae71ea,0.38,0.4617326168376486,12282.0,6340.0,551.52,NVIDIA GeForce RTX 4070,[N/A],Enabled,Enabled
1709265677.492816,0,GPU-93ae0c7f-c327-aee3-adae-bc0d1dae71ea,0.39,0.4617326168376486,12282.0,6340.0,551.52,NVIDIA GeForce RTX 4070,[N/A],Enabled,Enabled
1709265678.492232,0,GPU-93ae0c7f-c327-aee3-adae-bc0d1dae71ea,0.42,0.4617326168376486,12282.0,6340.0,551.52,NVIDIA GeForce RTX 4070,[N/A],Enabled,Enabled
1709265679.49247,0,GPU-93ae0c7f-c327-aee3-adae-bc0d1dae71ea,0.38,0.4617326168376486,12282.0,6340.0,551.52,NVIDIA GeForce RTX 4070,[N/A],Enabled,Enabled
1709265680.492606,0,GPU-93ae0c7f-c327-aee3-adae-bc0d1dae71ea,0.37,0.4617326168376486,12282.0,6340.0,551.52,NVIDIA GeForce RTX 4070,[N/A],Enabled,Enabled
1709265681.492235,0,GPU-93ae0c7f-c327-aee3-adae-bc0d1dae71ea,0.4,0.4617326168376486,12282.0,6340.0,551.52,NVIDIA GeForce RTX 4070,[N/A],Enabled,Enabled
1709265682.492016,0,GPU-93ae0c7f-c327-aee3-adae-bc0d1dae71ea,0.39,0.4617326168376486,12282.0,6340.0,551.52,NVIDIA GeForce RTX 4070,[N/A],Enabled,Enabled
1709265683.492157,0,GPU-93ae0c7f-c327-aee3-adae-bc0d1dae71ea,0.4,0.4617326168376486,12282.0,6340.0,551.52,NVIDIA GeForce RTX 4070,[N/A],Enabled,Enabled
1709265684.492026,0,GPU-93ae0c7f-c327-aee3-adae-bc0d1dae71ea,0.41,0.4617326168376486,12282.0,6340.0,551.52,NVIDIA GeForce RTX 4070,[N/A],Enabled,Enabled
1709265685.49219,0,GPU-93ae0c7f-c327-aee3-adae-bc0d1dae71ea,0.42,0.4617326168376486,12282.0,6340.0,551.52,NVIDIA GeForce RTX 4070,[N/A],Enabled,Enabled
1709265686.49239,0,GPU-93ae0c7f-c327-aee3-adae-bc0d1dae71ea,0.39,0.4617326168376486,12282.0,6340.0,551.52,NVIDIA GeForce RTX 4070,[N/A],Enabled,Enabled
1709265687.492126,0,GPU-93ae0c7f-c327-aee3-adae-bc0d1dae71ea,0.4,0.4617326168376486,12282.0,6340.0,551.52,NVIDIA GeForce RTX 4070,[N/A],Enabled,Enabled
1709265688.492656,0,GPU-93ae0c7f-c327-aee3-adae-bc0d1dae71ea,0.39,0.4617326168376486,12282.0,6340.0,551.52,NVIDIA GeForce RTX 4070,[N/A],Enabled,Enabled
1709265689.492012,0,GPU-93ae0c7f-c327-aee3-adae-bc0d1dae71ea,0.43,0.4617326168376486,12282.0,6340.0,551.52,NVIDIA GeForce RTX 4070,[N/A],Enabled,Enabled
1709265690.492099,0,GPU-93ae0c7f-c327-aee3-adae-bc0d1dae71ea,0.42,0.4617326168376486,12282.0,6340.0,551.52,NVIDIA GeForce RTX 4070,[N/A],Enabled,Enabled
1709265691.492166,0,GPU-93ae0c7f-c327-aee3-adae-bc0d1dae71ea,0.42,0.4617326168376486,12282.0,6340.0,551.52,NVIDIA GeForce RTX 4070,[N/A],Enabled,Enabled
1709265692.492207,0,GPU-93ae0c7f-c327-aee3-adae-bc0d1dae71ea,0.41,0.4617326168376486,12282.0,6340.0,551.52,NVIDIA GeForce RTX 4070,[N/A],Enabled,Enabled
1709265693.492013,0,GPU-93ae0c7f-c327-aee3-adae-bc0d1dae71ea,0.4,0.4617326168376486,12282.0,6340.0,551.52,NVIDIA GeForce RTX 4070,[N/A],Enabled,Enabled
1709265694.491849,0,GPU-93ae0c7f-c327-aee3-adae-bc0d1dae71ea,0.42,0.4617326168376486,12282.0,6340.0,551.52,NVIDIA GeForce RTX 4070,[N/A],Enabled,Enabled
1709265695.4922,0,GPU-93ae0c7f-c327-aee3-adae-bc0d1dae71ea,0.4,0.4617326168376486,12282.0,6340.0,551.52,NVIDIA GeForce RTX 4070,[N/A],Enabled,Enabled
1709265696.491661,0,GPU-93ae0c7f-c327-aee3-adae-bc0d1dae71ea,0.4,0.4617326168376486,12282.0,6340.0,551.52,NVIDIA GeForce RTX 4070,[N/A],Enabled,Enabled
1709265697.49236,0,GPU-93ae0c7f-c327-aee3-adae-bc0d1dae71ea,0.43,0.4617326168376486,12282.0,6340.0,551.52,NVIDIA GeForce RTX 4070,[N/A],Enabled,Enabled
1709265698.49193,0,GPU-93ae0c7f-c327-aee3-adae-bc0d1dae71ea,0.44,0.4617326168376486,12282.0,6340.0,551.52,NVIDIA GeForce RTX 4070,[N/A],Enabled,Enabled
1709265699.493023,0,GPU-93ae0c7f-c327-aee3-adae-bc0d1dae71ea,0.46,0.4617326168376486,12282.0,6340.0,551.52,NVIDIA GeForce RTX 4070,[N/A],Enabled,Enabled
1709265700.491897,0,GPU-93ae0c7f-c327-aee3-adae-bc0d1dae71ea,0.41,0.4617326168376486,12282.0,6340.0,551.52,NVIDIA GeForce RTX 4070,[N/A],Enabled,Enabled
1709265701.491843,0,GPU-93ae0c7f-c327-aee3-adae-bc0d1dae71ea,0.47,0.4617326168376486,12282.0,6340.0,551.52,NVIDIA GeForce RTX 4070,[N/A],Enabled,Enabled
1709265702.49142,0,GPU-93ae0c7f-c327-aee3-adae-bc0d1dae71ea,0.46,0.4617326168376486,12282.0,6340.0,551.52,NVIDIA GeForce RTX 4070,[N/A],Enabled,Enabled
1709265703.492257,0,GPU-93ae0c7f-c327-aee3-adae-bc0d1dae71ea,0.4,0.4617326168376486,12282.0,6340.0,551.52,NVIDIA GeForce RTX 4070,[N/A],Enabled,Enabled
1709265704.492046,0,GPU-93ae0c7f-c327-aee3-adae-bc0d1dae71ea,0.41,0.4617326168376486,12282.0,6340.0,551.52,NVIDIA GeForce RTX 4070,[N/A],Enabled,Enabled
1709265705.492416,0,GPU-93ae0c7f-c327-aee3-adae-bc0d1dae71ea,0.41,0.4617326168376486,12282.0,6340.0,551.52,NVIDIA GeForce RTX 4070,[N/A],Enabled,Enabled
1709265706.492443,0,GPU-93ae0c7f-c327-aee3-adae-bc0d1dae71ea,0.42,0.4617326168376486,12282.0,6340.0,551.52,NVIDIA GeForce RTX 4070,[N/A],Enabled,Enabled
1709265707.492589,0,GPU-93ae0c7f-c327-aee3-adae-bc0d1dae71ea,0.42,0.4617326168376486,12282.0,6340.0,551.52,NVIDIA GeForce RTX 4070,[N/A],Enabled,Enabled
1709265708.493043,0,GPU-93ae0c7f-c327-aee3-adae-bc0d1dae71ea,0.39,0.4617326168376486,12282.0,6340.0,551.52,NVIDIA GeForce RTX 4070,[N/A],Enabled,Enabled
1709265709.49195,0,GPU-93ae0c7f-c327-aee3-adae-bc0d1dae71ea,0.4,0.4617326168376486,12282.0,6340.0,551.52,NVIDIA GeForce RTX 4070,[N/A],Enabled,Enabled
1709265710.492172,0,GPU-93ae0c7f-c327-aee3-adae-bc0d1dae71ea,0.38,0.4617326168376486,12282.0,6340.0,551.52,NVIDIA GeForce RTX 4070,[N/A],Enabled,Enabled
1709265711.492606,0,GPU-93ae0c7f-c327-aee3-adae-bc0d1dae71ea,0.4,0.4617326168376486,12282.0,6340.0,551.52,NVIDIA GeForce RTX 4070,[N/A],Enabled,Enabled
1709265712.491854,0,GPU-93ae0c7f-c327-aee3-adae-bc0d1dae71ea,0.38,0.4617326168376486,12282.0,6340.0,551.52,NVIDIA GeForce RTX 4070,[N/A],Enabled,Enabled
1709265713.491802,0,GPU-93ae0c7f-c327-aee3-adae-bc0d1dae71ea,0.4,0.4617326168376486,12282.0,6340.0,551.52,NVIDIA GeForce RTX 4070,[N/A],Enabled,Enabled
1709265714.492483,0,GPU-93ae0c7f-c327-aee3-adae-bc0d1dae71ea,0.41,0.4617326168376486,12282.0,6340.0,551.52,NVIDIA GeForce RTX 4070,[N/A],Enabled,Enabled
1709265715.492002,0,GPU-93ae0c7f-c327-aee3-adae-bc0d1dae71ea,0.4,0.4617326168376486,12282.0,6340.0,551.52,NVIDIA GeForce RTX 4070,[N/A],Enabled,Enabled
1709265716.492233,0,GPU-93ae0c7f-c327-aee3-adae-bc0d1dae71ea,0.39,0.4617326168376486,12282.0,6340.0,551.52,NVIDIA GeForce RTX 4070,[N/A],Enabled,Enabled
1709265717.49219,0,GPU-93ae0c7f-c327-aee3-adae-bc0d1dae71ea,0.41,0.4617326168376486,12282.0,6340.0,551.52,NVIDIA GeForce RTX 4070,[N/A],Enabled,Enabled
1709265718.491967,0,GPU-93ae0c7f-c327-aee3-adae-bc0d1dae71ea,0.38,0.4617326168376486,12282.0,6340.0,551.52,NVIDIA GeForce RTX 4070,[N/A],Enabled,Enabled
1709265719.49241,0,GPU-93ae0c7f-c327-aee3-adae-bc0d1dae71ea,0.42,0.4617326168376486,12282.0,6340.0,551.52,NVIDIA GeForce RTX 4070,[N/A],Enabled,Enabled
1709265720.491927,0,GPU-93ae0c7f-c327-aee3-adae-bc0d1dae71ea,0.39,0.4617326168376486,12282.0,6340.0,551.52,NVIDIA GeForce RTX 4070,[N/A],Enabled,Enabled
1709265721.492369,0,GPU-93ae0c7f-c327-aee3-adae-bc0d1dae71ea,0.4,0.4617326168376486,12282.0,6340.0,551.52,NVIDIA GeForce RTX 4070,[N/A],Enabled,Enabled
1709265722.491849,0,GPU-93ae0c7f-c327-aee3-adae-bc0d1dae71ea,0.4,0.4617326168376486,12282.0,6340.0,551.52,NVIDIA GeForce RTX 4070,[N/A],Enabled,Enabled
1709265723.491846,0,GPU-93ae0c7f-c327-aee3-adae-bc0d1dae71ea,0.41,0.4617326168376486,12282.0,6340.0,551.52,NVIDIA GeForce RTX 4070,[N/A],Enabled,Enabled
1709265724.491984,0,GPU-93ae0c7f-c327-aee3-adae-bc0d1dae71ea,0.38,0.4617326168376486,12282.0,6340.0,551.52,NVIDIA GeForce RTX 4070,[N/A],Enabled,Enabled
1709265725.491984,0,GPU-93ae0c7f-c327-aee3-adae-bc0d1dae71ea,0.39,0.4617326168376486,12282.0,6340.0,551.52,NVIDIA GeForce RTX 4070,[N/A],Enabled,Enabled
1709265726.491816,0,GPU-93ae0c7f-c327-aee3-adae-bc0d1dae71ea,0.4,0.4617326168376486,12282.0,6340.0,551.52,NVIDIA GeForce RTX 4070,[N/A],Enabled,Enabled
1709265727.49242,0,GPU-93ae0c7f-c327-aee3-adae-bc0d1dae71ea,0.41,0.4617326168376486,12282.0,6340.0,551.52,NVIDIA GeForce RTX 4070,[N/A],Enabled,Enabled
1709265728.493291,0,GPU-93ae0c7f-c327-aee3-adae-bc0d1dae71ea,0.42,0.4617326168376486,12282.0,6340.0,551.52,NVIDIA GeForce RTX 4070,[N/A],Enabled,Enabled
1709265729.492085,0,GPU-93ae0c7f-c327-aee3-adae-bc0d1dae71ea,0.42,0.4617326168376486,12282.0,6340.0,551.52,NVIDIA GeForce RTX 4070,[N/A],Enabled,Enabled
1709265730.491831,0,GPU-93ae0c7f-c327-aee3-adae-bc0d1dae71ea,0.37,0.4617326168376486,12282.0,6340.0,551.52,NVIDIA GeForce RTX 4070,[N/A],Enabled,Enabled
1709265731.492561,0,GPU-93ae0c7f-c327-aee3-adae-bc0d1dae71ea,0.37,0.4617326168376486,12282.0,6340.0,551.52,NVIDIA GeForce RTX 4070,[N/A],Enabled,Enabled
1709265732.491964,0,GPU-93ae0c7f-c327-aee3-adae-bc0d1dae71ea,0.4,0.4617326168376486,12282.0,6340.0,551.52,NVIDIA GeForce RTX 4070,[N/A],Enabled,Enabled
1709265733.492438,0,GPU-93ae0c7f-c327-aee3-adae-bc0d1dae71ea,0.39,0.4617326168376486,12282.0,6340.0,551.52,NVIDIA GeForce RTX 4070,[N/A],Enabled,Enabled
1709265734.492054,0,GPU-93ae0c7f-c327-aee3-adae-bc0d1dae71ea,0.39,0.4617326168376486,12282.0,6340.0,551.52,NVIDIA GeForce RTX 4070,[N/A],Enabled,Enabled
1709265735.491844,0,GPU-93ae0c7f-c327-aee3-adae-bc0d1dae71ea,0.39,0.4617326168376486,12282.0,6340.0,551.52,NVIDIA GeForce RTX 4070,[N/A],Enabled,Enabled
1709265736.491947,0,GPU-93ae0c7f-c327-aee3-adae-bc0d1dae71ea,0.37,0.4617326168376486,12282.0,6340.0,551.52,NVIDIA GeForce RTX 4070,[N/A],Enabled,Enabled
1709265737.49209,0,GPU-93ae0c7f-c327-aee3-adae-bc0d1dae71ea,0.41,0.4617326168376486,12282.0,6340.0,551.52,NVIDIA GeForce RTX 4070,[N/A],Enabled,Enabled
1709265738.492186,0,GPU-93ae0c7f-c327-aee3-adae-bc0d1dae71ea,0.4,0.4617326168376486,12282.0,6340.0,551.52,NVIDIA GeForce RTX 4070,[N/A],Enabled,Enabled
1709265739.492564,0,GPU-93ae0c7f-c327-aee3-adae-bc0d1dae71ea,0.4,0.4617326168376486,12282.0,6340.0,551.52,NVIDIA GeForce RTX 4070,[N/A],Enabled,Enabled
1709265740.492086,0,GPU-93ae0c7f-c327-aee3-adae-bc0d1dae71ea,0.4,0.4617326168376486,12282.0,6340.0,551.52,NVIDIA GeForce RTX 4070,[N/A],Enabled,Enabled
1709265741.491747,0,GPU-93ae0c7f-c327-aee3-adae-bc0d1dae71ea,0.4,0.4617326168376486,12282.0,6340.0,551.52,NVIDIA GeForce RTX 4070,[N/A],Enabled,Enabled
1709265742.491871,0,GPU-93ae0c7f-c327-aee3-adae-bc0d1dae71ea,0.44,0.4617326168376486,12282.0,6340.0,551.52,NVIDIA GeForce RTX 4070,[N/A],Enabled,Enabled
1709265743.492104,0,GPU-93ae0c7f-c327-aee3-adae-bc0d1dae71ea,0.37,0.4617326168376486,12282.0,6340.0,551.52,NVIDIA GeForce RTX 4070,[N/A],Enabled,Enabled
1709265744.492368,0,GPU-93ae0c7f-c327-aee3-adae-bc0d1dae71ea,0.42,0.4617326168376486,12282.0,6340.0,551.52,NVIDIA GeForce RTX 4070,[N/A],Enabled,Enabled
1709265745.492769,0,GPU-93ae0c7f-c327-aee3-adae-bc0d1dae71ea,0.38,0.4617326168376486,12282.0,6340.0,551.52,NVIDIA GeForce RTX 4070,[N/A],Enabled,Enabled
1709265746.492383,0,GPU-93ae0c7f-c327-aee3-adae-bc0d1dae71ea,0.38,0.4617326168376486,12282.0,6340.0,551.52,NVIDIA GeForce RTX 4070,[N/A],Enabled,Enabled
1709265747.492611,0,GPU-93ae0c7f-c327-aee3-adae-bc0d1dae71ea,0.46,0.4617326168376486,12282.0,6340.0,551.52,NVIDIA GeForce RTX 4070,[N/A],Enabled,Enabled
1709265748.492408,0,GPU-93ae0c7f-c327-aee3-adae-bc0d1dae71ea,0.37,0.4617326168376486,12282.0,6340.0,551.52,NVIDIA GeForce RTX 4070,[N/A],Enabled,Enabled
1709265749.492246,0,GPU-93ae0c7f-c327-aee3-adae-bc0d1dae71ea,0.41,0.4617326168376486,12282.0,6340.0,551.52,NVIDIA GeForce RTX 4070,[N/A],Enabled,Enabled
1709265750.492704,0,GPU-93ae0c7f-c327-aee3-adae-bc0d1dae71ea,0.4,0.4617326168376486,12282.0,6340.0,551.52,NVIDIA GeForce RTX 4070,[N/A],Enabled,Enabled
1709265751.49243,0,GPU-93ae0c7f-c327-aee3-adae-bc0d1dae71ea,0.42,0.4617326168376486,12282.0,6340.0,551.52,NVIDIA GeForce RTX 4070,[N/A],Enabled,Enabled
1709265752.491763,0,GPU-93ae0c7f-c327-aee3-adae-bc0d1dae71ea,0.38,0.4617326168376486,12282.0,6340.0,551.52,NVIDIA GeForce RTX 4070,[N/A],Enabled,Enabled
1709265753.492476,0,GPU-93ae0c7f-c327-aee3-adae-bc0d1dae71ea,0.4,0.4617326168376486,12282.0,6340.0,551.52,NVIDIA GeForce RTX 4070,[N/A],Enabled,Enabled
1709265754.492,0,GPU-93ae0c7f-c327-aee3-adae-bc0d1dae71ea,0.41,0.4617326168376486,12282.0,6340.0,551.52,NVIDIA GeForce RTX 4070,[N/A],Enabled,Enabled
1709265755.492329,0,GPU-93ae0c7f-c327-aee3-adae-bc0d1dae71ea,0.4,0.4617326168376486,12282.0,6340.0,551.52,NVIDIA GeForce RTX 4070,[N/A],Enabled,Enabled
1709265756.492157,0,GPU-93ae0c7f-c327-aee3-adae-bc0d1dae71ea,0.39,0.4617326168376486,12282.0,6340.0,551.52,NVIDIA GeForce RTX 4070,[N/A],Enabled,Enabled
1709265757.491915,0,GPU-93ae0c7f-c327-aee3-adae-bc0d1dae71ea,0.42,0.4617326168376486,12282.0,6340.0,551.52,NVIDIA GeForce RTX 4070,[N/A],Enabled,Enabled
1709265758.492342,0,GPU-93ae0c7f-c327-aee3-adae-bc0d1dae71ea,0.37,0.4617326168376486,12282.0,6340.0,551.52,NVIDIA GeForce RTX 4070,[N/A],Enabled,Enabled
1709265759.491925,0,GPU-93ae0c7f-c327-aee3-adae-bc0d1dae71ea,0.38,0.4617326168376486,12282.0,6340.0,551.52,NVIDIA GeForce RTX 4070,[N/A],Enabled,Enabled
1709265760.492426,0,GPU-93ae0c7f-c327-aee3-adae-bc0d1dae71ea,0.39,0.4617326168376486,12282.0,6340.0,551.52,NVIDIA GeForce RTX 4070,[N/A],Enabled,Enabled
1709265761.492012,0,GPU-93ae0c7f-c327-aee3-adae-bc0d1dae71ea,0.41,0.4617326168376486,12282.0,6340.0,551.52,NVIDIA GeForce RTX 4070,[N/A],Enabled,Enabled
1709265762.49217,0,GPU-93ae0c7f-c327-aee3-adae-bc0d1dae71ea,0.37,0.4617326168376486,12282.0,6340.0,551.52,NVIDIA GeForce RTX 4070,[N/A],Enabled,Enabled
1709265763.491885,0,GPU-93ae0c7f-c327-aee3-adae-bc0d1dae71ea,0.39,0.4617326168376486,12282.0,6340.0,551.52,NVIDIA GeForce RTX 4070,[N/A],Enabled,Enabled
1709265764.492624,0,GPU-93ae0c7f-c327-aee3-adae-bc0d1dae71ea,0.39,0.4617326168376486,12282.0,6340.0,551.52,NVIDIA GeForce RTX 4070,[N/A],Enabled,Enabled
1709265765.492212,0,GPU-93ae0c7f-c327-aee3-adae-bc0d1dae71ea,0.39,0.4617326168376486,12282.0,6340.0,551.52,NVIDIA GeForce RTX 4070,[N/A],Enabled,Enabled
1709265766.492086,0,GPU-93ae0c7f-c327-aee3-adae-bc0d1dae71ea,0.39,0.4617326168376486,12282.0,6340.0,551.52,NVIDIA GeForce RTX 4070,[N/A],Enabled,Enabled
1709265767.491923,0,GPU-93ae0c7f-c327-aee3-adae-bc0d1dae71ea,0.41,0.4617326168376486,12282.0,6340.0,551.52,NVIDIA GeForce RTX 4070,[N/A],Enabled,Enabled
1709265768.493381,0,GPU-93ae0c7f-c327-aee3-adae-bc0d1dae71ea,0.39,0.4617326168376486,12282.0,6340.0,551.52,NVIDIA GeForce RTX 4070,[N/A],Enabled,Enabled
1709265769.492217,0,GPU-93ae0c7f-c327-aee3-adae-bc0d1dae71ea,0.44,0.4617326168376486,12282.0,6340.0,551.52,NVIDIA GeForce RTX 4070,[N/A],Enabled,Enabled
1709265770.492538,0,GPU-93ae0c7f-c327-aee3-adae-bc0d1dae71ea,0.41,0.4617326168376486,12282.0,6340.0,551.52,NVIDIA GeForce RTX 4070,[N/A],Enabled,Enabled
1709265771.492156,0,GPU-93ae0c7f-c327-aee3-adae-bc0d1dae71ea,0.44,0.4617326168376486,12282.0,6340.0,551.52,NVIDIA GeForce RTX 4070,[N/A],Enabled,Enabled
1709265772.492428,0,GPU-93ae0c7f-c327-aee3-adae-bc0d1dae71ea,0.42,0.4617326168376486,12282.0,6340.0,551.52,NVIDIA GeForce RTX 4070,[N/A],Enabled,Enabled
1709265773.492382,0,GPU-93ae0c7f-c327-aee3-adae-bc0d1dae71ea,0.41,0.4617326168376486,12282.0,6340.0,551.52,NVIDIA GeForce RTX 4070,[N/A],Enabled,Enabled
1709265774.491732,0,GPU-93ae0c7f-c327-aee3-adae-bc0d1dae71ea,0.41,0.4617326168376486,12282.0,6340.0,551.52,NVIDIA GeForce RTX 4070,[N/A],Enabled,Enabled
1709265775.492072,0,GPU-93ae0c7f-c327-aee3-adae-bc0d1dae71ea,0.44,0.4617326168376486,12282.0,6340.0,551.52,NVIDIA GeForce RTX 4070,[N/A],Enabled,Enabled
1709265776.491817,0,GPU-93ae0c7f-c327-aee3-adae-bc0d1dae71ea,0.42,0.4617326168376486,12282.0,6340.0,551.52,NVIDIA GeForce RTX 4070,[N/A],Enabled,Enabled
1709265777.492011,0,GPU-93ae0c7f-c327-aee3-adae-bc0d1dae71ea,0.43,0.4617326168376486,12282.0,6340.0,551.52,NVIDIA GeForce RTX 4070,[N/A],Enabled,Enabled
1709265778.49309,0,GPU-93ae0c7f-c327-aee3-adae-bc0d1dae71ea,0.41,0.4617326168376486,12282.0,6340.0,551.52,NVIDIA GeForce RTX 4070,[N/A],Enabled,Enabled
1709265779.491978,0,GPU-93ae0c7f-c327-aee3-adae-bc0d1dae71ea,0.43,0.4617326168376486,12282.0,6340.0,551.52,NVIDIA GeForce RTX 4070,[N/A],Enabled,Enabled
1709265780.491746,0,GPU-93ae0c7f-c327-aee3-adae-bc0d1dae71ea,0.43,0.4617326168376486,12282.0,6340.0,551.52,NVIDIA GeForce RTX 4070,[N/A],Enabled,Enabled
1709265781.492615,0,GPU-93ae0c7f-c327-aee3-adae-bc0d1dae71ea,0.41,0.4617326168376486,12282.0,6340.0,551.52,NVIDIA GeForce RTX 4070,[N/A],Enabled,Enabled
1709265782.492421,0,GPU-93ae0c7f-c327-aee3-adae-bc0d1dae71ea,0.38,0.4617326168376486,12282.0,6340.0,551.52,NVIDIA GeForce RTX 4070,[N/A],Enabled,Enabled
1709265783.492254,0,GPU-93ae0c7f-c327-aee3-adae-bc0d1dae71ea,0.44,0.4617326168376486,12282.0,6340.0,551.52,NVIDIA GeForce RTX 4070,[N/A],Enabled,Enabled
1709265784.492209,0,GPU-93ae0c7f-c327-aee3-adae-bc0d1dae71ea,0.4,0.4617326168376486,12282.0,6340.0,551.52,NVIDIA GeForce RTX 4070,[N/A],Enabled,Enabled
1709265785.492148,0,GPU-93ae0c7f-c327-aee3-adae-bc0d1dae71ea,0.4,0.4617326168376486,12282.0,6340.0,551.52,NVIDIA GeForce RTX 4070,[N/A],Enabled,Enabled
1709265786.492778,0,GPU-93ae0c7f-c327-aee3-adae-bc0d1dae71ea,0.4,0.4617326168376486,12282.0,6340.0,551.52,NVIDIA GeForce RTX 4070,[N/A],Enabled,Enabled
1709265787.492424,0,GPU-93ae0c7f-c327-aee3-adae-bc0d1dae71ea,0.42,0.4617326168376486,12282.0,6340.0,551.52,NVIDIA GeForce RTX 4070,[N/A],Enabled,Enabled
1709265788.492404,0,GPU-93ae0c7f-c327-aee3-adae-bc0d1dae71ea,0.4,0.4617326168376486,12282.0,6340.0,551.52,NVIDIA GeForce RTX 4070,[N/A],Enabled,Enabled
1709265789.492232,0,GPU-93ae0c7f-c327-aee3-adae-bc0d1dae71ea,0.42,0.4617326168376486,12282.0,6340.0,551.52,NVIDIA GeForce RTX 4070,[N/A],Enabled,Enabled
1709265790.492286,0,GPU-93ae0c7f-c327-aee3-adae-bc0d1dae71ea,0.39,0.4617326168376486,12282.0,6340.0,551.52,NVIDIA GeForce RTX 4070,[N/A],Enabled,Enabled
1709265791.492397,0,GPU-93ae0c7f-c327-aee3-adae-bc0d1dae71ea,0.45,0.4617326168376486,12282.0,6340.0,551.52,NVIDIA GeForce RTX 4070,[N/A],Enabled,Enabled
1709265792.492166,0,GPU-93ae0c7f-c327-aee3-adae-bc0d1dae71ea,0.42,0.4617326168376486,12282.0,6340.0,551.52,NVIDIA GeForce RTX 4070,[N/A],Enabled,Enabled
1709265793.491786,0,GPU-93ae0c7f-c327-aee3-adae-bc0d1dae71ea,0.43,0.4617326168376486,12282.0,6340.0,551.52,NVIDIA GeForce RTX 4070,[N/A],Enabled,Enabled
1709265794.492075,0,GPU-93ae0c7f-c327-aee3-adae-bc0d1dae71ea,0.41,0.4617326168376486,12282.0,6340.0,551.52,NVIDIA GeForce RTX 4070,[N/A],Enabled,Enabled
1709265795.49157,0,GPU-93ae0c7f-c327-aee3-adae-bc0d1dae71ea,0.44,0.4617326168376486,12282.0,6340.0,551.52,NVIDIA GeForce RTX 4070,[N/A],Enabled,Enabled
1709265796.492421,0,GPU-93ae0c7f-c327-aee3-adae-bc0d1dae71ea,0.42,0.4617326168376486,12282.0,6340.0,551.52,NVIDIA GeForce RTX 4070,[N/A],Enabled,Enabled
1709265797.492698,0,GPU-93ae0c7f-c327-aee3-adae-bc0d1dae71ea,0.44,0.4617326168376486,12282.0,6340.0,551.52,NVIDIA GeForce RTX 4070,[N/A],Enabled,Enabled
1709265798.492001,0,GPU-93ae0c7f-c327-aee3-adae-bc0d1dae71ea,0.43,0.4617326168376486,12282.0,6340.0,551.52,NVIDIA GeForce RTX 4070,[N/A],Enabled,Enabled
1709265799.492374,0,GPU-93ae0c7f-c327-aee3-adae-bc0d1dae71ea,0.4,0.4617326168376486,12282.0,6340.0,551.52,NVIDIA GeForce RTX 4070,[N/A],Enabled,Enabled
1709265800.492292,0,GPU-93ae0c7f-c327-aee3-adae-bc0d1dae71ea,0.42,0.4617326168376486,12282.0,6340.0,551.52,NVIDIA GeForce RTX 4070,[N/A],Enabled,Enabled
1709265801.492435,0,GPU-93ae0c7f-c327-aee3-adae-bc0d1dae71ea,0.41,0.4617326168376486,12282.0,6340.0,551.52,NVIDIA GeForce RTX 4070,[N/A],Enabled,Enabled
1709265802.492103,0,GPU-93ae0c7f-c327-aee3-adae-bc0d1dae71ea,0.43,0.4617326168376486,12282.0,6340.0,551.52,NVIDIA GeForce RTX 4070,[N/A],Enabled,Enabled
1709265803.492351,0,GPU-93ae0c7f-c327-aee3-adae-bc0d1dae71ea,0.4,0.4617326168376486,12282.0,6340.0,551.52,NVIDIA GeForce RTX 4070,[N/A],Enabled,Enabled
1709265804.492362,0,GPU-93ae0c7f-c327-aee3-adae-bc0d1dae71ea,0.43,0.4617326168376486,12282.0,6340.0,551.52,NVIDIA GeForce RTX 4070,[N/A],Enabled,Enabled
1709265805.492265,0,GPU-93ae0c7f-c327-aee3-adae-bc0d1dae71ea,0.46,0.4617326168376486,12282.0,6340.0,551.52,NVIDIA GeForce RTX 4070,[N/A],Enabled,Enabled
1709265806.492516,0,GPU-93ae0c7f-c327-aee3-adae-bc0d1dae71ea,0.39,0.4617326168376486,12282.0,6340.0,551.52,NVIDIA GeForce RTX 4070,[N/A],Enabled,Enabled
1709265807.49295,0,GPU-93ae0c7f-c327-aee3-adae-bc0d1dae71ea,0.44,0.4617326168376486,12282.0,6340.0,551.52,NVIDIA GeForce RTX 4070,[N/A],Enabled,Enabled
1709265808.491873,0,GPU-93ae0c7f-c327-aee3-adae-bc0d1dae71ea,0.41,0.4617326168376486,12282.0,6340.0,551.52,NVIDIA GeForce RTX 4070,[N/A],Enabled,Enabled
1709265809.491637,0,GPU-93ae0c7f-c327-aee3-adae-bc0d1dae71ea,0.42,0.4617326168376486,12282.0,6340.0,551.52,NVIDIA GeForce RTX 4070,[N/A],Enabled,Enabled
1709265810.491602,0,GPU-93ae0c7f-c327-aee3-adae-bc0d1dae71ea,0.4,0.4617326168376486,12282.0,6340.0,551.52,NVIDIA GeForce RTX 4070,[N/A],Enabled,Enabled
1709265811.492314,0,GPU-93ae0c7f-c327-aee3-adae-bc0d1dae71ea,0.41,0.4617326168376486,12282.0,6340.0,551.52,NVIDIA GeForce RTX 4070,[N/A],Enabled,Enabled
1709265812.49218,0,GPU-93ae0c7f-c327-aee3-adae-bc0d1dae71ea,0.41,0.4617326168376486,12282.0,6340.0,551.52,NVIDIA GeForce RTX 4070,[N/A],Enabled,Enabled
1709265813.492278,0,GPU-93ae0c7f-c327-aee3-adae-bc0d1dae71ea,0.43,0.4617326168376486,12282.0,6340.0,551.52,NVIDIA GeForce RTX 4070,[N/A],Enabled,Enabled
1709265814.49218,0,GPU-93ae0c7f-c327-aee3-adae-bc0d1dae71ea,0.4,0.4617326168376486,12282.0,6340.0,551.52,NVIDIA GeForce RTX 4070,[N/A],Enabled,Enabled
1709265815.4929,0,GPU-93ae0c7f-c327-aee3-adae-bc0d1dae71ea,0.41,0.4617326168376486,12282.0,6340.0,551.52,NVIDIA GeForce RTX 4070,[N/A],Enabled,Enabled
1709265816.49293,0,GPU-93ae0c7f-c327-aee3-adae-bc0d1dae71ea,0.37,0.4617326168376486,12282.0,6340.0,551.52,NVIDIA GeForce RTX 4070,[N/A],Enabled,Enabled
1709265817.49236,0,GPU-93ae0c7f-c327-aee3-adae-bc0d1dae71ea,0.37,0.4617326168376486,12282.0,6340.0,551.52,NVIDIA GeForce RTX 4070,[N/A],Enabled,Enabled
1709265818.492225,0,GPU-93ae0c7f-c327-aee3-adae-bc0d1dae71ea,0.38,0.4617326168376486,12282.0,6340.0,551.52,NVIDIA GeForce RTX 4070,[N/A],Enabled,Enabled
1709265819.492595,0,GPU-93ae0c7f-c327-aee3-adae-bc0d1dae71ea,0.39,0.4617326168376486,12282.0,6340.0,551.52,NVIDIA GeForce RTX 4070,[N/A],Enabled,Enabled
1709265820.491627,0,GPU-93ae0c7f-c327-aee3-adae-bc0d1dae71ea,0.35,0.4617326168376486,12282.0,6340.0,551.52,NVIDIA GeForce RTX 4070,[N/A],Enabled,Enabled
1709265821.492128,0,GPU-93ae0c7f-c327-aee3-adae-bc0d1dae71ea,0.38,0.4617326168376486,12282.0,6340.0,551.52,NVIDIA GeForce RTX 4070,[N/A],Enabled,Enabled
1709265822.492047,0,GPU-93ae0c7f-c327-aee3-adae-bc0d1dae71ea,0.39,0.4617326168376486,12282.0,6340.0,551.52,NVIDIA GeForce RTX 4070,[N/A],Enabled,Enabled
1709265823.492761,0,GPU-93ae0c7f-c327-aee3-adae-bc0d1dae71ea,0.36,0.4617326168376486,12282.0,6340.0,551.52,NVIDIA GeForce RTX 4070,[N/A],Enabled,Enabled
1709265824.492367,0,GPU-93ae0c7f-c327-aee3-adae-bc0d1dae71ea,0.36,0.4617326168376486,12282.0,6340.0,551.52,NVIDIA GeForce RTX 4070,[N/A],Enabled,Enabled
1709265825.492124,0,GPU-93ae0c7f-c327-aee3-adae-bc0d1dae71ea,0.39,0.4617326168376486,12282.0,6340.0,551.52,NVIDIA GeForce RTX 4070,[N/A],Enabled,Enabled
1709265826.492494,0,GPU-93ae0c7f-c327-aee3-adae-bc0d1dae71ea,0.4,0.4617326168376486,12282.0,6340.0,551.52,NVIDIA GeForce RTX 4070,[N/A],Enabled,Enabled
1709265827.492119,0,GPU-93ae0c7f-c327-aee3-adae-bc0d1dae71ea,0.38,0.4617326168376486,12282.0,6340.0,551.52,NVIDIA GeForce RTX 4070,[N/A],Enabled,Enabled
1709265828.491703,0,GPU-93ae0c7f-c327-aee3-adae-bc0d1dae71ea,0.38,0.4617326168376486,12282.0,6340.0,551.52,NVIDIA GeForce RTX 4070,[N/A],Enabled,Enabled
1709265829.492926,0,GPU-93ae0c7f-c327-aee3-adae-bc0d1dae71ea,0.42,0.4617326168376486,12282.0,6340.0,551.52,NVIDIA GeForce RTX 4070,[N/A],Enabled,Enabled
1709265830.492138,0,GPU-93ae0c7f-c327-aee3-adae-bc0d1dae71ea,0.4,0.4617326168376486,12282.0,6340.0,551.52,NVIDIA GeForce RTX 4070,[N/A],Enabled,Enabled
1709265831.492137,0,GPU-93ae0c7f-c327-aee3-adae-bc0d1dae71ea,0.42,0.4617326168376486,12282.0,6340.0,551.52,NVIDIA GeForce RTX 4070,[N/A],Enabled,Enabled
1709265832.492851,0,GPU-93ae0c7f-c327-aee3-adae-bc0d1dae71ea,0.37,0.4617326168376486,12282.0,6340.0,551.52,NVIDIA GeForce RTX 4070,[N/A],Enabled,Enabled
1709265833.492025,0,GPU-93ae0c7f-c327-aee3-adae-bc0d1dae71ea,0.44,0.4617326168376486,12282.0,6340.0,551.52,NVIDIA GeForce RTX 4070,[N/A],Enabled,Enabled
1709265834.492118,0,GPU-93ae0c7f-c327-aee3-adae-bc0d1dae71ea,0.42,0.4617326168376486,12282.0,6340.0,551.52,NVIDIA GeForce RTX 4070,[N/A],Enabled,Enabled
1709265835.492397,0,GPU-93ae0c7f-c327-aee3-adae-bc0d1dae71ea,0.44,0.4617326168376486,12282.0,6340.0,551.52,NVIDIA GeForce RTX 4070,[N/A],Enabled,Enabled
1709265836.492709,0,GPU-93ae0c7f-c327-aee3-adae-bc0d1dae71ea,0.39,0.4617326168376486,12282.0,6340.0,551.52,NVIDIA GeForce RTX 4070,[N/A],Enabled,Enabled
1709265837.491803,0,GPU-93ae0c7f-c327-aee3-adae-bc0d1dae71ea,0.4,0.4617326168376486,12282.0,6340.0,551.52,NVIDIA GeForce RTX 4070,[N/A],Enabled,Enabled
1709265838.491527,0,GPU-93ae0c7f-c327-aee3-adae-bc0d1dae71ea,0.36,0.4617326168376486,12282.0,6340.0,551.52,NVIDIA GeForce RTX 4070,[N/A],Enabled,Enabled
1709265839.492247,0,GPU-93ae0c7f-c327-aee3-adae-bc0d1dae71ea,0.39,0.4617326168376486,12282.0,6340.0,551.52,NVIDIA GeForce RTX 4070,[N/A],Enabled,Enabled
1709265840.491944,0,GPU-93ae0c7f-c327-aee3-adae-bc0d1dae71ea,0.42,0.4617326168376486,12282.0,6340.0,551.52,NVIDIA GeForce RTX 4070,[N/A],Enabled,Enabled
1709265841.49237,0,GPU-93ae0c7f-c327-aee3-adae-bc0d1dae71ea,0.39,0.4617326168376486,12282.0,6340.0,551.52,NVIDIA GeForce RTX 4070,[N/A],Enabled,Enabled
1709265842.491711,0,GPU-93ae0c7f-c327-aee3-adae-bc0d1dae71ea,0.4,0.4617326168376486,12282.0,6340.0,551.52,NVIDIA GeForce RTX 4070,[N/A],Enabled,Enabled
1709265843.492249,0,GPU-93ae0c7f-c327-aee3-adae-bc0d1dae71ea,0.42,0.4617326168376486,12282.0,6340.0,551.52,NVIDIA GeForce RTX 4070,[N/A],Enabled,Enabled
1709265844.492083,0,GPU-93ae0c7f-c327-aee3-adae-bc0d1dae71ea,0.38,0.4617326168376486,12282.0,6340.0,551.52,NVIDIA GeForce RTX 4070,[N/A],Enabled,Enabled
1709265845.492124,0,GPU-93ae0c7f-c327-aee3-adae-bc0d1dae71ea,0.45,0.4617326168376486,12282.0,6340.0,551.52,NVIDIA GeForce RTX 4070,[N/A],Enabled,Enabled
1709265846.491556,0,GPU-93ae0c7f-c327-aee3-adae-bc0d1dae71ea,0.42,0.4617326168376486,12282.0,6340.0,551.52,NVIDIA GeForce RTX 4070,[N/A],Enabled,Enabled
1709265847.492326,0,GPU-93ae0c7f-c327-aee3-adae-bc0d1dae71ea,0.42,0.4617326168376486,12282.0,6340.0,551.52,NVIDIA GeForce RTX 4070,[N/A],Enabled,Enabled
1709265848.491772,0,GPU-93ae0c7f-c327-aee3-adae-bc0d1dae71ea,0.4,0.4617326168376486,12282.0,6340.0,551.52,NVIDIA GeForce RTX 4070,[N/A],Enabled,Enabled
1709265849.492509,0,GPU-93ae0c7f-c327-aee3-adae-bc0d1dae71ea,0.39,0.4617326168376486,12282.0,6340.0,551.52,NVIDIA GeForce RTX 4070,[N/A],Enabled,Enabled
1709265850.492084,0,GPU-93ae0c7f-c327-aee3-adae-bc0d1dae71ea,0.37,0.4617326168376486,12282.0,6340.0,551.52,NVIDIA GeForce RTX 4070,[N/A],Enabled,Enabled
1709265851.491975,0,GPU-93ae0c7f-c327-aee3-adae-bc0d1dae71ea,0.41,0.4617326168376486,12282.0,6340.0,551.52,NVIDIA GeForce RTX 4070,[N/A],Enabled,Enabled
1709265852.492511,0,GPU-93ae0c7f-c327-aee3-adae-bc0d1dae71ea,0.42,0.4617326168376486,12282.0,6340.0,551.52,NVIDIA GeForce RTX 4070,[N/A],Enabled,Enabled
1709265853.491648,0,GPU-93ae0c7f-c327-aee3-adae-bc0d1dae71ea,0.39,0.4617326168376486,12282.0,6340.0,551.52,NVIDIA GeForce RTX 4070,[N/A],Enabled,Enabled
1709265854.492662,0,GPU-93ae0c7f-c327-aee3-adae-bc0d1dae71ea,0.4,0.4617326168376486,12282.0,6340.0,551.52,NVIDIA GeForce RTX 4070,[N/A],Enabled,Enabled
1709265855.492072,0,GPU-93ae0c7f-c327-aee3-adae-bc0d1dae71ea,0.43,0.4617326168376486,12282.0,6340.0,551.52,NVIDIA GeForce RTX 4070,[N/A],Enabled,Enabled
1709265856.491931,0,GPU-93ae0c7f-c327-aee3-adae-bc0d1dae71ea,0.37,0.4617326168376486,12282.0,6340.0,551.52,NVIDIA GeForce RTX 4070,[N/A],Enabled,Enabled
1709265857.491891,0,GPU-93ae0c7f-c327-aee3-adae-bc0d1dae71ea,0.42,0.4617326168376486,12282.0,6340.0,551.52,NVIDIA GeForce RTX 4070,[N/A],Enabled,Enabled
1709265858.492639,0,GPU-93ae0c7f-c327-aee3-adae-bc0d1dae71ea,0.4,0.4617326168376486,12282.0,6340.0,551.52,NVIDIA GeForce RTX 4070,[N/A],Enabled,Enabled
1709265859.492402,0,GPU-93ae0c7f-c327-aee3-adae-bc0d1dae71ea,0.4,0.4617326168376486,12282.0,6340.0,551.52,NVIDIA GeForce RTX 4070,[N/A],Enabled,Enabled
1709265860.491504,0,GPU-93ae0c7f-c327-aee3-adae-bc0d1dae71ea,0.4,0.4617326168376486,12282.0,6340.0,551.52,NVIDIA GeForce RTX 4070,[N/A],Enabled,Enabled
1709265861.492544,0,GPU-93ae0c7f-c327-aee3-adae-bc0d1dae71ea,0.38,0.4617326168376486,12282.0,6340.0,551.52,NVIDIA GeForce RTX 4070,[N/A],Enabled,Enabled
1709265862.491916,0,GPU-93ae0c7f-c327-aee3-adae-bc0d1dae71ea,0.37,0.4617326168376486,12282.0,6340.0,551.52,NVIDIA GeForce RTX 4070,[N/A],Enabled,Enabled
1709265863.492124,0,GPU-93ae0c7f-c327-aee3-adae-bc0d1dae71ea,0.38,0.4617326168376486,12282.0,6340.0,551.52,NVIDIA GeForce RTX 4070,[N/A],Enabled,Enabled
1709265864.491776,0,GPU-93ae0c7f-c327-aee3-adae-bc0d1dae71ea,0.32,0.4586386581989904,12282.0,6378.0,551.52,NVIDIA GeForce RTX 4070,[N/A],Enabled,Enabled
1709265865.4919,0,GPU-93ae0c7f-c327-aee3-adae-bc0d1dae71ea,0.32,0.4586386581989904,12282.0,6378.0,551.52,NVIDIA GeForce RTX 4070,[N/A],Enabled,Enabled
1709265866.491587,0,GPU-93ae0c7f-c327-aee3-adae-bc0d1dae71ea,0.31,0.4586386581989904,12282.0,6378.0,551.52,NVIDIA GeForce RTX 4070,[N/A],Enabled,Enabled
1709265867.492527,0,GPU-93ae0c7f-c327-aee3-adae-bc0d1dae71ea,0.31,0.4586386581989904,12282.0,6378.0,551.52,NVIDIA GeForce RTX 4070,[N/A],Enabled,Enabled
1709265868.492341,0,GPU-93ae0c7f-c327-aee3-adae-bc0d1dae71ea,0.29,0.4539163002768279,12282.0,6436.0,551.52,NVIDIA GeForce RTX 4070,[N/A],Enabled,Enabled
1709265869.492211,0,GPU-93ae0c7f-c327-aee3-adae-bc0d1dae71ea,0.3,0.4586386581989904,12282.0,6378.0,551.52,NVIDIA GeForce RTX 4070,[N/A],Enabled,Enabled
1709265870.492241,0,GPU-93ae0c7f-c327-aee3-adae-bc0d1dae71ea,0.28,0.4539163002768279,12282.0,6436.0,551.52,NVIDIA GeForce RTX 4070,[N/A],Enabled,Enabled
1709265871.491953,0,GPU-93ae0c7f-c327-aee3-adae-bc0d1dae71ea,0.29,0.4539163002768279,12282.0,6436.0,551.52,NVIDIA GeForce RTX 4070,[N/A],Enabled,Enabled
1709265872.493115,0,GPU-93ae0c7f-c327-aee3-adae-bc0d1dae71ea,0.29,0.4539163002768279,12282.0,6436.0,551.52,NVIDIA GeForce RTX 4070,[N/A],Enabled,Enabled
1709265873.49234,0,GPU-93ae0c7f-c327-aee3-adae-bc0d1dae71ea,0.3,0.4539163002768279,12282.0,6436.0,551.52,NVIDIA GeForce RTX 4070,[N/A],Enabled,Enabled
1709265874.492472,0,GPU-93ae0c7f-c327-aee3-adae-bc0d1dae71ea,0.3,0.4539163002768279,12282.0,6436.0,551.52,NVIDIA GeForce RTX 4070,[N/A],Enabled,Enabled
1709265875.491442,0,GPU-93ae0c7f-c327-aee3-adae-bc0d1dae71ea,0.3,0.4539163002768279,12282.0,6436.0,551.52,NVIDIA GeForce RTX 4070,[N/A],Enabled,Enabled
1709265876.492581,0,GPU-93ae0c7f-c327-aee3-adae-bc0d1dae71ea,0.3,0.4539163002768279,12282.0,6436.0,551.52,NVIDIA GeForce RTX 4070,[N/A],Enabled,Enabled
1709265877.492167,0,GPU-93ae0c7f-c327-aee3-adae-bc0d1dae71ea,0.31,0.4539163002768279,12282.0,6436.0,551.52,NVIDIA GeForce RTX 4070,[N/A],Enabled,Enabled
1709265878.492395,0,GPU-93ae0c7f-c327-aee3-adae-bc0d1dae71ea,0.31,0.4539163002768279,12282.0,6436.0,551.52,NVIDIA GeForce RTX 4070,[N/A],Enabled,Enabled
1709265879.492142,0,GPU-93ae0c7f-c327-aee3-adae-bc0d1dae71ea,0.31,0.4539163002768279,12282.0,6436.0,551.52,NVIDIA GeForce RTX 4070,[N/A],Enabled,Enabled
1709265880.4916,0,GPU-93ae0c7f-c327-aee3-adae-bc0d1dae71ea,0.31,0.4539163002768279,12282.0,6436.0,551.52,NVIDIA GeForce RTX 4070,[N/A],Enabled,Enabled
1709265881.492395,0,GPU-93ae0c7f-c327-aee3-adae-bc0d1dae71ea,0.31,0.4539163002768279,12282.0,6436.0,551.52,NVIDIA GeForce RTX 4070,[N/A],Enabled,Enabled
1709265882.492253,0,GPU-93ae0c7f-c327-aee3-adae-bc0d1dae71ea,0.29,0.4539163002768279,12282.0,6436.0,551.52,NVIDIA GeForce RTX 4070,[N/A],Enabled,Enabled
1709265883.492355,0,GPU-93ae0c7f-c327-aee3-adae-bc0d1dae71ea,0.31,0.4539163002768279,12282.0,6436.0,551.52,NVIDIA GeForce RTX 4070,[N/A],Enabled,Enabled
1709265884.492449,0,GPU-93ae0c7f-c327-aee3-adae-bc0d1dae71ea,0.31,0.4539163002768279,12282.0,6436.0,551.52,NVIDIA GeForce RTX 4070,[N/A],Enabled,Enabled
1709265885.492003,0,GPU-93ae0c7f-c327-aee3-adae-bc0d1dae71ea,0.3,0.4539163002768279,12282.0,6436.0,551.52,NVIDIA GeForce RTX 4070,[N/A],Enabled,Enabled
1709265886.492034,0,GPU-93ae0c7f-c327-aee3-adae-bc0d1dae71ea,0.31,0.4539163002768279,12282.0,6436.0,551.52,NVIDIA GeForce RTX 4070,[N/A],Enabled,Enabled
1709265887.492843,0,GPU-93ae0c7f-c327-aee3-adae-bc0d1dae71ea,0.3,0.4539163002768279,12282.0,6436.0,551.52,NVIDIA GeForce RTX 4070,[N/A],Enabled,Enabled
1709265888.491718,0,GPU-93ae0c7f-c327-aee3-adae-bc0d1dae71ea,0.31,0.4539163002768279,12282.0,6436.0,551.52,NVIDIA GeForce RTX 4070,[N/A],Enabled,Enabled
1709265889.492083,0,GPU-93ae0c7f-c327-aee3-adae-bc0d1dae71ea,0.3,0.4539163002768279,12282.0,6436.0,551.52,NVIDIA GeForce RTX 4070,[N/A],Enabled,Enabled
1709265890.492451,0,GPU-93ae0c7f-c327-aee3-adae-bc0d1dae71ea,0.31,0.4539163002768279,12282.0,6436.0,551.52,NVIDIA GeForce RTX 4070,[N/A],Enabled,Enabled
1709265891.492281,0,GPU-93ae0c7f-c327-aee3-adae-bc0d1dae71ea,0.12,0.2564728871519297,12282.0,8861.0,551.52,NVIDIA GeForce RTX 4070,[N/A],Enabled,Enabled
1709265892.492482,0,GPU-93ae0c7f-c327-aee3-adae-bc0d1dae71ea,0.14,0.2564728871519297,12282.0,8861.0,551.52,NVIDIA GeForce RTX 4070,[N/A],Enabled,Enabled
1709265893.491921,0,GPU-93ae0c7f-c327-aee3-adae-bc0d1dae71ea,0.13,0.2564728871519297,12282.0,8861.0,551.52,NVIDIA GeForce RTX 4070,[N/A],Enabled,Enabled
