timestamp,id,uuid,load,memoryUtil,memoryTotal,memoryUsed,memoryFree,driver,name,serial,display_mode,display_active
1701974963.855784,0,GPU-93ae0c7f-c327-aee3-adae-bc0d1dae71ea,0.17,0.31330402214623027,12282.0,8177.0,546.29,NVIDIA GeForce RTX 4070,[N/A],Enabled,Enabled
1701974964.85284,0,GPU-93ae0c7f-c327-aee3-adae-bc0d1dae71ea,0.14,0.36476143950496664,12282.0,7545.0,546.29,NVIDIA GeForce RTX 4070,[N/A],Enabled,Enabled
1701974965.853274,0,GPU-93ae0c7f-c327-aee3-adae-bc0d1dae71ea,0.1,0.3310535743364273,12282.0,7959.0,546.29,NVIDIA GeForce RTX 4070,[N/A],Enabled,Enabled
1701974966.853294,0,GPU-93ae0c7f-c327-aee3-adae-bc0d1dae71ea,0.1,0.3309721543722521,12282.0,7960.0,546.29,NVIDIA GeForce RTX 4070,[N/A],Enabled,Enabled
1701974967.853364,0,GPU-93ae0c7f-c327-aee3-adae-bc0d1dae71ea,0.1,0.3309721543722521,12282.0,7960.0,546.29,NVIDIA GeForce RTX 4070,[N/A],Enabled,Enabled
1701974968.852852,0,GPU-93ae0c7f-c327-aee3-adae-bc0d1dae71ea,0.1,0.33089073440807687,12282.0,7961.0,546.29,NVIDIA GeForce RTX 4070,[N/A],Enabled,Enabled
1701974969.852829,0,GPU-93ae0c7f-c327-aee3-adae-bc0d1dae71ea,0.12,0.33089073440807687,12282.0,7961.0,546.29,NVIDIA GeForce RTX 4070,[N/A],Enabled,Enabled
1701974970.853834,0,GPU-93ae0c7f-c327-aee3-adae-bc0d1dae71ea,0.1,0.33080931444390166,12282.0,7962.0,546.29,NVIDIA GeForce RTX 4070,[N/A],Enabled,Enabled
1701974971.853841,0,GPU-93ae0c7f-c327-aee3-adae-bc0d1dae71ea,0.1,0.33080931444390166,12282.0,7962.0,546.29,NVIDIA GeForce RTX 4070,[N/A],Enabled,Enabled
1701974972.852789,0,GPU-93ae0c7f-c327-aee3-adae-bc0d1dae71ea,0.1,0.33080931444390166,12282.0,7962.0,546.29,NVIDIA GeForce RTX 4070,[N/A],Enabled,Enabled
1701974973.853358,0,GPU-93ae0c7f-c327-aee3-adae-bc0d1dae71ea,0.1,0.33080931444390166,12282.0,7962.0,546.29,NVIDIA GeForce RTX 4070,[N/A],Enabled,Enabled
1701974974.852878,0,GPU-93ae0c7f-c327-aee3-adae-bc0d1dae71ea,0.1,0.33080931444390166,12282.0,7962.0,546.29,NVIDIA GeForce RTX 4070,[N/A],Enabled,Enabled
1701974975.853674,0,GPU-93ae0c7f-c327-aee3-adae-bc0d1dae71ea,0.1,0.33080931444390166,12282.0,7962.0,546.29,NVIDIA GeForce RTX 4070,[N/A],Enabled,Enabled
1701974976.853535,0,GPU-93ae0c7f-c327-aee3-adae-bc0d1dae71ea,0.1,0.33080931444390166,12282.0,7962.0,546.29,NVIDIA GeForce RTX 4070,[N/A],Enabled,Enabled
1701974977.853947,0,GPU-93ae0c7f-c327-aee3-adae-bc0d1dae71ea,0.1,0.33080931444390166,12282.0,7962.0,546.29,NVIDIA GeForce RTX 4070,[N/A],Enabled,Enabled
1701974978.85261,0,GPU-93ae0c7f-c327-aee3-adae-bc0d1dae71ea,0.1,0.33080931444390166,12282.0,7962.0,546.29,NVIDIA GeForce RTX 4070,[N/A],Enabled,Enabled
1701974979.853348,0,GPU-93ae0c7f-c327-aee3-adae-bc0d1dae71ea,0.1,0.33805569125549584,12282.0,7873.0,546.29,NVIDIA GeForce RTX 4070,[N/A],Enabled,Enabled
1701974980.853385,0,GPU-93ae0c7f-c327-aee3-adae-bc0d1dae71ea,0.1,0.3491288063833252,12282.0,7737.0,546.29,NVIDIA GeForce RTX 4070,[N/A],Enabled,Enabled
1701974981.852427,0,GPU-93ae0c7f-c327-aee3-adae-bc0d1dae71ea,0.09,0.35026868588177823,12282.0,7723.0,546.29,NVIDIA GeForce RTX 4070,[N/A],Enabled,Enabled
1701974982.85362,0,GPU-93ae0c7f-c327-aee3-adae-bc0d1dae71ea,0.25,0.44968246213971663,12282.0,6502.0,546.29,NVIDIA GeForce RTX 4070,[N/A],Enabled,Enabled
1701974983.853417,0,GPU-93ae0c7f-c327-aee3-adae-bc0d1dae71ea,0.53,0.6368669597785377,12282.0,4203.0,546.29,NVIDIA GeForce RTX 4070,[N/A],Enabled,Enabled
1701974984.853245,0,GPU-93ae0c7f-c327-aee3-adae-bc0d1dae71ea,0.28,0.6126038104543234,12282.0,4501.0,546.29,NVIDIA GeForce RTX 4070,[N/A],Enabled,Enabled
1701974985.852831,0,GPU-93ae0c7f-c327-aee3-adae-bc0d1dae71ea,0.29,0.6126038104543234,12282.0,4501.0,546.29,NVIDIA GeForce RTX 4070,[N/A],Enabled,Enabled
1701974986.853223,0,GPU-93ae0c7f-c327-aee3-adae-bc0d1dae71ea,0.27,0.6126038104543234,12282.0,4501.0,546.29,NVIDIA GeForce RTX 4070,[N/A],Enabled,Enabled
1701974987.852746,0,GPU-93ae0c7f-c327-aee3-adae-bc0d1dae71ea,0.33,0.6126038104543234,12282.0,4501.0,546.29,NVIDIA GeForce RTX 4070,[N/A],Enabled,Enabled
1701974988.853336,0,GPU-93ae0c7f-c327-aee3-adae-bc0d1dae71ea,0.32,0.6126038104543234,12282.0,4501.0,546.29,NVIDIA GeForce RTX 4070,[N/A],Enabled,Enabled
1701974989.853343,0,GPU-93ae0c7f-c327-aee3-adae-bc0d1dae71ea,0.26,0.6126038104543234,12282.0,4501.0,546.29,NVIDIA GeForce RTX 4070,[N/A],Enabled,Enabled
1701974990.852967,0,GPU-93ae0c7f-c327-aee3-adae-bc0d1dae71ea,0.29,0.6126852304184986,12282.0,4500.0,546.29,NVIDIA GeForce RTX 4070,[N/A],Enabled,Enabled
1701974991.852909,0,GPU-93ae0c7f-c327-aee3-adae-bc0d1dae71ea,0.29,0.6126852304184986,12282.0,4500.0,546.29,NVIDIA GeForce RTX 4070,[N/A],Enabled,Enabled
1701974992.853077,0,GPU-93ae0c7f-c327-aee3-adae-bc0d1dae71ea,0.3,0.6126852304184986,12282.0,4500.0,546.29,NVIDIA GeForce RTX 4070,[N/A],Enabled,Enabled
1701974993.852932,0,GPU-93ae0c7f-c327-aee3-adae-bc0d1dae71ea,0.29,0.6126852304184986,12282.0,4500.0,546.29,NVIDIA GeForce RTX 4070,[N/A],Enabled,Enabled
1701974994.853826,0,GPU-93ae0c7f-c327-aee3-adae-bc0d1dae71ea,0.28,0.6126852304184986,12282.0,4500.0,546.29,NVIDIA GeForce RTX 4070,[N/A],Enabled,Enabled
1701974995.852898,0,GPU-93ae0c7f-c327-aee3-adae-bc0d1dae71ea,0.31,0.6126852304184986,12282.0,4500.0,546.29,NVIDIA GeForce RTX 4070,[N/A],Enabled,Enabled
1701974996.852939,0,GPU-93ae0c7f-c327-aee3-adae-bc0d1dae71ea,0.47,0.6126852304184986,12282.0,4500.0,546.29,NVIDIA GeForce RTX 4070,[N/A],Enabled,Enabled
1701974997.852915,0,GPU-93ae0c7f-c327-aee3-adae-bc0d1dae71ea,0.46,0.6126852304184986,12282.0,4500.0,546.29,NVIDIA GeForce RTX 4070,[N/A],Enabled,Enabled
1701974998.853536,0,GPU-93ae0c7f-c327-aee3-adae-bc0d1dae71ea,0.47,0.6126852304184986,12282.0,4500.0,546.29,NVIDIA GeForce RTX 4070,[N/A],Enabled,Enabled
1701974999.852767,0,GPU-93ae0c7f-c327-aee3-adae-bc0d1dae71ea,0.47,0.6126852304184986,12282.0,4500.0,546.29,NVIDIA GeForce RTX 4070,[N/A],Enabled,Enabled
1701975000.853254,0,GPU-93ae0c7f-c327-aee3-adae-bc0d1dae71ea,0.46,0.6126852304184986,12282.0,4500.0,546.29,NVIDIA GeForce RTX 4070,[N/A],Enabled,Enabled
1701975001.853429,0,GPU-93ae0c7f-c327-aee3-adae-bc0d1dae71ea,0.4,0.6126852304184986,12282.0,4500.0,546.29,NVIDIA GeForce RTX 4070,[N/A],Enabled,Enabled
1701975002.853203,0,GPU-93ae0c7f-c327-aee3-adae-bc0d1dae71ea,0.34,0.6126852304184986,12282.0,4500.0,546.29,NVIDIA GeForce RTX 4070,[N/A],Enabled,Enabled
1701975003.853668,0,GPU-93ae0c7f-c327-aee3-adae-bc0d1dae71ea,0.33,0.6126852304184986,12282.0,4500.0,546.29,NVIDIA GeForce RTX 4070,[N/A],Enabled,Enabled
1701975004.852597,0,GPU-93ae0c7f-c327-aee3-adae-bc0d1dae71ea,0.33,0.6126852304184986,12282.0,4500.0,546.29,NVIDIA GeForce RTX 4070,[N/A],Enabled,Enabled
1701975005.85304,0,GPU-93ae0c7f-c327-aee3-adae-bc0d1dae71ea,0.31,0.6123595505617978,12282.0,4504.0,546.29,NVIDIA GeForce RTX 4070,[N/A],Enabled,Enabled
1701975006.854029,0,GPU-93ae0c7f-c327-aee3-adae-bc0d1dae71ea,0.31,0.6123595505617978,12282.0,4504.0,546.29,NVIDIA GeForce RTX 4070,[N/A],Enabled,Enabled
1701975007.853487,0,GPU-93ae0c7f-c327-aee3-adae-bc0d1dae71ea,0.31,0.6123595505617978,12282.0,4504.0,546.29,NVIDIA GeForce RTX 4070,[N/A],Enabled,Enabled
1701975008.853226,0,GPU-93ae0c7f-c327-aee3-adae-bc0d1dae71ea,0.32,0.6123595505617978,12282.0,4504.0,546.29,NVIDIA GeForce RTX 4070,[N/A],Enabled,Enabled
1701975009.853303,0,GPU-93ae0c7f-c327-aee3-adae-bc0d1dae71ea,0.32,0.6123595505617978,12282.0,4504.0,546.29,NVIDIA GeForce RTX 4070,[N/A],Enabled,Enabled
1701975010.852773,0,GPU-93ae0c7f-c327-aee3-adae-bc0d1dae71ea,0.31,0.6123595505617978,12282.0,4504.0,546.29,NVIDIA GeForce RTX 4070,[N/A],Enabled,Enabled
1701975011.853028,0,GPU-93ae0c7f-c327-aee3-adae-bc0d1dae71ea,0.32,0.6130109102751995,12282.0,4496.0,546.29,NVIDIA GeForce RTX 4070,[N/A],Enabled,Enabled
1701975012.853193,0,GPU-93ae0c7f-c327-aee3-adae-bc0d1dae71ea,0.33,0.6127666503826739,12282.0,4499.0,546.29,NVIDIA GeForce RTX 4070,[N/A],Enabled,Enabled
1701975013.85313,0,GPU-93ae0c7f-c327-aee3-adae-bc0d1dae71ea,0.32,0.6127666503826739,12282.0,4499.0,546.29,NVIDIA GeForce RTX 4070,[N/A],Enabled,Enabled
1701975014.852287,0,GPU-93ae0c7f-c327-aee3-adae-bc0d1dae71ea,0.32,0.6127666503826739,12282.0,4499.0,546.29,NVIDIA GeForce RTX 4070,[N/A],Enabled,Enabled
1701975015.853106,0,GPU-93ae0c7f-c327-aee3-adae-bc0d1dae71ea,0.29,0.6127666503826739,12282.0,4499.0,546.29,NVIDIA GeForce RTX 4070,[N/A],Enabled,Enabled
1701975016.85337,0,GPU-93ae0c7f-c327-aee3-adae-bc0d1dae71ea,0.28,0.6127666503826739,12282.0,4499.0,546.29,NVIDIA GeForce RTX 4070,[N/A],Enabled,Enabled
1701975017.85379,0,GPU-93ae0c7f-c327-aee3-adae-bc0d1dae71ea,0.28,0.6127666503826739,12282.0,4499.0,546.29,NVIDIA GeForce RTX 4070,[N/A],Enabled,Enabled
1701975018.85294,0,GPU-93ae0c7f-c327-aee3-adae-bc0d1dae71ea,0.28,0.6127666503826739,12282.0,4499.0,546.29,NVIDIA GeForce RTX 4070,[N/A],Enabled,Enabled
1701975019.852673,0,GPU-93ae0c7f-c327-aee3-adae-bc0d1dae71ea,0.3,0.6127666503826739,12282.0,4499.0,546.29,NVIDIA GeForce RTX 4070,[N/A],Enabled,Enabled
1701975020.852684,0,GPU-93ae0c7f-c327-aee3-adae-bc0d1dae71ea,0.31,0.6127666503826739,12282.0,4499.0,546.29,NVIDIA GeForce RTX 4070,[N/A],Enabled,Enabled
1701975021.852423,0,GPU-93ae0c7f-c327-aee3-adae-bc0d1dae71ea,0.32,0.6127666503826739,12282.0,4499.0,546.29,NVIDIA GeForce RTX 4070,[N/A],Enabled,Enabled
1701975022.853508,0,GPU-93ae0c7f-c327-aee3-adae-bc0d1dae71ea,0.32,0.6127666503826739,12282.0,4499.0,546.29,NVIDIA GeForce RTX 4070,[N/A],Enabled,Enabled
1701975023.854019,0,GPU-93ae0c7f-c327-aee3-adae-bc0d1dae71ea,0.31,0.6127666503826739,12282.0,4499.0,546.29,NVIDIA GeForce RTX 4070,[N/A],Enabled,Enabled
1701975024.853335,0,GPU-93ae0c7f-c327-aee3-adae-bc0d1dae71ea,0.31,0.6127666503826739,12282.0,4499.0,546.29,NVIDIA GeForce RTX 4070,[N/A],Enabled,Enabled
1701975025.852616,0,GPU-93ae0c7f-c327-aee3-adae-bc0d1dae71ea,0.32,0.6128480703468491,12282.0,4498.0,546.29,NVIDIA GeForce RTX 4070,[N/A],Enabled,Enabled
1701975026.853133,0,GPU-93ae0c7f-c327-aee3-adae-bc0d1dae71ea,0.32,0.6128480703468491,12282.0,4498.0,546.29,NVIDIA GeForce RTX 4070,[N/A],Enabled,Enabled
1701975027.853461,0,GPU-93ae0c7f-c327-aee3-adae-bc0d1dae71ea,0.32,0.6128480703468491,12282.0,4498.0,546.29,NVIDIA GeForce RTX 4070,[N/A],Enabled,Enabled
1701975028.8533,0,GPU-93ae0c7f-c327-aee3-adae-bc0d1dae71ea,0.28,0.6125223904901482,12282.0,4502.0,546.29,NVIDIA GeForce RTX 4070,[N/A],Enabled,Enabled
1701975029.853285,0,GPU-93ae0c7f-c327-aee3-adae-bc0d1dae71ea,0.32,0.6128480703468491,12282.0,4498.0,546.29,NVIDIA GeForce RTX 4070,[N/A],Enabled,Enabled
1701975030.852866,0,GPU-93ae0c7f-c327-aee3-adae-bc0d1dae71ea,0.31,0.6128480703468491,12282.0,4498.0,546.29,NVIDIA GeForce RTX 4070,[N/A],Enabled,Enabled
1701975031.853333,0,GPU-93ae0c7f-c327-aee3-adae-bc0d1dae71ea,0.31,0.6128480703468491,12282.0,4498.0,546.29,NVIDIA GeForce RTX 4070,[N/A],Enabled,Enabled
1701975032.853624,0,GPU-93ae0c7f-c327-aee3-adae-bc0d1dae71ea,0.3,0.6128480703468491,12282.0,4498.0,546.29,NVIDIA GeForce RTX 4070,[N/A],Enabled,Enabled
1701975033.852962,0,GPU-93ae0c7f-c327-aee3-adae-bc0d1dae71ea,0.29,0.6128480703468491,12282.0,4498.0,546.29,NVIDIA GeForce RTX 4070,[N/A],Enabled,Enabled
1701975034.853492,0,GPU-93ae0c7f-c327-aee3-adae-bc0d1dae71ea,0.28,0.6128480703468491,12282.0,4498.0,546.29,NVIDIA GeForce RTX 4070,[N/A],Enabled,Enabled
1701975035.853762,0,GPU-93ae0c7f-c327-aee3-adae-bc0d1dae71ea,0.28,0.6128480703468491,12282.0,4498.0,546.29,NVIDIA GeForce RTX 4070,[N/A],Enabled,Enabled
1701975036.85319,0,GPU-93ae0c7f-c327-aee3-adae-bc0d1dae71ea,0.27,0.6128480703468491,12282.0,4498.0,546.29,NVIDIA GeForce RTX 4070,[N/A],Enabled,Enabled
1701975037.852696,0,GPU-93ae0c7f-c327-aee3-adae-bc0d1dae71ea,0.28,0.6128480703468491,12282.0,4498.0,546.29,NVIDIA GeForce RTX 4070,[N/A],Enabled,Enabled
1701975038.853728,0,GPU-93ae0c7f-c327-aee3-adae-bc0d1dae71ea,0.28,0.6128480703468491,12282.0,4498.0,546.29,NVIDIA GeForce RTX 4070,[N/A],Enabled,Enabled
1701975039.853167,0,GPU-93ae0c7f-c327-aee3-adae-bc0d1dae71ea,0.27,0.6128480703468491,12282.0,4498.0,546.29,NVIDIA GeForce RTX 4070,[N/A],Enabled,Enabled
1701975040.852703,0,GPU-93ae0c7f-c327-aee3-adae-bc0d1dae71ea,0.27,0.6128480703468491,12282.0,4498.0,546.29,NVIDIA GeForce RTX 4070,[N/A],Enabled,Enabled
1701975041.852405,0,GPU-93ae0c7f-c327-aee3-adae-bc0d1dae71ea,0.26,0.6128480703468491,12282.0,4498.0,546.29,NVIDIA GeForce RTX 4070,[N/A],Enabled,Enabled
1701975042.853333,0,GPU-93ae0c7f-c327-aee3-adae-bc0d1dae71ea,0.23,0.6125223904901482,12282.0,4502.0,546.29,NVIDIA GeForce RTX 4070,[N/A],Enabled,Enabled
1701975043.853555,0,GPU-93ae0c7f-c327-aee3-adae-bc0d1dae71ea,0.24,0.6125223904901482,12282.0,4502.0,546.29,NVIDIA GeForce RTX 4070,[N/A],Enabled,Enabled
1701975044.853949,0,GPU-93ae0c7f-c327-aee3-adae-bc0d1dae71ea,0.25,0.6128480703468491,12282.0,4498.0,546.29,NVIDIA GeForce RTX 4070,[N/A],Enabled,Enabled
1701975045.853224,0,GPU-93ae0c7f-c327-aee3-adae-bc0d1dae71ea,0.28,0.6128480703468491,12282.0,4498.0,546.29,NVIDIA GeForce RTX 4070,[N/A],Enabled,Enabled
1701975046.85268,0,GPU-93ae0c7f-c327-aee3-adae-bc0d1dae71ea,0.28,0.6128480703468491,12282.0,4498.0,546.29,NVIDIA GeForce RTX 4070,[N/A],Enabled,Enabled
1701975047.85246,0,GPU-93ae0c7f-c327-aee3-adae-bc0d1dae71ea,0.28,0.6128480703468491,12282.0,4498.0,546.29,NVIDIA GeForce RTX 4070,[N/A],Enabled,Enabled
1701975048.853073,0,GPU-93ae0c7f-c327-aee3-adae-bc0d1dae71ea,0.29,0.6128480703468491,12282.0,4498.0,546.29,NVIDIA GeForce RTX 4070,[N/A],Enabled,Enabled
1701975049.853976,0,GPU-93ae0c7f-c327-aee3-adae-bc0d1dae71ea,0.28,0.6128480703468491,12282.0,4498.0,546.29,NVIDIA GeForce RTX 4070,[N/A],Enabled,Enabled
1701975050.853166,0,GPU-93ae0c7f-c327-aee3-adae-bc0d1dae71ea,0.32,0.6128480703468491,12282.0,4498.0,546.29,NVIDIA GeForce RTX 4070,[N/A],Enabled,Enabled
1701975051.853225,0,GPU-93ae0c7f-c327-aee3-adae-bc0d1dae71ea,0.32,0.6128480703468491,12282.0,4498.0,546.29,NVIDIA GeForce RTX 4070,[N/A],Enabled,Enabled
1701975052.853793,0,GPU-93ae0c7f-c327-aee3-adae-bc0d1dae71ea,0.32,0.6125223904901482,12282.0,4502.0,546.29,NVIDIA GeForce RTX 4070,[N/A],Enabled,Enabled
1701975053.853617,0,GPU-93ae0c7f-c327-aee3-adae-bc0d1dae71ea,0.33,0.6125223904901482,12282.0,4502.0,546.29,NVIDIA GeForce RTX 4070,[N/A],Enabled,Enabled
1701975054.853154,0,GPU-93ae0c7f-c327-aee3-adae-bc0d1dae71ea,0.33,0.6125223904901482,12282.0,4502.0,546.29,NVIDIA GeForce RTX 4070,[N/A],Enabled,Enabled
1701975055.853363,0,GPU-93ae0c7f-c327-aee3-adae-bc0d1dae71ea,0.32,0.6125223904901482,12282.0,4502.0,546.29,NVIDIA GeForce RTX 4070,[N/A],Enabled,Enabled
1701975056.853517,0,GPU-93ae0c7f-c327-aee3-adae-bc0d1dae71ea,0.29,0.6125223904901482,12282.0,4502.0,546.29,NVIDIA GeForce RTX 4070,[N/A],Enabled,Enabled
1701975057.853088,0,GPU-93ae0c7f-c327-aee3-adae-bc0d1dae71ea,0.34,0.6125223904901482,12282.0,4502.0,546.29,NVIDIA GeForce RTX 4070,[N/A],Enabled,Enabled
1701975058.853106,0,GPU-93ae0c7f-c327-aee3-adae-bc0d1dae71ea,0.28,0.6125223904901482,12282.0,4502.0,546.29,NVIDIA GeForce RTX 4070,[N/A],Enabled,Enabled
1701975059.853387,0,GPU-93ae0c7f-c327-aee3-adae-bc0d1dae71ea,0.26,0.6125223904901482,12282.0,4502.0,546.29,NVIDIA GeForce RTX 4070,[N/A],Enabled,Enabled
1701975060.853659,0,GPU-93ae0c7f-c327-aee3-adae-bc0d1dae71ea,0.34,0.6125223904901482,12282.0,4502.0,546.29,NVIDIA GeForce RTX 4070,[N/A],Enabled,Enabled
1701975061.852526,0,GPU-93ae0c7f-c327-aee3-adae-bc0d1dae71ea,0.34,0.6125223904901482,12282.0,4502.0,546.29,NVIDIA GeForce RTX 4070,[N/A],Enabled,Enabled
1701975062.853268,0,GPU-93ae0c7f-c327-aee3-adae-bc0d1dae71ea,0.34,0.6121152906692721,12282.0,4507.0,546.29,NVIDIA GeForce RTX 4070,[N/A],Enabled,Enabled
1701975063.852872,0,GPU-93ae0c7f-c327-aee3-adae-bc0d1dae71ea,0.35,0.6121152906692721,12282.0,4507.0,546.29,NVIDIA GeForce RTX 4070,[N/A],Enabled,Enabled
1701975064.853176,0,GPU-93ae0c7f-c327-aee3-adae-bc0d1dae71ea,0.34,0.6121152906692721,12282.0,4507.0,546.29,NVIDIA GeForce RTX 4070,[N/A],Enabled,Enabled
1701975065.853923,0,GPU-93ae0c7f-c327-aee3-adae-bc0d1dae71ea,0.34,0.6121152906692721,12282.0,4507.0,546.29,NVIDIA GeForce RTX 4070,[N/A],Enabled,Enabled
1701975066.852872,0,GPU-93ae0c7f-c327-aee3-adae-bc0d1dae71ea,0.33,0.6121152906692721,12282.0,4507.0,546.29,NVIDIA GeForce RTX 4070,[N/A],Enabled,Enabled
1701975067.852827,0,GPU-93ae0c7f-c327-aee3-adae-bc0d1dae71ea,0.33,0.6121152906692721,12282.0,4507.0,546.29,NVIDIA GeForce RTX 4070,[N/A],Enabled,Enabled
1701975068.853723,0,GPU-93ae0c7f-c327-aee3-adae-bc0d1dae71ea,0.32,0.6121152906692721,12282.0,4507.0,546.29,NVIDIA GeForce RTX 4070,[N/A],Enabled,Enabled
1701975069.852562,0,GPU-93ae0c7f-c327-aee3-adae-bc0d1dae71ea,0.3,0.6121152906692721,12282.0,4507.0,546.29,NVIDIA GeForce RTX 4070,[N/A],Enabled,Enabled
1701975070.853145,0,GPU-93ae0c7f-c327-aee3-adae-bc0d1dae71ea,0.29,0.6121152906692721,12282.0,4507.0,546.29,NVIDIA GeForce RTX 4070,[N/A],Enabled,Enabled
1701975071.852876,0,GPU-93ae0c7f-c327-aee3-adae-bc0d1dae71ea,0.28,0.6121152906692721,12282.0,4507.0,546.29,NVIDIA GeForce RTX 4070,[N/A],Enabled,Enabled
1701975072.853155,0,GPU-93ae0c7f-c327-aee3-adae-bc0d1dae71ea,0.29,0.6121152906692721,12282.0,4507.0,546.29,NVIDIA GeForce RTX 4070,[N/A],Enabled,Enabled
1701975073.85333,0,GPU-93ae0c7f-c327-aee3-adae-bc0d1dae71ea,0.34,0.6121152906692721,12282.0,4507.0,546.29,NVIDIA GeForce RTX 4070,[N/A],Enabled,Enabled
1701975074.852795,0,GPU-93ae0c7f-c327-aee3-adae-bc0d1dae71ea,0.34,0.6121152906692721,12282.0,4507.0,546.29,NVIDIA GeForce RTX 4070,[N/A],Enabled,Enabled
1701975075.853138,0,GPU-93ae0c7f-c327-aee3-adae-bc0d1dae71ea,0.34,0.6121152906692721,12282.0,4507.0,546.29,NVIDIA GeForce RTX 4070,[N/A],Enabled,Enabled
1701975076.853526,0,GPU-93ae0c7f-c327-aee3-adae-bc0d1dae71ea,0.34,0.6121152906692721,12282.0,4507.0,546.29,NVIDIA GeForce RTX 4070,[N/A],Enabled,Enabled
1701975077.85379,0,GPU-93ae0c7f-c327-aee3-adae-bc0d1dae71ea,0.32,0.6121152906692721,12282.0,4507.0,546.29,NVIDIA GeForce RTX 4070,[N/A],Enabled,Enabled
1701975078.852866,0,GPU-93ae0c7f-c327-aee3-adae-bc0d1dae71ea,0.32,0.6121152906692721,12282.0,4507.0,546.29,NVIDIA GeForce RTX 4070,[N/A],Enabled,Enabled
1701975079.85332,0,GPU-93ae0c7f-c327-aee3-adae-bc0d1dae71ea,0.33,0.6121152906692721,12282.0,4507.0,546.29,NVIDIA GeForce RTX 4070,[N/A],Enabled,Enabled
1701975080.853983,0,GPU-93ae0c7f-c327-aee3-adae-bc0d1dae71ea,0.33,0.6121152906692721,12282.0,4507.0,546.29,NVIDIA GeForce RTX 4070,[N/A],Enabled,Enabled
1701975081.853511,0,GPU-93ae0c7f-c327-aee3-adae-bc0d1dae71ea,0.32,0.6121152906692721,12282.0,4507.0,546.29,NVIDIA GeForce RTX 4070,[N/A],Enabled,Enabled
1701975082.853495,0,GPU-93ae0c7f-c327-aee3-adae-bc0d1dae71ea,0.27,0.6121152906692721,12282.0,4507.0,546.29,NVIDIA GeForce RTX 4070,[N/A],Enabled,Enabled
1701975083.853338,0,GPU-93ae0c7f-c327-aee3-adae-bc0d1dae71ea,0.27,0.6121152906692721,12282.0,4507.0,546.29,NVIDIA GeForce RTX 4070,[N/A],Enabled,Enabled
1701975084.85324,0,GPU-93ae0c7f-c327-aee3-adae-bc0d1dae71ea,0.28,0.6121152906692721,12282.0,4507.0,546.29,NVIDIA GeForce RTX 4070,[N/A],Enabled,Enabled
1701975085.852967,0,GPU-93ae0c7f-c327-aee3-adae-bc0d1dae71ea,0.34,0.6121152906692721,12282.0,4507.0,546.29,NVIDIA GeForce RTX 4070,[N/A],Enabled,Enabled
1701975086.853069,0,GPU-93ae0c7f-c327-aee3-adae-bc0d1dae71ea,0.34,0.6121152906692721,12282.0,4507.0,546.29,NVIDIA GeForce RTX 4070,[N/A],Enabled,Enabled
1701975087.853241,0,GPU-93ae0c7f-c327-aee3-adae-bc0d1dae71ea,0.35,0.6121152906692721,12282.0,4507.0,546.29,NVIDIA GeForce RTX 4070,[N/A],Enabled,Enabled
1701975088.853663,0,GPU-93ae0c7f-c327-aee3-adae-bc0d1dae71ea,0.34,0.6121152906692721,12282.0,4507.0,546.29,NVIDIA GeForce RTX 4070,[N/A],Enabled,Enabled
1701975089.853586,0,GPU-93ae0c7f-c327-aee3-adae-bc0d1dae71ea,0.3,0.612440970525973,12282.0,4503.0,546.29,NVIDIA GeForce RTX 4070,[N/A],Enabled,Enabled
1701975090.853052,0,GPU-93ae0c7f-c327-aee3-adae-bc0d1dae71ea,0.29,0.612440970525973,12282.0,4503.0,546.29,NVIDIA GeForce RTX 4070,[N/A],Enabled,Enabled
1701975091.852841,0,GPU-93ae0c7f-c327-aee3-adae-bc0d1dae71ea,0.29,0.6122781305976225,12282.0,4505.0,546.29,NVIDIA GeForce RTX 4070,[N/A],Enabled,Enabled
1701975092.85399,0,GPU-93ae0c7f-c327-aee3-adae-bc0d1dae71ea,0.29,0.6122781305976225,12282.0,4505.0,546.29,NVIDIA GeForce RTX 4070,[N/A],Enabled,Enabled
1701975093.85266,0,GPU-93ae0c7f-c327-aee3-adae-bc0d1dae71ea,0.29,0.6122781305976225,12282.0,4505.0,546.29,NVIDIA GeForce RTX 4070,[N/A],Enabled,Enabled
1701975094.852944,0,GPU-93ae0c7f-c327-aee3-adae-bc0d1dae71ea,0.29,0.6122781305976225,12282.0,4505.0,546.29,NVIDIA GeForce RTX 4070,[N/A],Enabled,Enabled
1701975095.853684,0,GPU-93ae0c7f-c327-aee3-adae-bc0d1dae71ea,0.29,0.6122781305976225,12282.0,4505.0,546.29,NVIDIA GeForce RTX 4070,[N/A],Enabled,Enabled
1701975096.85278,0,GPU-93ae0c7f-c327-aee3-adae-bc0d1dae71ea,0.29,0.6122781305976225,12282.0,4505.0,546.29,NVIDIA GeForce RTX 4070,[N/A],Enabled,Enabled
1701975097.853271,0,GPU-93ae0c7f-c327-aee3-adae-bc0d1dae71ea,0.29,0.6122781305976225,12282.0,4505.0,546.29,NVIDIA GeForce RTX 4070,[N/A],Enabled,Enabled
1701975098.853254,0,GPU-93ae0c7f-c327-aee3-adae-bc0d1dae71ea,0.28,0.6122781305976225,12282.0,4505.0,546.29,NVIDIA GeForce RTX 4070,[N/A],Enabled,Enabled
1701975099.853485,0,GPU-93ae0c7f-c327-aee3-adae-bc0d1dae71ea,0.27,0.6122781305976225,12282.0,4505.0,546.29,NVIDIA GeForce RTX 4070,[N/A],Enabled,Enabled
1701975100.853355,0,GPU-93ae0c7f-c327-aee3-adae-bc0d1dae71ea,0.32,0.6119524507409216,12282.0,4509.0,546.29,NVIDIA GeForce RTX 4070,[N/A],Enabled,Enabled
1701975101.853524,0,GPU-93ae0c7f-c327-aee3-adae-bc0d1dae71ea,0.34,0.6119524507409216,12282.0,4509.0,546.29,NVIDIA GeForce RTX 4070,[N/A],Enabled,Enabled
1701975102.853976,0,GPU-93ae0c7f-c327-aee3-adae-bc0d1dae71ea,0.31,0.6119524507409216,12282.0,4509.0,546.29,NVIDIA GeForce RTX 4070,[N/A],Enabled,Enabled
1701975103.852835,0,GPU-93ae0c7f-c327-aee3-adae-bc0d1dae71ea,0.31,0.6119524507409216,12282.0,4509.0,546.29,NVIDIA GeForce RTX 4070,[N/A],Enabled,Enabled
1701975104.853122,0,GPU-93ae0c7f-c327-aee3-adae-bc0d1dae71ea,0.29,0.6119524507409216,12282.0,4509.0,546.29,NVIDIA GeForce RTX 4070,[N/A],Enabled,Enabled
1701975105.853103,0,GPU-93ae0c7f-c327-aee3-adae-bc0d1dae71ea,0.31,0.6119524507409216,12282.0,4509.0,546.29,NVIDIA GeForce RTX 4070,[N/A],Enabled,Enabled
1701975106.853262,0,GPU-93ae0c7f-c327-aee3-adae-bc0d1dae71ea,0.3,0.6119524507409216,12282.0,4509.0,546.29,NVIDIA GeForce RTX 4070,[N/A],Enabled,Enabled
1701975107.85362,0,GPU-93ae0c7f-c327-aee3-adae-bc0d1dae71ea,0.31,0.6119524507409216,12282.0,4509.0,546.29,NVIDIA GeForce RTX 4070,[N/A],Enabled,Enabled
1701975108.85391,0,GPU-93ae0c7f-c327-aee3-adae-bc0d1dae71ea,0.31,0.6119524507409216,12282.0,4509.0,546.29,NVIDIA GeForce RTX 4070,[N/A],Enabled,Enabled
1701975109.852933,0,GPU-93ae0c7f-c327-aee3-adae-bc0d1dae71ea,0.32,0.6119524507409216,12282.0,4509.0,546.29,NVIDIA GeForce RTX 4070,[N/A],Enabled,Enabled
1701975110.853066,0,GPU-93ae0c7f-c327-aee3-adae-bc0d1dae71ea,0.32,0.6119524507409216,12282.0,4509.0,546.29,NVIDIA GeForce RTX 4070,[N/A],Enabled,Enabled
1701975111.853814,0,GPU-93ae0c7f-c327-aee3-adae-bc0d1dae71ea,0.32,0.6119524507409216,12282.0,4509.0,546.29,NVIDIA GeForce RTX 4070,[N/A],Enabled,Enabled
1701975112.852928,0,GPU-93ae0c7f-c327-aee3-adae-bc0d1dae71ea,0.32,0.6119524507409216,12282.0,4509.0,546.29,NVIDIA GeForce RTX 4070,[N/A],Enabled,Enabled
1701975113.853402,0,GPU-93ae0c7f-c327-aee3-adae-bc0d1dae71ea,0.29,0.6119524507409216,12282.0,4509.0,546.29,NVIDIA GeForce RTX 4070,[N/A],Enabled,Enabled
1701975114.852925,0,GPU-93ae0c7f-c327-aee3-adae-bc0d1dae71ea,0.3,0.6119524507409216,12282.0,4509.0,546.29,NVIDIA GeForce RTX 4070,[N/A],Enabled,Enabled
1701975115.852848,0,GPU-93ae0c7f-c327-aee3-adae-bc0d1dae71ea,0.3,0.6119524507409216,12282.0,4509.0,546.29,NVIDIA GeForce RTX 4070,[N/A],Enabled,Enabled
1701975116.853081,0,GPU-93ae0c7f-c327-aee3-adae-bc0d1dae71ea,0.31,0.6119524507409216,12282.0,4509.0,546.29,NVIDIA GeForce RTX 4070,[N/A],Enabled,Enabled
1701975117.85295,0,GPU-93ae0c7f-c327-aee3-adae-bc0d1dae71ea,0.32,0.6119524507409216,12282.0,4509.0,546.29,NVIDIA GeForce RTX 4070,[N/A],Enabled,Enabled
1701975118.853767,0,GPU-93ae0c7f-c327-aee3-adae-bc0d1dae71ea,0.31,0.6119524507409216,12282.0,4509.0,546.29,NVIDIA GeForce RTX 4070,[N/A],Enabled,Enabled
1701975119.852646,0,GPU-93ae0c7f-c327-aee3-adae-bc0d1dae71ea,0.33,0.6119524507409216,12282.0,4509.0,546.29,NVIDIA GeForce RTX 4070,[N/A],Enabled,Enabled
1701975120.853137,0,GPU-93ae0c7f-c327-aee3-adae-bc0d1dae71ea,0.33,0.6119524507409216,12282.0,4509.0,546.29,NVIDIA GeForce RTX 4070,[N/A],Enabled,Enabled
1701975121.853133,0,GPU-93ae0c7f-c327-aee3-adae-bc0d1dae71ea,0.34,0.6119524507409216,12282.0,4509.0,546.29,NVIDIA GeForce RTX 4070,[N/A],Enabled,Enabled
1701975122.852775,0,GPU-93ae0c7f-c327-aee3-adae-bc0d1dae71ea,0.31,0.6119524507409216,12282.0,4509.0,546.29,NVIDIA GeForce RTX 4070,[N/A],Enabled,Enabled
1701975123.853931,0,GPU-93ae0c7f-c327-aee3-adae-bc0d1dae71ea,0.32,0.6119524507409216,12282.0,4509.0,546.29,NVIDIA GeForce RTX 4070,[N/A],Enabled,Enabled
1701975124.853225,0,GPU-93ae0c7f-c327-aee3-adae-bc0d1dae71ea,0.32,0.6119524507409216,12282.0,4509.0,546.29,NVIDIA GeForce RTX 4070,[N/A],Enabled,Enabled
1701975125.852985,0,GPU-93ae0c7f-c327-aee3-adae-bc0d1dae71ea,0.31,0.6119524507409216,12282.0,4509.0,546.29,NVIDIA GeForce RTX 4070,[N/A],Enabled,Enabled
1701975126.85386,0,GPU-93ae0c7f-c327-aee3-adae-bc0d1dae71ea,0.32,0.6119524507409216,12282.0,4509.0,546.29,NVIDIA GeForce RTX 4070,[N/A],Enabled,Enabled
1701975127.853321,0,GPU-93ae0c7f-c327-aee3-adae-bc0d1dae71ea,0.3,0.6122781305976225,12282.0,4505.0,546.29,NVIDIA GeForce RTX 4070,[N/A],Enabled,Enabled
1701975128.852778,0,GPU-93ae0c7f-c327-aee3-adae-bc0d1dae71ea,0.32,0.6119524507409216,12282.0,4509.0,546.29,NVIDIA GeForce RTX 4070,[N/A],Enabled,Enabled
1701975129.853247,0,GPU-93ae0c7f-c327-aee3-adae-bc0d1dae71ea,0.33,0.6119524507409216,12282.0,4509.0,546.29,NVIDIA GeForce RTX 4070,[N/A],Enabled,Enabled
1701975130.853226,0,GPU-93ae0c7f-c327-aee3-adae-bc0d1dae71ea,0.33,0.6119524507409216,12282.0,4509.0,546.29,NVIDIA GeForce RTX 4070,[N/A],Enabled,Enabled
1701975131.853639,0,GPU-93ae0c7f-c327-aee3-adae-bc0d1dae71ea,0.32,0.6119524507409216,12282.0,4509.0,546.29,NVIDIA GeForce RTX 4070,[N/A],Enabled,Enabled
1701975132.853123,0,GPU-93ae0c7f-c327-aee3-adae-bc0d1dae71ea,0.32,0.6119524507409216,12282.0,4509.0,546.29,NVIDIA GeForce RTX 4070,[N/A],Enabled,Enabled
1701975133.85273,0,GPU-93ae0c7f-c327-aee3-adae-bc0d1dae71ea,0.31,0.6119524507409216,12282.0,4509.0,546.29,NVIDIA GeForce RTX 4070,[N/A],Enabled,Enabled
1701975134.85308,0,GPU-93ae0c7f-c327-aee3-adae-bc0d1dae71ea,0.31,0.6119524507409216,12282.0,4509.0,546.29,NVIDIA GeForce RTX 4070,[N/A],Enabled,Enabled
1701975135.853334,0,GPU-93ae0c7f-c327-aee3-adae-bc0d1dae71ea,0.33,0.6119524507409216,12282.0,4509.0,546.29,NVIDIA GeForce RTX 4070,[N/A],Enabled,Enabled
1701975136.852712,0,GPU-93ae0c7f-c327-aee3-adae-bc0d1dae71ea,0.31,0.6119524507409216,12282.0,4509.0,546.29,NVIDIA GeForce RTX 4070,[N/A],Enabled,Enabled
1701975137.852824,0,GPU-93ae0c7f-c327-aee3-adae-bc0d1dae71ea,0.29,0.6122781305976225,12282.0,4505.0,546.29,NVIDIA GeForce RTX 4070,[N/A],Enabled,Enabled
1701975138.852467,0,GPU-93ae0c7f-c327-aee3-adae-bc0d1dae71ea,0.27,0.6122781305976225,12282.0,4505.0,546.29,NVIDIA GeForce RTX 4070,[N/A],Enabled,Enabled
1701975139.853432,0,GPU-93ae0c7f-c327-aee3-adae-bc0d1dae71ea,0.26,0.6122781305976225,12282.0,4505.0,546.29,NVIDIA GeForce RTX 4070,[N/A],Enabled,Enabled
1701975140.85318,0,GPU-93ae0c7f-c327-aee3-adae-bc0d1dae71ea,0.29,0.6122781305976225,12282.0,4505.0,546.29,NVIDIA GeForce RTX 4070,[N/A],Enabled,Enabled
1701975141.85299,0,GPU-93ae0c7f-c327-aee3-adae-bc0d1dae71ea,0.28,0.6122781305976225,12282.0,4505.0,546.29,NVIDIA GeForce RTX 4070,[N/A],Enabled,Enabled
1701975142.853128,0,GPU-93ae0c7f-c327-aee3-adae-bc0d1dae71ea,0.28,0.6122781305976225,12282.0,4505.0,546.29,NVIDIA GeForce RTX 4070,[N/A],Enabled,Enabled
1701975143.85377,0,GPU-93ae0c7f-c327-aee3-adae-bc0d1dae71ea,0.25,0.6122781305976225,12282.0,4505.0,546.29,NVIDIA GeForce RTX 4070,[N/A],Enabled,Enabled
1701975144.853229,0,GPU-93ae0c7f-c327-aee3-adae-bc0d1dae71ea,0.23,0.6116267708842208,12282.0,4513.0,546.29,NVIDIA GeForce RTX 4070,[N/A],Enabled,Enabled
1701975145.852831,0,GPU-93ae0c7f-c327-aee3-adae-bc0d1dae71ea,0.23,0.6116267708842208,12282.0,4513.0,546.29,NVIDIA GeForce RTX 4070,[N/A],Enabled,Enabled
1701975146.853828,0,GPU-93ae0c7f-c327-aee3-adae-bc0d1dae71ea,0.22,0.6116267708842208,12282.0,4513.0,546.29,NVIDIA GeForce RTX 4070,[N/A],Enabled,Enabled
1701975147.852865,0,GPU-93ae0c7f-c327-aee3-adae-bc0d1dae71ea,0.22,0.6116267708842208,12282.0,4513.0,546.29,NVIDIA GeForce RTX 4070,[N/A],Enabled,Enabled
1701975148.853214,0,GPU-93ae0c7f-c327-aee3-adae-bc0d1dae71ea,0.28,0.6121967106334473,12282.0,4506.0,546.29,NVIDIA GeForce RTX 4070,[N/A],Enabled,Enabled
1701975149.853604,0,GPU-93ae0c7f-c327-aee3-adae-bc0d1dae71ea,0.29,0.6121967106334473,12282.0,4506.0,546.29,NVIDIA GeForce RTX 4070,[N/A],Enabled,Enabled
1701975150.853125,0,GPU-93ae0c7f-c327-aee3-adae-bc0d1dae71ea,0.27,0.6121967106334473,12282.0,4506.0,546.29,NVIDIA GeForce RTX 4070,[N/A],Enabled,Enabled
1701975151.85253,0,GPU-93ae0c7f-c327-aee3-adae-bc0d1dae71ea,0.25,0.6121967106334473,12282.0,4506.0,546.29,NVIDIA GeForce RTX 4070,[N/A],Enabled,Enabled
1701975152.852971,0,GPU-93ae0c7f-c327-aee3-adae-bc0d1dae71ea,0.26,0.6121967106334473,12282.0,4506.0,546.29,NVIDIA GeForce RTX 4070,[N/A],Enabled,Enabled
1701975153.853259,0,GPU-93ae0c7f-c327-aee3-adae-bc0d1dae71ea,0.26,0.6121967106334473,12282.0,4506.0,546.29,NVIDIA GeForce RTX 4070,[N/A],Enabled,Enabled
1701975154.854041,0,GPU-93ae0c7f-c327-aee3-adae-bc0d1dae71ea,0.27,0.6121967106334473,12282.0,4506.0,546.29,NVIDIA GeForce RTX 4070,[N/A],Enabled,Enabled
1701975155.8529,0,GPU-93ae0c7f-c327-aee3-adae-bc0d1dae71ea,0.28,0.6121967106334473,12282.0,4506.0,546.29,NVIDIA GeForce RTX 4070,[N/A],Enabled,Enabled
1701975156.852852,0,GPU-93ae0c7f-c327-aee3-adae-bc0d1dae71ea,0.26,0.6121967106334473,12282.0,4506.0,546.29,NVIDIA GeForce RTX 4070,[N/A],Enabled,Enabled
1701975157.853021,0,GPU-93ae0c7f-c327-aee3-adae-bc0d1dae71ea,0.27,0.6121967106334473,12282.0,4506.0,546.29,NVIDIA GeForce RTX 4070,[N/A],Enabled,Enabled
1701975158.852933,0,GPU-93ae0c7f-c327-aee3-adae-bc0d1dae71ea,0.26,0.6121967106334473,12282.0,4506.0,546.29,NVIDIA GeForce RTX 4070,[N/A],Enabled,Enabled
1701975159.853352,0,GPU-93ae0c7f-c327-aee3-adae-bc0d1dae71ea,0.26,0.6121967106334473,12282.0,4506.0,546.29,NVIDIA GeForce RTX 4070,[N/A],Enabled,Enabled
1701975160.852894,0,GPU-93ae0c7f-c327-aee3-adae-bc0d1dae71ea,0.04,0.6121967106334473,12282.0,4506.0,546.29,NVIDIA GeForce RTX 4070,[N/A],Enabled,Enabled
1701975161.853248,0,GPU-93ae0c7f-c327-aee3-adae-bc0d1dae71ea,0.08,0.6382510991695164,12282.0,4186.0,546.29,NVIDIA GeForce RTX 4070,[N/A],Enabled,Enabled
1701975162.8535,0,GPU-93ae0c7f-c327-aee3-adae-bc0d1dae71ea,0.15,0.6381696792053412,12282.0,4187.0,546.29,NVIDIA GeForce RTX 4070,[N/A],Enabled,Enabled
1701975163.853599,0,GPU-93ae0c7f-c327-aee3-adae-bc0d1dae71ea,0.15,0.2951473701351571,12282.0,8400.0,546.29,NVIDIA GeForce RTX 4070,[N/A],Enabled,Enabled
1701975164.853498,0,GPU-93ae0c7f-c327-aee3-adae-bc0d1dae71ea,0.16,0.2930304510666015,12282.0,8426.0,546.29,NVIDIA GeForce RTX 4070,[N/A],Enabled,Enabled
1701975165.85393,0,GPU-93ae0c7f-c327-aee3-adae-bc0d1dae71ea,0.16,0.2929490311024263,12282.0,8427.0,546.29,NVIDIA GeForce RTX 4070,[N/A],Enabled,Enabled
1701975166.853565,0,GPU-93ae0c7f-c327-aee3-adae-bc0d1dae71ea,0.16,0.2929490311024263,12282.0,8427.0,546.29,NVIDIA GeForce RTX 4070,[N/A],Enabled,Enabled
1701975167.853269,0,GPU-93ae0c7f-c327-aee3-adae-bc0d1dae71ea,0.15,0.29213483146067415,12282.0,8437.0,546.29,NVIDIA GeForce RTX 4070,[N/A],Enabled,Enabled
1701975168.852633,0,GPU-93ae0c7f-c327-aee3-adae-bc0d1dae71ea,0.16,0.291320631818922,12282.0,8447.0,546.29,NVIDIA GeForce RTX 4070,[N/A],Enabled,Enabled
