timestamp,id,uuid,load,memoryUtil,memoryTotal,memoryUsed,memoryFree,driver,name,serial,display_mode,display_active
1709236883.991644,0,GPU-93ae0c7f-c327-aee3-adae-bc0d1dae71ea,0.13,0.24255007327796776,12282.0,9032.0,551.52,NVIDIA GeForce RTX 4070,[N/A],Enabled,Enabled
1709236884.987492,0,GPU-93ae0c7f-c327-aee3-adae-bc0d1dae71ea,0.15,0.24238723334961731,12282.0,9034.0,551.52,NVIDIA GeForce RTX 4070,[N/A],Enabled,Enabled
1709236885.987292,0,GPU-93ae0c7f-c327-aee3-adae-bc0d1dae71ea,0.13,0.24238723334961731,12282.0,9034.0,551.52,NVIDIA GeForce RTX 4070,[N/A],Enabled,Enabled
1709236886.987438,0,GPU-93ae0c7f-c327-aee3-adae-bc0d1dae71ea,0.13,0.24238723334961731,12282.0,9034.0,551.52,NVIDIA GeForce RTX 4070,[N/A],Enabled,Enabled
1709236887.988478,0,GPU-93ae0c7f-c327-aee3-adae-bc0d1dae71ea,0.13,0.24238723334961731,12282.0,9034.0,551.52,NVIDIA GeForce RTX 4070,[N/A],Enabled,Enabled
1709236888.987876,0,GPU-93ae0c7f-c327-aee3-adae-bc0d1dae71ea,0.13,0.24238723334961731,12282.0,9034.0,551.52,NVIDIA GeForce RTX 4070,[N/A],Enabled,Enabled
1709236889.98808,0,GPU-93ae0c7f-c327-aee3-adae-bc0d1dae71ea,0.13,0.24238723334961731,12282.0,9034.0,551.52,NVIDIA GeForce RTX 4070,[N/A],Enabled,Enabled
1709236890.988316,0,GPU-93ae0c7f-c327-aee3-adae-bc0d1dae71ea,0.13,0.24238723334961731,12282.0,9034.0,551.52,NVIDIA GeForce RTX 4070,[N/A],Enabled,Enabled
1709236891.987903,0,GPU-93ae0c7f-c327-aee3-adae-bc0d1dae71ea,0.13,0.24238723334961731,12282.0,9034.0,551.52,NVIDIA GeForce RTX 4070,[N/A],Enabled,Enabled
1709236892.988048,0,GPU-93ae0c7f-c327-aee3-adae-bc0d1dae71ea,0.14,0.24238723334961731,12282.0,9034.0,551.52,NVIDIA GeForce RTX 4070,[N/A],Enabled,Enabled
1709236893.987997,0,GPU-93ae0c7f-c327-aee3-adae-bc0d1dae71ea,0.13,0.24238723334961731,12282.0,9034.0,551.52,NVIDIA GeForce RTX 4070,[N/A],Enabled,Enabled
1709236894.987516,0,GPU-93ae0c7f-c327-aee3-adae-bc0d1dae71ea,0.14,0.24238723334961731,12282.0,9034.0,551.52,NVIDIA GeForce RTX 4070,[N/A],Enabled,Enabled
1709236895.988498,0,GPU-93ae0c7f-c327-aee3-adae-bc0d1dae71ea,0.13,0.24238723334961731,12282.0,9034.0,551.52,NVIDIA GeForce RTX 4070,[N/A],Enabled,Enabled
1709236896.987667,0,GPU-93ae0c7f-c327-aee3-adae-bc0d1dae71ea,0.14,0.24238723334961731,12282.0,9034.0,551.52,NVIDIA GeForce RTX 4070,[N/A],Enabled,Enabled
1709236897.98851,0,GPU-93ae0c7f-c327-aee3-adae-bc0d1dae71ea,0.13,0.24238723334961731,12282.0,9034.0,551.52,NVIDIA GeForce RTX 4070,[N/A],Enabled,Enabled
1709236898.988649,0,GPU-93ae0c7f-c327-aee3-adae-bc0d1dae71ea,0.15,0.2417358736362156,12282.0,9042.0,551.52,NVIDIA GeForce RTX 4070,[N/A],Enabled,Enabled
1709236899.987606,0,GPU-93ae0c7f-c327-aee3-adae-bc0d1dae71ea,0.15,0.24320143299136948,12282.0,9024.0,551.52,NVIDIA GeForce RTX 4070,[N/A],Enabled,Enabled
1709236900.988293,0,GPU-93ae0c7f-c327-aee3-adae-bc0d1dae71ea,0.09,0.33048363458720076,12282.0,7952.0,551.52,NVIDIA GeForce RTX 4070,[N/A],Enabled,Enabled
1709236901.987924,0,GPU-93ae0c7f-c327-aee3-adae-bc0d1dae71ea,0.08,0.3133854421104055,12282.0,8162.0,551.52,NVIDIA GeForce RTX 4070,[N/A],Enabled,Enabled
1709236902.987829,0,GPU-93ae0c7f-c327-aee3-adae-bc0d1dae71ea,0.08,0.3133854421104055,12282.0,8162.0,551.52,NVIDIA GeForce RTX 4070,[N/A],Enabled,Enabled
1709236903.987696,0,GPU-93ae0c7f-c327-aee3-adae-bc0d1dae71ea,0.08,0.3133854421104055,12282.0,8162.0,551.52,NVIDIA GeForce RTX 4070,[N/A],Enabled,Enabled
1709236904.987514,0,GPU-93ae0c7f-c327-aee3-adae-bc0d1dae71ea,0.05,0.29018075232046897,12282.0,8447.0,551.52,NVIDIA GeForce RTX 4070,[N/A],Enabled,Enabled
1709236905.988453,0,GPU-93ae0c7f-c327-aee3-adae-bc0d1dae71ea,0.31,0.4748412310698583,12282.0,6179.0,551.52,NVIDIA GeForce RTX 4070,[N/A],Enabled,Enabled
1709236906.987822,0,GPU-93ae0c7f-c327-aee3-adae-bc0d1dae71ea,0.33,0.4417033056505455,12282.0,6586.0,551.52,NVIDIA GeForce RTX 4070,[N/A],Enabled,Enabled
1709236907.987387,0,GPU-93ae0c7f-c327-aee3-adae-bc0d1dae71ea,0.32,0.4417033056505455,12282.0,6586.0,551.52,NVIDIA GeForce RTX 4070,[N/A],Enabled,Enabled
1709236908.988128,0,GPU-93ae0c7f-c327-aee3-adae-bc0d1dae71ea,0.29,0.43689952776420776,12282.0,6645.0,551.52,NVIDIA GeForce RTX 4070,[N/A],Enabled,Enabled
1709236909.988386,0,GPU-93ae0c7f-c327-aee3-adae-bc0d1dae71ea,0.31,0.4416218856863703,12282.0,6587.0,551.52,NVIDIA GeForce RTX 4070,[N/A],Enabled,Enabled
1709236910.98788,0,GPU-93ae0c7f-c327-aee3-adae-bc0d1dae71ea,0.24,0.5544699560332194,12282.0,5201.0,551.52,NVIDIA GeForce RTX 4070,[N/A],Enabled,Enabled
1709236911.988226,0,GPU-93ae0c7f-c327-aee3-adae-bc0d1dae71ea,0.31,0.44251750529229766,12282.0,6576.0,551.52,NVIDIA GeForce RTX 4070,[N/A],Enabled,Enabled
1709236912.987977,0,GPU-93ae0c7f-c327-aee3-adae-bc0d1dae71ea,0.27,0.43771372740595993,12282.0,6635.0,551.52,NVIDIA GeForce RTX 4070,[N/A],Enabled,Enabled
1709236913.988437,0,GPU-93ae0c7f-c327-aee3-adae-bc0d1dae71ea,0.29,0.43779514737013514,12282.0,6634.0,551.52,NVIDIA GeForce RTX 4070,[N/A],Enabled,Enabled
1709236914.988176,0,GPU-93ae0c7f-c327-aee3-adae-bc0d1dae71ea,0.31,0.44251750529229766,12282.0,6576.0,551.52,NVIDIA GeForce RTX 4070,[N/A],Enabled,Enabled
1709236915.988459,0,GPU-93ae0c7f-c327-aee3-adae-bc0d1dae71ea,0.29,0.43779514737013514,12282.0,6634.0,551.52,NVIDIA GeForce RTX 4070,[N/A],Enabled,Enabled
1709236916.987639,0,GPU-93ae0c7f-c327-aee3-adae-bc0d1dae71ea,0.29,0.44251750529229766,12282.0,6576.0,551.52,NVIDIA GeForce RTX 4070,[N/A],Enabled,Enabled
1709236917.987647,0,GPU-93ae0c7f-c327-aee3-adae-bc0d1dae71ea,0.28,0.43787656733431035,12282.0,6633.0,551.52,NVIDIA GeForce RTX 4070,[N/A],Enabled,Enabled
1709236918.987812,0,GPU-93ae0c7f-c327-aee3-adae-bc0d1dae71ea,0.29,0.44251750529229766,12282.0,6576.0,551.52,NVIDIA GeForce RTX 4070,[N/A],Enabled,Enabled
1709236919.987629,0,GPU-93ae0c7f-c327-aee3-adae-bc0d1dae71ea,0.28,0.44251750529229766,12282.0,6576.0,551.52,NVIDIA GeForce RTX 4070,[N/A],Enabled,Enabled
1709236920.988503,0,GPU-93ae0c7f-c327-aee3-adae-bc0d1dae71ea,0.29,0.43779514737013514,12282.0,6634.0,551.52,NVIDIA GeForce RTX 4070,[N/A],Enabled,Enabled
1709236921.988454,0,GPU-93ae0c7f-c327-aee3-adae-bc0d1dae71ea,0.28,0.43779514737013514,12282.0,6634.0,551.52,NVIDIA GeForce RTX 4070,[N/A],Enabled,Enabled
1709236922.987365,0,GPU-93ae0c7f-c327-aee3-adae-bc0d1dae71ea,0.31,0.44251750529229766,12282.0,6576.0,551.52,NVIDIA GeForce RTX 4070,[N/A],Enabled,Enabled
1709236923.988307,0,GPU-93ae0c7f-c327-aee3-adae-bc0d1dae71ea,0.28,0.43787656733431035,12282.0,6633.0,551.52,NVIDIA GeForce RTX 4070,[N/A],Enabled,Enabled
1709236924.9876,0,GPU-93ae0c7f-c327-aee3-adae-bc0d1dae71ea,0.31,0.44251750529229766,12282.0,6576.0,551.52,NVIDIA GeForce RTX 4070,[N/A],Enabled,Enabled
1709236925.987646,0,GPU-93ae0c7f-c327-aee3-adae-bc0d1dae71ea,0.29,0.43787656733431035,12282.0,6633.0,551.52,NVIDIA GeForce RTX 4070,[N/A],Enabled,Enabled
1709236926.988114,0,GPU-93ae0c7f-c327-aee3-adae-bc0d1dae71ea,0.27,0.43787656733431035,12282.0,6633.0,551.52,NVIDIA GeForce RTX 4070,[N/A],Enabled,Enabled
1709236927.987696,0,GPU-93ae0c7f-c327-aee3-adae-bc0d1dae71ea,0.3,0.44251750529229766,12282.0,6576.0,551.52,NVIDIA GeForce RTX 4070,[N/A],Enabled,Enabled
1709236928.987699,0,GPU-93ae0c7f-c327-aee3-adae-bc0d1dae71ea,0.14,0.4463442436085328,12282.0,6529.0,551.52,NVIDIA GeForce RTX 4070,[N/A],Enabled,Enabled
1709236929.988045,0,GPU-93ae0c7f-c327-aee3-adae-bc0d1dae71ea,0.37,0.4463442436085328,12282.0,6529.0,551.52,NVIDIA GeForce RTX 4070,[N/A],Enabled,Enabled
1709236930.9874,0,GPU-93ae0c7f-c327-aee3-adae-bc0d1dae71ea,0.44,0.4463442436085328,12282.0,6529.0,551.52,NVIDIA GeForce RTX 4070,[N/A],Enabled,Enabled
1709236931.987893,0,GPU-93ae0c7f-c327-aee3-adae-bc0d1dae71ea,0.48,0.4463442436085328,12282.0,6529.0,551.52,NVIDIA GeForce RTX 4070,[N/A],Enabled,Enabled
1709236932.988182,0,GPU-93ae0c7f-c327-aee3-adae-bc0d1dae71ea,0.41,0.4463442436085328,12282.0,6529.0,551.52,NVIDIA GeForce RTX 4070,[N/A],Enabled,Enabled
1709236933.988003,0,GPU-93ae0c7f-c327-aee3-adae-bc0d1dae71ea,0.43,0.4463442436085328,12282.0,6529.0,551.52,NVIDIA GeForce RTX 4070,[N/A],Enabled,Enabled
1709236934.987383,0,GPU-93ae0c7f-c327-aee3-adae-bc0d1dae71ea,0.4,0.4463442436085328,12282.0,6529.0,551.52,NVIDIA GeForce RTX 4070,[N/A],Enabled,Enabled
1709236935.988269,0,GPU-93ae0c7f-c327-aee3-adae-bc0d1dae71ea,0.4,0.4463442436085328,12282.0,6529.0,551.52,NVIDIA GeForce RTX 4070,[N/A],Enabled,Enabled
1709236936.98827,0,GPU-93ae0c7f-c327-aee3-adae-bc0d1dae71ea,0.38,0.4463442436085328,12282.0,6529.0,551.52,NVIDIA GeForce RTX 4070,[N/A],Enabled,Enabled
1709236937.987816,0,GPU-93ae0c7f-c327-aee3-adae-bc0d1dae71ea,0.42,0.4463442436085328,12282.0,6529.0,551.52,NVIDIA GeForce RTX 4070,[N/A],Enabled,Enabled
1709236938.988669,0,GPU-93ae0c7f-c327-aee3-adae-bc0d1dae71ea,0.44,0.4463442436085328,12282.0,6529.0,551.52,NVIDIA GeForce RTX 4070,[N/A],Enabled,Enabled
1709236939.988025,0,GPU-93ae0c7f-c327-aee3-adae-bc0d1dae71ea,0.42,0.4463442436085328,12282.0,6529.0,551.52,NVIDIA GeForce RTX 4070,[N/A],Enabled,Enabled
1709236940.988366,0,GPU-93ae0c7f-c327-aee3-adae-bc0d1dae71ea,0.42,0.4463442436085328,12282.0,6529.0,551.52,NVIDIA GeForce RTX 4070,[N/A],Enabled,Enabled
1709236941.988259,0,GPU-93ae0c7f-c327-aee3-adae-bc0d1dae71ea,0.43,0.4463442436085328,12282.0,6529.0,551.52,NVIDIA GeForce RTX 4070,[N/A],Enabled,Enabled
1709236942.988529,0,GPU-93ae0c7f-c327-aee3-adae-bc0d1dae71ea,0.4,0.4463442436085328,12282.0,6529.0,551.52,NVIDIA GeForce RTX 4070,[N/A],Enabled,Enabled
1709236943.987452,0,GPU-93ae0c7f-c327-aee3-adae-bc0d1dae71ea,0.44,0.4463442436085328,12282.0,6529.0,551.52,NVIDIA GeForce RTX 4070,[N/A],Enabled,Enabled
1709236944.987661,0,GPU-93ae0c7f-c327-aee3-adae-bc0d1dae71ea,0.44,0.4463442436085328,12282.0,6529.0,551.52,NVIDIA GeForce RTX 4070,[N/A],Enabled,Enabled
1709236945.988412,0,GPU-93ae0c7f-c327-aee3-adae-bc0d1dae71ea,0.43,0.4463442436085328,12282.0,6529.0,551.52,NVIDIA GeForce RTX 4070,[N/A],Enabled,Enabled
1709236946.988011,0,GPU-93ae0c7f-c327-aee3-adae-bc0d1dae71ea,0.45,0.4463442436085328,12282.0,6529.0,551.52,NVIDIA GeForce RTX 4070,[N/A],Enabled,Enabled
1709236947.988249,0,GPU-93ae0c7f-c327-aee3-adae-bc0d1dae71ea,0.38,0.4463442436085328,12282.0,6529.0,551.52,NVIDIA GeForce RTX 4070,[N/A],Enabled,Enabled
1709236948.987623,0,GPU-93ae0c7f-c327-aee3-adae-bc0d1dae71ea,0.43,0.4463442436085328,12282.0,6529.0,551.52,NVIDIA GeForce RTX 4070,[N/A],Enabled,Enabled
1709236949.987568,0,GPU-93ae0c7f-c327-aee3-adae-bc0d1dae71ea,0.4,0.4463442436085328,12282.0,6529.0,551.52,NVIDIA GeForce RTX 4070,[N/A],Enabled,Enabled
1709236950.987921,0,GPU-93ae0c7f-c327-aee3-adae-bc0d1dae71ea,0.43,0.4463442436085328,12282.0,6529.0,551.52,NVIDIA GeForce RTX 4070,[N/A],Enabled,Enabled
1709236951.987649,0,GPU-93ae0c7f-c327-aee3-adae-bc0d1dae71ea,0.47,0.4463442436085328,12282.0,6529.0,551.52,NVIDIA GeForce RTX 4070,[N/A],Enabled,Enabled
1709236952.988585,0,GPU-93ae0c7f-c327-aee3-adae-bc0d1dae71ea,0.45,0.4463442436085328,12282.0,6529.0,551.52,NVIDIA GeForce RTX 4070,[N/A],Enabled,Enabled
1709236953.987256,0,GPU-93ae0c7f-c327-aee3-adae-bc0d1dae71ea,0.44,0.4463442436085328,12282.0,6529.0,551.52,NVIDIA GeForce RTX 4070,[N/A],Enabled,Enabled
1709236954.989185,0,GPU-93ae0c7f-c327-aee3-adae-bc0d1dae71ea,0.48,0.4463442436085328,12282.0,6529.0,551.52,NVIDIA GeForce RTX 4070,[N/A],Enabled,Enabled
1709236955.98834,0,GPU-93ae0c7f-c327-aee3-adae-bc0d1dae71ea,0.49,0.4463442436085328,12282.0,6529.0,551.52,NVIDIA GeForce RTX 4070,[N/A],Enabled,Enabled
1709236956.987472,0,GPU-93ae0c7f-c327-aee3-adae-bc0d1dae71ea,0.45,0.4463442436085328,12282.0,6529.0,551.52,NVIDIA GeForce RTX 4070,[N/A],Enabled,Enabled
1709236957.98821,0,GPU-93ae0c7f-c327-aee3-adae-bc0d1dae71ea,0.48,0.4463442436085328,12282.0,6529.0,551.52,NVIDIA GeForce RTX 4070,[N/A],Enabled,Enabled
1709236958.987743,0,GPU-93ae0c7f-c327-aee3-adae-bc0d1dae71ea,0.4,0.4463442436085328,12282.0,6529.0,551.52,NVIDIA GeForce RTX 4070,[N/A],Enabled,Enabled
1709236959.98779,0,GPU-93ae0c7f-c327-aee3-adae-bc0d1dae71ea,0.39,0.4463442436085328,12282.0,6529.0,551.52,NVIDIA GeForce RTX 4070,[N/A],Enabled,Enabled
1709236960.988537,0,GPU-93ae0c7f-c327-aee3-adae-bc0d1dae71ea,0.44,0.4463442436085328,12282.0,6529.0,551.52,NVIDIA GeForce RTX 4070,[N/A],Enabled,Enabled
1709236961.98907,0,GPU-93ae0c7f-c327-aee3-adae-bc0d1dae71ea,0.42,0.4463442436085328,12282.0,6529.0,551.52,NVIDIA GeForce RTX 4070,[N/A],Enabled,Enabled
1709236962.987674,0,GPU-93ae0c7f-c327-aee3-adae-bc0d1dae71ea,0.41,0.4463442436085328,12282.0,6529.0,551.52,NVIDIA GeForce RTX 4070,[N/A],Enabled,Enabled
1709236963.988013,0,GPU-93ae0c7f-c327-aee3-adae-bc0d1dae71ea,0.44,0.4463442436085328,12282.0,6529.0,551.52,NVIDIA GeForce RTX 4070,[N/A],Enabled,Enabled
1709236964.988102,0,GPU-93ae0c7f-c327-aee3-adae-bc0d1dae71ea,0.37,0.4463442436085328,12282.0,6529.0,551.52,NVIDIA GeForce RTX 4070,[N/A],Enabled,Enabled
1709236965.988213,0,GPU-93ae0c7f-c327-aee3-adae-bc0d1dae71ea,0.44,0.4463442436085328,12282.0,6529.0,551.52,NVIDIA GeForce RTX 4070,[N/A],Enabled,Enabled
1709236966.988154,0,GPU-93ae0c7f-c327-aee3-adae-bc0d1dae71ea,0.41,0.4463442436085328,12282.0,6529.0,551.52,NVIDIA GeForce RTX 4070,[N/A],Enabled,Enabled
1709236967.987581,0,GPU-93ae0c7f-c327-aee3-adae-bc0d1dae71ea,0.43,0.4463442436085328,12282.0,6529.0,551.52,NVIDIA GeForce RTX 4070,[N/A],Enabled,Enabled
1709236968.987656,0,GPU-93ae0c7f-c327-aee3-adae-bc0d1dae71ea,0.38,0.4463442436085328,12282.0,6529.0,551.52,NVIDIA GeForce RTX 4070,[N/A],Enabled,Enabled
1709236969.987957,0,GPU-93ae0c7f-c327-aee3-adae-bc0d1dae71ea,0.44,0.4463442436085328,12282.0,6529.0,551.52,NVIDIA GeForce RTX 4070,[N/A],Enabled,Enabled
1709236970.988081,0,GPU-93ae0c7f-c327-aee3-adae-bc0d1dae71ea,0.39,0.4463442436085328,12282.0,6529.0,551.52,NVIDIA GeForce RTX 4070,[N/A],Enabled,Enabled
1709236971.987315,0,GPU-93ae0c7f-c327-aee3-adae-bc0d1dae71ea,0.45,0.4463442436085328,12282.0,6529.0,551.52,NVIDIA GeForce RTX 4070,[N/A],Enabled,Enabled
1709236972.987945,0,GPU-93ae0c7f-c327-aee3-adae-bc0d1dae71ea,0.44,0.4463442436085328,12282.0,6529.0,551.52,NVIDIA GeForce RTX 4070,[N/A],Enabled,Enabled
1709236973.987829,0,GPU-93ae0c7f-c327-aee3-adae-bc0d1dae71ea,0.42,0.4463442436085328,12282.0,6529.0,551.52,NVIDIA GeForce RTX 4070,[N/A],Enabled,Enabled
1709236974.988059,0,GPU-93ae0c7f-c327-aee3-adae-bc0d1dae71ea,0.39,0.4463442436085328,12282.0,6529.0,551.52,NVIDIA GeForce RTX 4070,[N/A],Enabled,Enabled
1709236975.987645,0,GPU-93ae0c7f-c327-aee3-adae-bc0d1dae71ea,0.39,0.4463442436085328,12282.0,6529.0,551.52,NVIDIA GeForce RTX 4070,[N/A],Enabled,Enabled
1709236976.988421,0,GPU-93ae0c7f-c327-aee3-adae-bc0d1dae71ea,0.45,0.4463442436085328,12282.0,6529.0,551.52,NVIDIA GeForce RTX 4070,[N/A],Enabled,Enabled
1709236977.987319,0,GPU-93ae0c7f-c327-aee3-adae-bc0d1dae71ea,0.4,0.4463442436085328,12282.0,6529.0,551.52,NVIDIA GeForce RTX 4070,[N/A],Enabled,Enabled
1709236978.98791,0,GPU-93ae0c7f-c327-aee3-adae-bc0d1dae71ea,0.42,0.4463442436085328,12282.0,6529.0,551.52,NVIDIA GeForce RTX 4070,[N/A],Enabled,Enabled
1709236979.988189,0,GPU-93ae0c7f-c327-aee3-adae-bc0d1dae71ea,0.45,0.4463442436085328,12282.0,6529.0,551.52,NVIDIA GeForce RTX 4070,[N/A],Enabled,Enabled
1709236980.987383,0,GPU-93ae0c7f-c327-aee3-adae-bc0d1dae71ea,0.39,0.4463442436085328,12282.0,6529.0,551.52,NVIDIA GeForce RTX 4070,[N/A],Enabled,Enabled
1709236981.988175,0,GPU-93ae0c7f-c327-aee3-adae-bc0d1dae71ea,0.41,0.4463442436085328,12282.0,6529.0,551.52,NVIDIA GeForce RTX 4070,[N/A],Enabled,Enabled
1709236982.98825,0,GPU-93ae0c7f-c327-aee3-adae-bc0d1dae71ea,0.43,0.4463442436085328,12282.0,6529.0,551.52,NVIDIA GeForce RTX 4070,[N/A],Enabled,Enabled
1709236983.987185,0,GPU-93ae0c7f-c327-aee3-adae-bc0d1dae71ea,0.49,0.4463442436085328,12282.0,6529.0,551.52,NVIDIA GeForce RTX 4070,[N/A],Enabled,Enabled
1709236984.987764,0,GPU-93ae0c7f-c327-aee3-adae-bc0d1dae71ea,0.4,0.4463442436085328,12282.0,6529.0,551.52,NVIDIA GeForce RTX 4070,[N/A],Enabled,Enabled
1709236985.988278,0,GPU-93ae0c7f-c327-aee3-adae-bc0d1dae71ea,0.43,0.4463442436085328,12282.0,6529.0,551.52,NVIDIA GeForce RTX 4070,[N/A],Enabled,Enabled
1709236986.988445,0,GPU-93ae0c7f-c327-aee3-adae-bc0d1dae71ea,0.41,0.4463442436085328,12282.0,6529.0,551.52,NVIDIA GeForce RTX 4070,[N/A],Enabled,Enabled
1709236987.988199,0,GPU-93ae0c7f-c327-aee3-adae-bc0d1dae71ea,0.44,0.4463442436085328,12282.0,6529.0,551.52,NVIDIA GeForce RTX 4070,[N/A],Enabled,Enabled
1709236988.987885,0,GPU-93ae0c7f-c327-aee3-adae-bc0d1dae71ea,0.44,0.4463442436085328,12282.0,6529.0,551.52,NVIDIA GeForce RTX 4070,[N/A],Enabled,Enabled
1709236989.988005,0,GPU-93ae0c7f-c327-aee3-adae-bc0d1dae71ea,0.39,0.4463442436085328,12282.0,6529.0,551.52,NVIDIA GeForce RTX 4070,[N/A],Enabled,Enabled
1709236990.98819,0,GPU-93ae0c7f-c327-aee3-adae-bc0d1dae71ea,0.43,0.4463442436085328,12282.0,6529.0,551.52,NVIDIA GeForce RTX 4070,[N/A],Enabled,Enabled
1709236991.987734,0,GPU-93ae0c7f-c327-aee3-adae-bc0d1dae71ea,0.4,0.4463442436085328,12282.0,6529.0,551.52,NVIDIA GeForce RTX 4070,[N/A],Enabled,Enabled
1709236992.988544,0,GPU-93ae0c7f-c327-aee3-adae-bc0d1dae71ea,0.42,0.4463442436085328,12282.0,6529.0,551.52,NVIDIA GeForce RTX 4070,[N/A],Enabled,Enabled
1709236993.988891,0,GPU-93ae0c7f-c327-aee3-adae-bc0d1dae71ea,0.48,0.4463442436085328,12282.0,6529.0,551.52,NVIDIA GeForce RTX 4070,[N/A],Enabled,Enabled
1709236994.988729,0,GPU-93ae0c7f-c327-aee3-adae-bc0d1dae71ea,0.4,0.4463442436085328,12282.0,6529.0,551.52,NVIDIA GeForce RTX 4070,[N/A],Enabled,Enabled
1709236995.987414,0,GPU-93ae0c7f-c327-aee3-adae-bc0d1dae71ea,0.41,0.4463442436085328,12282.0,6529.0,551.52,NVIDIA GeForce RTX 4070,[N/A],Enabled,Enabled
1709236996.987754,0,GPU-93ae0c7f-c327-aee3-adae-bc0d1dae71ea,0.45,0.4463442436085328,12282.0,6529.0,551.52,NVIDIA GeForce RTX 4070,[N/A],Enabled,Enabled
1709236997.987345,0,GPU-93ae0c7f-c327-aee3-adae-bc0d1dae71ea,0.48,0.4463442436085328,12282.0,6529.0,551.52,NVIDIA GeForce RTX 4070,[N/A],Enabled,Enabled
1709236998.987514,0,GPU-93ae0c7f-c327-aee3-adae-bc0d1dae71ea,0.43,0.4463442436085328,12282.0,6529.0,551.52,NVIDIA GeForce RTX 4070,[N/A],Enabled,Enabled
1709236999.988509,0,GPU-93ae0c7f-c327-aee3-adae-bc0d1dae71ea,0.49,0.4463442436085328,12282.0,6529.0,551.52,NVIDIA GeForce RTX 4070,[N/A],Enabled,Enabled
1709237000.988328,0,GPU-93ae0c7f-c327-aee3-adae-bc0d1dae71ea,0.42,0.4463442436085328,12282.0,6529.0,551.52,NVIDIA GeForce RTX 4070,[N/A],Enabled,Enabled
1709237001.987322,0,GPU-93ae0c7f-c327-aee3-adae-bc0d1dae71ea,0.42,0.4463442436085328,12282.0,6529.0,551.52,NVIDIA GeForce RTX 4070,[N/A],Enabled,Enabled
1709237002.988384,0,GPU-93ae0c7f-c327-aee3-adae-bc0d1dae71ea,0.5,0.4463442436085328,12282.0,6529.0,551.52,NVIDIA GeForce RTX 4070,[N/A],Enabled,Enabled
1709237003.987955,0,GPU-93ae0c7f-c327-aee3-adae-bc0d1dae71ea,0.44,0.4463442436085328,12282.0,6529.0,551.52,NVIDIA GeForce RTX 4070,[N/A],Enabled,Enabled
1709237004.987882,0,GPU-93ae0c7f-c327-aee3-adae-bc0d1dae71ea,0.39,0.4463442436085328,12282.0,6529.0,551.52,NVIDIA GeForce RTX 4070,[N/A],Enabled,Enabled
1709237005.988389,0,GPU-93ae0c7f-c327-aee3-adae-bc0d1dae71ea,0.44,0.4463442436085328,12282.0,6529.0,551.52,NVIDIA GeForce RTX 4070,[N/A],Enabled,Enabled
1709237006.987787,0,GPU-93ae0c7f-c327-aee3-adae-bc0d1dae71ea,0.41,0.4463442436085328,12282.0,6529.0,551.52,NVIDIA GeForce RTX 4070,[N/A],Enabled,Enabled
1709237007.987736,0,GPU-93ae0c7f-c327-aee3-adae-bc0d1dae71ea,0.44,0.4463442436085328,12282.0,6529.0,551.52,NVIDIA GeForce RTX 4070,[N/A],Enabled,Enabled
1709237008.988313,0,GPU-93ae0c7f-c327-aee3-adae-bc0d1dae71ea,0.44,0.4463442436085328,12282.0,6529.0,551.52,NVIDIA GeForce RTX 4070,[N/A],Enabled,Enabled
1709237009.988977,0,GPU-93ae0c7f-c327-aee3-adae-bc0d1dae71ea,0.42,0.4463442436085328,12282.0,6529.0,551.52,NVIDIA GeForce RTX 4070,[N/A],Enabled,Enabled
1709237010.987948,0,GPU-93ae0c7f-c327-aee3-adae-bc0d1dae71ea,0.4,0.4463442436085328,12282.0,6529.0,551.52,NVIDIA GeForce RTX 4070,[N/A],Enabled,Enabled
1709237011.988174,0,GPU-93ae0c7f-c327-aee3-adae-bc0d1dae71ea,0.43,0.4463442436085328,12282.0,6529.0,551.52,NVIDIA GeForce RTX 4070,[N/A],Enabled,Enabled
1709237012.98765,0,GPU-93ae0c7f-c327-aee3-adae-bc0d1dae71ea,0.41,0.4463442436085328,12282.0,6529.0,551.52,NVIDIA GeForce RTX 4070,[N/A],Enabled,Enabled
1709237013.988808,0,GPU-93ae0c7f-c327-aee3-adae-bc0d1dae71ea,0.41,0.4463442436085328,12282.0,6529.0,551.52,NVIDIA GeForce RTX 4070,[N/A],Enabled,Enabled
1709237014.987816,0,GPU-93ae0c7f-c327-aee3-adae-bc0d1dae71ea,0.4,0.4463442436085328,12282.0,6529.0,551.52,NVIDIA GeForce RTX 4070,[N/A],Enabled,Enabled
1709237015.988321,0,GPU-93ae0c7f-c327-aee3-adae-bc0d1dae71ea,0.43,0.4463442436085328,12282.0,6529.0,551.52,NVIDIA GeForce RTX 4070,[N/A],Enabled,Enabled
1709237016.988131,0,GPU-93ae0c7f-c327-aee3-adae-bc0d1dae71ea,0.45,0.4463442436085328,12282.0,6529.0,551.52,NVIDIA GeForce RTX 4070,[N/A],Enabled,Enabled
1709237017.98803,0,GPU-93ae0c7f-c327-aee3-adae-bc0d1dae71ea,0.41,0.4463442436085328,12282.0,6529.0,551.52,NVIDIA GeForce RTX 4070,[N/A],Enabled,Enabled
1709237018.988497,0,GPU-93ae0c7f-c327-aee3-adae-bc0d1dae71ea,0.47,0.4463442436085328,12282.0,6529.0,551.52,NVIDIA GeForce RTX 4070,[N/A],Enabled,Enabled
1709237019.98769,0,GPU-93ae0c7f-c327-aee3-adae-bc0d1dae71ea,0.39,0.4463442436085328,12282.0,6529.0,551.52,NVIDIA GeForce RTX 4070,[N/A],Enabled,Enabled
1709237020.987909,0,GPU-93ae0c7f-c327-aee3-adae-bc0d1dae71ea,0.42,0.4463442436085328,12282.0,6529.0,551.52,NVIDIA GeForce RTX 4070,[N/A],Enabled,Enabled
1709237021.988408,0,GPU-93ae0c7f-c327-aee3-adae-bc0d1dae71ea,0.4,0.4463442436085328,12282.0,6529.0,551.52,NVIDIA GeForce RTX 4070,[N/A],Enabled,Enabled
1709237022.988215,0,GPU-93ae0c7f-c327-aee3-adae-bc0d1dae71ea,0.46,0.4463442436085328,12282.0,6529.0,551.52,NVIDIA GeForce RTX 4070,[N/A],Enabled,Enabled
1709237023.988831,0,GPU-93ae0c7f-c327-aee3-adae-bc0d1dae71ea,0.45,0.4463442436085328,12282.0,6529.0,551.52,NVIDIA GeForce RTX 4070,[N/A],Enabled,Enabled
1709237024.988796,0,GPU-93ae0c7f-c327-aee3-adae-bc0d1dae71ea,0.4,0.4463442436085328,12282.0,6529.0,551.52,NVIDIA GeForce RTX 4070,[N/A],Enabled,Enabled
1709237025.988323,0,GPU-93ae0c7f-c327-aee3-adae-bc0d1dae71ea,0.41,0.4463442436085328,12282.0,6529.0,551.52,NVIDIA GeForce RTX 4070,[N/A],Enabled,Enabled
1709237026.987636,0,GPU-93ae0c7f-c327-aee3-adae-bc0d1dae71ea,0.42,0.4463442436085328,12282.0,6529.0,551.52,NVIDIA GeForce RTX 4070,[N/A],Enabled,Enabled
1709237027.988028,0,GPU-93ae0c7f-c327-aee3-adae-bc0d1dae71ea,0.41,0.4463442436085328,12282.0,6529.0,551.52,NVIDIA GeForce RTX 4070,[N/A],Enabled,Enabled
1709237028.988094,0,GPU-93ae0c7f-c327-aee3-adae-bc0d1dae71ea,0.41,0.4463442436085328,12282.0,6529.0,551.52,NVIDIA GeForce RTX 4070,[N/A],Enabled,Enabled
1709237029.987362,0,GPU-93ae0c7f-c327-aee3-adae-bc0d1dae71ea,0.45,0.4463442436085328,12282.0,6529.0,551.52,NVIDIA GeForce RTX 4070,[N/A],Enabled,Enabled
1709237030.987527,0,GPU-93ae0c7f-c327-aee3-adae-bc0d1dae71ea,0.39,0.4463442436085328,12282.0,6529.0,551.52,NVIDIA GeForce RTX 4070,[N/A],Enabled,Enabled
1709237031.987179,0,GPU-93ae0c7f-c327-aee3-adae-bc0d1dae71ea,0.44,0.4463442436085328,12282.0,6529.0,551.52,NVIDIA GeForce RTX 4070,[N/A],Enabled,Enabled
1709237032.989037,0,GPU-93ae0c7f-c327-aee3-adae-bc0d1dae71ea,0.4,0.4463442436085328,12282.0,6529.0,551.52,NVIDIA GeForce RTX 4070,[N/A],Enabled,Enabled
1709237033.988148,0,GPU-93ae0c7f-c327-aee3-adae-bc0d1dae71ea,0.5,0.4463442436085328,12282.0,6529.0,551.52,NVIDIA GeForce RTX 4070,[N/A],Enabled,Enabled
1709237034.987995,0,GPU-93ae0c7f-c327-aee3-adae-bc0d1dae71ea,0.53,0.4463442436085328,12282.0,6529.0,551.52,NVIDIA GeForce RTX 4070,[N/A],Enabled,Enabled
1709237035.987754,0,GPU-93ae0c7f-c327-aee3-adae-bc0d1dae71ea,0.5,0.4463442436085328,12282.0,6529.0,551.52,NVIDIA GeForce RTX 4070,[N/A],Enabled,Enabled
1709237036.988704,0,GPU-93ae0c7f-c327-aee3-adae-bc0d1dae71ea,0.37,0.4463442436085328,12282.0,6529.0,551.52,NVIDIA GeForce RTX 4070,[N/A],Enabled,Enabled
1709237037.988157,0,GPU-93ae0c7f-c327-aee3-adae-bc0d1dae71ea,0.44,0.4463442436085328,12282.0,6529.0,551.52,NVIDIA GeForce RTX 4070,[N/A],Enabled,Enabled
1709237038.988235,0,GPU-93ae0c7f-c327-aee3-adae-bc0d1dae71ea,0.38,0.4463442436085328,12282.0,6529.0,551.52,NVIDIA GeForce RTX 4070,[N/A],Enabled,Enabled
1709237039.988485,0,GPU-93ae0c7f-c327-aee3-adae-bc0d1dae71ea,0.44,0.4463442436085328,12282.0,6529.0,551.52,NVIDIA GeForce RTX 4070,[N/A],Enabled,Enabled
1709237040.988528,0,GPU-93ae0c7f-c327-aee3-adae-bc0d1dae71ea,0.39,0.4463442436085328,12282.0,6529.0,551.52,NVIDIA GeForce RTX 4070,[N/A],Enabled,Enabled
1709237041.988736,0,GPU-93ae0c7f-c327-aee3-adae-bc0d1dae71ea,0.44,0.4463442436085328,12282.0,6529.0,551.52,NVIDIA GeForce RTX 4070,[N/A],Enabled,Enabled
1709237042.987581,0,GPU-93ae0c7f-c327-aee3-adae-bc0d1dae71ea,0.48,0.4463442436085328,12282.0,6529.0,551.52,NVIDIA GeForce RTX 4070,[N/A],Enabled,Enabled
1709237043.988816,0,GPU-93ae0c7f-c327-aee3-adae-bc0d1dae71ea,0.44,0.4463442436085328,12282.0,6529.0,551.52,NVIDIA GeForce RTX 4070,[N/A],Enabled,Enabled
1709237044.988084,0,GPU-93ae0c7f-c327-aee3-adae-bc0d1dae71ea,0.43,0.4463442436085328,12282.0,6529.0,551.52,NVIDIA GeForce RTX 4070,[N/A],Enabled,Enabled
1709237045.987565,0,GPU-93ae0c7f-c327-aee3-adae-bc0d1dae71ea,0.42,0.4463442436085328,12282.0,6529.0,551.52,NVIDIA GeForce RTX 4070,[N/A],Enabled,Enabled
1709237046.987587,0,GPU-93ae0c7f-c327-aee3-adae-bc0d1dae71ea,0.46,0.4463442436085328,12282.0,6529.0,551.52,NVIDIA GeForce RTX 4070,[N/A],Enabled,Enabled
1709237047.988187,0,GPU-93ae0c7f-c327-aee3-adae-bc0d1dae71ea,0.47,0.4463442436085328,12282.0,6529.0,551.52,NVIDIA GeForce RTX 4070,[N/A],Enabled,Enabled
1709237048.987893,0,GPU-93ae0c7f-c327-aee3-adae-bc0d1dae71ea,0.4,0.4463442436085328,12282.0,6529.0,551.52,NVIDIA GeForce RTX 4070,[N/A],Enabled,Enabled
1709237049.98779,0,GPU-93ae0c7f-c327-aee3-adae-bc0d1dae71ea,0.39,0.4463442436085328,12282.0,6529.0,551.52,NVIDIA GeForce RTX 4070,[N/A],Enabled,Enabled
1709237050.98829,0,GPU-93ae0c7f-c327-aee3-adae-bc0d1dae71ea,0.42,0.4463442436085328,12282.0,6529.0,551.52,NVIDIA GeForce RTX 4070,[N/A],Enabled,Enabled
1709237051.987973,0,GPU-93ae0c7f-c327-aee3-adae-bc0d1dae71ea,0.43,0.4463442436085328,12282.0,6529.0,551.52,NVIDIA GeForce RTX 4070,[N/A],Enabled,Enabled
1709237052.987611,0,GPU-93ae0c7f-c327-aee3-adae-bc0d1dae71ea,0.45,0.4463442436085328,12282.0,6529.0,551.52,NVIDIA GeForce RTX 4070,[N/A],Enabled,Enabled
1709237053.987951,0,GPU-93ae0c7f-c327-aee3-adae-bc0d1dae71ea,0.47,0.4463442436085328,12282.0,6529.0,551.52,NVIDIA GeForce RTX 4070,[N/A],Enabled,Enabled
1709237054.987598,0,GPU-93ae0c7f-c327-aee3-adae-bc0d1dae71ea,0.44,0.4463442436085328,12282.0,6529.0,551.52,NVIDIA GeForce RTX 4070,[N/A],Enabled,Enabled
1709237055.988267,0,GPU-93ae0c7f-c327-aee3-adae-bc0d1dae71ea,0.41,0.4463442436085328,12282.0,6529.0,551.52,NVIDIA GeForce RTX 4070,[N/A],Enabled,Enabled
1709237056.988438,0,GPU-93ae0c7f-c327-aee3-adae-bc0d1dae71ea,0.48,0.4463442436085328,12282.0,6529.0,551.52,NVIDIA GeForce RTX 4070,[N/A],Enabled,Enabled
1709237057.987916,0,GPU-93ae0c7f-c327-aee3-adae-bc0d1dae71ea,0.42,0.4463442436085328,12282.0,6529.0,551.52,NVIDIA GeForce RTX 4070,[N/A],Enabled,Enabled
1709237058.98806,0,GPU-93ae0c7f-c327-aee3-adae-bc0d1dae71ea,0.45,0.4463442436085328,12282.0,6529.0,551.52,NVIDIA GeForce RTX 4070,[N/A],Enabled,Enabled
1709237059.987258,0,GPU-93ae0c7f-c327-aee3-adae-bc0d1dae71ea,0.45,0.4463442436085328,12282.0,6529.0,551.52,NVIDIA GeForce RTX 4070,[N/A],Enabled,Enabled
1709237060.987741,0,GPU-93ae0c7f-c327-aee3-adae-bc0d1dae71ea,0.46,0.4463442436085328,12282.0,6529.0,551.52,NVIDIA GeForce RTX 4070,[N/A],Enabled,Enabled
1709237061.98779,0,GPU-93ae0c7f-c327-aee3-adae-bc0d1dae71ea,0.44,0.4463442436085328,12282.0,6529.0,551.52,NVIDIA GeForce RTX 4070,[N/A],Enabled,Enabled
1709237062.988401,0,GPU-93ae0c7f-c327-aee3-adae-bc0d1dae71ea,0.41,0.4463442436085328,12282.0,6529.0,551.52,NVIDIA GeForce RTX 4070,[N/A],Enabled,Enabled
1709237063.98841,0,GPU-93ae0c7f-c327-aee3-adae-bc0d1dae71ea,0.44,0.4463442436085328,12282.0,6529.0,551.52,NVIDIA GeForce RTX 4070,[N/A],Enabled,Enabled
1709237064.98766,0,GPU-93ae0c7f-c327-aee3-adae-bc0d1dae71ea,0.48,0.4463442436085328,12282.0,6529.0,551.52,NVIDIA GeForce RTX 4070,[N/A],Enabled,Enabled
1709237065.988902,0,GPU-93ae0c7f-c327-aee3-adae-bc0d1dae71ea,0.44,0.4463442436085328,12282.0,6529.0,551.52,NVIDIA GeForce RTX 4070,[N/A],Enabled,Enabled
1709237066.987413,0,GPU-93ae0c7f-c327-aee3-adae-bc0d1dae71ea,0.43,0.4463442436085328,12282.0,6529.0,551.52,NVIDIA GeForce RTX 4070,[N/A],Enabled,Enabled
1709237067.988011,0,GPU-93ae0c7f-c327-aee3-adae-bc0d1dae71ea,0.42,0.4463442436085328,12282.0,6529.0,551.52,NVIDIA GeForce RTX 4070,[N/A],Enabled,Enabled
1709237068.98799,0,GPU-93ae0c7f-c327-aee3-adae-bc0d1dae71ea,0.41,0.4463442436085328,12282.0,6529.0,551.52,NVIDIA GeForce RTX 4070,[N/A],Enabled,Enabled
1709237069.988087,0,GPU-93ae0c7f-c327-aee3-adae-bc0d1dae71ea,0.39,0.4463442436085328,12282.0,6529.0,551.52,NVIDIA GeForce RTX 4070,[N/A],Enabled,Enabled
1709237070.987549,0,GPU-93ae0c7f-c327-aee3-adae-bc0d1dae71ea,0.39,0.4463442436085328,12282.0,6529.0,551.52,NVIDIA GeForce RTX 4070,[N/A],Enabled,Enabled
1709237071.987762,0,GPU-93ae0c7f-c327-aee3-adae-bc0d1dae71ea,0.38,0.4463442436085328,12282.0,6529.0,551.52,NVIDIA GeForce RTX 4070,[N/A],Enabled,Enabled
1709237072.987649,0,GPU-93ae0c7f-c327-aee3-adae-bc0d1dae71ea,0.36,0.4463442436085328,12282.0,6529.0,551.52,NVIDIA GeForce RTX 4070,[N/A],Enabled,Enabled
1709237073.988559,0,GPU-93ae0c7f-c327-aee3-adae-bc0d1dae71ea,0.38,0.4463442436085328,12282.0,6529.0,551.52,NVIDIA GeForce RTX 4070,[N/A],Enabled,Enabled
1709237074.987859,0,GPU-93ae0c7f-c327-aee3-adae-bc0d1dae71ea,0.43,0.4463442436085328,12282.0,6529.0,551.52,NVIDIA GeForce RTX 4070,[N/A],Enabled,Enabled
1709237075.987995,0,GPU-93ae0c7f-c327-aee3-adae-bc0d1dae71ea,0.43,0.4463442436085328,12282.0,6529.0,551.52,NVIDIA GeForce RTX 4070,[N/A],Enabled,Enabled
1709237076.98738,0,GPU-93ae0c7f-c327-aee3-adae-bc0d1dae71ea,0.35,0.4463442436085328,12282.0,6529.0,551.52,NVIDIA GeForce RTX 4070,[N/A],Enabled,Enabled
1709237077.987809,0,GPU-93ae0c7f-c327-aee3-adae-bc0d1dae71ea,0.38,0.4463442436085328,12282.0,6529.0,551.52,NVIDIA GeForce RTX 4070,[N/A],Enabled,Enabled
1709237078.987709,0,GPU-93ae0c7f-c327-aee3-adae-bc0d1dae71ea,0.41,0.4463442436085328,12282.0,6529.0,551.52,NVIDIA GeForce RTX 4070,[N/A],Enabled,Enabled
1709237079.988159,0,GPU-93ae0c7f-c327-aee3-adae-bc0d1dae71ea,0.43,0.4463442436085328,12282.0,6529.0,551.52,NVIDIA GeForce RTX 4070,[N/A],Enabled,Enabled
1709237080.98822,0,GPU-93ae0c7f-c327-aee3-adae-bc0d1dae71ea,0.43,0.4463442436085328,12282.0,6529.0,551.52,NVIDIA GeForce RTX 4070,[N/A],Enabled,Enabled
1709237081.988325,0,GPU-93ae0c7f-c327-aee3-adae-bc0d1dae71ea,0.39,0.4463442436085328,12282.0,6529.0,551.52,NVIDIA GeForce RTX 4070,[N/A],Enabled,Enabled
1709237082.987757,0,GPU-93ae0c7f-c327-aee3-adae-bc0d1dae71ea,0.45,0.4463442436085328,12282.0,6529.0,551.52,NVIDIA GeForce RTX 4070,[N/A],Enabled,Enabled
1709237083.988969,0,GPU-93ae0c7f-c327-aee3-adae-bc0d1dae71ea,0.41,0.4463442436085328,12282.0,6529.0,551.52,NVIDIA GeForce RTX 4070,[N/A],Enabled,Enabled
1709237084.988437,0,GPU-93ae0c7f-c327-aee3-adae-bc0d1dae71ea,0.43,0.4463442436085328,12282.0,6529.0,551.52,NVIDIA GeForce RTX 4070,[N/A],Enabled,Enabled
1709237085.987866,0,GPU-93ae0c7f-c327-aee3-adae-bc0d1dae71ea,0.42,0.4463442436085328,12282.0,6529.0,551.52,NVIDIA GeForce RTX 4070,[N/A],Enabled,Enabled
1709237086.987963,0,GPU-93ae0c7f-c327-aee3-adae-bc0d1dae71ea,0.4,0.4463442436085328,12282.0,6529.0,551.52,NVIDIA GeForce RTX 4070,[N/A],Enabled,Enabled
1709237087.987734,0,GPU-93ae0c7f-c327-aee3-adae-bc0d1dae71ea,0.39,0.4463442436085328,12282.0,6529.0,551.52,NVIDIA GeForce RTX 4070,[N/A],Enabled,Enabled
1709237088.987637,0,GPU-93ae0c7f-c327-aee3-adae-bc0d1dae71ea,0.44,0.4463442436085328,12282.0,6529.0,551.52,NVIDIA GeForce RTX 4070,[N/A],Enabled,Enabled
1709237089.98832,0,GPU-93ae0c7f-c327-aee3-adae-bc0d1dae71ea,0.52,0.4463442436085328,12282.0,6529.0,551.52,NVIDIA GeForce RTX 4070,[N/A],Enabled,Enabled
1709237090.987589,0,GPU-93ae0c7f-c327-aee3-adae-bc0d1dae71ea,0.49,0.4463442436085328,12282.0,6529.0,551.52,NVIDIA GeForce RTX 4070,[N/A],Enabled,Enabled
1709237091.987198,0,GPU-93ae0c7f-c327-aee3-adae-bc0d1dae71ea,0.47,0.4463442436085328,12282.0,6529.0,551.52,NVIDIA GeForce RTX 4070,[N/A],Enabled,Enabled
1709237092.988141,0,GPU-93ae0c7f-c327-aee3-adae-bc0d1dae71ea,0.37,0.4463442436085328,12282.0,6529.0,551.52,NVIDIA GeForce RTX 4070,[N/A],Enabled,Enabled
1709237093.988558,0,GPU-93ae0c7f-c327-aee3-adae-bc0d1dae71ea,0.4,0.4463442436085328,12282.0,6529.0,551.52,NVIDIA GeForce RTX 4070,[N/A],Enabled,Enabled
1709237094.988096,0,GPU-93ae0c7f-c327-aee3-adae-bc0d1dae71ea,0.48,0.4463442436085328,12282.0,6529.0,551.52,NVIDIA GeForce RTX 4070,[N/A],Enabled,Enabled
1709237095.988931,0,GPU-93ae0c7f-c327-aee3-adae-bc0d1dae71ea,0.53,0.4463442436085328,12282.0,6529.0,551.52,NVIDIA GeForce RTX 4070,[N/A],Enabled,Enabled
1709237096.987764,0,GPU-93ae0c7f-c327-aee3-adae-bc0d1dae71ea,0.42,0.4463442436085328,12282.0,6529.0,551.52,NVIDIA GeForce RTX 4070,[N/A],Enabled,Enabled
1709237097.988146,0,GPU-93ae0c7f-c327-aee3-adae-bc0d1dae71ea,0.43,0.4463442436085328,12282.0,6529.0,551.52,NVIDIA GeForce RTX 4070,[N/A],Enabled,Enabled
1709237098.987685,0,GPU-93ae0c7f-c327-aee3-adae-bc0d1dae71ea,0.44,0.4463442436085328,12282.0,6529.0,551.52,NVIDIA GeForce RTX 4070,[N/A],Enabled,Enabled
1709237099.987803,0,GPU-93ae0c7f-c327-aee3-adae-bc0d1dae71ea,0.47,0.4463442436085328,12282.0,6529.0,551.52,NVIDIA GeForce RTX 4070,[N/A],Enabled,Enabled
1709237100.988469,0,GPU-93ae0c7f-c327-aee3-adae-bc0d1dae71ea,0.5,0.4463442436085328,12282.0,6529.0,551.52,NVIDIA GeForce RTX 4070,[N/A],Enabled,Enabled
1709237101.98807,0,GPU-93ae0c7f-c327-aee3-adae-bc0d1dae71ea,0.48,0.4463442436085328,12282.0,6529.0,551.52,NVIDIA GeForce RTX 4070,[N/A],Enabled,Enabled
1709237102.98869,0,GPU-93ae0c7f-c327-aee3-adae-bc0d1dae71ea,0.44,0.4463442436085328,12282.0,6529.0,551.52,NVIDIA GeForce RTX 4070,[N/A],Enabled,Enabled
1709237103.988651,0,GPU-93ae0c7f-c327-aee3-adae-bc0d1dae71ea,0.44,0.4463442436085328,12282.0,6529.0,551.52,NVIDIA GeForce RTX 4070,[N/A],Enabled,Enabled
1709237104.987932,0,GPU-93ae0c7f-c327-aee3-adae-bc0d1dae71ea,0.47,0.4463442436085328,12282.0,6529.0,551.52,NVIDIA GeForce RTX 4070,[N/A],Enabled,Enabled
1709237105.988137,0,GPU-93ae0c7f-c327-aee3-adae-bc0d1dae71ea,0.4,0.4463442436085328,12282.0,6529.0,551.52,NVIDIA GeForce RTX 4070,[N/A],Enabled,Enabled
1709237106.988446,0,GPU-93ae0c7f-c327-aee3-adae-bc0d1dae71ea,0.45,0.4463442436085328,12282.0,6529.0,551.52,NVIDIA GeForce RTX 4070,[N/A],Enabled,Enabled
1709237107.988328,0,GPU-93ae0c7f-c327-aee3-adae-bc0d1dae71ea,0.42,0.4463442436085328,12282.0,6529.0,551.52,NVIDIA GeForce RTX 4070,[N/A],Enabled,Enabled
1709237108.988186,0,GPU-93ae0c7f-c327-aee3-adae-bc0d1dae71ea,0.38,0.4463442436085328,12282.0,6529.0,551.52,NVIDIA GeForce RTX 4070,[N/A],Enabled,Enabled
1709237109.988139,0,GPU-93ae0c7f-c327-aee3-adae-bc0d1dae71ea,0.48,0.4463442436085328,12282.0,6529.0,551.52,NVIDIA GeForce RTX 4070,[N/A],Enabled,Enabled
1709237110.988005,0,GPU-93ae0c7f-c327-aee3-adae-bc0d1dae71ea,0.41,0.4463442436085328,12282.0,6529.0,551.52,NVIDIA GeForce RTX 4070,[N/A],Enabled,Enabled
1709237111.987652,0,GPU-93ae0c7f-c327-aee3-adae-bc0d1dae71ea,0.38,0.4463442436085328,12282.0,6529.0,551.52,NVIDIA GeForce RTX 4070,[N/A],Enabled,Enabled
1709237112.98825,0,GPU-93ae0c7f-c327-aee3-adae-bc0d1dae71ea,0.42,0.4463442436085328,12282.0,6529.0,551.52,NVIDIA GeForce RTX 4070,[N/A],Enabled,Enabled
1709237113.98758,0,GPU-93ae0c7f-c327-aee3-adae-bc0d1dae71ea,0.45,0.4463442436085328,12282.0,6529.0,551.52,NVIDIA GeForce RTX 4070,[N/A],Enabled,Enabled
1709237114.98831,0,GPU-93ae0c7f-c327-aee3-adae-bc0d1dae71ea,0.42,0.4463442436085328,12282.0,6529.0,551.52,NVIDIA GeForce RTX 4070,[N/A],Enabled,Enabled
1709237115.988258,0,GPU-93ae0c7f-c327-aee3-adae-bc0d1dae71ea,0.4,0.4463442436085328,12282.0,6529.0,551.52,NVIDIA GeForce RTX 4070,[N/A],Enabled,Enabled
1709237116.988059,0,GPU-93ae0c7f-c327-aee3-adae-bc0d1dae71ea,0.43,0.4463442436085328,12282.0,6529.0,551.52,NVIDIA GeForce RTX 4070,[N/A],Enabled,Enabled
1709237117.988551,0,GPU-93ae0c7f-c327-aee3-adae-bc0d1dae71ea,0.37,0.4463442436085328,12282.0,6529.0,551.52,NVIDIA GeForce RTX 4070,[N/A],Enabled,Enabled
1709237118.987606,0,GPU-93ae0c7f-c327-aee3-adae-bc0d1dae71ea,0.36,0.4463442436085328,12282.0,6529.0,551.52,NVIDIA GeForce RTX 4070,[N/A],Enabled,Enabled
1709237119.987864,0,GPU-93ae0c7f-c327-aee3-adae-bc0d1dae71ea,0.29,0.4431688650056994,12282.0,6568.0,551.52,NVIDIA GeForce RTX 4070,[N/A],Enabled,Enabled
1709237120.988268,0,GPU-93ae0c7f-c327-aee3-adae-bc0d1dae71ea,0.31,0.4431688650056994,12282.0,6568.0,551.52,NVIDIA GeForce RTX 4070,[N/A],Enabled,Enabled
1709237121.988315,0,GPU-93ae0c7f-c327-aee3-adae-bc0d1dae71ea,0.26,0.4431688650056994,12282.0,6568.0,551.52,NVIDIA GeForce RTX 4070,[N/A],Enabled,Enabled
1709237122.988628,0,GPU-93ae0c7f-c327-aee3-adae-bc0d1dae71ea,0.29,0.4385279270477121,12282.0,6625.0,551.52,NVIDIA GeForce RTX 4070,[N/A],Enabled,Enabled
1709237123.988147,0,GPU-93ae0c7f-c327-aee3-adae-bc0d1dae71ea,0.29,0.4431688650056994,12282.0,6568.0,551.52,NVIDIA GeForce RTX 4070,[N/A],Enabled,Enabled
1709237124.988297,0,GPU-93ae0c7f-c327-aee3-adae-bc0d1dae71ea,0.27,0.4385279270477121,12282.0,6625.0,551.52,NVIDIA GeForce RTX 4070,[N/A],Enabled,Enabled
1709237125.98768,0,GPU-93ae0c7f-c327-aee3-adae-bc0d1dae71ea,0.29,0.4385279270477121,12282.0,6625.0,551.52,NVIDIA GeForce RTX 4070,[N/A],Enabled,Enabled
1709237126.987642,0,GPU-93ae0c7f-c327-aee3-adae-bc0d1dae71ea,0.27,0.4385279270477121,12282.0,6625.0,551.52,NVIDIA GeForce RTX 4070,[N/A],Enabled,Enabled
1709237127.98781,0,GPU-93ae0c7f-c327-aee3-adae-bc0d1dae71ea,0.29,0.44553004396678064,12282.0,6539.0,551.52,NVIDIA GeForce RTX 4070,[N/A],Enabled,Enabled
1709237128.988078,0,GPU-93ae0c7f-c327-aee3-adae-bc0d1dae71ea,0.28,0.446425663572708,12282.0,6528.0,551.52,NVIDIA GeForce RTX 4070,[N/A],Enabled,Enabled
1709237129.987655,0,GPU-93ae0c7f-c327-aee3-adae-bc0d1dae71ea,0.29,0.446425663572708,12282.0,6528.0,551.52,NVIDIA GeForce RTX 4070,[N/A],Enabled,Enabled
1709237130.98845,0,GPU-93ae0c7f-c327-aee3-adae-bc0d1dae71ea,0.28,0.446425663572708,12282.0,6528.0,551.52,NVIDIA GeForce RTX 4070,[N/A],Enabled,Enabled
1709237131.988292,0,GPU-93ae0c7f-c327-aee3-adae-bc0d1dae71ea,0.3,0.4462628236443576,12282.0,6530.0,551.52,NVIDIA GeForce RTX 4070,[N/A],Enabled,Enabled
1709237132.988064,0,GPU-93ae0c7f-c327-aee3-adae-bc0d1dae71ea,0.27,0.4462628236443576,12282.0,6530.0,551.52,NVIDIA GeForce RTX 4070,[N/A],Enabled,Enabled
1709237133.987922,0,GPU-93ae0c7f-c327-aee3-adae-bc0d1dae71ea,0.28,0.4462628236443576,12282.0,6530.0,551.52,NVIDIA GeForce RTX 4070,[N/A],Enabled,Enabled
1709237134.988006,0,GPU-93ae0c7f-c327-aee3-adae-bc0d1dae71ea,0.27,0.4462628236443576,12282.0,6530.0,551.52,NVIDIA GeForce RTX 4070,[N/A],Enabled,Enabled
1709237135.988374,0,GPU-93ae0c7f-c327-aee3-adae-bc0d1dae71ea,0.29,0.4462628236443576,12282.0,6530.0,551.52,NVIDIA GeForce RTX 4070,[N/A],Enabled,Enabled
1709237136.987425,0,GPU-93ae0c7f-c327-aee3-adae-bc0d1dae71ea,0.29,0.4462628236443576,12282.0,6530.0,551.52,NVIDIA GeForce RTX 4070,[N/A],Enabled,Enabled
1709237137.987805,0,GPU-93ae0c7f-c327-aee3-adae-bc0d1dae71ea,0.28,0.4462628236443576,12282.0,6530.0,551.52,NVIDIA GeForce RTX 4070,[N/A],Enabled,Enabled
1709237138.988324,0,GPU-93ae0c7f-c327-aee3-adae-bc0d1dae71ea,0.28,0.4462628236443576,12282.0,6530.0,551.52,NVIDIA GeForce RTX 4070,[N/A],Enabled,Enabled
1709237139.988271,0,GPU-93ae0c7f-c327-aee3-adae-bc0d1dae71ea,0.29,0.4462628236443576,12282.0,6530.0,551.52,NVIDIA GeForce RTX 4070,[N/A],Enabled,Enabled
1709237140.988149,0,GPU-93ae0c7f-c327-aee3-adae-bc0d1dae71ea,0.28,0.4462628236443576,12282.0,6530.0,551.52,NVIDIA GeForce RTX 4070,[N/A],Enabled,Enabled
1709237141.987389,0,GPU-93ae0c7f-c327-aee3-adae-bc0d1dae71ea,0.11,0.2511805894805406,12282.0,8926.0,551.52,NVIDIA GeForce RTX 4070,[N/A],Enabled,Enabled
1709237142.988153,0,GPU-93ae0c7f-c327-aee3-adae-bc0d1dae71ea,0.13,0.2511805894805406,12282.0,8926.0,551.52,NVIDIA GeForce RTX 4070,[N/A],Enabled,Enabled
1709237143.988457,0,GPU-93ae0c7f-c327-aee3-adae-bc0d1dae71ea,0.13,0.2511805894805406,12282.0,8926.0,551.52,NVIDIA GeForce RTX 4070,[N/A],Enabled,Enabled
