timestamp,id,uuid,load,memoryUtil,memoryTotal,memoryUsed,memoryFree,driver,name,serial,display_mode,display_active
1701911398.829238,0,GPU-93ae0c7f-c327-aee3-adae-bc0d1dae71ea,0.16,0.266406122781306,12282.0,8753.0,546.29,NVIDIA GeForce RTX 4070,[N/A],Enabled,Enabled
1701911399.825183,0,GPU-93ae0c7f-c327-aee3-adae-bc0d1dae71ea,0.17,0.26893014167073764,12282.0,8722.0,546.29,NVIDIA GeForce RTX 4070,[N/A],Enabled,Enabled
1701911400.825292,0,GPU-93ae0c7f-c327-aee3-adae-bc0d1dae71ea,0.15,0.3692395375346035,12282.0,7490.0,546.29,NVIDIA GeForce RTX 4070,[N/A],Enabled,Enabled
1701911401.824638,0,GPU-93ae0c7f-c327-aee3-adae-bc0d1dae71ea,0.1,0.3378114313629702,12282.0,7876.0,546.29,NVIDIA GeForce RTX 4070,[N/A],Enabled,Enabled
1701911402.824869,0,GPU-93ae0c7f-c327-aee3-adae-bc0d1dae71ea,0.1,0.3367529718286924,12282.0,7889.0,546.29,NVIDIA GeForce RTX 4070,[N/A],Enabled,Enabled
1701911403.825963,0,GPU-93ae0c7f-c327-aee3-adae-bc0d1dae71ea,0.1,0.3367529718286924,12282.0,7889.0,546.29,NVIDIA GeForce RTX 4070,[N/A],Enabled,Enabled
1701911404.825189,0,GPU-93ae0c7f-c327-aee3-adae-bc0d1dae71ea,0.07,0.41947565543071164,12282.0,6873.0,546.29,NVIDIA GeForce RTX 4070,[N/A],Enabled,Enabled
1701911405.824814,0,GPU-93ae0c7f-c327-aee3-adae-bc0d1dae71ea,0.29,0.45106660153069533,12282.0,6485.0,546.29,NVIDIA GeForce RTX 4070,[N/A],Enabled,Enabled
1701911406.825287,0,GPU-93ae0c7f-c327-aee3-adae-bc0d1dae71ea,0.28,0.45106660153069533,12282.0,6485.0,546.29,NVIDIA GeForce RTX 4070,[N/A],Enabled,Enabled
1701911407.825207,0,GPU-93ae0c7f-c327-aee3-adae-bc0d1dae71ea,0.26,0.44675134342940886,12282.0,6538.0,546.29,NVIDIA GeForce RTX 4070,[N/A],Enabled,Enabled
1701911408.82509,0,GPU-93ae0c7f-c327-aee3-adae-bc0d1dae71ea,0.27,0.44675134342940886,12282.0,6538.0,546.29,NVIDIA GeForce RTX 4070,[N/A],Enabled,Enabled
1701911409.825404,0,GPU-93ae0c7f-c327-aee3-adae-bc0d1dae71ea,0.26,0.4509851815665201,12282.0,6486.0,546.29,NVIDIA GeForce RTX 4070,[N/A],Enabled,Enabled
1701911410.824664,0,GPU-93ae0c7f-c327-aee3-adae-bc0d1dae71ea,0.27,0.5522716170004885,12282.0,5242.0,546.29,NVIDIA GeForce RTX 4070,[N/A],Enabled,Enabled
1701911411.82526,0,GPU-93ae0c7f-c327-aee3-adae-bc0d1dae71ea,0.29,0.452450740921674,12282.0,6468.0,546.29,NVIDIA GeForce RTX 4070,[N/A],Enabled,Enabled
1701911412.825013,0,GPU-93ae0c7f-c327-aee3-adae-bc0d1dae71ea,0.31,0.4525321608858492,12282.0,6467.0,546.29,NVIDIA GeForce RTX 4070,[N/A],Enabled,Enabled
1701911413.825112,0,GPU-93ae0c7f-c327-aee3-adae-bc0d1dae71ea,0.29,0.4482169027845628,12282.0,6520.0,546.29,NVIDIA GeForce RTX 4070,[N/A],Enabled,Enabled
1701911414.825734,0,GPU-93ae0c7f-c327-aee3-adae-bc0d1dae71ea,0.28,0.4482169027845628,12282.0,6520.0,546.29,NVIDIA GeForce RTX 4070,[N/A],Enabled,Enabled
1701911415.825146,0,GPU-93ae0c7f-c327-aee3-adae-bc0d1dae71ea,0.31,0.452450740921674,12282.0,6468.0,546.29,NVIDIA GeForce RTX 4070,[N/A],Enabled,Enabled
1701911416.824716,0,GPU-93ae0c7f-c327-aee3-adae-bc0d1dae71ea,0.29,0.4482169027845628,12282.0,6520.0,546.29,NVIDIA GeForce RTX 4070,[N/A],Enabled,Enabled
1701911417.824907,0,GPU-93ae0c7f-c327-aee3-adae-bc0d1dae71ea,0.31,0.4525321608858492,12282.0,6467.0,546.29,NVIDIA GeForce RTX 4070,[N/A],Enabled,Enabled
1701911418.824436,0,GPU-93ae0c7f-c327-aee3-adae-bc0d1dae71ea,0.31,0.4525321608858492,12282.0,6467.0,546.29,NVIDIA GeForce RTX 4070,[N/A],Enabled,Enabled
1701911419.824877,0,GPU-93ae0c7f-c327-aee3-adae-bc0d1dae71ea,0.31,0.4525321608858492,12282.0,6467.0,546.29,NVIDIA GeForce RTX 4070,[N/A],Enabled,Enabled
1701911420.825107,0,GPU-93ae0c7f-c327-aee3-adae-bc0d1dae71ea,0.29,0.4482169027845628,12282.0,6520.0,546.29,NVIDIA GeForce RTX 4070,[N/A],Enabled,Enabled
1701911421.824554,0,GPU-93ae0c7f-c327-aee3-adae-bc0d1dae71ea,0.31,0.4525321608858492,12282.0,6467.0,546.29,NVIDIA GeForce RTX 4070,[N/A],Enabled,Enabled
1701911422.825199,0,GPU-93ae0c7f-c327-aee3-adae-bc0d1dae71ea,0.29,0.4525321608858492,12282.0,6467.0,546.29,NVIDIA GeForce RTX 4070,[N/A],Enabled,Enabled
1701911423.82462,0,GPU-93ae0c7f-c327-aee3-adae-bc0d1dae71ea,0.28,0.4482169027845628,12282.0,6520.0,546.29,NVIDIA GeForce RTX 4070,[N/A],Enabled,Enabled
1701911424.825087,0,GPU-93ae0c7f-c327-aee3-adae-bc0d1dae71ea,0.31,0.4525321608858492,12282.0,6467.0,546.29,NVIDIA GeForce RTX 4070,[N/A],Enabled,Enabled
1701911425.825285,0,GPU-93ae0c7f-c327-aee3-adae-bc0d1dae71ea,0.11,0.4562774792379091,12282.0,6421.0,546.29,NVIDIA GeForce RTX 4070,[N/A],Enabled,Enabled
1701911426.824656,0,GPU-93ae0c7f-c327-aee3-adae-bc0d1dae71ea,0.35,0.4562774792379091,12282.0,6421.0,546.29,NVIDIA GeForce RTX 4070,[N/A],Enabled,Enabled
1701911427.82526,0,GPU-93ae0c7f-c327-aee3-adae-bc0d1dae71ea,0.38,0.4562774792379091,12282.0,6421.0,546.29,NVIDIA GeForce RTX 4070,[N/A],Enabled,Enabled
1701911428.825273,0,GPU-93ae0c7f-c327-aee3-adae-bc0d1dae71ea,0.43,0.4562774792379091,12282.0,6421.0,546.29,NVIDIA GeForce RTX 4070,[N/A],Enabled,Enabled
1701911429.825143,0,GPU-93ae0c7f-c327-aee3-adae-bc0d1dae71ea,0.4,0.4562774792379091,12282.0,6421.0,546.29,NVIDIA GeForce RTX 4070,[N/A],Enabled,Enabled
1701911430.825032,0,GPU-93ae0c7f-c327-aee3-adae-bc0d1dae71ea,0.41,0.4562774792379091,12282.0,6421.0,546.29,NVIDIA GeForce RTX 4070,[N/A],Enabled,Enabled
1701911431.825102,0,GPU-93ae0c7f-c327-aee3-adae-bc0d1dae71ea,0.37,0.4562774792379091,12282.0,6421.0,546.29,NVIDIA GeForce RTX 4070,[N/A],Enabled,Enabled
1701911432.824711,0,GPU-93ae0c7f-c327-aee3-adae-bc0d1dae71ea,0.38,0.4562774792379091,12282.0,6421.0,546.29,NVIDIA GeForce RTX 4070,[N/A],Enabled,Enabled
1701911433.825463,0,GPU-93ae0c7f-c327-aee3-adae-bc0d1dae71ea,0.4,0.4562774792379091,12282.0,6421.0,546.29,NVIDIA GeForce RTX 4070,[N/A],Enabled,Enabled
1701911434.824744,0,GPU-93ae0c7f-c327-aee3-adae-bc0d1dae71ea,0.41,0.4562774792379091,12282.0,6421.0,546.29,NVIDIA GeForce RTX 4070,[N/A],Enabled,Enabled
1701911435.825023,0,GPU-93ae0c7f-c327-aee3-adae-bc0d1dae71ea,0.4,0.4562774792379091,12282.0,6421.0,546.29,NVIDIA GeForce RTX 4070,[N/A],Enabled,Enabled
1701911436.825081,0,GPU-93ae0c7f-c327-aee3-adae-bc0d1dae71ea,0.38,0.4562774792379091,12282.0,6421.0,546.29,NVIDIA GeForce RTX 4070,[N/A],Enabled,Enabled
1701911437.825138,0,GPU-93ae0c7f-c327-aee3-adae-bc0d1dae71ea,0.42,0.4562774792379091,12282.0,6421.0,546.29,NVIDIA GeForce RTX 4070,[N/A],Enabled,Enabled
1701911438.825468,0,GPU-93ae0c7f-c327-aee3-adae-bc0d1dae71ea,0.43,0.4562774792379091,12282.0,6421.0,546.29,NVIDIA GeForce RTX 4070,[N/A],Enabled,Enabled
1701911439.824514,0,GPU-93ae0c7f-c327-aee3-adae-bc0d1dae71ea,0.37,0.4562774792379091,12282.0,6421.0,546.29,NVIDIA GeForce RTX 4070,[N/A],Enabled,Enabled
1701911440.824615,0,GPU-93ae0c7f-c327-aee3-adae-bc0d1dae71ea,0.42,0.4562774792379091,12282.0,6421.0,546.29,NVIDIA GeForce RTX 4070,[N/A],Enabled,Enabled
1701911441.825365,0,GPU-93ae0c7f-c327-aee3-adae-bc0d1dae71ea,0.39,0.4562774792379091,12282.0,6421.0,546.29,NVIDIA GeForce RTX 4070,[N/A],Enabled,Enabled
1701911442.825796,0,GPU-93ae0c7f-c327-aee3-adae-bc0d1dae71ea,0.39,0.4562774792379091,12282.0,6421.0,546.29,NVIDIA GeForce RTX 4070,[N/A],Enabled,Enabled
1701911443.824395,0,GPU-93ae0c7f-c327-aee3-adae-bc0d1dae71ea,0.4,0.4562774792379091,12282.0,6421.0,546.29,NVIDIA GeForce RTX 4070,[N/A],Enabled,Enabled
1701911444.82504,0,GPU-93ae0c7f-c327-aee3-adae-bc0d1dae71ea,0.42,0.4562774792379091,12282.0,6421.0,546.29,NVIDIA GeForce RTX 4070,[N/A],Enabled,Enabled
1701911445.82511,0,GPU-93ae0c7f-c327-aee3-adae-bc0d1dae71ea,0.38,0.4562774792379091,12282.0,6421.0,546.29,NVIDIA GeForce RTX 4070,[N/A],Enabled,Enabled
1701911446.825195,0,GPU-93ae0c7f-c327-aee3-adae-bc0d1dae71ea,0.39,0.4562774792379091,12282.0,6421.0,546.29,NVIDIA GeForce RTX 4070,[N/A],Enabled,Enabled
1701911447.82523,0,GPU-93ae0c7f-c327-aee3-adae-bc0d1dae71ea,0.4,0.45635889920208433,12282.0,6420.0,546.29,NVIDIA GeForce RTX 4070,[N/A],Enabled,Enabled
1701911448.824649,0,GPU-93ae0c7f-c327-aee3-adae-bc0d1dae71ea,0.39,0.45635889920208433,12282.0,6420.0,546.29,NVIDIA GeForce RTX 4070,[N/A],Enabled,Enabled
1701911449.824504,0,GPU-93ae0c7f-c327-aee3-adae-bc0d1dae71ea,0.41,0.45635889920208433,12282.0,6420.0,546.29,NVIDIA GeForce RTX 4070,[N/A],Enabled,Enabled
1701911450.825744,0,GPU-93ae0c7f-c327-aee3-adae-bc0d1dae71ea,0.43,0.45635889920208433,12282.0,6420.0,546.29,NVIDIA GeForce RTX 4070,[N/A],Enabled,Enabled
1701911451.824982,0,GPU-93ae0c7f-c327-aee3-adae-bc0d1dae71ea,0.41,0.45635889920208433,12282.0,6420.0,546.29,NVIDIA GeForce RTX 4070,[N/A],Enabled,Enabled
1701911452.824254,0,GPU-93ae0c7f-c327-aee3-adae-bc0d1dae71ea,0.45,0.45635889920208433,12282.0,6420.0,546.29,NVIDIA GeForce RTX 4070,[N/A],Enabled,Enabled
1701911453.824814,0,GPU-93ae0c7f-c327-aee3-adae-bc0d1dae71ea,0.42,0.45635889920208433,12282.0,6420.0,546.29,NVIDIA GeForce RTX 4070,[N/A],Enabled,Enabled
1701911454.82541,0,GPU-93ae0c7f-c327-aee3-adae-bc0d1dae71ea,0.42,0.45635889920208433,12282.0,6420.0,546.29,NVIDIA GeForce RTX 4070,[N/A],Enabled,Enabled
1701911455.825095,0,GPU-93ae0c7f-c327-aee3-adae-bc0d1dae71ea,0.4,0.45635889920208433,12282.0,6420.0,546.29,NVIDIA GeForce RTX 4070,[N/A],Enabled,Enabled
1701911456.824923,0,GPU-93ae0c7f-c327-aee3-adae-bc0d1dae71ea,0.41,0.45635889920208433,12282.0,6420.0,546.29,NVIDIA GeForce RTX 4070,[N/A],Enabled,Enabled
1701911457.825036,0,GPU-93ae0c7f-c327-aee3-adae-bc0d1dae71ea,0.41,0.45635889920208433,12282.0,6420.0,546.29,NVIDIA GeForce RTX 4070,[N/A],Enabled,Enabled
1701911458.825072,0,GPU-93ae0c7f-c327-aee3-adae-bc0d1dae71ea,0.41,0.45635889920208433,12282.0,6420.0,546.29,NVIDIA GeForce RTX 4070,[N/A],Enabled,Enabled
1701911459.825215,0,GPU-93ae0c7f-c327-aee3-adae-bc0d1dae71ea,0.39,0.45635889920208433,12282.0,6420.0,546.29,NVIDIA GeForce RTX 4070,[N/A],Enabled,Enabled
1701911460.825215,0,GPU-93ae0c7f-c327-aee3-adae-bc0d1dae71ea,0.37,0.45635889920208433,12282.0,6420.0,546.29,NVIDIA GeForce RTX 4070,[N/A],Enabled,Enabled
1701911461.825182,0,GPU-93ae0c7f-c327-aee3-adae-bc0d1dae71ea,0.36,0.45635889920208433,12282.0,6420.0,546.29,NVIDIA GeForce RTX 4070,[N/A],Enabled,Enabled
1701911462.825108,0,GPU-93ae0c7f-c327-aee3-adae-bc0d1dae71ea,0.39,0.45635889920208433,12282.0,6420.0,546.29,NVIDIA GeForce RTX 4070,[N/A],Enabled,Enabled
1701911463.824757,0,GPU-93ae0c7f-c327-aee3-adae-bc0d1dae71ea,0.4,0.45635889920208433,12282.0,6420.0,546.29,NVIDIA GeForce RTX 4070,[N/A],Enabled,Enabled
1701911464.825215,0,GPU-93ae0c7f-c327-aee3-adae-bc0d1dae71ea,0.38,0.45635889920208433,12282.0,6420.0,546.29,NVIDIA GeForce RTX 4070,[N/A],Enabled,Enabled
1701911465.824591,0,GPU-93ae0c7f-c327-aee3-adae-bc0d1dae71ea,0.34,0.45635889920208433,12282.0,6420.0,546.29,NVIDIA GeForce RTX 4070,[N/A],Enabled,Enabled
1701911466.82482,0,GPU-93ae0c7f-c327-aee3-adae-bc0d1dae71ea,0.39,0.45635889920208433,12282.0,6420.0,546.29,NVIDIA GeForce RTX 4070,[N/A],Enabled,Enabled
1701911467.82509,0,GPU-93ae0c7f-c327-aee3-adae-bc0d1dae71ea,0.36,0.45635889920208433,12282.0,6420.0,546.29,NVIDIA GeForce RTX 4070,[N/A],Enabled,Enabled
1701911468.825014,0,GPU-93ae0c7f-c327-aee3-adae-bc0d1dae71ea,0.42,0.45635889920208433,12282.0,6420.0,546.29,NVIDIA GeForce RTX 4070,[N/A],Enabled,Enabled
1701911469.825543,0,GPU-93ae0c7f-c327-aee3-adae-bc0d1dae71ea,0.38,0.45635889920208433,12282.0,6420.0,546.29,NVIDIA GeForce RTX 4070,[N/A],Enabled,Enabled
1701911470.824664,0,GPU-93ae0c7f-c327-aee3-adae-bc0d1dae71ea,0.39,0.45635889920208433,12282.0,6420.0,546.29,NVIDIA GeForce RTX 4070,[N/A],Enabled,Enabled
1701911471.825343,0,GPU-93ae0c7f-c327-aee3-adae-bc0d1dae71ea,0.39,0.45635889920208433,12282.0,6420.0,546.29,NVIDIA GeForce RTX 4070,[N/A],Enabled,Enabled
1701911472.824537,0,GPU-93ae0c7f-c327-aee3-adae-bc0d1dae71ea,0.42,0.45635889920208433,12282.0,6420.0,546.29,NVIDIA GeForce RTX 4070,[N/A],Enabled,Enabled
1701911473.82472,0,GPU-93ae0c7f-c327-aee3-adae-bc0d1dae71ea,0.4,0.45635889920208433,12282.0,6420.0,546.29,NVIDIA GeForce RTX 4070,[N/A],Enabled,Enabled
1701911474.825413,0,GPU-93ae0c7f-c327-aee3-adae-bc0d1dae71ea,0.4,0.45635889920208433,12282.0,6420.0,546.29,NVIDIA GeForce RTX 4070,[N/A],Enabled,Enabled
1701911475.825467,0,GPU-93ae0c7f-c327-aee3-adae-bc0d1dae71ea,0.39,0.45635889920208433,12282.0,6420.0,546.29,NVIDIA GeForce RTX 4070,[N/A],Enabled,Enabled
1701911476.825672,0,GPU-93ae0c7f-c327-aee3-adae-bc0d1dae71ea,0.4,0.45635889920208433,12282.0,6420.0,546.29,NVIDIA GeForce RTX 4070,[N/A],Enabled,Enabled
1701911477.825403,0,GPU-93ae0c7f-c327-aee3-adae-bc0d1dae71ea,0.41,0.45635889920208433,12282.0,6420.0,546.29,NVIDIA GeForce RTX 4070,[N/A],Enabled,Enabled
1701911478.825062,0,GPU-93ae0c7f-c327-aee3-adae-bc0d1dae71ea,0.41,0.45635889920208433,12282.0,6420.0,546.29,NVIDIA GeForce RTX 4070,[N/A],Enabled,Enabled
1701911479.824852,0,GPU-93ae0c7f-c327-aee3-adae-bc0d1dae71ea,0.38,0.45635889920208433,12282.0,6420.0,546.29,NVIDIA GeForce RTX 4070,[N/A],Enabled,Enabled
1701911480.825232,0,GPU-93ae0c7f-c327-aee3-adae-bc0d1dae71ea,0.41,0.45635889920208433,12282.0,6420.0,546.29,NVIDIA GeForce RTX 4070,[N/A],Enabled,Enabled
1701911481.82519,0,GPU-93ae0c7f-c327-aee3-adae-bc0d1dae71ea,0.44,0.45635889920208433,12282.0,6420.0,546.29,NVIDIA GeForce RTX 4070,[N/A],Enabled,Enabled
1701911482.825358,0,GPU-93ae0c7f-c327-aee3-adae-bc0d1dae71ea,0.41,0.45635889920208433,12282.0,6420.0,546.29,NVIDIA GeForce RTX 4070,[N/A],Enabled,Enabled
1701911483.824721,0,GPU-93ae0c7f-c327-aee3-adae-bc0d1dae71ea,0.4,0.45635889920208433,12282.0,6420.0,546.29,NVIDIA GeForce RTX 4070,[N/A],Enabled,Enabled
1701911484.824289,0,GPU-93ae0c7f-c327-aee3-adae-bc0d1dae71ea,0.38,0.45635889920208433,12282.0,6420.0,546.29,NVIDIA GeForce RTX 4070,[N/A],Enabled,Enabled
1701911485.824606,0,GPU-93ae0c7f-c327-aee3-adae-bc0d1dae71ea,0.39,0.45635889920208433,12282.0,6420.0,546.29,NVIDIA GeForce RTX 4070,[N/A],Enabled,Enabled
1701911486.825114,0,GPU-93ae0c7f-c327-aee3-adae-bc0d1dae71ea,0.36,0.45635889920208433,12282.0,6420.0,546.29,NVIDIA GeForce RTX 4070,[N/A],Enabled,Enabled
1701911487.825209,0,GPU-93ae0c7f-c327-aee3-adae-bc0d1dae71ea,0.39,0.45635889920208433,12282.0,6420.0,546.29,NVIDIA GeForce RTX 4070,[N/A],Enabled,Enabled
1701911488.824602,0,GPU-93ae0c7f-c327-aee3-adae-bc0d1dae71ea,0.4,0.45635889920208433,12282.0,6420.0,546.29,NVIDIA GeForce RTX 4070,[N/A],Enabled,Enabled
1701911489.8249,0,GPU-93ae0c7f-c327-aee3-adae-bc0d1dae71ea,0.38,0.45635889920208433,12282.0,6420.0,546.29,NVIDIA GeForce RTX 4070,[N/A],Enabled,Enabled
1701911490.8249,0,GPU-93ae0c7f-c327-aee3-adae-bc0d1dae71ea,0.42,0.45635889920208433,12282.0,6420.0,546.29,NVIDIA GeForce RTX 4070,[N/A],Enabled,Enabled
1701911491.824247,0,GPU-93ae0c7f-c327-aee3-adae-bc0d1dae71ea,0.38,0.45635889920208433,12282.0,6420.0,546.29,NVIDIA GeForce RTX 4070,[N/A],Enabled,Enabled
1701911492.824779,0,GPU-93ae0c7f-c327-aee3-adae-bc0d1dae71ea,0.39,0.45635889920208433,12282.0,6420.0,546.29,NVIDIA GeForce RTX 4070,[N/A],Enabled,Enabled
1701911493.825312,0,GPU-93ae0c7f-c327-aee3-adae-bc0d1dae71ea,0.39,0.45635889920208433,12282.0,6420.0,546.29,NVIDIA GeForce RTX 4070,[N/A],Enabled,Enabled
1701911494.825084,0,GPU-93ae0c7f-c327-aee3-adae-bc0d1dae71ea,0.4,0.45635889920208433,12282.0,6420.0,546.29,NVIDIA GeForce RTX 4070,[N/A],Enabled,Enabled
1701911495.825023,0,GPU-93ae0c7f-c327-aee3-adae-bc0d1dae71ea,0.4,0.45635889920208433,12282.0,6420.0,546.29,NVIDIA GeForce RTX 4070,[N/A],Enabled,Enabled
1701911496.824457,0,GPU-93ae0c7f-c327-aee3-adae-bc0d1dae71ea,0.43,0.45635889920208433,12282.0,6420.0,546.29,NVIDIA GeForce RTX 4070,[N/A],Enabled,Enabled
1701911497.825406,0,GPU-93ae0c7f-c327-aee3-adae-bc0d1dae71ea,0.39,0.45635889920208433,12282.0,6420.0,546.29,NVIDIA GeForce RTX 4070,[N/A],Enabled,Enabled
1701911498.825641,0,GPU-93ae0c7f-c327-aee3-adae-bc0d1dae71ea,0.42,0.45635889920208433,12282.0,6420.0,546.29,NVIDIA GeForce RTX 4070,[N/A],Enabled,Enabled
1701911499.825263,0,GPU-93ae0c7f-c327-aee3-adae-bc0d1dae71ea,0.41,0.45635889920208433,12282.0,6420.0,546.29,NVIDIA GeForce RTX 4070,[N/A],Enabled,Enabled
1701911500.825265,0,GPU-93ae0c7f-c327-aee3-adae-bc0d1dae71ea,0.41,0.45635889920208433,12282.0,6420.0,546.29,NVIDIA GeForce RTX 4070,[N/A],Enabled,Enabled
1701911501.825092,0,GPU-93ae0c7f-c327-aee3-adae-bc0d1dae71ea,0.39,0.45635889920208433,12282.0,6420.0,546.29,NVIDIA GeForce RTX 4070,[N/A],Enabled,Enabled
1701911502.825165,0,GPU-93ae0c7f-c327-aee3-adae-bc0d1dae71ea,0.41,0.45635889920208433,12282.0,6420.0,546.29,NVIDIA GeForce RTX 4070,[N/A],Enabled,Enabled
1701911503.824357,0,GPU-93ae0c7f-c327-aee3-adae-bc0d1dae71ea,0.38,0.45635889920208433,12282.0,6420.0,546.29,NVIDIA GeForce RTX 4070,[N/A],Enabled,Enabled
1701911504.825404,0,GPU-93ae0c7f-c327-aee3-adae-bc0d1dae71ea,0.39,0.45635889920208433,12282.0,6420.0,546.29,NVIDIA GeForce RTX 4070,[N/A],Enabled,Enabled
1701911505.825278,0,GPU-93ae0c7f-c327-aee3-adae-bc0d1dae71ea,0.43,0.45635889920208433,12282.0,6420.0,546.29,NVIDIA GeForce RTX 4070,[N/A],Enabled,Enabled
1701911506.82516,0,GPU-93ae0c7f-c327-aee3-adae-bc0d1dae71ea,0.33,0.45635889920208433,12282.0,6420.0,546.29,NVIDIA GeForce RTX 4070,[N/A],Enabled,Enabled
1701911507.824715,0,GPU-93ae0c7f-c327-aee3-adae-bc0d1dae71ea,0.36,0.45635889920208433,12282.0,6420.0,546.29,NVIDIA GeForce RTX 4070,[N/A],Enabled,Enabled
1701911508.824643,0,GPU-93ae0c7f-c327-aee3-adae-bc0d1dae71ea,0.42,0.45635889920208433,12282.0,6420.0,546.29,NVIDIA GeForce RTX 4070,[N/A],Enabled,Enabled
1701911509.825372,0,GPU-93ae0c7f-c327-aee3-adae-bc0d1dae71ea,0.39,0.45635889920208433,12282.0,6420.0,546.29,NVIDIA GeForce RTX 4070,[N/A],Enabled,Enabled
1701911510.825915,0,GPU-93ae0c7f-c327-aee3-adae-bc0d1dae71ea,0.38,0.45635889920208433,12282.0,6420.0,546.29,NVIDIA GeForce RTX 4070,[N/A],Enabled,Enabled
1701911511.825124,0,GPU-93ae0c7f-c327-aee3-adae-bc0d1dae71ea,0.4,0.45635889920208433,12282.0,6420.0,546.29,NVIDIA GeForce RTX 4070,[N/A],Enabled,Enabled
1701911512.825297,0,GPU-93ae0c7f-c327-aee3-adae-bc0d1dae71ea,0.43,0.45635889920208433,12282.0,6420.0,546.29,NVIDIA GeForce RTX 4070,[N/A],Enabled,Enabled
1701911513.825139,0,GPU-93ae0c7f-c327-aee3-adae-bc0d1dae71ea,0.39,0.45635889920208433,12282.0,6420.0,546.29,NVIDIA GeForce RTX 4070,[N/A],Enabled,Enabled
1701911514.825169,0,GPU-93ae0c7f-c327-aee3-adae-bc0d1dae71ea,0.41,0.45635889920208433,12282.0,6420.0,546.29,NVIDIA GeForce RTX 4070,[N/A],Enabled,Enabled
1701911515.824707,0,GPU-93ae0c7f-c327-aee3-adae-bc0d1dae71ea,0.4,0.45635889920208433,12282.0,6420.0,546.29,NVIDIA GeForce RTX 4070,[N/A],Enabled,Enabled
1701911516.825309,0,GPU-93ae0c7f-c327-aee3-adae-bc0d1dae71ea,0.43,0.45635889920208433,12282.0,6420.0,546.29,NVIDIA GeForce RTX 4070,[N/A],Enabled,Enabled
1701911517.825349,0,GPU-93ae0c7f-c327-aee3-adae-bc0d1dae71ea,0.38,0.45635889920208433,12282.0,6420.0,546.29,NVIDIA GeForce RTX 4070,[N/A],Enabled,Enabled
1701911518.825377,0,GPU-93ae0c7f-c327-aee3-adae-bc0d1dae71ea,0.43,0.45635889920208433,12282.0,6420.0,546.29,NVIDIA GeForce RTX 4070,[N/A],Enabled,Enabled
1701911519.824617,0,GPU-93ae0c7f-c327-aee3-adae-bc0d1dae71ea,0.43,0.45635889920208433,12282.0,6420.0,546.29,NVIDIA GeForce RTX 4070,[N/A],Enabled,Enabled
1701911520.825589,0,GPU-93ae0c7f-c327-aee3-adae-bc0d1dae71ea,0.41,0.45635889920208433,12282.0,6420.0,546.29,NVIDIA GeForce RTX 4070,[N/A],Enabled,Enabled
1701911521.825138,0,GPU-93ae0c7f-c327-aee3-adae-bc0d1dae71ea,0.4,0.45635889920208433,12282.0,6420.0,546.29,NVIDIA GeForce RTX 4070,[N/A],Enabled,Enabled
1701911522.825696,0,GPU-93ae0c7f-c327-aee3-adae-bc0d1dae71ea,0.43,0.45635889920208433,12282.0,6420.0,546.29,NVIDIA GeForce RTX 4070,[N/A],Enabled,Enabled
1701911523.824936,0,GPU-93ae0c7f-c327-aee3-adae-bc0d1dae71ea,0.38,0.45635889920208433,12282.0,6420.0,546.29,NVIDIA GeForce RTX 4070,[N/A],Enabled,Enabled
1701911524.82555,0,GPU-93ae0c7f-c327-aee3-adae-bc0d1dae71ea,0.42,0.45635889920208433,12282.0,6420.0,546.29,NVIDIA GeForce RTX 4070,[N/A],Enabled,Enabled
1701911525.825395,0,GPU-93ae0c7f-c327-aee3-adae-bc0d1dae71ea,0.37,0.45635889920208433,12282.0,6420.0,546.29,NVIDIA GeForce RTX 4070,[N/A],Enabled,Enabled
1701911526.825046,0,GPU-93ae0c7f-c327-aee3-adae-bc0d1dae71ea,0.43,0.45635889920208433,12282.0,6420.0,546.29,NVIDIA GeForce RTX 4070,[N/A],Enabled,Enabled
1701911527.824552,0,GPU-93ae0c7f-c327-aee3-adae-bc0d1dae71ea,0.41,0.45635889920208433,12282.0,6420.0,546.29,NVIDIA GeForce RTX 4070,[N/A],Enabled,Enabled
1701911528.825256,0,GPU-93ae0c7f-c327-aee3-adae-bc0d1dae71ea,0.39,0.45635889920208433,12282.0,6420.0,546.29,NVIDIA GeForce RTX 4070,[N/A],Enabled,Enabled
1701911529.825818,0,GPU-93ae0c7f-c327-aee3-adae-bc0d1dae71ea,0.35,0.45635889920208433,12282.0,6420.0,546.29,NVIDIA GeForce RTX 4070,[N/A],Enabled,Enabled
1701911530.825218,0,GPU-93ae0c7f-c327-aee3-adae-bc0d1dae71ea,0.41,0.45635889920208433,12282.0,6420.0,546.29,NVIDIA GeForce RTX 4070,[N/A],Enabled,Enabled
1701911531.824659,0,GPU-93ae0c7f-c327-aee3-adae-bc0d1dae71ea,0.46,0.45635889920208433,12282.0,6420.0,546.29,NVIDIA GeForce RTX 4070,[N/A],Enabled,Enabled
1701911532.825001,0,GPU-93ae0c7f-c327-aee3-adae-bc0d1dae71ea,0.43,0.45635889920208433,12282.0,6420.0,546.29,NVIDIA GeForce RTX 4070,[N/A],Enabled,Enabled
1701911533.825994,0,GPU-93ae0c7f-c327-aee3-adae-bc0d1dae71ea,0.38,0.45635889920208433,12282.0,6420.0,546.29,NVIDIA GeForce RTX 4070,[N/A],Enabled,Enabled
1701911534.825141,0,GPU-93ae0c7f-c327-aee3-adae-bc0d1dae71ea,0.4,0.45635889920208433,12282.0,6420.0,546.29,NVIDIA GeForce RTX 4070,[N/A],Enabled,Enabled
1701911535.825386,0,GPU-93ae0c7f-c327-aee3-adae-bc0d1dae71ea,0.39,0.45635889920208433,12282.0,6420.0,546.29,NVIDIA GeForce RTX 4070,[N/A],Enabled,Enabled
1701911536.824949,0,GPU-93ae0c7f-c327-aee3-adae-bc0d1dae71ea,0.42,0.45635889920208433,12282.0,6420.0,546.29,NVIDIA GeForce RTX 4070,[N/A],Enabled,Enabled
1701911537.82527,0,GPU-93ae0c7f-c327-aee3-adae-bc0d1dae71ea,0.38,0.45635889920208433,12282.0,6420.0,546.29,NVIDIA GeForce RTX 4070,[N/A],Enabled,Enabled
1701911538.825607,0,GPU-93ae0c7f-c327-aee3-adae-bc0d1dae71ea,0.44,0.45635889920208433,12282.0,6420.0,546.29,NVIDIA GeForce RTX 4070,[N/A],Enabled,Enabled
1701911539.825868,0,GPU-93ae0c7f-c327-aee3-adae-bc0d1dae71ea,0.48,0.45635889920208433,12282.0,6420.0,546.29,NVIDIA GeForce RTX 4070,[N/A],Enabled,Enabled
1701911540.824409,0,GPU-93ae0c7f-c327-aee3-adae-bc0d1dae71ea,0.41,0.45635889920208433,12282.0,6420.0,546.29,NVIDIA GeForce RTX 4070,[N/A],Enabled,Enabled
1701911541.824638,0,GPU-93ae0c7f-c327-aee3-adae-bc0d1dae71ea,0.37,0.45635889920208433,12282.0,6420.0,546.29,NVIDIA GeForce RTX 4070,[N/A],Enabled,Enabled
1701911542.825009,0,GPU-93ae0c7f-c327-aee3-adae-bc0d1dae71ea,0.4,0.45635889920208433,12282.0,6420.0,546.29,NVIDIA GeForce RTX 4070,[N/A],Enabled,Enabled
1701911543.825363,0,GPU-93ae0c7f-c327-aee3-adae-bc0d1dae71ea,0.43,0.45635889920208433,12282.0,6420.0,546.29,NVIDIA GeForce RTX 4070,[N/A],Enabled,Enabled
1701911544.825146,0,GPU-93ae0c7f-c327-aee3-adae-bc0d1dae71ea,0.41,0.45635889920208433,12282.0,6420.0,546.29,NVIDIA GeForce RTX 4070,[N/A],Enabled,Enabled
1701911545.82515,0,GPU-93ae0c7f-c327-aee3-adae-bc0d1dae71ea,0.38,0.45635889920208433,12282.0,6420.0,546.29,NVIDIA GeForce RTX 4070,[N/A],Enabled,Enabled
1701911546.824989,0,GPU-93ae0c7f-c327-aee3-adae-bc0d1dae71ea,0.4,0.45635889920208433,12282.0,6420.0,546.29,NVIDIA GeForce RTX 4070,[N/A],Enabled,Enabled
1701911547.826054,0,GPU-93ae0c7f-c327-aee3-adae-bc0d1dae71ea,0.37,0.45635889920208433,12282.0,6420.0,546.29,NVIDIA GeForce RTX 4070,[N/A],Enabled,Enabled
1701911548.825206,0,GPU-93ae0c7f-c327-aee3-adae-bc0d1dae71ea,0.41,0.45635889920208433,12282.0,6420.0,546.29,NVIDIA GeForce RTX 4070,[N/A],Enabled,Enabled
1701911549.824703,0,GPU-93ae0c7f-c327-aee3-adae-bc0d1dae71ea,0.41,0.45635889920208433,12282.0,6420.0,546.29,NVIDIA GeForce RTX 4070,[N/A],Enabled,Enabled
1701911550.824854,0,GPU-93ae0c7f-c327-aee3-adae-bc0d1dae71ea,0.42,0.45635889920208433,12282.0,6420.0,546.29,NVIDIA GeForce RTX 4070,[N/A],Enabled,Enabled
1701911551.824655,0,GPU-93ae0c7f-c327-aee3-adae-bc0d1dae71ea,0.39,0.45635889920208433,12282.0,6420.0,546.29,NVIDIA GeForce RTX 4070,[N/A],Enabled,Enabled
1701911552.824801,0,GPU-93ae0c7f-c327-aee3-adae-bc0d1dae71ea,0.4,0.45635889920208433,12282.0,6420.0,546.29,NVIDIA GeForce RTX 4070,[N/A],Enabled,Enabled
1701911553.824758,0,GPU-93ae0c7f-c327-aee3-adae-bc0d1dae71ea,0.46,0.45635889920208433,12282.0,6420.0,546.29,NVIDIA GeForce RTX 4070,[N/A],Enabled,Enabled
1701911554.824469,0,GPU-93ae0c7f-c327-aee3-adae-bc0d1dae71ea,0.38,0.45635889920208433,12282.0,6420.0,546.29,NVIDIA GeForce RTX 4070,[N/A],Enabled,Enabled
1701911555.825308,0,GPU-93ae0c7f-c327-aee3-adae-bc0d1dae71ea,0.42,0.45635889920208433,12282.0,6420.0,546.29,NVIDIA GeForce RTX 4070,[N/A],Enabled,Enabled
1701911556.824504,0,GPU-93ae0c7f-c327-aee3-adae-bc0d1dae71ea,0.39,0.45635889920208433,12282.0,6420.0,546.29,NVIDIA GeForce RTX 4070,[N/A],Enabled,Enabled
1701911557.825027,0,GPU-93ae0c7f-c327-aee3-adae-bc0d1dae71ea,0.39,0.45635889920208433,12282.0,6420.0,546.29,NVIDIA GeForce RTX 4070,[N/A],Enabled,Enabled
1701911558.824756,0,GPU-93ae0c7f-c327-aee3-adae-bc0d1dae71ea,0.44,0.45635889920208433,12282.0,6420.0,546.29,NVIDIA GeForce RTX 4070,[N/A],Enabled,Enabled
1701911559.825382,0,GPU-93ae0c7f-c327-aee3-adae-bc0d1dae71ea,0.38,0.45635889920208433,12282.0,6420.0,546.29,NVIDIA GeForce RTX 4070,[N/A],Enabled,Enabled
1701911560.824602,0,GPU-93ae0c7f-c327-aee3-adae-bc0d1dae71ea,0.42,0.45635889920208433,12282.0,6420.0,546.29,NVIDIA GeForce RTX 4070,[N/A],Enabled,Enabled
1701911561.825072,0,GPU-93ae0c7f-c327-aee3-adae-bc0d1dae71ea,0.36,0.45635889920208433,12282.0,6420.0,546.29,NVIDIA GeForce RTX 4070,[N/A],Enabled,Enabled
1701911562.825184,0,GPU-93ae0c7f-c327-aee3-adae-bc0d1dae71ea,0.41,0.45635889920208433,12282.0,6420.0,546.29,NVIDIA GeForce RTX 4070,[N/A],Enabled,Enabled
1701911563.824857,0,GPU-93ae0c7f-c327-aee3-adae-bc0d1dae71ea,0.4,0.45635889920208433,12282.0,6420.0,546.29,NVIDIA GeForce RTX 4070,[N/A],Enabled,Enabled
1701911564.82468,0,GPU-93ae0c7f-c327-aee3-adae-bc0d1dae71ea,0.45,0.45635889920208433,12282.0,6420.0,546.29,NVIDIA GeForce RTX 4070,[N/A],Enabled,Enabled
1701911565.825236,0,GPU-93ae0c7f-c327-aee3-adae-bc0d1dae71ea,0.35,0.45635889920208433,12282.0,6420.0,546.29,NVIDIA GeForce RTX 4070,[N/A],Enabled,Enabled
1701911566.82432,0,GPU-93ae0c7f-c327-aee3-adae-bc0d1dae71ea,0.35,0.45635889920208433,12282.0,6420.0,546.29,NVIDIA GeForce RTX 4070,[N/A],Enabled,Enabled
1701911567.82525,0,GPU-93ae0c7f-c327-aee3-adae-bc0d1dae71ea,0.37,0.45635889920208433,12282.0,6420.0,546.29,NVIDIA GeForce RTX 4070,[N/A],Enabled,Enabled
1701911568.824937,0,GPU-93ae0c7f-c327-aee3-adae-bc0d1dae71ea,0.4,0.45635889920208433,12282.0,6420.0,546.29,NVIDIA GeForce RTX 4070,[N/A],Enabled,Enabled
1701911569.825716,0,GPU-93ae0c7f-c327-aee3-adae-bc0d1dae71ea,0.38,0.45635889920208433,12282.0,6420.0,546.29,NVIDIA GeForce RTX 4070,[N/A],Enabled,Enabled
1701911570.825186,0,GPU-93ae0c7f-c327-aee3-adae-bc0d1dae71ea,0.4,0.45635889920208433,12282.0,6420.0,546.29,NVIDIA GeForce RTX 4070,[N/A],Enabled,Enabled
1701911571.825078,0,GPU-93ae0c7f-c327-aee3-adae-bc0d1dae71ea,0.4,0.45635889920208433,12282.0,6420.0,546.29,NVIDIA GeForce RTX 4070,[N/A],Enabled,Enabled
1701911572.82554,0,GPU-93ae0c7f-c327-aee3-adae-bc0d1dae71ea,0.41,0.45635889920208433,12282.0,6420.0,546.29,NVIDIA GeForce RTX 4070,[N/A],Enabled,Enabled
1701911573.825102,0,GPU-93ae0c7f-c327-aee3-adae-bc0d1dae71ea,0.35,0.45635889920208433,12282.0,6420.0,546.29,NVIDIA GeForce RTX 4070,[N/A],Enabled,Enabled
1701911574.824676,0,GPU-93ae0c7f-c327-aee3-adae-bc0d1dae71ea,0.39,0.45635889920208433,12282.0,6420.0,546.29,NVIDIA GeForce RTX 4070,[N/A],Enabled,Enabled
1701911575.824342,0,GPU-93ae0c7f-c327-aee3-adae-bc0d1dae71ea,0.37,0.45635889920208433,12282.0,6420.0,546.29,NVIDIA GeForce RTX 4070,[N/A],Enabled,Enabled
1701911576.825308,0,GPU-93ae0c7f-c327-aee3-adae-bc0d1dae71ea,0.41,0.45635889920208433,12282.0,6420.0,546.29,NVIDIA GeForce RTX 4070,[N/A],Enabled,Enabled
1701911577.825894,0,GPU-93ae0c7f-c327-aee3-adae-bc0d1dae71ea,0.38,0.45635889920208433,12282.0,6420.0,546.29,NVIDIA GeForce RTX 4070,[N/A],Enabled,Enabled
1701911578.824865,0,GPU-93ae0c7f-c327-aee3-adae-bc0d1dae71ea,0.41,0.45635889920208433,12282.0,6420.0,546.29,NVIDIA GeForce RTX 4070,[N/A],Enabled,Enabled
1701911579.825058,0,GPU-93ae0c7f-c327-aee3-adae-bc0d1dae71ea,0.41,0.45635889920208433,12282.0,6420.0,546.29,NVIDIA GeForce RTX 4070,[N/A],Enabled,Enabled
1701911580.825167,0,GPU-93ae0c7f-c327-aee3-adae-bc0d1dae71ea,0.4,0.45635889920208433,12282.0,6420.0,546.29,NVIDIA GeForce RTX 4070,[N/A],Enabled,Enabled
1701911581.824921,0,GPU-93ae0c7f-c327-aee3-adae-bc0d1dae71ea,0.39,0.45635889920208433,12282.0,6420.0,546.29,NVIDIA GeForce RTX 4070,[N/A],Enabled,Enabled
1701911582.826211,0,GPU-93ae0c7f-c327-aee3-adae-bc0d1dae71ea,0.41,0.45635889920208433,12282.0,6420.0,546.29,NVIDIA GeForce RTX 4070,[N/A],Enabled,Enabled
1701911583.824995,0,GPU-93ae0c7f-c327-aee3-adae-bc0d1dae71ea,0.39,0.45635889920208433,12282.0,6420.0,546.29,NVIDIA GeForce RTX 4070,[N/A],Enabled,Enabled
1701911584.824819,0,GPU-93ae0c7f-c327-aee3-adae-bc0d1dae71ea,0.44,0.45635889920208433,12282.0,6420.0,546.29,NVIDIA GeForce RTX 4070,[N/A],Enabled,Enabled
1701911585.825735,0,GPU-93ae0c7f-c327-aee3-adae-bc0d1dae71ea,0.41,0.45635889920208433,12282.0,6420.0,546.29,NVIDIA GeForce RTX 4070,[N/A],Enabled,Enabled
1701911586.824937,0,GPU-93ae0c7f-c327-aee3-adae-bc0d1dae71ea,0.52,0.45635889920208433,12282.0,6420.0,546.29,NVIDIA GeForce RTX 4070,[N/A],Enabled,Enabled
1701911587.825554,0,GPU-93ae0c7f-c327-aee3-adae-bc0d1dae71ea,0.39,0.45635889920208433,12282.0,6420.0,546.29,NVIDIA GeForce RTX 4070,[N/A],Enabled,Enabled
1701911588.825172,0,GPU-93ae0c7f-c327-aee3-adae-bc0d1dae71ea,0.42,0.45635889920208433,12282.0,6420.0,546.29,NVIDIA GeForce RTX 4070,[N/A],Enabled,Enabled
1701911589.826227,0,GPU-93ae0c7f-c327-aee3-adae-bc0d1dae71ea,0.35,0.45635889920208433,12282.0,6420.0,546.29,NVIDIA GeForce RTX 4070,[N/A],Enabled,Enabled
1701911590.824829,0,GPU-93ae0c7f-c327-aee3-adae-bc0d1dae71ea,0.4,0.45635889920208433,12282.0,6420.0,546.29,NVIDIA GeForce RTX 4070,[N/A],Enabled,Enabled
1701911591.825134,0,GPU-93ae0c7f-c327-aee3-adae-bc0d1dae71ea,0.41,0.45635889920208433,12282.0,6420.0,546.29,NVIDIA GeForce RTX 4070,[N/A],Enabled,Enabled
1701911592.82496,0,GPU-93ae0c7f-c327-aee3-adae-bc0d1dae71ea,0.42,0.45635889920208433,12282.0,6420.0,546.29,NVIDIA GeForce RTX 4070,[N/A],Enabled,Enabled
1701911593.824627,0,GPU-93ae0c7f-c327-aee3-adae-bc0d1dae71ea,0.39,0.45635889920208433,12282.0,6420.0,546.29,NVIDIA GeForce RTX 4070,[N/A],Enabled,Enabled
1701911594.825402,0,GPU-93ae0c7f-c327-aee3-adae-bc0d1dae71ea,0.41,0.45635889920208433,12282.0,6420.0,546.29,NVIDIA GeForce RTX 4070,[N/A],Enabled,Enabled
1701911595.824835,0,GPU-93ae0c7f-c327-aee3-adae-bc0d1dae71ea,0.38,0.45635889920208433,12282.0,6420.0,546.29,NVIDIA GeForce RTX 4070,[N/A],Enabled,Enabled
1701911596.825722,0,GPU-93ae0c7f-c327-aee3-adae-bc0d1dae71ea,0.44,0.45635889920208433,12282.0,6420.0,546.29,NVIDIA GeForce RTX 4070,[N/A],Enabled,Enabled
1701911597.825732,0,GPU-93ae0c7f-c327-aee3-adae-bc0d1dae71ea,0.43,0.45635889920208433,12282.0,6420.0,546.29,NVIDIA GeForce RTX 4070,[N/A],Enabled,Enabled
1701911598.824893,0,GPU-93ae0c7f-c327-aee3-adae-bc0d1dae71ea,0.42,0.45635889920208433,12282.0,6420.0,546.29,NVIDIA GeForce RTX 4070,[N/A],Enabled,Enabled
1701911599.825422,0,GPU-93ae0c7f-c327-aee3-adae-bc0d1dae71ea,0.39,0.45635889920208433,12282.0,6420.0,546.29,NVIDIA GeForce RTX 4070,[N/A],Enabled,Enabled
1701911600.825996,0,GPU-93ae0c7f-c327-aee3-adae-bc0d1dae71ea,0.38,0.45635889920208433,12282.0,6420.0,546.29,NVIDIA GeForce RTX 4070,[N/A],Enabled,Enabled
1701911601.824614,0,GPU-93ae0c7f-c327-aee3-adae-bc0d1dae71ea,0.45,0.45635889920208433,12282.0,6420.0,546.29,NVIDIA GeForce RTX 4070,[N/A],Enabled,Enabled
1701911602.825428,0,GPU-93ae0c7f-c327-aee3-adae-bc0d1dae71ea,0.37,0.45635889920208433,12282.0,6420.0,546.29,NVIDIA GeForce RTX 4070,[N/A],Enabled,Enabled
1701911603.82529,0,GPU-93ae0c7f-c327-aee3-adae-bc0d1dae71ea,0.42,0.45635889920208433,12282.0,6420.0,546.29,NVIDIA GeForce RTX 4070,[N/A],Enabled,Enabled
1701911604.824715,0,GPU-93ae0c7f-c327-aee3-adae-bc0d1dae71ea,0.39,0.45635889920208433,12282.0,6420.0,546.29,NVIDIA GeForce RTX 4070,[N/A],Enabled,Enabled
1701911605.825579,0,GPU-93ae0c7f-c327-aee3-adae-bc0d1dae71ea,0.39,0.45635889920208433,12282.0,6420.0,546.29,NVIDIA GeForce RTX 4070,[N/A],Enabled,Enabled
1701911606.825888,0,GPU-93ae0c7f-c327-aee3-adae-bc0d1dae71ea,0.45,0.4561960592737339,12282.0,6422.0,546.29,NVIDIA GeForce RTX 4070,[N/A],Enabled,Enabled
1701911607.825082,0,GPU-93ae0c7f-c327-aee3-adae-bc0d1dae71ea,0.4,0.4561960592737339,12282.0,6422.0,546.29,NVIDIA GeForce RTX 4070,[N/A],Enabled,Enabled
1701911608.824594,0,GPU-93ae0c7f-c327-aee3-adae-bc0d1dae71ea,0.42,0.4561146393095587,12282.0,6423.0,546.29,NVIDIA GeForce RTX 4070,[N/A],Enabled,Enabled
1701911609.82551,0,GPU-93ae0c7f-c327-aee3-adae-bc0d1dae71ea,0.4,0.4560332193453835,12282.0,6424.0,546.29,NVIDIA GeForce RTX 4070,[N/A],Enabled,Enabled
1701911610.824488,0,GPU-93ae0c7f-c327-aee3-adae-bc0d1dae71ea,0.45,0.4560332193453835,12282.0,6424.0,546.29,NVIDIA GeForce RTX 4070,[N/A],Enabled,Enabled
1701911611.825101,0,GPU-93ae0c7f-c327-aee3-adae-bc0d1dae71ea,0.35,0.4560332193453835,12282.0,6424.0,546.29,NVIDIA GeForce RTX 4070,[N/A],Enabled,Enabled
1701911612.825293,0,GPU-93ae0c7f-c327-aee3-adae-bc0d1dae71ea,0.37,0.4560332193453835,12282.0,6424.0,546.29,NVIDIA GeForce RTX 4070,[N/A],Enabled,Enabled
1701911613.825094,0,GPU-93ae0c7f-c327-aee3-adae-bc0d1dae71ea,0.42,0.4560332193453835,12282.0,6424.0,546.29,NVIDIA GeForce RTX 4070,[N/A],Enabled,Enabled
1701911614.824876,0,GPU-93ae0c7f-c327-aee3-adae-bc0d1dae71ea,0.34,0.4559517993812083,12282.0,6425.0,546.29,NVIDIA GeForce RTX 4070,[N/A],Enabled,Enabled
1701911615.824689,0,GPU-93ae0c7f-c327-aee3-adae-bc0d1dae71ea,0.37,0.4559517993812083,12282.0,6425.0,546.29,NVIDIA GeForce RTX 4070,[N/A],Enabled,Enabled
1701911616.825204,0,GPU-93ae0c7f-c327-aee3-adae-bc0d1dae71ea,0.29,0.4541605601693535,12282.0,6447.0,546.29,NVIDIA GeForce RTX 4070,[N/A],Enabled,Enabled
1701911617.824604,0,GPU-93ae0c7f-c327-aee3-adae-bc0d1dae71ea,0.29,0.4541605601693535,12282.0,6447.0,546.29,NVIDIA GeForce RTX 4070,[N/A],Enabled,Enabled
1701911618.824456,0,GPU-93ae0c7f-c327-aee3-adae-bc0d1dae71ea,0.27,0.4499267220322423,12282.0,6499.0,546.29,NVIDIA GeForce RTX 4070,[N/A],Enabled,Enabled
1701911619.824992,0,GPU-93ae0c7f-c327-aee3-adae-bc0d1dae71ea,0.29,0.4541605601693535,12282.0,6447.0,546.29,NVIDIA GeForce RTX 4070,[N/A],Enabled,Enabled
1701911620.825189,0,GPU-93ae0c7f-c327-aee3-adae-bc0d1dae71ea,0.27,0.4499267220322423,12282.0,6499.0,546.29,NVIDIA GeForce RTX 4070,[N/A],Enabled,Enabled
1701911621.82502,0,GPU-93ae0c7f-c327-aee3-adae-bc0d1dae71ea,0.28,0.4499267220322423,12282.0,6499.0,546.29,NVIDIA GeForce RTX 4070,[N/A],Enabled,Enabled
1701911622.825323,0,GPU-93ae0c7f-c327-aee3-adae-bc0d1dae71ea,0.3,0.4541605601693535,12282.0,6447.0,546.29,NVIDIA GeForce RTX 4070,[N/A],Enabled,Enabled
1701911623.825101,0,GPU-93ae0c7f-c327-aee3-adae-bc0d1dae71ea,0.25,0.4499267220322423,12282.0,6499.0,546.29,NVIDIA GeForce RTX 4070,[N/A],Enabled,Enabled
1701911624.825508,0,GPU-93ae0c7f-c327-aee3-adae-bc0d1dae71ea,0.26,0.4499267220322423,12282.0,6499.0,546.29,NVIDIA GeForce RTX 4070,[N/A],Enabled,Enabled
1701911625.825943,0,GPU-93ae0c7f-c327-aee3-adae-bc0d1dae71ea,0.27,0.4499267220322423,12282.0,6499.0,546.29,NVIDIA GeForce RTX 4070,[N/A],Enabled,Enabled
1701911626.824965,0,GPU-93ae0c7f-c327-aee3-adae-bc0d1dae71ea,0.13,0.2708842208109428,12282.0,8698.0,546.29,NVIDIA GeForce RTX 4070,[N/A],Enabled,Enabled
1701911627.825216,0,GPU-93ae0c7f-c327-aee3-adae-bc0d1dae71ea,0.16,0.26933724149161375,12282.0,8717.0,546.29,NVIDIA GeForce RTX 4070,[N/A],Enabled,Enabled
1701911628.825063,0,GPU-93ae0c7f-c327-aee3-adae-bc0d1dae71ea,0.16,0.26917440156326333,12282.0,8719.0,546.29,NVIDIA GeForce RTX 4070,[N/A],Enabled,Enabled
1701911629.824606,0,GPU-93ae0c7f-c327-aee3-adae-bc0d1dae71ea,0.16,0.268685881778212,12282.0,8725.0,546.29,NVIDIA GeForce RTX 4070,[N/A],Enabled,Enabled
1701911630.825025,0,GPU-93ae0c7f-c327-aee3-adae-bc0d1dae71ea,0.16,0.2684416218856864,12282.0,8728.0,546.29,NVIDIA GeForce RTX 4070,[N/A],Enabled,Enabled
1701911631.824784,0,GPU-93ae0c7f-c327-aee3-adae-bc0d1dae71ea,0.16,0.2684416218856864,12282.0,8728.0,546.29,NVIDIA GeForce RTX 4070,[N/A],Enabled,Enabled
1701911632.824819,0,GPU-93ae0c7f-c327-aee3-adae-bc0d1dae71ea,0.16,0.2684416218856864,12282.0,8728.0,546.29,NVIDIA GeForce RTX 4070,[N/A],Enabled,Enabled
1701911633.824314,0,GPU-93ae0c7f-c327-aee3-adae-bc0d1dae71ea,0.16,0.2684416218856864,12282.0,8728.0,546.29,NVIDIA GeForce RTX 4070,[N/A],Enabled,Enabled
