timestamp,id,uuid,load,memoryUtil,memoryTotal,memoryUsed,memoryFree,driver,name,serial,display_mode,display_active
1701958185.959758,0,GPU-b342434c-f6b6-7627-333e-da750a9991e6,0.14,0.390625,10240.0,6066.0,546.17,NVIDIA GeForce RTX 3080,[N/A],Enabled,Enabled
1701958186.947838,0,GPU-b342434c-f6b6-7627-333e-da750a9991e6,0.18,0.4009765625,10240.0,5960.0,546.17,NVIDIA GeForce RTX 3080,[N/A],Enabled,Enabled
1701958187.948101,0,GPU-b342434c-f6b6-7627-333e-da750a9991e6,0.15,0.5044921875,10240.0,4900.0,546.17,NVIDIA GeForce RTX 3080,[N/A],Enabled,Enabled
1701958188.948,0,GPU-b342434c-f6b6-7627-333e-da750a9991e6,0.12,0.5044921875,10240.0,4900.0,546.17,NVIDIA GeForce RTX 3080,[N/A],Enabled,Enabled
1701958189.948132,0,GPU-b342434c-f6b6-7627-333e-da750a9991e6,0.11,0.5044921875,10240.0,4900.0,546.17,NVIDIA GeForce RTX 3080,[N/A],Enabled,Enabled
1701958190.948179,0,GPU-b342434c-f6b6-7627-333e-da750a9991e6,0.06,0.386328125,10240.0,6110.0,546.17,NVIDIA GeForce RTX 3080,[N/A],Enabled,Enabled
1701958191.947812,0,GPU-b342434c-f6b6-7627-333e-da750a9991e6,0.08,0.43359375,10240.0,5626.0,546.17,NVIDIA GeForce RTX 3080,[N/A],Enabled,Enabled
1701958192.947979,0,GPU-b342434c-f6b6-7627-333e-da750a9991e6,0.13,0.44697265625,10240.0,5489.0,546.17,NVIDIA GeForce RTX 3080,[N/A],Enabled,Enabled
1701958193.948157,0,GPU-b342434c-f6b6-7627-333e-da750a9991e6,0.12,0.44697265625,10240.0,5489.0,546.17,NVIDIA GeForce RTX 3080,[N/A],Enabled,Enabled
1701958194.948342,0,GPU-b342434c-f6b6-7627-333e-da750a9991e6,0.12,0.44169921875,10240.0,5543.0,546.17,NVIDIA GeForce RTX 3080,[N/A],Enabled,Enabled
1701958195.94832,0,GPU-b342434c-f6b6-7627-333e-da750a9991e6,0.12,0.44541015625,10240.0,5505.0,546.17,NVIDIA GeForce RTX 3080,[N/A],Enabled,Enabled
1701958196.947636,0,GPU-b342434c-f6b6-7627-333e-da750a9991e6,0.07,0.44716796875,10240.0,5487.0,546.17,NVIDIA GeForce RTX 3080,[N/A],Enabled,Enabled
1701958197.948617,0,GPU-b342434c-f6b6-7627-333e-da750a9991e6,0.12,0.447265625,10240.0,5486.0,546.17,NVIDIA GeForce RTX 3080,[N/A],Enabled,Enabled
1701958198.948067,0,GPU-b342434c-f6b6-7627-333e-da750a9991e6,0.12,0.44345703125,10240.0,5525.0,546.17,NVIDIA GeForce RTX 3080,[N/A],Enabled,Enabled
1701958199.94845,0,GPU-b342434c-f6b6-7627-333e-da750a9991e6,0.12,0.44345703125,10240.0,5525.0,546.17,NVIDIA GeForce RTX 3080,[N/A],Enabled,Enabled
1701958200.947207,0,GPU-b342434c-f6b6-7627-333e-da750a9991e6,0.11,0.44345703125,10240.0,5525.0,546.17,NVIDIA GeForce RTX 3080,[N/A],Enabled,Enabled
1701958201.947857,0,GPU-b342434c-f6b6-7627-333e-da750a9991e6,0.12,0.44716796875,10240.0,5487.0,546.17,NVIDIA GeForce RTX 3080,[N/A],Enabled,Enabled
1701958202.948534,0,GPU-b342434c-f6b6-7627-333e-da750a9991e6,0.11,0.44345703125,10240.0,5525.0,546.17,NVIDIA GeForce RTX 3080,[N/A],Enabled,Enabled
1701958203.947892,0,GPU-b342434c-f6b6-7627-333e-da750a9991e6,0.11,0.44345703125,10240.0,5525.0,546.17,NVIDIA GeForce RTX 3080,[N/A],Enabled,Enabled
1701958204.948125,0,GPU-b342434c-f6b6-7627-333e-da750a9991e6,0.13,0.447265625,10240.0,5486.0,546.17,NVIDIA GeForce RTX 3080,[N/A],Enabled,Enabled
1701958205.948306,0,GPU-b342434c-f6b6-7627-333e-da750a9991e6,0.11,0.4435546875,10240.0,5524.0,546.17,NVIDIA GeForce RTX 3080,[N/A],Enabled,Enabled
1701958206.948387,0,GPU-b342434c-f6b6-7627-333e-da750a9991e6,0.12,0.447265625,10240.0,5486.0,546.17,NVIDIA GeForce RTX 3080,[N/A],Enabled,Enabled
1701958207.948054,0,GPU-b342434c-f6b6-7627-333e-da750a9991e6,0.11,0.44345703125,10240.0,5525.0,546.17,NVIDIA GeForce RTX 3080,[N/A],Enabled,Enabled
1701958208.947823,0,GPU-b342434c-f6b6-7627-333e-da750a9991e6,0.12,0.447265625,10240.0,5486.0,546.17,NVIDIA GeForce RTX 3080,[N/A],Enabled,Enabled
1701958209.94831,0,GPU-b342434c-f6b6-7627-333e-da750a9991e6,0.12,0.447265625,10240.0,5486.0,546.17,NVIDIA GeForce RTX 3080,[N/A],Enabled,Enabled
1701958210.947586,0,GPU-b342434c-f6b6-7627-333e-da750a9991e6,0.11,0.4435546875,10240.0,5524.0,546.17,NVIDIA GeForce RTX 3080,[N/A],Enabled,Enabled
1701958211.947294,0,GPU-b342434c-f6b6-7627-333e-da750a9991e6,0.11,0.4435546875,10240.0,5524.0,546.17,NVIDIA GeForce RTX 3080,[N/A],Enabled,Enabled
1701958212.948128,0,GPU-b342434c-f6b6-7627-333e-da750a9991e6,0.12,0.44599609375,10240.0,5500.0,546.17,NVIDIA GeForce RTX 3080,[N/A],Enabled,Enabled
1701958213.947682,0,GPU-b342434c-f6b6-7627-333e-da750a9991e6,0.15,0.456640625,10240.0,5390.0,546.17,NVIDIA GeForce RTX 3080,[N/A],Enabled,Enabled
1701958214.948352,0,GPU-b342434c-f6b6-7627-333e-da750a9991e6,0.15,0.456640625,10240.0,5390.0,546.17,NVIDIA GeForce RTX 3080,[N/A],Enabled,Enabled
1701958215.947982,0,GPU-b342434c-f6b6-7627-333e-da750a9991e6,0.14,0.456640625,10240.0,5390.0,546.17,NVIDIA GeForce RTX 3080,[N/A],Enabled,Enabled
1701958216.948651,0,GPU-b342434c-f6b6-7627-333e-da750a9991e6,0.15,0.456640625,10240.0,5390.0,546.17,NVIDIA GeForce RTX 3080,[N/A],Enabled,Enabled
1701958217.948314,0,GPU-b342434c-f6b6-7627-333e-da750a9991e6,0.15,0.456640625,10240.0,5390.0,546.17,NVIDIA GeForce RTX 3080,[N/A],Enabled,Enabled
1701958218.948405,0,GPU-b342434c-f6b6-7627-333e-da750a9991e6,0.15,0.456640625,10240.0,5390.0,546.17,NVIDIA GeForce RTX 3080,[N/A],Enabled,Enabled
1701958219.947958,0,GPU-b342434c-f6b6-7627-333e-da750a9991e6,0.14,0.456640625,10240.0,5390.0,546.17,NVIDIA GeForce RTX 3080,[N/A],Enabled,Enabled
1701958220.948586,0,GPU-b342434c-f6b6-7627-333e-da750a9991e6,0.15,0.456640625,10240.0,5390.0,546.17,NVIDIA GeForce RTX 3080,[N/A],Enabled,Enabled
1701958221.948003,0,GPU-b342434c-f6b6-7627-333e-da750a9991e6,0.15,0.456640625,10240.0,5390.0,546.17,NVIDIA GeForce RTX 3080,[N/A],Enabled,Enabled
1701958222.947995,0,GPU-b342434c-f6b6-7627-333e-da750a9991e6,0.15,0.456640625,10240.0,5390.0,546.17,NVIDIA GeForce RTX 3080,[N/A],Enabled,Enabled
1701958223.947497,0,GPU-b342434c-f6b6-7627-333e-da750a9991e6,0.14,0.456640625,10240.0,5390.0,546.17,NVIDIA GeForce RTX 3080,[N/A],Enabled,Enabled
1701958224.948258,0,GPU-b342434c-f6b6-7627-333e-da750a9991e6,0.15,0.456640625,10240.0,5390.0,546.17,NVIDIA GeForce RTX 3080,[N/A],Enabled,Enabled
1701958225.948884,0,GPU-b342434c-f6b6-7627-333e-da750a9991e6,0.14,0.456640625,10240.0,5390.0,546.17,NVIDIA GeForce RTX 3080,[N/A],Enabled,Enabled
1701958226.947855,0,GPU-b342434c-f6b6-7627-333e-da750a9991e6,0.14,0.456640625,10240.0,5390.0,546.17,NVIDIA GeForce RTX 3080,[N/A],Enabled,Enabled
1701958227.9485,0,GPU-b342434c-f6b6-7627-333e-da750a9991e6,0.14,0.456640625,10240.0,5390.0,546.17,NVIDIA GeForce RTX 3080,[N/A],Enabled,Enabled
1701958228.947491,0,GPU-b342434c-f6b6-7627-333e-da750a9991e6,0.14,0.456640625,10240.0,5390.0,546.17,NVIDIA GeForce RTX 3080,[N/A],Enabled,Enabled
1701958229.947873,0,GPU-b342434c-f6b6-7627-333e-da750a9991e6,0.14,0.456640625,10240.0,5390.0,546.17,NVIDIA GeForce RTX 3080,[N/A],Enabled,Enabled
1701958230.947873,0,GPU-b342434c-f6b6-7627-333e-da750a9991e6,0.14,0.456640625,10240.0,5390.0,546.17,NVIDIA GeForce RTX 3080,[N/A],Enabled,Enabled
1701958231.94798,0,GPU-b342434c-f6b6-7627-333e-da750a9991e6,0.15,0.456640625,10240.0,5390.0,546.17,NVIDIA GeForce RTX 3080,[N/A],Enabled,Enabled
1701958232.947951,0,GPU-b342434c-f6b6-7627-333e-da750a9991e6,0.14,0.456640625,10240.0,5390.0,546.17,NVIDIA GeForce RTX 3080,[N/A],Enabled,Enabled
1701958233.947923,0,GPU-b342434c-f6b6-7627-333e-da750a9991e6,0.14,0.456640625,10240.0,5390.0,546.17,NVIDIA GeForce RTX 3080,[N/A],Enabled,Enabled
1701958234.947377,0,GPU-b342434c-f6b6-7627-333e-da750a9991e6,0.15,0.456640625,10240.0,5390.0,546.17,NVIDIA GeForce RTX 3080,[N/A],Enabled,Enabled
1701958235.947901,0,GPU-b342434c-f6b6-7627-333e-da750a9991e6,0.15,0.456640625,10240.0,5390.0,546.17,NVIDIA GeForce RTX 3080,[N/A],Enabled,Enabled
1701958236.948244,0,GPU-b342434c-f6b6-7627-333e-da750a9991e6,0.15,0.456640625,10240.0,5390.0,546.17,NVIDIA GeForce RTX 3080,[N/A],Enabled,Enabled
1701958237.948041,0,GPU-b342434c-f6b6-7627-333e-da750a9991e6,0.15,0.456640625,10240.0,5390.0,546.17,NVIDIA GeForce RTX 3080,[N/A],Enabled,Enabled
1701958238.947945,0,GPU-b342434c-f6b6-7627-333e-da750a9991e6,0.15,0.456640625,10240.0,5390.0,546.17,NVIDIA GeForce RTX 3080,[N/A],Enabled,Enabled
1701958239.947895,0,GPU-b342434c-f6b6-7627-333e-da750a9991e6,0.15,0.456640625,10240.0,5390.0,546.17,NVIDIA GeForce RTX 3080,[N/A],Enabled,Enabled
1701958240.947806,0,GPU-b342434c-f6b6-7627-333e-da750a9991e6,0.15,0.456640625,10240.0,5390.0,546.17,NVIDIA GeForce RTX 3080,[N/A],Enabled,Enabled
1701958241.94789,0,GPU-b342434c-f6b6-7627-333e-da750a9991e6,0.15,0.456640625,10240.0,5390.0,546.17,NVIDIA GeForce RTX 3080,[N/A],Enabled,Enabled
1701958242.948066,0,GPU-b342434c-f6b6-7627-333e-da750a9991e6,0.16,0.455859375,10240.0,5398.0,546.17,NVIDIA GeForce RTX 3080,[N/A],Enabled,Enabled
1701958243.94801,0,GPU-b342434c-f6b6-7627-333e-da750a9991e6,0.16,0.45634765625,10240.0,5393.0,546.17,NVIDIA GeForce RTX 3080,[N/A],Enabled,Enabled
1701958244.948412,0,GPU-b342434c-f6b6-7627-333e-da750a9991e6,0.16,0.45634765625,10240.0,5393.0,546.17,NVIDIA GeForce RTX 3080,[N/A],Enabled,Enabled
1701958245.947834,0,GPU-b342434c-f6b6-7627-333e-da750a9991e6,0.16,0.45634765625,10240.0,5393.0,546.17,NVIDIA GeForce RTX 3080,[N/A],Enabled,Enabled
1701958246.948061,0,GPU-b342434c-f6b6-7627-333e-da750a9991e6,0.15,0.45634765625,10240.0,5393.0,546.17,NVIDIA GeForce RTX 3080,[N/A],Enabled,Enabled
1701958247.948562,0,GPU-b342434c-f6b6-7627-333e-da750a9991e6,0.17,0.4564453125,10240.0,5392.0,546.17,NVIDIA GeForce RTX 3080,[N/A],Enabled,Enabled
1701958248.948527,0,GPU-b342434c-f6b6-7627-333e-da750a9991e6,0.17,0.4564453125,10240.0,5392.0,546.17,NVIDIA GeForce RTX 3080,[N/A],Enabled,Enabled
1701958249.947746,0,GPU-b342434c-f6b6-7627-333e-da750a9991e6,0.17,0.45595703125,10240.0,5397.0,546.17,NVIDIA GeForce RTX 3080,[N/A],Enabled,Enabled
1701958250.948407,0,GPU-b342434c-f6b6-7627-333e-da750a9991e6,0.19,0.45556640625,10240.0,5401.0,546.17,NVIDIA GeForce RTX 3080,[N/A],Enabled,Enabled
1701958251.947835,0,GPU-b342434c-f6b6-7627-333e-da750a9991e6,0.19,0.45556640625,10240.0,5401.0,546.17,NVIDIA GeForce RTX 3080,[N/A],Enabled,Enabled
1701958252.947872,0,GPU-b342434c-f6b6-7627-333e-da750a9991e6,0.17,0.45498046875,10240.0,5407.0,546.17,NVIDIA GeForce RTX 3080,[N/A],Enabled,Enabled
1701958253.947584,0,GPU-b342434c-f6b6-7627-333e-da750a9991e6,0.15,0.45546875,10240.0,5402.0,546.17,NVIDIA GeForce RTX 3080,[N/A],Enabled,Enabled
1701958254.947907,0,GPU-b342434c-f6b6-7627-333e-da750a9991e6,0.15,0.45546875,10240.0,5402.0,546.17,NVIDIA GeForce RTX 3080,[N/A],Enabled,Enabled
1701958255.947428,0,GPU-b342434c-f6b6-7627-333e-da750a9991e6,0.15,0.455078125,10240.0,5406.0,546.17,NVIDIA GeForce RTX 3080,[N/A],Enabled,Enabled
1701958256.948037,0,GPU-b342434c-f6b6-7627-333e-da750a9991e6,0.15,0.4548828125,10240.0,5408.0,546.17,NVIDIA GeForce RTX 3080,[N/A],Enabled,Enabled
1701958257.94838,0,GPU-b342434c-f6b6-7627-333e-da750a9991e6,0.15,0.4548828125,10240.0,5408.0,546.17,NVIDIA GeForce RTX 3080,[N/A],Enabled,Enabled
1701958258.947765,0,GPU-b342434c-f6b6-7627-333e-da750a9991e6,0.15,0.4548828125,10240.0,5408.0,546.17,NVIDIA GeForce RTX 3080,[N/A],Enabled,Enabled
1701958259.947873,0,GPU-b342434c-f6b6-7627-333e-da750a9991e6,0.15,0.4537109375,10240.0,5420.0,546.17,NVIDIA GeForce RTX 3080,[N/A],Enabled,Enabled
1701958260.948413,0,GPU-b342434c-f6b6-7627-333e-da750a9991e6,0.15,0.4537109375,10240.0,5420.0,546.17,NVIDIA GeForce RTX 3080,[N/A],Enabled,Enabled
1701958261.947403,0,GPU-b342434c-f6b6-7627-333e-da750a9991e6,0.15,0.4537109375,10240.0,5420.0,546.17,NVIDIA GeForce RTX 3080,[N/A],Enabled,Enabled
1701958262.948415,0,GPU-b342434c-f6b6-7627-333e-da750a9991e6,0.15,0.4537109375,10240.0,5420.0,546.17,NVIDIA GeForce RTX 3080,[N/A],Enabled,Enabled
1701958263.947909,0,GPU-b342434c-f6b6-7627-333e-da750a9991e6,0.15,0.4537109375,10240.0,5420.0,546.17,NVIDIA GeForce RTX 3080,[N/A],Enabled,Enabled
1701958264.947792,0,GPU-b342434c-f6b6-7627-333e-da750a9991e6,0.15,0.4537109375,10240.0,5420.0,546.17,NVIDIA GeForce RTX 3080,[N/A],Enabled,Enabled
1701958265.947864,0,GPU-b342434c-f6b6-7627-333e-da750a9991e6,0.16,0.4537109375,10240.0,5420.0,546.17,NVIDIA GeForce RTX 3080,[N/A],Enabled,Enabled
1701958266.947628,0,GPU-b342434c-f6b6-7627-333e-da750a9991e6,0.15,0.4537109375,10240.0,5420.0,546.17,NVIDIA GeForce RTX 3080,[N/A],Enabled,Enabled
1701958267.948237,0,GPU-b342434c-f6b6-7627-333e-da750a9991e6,0.16,0.45361328125,10240.0,5421.0,546.17,NVIDIA GeForce RTX 3080,[N/A],Enabled,Enabled
1701958268.947803,0,GPU-b342434c-f6b6-7627-333e-da750a9991e6,0.15,0.45361328125,10240.0,5421.0,546.17,NVIDIA GeForce RTX 3080,[N/A],Enabled,Enabled
1701958269.947942,0,GPU-b342434c-f6b6-7627-333e-da750a9991e6,0.15,0.45361328125,10240.0,5421.0,546.17,NVIDIA GeForce RTX 3080,[N/A],Enabled,Enabled
1701958270.948304,0,GPU-b342434c-f6b6-7627-333e-da750a9991e6,0.15,0.45361328125,10240.0,5421.0,546.17,NVIDIA GeForce RTX 3080,[N/A],Enabled,Enabled
1701958271.948031,0,GPU-b342434c-f6b6-7627-333e-da750a9991e6,0.14,0.45361328125,10240.0,5421.0,546.17,NVIDIA GeForce RTX 3080,[N/A],Enabled,Enabled
1701958272.947195,0,GPU-b342434c-f6b6-7627-333e-da750a9991e6,0.14,0.45361328125,10240.0,5421.0,546.17,NVIDIA GeForce RTX 3080,[N/A],Enabled,Enabled
1701958273.947789,0,GPU-b342434c-f6b6-7627-333e-da750a9991e6,0.14,0.45361328125,10240.0,5421.0,546.17,NVIDIA GeForce RTX 3080,[N/A],Enabled,Enabled
1701958274.947807,0,GPU-b342434c-f6b6-7627-333e-da750a9991e6,0.14,0.45361328125,10240.0,5421.0,546.17,NVIDIA GeForce RTX 3080,[N/A],Enabled,Enabled
1701958275.948669,0,GPU-b342434c-f6b6-7627-333e-da750a9991e6,0.14,0.4537109375,10240.0,5420.0,546.17,NVIDIA GeForce RTX 3080,[N/A],Enabled,Enabled
1701958276.947739,0,GPU-b342434c-f6b6-7627-333e-da750a9991e6,0.14,0.4537109375,10240.0,5420.0,546.17,NVIDIA GeForce RTX 3080,[N/A],Enabled,Enabled
1701958277.948263,0,GPU-b342434c-f6b6-7627-333e-da750a9991e6,0.14,0.4537109375,10240.0,5420.0,546.17,NVIDIA GeForce RTX 3080,[N/A],Enabled,Enabled
1701958278.947809,0,GPU-b342434c-f6b6-7627-333e-da750a9991e6,0.15,0.45361328125,10240.0,5421.0,546.17,NVIDIA GeForce RTX 3080,[N/A],Enabled,Enabled
1701958279.947478,0,GPU-b342434c-f6b6-7627-333e-da750a9991e6,0.14,0.45361328125,10240.0,5421.0,546.17,NVIDIA GeForce RTX 3080,[N/A],Enabled,Enabled
1701958280.947776,0,GPU-b342434c-f6b6-7627-333e-da750a9991e6,0.15,0.45361328125,10240.0,5421.0,546.17,NVIDIA GeForce RTX 3080,[N/A],Enabled,Enabled
1701958281.947803,0,GPU-b342434c-f6b6-7627-333e-da750a9991e6,0.15,0.45361328125,10240.0,5421.0,546.17,NVIDIA GeForce RTX 3080,[N/A],Enabled,Enabled
1701958282.947407,0,GPU-b342434c-f6b6-7627-333e-da750a9991e6,0.15,0.45361328125,10240.0,5421.0,546.17,NVIDIA GeForce RTX 3080,[N/A],Enabled,Enabled
1701958283.94815,0,GPU-b342434c-f6b6-7627-333e-da750a9991e6,0.16,0.45361328125,10240.0,5421.0,546.17,NVIDIA GeForce RTX 3080,[N/A],Enabled,Enabled
1701958284.947804,0,GPU-b342434c-f6b6-7627-333e-da750a9991e6,0.15,0.4537109375,10240.0,5420.0,546.17,NVIDIA GeForce RTX 3080,[N/A],Enabled,Enabled
1701958285.947921,0,GPU-b342434c-f6b6-7627-333e-da750a9991e6,0.16,0.4537109375,10240.0,5420.0,546.17,NVIDIA GeForce RTX 3080,[N/A],Enabled,Enabled
1701958286.948257,0,GPU-b342434c-f6b6-7627-333e-da750a9991e6,0.16,0.4537109375,10240.0,5420.0,546.17,NVIDIA GeForce RTX 3080,[N/A],Enabled,Enabled
1701958287.94746,0,GPU-b342434c-f6b6-7627-333e-da750a9991e6,0.15,0.4537109375,10240.0,5420.0,546.17,NVIDIA GeForce RTX 3080,[N/A],Enabled,Enabled
1701958288.948017,0,GPU-b342434c-f6b6-7627-333e-da750a9991e6,0.15,0.4537109375,10240.0,5420.0,546.17,NVIDIA GeForce RTX 3080,[N/A],Enabled,Enabled
1701958289.948228,0,GPU-b342434c-f6b6-7627-333e-da750a9991e6,0.15,0.4537109375,10240.0,5420.0,546.17,NVIDIA GeForce RTX 3080,[N/A],Enabled,Enabled
1701958290.948447,0,GPU-b342434c-f6b6-7627-333e-da750a9991e6,0.15,0.4537109375,10240.0,5420.0,546.17,NVIDIA GeForce RTX 3080,[N/A],Enabled,Enabled
1701958291.947984,0,GPU-b342434c-f6b6-7627-333e-da750a9991e6,0.15,0.4537109375,10240.0,5420.0,546.17,NVIDIA GeForce RTX 3080,[N/A],Enabled,Enabled
1701958292.947661,0,GPU-b342434c-f6b6-7627-333e-da750a9991e6,0.17,0.4537109375,10240.0,5420.0,546.17,NVIDIA GeForce RTX 3080,[N/A],Enabled,Enabled
1701958293.948403,0,GPU-b342434c-f6b6-7627-333e-da750a9991e6,0.15,0.4537109375,10240.0,5420.0,546.17,NVIDIA GeForce RTX 3080,[N/A],Enabled,Enabled
1701958294.948008,0,GPU-b342434c-f6b6-7627-333e-da750a9991e6,0.15,0.4537109375,10240.0,5420.0,546.17,NVIDIA GeForce RTX 3080,[N/A],Enabled,Enabled
1701958295.947791,0,GPU-b342434c-f6b6-7627-333e-da750a9991e6,0.15,0.4537109375,10240.0,5420.0,546.17,NVIDIA GeForce RTX 3080,[N/A],Enabled,Enabled
1701958296.947654,0,GPU-b342434c-f6b6-7627-333e-da750a9991e6,0.15,0.4537109375,10240.0,5420.0,546.17,NVIDIA GeForce RTX 3080,[N/A],Enabled,Enabled
1701958297.947947,0,GPU-b342434c-f6b6-7627-333e-da750a9991e6,0.15,0.4537109375,10240.0,5420.0,546.17,NVIDIA GeForce RTX 3080,[N/A],Enabled,Enabled
1701958298.947945,0,GPU-b342434c-f6b6-7627-333e-da750a9991e6,0.15,0.4537109375,10240.0,5420.0,546.17,NVIDIA GeForce RTX 3080,[N/A],Enabled,Enabled
1701958299.947624,0,GPU-b342434c-f6b6-7627-333e-da750a9991e6,0.15,0.4537109375,10240.0,5420.0,546.17,NVIDIA GeForce RTX 3080,[N/A],Enabled,Enabled
1701958300.947658,0,GPU-b342434c-f6b6-7627-333e-da750a9991e6,0.15,0.4537109375,10240.0,5420.0,546.17,NVIDIA GeForce RTX 3080,[N/A],Enabled,Enabled
1701958301.947964,0,GPU-b342434c-f6b6-7627-333e-da750a9991e6,0.15,0.4537109375,10240.0,5420.0,546.17,NVIDIA GeForce RTX 3080,[N/A],Enabled,Enabled
1701958302.94782,0,GPU-b342434c-f6b6-7627-333e-da750a9991e6,0.19,0.45517578125,10240.0,5405.0,546.17,NVIDIA GeForce RTX 3080,[N/A],Enabled,Enabled
1701958303.947695,0,GPU-b342434c-f6b6-7627-333e-da750a9991e6,0.15,0.4552734375,10240.0,5404.0,546.17,NVIDIA GeForce RTX 3080,[N/A],Enabled,Enabled
1701958304.947362,0,GPU-b342434c-f6b6-7627-333e-da750a9991e6,0.15,0.45517578125,10240.0,5405.0,546.17,NVIDIA GeForce RTX 3080,[N/A],Enabled,Enabled
1701958305.948529,0,GPU-b342434c-f6b6-7627-333e-da750a9991e6,0.16,0.45556640625,10240.0,5401.0,546.17,NVIDIA GeForce RTX 3080,[N/A],Enabled,Enabled
1701958306.947783,0,GPU-b342434c-f6b6-7627-333e-da750a9991e6,0.15,0.45556640625,10240.0,5401.0,546.17,NVIDIA GeForce RTX 3080,[N/A],Enabled,Enabled
1701958307.947638,0,GPU-b342434c-f6b6-7627-333e-da750a9991e6,0.15,0.45556640625,10240.0,5401.0,546.17,NVIDIA GeForce RTX 3080,[N/A],Enabled,Enabled
1701958308.948458,0,GPU-b342434c-f6b6-7627-333e-da750a9991e6,0.15,0.45556640625,10240.0,5401.0,546.17,NVIDIA GeForce RTX 3080,[N/A],Enabled,Enabled
1701958309.947445,0,GPU-b342434c-f6b6-7627-333e-da750a9991e6,0.15,0.45556640625,10240.0,5401.0,546.17,NVIDIA GeForce RTX 3080,[N/A],Enabled,Enabled
1701958310.947706,0,GPU-b342434c-f6b6-7627-333e-da750a9991e6,0.16,0.455078125,10240.0,5406.0,546.17,NVIDIA GeForce RTX 3080,[N/A],Enabled,Enabled
1701958311.948335,0,GPU-b342434c-f6b6-7627-333e-da750a9991e6,0.14,0.455078125,10240.0,5406.0,546.17,NVIDIA GeForce RTX 3080,[N/A],Enabled,Enabled
1701958312.947671,0,GPU-b342434c-f6b6-7627-333e-da750a9991e6,0.14,0.455078125,10240.0,5406.0,546.17,NVIDIA GeForce RTX 3080,[N/A],Enabled,Enabled
1701958313.948098,0,GPU-b342434c-f6b6-7627-333e-da750a9991e6,0.15,0.4548828125,10240.0,5408.0,546.17,NVIDIA GeForce RTX 3080,[N/A],Enabled,Enabled
1701958314.947757,0,GPU-b342434c-f6b6-7627-333e-da750a9991e6,0.14,0.4548828125,10240.0,5408.0,546.17,NVIDIA GeForce RTX 3080,[N/A],Enabled,Enabled
1701958315.947409,0,GPU-b342434c-f6b6-7627-333e-da750a9991e6,0.15,0.4548828125,10240.0,5408.0,546.17,NVIDIA GeForce RTX 3080,[N/A],Enabled,Enabled
1701958316.947941,0,GPU-b342434c-f6b6-7627-333e-da750a9991e6,0.16,0.454296875,10240.0,5414.0,546.17,NVIDIA GeForce RTX 3080,[N/A],Enabled,Enabled
1701958317.948247,0,GPU-b342434c-f6b6-7627-333e-da750a9991e6,0.15,0.454296875,10240.0,5414.0,546.17,NVIDIA GeForce RTX 3080,[N/A],Enabled,Enabled
1701958318.947826,0,GPU-b342434c-f6b6-7627-333e-da750a9991e6,0.16,0.45390625,10240.0,5418.0,546.17,NVIDIA GeForce RTX 3080,[N/A],Enabled,Enabled
1701958319.948279,0,GPU-b342434c-f6b6-7627-333e-da750a9991e6,0.15,0.45390625,10240.0,5418.0,546.17,NVIDIA GeForce RTX 3080,[N/A],Enabled,Enabled
1701958320.947606,0,GPU-b342434c-f6b6-7627-333e-da750a9991e6,0.14,0.45390625,10240.0,5418.0,546.17,NVIDIA GeForce RTX 3080,[N/A],Enabled,Enabled
1701958321.947997,0,GPU-b342434c-f6b6-7627-333e-da750a9991e6,0.14,0.45380859375,10240.0,5419.0,546.17,NVIDIA GeForce RTX 3080,[N/A],Enabled,Enabled
1701958322.947819,0,GPU-b342434c-f6b6-7627-333e-da750a9991e6,0.14,0.45380859375,10240.0,5419.0,546.17,NVIDIA GeForce RTX 3080,[N/A],Enabled,Enabled
1701958323.948277,0,GPU-b342434c-f6b6-7627-333e-da750a9991e6,0.14,0.45380859375,10240.0,5419.0,546.17,NVIDIA GeForce RTX 3080,[N/A],Enabled,Enabled
1701958324.947778,0,GPU-b342434c-f6b6-7627-333e-da750a9991e6,0.16,0.45390625,10240.0,5418.0,546.17,NVIDIA GeForce RTX 3080,[N/A],Enabled,Enabled
1701958325.948414,0,GPU-b342434c-f6b6-7627-333e-da750a9991e6,0.15,0.45390625,10240.0,5418.0,546.17,NVIDIA GeForce RTX 3080,[N/A],Enabled,Enabled
1701958326.948025,0,GPU-b342434c-f6b6-7627-333e-da750a9991e6,0.16,0.45390625,10240.0,5418.0,546.17,NVIDIA GeForce RTX 3080,[N/A],Enabled,Enabled
1701958327.94783,0,GPU-b342434c-f6b6-7627-333e-da750a9991e6,0.16,0.45390625,10240.0,5418.0,546.17,NVIDIA GeForce RTX 3080,[N/A],Enabled,Enabled
1701958328.948373,0,GPU-b342434c-f6b6-7627-333e-da750a9991e6,0.14,0.45390625,10240.0,5418.0,546.17,NVIDIA GeForce RTX 3080,[N/A],Enabled,Enabled
1701958329.94785,0,GPU-b342434c-f6b6-7627-333e-da750a9991e6,0.14,0.4537109375,10240.0,5420.0,546.17,NVIDIA GeForce RTX 3080,[N/A],Enabled,Enabled
1701958330.948267,0,GPU-b342434c-f6b6-7627-333e-da750a9991e6,0.15,0.4537109375,10240.0,5420.0,546.17,NVIDIA GeForce RTX 3080,[N/A],Enabled,Enabled
1701958331.947304,0,GPU-b342434c-f6b6-7627-333e-da750a9991e6,0.16,0.4537109375,10240.0,5420.0,546.17,NVIDIA GeForce RTX 3080,[N/A],Enabled,Enabled
1701958332.948174,0,GPU-b342434c-f6b6-7627-333e-da750a9991e6,0.15,0.4537109375,10240.0,5420.0,546.17,NVIDIA GeForce RTX 3080,[N/A],Enabled,Enabled
1701958333.94781,0,GPU-b342434c-f6b6-7627-333e-da750a9991e6,0.15,0.4537109375,10240.0,5420.0,546.17,NVIDIA GeForce RTX 3080,[N/A],Enabled,Enabled
1701958334.948364,0,GPU-b342434c-f6b6-7627-333e-da750a9991e6,0.15,0.4537109375,10240.0,5420.0,546.17,NVIDIA GeForce RTX 3080,[N/A],Enabled,Enabled
1701958335.94805,0,GPU-b342434c-f6b6-7627-333e-da750a9991e6,0.15,0.45439453125,10240.0,5413.0,546.17,NVIDIA GeForce RTX 3080,[N/A],Enabled,Enabled
1701958336.948021,0,GPU-b342434c-f6b6-7627-333e-da750a9991e6,0.15,0.45439453125,10240.0,5413.0,546.17,NVIDIA GeForce RTX 3080,[N/A],Enabled,Enabled
1701958337.947828,0,GPU-b342434c-f6b6-7627-333e-da750a9991e6,0.15,0.45439453125,10240.0,5413.0,546.17,NVIDIA GeForce RTX 3080,[N/A],Enabled,Enabled
1701958338.948383,0,GPU-b342434c-f6b6-7627-333e-da750a9991e6,0.16,0.45439453125,10240.0,5413.0,546.17,NVIDIA GeForce RTX 3080,[N/A],Enabled,Enabled
1701958339.947413,0,GPU-b342434c-f6b6-7627-333e-da750a9991e6,0.15,0.45439453125,10240.0,5413.0,546.17,NVIDIA GeForce RTX 3080,[N/A],Enabled,Enabled
1701958340.948274,0,GPU-b342434c-f6b6-7627-333e-da750a9991e6,0.17,0.454296875,10240.0,5414.0,546.17,NVIDIA GeForce RTX 3080,[N/A],Enabled,Enabled
1701958341.947555,0,GPU-b342434c-f6b6-7627-333e-da750a9991e6,0.15,0.454296875,10240.0,5414.0,546.17,NVIDIA GeForce RTX 3080,[N/A],Enabled,Enabled
1701958342.947709,0,GPU-b342434c-f6b6-7627-333e-da750a9991e6,0.16,0.45390625,10240.0,5418.0,546.17,NVIDIA GeForce RTX 3080,[N/A],Enabled,Enabled
1701958343.947758,0,GPU-b342434c-f6b6-7627-333e-da750a9991e6,0.15,0.45390625,10240.0,5418.0,546.17,NVIDIA GeForce RTX 3080,[N/A],Enabled,Enabled
1701958344.947566,0,GPU-b342434c-f6b6-7627-333e-da750a9991e6,0.15,0.45390625,10240.0,5418.0,546.17,NVIDIA GeForce RTX 3080,[N/A],Enabled,Enabled
1701958345.947419,0,GPU-b342434c-f6b6-7627-333e-da750a9991e6,0.15,0.45390625,10240.0,5418.0,546.17,NVIDIA GeForce RTX 3080,[N/A],Enabled,Enabled
1701958346.948566,0,GPU-b342434c-f6b6-7627-333e-da750a9991e6,0.16,0.45390625,10240.0,5418.0,546.17,NVIDIA GeForce RTX 3080,[N/A],Enabled,Enabled
1701958347.947986,0,GPU-b342434c-f6b6-7627-333e-da750a9991e6,0.15,0.45390625,10240.0,5418.0,546.17,NVIDIA GeForce RTX 3080,[N/A],Enabled,Enabled
1701958348.947862,0,GPU-b342434c-f6b6-7627-333e-da750a9991e6,0.16,0.45390625,10240.0,5418.0,546.17,NVIDIA GeForce RTX 3080,[N/A],Enabled,Enabled
1701958349.947713,0,GPU-b342434c-f6b6-7627-333e-da750a9991e6,0.15,0.45390625,10240.0,5418.0,546.17,NVIDIA GeForce RTX 3080,[N/A],Enabled,Enabled
1701958350.948542,0,GPU-b342434c-f6b6-7627-333e-da750a9991e6,0.15,0.45390625,10240.0,5418.0,546.17,NVIDIA GeForce RTX 3080,[N/A],Enabled,Enabled
1701958351.947378,0,GPU-b342434c-f6b6-7627-333e-da750a9991e6,0.15,0.45390625,10240.0,5418.0,546.17,NVIDIA GeForce RTX 3080,[N/A],Enabled,Enabled
1701958352.948462,0,GPU-b342434c-f6b6-7627-333e-da750a9991e6,0.16,0.4537109375,10240.0,5420.0,546.17,NVIDIA GeForce RTX 3080,[N/A],Enabled,Enabled
1701958353.94761,0,GPU-b342434c-f6b6-7627-333e-da750a9991e6,0.14,0.4537109375,10240.0,5420.0,546.17,NVIDIA GeForce RTX 3080,[N/A],Enabled,Enabled
1701958354.948322,0,GPU-b342434c-f6b6-7627-333e-da750a9991e6,0.15,0.4537109375,10240.0,5420.0,546.17,NVIDIA GeForce RTX 3080,[N/A],Enabled,Enabled
1701958355.947954,0,GPU-b342434c-f6b6-7627-333e-da750a9991e6,0.15,0.4537109375,10240.0,5420.0,546.17,NVIDIA GeForce RTX 3080,[N/A],Enabled,Enabled
1701958356.947944,0,GPU-b342434c-f6b6-7627-333e-da750a9991e6,0.15,0.4537109375,10240.0,5420.0,546.17,NVIDIA GeForce RTX 3080,[N/A],Enabled,Enabled
1701958357.94794,0,GPU-b342434c-f6b6-7627-333e-da750a9991e6,0.14,0.4537109375,10240.0,5420.0,546.17,NVIDIA GeForce RTX 3080,[N/A],Enabled,Enabled
1701958358.94803,0,GPU-b342434c-f6b6-7627-333e-da750a9991e6,0.16,0.454296875,10240.0,5414.0,546.17,NVIDIA GeForce RTX 3080,[N/A],Enabled,Enabled
1701958359.948298,0,GPU-b342434c-f6b6-7627-333e-da750a9991e6,0.15,0.454296875,10240.0,5414.0,546.17,NVIDIA GeForce RTX 3080,[N/A],Enabled,Enabled
1701958360.947747,0,GPU-b342434c-f6b6-7627-333e-da750a9991e6,0.16,0.454296875,10240.0,5414.0,546.17,NVIDIA GeForce RTX 3080,[N/A],Enabled,Enabled
1701958361.948068,0,GPU-b342434c-f6b6-7627-333e-da750a9991e6,0.15,0.454296875,10240.0,5414.0,546.17,NVIDIA GeForce RTX 3080,[N/A],Enabled,Enabled
1701958362.947776,0,GPU-b342434c-f6b6-7627-333e-da750a9991e6,0.15,0.454296875,10240.0,5414.0,546.17,NVIDIA GeForce RTX 3080,[N/A],Enabled,Enabled
1701958363.947697,0,GPU-b342434c-f6b6-7627-333e-da750a9991e6,0.15,0.454296875,10240.0,5414.0,546.17,NVIDIA GeForce RTX 3080,[N/A],Enabled,Enabled
1701958364.948582,0,GPU-b342434c-f6b6-7627-333e-da750a9991e6,0.16,0.454296875,10240.0,5414.0,546.17,NVIDIA GeForce RTX 3080,[N/A],Enabled,Enabled
1701958365.948176,0,GPU-b342434c-f6b6-7627-333e-da750a9991e6,0.15,0.454296875,10240.0,5414.0,546.17,NVIDIA GeForce RTX 3080,[N/A],Enabled,Enabled
1701958366.948132,0,GPU-b342434c-f6b6-7627-333e-da750a9991e6,0.18,0.454296875,10240.0,5414.0,546.17,NVIDIA GeForce RTX 3080,[N/A],Enabled,Enabled
1701958367.947884,0,GPU-b342434c-f6b6-7627-333e-da750a9991e6,0.15,0.454296875,10240.0,5414.0,546.17,NVIDIA GeForce RTX 3080,[N/A],Enabled,Enabled
1701958368.947965,0,GPU-b342434c-f6b6-7627-333e-da750a9991e6,0.15,0.454296875,10240.0,5414.0,546.17,NVIDIA GeForce RTX 3080,[N/A],Enabled,Enabled
1701958369.947544,0,GPU-b342434c-f6b6-7627-333e-da750a9991e6,0.15,0.454296875,10240.0,5414.0,546.17,NVIDIA GeForce RTX 3080,[N/A],Enabled,Enabled
1701958370.947764,0,GPU-b342434c-f6b6-7627-333e-da750a9991e6,0.15,0.45419921875,10240.0,5415.0,546.17,NVIDIA GeForce RTX 3080,[N/A],Enabled,Enabled
1701958371.947611,0,GPU-b342434c-f6b6-7627-333e-da750a9991e6,0.16,0.45419921875,10240.0,5415.0,546.17,NVIDIA GeForce RTX 3080,[N/A],Enabled,Enabled
1701958372.948085,0,GPU-b342434c-f6b6-7627-333e-da750a9991e6,0.17,0.45419921875,10240.0,5415.0,546.17,NVIDIA GeForce RTX 3080,[N/A],Enabled,Enabled
1701958373.94771,0,GPU-b342434c-f6b6-7627-333e-da750a9991e6,0.15,0.45380859375,10240.0,5419.0,546.17,NVIDIA GeForce RTX 3080,[N/A],Enabled,Enabled
1701958374.947829,0,GPU-b342434c-f6b6-7627-333e-da750a9991e6,0.16,0.45380859375,10240.0,5419.0,546.17,NVIDIA GeForce RTX 3080,[N/A],Enabled,Enabled
1701958375.947864,0,GPU-b342434c-f6b6-7627-333e-da750a9991e6,0.15,0.45380859375,10240.0,5419.0,546.17,NVIDIA GeForce RTX 3080,[N/A],Enabled,Enabled
1701958376.948059,0,GPU-b342434c-f6b6-7627-333e-da750a9991e6,0.16,0.45361328125,10240.0,5421.0,546.17,NVIDIA GeForce RTX 3080,[N/A],Enabled,Enabled
1701958377.947801,0,GPU-b342434c-f6b6-7627-333e-da750a9991e6,0.15,0.45361328125,10240.0,5421.0,546.17,NVIDIA GeForce RTX 3080,[N/A],Enabled,Enabled
1701958378.948258,0,GPU-b342434c-f6b6-7627-333e-da750a9991e6,0.16,0.4537109375,10240.0,5420.0,546.17,NVIDIA GeForce RTX 3080,[N/A],Enabled,Enabled
1701958379.947831,0,GPU-b342434c-f6b6-7627-333e-da750a9991e6,0.15,0.4537109375,10240.0,5420.0,546.17,NVIDIA GeForce RTX 3080,[N/A],Enabled,Enabled
1701958380.947979,0,GPU-b342434c-f6b6-7627-333e-da750a9991e6,0.16,0.4537109375,10240.0,5420.0,546.17,NVIDIA GeForce RTX 3080,[N/A],Enabled,Enabled
1701958381.947387,0,GPU-b342434c-f6b6-7627-333e-da750a9991e6,0.15,0.4537109375,10240.0,5420.0,546.17,NVIDIA GeForce RTX 3080,[N/A],Enabled,Enabled
1701958382.948004,0,GPU-b342434c-f6b6-7627-333e-da750a9991e6,0.15,0.4537109375,10240.0,5420.0,546.17,NVIDIA GeForce RTX 3080,[N/A],Enabled,Enabled
1701958383.947857,0,GPU-b342434c-f6b6-7627-333e-da750a9991e6,0.15,0.4537109375,10240.0,5420.0,546.17,NVIDIA GeForce RTX 3080,[N/A],Enabled,Enabled
1701958384.947955,0,GPU-b342434c-f6b6-7627-333e-da750a9991e6,0.16,0.4537109375,10240.0,5420.0,546.17,NVIDIA GeForce RTX 3080,[N/A],Enabled,Enabled
1701958385.948272,0,GPU-b342434c-f6b6-7627-333e-da750a9991e6,0.15,0.4537109375,10240.0,5420.0,546.17,NVIDIA GeForce RTX 3080,[N/A],Enabled,Enabled
1701958386.948215,0,GPU-b342434c-f6b6-7627-333e-da750a9991e6,0.15,0.4537109375,10240.0,5420.0,546.17,NVIDIA GeForce RTX 3080,[N/A],Enabled,Enabled
1701958387.948203,0,GPU-b342434c-f6b6-7627-333e-da750a9991e6,0.15,0.4537109375,10240.0,5420.0,546.17,NVIDIA GeForce RTX 3080,[N/A],Enabled,Enabled
1701958388.948082,0,GPU-b342434c-f6b6-7627-333e-da750a9991e6,0.16,0.4537109375,10240.0,5420.0,546.17,NVIDIA GeForce RTX 3080,[N/A],Enabled,Enabled
1701958389.94735,0,GPU-b342434c-f6b6-7627-333e-da750a9991e6,0.15,0.4537109375,10240.0,5420.0,546.17,NVIDIA GeForce RTX 3080,[N/A],Enabled,Enabled
1701958390.947956,0,GPU-b342434c-f6b6-7627-333e-da750a9991e6,0.15,0.4537109375,10240.0,5420.0,546.17,NVIDIA GeForce RTX 3080,[N/A],Enabled,Enabled
1701958391.947966,0,GPU-b342434c-f6b6-7627-333e-da750a9991e6,0.15,0.4537109375,10240.0,5420.0,546.17,NVIDIA GeForce RTX 3080,[N/A],Enabled,Enabled
1701958392.947447,0,GPU-b342434c-f6b6-7627-333e-da750a9991e6,0.16,0.4537109375,10240.0,5420.0,546.17,NVIDIA GeForce RTX 3080,[N/A],Enabled,Enabled
1701958393.947965,0,GPU-b342434c-f6b6-7627-333e-da750a9991e6,0.14,0.4537109375,10240.0,5420.0,546.17,NVIDIA GeForce RTX 3080,[N/A],Enabled,Enabled
1701958394.947544,0,GPU-b342434c-f6b6-7627-333e-da750a9991e6,0.15,0.4537109375,10240.0,5420.0,546.17,NVIDIA GeForce RTX 3080,[N/A],Enabled,Enabled
1701958395.947327,0,GPU-b342434c-f6b6-7627-333e-da750a9991e6,0.15,0.4537109375,10240.0,5420.0,546.17,NVIDIA GeForce RTX 3080,[N/A],Enabled,Enabled
1701958396.947549,0,GPU-b342434c-f6b6-7627-333e-da750a9991e6,0.15,0.4537109375,10240.0,5420.0,546.17,NVIDIA GeForce RTX 3080,[N/A],Enabled,Enabled
1701958397.947948,0,GPU-b342434c-f6b6-7627-333e-da750a9991e6,0.14,0.4537109375,10240.0,5420.0,546.17,NVIDIA GeForce RTX 3080,[N/A],Enabled,Enabled
1701958398.948165,0,GPU-b342434c-f6b6-7627-333e-da750a9991e6,0.15,0.4537109375,10240.0,5420.0,546.17,NVIDIA GeForce RTX 3080,[N/A],Enabled,Enabled
1701958399.94783,0,GPU-b342434c-f6b6-7627-333e-da750a9991e6,0.14,0.4537109375,10240.0,5420.0,546.17,NVIDIA GeForce RTX 3080,[N/A],Enabled,Enabled
1701958400.948022,0,GPU-b342434c-f6b6-7627-333e-da750a9991e6,0.15,0.4537109375,10240.0,5420.0,546.17,NVIDIA GeForce RTX 3080,[N/A],Enabled,Enabled
1701958401.947541,0,GPU-b342434c-f6b6-7627-333e-da750a9991e6,0.14,0.4537109375,10240.0,5420.0,546.17,NVIDIA GeForce RTX 3080,[N/A],Enabled,Enabled
1701958402.948168,0,GPU-b342434c-f6b6-7627-333e-da750a9991e6,0.15,0.4537109375,10240.0,5420.0,546.17,NVIDIA GeForce RTX 3080,[N/A],Enabled,Enabled
1701958403.948245,0,GPU-b342434c-f6b6-7627-333e-da750a9991e6,0.12,0.45419921875,10240.0,5415.0,546.17,NVIDIA GeForce RTX 3080,[N/A],Enabled,Enabled
1701958404.947933,0,GPU-b342434c-f6b6-7627-333e-da750a9991e6,0.13,0.44736328125,10240.0,5485.0,546.17,NVIDIA GeForce RTX 3080,[N/A],Enabled,Enabled
1701958405.947613,0,GPU-b342434c-f6b6-7627-333e-da750a9991e6,0.11,0.44736328125,10240.0,5485.0,546.17,NVIDIA GeForce RTX 3080,[N/A],Enabled,Enabled
1701958406.948201,0,GPU-b342434c-f6b6-7627-333e-da750a9991e6,0.11,0.44365234375,10240.0,5523.0,546.17,NVIDIA GeForce RTX 3080,[N/A],Enabled,Enabled
1701958407.947685,0,GPU-b342434c-f6b6-7627-333e-da750a9991e6,0.11,0.44365234375,10240.0,5523.0,546.17,NVIDIA GeForce RTX 3080,[N/A],Enabled,Enabled
1701958408.948232,0,GPU-b342434c-f6b6-7627-333e-da750a9991e6,0.12,0.44736328125,10240.0,5485.0,546.17,NVIDIA GeForce RTX 3080,[N/A],Enabled,Enabled
1701958409.948387,0,GPU-b342434c-f6b6-7627-333e-da750a9991e6,0.11,0.44365234375,10240.0,5523.0,546.17,NVIDIA GeForce RTX 3080,[N/A],Enabled,Enabled
1701958410.948273,0,GPU-b342434c-f6b6-7627-333e-da750a9991e6,0.12,0.44736328125,10240.0,5485.0,546.17,NVIDIA GeForce RTX 3080,[N/A],Enabled,Enabled
1701958411.947654,0,GPU-b342434c-f6b6-7627-333e-da750a9991e6,0.11,0.44365234375,10240.0,5523.0,546.17,NVIDIA GeForce RTX 3080,[N/A],Enabled,Enabled
1701958412.947479,0,GPU-b342434c-f6b6-7627-333e-da750a9991e6,0.11,0.44365234375,10240.0,5523.0,546.17,NVIDIA GeForce RTX 3080,[N/A],Enabled,Enabled
1701958413.948238,0,GPU-b342434c-f6b6-7627-333e-da750a9991e6,0.11,0.44345703125,10240.0,5525.0,546.17,NVIDIA GeForce RTX 3080,[N/A],Enabled,Enabled
1701958414.947548,0,GPU-b342434c-f6b6-7627-333e-da750a9991e6,0.11,0.44404296875,10240.0,5519.0,546.17,NVIDIA GeForce RTX 3080,[N/A],Enabled,Enabled
1701958415.948189,0,GPU-b342434c-f6b6-7627-333e-da750a9991e6,0.11,0.44404296875,10240.0,5519.0,546.17,NVIDIA GeForce RTX 3080,[N/A],Enabled,Enabled
1701958416.948497,0,GPU-b342434c-f6b6-7627-333e-da750a9991e6,0.11,0.44404296875,10240.0,5519.0,546.17,NVIDIA GeForce RTX 3080,[N/A],Enabled,Enabled
1701958417.948054,0,GPU-b342434c-f6b6-7627-333e-da750a9991e6,0.11,0.44404296875,10240.0,5519.0,546.17,NVIDIA GeForce RTX 3080,[N/A],Enabled,Enabled
1701958418.947992,0,GPU-b342434c-f6b6-7627-333e-da750a9991e6,0.11,0.42275390625,10240.0,5737.0,546.17,NVIDIA GeForce RTX 3080,[N/A],Enabled,Enabled
1701958419.947667,0,GPU-b342434c-f6b6-7627-333e-da750a9991e6,0.21,0.3912109375,10240.0,6060.0,546.17,NVIDIA GeForce RTX 3080,[N/A],Enabled,Enabled
1701958420.947496,0,GPU-b342434c-f6b6-7627-333e-da750a9991e6,0.15,0.39072265625,10240.0,6065.0,546.17,NVIDIA GeForce RTX 3080,[N/A],Enabled,Enabled
1701958421.948084,0,GPU-b342434c-f6b6-7627-333e-da750a9991e6,0.17,0.38955078125,10240.0,6077.0,546.17,NVIDIA GeForce RTX 3080,[N/A],Enabled,Enabled
1701958422.948054,0,GPU-b342434c-f6b6-7627-333e-da750a9991e6,0.16,0.389453125,10240.0,6078.0,546.17,NVIDIA GeForce RTX 3080,[N/A],Enabled,Enabled
