timestamp,id,uuid,load,memoryUtil,memoryTotal,memoryUsed,memoryFree,driver,name,serial,display_mode,display_active
1709263957.238249,0,GPU-93ae0c7f-c327-aee3-adae-bc0d1dae71ea,0.14,0.21918254355968084,12282.0,9319.0,551.52,NVIDIA GeForce RTX 4070,[N/A],Enabled,Enabled
1709263958.235935,0,GPU-93ae0c7f-c327-aee3-adae-bc0d1dae71ea,0.14,0.21918254355968084,12282.0,9319.0,551.52,NVIDIA GeForce RTX 4070,[N/A],Enabled,Enabled
1709263959.236528,0,GPU-93ae0c7f-c327-aee3-adae-bc0d1dae71ea,0.14,0.21918254355968084,12282.0,9319.0,551.52,NVIDIA GeForce RTX 4070,[N/A],Enabled,Enabled
1709263960.235776,0,GPU-93ae0c7f-c327-aee3-adae-bc0d1dae71ea,0.13,0.21918254355968084,12282.0,9319.0,551.52,NVIDIA GeForce RTX 4070,[N/A],Enabled,Enabled
1709263961.236101,0,GPU-93ae0c7f-c327-aee3-adae-bc0d1dae71ea,0.13,0.21910112359550563,12282.0,9320.0,551.52,NVIDIA GeForce RTX 4070,[N/A],Enabled,Enabled
1709263962.236941,0,GPU-93ae0c7f-c327-aee3-adae-bc0d1dae71ea,0.13,0.21910112359550563,12282.0,9320.0,551.52,NVIDIA GeForce RTX 4070,[N/A],Enabled,Enabled
1709263963.235941,0,GPU-93ae0c7f-c327-aee3-adae-bc0d1dae71ea,0.13,0.21910112359550563,12282.0,9320.0,551.52,NVIDIA GeForce RTX 4070,[N/A],Enabled,Enabled
1709263964.236757,0,GPU-93ae0c7f-c327-aee3-adae-bc0d1dae71ea,0.13,0.21910112359550563,12282.0,9320.0,551.52,NVIDIA GeForce RTX 4070,[N/A],Enabled,Enabled
1709263965.23584,0,GPU-93ae0c7f-c327-aee3-adae-bc0d1dae71ea,0.13,0.21910112359550563,12282.0,9320.0,551.52,NVIDIA GeForce RTX 4070,[N/A],Enabled,Enabled
1709263966.235678,0,GPU-93ae0c7f-c327-aee3-adae-bc0d1dae71ea,0.13,0.21910112359550563,12282.0,9320.0,551.52,NVIDIA GeForce RTX 4070,[N/A],Enabled,Enabled
1709263967.236284,0,GPU-93ae0c7f-c327-aee3-adae-bc0d1dae71ea,0.13,0.21910112359550563,12282.0,9320.0,551.52,NVIDIA GeForce RTX 4070,[N/A],Enabled,Enabled
1709263968.235562,0,GPU-93ae0c7f-c327-aee3-adae-bc0d1dae71ea,0.13,0.21910112359550563,12282.0,9320.0,551.52,NVIDIA GeForce RTX 4070,[N/A],Enabled,Enabled
1709263969.236412,0,GPU-93ae0c7f-c327-aee3-adae-bc0d1dae71ea,0.14,0.21901970363133041,12282.0,9321.0,551.52,NVIDIA GeForce RTX 4070,[N/A],Enabled,Enabled
1709263970.23636,0,GPU-93ae0c7f-c327-aee3-adae-bc0d1dae71ea,0.13,0.21901970363133041,12282.0,9321.0,551.52,NVIDIA GeForce RTX 4070,[N/A],Enabled,Enabled
1709263971.236149,0,GPU-93ae0c7f-c327-aee3-adae-bc0d1dae71ea,0.13,0.21901970363133041,12282.0,9321.0,551.52,NVIDIA GeForce RTX 4070,[N/A],Enabled,Enabled
1709263972.236994,0,GPU-93ae0c7f-c327-aee3-adae-bc0d1dae71ea,0.14,0.21893828366715518,12282.0,9322.0,551.52,NVIDIA GeForce RTX 4070,[N/A],Enabled,Enabled
1709263973.236357,0,GPU-93ae0c7f-c327-aee3-adae-bc0d1dae71ea,0.15,0.21983390327308255,12282.0,9311.0,551.52,NVIDIA GeForce RTX 4070,[N/A],Enabled,Enabled
1709263974.235672,0,GPU-93ae0c7f-c327-aee3-adae-bc0d1dae71ea,0.14,0.21926396352385605,12282.0,9318.0,551.52,NVIDIA GeForce RTX 4070,[N/A],Enabled,Enabled
1709263975.236964,0,GPU-93ae0c7f-c327-aee3-adae-bc0d1dae71ea,0.13,0.21901970363133041,12282.0,9321.0,551.52,NVIDIA GeForce RTX 4070,[N/A],Enabled,Enabled
1709263976.236252,0,GPU-93ae0c7f-c327-aee3-adae-bc0d1dae71ea,0.13,0.21901970363133041,12282.0,9321.0,551.52,NVIDIA GeForce RTX 4070,[N/A],Enabled,Enabled
1709263977.236259,0,GPU-93ae0c7f-c327-aee3-adae-bc0d1dae71ea,0.15,0.22740595994137763,12282.0,9218.0,551.52,NVIDIA GeForce RTX 4070,[N/A],Enabled,Enabled
1709263978.236136,0,GPU-93ae0c7f-c327-aee3-adae-bc0d1dae71ea,0.13,0.3439993486402866,12282.0,7786.0,551.52,NVIDIA GeForce RTX 4070,[N/A],Enabled,Enabled
1709263979.235773,0,GPU-93ae0c7f-c327-aee3-adae-bc0d1dae71ea,0.09,0.30565054551376,12282.0,8257.0,551.52,NVIDIA GeForce RTX 4070,[N/A],Enabled,Enabled
1709263980.236572,0,GPU-93ae0c7f-c327-aee3-adae-bc0d1dae71ea,0.12,0.30874450415241816,12282.0,8219.0,551.52,NVIDIA GeForce RTX 4070,[N/A],Enabled,Enabled
1709263981.236365,0,GPU-93ae0c7f-c327-aee3-adae-bc0d1dae71ea,0.1,0.30874450415241816,12282.0,8219.0,551.52,NVIDIA GeForce RTX 4070,[N/A],Enabled,Enabled
1709263982.235802,0,GPU-93ae0c7f-c327-aee3-adae-bc0d1dae71ea,0.06,0.24189871356456602,12282.0,9040.0,551.52,NVIDIA GeForce RTX 4070,[N/A],Enabled,Enabled
1709263983.236119,0,GPU-93ae0c7f-c327-aee3-adae-bc0d1dae71ea,0.06,0.47394561146393094,12282.0,6190.0,551.52,NVIDIA GeForce RTX 4070,[N/A],Enabled,Enabled
1709263984.235723,0,GPU-93ae0c7f-c327-aee3-adae-bc0d1dae71ea,0.3,0.4400749063670412,12282.0,6606.0,551.52,NVIDIA GeForce RTX 4070,[N/A],Enabled,Enabled
1709263985.236656,0,GPU-93ae0c7f-c327-aee3-adae-bc0d1dae71ea,0.3,0.4397492265103403,12282.0,6610.0,551.52,NVIDIA GeForce RTX 4070,[N/A],Enabled,Enabled
1709263986.236163,0,GPU-93ae0c7f-c327-aee3-adae-bc0d1dae71ea,0.28,0.4350268685881778,12282.0,6668.0,551.52,NVIDIA GeForce RTX 4070,[N/A],Enabled,Enabled
1709263987.236447,0,GPU-93ae0c7f-c327-aee3-adae-bc0d1dae71ea,0.28,0.4349454486240026,12282.0,6669.0,551.52,NVIDIA GeForce RTX 4070,[N/A],Enabled,Enabled
1709263988.236093,0,GPU-93ae0c7f-c327-aee3-adae-bc0d1dae71ea,0.29,0.4348640286598274,12282.0,6670.0,551.52,NVIDIA GeForce RTX 4070,[N/A],Enabled,Enabled
1709263989.236345,0,GPU-93ae0c7f-c327-aee3-adae-bc0d1dae71ea,0.27,0.4394235466536395,12282.0,6614.0,551.52,NVIDIA GeForce RTX 4070,[N/A],Enabled,Enabled
1709263990.236001,0,GPU-93ae0c7f-c327-aee3-adae-bc0d1dae71ea,0.3,0.44023774629539164,12282.0,6604.0,551.52,NVIDIA GeForce RTX 4070,[N/A],Enabled,Enabled
1709263991.236564,0,GPU-93ae0c7f-c327-aee3-adae-bc0d1dae71ea,0.31,0.44023774629539164,12282.0,6604.0,551.52,NVIDIA GeForce RTX 4070,[N/A],Enabled,Enabled
1709263992.236069,0,GPU-93ae0c7f-c327-aee3-adae-bc0d1dae71ea,0.28,0.4355153883732291,12282.0,6662.0,551.52,NVIDIA GeForce RTX 4070,[N/A],Enabled,Enabled
1709263993.235597,0,GPU-93ae0c7f-c327-aee3-adae-bc0d1dae71ea,0.28,0.4355153883732291,12282.0,6662.0,551.52,NVIDIA GeForce RTX 4070,[N/A],Enabled,Enabled
1709263994.236252,0,GPU-93ae0c7f-c327-aee3-adae-bc0d1dae71ea,0.31,0.44023774629539164,12282.0,6604.0,551.52,NVIDIA GeForce RTX 4070,[N/A],Enabled,Enabled
1709263995.235538,0,GPU-93ae0c7f-c327-aee3-adae-bc0d1dae71ea,0.28,0.43559680833740433,12282.0,6661.0,551.52,NVIDIA GeForce RTX 4070,[N/A],Enabled,Enabled
1709263996.23654,0,GPU-93ae0c7f-c327-aee3-adae-bc0d1dae71ea,0.28,0.43559680833740433,12282.0,6661.0,551.52,NVIDIA GeForce RTX 4070,[N/A],Enabled,Enabled
1709263997.236162,0,GPU-93ae0c7f-c327-aee3-adae-bc0d1dae71ea,0.3,0.44031916625956685,12282.0,6603.0,551.52,NVIDIA GeForce RTX 4070,[N/A],Enabled,Enabled
1709263998.236411,0,GPU-93ae0c7f-c327-aee3-adae-bc0d1dae71ea,0.32,0.44031916625956685,12282.0,6603.0,551.52,NVIDIA GeForce RTX 4070,[N/A],Enabled,Enabled
1709263999.2354,0,GPU-93ae0c7f-c327-aee3-adae-bc0d1dae71ea,0.32,0.44031916625956685,12282.0,6603.0,551.52,NVIDIA GeForce RTX 4070,[N/A],Enabled,Enabled
1709264000.235683,0,GPU-93ae0c7f-c327-aee3-adae-bc0d1dae71ea,0.31,0.44031916625956685,12282.0,6603.0,551.52,NVIDIA GeForce RTX 4070,[N/A],Enabled,Enabled
1709264001.235799,0,GPU-93ae0c7f-c327-aee3-adae-bc0d1dae71ea,0.31,0.44031916625956685,12282.0,6603.0,551.52,NVIDIA GeForce RTX 4070,[N/A],Enabled,Enabled
1709264002.236516,0,GPU-93ae0c7f-c327-aee3-adae-bc0d1dae71ea,0.26,0.44031916625956685,12282.0,6603.0,551.52,NVIDIA GeForce RTX 4070,[N/A],Enabled,Enabled
1709264003.236075,0,GPU-93ae0c7f-c327-aee3-adae-bc0d1dae71ea,0.29,0.43559680833740433,12282.0,6661.0,551.52,NVIDIA GeForce RTX 4070,[N/A],Enabled,Enabled
1709264004.236397,0,GPU-93ae0c7f-c327-aee3-adae-bc0d1dae71ea,0.3,0.44031916625956685,12282.0,6603.0,551.52,NVIDIA GeForce RTX 4070,[N/A],Enabled,Enabled
1709264005.235921,0,GPU-93ae0c7f-c327-aee3-adae-bc0d1dae71ea,0.32,0.44031916625956685,12282.0,6603.0,551.52,NVIDIA GeForce RTX 4070,[N/A],Enabled,Enabled
1709264006.235894,0,GPU-93ae0c7f-c327-aee3-adae-bc0d1dae71ea,0.17,0.444145904575802,12282.0,6556.0,551.52,NVIDIA GeForce RTX 4070,[N/A],Enabled,Enabled
1709264007.236073,0,GPU-93ae0c7f-c327-aee3-adae-bc0d1dae71ea,0.38,0.444145904575802,12282.0,6556.0,551.52,NVIDIA GeForce RTX 4070,[N/A],Enabled,Enabled
1709264008.235522,0,GPU-93ae0c7f-c327-aee3-adae-bc0d1dae71ea,0.41,0.444145904575802,12282.0,6556.0,551.52,NVIDIA GeForce RTX 4070,[N/A],Enabled,Enabled
1709264009.235926,0,GPU-93ae0c7f-c327-aee3-adae-bc0d1dae71ea,0.46,0.444145904575802,12282.0,6556.0,551.52,NVIDIA GeForce RTX 4070,[N/A],Enabled,Enabled
1709264010.236518,0,GPU-93ae0c7f-c327-aee3-adae-bc0d1dae71ea,0.39,0.444145904575802,12282.0,6556.0,551.52,NVIDIA GeForce RTX 4070,[N/A],Enabled,Enabled
1709264011.236084,0,GPU-93ae0c7f-c327-aee3-adae-bc0d1dae71ea,0.41,0.444145904575802,12282.0,6556.0,551.52,NVIDIA GeForce RTX 4070,[N/A],Enabled,Enabled
1709264012.235889,0,GPU-93ae0c7f-c327-aee3-adae-bc0d1dae71ea,0.37,0.444145904575802,12282.0,6556.0,551.52,NVIDIA GeForce RTX 4070,[N/A],Enabled,Enabled
1709264013.235951,0,GPU-93ae0c7f-c327-aee3-adae-bc0d1dae71ea,0.39,0.444145904575802,12282.0,6556.0,551.52,NVIDIA GeForce RTX 4070,[N/A],Enabled,Enabled
1709264014.235384,0,GPU-93ae0c7f-c327-aee3-adae-bc0d1dae71ea,0.37,0.444145904575802,12282.0,6556.0,551.52,NVIDIA GeForce RTX 4070,[N/A],Enabled,Enabled
1709264015.23558,0,GPU-93ae0c7f-c327-aee3-adae-bc0d1dae71ea,0.39,0.444145904575802,12282.0,6556.0,551.52,NVIDIA GeForce RTX 4070,[N/A],Enabled,Enabled
1709264016.235752,0,GPU-93ae0c7f-c327-aee3-adae-bc0d1dae71ea,0.39,0.444145904575802,12282.0,6556.0,551.52,NVIDIA GeForce RTX 4070,[N/A],Enabled,Enabled
1709264017.23704,0,GPU-93ae0c7f-c327-aee3-adae-bc0d1dae71ea,0.39,0.444145904575802,12282.0,6556.0,551.52,NVIDIA GeForce RTX 4070,[N/A],Enabled,Enabled
1709264018.23608,0,GPU-93ae0c7f-c327-aee3-adae-bc0d1dae71ea,0.42,0.444145904575802,12282.0,6556.0,551.52,NVIDIA GeForce RTX 4070,[N/A],Enabled,Enabled
1709264019.236545,0,GPU-93ae0c7f-c327-aee3-adae-bc0d1dae71ea,0.4,0.444145904575802,12282.0,6556.0,551.52,NVIDIA GeForce RTX 4070,[N/A],Enabled,Enabled
1709264020.236183,0,GPU-93ae0c7f-c327-aee3-adae-bc0d1dae71ea,0.39,0.444145904575802,12282.0,6556.0,551.52,NVIDIA GeForce RTX 4070,[N/A],Enabled,Enabled
1709264021.236143,0,GPU-93ae0c7f-c327-aee3-adae-bc0d1dae71ea,0.39,0.444145904575802,12282.0,6556.0,551.52,NVIDIA GeForce RTX 4070,[N/A],Enabled,Enabled
1709264022.235853,0,GPU-93ae0c7f-c327-aee3-adae-bc0d1dae71ea,0.39,0.444145904575802,12282.0,6556.0,551.52,NVIDIA GeForce RTX 4070,[N/A],Enabled,Enabled
1709264023.235541,0,GPU-93ae0c7f-c327-aee3-adae-bc0d1dae71ea,0.42,0.444145904575802,12282.0,6556.0,551.52,NVIDIA GeForce RTX 4070,[N/A],Enabled,Enabled
1709264024.235398,0,GPU-93ae0c7f-c327-aee3-adae-bc0d1dae71ea,0.41,0.444145904575802,12282.0,6556.0,551.52,NVIDIA GeForce RTX 4070,[N/A],Enabled,Enabled
1709264025.235585,0,GPU-93ae0c7f-c327-aee3-adae-bc0d1dae71ea,0.38,0.444145904575802,12282.0,6556.0,551.52,NVIDIA GeForce RTX 4070,[N/A],Enabled,Enabled
1709264026.235669,0,GPU-93ae0c7f-c327-aee3-adae-bc0d1dae71ea,0.39,0.444145904575802,12282.0,6556.0,551.52,NVIDIA GeForce RTX 4070,[N/A],Enabled,Enabled
1709264027.236833,0,GPU-93ae0c7f-c327-aee3-adae-bc0d1dae71ea,0.43,0.444145904575802,12282.0,6556.0,551.52,NVIDIA GeForce RTX 4070,[N/A],Enabled,Enabled
1709264028.235888,0,GPU-93ae0c7f-c327-aee3-adae-bc0d1dae71ea,0.39,0.444145904575802,12282.0,6556.0,551.52,NVIDIA GeForce RTX 4070,[N/A],Enabled,Enabled
1709264029.235748,0,GPU-93ae0c7f-c327-aee3-adae-bc0d1dae71ea,0.41,0.444145904575802,12282.0,6556.0,551.52,NVIDIA GeForce RTX 4070,[N/A],Enabled,Enabled
1709264030.236674,0,GPU-93ae0c7f-c327-aee3-adae-bc0d1dae71ea,0.41,0.444145904575802,12282.0,6556.0,551.52,NVIDIA GeForce RTX 4070,[N/A],Enabled,Enabled
1709264031.236167,0,GPU-93ae0c7f-c327-aee3-adae-bc0d1dae71ea,0.44,0.444145904575802,12282.0,6556.0,551.52,NVIDIA GeForce RTX 4070,[N/A],Enabled,Enabled
1709264032.235381,0,GPU-93ae0c7f-c327-aee3-adae-bc0d1dae71ea,0.45,0.444145904575802,12282.0,6556.0,551.52,NVIDIA GeForce RTX 4070,[N/A],Enabled,Enabled
1709264033.23652,0,GPU-93ae0c7f-c327-aee3-adae-bc0d1dae71ea,0.43,0.444145904575802,12282.0,6556.0,551.52,NVIDIA GeForce RTX 4070,[N/A],Enabled,Enabled
1709264034.235596,0,GPU-93ae0c7f-c327-aee3-adae-bc0d1dae71ea,0.44,0.444145904575802,12282.0,6556.0,551.52,NVIDIA GeForce RTX 4070,[N/A],Enabled,Enabled
1709264035.236046,0,GPU-93ae0c7f-c327-aee3-adae-bc0d1dae71ea,0.44,0.444145904575802,12282.0,6556.0,551.52,NVIDIA GeForce RTX 4070,[N/A],Enabled,Enabled
1709264036.235648,0,GPU-93ae0c7f-c327-aee3-adae-bc0d1dae71ea,0.4,0.444145904575802,12282.0,6556.0,551.52,NVIDIA GeForce RTX 4070,[N/A],Enabled,Enabled
1709264037.23589,0,GPU-93ae0c7f-c327-aee3-adae-bc0d1dae71ea,0.41,0.444145904575802,12282.0,6556.0,551.52,NVIDIA GeForce RTX 4070,[N/A],Enabled,Enabled
1709264038.23559,0,GPU-93ae0c7f-c327-aee3-adae-bc0d1dae71ea,0.41,0.444145904575802,12282.0,6556.0,551.52,NVIDIA GeForce RTX 4070,[N/A],Enabled,Enabled
1709264039.235308,0,GPU-93ae0c7f-c327-aee3-adae-bc0d1dae71ea,0.39,0.444145904575802,12282.0,6556.0,551.52,NVIDIA GeForce RTX 4070,[N/A],Enabled,Enabled
1709264040.236363,0,GPU-93ae0c7f-c327-aee3-adae-bc0d1dae71ea,0.39,0.444145904575802,12282.0,6556.0,551.52,NVIDIA GeForce RTX 4070,[N/A],Enabled,Enabled
1709264041.23702,0,GPU-93ae0c7f-c327-aee3-adae-bc0d1dae71ea,0.42,0.444145904575802,12282.0,6556.0,551.52,NVIDIA GeForce RTX 4070,[N/A],Enabled,Enabled
1709264042.236508,0,GPU-93ae0c7f-c327-aee3-adae-bc0d1dae71ea,0.15,0.444145904575802,12282.0,6556.0,551.52,NVIDIA GeForce RTX 4070,[N/A],Enabled,Enabled
1709264043.235923,0,GPU-93ae0c7f-c327-aee3-adae-bc0d1dae71ea,0.4,0.444145904575802,12282.0,6556.0,551.52,NVIDIA GeForce RTX 4070,[N/A],Enabled,Enabled
1709264044.236198,0,GPU-93ae0c7f-c327-aee3-adae-bc0d1dae71ea,0.38,0.444145904575802,12282.0,6556.0,551.52,NVIDIA GeForce RTX 4070,[N/A],Enabled,Enabled
1709264045.23627,0,GPU-93ae0c7f-c327-aee3-adae-bc0d1dae71ea,0.37,0.444145904575802,12282.0,6556.0,551.52,NVIDIA GeForce RTX 4070,[N/A],Enabled,Enabled
1709264046.236298,0,GPU-93ae0c7f-c327-aee3-adae-bc0d1dae71ea,0.39,0.444145904575802,12282.0,6556.0,551.52,NVIDIA GeForce RTX 4070,[N/A],Enabled,Enabled
1709264047.236616,0,GPU-93ae0c7f-c327-aee3-adae-bc0d1dae71ea,0.41,0.444145904575802,12282.0,6556.0,551.52,NVIDIA GeForce RTX 4070,[N/A],Enabled,Enabled
1709264048.236343,0,GPU-93ae0c7f-c327-aee3-adae-bc0d1dae71ea,0.38,0.444145904575802,12282.0,6556.0,551.52,NVIDIA GeForce RTX 4070,[N/A],Enabled,Enabled
1709264049.236304,0,GPU-93ae0c7f-c327-aee3-adae-bc0d1dae71ea,0.43,0.444145904575802,12282.0,6556.0,551.52,NVIDIA GeForce RTX 4070,[N/A],Enabled,Enabled
1709264050.235828,0,GPU-93ae0c7f-c327-aee3-adae-bc0d1dae71ea,0.4,0.444145904575802,12282.0,6556.0,551.52,NVIDIA GeForce RTX 4070,[N/A],Enabled,Enabled
1709264051.236125,0,GPU-93ae0c7f-c327-aee3-adae-bc0d1dae71ea,0.38,0.444145904575802,12282.0,6556.0,551.52,NVIDIA GeForce RTX 4070,[N/A],Enabled,Enabled
1709264052.235807,0,GPU-93ae0c7f-c327-aee3-adae-bc0d1dae71ea,0.4,0.444145904575802,12282.0,6556.0,551.52,NVIDIA GeForce RTX 4070,[N/A],Enabled,Enabled
1709264053.235926,0,GPU-93ae0c7f-c327-aee3-adae-bc0d1dae71ea,0.39,0.444145904575802,12282.0,6556.0,551.52,NVIDIA GeForce RTX 4070,[N/A],Enabled,Enabled
1709264054.236456,0,GPU-93ae0c7f-c327-aee3-adae-bc0d1dae71ea,0.4,0.444145904575802,12282.0,6556.0,551.52,NVIDIA GeForce RTX 4070,[N/A],Enabled,Enabled
1709264055.236378,0,GPU-93ae0c7f-c327-aee3-adae-bc0d1dae71ea,0.4,0.444145904575802,12282.0,6556.0,551.52,NVIDIA GeForce RTX 4070,[N/A],Enabled,Enabled
1709264056.236166,0,GPU-93ae0c7f-c327-aee3-adae-bc0d1dae71ea,0.39,0.444145904575802,12282.0,6556.0,551.52,NVIDIA GeForce RTX 4070,[N/A],Enabled,Enabled
1709264057.236624,0,GPU-93ae0c7f-c327-aee3-adae-bc0d1dae71ea,0.43,0.444145904575802,12282.0,6556.0,551.52,NVIDIA GeForce RTX 4070,[N/A],Enabled,Enabled
1709264058.235702,0,GPU-93ae0c7f-c327-aee3-adae-bc0d1dae71ea,0.39,0.444145904575802,12282.0,6556.0,551.52,NVIDIA GeForce RTX 4070,[N/A],Enabled,Enabled
1709264059.236672,0,GPU-93ae0c7f-c327-aee3-adae-bc0d1dae71ea,0.41,0.444145904575802,12282.0,6556.0,551.52,NVIDIA GeForce RTX 4070,[N/A],Enabled,Enabled
1709264060.235467,0,GPU-93ae0c7f-c327-aee3-adae-bc0d1dae71ea,0.4,0.444145904575802,12282.0,6556.0,551.52,NVIDIA GeForce RTX 4070,[N/A],Enabled,Enabled
1709264061.236,0,GPU-93ae0c7f-c327-aee3-adae-bc0d1dae71ea,0.44,0.444145904575802,12282.0,6556.0,551.52,NVIDIA GeForce RTX 4070,[N/A],Enabled,Enabled
1709264062.236276,0,GPU-93ae0c7f-c327-aee3-adae-bc0d1dae71ea,0.42,0.444145904575802,12282.0,6556.0,551.52,NVIDIA GeForce RTX 4070,[N/A],Enabled,Enabled
1709264063.235379,0,GPU-93ae0c7f-c327-aee3-adae-bc0d1dae71ea,0.38,0.444145904575802,12282.0,6556.0,551.52,NVIDIA GeForce RTX 4070,[N/A],Enabled,Enabled
1709264064.235779,0,GPU-93ae0c7f-c327-aee3-adae-bc0d1dae71ea,0.38,0.444145904575802,12282.0,6556.0,551.52,NVIDIA GeForce RTX 4070,[N/A],Enabled,Enabled
1709264065.235347,0,GPU-93ae0c7f-c327-aee3-adae-bc0d1dae71ea,0.42,0.444145904575802,12282.0,6556.0,551.52,NVIDIA GeForce RTX 4070,[N/A],Enabled,Enabled
1709264066.235627,0,GPU-93ae0c7f-c327-aee3-adae-bc0d1dae71ea,0.41,0.444145904575802,12282.0,6556.0,551.52,NVIDIA GeForce RTX 4070,[N/A],Enabled,Enabled
1709264067.235637,0,GPU-93ae0c7f-c327-aee3-adae-bc0d1dae71ea,0.4,0.444145904575802,12282.0,6556.0,551.52,NVIDIA GeForce RTX 4070,[N/A],Enabled,Enabled
1709264068.235975,0,GPU-93ae0c7f-c327-aee3-adae-bc0d1dae71ea,0.4,0.444145904575802,12282.0,6556.0,551.52,NVIDIA GeForce RTX 4070,[N/A],Enabled,Enabled
1709264069.236344,0,GPU-93ae0c7f-c327-aee3-adae-bc0d1dae71ea,0.41,0.444145904575802,12282.0,6556.0,551.52,NVIDIA GeForce RTX 4070,[N/A],Enabled,Enabled
1709264070.236399,0,GPU-93ae0c7f-c327-aee3-adae-bc0d1dae71ea,0.43,0.444145904575802,12282.0,6556.0,551.52,NVIDIA GeForce RTX 4070,[N/A],Enabled,Enabled
1709264071.236424,0,GPU-93ae0c7f-c327-aee3-adae-bc0d1dae71ea,0.41,0.444145904575802,12282.0,6556.0,551.52,NVIDIA GeForce RTX 4070,[N/A],Enabled,Enabled
1709264072.236134,0,GPU-93ae0c7f-c327-aee3-adae-bc0d1dae71ea,0.42,0.444145904575802,12282.0,6556.0,551.52,NVIDIA GeForce RTX 4070,[N/A],Enabled,Enabled
1709264073.236666,0,GPU-93ae0c7f-c327-aee3-adae-bc0d1dae71ea,0.41,0.444145904575802,12282.0,6556.0,551.52,NVIDIA GeForce RTX 4070,[N/A],Enabled,Enabled
1709264074.236281,0,GPU-93ae0c7f-c327-aee3-adae-bc0d1dae71ea,0.4,0.444145904575802,12282.0,6556.0,551.52,NVIDIA GeForce RTX 4070,[N/A],Enabled,Enabled
1709264075.236277,0,GPU-93ae0c7f-c327-aee3-adae-bc0d1dae71ea,0.49,0.444145904575802,12282.0,6556.0,551.52,NVIDIA GeForce RTX 4070,[N/A],Enabled,Enabled
1709264076.23678,0,GPU-93ae0c7f-c327-aee3-adae-bc0d1dae71ea,0.42,0.444145904575802,12282.0,6556.0,551.52,NVIDIA GeForce RTX 4070,[N/A],Enabled,Enabled
1709264077.236052,0,GPU-93ae0c7f-c327-aee3-adae-bc0d1dae71ea,0.46,0.444145904575802,12282.0,6556.0,551.52,NVIDIA GeForce RTX 4070,[N/A],Enabled,Enabled
1709264078.235703,0,GPU-93ae0c7f-c327-aee3-adae-bc0d1dae71ea,0.41,0.444145904575802,12282.0,6556.0,551.52,NVIDIA GeForce RTX 4070,[N/A],Enabled,Enabled
1709264079.236114,0,GPU-93ae0c7f-c327-aee3-adae-bc0d1dae71ea,0.42,0.444145904575802,12282.0,6556.0,551.52,NVIDIA GeForce RTX 4070,[N/A],Enabled,Enabled
1709264080.236199,0,GPU-93ae0c7f-c327-aee3-adae-bc0d1dae71ea,0.47,0.444145904575802,12282.0,6556.0,551.52,NVIDIA GeForce RTX 4070,[N/A],Enabled,Enabled
1709264081.235961,0,GPU-93ae0c7f-c327-aee3-adae-bc0d1dae71ea,0.05,0.444145904575802,12282.0,6556.0,551.52,NVIDIA GeForce RTX 4070,[N/A],Enabled,Enabled
1709264082.235813,0,GPU-93ae0c7f-c327-aee3-adae-bc0d1dae71ea,0.43,0.444145904575802,12282.0,6556.0,551.52,NVIDIA GeForce RTX 4070,[N/A],Enabled,Enabled
1709264083.236043,0,GPU-93ae0c7f-c327-aee3-adae-bc0d1dae71ea,0.41,0.444145904575802,12282.0,6556.0,551.52,NVIDIA GeForce RTX 4070,[N/A],Enabled,Enabled
1709264084.236249,0,GPU-93ae0c7f-c327-aee3-adae-bc0d1dae71ea,0.43,0.444145904575802,12282.0,6556.0,551.52,NVIDIA GeForce RTX 4070,[N/A],Enabled,Enabled
1709264085.236728,0,GPU-93ae0c7f-c327-aee3-adae-bc0d1dae71ea,0.42,0.444145904575802,12282.0,6556.0,551.52,NVIDIA GeForce RTX 4070,[N/A],Enabled,Enabled
1709264086.236513,0,GPU-93ae0c7f-c327-aee3-adae-bc0d1dae71ea,0.42,0.444145904575802,12282.0,6556.0,551.52,NVIDIA GeForce RTX 4070,[N/A],Enabled,Enabled
1709264087.23606,0,GPU-93ae0c7f-c327-aee3-adae-bc0d1dae71ea,0.42,0.444145904575802,12282.0,6556.0,551.52,NVIDIA GeForce RTX 4070,[N/A],Enabled,Enabled
1709264088.237117,0,GPU-93ae0c7f-c327-aee3-adae-bc0d1dae71ea,0.39,0.444145904575802,12282.0,6556.0,551.52,NVIDIA GeForce RTX 4070,[N/A],Enabled,Enabled
1709264089.235791,0,GPU-93ae0c7f-c327-aee3-adae-bc0d1dae71ea,0.43,0.444145904575802,12282.0,6556.0,551.52,NVIDIA GeForce RTX 4070,[N/A],Enabled,Enabled
1709264090.236462,0,GPU-93ae0c7f-c327-aee3-adae-bc0d1dae71ea,0.44,0.444145904575802,12282.0,6556.0,551.52,NVIDIA GeForce RTX 4070,[N/A],Enabled,Enabled
1709264091.236034,0,GPU-93ae0c7f-c327-aee3-adae-bc0d1dae71ea,0.41,0.444145904575802,12282.0,6556.0,551.52,NVIDIA GeForce RTX 4070,[N/A],Enabled,Enabled
1709264092.236201,0,GPU-93ae0c7f-c327-aee3-adae-bc0d1dae71ea,0.41,0.444145904575802,12282.0,6556.0,551.52,NVIDIA GeForce RTX 4070,[N/A],Enabled,Enabled
1709264093.235691,0,GPU-93ae0c7f-c327-aee3-adae-bc0d1dae71ea,0.4,0.444145904575802,12282.0,6556.0,551.52,NVIDIA GeForce RTX 4070,[N/A],Enabled,Enabled
1709264094.236555,0,GPU-93ae0c7f-c327-aee3-adae-bc0d1dae71ea,0.43,0.444145904575802,12282.0,6556.0,551.52,NVIDIA GeForce RTX 4070,[N/A],Enabled,Enabled
1709264095.236355,0,GPU-93ae0c7f-c327-aee3-adae-bc0d1dae71ea,0.4,0.444145904575802,12282.0,6556.0,551.52,NVIDIA GeForce RTX 4070,[N/A],Enabled,Enabled
1709264096.235796,0,GPU-93ae0c7f-c327-aee3-adae-bc0d1dae71ea,0.45,0.444145904575802,12282.0,6556.0,551.52,NVIDIA GeForce RTX 4070,[N/A],Enabled,Enabled
1709264097.235885,0,GPU-93ae0c7f-c327-aee3-adae-bc0d1dae71ea,0.4,0.444145904575802,12282.0,6556.0,551.52,NVIDIA GeForce RTX 4070,[N/A],Enabled,Enabled
1709264098.236373,0,GPU-93ae0c7f-c327-aee3-adae-bc0d1dae71ea,0.43,0.444145904575802,12282.0,6556.0,551.52,NVIDIA GeForce RTX 4070,[N/A],Enabled,Enabled
1709264099.236435,0,GPU-93ae0c7f-c327-aee3-adae-bc0d1dae71ea,0.41,0.444145904575802,12282.0,6556.0,551.52,NVIDIA GeForce RTX 4070,[N/A],Enabled,Enabled
1709264100.235409,0,GPU-93ae0c7f-c327-aee3-adae-bc0d1dae71ea,0.44,0.444145904575802,12282.0,6556.0,551.52,NVIDIA GeForce RTX 4070,[N/A],Enabled,Enabled
1709264101.236138,0,GPU-93ae0c7f-c327-aee3-adae-bc0d1dae71ea,0.42,0.444145904575802,12282.0,6556.0,551.52,NVIDIA GeForce RTX 4070,[N/A],Enabled,Enabled
1709264102.236114,0,GPU-93ae0c7f-c327-aee3-adae-bc0d1dae71ea,0.43,0.444145904575802,12282.0,6556.0,551.52,NVIDIA GeForce RTX 4070,[N/A],Enabled,Enabled
1709264103.235396,0,GPU-93ae0c7f-c327-aee3-adae-bc0d1dae71ea,0.4,0.444145904575802,12282.0,6556.0,551.52,NVIDIA GeForce RTX 4070,[N/A],Enabled,Enabled
1709264104.235798,0,GPU-93ae0c7f-c327-aee3-adae-bc0d1dae71ea,0.4,0.444145904575802,12282.0,6556.0,551.52,NVIDIA GeForce RTX 4070,[N/A],Enabled,Enabled
1709264105.236728,0,GPU-93ae0c7f-c327-aee3-adae-bc0d1dae71ea,0.42,0.444145904575802,12282.0,6556.0,551.52,NVIDIA GeForce RTX 4070,[N/A],Enabled,Enabled
1709264106.235409,0,GPU-93ae0c7f-c327-aee3-adae-bc0d1dae71ea,0.44,0.444145904575802,12282.0,6556.0,551.52,NVIDIA GeForce RTX 4070,[N/A],Enabled,Enabled
1709264107.235391,0,GPU-93ae0c7f-c327-aee3-adae-bc0d1dae71ea,0.4,0.444145904575802,12282.0,6556.0,551.52,NVIDIA GeForce RTX 4070,[N/A],Enabled,Enabled
1709264108.235828,0,GPU-93ae0c7f-c327-aee3-adae-bc0d1dae71ea,0.39,0.444145904575802,12282.0,6556.0,551.52,NVIDIA GeForce RTX 4070,[N/A],Enabled,Enabled
1709264109.236139,0,GPU-93ae0c7f-c327-aee3-adae-bc0d1dae71ea,0.42,0.444145904575802,12282.0,6556.0,551.52,NVIDIA GeForce RTX 4070,[N/A],Enabled,Enabled
1709264110.235334,0,GPU-93ae0c7f-c327-aee3-adae-bc0d1dae71ea,0.39,0.444145904575802,12282.0,6556.0,551.52,NVIDIA GeForce RTX 4070,[N/A],Enabled,Enabled
1709264111.236159,0,GPU-93ae0c7f-c327-aee3-adae-bc0d1dae71ea,0.4,0.444145904575802,12282.0,6556.0,551.52,NVIDIA GeForce RTX 4070,[N/A],Enabled,Enabled
1709264112.235871,0,GPU-93ae0c7f-c327-aee3-adae-bc0d1dae71ea,0.47,0.444145904575802,12282.0,6556.0,551.52,NVIDIA GeForce RTX 4070,[N/A],Enabled,Enabled
1709264113.236096,0,GPU-93ae0c7f-c327-aee3-adae-bc0d1dae71ea,0.43,0.444145904575802,12282.0,6556.0,551.52,NVIDIA GeForce RTX 4070,[N/A],Enabled,Enabled
1709264114.235941,0,GPU-93ae0c7f-c327-aee3-adae-bc0d1dae71ea,0.4,0.444145904575802,12282.0,6556.0,551.52,NVIDIA GeForce RTX 4070,[N/A],Enabled,Enabled
1709264115.236014,0,GPU-93ae0c7f-c327-aee3-adae-bc0d1dae71ea,0.4,0.444145904575802,12282.0,6556.0,551.52,NVIDIA GeForce RTX 4070,[N/A],Enabled,Enabled
1709264116.235708,0,GPU-93ae0c7f-c327-aee3-adae-bc0d1dae71ea,0.39,0.444145904575802,12282.0,6556.0,551.52,NVIDIA GeForce RTX 4070,[N/A],Enabled,Enabled
1709264117.2358,0,GPU-93ae0c7f-c327-aee3-adae-bc0d1dae71ea,0.4,0.444145904575802,12282.0,6556.0,551.52,NVIDIA GeForce RTX 4070,[N/A],Enabled,Enabled
1709264118.236197,0,GPU-93ae0c7f-c327-aee3-adae-bc0d1dae71ea,0.39,0.444145904575802,12282.0,6556.0,551.52,NVIDIA GeForce RTX 4070,[N/A],Enabled,Enabled
1709264119.235469,0,GPU-93ae0c7f-c327-aee3-adae-bc0d1dae71ea,0.42,0.444145904575802,12282.0,6556.0,551.52,NVIDIA GeForce RTX 4070,[N/A],Enabled,Enabled
1709264120.236647,0,GPU-93ae0c7f-c327-aee3-adae-bc0d1dae71ea,0.44,0.444145904575802,12282.0,6556.0,551.52,NVIDIA GeForce RTX 4070,[N/A],Enabled,Enabled
1709264121.236176,0,GPU-93ae0c7f-c327-aee3-adae-bc0d1dae71ea,0.41,0.444145904575802,12282.0,6556.0,551.52,NVIDIA GeForce RTX 4070,[N/A],Enabled,Enabled
1709264122.235917,0,GPU-93ae0c7f-c327-aee3-adae-bc0d1dae71ea,0.39,0.444145904575802,12282.0,6556.0,551.52,NVIDIA GeForce RTX 4070,[N/A],Enabled,Enabled
1709264123.236553,0,GPU-93ae0c7f-c327-aee3-adae-bc0d1dae71ea,0.39,0.444145904575802,12282.0,6556.0,551.52,NVIDIA GeForce RTX 4070,[N/A],Enabled,Enabled
1709264124.236029,0,GPU-93ae0c7f-c327-aee3-adae-bc0d1dae71ea,0.43,0.444145904575802,12282.0,6556.0,551.52,NVIDIA GeForce RTX 4070,[N/A],Enabled,Enabled
1709264125.235923,0,GPU-93ae0c7f-c327-aee3-adae-bc0d1dae71ea,0.44,0.444145904575802,12282.0,6556.0,551.52,NVIDIA GeForce RTX 4070,[N/A],Enabled,Enabled
1709264126.236352,0,GPU-93ae0c7f-c327-aee3-adae-bc0d1dae71ea,0.41,0.444145904575802,12282.0,6556.0,551.52,NVIDIA GeForce RTX 4070,[N/A],Enabled,Enabled
1709264127.23598,0,GPU-93ae0c7f-c327-aee3-adae-bc0d1dae71ea,0.38,0.444145904575802,12282.0,6556.0,551.52,NVIDIA GeForce RTX 4070,[N/A],Enabled,Enabled
1709264128.236535,0,GPU-93ae0c7f-c327-aee3-adae-bc0d1dae71ea,0.41,0.444145904575802,12282.0,6556.0,551.52,NVIDIA GeForce RTX 4070,[N/A],Enabled,Enabled
1709264129.235882,0,GPU-93ae0c7f-c327-aee3-adae-bc0d1dae71ea,0.4,0.444145904575802,12282.0,6556.0,551.52,NVIDIA GeForce RTX 4070,[N/A],Enabled,Enabled
1709264130.236084,0,GPU-93ae0c7f-c327-aee3-adae-bc0d1dae71ea,0.43,0.444145904575802,12282.0,6556.0,551.52,NVIDIA GeForce RTX 4070,[N/A],Enabled,Enabled
1709264131.236484,0,GPU-93ae0c7f-c327-aee3-adae-bc0d1dae71ea,0.42,0.444145904575802,12282.0,6556.0,551.52,NVIDIA GeForce RTX 4070,[N/A],Enabled,Enabled
1709264132.236927,0,GPU-93ae0c7f-c327-aee3-adae-bc0d1dae71ea,0.42,0.444145904575802,12282.0,6556.0,551.52,NVIDIA GeForce RTX 4070,[N/A],Enabled,Enabled
1709264133.235542,0,GPU-93ae0c7f-c327-aee3-adae-bc0d1dae71ea,0.39,0.444145904575802,12282.0,6556.0,551.52,NVIDIA GeForce RTX 4070,[N/A],Enabled,Enabled
1709264134.235989,0,GPU-93ae0c7f-c327-aee3-adae-bc0d1dae71ea,0.45,0.444145904575802,12282.0,6556.0,551.52,NVIDIA GeForce RTX 4070,[N/A],Enabled,Enabled
1709264135.236054,0,GPU-93ae0c7f-c327-aee3-adae-bc0d1dae71ea,0.4,0.444145904575802,12282.0,6556.0,551.52,NVIDIA GeForce RTX 4070,[N/A],Enabled,Enabled
1709264136.235748,0,GPU-93ae0c7f-c327-aee3-adae-bc0d1dae71ea,0.43,0.444145904575802,12282.0,6556.0,551.52,NVIDIA GeForce RTX 4070,[N/A],Enabled,Enabled
1709264137.236327,0,GPU-93ae0c7f-c327-aee3-adae-bc0d1dae71ea,0.4,0.444145904575802,12282.0,6556.0,551.52,NVIDIA GeForce RTX 4070,[N/A],Enabled,Enabled
1709264138.23605,0,GPU-93ae0c7f-c327-aee3-adae-bc0d1dae71ea,0.46,0.444145904575802,12282.0,6556.0,551.52,NVIDIA GeForce RTX 4070,[N/A],Enabled,Enabled
1709264139.235953,0,GPU-93ae0c7f-c327-aee3-adae-bc0d1dae71ea,0.41,0.444145904575802,12282.0,6556.0,551.52,NVIDIA GeForce RTX 4070,[N/A],Enabled,Enabled
1709264140.236084,0,GPU-93ae0c7f-c327-aee3-adae-bc0d1dae71ea,0.38,0.444145904575802,12282.0,6556.0,551.52,NVIDIA GeForce RTX 4070,[N/A],Enabled,Enabled
1709264141.236211,0,GPU-93ae0c7f-c327-aee3-adae-bc0d1dae71ea,0.4,0.444145904575802,12282.0,6556.0,551.52,NVIDIA GeForce RTX 4070,[N/A],Enabled,Enabled
1709264142.236553,0,GPU-93ae0c7f-c327-aee3-adae-bc0d1dae71ea,0.42,0.444145904575802,12282.0,6556.0,551.52,NVIDIA GeForce RTX 4070,[N/A],Enabled,Enabled
1709264143.236129,0,GPU-93ae0c7f-c327-aee3-adae-bc0d1dae71ea,0.38,0.444145904575802,12282.0,6556.0,551.52,NVIDIA GeForce RTX 4070,[N/A],Enabled,Enabled
1709264144.2362,0,GPU-93ae0c7f-c327-aee3-adae-bc0d1dae71ea,0.4,0.444145904575802,12282.0,6556.0,551.52,NVIDIA GeForce RTX 4070,[N/A],Enabled,Enabled
1709264145.23669,0,GPU-93ae0c7f-c327-aee3-adae-bc0d1dae71ea,0.42,0.444145904575802,12282.0,6556.0,551.52,NVIDIA GeForce RTX 4070,[N/A],Enabled,Enabled
1709264146.236523,0,GPU-93ae0c7f-c327-aee3-adae-bc0d1dae71ea,0.42,0.444145904575802,12282.0,6556.0,551.52,NVIDIA GeForce RTX 4070,[N/A],Enabled,Enabled
1709264147.235548,0,GPU-93ae0c7f-c327-aee3-adae-bc0d1dae71ea,0.36,0.444145904575802,12282.0,6556.0,551.52,NVIDIA GeForce RTX 4070,[N/A],Enabled,Enabled
1709264148.235919,0,GPU-93ae0c7f-c327-aee3-adae-bc0d1dae71ea,0.38,0.444145904575802,12282.0,6556.0,551.52,NVIDIA GeForce RTX 4070,[N/A],Enabled,Enabled
1709264149.236411,0,GPU-93ae0c7f-c327-aee3-adae-bc0d1dae71ea,0.38,0.444145904575802,12282.0,6556.0,551.52,NVIDIA GeForce RTX 4070,[N/A],Enabled,Enabled
1709264150.236554,0,GPU-93ae0c7f-c327-aee3-adae-bc0d1dae71ea,0.38,0.444145904575802,12282.0,6556.0,551.52,NVIDIA GeForce RTX 4070,[N/A],Enabled,Enabled
1709264151.236176,0,GPU-93ae0c7f-c327-aee3-adae-bc0d1dae71ea,0.37,0.444145904575802,12282.0,6556.0,551.52,NVIDIA GeForce RTX 4070,[N/A],Enabled,Enabled
1709264152.235407,0,GPU-93ae0c7f-c327-aee3-adae-bc0d1dae71ea,0.39,0.444145904575802,12282.0,6556.0,551.52,NVIDIA GeForce RTX 4070,[N/A],Enabled,Enabled
1709264153.235968,0,GPU-93ae0c7f-c327-aee3-adae-bc0d1dae71ea,0.39,0.444145904575802,12282.0,6556.0,551.52,NVIDIA GeForce RTX 4070,[N/A],Enabled,Enabled
1709264154.235892,0,GPU-93ae0c7f-c327-aee3-adae-bc0d1dae71ea,0.37,0.444145904575802,12282.0,6556.0,551.52,NVIDIA GeForce RTX 4070,[N/A],Enabled,Enabled
1709264155.235691,0,GPU-93ae0c7f-c327-aee3-adae-bc0d1dae71ea,0.39,0.444145904575802,12282.0,6556.0,551.52,NVIDIA GeForce RTX 4070,[N/A],Enabled,Enabled
1709264156.235875,0,GPU-93ae0c7f-c327-aee3-adae-bc0d1dae71ea,0.38,0.444145904575802,12282.0,6556.0,551.52,NVIDIA GeForce RTX 4070,[N/A],Enabled,Enabled
1709264157.236186,0,GPU-93ae0c7f-c327-aee3-adae-bc0d1dae71ea,0.39,0.444145904575802,12282.0,6556.0,551.52,NVIDIA GeForce RTX 4070,[N/A],Enabled,Enabled
1709264158.236212,0,GPU-93ae0c7f-c327-aee3-adae-bc0d1dae71ea,0.42,0.444145904575802,12282.0,6556.0,551.52,NVIDIA GeForce RTX 4070,[N/A],Enabled,Enabled
1709264159.236152,0,GPU-93ae0c7f-c327-aee3-adae-bc0d1dae71ea,0.39,0.444145904575802,12282.0,6556.0,551.52,NVIDIA GeForce RTX 4070,[N/A],Enabled,Enabled
1709264160.235711,0,GPU-93ae0c7f-c327-aee3-adae-bc0d1dae71ea,0.43,0.444145904575802,12282.0,6556.0,551.52,NVIDIA GeForce RTX 4070,[N/A],Enabled,Enabled
1709264161.236071,0,GPU-93ae0c7f-c327-aee3-adae-bc0d1dae71ea,0.41,0.444145904575802,12282.0,6556.0,551.52,NVIDIA GeForce RTX 4070,[N/A],Enabled,Enabled
1709264162.235543,0,GPU-93ae0c7f-c327-aee3-adae-bc0d1dae71ea,0.4,0.444145904575802,12282.0,6556.0,551.52,NVIDIA GeForce RTX 4070,[N/A],Enabled,Enabled
1709264163.236183,0,GPU-93ae0c7f-c327-aee3-adae-bc0d1dae71ea,0.42,0.444145904575802,12282.0,6556.0,551.52,NVIDIA GeForce RTX 4070,[N/A],Enabled,Enabled
1709264164.235979,0,GPU-93ae0c7f-c327-aee3-adae-bc0d1dae71ea,0.43,0.444145904575802,12282.0,6556.0,551.52,NVIDIA GeForce RTX 4070,[N/A],Enabled,Enabled
1709264165.236124,0,GPU-93ae0c7f-c327-aee3-adae-bc0d1dae71ea,0.42,0.444145904575802,12282.0,6556.0,551.52,NVIDIA GeForce RTX 4070,[N/A],Enabled,Enabled
1709264166.235851,0,GPU-93ae0c7f-c327-aee3-adae-bc0d1dae71ea,0.44,0.444145904575802,12282.0,6556.0,551.52,NVIDIA GeForce RTX 4070,[N/A],Enabled,Enabled
1709264167.236283,0,GPU-93ae0c7f-c327-aee3-adae-bc0d1dae71ea,0.47,0.444145904575802,12282.0,6556.0,551.52,NVIDIA GeForce RTX 4070,[N/A],Enabled,Enabled
1709264168.236251,0,GPU-93ae0c7f-c327-aee3-adae-bc0d1dae71ea,0.43,0.444145904575802,12282.0,6556.0,551.52,NVIDIA GeForce RTX 4070,[N/A],Enabled,Enabled
1709264169.23636,0,GPU-93ae0c7f-c327-aee3-adae-bc0d1dae71ea,0.42,0.444145904575802,12282.0,6556.0,551.52,NVIDIA GeForce RTX 4070,[N/A],Enabled,Enabled
1709264170.235894,0,GPU-93ae0c7f-c327-aee3-adae-bc0d1dae71ea,0.38,0.444145904575802,12282.0,6556.0,551.52,NVIDIA GeForce RTX 4070,[N/A],Enabled,Enabled
1709264171.236192,0,GPU-93ae0c7f-c327-aee3-adae-bc0d1dae71ea,0.39,0.444145904575802,12282.0,6556.0,551.52,NVIDIA GeForce RTX 4070,[N/A],Enabled,Enabled
1709264172.236221,0,GPU-93ae0c7f-c327-aee3-adae-bc0d1dae71ea,0.45,0.444145904575802,12282.0,6556.0,551.52,NVIDIA GeForce RTX 4070,[N/A],Enabled,Enabled
1709264173.236603,0,GPU-93ae0c7f-c327-aee3-adae-bc0d1dae71ea,0.44,0.444145904575802,12282.0,6556.0,551.52,NVIDIA GeForce RTX 4070,[N/A],Enabled,Enabled
1709264174.236074,0,GPU-93ae0c7f-c327-aee3-adae-bc0d1dae71ea,0.43,0.444145904575802,12282.0,6556.0,551.52,NVIDIA GeForce RTX 4070,[N/A],Enabled,Enabled
1709264175.236379,0,GPU-93ae0c7f-c327-aee3-adae-bc0d1dae71ea,0.4,0.444145904575802,12282.0,6556.0,551.52,NVIDIA GeForce RTX 4070,[N/A],Enabled,Enabled
1709264176.236827,0,GPU-93ae0c7f-c327-aee3-adae-bc0d1dae71ea,0.41,0.444145904575802,12282.0,6556.0,551.52,NVIDIA GeForce RTX 4070,[N/A],Enabled,Enabled
1709264177.235768,0,GPU-93ae0c7f-c327-aee3-adae-bc0d1dae71ea,0.43,0.444145904575802,12282.0,6556.0,551.52,NVIDIA GeForce RTX 4070,[N/A],Enabled,Enabled
1709264178.236667,0,GPU-93ae0c7f-c327-aee3-adae-bc0d1dae71ea,0.48,0.444145904575802,12282.0,6556.0,551.52,NVIDIA GeForce RTX 4070,[N/A],Enabled,Enabled
1709264179.235781,0,GPU-93ae0c7f-c327-aee3-adae-bc0d1dae71ea,0.45,0.444145904575802,12282.0,6556.0,551.52,NVIDIA GeForce RTX 4070,[N/A],Enabled,Enabled
1709264180.236736,0,GPU-93ae0c7f-c327-aee3-adae-bc0d1dae71ea,0.4,0.444145904575802,12282.0,6556.0,551.52,NVIDIA GeForce RTX 4070,[N/A],Enabled,Enabled
1709264181.235428,0,GPU-93ae0c7f-c327-aee3-adae-bc0d1dae71ea,0.4,0.444145904575802,12282.0,6556.0,551.52,NVIDIA GeForce RTX 4070,[N/A],Enabled,Enabled
1709264182.236863,0,GPU-93ae0c7f-c327-aee3-adae-bc0d1dae71ea,0.47,0.444145904575802,12282.0,6556.0,551.52,NVIDIA GeForce RTX 4070,[N/A],Enabled,Enabled
1709264183.235724,0,GPU-93ae0c7f-c327-aee3-adae-bc0d1dae71ea,0.41,0.444145904575802,12282.0,6556.0,551.52,NVIDIA GeForce RTX 4070,[N/A],Enabled,Enabled
1709264184.235607,0,GPU-93ae0c7f-c327-aee3-adae-bc0d1dae71ea,0.46,0.444145904575802,12282.0,6556.0,551.52,NVIDIA GeForce RTX 4070,[N/A],Enabled,Enabled
1709264185.23628,0,GPU-93ae0c7f-c327-aee3-adae-bc0d1dae71ea,0.42,0.444145904575802,12282.0,6556.0,551.52,NVIDIA GeForce RTX 4070,[N/A],Enabled,Enabled
1709264186.235674,0,GPU-93ae0c7f-c327-aee3-adae-bc0d1dae71ea,0.42,0.444145904575802,12282.0,6556.0,551.52,NVIDIA GeForce RTX 4070,[N/A],Enabled,Enabled
1709264187.236542,0,GPU-93ae0c7f-c327-aee3-adae-bc0d1dae71ea,0.47,0.444145904575802,12282.0,6556.0,551.52,NVIDIA GeForce RTX 4070,[N/A],Enabled,Enabled
1709264188.235617,0,GPU-93ae0c7f-c327-aee3-adae-bc0d1dae71ea,0.4,0.444145904575802,12282.0,6556.0,551.52,NVIDIA GeForce RTX 4070,[N/A],Enabled,Enabled
1709264189.235809,0,GPU-93ae0c7f-c327-aee3-adae-bc0d1dae71ea,0.43,0.444145904575802,12282.0,6556.0,551.52,NVIDIA GeForce RTX 4070,[N/A],Enabled,Enabled
1709264190.235695,0,GPU-93ae0c7f-c327-aee3-adae-bc0d1dae71ea,0.43,0.444145904575802,12282.0,6556.0,551.52,NVIDIA GeForce RTX 4070,[N/A],Enabled,Enabled
1709264191.236028,0,GPU-93ae0c7f-c327-aee3-adae-bc0d1dae71ea,0.42,0.444145904575802,12282.0,6556.0,551.52,NVIDIA GeForce RTX 4070,[N/A],Enabled,Enabled
1709264192.235636,0,GPU-93ae0c7f-c327-aee3-adae-bc0d1dae71ea,0.41,0.444145904575802,12282.0,6556.0,551.52,NVIDIA GeForce RTX 4070,[N/A],Enabled,Enabled
1709264193.236445,0,GPU-93ae0c7f-c327-aee3-adae-bc0d1dae71ea,0.41,0.444145904575802,12282.0,6556.0,551.52,NVIDIA GeForce RTX 4070,[N/A],Enabled,Enabled
1709264194.235461,0,GPU-93ae0c7f-c327-aee3-adae-bc0d1dae71ea,0.44,0.444145904575802,12282.0,6556.0,551.52,NVIDIA GeForce RTX 4070,[N/A],Enabled,Enabled
1709264195.235833,0,GPU-93ae0c7f-c327-aee3-adae-bc0d1dae71ea,0.39,0.444145904575802,12282.0,6556.0,551.52,NVIDIA GeForce RTX 4070,[N/A],Enabled,Enabled
1709264196.235836,0,GPU-93ae0c7f-c327-aee3-adae-bc0d1dae71ea,0.38,0.444145904575802,12282.0,6556.0,551.52,NVIDIA GeForce RTX 4070,[N/A],Enabled,Enabled
1709264197.236618,0,GPU-93ae0c7f-c327-aee3-adae-bc0d1dae71ea,0.3,0.4409705259729686,12282.0,6595.0,551.52,NVIDIA GeForce RTX 4070,[N/A],Enabled,Enabled
1709264198.236164,0,GPU-93ae0c7f-c327-aee3-adae-bc0d1dae71ea,0.31,0.4409705259729686,12282.0,6595.0,551.52,NVIDIA GeForce RTX 4070,[N/A],Enabled,Enabled
1709264199.236251,0,GPU-93ae0c7f-c327-aee3-adae-bc0d1dae71ea,0.27,0.4363295880149813,12282.0,6652.0,551.52,NVIDIA GeForce RTX 4070,[N/A],Enabled,Enabled
1709264200.235938,0,GPU-93ae0c7f-c327-aee3-adae-bc0d1dae71ea,0.29,0.4363295880149813,12282.0,6652.0,551.52,NVIDIA GeForce RTX 4070,[N/A],Enabled,Enabled
1709264201.236268,0,GPU-93ae0c7f-c327-aee3-adae-bc0d1dae71ea,0.28,0.4363295880149813,12282.0,6652.0,551.52,NVIDIA GeForce RTX 4070,[N/A],Enabled,Enabled
1709264202.235712,0,GPU-93ae0c7f-c327-aee3-adae-bc0d1dae71ea,0.31,0.4409705259729686,12282.0,6595.0,551.52,NVIDIA GeForce RTX 4070,[N/A],Enabled,Enabled
1709264203.235981,0,GPU-93ae0c7f-c327-aee3-adae-bc0d1dae71ea,0.27,0.4363295880149813,12282.0,6652.0,551.52,NVIDIA GeForce RTX 4070,[N/A],Enabled,Enabled
1709264204.23543,0,GPU-93ae0c7f-c327-aee3-adae-bc0d1dae71ea,0.28,0.4363295880149813,12282.0,6652.0,551.52,NVIDIA GeForce RTX 4070,[N/A],Enabled,Enabled
1709264205.236335,0,GPU-93ae0c7f-c327-aee3-adae-bc0d1dae71ea,0.28,0.4363295880149813,12282.0,6652.0,551.52,NVIDIA GeForce RTX 4070,[N/A],Enabled,Enabled
1709264206.235963,0,GPU-93ae0c7f-c327-aee3-adae-bc0d1dae71ea,0.28,0.4363295880149813,12282.0,6652.0,551.52,NVIDIA GeForce RTX 4070,[N/A],Enabled,Enabled
1709264207.236343,0,GPU-93ae0c7f-c327-aee3-adae-bc0d1dae71ea,0.28,0.4363295880149813,12282.0,6652.0,551.52,NVIDIA GeForce RTX 4070,[N/A],Enabled,Enabled
1709264208.236534,0,GPU-93ae0c7f-c327-aee3-adae-bc0d1dae71ea,0.28,0.4363295880149813,12282.0,6652.0,551.52,NVIDIA GeForce RTX 4070,[N/A],Enabled,Enabled
1709264209.236211,0,GPU-93ae0c7f-c327-aee3-adae-bc0d1dae71ea,0.28,0.4363295880149813,12282.0,6652.0,551.52,NVIDIA GeForce RTX 4070,[N/A],Enabled,Enabled
1709264210.236066,0,GPU-93ae0c7f-c327-aee3-adae-bc0d1dae71ea,0.28,0.4363295880149813,12282.0,6652.0,551.52,NVIDIA GeForce RTX 4070,[N/A],Enabled,Enabled
1709264211.235594,0,GPU-93ae0c7f-c327-aee3-adae-bc0d1dae71ea,0.28,0.4363295880149813,12282.0,6652.0,551.52,NVIDIA GeForce RTX 4070,[N/A],Enabled,Enabled
1709264212.235882,0,GPU-93ae0c7f-c327-aee3-adae-bc0d1dae71ea,0.28,0.4363295880149813,12282.0,6652.0,551.52,NVIDIA GeForce RTX 4070,[N/A],Enabled,Enabled
1709264213.236368,0,GPU-93ae0c7f-c327-aee3-adae-bc0d1dae71ea,0.28,0.4363295880149813,12282.0,6652.0,551.52,NVIDIA GeForce RTX 4070,[N/A],Enabled,Enabled
1709264214.236053,0,GPU-93ae0c7f-c327-aee3-adae-bc0d1dae71ea,0.28,0.4363295880149813,12282.0,6652.0,551.52,NVIDIA GeForce RTX 4070,[N/A],Enabled,Enabled
1709264215.236287,0,GPU-93ae0c7f-c327-aee3-adae-bc0d1dae71ea,0.28,0.4363295880149813,12282.0,6652.0,551.52,NVIDIA GeForce RTX 4070,[N/A],Enabled,Enabled
1709264216.236418,0,GPU-93ae0c7f-c327-aee3-adae-bc0d1dae71ea,0.26,0.4363295880149813,12282.0,6652.0,551.52,NVIDIA GeForce RTX 4070,[N/A],Enabled,Enabled
1709264217.236366,0,GPU-93ae0c7f-c327-aee3-adae-bc0d1dae71ea,0.27,0.4363295880149813,12282.0,6652.0,551.52,NVIDIA GeForce RTX 4070,[N/A],Enabled,Enabled
1709264218.236009,0,GPU-93ae0c7f-c327-aee3-adae-bc0d1dae71ea,0.28,0.4363295880149813,12282.0,6652.0,551.52,NVIDIA GeForce RTX 4070,[N/A],Enabled,Enabled
1709264219.235727,0,GPU-93ae0c7f-c327-aee3-adae-bc0d1dae71ea,0.28,0.4363295880149813,12282.0,6652.0,551.52,NVIDIA GeForce RTX 4070,[N/A],Enabled,Enabled
1709264220.236518,0,GPU-93ae0c7f-c327-aee3-adae-bc0d1dae71ea,0.1,0.24132877381533951,12282.0,9047.0,551.52,NVIDIA GeForce RTX 4070,[N/A],Enabled,Enabled
1709264221.236149,0,GPU-93ae0c7f-c327-aee3-adae-bc0d1dae71ea,0.14,0.24132877381533951,12282.0,9047.0,551.52,NVIDIA GeForce RTX 4070,[N/A],Enabled,Enabled
