timestamp,id,uuid,load,memoryUtil,memoryTotal,memoryUsed,memoryFree,driver,name,serial,display_mode,display_active
1701906841.650992,0,GPU-93ae0c7f-c327-aee3-adae-bc0d1dae71ea,0.16,0.2862725940400586,12282.0,8509.0,546.29,NVIDIA GeForce RTX 4070,[N/A],Enabled,Enabled
1701906842.646734,0,GPU-93ae0c7f-c327-aee3-adae-bc0d1dae71ea,0.15,0.29441459045758017,12282.0,8409.0,546.29,NVIDIA GeForce RTX 4070,[N/A],Enabled,Enabled
1701906843.647012,0,GPU-93ae0c7f-c327-aee3-adae-bc0d1dae71ea,0.1,0.3564566031590946,12282.0,7647.0,546.29,NVIDIA GeForce RTX 4070,[N/A],Enabled,Enabled
1701906844.646852,0,GPU-93ae0c7f-c327-aee3-adae-bc0d1dae71ea,0.1,0.3562937632307442,12282.0,7649.0,546.29,NVIDIA GeForce RTX 4070,[N/A],Enabled,Enabled
1701906845.647692,0,GPU-93ae0c7f-c327-aee3-adae-bc0d1dae71ea,0.1,0.356212343266569,12282.0,7650.0,546.29,NVIDIA GeForce RTX 4070,[N/A],Enabled,Enabled
1701906846.646751,0,GPU-93ae0c7f-c327-aee3-adae-bc0d1dae71ea,0.08,0.2883895131086142,12282.0,8483.0,546.29,NVIDIA GeForce RTX 4070,[N/A],Enabled,Enabled
1701906847.647418,0,GPU-93ae0c7f-c327-aee3-adae-bc0d1dae71ea,0.11,0.570184009119036,12282.0,5022.0,546.29,NVIDIA GeForce RTX 4070,[N/A],Enabled,Enabled
1701906848.647112,0,GPU-93ae0c7f-c327-aee3-adae-bc0d1dae71ea,0.29,0.470200293111871,12282.0,6250.0,546.29,NVIDIA GeForce RTX 4070,[N/A],Enabled,Enabled
1701906849.64801,0,GPU-93ae0c7f-c327-aee3-adae-bc0d1dae71ea,0.26,0.4658850350105846,12282.0,6303.0,546.29,NVIDIA GeForce RTX 4070,[N/A],Enabled,Enabled
1701906850.647717,0,GPU-93ae0c7f-c327-aee3-adae-bc0d1dae71ea,0.26,0.470200293111871,12282.0,6250.0,546.29,NVIDIA GeForce RTX 4070,[N/A],Enabled,Enabled
1701906851.64782,0,GPU-93ae0c7f-c327-aee3-adae-bc0d1dae71ea,0.28,0.5716495684741899,12282.0,5004.0,546.29,NVIDIA GeForce RTX 4070,[N/A],Enabled,Enabled
1701906852.648344,0,GPU-93ae0c7f-c327-aee3-adae-bc0d1dae71ea,0.27,0.4715844325028497,12282.0,6233.0,546.29,NVIDIA GeForce RTX 4070,[N/A],Enabled,Enabled
1701906853.647158,0,GPU-93ae0c7f-c327-aee3-adae-bc0d1dae71ea,0.3,0.4715844325028497,12282.0,6233.0,546.29,NVIDIA GeForce RTX 4070,[N/A],Enabled,Enabled
1701906854.648416,0,GPU-93ae0c7f-c327-aee3-adae-bc0d1dae71ea,0.26,0.46726917440156324,12282.0,6286.0,546.29,NVIDIA GeForce RTX 4070,[N/A],Enabled,Enabled
1701906855.647662,0,GPU-93ae0c7f-c327-aee3-adae-bc0d1dae71ea,0.3,0.4716658524670249,12282.0,6232.0,546.29,NVIDIA GeForce RTX 4070,[N/A],Enabled,Enabled
1701906856.647398,0,GPU-93ae0c7f-c327-aee3-adae-bc0d1dae71ea,0.31,0.4716658524670249,12282.0,6232.0,546.29,NVIDIA GeForce RTX 4070,[N/A],Enabled,Enabled
1701906857.647783,0,GPU-93ae0c7f-c327-aee3-adae-bc0d1dae71ea,0.32,0.4716658524670249,12282.0,6232.0,546.29,NVIDIA GeForce RTX 4070,[N/A],Enabled,Enabled
1701906858.646908,0,GPU-93ae0c7f-c327-aee3-adae-bc0d1dae71ea,0.3,0.4716658524670249,12282.0,6232.0,546.29,NVIDIA GeForce RTX 4070,[N/A],Enabled,Enabled
1701906859.648162,0,GPU-93ae0c7f-c327-aee3-adae-bc0d1dae71ea,0.3,0.4716658524670249,12282.0,6232.0,546.29,NVIDIA GeForce RTX 4070,[N/A],Enabled,Enabled
1701906860.647738,0,GPU-93ae0c7f-c327-aee3-adae-bc0d1dae71ea,0.3,0.4716658524670249,12282.0,6232.0,546.29,NVIDIA GeForce RTX 4070,[N/A],Enabled,Enabled
1701906861.646944,0,GPU-93ae0c7f-c327-aee3-adae-bc0d1dae71ea,0.3,0.4716658524670249,12282.0,6232.0,546.29,NVIDIA GeForce RTX 4070,[N/A],Enabled,Enabled
1701906862.647589,0,GPU-93ae0c7f-c327-aee3-adae-bc0d1dae71ea,0.28,0.4716658524670249,12282.0,6232.0,546.29,NVIDIA GeForce RTX 4070,[N/A],Enabled,Enabled
1701906863.646849,0,GPU-93ae0c7f-c327-aee3-adae-bc0d1dae71ea,0.27,0.4674320143299137,12282.0,6284.0,546.29,NVIDIA GeForce RTX 4070,[N/A],Enabled,Enabled
1701906864.647924,0,GPU-93ae0c7f-c327-aee3-adae-bc0d1dae71ea,0.27,0.4716658524670249,12282.0,6232.0,546.29,NVIDIA GeForce RTX 4070,[N/A],Enabled,Enabled
1701906865.647328,0,GPU-93ae0c7f-c327-aee3-adae-bc0d1dae71ea,0.22,0.47549259078326006,12282.0,6185.0,546.29,NVIDIA GeForce RTX 4070,[N/A],Enabled,Enabled
1701906866.647688,0,GPU-93ae0c7f-c327-aee3-adae-bc0d1dae71ea,0.35,0.47549259078326006,12282.0,6185.0,546.29,NVIDIA GeForce RTX 4070,[N/A],Enabled,Enabled
1701906867.646573,0,GPU-93ae0c7f-c327-aee3-adae-bc0d1dae71ea,0.41,0.47549259078326006,12282.0,6185.0,546.29,NVIDIA GeForce RTX 4070,[N/A],Enabled,Enabled
1701906868.646658,0,GPU-93ae0c7f-c327-aee3-adae-bc0d1dae71ea,0.39,0.47549259078326006,12282.0,6185.0,546.29,NVIDIA GeForce RTX 4070,[N/A],Enabled,Enabled
1701906869.647893,0,GPU-93ae0c7f-c327-aee3-adae-bc0d1dae71ea,0.38,0.47549259078326006,12282.0,6185.0,546.29,NVIDIA GeForce RTX 4070,[N/A],Enabled,Enabled
1701906870.64694,0,GPU-93ae0c7f-c327-aee3-adae-bc0d1dae71ea,0.37,0.47549259078326006,12282.0,6185.0,546.29,NVIDIA GeForce RTX 4070,[N/A],Enabled,Enabled
1701906871.647053,0,GPU-93ae0c7f-c327-aee3-adae-bc0d1dae71ea,0.39,0.47549259078326006,12282.0,6185.0,546.29,NVIDIA GeForce RTX 4070,[N/A],Enabled,Enabled
1701906872.647529,0,GPU-93ae0c7f-c327-aee3-adae-bc0d1dae71ea,0.42,0.47549259078326006,12282.0,6185.0,546.29,NVIDIA GeForce RTX 4070,[N/A],Enabled,Enabled
1701906873.64713,0,GPU-93ae0c7f-c327-aee3-adae-bc0d1dae71ea,0.41,0.47549259078326006,12282.0,6185.0,546.29,NVIDIA GeForce RTX 4070,[N/A],Enabled,Enabled
1701906874.647534,0,GPU-93ae0c7f-c327-aee3-adae-bc0d1dae71ea,0.38,0.47549259078326006,12282.0,6185.0,546.29,NVIDIA GeForce RTX 4070,[N/A],Enabled,Enabled
1701906875.647249,0,GPU-93ae0c7f-c327-aee3-adae-bc0d1dae71ea,0.41,0.47549259078326006,12282.0,6185.0,546.29,NVIDIA GeForce RTX 4070,[N/A],Enabled,Enabled
1701906876.647484,0,GPU-93ae0c7f-c327-aee3-adae-bc0d1dae71ea,0.42,0.47549259078326006,12282.0,6185.0,546.29,NVIDIA GeForce RTX 4070,[N/A],Enabled,Enabled
1701906877.647547,0,GPU-93ae0c7f-c327-aee3-adae-bc0d1dae71ea,0.44,0.47549259078326006,12282.0,6185.0,546.29,NVIDIA GeForce RTX 4070,[N/A],Enabled,Enabled
1701906878.647114,0,GPU-93ae0c7f-c327-aee3-adae-bc0d1dae71ea,0.4,0.47549259078326006,12282.0,6185.0,546.29,NVIDIA GeForce RTX 4070,[N/A],Enabled,Enabled
1701906879.647734,0,GPU-93ae0c7f-c327-aee3-adae-bc0d1dae71ea,0.41,0.47549259078326006,12282.0,6185.0,546.29,NVIDIA GeForce RTX 4070,[N/A],Enabled,Enabled
1701906880.647314,0,GPU-93ae0c7f-c327-aee3-adae-bc0d1dae71ea,0.39,0.47549259078326006,12282.0,6185.0,546.29,NVIDIA GeForce RTX 4070,[N/A],Enabled,Enabled
1701906881.647247,0,GPU-93ae0c7f-c327-aee3-adae-bc0d1dae71ea,0.4,0.47549259078326006,12282.0,6185.0,546.29,NVIDIA GeForce RTX 4070,[N/A],Enabled,Enabled
1701906882.647555,0,GPU-93ae0c7f-c327-aee3-adae-bc0d1dae71ea,0.42,0.47549259078326006,12282.0,6185.0,546.29,NVIDIA GeForce RTX 4070,[N/A],Enabled,Enabled
1701906883.646653,0,GPU-93ae0c7f-c327-aee3-adae-bc0d1dae71ea,0.42,0.47549259078326006,12282.0,6185.0,546.29,NVIDIA GeForce RTX 4070,[N/A],Enabled,Enabled
1701906884.648023,0,GPU-93ae0c7f-c327-aee3-adae-bc0d1dae71ea,0.39,0.47549259078326006,12282.0,6185.0,546.29,NVIDIA GeForce RTX 4070,[N/A],Enabled,Enabled
1701906885.647844,0,GPU-93ae0c7f-c327-aee3-adae-bc0d1dae71ea,0.41,0.47549259078326006,12282.0,6185.0,546.29,NVIDIA GeForce RTX 4070,[N/A],Enabled,Enabled
1701906886.647032,0,GPU-93ae0c7f-c327-aee3-adae-bc0d1dae71ea,0.39,0.47549259078326006,12282.0,6185.0,546.29,NVIDIA GeForce RTX 4070,[N/A],Enabled,Enabled
1701906887.647565,0,GPU-93ae0c7f-c327-aee3-adae-bc0d1dae71ea,0.43,0.47549259078326006,12282.0,6185.0,546.29,NVIDIA GeForce RTX 4070,[N/A],Enabled,Enabled
1701906888.647392,0,GPU-93ae0c7f-c327-aee3-adae-bc0d1dae71ea,0.4,0.47549259078326006,12282.0,6185.0,546.29,NVIDIA GeForce RTX 4070,[N/A],Enabled,Enabled
1701906889.647389,0,GPU-93ae0c7f-c327-aee3-adae-bc0d1dae71ea,0.42,0.47549259078326006,12282.0,6185.0,546.29,NVIDIA GeForce RTX 4070,[N/A],Enabled,Enabled
1701906890.646717,0,GPU-93ae0c7f-c327-aee3-adae-bc0d1dae71ea,0.44,0.47549259078326006,12282.0,6185.0,546.29,NVIDIA GeForce RTX 4070,[N/A],Enabled,Enabled
1701906891.647879,0,GPU-93ae0c7f-c327-aee3-adae-bc0d1dae71ea,0.44,0.47549259078326006,12282.0,6185.0,546.29,NVIDIA GeForce RTX 4070,[N/A],Enabled,Enabled
1701906892.647107,0,GPU-93ae0c7f-c327-aee3-adae-bc0d1dae71ea,0.42,0.47549259078326006,12282.0,6185.0,546.29,NVIDIA GeForce RTX 4070,[N/A],Enabled,Enabled
1701906893.647499,0,GPU-93ae0c7f-c327-aee3-adae-bc0d1dae71ea,0.46,0.47549259078326006,12282.0,6185.0,546.29,NVIDIA GeForce RTX 4070,[N/A],Enabled,Enabled
1701906894.647369,0,GPU-93ae0c7f-c327-aee3-adae-bc0d1dae71ea,0.45,0.47549259078326006,12282.0,6185.0,546.29,NVIDIA GeForce RTX 4070,[N/A],Enabled,Enabled
1701906895.647449,0,GPU-93ae0c7f-c327-aee3-adae-bc0d1dae71ea,0.4,0.47549259078326006,12282.0,6185.0,546.29,NVIDIA GeForce RTX 4070,[N/A],Enabled,Enabled
1701906896.647264,0,GPU-93ae0c7f-c327-aee3-adae-bc0d1dae71ea,0.4,0.47549259078326006,12282.0,6185.0,546.29,NVIDIA GeForce RTX 4070,[N/A],Enabled,Enabled
1701906897.647199,0,GPU-93ae0c7f-c327-aee3-adae-bc0d1dae71ea,0.39,0.47549259078326006,12282.0,6185.0,546.29,NVIDIA GeForce RTX 4070,[N/A],Enabled,Enabled
1701906898.647533,0,GPU-93ae0c7f-c327-aee3-adae-bc0d1dae71ea,0.41,0.47549259078326006,12282.0,6185.0,546.29,NVIDIA GeForce RTX 4070,[N/A],Enabled,Enabled
1701906899.647315,0,GPU-93ae0c7f-c327-aee3-adae-bc0d1dae71ea,0.42,0.47549259078326006,12282.0,6185.0,546.29,NVIDIA GeForce RTX 4070,[N/A],Enabled,Enabled
1701906900.647302,0,GPU-93ae0c7f-c327-aee3-adae-bc0d1dae71ea,0.39,0.47549259078326006,12282.0,6185.0,546.29,NVIDIA GeForce RTX 4070,[N/A],Enabled,Enabled
1701906901.647293,0,GPU-93ae0c7f-c327-aee3-adae-bc0d1dae71ea,0.4,0.47549259078326006,12282.0,6185.0,546.29,NVIDIA GeForce RTX 4070,[N/A],Enabled,Enabled
1701906902.647435,0,GPU-93ae0c7f-c327-aee3-adae-bc0d1dae71ea,0.41,0.47549259078326006,12282.0,6185.0,546.29,NVIDIA GeForce RTX 4070,[N/A],Enabled,Enabled
1701906903.647698,0,GPU-93ae0c7f-c327-aee3-adae-bc0d1dae71ea,0.38,0.47549259078326006,12282.0,6185.0,546.29,NVIDIA GeForce RTX 4070,[N/A],Enabled,Enabled
1701906904.647077,0,GPU-93ae0c7f-c327-aee3-adae-bc0d1dae71ea,0.4,0.47549259078326006,12282.0,6185.0,546.29,NVIDIA GeForce RTX 4070,[N/A],Enabled,Enabled
1701906905.647012,0,GPU-93ae0c7f-c327-aee3-adae-bc0d1dae71ea,0.4,0.47549259078326006,12282.0,6185.0,546.29,NVIDIA GeForce RTX 4070,[N/A],Enabled,Enabled
1701906906.647616,0,GPU-93ae0c7f-c327-aee3-adae-bc0d1dae71ea,0.38,0.47549259078326006,12282.0,6185.0,546.29,NVIDIA GeForce RTX 4070,[N/A],Enabled,Enabled
1701906907.647185,0,GPU-93ae0c7f-c327-aee3-adae-bc0d1dae71ea,0.36,0.47549259078326006,12282.0,6185.0,546.29,NVIDIA GeForce RTX 4070,[N/A],Enabled,Enabled
1701906908.647076,0,GPU-93ae0c7f-c327-aee3-adae-bc0d1dae71ea,0.36,0.47549259078326006,12282.0,6185.0,546.29,NVIDIA GeForce RTX 4070,[N/A],Enabled,Enabled
1701906909.646856,0,GPU-93ae0c7f-c327-aee3-adae-bc0d1dae71ea,0.41,0.47549259078326006,12282.0,6185.0,546.29,NVIDIA GeForce RTX 4070,[N/A],Enabled,Enabled
1701906910.647532,0,GPU-93ae0c7f-c327-aee3-adae-bc0d1dae71ea,0.41,0.47549259078326006,12282.0,6185.0,546.29,NVIDIA GeForce RTX 4070,[N/A],Enabled,Enabled
1701906911.647736,0,GPU-93ae0c7f-c327-aee3-adae-bc0d1dae71ea,0.38,0.47549259078326006,12282.0,6185.0,546.29,NVIDIA GeForce RTX 4070,[N/A],Enabled,Enabled
1701906912.647312,0,GPU-93ae0c7f-c327-aee3-adae-bc0d1dae71ea,0.41,0.47549259078326006,12282.0,6185.0,546.29,NVIDIA GeForce RTX 4070,[N/A],Enabled,Enabled
1701906913.647832,0,GPU-93ae0c7f-c327-aee3-adae-bc0d1dae71ea,0.4,0.47549259078326006,12282.0,6185.0,546.29,NVIDIA GeForce RTX 4070,[N/A],Enabled,Enabled
1701906914.647473,0,GPU-93ae0c7f-c327-aee3-adae-bc0d1dae71ea,0.42,0.47549259078326006,12282.0,6185.0,546.29,NVIDIA GeForce RTX 4070,[N/A],Enabled,Enabled
1701906915.64775,0,GPU-93ae0c7f-c327-aee3-adae-bc0d1dae71ea,0.4,0.47549259078326006,12282.0,6185.0,546.29,NVIDIA GeForce RTX 4070,[N/A],Enabled,Enabled
1701906916.647301,0,GPU-93ae0c7f-c327-aee3-adae-bc0d1dae71ea,0.4,0.47549259078326006,12282.0,6185.0,546.29,NVIDIA GeForce RTX 4070,[N/A],Enabled,Enabled
1701906917.646784,0,GPU-93ae0c7f-c327-aee3-adae-bc0d1dae71ea,0.39,0.47549259078326006,12282.0,6185.0,546.29,NVIDIA GeForce RTX 4070,[N/A],Enabled,Enabled
1701906918.647394,0,GPU-93ae0c7f-c327-aee3-adae-bc0d1dae71ea,0.43,0.47549259078326006,12282.0,6185.0,546.29,NVIDIA GeForce RTX 4070,[N/A],Enabled,Enabled
1701906919.647142,0,GPU-93ae0c7f-c327-aee3-adae-bc0d1dae71ea,0.46,0.47549259078326006,12282.0,6185.0,546.29,NVIDIA GeForce RTX 4070,[N/A],Enabled,Enabled
1701906920.64759,0,GPU-93ae0c7f-c327-aee3-adae-bc0d1dae71ea,0.5,0.47549259078326006,12282.0,6185.0,546.29,NVIDIA GeForce RTX 4070,[N/A],Enabled,Enabled
1701906921.647119,0,GPU-93ae0c7f-c327-aee3-adae-bc0d1dae71ea,0.43,0.47549259078326006,12282.0,6185.0,546.29,NVIDIA GeForce RTX 4070,[N/A],Enabled,Enabled
1701906922.647273,0,GPU-93ae0c7f-c327-aee3-adae-bc0d1dae71ea,0.41,0.47549259078326006,12282.0,6185.0,546.29,NVIDIA GeForce RTX 4070,[N/A],Enabled,Enabled
1701906923.647873,0,GPU-93ae0c7f-c327-aee3-adae-bc0d1dae71ea,0.4,0.47549259078326006,12282.0,6185.0,546.29,NVIDIA GeForce RTX 4070,[N/A],Enabled,Enabled
1701906924.647224,0,GPU-93ae0c7f-c327-aee3-adae-bc0d1dae71ea,0.43,0.47549259078326006,12282.0,6185.0,546.29,NVIDIA GeForce RTX 4070,[N/A],Enabled,Enabled
1701906925.646812,0,GPU-93ae0c7f-c327-aee3-adae-bc0d1dae71ea,0.43,0.47549259078326006,12282.0,6185.0,546.29,NVIDIA GeForce RTX 4070,[N/A],Enabled,Enabled
1701906926.647178,0,GPU-93ae0c7f-c327-aee3-adae-bc0d1dae71ea,0.4,0.47549259078326006,12282.0,6185.0,546.29,NVIDIA GeForce RTX 4070,[N/A],Enabled,Enabled
1701906927.64723,0,GPU-93ae0c7f-c327-aee3-adae-bc0d1dae71ea,0.38,0.47549259078326006,12282.0,6185.0,546.29,NVIDIA GeForce RTX 4070,[N/A],Enabled,Enabled
1701906928.647314,0,GPU-93ae0c7f-c327-aee3-adae-bc0d1dae71ea,0.38,0.47549259078326006,12282.0,6185.0,546.29,NVIDIA GeForce RTX 4070,[N/A],Enabled,Enabled
1701906929.647097,0,GPU-93ae0c7f-c327-aee3-adae-bc0d1dae71ea,0.39,0.47549259078326006,12282.0,6185.0,546.29,NVIDIA GeForce RTX 4070,[N/A],Enabled,Enabled
1701906930.647344,0,GPU-93ae0c7f-c327-aee3-adae-bc0d1dae71ea,0.43,0.47549259078326006,12282.0,6185.0,546.29,NVIDIA GeForce RTX 4070,[N/A],Enabled,Enabled
1701906931.647293,0,GPU-93ae0c7f-c327-aee3-adae-bc0d1dae71ea,0.41,0.47549259078326006,12282.0,6185.0,546.29,NVIDIA GeForce RTX 4070,[N/A],Enabled,Enabled
1701906932.64801,0,GPU-93ae0c7f-c327-aee3-adae-bc0d1dae71ea,0.38,0.47549259078326006,12282.0,6185.0,546.29,NVIDIA GeForce RTX 4070,[N/A],Enabled,Enabled
1701906933.647356,0,GPU-93ae0c7f-c327-aee3-adae-bc0d1dae71ea,0.39,0.47549259078326006,12282.0,6185.0,546.29,NVIDIA GeForce RTX 4070,[N/A],Enabled,Enabled
1701906934.647504,0,GPU-93ae0c7f-c327-aee3-adae-bc0d1dae71ea,0.47,0.47549259078326006,12282.0,6185.0,546.29,NVIDIA GeForce RTX 4070,[N/A],Enabled,Enabled
1701906935.647194,0,GPU-93ae0c7f-c327-aee3-adae-bc0d1dae71ea,0.4,0.47549259078326006,12282.0,6185.0,546.29,NVIDIA GeForce RTX 4070,[N/A],Enabled,Enabled
1701906936.646724,0,GPU-93ae0c7f-c327-aee3-adae-bc0d1dae71ea,0.43,0.47549259078326006,12282.0,6185.0,546.29,NVIDIA GeForce RTX 4070,[N/A],Enabled,Enabled
1701906937.647483,0,GPU-93ae0c7f-c327-aee3-adae-bc0d1dae71ea,0.42,0.47549259078326006,12282.0,6185.0,546.29,NVIDIA GeForce RTX 4070,[N/A],Enabled,Enabled
1701906938.647072,0,GPU-93ae0c7f-c327-aee3-adae-bc0d1dae71ea,0.41,0.47549259078326006,12282.0,6185.0,546.29,NVIDIA GeForce RTX 4070,[N/A],Enabled,Enabled
1701906939.647489,0,GPU-93ae0c7f-c327-aee3-adae-bc0d1dae71ea,0.39,0.47549259078326006,12282.0,6185.0,546.29,NVIDIA GeForce RTX 4070,[N/A],Enabled,Enabled
1701906940.647263,0,GPU-93ae0c7f-c327-aee3-adae-bc0d1dae71ea,0.41,0.47549259078326006,12282.0,6185.0,546.29,NVIDIA GeForce RTX 4070,[N/A],Enabled,Enabled
1701906941.647448,0,GPU-93ae0c7f-c327-aee3-adae-bc0d1dae71ea,0.38,0.47549259078326006,12282.0,6185.0,546.29,NVIDIA GeForce RTX 4070,[N/A],Enabled,Enabled
1701906942.647182,0,GPU-93ae0c7f-c327-aee3-adae-bc0d1dae71ea,0.42,0.47549259078326006,12282.0,6185.0,546.29,NVIDIA GeForce RTX 4070,[N/A],Enabled,Enabled
1701906943.647267,0,GPU-93ae0c7f-c327-aee3-adae-bc0d1dae71ea,0.37,0.47549259078326006,12282.0,6185.0,546.29,NVIDIA GeForce RTX 4070,[N/A],Enabled,Enabled
1701906944.648009,0,GPU-93ae0c7f-c327-aee3-adae-bc0d1dae71ea,0.43,0.47549259078326006,12282.0,6185.0,546.29,NVIDIA GeForce RTX 4070,[N/A],Enabled,Enabled
1701906945.647429,0,GPU-93ae0c7f-c327-aee3-adae-bc0d1dae71ea,0.52,0.47549259078326006,12282.0,6185.0,546.29,NVIDIA GeForce RTX 4070,[N/A],Enabled,Enabled
1701906946.647444,0,GPU-93ae0c7f-c327-aee3-adae-bc0d1dae71ea,0.39,0.47549259078326006,12282.0,6185.0,546.29,NVIDIA GeForce RTX 4070,[N/A],Enabled,Enabled
1701906947.647179,0,GPU-93ae0c7f-c327-aee3-adae-bc0d1dae71ea,0.41,0.47549259078326006,12282.0,6185.0,546.29,NVIDIA GeForce RTX 4070,[N/A],Enabled,Enabled
1701906948.647427,0,GPU-93ae0c7f-c327-aee3-adae-bc0d1dae71ea,0.42,0.47549259078326006,12282.0,6185.0,546.29,NVIDIA GeForce RTX 4070,[N/A],Enabled,Enabled
1701906949.647551,0,GPU-93ae0c7f-c327-aee3-adae-bc0d1dae71ea,0.4,0.47549259078326006,12282.0,6185.0,546.29,NVIDIA GeForce RTX 4070,[N/A],Enabled,Enabled
1701906950.646734,0,GPU-93ae0c7f-c327-aee3-adae-bc0d1dae71ea,0.4,0.47549259078326006,12282.0,6185.0,546.29,NVIDIA GeForce RTX 4070,[N/A],Enabled,Enabled
1701906951.64772,0,GPU-93ae0c7f-c327-aee3-adae-bc0d1dae71ea,0.4,0.47549259078326006,12282.0,6185.0,546.29,NVIDIA GeForce RTX 4070,[N/A],Enabled,Enabled
1701906952.647467,0,GPU-93ae0c7f-c327-aee3-adae-bc0d1dae71ea,0.42,0.47549259078326006,12282.0,6185.0,546.29,NVIDIA GeForce RTX 4070,[N/A],Enabled,Enabled
1701906953.646939,0,GPU-93ae0c7f-c327-aee3-adae-bc0d1dae71ea,0.41,0.47549259078326006,12282.0,6185.0,546.29,NVIDIA GeForce RTX 4070,[N/A],Enabled,Enabled
1701906954.646823,0,GPU-93ae0c7f-c327-aee3-adae-bc0d1dae71ea,0.38,0.47549259078326006,12282.0,6185.0,546.29,NVIDIA GeForce RTX 4070,[N/A],Enabled,Enabled
1701906955.64707,0,GPU-93ae0c7f-c327-aee3-adae-bc0d1dae71ea,0.43,0.47549259078326006,12282.0,6185.0,546.29,NVIDIA GeForce RTX 4070,[N/A],Enabled,Enabled
1701906956.647236,0,GPU-93ae0c7f-c327-aee3-adae-bc0d1dae71ea,0.43,0.47549259078326006,12282.0,6185.0,546.29,NVIDIA GeForce RTX 4070,[N/A],Enabled,Enabled
1701906957.647421,0,GPU-93ae0c7f-c327-aee3-adae-bc0d1dae71ea,0.38,0.47549259078326006,12282.0,6185.0,546.29,NVIDIA GeForce RTX 4070,[N/A],Enabled,Enabled
1701906958.64781,0,GPU-93ae0c7f-c327-aee3-adae-bc0d1dae71ea,0.41,0.47549259078326006,12282.0,6185.0,546.29,NVIDIA GeForce RTX 4070,[N/A],Enabled,Enabled
1701906959.647035,0,GPU-93ae0c7f-c327-aee3-adae-bc0d1dae71ea,0.43,0.47549259078326006,12282.0,6185.0,546.29,NVIDIA GeForce RTX 4070,[N/A],Enabled,Enabled
1701906960.647258,0,GPU-93ae0c7f-c327-aee3-adae-bc0d1dae71ea,0.43,0.47549259078326006,12282.0,6185.0,546.29,NVIDIA GeForce RTX 4070,[N/A],Enabled,Enabled
1701906961.647552,0,GPU-93ae0c7f-c327-aee3-adae-bc0d1dae71ea,0.43,0.47549259078326006,12282.0,6185.0,546.29,NVIDIA GeForce RTX 4070,[N/A],Enabled,Enabled
1701906962.646683,0,GPU-93ae0c7f-c327-aee3-adae-bc0d1dae71ea,0.43,0.47549259078326006,12282.0,6185.0,546.29,NVIDIA GeForce RTX 4070,[N/A],Enabled,Enabled
1701906963.647723,0,GPU-93ae0c7f-c327-aee3-adae-bc0d1dae71ea,0.36,0.47549259078326006,12282.0,6185.0,546.29,NVIDIA GeForce RTX 4070,[N/A],Enabled,Enabled
1701906964.647083,0,GPU-93ae0c7f-c327-aee3-adae-bc0d1dae71ea,0.37,0.47549259078326006,12282.0,6185.0,546.29,NVIDIA GeForce RTX 4070,[N/A],Enabled,Enabled
1701906965.648021,0,GPU-93ae0c7f-c327-aee3-adae-bc0d1dae71ea,0.4,0.47549259078326006,12282.0,6185.0,546.29,NVIDIA GeForce RTX 4070,[N/A],Enabled,Enabled
1701906966.646996,0,GPU-93ae0c7f-c327-aee3-adae-bc0d1dae71ea,0.42,0.47549259078326006,12282.0,6185.0,546.29,NVIDIA GeForce RTX 4070,[N/A],Enabled,Enabled
1701906967.647476,0,GPU-93ae0c7f-c327-aee3-adae-bc0d1dae71ea,0.36,0.47549259078326006,12282.0,6185.0,546.29,NVIDIA GeForce RTX 4070,[N/A],Enabled,Enabled
1701906968.647752,0,GPU-93ae0c7f-c327-aee3-adae-bc0d1dae71ea,0.41,0.47549259078326006,12282.0,6185.0,546.29,NVIDIA GeForce RTX 4070,[N/A],Enabled,Enabled
1701906969.647612,0,GPU-93ae0c7f-c327-aee3-adae-bc0d1dae71ea,0.41,0.47549259078326006,12282.0,6185.0,546.29,NVIDIA GeForce RTX 4070,[N/A],Enabled,Enabled
1701906970.647933,0,GPU-93ae0c7f-c327-aee3-adae-bc0d1dae71ea,0.44,0.47549259078326006,12282.0,6185.0,546.29,NVIDIA GeForce RTX 4070,[N/A],Enabled,Enabled
1701906971.647947,0,GPU-93ae0c7f-c327-aee3-adae-bc0d1dae71ea,0.5,0.47549259078326006,12282.0,6185.0,546.29,NVIDIA GeForce RTX 4070,[N/A],Enabled,Enabled
1701906972.646922,0,GPU-93ae0c7f-c327-aee3-adae-bc0d1dae71ea,0.5,0.47549259078326006,12282.0,6185.0,546.29,NVIDIA GeForce RTX 4070,[N/A],Enabled,Enabled
1701906973.648054,0,GPU-93ae0c7f-c327-aee3-adae-bc0d1dae71ea,0.36,0.47549259078326006,12282.0,6185.0,546.29,NVIDIA GeForce RTX 4070,[N/A],Enabled,Enabled
1701906974.648088,0,GPU-93ae0c7f-c327-aee3-adae-bc0d1dae71ea,0.39,0.47549259078326006,12282.0,6185.0,546.29,NVIDIA GeForce RTX 4070,[N/A],Enabled,Enabled
1701906975.646984,0,GPU-93ae0c7f-c327-aee3-adae-bc0d1dae71ea,0.36,0.47549259078326006,12282.0,6185.0,546.29,NVIDIA GeForce RTX 4070,[N/A],Enabled,Enabled
1701906976.647299,0,GPU-93ae0c7f-c327-aee3-adae-bc0d1dae71ea,0.41,0.47549259078326006,12282.0,6185.0,546.29,NVIDIA GeForce RTX 4070,[N/A],Enabled,Enabled
1701906977.647644,0,GPU-93ae0c7f-c327-aee3-adae-bc0d1dae71ea,0.41,0.47549259078326006,12282.0,6185.0,546.29,NVIDIA GeForce RTX 4070,[N/A],Enabled,Enabled
1701906978.647595,0,GPU-93ae0c7f-c327-aee3-adae-bc0d1dae71ea,0.44,0.47549259078326006,12282.0,6185.0,546.29,NVIDIA GeForce RTX 4070,[N/A],Enabled,Enabled
1701906979.647907,0,GPU-93ae0c7f-c327-aee3-adae-bc0d1dae71ea,0.4,0.47549259078326006,12282.0,6185.0,546.29,NVIDIA GeForce RTX 4070,[N/A],Enabled,Enabled
1701906980.647531,0,GPU-93ae0c7f-c327-aee3-adae-bc0d1dae71ea,0.44,0.47549259078326006,12282.0,6185.0,546.29,NVIDIA GeForce RTX 4070,[N/A],Enabled,Enabled
1701906981.647743,0,GPU-93ae0c7f-c327-aee3-adae-bc0d1dae71ea,0.41,0.47549259078326006,12282.0,6185.0,546.29,NVIDIA GeForce RTX 4070,[N/A],Enabled,Enabled
1701906982.647943,0,GPU-93ae0c7f-c327-aee3-adae-bc0d1dae71ea,0.43,0.47549259078326006,12282.0,6185.0,546.29,NVIDIA GeForce RTX 4070,[N/A],Enabled,Enabled
1701906983.647797,0,GPU-93ae0c7f-c327-aee3-adae-bc0d1dae71ea,0.47,0.47549259078326006,12282.0,6185.0,546.29,NVIDIA GeForce RTX 4070,[N/A],Enabled,Enabled
1701906984.647816,0,GPU-93ae0c7f-c327-aee3-adae-bc0d1dae71ea,0.47,0.47549259078326006,12282.0,6185.0,546.29,NVIDIA GeForce RTX 4070,[N/A],Enabled,Enabled
1701906985.647492,0,GPU-93ae0c7f-c327-aee3-adae-bc0d1dae71ea,0.4,0.47549259078326006,12282.0,6185.0,546.29,NVIDIA GeForce RTX 4070,[N/A],Enabled,Enabled
1701906986.647708,0,GPU-93ae0c7f-c327-aee3-adae-bc0d1dae71ea,0.41,0.47549259078326006,12282.0,6185.0,546.29,NVIDIA GeForce RTX 4070,[N/A],Enabled,Enabled
1701906987.646935,0,GPU-93ae0c7f-c327-aee3-adae-bc0d1dae71ea,0.42,0.47549259078326006,12282.0,6185.0,546.29,NVIDIA GeForce RTX 4070,[N/A],Enabled,Enabled
1701906988.647531,0,GPU-93ae0c7f-c327-aee3-adae-bc0d1dae71ea,0.45,0.47549259078326006,12282.0,6185.0,546.29,NVIDIA GeForce RTX 4070,[N/A],Enabled,Enabled
1701906989.64756,0,GPU-93ae0c7f-c327-aee3-adae-bc0d1dae71ea,0.42,0.47549259078326006,12282.0,6185.0,546.29,NVIDIA GeForce RTX 4070,[N/A],Enabled,Enabled
1701906990.647597,0,GPU-93ae0c7f-c327-aee3-adae-bc0d1dae71ea,0.44,0.47549259078326006,12282.0,6185.0,546.29,NVIDIA GeForce RTX 4070,[N/A],Enabled,Enabled
1701906991.647697,0,GPU-93ae0c7f-c327-aee3-adae-bc0d1dae71ea,0.41,0.47549259078326006,12282.0,6185.0,546.29,NVIDIA GeForce RTX 4070,[N/A],Enabled,Enabled
1701906992.647034,0,GPU-93ae0c7f-c327-aee3-adae-bc0d1dae71ea,0.43,0.47549259078326006,12282.0,6185.0,546.29,NVIDIA GeForce RTX 4070,[N/A],Enabled,Enabled
1701906993.647168,0,GPU-93ae0c7f-c327-aee3-adae-bc0d1dae71ea,0.39,0.47549259078326006,12282.0,6185.0,546.29,NVIDIA GeForce RTX 4070,[N/A],Enabled,Enabled
1701906994.646803,0,GPU-93ae0c7f-c327-aee3-adae-bc0d1dae71ea,0.39,0.47549259078326006,12282.0,6185.0,546.29,NVIDIA GeForce RTX 4070,[N/A],Enabled,Enabled
1701906995.647582,0,GPU-93ae0c7f-c327-aee3-adae-bc0d1dae71ea,0.4,0.47549259078326006,12282.0,6185.0,546.29,NVIDIA GeForce RTX 4070,[N/A],Enabled,Enabled
1701906996.647418,0,GPU-93ae0c7f-c327-aee3-adae-bc0d1dae71ea,0.44,0.47549259078326006,12282.0,6185.0,546.29,NVIDIA GeForce RTX 4070,[N/A],Enabled,Enabled
1701906997.647193,0,GPU-93ae0c7f-c327-aee3-adae-bc0d1dae71ea,0.46,0.47549259078326006,12282.0,6185.0,546.29,NVIDIA GeForce RTX 4070,[N/A],Enabled,Enabled
1701906998.647195,0,GPU-93ae0c7f-c327-aee3-adae-bc0d1dae71ea,0.42,0.47549259078326006,12282.0,6185.0,546.29,NVIDIA GeForce RTX 4070,[N/A],Enabled,Enabled
1701906999.647219,0,GPU-93ae0c7f-c327-aee3-adae-bc0d1dae71ea,0.41,0.47549259078326006,12282.0,6185.0,546.29,NVIDIA GeForce RTX 4070,[N/A],Enabled,Enabled
1701907000.648011,0,GPU-93ae0c7f-c327-aee3-adae-bc0d1dae71ea,0.4,0.47549259078326006,12282.0,6185.0,546.29,NVIDIA GeForce RTX 4070,[N/A],Enabled,Enabled
1701907001.647542,0,GPU-93ae0c7f-c327-aee3-adae-bc0d1dae71ea,0.4,0.47549259078326006,12282.0,6185.0,546.29,NVIDIA GeForce RTX 4070,[N/A],Enabled,Enabled
1701907002.647439,0,GPU-93ae0c7f-c327-aee3-adae-bc0d1dae71ea,0.38,0.47549259078326006,12282.0,6185.0,546.29,NVIDIA GeForce RTX 4070,[N/A],Enabled,Enabled
1701907003.647555,0,GPU-93ae0c7f-c327-aee3-adae-bc0d1dae71ea,0.44,0.47549259078326006,12282.0,6185.0,546.29,NVIDIA GeForce RTX 4070,[N/A],Enabled,Enabled
1701907004.647934,0,GPU-93ae0c7f-c327-aee3-adae-bc0d1dae71ea,0.48,0.47549259078326006,12282.0,6185.0,546.29,NVIDIA GeForce RTX 4070,[N/A],Enabled,Enabled
1701907005.647234,0,GPU-93ae0c7f-c327-aee3-adae-bc0d1dae71ea,0.46,0.47549259078326006,12282.0,6185.0,546.29,NVIDIA GeForce RTX 4070,[N/A],Enabled,Enabled
1701907006.647512,0,GPU-93ae0c7f-c327-aee3-adae-bc0d1dae71ea,0.45,0.47549259078326006,12282.0,6185.0,546.29,NVIDIA GeForce RTX 4070,[N/A],Enabled,Enabled
1701907007.647492,0,GPU-93ae0c7f-c327-aee3-adae-bc0d1dae71ea,0.47,0.47549259078326006,12282.0,6185.0,546.29,NVIDIA GeForce RTX 4070,[N/A],Enabled,Enabled
1701907008.647684,0,GPU-93ae0c7f-c327-aee3-adae-bc0d1dae71ea,0.44,0.47549259078326006,12282.0,6185.0,546.29,NVIDIA GeForce RTX 4070,[N/A],Enabled,Enabled
1701907009.647366,0,GPU-93ae0c7f-c327-aee3-adae-bc0d1dae71ea,0.44,0.47549259078326006,12282.0,6185.0,546.29,NVIDIA GeForce RTX 4070,[N/A],Enabled,Enabled
1701907010.647581,0,GPU-93ae0c7f-c327-aee3-adae-bc0d1dae71ea,0.45,0.47549259078326006,12282.0,6185.0,546.29,NVIDIA GeForce RTX 4070,[N/A],Enabled,Enabled
1701907011.647702,0,GPU-93ae0c7f-c327-aee3-adae-bc0d1dae71ea,0.46,0.47549259078326006,12282.0,6185.0,546.29,NVIDIA GeForce RTX 4070,[N/A],Enabled,Enabled
1701907012.647122,0,GPU-93ae0c7f-c327-aee3-adae-bc0d1dae71ea,0.48,0.47549259078326006,12282.0,6185.0,546.29,NVIDIA GeForce RTX 4070,[N/A],Enabled,Enabled
1701907013.647187,0,GPU-93ae0c7f-c327-aee3-adae-bc0d1dae71ea,0.45,0.47549259078326006,12282.0,6185.0,546.29,NVIDIA GeForce RTX 4070,[N/A],Enabled,Enabled
1701907014.647116,0,GPU-93ae0c7f-c327-aee3-adae-bc0d1dae71ea,0.45,0.47549259078326006,12282.0,6185.0,546.29,NVIDIA GeForce RTX 4070,[N/A],Enabled,Enabled
1701907015.647852,0,GPU-93ae0c7f-c327-aee3-adae-bc0d1dae71ea,0.47,0.47549259078326006,12282.0,6185.0,546.29,NVIDIA GeForce RTX 4070,[N/A],Enabled,Enabled
1701907016.647286,0,GPU-93ae0c7f-c327-aee3-adae-bc0d1dae71ea,0.46,0.47549259078326006,12282.0,6185.0,546.29,NVIDIA GeForce RTX 4070,[N/A],Enabled,Enabled
1701907017.647563,0,GPU-93ae0c7f-c327-aee3-adae-bc0d1dae71ea,0.42,0.47549259078326006,12282.0,6185.0,546.29,NVIDIA GeForce RTX 4070,[N/A],Enabled,Enabled
1701907018.647287,0,GPU-93ae0c7f-c327-aee3-adae-bc0d1dae71ea,0.41,0.47549259078326006,12282.0,6185.0,546.29,NVIDIA GeForce RTX 4070,[N/A],Enabled,Enabled
1701907019.647189,0,GPU-93ae0c7f-c327-aee3-adae-bc0d1dae71ea,0.4,0.47549259078326006,12282.0,6185.0,546.29,NVIDIA GeForce RTX 4070,[N/A],Enabled,Enabled
1701907020.647071,0,GPU-93ae0c7f-c327-aee3-adae-bc0d1dae71ea,0.4,0.47549259078326006,12282.0,6185.0,546.29,NVIDIA GeForce RTX 4070,[N/A],Enabled,Enabled
1701907021.647226,0,GPU-93ae0c7f-c327-aee3-adae-bc0d1dae71ea,0.4,0.47549259078326006,12282.0,6185.0,546.29,NVIDIA GeForce RTX 4070,[N/A],Enabled,Enabled
1701907022.647119,0,GPU-93ae0c7f-c327-aee3-adae-bc0d1dae71ea,0.42,0.47549259078326006,12282.0,6185.0,546.29,NVIDIA GeForce RTX 4070,[N/A],Enabled,Enabled
1701907023.647121,0,GPU-93ae0c7f-c327-aee3-adae-bc0d1dae71ea,0.41,0.47549259078326006,12282.0,6185.0,546.29,NVIDIA GeForce RTX 4070,[N/A],Enabled,Enabled
1701907024.647328,0,GPU-93ae0c7f-c327-aee3-adae-bc0d1dae71ea,0.43,0.47549259078326006,12282.0,6185.0,546.29,NVIDIA GeForce RTX 4070,[N/A],Enabled,Enabled
1701907025.64713,0,GPU-93ae0c7f-c327-aee3-adae-bc0d1dae71ea,0.39,0.47549259078326006,12282.0,6185.0,546.29,NVIDIA GeForce RTX 4070,[N/A],Enabled,Enabled
1701907026.647701,0,GPU-93ae0c7f-c327-aee3-adae-bc0d1dae71ea,0.47,0.47549259078326006,12282.0,6185.0,546.29,NVIDIA GeForce RTX 4070,[N/A],Enabled,Enabled
1701907027.647248,0,GPU-93ae0c7f-c327-aee3-adae-bc0d1dae71ea,0.45,0.47549259078326006,12282.0,6185.0,546.29,NVIDIA GeForce RTX 4070,[N/A],Enabled,Enabled
1701907028.647316,0,GPU-93ae0c7f-c327-aee3-adae-bc0d1dae71ea,0.42,0.47549259078326006,12282.0,6185.0,546.29,NVIDIA GeForce RTX 4070,[N/A],Enabled,Enabled
1701907029.646784,0,GPU-93ae0c7f-c327-aee3-adae-bc0d1dae71ea,0.38,0.47549259078326006,12282.0,6185.0,546.29,NVIDIA GeForce RTX 4070,[N/A],Enabled,Enabled
1701907030.647357,0,GPU-93ae0c7f-c327-aee3-adae-bc0d1dae71ea,0.43,0.47549259078326006,12282.0,6185.0,546.29,NVIDIA GeForce RTX 4070,[N/A],Enabled,Enabled
1701907031.647522,0,GPU-93ae0c7f-c327-aee3-adae-bc0d1dae71ea,0.44,0.47549259078326006,12282.0,6185.0,546.29,NVIDIA GeForce RTX 4070,[N/A],Enabled,Enabled
1701907032.648084,0,GPU-93ae0c7f-c327-aee3-adae-bc0d1dae71ea,0.44,0.47549259078326006,12282.0,6185.0,546.29,NVIDIA GeForce RTX 4070,[N/A],Enabled,Enabled
1701907033.646828,0,GPU-93ae0c7f-c327-aee3-adae-bc0d1dae71ea,0.42,0.47549259078326006,12282.0,6185.0,546.29,NVIDIA GeForce RTX 4070,[N/A],Enabled,Enabled
1701907034.647202,0,GPU-93ae0c7f-c327-aee3-adae-bc0d1dae71ea,0.45,0.47549259078326006,12282.0,6185.0,546.29,NVIDIA GeForce RTX 4070,[N/A],Enabled,Enabled
1701907035.64756,0,GPU-93ae0c7f-c327-aee3-adae-bc0d1dae71ea,0.36,0.47549259078326006,12282.0,6185.0,546.29,NVIDIA GeForce RTX 4070,[N/A],Enabled,Enabled
1701907036.647658,0,GPU-93ae0c7f-c327-aee3-adae-bc0d1dae71ea,0.43,0.47549259078326006,12282.0,6185.0,546.29,NVIDIA GeForce RTX 4070,[N/A],Enabled,Enabled
1701907037.647107,0,GPU-93ae0c7f-c327-aee3-adae-bc0d1dae71ea,0.45,0.47549259078326006,12282.0,6185.0,546.29,NVIDIA GeForce RTX 4070,[N/A],Enabled,Enabled
1701907038.64772,0,GPU-93ae0c7f-c327-aee3-adae-bc0d1dae71ea,0.47,0.47549259078326006,12282.0,6185.0,546.29,NVIDIA GeForce RTX 4070,[N/A],Enabled,Enabled
1701907039.647272,0,GPU-93ae0c7f-c327-aee3-adae-bc0d1dae71ea,0.4,0.47549259078326006,12282.0,6185.0,546.29,NVIDIA GeForce RTX 4070,[N/A],Enabled,Enabled
1701907040.646859,0,GPU-93ae0c7f-c327-aee3-adae-bc0d1dae71ea,0.41,0.47549259078326006,12282.0,6185.0,546.29,NVIDIA GeForce RTX 4070,[N/A],Enabled,Enabled
1701907041.647623,0,GPU-93ae0c7f-c327-aee3-adae-bc0d1dae71ea,0.41,0.47549259078326006,12282.0,6185.0,546.29,NVIDIA GeForce RTX 4070,[N/A],Enabled,Enabled
1701907042.646632,0,GPU-93ae0c7f-c327-aee3-adae-bc0d1dae71ea,0.36,0.47549259078326006,12282.0,6185.0,546.29,NVIDIA GeForce RTX 4070,[N/A],Enabled,Enabled
1701907043.647546,0,GPU-93ae0c7f-c327-aee3-adae-bc0d1dae71ea,0.4,0.47549259078326006,12282.0,6185.0,546.29,NVIDIA GeForce RTX 4070,[N/A],Enabled,Enabled
1701907044.647185,0,GPU-93ae0c7f-c327-aee3-adae-bc0d1dae71ea,0.44,0.47549259078326006,12282.0,6185.0,546.29,NVIDIA GeForce RTX 4070,[N/A],Enabled,Enabled
1701907045.647719,0,GPU-93ae0c7f-c327-aee3-adae-bc0d1dae71ea,0.43,0.47549259078326006,12282.0,6185.0,546.29,NVIDIA GeForce RTX 4070,[N/A],Enabled,Enabled
1701907046.647377,0,GPU-93ae0c7f-c327-aee3-adae-bc0d1dae71ea,0.43,0.47549259078326006,12282.0,6185.0,546.29,NVIDIA GeForce RTX 4070,[N/A],Enabled,Enabled
1701907047.647309,0,GPU-93ae0c7f-c327-aee3-adae-bc0d1dae71ea,0.42,0.47549259078326006,12282.0,6185.0,546.29,NVIDIA GeForce RTX 4070,[N/A],Enabled,Enabled
1701907048.647668,0,GPU-93ae0c7f-c327-aee3-adae-bc0d1dae71ea,0.42,0.47549259078326006,12282.0,6185.0,546.29,NVIDIA GeForce RTX 4070,[N/A],Enabled,Enabled
1701907049.647997,0,GPU-93ae0c7f-c327-aee3-adae-bc0d1dae71ea,0.4,0.47549259078326006,12282.0,6185.0,546.29,NVIDIA GeForce RTX 4070,[N/A],Enabled,Enabled
1701907050.647398,0,GPU-93ae0c7f-c327-aee3-adae-bc0d1dae71ea,0.38,0.47549259078326006,12282.0,6185.0,546.29,NVIDIA GeForce RTX 4070,[N/A],Enabled,Enabled
1701907051.647496,0,GPU-93ae0c7f-c327-aee3-adae-bc0d1dae71ea,0.41,0.47549259078326006,12282.0,6185.0,546.29,NVIDIA GeForce RTX 4070,[N/A],Enabled,Enabled
1701907052.646781,0,GPU-93ae0c7f-c327-aee3-adae-bc0d1dae71ea,0.43,0.47549259078326006,12282.0,6185.0,546.29,NVIDIA GeForce RTX 4070,[N/A],Enabled,Enabled
1701907053.647281,0,GPU-93ae0c7f-c327-aee3-adae-bc0d1dae71ea,0.42,0.47549259078326006,12282.0,6185.0,546.29,NVIDIA GeForce RTX 4070,[N/A],Enabled,Enabled
1701907054.646814,0,GPU-93ae0c7f-c327-aee3-adae-bc0d1dae71ea,0.38,0.47549259078326006,12282.0,6185.0,546.29,NVIDIA GeForce RTX 4070,[N/A],Enabled,Enabled
1701907055.647259,0,GPU-93ae0c7f-c327-aee3-adae-bc0d1dae71ea,0.34,0.47549259078326006,12282.0,6185.0,546.29,NVIDIA GeForce RTX 4070,[N/A],Enabled,Enabled
1701907056.647693,0,GPU-93ae0c7f-c327-aee3-adae-bc0d1dae71ea,0.28,0.4737013515714053,12282.0,6207.0,546.29,NVIDIA GeForce RTX 4070,[N/A],Enabled,Enabled
1701907057.647281,0,GPU-93ae0c7f-c327-aee3-adae-bc0d1dae71ea,0.29,0.4737013515714053,12282.0,6207.0,546.29,NVIDIA GeForce RTX 4070,[N/A],Enabled,Enabled
1701907058.647933,0,GPU-93ae0c7f-c327-aee3-adae-bc0d1dae71ea,0.27,0.4693860934701189,12282.0,6260.0,546.29,NVIDIA GeForce RTX 4070,[N/A],Enabled,Enabled
1701907059.646907,0,GPU-93ae0c7f-c327-aee3-adae-bc0d1dae71ea,0.29,0.4737013515714053,12282.0,6207.0,546.29,NVIDIA GeForce RTX 4070,[N/A],Enabled,Enabled
1701907060.647202,0,GPU-93ae0c7f-c327-aee3-adae-bc0d1dae71ea,0.28,0.4693860934701189,12282.0,6260.0,546.29,NVIDIA GeForce RTX 4070,[N/A],Enabled,Enabled
1701907061.647759,0,GPU-93ae0c7f-c327-aee3-adae-bc0d1dae71ea,0.26,0.4737013515714053,12282.0,6207.0,546.29,NVIDIA GeForce RTX 4070,[N/A],Enabled,Enabled
1701907062.647261,0,GPU-93ae0c7f-c327-aee3-adae-bc0d1dae71ea,0.26,0.4693860934701189,12282.0,6260.0,546.29,NVIDIA GeForce RTX 4070,[N/A],Enabled,Enabled
1701907063.64761,0,GPU-93ae0c7f-c327-aee3-adae-bc0d1dae71ea,0.27,0.4693860934701189,12282.0,6260.0,546.29,NVIDIA GeForce RTX 4070,[N/A],Enabled,Enabled
1701907064.647275,0,GPU-93ae0c7f-c327-aee3-adae-bc0d1dae71ea,0.19,0.29123921185474677,12282.0,8448.0,546.29,NVIDIA GeForce RTX 4070,[N/A],Enabled,Enabled
1701907065.647495,0,GPU-93ae0c7f-c327-aee3-adae-bc0d1dae71ea,0.16,0.2896108125712425,12282.0,8468.0,546.29,NVIDIA GeForce RTX 4070,[N/A],Enabled,Enabled
1701907066.647467,0,GPU-93ae0c7f-c327-aee3-adae-bc0d1dae71ea,0.16,0.2897736524995929,12282.0,8466.0,546.29,NVIDIA GeForce RTX 4070,[N/A],Enabled,Enabled
1701907067.647314,0,GPU-93ae0c7f-c327-aee3-adae-bc0d1dae71ea,0.17,0.2896922325354177,12282.0,8467.0,546.29,NVIDIA GeForce RTX 4070,[N/A],Enabled,Enabled
1701907068.648056,0,GPU-93ae0c7f-c327-aee3-adae-bc0d1dae71ea,0.17,0.28895945285784075,12282.0,8476.0,546.29,NVIDIA GeForce RTX 4070,[N/A],Enabled,Enabled
1701907069.647659,0,GPU-93ae0c7f-c327-aee3-adae-bc0d1dae71ea,0.16,0.28895945285784075,12282.0,8476.0,546.29,NVIDIA GeForce RTX 4070,[N/A],Enabled,Enabled
1701907070.647541,0,GPU-93ae0c7f-c327-aee3-adae-bc0d1dae71ea,0.16,0.28895945285784075,12282.0,8476.0,546.29,NVIDIA GeForce RTX 4070,[N/A],Enabled,Enabled
1701907071.647535,0,GPU-93ae0c7f-c327-aee3-adae-bc0d1dae71ea,0.16,0.28895945285784075,12282.0,8476.0,546.29,NVIDIA GeForce RTX 4070,[N/A],Enabled,Enabled
1701907072.647433,0,GPU-93ae0c7f-c327-aee3-adae-bc0d1dae71ea,0.17,0.28895945285784075,12282.0,8476.0,546.29,NVIDIA GeForce RTX 4070,[N/A],Enabled,Enabled
1701907073.647465,0,GPU-93ae0c7f-c327-aee3-adae-bc0d1dae71ea,0.21,0.2898550724637681,12282.0,8465.0,546.29,NVIDIA GeForce RTX 4070,[N/A],Enabled,Enabled
1701907074.647643,0,GPU-93ae0c7f-c327-aee3-adae-bc0d1dae71ea,0.16,0.2877381533952125,12282.0,8491.0,546.29,NVIDIA GeForce RTX 4070,[N/A],Enabled,Enabled
