timestamp,id,uuid,load,memoryUtil,memoryTotal,memoryUsed,memoryFree,driver,name,serial,display_mode,display_active
1701954042.587787,0,GPU-b342434c-f6b6-7627-333e-da750a9991e6,0.13,0.39755859375,10240.0,5995.0,546.17,NVIDIA GeForce RTX 3080,[N/A],Enabled,Enabled
1701954043.582963,0,GPU-b342434c-f6b6-7627-333e-da750a9991e6,0.09,0.39755859375,10240.0,5995.0,546.17,NVIDIA GeForce RTX 3080,[N/A],Enabled,Enabled
1701954044.58272,0,GPU-b342434c-f6b6-7627-333e-da750a9991e6,0.09,0.39755859375,10240.0,5995.0,546.17,NVIDIA GeForce RTX 3080,[N/A],Enabled,Enabled
1701954045.583914,0,GPU-b342434c-f6b6-7627-333e-da750a9991e6,0.1,0.39931640625,10240.0,5977.0,546.17,NVIDIA GeForce RTX 3080,[N/A],Enabled,Enabled
1701954046.583575,0,GPU-b342434c-f6b6-7627-333e-da750a9991e6,0.3,0.5044921875,10240.0,4900.0,546.17,NVIDIA GeForce RTX 3080,[N/A],Enabled,Enabled
1701954047.583041,0,GPU-b342434c-f6b6-7627-333e-da750a9991e6,0.2,0.62392578125,10240.0,3677.0,546.17,NVIDIA GeForce RTX 3080,[N/A],Enabled,Enabled
1701954048.582774,0,GPU-b342434c-f6b6-7627-333e-da750a9991e6,0.16,0.62373046875,10240.0,3679.0,546.17,NVIDIA GeForce RTX 3080,[N/A],Enabled,Enabled
1701954049.583106,0,GPU-b342434c-f6b6-7627-333e-da750a9991e6,0.16,0.62373046875,10240.0,3679.0,546.17,NVIDIA GeForce RTX 3080,[N/A],Enabled,Enabled
1701954050.582617,0,GPU-b342434c-f6b6-7627-333e-da750a9991e6,0.16,0.62314453125,10240.0,3685.0,546.17,NVIDIA GeForce RTX 3080,[N/A],Enabled,Enabled
1701954051.58319,0,GPU-b342434c-f6b6-7627-333e-da750a9991e6,0.16,0.62294921875,10240.0,3687.0,546.17,NVIDIA GeForce RTX 3080,[N/A],Enabled,Enabled
1701954052.582854,0,GPU-b342434c-f6b6-7627-333e-da750a9991e6,0.16,0.62294921875,10240.0,3687.0,546.17,NVIDIA GeForce RTX 3080,[N/A],Enabled,Enabled
1701954053.583261,0,GPU-b342434c-f6b6-7627-333e-da750a9991e6,0.18,0.62294921875,10240.0,3687.0,546.17,NVIDIA GeForce RTX 3080,[N/A],Enabled,Enabled
1701954054.582719,0,GPU-b342434c-f6b6-7627-333e-da750a9991e6,0.18,0.62294921875,10240.0,3687.0,546.17,NVIDIA GeForce RTX 3080,[N/A],Enabled,Enabled
1701954055.583185,0,GPU-b342434c-f6b6-7627-333e-da750a9991e6,0.16,0.62216796875,10240.0,3695.0,546.17,NVIDIA GeForce RTX 3080,[N/A],Enabled,Enabled
1701954056.582804,0,GPU-b342434c-f6b6-7627-333e-da750a9991e6,0.2,0.6220703125,10240.0,3696.0,546.17,NVIDIA GeForce RTX 3080,[N/A],Enabled,Enabled
1701954057.583443,0,GPU-b342434c-f6b6-7627-333e-da750a9991e6,0.18,0.6220703125,10240.0,3696.0,546.17,NVIDIA GeForce RTX 3080,[N/A],Enabled,Enabled
1701954058.582635,0,GPU-b342434c-f6b6-7627-333e-da750a9991e6,0.18,0.6220703125,10240.0,3696.0,546.17,NVIDIA GeForce RTX 3080,[N/A],Enabled,Enabled
1701954059.582619,0,GPU-b342434c-f6b6-7627-333e-da750a9991e6,0.19,0.6220703125,10240.0,3696.0,546.17,NVIDIA GeForce RTX 3080,[N/A],Enabled,Enabled
1701954060.58344,0,GPU-b342434c-f6b6-7627-333e-da750a9991e6,0.18,0.6220703125,10240.0,3696.0,546.17,NVIDIA GeForce RTX 3080,[N/A],Enabled,Enabled
1701954061.58373,0,GPU-b342434c-f6b6-7627-333e-da750a9991e6,0.18,0.6220703125,10240.0,3696.0,546.17,NVIDIA GeForce RTX 3080,[N/A],Enabled,Enabled
1701954062.582826,0,GPU-b342434c-f6b6-7627-333e-da750a9991e6,0.17,0.6220703125,10240.0,3696.0,546.17,NVIDIA GeForce RTX 3080,[N/A],Enabled,Enabled
1701954063.582966,0,GPU-b342434c-f6b6-7627-333e-da750a9991e6,0.17,0.6220703125,10240.0,3696.0,546.17,NVIDIA GeForce RTX 3080,[N/A],Enabled,Enabled
1701954064.582842,0,GPU-b342434c-f6b6-7627-333e-da750a9991e6,0.18,0.6220703125,10240.0,3696.0,546.17,NVIDIA GeForce RTX 3080,[N/A],Enabled,Enabled
1701954065.582771,0,GPU-b342434c-f6b6-7627-333e-da750a9991e6,0.18,0.6220703125,10240.0,3696.0,546.17,NVIDIA GeForce RTX 3080,[N/A],Enabled,Enabled
1701954066.583826,0,GPU-b342434c-f6b6-7627-333e-da750a9991e6,0.19,0.6220703125,10240.0,3696.0,546.17,NVIDIA GeForce RTX 3080,[N/A],Enabled,Enabled
1701954067.583328,0,GPU-b342434c-f6b6-7627-333e-da750a9991e6,0.18,0.6220703125,10240.0,3696.0,546.17,NVIDIA GeForce RTX 3080,[N/A],Enabled,Enabled
1701954068.58362,0,GPU-b342434c-f6b6-7627-333e-da750a9991e6,0.18,0.6220703125,10240.0,3696.0,546.17,NVIDIA GeForce RTX 3080,[N/A],Enabled,Enabled
1701954069.583328,0,GPU-b342434c-f6b6-7627-333e-da750a9991e6,0.19,0.6220703125,10240.0,3696.0,546.17,NVIDIA GeForce RTX 3080,[N/A],Enabled,Enabled
1701954070.583132,0,GPU-b342434c-f6b6-7627-333e-da750a9991e6,0.18,0.6279296875,10240.0,3636.0,546.17,NVIDIA GeForce RTX 3080,[N/A],Enabled,Enabled
1701954071.583173,0,GPU-b342434c-f6b6-7627-333e-da750a9991e6,0.19,0.6279296875,10240.0,3636.0,546.17,NVIDIA GeForce RTX 3080,[N/A],Enabled,Enabled
1701954072.583202,0,GPU-b342434c-f6b6-7627-333e-da750a9991e6,0.18,0.6279296875,10240.0,3636.0,546.17,NVIDIA GeForce RTX 3080,[N/A],Enabled,Enabled
1701954073.583294,0,GPU-b342434c-f6b6-7627-333e-da750a9991e6,0.18,0.6279296875,10240.0,3636.0,546.17,NVIDIA GeForce RTX 3080,[N/A],Enabled,Enabled
1701954074.583389,0,GPU-b342434c-f6b6-7627-333e-da750a9991e6,0.18,0.6279296875,10240.0,3636.0,546.17,NVIDIA GeForce RTX 3080,[N/A],Enabled,Enabled
1701954075.583406,0,GPU-b342434c-f6b6-7627-333e-da750a9991e6,0.18,0.6279296875,10240.0,3636.0,546.17,NVIDIA GeForce RTX 3080,[N/A],Enabled,Enabled
1701954076.583077,0,GPU-b342434c-f6b6-7627-333e-da750a9991e6,0.18,0.6279296875,10240.0,3636.0,546.17,NVIDIA GeForce RTX 3080,[N/A],Enabled,Enabled
1701954077.583253,0,GPU-b342434c-f6b6-7627-333e-da750a9991e6,0.16,0.6279296875,10240.0,3636.0,546.17,NVIDIA GeForce RTX 3080,[N/A],Enabled,Enabled
1701954078.582689,0,GPU-b342434c-f6b6-7627-333e-da750a9991e6,0.17,0.6279296875,10240.0,3636.0,546.17,NVIDIA GeForce RTX 3080,[N/A],Enabled,Enabled
1701954079.582768,0,GPU-b342434c-f6b6-7627-333e-da750a9991e6,0.18,0.6279296875,10240.0,3636.0,546.17,NVIDIA GeForce RTX 3080,[N/A],Enabled,Enabled
1701954080.583392,0,GPU-b342434c-f6b6-7627-333e-da750a9991e6,0.18,0.6279296875,10240.0,3636.0,546.17,NVIDIA GeForce RTX 3080,[N/A],Enabled,Enabled
1701954081.582962,0,GPU-b342434c-f6b6-7627-333e-da750a9991e6,0.18,0.6279296875,10240.0,3636.0,546.17,NVIDIA GeForce RTX 3080,[N/A],Enabled,Enabled
1701954082.58314,0,GPU-b342434c-f6b6-7627-333e-da750a9991e6,0.16,0.6279296875,10240.0,3636.0,546.17,NVIDIA GeForce RTX 3080,[N/A],Enabled,Enabled
1701954083.583122,0,GPU-b342434c-f6b6-7627-333e-da750a9991e6,0.17,0.6279296875,10240.0,3636.0,546.17,NVIDIA GeForce RTX 3080,[N/A],Enabled,Enabled
1701954084.582897,0,GPU-b342434c-f6b6-7627-333e-da750a9991e6,0.17,0.6279296875,10240.0,3636.0,546.17,NVIDIA GeForce RTX 3080,[N/A],Enabled,Enabled
1701954085.583298,0,GPU-b342434c-f6b6-7627-333e-da750a9991e6,0.18,0.62802734375,10240.0,3635.0,546.17,NVIDIA GeForce RTX 3080,[N/A],Enabled,Enabled
1701954086.582846,0,GPU-b342434c-f6b6-7627-333e-da750a9991e6,0.17,0.62802734375,10240.0,3635.0,546.17,NVIDIA GeForce RTX 3080,[N/A],Enabled,Enabled
1701954087.5831,0,GPU-b342434c-f6b6-7627-333e-da750a9991e6,0.17,0.62802734375,10240.0,3635.0,546.17,NVIDIA GeForce RTX 3080,[N/A],Enabled,Enabled
1701954088.582828,0,GPU-b342434c-f6b6-7627-333e-da750a9991e6,0.17,0.62802734375,10240.0,3635.0,546.17,NVIDIA GeForce RTX 3080,[N/A],Enabled,Enabled
1701954089.582953,0,GPU-b342434c-f6b6-7627-333e-da750a9991e6,0.18,0.62802734375,10240.0,3635.0,546.17,NVIDIA GeForce RTX 3080,[N/A],Enabled,Enabled
1701954090.582845,0,GPU-b342434c-f6b6-7627-333e-da750a9991e6,0.18,0.62802734375,10240.0,3635.0,546.17,NVIDIA GeForce RTX 3080,[N/A],Enabled,Enabled
1701954091.583291,0,GPU-b342434c-f6b6-7627-333e-da750a9991e6,0.17,0.62802734375,10240.0,3635.0,546.17,NVIDIA GeForce RTX 3080,[N/A],Enabled,Enabled
1701954092.583823,0,GPU-b342434c-f6b6-7627-333e-da750a9991e6,0.18,0.62802734375,10240.0,3635.0,546.17,NVIDIA GeForce RTX 3080,[N/A],Enabled,Enabled
1701954093.583124,0,GPU-b342434c-f6b6-7627-333e-da750a9991e6,0.17,0.62802734375,10240.0,3635.0,546.17,NVIDIA GeForce RTX 3080,[N/A],Enabled,Enabled
1701954094.58329,0,GPU-b342434c-f6b6-7627-333e-da750a9991e6,0.17,0.62802734375,10240.0,3635.0,546.17,NVIDIA GeForce RTX 3080,[N/A],Enabled,Enabled
1701954095.582844,0,GPU-b342434c-f6b6-7627-333e-da750a9991e6,0.18,0.62802734375,10240.0,3635.0,546.17,NVIDIA GeForce RTX 3080,[N/A],Enabled,Enabled
1701954096.583321,0,GPU-b342434c-f6b6-7627-333e-da750a9991e6,0.17,0.62802734375,10240.0,3635.0,546.17,NVIDIA GeForce RTX 3080,[N/A],Enabled,Enabled
1701954097.583256,0,GPU-b342434c-f6b6-7627-333e-da750a9991e6,0.17,0.62802734375,10240.0,3635.0,546.17,NVIDIA GeForce RTX 3080,[N/A],Enabled,Enabled
1701954098.583723,0,GPU-b342434c-f6b6-7627-333e-da750a9991e6,0.17,0.62802734375,10240.0,3635.0,546.17,NVIDIA GeForce RTX 3080,[N/A],Enabled,Enabled
1701954099.583183,0,GPU-b342434c-f6b6-7627-333e-da750a9991e6,0.17,0.62802734375,10240.0,3635.0,546.17,NVIDIA GeForce RTX 3080,[N/A],Enabled,Enabled
1701954100.583065,0,GPU-b342434c-f6b6-7627-333e-da750a9991e6,0.18,0.62802734375,10240.0,3635.0,546.17,NVIDIA GeForce RTX 3080,[N/A],Enabled,Enabled
1701954101.583033,0,GPU-b342434c-f6b6-7627-333e-da750a9991e6,0.18,0.62802734375,10240.0,3635.0,546.17,NVIDIA GeForce RTX 3080,[N/A],Enabled,Enabled
1701954102.583366,0,GPU-b342434c-f6b6-7627-333e-da750a9991e6,0.17,0.62802734375,10240.0,3635.0,546.17,NVIDIA GeForce RTX 3080,[N/A],Enabled,Enabled
1701954103.583013,0,GPU-b342434c-f6b6-7627-333e-da750a9991e6,0.17,0.62802734375,10240.0,3635.0,546.17,NVIDIA GeForce RTX 3080,[N/A],Enabled,Enabled
1701954104.583411,0,GPU-b342434c-f6b6-7627-333e-da750a9991e6,0.17,0.62802734375,10240.0,3635.0,546.17,NVIDIA GeForce RTX 3080,[N/A],Enabled,Enabled
1701954105.583177,0,GPU-b342434c-f6b6-7627-333e-da750a9991e6,0.17,0.62802734375,10240.0,3635.0,546.17,NVIDIA GeForce RTX 3080,[N/A],Enabled,Enabled
1701954106.583355,0,GPU-b342434c-f6b6-7627-333e-da750a9991e6,0.18,0.628125,10240.0,3634.0,546.17,NVIDIA GeForce RTX 3080,[N/A],Enabled,Enabled
1701954107.583793,0,GPU-b342434c-f6b6-7627-333e-da750a9991e6,0.18,0.628125,10240.0,3634.0,546.17,NVIDIA GeForce RTX 3080,[N/A],Enabled,Enabled
1701954108.583225,0,GPU-b342434c-f6b6-7627-333e-da750a9991e6,0.18,0.628125,10240.0,3634.0,546.17,NVIDIA GeForce RTX 3080,[N/A],Enabled,Enabled
1701954109.583065,0,GPU-b342434c-f6b6-7627-333e-da750a9991e6,0.17,0.628125,10240.0,3634.0,546.17,NVIDIA GeForce RTX 3080,[N/A],Enabled,Enabled
1701954110.582911,0,GPU-b342434c-f6b6-7627-333e-da750a9991e6,0.18,0.628125,10240.0,3634.0,546.17,NVIDIA GeForce RTX 3080,[N/A],Enabled,Enabled
1701954111.583421,0,GPU-b342434c-f6b6-7627-333e-da750a9991e6,0.19,0.628125,10240.0,3634.0,546.17,NVIDIA GeForce RTX 3080,[N/A],Enabled,Enabled
1701954112.582957,0,GPU-b342434c-f6b6-7627-333e-da750a9991e6,0.19,0.628125,10240.0,3634.0,546.17,NVIDIA GeForce RTX 3080,[N/A],Enabled,Enabled
1701954113.583354,0,GPU-b342434c-f6b6-7627-333e-da750a9991e6,0.19,0.628125,10240.0,3634.0,546.17,NVIDIA GeForce RTX 3080,[N/A],Enabled,Enabled
1701954114.583267,0,GPU-b342434c-f6b6-7627-333e-da750a9991e6,0.19,0.628125,10240.0,3634.0,546.17,NVIDIA GeForce RTX 3080,[N/A],Enabled,Enabled
1701954115.582893,0,GPU-b342434c-f6b6-7627-333e-da750a9991e6,0.18,0.628125,10240.0,3634.0,546.17,NVIDIA GeForce RTX 3080,[N/A],Enabled,Enabled
1701954116.583439,0,GPU-b342434c-f6b6-7627-333e-da750a9991e6,0.19,0.628125,10240.0,3634.0,546.17,NVIDIA GeForce RTX 3080,[N/A],Enabled,Enabled
1701954117.582922,0,GPU-b342434c-f6b6-7627-333e-da750a9991e6,0.18,0.628125,10240.0,3634.0,546.17,NVIDIA GeForce RTX 3080,[N/A],Enabled,Enabled
1701954118.582772,0,GPU-b342434c-f6b6-7627-333e-da750a9991e6,0.18,0.628125,10240.0,3634.0,546.17,NVIDIA GeForce RTX 3080,[N/A],Enabled,Enabled
1701954119.583214,0,GPU-b342434c-f6b6-7627-333e-da750a9991e6,0.18,0.628125,10240.0,3634.0,546.17,NVIDIA GeForce RTX 3080,[N/A],Enabled,Enabled
1701954120.583127,0,GPU-b342434c-f6b6-7627-333e-da750a9991e6,0.18,0.628125,10240.0,3634.0,546.17,NVIDIA GeForce RTX 3080,[N/A],Enabled,Enabled
1701954121.583179,0,GPU-b342434c-f6b6-7627-333e-da750a9991e6,0.18,0.628125,10240.0,3634.0,546.17,NVIDIA GeForce RTX 3080,[N/A],Enabled,Enabled
1701954122.582723,0,GPU-b342434c-f6b6-7627-333e-da750a9991e6,0.18,0.628125,10240.0,3634.0,546.17,NVIDIA GeForce RTX 3080,[N/A],Enabled,Enabled
1701954123.583435,0,GPU-b342434c-f6b6-7627-333e-da750a9991e6,0.17,0.628125,10240.0,3634.0,546.17,NVIDIA GeForce RTX 3080,[N/A],Enabled,Enabled
1701954124.583931,0,GPU-b342434c-f6b6-7627-333e-da750a9991e6,0.17,0.62822265625,10240.0,3633.0,546.17,NVIDIA GeForce RTX 3080,[N/A],Enabled,Enabled
1701954125.582795,0,GPU-b342434c-f6b6-7627-333e-da750a9991e6,0.17,0.628125,10240.0,3634.0,546.17,NVIDIA GeForce RTX 3080,[N/A],Enabled,Enabled
1701954126.583219,0,GPU-b342434c-f6b6-7627-333e-da750a9991e6,0.17,0.628125,10240.0,3634.0,546.17,NVIDIA GeForce RTX 3080,[N/A],Enabled,Enabled
1701954127.583195,0,GPU-b342434c-f6b6-7627-333e-da750a9991e6,0.19,0.628125,10240.0,3634.0,546.17,NVIDIA GeForce RTX 3080,[N/A],Enabled,Enabled
1701954128.582973,0,GPU-b342434c-f6b6-7627-333e-da750a9991e6,0.19,0.628125,10240.0,3634.0,546.17,NVIDIA GeForce RTX 3080,[N/A],Enabled,Enabled
1701954129.58296,0,GPU-b342434c-f6b6-7627-333e-da750a9991e6,0.18,0.628125,10240.0,3634.0,546.17,NVIDIA GeForce RTX 3080,[N/A],Enabled,Enabled
1701954130.583325,0,GPU-b342434c-f6b6-7627-333e-da750a9991e6,0.18,0.628125,10240.0,3634.0,546.17,NVIDIA GeForce RTX 3080,[N/A],Enabled,Enabled
1701954131.583738,0,GPU-b342434c-f6b6-7627-333e-da750a9991e6,0.18,0.62822265625,10240.0,3634.0,546.17,NVIDIA GeForce RTX 3080,[N/A],Enabled,Enabled
1701954132.583557,0,GPU-b342434c-f6b6-7627-333e-da750a9991e6,0.18,0.628125,10240.0,3634.0,546.17,NVIDIA GeForce RTX 3080,[N/A],Enabled,Enabled
1701954133.582529,0,GPU-b342434c-f6b6-7627-333e-da750a9991e6,0.18,0.62822265625,10240.0,3634.0,546.17,NVIDIA GeForce RTX 3080,[N/A],Enabled,Enabled
1701954134.583314,0,GPU-b342434c-f6b6-7627-333e-da750a9991e6,0.17,0.62822265625,10240.0,3634.0,546.17,NVIDIA GeForce RTX 3080,[N/A],Enabled,Enabled
1701954135.583308,0,GPU-b342434c-f6b6-7627-333e-da750a9991e6,0.17,0.628125,10240.0,3634.0,546.17,NVIDIA GeForce RTX 3080,[N/A],Enabled,Enabled
1701954136.583047,0,GPU-b342434c-f6b6-7627-333e-da750a9991e6,0.17,0.62822265625,10240.0,3633.0,546.17,NVIDIA GeForce RTX 3080,[N/A],Enabled,Enabled
1701954137.582712,0,GPU-b342434c-f6b6-7627-333e-da750a9991e6,0.17,0.62822265625,10240.0,3633.0,546.17,NVIDIA GeForce RTX 3080,[N/A],Enabled,Enabled
1701954138.582756,0,GPU-b342434c-f6b6-7627-333e-da750a9991e6,0.17,0.62822265625,10240.0,3633.0,546.17,NVIDIA GeForce RTX 3080,[N/A],Enabled,Enabled
1701954139.582915,0,GPU-b342434c-f6b6-7627-333e-da750a9991e6,0.18,0.62822265625,10240.0,3633.0,546.17,NVIDIA GeForce RTX 3080,[N/A],Enabled,Enabled
1701954140.583347,0,GPU-b342434c-f6b6-7627-333e-da750a9991e6,0.17,0.628125,10240.0,3634.0,546.17,NVIDIA GeForce RTX 3080,[N/A],Enabled,Enabled
1701954141.58308,0,GPU-b342434c-f6b6-7627-333e-da750a9991e6,0.18,0.62822265625,10240.0,3633.0,546.17,NVIDIA GeForce RTX 3080,[N/A],Enabled,Enabled
1701954142.583242,0,GPU-b342434c-f6b6-7627-333e-da750a9991e6,0.18,0.62822265625,10240.0,3633.0,546.17,NVIDIA GeForce RTX 3080,[N/A],Enabled,Enabled
1701954143.583389,0,GPU-b342434c-f6b6-7627-333e-da750a9991e6,0.17,0.628125,10240.0,3634.0,546.17,NVIDIA GeForce RTX 3080,[N/A],Enabled,Enabled
1701954144.583349,0,GPU-b342434c-f6b6-7627-333e-da750a9991e6,0.16,0.62822265625,10240.0,3634.0,546.17,NVIDIA GeForce RTX 3080,[N/A],Enabled,Enabled
1701954145.58309,0,GPU-b342434c-f6b6-7627-333e-da750a9991e6,0.16,0.62822265625,10240.0,3634.0,546.17,NVIDIA GeForce RTX 3080,[N/A],Enabled,Enabled
1701954146.583715,0,GPU-b342434c-f6b6-7627-333e-da750a9991e6,0.16,0.628125,10240.0,3634.0,546.17,NVIDIA GeForce RTX 3080,[N/A],Enabled,Enabled
1701954147.583667,0,GPU-b342434c-f6b6-7627-333e-da750a9991e6,0.17,0.628125,10240.0,3634.0,546.17,NVIDIA GeForce RTX 3080,[N/A],Enabled,Enabled
1701954148.583101,0,GPU-b342434c-f6b6-7627-333e-da750a9991e6,0.18,0.628125,10240.0,3634.0,546.17,NVIDIA GeForce RTX 3080,[N/A],Enabled,Enabled
1701954149.582984,0,GPU-b342434c-f6b6-7627-333e-da750a9991e6,0.17,0.628125,10240.0,3634.0,546.17,NVIDIA GeForce RTX 3080,[N/A],Enabled,Enabled
1701954150.583369,0,GPU-b342434c-f6b6-7627-333e-da750a9991e6,0.17,0.628125,10240.0,3634.0,546.17,NVIDIA GeForce RTX 3080,[N/A],Enabled,Enabled
1701954151.583473,0,GPU-b342434c-f6b6-7627-333e-da750a9991e6,0.17,0.628125,10240.0,3634.0,546.17,NVIDIA GeForce RTX 3080,[N/A],Enabled,Enabled
1701954152.583666,0,GPU-b342434c-f6b6-7627-333e-da750a9991e6,0.17,0.628125,10240.0,3634.0,546.17,NVIDIA GeForce RTX 3080,[N/A],Enabled,Enabled
1701954153.583331,0,GPU-b342434c-f6b6-7627-333e-da750a9991e6,0.16,0.62822265625,10240.0,3633.0,546.17,NVIDIA GeForce RTX 3080,[N/A],Enabled,Enabled
1701954154.58358,0,GPU-b342434c-f6b6-7627-333e-da750a9991e6,0.16,0.62822265625,10240.0,3633.0,546.17,NVIDIA GeForce RTX 3080,[N/A],Enabled,Enabled
1701954155.583196,0,GPU-b342434c-f6b6-7627-333e-da750a9991e6,0.16,0.62822265625,10240.0,3633.0,546.17,NVIDIA GeForce RTX 3080,[N/A],Enabled,Enabled
1701954156.583418,0,GPU-b342434c-f6b6-7627-333e-da750a9991e6,0.17,0.62822265625,10240.0,3633.0,546.17,NVIDIA GeForce RTX 3080,[N/A],Enabled,Enabled
1701954157.583443,0,GPU-b342434c-f6b6-7627-333e-da750a9991e6,0.17,0.62822265625,10240.0,3633.0,546.17,NVIDIA GeForce RTX 3080,[N/A],Enabled,Enabled
1701954158.583816,0,GPU-b342434c-f6b6-7627-333e-da750a9991e6,0.17,0.62822265625,10240.0,3633.0,546.17,NVIDIA GeForce RTX 3080,[N/A],Enabled,Enabled
1701954159.582918,0,GPU-b342434c-f6b6-7627-333e-da750a9991e6,0.16,0.62822265625,10240.0,3633.0,546.17,NVIDIA GeForce RTX 3080,[N/A],Enabled,Enabled
1701954160.582875,0,GPU-b342434c-f6b6-7627-333e-da750a9991e6,0.16,0.62822265625,10240.0,3633.0,546.17,NVIDIA GeForce RTX 3080,[N/A],Enabled,Enabled
1701954161.583115,0,GPU-b342434c-f6b6-7627-333e-da750a9991e6,0.16,0.62822265625,10240.0,3633.0,546.17,NVIDIA GeForce RTX 3080,[N/A],Enabled,Enabled
1701954162.583452,0,GPU-b342434c-f6b6-7627-333e-da750a9991e6,0.17,0.62822265625,10240.0,3633.0,546.17,NVIDIA GeForce RTX 3080,[N/A],Enabled,Enabled
1701954163.583071,0,GPU-b342434c-f6b6-7627-333e-da750a9991e6,0.17,0.62822265625,10240.0,3633.0,546.17,NVIDIA GeForce RTX 3080,[N/A],Enabled,Enabled
1701954164.583224,0,GPU-b342434c-f6b6-7627-333e-da750a9991e6,0.19,0.62822265625,10240.0,3633.0,546.17,NVIDIA GeForce RTX 3080,[N/A],Enabled,Enabled
1701954165.583414,0,GPU-b342434c-f6b6-7627-333e-da750a9991e6,0.17,0.62822265625,10240.0,3633.0,546.17,NVIDIA GeForce RTX 3080,[N/A],Enabled,Enabled
1701954166.582718,0,GPU-b342434c-f6b6-7627-333e-da750a9991e6,0.17,0.62822265625,10240.0,3633.0,546.17,NVIDIA GeForce RTX 3080,[N/A],Enabled,Enabled
1701954167.583126,0,GPU-b342434c-f6b6-7627-333e-da750a9991e6,0.18,0.62822265625,10240.0,3633.0,546.17,NVIDIA GeForce RTX 3080,[N/A],Enabled,Enabled
1701954168.583495,0,GPU-b342434c-f6b6-7627-333e-da750a9991e6,0.17,0.62822265625,10240.0,3633.0,546.17,NVIDIA GeForce RTX 3080,[N/A],Enabled,Enabled
1701954169.582669,0,GPU-b342434c-f6b6-7627-333e-da750a9991e6,0.18,0.62822265625,10240.0,3633.0,546.17,NVIDIA GeForce RTX 3080,[N/A],Enabled,Enabled
1701954170.582955,0,GPU-b342434c-f6b6-7627-333e-da750a9991e6,0.17,0.62822265625,10240.0,3633.0,546.17,NVIDIA GeForce RTX 3080,[N/A],Enabled,Enabled
1701954171.582926,0,GPU-b342434c-f6b6-7627-333e-da750a9991e6,0.17,0.62822265625,10240.0,3633.0,546.17,NVIDIA GeForce RTX 3080,[N/A],Enabled,Enabled
1701954172.583334,0,GPU-b342434c-f6b6-7627-333e-da750a9991e6,0.18,0.62822265625,10240.0,3633.0,546.17,NVIDIA GeForce RTX 3080,[N/A],Enabled,Enabled
1701954173.583476,0,GPU-b342434c-f6b6-7627-333e-da750a9991e6,0.18,0.62822265625,10240.0,3633.0,546.17,NVIDIA GeForce RTX 3080,[N/A],Enabled,Enabled
1701954174.58334,0,GPU-b342434c-f6b6-7627-333e-da750a9991e6,0.17,0.62822265625,10240.0,3633.0,546.17,NVIDIA GeForce RTX 3080,[N/A],Enabled,Enabled
1701954175.583188,0,GPU-b342434c-f6b6-7627-333e-da750a9991e6,0.16,0.62822265625,10240.0,3633.0,546.17,NVIDIA GeForce RTX 3080,[N/A],Enabled,Enabled
1701954176.582705,0,GPU-b342434c-f6b6-7627-333e-da750a9991e6,0.17,0.62822265625,10240.0,3633.0,546.17,NVIDIA GeForce RTX 3080,[N/A],Enabled,Enabled
1701954177.583693,0,GPU-b342434c-f6b6-7627-333e-da750a9991e6,0.17,0.62822265625,10240.0,3633.0,546.17,NVIDIA GeForce RTX 3080,[N/A],Enabled,Enabled
1701954178.583697,0,GPU-b342434c-f6b6-7627-333e-da750a9991e6,0.18,0.62822265625,10240.0,3633.0,546.17,NVIDIA GeForce RTX 3080,[N/A],Enabled,Enabled
1701954179.582941,0,GPU-b342434c-f6b6-7627-333e-da750a9991e6,0.18,0.62822265625,10240.0,3633.0,546.17,NVIDIA GeForce RTX 3080,[N/A],Enabled,Enabled
1701954180.583278,0,GPU-b342434c-f6b6-7627-333e-da750a9991e6,0.16,0.62822265625,10240.0,3633.0,546.17,NVIDIA GeForce RTX 3080,[N/A],Enabled,Enabled
1701954181.58271,0,GPU-b342434c-f6b6-7627-333e-da750a9991e6,0.17,0.62822265625,10240.0,3633.0,546.17,NVIDIA GeForce RTX 3080,[N/A],Enabled,Enabled
1701954182.582972,0,GPU-b342434c-f6b6-7627-333e-da750a9991e6,0.18,0.62822265625,10240.0,3633.0,546.17,NVIDIA GeForce RTX 3080,[N/A],Enabled,Enabled
1701954183.58311,0,GPU-b342434c-f6b6-7627-333e-da750a9991e6,0.19,0.62822265625,10240.0,3633.0,546.17,NVIDIA GeForce RTX 3080,[N/A],Enabled,Enabled
1701954184.582712,0,GPU-b342434c-f6b6-7627-333e-da750a9991e6,0.19,0.62822265625,10240.0,3633.0,546.17,NVIDIA GeForce RTX 3080,[N/A],Enabled,Enabled
1701954185.583113,0,GPU-b342434c-f6b6-7627-333e-da750a9991e6,0.18,0.62822265625,10240.0,3633.0,546.17,NVIDIA GeForce RTX 3080,[N/A],Enabled,Enabled
1701954186.582796,0,GPU-b342434c-f6b6-7627-333e-da750a9991e6,0.18,0.62822265625,10240.0,3633.0,546.17,NVIDIA GeForce RTX 3080,[N/A],Enabled,Enabled
1701954187.583706,0,GPU-b342434c-f6b6-7627-333e-da750a9991e6,0.17,0.62822265625,10240.0,3633.0,546.17,NVIDIA GeForce RTX 3080,[N/A],Enabled,Enabled
1701954188.582874,0,GPU-b342434c-f6b6-7627-333e-da750a9991e6,0.18,0.6287109375,10240.0,3628.0,546.17,NVIDIA GeForce RTX 3080,[N/A],Enabled,Enabled
1701954189.58312,0,GPU-b342434c-f6b6-7627-333e-da750a9991e6,0.18,0.6287109375,10240.0,3628.0,546.17,NVIDIA GeForce RTX 3080,[N/A],Enabled,Enabled
1701954190.583442,0,GPU-b342434c-f6b6-7627-333e-da750a9991e6,0.18,0.6287109375,10240.0,3628.0,546.17,NVIDIA GeForce RTX 3080,[N/A],Enabled,Enabled
1701954191.58375,0,GPU-b342434c-f6b6-7627-333e-da750a9991e6,0.17,0.6287109375,10240.0,3628.0,546.17,NVIDIA GeForce RTX 3080,[N/A],Enabled,Enabled
1701954192.583507,0,GPU-b342434c-f6b6-7627-333e-da750a9991e6,0.18,0.6287109375,10240.0,3628.0,546.17,NVIDIA GeForce RTX 3080,[N/A],Enabled,Enabled
1701954193.582627,0,GPU-b342434c-f6b6-7627-333e-da750a9991e6,0.18,0.6287109375,10240.0,3628.0,546.17,NVIDIA GeForce RTX 3080,[N/A],Enabled,Enabled
1701954194.582695,0,GPU-b342434c-f6b6-7627-333e-da750a9991e6,0.19,0.617578125,10240.0,3742.0,546.17,NVIDIA GeForce RTX 3080,[N/A],Enabled,Enabled
1701954195.583857,0,GPU-b342434c-f6b6-7627-333e-da750a9991e6,0.18,0.6173828125,10240.0,3744.0,546.17,NVIDIA GeForce RTX 3080,[N/A],Enabled,Enabled
1701954196.583496,0,GPU-b342434c-f6b6-7627-333e-da750a9991e6,0.18,0.6173828125,10240.0,3744.0,546.17,NVIDIA GeForce RTX 3080,[N/A],Enabled,Enabled
1701954197.582955,0,GPU-b342434c-f6b6-7627-333e-da750a9991e6,0.18,0.6173828125,10240.0,3744.0,546.17,NVIDIA GeForce RTX 3080,[N/A],Enabled,Enabled
1701954198.583146,0,GPU-b342434c-f6b6-7627-333e-da750a9991e6,0.17,0.6169921875,10240.0,3748.0,546.17,NVIDIA GeForce RTX 3080,[N/A],Enabled,Enabled
1701954199.583275,0,GPU-b342434c-f6b6-7627-333e-da750a9991e6,0.19,0.6169921875,10240.0,3748.0,546.17,NVIDIA GeForce RTX 3080,[N/A],Enabled,Enabled
1701954200.583689,0,GPU-b342434c-f6b6-7627-333e-da750a9991e6,0.17,0.6169921875,10240.0,3748.0,546.17,NVIDIA GeForce RTX 3080,[N/A],Enabled,Enabled
1701954201.583163,0,GPU-b342434c-f6b6-7627-333e-da750a9991e6,0.17,0.6169921875,10240.0,3748.0,546.17,NVIDIA GeForce RTX 3080,[N/A],Enabled,Enabled
1701954202.583327,0,GPU-b342434c-f6b6-7627-333e-da750a9991e6,0.18,0.6169921875,10240.0,3748.0,546.17,NVIDIA GeForce RTX 3080,[N/A],Enabled,Enabled
1701954203.583605,0,GPU-b342434c-f6b6-7627-333e-da750a9991e6,0.18,0.6169921875,10240.0,3748.0,546.17,NVIDIA GeForce RTX 3080,[N/A],Enabled,Enabled
1701954204.583235,0,GPU-b342434c-f6b6-7627-333e-da750a9991e6,0.18,0.6169921875,10240.0,3748.0,546.17,NVIDIA GeForce RTX 3080,[N/A],Enabled,Enabled
1701954205.582714,0,GPU-b342434c-f6b6-7627-333e-da750a9991e6,0.18,0.6169921875,10240.0,3748.0,546.17,NVIDIA GeForce RTX 3080,[N/A],Enabled,Enabled
1701954206.583307,0,GPU-b342434c-f6b6-7627-333e-da750a9991e6,0.18,0.6169921875,10240.0,3748.0,546.17,NVIDIA GeForce RTX 3080,[N/A],Enabled,Enabled
1701954207.58289,0,GPU-b342434c-f6b6-7627-333e-da750a9991e6,0.17,0.6169921875,10240.0,3748.0,546.17,NVIDIA GeForce RTX 3080,[N/A],Enabled,Enabled
1701954208.58275,0,GPU-b342434c-f6b6-7627-333e-da750a9991e6,0.18,0.6169921875,10240.0,3748.0,546.17,NVIDIA GeForce RTX 3080,[N/A],Enabled,Enabled
1701954209.583602,0,GPU-b342434c-f6b6-7627-333e-da750a9991e6,0.19,0.6169921875,10240.0,3748.0,546.17,NVIDIA GeForce RTX 3080,[N/A],Enabled,Enabled
1701954210.582905,0,GPU-b342434c-f6b6-7627-333e-da750a9991e6,0.18,0.6169921875,10240.0,3748.0,546.17,NVIDIA GeForce RTX 3080,[N/A],Enabled,Enabled
1701954211.583114,0,GPU-b342434c-f6b6-7627-333e-da750a9991e6,0.17,0.6169921875,10240.0,3748.0,546.17,NVIDIA GeForce RTX 3080,[N/A],Enabled,Enabled
1701954212.583102,0,GPU-b342434c-f6b6-7627-333e-da750a9991e6,0.18,0.6169921875,10240.0,3748.0,546.17,NVIDIA GeForce RTX 3080,[N/A],Enabled,Enabled
1701954213.5831,0,GPU-b342434c-f6b6-7627-333e-da750a9991e6,0.18,0.6169921875,10240.0,3748.0,546.17,NVIDIA GeForce RTX 3080,[N/A],Enabled,Enabled
1701954214.58409,0,GPU-b342434c-f6b6-7627-333e-da750a9991e6,0.18,0.6169921875,10240.0,3748.0,546.17,NVIDIA GeForce RTX 3080,[N/A],Enabled,Enabled
1701954215.582605,0,GPU-b342434c-f6b6-7627-333e-da750a9991e6,0.17,0.6169921875,10240.0,3748.0,546.17,NVIDIA GeForce RTX 3080,[N/A],Enabled,Enabled
1701954216.583346,0,GPU-b342434c-f6b6-7627-333e-da750a9991e6,0.17,0.6169921875,10240.0,3748.0,546.17,NVIDIA GeForce RTX 3080,[N/A],Enabled,Enabled
1701954217.582775,0,GPU-b342434c-f6b6-7627-333e-da750a9991e6,0.17,0.6169921875,10240.0,3748.0,546.17,NVIDIA GeForce RTX 3080,[N/A],Enabled,Enabled
1701954218.583248,0,GPU-b342434c-f6b6-7627-333e-da750a9991e6,0.17,0.6169921875,10240.0,3748.0,546.17,NVIDIA GeForce RTX 3080,[N/A],Enabled,Enabled
1701954219.583095,0,GPU-b342434c-f6b6-7627-333e-da750a9991e6,0.18,0.6169921875,10240.0,3748.0,546.17,NVIDIA GeForce RTX 3080,[N/A],Enabled,Enabled
1701954220.582442,0,GPU-b342434c-f6b6-7627-333e-da750a9991e6,0.17,0.6169921875,10240.0,3748.0,546.17,NVIDIA GeForce RTX 3080,[N/A],Enabled,Enabled
1701954221.583314,0,GPU-b342434c-f6b6-7627-333e-da750a9991e6,0.17,0.6169921875,10240.0,3748.0,546.17,NVIDIA GeForce RTX 3080,[N/A],Enabled,Enabled
1701954222.582817,0,GPU-b342434c-f6b6-7627-333e-da750a9991e6,0.16,0.6169921875,10240.0,3748.0,546.17,NVIDIA GeForce RTX 3080,[N/A],Enabled,Enabled
1701954223.583671,0,GPU-b342434c-f6b6-7627-333e-da750a9991e6,0.17,0.6169921875,10240.0,3748.0,546.17,NVIDIA GeForce RTX 3080,[N/A],Enabled,Enabled
1701954224.583077,0,GPU-b342434c-f6b6-7627-333e-da750a9991e6,0.17,0.6169921875,10240.0,3748.0,546.17,NVIDIA GeForce RTX 3080,[N/A],Enabled,Enabled
1701954225.583421,0,GPU-b342434c-f6b6-7627-333e-da750a9991e6,0.17,0.6169921875,10240.0,3748.0,546.17,NVIDIA GeForce RTX 3080,[N/A],Enabled,Enabled
1701954226.583462,0,GPU-b342434c-f6b6-7627-333e-da750a9991e6,0.17,0.6169921875,10240.0,3748.0,546.17,NVIDIA GeForce RTX 3080,[N/A],Enabled,Enabled
1701954227.582786,0,GPU-b342434c-f6b6-7627-333e-da750a9991e6,0.17,0.6169921875,10240.0,3748.0,546.17,NVIDIA GeForce RTX 3080,[N/A],Enabled,Enabled
1701954228.583115,0,GPU-b342434c-f6b6-7627-333e-da750a9991e6,0.17,0.6169921875,10240.0,3748.0,546.17,NVIDIA GeForce RTX 3080,[N/A],Enabled,Enabled
1701954229.582917,0,GPU-b342434c-f6b6-7627-333e-da750a9991e6,0.17,0.6169921875,10240.0,3748.0,546.17,NVIDIA GeForce RTX 3080,[N/A],Enabled,Enabled
1701954230.583039,0,GPU-b342434c-f6b6-7627-333e-da750a9991e6,0.17,0.6169921875,10240.0,3748.0,546.17,NVIDIA GeForce RTX 3080,[N/A],Enabled,Enabled
1701954231.583067,0,GPU-b342434c-f6b6-7627-333e-da750a9991e6,0.16,0.6169921875,10240.0,3748.0,546.17,NVIDIA GeForce RTX 3080,[N/A],Enabled,Enabled
1701954232.583709,0,GPU-b342434c-f6b6-7627-333e-da750a9991e6,0.17,0.61708984375,10240.0,3747.0,546.17,NVIDIA GeForce RTX 3080,[N/A],Enabled,Enabled
1701954233.583151,0,GPU-b342434c-f6b6-7627-333e-da750a9991e6,0.16,0.61708984375,10240.0,3747.0,546.17,NVIDIA GeForce RTX 3080,[N/A],Enabled,Enabled
1701954234.583432,0,GPU-b342434c-f6b6-7627-333e-da750a9991e6,0.17,0.61708984375,10240.0,3747.0,546.17,NVIDIA GeForce RTX 3080,[N/A],Enabled,Enabled
1701954235.582802,0,GPU-b342434c-f6b6-7627-333e-da750a9991e6,0.16,0.61708984375,10240.0,3747.0,546.17,NVIDIA GeForce RTX 3080,[N/A],Enabled,Enabled
1701954236.583432,0,GPU-b342434c-f6b6-7627-333e-da750a9991e6,0.16,0.61708984375,10240.0,3747.0,546.17,NVIDIA GeForce RTX 3080,[N/A],Enabled,Enabled
1701954237.582714,0,GPU-b342434c-f6b6-7627-333e-da750a9991e6,0.16,0.61708984375,10240.0,3747.0,546.17,NVIDIA GeForce RTX 3080,[N/A],Enabled,Enabled
1701954238.583189,0,GPU-b342434c-f6b6-7627-333e-da750a9991e6,0.18,0.6169921875,10240.0,3748.0,546.17,NVIDIA GeForce RTX 3080,[N/A],Enabled,Enabled
1701954239.583623,0,GPU-b342434c-f6b6-7627-333e-da750a9991e6,0.14,0.6169921875,10240.0,3748.0,546.17,NVIDIA GeForce RTX 3080,[N/A],Enabled,Enabled
1701954240.583112,0,GPU-b342434c-f6b6-7627-333e-da750a9991e6,0.21,0.6099609375,10240.0,3820.0,546.17,NVIDIA GeForce RTX 3080,[N/A],Enabled,Enabled
1701954241.58303,0,GPU-b342434c-f6b6-7627-333e-da750a9991e6,0.17,0.6099609375,10240.0,3820.0,546.17,NVIDIA GeForce RTX 3080,[N/A],Enabled,Enabled
1701954242.583079,0,GPU-b342434c-f6b6-7627-333e-da750a9991e6,0.17,0.6099609375,10240.0,3820.0,546.17,NVIDIA GeForce RTX 3080,[N/A],Enabled,Enabled
1701954243.583562,0,GPU-b342434c-f6b6-7627-333e-da750a9991e6,0.17,0.6099609375,10240.0,3820.0,546.17,NVIDIA GeForce RTX 3080,[N/A],Enabled,Enabled
1701954244.583615,0,GPU-b342434c-f6b6-7627-333e-da750a9991e6,0.18,0.6099609375,10240.0,3820.0,546.17,NVIDIA GeForce RTX 3080,[N/A],Enabled,Enabled
1701954245.583345,0,GPU-b342434c-f6b6-7627-333e-da750a9991e6,0.18,0.6099609375,10240.0,3820.0,546.17,NVIDIA GeForce RTX 3080,[N/A],Enabled,Enabled
1701954246.583342,0,GPU-b342434c-f6b6-7627-333e-da750a9991e6,0.21,0.6490234375,10240.0,3420.0,546.17,NVIDIA GeForce RTX 3080,[N/A],Enabled,Enabled
1701954247.583068,0,GPU-b342434c-f6b6-7627-333e-da750a9991e6,0.2,0.590234375,10240.0,4022.0,546.17,NVIDIA GeForce RTX 3080,[N/A],Enabled,Enabled
1701954248.583367,0,GPU-b342434c-f6b6-7627-333e-da750a9991e6,0.17,0.384375,10240.0,6130.0,546.17,NVIDIA GeForce RTX 3080,[N/A],Enabled,Enabled
1701954249.582645,0,GPU-b342434c-f6b6-7627-333e-da750a9991e6,0.17,0.38369140625,10240.0,6137.0,546.17,NVIDIA GeForce RTX 3080,[N/A],Enabled,Enabled
1701954250.583646,0,GPU-b342434c-f6b6-7627-333e-da750a9991e6,0.17,0.38349609375,10240.0,6139.0,546.17,NVIDIA GeForce RTX 3080,[N/A],Enabled,Enabled
1701954251.583372,0,GPU-b342434c-f6b6-7627-333e-da750a9991e6,0.16,0.3853515625,10240.0,6120.0,546.17,NVIDIA GeForce RTX 3080,[N/A],Enabled,Enabled
1701954252.582967,0,GPU-b342434c-f6b6-7627-333e-da750a9991e6,0.16,0.38525390625,10240.0,6121.0,546.17,NVIDIA GeForce RTX 3080,[N/A],Enabled,Enabled
1701954253.583081,0,GPU-b342434c-f6b6-7627-333e-da750a9991e6,0.16,0.38525390625,10240.0,6121.0,546.17,NVIDIA GeForce RTX 3080,[N/A],Enabled,Enabled
1701954254.582611,0,GPU-b342434c-f6b6-7627-333e-da750a9991e6,0.18,0.38525390625,10240.0,6121.0,546.17,NVIDIA GeForce RTX 3080,[N/A],Enabled,Enabled
1701954255.582617,0,GPU-b342434c-f6b6-7627-333e-da750a9991e6,0.16,0.38525390625,10240.0,6121.0,546.17,NVIDIA GeForce RTX 3080,[N/A],Enabled,Enabled
1701954256.583666,0,GPU-b342434c-f6b6-7627-333e-da750a9991e6,0.16,0.384375,10240.0,6130.0,546.17,NVIDIA GeForce RTX 3080,[N/A],Enabled,Enabled
1701954257.583048,0,GPU-b342434c-f6b6-7627-333e-da750a9991e6,0.16,0.3841796875,10240.0,6132.0,546.17,NVIDIA GeForce RTX 3080,[N/A],Enabled,Enabled
1701954258.5833,0,GPU-b342434c-f6b6-7627-333e-da750a9991e6,0.16,0.3841796875,10240.0,6132.0,546.17,NVIDIA GeForce RTX 3080,[N/A],Enabled,Enabled
1701954259.583479,0,GPU-b342434c-f6b6-7627-333e-da750a9991e6,0.17,0.3841796875,10240.0,6132.0,546.17,NVIDIA GeForce RTX 3080,[N/A],Enabled,Enabled
1701954260.583164,0,GPU-b342434c-f6b6-7627-333e-da750a9991e6,0.18,0.3837890625,10240.0,6136.0,546.17,NVIDIA GeForce RTX 3080,[N/A],Enabled,Enabled
1701954261.582807,0,GPU-b342434c-f6b6-7627-333e-da750a9991e6,0.19,0.3810546875,10240.0,6164.0,546.17,NVIDIA GeForce RTX 3080,[N/A],Enabled,Enabled
1701954262.582749,0,GPU-b342434c-f6b6-7627-333e-da750a9991e6,0.15,0.37880859375,10240.0,6187.0,546.17,NVIDIA GeForce RTX 3080,[N/A],Enabled,Enabled
1701954263.582715,0,GPU-b342434c-f6b6-7627-333e-da750a9991e6,0.16,0.37861328125,10240.0,6189.0,546.17,NVIDIA GeForce RTX 3080,[N/A],Enabled,Enabled
1701954264.583609,0,GPU-b342434c-f6b6-7627-333e-da750a9991e6,0.16,0.37861328125,10240.0,6189.0,546.17,NVIDIA GeForce RTX 3080,[N/A],Enabled,Enabled
1701954265.583415,0,GPU-b342434c-f6b6-7627-333e-da750a9991e6,0.17,0.37861328125,10240.0,6189.0,546.17,NVIDIA GeForce RTX 3080,[N/A],Enabled,Enabled
