timestamp,id,uuid,load,memoryUtil,memoryTotal,memoryUsed,memoryFree,driver,name,serial,display_mode,display_active
1709652816.691509,0,GPU-93ae0c7f-c327-aee3-adae-bc0d1dae71ea,0.15,0.25932258589806223,12282.0,8826.0,551.61,NVIDIA GeForce RTX 4070,[N/A],Enabled,Enabled
1709652817.688354,0,GPU-93ae0c7f-c327-aee3-adae-bc0d1dae71ea,0.15,0.25932258589806223,12282.0,8826.0,551.61,NVIDIA GeForce RTX 4070,[N/A],Enabled,Enabled
1709652818.68842,0,GPU-93ae0c7f-c327-aee3-adae-bc0d1dae71ea,0.15,0.25932258589806223,12282.0,8826.0,551.61,NVIDIA GeForce RTX 4070,[N/A],Enabled,Enabled
1709652819.689381,0,GPU-93ae0c7f-c327-aee3-adae-bc0d1dae71ea,0.15,0.25932258589806223,12282.0,8826.0,551.61,NVIDIA GeForce RTX 4070,[N/A],Enabled,Enabled
1709652820.688177,0,GPU-93ae0c7f-c327-aee3-adae-bc0d1dae71ea,0.15,0.25932258589806223,12282.0,8826.0,551.61,NVIDIA GeForce RTX 4070,[N/A],Enabled,Enabled
1709652821.687808,0,GPU-93ae0c7f-c327-aee3-adae-bc0d1dae71ea,0.15,0.25932258589806223,12282.0,8826.0,551.61,NVIDIA GeForce RTX 4070,[N/A],Enabled,Enabled
1709652822.6879,0,GPU-93ae0c7f-c327-aee3-adae-bc0d1dae71ea,0.16,0.25932258589806223,12282.0,8826.0,551.61,NVIDIA GeForce RTX 4070,[N/A],Enabled,Enabled
1709652823.687844,0,GPU-93ae0c7f-c327-aee3-adae-bc0d1dae71ea,0.16,0.25932258589806223,12282.0,8826.0,551.61,NVIDIA GeForce RTX 4070,[N/A],Enabled,Enabled
1709652824.688238,0,GPU-93ae0c7f-c327-aee3-adae-bc0d1dae71ea,0.16,0.25932258589806223,12282.0,8826.0,551.61,NVIDIA GeForce RTX 4070,[N/A],Enabled,Enabled
1709652825.688403,0,GPU-93ae0c7f-c327-aee3-adae-bc0d1dae71ea,0.16,0.25932258589806223,12282.0,8826.0,551.61,NVIDIA GeForce RTX 4070,[N/A],Enabled,Enabled
1709652826.688184,0,GPU-93ae0c7f-c327-aee3-adae-bc0d1dae71ea,0.16,0.25932258589806223,12282.0,8826.0,551.61,NVIDIA GeForce RTX 4070,[N/A],Enabled,Enabled
1709652827.688476,0,GPU-93ae0c7f-c327-aee3-adae-bc0d1dae71ea,0.16,0.25932258589806223,12282.0,8826.0,551.61,NVIDIA GeForce RTX 4070,[N/A],Enabled,Enabled
1709652828.687824,0,GPU-93ae0c7f-c327-aee3-adae-bc0d1dae71ea,0.16,0.25932258589806223,12282.0,8826.0,551.61,NVIDIA GeForce RTX 4070,[N/A],Enabled,Enabled
1709652829.688065,0,GPU-93ae0c7f-c327-aee3-adae-bc0d1dae71ea,0.16,0.25932258589806223,12282.0,8826.0,551.61,NVIDIA GeForce RTX 4070,[N/A],Enabled,Enabled
1709652830.6892,0,GPU-93ae0c7f-c327-aee3-adae-bc0d1dae71ea,0.16,0.25932258589806223,12282.0,8826.0,551.61,NVIDIA GeForce RTX 4070,[N/A],Enabled,Enabled
1709652831.687928,0,GPU-93ae0c7f-c327-aee3-adae-bc0d1dae71ea,0.21,0.2565543071161049,12282.0,8860.0,551.61,NVIDIA GeForce RTX 4070,[N/A],Enabled,Enabled
1709652832.68869,0,GPU-93ae0c7f-c327-aee3-adae-bc0d1dae71ea,0.17,0.2563100472235792,12282.0,8863.0,551.61,NVIDIA GeForce RTX 4070,[N/A],Enabled,Enabled
1709652833.688735,0,GPU-93ae0c7f-c327-aee3-adae-bc0d1dae71ea,0.18,0.35572382348151765,12282.0,7642.0,551.61,NVIDIA GeForce RTX 4070,[N/A],Enabled,Enabled
1709652834.688185,0,GPU-93ae0c7f-c327-aee3-adae-bc0d1dae71ea,0.11,0.33292623351245726,12282.0,7922.0,551.61,NVIDIA GeForce RTX 4070,[N/A],Enabled,Enabled
1709652835.688731,0,GPU-93ae0c7f-c327-aee3-adae-bc0d1dae71ea,0.11,0.33284481354828205,12282.0,7923.0,551.61,NVIDIA GeForce RTX 4070,[N/A],Enabled,Enabled
1709652836.688572,0,GPU-93ae0c7f-c327-aee3-adae-bc0d1dae71ea,0.1,0.33284481354828205,12282.0,7923.0,551.61,NVIDIA GeForce RTX 4070,[N/A],Enabled,Enabled
1709652837.688329,0,GPU-93ae0c7f-c327-aee3-adae-bc0d1dae71ea,0.14,0.30964012375834554,12282.0,8208.0,551.61,NVIDIA GeForce RTX 4070,[N/A],Enabled,Enabled
1709652838.688311,0,GPU-93ae0c7f-c327-aee3-adae-bc0d1dae71ea,0.09,0.4943006025077349,12282.0,5940.0,551.61,NVIDIA GeForce RTX 4070,[N/A],Enabled,Enabled
1709652839.688574,0,GPU-93ae0c7f-c327-aee3-adae-bc0d1dae71ea,0.35,0.46116267708842207,12282.0,6347.0,551.61,NVIDIA GeForce RTX 4070,[N/A],Enabled,Enabled
1709652840.688062,0,GPU-93ae0c7f-c327-aee3-adae-bc0d1dae71ea,0.34,0.46116267708842207,12282.0,6347.0,551.61,NVIDIA GeForce RTX 4070,[N/A],Enabled,Enabled
1709652841.689122,0,GPU-93ae0c7f-c327-aee3-adae-bc0d1dae71ea,0.3,0.45644031916625954,12282.0,6405.0,551.61,NVIDIA GeForce RTX 4070,[N/A],Enabled,Enabled
1709652842.688332,0,GPU-93ae0c7f-c327-aee3-adae-bc0d1dae71ea,0.3,0.45644031916625954,12282.0,6405.0,551.61,NVIDIA GeForce RTX 4070,[N/A],Enabled,Enabled
1709652843.687605,0,GPU-93ae0c7f-c327-aee3-adae-bc0d1dae71ea,0.31,0.45644031916625954,12282.0,6405.0,551.61,NVIDIA GeForce RTX 4070,[N/A],Enabled,Enabled
1709652844.68849,0,GPU-93ae0c7f-c327-aee3-adae-bc0d1dae71ea,0.34,0.46116267708842207,12282.0,6347.0,551.61,NVIDIA GeForce RTX 4070,[N/A],Enabled,Enabled
1709652845.688357,0,GPU-93ae0c7f-c327-aee3-adae-bc0d1dae71ea,0.19,0.5740107474352711,12282.0,4961.0,551.61,NVIDIA GeForce RTX 4070,[N/A],Enabled,Enabled
1709652846.688243,0,GPU-93ae0c7f-c327-aee3-adae-bc0d1dae71ea,0.31,0.46197687673017424,12282.0,6337.0,551.61,NVIDIA GeForce RTX 4070,[N/A],Enabled,Enabled
1709652847.688542,0,GPU-93ae0c7f-c327-aee3-adae-bc0d1dae71ea,0.31,0.46197687673017424,12282.0,6337.0,551.61,NVIDIA GeForce RTX 4070,[N/A],Enabled,Enabled
1709652848.688387,0,GPU-93ae0c7f-c327-aee3-adae-bc0d1dae71ea,0.28,0.4572545188080117,12282.0,6395.0,551.61,NVIDIA GeForce RTX 4070,[N/A],Enabled,Enabled
1709652849.687835,0,GPU-93ae0c7f-c327-aee3-adae-bc0d1dae71ea,0.28,0.4570916788796613,12282.0,6397.0,551.61,NVIDIA GeForce RTX 4070,[N/A],Enabled,Enabled
1709652850.688172,0,GPU-93ae0c7f-c327-aee3-adae-bc0d1dae71ea,0.3,0.4570916788796613,12282.0,6397.0,551.61,NVIDIA GeForce RTX 4070,[N/A],Enabled,Enabled
1709652851.688987,0,GPU-93ae0c7f-c327-aee3-adae-bc0d1dae71ea,0.33,0.4617326168376486,12282.0,6340.0,551.61,NVIDIA GeForce RTX 4070,[N/A],Enabled,Enabled
1709652852.687916,0,GPU-93ae0c7f-c327-aee3-adae-bc0d1dae71ea,0.31,0.4616511968734734,12282.0,6341.0,551.61,NVIDIA GeForce RTX 4070,[N/A],Enabled,Enabled
1709652853.688405,0,GPU-93ae0c7f-c327-aee3-adae-bc0d1dae71ea,0.31,0.4570102589154861,12282.0,6398.0,551.61,NVIDIA GeForce RTX 4070,[N/A],Enabled,Enabled
1709652854.688052,0,GPU-93ae0c7f-c327-aee3-adae-bc0d1dae71ea,0.3,0.4615697769092982,12282.0,6342.0,551.61,NVIDIA GeForce RTX 4070,[N/A],Enabled,Enabled
1709652855.687717,0,GPU-93ae0c7f-c327-aee3-adae-bc0d1dae71ea,0.31,0.4616511968734734,12282.0,6342.0,551.61,NVIDIA GeForce RTX 4070,[N/A],Enabled,Enabled
1709652856.688693,0,GPU-93ae0c7f-c327-aee3-adae-bc0d1dae71ea,0.3,0.45692883895131087,12282.0,6399.0,551.61,NVIDIA GeForce RTX 4070,[N/A],Enabled,Enabled
1709652857.688843,0,GPU-93ae0c7f-c327-aee3-adae-bc0d1dae71ea,0.31,0.45692883895131087,12282.0,6399.0,551.61,NVIDIA GeForce RTX 4070,[N/A],Enabled,Enabled
1709652858.688422,0,GPU-93ae0c7f-c327-aee3-adae-bc0d1dae71ea,0.33,0.4616511968734734,12282.0,6342.0,551.61,NVIDIA GeForce RTX 4070,[N/A],Enabled,Enabled
1709652859.688027,0,GPU-93ae0c7f-c327-aee3-adae-bc0d1dae71ea,0.31,0.4616511968734734,12282.0,6341.0,551.61,NVIDIA GeForce RTX 4070,[N/A],Enabled,Enabled
1709652860.688732,0,GPU-93ae0c7f-c327-aee3-adae-bc0d1dae71ea,0.3,0.45692883895131087,12282.0,6399.0,551.61,NVIDIA GeForce RTX 4070,[N/A],Enabled,Enabled
1709652861.687954,0,GPU-93ae0c7f-c327-aee3-adae-bc0d1dae71ea,0.29,0.45896433805569126,12282.0,6374.0,551.61,NVIDIA GeForce RTX 4070,[N/A],Enabled,Enabled
1709652862.688228,0,GPU-93ae0c7f-c327-aee3-adae-bc0d1dae71ea,0.37,0.4653965152255333,12282.0,6295.0,551.61,NVIDIA GeForce RTX 4070,[N/A],Enabled,Enabled
1709652863.687807,0,GPU-93ae0c7f-c327-aee3-adae-bc0d1dae71ea,0.37,0.4653965152255333,12282.0,6295.0,551.61,NVIDIA GeForce RTX 4070,[N/A],Enabled,Enabled
1709652864.688576,0,GPU-93ae0c7f-c327-aee3-adae-bc0d1dae71ea,0.39,0.4653965152255333,12282.0,6295.0,551.61,NVIDIA GeForce RTX 4070,[N/A],Enabled,Enabled
1709652865.688033,0,GPU-93ae0c7f-c327-aee3-adae-bc0d1dae71ea,0.43,0.4653965152255333,12282.0,6295.0,551.61,NVIDIA GeForce RTX 4070,[N/A],Enabled,Enabled
1709652866.688046,0,GPU-93ae0c7f-c327-aee3-adae-bc0d1dae71ea,0.41,0.4653965152255333,12282.0,6295.0,551.61,NVIDIA GeForce RTX 4070,[N/A],Enabled,Enabled
1709652867.688139,0,GPU-93ae0c7f-c327-aee3-adae-bc0d1dae71ea,0.42,0.4653965152255333,12282.0,6295.0,551.61,NVIDIA GeForce RTX 4070,[N/A],Enabled,Enabled
1709652868.687906,0,GPU-93ae0c7f-c327-aee3-adae-bc0d1dae71ea,0.39,0.4653965152255333,12282.0,6295.0,551.61,NVIDIA GeForce RTX 4070,[N/A],Enabled,Enabled
1709652869.688664,0,GPU-93ae0c7f-c327-aee3-adae-bc0d1dae71ea,0.43,0.4653965152255333,12282.0,6295.0,551.61,NVIDIA GeForce RTX 4070,[N/A],Enabled,Enabled
1709652870.688094,0,GPU-93ae0c7f-c327-aee3-adae-bc0d1dae71ea,0.41,0.4653965152255333,12282.0,6295.0,551.61,NVIDIA GeForce RTX 4070,[N/A],Enabled,Enabled
1709652871.688348,0,GPU-93ae0c7f-c327-aee3-adae-bc0d1dae71ea,0.42,0.4653965152255333,12282.0,6295.0,551.61,NVIDIA GeForce RTX 4070,[N/A],Enabled,Enabled
1709652872.688506,0,GPU-93ae0c7f-c327-aee3-adae-bc0d1dae71ea,0.39,0.4653965152255333,12282.0,6295.0,551.61,NVIDIA GeForce RTX 4070,[N/A],Enabled,Enabled
1709652873.689183,0,GPU-93ae0c7f-c327-aee3-adae-bc0d1dae71ea,0.41,0.4653965152255333,12282.0,6295.0,551.61,NVIDIA GeForce RTX 4070,[N/A],Enabled,Enabled
1709652874.688982,0,GPU-93ae0c7f-c327-aee3-adae-bc0d1dae71ea,0.41,0.4653965152255333,12282.0,6295.0,551.61,NVIDIA GeForce RTX 4070,[N/A],Enabled,Enabled
1709652875.68819,0,GPU-93ae0c7f-c327-aee3-adae-bc0d1dae71ea,0.42,0.4653965152255333,12282.0,6295.0,551.61,NVIDIA GeForce RTX 4070,[N/A],Enabled,Enabled
1709652876.688229,0,GPU-93ae0c7f-c327-aee3-adae-bc0d1dae71ea,0.39,0.4653965152255333,12282.0,6295.0,551.61,NVIDIA GeForce RTX 4070,[N/A],Enabled,Enabled
1709652877.688119,0,GPU-93ae0c7f-c327-aee3-adae-bc0d1dae71ea,0.41,0.4653965152255333,12282.0,6295.0,551.61,NVIDIA GeForce RTX 4070,[N/A],Enabled,Enabled
1709652878.688374,0,GPU-93ae0c7f-c327-aee3-adae-bc0d1dae71ea,0.41,0.4653965152255333,12282.0,6295.0,551.61,NVIDIA GeForce RTX 4070,[N/A],Enabled,Enabled
1709652879.688087,0,GPU-93ae0c7f-c327-aee3-adae-bc0d1dae71ea,0.43,0.4653965152255333,12282.0,6295.0,551.61,NVIDIA GeForce RTX 4070,[N/A],Enabled,Enabled
1709652880.688762,0,GPU-93ae0c7f-c327-aee3-adae-bc0d1dae71ea,0.4,0.4653965152255333,12282.0,6295.0,551.61,NVIDIA GeForce RTX 4070,[N/A],Enabled,Enabled
1709652881.68773,0,GPU-93ae0c7f-c327-aee3-adae-bc0d1dae71ea,0.44,0.4653965152255333,12282.0,6295.0,551.61,NVIDIA GeForce RTX 4070,[N/A],Enabled,Enabled
1709652882.688,0,GPU-93ae0c7f-c327-aee3-adae-bc0d1dae71ea,0.41,0.4653965152255333,12282.0,6295.0,551.61,NVIDIA GeForce RTX 4070,[N/A],Enabled,Enabled
1709652883.687766,0,GPU-93ae0c7f-c327-aee3-adae-bc0d1dae71ea,0.44,0.4653965152255333,12282.0,6295.0,551.61,NVIDIA GeForce RTX 4070,[N/A],Enabled,Enabled
1709652884.688772,0,GPU-93ae0c7f-c327-aee3-adae-bc0d1dae71ea,0.4,0.4653965152255333,12282.0,6295.0,551.61,NVIDIA GeForce RTX 4070,[N/A],Enabled,Enabled
1709652885.687766,0,GPU-93ae0c7f-c327-aee3-adae-bc0d1dae71ea,0.43,0.4653965152255333,12282.0,6295.0,551.61,NVIDIA GeForce RTX 4070,[N/A],Enabled,Enabled
1709652886.688086,0,GPU-93ae0c7f-c327-aee3-adae-bc0d1dae71ea,0.39,0.4653965152255333,12282.0,6295.0,551.61,NVIDIA GeForce RTX 4070,[N/A],Enabled,Enabled
1709652887.688838,0,GPU-93ae0c7f-c327-aee3-adae-bc0d1dae71ea,0.4,0.4653965152255333,12282.0,6295.0,551.61,NVIDIA GeForce RTX 4070,[N/A],Enabled,Enabled
1709652888.688322,0,GPU-93ae0c7f-c327-aee3-adae-bc0d1dae71ea,0.41,0.4653965152255333,12282.0,6295.0,551.61,NVIDIA GeForce RTX 4070,[N/A],Enabled,Enabled
1709652889.688399,0,GPU-93ae0c7f-c327-aee3-adae-bc0d1dae71ea,0.41,0.4653965152255333,12282.0,6295.0,551.61,NVIDIA GeForce RTX 4070,[N/A],Enabled,Enabled
1709652890.688766,0,GPU-93ae0c7f-c327-aee3-adae-bc0d1dae71ea,0.41,0.4653965152255333,12282.0,6295.0,551.61,NVIDIA GeForce RTX 4070,[N/A],Enabled,Enabled
1709652891.688329,0,GPU-93ae0c7f-c327-aee3-adae-bc0d1dae71ea,0.42,0.4653965152255333,12282.0,6295.0,551.61,NVIDIA GeForce RTX 4070,[N/A],Enabled,Enabled
1709652892.688385,0,GPU-93ae0c7f-c327-aee3-adae-bc0d1dae71ea,0.39,0.4653965152255333,12282.0,6295.0,551.61,NVIDIA GeForce RTX 4070,[N/A],Enabled,Enabled
1709652893.68809,0,GPU-93ae0c7f-c327-aee3-adae-bc0d1dae71ea,0.42,0.4653965152255333,12282.0,6295.0,551.61,NVIDIA GeForce RTX 4070,[N/A],Enabled,Enabled
1709652894.68819,0,GPU-93ae0c7f-c327-aee3-adae-bc0d1dae71ea,0.4,0.4653965152255333,12282.0,6295.0,551.61,NVIDIA GeForce RTX 4070,[N/A],Enabled,Enabled
1709652895.688778,0,GPU-93ae0c7f-c327-aee3-adae-bc0d1dae71ea,0.43,0.4653965152255333,12282.0,6295.0,551.61,NVIDIA GeForce RTX 4070,[N/A],Enabled,Enabled
1709652896.688262,0,GPU-93ae0c7f-c327-aee3-adae-bc0d1dae71ea,0.4,0.4653965152255333,12282.0,6295.0,551.61,NVIDIA GeForce RTX 4070,[N/A],Enabled,Enabled
1709652897.687794,0,GPU-93ae0c7f-c327-aee3-adae-bc0d1dae71ea,0.42,0.4653965152255333,12282.0,6295.0,551.61,NVIDIA GeForce RTX 4070,[N/A],Enabled,Enabled
1709652898.688312,0,GPU-93ae0c7f-c327-aee3-adae-bc0d1dae71ea,0.4,0.4653965152255333,12282.0,6295.0,551.61,NVIDIA GeForce RTX 4070,[N/A],Enabled,Enabled
1709652899.688429,0,GPU-93ae0c7f-c327-aee3-adae-bc0d1dae71ea,0.39,0.4653965152255333,12282.0,6295.0,551.61,NVIDIA GeForce RTX 4070,[N/A],Enabled,Enabled
1709652900.688416,0,GPU-93ae0c7f-c327-aee3-adae-bc0d1dae71ea,0.41,0.4653965152255333,12282.0,6295.0,551.61,NVIDIA GeForce RTX 4070,[N/A],Enabled,Enabled
1709652901.688237,0,GPU-93ae0c7f-c327-aee3-adae-bc0d1dae71ea,0.42,0.4653965152255333,12282.0,6295.0,551.61,NVIDIA GeForce RTX 4070,[N/A],Enabled,Enabled
1709652902.688874,0,GPU-93ae0c7f-c327-aee3-adae-bc0d1dae71ea,0.41,0.4653965152255333,12282.0,6295.0,551.61,NVIDIA GeForce RTX 4070,[N/A],Enabled,Enabled
1709652903.688102,0,GPU-93ae0c7f-c327-aee3-adae-bc0d1dae71ea,0.44,0.4653965152255333,12282.0,6295.0,551.61,NVIDIA GeForce RTX 4070,[N/A],Enabled,Enabled
1709652904.68878,0,GPU-93ae0c7f-c327-aee3-adae-bc0d1dae71ea,0.4,0.4653965152255333,12282.0,6295.0,551.61,NVIDIA GeForce RTX 4070,[N/A],Enabled,Enabled
1709652905.688185,0,GPU-93ae0c7f-c327-aee3-adae-bc0d1dae71ea,0.42,0.4653965152255333,12282.0,6295.0,551.61,NVIDIA GeForce RTX 4070,[N/A],Enabled,Enabled
1709652906.688526,0,GPU-93ae0c7f-c327-aee3-adae-bc0d1dae71ea,0.38,0.4653965152255333,12282.0,6295.0,551.61,NVIDIA GeForce RTX 4070,[N/A],Enabled,Enabled
1709652907.688338,0,GPU-93ae0c7f-c327-aee3-adae-bc0d1dae71ea,0.42,0.4653965152255333,12282.0,6295.0,551.61,NVIDIA GeForce RTX 4070,[N/A],Enabled,Enabled
1709652908.687773,0,GPU-93ae0c7f-c327-aee3-adae-bc0d1dae71ea,0.37,0.4653965152255333,12282.0,6295.0,551.61,NVIDIA GeForce RTX 4070,[N/A],Enabled,Enabled
1709652909.687731,0,GPU-93ae0c7f-c327-aee3-adae-bc0d1dae71ea,0.41,0.4653965152255333,12282.0,6295.0,551.61,NVIDIA GeForce RTX 4070,[N/A],Enabled,Enabled
1709652910.687911,0,GPU-93ae0c7f-c327-aee3-adae-bc0d1dae71ea,0.39,0.4653965152255333,12282.0,6295.0,551.61,NVIDIA GeForce RTX 4070,[N/A],Enabled,Enabled
1709652911.688539,0,GPU-93ae0c7f-c327-aee3-adae-bc0d1dae71ea,0.38,0.4653965152255333,12282.0,6295.0,551.61,NVIDIA GeForce RTX 4070,[N/A],Enabled,Enabled
1709652912.688255,0,GPU-93ae0c7f-c327-aee3-adae-bc0d1dae71ea,0.39,0.4653965152255333,12282.0,6295.0,551.61,NVIDIA GeForce RTX 4070,[N/A],Enabled,Enabled
1709652913.688236,0,GPU-93ae0c7f-c327-aee3-adae-bc0d1dae71ea,0.42,0.4653965152255333,12282.0,6295.0,551.61,NVIDIA GeForce RTX 4070,[N/A],Enabled,Enabled
1709652914.68866,0,GPU-93ae0c7f-c327-aee3-adae-bc0d1dae71ea,0.4,0.4653965152255333,12282.0,6295.0,551.61,NVIDIA GeForce RTX 4070,[N/A],Enabled,Enabled
1709652915.688569,0,GPU-93ae0c7f-c327-aee3-adae-bc0d1dae71ea,0.43,0.4653965152255333,12282.0,6295.0,551.61,NVIDIA GeForce RTX 4070,[N/A],Enabled,Enabled
1709652916.688721,0,GPU-93ae0c7f-c327-aee3-adae-bc0d1dae71ea,0.38,0.4653965152255333,12282.0,6295.0,551.61,NVIDIA GeForce RTX 4070,[N/A],Enabled,Enabled
1709652917.688496,0,GPU-93ae0c7f-c327-aee3-adae-bc0d1dae71ea,0.42,0.4653965152255333,12282.0,6295.0,551.61,NVIDIA GeForce RTX 4070,[N/A],Enabled,Enabled
1709652918.687619,0,GPU-93ae0c7f-c327-aee3-adae-bc0d1dae71ea,0.38,0.4653965152255333,12282.0,6295.0,551.61,NVIDIA GeForce RTX 4070,[N/A],Enabled,Enabled
1709652919.68856,0,GPU-93ae0c7f-c327-aee3-adae-bc0d1dae71ea,0.43,0.4653965152255333,12282.0,6295.0,551.61,NVIDIA GeForce RTX 4070,[N/A],Enabled,Enabled
1709652920.688544,0,GPU-93ae0c7f-c327-aee3-adae-bc0d1dae71ea,0.4,0.4653965152255333,12282.0,6295.0,551.61,NVIDIA GeForce RTX 4070,[N/A],Enabled,Enabled
1709652921.687912,0,GPU-93ae0c7f-c327-aee3-adae-bc0d1dae71ea,0.43,0.4653965152255333,12282.0,6295.0,551.61,NVIDIA GeForce RTX 4070,[N/A],Enabled,Enabled
1709652922.688658,0,GPU-93ae0c7f-c327-aee3-adae-bc0d1dae71ea,0.41,0.4653965152255333,12282.0,6295.0,551.61,NVIDIA GeForce RTX 4070,[N/A],Enabled,Enabled
1709652923.68871,0,GPU-93ae0c7f-c327-aee3-adae-bc0d1dae71ea,0.38,0.4653965152255333,12282.0,6295.0,551.61,NVIDIA GeForce RTX 4070,[N/A],Enabled,Enabled
1709652924.688993,0,GPU-93ae0c7f-c327-aee3-adae-bc0d1dae71ea,0.4,0.4653965152255333,12282.0,6295.0,551.61,NVIDIA GeForce RTX 4070,[N/A],Enabled,Enabled
1709652925.688817,0,GPU-93ae0c7f-c327-aee3-adae-bc0d1dae71ea,0.39,0.4653965152255333,12282.0,6295.0,551.61,NVIDIA GeForce RTX 4070,[N/A],Enabled,Enabled
1709652926.688886,0,GPU-93ae0c7f-c327-aee3-adae-bc0d1dae71ea,0.4,0.4653965152255333,12282.0,6295.0,551.61,NVIDIA GeForce RTX 4070,[N/A],Enabled,Enabled
1709652927.688456,0,GPU-93ae0c7f-c327-aee3-adae-bc0d1dae71ea,0.43,0.4653965152255333,12282.0,6295.0,551.61,NVIDIA GeForce RTX 4070,[N/A],Enabled,Enabled
1709652928.688593,0,GPU-93ae0c7f-c327-aee3-adae-bc0d1dae71ea,0.41,0.4653965152255333,12282.0,6295.0,551.61,NVIDIA GeForce RTX 4070,[N/A],Enabled,Enabled
1709652929.689667,0,GPU-93ae0c7f-c327-aee3-adae-bc0d1dae71ea,0.44,0.4653965152255333,12282.0,6295.0,551.61,NVIDIA GeForce RTX 4070,[N/A],Enabled,Enabled
1709652930.688118,0,GPU-93ae0c7f-c327-aee3-adae-bc0d1dae71ea,0.42,0.4653965152255333,12282.0,6295.0,551.61,NVIDIA GeForce RTX 4070,[N/A],Enabled,Enabled
1709652931.687773,0,GPU-93ae0c7f-c327-aee3-adae-bc0d1dae71ea,0.42,0.4653965152255333,12282.0,6295.0,551.61,NVIDIA GeForce RTX 4070,[N/A],Enabled,Enabled
1709652932.687926,0,GPU-93ae0c7f-c327-aee3-adae-bc0d1dae71ea,0.39,0.4653965152255333,12282.0,6295.0,551.61,NVIDIA GeForce RTX 4070,[N/A],Enabled,Enabled
1709652933.688485,0,GPU-93ae0c7f-c327-aee3-adae-bc0d1dae71ea,0.43,0.4653965152255333,12282.0,6295.0,551.61,NVIDIA GeForce RTX 4070,[N/A],Enabled,Enabled
1709652934.688636,0,GPU-93ae0c7f-c327-aee3-adae-bc0d1dae71ea,0.38,0.4653965152255333,12282.0,6295.0,551.61,NVIDIA GeForce RTX 4070,[N/A],Enabled,Enabled
1709652935.687923,0,GPU-93ae0c7f-c327-aee3-adae-bc0d1dae71ea,0.42,0.4653965152255333,12282.0,6295.0,551.61,NVIDIA GeForce RTX 4070,[N/A],Enabled,Enabled
1709652936.687632,0,GPU-93ae0c7f-c327-aee3-adae-bc0d1dae71ea,0.39,0.4653965152255333,12282.0,6295.0,551.61,NVIDIA GeForce RTX 4070,[N/A],Enabled,Enabled
1709652937.688447,0,GPU-93ae0c7f-c327-aee3-adae-bc0d1dae71ea,0.42,0.4653965152255333,12282.0,6295.0,551.61,NVIDIA GeForce RTX 4070,[N/A],Enabled,Enabled
1709652938.688499,0,GPU-93ae0c7f-c327-aee3-adae-bc0d1dae71ea,0.4,0.4653965152255333,12282.0,6295.0,551.61,NVIDIA GeForce RTX 4070,[N/A],Enabled,Enabled
1709652939.689308,0,GPU-93ae0c7f-c327-aee3-adae-bc0d1dae71ea,0.41,0.4653965152255333,12282.0,6295.0,551.61,NVIDIA GeForce RTX 4070,[N/A],Enabled,Enabled
1709652940.687747,0,GPU-93ae0c7f-c327-aee3-adae-bc0d1dae71ea,0.4,0.4653965152255333,12282.0,6295.0,551.61,NVIDIA GeForce RTX 4070,[N/A],Enabled,Enabled
1709652941.68833,0,GPU-93ae0c7f-c327-aee3-adae-bc0d1dae71ea,0.41,0.4653965152255333,12282.0,6295.0,551.61,NVIDIA GeForce RTX 4070,[N/A],Enabled,Enabled
1709652942.688508,0,GPU-93ae0c7f-c327-aee3-adae-bc0d1dae71ea,0.39,0.4653965152255333,12282.0,6295.0,551.61,NVIDIA GeForce RTX 4070,[N/A],Enabled,Enabled
1709652943.688467,0,GPU-93ae0c7f-c327-aee3-adae-bc0d1dae71ea,0.42,0.4653965152255333,12282.0,6295.0,551.61,NVIDIA GeForce RTX 4070,[N/A],Enabled,Enabled
1709652944.688127,0,GPU-93ae0c7f-c327-aee3-adae-bc0d1dae71ea,0.39,0.4653965152255333,12282.0,6295.0,551.61,NVIDIA GeForce RTX 4070,[N/A],Enabled,Enabled
1709652945.687563,0,GPU-93ae0c7f-c327-aee3-adae-bc0d1dae71ea,0.42,0.4653965152255333,12282.0,6295.0,551.61,NVIDIA GeForce RTX 4070,[N/A],Enabled,Enabled
1709652946.688291,0,GPU-93ae0c7f-c327-aee3-adae-bc0d1dae71ea,0.4,0.4653965152255333,12282.0,6295.0,551.61,NVIDIA GeForce RTX 4070,[N/A],Enabled,Enabled
1709652947.68809,0,GPU-93ae0c7f-c327-aee3-adae-bc0d1dae71ea,0.44,0.4653965152255333,12282.0,6295.0,551.61,NVIDIA GeForce RTX 4070,[N/A],Enabled,Enabled
1709652948.688272,0,GPU-93ae0c7f-c327-aee3-adae-bc0d1dae71ea,0.39,0.4653965152255333,12282.0,6295.0,551.61,NVIDIA GeForce RTX 4070,[N/A],Enabled,Enabled
1709652949.687797,0,GPU-93ae0c7f-c327-aee3-adae-bc0d1dae71ea,0.4,0.4653965152255333,12282.0,6295.0,551.61,NVIDIA GeForce RTX 4070,[N/A],Enabled,Enabled
1709652950.688594,0,GPU-93ae0c7f-c327-aee3-adae-bc0d1dae71ea,0.39,0.4653965152255333,12282.0,6295.0,551.61,NVIDIA GeForce RTX 4070,[N/A],Enabled,Enabled
1709652951.687954,0,GPU-93ae0c7f-c327-aee3-adae-bc0d1dae71ea,0.42,0.4653965152255333,12282.0,6295.0,551.61,NVIDIA GeForce RTX 4070,[N/A],Enabled,Enabled
1709652952.68909,0,GPU-93ae0c7f-c327-aee3-adae-bc0d1dae71ea,0.39,0.4653965152255333,12282.0,6295.0,551.61,NVIDIA GeForce RTX 4070,[N/A],Enabled,Enabled
1709652953.688243,0,GPU-93ae0c7f-c327-aee3-adae-bc0d1dae71ea,0.4,0.4653965152255333,12282.0,6295.0,551.61,NVIDIA GeForce RTX 4070,[N/A],Enabled,Enabled
1709652954.688664,0,GPU-93ae0c7f-c327-aee3-adae-bc0d1dae71ea,0.4,0.4653965152255333,12282.0,6295.0,551.61,NVIDIA GeForce RTX 4070,[N/A],Enabled,Enabled
1709652955.687564,0,GPU-93ae0c7f-c327-aee3-adae-bc0d1dae71ea,0.42,0.4653965152255333,12282.0,6295.0,551.61,NVIDIA GeForce RTX 4070,[N/A],Enabled,Enabled
1709652956.687944,0,GPU-93ae0c7f-c327-aee3-adae-bc0d1dae71ea,0.38,0.4653965152255333,12282.0,6295.0,551.61,NVIDIA GeForce RTX 4070,[N/A],Enabled,Enabled
1709652957.688953,0,GPU-93ae0c7f-c327-aee3-adae-bc0d1dae71ea,0.42,0.4653965152255333,12282.0,6295.0,551.61,NVIDIA GeForce RTX 4070,[N/A],Enabled,Enabled
1709652958.688676,0,GPU-93ae0c7f-c327-aee3-adae-bc0d1dae71ea,0.38,0.4653965152255333,12282.0,6295.0,551.61,NVIDIA GeForce RTX 4070,[N/A],Enabled,Enabled
1709652959.688585,0,GPU-93ae0c7f-c327-aee3-adae-bc0d1dae71ea,0.42,0.4653965152255333,12282.0,6295.0,551.61,NVIDIA GeForce RTX 4070,[N/A],Enabled,Enabled
1709652960.689357,0,GPU-93ae0c7f-c327-aee3-adae-bc0d1dae71ea,0.39,0.4653965152255333,12282.0,6295.0,551.61,NVIDIA GeForce RTX 4070,[N/A],Enabled,Enabled
1709652961.688241,0,GPU-93ae0c7f-c327-aee3-adae-bc0d1dae71ea,0.41,0.4653965152255333,12282.0,6295.0,551.61,NVIDIA GeForce RTX 4070,[N/A],Enabled,Enabled
1709652962.687926,0,GPU-93ae0c7f-c327-aee3-adae-bc0d1dae71ea,0.39,0.4653965152255333,12282.0,6295.0,551.61,NVIDIA GeForce RTX 4070,[N/A],Enabled,Enabled
1709652963.688127,0,GPU-93ae0c7f-c327-aee3-adae-bc0d1dae71ea,0.41,0.4653965152255333,12282.0,6295.0,551.61,NVIDIA GeForce RTX 4070,[N/A],Enabled,Enabled
1709652964.688123,0,GPU-93ae0c7f-c327-aee3-adae-bc0d1dae71ea,0.4,0.4653965152255333,12282.0,6295.0,551.61,NVIDIA GeForce RTX 4070,[N/A],Enabled,Enabled
1709652965.68855,0,GPU-93ae0c7f-c327-aee3-adae-bc0d1dae71ea,0.41,0.4653965152255333,12282.0,6295.0,551.61,NVIDIA GeForce RTX 4070,[N/A],Enabled,Enabled
1709652966.6883,0,GPU-93ae0c7f-c327-aee3-adae-bc0d1dae71ea,0.39,0.4653965152255333,12282.0,6295.0,551.61,NVIDIA GeForce RTX 4070,[N/A],Enabled,Enabled
1709652967.687969,0,GPU-93ae0c7f-c327-aee3-adae-bc0d1dae71ea,0.41,0.4653965152255333,12282.0,6295.0,551.61,NVIDIA GeForce RTX 4070,[N/A],Enabled,Enabled
1709652968.687976,0,GPU-93ae0c7f-c327-aee3-adae-bc0d1dae71ea,0.41,0.4653965152255333,12282.0,6295.0,551.61,NVIDIA GeForce RTX 4070,[N/A],Enabled,Enabled
1709652969.688823,0,GPU-93ae0c7f-c327-aee3-adae-bc0d1dae71ea,0.43,0.4653965152255333,12282.0,6295.0,551.61,NVIDIA GeForce RTX 4070,[N/A],Enabled,Enabled
1709652970.688132,0,GPU-93ae0c7f-c327-aee3-adae-bc0d1dae71ea,0.38,0.4653965152255333,12282.0,6295.0,551.61,NVIDIA GeForce RTX 4070,[N/A],Enabled,Enabled
1709652971.688446,0,GPU-93ae0c7f-c327-aee3-adae-bc0d1dae71ea,0.41,0.4653965152255333,12282.0,6295.0,551.61,NVIDIA GeForce RTX 4070,[N/A],Enabled,Enabled
1709652972.688155,0,GPU-93ae0c7f-c327-aee3-adae-bc0d1dae71ea,0.39,0.4653965152255333,12282.0,6295.0,551.61,NVIDIA GeForce RTX 4070,[N/A],Enabled,Enabled
1709652973.688132,0,GPU-93ae0c7f-c327-aee3-adae-bc0d1dae71ea,0.41,0.4653965152255333,12282.0,6295.0,551.61,NVIDIA GeForce RTX 4070,[N/A],Enabled,Enabled
1709652974.688547,0,GPU-93ae0c7f-c327-aee3-adae-bc0d1dae71ea,0.4,0.4653965152255333,12282.0,6295.0,551.61,NVIDIA GeForce RTX 4070,[N/A],Enabled,Enabled
1709652975.688285,0,GPU-93ae0c7f-c327-aee3-adae-bc0d1dae71ea,0.42,0.4653965152255333,12282.0,6295.0,551.61,NVIDIA GeForce RTX 4070,[N/A],Enabled,Enabled
1709652976.688298,0,GPU-93ae0c7f-c327-aee3-adae-bc0d1dae71ea,0.4,0.4653965152255333,12282.0,6295.0,551.61,NVIDIA GeForce RTX 4070,[N/A],Enabled,Enabled
1709652977.68827,0,GPU-93ae0c7f-c327-aee3-adae-bc0d1dae71ea,0.42,0.4653965152255333,12282.0,6295.0,551.61,NVIDIA GeForce RTX 4070,[N/A],Enabled,Enabled
1709652978.688683,0,GPU-93ae0c7f-c327-aee3-adae-bc0d1dae71ea,0.4,0.4653965152255333,12282.0,6295.0,551.61,NVIDIA GeForce RTX 4070,[N/A],Enabled,Enabled
1709652979.689041,0,GPU-93ae0c7f-c327-aee3-adae-bc0d1dae71ea,0.42,0.4653965152255333,12282.0,6295.0,551.61,NVIDIA GeForce RTX 4070,[N/A],Enabled,Enabled
1709652980.688503,0,GPU-93ae0c7f-c327-aee3-adae-bc0d1dae71ea,0.41,0.4653965152255333,12282.0,6295.0,551.61,NVIDIA GeForce RTX 4070,[N/A],Enabled,Enabled
1709652981.688672,0,GPU-93ae0c7f-c327-aee3-adae-bc0d1dae71ea,0.41,0.4653965152255333,12282.0,6295.0,551.61,NVIDIA GeForce RTX 4070,[N/A],Enabled,Enabled
1709652982.688989,0,GPU-93ae0c7f-c327-aee3-adae-bc0d1dae71ea,0.39,0.4653965152255333,12282.0,6295.0,551.61,NVIDIA GeForce RTX 4070,[N/A],Enabled,Enabled
1709652983.688379,0,GPU-93ae0c7f-c327-aee3-adae-bc0d1dae71ea,0.42,0.4653965152255333,12282.0,6295.0,551.61,NVIDIA GeForce RTX 4070,[N/A],Enabled,Enabled
1709652984.689073,0,GPU-93ae0c7f-c327-aee3-adae-bc0d1dae71ea,0.4,0.4653965152255333,12282.0,6295.0,551.61,NVIDIA GeForce RTX 4070,[N/A],Enabled,Enabled
1709652985.687472,0,GPU-93ae0c7f-c327-aee3-adae-bc0d1dae71ea,0.42,0.4653965152255333,12282.0,6295.0,551.61,NVIDIA GeForce RTX 4070,[N/A],Enabled,Enabled
1709652986.688049,0,GPU-93ae0c7f-c327-aee3-adae-bc0d1dae71ea,0.41,0.4653965152255333,12282.0,6295.0,551.61,NVIDIA GeForce RTX 4070,[N/A],Enabled,Enabled
1709652987.688993,0,GPU-93ae0c7f-c327-aee3-adae-bc0d1dae71ea,0.41,0.4653965152255333,12282.0,6295.0,551.61,NVIDIA GeForce RTX 4070,[N/A],Enabled,Enabled
1709652988.688652,0,GPU-93ae0c7f-c327-aee3-adae-bc0d1dae71ea,0.4,0.4653965152255333,12282.0,6295.0,551.61,NVIDIA GeForce RTX 4070,[N/A],Enabled,Enabled
1709652989.688388,0,GPU-93ae0c7f-c327-aee3-adae-bc0d1dae71ea,0.41,0.4653965152255333,12282.0,6295.0,551.61,NVIDIA GeForce RTX 4070,[N/A],Enabled,Enabled
1709652990.688346,0,GPU-93ae0c7f-c327-aee3-adae-bc0d1dae71ea,0.41,0.4653965152255333,12282.0,6295.0,551.61,NVIDIA GeForce RTX 4070,[N/A],Enabled,Enabled
1709652991.689214,0,GPU-93ae0c7f-c327-aee3-adae-bc0d1dae71ea,0.43,0.4653965152255333,12282.0,6295.0,551.61,NVIDIA GeForce RTX 4070,[N/A],Enabled,Enabled
1709652992.688443,0,GPU-93ae0c7f-c327-aee3-adae-bc0d1dae71ea,0.4,0.4653965152255333,12282.0,6295.0,551.61,NVIDIA GeForce RTX 4070,[N/A],Enabled,Enabled
1709652993.688565,0,GPU-93ae0c7f-c327-aee3-adae-bc0d1dae71ea,0.41,0.4653965152255333,12282.0,6295.0,551.61,NVIDIA GeForce RTX 4070,[N/A],Enabled,Enabled
1709652994.688681,0,GPU-93ae0c7f-c327-aee3-adae-bc0d1dae71ea,0.4,0.4653965152255333,12282.0,6295.0,551.61,NVIDIA GeForce RTX 4070,[N/A],Enabled,Enabled
1709652995.68873,0,GPU-93ae0c7f-c327-aee3-adae-bc0d1dae71ea,0.43,0.4653965152255333,12282.0,6295.0,551.61,NVIDIA GeForce RTX 4070,[N/A],Enabled,Enabled
1709652996.688939,0,GPU-93ae0c7f-c327-aee3-adae-bc0d1dae71ea,0.4,0.4653965152255333,12282.0,6295.0,551.61,NVIDIA GeForce RTX 4070,[N/A],Enabled,Enabled
1709652997.687706,0,GPU-93ae0c7f-c327-aee3-adae-bc0d1dae71ea,0.39,0.4653965152255333,12282.0,6295.0,551.61,NVIDIA GeForce RTX 4070,[N/A],Enabled,Enabled
1709652998.687866,0,GPU-93ae0c7f-c327-aee3-adae-bc0d1dae71ea,0.4,0.4653965152255333,12282.0,6295.0,551.61,NVIDIA GeForce RTX 4070,[N/A],Enabled,Enabled
1709652999.689045,0,GPU-93ae0c7f-c327-aee3-adae-bc0d1dae71ea,0.43,0.4653965152255333,12282.0,6295.0,551.61,NVIDIA GeForce RTX 4070,[N/A],Enabled,Enabled
1709653000.687886,0,GPU-93ae0c7f-c327-aee3-adae-bc0d1dae71ea,0.4,0.4653965152255333,12282.0,6295.0,551.61,NVIDIA GeForce RTX 4070,[N/A],Enabled,Enabled
1709653001.688593,0,GPU-93ae0c7f-c327-aee3-adae-bc0d1dae71ea,0.43,0.4653965152255333,12282.0,6295.0,551.61,NVIDIA GeForce RTX 4070,[N/A],Enabled,Enabled
1709653002.687858,0,GPU-93ae0c7f-c327-aee3-adae-bc0d1dae71ea,0.4,0.4653965152255333,12282.0,6295.0,551.61,NVIDIA GeForce RTX 4070,[N/A],Enabled,Enabled
1709653003.688886,0,GPU-93ae0c7f-c327-aee3-adae-bc0d1dae71ea,0.42,0.4653965152255333,12282.0,6295.0,551.61,NVIDIA GeForce RTX 4070,[N/A],Enabled,Enabled
1709653004.687922,0,GPU-93ae0c7f-c327-aee3-adae-bc0d1dae71ea,0.4,0.4653965152255333,12282.0,6295.0,551.61,NVIDIA GeForce RTX 4070,[N/A],Enabled,Enabled
1709653005.687838,0,GPU-93ae0c7f-c327-aee3-adae-bc0d1dae71ea,0.42,0.4653965152255333,12282.0,6295.0,551.61,NVIDIA GeForce RTX 4070,[N/A],Enabled,Enabled
1709653006.688532,0,GPU-93ae0c7f-c327-aee3-adae-bc0d1dae71ea,0.4,0.4653965152255333,12282.0,6295.0,551.61,NVIDIA GeForce RTX 4070,[N/A],Enabled,Enabled
1709653007.688196,0,GPU-93ae0c7f-c327-aee3-adae-bc0d1dae71ea,0.43,0.4653965152255333,12282.0,6295.0,551.61,NVIDIA GeForce RTX 4070,[N/A],Enabled,Enabled
1709653008.688454,0,GPU-93ae0c7f-c327-aee3-adae-bc0d1dae71ea,0.4,0.4653965152255333,12282.0,6295.0,551.61,NVIDIA GeForce RTX 4070,[N/A],Enabled,Enabled
1709653009.688025,0,GPU-93ae0c7f-c327-aee3-adae-bc0d1dae71ea,0.42,0.4653965152255333,12282.0,6295.0,551.61,NVIDIA GeForce RTX 4070,[N/A],Enabled,Enabled
1709653010.688968,0,GPU-93ae0c7f-c327-aee3-adae-bc0d1dae71ea,0.41,0.4653965152255333,12282.0,6295.0,551.61,NVIDIA GeForce RTX 4070,[N/A],Enabled,Enabled
1709653011.689359,0,GPU-93ae0c7f-c327-aee3-adae-bc0d1dae71ea,0.42,0.4653965152255333,12282.0,6295.0,551.61,NVIDIA GeForce RTX 4070,[N/A],Enabled,Enabled
1709653012.688826,0,GPU-93ae0c7f-c327-aee3-adae-bc0d1dae71ea,0.41,0.4653965152255333,12282.0,6295.0,551.61,NVIDIA GeForce RTX 4070,[N/A],Enabled,Enabled
1709653013.687921,0,GPU-93ae0c7f-c327-aee3-adae-bc0d1dae71ea,0.44,0.46783911415078977,12282.0,6265.0,551.61,NVIDIA GeForce RTX 4070,[N/A],Enabled,Enabled
1709653014.688121,0,GPU-93ae0c7f-c327-aee3-adae-bc0d1dae71ea,0.41,0.46783911415078977,12282.0,6265.0,551.61,NVIDIA GeForce RTX 4070,[N/A],Enabled,Enabled
1709653015.688607,0,GPU-93ae0c7f-c327-aee3-adae-bc0d1dae71ea,0.4,0.46783911415078977,12282.0,6265.0,551.61,NVIDIA GeForce RTX 4070,[N/A],Enabled,Enabled
1709653016.688625,0,GPU-93ae0c7f-c327-aee3-adae-bc0d1dae71ea,0.41,0.46783911415078977,12282.0,6265.0,551.61,NVIDIA GeForce RTX 4070,[N/A],Enabled,Enabled
1709653017.687658,0,GPU-93ae0c7f-c327-aee3-adae-bc0d1dae71ea,0.44,0.46783911415078977,12282.0,6265.0,551.61,NVIDIA GeForce RTX 4070,[N/A],Enabled,Enabled
1709653018.688759,0,GPU-93ae0c7f-c327-aee3-adae-bc0d1dae71ea,0.41,0.4670249145090376,12282.0,6275.0,551.61,NVIDIA GeForce RTX 4070,[N/A],Enabled,Enabled
1709653019.688251,0,GPU-93ae0c7f-c327-aee3-adae-bc0d1dae71ea,0.44,0.4670249145090376,12282.0,6275.0,551.61,NVIDIA GeForce RTX 4070,[N/A],Enabled,Enabled
1709653020.688098,0,GPU-93ae0c7f-c327-aee3-adae-bc0d1dae71ea,0.42,0.4670249145090376,12282.0,6275.0,551.61,NVIDIA GeForce RTX 4070,[N/A],Enabled,Enabled
1709653021.688614,0,GPU-93ae0c7f-c327-aee3-adae-bc0d1dae71ea,0.44,0.4658036150464094,12282.0,6290.0,551.61,NVIDIA GeForce RTX 4070,[N/A],Enabled,Enabled
1709653022.687735,0,GPU-93ae0c7f-c327-aee3-adae-bc0d1dae71ea,0.43,0.46547793518970854,12282.0,6294.0,551.61,NVIDIA GeForce RTX 4070,[N/A],Enabled,Enabled
1709653023.688039,0,GPU-93ae0c7f-c327-aee3-adae-bc0d1dae71ea,0.44,0.46547793518970854,12282.0,6294.0,551.61,NVIDIA GeForce RTX 4070,[N/A],Enabled,Enabled
1709653024.688111,0,GPU-93ae0c7f-c327-aee3-adae-bc0d1dae71ea,0.41,0.46547793518970854,12282.0,6294.0,551.61,NVIDIA GeForce RTX 4070,[N/A],Enabled,Enabled
1709653025.688007,0,GPU-93ae0c7f-c327-aee3-adae-bc0d1dae71ea,0.4,0.46547793518970854,12282.0,6294.0,551.61,NVIDIA GeForce RTX 4070,[N/A],Enabled,Enabled
1709653026.688395,0,GPU-93ae0c7f-c327-aee3-adae-bc0d1dae71ea,0.37,0.46547793518970854,12282.0,6294.0,551.61,NVIDIA GeForce RTX 4070,[N/A],Enabled,Enabled
1709653027.68922,0,GPU-93ae0c7f-c327-aee3-adae-bc0d1dae71ea,0.4,0.46547793518970854,12282.0,6294.0,551.61,NVIDIA GeForce RTX 4070,[N/A],Enabled,Enabled
1709653028.688105,0,GPU-93ae0c7f-c327-aee3-adae-bc0d1dae71ea,0.42,0.46547793518970854,12282.0,6294.0,551.61,NVIDIA GeForce RTX 4070,[N/A],Enabled,Enabled
1709653029.689121,0,GPU-93ae0c7f-c327-aee3-adae-bc0d1dae71ea,0.43,0.46547793518970854,12282.0,6294.0,551.61,NVIDIA GeForce RTX 4070,[N/A],Enabled,Enabled
1709653030.688589,0,GPU-93ae0c7f-c327-aee3-adae-bc0d1dae71ea,0.41,0.46547793518970854,12282.0,6294.0,551.61,NVIDIA GeForce RTX 4070,[N/A],Enabled,Enabled
1709653031.689107,0,GPU-93ae0c7f-c327-aee3-adae-bc0d1dae71ea,0.43,0.46547793518970854,12282.0,6294.0,551.61,NVIDIA GeForce RTX 4070,[N/A],Enabled,Enabled
1709653032.688135,0,GPU-93ae0c7f-c327-aee3-adae-bc0d1dae71ea,0.41,0.46547793518970854,12282.0,6294.0,551.61,NVIDIA GeForce RTX 4070,[N/A],Enabled,Enabled
1709653033.687993,0,GPU-93ae0c7f-c327-aee3-adae-bc0d1dae71ea,0.47,0.46547793518970854,12282.0,6294.0,551.61,NVIDIA GeForce RTX 4070,[N/A],Enabled,Enabled
1709653034.688704,0,GPU-93ae0c7f-c327-aee3-adae-bc0d1dae71ea,0.42,0.46547793518970854,12282.0,6294.0,551.61,NVIDIA GeForce RTX 4070,[N/A],Enabled,Enabled
1709653035.688282,0,GPU-93ae0c7f-c327-aee3-adae-bc0d1dae71ea,0.42,0.46547793518970854,12282.0,6294.0,551.61,NVIDIA GeForce RTX 4070,[N/A],Enabled,Enabled
1709653036.688696,0,GPU-93ae0c7f-c327-aee3-adae-bc0d1dae71ea,0.41,0.46547793518970854,12282.0,6294.0,551.61,NVIDIA GeForce RTX 4070,[N/A],Enabled,Enabled
1709653037.689128,0,GPU-93ae0c7f-c327-aee3-adae-bc0d1dae71ea,0.41,0.46547793518970854,12282.0,6294.0,551.61,NVIDIA GeForce RTX 4070,[N/A],Enabled,Enabled
1709653038.688839,0,GPU-93ae0c7f-c327-aee3-adae-bc0d1dae71ea,0.41,0.46547793518970854,12282.0,6294.0,551.61,NVIDIA GeForce RTX 4070,[N/A],Enabled,Enabled
1709653039.688127,0,GPU-93ae0c7f-c327-aee3-adae-bc0d1dae71ea,0.43,0.46547793518970854,12282.0,6294.0,551.61,NVIDIA GeForce RTX 4070,[N/A],Enabled,Enabled
1709653040.687945,0,GPU-93ae0c7f-c327-aee3-adae-bc0d1dae71ea,0.42,0.4653965152255333,12282.0,6295.0,551.61,NVIDIA GeForce RTX 4070,[N/A],Enabled,Enabled
1709653041.68924,0,GPU-93ae0c7f-c327-aee3-adae-bc0d1dae71ea,0.43,0.4653965152255333,12282.0,6295.0,551.61,NVIDIA GeForce RTX 4070,[N/A],Enabled,Enabled
1709653042.68864,0,GPU-93ae0c7f-c327-aee3-adae-bc0d1dae71ea,0.41,0.4653965152255333,12282.0,6295.0,551.61,NVIDIA GeForce RTX 4070,[N/A],Enabled,Enabled
1709653043.688451,0,GPU-93ae0c7f-c327-aee3-adae-bc0d1dae71ea,0.44,0.4653965152255333,12282.0,6295.0,551.61,NVIDIA GeForce RTX 4070,[N/A],Enabled,Enabled
1709653044.68824,0,GPU-93ae0c7f-c327-aee3-adae-bc0d1dae71ea,0.39,0.4653965152255333,12282.0,6295.0,551.61,NVIDIA GeForce RTX 4070,[N/A],Enabled,Enabled
1709653045.68831,0,GPU-93ae0c7f-c327-aee3-adae-bc0d1dae71ea,0.4,0.4653965152255333,12282.0,6295.0,551.61,NVIDIA GeForce RTX 4070,[N/A],Enabled,Enabled
1709653046.688432,0,GPU-93ae0c7f-c327-aee3-adae-bc0d1dae71ea,0.4,0.4653965152255333,12282.0,6295.0,551.61,NVIDIA GeForce RTX 4070,[N/A],Enabled,Enabled
1709653047.687894,0,GPU-93ae0c7f-c327-aee3-adae-bc0d1dae71ea,0.43,0.4653965152255333,12282.0,6295.0,551.61,NVIDIA GeForce RTX 4070,[N/A],Enabled,Enabled
1709653048.689203,0,GPU-93ae0c7f-c327-aee3-adae-bc0d1dae71ea,0.39,0.4653965152255333,12282.0,6295.0,551.61,NVIDIA GeForce RTX 4070,[N/A],Enabled,Enabled
1709653049.688232,0,GPU-93ae0c7f-c327-aee3-adae-bc0d1dae71ea,0.37,0.4653965152255333,12282.0,6295.0,551.61,NVIDIA GeForce RTX 4070,[N/A],Enabled,Enabled
1709653050.688294,0,GPU-93ae0c7f-c327-aee3-adae-bc0d1dae71ea,0.38,0.4653965152255333,12282.0,6295.0,551.61,NVIDIA GeForce RTX 4070,[N/A],Enabled,Enabled
1709653051.688987,0,GPU-93ae0c7f-c327-aee3-adae-bc0d1dae71ea,0.36,0.4653965152255333,12282.0,6295.0,551.61,NVIDIA GeForce RTX 4070,[N/A],Enabled,Enabled
1709653052.687529,0,GPU-93ae0c7f-c327-aee3-adae-bc0d1dae71ea,0.33,0.4653965152255333,12282.0,6295.0,551.61,NVIDIA GeForce RTX 4070,[N/A],Enabled,Enabled
1709653053.688417,0,GPU-93ae0c7f-c327-aee3-adae-bc0d1dae71ea,0.31,0.4623025565868751,12282.0,6333.0,551.61,NVIDIA GeForce RTX 4070,[N/A],Enabled,Enabled
1709653054.68908,0,GPU-93ae0c7f-c327-aee3-adae-bc0d1dae71ea,0.32,0.4623025565868751,12282.0,6333.0,551.61,NVIDIA GeForce RTX 4070,[N/A],Enabled,Enabled
1709653055.688633,0,GPU-93ae0c7f-c327-aee3-adae-bc0d1dae71ea,0.32,0.4623025565868751,12282.0,6333.0,551.61,NVIDIA GeForce RTX 4070,[N/A],Enabled,Enabled
1709653056.688536,0,GPU-93ae0c7f-c327-aee3-adae-bc0d1dae71ea,0.3,0.4575801986647126,12282.0,6391.0,551.61,NVIDIA GeForce RTX 4070,[N/A],Enabled,Enabled
1709653057.688199,0,GPU-93ae0c7f-c327-aee3-adae-bc0d1dae71ea,0.3,0.4623025565868751,12282.0,6333.0,551.61,NVIDIA GeForce RTX 4070,[N/A],Enabled,Enabled
1709653058.688656,0,GPU-93ae0c7f-c327-aee3-adae-bc0d1dae71ea,0.28,0.4575801986647126,12282.0,6391.0,551.61,NVIDIA GeForce RTX 4070,[N/A],Enabled,Enabled
1709653059.688154,0,GPU-93ae0c7f-c327-aee3-adae-bc0d1dae71ea,0.29,0.4575801986647126,12282.0,6391.0,551.61,NVIDIA GeForce RTX 4070,[N/A],Enabled,Enabled
1709653060.688937,0,GPU-93ae0c7f-c327-aee3-adae-bc0d1dae71ea,0.28,0.4575801986647126,12282.0,6391.0,551.61,NVIDIA GeForce RTX 4070,[N/A],Enabled,Enabled
1709653061.688565,0,GPU-93ae0c7f-c327-aee3-adae-bc0d1dae71ea,0.29,0.4575801986647126,12282.0,6391.0,551.61,NVIDIA GeForce RTX 4070,[N/A],Enabled,Enabled
1709653062.688436,0,GPU-93ae0c7f-c327-aee3-adae-bc0d1dae71ea,0.29,0.4575801986647126,12282.0,6391.0,551.61,NVIDIA GeForce RTX 4070,[N/A],Enabled,Enabled
1709653063.688152,0,GPU-93ae0c7f-c327-aee3-adae-bc0d1dae71ea,0.29,0.4575801986647126,12282.0,6391.0,551.61,NVIDIA GeForce RTX 4070,[N/A],Enabled,Enabled
1709653064.687991,0,GPU-93ae0c7f-c327-aee3-adae-bc0d1dae71ea,0.29,0.4575801986647126,12282.0,6391.0,551.61,NVIDIA GeForce RTX 4070,[N/A],Enabled,Enabled
1709653065.687861,0,GPU-93ae0c7f-c327-aee3-adae-bc0d1dae71ea,0.29,0.4575801986647126,12282.0,6391.0,551.61,NVIDIA GeForce RTX 4070,[N/A],Enabled,Enabled
1709653066.689016,0,GPU-93ae0c7f-c327-aee3-adae-bc0d1dae71ea,0.29,0.4575801986647126,12282.0,6391.0,551.61,NVIDIA GeForce RTX 4070,[N/A],Enabled,Enabled
1709653067.687917,0,GPU-93ae0c7f-c327-aee3-adae-bc0d1dae71ea,0.29,0.4575801986647126,12282.0,6391.0,551.61,NVIDIA GeForce RTX 4070,[N/A],Enabled,Enabled
1709653068.688533,0,GPU-93ae0c7f-c327-aee3-adae-bc0d1dae71ea,0.29,0.4575801986647126,12282.0,6391.0,551.61,NVIDIA GeForce RTX 4070,[N/A],Enabled,Enabled
1709653069.688397,0,GPU-93ae0c7f-c327-aee3-adae-bc0d1dae71ea,0.29,0.4575801986647126,12282.0,6391.0,551.61,NVIDIA GeForce RTX 4070,[N/A],Enabled,Enabled
1709653070.688672,0,GPU-93ae0c7f-c327-aee3-adae-bc0d1dae71ea,0.29,0.4575801986647126,12282.0,6391.0,551.61,NVIDIA GeForce RTX 4070,[N/A],Enabled,Enabled
1709653071.687941,0,GPU-93ae0c7f-c327-aee3-adae-bc0d1dae71ea,0.29,0.4575801986647126,12282.0,6391.0,551.61,NVIDIA GeForce RTX 4070,[N/A],Enabled,Enabled
1709653072.68836,0,GPU-93ae0c7f-c327-aee3-adae-bc0d1dae71ea,0.29,0.4575801986647126,12282.0,6391.0,551.61,NVIDIA GeForce RTX 4070,[N/A],Enabled,Enabled
1709653073.687717,0,GPU-93ae0c7f-c327-aee3-adae-bc0d1dae71ea,0.29,0.4575801986647126,12282.0,6391.0,551.61,NVIDIA GeForce RTX 4070,[N/A],Enabled,Enabled
1709653074.688801,0,GPU-93ae0c7f-c327-aee3-adae-bc0d1dae71ea,0.29,0.4575801986647126,12282.0,6391.0,551.61,NVIDIA GeForce RTX 4070,[N/A],Enabled,Enabled
1709653075.688658,0,GPU-93ae0c7f-c327-aee3-adae-bc0d1dae71ea,0.29,0.4575801986647126,12282.0,6391.0,551.61,NVIDIA GeForce RTX 4070,[N/A],Enabled,Enabled
1709653076.688951,0,GPU-93ae0c7f-c327-aee3-adae-bc0d1dae71ea,0.29,0.4575801986647126,12282.0,6391.0,551.61,NVIDIA GeForce RTX 4070,[N/A],Enabled,Enabled
1709653077.688316,0,GPU-93ae0c7f-c327-aee3-adae-bc0d1dae71ea,0.28,0.4575801986647126,12282.0,6391.0,551.61,NVIDIA GeForce RTX 4070,[N/A],Enabled,Enabled
1709653078.688026,0,GPU-93ae0c7f-c327-aee3-adae-bc0d1dae71ea,0.29,0.4575801986647126,12282.0,6391.0,551.61,NVIDIA GeForce RTX 4070,[N/A],Enabled,Enabled
1709653079.688615,0,GPU-93ae0c7f-c327-aee3-adae-bc0d1dae71ea,0.11,0.2599739456114639,12282.0,8818.0,551.61,NVIDIA GeForce RTX 4070,[N/A],Enabled,Enabled
1709653080.688115,0,GPU-93ae0c7f-c327-aee3-adae-bc0d1dae71ea,0.16,0.2599739456114639,12282.0,8818.0,551.61,NVIDIA GeForce RTX 4070,[N/A],Enabled,Enabled
1709653081.688732,0,GPU-93ae0c7f-c327-aee3-adae-bc0d1dae71ea,0.16,0.2599739456114639,12282.0,8818.0,551.61,NVIDIA GeForce RTX 4070,[N/A],Enabled,Enabled
1709653082.688058,0,GPU-93ae0c7f-c327-aee3-adae-bc0d1dae71ea,0.17,0.2607881452532161,12282.0,8808.0,551.61,NVIDIA GeForce RTX 4070,[N/A],Enabled,Enabled
