timestamp,id,uuid,load,memoryUtil,memoryTotal,memoryUsed,memoryFree,driver,name,serial,display_mode,display_active
1702842753.328598,0,GPU-b342434c-f6b6-7627-333e-da750a9991e6,0.16,0.291796875,10240.0,7078.0,546.17,NVIDIA GeForce RTX 3080,[N/A],Enabled,Enabled
1702842754.323405,0,GPU-b342434c-f6b6-7627-333e-da750a9991e6,0.16,0.291796875,10240.0,7078.0,546.17,NVIDIA GeForce RTX 3080,[N/A],Enabled,Enabled
1702842755.323692,0,GPU-b342434c-f6b6-7627-333e-da750a9991e6,0.16,0.291796875,10240.0,7078.0,546.17,NVIDIA GeForce RTX 3080,[N/A],Enabled,Enabled
1702842756.324201,0,GPU-b342434c-f6b6-7627-333e-da750a9991e6,0.16,0.291796875,10240.0,7078.0,546.17,NVIDIA GeForce RTX 3080,[N/A],Enabled,Enabled
1702842757.324119,0,GPU-b342434c-f6b6-7627-333e-da750a9991e6,0.15,0.291796875,10240.0,7078.0,546.17,NVIDIA GeForce RTX 3080,[N/A],Enabled,Enabled
1702842758.324102,0,GPU-b342434c-f6b6-7627-333e-da750a9991e6,0.16,0.291796875,10240.0,7078.0,546.17,NVIDIA GeForce RTX 3080,[N/A],Enabled,Enabled
1702842759.324054,0,GPU-b342434c-f6b6-7627-333e-da750a9991e6,0.16,0.291796875,10240.0,7078.0,546.17,NVIDIA GeForce RTX 3080,[N/A],Enabled,Enabled
1702842760.324387,0,GPU-b342434c-f6b6-7627-333e-da750a9991e6,0.16,0.291796875,10240.0,7078.0,546.17,NVIDIA GeForce RTX 3080,[N/A],Enabled,Enabled
1702842761.323786,0,GPU-b342434c-f6b6-7627-333e-da750a9991e6,0.16,0.2916015625,10240.0,7080.0,546.17,NVIDIA GeForce RTX 3080,[N/A],Enabled,Enabled
1702842762.323555,0,GPU-b342434c-f6b6-7627-333e-da750a9991e6,0.16,0.29130859375,10240.0,7083.0,546.17,NVIDIA GeForce RTX 3080,[N/A],Enabled,Enabled
1702842763.323897,0,GPU-b342434c-f6b6-7627-333e-da750a9991e6,0.16,0.29033203125,10240.0,7093.0,546.17,NVIDIA GeForce RTX 3080,[N/A],Enabled,Enabled
1702842764.323368,0,GPU-b342434c-f6b6-7627-333e-da750a9991e6,0.16,0.29033203125,10240.0,7093.0,546.17,NVIDIA GeForce RTX 3080,[N/A],Enabled,Enabled
1702842765.32373,0,GPU-b342434c-f6b6-7627-333e-da750a9991e6,0.16,0.29033203125,10240.0,7093.0,546.17,NVIDIA GeForce RTX 3080,[N/A],Enabled,Enabled
1702842766.323598,0,GPU-b342434c-f6b6-7627-333e-da750a9991e6,0.16,0.29033203125,10240.0,7093.0,546.17,NVIDIA GeForce RTX 3080,[N/A],Enabled,Enabled
1702842767.323608,0,GPU-b342434c-f6b6-7627-333e-da750a9991e6,0.17,0.29033203125,10240.0,7093.0,546.17,NVIDIA GeForce RTX 3080,[N/A],Enabled,Enabled
1702842768.323892,0,GPU-b342434c-f6b6-7627-333e-da750a9991e6,0.17,0.29072265625,10240.0,7089.0,546.17,NVIDIA GeForce RTX 3080,[N/A],Enabled,Enabled
1702842769.323994,0,GPU-b342434c-f6b6-7627-333e-da750a9991e6,0.21,0.30341796875,10240.0,6959.0,546.17,NVIDIA GeForce RTX 3080,[N/A],Enabled,Enabled
1702842770.323615,0,GPU-b342434c-f6b6-7627-333e-da750a9991e6,0.18,0.44921875,10240.0,5466.0,546.17,NVIDIA GeForce RTX 3080,[N/A],Enabled,Enabled
1702842771.324193,0,GPU-b342434c-f6b6-7627-333e-da750a9991e6,0.11,0.39716796875,10240.0,5999.0,546.17,NVIDIA GeForce RTX 3080,[N/A],Enabled,Enabled
1702842772.323497,0,GPU-b342434c-f6b6-7627-333e-da750a9991e6,0.1,0.39541015625,10240.0,6017.0,546.17,NVIDIA GeForce RTX 3080,[N/A],Enabled,Enabled
1702842773.323876,0,GPU-b342434c-f6b6-7627-333e-da750a9991e6,0.1,0.39541015625,10240.0,6017.0,546.17,NVIDIA GeForce RTX 3080,[N/A],Enabled,Enabled
1702842774.323502,0,GPU-b342434c-f6b6-7627-333e-da750a9991e6,0.1,0.33212890625,10240.0,6665.0,546.17,NVIDIA GeForce RTX 3080,[N/A],Enabled,Enabled
1702842775.323876,0,GPU-b342434c-f6b6-7627-333e-da750a9991e6,0.17,0.34453125,10240.0,6538.0,546.17,NVIDIA GeForce RTX 3080,[N/A],Enabled,Enabled
1702842776.323445,0,GPU-b342434c-f6b6-7627-333e-da750a9991e6,0.14,0.34453125,10240.0,6538.0,546.17,NVIDIA GeForce RTX 3080,[N/A],Enabled,Enabled
1702842777.324149,0,GPU-b342434c-f6b6-7627-333e-da750a9991e6,0.12,0.34111328125,10240.0,6573.0,546.17,NVIDIA GeForce RTX 3080,[N/A],Enabled,Enabled
1702842778.323294,0,GPU-b342434c-f6b6-7627-333e-da750a9991e6,0.12,0.34111328125,10240.0,6573.0,546.17,NVIDIA GeForce RTX 3080,[N/A],Enabled,Enabled
1702842779.323424,0,GPU-b342434c-f6b6-7627-333e-da750a9991e6,0.12,0.34111328125,10240.0,6573.0,546.17,NVIDIA GeForce RTX 3080,[N/A],Enabled,Enabled
1702842780.323824,0,GPU-b342434c-f6b6-7627-333e-da750a9991e6,0.12,0.34111328125,10240.0,6573.0,546.17,NVIDIA GeForce RTX 3080,[N/A],Enabled,Enabled
1702842781.324449,0,GPU-b342434c-f6b6-7627-333e-da750a9991e6,0.12,0.34443359375,10240.0,6539.0,546.17,NVIDIA GeForce RTX 3080,[N/A],Enabled,Enabled
1702842782.323765,0,GPU-b342434c-f6b6-7627-333e-da750a9991e6,0.14,0.34619140625,10240.0,6521.0,546.17,NVIDIA GeForce RTX 3080,[N/A],Enabled,Enabled
1702842783.323568,0,GPU-b342434c-f6b6-7627-333e-da750a9991e6,0.13,0.34619140625,10240.0,6521.0,546.17,NVIDIA GeForce RTX 3080,[N/A],Enabled,Enabled
1702842784.323833,0,GPU-b342434c-f6b6-7627-333e-da750a9991e6,0.13,0.34287109375,10240.0,6555.0,546.17,NVIDIA GeForce RTX 3080,[N/A],Enabled,Enabled
1702842785.32351,0,GPU-b342434c-f6b6-7627-333e-da750a9991e6,0.13,0.34619140625,10240.0,6521.0,546.17,NVIDIA GeForce RTX 3080,[N/A],Enabled,Enabled
1702842786.32426,0,GPU-b342434c-f6b6-7627-333e-da750a9991e6,0.13,0.34619140625,10240.0,6521.0,546.17,NVIDIA GeForce RTX 3080,[N/A],Enabled,Enabled
1702842787.32439,0,GPU-b342434c-f6b6-7627-333e-da750a9991e6,0.13,0.3462890625,10240.0,6520.0,546.17,NVIDIA GeForce RTX 3080,[N/A],Enabled,Enabled
1702842788.324094,0,GPU-b342434c-f6b6-7627-333e-da750a9991e6,0.13,0.3462890625,10240.0,6520.0,546.17,NVIDIA GeForce RTX 3080,[N/A],Enabled,Enabled
1702842789.323689,0,GPU-b342434c-f6b6-7627-333e-da750a9991e6,0.13,0.34619140625,10240.0,6521.0,546.17,NVIDIA GeForce RTX 3080,[N/A],Enabled,Enabled
1702842790.3239,0,GPU-b342434c-f6b6-7627-333e-da750a9991e6,0.13,0.3462890625,10240.0,6520.0,546.17,NVIDIA GeForce RTX 3080,[N/A],Enabled,Enabled
1702842791.323919,0,GPU-b342434c-f6b6-7627-333e-da750a9991e6,0.13,0.3462890625,10240.0,6520.0,546.17,NVIDIA GeForce RTX 3080,[N/A],Enabled,Enabled
1702842792.323497,0,GPU-b342434c-f6b6-7627-333e-da750a9991e6,0.12,0.3462890625,10240.0,6520.0,546.17,NVIDIA GeForce RTX 3080,[N/A],Enabled,Enabled
1702842793.324162,0,GPU-b342434c-f6b6-7627-333e-da750a9991e6,0.12,0.34287109375,10240.0,6555.0,546.17,NVIDIA GeForce RTX 3080,[N/A],Enabled,Enabled
1702842794.324297,0,GPU-b342434c-f6b6-7627-333e-da750a9991e6,0.13,0.3462890625,10240.0,6520.0,546.17,NVIDIA GeForce RTX 3080,[N/A],Enabled,Enabled
1702842795.324185,0,GPU-b342434c-f6b6-7627-333e-da750a9991e6,0.09,0.3556640625,10240.0,6424.0,546.17,NVIDIA GeForce RTX 3080,[N/A],Enabled,Enabled
1702842796.324109,0,GPU-b342434c-f6b6-7627-333e-da750a9991e6,0.14,0.3556640625,10240.0,6424.0,546.17,NVIDIA GeForce RTX 3080,[N/A],Enabled,Enabled
1702842797.323631,0,GPU-b342434c-f6b6-7627-333e-da750a9991e6,0.14,0.3556640625,10240.0,6424.0,546.17,NVIDIA GeForce RTX 3080,[N/A],Enabled,Enabled
1702842798.324051,0,GPU-b342434c-f6b6-7627-333e-da750a9991e6,0.15,0.3556640625,10240.0,6424.0,546.17,NVIDIA GeForce RTX 3080,[N/A],Enabled,Enabled
1702842799.323983,0,GPU-b342434c-f6b6-7627-333e-da750a9991e6,0.14,0.3556640625,10240.0,6424.0,546.17,NVIDIA GeForce RTX 3080,[N/A],Enabled,Enabled
1702842800.323752,0,GPU-b342434c-f6b6-7627-333e-da750a9991e6,0.15,0.3556640625,10240.0,6424.0,546.17,NVIDIA GeForce RTX 3080,[N/A],Enabled,Enabled
1702842801.323719,0,GPU-b342434c-f6b6-7627-333e-da750a9991e6,0.14,0.3556640625,10240.0,6424.0,546.17,NVIDIA GeForce RTX 3080,[N/A],Enabled,Enabled
1702842802.323493,0,GPU-b342434c-f6b6-7627-333e-da750a9991e6,0.14,0.3556640625,10240.0,6424.0,546.17,NVIDIA GeForce RTX 3080,[N/A],Enabled,Enabled
1702842803.32366,0,GPU-b342434c-f6b6-7627-333e-da750a9991e6,0.14,0.3556640625,10240.0,6424.0,546.17,NVIDIA GeForce RTX 3080,[N/A],Enabled,Enabled
1702842804.324179,0,GPU-b342434c-f6b6-7627-333e-da750a9991e6,0.14,0.3556640625,10240.0,6424.0,546.17,NVIDIA GeForce RTX 3080,[N/A],Enabled,Enabled
1702842805.323447,0,GPU-b342434c-f6b6-7627-333e-da750a9991e6,0.15,0.3556640625,10240.0,6424.0,546.17,NVIDIA GeForce RTX 3080,[N/A],Enabled,Enabled
1702842806.323814,0,GPU-b342434c-f6b6-7627-333e-da750a9991e6,0.15,0.3556640625,10240.0,6424.0,546.17,NVIDIA GeForce RTX 3080,[N/A],Enabled,Enabled
1702842807.323707,0,GPU-b342434c-f6b6-7627-333e-da750a9991e6,0.15,0.3556640625,10240.0,6424.0,546.17,NVIDIA GeForce RTX 3080,[N/A],Enabled,Enabled
1702842808.323251,0,GPU-b342434c-f6b6-7627-333e-da750a9991e6,0.14,0.3556640625,10240.0,6424.0,546.17,NVIDIA GeForce RTX 3080,[N/A],Enabled,Enabled
1702842809.323584,0,GPU-b342434c-f6b6-7627-333e-da750a9991e6,0.15,0.3556640625,10240.0,6424.0,546.17,NVIDIA GeForce RTX 3080,[N/A],Enabled,Enabled
1702842810.324231,0,GPU-b342434c-f6b6-7627-333e-da750a9991e6,0.15,0.3556640625,10240.0,6424.0,546.17,NVIDIA GeForce RTX 3080,[N/A],Enabled,Enabled
1702842811.324128,0,GPU-b342434c-f6b6-7627-333e-da750a9991e6,0.15,0.3556640625,10240.0,6424.0,546.17,NVIDIA GeForce RTX 3080,[N/A],Enabled,Enabled
1702842812.323852,0,GPU-b342434c-f6b6-7627-333e-da750a9991e6,0.15,0.3556640625,10240.0,6424.0,546.17,NVIDIA GeForce RTX 3080,[N/A],Enabled,Enabled
1702842813.323818,0,GPU-b342434c-f6b6-7627-333e-da750a9991e6,0.15,0.3556640625,10240.0,6424.0,546.17,NVIDIA GeForce RTX 3080,[N/A],Enabled,Enabled
1702842814.323165,0,GPU-b342434c-f6b6-7627-333e-da750a9991e6,0.14,0.3556640625,10240.0,6424.0,546.17,NVIDIA GeForce RTX 3080,[N/A],Enabled,Enabled
1702842815.323614,0,GPU-b342434c-f6b6-7627-333e-da750a9991e6,0.15,0.3556640625,10240.0,6424.0,546.17,NVIDIA GeForce RTX 3080,[N/A],Enabled,Enabled
1702842816.323772,0,GPU-b342434c-f6b6-7627-333e-da750a9991e6,0.15,0.3556640625,10240.0,6424.0,546.17,NVIDIA GeForce RTX 3080,[N/A],Enabled,Enabled
1702842817.323901,0,GPU-b342434c-f6b6-7627-333e-da750a9991e6,0.15,0.3556640625,10240.0,6424.0,546.17,NVIDIA GeForce RTX 3080,[N/A],Enabled,Enabled
1702842818.324041,0,GPU-b342434c-f6b6-7627-333e-da750a9991e6,0.15,0.3556640625,10240.0,6424.0,546.17,NVIDIA GeForce RTX 3080,[N/A],Enabled,Enabled
1702842819.323748,0,GPU-b342434c-f6b6-7627-333e-da750a9991e6,0.16,0.3556640625,10240.0,6424.0,546.17,NVIDIA GeForce RTX 3080,[N/A],Enabled,Enabled
1702842820.323938,0,GPU-b342434c-f6b6-7627-333e-da750a9991e6,0.15,0.3556640625,10240.0,6424.0,546.17,NVIDIA GeForce RTX 3080,[N/A],Enabled,Enabled
1702842821.323669,0,GPU-b342434c-f6b6-7627-333e-da750a9991e6,0.15,0.3556640625,10240.0,6424.0,546.17,NVIDIA GeForce RTX 3080,[N/A],Enabled,Enabled
1702842822.324384,0,GPU-b342434c-f6b6-7627-333e-da750a9991e6,0.16,0.3556640625,10240.0,6424.0,546.17,NVIDIA GeForce RTX 3080,[N/A],Enabled,Enabled
1702842823.323531,0,GPU-b342434c-f6b6-7627-333e-da750a9991e6,0.15,0.3556640625,10240.0,6424.0,546.17,NVIDIA GeForce RTX 3080,[N/A],Enabled,Enabled
1702842824.323926,0,GPU-b342434c-f6b6-7627-333e-da750a9991e6,0.15,0.3556640625,10240.0,6424.0,546.17,NVIDIA GeForce RTX 3080,[N/A],Enabled,Enabled
1702842825.323405,0,GPU-b342434c-f6b6-7627-333e-da750a9991e6,0.15,0.3556640625,10240.0,6424.0,546.17,NVIDIA GeForce RTX 3080,[N/A],Enabled,Enabled
1702842826.323313,0,GPU-b342434c-f6b6-7627-333e-da750a9991e6,0.15,0.3556640625,10240.0,6424.0,546.17,NVIDIA GeForce RTX 3080,[N/A],Enabled,Enabled
1702842827.324446,0,GPU-b342434c-f6b6-7627-333e-da750a9991e6,0.15,0.3556640625,10240.0,6424.0,546.17,NVIDIA GeForce RTX 3080,[N/A],Enabled,Enabled
1702842828.323536,0,GPU-b342434c-f6b6-7627-333e-da750a9991e6,0.14,0.3556640625,10240.0,6424.0,546.17,NVIDIA GeForce RTX 3080,[N/A],Enabled,Enabled
1702842829.323824,0,GPU-b342434c-f6b6-7627-333e-da750a9991e6,0.14,0.3556640625,10240.0,6424.0,546.17,NVIDIA GeForce RTX 3080,[N/A],Enabled,Enabled
1702842830.323843,0,GPU-b342434c-f6b6-7627-333e-da750a9991e6,0.15,0.3556640625,10240.0,6424.0,546.17,NVIDIA GeForce RTX 3080,[N/A],Enabled,Enabled
1702842831.324023,0,GPU-b342434c-f6b6-7627-333e-da750a9991e6,0.14,0.3556640625,10240.0,6424.0,546.17,NVIDIA GeForce RTX 3080,[N/A],Enabled,Enabled
1702842832.324237,0,GPU-b342434c-f6b6-7627-333e-da750a9991e6,0.14,0.3556640625,10240.0,6424.0,546.17,NVIDIA GeForce RTX 3080,[N/A],Enabled,Enabled
1702842833.324287,0,GPU-b342434c-f6b6-7627-333e-da750a9991e6,0.15,0.3556640625,10240.0,6424.0,546.17,NVIDIA GeForce RTX 3080,[N/A],Enabled,Enabled
1702842834.323661,0,GPU-b342434c-f6b6-7627-333e-da750a9991e6,0.14,0.3556640625,10240.0,6424.0,546.17,NVIDIA GeForce RTX 3080,[N/A],Enabled,Enabled
1702842835.324137,0,GPU-b342434c-f6b6-7627-333e-da750a9991e6,0.14,0.3556640625,10240.0,6424.0,546.17,NVIDIA GeForce RTX 3080,[N/A],Enabled,Enabled
1702842836.324613,0,GPU-b342434c-f6b6-7627-333e-da750a9991e6,0.15,0.3556640625,10240.0,6424.0,546.17,NVIDIA GeForce RTX 3080,[N/A],Enabled,Enabled
1702842837.324338,0,GPU-b342434c-f6b6-7627-333e-da750a9991e6,0.14,0.3556640625,10240.0,6424.0,546.17,NVIDIA GeForce RTX 3080,[N/A],Enabled,Enabled
1702842838.323976,0,GPU-b342434c-f6b6-7627-333e-da750a9991e6,0.15,0.3556640625,10240.0,6424.0,546.17,NVIDIA GeForce RTX 3080,[N/A],Enabled,Enabled
1702842839.323289,0,GPU-b342434c-f6b6-7627-333e-da750a9991e6,0.15,0.3556640625,10240.0,6424.0,546.17,NVIDIA GeForce RTX 3080,[N/A],Enabled,Enabled
1702842840.323525,0,GPU-b342434c-f6b6-7627-333e-da750a9991e6,0.14,0.3556640625,10240.0,6424.0,546.17,NVIDIA GeForce RTX 3080,[N/A],Enabled,Enabled
1702842841.323482,0,GPU-b342434c-f6b6-7627-333e-da750a9991e6,0.15,0.3556640625,10240.0,6424.0,546.17,NVIDIA GeForce RTX 3080,[N/A],Enabled,Enabled
1702842842.323994,0,GPU-b342434c-f6b6-7627-333e-da750a9991e6,0.14,0.3556640625,10240.0,6424.0,546.17,NVIDIA GeForce RTX 3080,[N/A],Enabled,Enabled
1702842843.323865,0,GPU-b342434c-f6b6-7627-333e-da750a9991e6,0.15,0.3556640625,10240.0,6424.0,546.17,NVIDIA GeForce RTX 3080,[N/A],Enabled,Enabled
1702842844.324008,0,GPU-b342434c-f6b6-7627-333e-da750a9991e6,0.15,0.3556640625,10240.0,6424.0,546.17,NVIDIA GeForce RTX 3080,[N/A],Enabled,Enabled
1702842845.323234,0,GPU-b342434c-f6b6-7627-333e-da750a9991e6,0.15,0.3556640625,10240.0,6424.0,546.17,NVIDIA GeForce RTX 3080,[N/A],Enabled,Enabled
1702842846.324342,0,GPU-b342434c-f6b6-7627-333e-da750a9991e6,0.15,0.3556640625,10240.0,6424.0,546.17,NVIDIA GeForce RTX 3080,[N/A],Enabled,Enabled
1702842847.32436,0,GPU-b342434c-f6b6-7627-333e-da750a9991e6,0.15,0.3556640625,10240.0,6424.0,546.17,NVIDIA GeForce RTX 3080,[N/A],Enabled,Enabled
1702842848.323872,0,GPU-b342434c-f6b6-7627-333e-da750a9991e6,0.15,0.3556640625,10240.0,6424.0,546.17,NVIDIA GeForce RTX 3080,[N/A],Enabled,Enabled
1702842849.323757,0,GPU-b342434c-f6b6-7627-333e-da750a9991e6,0.15,0.3556640625,10240.0,6424.0,546.17,NVIDIA GeForce RTX 3080,[N/A],Enabled,Enabled
1702842850.323693,0,GPU-b342434c-f6b6-7627-333e-da750a9991e6,0.15,0.3556640625,10240.0,6424.0,546.17,NVIDIA GeForce RTX 3080,[N/A],Enabled,Enabled
1702842851.324069,0,GPU-b342434c-f6b6-7627-333e-da750a9991e6,0.15,0.3556640625,10240.0,6424.0,546.17,NVIDIA GeForce RTX 3080,[N/A],Enabled,Enabled
1702842852.323477,0,GPU-b342434c-f6b6-7627-333e-da750a9991e6,0.14,0.3556640625,10240.0,6424.0,546.17,NVIDIA GeForce RTX 3080,[N/A],Enabled,Enabled
1702842853.323815,0,GPU-b342434c-f6b6-7627-333e-da750a9991e6,0.14,0.3556640625,10240.0,6424.0,546.17,NVIDIA GeForce RTX 3080,[N/A],Enabled,Enabled
1702842854.324486,0,GPU-b342434c-f6b6-7627-333e-da750a9991e6,0.15,0.3556640625,10240.0,6424.0,546.17,NVIDIA GeForce RTX 3080,[N/A],Enabled,Enabled
1702842855.323416,0,GPU-b342434c-f6b6-7627-333e-da750a9991e6,0.15,0.3556640625,10240.0,6424.0,546.17,NVIDIA GeForce RTX 3080,[N/A],Enabled,Enabled
1702842856.323612,0,GPU-b342434c-f6b6-7627-333e-da750a9991e6,0.15,0.3556640625,10240.0,6424.0,546.17,NVIDIA GeForce RTX 3080,[N/A],Enabled,Enabled
1702842857.324347,0,GPU-b342434c-f6b6-7627-333e-da750a9991e6,0.15,0.3556640625,10240.0,6424.0,546.17,NVIDIA GeForce RTX 3080,[N/A],Enabled,Enabled
1702842858.324223,0,GPU-b342434c-f6b6-7627-333e-da750a9991e6,0.15,0.3556640625,10240.0,6424.0,546.17,NVIDIA GeForce RTX 3080,[N/A],Enabled,Enabled
1702842859.323732,0,GPU-b342434c-f6b6-7627-333e-da750a9991e6,0.15,0.3556640625,10240.0,6424.0,546.17,NVIDIA GeForce RTX 3080,[N/A],Enabled,Enabled
1702842860.324343,0,GPU-b342434c-f6b6-7627-333e-da750a9991e6,0.15,0.3556640625,10240.0,6424.0,546.17,NVIDIA GeForce RTX 3080,[N/A],Enabled,Enabled
1702842861.324166,0,GPU-b342434c-f6b6-7627-333e-da750a9991e6,0.15,0.3556640625,10240.0,6424.0,546.17,NVIDIA GeForce RTX 3080,[N/A],Enabled,Enabled
1702842862.323478,0,GPU-b342434c-f6b6-7627-333e-da750a9991e6,0.15,0.3556640625,10240.0,6424.0,546.17,NVIDIA GeForce RTX 3080,[N/A],Enabled,Enabled
1702842863.323869,0,GPU-b342434c-f6b6-7627-333e-da750a9991e6,0.15,0.3556640625,10240.0,6424.0,546.17,NVIDIA GeForce RTX 3080,[N/A],Enabled,Enabled
1702842864.323893,0,GPU-b342434c-f6b6-7627-333e-da750a9991e6,0.15,0.3556640625,10240.0,6424.0,546.17,NVIDIA GeForce RTX 3080,[N/A],Enabled,Enabled
1702842865.324191,0,GPU-b342434c-f6b6-7627-333e-da750a9991e6,0.15,0.3556640625,10240.0,6424.0,546.17,NVIDIA GeForce RTX 3080,[N/A],Enabled,Enabled
1702842866.323326,0,GPU-b342434c-f6b6-7627-333e-da750a9991e6,0.16,0.3556640625,10240.0,6424.0,546.17,NVIDIA GeForce RTX 3080,[N/A],Enabled,Enabled
1702842867.323623,0,GPU-b342434c-f6b6-7627-333e-da750a9991e6,0.15,0.3556640625,10240.0,6424.0,546.17,NVIDIA GeForce RTX 3080,[N/A],Enabled,Enabled
1702842868.323853,0,GPU-b342434c-f6b6-7627-333e-da750a9991e6,0.15,0.3556640625,10240.0,6424.0,546.17,NVIDIA GeForce RTX 3080,[N/A],Enabled,Enabled
1702842869.324114,0,GPU-b342434c-f6b6-7627-333e-da750a9991e6,0.16,0.3556640625,10240.0,6424.0,546.17,NVIDIA GeForce RTX 3080,[N/A],Enabled,Enabled
1702842870.324272,0,GPU-b342434c-f6b6-7627-333e-da750a9991e6,0.15,0.3556640625,10240.0,6424.0,546.17,NVIDIA GeForce RTX 3080,[N/A],Enabled,Enabled
1702842871.323559,0,GPU-b342434c-f6b6-7627-333e-da750a9991e6,0.15,0.3556640625,10240.0,6424.0,546.17,NVIDIA GeForce RTX 3080,[N/A],Enabled,Enabled
1702842872.323421,0,GPU-b342434c-f6b6-7627-333e-da750a9991e6,0.14,0.3556640625,10240.0,6424.0,546.17,NVIDIA GeForce RTX 3080,[N/A],Enabled,Enabled
1702842873.324226,0,GPU-b342434c-f6b6-7627-333e-da750a9991e6,0.15,0.3556640625,10240.0,6424.0,546.17,NVIDIA GeForce RTX 3080,[N/A],Enabled,Enabled
1702842874.323789,0,GPU-b342434c-f6b6-7627-333e-da750a9991e6,0.15,0.3556640625,10240.0,6424.0,546.17,NVIDIA GeForce RTX 3080,[N/A],Enabled,Enabled
1702842875.324552,0,GPU-b342434c-f6b6-7627-333e-da750a9991e6,0.15,0.3556640625,10240.0,6424.0,546.17,NVIDIA GeForce RTX 3080,[N/A],Enabled,Enabled
1702842876.3238,0,GPU-b342434c-f6b6-7627-333e-da750a9991e6,0.15,0.3556640625,10240.0,6424.0,546.17,NVIDIA GeForce RTX 3080,[N/A],Enabled,Enabled
1702842877.324359,0,GPU-b342434c-f6b6-7627-333e-da750a9991e6,0.15,0.3556640625,10240.0,6424.0,546.17,NVIDIA GeForce RTX 3080,[N/A],Enabled,Enabled
1702842878.323598,0,GPU-b342434c-f6b6-7627-333e-da750a9991e6,0.15,0.3556640625,10240.0,6424.0,546.17,NVIDIA GeForce RTX 3080,[N/A],Enabled,Enabled
1702842879.324204,0,GPU-b342434c-f6b6-7627-333e-da750a9991e6,0.15,0.3556640625,10240.0,6424.0,546.17,NVIDIA GeForce RTX 3080,[N/A],Enabled,Enabled
1702842880.324131,0,GPU-b342434c-f6b6-7627-333e-da750a9991e6,0.15,0.3556640625,10240.0,6424.0,546.17,NVIDIA GeForce RTX 3080,[N/A],Enabled,Enabled
1702842881.32441,0,GPU-b342434c-f6b6-7627-333e-da750a9991e6,0.15,0.3556640625,10240.0,6424.0,546.17,NVIDIA GeForce RTX 3080,[N/A],Enabled,Enabled
1702842882.324896,0,GPU-b342434c-f6b6-7627-333e-da750a9991e6,0.15,0.3556640625,10240.0,6424.0,546.17,NVIDIA GeForce RTX 3080,[N/A],Enabled,Enabled
1702842883.323401,0,GPU-b342434c-f6b6-7627-333e-da750a9991e6,0.15,0.3556640625,10240.0,6424.0,546.17,NVIDIA GeForce RTX 3080,[N/A],Enabled,Enabled
1702842884.324455,0,GPU-b342434c-f6b6-7627-333e-da750a9991e6,0.15,0.3556640625,10240.0,6424.0,546.17,NVIDIA GeForce RTX 3080,[N/A],Enabled,Enabled
1702842885.323628,0,GPU-b342434c-f6b6-7627-333e-da750a9991e6,0.15,0.3556640625,10240.0,6424.0,546.17,NVIDIA GeForce RTX 3080,[N/A],Enabled,Enabled
1702842886.323788,0,GPU-b342434c-f6b6-7627-333e-da750a9991e6,0.15,0.3556640625,10240.0,6424.0,546.17,NVIDIA GeForce RTX 3080,[N/A],Enabled,Enabled
1702842887.323182,0,GPU-b342434c-f6b6-7627-333e-da750a9991e6,0.15,0.3556640625,10240.0,6424.0,546.17,NVIDIA GeForce RTX 3080,[N/A],Enabled,Enabled
1702842888.323877,0,GPU-b342434c-f6b6-7627-333e-da750a9991e6,0.15,0.3556640625,10240.0,6424.0,546.17,NVIDIA GeForce RTX 3080,[N/A],Enabled,Enabled
1702842889.324193,0,GPU-b342434c-f6b6-7627-333e-da750a9991e6,0.15,0.3556640625,10240.0,6424.0,546.17,NVIDIA GeForce RTX 3080,[N/A],Enabled,Enabled
1702842890.323508,0,GPU-b342434c-f6b6-7627-333e-da750a9991e6,0.15,0.3556640625,10240.0,6424.0,546.17,NVIDIA GeForce RTX 3080,[N/A],Enabled,Enabled
1702842891.324184,0,GPU-b342434c-f6b6-7627-333e-da750a9991e6,0.15,0.3556640625,10240.0,6424.0,546.17,NVIDIA GeForce RTX 3080,[N/A],Enabled,Enabled
1702842892.32461,0,GPU-b342434c-f6b6-7627-333e-da750a9991e6,0.15,0.3556640625,10240.0,6424.0,546.17,NVIDIA GeForce RTX 3080,[N/A],Enabled,Enabled
1702842893.324035,0,GPU-b342434c-f6b6-7627-333e-da750a9991e6,0.14,0.3556640625,10240.0,6424.0,546.17,NVIDIA GeForce RTX 3080,[N/A],Enabled,Enabled
1702842894.323843,0,GPU-b342434c-f6b6-7627-333e-da750a9991e6,0.15,0.3556640625,10240.0,6424.0,546.17,NVIDIA GeForce RTX 3080,[N/A],Enabled,Enabled
1702842895.323229,0,GPU-b342434c-f6b6-7627-333e-da750a9991e6,0.15,0.3556640625,10240.0,6424.0,546.17,NVIDIA GeForce RTX 3080,[N/A],Enabled,Enabled
1702842896.323981,0,GPU-b342434c-f6b6-7627-333e-da750a9991e6,0.15,0.3556640625,10240.0,6424.0,546.17,NVIDIA GeForce RTX 3080,[N/A],Enabled,Enabled
1702842897.323765,0,GPU-b342434c-f6b6-7627-333e-da750a9991e6,0.15,0.3556640625,10240.0,6424.0,546.17,NVIDIA GeForce RTX 3080,[N/A],Enabled,Enabled
1702842898.323795,0,GPU-b342434c-f6b6-7627-333e-da750a9991e6,0.15,0.3556640625,10240.0,6424.0,546.17,NVIDIA GeForce RTX 3080,[N/A],Enabled,Enabled
1702842899.323786,0,GPU-b342434c-f6b6-7627-333e-da750a9991e6,0.14,0.3556640625,10240.0,6424.0,546.17,NVIDIA GeForce RTX 3080,[N/A],Enabled,Enabled
1702842900.323797,0,GPU-b342434c-f6b6-7627-333e-da750a9991e6,0.15,0.3556640625,10240.0,6424.0,546.17,NVIDIA GeForce RTX 3080,[N/A],Enabled,Enabled
1702842901.323705,0,GPU-b342434c-f6b6-7627-333e-da750a9991e6,0.16,0.3556640625,10240.0,6424.0,546.17,NVIDIA GeForce RTX 3080,[N/A],Enabled,Enabled
1702842902.324038,0,GPU-b342434c-f6b6-7627-333e-da750a9991e6,0.16,0.3556640625,10240.0,6424.0,546.17,NVIDIA GeForce RTX 3080,[N/A],Enabled,Enabled
1702842903.323753,0,GPU-b342434c-f6b6-7627-333e-da750a9991e6,0.14,0.3556640625,10240.0,6424.0,546.17,NVIDIA GeForce RTX 3080,[N/A],Enabled,Enabled
1702842904.323836,0,GPU-b342434c-f6b6-7627-333e-da750a9991e6,0.15,0.3556640625,10240.0,6424.0,546.17,NVIDIA GeForce RTX 3080,[N/A],Enabled,Enabled
1702842905.323986,0,GPU-b342434c-f6b6-7627-333e-da750a9991e6,0.14,0.3556640625,10240.0,6424.0,546.17,NVIDIA GeForce RTX 3080,[N/A],Enabled,Enabled
1702842906.324406,0,GPU-b342434c-f6b6-7627-333e-da750a9991e6,0.15,0.3556640625,10240.0,6424.0,546.17,NVIDIA GeForce RTX 3080,[N/A],Enabled,Enabled
1702842907.323865,0,GPU-b342434c-f6b6-7627-333e-da750a9991e6,0.14,0.3556640625,10240.0,6424.0,546.17,NVIDIA GeForce RTX 3080,[N/A],Enabled,Enabled
1702842908.323988,0,GPU-b342434c-f6b6-7627-333e-da750a9991e6,0.15,0.3556640625,10240.0,6424.0,546.17,NVIDIA GeForce RTX 3080,[N/A],Enabled,Enabled
1702842909.324235,0,GPU-b342434c-f6b6-7627-333e-da750a9991e6,0.15,0.3556640625,10240.0,6424.0,546.17,NVIDIA GeForce RTX 3080,[N/A],Enabled,Enabled
1702842910.324331,0,GPU-b342434c-f6b6-7627-333e-da750a9991e6,0.15,0.3556640625,10240.0,6424.0,546.17,NVIDIA GeForce RTX 3080,[N/A],Enabled,Enabled
1702842911.324176,0,GPU-b342434c-f6b6-7627-333e-da750a9991e6,0.15,0.3556640625,10240.0,6424.0,546.17,NVIDIA GeForce RTX 3080,[N/A],Enabled,Enabled
1702842912.323631,0,GPU-b342434c-f6b6-7627-333e-da750a9991e6,0.15,0.3556640625,10240.0,6424.0,546.17,NVIDIA GeForce RTX 3080,[N/A],Enabled,Enabled
1702842913.323357,0,GPU-b342434c-f6b6-7627-333e-da750a9991e6,0.15,0.3556640625,10240.0,6424.0,546.17,NVIDIA GeForce RTX 3080,[N/A],Enabled,Enabled
1702842914.323212,0,GPU-b342434c-f6b6-7627-333e-da750a9991e6,0.15,0.3556640625,10240.0,6424.0,546.17,NVIDIA GeForce RTX 3080,[N/A],Enabled,Enabled
1702842915.323847,0,GPU-b342434c-f6b6-7627-333e-da750a9991e6,0.15,0.3556640625,10240.0,6424.0,546.17,NVIDIA GeForce RTX 3080,[N/A],Enabled,Enabled
1702842916.32393,0,GPU-b342434c-f6b6-7627-333e-da750a9991e6,0.15,0.3556640625,10240.0,6424.0,546.17,NVIDIA GeForce RTX 3080,[N/A],Enabled,Enabled
1702842917.323787,0,GPU-b342434c-f6b6-7627-333e-da750a9991e6,0.15,0.3556640625,10240.0,6424.0,546.17,NVIDIA GeForce RTX 3080,[N/A],Enabled,Enabled
1702842918.324055,0,GPU-b342434c-f6b6-7627-333e-da750a9991e6,0.15,0.3556640625,10240.0,6424.0,546.17,NVIDIA GeForce RTX 3080,[N/A],Enabled,Enabled
1702842919.324337,0,GPU-b342434c-f6b6-7627-333e-da750a9991e6,0.16,0.3556640625,10240.0,6424.0,546.17,NVIDIA GeForce RTX 3080,[N/A],Enabled,Enabled
1702842920.32425,0,GPU-b342434c-f6b6-7627-333e-da750a9991e6,0.15,0.3556640625,10240.0,6424.0,546.17,NVIDIA GeForce RTX 3080,[N/A],Enabled,Enabled
1702842921.323929,0,GPU-b342434c-f6b6-7627-333e-da750a9991e6,0.15,0.3556640625,10240.0,6424.0,546.17,NVIDIA GeForce RTX 3080,[N/A],Enabled,Enabled
1702842922.323401,0,GPU-b342434c-f6b6-7627-333e-da750a9991e6,0.15,0.3556640625,10240.0,6424.0,546.17,NVIDIA GeForce RTX 3080,[N/A],Enabled,Enabled
1702842923.324007,0,GPU-b342434c-f6b6-7627-333e-da750a9991e6,0.16,0.3556640625,10240.0,6424.0,546.17,NVIDIA GeForce RTX 3080,[N/A],Enabled,Enabled
1702842924.323117,0,GPU-b342434c-f6b6-7627-333e-da750a9991e6,0.15,0.3556640625,10240.0,6424.0,546.17,NVIDIA GeForce RTX 3080,[N/A],Enabled,Enabled
1702842925.323435,0,GPU-b342434c-f6b6-7627-333e-da750a9991e6,0.15,0.3556640625,10240.0,6424.0,546.17,NVIDIA GeForce RTX 3080,[N/A],Enabled,Enabled
1702842926.323492,0,GPU-b342434c-f6b6-7627-333e-da750a9991e6,0.15,0.3556640625,10240.0,6424.0,546.17,NVIDIA GeForce RTX 3080,[N/A],Enabled,Enabled
1702842927.324184,0,GPU-b342434c-f6b6-7627-333e-da750a9991e6,0.15,0.3556640625,10240.0,6424.0,546.17,NVIDIA GeForce RTX 3080,[N/A],Enabled,Enabled
1702842928.324397,0,GPU-b342434c-f6b6-7627-333e-da750a9991e6,0.16,0.3556640625,10240.0,6424.0,546.17,NVIDIA GeForce RTX 3080,[N/A],Enabled,Enabled
1702842929.323796,0,GPU-b342434c-f6b6-7627-333e-da750a9991e6,0.15,0.3556640625,10240.0,6424.0,546.17,NVIDIA GeForce RTX 3080,[N/A],Enabled,Enabled
1702842930.32404,0,GPU-b342434c-f6b6-7627-333e-da750a9991e6,0.15,0.3556640625,10240.0,6424.0,546.17,NVIDIA GeForce RTX 3080,[N/A],Enabled,Enabled
1702842931.323442,0,GPU-b342434c-f6b6-7627-333e-da750a9991e6,0.15,0.3556640625,10240.0,6424.0,546.17,NVIDIA GeForce RTX 3080,[N/A],Enabled,Enabled
1702842932.324471,0,GPU-b342434c-f6b6-7627-333e-da750a9991e6,0.15,0.3556640625,10240.0,6424.0,546.17,NVIDIA GeForce RTX 3080,[N/A],Enabled,Enabled
1702842933.323789,0,GPU-b342434c-f6b6-7627-333e-da750a9991e6,0.14,0.3556640625,10240.0,6424.0,546.17,NVIDIA GeForce RTX 3080,[N/A],Enabled,Enabled
1702842934.323686,0,GPU-b342434c-f6b6-7627-333e-da750a9991e6,0.15,0.3556640625,10240.0,6424.0,546.17,NVIDIA GeForce RTX 3080,[N/A],Enabled,Enabled
1702842935.323696,0,GPU-b342434c-f6b6-7627-333e-da750a9991e6,0.15,0.3556640625,10240.0,6424.0,546.17,NVIDIA GeForce RTX 3080,[N/A],Enabled,Enabled
1702842936.323608,0,GPU-b342434c-f6b6-7627-333e-da750a9991e6,0.15,0.3556640625,10240.0,6424.0,546.17,NVIDIA GeForce RTX 3080,[N/A],Enabled,Enabled
1702842937.323479,0,GPU-b342434c-f6b6-7627-333e-da750a9991e6,0.15,0.3556640625,10240.0,6424.0,546.17,NVIDIA GeForce RTX 3080,[N/A],Enabled,Enabled
1702842938.323282,0,GPU-b342434c-f6b6-7627-333e-da750a9991e6,0.15,0.3556640625,10240.0,6424.0,546.17,NVIDIA GeForce RTX 3080,[N/A],Enabled,Enabled
1702842939.324159,0,GPU-b342434c-f6b6-7627-333e-da750a9991e6,0.15,0.3556640625,10240.0,6424.0,546.17,NVIDIA GeForce RTX 3080,[N/A],Enabled,Enabled
1702842940.323583,0,GPU-b342434c-f6b6-7627-333e-da750a9991e6,0.15,0.3556640625,10240.0,6424.0,546.17,NVIDIA GeForce RTX 3080,[N/A],Enabled,Enabled
1702842941.323757,0,GPU-b342434c-f6b6-7627-333e-da750a9991e6,0.15,0.3556640625,10240.0,6424.0,546.17,NVIDIA GeForce RTX 3080,[N/A],Enabled,Enabled
1702842942.323625,0,GPU-b342434c-f6b6-7627-333e-da750a9991e6,0.15,0.3556640625,10240.0,6424.0,546.17,NVIDIA GeForce RTX 3080,[N/A],Enabled,Enabled
1702842943.324206,0,GPU-b342434c-f6b6-7627-333e-da750a9991e6,0.15,0.3556640625,10240.0,6424.0,546.17,NVIDIA GeForce RTX 3080,[N/A],Enabled,Enabled
1702842944.32418,0,GPU-b342434c-f6b6-7627-333e-da750a9991e6,0.15,0.3556640625,10240.0,6424.0,546.17,NVIDIA GeForce RTX 3080,[N/A],Enabled,Enabled
1702842945.323672,0,GPU-b342434c-f6b6-7627-333e-da750a9991e6,0.15,0.3556640625,10240.0,6424.0,546.17,NVIDIA GeForce RTX 3080,[N/A],Enabled,Enabled
1702842946.324304,0,GPU-b342434c-f6b6-7627-333e-da750a9991e6,0.15,0.3556640625,10240.0,6424.0,546.17,NVIDIA GeForce RTX 3080,[N/A],Enabled,Enabled
1702842947.323393,0,GPU-b342434c-f6b6-7627-333e-da750a9991e6,0.15,0.3556640625,10240.0,6424.0,546.17,NVIDIA GeForce RTX 3080,[N/A],Enabled,Enabled
1702842948.323446,0,GPU-b342434c-f6b6-7627-333e-da750a9991e6,0.15,0.3556640625,10240.0,6424.0,546.17,NVIDIA GeForce RTX 3080,[N/A],Enabled,Enabled
1702842949.323393,0,GPU-b342434c-f6b6-7627-333e-da750a9991e6,0.15,0.3556640625,10240.0,6424.0,546.17,NVIDIA GeForce RTX 3080,[N/A],Enabled,Enabled
1702842950.32409,0,GPU-b342434c-f6b6-7627-333e-da750a9991e6,0.15,0.3556640625,10240.0,6424.0,546.17,NVIDIA GeForce RTX 3080,[N/A],Enabled,Enabled
1702842951.323714,0,GPU-b342434c-f6b6-7627-333e-da750a9991e6,0.15,0.3556640625,10240.0,6424.0,546.17,NVIDIA GeForce RTX 3080,[N/A],Enabled,Enabled
1702842952.323529,0,GPU-b342434c-f6b6-7627-333e-da750a9991e6,0.16,0.3556640625,10240.0,6424.0,546.17,NVIDIA GeForce RTX 3080,[N/A],Enabled,Enabled
1702842953.324353,0,GPU-b342434c-f6b6-7627-333e-da750a9991e6,0.15,0.3556640625,10240.0,6424.0,546.17,NVIDIA GeForce RTX 3080,[N/A],Enabled,Enabled
1702842954.324501,0,GPU-b342434c-f6b6-7627-333e-da750a9991e6,0.16,0.3556640625,10240.0,6424.0,546.17,NVIDIA GeForce RTX 3080,[N/A],Enabled,Enabled
1702842955.323849,0,GPU-b342434c-f6b6-7627-333e-da750a9991e6,0.16,0.3556640625,10240.0,6424.0,546.17,NVIDIA GeForce RTX 3080,[N/A],Enabled,Enabled
1702842956.32351,0,GPU-b342434c-f6b6-7627-333e-da750a9991e6,0.16,0.3556640625,10240.0,6424.0,546.17,NVIDIA GeForce RTX 3080,[N/A],Enabled,Enabled
1702842957.323555,0,GPU-b342434c-f6b6-7627-333e-da750a9991e6,0.16,0.3556640625,10240.0,6424.0,546.17,NVIDIA GeForce RTX 3080,[N/A],Enabled,Enabled
1702842958.323802,0,GPU-b342434c-f6b6-7627-333e-da750a9991e6,0.16,0.3556640625,10240.0,6424.0,546.17,NVIDIA GeForce RTX 3080,[N/A],Enabled,Enabled
1702842959.323527,0,GPU-b342434c-f6b6-7627-333e-da750a9991e6,0.15,0.3556640625,10240.0,6424.0,546.17,NVIDIA GeForce RTX 3080,[N/A],Enabled,Enabled
1702842960.323988,0,GPU-b342434c-f6b6-7627-333e-da750a9991e6,0.15,0.3556640625,10240.0,6424.0,546.17,NVIDIA GeForce RTX 3080,[N/A],Enabled,Enabled
1702842961.324002,0,GPU-b342434c-f6b6-7627-333e-da750a9991e6,0.16,0.3556640625,10240.0,6424.0,546.17,NVIDIA GeForce RTX 3080,[N/A],Enabled,Enabled
1702842962.324266,0,GPU-b342434c-f6b6-7627-333e-da750a9991e6,0.17,0.3556640625,10240.0,6424.0,546.17,NVIDIA GeForce RTX 3080,[N/A],Enabled,Enabled
1702842963.32447,0,GPU-b342434c-f6b6-7627-333e-da750a9991e6,0.15,0.3556640625,10240.0,6424.0,546.17,NVIDIA GeForce RTX 3080,[N/A],Enabled,Enabled
1702842964.323897,0,GPU-b342434c-f6b6-7627-333e-da750a9991e6,0.16,0.3556640625,10240.0,6424.0,546.17,NVIDIA GeForce RTX 3080,[N/A],Enabled,Enabled
1702842965.323599,0,GPU-b342434c-f6b6-7627-333e-da750a9991e6,0.15,0.3556640625,10240.0,6424.0,546.17,NVIDIA GeForce RTX 3080,[N/A],Enabled,Enabled
1702842966.323293,0,GPU-b342434c-f6b6-7627-333e-da750a9991e6,0.16,0.3556640625,10240.0,6424.0,546.17,NVIDIA GeForce RTX 3080,[N/A],Enabled,Enabled
1702842967.323654,0,GPU-b342434c-f6b6-7627-333e-da750a9991e6,0.16,0.3556640625,10240.0,6424.0,546.17,NVIDIA GeForce RTX 3080,[N/A],Enabled,Enabled
1702842968.324469,0,GPU-b342434c-f6b6-7627-333e-da750a9991e6,0.16,0.3556640625,10240.0,6424.0,546.17,NVIDIA GeForce RTX 3080,[N/A],Enabled,Enabled
1702842969.324262,0,GPU-b342434c-f6b6-7627-333e-da750a9991e6,0.16,0.3556640625,10240.0,6424.0,546.17,NVIDIA GeForce RTX 3080,[N/A],Enabled,Enabled
1702842970.323818,0,GPU-b342434c-f6b6-7627-333e-da750a9991e6,0.15,0.3556640625,10240.0,6424.0,546.17,NVIDIA GeForce RTX 3080,[N/A],Enabled,Enabled
1702842971.32317,0,GPU-b342434c-f6b6-7627-333e-da750a9991e6,0.16,0.3556640625,10240.0,6424.0,546.17,NVIDIA GeForce RTX 3080,[N/A],Enabled,Enabled
1702842972.323479,0,GPU-b342434c-f6b6-7627-333e-da750a9991e6,0.16,0.3556640625,10240.0,6424.0,546.17,NVIDIA GeForce RTX 3080,[N/A],Enabled,Enabled
1702842973.323545,0,GPU-b342434c-f6b6-7627-333e-da750a9991e6,0.16,0.3556640625,10240.0,6424.0,546.17,NVIDIA GeForce RTX 3080,[N/A],Enabled,Enabled
1702842974.324113,0,GPU-b342434c-f6b6-7627-333e-da750a9991e6,0.15,0.3556640625,10240.0,6424.0,546.17,NVIDIA GeForce RTX 3080,[N/A],Enabled,Enabled
1702842975.32356,0,GPU-b342434c-f6b6-7627-333e-da750a9991e6,0.15,0.3556640625,10240.0,6424.0,546.17,NVIDIA GeForce RTX 3080,[N/A],Enabled,Enabled
1702842976.323424,0,GPU-b342434c-f6b6-7627-333e-da750a9991e6,0.16,0.3556640625,10240.0,6424.0,546.17,NVIDIA GeForce RTX 3080,[N/A],Enabled,Enabled
1702842977.323555,0,GPU-b342434c-f6b6-7627-333e-da750a9991e6,0.15,0.3556640625,10240.0,6424.0,546.17,NVIDIA GeForce RTX 3080,[N/A],Enabled,Enabled
1702842978.32387,0,GPU-b342434c-f6b6-7627-333e-da750a9991e6,0.15,0.3556640625,10240.0,6424.0,546.17,NVIDIA GeForce RTX 3080,[N/A],Enabled,Enabled
1702842979.323259,0,GPU-b342434c-f6b6-7627-333e-da750a9991e6,0.15,0.3556640625,10240.0,6424.0,546.17,NVIDIA GeForce RTX 3080,[N/A],Enabled,Enabled
1702842980.324005,0,GPU-b342434c-f6b6-7627-333e-da750a9991e6,0.15,0.3556640625,10240.0,6424.0,546.17,NVIDIA GeForce RTX 3080,[N/A],Enabled,Enabled
1702842981.324361,0,GPU-b342434c-f6b6-7627-333e-da750a9991e6,0.15,0.3556640625,10240.0,6424.0,546.17,NVIDIA GeForce RTX 3080,[N/A],Enabled,Enabled
1702842982.323432,0,GPU-b342434c-f6b6-7627-333e-da750a9991e6,0.15,0.3556640625,10240.0,6424.0,546.17,NVIDIA GeForce RTX 3080,[N/A],Enabled,Enabled
1702842983.324233,0,GPU-b342434c-f6b6-7627-333e-da750a9991e6,0.16,0.3556640625,10240.0,6424.0,546.17,NVIDIA GeForce RTX 3080,[N/A],Enabled,Enabled
1702842984.32335,0,GPU-b342434c-f6b6-7627-333e-da750a9991e6,0.15,0.3556640625,10240.0,6424.0,546.17,NVIDIA GeForce RTX 3080,[N/A],Enabled,Enabled
1702842985.324573,0,GPU-b342434c-f6b6-7627-333e-da750a9991e6,0.15,0.3556640625,10240.0,6424.0,546.17,NVIDIA GeForce RTX 3080,[N/A],Enabled,Enabled
1702842986.324101,0,GPU-b342434c-f6b6-7627-333e-da750a9991e6,0.13,0.34873046875,10240.0,6495.0,546.17,NVIDIA GeForce RTX 3080,[N/A],Enabled,Enabled
1702842987.323488,0,GPU-b342434c-f6b6-7627-333e-da750a9991e6,0.14,0.34873046875,10240.0,6495.0,546.17,NVIDIA GeForce RTX 3080,[N/A],Enabled,Enabled
1702842988.323348,0,GPU-b342434c-f6b6-7627-333e-da750a9991e6,0.12,0.3486328125,10240.0,6496.0,546.17,NVIDIA GeForce RTX 3080,[N/A],Enabled,Enabled
1702842989.323856,0,GPU-b342434c-f6b6-7627-333e-da750a9991e6,0.13,0.3453125,10240.0,6530.0,546.17,NVIDIA GeForce RTX 3080,[N/A],Enabled,Enabled
1702842990.324159,0,GPU-b342434c-f6b6-7627-333e-da750a9991e6,0.14,0.3486328125,10240.0,6496.0,546.17,NVIDIA GeForce RTX 3080,[N/A],Enabled,Enabled
1702842991.324319,0,GPU-b342434c-f6b6-7627-333e-da750a9991e6,0.12,0.3453125,10240.0,6530.0,546.17,NVIDIA GeForce RTX 3080,[N/A],Enabled,Enabled
1702842992.323097,0,GPU-b342434c-f6b6-7627-333e-da750a9991e6,0.13,0.3453125,10240.0,6530.0,546.17,NVIDIA GeForce RTX 3080,[N/A],Enabled,Enabled
1702842993.323825,0,GPU-b342434c-f6b6-7627-333e-da750a9991e6,0.13,0.3453125,10240.0,6530.0,546.17,NVIDIA GeForce RTX 3080,[N/A],Enabled,Enabled
1702842994.323602,0,GPU-b342434c-f6b6-7627-333e-da750a9991e6,0.13,0.3453125,10240.0,6530.0,546.17,NVIDIA GeForce RTX 3080,[N/A],Enabled,Enabled
1702842995.323447,0,GPU-b342434c-f6b6-7627-333e-da750a9991e6,0.13,0.3453125,10240.0,6530.0,546.17,NVIDIA GeForce RTX 3080,[N/A],Enabled,Enabled
1702842996.324016,0,GPU-b342434c-f6b6-7627-333e-da750a9991e6,0.12,0.3453125,10240.0,6530.0,546.17,NVIDIA GeForce RTX 3080,[N/A],Enabled,Enabled
1702842997.32432,0,GPU-b342434c-f6b6-7627-333e-da750a9991e6,0.13,0.3453125,10240.0,6530.0,546.17,NVIDIA GeForce RTX 3080,[N/A],Enabled,Enabled
1702842998.323586,0,GPU-b342434c-f6b6-7627-333e-da750a9991e6,0.13,0.3453125,10240.0,6530.0,546.17,NVIDIA GeForce RTX 3080,[N/A],Enabled,Enabled
1702842999.323977,0,GPU-b342434c-f6b6-7627-333e-da750a9991e6,0.12,0.3453125,10240.0,6530.0,546.17,NVIDIA GeForce RTX 3080,[N/A],Enabled,Enabled
1702843000.324178,0,GPU-b342434c-f6b6-7627-333e-da750a9991e6,0.17,0.29150390625,10240.0,7081.0,546.17,NVIDIA GeForce RTX 3080,[N/A],Enabled,Enabled
1702843001.324431,0,GPU-b342434c-f6b6-7627-333e-da750a9991e6,0.17,0.29130859375,10240.0,7083.0,546.17,NVIDIA GeForce RTX 3080,[N/A],Enabled,Enabled
1702843002.323601,0,GPU-b342434c-f6b6-7627-333e-da750a9991e6,0.14,0.29130859375,10240.0,7083.0,546.17,NVIDIA GeForce RTX 3080,[N/A],Enabled,Enabled
1702843003.323374,0,GPU-b342434c-f6b6-7627-333e-da750a9991e6,0.16,0.29130859375,10240.0,7083.0,546.17,NVIDIA GeForce RTX 3080,[N/A],Enabled,Enabled
