timestamp,id,uuid,load,memoryUtil,memoryTotal,memoryUsed,memoryFree,driver,name,serial,display_mode,display_active
1709652229.809536,0,GPU-93ae0c7f-c327-aee3-adae-bc0d1dae71ea,0.16,0.25850838625631006,12282.0,8836.0,551.61,NVIDIA GeForce RTX 4070,[N/A],Enabled,Enabled
1709652230.806641,0,GPU-93ae0c7f-c327-aee3-adae-bc0d1dae71ea,0.16,0.25850838625631006,12282.0,8836.0,551.61,NVIDIA GeForce RTX 4070,[N/A],Enabled,Enabled
1709652231.806577,0,GPU-93ae0c7f-c327-aee3-adae-bc0d1dae71ea,0.16,0.25850838625631006,12282.0,8836.0,551.61,NVIDIA GeForce RTX 4070,[N/A],Enabled,Enabled
1709652232.806479,0,GPU-93ae0c7f-c327-aee3-adae-bc0d1dae71ea,0.16,0.25850838625631006,12282.0,8836.0,551.61,NVIDIA GeForce RTX 4070,[N/A],Enabled,Enabled
1709652233.805748,0,GPU-93ae0c7f-c327-aee3-adae-bc0d1dae71ea,0.16,0.25850838625631006,12282.0,8836.0,551.61,NVIDIA GeForce RTX 4070,[N/A],Enabled,Enabled
1709652234.806181,0,GPU-93ae0c7f-c327-aee3-adae-bc0d1dae71ea,0.16,0.25850838625631006,12282.0,8836.0,551.61,NVIDIA GeForce RTX 4070,[N/A],Enabled,Enabled
1709652235.8063,0,GPU-93ae0c7f-c327-aee3-adae-bc0d1dae71ea,0.16,0.25850838625631006,12282.0,8836.0,551.61,NVIDIA GeForce RTX 4070,[N/A],Enabled,Enabled
1709652236.805797,0,GPU-93ae0c7f-c327-aee3-adae-bc0d1dae71ea,0.17,0.25850838625631006,12282.0,8836.0,551.61,NVIDIA GeForce RTX 4070,[N/A],Enabled,Enabled
1709652237.807163,0,GPU-93ae0c7f-c327-aee3-adae-bc0d1dae71ea,0.16,0.2596482657547631,12282.0,8822.0,551.61,NVIDIA GeForce RTX 4070,[N/A],Enabled,Enabled
1709652238.806667,0,GPU-93ae0c7f-c327-aee3-adae-bc0d1dae71ea,0.16,0.2596482657547631,12282.0,8822.0,551.61,NVIDIA GeForce RTX 4070,[N/A],Enabled,Enabled
1709652239.80639,0,GPU-93ae0c7f-c327-aee3-adae-bc0d1dae71ea,0.16,0.26054388536069045,12282.0,8811.0,551.61,NVIDIA GeForce RTX 4070,[N/A],Enabled,Enabled
1709652240.806331,0,GPU-93ae0c7f-c327-aee3-adae-bc0d1dae71ea,0.17,0.2651034033545025,12282.0,8755.0,551.61,NVIDIA GeForce RTX 4070,[N/A],Enabled,Enabled
1709652241.80618,0,GPU-93ae0c7f-c327-aee3-adae-bc0d1dae71ea,0.16,0.27357107962872496,12282.0,8651.0,551.61,NVIDIA GeForce RTX 4070,[N/A],Enabled,Enabled
1709652242.806684,0,GPU-93ae0c7f-c327-aee3-adae-bc0d1dae71ea,0.17,0.27340823970037453,12282.0,8653.0,551.61,NVIDIA GeForce RTX 4070,[N/A],Enabled,Enabled
1709652243.806466,0,GPU-93ae0c7f-c327-aee3-adae-bc0d1dae71ea,0.16,0.272838299951148,12282.0,8660.0,551.61,NVIDIA GeForce RTX 4070,[N/A],Enabled,Enabled
1709652244.806759,0,GPU-93ae0c7f-c327-aee3-adae-bc0d1dae71ea,0.18,0.2708842208109428,12282.0,8684.0,551.61,NVIDIA GeForce RTX 4070,[N/A],Enabled,Enabled
1709652245.807037,0,GPU-93ae0c7f-c327-aee3-adae-bc0d1dae71ea,0.17,0.27145416056016936,12282.0,8677.0,551.61,NVIDIA GeForce RTX 4070,[N/A],Enabled,Enabled
1709652246.806313,0,GPU-93ae0c7f-c327-aee3-adae-bc0d1dae71ea,0.15,0.37998697280573196,12282.0,7344.0,551.61,NVIDIA GeForce RTX 4070,[N/A],Enabled,Enabled
1709652247.806635,0,GPU-93ae0c7f-c327-aee3-adae-bc0d1dae71ea,0.1,0.3422895293926071,12282.0,7807.0,551.61,NVIDIA GeForce RTX 4070,[N/A],Enabled,Enabled
1709652248.8062,0,GPU-93ae0c7f-c327-aee3-adae-bc0d1dae71ea,0.1,0.3420452695000814,12282.0,7810.0,551.61,NVIDIA GeForce RTX 4070,[N/A],Enabled,Enabled
1709652249.806397,0,GPU-93ae0c7f-c327-aee3-adae-bc0d1dae71ea,0.11,0.33593877218694024,12282.0,7885.0,551.61,NVIDIA GeForce RTX 4070,[N/A],Enabled,Enabled
1709652250.806266,0,GPU-93ae0c7f-c327-aee3-adae-bc0d1dae71ea,0.08,0.3120013027194268,12282.0,8179.0,551.61,NVIDIA GeForce RTX 4070,[N/A],Enabled,Enabled
1709652251.806594,0,GPU-93ae0c7f-c327-aee3-adae-bc0d1dae71ea,0.08,0.43510828855235306,12282.0,6667.0,551.61,NVIDIA GeForce RTX 4070,[N/A],Enabled,Enabled
1709652252.806253,0,GPU-93ae0c7f-c327-aee3-adae-bc0d1dae71ea,0.35,0.4628724963361016,12282.0,6326.0,551.61,NVIDIA GeForce RTX 4070,[N/A],Enabled,Enabled
1709652253.806295,0,GPU-93ae0c7f-c327-aee3-adae-bc0d1dae71ea,0.35,0.462628236443576,12282.0,6329.0,551.61,NVIDIA GeForce RTX 4070,[N/A],Enabled,Enabled
1709652254.807002,0,GPU-93ae0c7f-c327-aee3-adae-bc0d1dae71ea,0.3,0.45790587852141346,12282.0,6387.0,551.61,NVIDIA GeForce RTX 4070,[N/A],Enabled,Enabled
1709652255.805663,0,GPU-93ae0c7f-c327-aee3-adae-bc0d1dae71ea,0.3,0.45790587852141346,12282.0,6387.0,551.61,NVIDIA GeForce RTX 4070,[N/A],Enabled,Enabled
1709652256.806514,0,GPU-93ae0c7f-c327-aee3-adae-bc0d1dae71ea,0.3,0.45790587852141346,12282.0,6387.0,551.61,NVIDIA GeForce RTX 4070,[N/A],Enabled,Enabled
1709652257.806445,0,GPU-93ae0c7f-c327-aee3-adae-bc0d1dae71ea,0.34,0.46254681647940077,12282.0,6330.0,551.61,NVIDIA GeForce RTX 4070,[N/A],Enabled,Enabled
1709652258.806761,0,GPU-93ae0c7f-c327-aee3-adae-bc0d1dae71ea,0.12,0.575476306790425,12282.0,4943.0,551.61,NVIDIA GeForce RTX 4070,[N/A],Enabled,Enabled
1709652259.806265,0,GPU-93ae0c7f-c327-aee3-adae-bc0d1dae71ea,0.33,0.46344243608532815,12282.0,6319.0,551.61,NVIDIA GeForce RTX 4070,[N/A],Enabled,Enabled
1709652260.806737,0,GPU-93ae0c7f-c327-aee3-adae-bc0d1dae71ea,0.31,0.46344243608532815,12282.0,6319.0,551.61,NVIDIA GeForce RTX 4070,[N/A],Enabled,Enabled
1709652261.806348,0,GPU-93ae0c7f-c327-aee3-adae-bc0d1dae71ea,0.28,0.4587200781631656,12282.0,6377.0,551.61,NVIDIA GeForce RTX 4070,[N/A],Enabled,Enabled
1709652262.806296,0,GPU-93ae0c7f-c327-aee3-adae-bc0d1dae71ea,0.28,0.46344243608532815,12282.0,6319.0,551.61,NVIDIA GeForce RTX 4070,[N/A],Enabled,Enabled
1709652263.80601,0,GPU-93ae0c7f-c327-aee3-adae-bc0d1dae71ea,0.29,0.4587200781631656,12282.0,6377.0,551.61,NVIDIA GeForce RTX 4070,[N/A],Enabled,Enabled
1709652264.806485,0,GPU-93ae0c7f-c327-aee3-adae-bc0d1dae71ea,0.32,0.46344243608532815,12282.0,6319.0,551.61,NVIDIA GeForce RTX 4070,[N/A],Enabled,Enabled
1709652265.80702,0,GPU-93ae0c7f-c327-aee3-adae-bc0d1dae71ea,0.32,0.46344243608532815,12282.0,6319.0,551.61,NVIDIA GeForce RTX 4070,[N/A],Enabled,Enabled
1709652266.807258,0,GPU-93ae0c7f-c327-aee3-adae-bc0d1dae71ea,0.3,0.45880149812734083,12282.0,6376.0,551.61,NVIDIA GeForce RTX 4070,[N/A],Enabled,Enabled
1709652267.806094,0,GPU-93ae0c7f-c327-aee3-adae-bc0d1dae71ea,0.31,0.46344243608532815,12282.0,6319.0,551.61,NVIDIA GeForce RTX 4070,[N/A],Enabled,Enabled
1709652268.806079,0,GPU-93ae0c7f-c327-aee3-adae-bc0d1dae71ea,0.32,0.46344243608532815,12282.0,6319.0,551.61,NVIDIA GeForce RTX 4070,[N/A],Enabled,Enabled
1709652269.806562,0,GPU-93ae0c7f-c327-aee3-adae-bc0d1dae71ea,0.29,0.45880149812734083,12282.0,6376.0,551.61,NVIDIA GeForce RTX 4070,[N/A],Enabled,Enabled
1709652270.806518,0,GPU-93ae0c7f-c327-aee3-adae-bc0d1dae71ea,0.3,0.45880149812734083,12282.0,6376.0,551.61,NVIDIA GeForce RTX 4070,[N/A],Enabled,Enabled
1709652271.806843,0,GPU-93ae0c7f-c327-aee3-adae-bc0d1dae71ea,0.32,0.46344243608532815,12282.0,6319.0,551.61,NVIDIA GeForce RTX 4070,[N/A],Enabled,Enabled
1709652272.806125,0,GPU-93ae0c7f-c327-aee3-adae-bc0d1dae71ea,0.32,0.46344243608532815,12282.0,6319.0,551.61,NVIDIA GeForce RTX 4070,[N/A],Enabled,Enabled
1709652273.806201,0,GPU-93ae0c7f-c327-aee3-adae-bc0d1dae71ea,0.29,0.4587200781631656,12282.0,6377.0,551.61,NVIDIA GeForce RTX 4070,[N/A],Enabled,Enabled
1709652274.806624,0,GPU-93ae0c7f-c327-aee3-adae-bc0d1dae71ea,0.25,0.460755577267546,12282.0,6352.0,551.61,NVIDIA GeForce RTX 4070,[N/A],Enabled,Enabled
1709652275.806513,0,GPU-93ae0c7f-c327-aee3-adae-bc0d1dae71ea,0.36,0.467187754437388,12282.0,6273.0,551.61,NVIDIA GeForce RTX 4070,[N/A],Enabled,Enabled
1709652276.806959,0,GPU-93ae0c7f-c327-aee3-adae-bc0d1dae71ea,0.39,0.467187754437388,12282.0,6273.0,551.61,NVIDIA GeForce RTX 4070,[N/A],Enabled,Enabled
1709652277.806496,0,GPU-93ae0c7f-c327-aee3-adae-bc0d1dae71ea,0.38,0.467187754437388,12282.0,6273.0,551.61,NVIDIA GeForce RTX 4070,[N/A],Enabled,Enabled
1709652278.806046,0,GPU-93ae0c7f-c327-aee3-adae-bc0d1dae71ea,0.36,0.467187754437388,12282.0,6273.0,551.61,NVIDIA GeForce RTX 4070,[N/A],Enabled,Enabled
1709652279.80589,0,GPU-93ae0c7f-c327-aee3-adae-bc0d1dae71ea,0.41,0.467187754437388,12282.0,6273.0,551.61,NVIDIA GeForce RTX 4070,[N/A],Enabled,Enabled
1709652280.807494,0,GPU-93ae0c7f-c327-aee3-adae-bc0d1dae71ea,0.36,0.467187754437388,12282.0,6273.0,551.61,NVIDIA GeForce RTX 4070,[N/A],Enabled,Enabled
1709652281.806519,0,GPU-93ae0c7f-c327-aee3-adae-bc0d1dae71ea,0.36,0.467187754437388,12282.0,6273.0,551.61,NVIDIA GeForce RTX 4070,[N/A],Enabled,Enabled
1709652282.80695,0,GPU-93ae0c7f-c327-aee3-adae-bc0d1dae71ea,0.36,0.467187754437388,12282.0,6273.0,551.61,NVIDIA GeForce RTX 4070,[N/A],Enabled,Enabled
1709652283.807088,0,GPU-93ae0c7f-c327-aee3-adae-bc0d1dae71ea,0.37,0.46726917440156324,12282.0,6272.0,551.61,NVIDIA GeForce RTX 4070,[N/A],Enabled,Enabled
1709652284.806067,0,GPU-93ae0c7f-c327-aee3-adae-bc0d1dae71ea,0.36,0.4673505943657385,12282.0,6271.0,551.61,NVIDIA GeForce RTX 4070,[N/A],Enabled,Enabled
1709652285.806042,0,GPU-93ae0c7f-c327-aee3-adae-bc0d1dae71ea,0.35,0.4673505943657385,12282.0,6271.0,551.61,NVIDIA GeForce RTX 4070,[N/A],Enabled,Enabled
1709652286.806296,0,GPU-93ae0c7f-c327-aee3-adae-bc0d1dae71ea,0.4,0.4673505943657385,12282.0,6271.0,551.61,NVIDIA GeForce RTX 4070,[N/A],Enabled,Enabled
1709652287.806827,0,GPU-93ae0c7f-c327-aee3-adae-bc0d1dae71ea,0.37,0.4673505943657385,12282.0,6271.0,551.61,NVIDIA GeForce RTX 4070,[N/A],Enabled,Enabled
1709652288.805749,0,GPU-93ae0c7f-c327-aee3-adae-bc0d1dae71ea,0.37,0.4673505943657385,12282.0,6271.0,551.61,NVIDIA GeForce RTX 4070,[N/A],Enabled,Enabled
1709652289.805923,0,GPU-93ae0c7f-c327-aee3-adae-bc0d1dae71ea,0.35,0.4673505943657385,12282.0,6271.0,551.61,NVIDIA GeForce RTX 4070,[N/A],Enabled,Enabled
1709652290.807079,0,GPU-93ae0c7f-c327-aee3-adae-bc0d1dae71ea,0.4,0.4673505943657385,12282.0,6271.0,551.61,NVIDIA GeForce RTX 4070,[N/A],Enabled,Enabled
1709652291.806207,0,GPU-93ae0c7f-c327-aee3-adae-bc0d1dae71ea,0.37,0.4673505943657385,12282.0,6271.0,551.61,NVIDIA GeForce RTX 4070,[N/A],Enabled,Enabled
1709652292.806126,0,GPU-93ae0c7f-c327-aee3-adae-bc0d1dae71ea,0.41,0.4673505943657385,12282.0,6271.0,551.61,NVIDIA GeForce RTX 4070,[N/A],Enabled,Enabled
1709652293.806456,0,GPU-93ae0c7f-c327-aee3-adae-bc0d1dae71ea,0.38,0.4673505943657385,12282.0,6271.0,551.61,NVIDIA GeForce RTX 4070,[N/A],Enabled,Enabled
1709652294.806736,0,GPU-93ae0c7f-c327-aee3-adae-bc0d1dae71ea,0.37,0.4673505943657385,12282.0,6271.0,551.61,NVIDIA GeForce RTX 4070,[N/A],Enabled,Enabled
1709652295.806507,0,GPU-93ae0c7f-c327-aee3-adae-bc0d1dae71ea,0.39,0.4673505943657385,12282.0,6271.0,551.61,NVIDIA GeForce RTX 4070,[N/A],Enabled,Enabled
1709652296.806048,0,GPU-93ae0c7f-c327-aee3-adae-bc0d1dae71ea,0.38,0.4673505943657385,12282.0,6271.0,551.61,NVIDIA GeForce RTX 4070,[N/A],Enabled,Enabled
1709652297.80681,0,GPU-93ae0c7f-c327-aee3-adae-bc0d1dae71ea,0.38,0.4673505943657385,12282.0,6271.0,551.61,NVIDIA GeForce RTX 4070,[N/A],Enabled,Enabled
1709652298.806317,0,GPU-93ae0c7f-c327-aee3-adae-bc0d1dae71ea,0.4,0.4673505943657385,12282.0,6271.0,551.61,NVIDIA GeForce RTX 4070,[N/A],Enabled,Enabled
1709652299.80616,0,GPU-93ae0c7f-c327-aee3-adae-bc0d1dae71ea,0.38,0.4673505943657385,12282.0,6271.0,551.61,NVIDIA GeForce RTX 4070,[N/A],Enabled,Enabled
1709652300.806117,0,GPU-93ae0c7f-c327-aee3-adae-bc0d1dae71ea,0.4,0.4673505943657385,12282.0,6271.0,551.61,NVIDIA GeForce RTX 4070,[N/A],Enabled,Enabled
1709652301.806082,0,GPU-93ae0c7f-c327-aee3-adae-bc0d1dae71ea,0.39,0.46726917440156324,12282.0,6272.0,551.61,NVIDIA GeForce RTX 4070,[N/A],Enabled,Enabled
1709652302.80581,0,GPU-93ae0c7f-c327-aee3-adae-bc0d1dae71ea,0.39,0.46726917440156324,12282.0,6272.0,551.61,NVIDIA GeForce RTX 4070,[N/A],Enabled,Enabled
1709652303.805989,0,GPU-93ae0c7f-c327-aee3-adae-bc0d1dae71ea,0.39,0.46726917440156324,12282.0,6272.0,551.61,NVIDIA GeForce RTX 4070,[N/A],Enabled,Enabled
1709652304.806603,0,GPU-93ae0c7f-c327-aee3-adae-bc0d1dae71ea,0.38,0.46726917440156324,12282.0,6272.0,551.61,NVIDIA GeForce RTX 4070,[N/A],Enabled,Enabled
1709652305.80664,0,GPU-93ae0c7f-c327-aee3-adae-bc0d1dae71ea,0.4,0.46726917440156324,12282.0,6272.0,551.61,NVIDIA GeForce RTX 4070,[N/A],Enabled,Enabled
1709652306.806099,0,GPU-93ae0c7f-c327-aee3-adae-bc0d1dae71ea,0.38,0.46726917440156324,12282.0,6272.0,551.61,NVIDIA GeForce RTX 4070,[N/A],Enabled,Enabled
1709652307.80697,0,GPU-93ae0c7f-c327-aee3-adae-bc0d1dae71ea,0.41,0.46726917440156324,12282.0,6272.0,551.61,NVIDIA GeForce RTX 4070,[N/A],Enabled,Enabled
1709652308.806328,0,GPU-93ae0c7f-c327-aee3-adae-bc0d1dae71ea,0.39,0.46726917440156324,12282.0,6272.0,551.61,NVIDIA GeForce RTX 4070,[N/A],Enabled,Enabled
1709652309.805639,0,GPU-93ae0c7f-c327-aee3-adae-bc0d1dae71ea,0.37,0.46726917440156324,12282.0,6272.0,551.61,NVIDIA GeForce RTX 4070,[N/A],Enabled,Enabled
1709652310.806695,0,GPU-93ae0c7f-c327-aee3-adae-bc0d1dae71ea,0.38,0.46726917440156324,12282.0,6272.0,551.61,NVIDIA GeForce RTX 4070,[N/A],Enabled,Enabled
1709652311.806613,0,GPU-93ae0c7f-c327-aee3-adae-bc0d1dae71ea,0.37,0.46726917440156324,12282.0,6272.0,551.61,NVIDIA GeForce RTX 4070,[N/A],Enabled,Enabled
1709652312.806685,0,GPU-93ae0c7f-c327-aee3-adae-bc0d1dae71ea,0.37,0.46726917440156324,12282.0,6272.0,551.61,NVIDIA GeForce RTX 4070,[N/A],Enabled,Enabled
1709652313.807458,0,GPU-93ae0c7f-c327-aee3-adae-bc0d1dae71ea,0.4,0.46726917440156324,12282.0,6272.0,551.61,NVIDIA GeForce RTX 4070,[N/A],Enabled,Enabled
1709652314.805691,0,GPU-93ae0c7f-c327-aee3-adae-bc0d1dae71ea,0.38,0.46726917440156324,12282.0,6272.0,551.61,NVIDIA GeForce RTX 4070,[N/A],Enabled,Enabled
1709652315.807059,0,GPU-93ae0c7f-c327-aee3-adae-bc0d1dae71ea,0.4,0.46726917440156324,12282.0,6272.0,551.61,NVIDIA GeForce RTX 4070,[N/A],Enabled,Enabled
1709652316.805908,0,GPU-93ae0c7f-c327-aee3-adae-bc0d1dae71ea,0.38,0.46726917440156324,12282.0,6272.0,551.61,NVIDIA GeForce RTX 4070,[N/A],Enabled,Enabled
1709652317.806404,0,GPU-93ae0c7f-c327-aee3-adae-bc0d1dae71ea,0.38,0.46726917440156324,12282.0,6272.0,551.61,NVIDIA GeForce RTX 4070,[N/A],Enabled,Enabled
1709652318.806192,0,GPU-93ae0c7f-c327-aee3-adae-bc0d1dae71ea,0.39,0.46726917440156324,12282.0,6272.0,551.61,NVIDIA GeForce RTX 4070,[N/A],Enabled,Enabled
1709652319.807074,0,GPU-93ae0c7f-c327-aee3-adae-bc0d1dae71ea,0.38,0.46726917440156324,12282.0,6272.0,551.61,NVIDIA GeForce RTX 4070,[N/A],Enabled,Enabled
1709652320.8066,0,GPU-93ae0c7f-c327-aee3-adae-bc0d1dae71ea,0.38,0.46726917440156324,12282.0,6272.0,551.61,NVIDIA GeForce RTX 4070,[N/A],Enabled,Enabled
1709652321.806421,0,GPU-93ae0c7f-c327-aee3-adae-bc0d1dae71ea,0.37,0.46726917440156324,12282.0,6272.0,551.61,NVIDIA GeForce RTX 4070,[N/A],Enabled,Enabled
1709652322.806529,0,GPU-93ae0c7f-c327-aee3-adae-bc0d1dae71ea,0.38,0.46726917440156324,12282.0,6272.0,551.61,NVIDIA GeForce RTX 4070,[N/A],Enabled,Enabled
1709652323.806416,0,GPU-93ae0c7f-c327-aee3-adae-bc0d1dae71ea,0.4,0.46726917440156324,12282.0,6272.0,551.61,NVIDIA GeForce RTX 4070,[N/A],Enabled,Enabled
1709652324.806757,0,GPU-93ae0c7f-c327-aee3-adae-bc0d1dae71ea,0.41,0.46726917440156324,12282.0,6272.0,551.61,NVIDIA GeForce RTX 4070,[N/A],Enabled,Enabled
1709652325.806758,0,GPU-93ae0c7f-c327-aee3-adae-bc0d1dae71ea,0.37,0.46726917440156324,12282.0,6272.0,551.61,NVIDIA GeForce RTX 4070,[N/A],Enabled,Enabled
1709652326.805982,0,GPU-93ae0c7f-c327-aee3-adae-bc0d1dae71ea,0.39,0.46726917440156324,12282.0,6272.0,551.61,NVIDIA GeForce RTX 4070,[N/A],Enabled,Enabled
1709652327.806115,0,GPU-93ae0c7f-c327-aee3-adae-bc0d1dae71ea,0.4,0.46726917440156324,12282.0,6272.0,551.61,NVIDIA GeForce RTX 4070,[N/A],Enabled,Enabled
1709652328.805828,0,GPU-93ae0c7f-c327-aee3-adae-bc0d1dae71ea,0.41,0.46726917440156324,12282.0,6272.0,551.61,NVIDIA GeForce RTX 4070,[N/A],Enabled,Enabled
1709652329.805582,0,GPU-93ae0c7f-c327-aee3-adae-bc0d1dae71ea,0.4,0.46726917440156324,12282.0,6272.0,551.61,NVIDIA GeForce RTX 4070,[N/A],Enabled,Enabled
1709652330.806608,0,GPU-93ae0c7f-c327-aee3-adae-bc0d1dae71ea,0.41,0.46726917440156324,12282.0,6272.0,551.61,NVIDIA GeForce RTX 4070,[N/A],Enabled,Enabled
1709652331.806496,0,GPU-93ae0c7f-c327-aee3-adae-bc0d1dae71ea,0.39,0.46726917440156324,12282.0,6272.0,551.61,NVIDIA GeForce RTX 4070,[N/A],Enabled,Enabled
1709652332.806045,0,GPU-93ae0c7f-c327-aee3-adae-bc0d1dae71ea,0.37,0.46726917440156324,12282.0,6272.0,551.61,NVIDIA GeForce RTX 4070,[N/A],Enabled,Enabled
1709652333.806169,0,GPU-93ae0c7f-c327-aee3-adae-bc0d1dae71ea,0.38,0.46726917440156324,12282.0,6272.0,551.61,NVIDIA GeForce RTX 4070,[N/A],Enabled,Enabled
1709652334.806741,0,GPU-93ae0c7f-c327-aee3-adae-bc0d1dae71ea,0.4,0.46726917440156324,12282.0,6272.0,551.61,NVIDIA GeForce RTX 4070,[N/A],Enabled,Enabled
1709652335.806884,0,GPU-93ae0c7f-c327-aee3-adae-bc0d1dae71ea,0.38,0.46726917440156324,12282.0,6272.0,551.61,NVIDIA GeForce RTX 4070,[N/A],Enabled,Enabled
1709652336.806731,0,GPU-93ae0c7f-c327-aee3-adae-bc0d1dae71ea,0.4,0.46726917440156324,12282.0,6272.0,551.61,NVIDIA GeForce RTX 4070,[N/A],Enabled,Enabled
1709652337.806061,0,GPU-93ae0c7f-c327-aee3-adae-bc0d1dae71ea,0.36,0.46726917440156324,12282.0,6272.0,551.61,NVIDIA GeForce RTX 4070,[N/A],Enabled,Enabled
1709652338.806378,0,GPU-93ae0c7f-c327-aee3-adae-bc0d1dae71ea,0.38,0.46726917440156324,12282.0,6272.0,551.61,NVIDIA GeForce RTX 4070,[N/A],Enabled,Enabled
1709652339.806436,0,GPU-93ae0c7f-c327-aee3-adae-bc0d1dae71ea,0.39,0.46726917440156324,12282.0,6272.0,551.61,NVIDIA GeForce RTX 4070,[N/A],Enabled,Enabled
1709652340.806378,0,GPU-93ae0c7f-c327-aee3-adae-bc0d1dae71ea,0.4,0.46726917440156324,12282.0,6272.0,551.61,NVIDIA GeForce RTX 4070,[N/A],Enabled,Enabled
1709652341.806213,0,GPU-93ae0c7f-c327-aee3-adae-bc0d1dae71ea,0.39,0.46726917440156324,12282.0,6272.0,551.61,NVIDIA GeForce RTX 4070,[N/A],Enabled,Enabled
1709652342.806889,0,GPU-93ae0c7f-c327-aee3-adae-bc0d1dae71ea,0.41,0.46726917440156324,12282.0,6272.0,551.61,NVIDIA GeForce RTX 4070,[N/A],Enabled,Enabled
1709652343.806177,0,GPU-93ae0c7f-c327-aee3-adae-bc0d1dae71ea,0.39,0.46726917440156324,12282.0,6272.0,551.61,NVIDIA GeForce RTX 4070,[N/A],Enabled,Enabled
1709652344.806269,0,GPU-93ae0c7f-c327-aee3-adae-bc0d1dae71ea,0.37,0.46726917440156324,12282.0,6272.0,551.61,NVIDIA GeForce RTX 4070,[N/A],Enabled,Enabled
1709652345.806546,0,GPU-93ae0c7f-c327-aee3-adae-bc0d1dae71ea,0.39,0.46726917440156324,12282.0,6272.0,551.61,NVIDIA GeForce RTX 4070,[N/A],Enabled,Enabled
1709652346.806577,0,GPU-93ae0c7f-c327-aee3-adae-bc0d1dae71ea,0.38,0.46726917440156324,12282.0,6272.0,551.61,NVIDIA GeForce RTX 4070,[N/A],Enabled,Enabled
1709652347.806406,0,GPU-93ae0c7f-c327-aee3-adae-bc0d1dae71ea,0.36,0.46726917440156324,12282.0,6272.0,551.61,NVIDIA GeForce RTX 4070,[N/A],Enabled,Enabled
1709652348.80562,0,GPU-93ae0c7f-c327-aee3-adae-bc0d1dae71ea,0.39,0.46726917440156324,12282.0,6272.0,551.61,NVIDIA GeForce RTX 4070,[N/A],Enabled,Enabled
1709652349.805908,0,GPU-93ae0c7f-c327-aee3-adae-bc0d1dae71ea,0.37,0.46726917440156324,12282.0,6272.0,551.61,NVIDIA GeForce RTX 4070,[N/A],Enabled,Enabled
1709652350.805956,0,GPU-93ae0c7f-c327-aee3-adae-bc0d1dae71ea,0.37,0.46726917440156324,12282.0,6272.0,551.61,NVIDIA GeForce RTX 4070,[N/A],Enabled,Enabled
1709652351.806318,0,GPU-93ae0c7f-c327-aee3-adae-bc0d1dae71ea,0.38,0.46726917440156324,12282.0,6272.0,551.61,NVIDIA GeForce RTX 4070,[N/A],Enabled,Enabled
1709652352.806924,0,GPU-93ae0c7f-c327-aee3-adae-bc0d1dae71ea,0.38,0.46726917440156324,12282.0,6272.0,551.61,NVIDIA GeForce RTX 4070,[N/A],Enabled,Enabled
1709652353.807384,0,GPU-93ae0c7f-c327-aee3-adae-bc0d1dae71ea,0.36,0.46726917440156324,12282.0,6272.0,551.61,NVIDIA GeForce RTX 4070,[N/A],Enabled,Enabled
1709652354.807424,0,GPU-93ae0c7f-c327-aee3-adae-bc0d1dae71ea,0.4,0.46726917440156324,12282.0,6272.0,551.61,NVIDIA GeForce RTX 4070,[N/A],Enabled,Enabled
1709652355.805926,0,GPU-93ae0c7f-c327-aee3-adae-bc0d1dae71ea,0.38,0.46726917440156324,12282.0,6272.0,551.61,NVIDIA GeForce RTX 4070,[N/A],Enabled,Enabled
1709652356.806901,0,GPU-93ae0c7f-c327-aee3-adae-bc0d1dae71ea,0.36,0.46726917440156324,12282.0,6272.0,551.61,NVIDIA GeForce RTX 4070,[N/A],Enabled,Enabled
1709652357.806088,0,GPU-93ae0c7f-c327-aee3-adae-bc0d1dae71ea,0.35,0.46726917440156324,12282.0,6272.0,551.61,NVIDIA GeForce RTX 4070,[N/A],Enabled,Enabled
1709652358.806373,0,GPU-93ae0c7f-c327-aee3-adae-bc0d1dae71ea,0.41,0.46726917440156324,12282.0,6272.0,551.61,NVIDIA GeForce RTX 4070,[N/A],Enabled,Enabled
1709652359.806041,0,GPU-93ae0c7f-c327-aee3-adae-bc0d1dae71ea,0.37,0.46726917440156324,12282.0,6272.0,551.61,NVIDIA GeForce RTX 4070,[N/A],Enabled,Enabled
1709652360.806708,0,GPU-93ae0c7f-c327-aee3-adae-bc0d1dae71ea,0.38,0.46726917440156324,12282.0,6272.0,551.61,NVIDIA GeForce RTX 4070,[N/A],Enabled,Enabled
1709652361.805801,0,GPU-93ae0c7f-c327-aee3-adae-bc0d1dae71ea,0.36,0.46726917440156324,12282.0,6272.0,551.61,NVIDIA GeForce RTX 4070,[N/A],Enabled,Enabled
1709652362.807137,0,GPU-93ae0c7f-c327-aee3-adae-bc0d1dae71ea,0.39,0.467920534114965,12282.0,6264.0,551.61,NVIDIA GeForce RTX 4070,[N/A],Enabled,Enabled
1709652363.806192,0,GPU-93ae0c7f-c327-aee3-adae-bc0d1dae71ea,0.37,0.46726917440156324,12282.0,6272.0,551.61,NVIDIA GeForce RTX 4070,[N/A],Enabled,Enabled
1709652364.806095,0,GPU-93ae0c7f-c327-aee3-adae-bc0d1dae71ea,0.37,0.46726917440156324,12282.0,6272.0,551.61,NVIDIA GeForce RTX 4070,[N/A],Enabled,Enabled
1709652365.806035,0,GPU-93ae0c7f-c327-aee3-adae-bc0d1dae71ea,0.39,0.46726917440156324,12282.0,6272.0,551.61,NVIDIA GeForce RTX 4070,[N/A],Enabled,Enabled
1709652366.807011,0,GPU-93ae0c7f-c327-aee3-adae-bc0d1dae71ea,0.37,0.46726917440156324,12282.0,6272.0,551.61,NVIDIA GeForce RTX 4070,[N/A],Enabled,Enabled
1709652367.806747,0,GPU-93ae0c7f-c327-aee3-adae-bc0d1dae71ea,0.37,0.46726917440156324,12282.0,6272.0,551.61,NVIDIA GeForce RTX 4070,[N/A],Enabled,Enabled
1709652368.80612,0,GPU-93ae0c7f-c327-aee3-adae-bc0d1dae71ea,0.38,0.46726917440156324,12282.0,6272.0,551.61,NVIDIA GeForce RTX 4070,[N/A],Enabled,Enabled
1709652369.806029,0,GPU-93ae0c7f-c327-aee3-adae-bc0d1dae71ea,0.36,0.46726917440156324,12282.0,6272.0,551.61,NVIDIA GeForce RTX 4070,[N/A],Enabled,Enabled
1709652370.806581,0,GPU-93ae0c7f-c327-aee3-adae-bc0d1dae71ea,0.42,0.46726917440156324,12282.0,6272.0,551.61,NVIDIA GeForce RTX 4070,[N/A],Enabled,Enabled
1709652371.80687,0,GPU-93ae0c7f-c327-aee3-adae-bc0d1dae71ea,0.39,0.46726917440156324,12282.0,6272.0,551.61,NVIDIA GeForce RTX 4070,[N/A],Enabled,Enabled
1709652372.806381,0,GPU-93ae0c7f-c327-aee3-adae-bc0d1dae71ea,0.41,0.46726917440156324,12282.0,6272.0,551.61,NVIDIA GeForce RTX 4070,[N/A],Enabled,Enabled
1709652373.806646,0,GPU-93ae0c7f-c327-aee3-adae-bc0d1dae71ea,0.39,0.46726917440156324,12282.0,6272.0,551.61,NVIDIA GeForce RTX 4070,[N/A],Enabled,Enabled
1709652374.806692,0,GPU-93ae0c7f-c327-aee3-adae-bc0d1dae71ea,0.37,0.46726917440156324,12282.0,6272.0,551.61,NVIDIA GeForce RTX 4070,[N/A],Enabled,Enabled
1709652375.806025,0,GPU-93ae0c7f-c327-aee3-adae-bc0d1dae71ea,0.38,0.46726917440156324,12282.0,6272.0,551.61,NVIDIA GeForce RTX 4070,[N/A],Enabled,Enabled
1709652376.806817,0,GPU-93ae0c7f-c327-aee3-adae-bc0d1dae71ea,0.36,0.46726917440156324,12282.0,6272.0,551.61,NVIDIA GeForce RTX 4070,[N/A],Enabled,Enabled
1709652377.806161,0,GPU-93ae0c7f-c327-aee3-adae-bc0d1dae71ea,0.39,0.46726917440156324,12282.0,6272.0,551.61,NVIDIA GeForce RTX 4070,[N/A],Enabled,Enabled
1709652378.806226,0,GPU-93ae0c7f-c327-aee3-adae-bc0d1dae71ea,0.37,0.46726917440156324,12282.0,6272.0,551.61,NVIDIA GeForce RTX 4070,[N/A],Enabled,Enabled
1709652379.807242,0,GPU-93ae0c7f-c327-aee3-adae-bc0d1dae71ea,0.37,0.46726917440156324,12282.0,6272.0,551.61,NVIDIA GeForce RTX 4070,[N/A],Enabled,Enabled
1709652380.806057,0,GPU-93ae0c7f-c327-aee3-adae-bc0d1dae71ea,0.39,0.46726917440156324,12282.0,6272.0,551.61,NVIDIA GeForce RTX 4070,[N/A],Enabled,Enabled
1709652381.806061,0,GPU-93ae0c7f-c327-aee3-adae-bc0d1dae71ea,0.38,0.46726917440156324,12282.0,6272.0,551.61,NVIDIA GeForce RTX 4070,[N/A],Enabled,Enabled
1709652382.807204,0,GPU-93ae0c7f-c327-aee3-adae-bc0d1dae71ea,0.4,0.46726917440156324,12282.0,6272.0,551.61,NVIDIA GeForce RTX 4070,[N/A],Enabled,Enabled
1709652383.805925,0,GPU-93ae0c7f-c327-aee3-adae-bc0d1dae71ea,0.35,0.46726917440156324,12282.0,6272.0,551.61,NVIDIA GeForce RTX 4070,[N/A],Enabled,Enabled
1709652384.806471,0,GPU-93ae0c7f-c327-aee3-adae-bc0d1dae71ea,0.36,0.46726917440156324,12282.0,6272.0,551.61,NVIDIA GeForce RTX 4070,[N/A],Enabled,Enabled
1709652385.80656,0,GPU-93ae0c7f-c327-aee3-adae-bc0d1dae71ea,0.38,0.46726917440156324,12282.0,6272.0,551.61,NVIDIA GeForce RTX 4070,[N/A],Enabled,Enabled
1709652386.807405,0,GPU-93ae0c7f-c327-aee3-adae-bc0d1dae71ea,0.36,0.46726917440156324,12282.0,6272.0,551.61,NVIDIA GeForce RTX 4070,[N/A],Enabled,Enabled
1709652387.806174,0,GPU-93ae0c7f-c327-aee3-adae-bc0d1dae71ea,0.36,0.46726917440156324,12282.0,6272.0,551.61,NVIDIA GeForce RTX 4070,[N/A],Enabled,Enabled
1709652388.80591,0,GPU-93ae0c7f-c327-aee3-adae-bc0d1dae71ea,0.41,0.46726917440156324,12282.0,6272.0,551.61,NVIDIA GeForce RTX 4070,[N/A],Enabled,Enabled
1709652389.807055,0,GPU-93ae0c7f-c327-aee3-adae-bc0d1dae71ea,0.4,0.46726917440156324,12282.0,6272.0,551.61,NVIDIA GeForce RTX 4070,[N/A],Enabled,Enabled
1709652390.807386,0,GPU-93ae0c7f-c327-aee3-adae-bc0d1dae71ea,0.37,0.46726917440156324,12282.0,6272.0,551.61,NVIDIA GeForce RTX 4070,[N/A],Enabled,Enabled
1709652391.806918,0,GPU-93ae0c7f-c327-aee3-adae-bc0d1dae71ea,0.36,0.46726917440156324,12282.0,6272.0,551.61,NVIDIA GeForce RTX 4070,[N/A],Enabled,Enabled
1709652392.806545,0,GPU-93ae0c7f-c327-aee3-adae-bc0d1dae71ea,0.38,0.46726917440156324,12282.0,6272.0,551.61,NVIDIA GeForce RTX 4070,[N/A],Enabled,Enabled
1709652393.806654,0,GPU-93ae0c7f-c327-aee3-adae-bc0d1dae71ea,0.38,0.46726917440156324,12282.0,6272.0,551.61,NVIDIA GeForce RTX 4070,[N/A],Enabled,Enabled
1709652394.806221,0,GPU-93ae0c7f-c327-aee3-adae-bc0d1dae71ea,0.4,0.46726917440156324,12282.0,6272.0,551.61,NVIDIA GeForce RTX 4070,[N/A],Enabled,Enabled
1709652395.806501,0,GPU-93ae0c7f-c327-aee3-adae-bc0d1dae71ea,0.38,0.46726917440156324,12282.0,6272.0,551.61,NVIDIA GeForce RTX 4070,[N/A],Enabled,Enabled
1709652396.8063,0,GPU-93ae0c7f-c327-aee3-adae-bc0d1dae71ea,0.4,0.46726917440156324,12282.0,6272.0,551.61,NVIDIA GeForce RTX 4070,[N/A],Enabled,Enabled
1709652397.806454,0,GPU-93ae0c7f-c327-aee3-adae-bc0d1dae71ea,0.38,0.46726917440156324,12282.0,6272.0,551.61,NVIDIA GeForce RTX 4070,[N/A],Enabled,Enabled
1709652398.806906,0,GPU-93ae0c7f-c327-aee3-adae-bc0d1dae71ea,0.39,0.46726917440156324,12282.0,6272.0,551.61,NVIDIA GeForce RTX 4070,[N/A],Enabled,Enabled
1709652399.806098,0,GPU-93ae0c7f-c327-aee3-adae-bc0d1dae71ea,0.39,0.46726917440156324,12282.0,6272.0,551.61,NVIDIA GeForce RTX 4070,[N/A],Enabled,Enabled
1709652400.806673,0,GPU-93ae0c7f-c327-aee3-adae-bc0d1dae71ea,0.37,0.46726917440156324,12282.0,6272.0,551.61,NVIDIA GeForce RTX 4070,[N/A],Enabled,Enabled
1709652401.806109,0,GPU-93ae0c7f-c327-aee3-adae-bc0d1dae71ea,0.39,0.46726917440156324,12282.0,6272.0,551.61,NVIDIA GeForce RTX 4070,[N/A],Enabled,Enabled
1709652402.806617,0,GPU-93ae0c7f-c327-aee3-adae-bc0d1dae71ea,0.37,0.46726917440156324,12282.0,6272.0,551.61,NVIDIA GeForce RTX 4070,[N/A],Enabled,Enabled
1709652403.806852,0,GPU-93ae0c7f-c327-aee3-adae-bc0d1dae71ea,0.39,0.46726917440156324,12282.0,6272.0,551.61,NVIDIA GeForce RTX 4070,[N/A],Enabled,Enabled
1709652404.806733,0,GPU-93ae0c7f-c327-aee3-adae-bc0d1dae71ea,0.41,0.46726917440156324,12282.0,6272.0,551.61,NVIDIA GeForce RTX 4070,[N/A],Enabled,Enabled
1709652405.806074,0,GPU-93ae0c7f-c327-aee3-adae-bc0d1dae71ea,0.39,0.46726917440156324,12282.0,6272.0,551.61,NVIDIA GeForce RTX 4070,[N/A],Enabled,Enabled
1709652406.806322,0,GPU-93ae0c7f-c327-aee3-adae-bc0d1dae71ea,0.4,0.46726917440156324,12282.0,6272.0,551.61,NVIDIA GeForce RTX 4070,[N/A],Enabled,Enabled
1709652407.806193,0,GPU-93ae0c7f-c327-aee3-adae-bc0d1dae71ea,0.4,0.46726917440156324,12282.0,6272.0,551.61,NVIDIA GeForce RTX 4070,[N/A],Enabled,Enabled
1709652408.806052,0,GPU-93ae0c7f-c327-aee3-adae-bc0d1dae71ea,0.41,0.46726917440156324,12282.0,6272.0,551.61,NVIDIA GeForce RTX 4070,[N/A],Enabled,Enabled
1709652409.807154,0,GPU-93ae0c7f-c327-aee3-adae-bc0d1dae71ea,0.4,0.46726917440156324,12282.0,6272.0,551.61,NVIDIA GeForce RTX 4070,[N/A],Enabled,Enabled
1709652410.806356,0,GPU-93ae0c7f-c327-aee3-adae-bc0d1dae71ea,0.37,0.46726917440156324,12282.0,6272.0,551.61,NVIDIA GeForce RTX 4070,[N/A],Enabled,Enabled
1709652411.806048,0,GPU-93ae0c7f-c327-aee3-adae-bc0d1dae71ea,0.41,0.46726917440156324,12282.0,6272.0,551.61,NVIDIA GeForce RTX 4070,[N/A],Enabled,Enabled
1709652412.806476,0,GPU-93ae0c7f-c327-aee3-adae-bc0d1dae71ea,0.38,0.46726917440156324,12282.0,6272.0,551.61,NVIDIA GeForce RTX 4070,[N/A],Enabled,Enabled
1709652413.806177,0,GPU-93ae0c7f-c327-aee3-adae-bc0d1dae71ea,0.4,0.46979319329099495,12282.0,6241.0,551.61,NVIDIA GeForce RTX 4070,[N/A],Enabled,Enabled
1709652414.806683,0,GPU-93ae0c7f-c327-aee3-adae-bc0d1dae71ea,0.42,0.46979319329099495,12282.0,6241.0,551.61,NVIDIA GeForce RTX 4070,[N/A],Enabled,Enabled
1709652415.806364,0,GPU-93ae0c7f-c327-aee3-adae-bc0d1dae71ea,0.4,0.46971177332681974,12282.0,6242.0,551.61,NVIDIA GeForce RTX 4070,[N/A],Enabled,Enabled
1709652416.80609,0,GPU-93ae0c7f-c327-aee3-adae-bc0d1dae71ea,0.38,0.46971177332681974,12282.0,6242.0,551.61,NVIDIA GeForce RTX 4070,[N/A],Enabled,Enabled
1709652417.806399,0,GPU-93ae0c7f-c327-aee3-adae-bc0d1dae71ea,0.37,0.46971177332681974,12282.0,6242.0,551.61,NVIDIA GeForce RTX 4070,[N/A],Enabled,Enabled
1709652418.80629,0,GPU-93ae0c7f-c327-aee3-adae-bc0d1dae71ea,0.37,0.46873473375671715,12282.0,6254.0,551.61,NVIDIA GeForce RTX 4070,[N/A],Enabled,Enabled
1709652419.806803,0,GPU-93ae0c7f-c327-aee3-adae-bc0d1dae71ea,0.38,0.46873473375671715,12282.0,6254.0,551.61,NVIDIA GeForce RTX 4070,[N/A],Enabled,Enabled
1709652420.806941,0,GPU-93ae0c7f-c327-aee3-adae-bc0d1dae71ea,0.4,0.46873473375671715,12282.0,6254.0,551.61,NVIDIA GeForce RTX 4070,[N/A],Enabled,Enabled
1709652421.806783,0,GPU-93ae0c7f-c327-aee3-adae-bc0d1dae71ea,0.39,0.46873473375671715,12282.0,6254.0,551.61,NVIDIA GeForce RTX 4070,[N/A],Enabled,Enabled
1709652422.80632,0,GPU-93ae0c7f-c327-aee3-adae-bc0d1dae71ea,0.37,0.4673505943657385,12282.0,6271.0,551.61,NVIDIA GeForce RTX 4070,[N/A],Enabled,Enabled
1709652423.806183,0,GPU-93ae0c7f-c327-aee3-adae-bc0d1dae71ea,0.38,0.4673505943657385,12282.0,6271.0,551.61,NVIDIA GeForce RTX 4070,[N/A],Enabled,Enabled
1709652424.805924,0,GPU-93ae0c7f-c327-aee3-adae-bc0d1dae71ea,0.36,0.4673505943657385,12282.0,6271.0,551.61,NVIDIA GeForce RTX 4070,[N/A],Enabled,Enabled
1709652425.806591,0,GPU-93ae0c7f-c327-aee3-adae-bc0d1dae71ea,0.36,0.4673505943657385,12282.0,6271.0,551.61,NVIDIA GeForce RTX 4070,[N/A],Enabled,Enabled
1709652426.806288,0,GPU-93ae0c7f-c327-aee3-adae-bc0d1dae71ea,0.4,0.4673505943657385,12282.0,6271.0,551.61,NVIDIA GeForce RTX 4070,[N/A],Enabled,Enabled
1709652427.806553,0,GPU-93ae0c7f-c327-aee3-adae-bc0d1dae71ea,0.38,0.4673505943657385,12282.0,6271.0,551.61,NVIDIA GeForce RTX 4070,[N/A],Enabled,Enabled
1709652428.807355,0,GPU-93ae0c7f-c327-aee3-adae-bc0d1dae71ea,0.36,0.4673505943657385,12282.0,6271.0,551.61,NVIDIA GeForce RTX 4070,[N/A],Enabled,Enabled
1709652429.80708,0,GPU-93ae0c7f-c327-aee3-adae-bc0d1dae71ea,0.36,0.4673505943657385,12282.0,6271.0,551.61,NVIDIA GeForce RTX 4070,[N/A],Enabled,Enabled
1709652430.806768,0,GPU-93ae0c7f-c327-aee3-adae-bc0d1dae71ea,0.4,0.4673505943657385,12282.0,6271.0,551.61,NVIDIA GeForce RTX 4070,[N/A],Enabled,Enabled
1709652431.806227,0,GPU-93ae0c7f-c327-aee3-adae-bc0d1dae71ea,0.36,0.4673505943657385,12282.0,6271.0,551.61,NVIDIA GeForce RTX 4070,[N/A],Enabled,Enabled
1709652432.807505,0,GPU-93ae0c7f-c327-aee3-adae-bc0d1dae71ea,0.38,0.4673505943657385,12282.0,6271.0,551.61,NVIDIA GeForce RTX 4070,[N/A],Enabled,Enabled
1709652433.805874,0,GPU-93ae0c7f-c327-aee3-adae-bc0d1dae71ea,0.36,0.4673505943657385,12282.0,6271.0,551.61,NVIDIA GeForce RTX 4070,[N/A],Enabled,Enabled
1709652434.806594,0,GPU-93ae0c7f-c327-aee3-adae-bc0d1dae71ea,0.4,0.4673505943657385,12282.0,6271.0,551.61,NVIDIA GeForce RTX 4070,[N/A],Enabled,Enabled
1709652435.806863,0,GPU-93ae0c7f-c327-aee3-adae-bc0d1dae71ea,0.39,0.4673505943657385,12282.0,6271.0,551.61,NVIDIA GeForce RTX 4070,[N/A],Enabled,Enabled
1709652436.806306,0,GPU-93ae0c7f-c327-aee3-adae-bc0d1dae71ea,0.4,0.4673505943657385,12282.0,6271.0,551.61,NVIDIA GeForce RTX 4070,[N/A],Enabled,Enabled
1709652437.805948,0,GPU-93ae0c7f-c327-aee3-adae-bc0d1dae71ea,0.37,0.4673505943657385,12282.0,6271.0,551.61,NVIDIA GeForce RTX 4070,[N/A],Enabled,Enabled
1709652438.806087,0,GPU-93ae0c7f-c327-aee3-adae-bc0d1dae71ea,0.39,0.4673505943657385,12282.0,6271.0,551.61,NVIDIA GeForce RTX 4070,[N/A],Enabled,Enabled
1709652439.806291,0,GPU-93ae0c7f-c327-aee3-adae-bc0d1dae71ea,0.36,0.4673505943657385,12282.0,6271.0,551.61,NVIDIA GeForce RTX 4070,[N/A],Enabled,Enabled
1709652440.806271,0,GPU-93ae0c7f-c327-aee3-adae-bc0d1dae71ea,0.37,0.4673505943657385,12282.0,6271.0,551.61,NVIDIA GeForce RTX 4070,[N/A],Enabled,Enabled
1709652441.807277,0,GPU-93ae0c7f-c327-aee3-adae-bc0d1dae71ea,0.4,0.4673505943657385,12282.0,6271.0,551.61,NVIDIA GeForce RTX 4070,[N/A],Enabled,Enabled
1709652442.805949,0,GPU-93ae0c7f-c327-aee3-adae-bc0d1dae71ea,0.4,0.46726917440156324,12282.0,6272.0,551.61,NVIDIA GeForce RTX 4070,[N/A],Enabled,Enabled
1709652443.806878,0,GPU-93ae0c7f-c327-aee3-adae-bc0d1dae71ea,0.38,0.46726917440156324,12282.0,6272.0,551.61,NVIDIA GeForce RTX 4070,[N/A],Enabled,Enabled
1709652444.806875,0,GPU-93ae0c7f-c327-aee3-adae-bc0d1dae71ea,0.39,0.46726917440156324,12282.0,6272.0,551.61,NVIDIA GeForce RTX 4070,[N/A],Enabled,Enabled
1709652445.806465,0,GPU-93ae0c7f-c327-aee3-adae-bc0d1dae71ea,0.36,0.46726917440156324,12282.0,6272.0,551.61,NVIDIA GeForce RTX 4070,[N/A],Enabled,Enabled
1709652446.806627,0,GPU-93ae0c7f-c327-aee3-adae-bc0d1dae71ea,0.39,0.46726917440156324,12282.0,6272.0,551.61,NVIDIA GeForce RTX 4070,[N/A],Enabled,Enabled
1709652447.806022,0,GPU-93ae0c7f-c327-aee3-adae-bc0d1dae71ea,0.38,0.46726917440156324,12282.0,6272.0,551.61,NVIDIA GeForce RTX 4070,[N/A],Enabled,Enabled
1709652448.806066,0,GPU-93ae0c7f-c327-aee3-adae-bc0d1dae71ea,0.39,0.46726917440156324,12282.0,6272.0,551.61,NVIDIA GeForce RTX 4070,[N/A],Enabled,Enabled
1709652449.806319,0,GPU-93ae0c7f-c327-aee3-adae-bc0d1dae71ea,0.39,0.46726917440156324,12282.0,6272.0,551.61,NVIDIA GeForce RTX 4070,[N/A],Enabled,Enabled
1709652450.80669,0,GPU-93ae0c7f-c327-aee3-adae-bc0d1dae71ea,0.37,0.46726917440156324,12282.0,6272.0,551.61,NVIDIA GeForce RTX 4070,[N/A],Enabled,Enabled
1709652451.806903,0,GPU-93ae0c7f-c327-aee3-adae-bc0d1dae71ea,0.36,0.46726917440156324,12282.0,6272.0,551.61,NVIDIA GeForce RTX 4070,[N/A],Enabled,Enabled
1709652452.806264,0,GPU-93ae0c7f-c327-aee3-adae-bc0d1dae71ea,0.37,0.46726917440156324,12282.0,6272.0,551.61,NVIDIA GeForce RTX 4070,[N/A],Enabled,Enabled
1709652453.80629,0,GPU-93ae0c7f-c327-aee3-adae-bc0d1dae71ea,0.39,0.46726917440156324,12282.0,6272.0,551.61,NVIDIA GeForce RTX 4070,[N/A],Enabled,Enabled
1709652454.805788,0,GPU-93ae0c7f-c327-aee3-adae-bc0d1dae71ea,0.37,0.46726917440156324,12282.0,6272.0,551.61,NVIDIA GeForce RTX 4070,[N/A],Enabled,Enabled
1709652455.806251,0,GPU-93ae0c7f-c327-aee3-adae-bc0d1dae71ea,0.39,0.46726917440156324,12282.0,6272.0,551.61,NVIDIA GeForce RTX 4070,[N/A],Enabled,Enabled
1709652456.806711,0,GPU-93ae0c7f-c327-aee3-adae-bc0d1dae71ea,0.38,0.46726917440156324,12282.0,6272.0,551.61,NVIDIA GeForce RTX 4070,[N/A],Enabled,Enabled
1709652457.806663,0,GPU-93ae0c7f-c327-aee3-adae-bc0d1dae71ea,0.36,0.46726917440156324,12282.0,6272.0,551.61,NVIDIA GeForce RTX 4070,[N/A],Enabled,Enabled
1709652458.80712,0,GPU-93ae0c7f-c327-aee3-adae-bc0d1dae71ea,0.37,0.46726917440156324,12282.0,6272.0,551.61,NVIDIA GeForce RTX 4070,[N/A],Enabled,Enabled
1709652459.805813,0,GPU-93ae0c7f-c327-aee3-adae-bc0d1dae71ea,0.38,0.46726917440156324,12282.0,6272.0,551.61,NVIDIA GeForce RTX 4070,[N/A],Enabled,Enabled
1709652460.806397,0,GPU-93ae0c7f-c327-aee3-adae-bc0d1dae71ea,0.38,0.46726917440156324,12282.0,6272.0,551.61,NVIDIA GeForce RTX 4070,[N/A],Enabled,Enabled
1709652461.807131,0,GPU-93ae0c7f-c327-aee3-adae-bc0d1dae71ea,0.38,0.46726917440156324,12282.0,6272.0,551.61,NVIDIA GeForce RTX 4070,[N/A],Enabled,Enabled
1709652462.806801,0,GPU-93ae0c7f-c327-aee3-adae-bc0d1dae71ea,0.36,0.46726917440156324,12282.0,6272.0,551.61,NVIDIA GeForce RTX 4070,[N/A],Enabled,Enabled
1709652463.806582,0,GPU-93ae0c7f-c327-aee3-adae-bc0d1dae71ea,0.36,0.46726917440156324,12282.0,6272.0,551.61,NVIDIA GeForce RTX 4070,[N/A],Enabled,Enabled
1709652464.805667,0,GPU-93ae0c7f-c327-aee3-adae-bc0d1dae71ea,0.36,0.46726917440156324,12282.0,6272.0,551.61,NVIDIA GeForce RTX 4070,[N/A],Enabled,Enabled
1709652465.807009,0,GPU-93ae0c7f-c327-aee3-adae-bc0d1dae71ea,0.33,0.46726917440156324,12282.0,6272.0,551.61,NVIDIA GeForce RTX 4070,[N/A],Enabled,Enabled
1709652466.806253,0,GPU-93ae0c7f-c327-aee3-adae-bc0d1dae71ea,0.32,0.46417521576290505,12282.0,6310.0,551.61,NVIDIA GeForce RTX 4070,[N/A],Enabled,Enabled
1709652467.806504,0,GPU-93ae0c7f-c327-aee3-adae-bc0d1dae71ea,0.32,0.46417521576290505,12282.0,6310.0,551.61,NVIDIA GeForce RTX 4070,[N/A],Enabled,Enabled
1709652468.806421,0,GPU-93ae0c7f-c327-aee3-adae-bc0d1dae71ea,0.32,0.46417521576290505,12282.0,6310.0,551.61,NVIDIA GeForce RTX 4070,[N/A],Enabled,Enabled
1709652469.807063,0,GPU-93ae0c7f-c327-aee3-adae-bc0d1dae71ea,0.31,0.4594528578407425,12282.0,6368.0,551.61,NVIDIA GeForce RTX 4070,[N/A],Enabled,Enabled
1709652470.806312,0,GPU-93ae0c7f-c327-aee3-adae-bc0d1dae71ea,0.3,0.46417521576290505,12282.0,6310.0,551.61,NVIDIA GeForce RTX 4070,[N/A],Enabled,Enabled
1709652471.806895,0,GPU-93ae0c7f-c327-aee3-adae-bc0d1dae71ea,0.29,0.4594528578407425,12282.0,6368.0,551.61,NVIDIA GeForce RTX 4070,[N/A],Enabled,Enabled
1709652472.806503,0,GPU-93ae0c7f-c327-aee3-adae-bc0d1dae71ea,0.3,0.4594528578407425,12282.0,6368.0,551.61,NVIDIA GeForce RTX 4070,[N/A],Enabled,Enabled
1709652473.806186,0,GPU-93ae0c7f-c327-aee3-adae-bc0d1dae71ea,0.29,0.4594528578407425,12282.0,6368.0,551.61,NVIDIA GeForce RTX 4070,[N/A],Enabled,Enabled
1709652474.806212,0,GPU-93ae0c7f-c327-aee3-adae-bc0d1dae71ea,0.3,0.4594528578407425,12282.0,6368.0,551.61,NVIDIA GeForce RTX 4070,[N/A],Enabled,Enabled
1709652475.806361,0,GPU-93ae0c7f-c327-aee3-adae-bc0d1dae71ea,0.3,0.4594528578407425,12282.0,6368.0,551.61,NVIDIA GeForce RTX 4070,[N/A],Enabled,Enabled
1709652476.806386,0,GPU-93ae0c7f-c327-aee3-adae-bc0d1dae71ea,0.31,0.4594528578407425,12282.0,6368.0,551.61,NVIDIA GeForce RTX 4070,[N/A],Enabled,Enabled
1709652477.806664,0,GPU-93ae0c7f-c327-aee3-adae-bc0d1dae71ea,0.3,0.4594528578407425,12282.0,6368.0,551.61,NVIDIA GeForce RTX 4070,[N/A],Enabled,Enabled
1709652478.805875,0,GPU-93ae0c7f-c327-aee3-adae-bc0d1dae71ea,0.31,0.4594528578407425,12282.0,6368.0,551.61,NVIDIA GeForce RTX 4070,[N/A],Enabled,Enabled
1709652479.806026,0,GPU-93ae0c7f-c327-aee3-adae-bc0d1dae71ea,0.3,0.4594528578407425,12282.0,6368.0,551.61,NVIDIA GeForce RTX 4070,[N/A],Enabled,Enabled
1709652480.806033,0,GPU-93ae0c7f-c327-aee3-adae-bc0d1dae71ea,0.31,0.4594528578407425,12282.0,6368.0,551.61,NVIDIA GeForce RTX 4070,[N/A],Enabled,Enabled
1709652481.80618,0,GPU-93ae0c7f-c327-aee3-adae-bc0d1dae71ea,0.3,0.4594528578407425,12282.0,6368.0,551.61,NVIDIA GeForce RTX 4070,[N/A],Enabled,Enabled
1709652482.80675,0,GPU-93ae0c7f-c327-aee3-adae-bc0d1dae71ea,0.31,0.4594528578407425,12282.0,6368.0,551.61,NVIDIA GeForce RTX 4070,[N/A],Enabled,Enabled
1709652483.806399,0,GPU-93ae0c7f-c327-aee3-adae-bc0d1dae71ea,0.3,0.4594528578407425,12282.0,6368.0,551.61,NVIDIA GeForce RTX 4070,[N/A],Enabled,Enabled
1709652484.806521,0,GPU-93ae0c7f-c327-aee3-adae-bc0d1dae71ea,0.32,0.4594528578407425,12282.0,6368.0,551.61,NVIDIA GeForce RTX 4070,[N/A],Enabled,Enabled
1709652485.806421,0,GPU-93ae0c7f-c327-aee3-adae-bc0d1dae71ea,0.3,0.4594528578407425,12282.0,6368.0,551.61,NVIDIA GeForce RTX 4070,[N/A],Enabled,Enabled
1709652486.806543,0,GPU-93ae0c7f-c327-aee3-adae-bc0d1dae71ea,0.32,0.4594528578407425,12282.0,6368.0,551.61,NVIDIA GeForce RTX 4070,[N/A],Enabled,Enabled
1709652487.806175,0,GPU-93ae0c7f-c327-aee3-adae-bc0d1dae71ea,0.3,0.4594528578407425,12282.0,6368.0,551.61,NVIDIA GeForce RTX 4070,[N/A],Enabled,Enabled
1709652488.806005,0,GPU-93ae0c7f-c327-aee3-adae-bc0d1dae71ea,0.31,0.4594528578407425,12282.0,6368.0,551.61,NVIDIA GeForce RTX 4070,[N/A],Enabled,Enabled
1709652489.80633,0,GPU-93ae0c7f-c327-aee3-adae-bc0d1dae71ea,0.3,0.4594528578407425,12282.0,6368.0,551.61,NVIDIA GeForce RTX 4070,[N/A],Enabled,Enabled
1709652490.806376,0,GPU-93ae0c7f-c327-aee3-adae-bc0d1dae71ea,0.31,0.4594528578407425,12282.0,6368.0,551.61,NVIDIA GeForce RTX 4070,[N/A],Enabled,Enabled
1709652491.805915,0,GPU-93ae0c7f-c327-aee3-adae-bc0d1dae71ea,0.3,0.4594528578407425,12282.0,6368.0,551.61,NVIDIA GeForce RTX 4070,[N/A],Enabled,Enabled
1709652492.806666,0,GPU-93ae0c7f-c327-aee3-adae-bc0d1dae71ea,0.11,0.26225370460837,12282.0,8790.0,551.61,NVIDIA GeForce RTX 4070,[N/A],Enabled,Enabled
1709652493.806635,0,GPU-93ae0c7f-c327-aee3-adae-bc0d1dae71ea,0.16,0.26225370460837,12282.0,8790.0,551.61,NVIDIA GeForce RTX 4070,[N/A],Enabled,Enabled
1709652494.806579,0,GPU-93ae0c7f-c327-aee3-adae-bc0d1dae71ea,0.16,0.26225370460837,12282.0,8790.0,551.61,NVIDIA GeForce RTX 4070,[N/A],Enabled,Enabled
1709652495.806258,0,GPU-93ae0c7f-c327-aee3-adae-bc0d1dae71ea,0.16,0.26225370460837,12282.0,8790.0,551.61,NVIDIA GeForce RTX 4070,[N/A],Enabled,Enabled
